40410.81905393541	750	4.0	3.894172653669693	450283	3894.172653669693	-15.994942410779679
40412.38325119344	300	6.435802741967533	0.0	155580	1564.1972580324662	-0.15000000000000002
40413.93671605642	300	8.88233787898628	0.0	139857	1553.4648629812543	0.3
40415.7896733107	300	11.029380624707805	0.0	155432	1852.957254278475	0.3
40417.23927258215	300	13.579781353250919	0.0	163442	1449.599271456885	0.3
40420.22115289287	750	14.597901042535824	0.0	318564	2981.8803107150934	0.3
40422.74755999802	750	16.07149393737918	0.0	352642	2526.407105156643	0.75
40425.951428088076	750	16.867625847323602	0.0	437162	3203.868090055581	0.75
40428.63750605435	750	18.181547881050943	0.0	374758	2686.07796627266	0.75
40432.60081171938	1200	18.218242216019426	0.0	560821	3963.3056650315175	0.75
40437.214530894526	1200	17.604523040874607	0.0	607410	4613.719175144819	1.2
40440.389395973245	750	18.42965796215529	0.0	405134	3174.865078719317	0.3
40443.15077859145	750	19.668275343943584	0.0	386351	2761.3826182117023	0.75
40447.700083595955	1200	19.118970339445546	0.0	687371	4549.305004498036	0.75
40451.12074625825	1200	19.69830767715001	0.0	526950	3420.662662295537	1.2
40455.32907211998	1200	19.489981815422595	0.0	587876	4208.325861727413	1.2
40460.421786980434	1200	18.39726695496931	0.0	617242	5092.714860453286	1.2
40464.030886978355	750	18.78816695704461	0.0	372963	3609.0999979246976	0.3
40467.40038972009	750	19.41866421531359	0.0	405596	3369.5027417310216	0.75
40470.64832102508	750	20.170732910320183	0.0	350713	3247.9313049934053	0.75
40474.51199406724	750	20.307059868165496	0.0	386472	3863.6730421546877	0.75
40480.08360328622	750	18.735450649184056	0.0	399894	5571.609218981442	0.75
40481.83624308432	300	20.98281085108736	0.0	163927	1752.6397980966933	-0.15000000000000002
40484.74059036702	750	22.07846356838643	0.0	343800	2904.3472827009323	0.3
40489.54185234234	1200	21.277201593060248	0.0	587236	4801.261975326182	0.75
40494.52156346067	1200	20.297490474733888	0.0	590335	4979.711118326359	1.2
40500.06994740833	1200	18.74910652707221	0.0	696376	5548.383947661679	1.2
40502.37870938073	750	20.440344554677534	0.0	277716	2308.7619723946755	0.3
40507.26777197864	1200	19.55128195676947	0.0	622896	4889.062597908067	0.75
40511.76370103719	1200	19.055352898214586	0.0	641447	4495.929058554879	1.2
40516.47160538481	1200	18.347448550591416	0.0	570392	4707.904347623172	1.2
40520.14093894353	750	18.678114991876523	0.0	400322	3669.3335587148954	0.3
40523.662568473235	750	19.156485462166536	0.0	369834	3521.6295297099878	0.75
40526.68687423575	750	20.132179699651136	0.0	412837	3024.305762515399	0.75
40531.612308991906	1200	19.206744943490566	0.0	690253	4925.434756160574	0.75
40537.00367781854	1200	17.815376116860264	0.0	598727	5391.368826630301	1.2
40540.07717391053	750	18.741880024862947	0.0	321064	3073.496091997314	0.3
40543.36388636627	750	19.455167569131255	0.0	361565	3286.7124557316915	0.75
40547.55084120685	750	19.268212728551838	0.0	378327	4186.954840579419	0.75
40551.25578736279	750	19.56326657260666	0.0	390680	3704.946155945175	0.75
40554.620781279664	750	20.198272655737842	0.0	345516	3364.9939168688206	0.75
40558.393539612436	750	20.425514322960435	0.0	384505	3772.758332777403	0.75
40562.040169792774	750	20.77888414262281	0.0	372093	3646.630180337627	0.75
40565.89604004253	750	20.923013892868322	0.0	438281	3855.870249754487	0.75
40569.657991235545	750	21.161062699848536	0.0	398987	3761.951193019788	0.75
40572.88035588752	750	21.938698047872887	0.0	393804	3222.3646519756476	0.75
40577.15557960051	1200	21.66347433488194	0.0	538612	4275.223712990947	0.75
40582.44051214696	1200	20.378541788437364	0.0	550906	5284.9325464445765	1.2

