40755.17656138636	750	4.0	2.7466765770630146	450283	2746.6765770630145	-11.060709281370963
40756.53678426946	300	6.639777116905003	0.0	155580	1360.222883094997	-0.15000000000000002
40757.70727455181	300	9.4692868345546	0.0	139857	1170.4902823504037	0.3
40758.97081177364	300	12.205749612724821	0.0	155432	1263.537221829778	0.3
40761.89249441101	750	13.284066975347859	0.0	411561	2921.682637376964	0.3
40764.0130947751	750	15.163466611255688	0.0	318564	2120.60036409217	0.75
40766.60848026137	750	16.568081124987103	0.0	352642	2595.3854862685857	0.75
40769.778288229965	750	17.39827315639479	0.0	437162	3169.807968592314	0.75
40772.35554493524	750	18.821016451118776	0.0	374758	2577.2567052760123	0.75
40776.50148170713	1200	18.67507967923441	0.0	560821	4145.936771884362	0.75
40781.05743782863	1200	18.119123557731758	0.0	607410	4555.956121502655	1.2
40785.15146608443	1200	18.02509530192365	0.0	594078	4094.0282558081094	1.2
40790.79134212789	1200	16.385219258462197	0.0	624282	5639.876043461454	1.2
40794.19572274931	750	16.98083863704833	0.0	434409	3404.380621413868	0.3
40796.79335394283	750	18.383207443532097	0.0	337059	2597.631193516232	0.75
40800.47459249877	750	18.701968887589803	0.0	366214	3681.2385559422955	0.75
40804.18672998856	750	18.989831397803165	0.0	360831	3712.1374897866363	0.75
40808.78960038348	750	18.386961002879655	0.0	372963	4602.870394923509	0.75
40811.001664231866	300	20.1748971544933	0.0	165384	2212.063848386354	-0.15000000000000002
40814.55017280366	750	20.62638858269845	0.0	350713	3548.5085717948505	0.3
40817.76960377951	750	21.40695760684999	0.0	386472	3219.430975848464	0.75
40822.36910781506	1200	20.807453571304986	0.0	616206	4599.504035545003	0.75
40828.12712169291	1200	19.049439693454136	0.0	656471	5758.01387785085	1.2
40830.853211920476	750	20.32334946588735	0.0	343800	2726.0902275667877	0.3
40835.102192681	1200	20.07436870536455	0.0	587236	4248.980760522802	0.75
40839.23910235242	1200	19.93745903394524	0.0	590335	4136.909671419307	1.2
40844.671168158166	1200	18.505393228193483	0.0	696376	5432.0658057517585	1.2
40846.912507146495	750	20.264054239866102	0.0	277716	2241.3389883273817	0.3
40851.485646187364	1200	19.69091519899052	0.0	622896	4573.139040875578	0.75
40856.00906154198	1200	19.167499844371807	0.0	641447	4523.415354618717	1.2
40861.5325813281	1200	17.643980058249063	0.0	570392	5523.5197861227425	1.2
40866.12599973194	750	17.05056165441024	0.0	400322	4593.418403838822	0.3
40867.55547009988	300	19.621091286481818	0.0	143881	1429.4703679284262	-0.15000000000000002
40871.757903756996	750	19.418657629359917	0.0	412837	4202.433657121899	0.3
40874.965567912106	750	20.210993474252714	0.0	401088	3207.6641551072034	0.75
40880.12228715711	1200	19.054274229250463	0.0	598727	5156.719245002254	0.75
40882.634521091335	750	20.54204029502635	0.0	321064	2512.233934224114	0.3
40887.14782435405	1200	20.02873703231929	0.0	575591	4513.303262707057	0.75
40893.64614456429	1200	17.530416822069338	0.0	605884	6498.320210249951	1.2
40896.92308369116	750	18.25347769520815	0.0	390680	3276.9391268611853	0.3
40899.70020758971	750	19.476353796656554	0.0	345516	2777.1238985516	0.75
40907.94689573903	1200	15.229665647339138	0.0	641452	8246.688149317415	0.75
40911.08526989439	300	16.091291491972854	0.0	145210	3138.3741553662862	-0.6000000000000001
40915.1415219523	300	16.035039434070782	0.0	172312	4056.2520579020684	0.3
40916.92957233872	300	18.246989047651084	0.0	167025	1788.0503864196978	0.3
40920.57878006337	750	18.597781323000554	0.0	393804	3649.2077246505332	0.3
40923.610875506434	750	19.565685879935216	0.0	331053	3032.0954430653373	0.75
40926.22909396624	750	20.947467420128937	0.0	314107	2618.2184598062763	0.75

