42614.36962150632	750	4.0	2.4131422276550993	450283	2413.1422276550993	-9.626511578916928
42615.66934617728	300	6.700275329039221	0.0	155580	1299.7246709607784	-0.15000000000000002
42616.95767391253	300	9.411947593784637	0.0	139857	1288.3277352545854	0.3
42621.556198534985	1200	8.81342297133135	0.0	617681	4598.524622453287	0.29999999999999993
42624.28698641391	750	10.08263509241873	0.0	411561	2730.7878789126203	0.3
42628.14246524258	1200	10.227156263743211	0.0	520315	3855.478828675519	0.75
42632.033767323665	1200	10.335854182655847	0.0	561791	3891.3020810873645	1.2
42636.97520977782	1200	9.39441172850756	0.0	709534	4941.442454148287	1.2
42641.495409878575	1200	8.874211627747268	0.0	584846	4520.20010076029	1.2
42644.13517236047	750	10.234449145856706	0.0	362795	2639.7624818905624	0.3
42648.24427489452	1200	10.125346611798465	0.0	607410	4109.102534058243	0.75
42652.11899254082	1200	10.250628965497157	0.0	594078	3874.717646301308	1.2
42656.65520405364	1200	9.714417452680168	0.0	624282	4536.211512816989	1.2
42661.828584001334	1200	8.541037504986326	0.0	687371	5173.379947693844	1.2
42666.156803027065	750	8.212818479256471	0.0	337059	4328.2190257298535	0.3
42668.966471491716	750	9.40315001460489	0.0	366214	2809.6684646515823	0.75
42672.79305816101	1200	9.576563345309271	0.0	617242	3826.586669295619	0.75
42677.95938437367	1200	8.410237132646337	0.0	581493	5166.326212662934	1.2
42681.72854647691	750	8.641075029413114	0.0	405596	3769.1621032332228	0.3
42684.671666794406	750	9.697954711918703	0.0	350713	2943.120317494411	0.75
42690.71958634196	1200	7.650035164358389	0.0	601738	6047.919547560314	0.75
42695.24908567459	750	7.120535831732533	0.0	399894	4529.499332625856	0.3
42700.51389018434	750	5.855731321986764	0.0	401853	5264.804509745769	0.75
42702.26783377902	300	8.101787727299651	0.0	137654	1753.9435946871115	-0.15000000000000002
42706.35661394376	750	8.013007562559412	0.0	359903	4088.780164740239	0.3
42710.532222696245	750	7.837398810075452	0.0	379700	4175.60875248396	0.75
42714.45340197692	750	7.916219529399352	0.0	425781	3921.1792806761	0.75
42717.19550789079	750	9.174113615529228	0.0	277716	2742.105913870124	0.75
42723.92973398453	1200	6.439887521791764	0.0	622896	6734.226093737464	0.75
42725.54286325575	300	8.826758250567309	0.0	149029	1613.1292712244551	-0.6000000000000001
42729.8665722219	750	8.503049284422591	0.0	358218	4323.708966144717	0.3
42734.045068110274	750	8.324553396048977	0.0	400322	4178.495888373615	0.75
42737.18901871519	750	9.180602791130525	0.0	369834	3143.950604918453	0.75
42742.72315862905	1200	7.646462877266445	0.0	670129	5534.13991386408	0.75
42745.84760642343	750	8.52201508288657	0.0	401088	3124.4477943798756	0.3
42748.87826288606	750	9.49135862026227	0.0	365161	3030.6564626242994	0.75
42753.170085591206	1200	9.199535915115572	0.0	487812	4291.822705146697	0.75
42759.53180800173	1200	6.837813504587422	0.0	575591	6361.722410528149	1.2
42760.972872791725	300	9.396748714597056	0.0	144254	1441.0647899903663	-0.6000000000000001
42767.060256835975	1200	7.309364670347252	0.0	587506	6087.384044249803	0.29999999999999993
42770.907259504915	750	7.462362001408202	0.0	345516	3847.0026689390497	0.3
42774.40646527376	750	7.963156232562817	0.0	384505	3499.205768845386	0.75
42778.08730675811	750	8.282314748208165	0.0	372093	3680.8414843546498	0.75
42781.82877088777	750	8.540850618549342	0.0	438281	3741.4641296588243	0.75
42785.446229293135	750	8.923392213178595	0.0	398987	3617.458405370747	0.75
42792.03755434609	750	6.332067160224657	0.0	393804	6591.325052953938	0.75
42796.21299935494	300	6.156622151382356	0.0	137507	4175.445008842301	-0.15000000000000002
42798.255958751215	300	8.113662755103332	0.0	118421	2042.959396279023	0.3

