576.347235891729	750	4.0	1.661300867963679	450283	1661.300867963679	-6.393593732243819
579.4014546814101	1200	4.945781210318856	0.0	611087	3054.218789681144	0.75
581.9892463295871	1200	6.357989562141853	0.0	571051	2587.7916481770035	1.2
584.8826833109101	1200	7.464552580818852	0.0	617681	2893.436981323001	1.2
594.0737751531493	1200	4.0	1.7265392614202901	652874	9191.091842239142	-6.224118824107247
594.8773048457969	300	7.19647030735237	0.0	126289	803.5296926476301	-0.6000000000000001
595.9566434214096	300	10.117131731739708	0.0	153295	1079.3385756126613	0.3
597.0301783324851	300	13.04359682066405	0.0	173849	1073.5349110756586	0.3
598.0302968839015	300	16.043478269247586	0.0	150710	1000.1185514164644	0.3
598.9258534385325	300	19.147921714616743	0.0	139105	895.5565546308429	0.3
602.6157150572585	1200	19.458060095890694	0.0	607410	3689.86161872605	0.29999999999999993
607.337932083869	1200	18.735843069280207	0.0	594078	4722.217026610489	1.2
611.2247440679545	1200	18.849031085194714	0.0	624282	3886.811984085494	1.2
615.9421550867888	1850	18.131620066360348	0.0	1036454	4717.411018834365	1.2000000000000002
620.3106553665192	1850	17.763119786629986	0.0	821631	4368.500279730366	1.85
625.310555476567	1850	16.763219676582384	0.0	923170	4999.9001100476025	1.85
633.2456179674708	1850	12.82815718567845	0.0	966699	7935.062490903932	1.85
643.3990201280675	1850	6.674755025081728	0.0	885714	10153.402160596723	1.85
645.9714993565102	750	8.10227579663896	0.0	405596	2572.479228442767	-0.3500000000000001
648.5018122862422	750	9.57196286690705	0.0	350713	2530.3129297319106	0.75
650.7161454468159	750	11.357629706333329	0.0	386472	2214.333160573721	0.75
653.1955703071571	750	12.87820484599211	0.0	399894	2479.4248603412198	0.75
655.0629002543228	750	15.010874898826465	0.0	401853	1867.3299471656446	0.75
657.7606019590372	750	16.313173194112004	0.0	343800	2697.7017047144604	0.75
660.7190030116592	1200	17.354772141489985	0.0	587236	2958.4010526220195	0.75
662.6991246147892	1200	19.37465053836011	0.0	590335	1980.1216031298761	1.2
667.2702596533348	1850	18.803515499814434	0.0	1076599	4571.135038545675	1.2000000000000002
670.8846737122265	1850	19.189101440922876	0.0	758197	3614.414058891558	1.85
677.0611804767224	1850	17.012594676426875	0.0	972798	6176.5067644960045	1.85
682.4394470934353	1850	15.634328059714022	0.0	975811	5378.266616712852	1.85
687.8815745363114	1850	14.192200616837901	0.0	873429	5442.127442876122	1.85
693.281054429084	1850	12.792720724065378	0.0	954453	5399.479892772524	1.85
696.7891805989142	1850	13.284594554235209	0.0	885062	3508.126169830168	1.85
700.6788833234323	1850	13.394891829717098	0.0	1035329	3889.702724518111	1.85
703.8666402536959	1850	14.207134899453447	0.0	1026056	3187.7569302636516	1.85
708.1775466975405	1850	13.896228455608885	0.0	943942	4310.906443844562	1.85
713.1717643986098	1850	12.902010754539551	0.0	728962	4994.217701069333	1.85
716.8946459744699	1850	13.179129178679483	0.0	938587	3722.8815758600676	1.85
720.5801992574034	1850	13.493575895745904	0.0	908665	3685.553282933578	1.85
724.0299539852423	1850	14.043821167906957	0.0	930577	3449.754727838947	1.85
727.4434417219594	1850	14.63033343118981	0.0	858450	3413.4877367171484	1.85
731.6736992056625	1850	14.400075947486696	0.0	1025005	4230.257483703111	1.85
735.6244577784696	1850	14.449317374679538	0.0	886255	3950.7585728071595	1.85
751.5622381645779	1850	4.0	1.4884630114287976	973972	15937.780386108336	-4.550390949143829
752.849130794464	300	6.713107370113921	0.0	167025	1286.8926298860786	-1.25
754.0553780514274	300	9.506860113150557	0.0	160064	1206.2472569633642	0.3
754.9727755900267	300	12.589462574551359	0.0	137507	917.3975385991985	0.3
756.8570898440641	750	14.705148320513741	0.0	314107	1884.314254037617	0.3

