41041.195081151796	750	4.0	2.7466765770630146	450283	2746.6765770630145	-11.060709281370963
41042.5553040349	300	6.639777116905003	0.0	155580	1360.222883094997	-0.15000000000000002
41043.725794317244	300	9.4692868345546	0.0	139857	1170.4902823504037	0.3
41044.98933153907	300	12.205749612724821	0.0	155432	1263.537221829778	0.3
41046.27463734293	300	14.92044380887056	0.0	163442	1285.3058038542597	0.3
41048.5216018874	750	16.673479264399624	0.0	318564	2246.9645444709367	0.3
41050.737766568076	750	18.45731458371516	0.0	352642	2216.164680684467	0.75
41053.942740390165	750	19.252340761631388	0.0	437162	3204.9738220837708	0.75
41058.080195159535	1200	19.114885992269077	0.0	584846	4137.4547693623135	0.75
41062.2753381952	1200	18.919742956603404	0.0	560821	4195.143035665671	1.2
41064.90070366926	750	20.294377482543002	0.0	353220	2625.365474060404	0.3
41069.14347830625	1200	20.05160284555384	0.0	594078	4242.774636989159	0.75
41074.58675809829	1200	18.608323053514134	0.0	624282	5443.279792039705	1.2
41079.94943721325	1200	17.245643938557354	0.0	687371	5362.679114956782	1.2
41082.508049081225	750	18.687032070575157	0.0	337059	2558.611867982194	0.3
41088.507048358384	1200	16.68803279342081	0.0	587876	5998.999277154346	0.75
41092.24220029921	750	16.952880852588784	0.0	360831	3735.151940832027	0.3
41097.13373259717	750	16.061348554627852	0.0	372963	4891.53229796093	0.75
41100.996734329165	750	16.198346822634633	0.0	405596	3863.0017319932217	0.75
41103.918323009675	750	17.27675814212212	0.0	350713	2921.5886805125133	0.75
41106.86814257794	750	18.32693857385571	0.0	386472	2949.8195682664104	0.75
41112.1045444322	1200	17.090536719600852	0.0	616206	5236.40185425486	0.75
41115.44795286793	750	17.747128283865514	0.0	401853	3343.4084357353395	0.3
41118.004982862105	750	19.19009828969087	0.0	343800	2557.029994174644	0.75
41122.37300698148	1200	18.822074170324164	0.0	587236	4368.024119366704	0.75
41126.67984825091	1200	18.515232900892432	0.0	590335	4306.841269431734	1.2
41129.9073281356	750	19.28775301619742	0.0	425781	3227.4798846950125	0.3
41132.00274269349	750	21.192338458305322	0.0	277716	2095.414557892097	0.75
41136.71369876407	1200	20.48138238772587	0.0	622896	4710.956070579454	0.75
41141.235848114775	1200	19.959233037022408	0.0	641447	4522.14935070346	1.2
41146.538511561965	1200	18.65656958982911	0.0	570392	5302.663447193295	1.2
41153.1756947547	1200	16.019386397099883	0.0	620283	6637.183192729229	1.2
41157.138254431105	750	16.05682672068823	0.0	369834	3962.559676411655	0.3
41160.419064117785	750	16.7760170340098	0.0	412837	3280.809686678428	0.75
41164.07066846678	750	17.124412685006618	0.0	401088	3651.604349003186	0.75
41166.93080761665	750	18.264273535142756	0.0	365161	2860.1391498638613	0.75
41170.7188702352	1200	18.47621091659585	0.0	487812	3788.0626185469046	0.75
41176.15495893334	1200	17.040122218452087	0.0	575591	5436.08869814376	1.2
41180.109346231184	750	17.085734920605532	0.0	378327	3954.387297846555	0.3
41183.34694139199	750	17.84813975980215	0.0	390680	3237.595160803382	0.75
41186.08928600019	750	19.105795151601843	0.0	345516	2742.344608200307	0.75
41189.981353819494	750	19.21372733229701	0.0	384505	3892.067819304834	0.75
41201.80274200762	1200	11.392339144175002	0.0	599477	11821.388188122008	0.75
41203.63393659909	300	13.561144552702974	0.0	172312	1831.1945914720288	-0.6000000000000001
41207.351518614196	750	13.843562537602047	0.0	398987	3717.5820151009266	0.3
41210.761895879805	750	14.433185271990816	0.0	393804	3410.377265611233	0.75
41213.46267155065	750	15.732409601139054	0.0	331053	2700.775670851762	0.75
41216.573976430176	750	16.62110472161187	0.0	314107	3111.3048795271816	0.75

