3980.562956461814	750	4.0	2.0826286555936395	450283	2082.6286555936395	-8.205303219052649
3982.0438432495557	300	6.519113212257945	0.0	155580	1480.8867877420548	-0.15000000000000002
3983.2959229488106	300	9.267033513003017	0.0	139857	1252.0796992549272	0.3
3984.751879294746	300	11.811077167068047	0.0	155432	1455.9563459349713	0.3
3986.1701382712768	300	14.392818190536909	0.0	163442	1418.2589765311377	0.3
3988.584857481284	750	15.978098980529637	0.0	318564	2414.719210007272	0.3
3991.229200246408	750	17.33375621540594	0.0	352642	2644.342765123697	0.75
3994.1250540150045	750	18.437902446808824	0.0	437162	2895.853768597115	0.75
3998.992325590418	1200	17.570630871395174	0.0	584846	4867.271575413652	0.75
4001.572815964464	750	18.990140497349444	0.0	362795	2580.490374045731	0.3
4009.892842689459	750	14.670113772354188	0.0	353220	8320.026724995254	0.75
4017.3316695343	750	11.231286927513557	0.0	405134	7438.8268448406325	0.75
4019.5257780017114	300	13.037178460102258	0.0	160746	2194.1084674112985	-0.15000000000000002
4025.404338171956	750	11.158618289857245	0.0	434409	5878.560170245012	0.3
4026.828983358395	300	13.733973103418354	0.0	140051	1424.6451864388907	-0.15000000000000002
4031.147438861173	750	13.415517600639909	0.0	366214	4318.455502778445	0.3
4035.1675095542646	750	13.395446907548461	0.0	360831	4020.070693091447	0.75
4038.57988500283	750	13.983071458982886	0.0	372963	3412.3754485655763	0.75
4042.390869489105	750	14.17208697270818	0.0	405596	3810.9844862747054	0.75
4045.050879480539	750	15.51207698127386	0.0	350713	2660.009991434321	0.75
4049.2734767777374	750	15.28947968407549	0.0	386472	4222.597297198369	0.75
4053.477260313439	750	15.085696148374334	0.0	399894	4203.783535701155	0.75
4057.5769667444424	750	14.985989717370643	0.0	401853	4099.706431003691	0.75
4060.6961736156604	750	15.866782846152626	0.0	343800	3119.206871218018	0.75
4064.842745675494	750	15.720210786319022	0.0	359903	4146.572059833605	0.75
4070.421044478308	750	14.14191198350527	0.0	379700	5578.298802813751	0.75
4078.842386732045	750	9.720569729768624	0.0	425781	8421.342253736646	0.75
4080.4849593022404	300	12.077997159572806	0.0	111155	1642.5725701958183	-0.15000000000000002
4084.167034903162	300	12.395921558650993	0.0	153605	3682.075600921812	0.3
4085.476518510073	300	15.086437951739773	0.0	149029	1309.4836069112196	0.3
4089.1255499366066	750	15.4374065252068	0.0	358218	3649.0314265329744	0.3
4096.065189185637	750	12.497767276176823	0.0	400322	6939.639249029977	0.75
4097.506260854172	300	15.056695607641341	0.0	143881	1441.071668535481	-0.15000000000000002
4102.223216533257	750	14.33973992855617	0.0	412837	4716.955679085171	0.3
4105.980428413445	750	14.582528048368125	0.0	401088	3757.2118801880442	0.75
4109.21909206775	750	15.343864394062887	0.0	365161	3238.663654305239	0.75
4111.824805426729	750	16.73815103508459	0.0	321064	2605.713358978294	0.75
4115.324791420274	750	17.23816504153896	0.0	361565	3499.985993545633	0.75
4121.374975446681	750	15.187981015131795	0.0	378327	6050.184026407164	0.75
4125.725040864211	750	14.83791559760176	0.0	390680	4350.065417530033	0.75
4128.253640978955	750	16.309315482857354	0.0	345516	2528.6001147444067	0.75
4131.262084031346	750	17.300872430467503	0.0	384505	3008.443052389848	0.75
4133.668143103141	750	18.894813358671833	0.0	372093	2406.0590717956734	0.75
4137.5499985885735	1200	19.012957873239575	0.0	634861	3881.8554854322597	0.75
4142.635817365328	1200	17.927139096484602	0.0	630203	5085.818776754972	1.2
4145.490638962186	750	19.072317499626916	0.0	393804	2854.821596857686	0.3
4149.713375347874	1200	18.849581113939056	0.0	538612	4222.736385687859	0.75
4151.960228990093	750	20.602727471719803	0.0	314107	2246.8536422192574	0.3

