44815.11694188116	750	4.0	3.577861463103849	450283	3577.861463103849	-14.63480429134655
44816.6048264988	300	6.51211538236463	0.0	155580	1487.8846176353702	-0.15000000000000002
44817.98287767881	300	9.134064202352965	0.0	139857	1378.051180011665	0.3
44819.42644718316	300	11.690494698005484	0.0	155432	1443.5695043474816	0.3
44823.09632693738	750	12.020614943779465	0.0	411561	3669.87975422602	0.3
44825.57426514744	750	13.542676733725795	0.0	318564	2477.93821005367	0.75
44828.206071455075	750	14.910870426088564	0.0	352642	2631.8063076372305	0.75
44833.52050935654	1200	13.596432524628897	0.0	709534	5314.437901459666	0.75
44837.67369989918	1200	13.443241981987496	0.0	584846	4153.190542641402	1.2
44842.091595087535	1200	13.025346793624204	0.0	560821	4417.895188363293	1.2
44846.61594524312	1200	12.500996638042405	0.0	607410	4524.350155581798	1.2
44850.83183504127	1200	12.285106839891895	0.0	594078	4215.889798150509	1.2
44854.606259463	1200	12.510682418160723	0.0	624282	3774.4244217311743	1.2
44860.75594615976	1200	10.36099572138962	0.0	687371	6149.686696771101	1.2
44864.822712723995	1200	10.294229157161784	0.0	526950	4066.7665642278366	1.2
44871.85430569817	1200	7.262636182983656	0.0	587876	7031.592974178128	1.2
44876.146266168806	750	6.970675712349293	0.0	360831	4291.9604706343625	0.3
44879.9657576961	750	7.151184185042044	0.0	372963	3819.49152730725	0.75
44884.64090022366	750	6.476041657481156	0.0	405596	4675.142527560887	0.75
44886.06912481667	300	9.04781706447474	0.0	140881	1428.2245930064166	-0.15000000000000002
44888.02564788094	300	11.091294000207803	0.0	157671	1956.5230642669387	0.3
44889.74840380637	300	13.368538074774921	0.0	157812	1722.7559254328817	0.3
44893.54904535382	750	13.567896527328056	0.0	401853	3800.641547446867	0.3
44897.19621826898	750	13.920723612164856	0.0	343800	3647.172915163198	0.75
44900.896969215886	750	14.219972665266798	0.0	359903	3700.750946898059	0.75
44904.6263509453	750	14.490590935848685	0.0	379700	3729.3817294181135	0.75
44908.77655360868	750	14.340388272472898	0.0	425781	4150.202663375785	0.75
44911.48236749381	750	15.634574387340852	0.0	277716	2705.8138851320473	0.75
44915.60926016554	750	15.50768171560951	0.0	400396	4126.892671731342	0.75
44921.518158927625	1200	13.598782953524639	0.0	641447	5908.89876208487	0.75
44927.19323820274	1200	11.923703678418663	0.0	570392	5675.079275105974	1.2
44933.59795207632	1200	9.51898980483165	0.0	620283	6404.713873587014	1.2
44940.71727102803	1200	6.399670853126051	0.0	584349	7119.318951705599	1.2
44946.09102548095	750	5.025916400208193	0.0	412837	5373.754452917858	0.3
44950.147142044436	750	4.969799836723852	0.0	401088	4056.1165634843414	0.75
44954.78626005557	750	4.330681825589525	0.0	365161	4639.118011134327	0.75
44956.61150886012	300	6.505433021038422	0.0	131610	1825.2488045511031	-0.15000000000000002
44958.33410752574	300	8.782834355414884	0.0	124011	1722.5986656235355	0.3
44961.778231642034	300	9.338710239123484	0.0	144254	3444.124116291401	0.3
44963.974969018134	300	11.141972863028007	0.0	149991	2196.737376095476	0.3
44965.74144120928	300	13.375500671879067	0.0	147968	1766.4721911489416	0.3
44967.920100406205	300	15.19684147495131	0.0	161857	2178.6591969277583	0.3
44969.48358148506	300	17.633360396099043	0.0	145210	1563.4810788522643	0.3
44971.371237670275	300	19.745704210889425	0.0	172312	1887.656185209618	0.3
44975.94274016272	750	19.174201718449574	0.0	398987	4571.50249243985	0.3
44988.682122789876	1200	10.4348190912894	0.0	638661	12739.382627160174	0.75
44996.566282338936	750	6.550659542229386	0.0	331053	7884.159549060014	0.3
44998.006265823686	300	9.110676057474898	0.0	118421	1439.9834847544896	-0.15000000000000002

