41449.24857453969	750	4.0	2.740379482619269	450283	2740.379482619269	-11.033631775262856
41450.402909081735	300	6.845665457959466	0.0	155580	1154.3345420405337	-0.15000000000000002
41451.48088110768	300	9.767693432010608	0.0	139857	1077.9720259488574	0.3
41452.75879752167	300	12.48977701802529	0.0	155432	1277.9164139853176	0.3
41455.53260597595	750	13.715968563734958	0.0	411561	2773.8084542903334	0.3
41457.29488611143	750	15.953688428262177	0.0	318564	1762.2801354727796	0.75
41461.9998229509	1200	15.248751588795166	0.0	561791	4704.93683946701	0.75
41466.14267016136	750	15.105904378334365	0.0	437162	4142.847210460801	0.3
41469.04355021038	750	16.205024329317297	0.0	374758	2900.880049017069	0.75
41471.711198270146	750	17.53737626954948	0.0	362795	2667.648059767817	0.75
41474.02651070525	750	19.222063834450985	0.0	353220	2315.3124350984967	0.75
41477.916972397565	1200	19.331602142130443	0.0	594078	3890.461692320543	0.75
41481.64639512159	1200	19.602179418107664	0.0	624282	3729.422724022783	1.2
41485.66091980683	1200	19.587654732862987	0.0	687371	4014.524685244676	1.2
41488.93631199714	1200	20.312262542552364	0.0	526950	3275.3921903106207	1.2
41492.24158178469	1200	21.006992754997125	0.0	587876	3305.2697875552385	1.2
41498.329922566394	1850	18.918651973301333	0.0	966699	6088.340781695791	1.2000000000000002
41505.82087457665	1200	15.427699963042159	0.0	581493	7490.952010259176	0.5499999999999999
41508.25225494411	300	16.996319595579415	0.0	165384	2431.380367462743	-0.6000000000000001
41509.80418288149	300	19.444391658202548	0.0	140881	1551.927937376866	0.3
41515.73053540411	750	17.518039135583262	0.0	386472	5926.352522619289	0.3
41518.987263733296	300	18.261310806395866	0.0	157812	3256.7283291873982	-0.15000000000000002
41521.72946605264	300	19.519108487058624	0.0	163927	2742.202319337241	0.3
41523.34457236685	300	21.904002172843068	0.0	137654	1615.1063142155556	0.3
41526.71733777887	750	22.531236760817766	0.0	359903	3372.765412025304	0.3
41532.53238766078	1200	20.716186878912666	0.0	590335	5815.0498819051	0.75
41536.4889116332	750	20.759662906494107	0.0	425781	3956.5239724185576	0.3
41539.04104629902	750	22.20752824067587	0.0	277716	2552.1346658182383	0.75
41543.076537901354	1200	22.17203663833787	0.0	622896	4035.4916023379983	0.75
41546.87926500899	1200	22.369309530707195	0.0	641447	3802.727107630675	1.2
41552.7466445509	1850	20.501929988798203	0.0	873429	5867.379541908994	1.2000000000000002
41556.05536776972	1200	21.193206769975745	0.0	620283	3308.723218822454	0.5499999999999999
41560.38958150521	1850	20.858993034482456	0.0	885062	4334.213735493288	1.2000000000000002
41570.399926948216	1850	14.848647591482795	0.0	1035329	10010.345442999662	1.85
41573.211516322575	750	16.03705821711845	0.0	401088	2811.589374364345	-0.3500000000000001
41575.52073024164	750	17.727844298050645	0.0	365161	2309.2139190678067	0.75
41579.95133376182	1200	17.297240777876716	0.0	487812	4430.603520173928	0.75
41582.26677040199	750	18.981804137706657	0.0	361565	2315.436640170058	0.3
41587.75438012562	1200	17.49419441408206	0.0	605884	5487.609723624599	0.75
41590.5216386243	750	18.72693591540785	0.0	390680	2767.2584986742104	0.3
41593.81733082868	1200	19.431243711023424	0.0	566904	3295.6922043844265	0.75
41598.178057899786	1200	19.07051663991936	0.0	641452	4360.727071104063	1.2
41602.413357422345	1200	18.83521711736238	0.0	599477	4235.299522556982	1.2
41606.066944423095	1200	19.181630116609945	0.0	634861	3653.587000752437	1.2
41611.25232276109	1200	17.99625177861512	0.0	630203	5185.378337994821	1.2
41615.07681743774	750	18.171757101967806	0.0	393804	3824.4946766473126	0.3
41620.024692840314	750	17.22388169939351	0.0	331053	4947.875402574295	0.75
41621.78262284735	300	19.46595169235929	0.0	118421	1757.9300070342206	-0.15000000000000002

