1612.4188702897345	750	4.0	1.7642452313647095	450283	1764.2452313647095	-6.836254494868251
1612.9913891041595	300	7.42748118557492	0.0	155580	572.5188144250797	-0.15000000000000002
1614.4397467911958	750	9.979123498538575	0.0	350812	1448.3576870363456	0.3
1615.9536084266758	750	12.465261863058425	0.0	382355	1513.8616354801507	0.75
1617.5207812607457	750	14.898089028988789	0.0	411561	1567.1728340696347	0.75
1620.5383017268887	1850	15.880568562845722	0.0	801058	3017.520466143065	0.75
1624.1946022513519	1850	16.2242680383825	0.0	905515	3656.300524463222	1.85
1628.413840897674	1850	16.00502939206045	0.0	1060487	4219.238646322052	1.85
1631.7049471567207	1850	16.71392313301382	0.0	852833	3291.106259046629	1.85
1635.1100002570709	1850	17.308870032663553	0.0	913888	3405.0531003502692	1.85
1638.463355766816	1850	17.95551452291832	0.0	939819	3353.35550974523	1.85
1642.108239278574	1850	18.310631011160265	0.0	917428	3644.8835117580584	1.85
1645.694565294369	1850	18.724304995365134	0.0	946851	3586.326015795129	1.85
1649.3755803831054	1850	19.04328990662881	0.0	1036454	3681.015088736324	1.85
1652.4061138835468	1850	20.01275640618753	0.0	821631	3030.53350044128	1.85
1655.6616952426332	1850	20.757175047101256	0.0	923170	3255.5813590862763	1.85
1659.1864681060438	1850	21.232402183690517	0.0	966699	3524.7728634107416	1.85
1662.3541068716106	1850	22.064763418123803	0.0	885714	3167.638765566712	1.85
1666.3259074954794	1850	22.092962794255	0.0	987708	3971.800623868803	1.85
1670.9187051566253	1850	21.50016513310901	0.0	923755	4592.797661145989	1.85
1674.8096689982358	1850	21.609201291498447	0.0	891604	3890.9638416105618	1.85
1677.9932293676222	1850	22.42564092211221	0.0	955231	3183.560369386239	1.85
1681.2452348982738	1850	23.17363539146057	0.0	968026	3252.0055306516383	1.85
1684.278179170507	1850	24.14069111922729	0.0	874175	3032.944272233279	1.85
1687.5987363324214	1850	24.820133957312816	0.0	897976	3320.557161914476	1.85
1690.735598710833	1850	25.683271578901095	0.0	905935	3136.8623784117235	1.85
1694.492566712797	1850	25.92630357693705	0.0	1076599	3756.9680019640473	1.85
1697.3369064710262	1850	27.081963818707987	0.0	758197	2844.339758229061	1.85
1701.4813327147685	1850	26.9375375749655	0.0	972798	4144.426243742487	1.85
1705.687261349978	1850	26.731608939756164	0.0	975811	4205.928635209337	1.85
1708.7485827326852	1850	27.67028755704901	0.0	873429	3061.3213827071518	1.85
1712.867934317516	1850	27.55093597221808	0.0	954453	4119.351584830931	1.85
1716.3820881118581	1850	28.03678217787606	0.0	885062	3514.1537943420235	1.85
1720.730410609459	1850	27.68845968027513	0.0	1035329	4348.322497600929	1.85
1725.1286115250896	1850	27.29025876464467	0.0	1026056	4398.2009156304575	1.85
1729.5645507818551	1850	26.854319507878966	0.0	943942	4435.939256765707	1.85
1734.3158540671882	1850	26.103016222545847	0.0	728962	4751.303285333117	1.85
1738.0163361782616	1850	26.40253411147245	0.0	938587	3700.482111073402	1.85
1741.8404540342983	1850	26.57841625543556	0.0	908665	3824.1178560368853	1.85
1745.6750141832176	1850	26.74385610651639	0.0	930577	3834.560148919171	1.85
1749.4126966171239	1850	27.006173672610068	0.0	858450	3737.68243390632	1.85
1754.019780919254	1850	26.399089370480176	0.0	1025005	4607.084302129893	1.85
1758.8731591127807	1850	25.545711176953127	0.0	886255	4853.378193527048	1.85
1763.4657226582942	1850	24.953147631439652	0.0	973972	4592.5635455134725	1.85
1768.1284314495863	1850	24.29043884014758	0.0	958994	4662.708791292073	1.85
1775.9726871340954	1850	20.44618315563838	0.0	982064	7844.2556845092	1.85
1782.2275610572776	1850	18.191309232456156	0.0	830730	6254.873923182225	1.85
1790.3987410233663	1850	14.020129266367581	0.0	846370	8171.1799660885745	1.85

