195.54579695281672	750	4.0	6.846109202827105	450283	6846.109202827105	-28.68826957215655
197.58707461658503	300	5.958722336231715	0.0	155580	2041.2776637682844	-0.15000000000000002
198.82825910688024	300	8.717537845936512	0.0	139857	1241.1844902952027	0.3
199.66716960454661	300	11.878627348270129	0.0	155432	838.910497666384	0.3
200.38783463203947	300	15.157962320777262	0.0	163442	720.6650274928664	0.3
200.96610515010232	300	18.57969180271442	0.0	126289	578.2705180628435	0.3
201.65776715974235	300	21.888029793074377	0.0	153295	691.6620096400438	0.3
202.4531472218269	300	25.092649730989848	0.0	173849	795.3800620845286	0.3
203.258753666743	300	28.287043286073743	0.0	150710	805.6064449161069	0.3
203.9668137945223	300	31.578983158294463	0.0	139105	708.0601277792763	0.3
204.54473013387835	300	35.00106681893838	0.0	141840	577.9163393560846	0.3
205.2588939888556	300	38.28690296396116	0.0	156148	714.1638549772189	0.3
206.1778032366606	300	41.36799371615616	0.0	160746	918.9092478050097	0.3
210.60575670400212	300	40.94004024881462	0.0	179801	4427.953467341529	0.3
211.2353484168439	300	44.31044853597286	0.0	140051	629.5917128417628	0.3
211.85811982567557	300	47.6876771271412	0.0	138313	622.7714088316594	0.3
213.63735899232202	300	49.90843796049472	0.0	143509	1779.2391666464787	0.3
214.4873144379691	300	53.05848251484767	0.0	150616	849.9554456470563	0.3
215.27008708195473	300	56.27570987086203	0.0	165384	782.7726439856376	0.3
215.88200746545027	300	59.663789487366486	0.0	140881	611.9203834955447	0.3
217.2270414368814	300	59.521432359381244	0.0	157671	642.3571279852408	0.3
218.01076429590802	300	59.89240935159085	0.0	157812	629.0230077903956	0.3
219.1272877940595	300	59.571497528133236	0.0	163927	820.9118234576077	0.3
220.6281059185298	300	59.92189430324502	0.0	137654	649.6032248882161	0.3
221.7893236354281	300	59.97189289458692	0.0	146754	450.00140865809976	0.3
222.86992850015633	300	59.979198616342906	0.0	153938	492.69427824401964	0.3
224.44854843891736	300	59.6873439402045	0.0	181901	791.8546761384094	0.3
225.43451616215052	300	59.77924270989922	0.0	111155	408.10123030527404	0.3
226.36531982393367	300	59.80277412547158	0.0	153605	476.4685844276385	0.3
227.94154239072495	750	59.896330380753724	0.0	400508	1406.443744717857	0.3
228.9202225944077	750	59.69687968994903	0.0	358218	699.4506908046977	0.75
230.45252934579102	750	59.5008410706964	0.0	400322	1196.0386192526212	0.75
231.87432370753916	750	59.661577955887694	0.0	369834	1339.2631148087112	0.75
234.08872149790747	750	59.80164468417325	0.0	412837	1359.9332717144507	0.75
236.43385328514006	750	59.51031104988389	0.0	401088	1291.3336342893579	0.75
237.9611725951438	750	59.93405047135362	0.0	365161	1076.2605785302635	0.75
239.60641076355245	750	59.76296075288606	0.0	321064	1171.0897184675666	0.75
241.839200337244	750	59.56364019101082	0.0	361565	1699.3205618752397	0.75
243.53994087379226	750	59.68450442864485	0.0	378327	1379.1357623659687	0.75
245.82103098757142	750	59.5957617588464	0.0	390680	2088.7426697984483	0.75
246.98177317649157	750	59.56056438637669	0.0	345516	1035.197372469712	0.75
248.7803956418551	750	59.89452556192014	0.0	384505	1166.03882445655	0.75
250.8399293264494	750	59.63005054007648	0.0	372093	1264.4750218436582	0.75
254.37619315034536	750	59.69494795950383	0.0	438281	2935.1025805726563	0.75
256.040012524138	750	59.86411889426916	0.0	398987	1330.82906523467	0.75
257.4231187378636	750	59.67456094168535	0.0	393804	1189.5579525838111	0.75
258.4195770483079	750	59.69160591703411	0.0	331053	982.9550246512405	0.75
259.5627738654958	750	59.577759151336664	0.0	314107	1113.8467656974433	0.75

