1990.2135714661576	750	4.0	3.624169441458112	450283	3624.169441458112	-14.833928598269882
1991.5620116924172	300	6.6515597737405585	0.0	155580	1348.4402262594408	-0.15000000000000002
1992.799778529208	300	9.413792936949752	0.0	139857	1237.766836790806	0.3
1994.2101740636106	300	12.00339740254698	0.0	155432	1410.3955344027718	0.3
1995.8795686457017	300	14.33400282045591	0.0	163442	1669.3945820910699	0.3
1997.2076227516714	300	17.005948714486323	0.0	126289	1328.054105969584	0.3
1998.5550520638353	300	19.658519402322405	0.0	153295	1347.4293121639225	0.3
1999.84121847144	300	22.372352994717648	0.0	173849	1286.166407604755	0.3
2000.9864971437112	300	25.227074322446395	0.0	150710	1145.2786722712501	0.3
2002.1490293556938	300	28.064542110463762	0.0	139105	1162.5322119826337	0.3
2003.1138790105335	300	31.099692455624204	0.0	141840	964.8496548395555	0.3
2004.0787853826216	300	34.13478608353606	0.0	156148	964.9063720881373	0.3
2006.7636817574207	300	35.44988970873691	0.0	160746	2684.896374799151	0.3
2012.422451841678	300	33.791119624479755	0.0	179801	5658.770084257156	0.3
2013.733789651262	300	36.47978181489596	0.0	140051	1311.3378095837993	0.3
2014.4485824542373	300	39.76498901192039	0.0	138313	714.792802975561	0.3
2015.1254446321882	300	43.0881268339697	0.0	143509	676.8621779506834	0.3
2015.7691524874813	300	46.44441897867661	0.0	150616	643.7078552930996	0.3
2016.4316453104468	300	49.78192615571097	0.0	165384	662.4928229656339	0.3
2018.3307521044749	750	51.882819361682785	0.0	350713	1899.1067940281832	0.3
2024.7148907247768	750	49.498680741380994	0.0	386472	6384.138620301787	0.75
2033.1535704841644	750	45.06000098199346	0.0	399894	8438.679759387534	0.75
2036.1215553614572	750	46.09201610470075	0.0	401853	2967.9848772927144	0.75
2039.5964130728833	750	46.61715839327481	0.0	343800	3474.8577114259374	0.75
2042.3717919605965	300	47.84177950556139	0.0	146754	2775.37888771342	-0.15000000000000002
2043.9525485028648	300	50.261022963293215	0.0	153938	1580.7565422681764	0.3
2045.7225551638853	300	52.49101630227286	0.0	181901	1770.0066610203562	0.3
2046.8646827284858	300	55.3488887376723	0.0	111155	1142.1275646005633	0.3
2048.522436855661	300	57.69113461049712	0.0	153605	1657.7541271751763	0.3
2050.2849557256723	300	59.928615740486	0.0	149029	1762.5188700111232	0.3
2051.775953410359	300	59.6708937486288	0.0	157421	1257.7219918572039	0.3
2053.158117020654	300	59.53994978989573	0.0	157488	1130.9439587330703	0.3
2054.22810535686	300	59.570565447574076	0.0	143881	969.3843423216514	0.3
2056.1295896954366	300	59.870125275227736	0.0	163444	1200.4401723463382	0.3
2057.9483079383785	300	59.747788236871784	0.0	179328	1122.3370383559493	0.3
2059.762966077162	300	59.57264976977315	0.0	159914	1175.1384670986276	0.3
2060.8236926776335	300	59.80204630538006	0.0	131610	770.6034643930876	0.3
2061.7791790308884	300	59.612364696791616	0.0	124011	689.6816085884527	0.3
2062.7820489150254	300	59.689832127056334	0.0	144254	922.532569735279	0.3
2064.5752335364687	300	59.783908473535355	0.0	149991	905.9236535209768	0.3
2065.9761692422194	300	59.967071104621546	0.0	147968	816.8373689138134	0.3
2067.773253649498	300	59.554078069400255	0.0	161857	912.9930352212883	0.3
2069.899338175767	300	59.623581492294946	0.0	145210	1430.4965771053105	0.3
2072.534138861159	300	59.593475124180245	0.0	172312	2030.106368114697	0.3
2073.8498270474465	300	59.91847818967538	0.0	167025	1174.996934504859	0.3
2075.533505431682	300	59.53698462344925	0.0	160064	1381.4935662261316	0.3
2076.537217341261	300	59.62022107766415	0.0	137507	916.7635457850993	0.3
2077.998326329725	300	59.87464076532915	0.0	118421	745.5803123350026	0.3

