47227.272018649775	750	4.0	2.0056947420318303	450283	2005.6947420318304	-7.874487390736871
47230.6434150231	750	4.628603626668246	0.0	398865	3371.3963733317537	0.75
47231.99727177171	300	7.274746878061798	0.0	139857	1353.8567486064476	-0.15000000000000002
47233.547476443215	300	9.724542206553048	0.0	155432	1550.2046715087506	0.3
47235.12489869506	300	12.147119954712666	0.0	163442	1577.4222518403799	0.3
47237.60086352314	750	13.671155126632192	0.0	318564	2475.9648280804763	0.3
47240.75035142321	750	14.521667226559915	0.0	352642	3149.487900072276	0.75
47244.702326909064	750	14.56969174070888	0.0	437162	3951.975485851036	0.75
47247.7875377517	750	15.484480898080514	0.0	374758	3085.2108426283658	0.75
47251.00750571401	750	16.26451293576569	0.0	362795	3219.967962314822	0.75
47254.13181663333	750	17.14020201645131	0.0	353220	3124.310919314382	0.75
47257.96510059407	750	17.306918055710934	0.0	405134	3833.283960740375	0.75
47261.39465570021	750	17.877362949561203	0.0	386351	3429.555106149732	0.75
47264.83159254885	750	18.44042610092671	0.0	434409	3436.936848634494	0.75
47267.03741514487	750	20.234603504904285	0.0	337059	2205.8225960224254	0.75
47269.43353050446	750	21.838488145312745	0.0	366214	2396.1153595915403	0.75
47271.9091595183	750	23.362859131469524	0.0	360831	2475.629013843223	0.75
47274.845179192824	750	24.426839456943867	0.0	372963	2936.0196745256562	0.75
47277.9396696966	750	25.332348953167394	0.0	405596	3094.4905037764715	0.75
47285.43742027013	1850	21.834598379639605	0.0	923755	7497.750573527793	0.75
47291.60541644157	1850	19.666602208201763	0.0	891604	6167.9961714378405	1.85
47299.3818690694	1850	15.8901495803664	0.0	955231	7776.452627835362	1.85
47307.40872893057	1850	11.863289719199313	0.0	968026	8026.859861167087	1.85
47315.11674294896	1850	8.155275700810268	0.0	874175	7708.014018389046	1.85
47320.36536927803	750	6.90664937174105	0.0	359903	5248.626329069218	-0.3500000000000001
47323.21225154954	300	8.059767100230587	0.0	153938	2846.8822715104625	-0.15000000000000002
47325.94321718386	300	9.3288014659082	0.0	181901	2730.965634322388	0.3
47327.81989386615	300	11.452124783623585	0.0	111155	1876.676682284614	0.3
47329.42759090875	300	13.844427741027264	0.0	153605	1607.6970425963207	0.3
47330.68860321934	300	16.583415430432208	0.0	149029	1261.012310595059	0.3
47335.818070222216	750	15.453948427560189	0.0	358218	5129.467002872019	0.3
47340.08996750132	750	15.18205114845175	0.0	400322	4271.897279108438	0.75
47344.59473730237	750	14.677281347408508	0.0	369834	4504.769801043241	0.75
47348.57920317309	750	14.692815476684215	0.0	412837	3984.4658707242943	0.75
47352.204503510075	750	15.067515139698317	0.0	401088	3625.3003369858975	0.75
47354.86934205539	750	16.402676594382136	0.0	365161	2664.838545316177	0.75
47356.99573941449	750	18.276279235275492	0.0	321064	2126.3973591066456	0.75
47359.952999119516	750	19.319019530249832	0.0	361565	2957.2597050256613	0.75
47363.28248272064	750	19.98953592912169	0.0	378327	3329.483601128143	0.75
47366.21657574891	750	21.055442900853176	0.0	390680	2934.0930282685126	0.75
47368.713405541384	750	22.558613108382364	0.0	345516	2496.8297924708136	0.75
47371.587081352816	750	23.684937296950398	0.0	384505	2873.6758114319655	0.75
47375.010714965894	750	24.26130368387239	0.0	372093	3423.6336130780023	0.75
47381.73634298549	750	21.535675664279953	0.0	438281	6725.628019592441	0.75
47389.38651796884	750	17.885500680931415	0.0	398987	7650.1749833485355	0.75
47396.31474076098	750	14.957277888782013	0.0	393804	6928.222792149401	0.75
47403.05990642264	750	12.212112227128468	0.0	331053	6745.165661653546	0.75
47409.268002369216	750	10.00401628055115	0.0	314107	6208.095946577317	0.75

