1.9174375092063	750	4.0	1.9174375092063	450283	1917.4375092063	-7.4949812895870895
2.4806527106488176	300	7.436784798557483	0.0	155580	563.2152014425174	-0.15000000000000002
3.014978898558569	300	10.90245861064773	0.0	139857	534.3261879097516	0.3
3.620819895797373	300	14.296617613408927	0.0	155432	605.840997238804	0.3
4.274497503398172	300	17.64294000580813	0.0	163442	653.6776076007985	0.3
4.897533625989529	300	21.019903883216774	0.0	126289	623.0361225913565	0.3
5.680731460269244	300	24.23670604893706	0.0	153295	783.1978342797154	0.3
6.410293344694109	300	27.507144164512194	0.0	173849	729.5618844248645	0.3
7.062664754471899	300	30.854772754734405	0.0	150710	652.3714097777905	0.3
7.67940252720265	300	34.23803498200365	0.0	139105	616.7377727307514	0.3
8.258002448503829	300	37.65943506070248	0.0	141840	578.5999213011779	0.3
8.860498858560826	300	41.05693865064548	0.0	156148	602.4964100569972	0.3
9.487323906399512	300	44.43011360280679	0.0	160746	626.8250478386854	0.3
10.183262396632157	300	47.73417511257414	0.0	179801	695.9384902326458	0.3
10.795527303268292	300	51.12191020593801	0.0	140051	612.2649066361349	0.3
11.403229513919669	300	54.51420799528663	0.0	138313	607.702210651375	0.3
12.045996236790355	300	57.87144127241595	0.0	143509	642.7667228706861	0.3
13.305874595124221	300	59.74950021164419	0.0	150616	621.9410607717573	0.3
14.692120894110346	300	59.57034571093218	0.0	165384	679.154500712007	0.3
16.280143118816756	750	59.57938049771604	0.0	350713	990.965213216146	0.3
18.0949807302524	750	59.66599019774335	0.0	386472	1413.390299972691	0.75
19.765323526327574	750	59.72654245543724	0.0	399894	1439.447742306109	0.75
21.766840851532464	750	59.53623131971932	0.0	401853	1690.3111357179125	0.75
24.317601890523886	750	59.870953894967094	0.0	343800	1665.2774247522264	0.75
27.048015462150627	750	59.64898891627333	0.0	359903	1721.964978693769	0.75
30.480169300685713	1200	59.62213629347227	0.0	590335	2526.85262280106	0.75
34.20725139702691	1200	59.89505419713108	0.0	696376	3227.0820963411925	1.2
37.27355982184522	1200	59.82359164075954	0.0	487160	2571.4625563715445	1.2
40.77651130912199	1200	59.76953883134453	0.0	622896	3054.0528094149977	1.2
43.97775130481827	1200	59.583368172427285	0.0	641447	2686.1706589172527	1.2
46.82833926445566	1200	59.615608860998094	0.0	570392	2467.759311429189	1.2
49.856453470431276	1200	59.927966082114395	0.0	620283	2187.6427788837054	1.2
51.8574216481892	1200	59.51271770678138	0.0	584349	1915.2483753330077	1.2
54.86835457013444	1200	59.74961114702122	0.0	670129	2263.1065597601664	1.2
58.410989696743265	1200	59.54220676480935	0.0	690253	2707.404382211868	1.2
61.387124917552754	1200	59.66675452660308	0.0	598727	2375.452238206273	1.2
62.88470930837968	1200	59.88880382249122	0.0	487812	1277.9507041118645	1.2
64.97887761626447	1200	59.647036511906364	0.0	575591	1741.7673105848528	1.2
67.8875885014311	1200	59.57338156797301	0.0	605884	2573.654943933354	1.2
71.48270949663777	1200	59.89334904098631	0.0	587506	2680.032526986701	1.2
73.68341840978992	1200	59.69953881852022	0.0	566904	2193.8102224660943	1.2
77.38811920512785	1200	59.9948380231823	0.0	641452	3204.7007953379193	1.2
80.9755789760504	1200	59.697907880733005	0.0	599477	2796.930142449288	1.2
84.19507426111645	1200	59.91892505243662	0.0	634861	2778.982828296389	1.2
87.94958852267803	1200	59.95692415004066	0.0	630203	3462.0009023959574	1.2
92.01626558315652	1200	59.759842299384225	0.0	638661	3697.081850656441	1.2
95.9718838466986	1200	59.80422403584213	0.0	538612	3955.618263542091	1.2
101.77715575085253	1200	57.998952131688206	0.0	550906	5805.271904153926	1.2

