1780.0064728590457	750	4.0	2.2204497569923474	450283	2220.4497569923474	-8.797933955067093
1780.8565559887531	300	7.14991687029244	0.0	155580	850.0831297075605	-0.15000000000000002
1781.6076388414006	300	10.39883401764509	0.0	139857	751.0828526473505	0.3
1782.3815085874046	300	13.624964271640994	0.0	155432	773.8697460040954	0.3
1783.459868632549	300	16.546604226496676	0.0	163442	1078.3600451443194	0.3
1784.238836573235	300	19.767636285810585	0.0	126289	778.9679406860862	0.3
1785.5104852675522	300	22.4959875914933	0.0	153295	1271.6486943172863	0.3
1787.5599686885596	300	24.44650417048616	0.0	173849	2049.48342100714	0.3
1790.2871070401711	300	25.71936581887452	0.0	150710	2727.1383516116443	0.3
1792.2135707424375	300	27.792902116608268	0.0	139105	1926.4637022662519	0.3
1794.0677499135445	300	29.938722945501244	0.0	141840	1854.1791711070248	0.3
1794.7843459576932	300	33.222126901352354	0.0	156148	716.5960441488814	0.3
1795.475447137002	300	36.53102572204359	0.0	160746	691.1011793087634	0.3
1796.3157146550043	300	39.6907582040412	0.0	179801	840.2675180023875	0.3
1797.055833128407	300	42.95063973063862	0.0	140051	740.1184734025788	0.3
1797.6591442560343	300	46.34732860301111	0.0	138313	603.3111276275195	0.3
1798.3023357159213	300	49.70413714312418	0.0	143509	643.1914598869284	0.3
1799.9931121997838	750	52.01336065926179	0.0	372963	1690.776483862382	0.3
1801.6855996256475	750	54.32087323339801	0.0	405596	1692.4874258637842	0.75
1803.9465039837753	750	56.05996887527009	0.0	350713	2260.904358127916	0.75
1810.299340889376	750	53.707131969669454	0.0	386472	6352.83690560063	0.75
1814.665109308085	750	53.341363550960736	0.0	399894	4365.768418708721	0.75
1819.57019944955	750	52.43627340949559	0.0	401853	4905.090141465146	0.75
1821.9373914686323	750	54.06908139041336	0.0	343800	2367.1920190822257	0.75
1824.075876247513	750	55.93059661153273	0.0	359903	2138.484778880638	0.75
1828.431137580383	750	55.57533527866276	0.0	379700	4355.261332869959	0.75
1832.3626692165517	750	55.64380364249415	0.0	425781	3931.531636168623	0.75
1834.326788681518	750	57.67968417752768	0.0	277716	1964.1194649664585	0.75
1836.6500058700108	750	59.35646698903496	0.0	400396	2323.2171884927266	0.75
1838.9965772853936	750	59.76567266532217	0.0	400508	2090.7943237127893	0.75
1840.9625792788781	750	59.84856021441503	0.0	358218	1917.1124509071374	0.75
1842.949353183687	750	59.57911803329919	0.0	400322	1769.4421811158434	0.75
1845.0260138905833	750	59.58595354169763	0.0	369834	1993.1644916015596	0.75
1847.890954056493	750	59.898731566390154	0.0	412837	2187.2219753074737	0.75
1850.8751269509005	750	59.62150421448748	0.0	401088	2277.227351902668	0.75
1853.5703546499906	750	59.57186313619497	0.0	365161	2049.6410782925104	0.75
1855.8222884376662	750	59.95818955275583	0.0	321064	2113.673583439146	0.75
1858.260410082592	750	59.724758832411126	0.0	361565	2233.4307203447015	0.75
1860.391101669262	750	59.707258501366624	0.0	378327	2017.500331044506	0.75
1867.6516212759477	1200	56.446738894681054	0.0	587506	7260.519606685573	0.75
1876.7292554134558	1200	51.36910475717292	0.0	566904	9077.63413750813	1.2
1880.4056984453239	1200	51.69266172530497	0.0	641452	3676.4430318679524	1.2
1883.4742046699769	1200	52.62415550065208	0.0	599477	3068.506224652893	1.2
1886.819799057394	1200	53.27856111323487	0.0	634861	3345.594387417206	1.2
1889.9605589092082	1200	54.1378012614207	0.0	630203	3140.759851814172	1.2
1892.7722953625373	1200	55.32606480809169	0.0	638661	2811.7364533290092	1.2
1895.0594505977895	1200	57.03890957283949	0.0	538612	2287.1552352521926	1.2
1897.2124672201066	1200	58.88589295052235	0.0	550906	2153.016622317151	1.2

