43472.5857037769	750	4.0	2.4131422276550993	450283	2413.1422276550993	-9.626511578916928
43475.911805658645	750	4.673898118256095	0.0	398865	3326.101881743906	0.75
43478.44675968041	750	6.138944096491708	0.0	350812	2534.9540217643867	0.75
43481.14912913551	750	7.436574641391947	0.0	382355	2702.3694550997616	0.75
43484.19403273737	750	8.39167103953471	0.0	411561	3044.903601857236	0.75
43486.509956566144	750	10.075747210750885	0.0	318564	2315.9238287838252	0.75
43488.95234547958	750	11.633358297324172	0.0	352642	2442.388913426714	0.75
43492.04983755891	750	12.535866217990478	0.0	437162	3097.492079333695	0.75
43494.72729014986	750	13.858413627041072	0.0	374758	2677.4525909494037	0.75
43497.45155584559	750	15.134147931311317	0.0	362795	2724.265695729757	0.75
43501.9541541122	1200	14.631549664698115	0.0	607410	4502.5982666132	0.75
43506.037347260564	1200	14.548356516341592	0.0	594078	4083.193148356525	1.2
43510.02901147873	1200	14.556692298179042	0.0	624282	3991.664218162549	1.2
43515.031161448394	1200	13.554542328511033	0.0	687371	5002.149969668008	1.2
43518.73882617224	1200	13.846877604671056	0.0	526950	3707.6647238399773	1.2
43525.26478539474	1200	11.320918382165727	0.0	587876	6525.959222505327	1.2
43529.43357008731	1200	11.152133689595452	0.0	617242	4168.784692570277	1.2
43533.4996874607	1200	11.086016316204761	0.0	581493	4066.1173733906912	1.2
43539.69088720898	1200	8.894816567932143	0.0	639204	6191.199748272618	1.2
43542.685430623045	750	9.900273153862514	0.0	350713	2994.5434140696293	0.3
43545.98168842128	750	10.604015355629594	0.0	386472	3296.25779823292	0.75
43550.50762776663	750	10.078076010279725	0.0	399894	4525.939345349869	0.75
43555.58116106267	750	9.004542714239202	0.0	401853	5073.533296040523	0.75
43560.06622933362	750	8.519474443289537	0.0	343800	4485.068270949665	0.75
43563.93269068014	750	8.653013096768092	0.0	359903	3866.4613465214434	0.75
43568.47296438516	750	8.112739391754463	0.0	379700	4540.27370501363	0.75
43572.29791224854	750	8.287791528368118	0.0	425781	3824.9478633863446	0.75
43575.11959493741	750	9.466108839505525	0.0	277716	2821.6826888625933	0.75
43578.706382590244	750	9.879321186671891	0.0	400396	3586.787652833632	0.75
43583.6668417497	750	8.918862027217358	0.0	400508	4960.459159454535	0.75
43587.953677969825	750	8.632025807090661	0.0	358218	4286.8362201266955	0.75
43592.16137935074	750	8.424324426177147	0.0	400322	4207.701380913514	0.75
43595.34100436764	750	9.244699409278146	0.0	369834	3179.625016899001	0.75
43598.73117746086	750	9.85452631605503	0.0	412837	3390.173093223117	0.75
43602.07226041707	750	10.513443359848004	0.0	401088	3341.0829562070253	0.75
43604.89155064169	750	11.69415313523267	0.0	365161	2819.2902246153353	0.75
43607.79322690823	750	12.792476868689146	0.0	321064	2901.676266543523	0.75
43610.76552262703	750	13.820181149895907	0.0	361565	2972.2957187932398	0.75
43614.8713405767	750	13.714363200221294	0.0	378327	4105.8179496746125	0.75
43619.06383317865	750	13.521870598276818	0.0	390680	4192.4926019444765	0.75
43622.801268633666	750	13.784435143259145	0.0	345516	3737.435455017674	0.75
43626.76813821672	750	13.817565560203155	0.0	384505	3966.8695830559905	0.75
43630.63362796775	750	13.952075809172374	0.0	372093	3865.48975103078	0.75
43634.727709165134	750	13.857994611791273	0.0	438281	4094.081197381102	0.75
43638.48489758299	750	14.100806193939984	0.0	398987	3757.1884178512873	0.75
43641.97532155844	750	14.610382218480856	0.0	393804	3490.4239754591295	0.75
43655.83297927578	1850	4.752724501149525	0.0	830730	13857.65771733133	0.75
43661.225042722595	750	4.0	0.6393389456734285	314107	5392.063446822954	-3.099157466395743

