1587.5123663549903	750	4.0	2.0479839975854306	450283	2047.9839975854306	-8.056331189617351
1588.9838661254494	300	6.528500229541013	0.0	155580	1471.4997704589869	-0.15000000000000002
1589.9388135269671	300	9.573552828023326	0.0	139857	954.9474015176854	0.3
1590.7902433690138	300	12.722122985976654	0.0	155432	851.4298420466723	0.3
1591.4627156026393	300	16.049650752351173	0.0	163442	672.472233625481	0.3
1591.9783223882553	300	19.53404396673517	0.0	126289	515.6067856160034	0.3
1592.7012802359925	300	22.811086118998016	0.0	153295	722.9578477371493	0.3
1593.435580623613	300	26.076785731377484	0.0	173849	734.300387620533	0.3
1593.9507790791886	300	29.56158727580185	0.0	150710	515.1984555756353	0.3
1594.4289735739771	300	33.0833927810132	0.0	139105	478.19449478864806	0.3
1594.8348209352266	300	36.6775454197639	0.0	141840	405.8473612492988	0.3
1595.27353789634	300	40.23882845865028	0.0	156148	438.7169611136175	0.3
1596.4523180386138	750	43.060048316376474	0.0	386351	1178.7801422738128	0.3
1598.037728661654	750	45.47463769333627	0.0	434409	1585.4106230402033	0.75
1599.2989340021386	750	48.21343235285157	0.0	337059	1261.2053404846997	0.75
1600.4616547952335	750	51.05071155975694	0.0	366214	1162.7207930946242	0.75
1601.8183879113594	750	53.693978443631046	0.0	360831	1356.7331161258983	0.75
1603.3500131299766	750	56.16235322501375	0.0	372963	1531.6252186172953	0.75
1604.6396551238824	750	58.87271123110793	0.0	405596	1289.6419939058287	0.75
1606.2734037520797	750	59.967473300248066	0.0	350713	905.2379308598616	0.75
1608.8364610568742	1200	59.742199996519574	0.0	601738	1725.2733037284938	0.75
1611.273379824614	1200	59.610632613182574	0.0	616206	1631.5673833369938	1.2
1614.0657451380146	1200	59.86812564868377	0.0	656471	1742.506964498805	1.2
1616.6881815990007	1200	59.89183659264158	0.0	536667	1976.2890560421954	1.2
1619.2195054688987	1200	59.618248360164536	0.0	587236	1773.588232477044	1.2
1621.2675803799473	1200	59.92407872335068	0.0	590335	1694.169636813852	1.2
1623.5404931729747	1200	59.55507496395434	0.0	696376	1869.0037593963439	1.2
1625.3098509843576	1200	59.5718505750785	0.0	487160	1483.2243888758437	1.2
1628.4079683424661	1200	59.815858607277725	0.0	622896	2255.9919678007727	1.2
1631.3577711489052	1200	59.91651989921194	0.0	641447	2399.3387080657885	1.2
1633.5906765502948	1200	59.99079924770385	0.0	570392	1925.7206515080875	1.2
1636.4533051766882	1200	59.908577309448	0.0	620283	2582.2219382558515	1.2
1638.5248772362334	1200	59.95799462374414	0.0	584349	1950.5826857038528	1.2
1640.6819193346903	1200	59.809968261436204	0.0	670129	2148.0263623079377	1.2
1643.6258347235948	1200	59.96201843505851	0.0	690253	2347.949826377691	1.2
1645.4527141486035	1200	59.927061503817676	0.0	598727	1534.9569312408348	1.2
1647.2690696670804	1200	59.51984499146301	0.0	487812	1407.2165123546654	1.2
1650.1203517317736	1200	59.669273462177685	0.0	575591	1850.5715292853276	1.2
1652.6260889693692	1200	59.84576011108361	0.0	605884	1823.5133510940818	1.2
1655.3272708629936	1200	59.516781107522306	0.0	587506	1828.9790035612937	1.2
1658.1869371616494	1200	59.917549403225955	0.0	566904	2599.231704296356	1.2
1660.6161769644762	1200	59.68314679899232	0.0	641452	2234.402604233634	1.2
1663.0064690301804	1200	59.71541936543673	0.0	599477	1467.7274335555865	1.2
1665.6889914126152	1200	59.750940490293814	0.0	634861	1964.4788751429226	1.2
1669.0486595446614	1850	59.56012817791652	0.0	958994	2690.8123123773003	1.2000000000000002
1671.8869099050942	1850	59.83543090753451	0.0	982064	2724.6972703820084	1.85
1676.072146073551	2850	59.650194739077484	0.0	1231456	4185.236168457017	1.85
1681.5896937654852	2850	58.13264704714336	0.0	1364537	5517.547691934127	2.85

