3824.5823278449634	750	4.0	4.37090515790216	450283	4370.905157902161	-18.04489217897929
3826.1102734942824	300	6.4720543506812	0.0	155580	1527.9456493188	-0.15000000000000002
3827.2164202662557	300	9.365907578707944	0.0	139857	1106.146771973256	0.3
3828.3148900710657	300	12.26743777389822	0.0	155432	1098.4698048097237	0.3
3831.539580556925	750	13.042747288039063	0.0	411561	3224.690485859157	0.3
3834.3101368800976	750	14.272190964866676	0.0	318564	2770.5563231723886	0.75
3837.06610199451	750	15.51622585045379	0.0	352642	2755.965114412886	0.75
3842.587002583443	750	13.995325261521291	0.0	437162	5520.900588932499	0.75
3845.6604173488818	300	14.921910496082313	0.0	150710	3073.4147654389785	-0.15000000000000002
3848.1816415259373	300	16.40068631902667	0.0	139105	2521.2241770556457	0.3
3850.6720662556927	300	17.910261589270927	0.0	141840	2490.4247297557395	0.3
3854.7681852525593	300	17.814142592404444	0.0	156148	4096.118996866483	0.3
3856.9777675996224	300	19.604560245341688	0.0	160746	2209.582347062757	0.3
3858.9755375530217	300	21.606790291942275	0.0	179801	1997.769953399412	0.3
3863.186210064085	750	21.3961177808788	0.0	337059	4210.672511063473	0.3
3867.610078419808	750	20.972249425156136	0.0	366214	4423.868355722664	0.75
3871.9353050798063	750	20.64702276515801	0.0	360831	4325.226659998127	0.75
3877.320100220877	750	19.262227624086872	0.0	372963	5384.7951410711385	0.75
3879.599344352498	300	20.982983492465973	0.0	165384	2279.2441316208974	-0.15000000000000002
3886.0307379303035	750	18.551589914660926	0.0	350713	6431.393577805046	0.3
3888.034148438321	300	20.548179406643563	0.0	157671	2003.4105080173663	-0.15000000000000002
3896.0250952012284	750	16.557232643736366	0.0	399894	7990.946762907195	0.3
3900.3698768960544	300	16.21245094891018	0.0	163927	4344.781694826185	-0.15000000000000002
3902.299533053892	300	18.282794791072238	0.0	137654	1929.656157837941	0.3
3904.6930767461345	300	19.889251098830062	0.0	146754	2393.543692242177	0.3
3906.9314527970173	300	21.65087504794721	0.0	153938	2238.3760508828527	0.3
3909.3468996405522	300	23.23542820441257	0.0	181901	2415.4468435346407	0.3
3913.376116141971	750	23.206211702993457	0.0	277716	4029.2165014191164	0.3
3919.752685837277	750	20.829642007687237	0.0	400396	6376.569695306216	0.75
3922.5384086543595	300	22.043919190604846	0.0	149029	2785.7228170823914	-0.15000000000000002
3925.895251328869	300	22.687076516095203	0.0	157421	3356.8426745096453	0.3
3929.369034435524	300	23.213293409440148	0.0	157488	3473.7831066550566	0.3
3931.285956284934	300	25.296371560030725	0.0	143881	1916.9218494094205	0.3
3935.894113069537	750	24.68821477542755	0.0	412837	4608.156784603174	0.3
3939.880204661703	750	24.702123183261836	0.0	401088	3986.0915921657133	0.75
3944.629524292464	1200	23.952803552500455	0.0	598727	4749.319630761379	0.75
3948.8943153490854	1200	23.688012495879068	0.0	487812	4264.791056621388	1.2
3955.515014826019	1200	21.06731301894517	0.0	575591	6620.699476933902	1.2
3961.2904063022634	750	19.291921542701157	0.0	378327	5775.391476244013	0.3
3963.14973689697	300	21.432590947994807	0.0	149991	1859.3305947063536	-0.15000000000000002
3967.321160486615	750	21.261167358349322	0.0	345516	4171.423589645485	0.3
3972.0992096489786	750	20.483118195986368	0.0	384505	4778.049162362954	0.75
3977.7361311662	750	18.846196678764915	0.0	372093	5636.921517221454	0.75
3981.2991515108447	300	19.283176334120053	0.0	172312	3563.0203446448613	-0.15000000000000002
3985.7834712576814	300	18.79885658728303	0.0	167025	4484.319746837025	0.3
3989.1640169763546	300	19.418310868609684	0.0	160064	3380.545718673346	0.3
3991.6317171364544	300	20.950610708510073	0.0	137507	2467.7001600996077	0.3
3993.43987861853	300	23.142449226434568	0.0	118421	1808.1614820755055	0.3

