2794.201189928225	750	4.0	2.0479839975854306	450283	2047.9839975854306	-8.056331189617351
2797.0609641223286	750	5.140225805896589	0.0	398865	2859.774194103411	0.75
2798.4584551237526	750	7.742734804472136	0.0	350812	1397.4910014244533	0.75
2799.990045748915	750	10.211144179310297	0.0	382355	1531.5906251618387	0.75
2801.1451708640943	750	13.056019064130437	0.0	411561	1155.1251151798615	0.75
2802.6502236183173	1200	15.550966309907439	0.0	520315	1505.0527542229975	0.75
2805.7380949035132	1850	16.463095024711325	0.0	905515	3087.8712851961145	1.2000000000000002
2809.6817540824554	1850	16.51943584576939	0.0	1060487	3943.6591789419344	1.85
2811.915250621641	1850	18.285939306583558	0.0	852833	2233.496539185831	1.85
2815.717356393373	2850	18.483833534851726	0.0	1429765	3802.105771731833	1.85
2819.388201511209	2850	18.812988417015788	0.0	1354548	3670.8451178359346	2.85
2823.4023868826152	2850	18.798803045609283	0.0	1519951	4014.185371406509	2.85
2827.67076204981	2850	18.53042787841434	0.0	1422919	4268.375167194943	2.85
2832.2554742172942	2850	17.945715710930262	0.0	1578343	4584.712167484077	2.85
2835.8682309181945	2850	18.332959010029867	0.0	1231445	3612.756700900396	2.85
2841.6456586762843	4300	16.555531251940184	0.0	2152483	5777.427758089683	2.8499999999999996
2849.112611590413	4300	13.088578337811457	0.0	2289689	7466.9529141287285	4.3
2855.867300876766	4300	10.333889051458474	0.0	2059512	6754.689286352983	4.3
2861.5500096097576	2850	8.651180318467068	0.0	1537156	5682.7087329914075	1.4000000000000001
2865.6053264615925	2850	8.595863466631947	0.0	1336050	4055.316851835121	2.85
2870.672563187169	2850	7.5286267410556365	0.0	1415116	5067.23672557631	2.85
2874.4010217450864	2850	7.800168183138565	0.0	1468126	3728.4585579170716	2.85
2878.355301286042	2850	7.845888642182448	0.0	1505760	3954.2795409561168	2.85
2882.176162807491	2850	8.025027120733695	0.0	1323990	3820.8615214487536	2.85
2886.4928602156433	2850	7.708329712581457	0.0	1383735	4316.697408152238	2.85
2890.6806802751566	2850	7.5205096530683235	0.0	1480464	4187.820059513134	2.85
2896.032202575462	2850	6.168987352762494	0.0	1547572	5351.522300305829	2.85
2899.7795214184234	2850	6.421668509801537	0.0	1141971	3747.3188429609563	2.85
2903.399567040393	2850	6.801622887832481	0.0	1498470	3620.045621969057	2.85
2907.989459109823	2850	6.211730818402079	0.0	1561263	4589.892069430402	2.85
2911.741619393177	2850	6.459570535047893	0.0	1341201	3752.160283354185	2.85
2916.099742588905	2850	6.1014473393200594	0.0	1497683	4358.123195727833	2.85
2920.0567930440016	2850	6.144396884223768	0.0	1358081	3957.050455096291	2.85
2926.459223080137	2850	4.0	0.2580331519117926	1587293	6402.430036135561	1.740457446779292
2930.474713857795	1850	4.0	0.015490777658524166	1026056	4015.490777658524	0.7833896560683462
2933.903117049844	1850	4.571596807950974	0.0	943942	3428.403192049026	1.85
2935.708117148825	1200	6.766596708970143	0.0	487812	1805.0000989808314	0.5499999999999999
2937.831959791802	1200	8.64275406599347	0.0	575591	2123.8426429766723	1.2
2940.011127263756	1200	10.463586594039342	0.0	605884	2179.16747195413	1.2
2942.331301095987	1200	12.143412761808543	0.0	587506	2320.1738322307992	1.2
2945.2661766571578	1850	13.208537200637268	0.0	858450	2934.8755611712736	1.2000000000000002
2948.980900867245	2850	13.493812990550184	0.0	1527299	3714.7242100870844	1.85
2952.1627446391917	2850	14.311969218603618	0.0	1343002	3181.843771946565	2.85
2956.496537216379	2850	13.97817664141643	0.0	1587250	4333.79257718719	2.85
2960.6308025627577	2850	13.84391129503758	0.0	1464921	4134.26534637885	2.85
2966.080596330846	4300	12.39411752694903	0.0	2246506	5449.79376808855	2.8499999999999996
2971.275425562935	4300	11.199288294859914	0.0	1961140	5194.829232089118	4.3
2976.8544551449872	4300	9.6202587128079	0.0	2155012	5579.029582052014	4.3

