9087.976789939115	750	4.0	2.8154029051600578	450283	2815.402905160058	-11.356232492188248
9089.806258836092	750	6.170531103021715	0.0	398865	1829.4688969782844	0.75
9091.158942159453	750	8.81784777966094	0.0	350812	1352.6833233607754	0.75
9092.883662195543	750	11.093127743570902	0.0	382355	1724.720036090038	0.75
9094.96648218918	750	13.010307749934196	0.0	411561	2082.8199936367064	0.75
9096.448525230322	750	15.528264708791747	0.0	318564	1482.0430411424488	0.75
9098.116561979745	750	17.860227959369062	0.0	352642	1668.0367494226864	0.75
9100.60013440237	750	19.376655536743243	0.0	437162	2483.5724226258194	0.75
9103.80622364958	750	20.170566289533003	0.0	374758	3206.089247210243	0.75
9106.106940947982	750	21.869848991132336	0.0	362795	2300.7172984006647	0.75
9108.05692722475	750	23.919862714364637	0.0	353220	1949.9862767676993	0.75
9110.087488852641	750	25.889301086474585	0.0	405134	2030.5616278900516	0.75
9116.647685640424	1850	23.329104298690275	0.0	946851	6560.196787784307	0.75
9122.752809345884	1850	21.223980593230696	0.0	1036454	6105.1237054595795	1.85
9126.750283495558	1850	21.226506443556215	0.0	821631	3997.4741496744778	1.85
9132.141875319781	1850	19.834914619333073	0.0	923170	5391.591824223141	1.85
9139.351702043228	1850	16.625087895885255	0.0	966699	7209.826723447821	1.85
9148.503897029059	1850	11.472892910054956	0.0	885714	9152.1949858303	1.85
9153.627735954688	750	10.349053984426973	0.0	405596	5123.8389256279825	-0.3500000000000001
9156.04598390739	750	11.930806031722936	0.0	350713	2418.2479527040373	0.75
9160.71304801001	750	11.263741929103336	0.0	386472	4667.064102619598	0.75
9164.803179070863	750	11.173610868251343	0.0	399894	4090.131060851995	0.75
9171.615840448661	750	8.36094949045255	0.0	401853	6812.661377798793	0.75
9173.066456577182	300	10.910333361930737	0.0	137654	1450.6161285218107	-0.15000000000000002
9174.181425929404	300	13.795364009708129	0.0	146754	1114.9693522226091	0.3
9177.436567188422	750	14.54022275069066	0.0	379700	3255.141259017468	0.3
9180.319828365358	750	15.656961573755918	0.0	425781	2883.261176934742	0.75
9182.111742588308	750	17.865047350806442	0.0	277716	1791.9142229494746	0.75
9185.616028119475	750	18.360761819638682	0.0	400396	3504.2855311677613	0.75
9190.332314817926	750	17.64447512118757	0.0	400508	4716.286698451112	0.75
9195.582481214571	750	16.394308724541624	0.0	358218	5250.166396645944	0.75
9200.371435446259	750	15.605354492855273	0.0	400322	4788.954231686353	0.75
9204.614130421509	750	15.362659517605433	0.0	369834	4242.694975249841	0.75
9208.9180835034	750	15.058706435713543	0.0	412837	4303.953081891889	0.75
9211.925411495886	750	16.051378443229755	0.0	401088	3007.3279924837884	0.75
9214.007522976237	750	17.969266962878685	0.0	365161	2082.111480351069	0.75
9215.556039841946	750	20.420750097169822	0.0	321064	1548.5168657088657	0.75
9220.56875016979	1850	19.408039769325836	0.0	938587	5012.7103278439845	0.75
9225.832792605861	1850	18.143997333255896	0.0	908665	5264.04243606994	1.85
9230.12731924788	1850	17.849470691234792	0.0	930577	4294.526642021102	1.85
9234.80996738684	1850	17.166822552276034	0.0	858450	4682.648138958759	1.85
9239.786856561563	1850	16.189933377553512	0.0	1025005	4976.88917472252	1.85
9243.812110783314	1850	16.164679155801597	0.0	886255	4025.2542217519144	1.85
9248.04513276171	1850	15.931657177406748	0.0	973972	4233.021978394848	1.85
9251.736406556034	1850	16.24038338308257	0.0	958994	3691.2737943241787	1.85
9255.767805962736	1850	16.208983976382093	0.0	982064	4031.399406700475	1.85
9260.047058103459	1850	15.929731835658611	0.0	830730	4279.252140723483	1.85
9264.987520276474	1850	14.98926966264412	0.0	846370	4940.462173014492	1.85

