3847.317829550185	750	4.0	7.440727505900059	450283	7440.7275059000585	-31.245128275370252
3849.944007863539	300	5.373821686645989	0.0	155580	2626.1783133540107	-0.15000000000000002
3851.5082888169873	300	7.809540733197551	0.0	139857	1564.2809534484381	0.3
3854.8308216820587	750	8.487007868126044	0.0	382355	3322.532865071507	0.3
3856.8579081969974	750	10.459921353187296	0.0	411561	2027.086514938747	0.75
3859.2647361713643	1200	12.05309337882042	0.0	520315	2406.8279743668745	0.75
3865.5936066933727	1850	9.724222856812249	0.0	905515	6328.870522008172	1.2000000000000002
3869.430347957712	1200	9.887481592472568	0.0	709534	3836.7412643396806	0.5499999999999999
3872.5046390719517	1200	10.81319047823327	0.0	584846	3074.291114239296	1.2
3875.764773901665	1200	11.553055648519862	0.0	560821	3260.134829713408	1.2
3882.018620127676	1850	9.299209422508826	0.0	939819	6253.846226011036	1.2000000000000002
3885.0422023080164	1200	10.275627242168614	0.0	594078	3023.582180340212	0.5499999999999999
3887.9687093739	1200	11.34912017628515	0.0	624282	2926.5070658834643	1.2
3892.5797141804546	1850	10.73811536973032	0.0	1036454	4611.004806554828	1.2000000000000002
3895.598972127549	1200	11.71885742263535	0.0	526950	3019.257947094969	0.5499999999999999
3901.311817250393	1850	10.006012299791866	0.0	923170	5712.845122843485	1.2000000000000002
3905.143858238276	1200	10.173971311908419	0.0	617242	3832.0409878834466	0.5499999999999999
3909.2303773468993	1200	10.087452203285277	0.0	581493	4086.5191086231434	1.2
3916.668075071027	1200	6.649754479157461	0.0	639204	7437.6977241278155	1.2
3917.525780037084	300	9.792049513100537	0.0	140881	857.7049660569248	-0.6000000000000001
3925.3967098903695	1200	5.9211196598153615	0.0	601738	7870.929853285176	0.29999999999999993
3926.853996536655	300	8.463833013529975	0.0	157812	1457.2866462853867	-0.6000000000000001
3930.7655161208118	750	8.552313429372836	0.0	401853	3911.5195841571385	0.3
3935.427548582874	750	7.890280967311032	0.0	343800	4662.032462061804	0.75
3938.3676177526704	750	8.950211797514418	0.0	359903	2940.0691697966126	0.75
3942.4248532759957	750	8.892976274189104	0.0	379700	4057.2355233253147	0.75
3947.623281294377	750	7.694548255807911	0.0	425781	5198.428018381193	0.75
3949.9931205044145	750	9.324709045770405	0.0	277716	2369.839210037506	0.75
3954.498834415304	1200	8.818995134880861	0.0	622896	4505.713910889545	0.75
3956.8725541975664	750	10.445275352618289	0.0	400508	2373.7197822625703	0.3
3962.23954843309	1200	9.078281117094825	0.0	570392	5366.994235523465	0.75
3965.755202815241	1200	9.562626734944173	0.0	620283	3515.654382150652	1.2
3969.4907913742786	1200	9.827038175906292	0.0	584349	3735.5885590378807	1.2
3973.129447937484	1200	10.188381612700502	0.0	670129	3638.6565632057927	1.2
3976.6067445230683	1200	10.71108502711659	0.0	690253	3477.29658558391	1.2
3979.755931612386	1200	11.561897937799213	0.0	598727	3149.187089317378	1.2
3984.1014733189386	1850	11.216356231246685	0.0	728962	4345.541706552526	1.2000000000000002
3989.238044542429	1850	10.079785007756202	0.0	938587	5136.571223490484	1.85
3992.306225629081	1200	11.011603921104067	0.0	605884	3068.181086652136	0.5499999999999999
3997.807089922426	1850	9.510739627759282	0.0	930577	5500.864293344785	1.2000000000000002
4001.3603677960027	1200	9.957461754182328	0.0	566904	3553.2778735769543	0.5499999999999999
4005.091587731562	1200	10.226241818623084	0.0	641452	3731.2199355592443	1.2
4007.949561417065	1200	11.36826813312009	0.0	599477	2857.9736855029955	1.2
4012.1121683509296	1850	11.205661199255562	0.0	973972	4162.606933864527	1.2000000000000002
4016.4287892869634	1850	10.889040263221839	0.0	958994	4316.620936033724	1.85
4020.2825658241873	1200	11.035263725997666	0.0	638661	3853.776537224173	0.5499999999999999
4024.20471056616	1850	11.1131189840251	0.0	830730	3922.1447419725664	1.2000000000000002
4028.8091650095485	1850	10.508664540636573	0.0	846370	4604.454443388526	1.85

