45187.88080549198	750	4.0	2.905148303948766	450283	2905.148303948766	-11.742137706979694
45190.734239186575	750	5.1465663053954085	0.0	398865	2853.433694604591	0.75
45192.60302083741	750	7.277784654566509	0.0	350812	1868.7816508288997	0.75
45195.43780814907	750	8.442997342902602	0.0	382355	2834.787311663905	0.75
45199.074183495715	1200	8.806621996254966	0.0	652874	3636.375346647638	0.75
45202.45971353104	1200	9.421091960932385	0.0	520315	3385.5300353225807	1.2
45205.83616791486	1200	10.044637577113189	0.0	561791	3376.454383819194	1.2
45209.28923216933	1200	10.591573322639833	0.0	709534	3453.0642544733564	1.2
45211.830965161986	1200	12.049840329986754	0.0	584846	2541.7329926530792	1.2
45214.34875575969	1200	13.532049732283891	0.0	560821	2517.7905977028618	1.2
45218.08264256672	1200	13.798162925249638	0.0	607410	3733.886807034252	1.2
45221.86492072024	1200	14.015884771724547	0.0	594078	3782.2781535250897	1.2
45225.15174320231	1200	14.729062289654124	0.0	624282	3286.8224820704236	1.2
45230.446715401944	1200	13.43409009001925	0.0	687371	5294.972199634874	1.2
45236.7445065691	1200	11.136298922860998	0.0	526950	6297.7911671582515	1.2
45241.2431004471	750	10.637705044856363	0.0	366214	4498.593878004636	0.3
45243.5517223672	750	12.329083124763084	0.0	360831	2308.6219200932765	0.75
45246.16525920351	750	13.71554628845556	0.0	372963	2613.536836307525	0.75
45249.46241312502	750	14.418392366946945	0.0	405596	3297.153921508617	0.75
45251.712788377525	750	16.168017114435756	0.0	350713	2250.3752525111863	0.75
45254.269703613456	750	17.61110187850575	0.0	386472	2556.9152359300074	0.75
45256.84762524642	750	19.03318024553637	0.0	399894	2577.9216329693754	0.75
45260.47856576214	1200	19.402239729817826	0.0	656471	3630.940515718548	0.75
45263.708646277046	1200	20.17215921490751	0.0	536667	3230.080514910316	1.2
45267.05258385322	1200	20.82822163873269	0.0	587236	3343.9375761748183	1.2
45271.95741533771	1850	19.9233901542404	0.0	905935	4904.831484492286	1.2000000000000002
45277.81760928782	1850	18.063196204128378	0.0	1076599	5860.193950112025	1.85
45282.52496871866	1850	17.355836773295202	0.0	758197	4707.359430833172	1.85
45289.780898066485	1850	14.099907425469944	0.0	972798	7255.9293478252575	1.85
45298.0040547396	1850	9.876750752353418	0.0	975811	8223.156673116526	1.85
45302.821733029305	1200	9.059072462648059	0.0	570392	4817.678289705359	0.5499999999999999
45308.343795481735	1200	7.537010010222994	0.0	620283	5522.062452425064	1.2
45310.99121141929	750	8.88959407266643	0.0	369834	2647.415937556564	0.3
45314.56305396814	750	9.317751523819512	0.0	412837	3571.842548846918	0.75
45318.08203354616	750	9.798771945796783	0.0	401088	3518.979578022728	0.75
45321.0907002155	750	10.79010527645801	0.0	365161	3008.666669338772	0.75
45324.55188955999	750	11.3289159319674	0.0	321064	3461.1893444906104	0.75
45327.46981619695	750	12.410989295009145	0.0	361565	2917.926636958254	0.75
45330.19317191418	750	13.687633577775378	0.0	378327	2723.3557172337687	0.75
45333.61570381783	750	14.265101674127315	0.0	390680	3422.531903648062	0.75
45336.524930655265	750	15.355874836696534	0.0	345516	2909.2268374307823	0.75
45340.83446491597	750	15.046340575989591	0.0	384505	4309.534260706942	0.75
45346.277826058715	750	13.602979433240867	0.0	372093	5443.361142748722	0.75
45349.28306049266	750	14.597744999301076	0.0	438281	3005.2344339397914	0.75
45351.75441058485	750	16.126394907107585	0.0	398987	2471.350092193493	0.75
45355.65237687939	1200	16.228428612564915	0.0	638661	3897.96629454267	0.75
45358.57197418013	1200	17.308831311828595	0.0	538612	2919.5973007363204	1.2
45365.69432456989	2850	14.186480922064279	0.0	1364537	7122.350389764316	1.2000000000000002

