3100.5317513542277	750	4.0	2.2204497569923474	450283	2220.4497569923474	-8.797933955067093
3101.3818344839356	300	7.14991687029244	0.0	155580	850.0831297075605	-0.15000000000000002
3103.16643579352	750	9.365315560708215	0.0	350812	1784.6013095842247	0.3
3108.6454518431497	1200	7.886299511078631	0.0	617681	5479.016049629584	0.75
3114.260947930523	750	6.270803423705265	0.0	411561	5615.496087373367	0.3
3114.8538638188274	300	9.677887535400654	0.0	126289	592.9158883046105	-0.15000000000000002
3117.2724313992812	1200	11.25931995494716	0.0	561791	2418.5675804534953	0.29999999999999993
3121.7495751893566	1850	10.782176164871817	0.0	1060487	4477.143790075342	1.2000000000000002
3128.9263865819994	1200	7.605364772229465	0.0	584846	7176.811392642351	0.5499999999999999
3133.4114655387234	750	7.120285815505211	0.0	362795	4485.078956724255	0.3
3137.6697385069206	750	6.862012847307999	0.0	353220	4258.272968197212	0.75
3139.2681731088555	300	9.2635782453727	0.0	156148	1598.4346019352968	-0.15000000000000002
3143.2887163000973	1200	9.243035054131214	0.0	624282	4020.543191241485	0.29999999999999993
3150.451112727946	1200	6.080638626282579	0.0	687371	7162.3964278486355	1.2
3151.5425473518594	300	8.989204002369355	0.0	140051	1091.4346239132246	-0.6000000000000001
3154.1026027713633	750	10.429148582865713	0.0	366214	2560.055419503643	0.3
3157.552616469764	1200	10.97913488446479	0.0	617242	3450.0136984009246	0.75
3160.2206201336253	1200	12.311131220603688	0.0	581493	2668.003663861102	1.2
3164.865296010824	1850	11.66645534340534	0.0	987708	4644.675877198346	1.2000000000000002
3169.190667386709	1850	11.34108396752037	0.0	923755	4325.37137588497	1.85
3173.9515104191214	1850	10.580240935107703	0.0	891604	4760.8430324126675	1.85
3177.420164178884	1200	11.111587175345106	0.0	616206	3468.6537597625984	0.5499999999999999
3183.1714276788994	1850	9.360323675329772	0.0	968026	5751.263500015334	1.2000000000000002
3186.695306964641	1200	9.836444389588182	0.0	536667	3523.879285741589	0.5499999999999999
3190.1463768834637	1200	10.38537447076536	0.0	587236	3451.069918822823	1.2
3193.1692816641416	1200	11.362469690087815	0.0	590335	3022.904780677545	1.2
3203.9645132353344	1850	4.567238118895019	0.0	1076599	10795.231571192797	1.2000000000000002
3205.8972065916414	300	6.634544762587866	0.0	111155	1932.693356307152	-1.25
3207.571679647329	300	8.960071706900559	0.0	153605	1674.473055687307	0.3
3213.283094923156	750	7.248656431073116	0.0	400508	5711.415275827442	0.3
3215.0821039844245	750	9.449647369805058	0.0	358218	1799.0090612680588	0.75
3218.414508340736	1200	10.117243013493553	0.0	620283	3332.404356311504	0.75
3221.2020011599866	1200	11.32975019424301	0.0	584349	2787.492819250542	1.2
3226.5434595040297	1850	9.988291850199948	0.0	1035329	5341.458344043061	1.2000000000000002
3229.3999467512667	1200	11.131804602963083	0.0	690253	2856.487247236865	0.5499999999999999
3233.2596456788615	1850	11.272105675368337	0.0	943942	3859.6989275947453	1.2000000000000002
3237.2864380584615	1850	11.245313295768272	0.0	728962	4026.792379600066	1.85
3243.0486714027484	1850	9.483079951481614	0.0	938587	5762.233344286658	1.85
3246.857402039251	1200	9.674349314978729	0.0	605884	3808.730636502886	0.5499999999999999
3249.9149221166754	1200	10.616829237554622	0.0	587506	3057.5200774241066	1.2
3253.382521872563	1200	11.149229481667003	0.0	566904	3467.599755887619	1.2
3260.4850970520692	1850	8.046654302160462	0.0	1025005	7102.575179506542	1.2000000000000002
3263.2485044805594	750	9.283246873670564	0.0	372093	2763.4074284898993	-0.3500000000000001
3266.1387017855427	1200	10.393049568687422	0.0	634861	2890.1973049831413	0.75
3269.1928963656037	1200	11.338854988626277	0.0	630203	3054.194580061144	1.2
3278.0514327802116	1850	6.4803185740183675	0.0	982064	8858.53641460791	1.2000000000000002
3279.744100239782	300	8.787651114448373	0.0	137507	1692.6674595699947	-1.25
3282.4229771337905	750	10.108774220439606	0.0	314107	2678.876894008765	0.3

