566.2757730054733	750	4.0	1.661300867963679	450283	1661.300867963679	-6.393593732243819
567.1649100720797	300	7.1108629333935545	0.0	155580	889.137066606446	-0.15000000000000002
568.9840797901313	750	9.291693215342029	0.0	350812	1819.1697180515243	0.3
571.7741758293787	1200	10.501597176094641	0.0	617681	2790.0960392473876	0.75
574.7297292490671	1200	11.546043756406325	0.0	652874	2955.5534196883173	1.2
584.7992085543422	1850	5.476564451131191	0.0	801058	10069.479305275134	1.2000000000000002
585.8796876771606	300	8.396085328312784	0.0	153295	1080.4791228184067	-1.25
588.5332843478651	750	9.742488657608236	0.0	437162	2653.5966707045477	0.3
592.076394426689	1200	10.199378578784362	0.0	584846	3543.1100788238737	0.75
596.4204079268063	1200	9.855365078666981	0.0	560821	4344.013500117382	1.2
600.4208555032087	1200	9.854917502264692	0.0	607410	4000.4475764022873	1.2
603.5339591471242	1200	10.741813858349245	0.0	594078	3113.1036439154473	1.2
606.1451671888564	1200	12.130605816617097	0.0	624282	2611.2080417321486	1.2
611.5543273413535	1850	10.721445664119939	0.0	1036454	5409.160152497157	1.2000000000000002
614.5150316294921	1200	11.760741375981402	0.0	526950	2960.704288138537	0.5499999999999999
620.532409549187	1850	9.74336345628642	0.0	923170	6017.377919694983	1.2000000000000002
629.3457393276082	1200	4.9300336778653	0.0	617242	8813.32977842112	0.5499999999999999
630.525465928419	300	7.750307077054495	0.0	150616	1179.7266008108052	-0.6000000000000001
634.4140458487907	750	7.86172715668276	0.0	405596	3888.5799203717343	0.3
636.7464436384658	750	9.529329367007573	0.0	350713	2332.397789675188	0.75
640.4171793982977	1200	9.85859360717575	0.0	601738	3670.7357598318226	0.75
643.829813744706	1200	10.445959260767488	0.0	616206	3412.6343464082624	1.2
648.1146640312497	1200	10.161108974223756	0.0	656471	4284.85028654373	1.2
650.660770352004	1200	11.61500265346948	0.0	536667	2546.106320754276	1.2
654.2489323019691	1850	12.026840703504327	0.0	897976	3588.1619499651524	1.2000000000000002
657.7597050896499	1850	12.51606791582356	0.0	905935	3510.772787680768	1.85
664.1576673804486	1850	10.118105625024796	0.0	1076599	6397.962290798764	1.85
666.9122500467028	1200	11.36352295877065	0.0	487160	2754.582666254146	0.5499999999999999
672.2750389759419	1850	10.000734029531467	0.0	972798	5362.788929239185	1.2000000000000002
676.0376937010361	1200	10.238079304437214	0.0	641447	3762.6547250942517	0.5499999999999999
679.6318790477796	1200	10.643893957693832	0.0	570392	3594.185346743383	1.2
683.2170384947913	1200	11.058734510682221	0.0	620283	3585.1594470116097	1.2
686.7250596631383	1850	11.550713342335202	0.0	885062	3508.0211683470184	1.2000000000000002
690.6130779542058	1850	11.662695051267626	0.0	1035329	3888.018291067575	1.85
693.8022555841882	1850	12.473517421285232	0.0	1026056	3189.1776299823946	1.85
698.1221509161815	1850	12.153622089291828	0.0	943942	4319.895331993405	1.85
703.1070495626535	1850	11.168723442819815	0.0	728962	4984.898646472013	1.85
706.8309757224063	1850	11.444797283067007	0.0	938587	3723.9261597528075	1.85
710.5149930640968	1850	11.760779941376514	0.0	908665	3684.0173416904945	1.85
713.9651311572987	1850	12.310641848174559	0.0	930577	3450.138093201955	1.85
717.379263832153	1850	12.896509173320172	0.0	858450	3414.132674854387	1.85
721.6084076938158	1850	12.66736531165751	0.0	1025005	4229.143861662659	1.85
725.5637703078486	1850	12.712002697624671	0.0	886255	3955.36261403284	1.85
741.5022600999725	1850	4.0	3.2264870944993653	973972	15938.489792124037	-12.02389450634727
742.7914970731467	300	6.710763026825816	0.0	167025	1289.2369731741837	-1.25
743.9956003229876	300	9.506659776985009	0.0	160064	1204.1032498408088	0.3
747.1045076648161	1200	10.397752435156445	0.0	538612	3108.907341828564	0.29999999999999993
749.74924098753	1200	11.753019112442523	0.0	550906	2644.733322713921	1.2

