9272.428247782374	750	4.0	7.440727505900059	450283	7440.7275059000585	-31.245128275370252
9275.054426095729	300	5.373821686645989	0.0	155580	2626.1783133540107	-0.15000000000000002
9276.618707049176	300	7.809540733197551	0.0	139857	1564.2809534484381	0.3
9278.786142966885	300	9.64210481548831	0.0	155432	2167.435917709242	0.3
9279.702344059837	300	12.725903722537376	0.0	163442	916.2010929509345	0.3
9281.35718312148	750	15.071064660892784	0.0	318564	1654.8390616445924	0.3
9282.866182842063	750	17.562064940310385	0.0	352642	1508.999720582399	0.75
9285.070688007167	750	19.35755977520704	0.0	437162	2204.505165103346	0.75
9287.22741688491	750	21.20083089746353	0.0	374758	2156.7288777435083	0.75
9293.675123384037	1850	18.75312439833714	0.0	913888	6447.706499126391	0.75
9298.414693269502	1850	18.013554512871	0.0	939819	4739.569885466139	1.85
9304.757703120727	1850	15.670544661645856	0.0	917428	6343.009851225144	1.85
9309.879939660372	1850	14.548308121999883	0.0	946851	5122.236539645973	1.85
9314.548204310908	1850	13.880043471465545	0.0	1036454	4668.264650534338	1.85
9318.345855666903	1850	14.082392115469428	0.0	821631	3797.651355996115	1.85
9324.05457011333	1850	12.373677669042504	0.0	923170	5708.714446426927	1.85
9329.806096048795	1850	10.622151733578931	0.0	966699	5751.525935463572	1.85
9332.323482265228	750	12.104765517145307	0.0	372963	2517.3862164336256	-0.3500000000000001
9335.81638609629	750	12.611861686082728	0.0	405596	3492.9038310625774	0.75
9340.574248260978	750	11.85399952139561	0.0	350713	4757.862164687117	0.75
9341.923454591413	300	14.504793190960436	0.0	157671	1349.2063304351739	-0.15000000000000002
9345.237998660923	750	15.190249121450876	0.0	399894	3314.544069509561	0.3
9351.139688839188	750	13.288558943186775	0.0	401853	5901.6901782641	0.75
9354.67209902223	750	13.7561487601441	0.0	343800	3532.4101830426744	0.75
9359.348316725898	750	13.079931056474969	0.0	359903	4676.217703669133	0.75
9362.547444829503	750	13.880802952871226	0.0	379700	3199.1281036037417	0.75
9366.628789197628	750	13.799458584746763	0.0	425781	4081.344368124464	0.75
9370.62816411001	750	13.800083672362872	0.0	277716	3999.3749123838898	0.75
9374.378225406856	750	14.05002237551764	0.0	400396	3750.061296845232	0.75
9377.430568890022	750	14.997678892351459	0.0	400508	3052.343483166182	0.75
9380.007666545931	750	16.42058123644222	0.0	358218	2577.097655909239	0.75
9382.448975682331	750	17.97927210004277	0.0	400322	2441.309136399452	0.75
9386.475424672799	750	17.952823109575416	0.0	369834	4026.448990467353	0.75
9388.86475793909	750	19.563489843284376	0.0	412837	2389.333266291039	0.75
9391.32968947881	750	21.098558303564968	0.0	401088	2464.931539719409	0.75
9393.775917749726	750	22.652330032649527	0.0	365161	2446.2282709154433	0.75
9395.665415487181	750	24.762832295195512	0.0	321064	1889.4977374540154	0.75
9400.470071890382	1850	23.95817589199414	0.0	938587	4804.65640320137	0.75
9405.181152347912	1850	23.247095434465002	0.0	908665	4711.08045752914	1.85
9410.618671277602	1850	21.809576504773982	0.0	930577	5437.518929691019	1.85
9415.334480682315	1850	21.093767100059733	0.0	858450	4715.8094047142495	1.85
9420.669774494463	1850	19.758473287910753	0.0	1025005	5335.293812148977	1.85
9426.33758440363	1850	18.090663378744004	0.0	886255	5667.809909166751	1.85
9431.689313578858	1850	16.738934203517275	0.0	973972	5351.729175226731	1.85
9435.911812221513	1850	16.516435560860593	0.0	958994	4222.498642656679	1.85
9440.12171763141	1850	16.306530150965788	0.0	982064	4209.905409894806	1.85
9444.661520704938	1850	15.76672707743585	0.0	830730	4539.803073529938	1.85
9448.924343311657	1850	15.503904470717266	0.0	846370	4262.822606718582	1.85

