42800.838573575864	750	4.0	2.5826148246442413	450283	2582.6148246442413	-10.355243745970236
42802.031047762284	300	6.807525813577313	0.0	155580	1192.4741864226876	-0.15000000000000002
42803.1314269789	300	9.707146596961891	0.0	139857	1100.3792166154212	0.3
42807.776242574386	1200	9.062331001480052	0.0	617681	4644.815595481839	0.29999999999999993
42812.07609958805	1200	8.762473987818412	0.0	652874	4299.857013661641	1.2
42814.29419537134	750	10.544378204536118	0.0	318564	2218.095783282294	0.3
42818.131997532255	1200	10.706576043615469	0.0	561791	3837.8021609206503	0.75
42823.83478873641	1200	9.003784839457287	0.0	709534	5702.791204158181	1.2
42828.90385708674	1200	7.934716489128656	0.0	584846	5069.068350328631	1.2
42832.01292945215	750	8.825644123724352	0.0	362795	3109.0723654043027	0.3
42834.95744755889	750	9.881126016977117	0.0	353220	2944.5181067472363	0.75
42840.65958047889	1200	8.178993096974908	0.0	594078	5702.132920002208	0.75
42844.77895382949	750	8.059619746376429	0.0	386351	4119.373350598478	0.3
42849.36508878743	750	7.473484788435108	0.0	434409	4586.134957941321	0.75
42852.441833021745	750	8.396740554118397	0.0	337059	3076.744234316712	0.75
42855.91005199955	750	8.928521576316493	0.0	366214	3468.218977801904	0.75
42859.021475293834	750	9.81709828203424	0.0	360831	3111.4232942822537	0.75
42863.43529481367	1200	9.40327876219579	0.0	581493	4413.819519838451	0.75
42868.30126493382	1200	8.537308642048519	0.0	639204	4865.970120147271	1.2
42871.144098482895	750	9.694475092971528	0.0	350713	2842.833549076989	0.3
42875.484498180216	1200	9.354075395646735	0.0	601738	4340.399697324795	0.75
42879.90262763353	1200	8.9359459423359	0.0	616206	4418.129453310834	1.2
42882.50722743349	750	10.331346142378425	0.0	401853	2604.599799957476	0.3
42886.6401175518	1200	10.198456024068047	0.0	536667	4132.890118310376	0.75
42891.4329314454	1200	9.405642130463082	0.0	587236	4792.813893604966	1.2
42896.48655546223	1200	8.352018113623577	0.0	590335	5053.624016839506	1.2
42900.86826556008	750	7.9703080157851875	0.0	425781	4381.71009783839	0.3
42904.438928068084	750	8.39964550777444	0.0	277716	3570.662508010746	0.75
42908.84159627888	750	7.996977296987716	0.0	400396	4402.668210786725	0.75
42913.4272686484	750	7.411304927468852	0.0	400508	4585.672369518865	0.75
42916.77733169627	750	8.061241879590979	0.0	358218	3350.063047877873	0.75
42920.31505924345	750	8.523514332412693	0.0	400322	3537.7275471782855	0.75
42923.688143609936	750	9.150429965928272	0.0	369834	3373.084366484422	0.75
42929.63800537729	1200	7.200568198575906	0.0	670129	5949.861767352366	0.75
42933.25367434162	750	7.584899234245611	0.0	401088	3615.668964330294	0.3
42937.23785000371	750	7.600723572151208	0.0	365161	3984.175662094403	0.75
42941.113121571776	750	7.725452004087445	0.0	321064	3875.271568063763	0.75
42948.09813557437	750	4.740438001497499	0.0	361565	6985.014002589945	0.75
42949.582472224894	300	7.256101350975968	0.0	144254	1484.3366505215308	-0.15000000000000002
42953.28799603534	750	7.550577540527579	0.0	390680	3705.5238104483897	0.3
42956.23605218621	750	8.602521389655584	0.0	345516	2948.056150871995	0.75
42959.51402469439	750	9.324548881468802	0.0	384505	3277.9725081867823	0.75
42964.683229494934	1200	8.155344080922154	0.0	599477	5169.204800546648	0.75
42968.13799148374	750	8.700582092119767	0.0	438281	3454.761988802388	0.3
42971.330021902904	750	9.50855167295405	0.0	398987	3192.030419165715	0.75
42977.27067975602	1200	7.56789381984385	0.0	638661	5940.6578531102	0.75
42982.475511696044	750	6.36306187981738	0.0	331053	5204.83194002647	0.3
42985.131266022145	300	7.70730755370875	0.0	118421	2655.7543261086307	-0.15000000000000002

