1922.5428282073483	750	4.0	1.932744951541337	450283	1932.744951541337	-7.5608032916277494
1923.478791703647	300	7.064036503701194	0.0	155580	935.9634962988063	-0.15000000000000002
1924.2907406914217	300	10.252087515926648	0.0	139857	811.9489877745453	0.3
1926.060614395921	750	12.482213811427428	0.0	382355	1769.8737044992208	0.3
1928.2511102576489	1200	14.291717949699482	0.0	652874	2190.4958617279467	0.75
1930.7204087369294	1850	15.822419470419016	0.0	801058	2469.2984792804664	1.2000000000000002
1933.7626808233456	1850	16.780147384002756	0.0	905515	3042.2720864162575	1.85
1937.2218880317425	1850	17.320940175605795	0.0	1060487	3459.2072083969624	1.85
1939.6419000287706	1850	18.900928178577683	0.0	852833	2420.011997028112	1.85
1943.1542167925963	2850	19.388611414751992	0.0	1429765	3512.3167638256914	1.85
1946.7226305467223	2850	19.820197660625837	0.0	1354548	3568.413754126155	2.85
1950.3822682227303	2850	20.160559984617713	0.0	1519951	3659.6376760081207	2.85
1954.0559836596462	2850	20.486844547701786	0.0	1422919	3673.715436915928	2.85
1958.024829571796	2850	20.517998635551944	0.0	1578343	3968.8459121498436	2.85
1961.1165720499196	2850	21.4262561574286	0.0	1231445	3091.7424781233426	2.85
1965.377174013578	2850	21.16565419376999	0.0	1471065	4260.601963658612	2.85
1970.3069002848647	2850	20.235927922483324	0.0	1491626	4929.726271286667	2.85
1974.004987717427	2850	20.53784048992122	0.0	1358801	3698.087432562106	2.85
1978.6890300940759	2850	19.85379811327217	0.0	1537156	4684.042376649051	2.85
1982.4629431452718	2850	20.07988506207631	0.0	1336050	3773.9130511958588	2.85
1987.1059867047122	2850	19.436841502635897	0.0	1415116	4643.043559440416	2.85
1991.3399389541505	2850	19.20288925319751	0.0	1468126	4233.952249438385	2.85
1995.3854485010193	2850	19.157379706328815	0.0	1505760	4045.509546868698	2.85
1998.592151372847	2850	19.950676834501277	0.0	1323990	3206.7028718275383	2.85
2001.9051305044998	2850	20.637697702848563	0.0	1383735	3312.9791316527103	2.85
2007.1152680892073	4300	19.427560118140935	0.0	2105231	5210.137584707627	2.8499999999999996
2011.3225068610548	2850	19.220321346293378	0.0	1547572	4207.238771847559	1.4000000000000001
2014.3305477171273	2850	20.21228049022093	0.0	1141971	3008.0408560724454	2.85
2020.7897127580748	2850	17.753115449273388	0.0	1498470	6459.165040947544	2.85
2023.0902085507805	1850	19.452619656567673	0.0	975811	2300.495792705715	0.8500000000000001
2026.3575067407562	2850	20.185321466592217	0.0	1341201	3267.298189975457	1.85
2030.1033596721281	2850	20.439468535220197	0.0	1497683	3745.8529313720205	2.85
2034.2173325305796	2850	20.325495676768888	0.0	1358081	4113.972858451306	2.85
2038.5849612068994	2850	19.95786700044894	0.0	1587293	4367.62867631995	2.85
2041.7552777758394	2850	20.78755043150901	0.0	1492672	3170.316568939928	2.85
2046.8636845237493	4300	19.679143683599214	0.0	2143948	5108.406747909796	2.8499999999999996
2049.4197392994756	2850	21.123088907872607	0.0	1139291	2556.054775726606	1.4000000000000001
2055.944893726458	4300	18.597934480890146	0.0	2147467	6525.154426982464	2.8499999999999996
2059.8743255076924	2850	18.668502699655807	0.0	1427478	3929.4317812343365	1.4000000000000001
2063.181385461293	2850	19.361442746055644	0.0	1402287	3307.0599536001637	2.85
2066.937438957489	2850	19.605389249859233	0.0	1339500	3756.053496196412	2.85
2070.2589551607603	2850	20.283873046588216	0.0	1527299	3321.516203271017	2.85
2076.0700763466757	4300	18.472751860672535	0.0	2121928	5811.121185915678	2.8499999999999996
2079.6267843187256	2850	18.916043888622585	0.0	1587250	3556.7079720499496	1.4000000000000001
2083.764864807721	2850	18.7779633996272	0.0	1464921	4138.080488995386	2.85
2087.9580195353396	2850	18.584808672009082	0.0	1483527	4193.154727618116	2.85
2090.648199705067	2850	19.894628502281645	0.0	1231456	2690.180169727439	2.85
2095.5239850720072	4300	19.018843135341246	0.0	2155012	4875.7853669403985	2.8499999999999996

