4504.945243012239	750	4.0	15.797987384245365	450283	15797.987384245365	-67.18134575225507
4508.706861586238	300	4.238381426000782	0.0	155580	3761.6185739992175	-0.15000000000000002
4510.236677473215	300	6.708565539023683	0.0	139857	1529.8158869770998	0.3
4512.219439486846	300	8.725803525393273	0.0	155432	1982.762013630411	0.3
4514.146813151983	300	10.798429860255215	0.0	163442	1927.3736651380568	0.3
4518.028797335788	300	10.916445676451254	0.0	126289	3881.984183803962	0.3
4520.214938409804	300	12.730304602435531	0.0	153295	2186.141074015722	0.3
4522.0343339338615	300	14.910909078376621	0.0	173849	1819.3955240589114	0.3
4524.167511786734	300	16.777731225503825	0.0	150710	2133.177852872798	0.3
4525.76318515543	300	19.18205785680817	0.0	139105	1595.6733686956513	0.3
4527.29421207823	300	21.651030934008276	0.0	141840	1531.026922799897	0.3
4531.207256592057	750	21.737986420181308	0.0	405134	3913.0445138269693	0.3
4534.5171088847455	750	22.42813412749275	0.0	386351	3309.8522926885553	0.75
4537.580669778514	750	23.364573233724254	0.0	434409	3063.5608937684947	0.75
4543.35476967408	1200	21.59047333815826	0.0	526950	5774.099895565992	0.75
4550.113255205905	1200	18.831987806332325	0.0	587876	6758.485531825934	1.2
4555.100555075188	1200	17.844687937048985	0.0	617242	4987.2998692833435	1.2
4558.853155244098	1200	18.092087768139237	0.0	581493	3752.600168909745	1.2
4562.601635375199	1200	18.34360763703878	0.0	639204	3748.480131100459	1.2
4565.927728684754	1200	19.017514327483624	0.0	586839	3326.0933095551545	1.2
4569.624956976095	1200	19.320286036142324	0.0	601738	3697.2282913412982	1.2
4573.190183681724	1200	19.755059330513014	0.0	616206	3565.2267056293103	1.2
4577.022980620101	1200	19.922262392136414	0.0	656471	3832.796938376599	1.2
4579.679750067072	1200	21.265492945165857	0.0	536667	2656.7694469705566	1.2
4583.642375687648	1850	21.302867324589045	0.0	897976	3962.625620576812	1.2000000000000002
4589.828292857188	2850	19.116950155050027	0.0	1480464	6185.917169539017	1.85
4597.437042187829	2850	15.508200824408322	0.0	1547572	7608.749330641707	2.85
4605.113588792459	2850	11.83165421977828	0.0	1141971	7676.54660463004	2.85
4617.4884492839965	2850	4.0	0.5432062717590234	1498470	12374.860491537303	0.5142130314361997
4619.515528609045	750	5.972920674951389	0.0	400508	2027.0793250486106	-1.35
4621.465467385102	750	8.02298189889445	0.0	358218	1949.9387760569396	0.75
4623.737610324246	750	9.750838959750688	0.0	400322	2272.142939143762	0.75
4625.626348514379	750	11.862100769617427	0.0	369834	1888.73819013326	0.75
4627.550560976098	750	13.937888307898834	0.0	412837	1924.212461718593	0.75
4632.871002489805	1850	12.617446794192173	0.0	1026056	5320.441513706662	0.75
4638.85769607556	1850	10.630753208436982	0.0	943942	5986.69358575519	1.85
4644.656011046098	1850	8.832438237899128	0.0	728962	5798.314970537852	1.85
4648.653312189374	1200	8.835137094622693	0.0	575591	3997.301143276436	0.5499999999999999
4652.615611063538	1200	8.872838220458846	0.0	605884	3962.2988741638464	1.2
4656.379324362637	1200	9.109124921360282	0.0	587506	3763.7132990985624	1.2
4660.158190965987	1200	9.33025831800971	0.0	566904	3778.866603350572	1.2
4664.2094420473	1200	9.279007236696012	0.0	641452	4051.2510813136987	1.2
4670.315953789316	1200	7.172495494680421	0.0	599477	6106.511742015591	1.2
4676.161895378867	750	5.326553905130678	0.0	438281	5845.941589549743	0.3
4677.545367247295	300	7.943082036702398	0.0	167025	1383.47186842828	-0.15000000000000002
4679.878083681339	750	9.610365602658083	0.0	393804	2332.716434044316	0.3
4682.267748056724	750	11.220701227274148	0.0	331053	2389.664375383935	0.75
4688.944392196212	1850	8.54405708778572	0.0	846370	6676.644139488427	0.75

