2979.093995103383	750	4.0	2.239539958395732	450283	2239.539958395732	-8.880021821101646
2980.8667061437704	750	6.227288959612474	0.0	398865	1772.7110403875265	0.75
2982.4240592657825	750	8.669935837600201	0.0	350812	1557.3531220122718	0.75
2984.1227726997126	750	10.97122240366985	0.0	382355	1698.713433930353	0.75
2987.057190339509	1200	12.036804763873878	0.0	652874	2934.417639795973	0.75
2989.451123450198	1200	13.642871653185285	0.0	520315	2393.933110688592	1.2
2991.9150502371417	1200	15.178944866241684	0.0	561791	2463.926786943601	1.2
2996.566450889949	1850	14.527544213434	0.0	1060487	4651.400652807684	1.2000000000000002
3000.631538582752	1850	14.462456520631454	0.0	852833	4065.087692802544	1.85
3004.642107770065	1850	14.45188733331814	0.0	913888	4010.5691873133137	1.85
3008.6507503239854	1850	14.443244779398436	0.0	939819	4008.642553919704	1.85
3012.330031495277	1850	14.7639636081062	0.0	917428	3679.2811712922353	1.85
3017.004088163076	1850	14.089906940307758	0.0	946851	4674.0566677984425	1.85
3021.9703852056186	1850	13.123609897764972	0.0	1036454	4966.297042542785	1.85
3026.8611382364647	1850	12.232856866918404	0.0	821631	4890.753030846568	1.85
3032.327072595089	1850	10.766922508294476	0.0	923170	5465.934358623929	1.85
3037.5712706146114	1850	9.522724488771798	0.0	966699	5244.198019522677	1.85
3045.116765327808	1850	5.977229775575103	0.0	885714	7545.494713196696	1.85
3050.1477184087553	1200	4.946276694627795	0.0	639204	5030.953080947308	0.5499999999999999
3051.9292608076394	750	7.164734295744047	0.0	350713	1781.5423988837488	0.3
3053.751296461278	750	9.342698642105573	0.0	386472	1822.0356536384736	0.75
3055.953706578778	750	11.140288524605479	0.0	399894	2202.4101175000937	0.75
3058.601910158809	750	12.492084944574591	0.0	401853	2648.203580030887	0.75
3061.5388842370066	1200	13.555110866376545	0.0	536667	2936.974078198047	0.75
3064.6900296087783	1200	14.403965494605302	0.0	587236	3151.1453717712434	1.2
3069.4136260832925	1200	13.6803690200911	0.0	590335	4723.596474514203	1.2
3077.7296422264903	1200	9.364352876893454	0.0	696376	8316.016143197645	1.2
3079.4218484518924	750	11.672146651491156	0.0	277716	1692.2062254022987	0.3
3081.881224549761	750	13.212770553622368	0.0	400396	2459.376097868788	0.75
3084.3733328745684	750	14.720662228815407	0.0	400508	2492.1083248069617	0.75
3087.103840230115	750	15.990154873268466	0.0	358218	2730.507355546941	0.75
3090.067395506473	750	17.026599596910454	0.0	400322	2963.5552763580104	0.75
3092.426646928687	750	18.66734817469681	0.0	369834	2359.251422213647	0.75
3097.2747496310835	1200	17.819245472300405	0.0	670129	4848.102702396404	0.75
3101.7325776585544	1200	17.36141744482939	0.0	690253	4457.828027471015	1.2
3106.6307738576097	1850	16.463221245774186	0.0	943942	4898.196199055203	1.2000000000000002
3111.2897447823634	1850	15.804250321020684	0.0	728962	4658.970924753501	1.85
3118.087490899611	1850	13.006504203773014	0.0	938587	6797.746117247669	1.85
3123.9436417884285	1850	11.150353314955652	0.0	908665	5856.150888817363	1.85
3129.0316485965077	1850	10.062346506876617	0.0	930577	5088.006808079036	1.85
3132.1133327640314	1200	10.980662339352758	0.0	566904	3081.6841675238566	0.5499999999999999
3135.513712879439	1200	11.58028222394524	0.0	641452	3400.380115407518	1.2
3138.6505805453676	1200	12.443414558016299	0.0	599477	3136.8676659289413	1.2
3144.7530295435445	1850	10.340965559839137	0.0	973972	6102.44899817716	1.2000000000000002
3151.7177546728008	1850	7.376240430583142	0.0	958994	6964.725129255997	1.85
3157.9316255021035	1850	5.162369601280462	0.0	982064	6213.870829302679	1.85
3161.145133330733	1200	5.948861772650877	0.0	538612	3213.507828629586	0.5499999999999999
3166.360772705566	1850	4.733222397817938	0.0	846370	5215.639374832938	1.2000000000000002

