9630.217349020068	750	4.0	2.0826286555936395	450283	2082.6286555936395	-8.205303219052649
9633.760929119539	750	4.456419900529251	0.0	398865	3543.58009947075	0.75
9635.068171468807	300	7.1491775512598	0.0	139857	1307.24234926945	-0.15000000000000002
9636.395131644353	300	9.822217375714118	0.0	155432	1326.960175545683	0.3
9637.646834028254	300	12.570514991813331	0.0	163442	1251.7023839007861	0.3
9640.157080329534	750	14.060268690532418	0.0	318564	2510.2463012809153	0.3
9642.31075632433	750	15.906592695735773	0.0	352642	2153.6759947966434	0.75
9645.66520998526	750	16.552139034806633	0.0	437162	3354.4536609291367	0.75
9648.85649776147	750	17.360851258597023	0.0	374758	3191.2877762096086	0.75
9651.496171871227	750	18.721177148837548	0.0	362795	2639.674109759475	0.75
9660.03401739258	750	14.18333162748532	0.0	353220	8537.845521352228	0.75
9667.455143068515	750	10.762205951549232	0.0	405134	7421.125675936088	0.75
9669.560012824972	300	12.657336195092627	0.0	160746	2104.869756456607	-0.15000000000000002
9672.0775176678	300	14.139831352264588	0.0	179801	2517.504842828038	0.3
9673.969301821267	300	16.248047198798115	0.0	140051	1891.7841534664717	0.3
9678.167777523986	750	16.049571496080898	0.0	366214	4198.475702717217	0.3
9682.753222436992	750	15.464126583072826	0.0	360831	4585.444913008072	0.75
9686.053929988599	750	16.1634190314662	0.0	372963	3300.707551606623	0.75
9690.388465872082	750	15.82888314798455	0.0	405596	4334.535883481653	0.75
9693.094344867599	750	17.12300415246709	0.0	350713	2705.8789955174625	0.75
9696.530646402662	750	17.686702617404247	0.0	386472	3436.3015350628416	0.75
9700.797818572699	750	17.41953044736729	0.0	399894	4267.172170036955	0.75
9704.957036674356	750	17.260312345708574	0.0	401853	4159.218101658718	0.75
9708.63315335682	750	17.58419566324584	0.0	343800	3676.1166824627385	0.75
9712.06654570176	750	18.150803318304316	0.0	359903	3433.392344941521	0.75
9716.48079213913	750	17.73655688093487	0.0	379700	4414.246437369444	0.75
9724.291205690544	750	13.926143329520153	0.0	425781	7810.413551414716	0.75
9729.279958064175	750	12.937390955889652	0.0	277716	4988.752373630501	0.75
9735.419592571165	750	10.797756448898486	0.0	400396	6139.634506991166	0.75
9739.912739076886	750	10.304609943178107	0.0	400508	4493.146505720378	0.75
9746.061602813086	750	8.155746206978192	0.0	358218	6148.863736199916	0.75
9747.696077910641	300	10.521271109422061	0.0	157488	1634.4750975561299	-0.15000000000000002
9749.05082503563	300	13.166523984432704	0.0	143881	1354.7471249893574	0.3
9751.28433208662	300	14.933016933442879	0.0	163444	2233.5070509898255	0.3
9755.222105350706	750	14.995243669356881	0.0	401088	3937.773264085998	0.3
9758.39038681976	750	15.826962200303278	0.0	365161	3168.281469053604	0.75
9761.22334473276	750	16.994004287303504	0.0	321064	2832.9579129997737	0.75
9764.20548465579	750	18.011864364272235	0.0	361565	2982.139923031271	0.75
9770.267458093113	750	15.94989092695063	0.0	378327	6061.973437321606	0.75
9775.033415448785	750	15.183933571278564	0.0	390680	4765.957355672066	0.75
9777.575042614106	750	16.64230640595682	0.0	345516	2541.6271653217423	0.75
9780.582020827227	750	17.635328192836926	0.0	384505	3006.9782131198954	0.75
9783.04157124273	750	19.175777777334652	0.0	372093	2459.5504155022713	0.75
9785.627409702789	750	20.589939317275363	0.0	438281	2585.838460059289	0.75
9788.529368055059	750	21.687980965005462	0.0	398987	2901.958352269899	0.75
9793.569616540586	1200	20.647732479477366	0.0	638661	5040.248485528096	0.75
9799.839481316023	1850	18.377867704041527	0.0	830730	6269.864775435841	1.2000000000000002
9806.842847372349	1850	15.374501647714467	0.0	846370	7003.3660563270605	1.85

