882.4168639373586	750	4.0	1.7374266910245146	450283	1737.4266910245146	-6.720934771405413
884.8112649554519	750	5.605598981906802	0.0	398865	2394.4010180931978	0.75
887.1599966177263	750	7.256867319632291	0.0	350812	2348.731662274511	0.75
889.0878033245044	750	9.329060612854212	0.0	382355	1927.8067067780792	0.75
890.7557796188441	750	11.661084318514426	0.0	411561	1667.9762943397861	0.75
891.8735100823218	750	14.543353855036743	0.0	318564	1117.7304634776822	0.75
893.1287739476546	750	17.28808998970395	0.0	352642	1255.2638653327915	0.75
896.9864426213368	1850	17.43042131602182	0.0	1060487	3857.668673682127	0.75
900.5724164356197	1850	17.844447501738877	0.0	852833	3585.973814282944	1.85
905.2554688961586	1850	17.161395041199984	0.0	913888	4683.052460538891	1.85
912.2398667224887	1850	14.176997214869841	0.0	939819	6984.3978263301415	1.85
917.170878166378	1850	13.245985770980608	0.0	917428	4931.011443889232	1.85
921.5105649970009	1850	12.90629894035778	0.0	946851	4339.686830622829	1.85
927.6270460042508	1850	10.789817933107887	0.0	1036454	6116.481007249894	1.85
932.8048757732643	1850	9.611988164094408	0.0	821631	5177.829769013479	1.85
934.9463688687904	750	11.470495068568338	0.0	366214	2141.4930955260693	-0.3500000000000001
936.6266856804929	750	13.790178256865735	0.0	360831	1680.3168117026037	0.75
938.1109262160946	750	16.30593772126399	0.0	372963	1484.2405356017434	0.75
939.4592165241384	750	18.957647413220286	0.0	405596	1348.2903080437047	0.75
942.242087522735	1850	20.174776414623587	0.0	923755	2782.8709985967016	0.75
945.5428412840115	1850	20.874022653347154	0.0	891604	3300.753761276432	1.85
950.4221719503104	1850	19.99469198704828	0.0	955231	4879.330666298871	1.85
954.2929755834026	1850	20.123888353956115	0.0	968026	3870.8036330921677	1.85
958.066129357744	1850	20.35073457961465	0.0	874175	3773.153774341466	1.85
962.0389398786828	1850	20.37792405867588	0.0	897976	3972.810520938768	1.85
965.8920460196953	1850	20.524817917663402	0.0	905935	3853.10614101248	1.85
970.0889873825595	1850	20.32787655479915	0.0	1076599	4196.9413628642515	1.85
972.7041420045674	1850	21.712721932791204	0.0	758197	2615.154622007942	1.85
976.864267000265	1850	21.552596937093565	0.0	972798	4160.124995697643	1.85
980.9779708796865	1850	21.43889305767209	0.0	975811	4113.703879421476	1.85
984.3411089797445	1850	22.075754957614123	0.0	873429	3363.138100057964	1.85
987.7601942368417	1850	22.656669700516886	0.0	954453	3419.0852570972397	1.85
991.0014340992686	1850	23.415429838089956	0.0	885062	3241.2398624269294	1.85
994.9816808305094	1850	23.43518310684921	0.0	1035329	3980.246731240746	1.85
999.4602152861132	1850	22.956648651245466	0.0	1026056	4478.534455603747	1.85
1004.1002801139934	1850	22.316583823365196	0.0	943942	4640.06482788027	1.85
1007.1842474556516	1850	23.23261648170703	0.0	728962	3083.967341658165	1.85
1011.2430466882781	1850	23.173817249080628	0.0	938587	4058.799232626404	1.85
1017.9278863448197	1850	20.488977592538937	0.0	908665	6684.839656541691	1.85
1025.393637671682	1850	17.023226265676772	0.0	930577	7465.751326862165	1.85
1032.0142769802524	1850	14.402586957106204	0.0	858450	6620.639308570569	1.85
1036.1495271932881	1850	14.267336744070436	0.0	1025005	4135.250213035768	1.85
1039.222864070808	1850	15.193999866550646	0.0	886255	3073.3368775197887	1.85
1042.687704274072	1850	15.729159663286607	0.0	973972	3464.8402032640383	1.85
1046.9183489669651	1850	15.498514970393632	0.0	958994	4230.644692892974	1.85
1050.9947314301514	1850	15.422132507207325	0.0	982064	4076.382463186308	1.85
1054.78122198025	1850	15.635641957108865	0.0	830730	3786.49055009846	1.85
1061.249423863638	1850	13.167440073720977	0.0	846370	6468.201883387889	1.85

