41797.303001616965	750	4.0	1.9174375092063	450283	1917.4375092063	-7.4949812895870895
41797.86621681841	300	7.436784798557483	0.0	155580	563.2152014425174	-0.15000000000000002
41799.121268438445	750	10.181733178521815	0.0	350812	1255.0516200356662	0.3
41801.686322691756	1200	11.61667892520815	0.0	617681	2565.054253313665	0.75
41804.09810169018	1200	13.204899926779925	0.0	652874	2411.7789984282263	1.2
41806.07821890056	1200	15.22478271639581	0.0	520315	1980.1172103841138	1.2
41809.304711208046	1850	15.998290408912434	0.0	905515	3226.4923074833773	1.2000000000000002
41813.12474364996	1850	16.178257966999514	0.0	1060487	3820.0324419129215	1.85
41815.408406396135	1850	17.89459522082056	0.0	852833	2283.6627461789512	1.85
41820.92259501478	2850	16.380406602174332	0.0	1429765	5514.188618646229	1.85
41824.050873763146	1850	17.252127853813512	0.0	939819	3128.278748360818	0.8500000000000001
41827.762567970916	1850	17.540433646041322	0.0	917428	3711.6942077721915	1.85
41831.99488108325	1850	17.30812053370646	0.0	946851	4232.313112334859	1.85
41836.66420842139	1850	16.638793195572916	0.0	1036454	4669.3273381335475	1.85
41838.91343345695	1200	18.38956816001077	0.0	526950	2249.2250355621454	0.5499999999999999
41843.038516492044	1850	18.264485124910735	0.0	923170	4125.083035100038	1.2000000000000002
41847.882593486494	1850	17.420408130462434	0.0	966699	4844.076994448299	1.85
41850.74633353611	1200	18.556668080849725	0.0	581493	2863.7400496127084	0.5499999999999999
41855.00039874726	1850	18.30260286970525	0.0	987708	4254.065211144476	1.2000000000000002
41858.9340263928	1850	18.368975224160828	0.0	923755	3933.6276455444236	1.85
41862.33464698566	1850	18.968354631297366	0.0	891604	3400.6205928634586	1.85
41865.602110547705	1850	19.700891069255867	0.0	955231	3267.463562041499	1.85
41870.608624106906	2850	18.694377510057777	0.0	1505760	5006.51355919809	1.85
41873.751760294166	1850	19.551241322793114	0.0	874175	3143.136187264662	0.8500000000000001
41877.55345057046	1850	19.74955104650159	0.0	897976	3801.6902762915242	1.85
41880.29640149315	1850	21.006600123817528	0.0	905935	2742.9509226840637	1.85
41884.47283411115	2850	20.830167505817705	0.0	1547572	4176.432617999821	1.85
41888.23802596871	2850	21.06497564824556	0.0	1141971	3765.1918575721456	2.85
41894.67127102748	2850	18.631730589476103	0.0	1498470	6433.24505876946	2.85
41898.5651073024	1850	18.737894314563036	0.0	975811	3893.836274913064	0.8500000000000001
41902.10577746444	1850	19.19722415251695	0.0	873429	3540.670162046089	1.85
41906.52508705988	1850	18.777914557073977	0.0	954453	4419.309595442971	1.85
41910.5318803375	1850	18.771121279461862	0.0	885062	4006.7932776121183	1.85
41915.73975488815	1850	17.563246728814075	0.0	1035329	5207.874550647788	1.85
41919.62434704391	1200	17.678654573054988	0.0	690253	3884.5921557590887	0.5499999999999999
41923.57206552609	1200	17.730936090870745	0.0	598727	3947.71848218424	1.2
41927.99401639055	1200	17.308985226411288	0.0	487812	4421.950864459458	1.2
41934.396767486476	750	14.90623413048386	0.0	361565	6402.751095927429	0.3
41940.268115137675	300	13.034886479284065	0.0	144254	5871.347651199793	-0.15000000000000002
41944.924187106364	300	12.378814510593427	0.0	149991	4656.071968690639	0.3
41946.96741506296	300	14.3355865540025	0.0	147968	2043.2279565909257	0.3
41949.346688767226	300	15.95631284973792	0.0	161857	2379.27370426458	0.3
41951.33184390821	300	17.971157708760323	0.0	145210	1985.1551409775996	0.3
41953.75718311669	300	19.545818500269142	0.0	172312	2425.3392084911793	0.3
41956.50128375973	300	20.80171785723745	0.0	167025	2744.100643031691	0.3
41958.18421495988	300	23.11878665708692	0.0	160064	1682.931200150533	0.3
41962.11695511356	750	23.186046503411806	0.0	331053	3932.7401536751127	0.3
41964.93544283806	750	24.36755877891573	0.0	314107	2818.487724496078	0.75

