42234.295857334684	750	4.0	2.1297200497694786	450283	2129.7200497694785	-8.407796214008757
42235.24954435383	300	7.046312980852303	0.0	155580	953.6870191476975	-0.15000000000000002
42237.632359907446	750	8.663497427228668	0.0	350812	2382.815553623635	0.3
42240.31362944638	750	9.982227888296425	0.0	382355	2681.269538932242	0.75
42245.69608176032	1200	8.599775574358526	0.0	652874	5382.452313937901	0.75
42248.416725137984	750	9.879132196686175	0.0	318564	2720.6433776723493	0.3
42252.951008557626	1200	9.344848777049494	0.0	561791	4534.283419636682	0.75
42259.421849056125	1200	6.874008278551762	0.0	709534	6470.840498497732	1.2
42260.82581015067	300	9.470047184000407	0.0	150710	1403.9610945513546	-0.6000000000000001
42273.98187028651	1200	4.0	3.6860129518354916	560821	13156.060135835898	-15.549855692892613
42277.076172074085	300	4.905698212425554	0.0	141840	3094.3017875744467	-0.6000000000000001
42279.99457985112	300	5.9872904353935885	0.0	156148	2918.4077770319655	0.3
42282.53658398994	300	7.4452862965700275	0.0	160746	2542.00413882356	0.3
42286.80858838873	750	7.1732818977739035	0.0	434409	4272.004398796124	0.3
42291.24361402411	750	6.738256262394568	0.0	337059	4435.025635379336	0.75
42292.612745499195	300	9.369124787312419	0.0	138313	1369.1314750821477	-0.15000000000000002
42303.74206346428	1200	4.0	1.760193177770314	617242	11129.317965082733	-7.2688306644123495
42306.251836102485	300	5.490227361790254	0.0	150616	2509.772638209746	-0.6000000000000001
42309.95981927211	300	5.782244192170272	0.0	165384	3707.9831696199813	0.3
42313.32677849347	300	6.415284970809931	0.0	140881	3366.9592213603414	0.3
42315.224862748124	300	8.517200716155907	0.0	157671	1898.0842546540248	0.3
42321.4590307704	750	6.2830326938776	0.0	399894	6234.168022278306	0.3
42324.306166679075	300	7.435896785199907	0.0	163927	2847.1359086776924	-0.15000000000000002
42328.12501205671	750	7.6170514075635	0.0	343800	3818.845377636407	0.3
42331.954504563364	750	7.7875589009195085	0.0	359903	3829.4925066439914	0.75
42336.31743165867	750	7.424631805615885	0.0	379700	4362.927095303623	0.75
42341.09316634228	750	6.648897121997368	0.0	425781	4775.734683618518	0.75
42342.262390502365	300	9.479672961914158	0.0	111155	1169.2241600832092	-0.15000000000000002
42348.82205121632	1200	6.920012247957909	0.0	622896	6559.660713956249	0.29999999999999993
42350.614104421285	300	9.127959042990758	0.0	149029	1792.0532049671504	-0.6000000000000001
42355.95336227355	1200	7.78870119073549	0.0	570392	5339.2578522552685	0.29999999999999993
42359.13466234778	750	8.60740111650012	0.0	400322	3181.30007423537	0.3
42367.01859251661	750	4.723470947666991	0.0	369834	7883.930168833128	0.75
42369.31639318724	300	6.425670277036615	0.0	163444	2297.8006706303754	-0.15000000000000002
42371.52183738813	300	8.2202260761479	0.0	179328	2205.4442008887145	0.3
42380.09284043028	750	4.0	0.35077696600932357	365161	8571.003042157225	-1.2083409538400913
42381.55654411971	300	6.536296310571663	0.0	131610	1463.7036894283378	-0.15000000000000002
42383.54047926573	300	8.552361164552318	0.0	124011	1983.9351460193452	0.3
42387.60183249908	750	8.491007931196494	0.0	378327	4061.353233355823	0.3
42390.72913430168	750	9.363706128598746	0.0	390680	3127.3018025977485	0.75
42397.0403243929	1200	7.052516037376361	0.0	566904	6311.190091222385	0.75
42402.4909156953	750	5.601924734976049	0.0	384505	5450.591302400312	0.3
42404.33112702823	300	7.761713402053303	0.0	145210	1840.211332922746	-0.15000000000000002
42411.006944444176	750	5.085895986104134	0.0	438281	6675.817415949169	0.3
42413.901014845236	300	6.191825585047349	0.0	167025	2894.0704010567847	-0.15000000000000002
42416.82603905601	300	7.266801374271168	0.0	160064	2925.02421077618	0.3
42420.94242948693	750	7.15041094334846	0.0	331053	4116.390430922708	0.3
42427.04629855227	750	5.046541878012793	0.0	314107	6103.869065335667	0.75

