179.3004759019487	750	4.0	1.786475576889145	450283	1786.475576889145	-6.931844980623323
179.89869521123387	300	7.401780690714844	0.0	155580	598.2193092851558	-0.15000000000000002
180.42199988427586	300	10.878476017672838	0.0	139857	523.3046730420075	0.3
180.99757010137012	300	14.30290580057861	0.0	155432	575.5702170942279	0.3
182.39335478022923	750	16.907121121719467	0.0	411561	1395.7846788591432	0.3
183.4702353623851	750	19.830240539563597	0.0	318564	1076.880582155867	0.75
185.20674948852334	1200	22.09372641342536	0.0	561791	1736.5141261382362	0.75
188.7345541598199	1850	22.56592174212879	0.0	1060487	3527.8046712965684	1.2000000000000002
191.63011147223568	1850	23.670364429713025	0.0	852833	2895.557312415765	1.85
194.55601508136172	1850	24.74446082058698	0.0	913888	2925.9036091260455	1.85
198.98324136337425	2850	24.317234538574457	0.0	1354548	4427.226282012526	1.85
201.82576564516748	1850	25.47471025678124	0.0	917428	2842.5242817932176	0.8500000000000001
206.45819518943975	2850	24.842280712508956	0.0	1422919	4632.429544272282	1.85
211.8954870856886	1850	23.404988816260104	0.0	1036454	5437.291896248851	0.8500000000000001
215.06710831572903	1850	24.23336758621965	0.0	821631	3171.621230040454	1.85
219.48268372084706	1850	23.817792181101623	0.0	923170	4415.575405118027	1.85
222.84408244897188	1850	24.456393452976823	0.0	966699	3361.3987281248014	1.85
225.85345870078064	1850	25.447017201168055	0.0	885714	3009.376251808768	1.85
231.32132218151673	2850	23.97915372043196	0.0	1537156	5467.863480736092	1.85
238.1468600249459	2850	21.153615877002814	0.0	1336050	6825.53784342915	2.85
240.84047829414556	1200	22.45999760780317	0.0	601738	2693.6182691996396	-0.44999999999999996
245.06319556836578	1850	22.23728033358296	0.0	955231	4222.717274220214	1.2000000000000002
249.15391916798066	1850	22.146556733968065	0.0	968026	4090.7235996148943	1.85
251.47300221172333	1200	23.827473690225403	0.0	536667	2319.0830437426594	0.5499999999999999
255.47422782180158	1850	23.826248080147135	0.0	897976	4001.2256100782683	1.2000000000000002
259.2886140761952	1850	24.01186182575354	0.0	905935	3814.386254393594	1.85
264.59523652277534	2850	22.705239379173392	0.0	1547572	5306.622446580149	1.85
267.196208785742	1850	24.104267116206735	0.0	758197	2600.9722629666576	0.8500000000000001
271.29087330035145	1850	24.009602601597305	0.0	972798	4094.664514609431	1.85
275.4532583331657	1850	23.847217568783027	0.0	975811	4162.385032814275	1.85
278.81448797049825	1850	24.485987931450477	0.0	873429	3361.2296373325516	1.85
282.3970578463996	1850	24.90341805554914	0.0	954453	3582.5698759013344	1.85
285.70522453962496	1850	25.59525136232375	0.0	885062	3308.1666932253906	1.85
291.34163994251264	2850	23.95883595943615	0.0	1587293	5636.415402887599	1.85
294.9625150572827	1850	24.33796084466607	0.0	1026056	3620.8751147700796	0.8500000000000001
298.2748385202243	1850	25.025637381724426	0.0	943942	3312.323462941643	1.85
300.85255270120285	1850	26.447923200745862	0.0	728962	2577.7141809785658	1.85
306.0196125940998	2850	25.280863307848982	0.0	1499009	5167.059892896884	1.85
309.2927597322099	1850	26.007716169738877	0.0	908665	3273.1471381101037	0.8500000000000001
313.565558436579	2850	25.734917465369787	0.0	1402287	4272.798704369088	1.85
317.49598519309234	2850	25.804490708856484	0.0	1339500	3930.4267565133064	2.85
328.03274985908723	2850	19.267726042861547	0.0	1527299	10536.764665994935	2.85
333.72968380874386	1200	17.570792093204968	0.0	599477	5696.933949656582	-0.44999999999999996
336.9154705198018	1200	18.385005382147035	0.0	634861	3185.786711057932	1.2
341.3721694603214	1200	17.928306441627406	0.0	630203	4456.698940519627	1.2
345.3215584019648	750	17.978917499984064	0.0	393804	3949.3889416433417	0.3
346.59052359942893	750	20.7099523025199	0.0	331053	1268.9651974641686	0.75
348.7420682763893	1200	22.558407625559504	0.0	550906	2151.5446769603946	0.75

