194.809251926098	750	4.0	1.786475576889145	450283	1786.475576889145	-6.931844980623323
195.40747123538316	300	7.401780690714844	0.0	155580	598.2193092851558	-0.15000000000000002
196.60572171855895	750	10.203530207539046	0.0	350812	1198.2504831757967	0.3
198.64147349858465	1200	12.167778427513358	0.0	617681	2035.7517800256885	0.75
201.70215689189388	1850	13.107095034204116	0.0	996749	3060.683393309242	1.2000000000000002
205.9488600256297	2850	12.860391900468322	0.0	1224260	4246.703133735795	1.85
208.86140152407395	1850	13.94785040202404	0.0	905515	2912.5414984442823	0.8500000000000001
214.14129959106282	2850	12.667952335035174	0.0	1638769	5279.898066988867	1.85
216.78942696211962	1850	14.019824963978383	0.0	852833	2648.1273710567903	0.8500000000000001
221.371622055833	2850	13.437629870265004	0.0	1429765	4582.195093713379	1.85
227.90327448286138	2850	10.905977443236637	0.0	1354548	6531.652427028366	2.85
230.32603339556158	1200	12.483218530536396	0.0	594078	2422.7589127002407	-0.44999999999999996
234.82568828590482	1850	11.98356364019318	0.0	946851	4499.654890343217	1.2000000000000002
238.43249169680556	1850	12.376760229292467	0.0	1036454	3606.803410900714	1.85
241.22280351340962	1850	13.586448412688387	0.0	821631	2790.3118166040804	1.85
246.44366120611733	2850	12.36559071998068	0.0	1471065	5220.8576927077065	1.85
251.21998992114078	1850	11.58926200495723	0.0	966699	4776.32871502345	0.8500000000000001
255.59092229097732	1850	11.218329635120684	0.0	885714	4370.932369836547	1.85
259.9452875042892	1850	10.863964421808829	0.0	987708	4354.365213311857	1.85
262.4958646607794	1200	12.313387265318632	0.0	586839	2550.5771564901966	0.5499999999999999
266.28475339769585	1850	12.524498528402185	0.0	891604	3788.8887369164463	1.2000000000000002
270.45401187004546	1850	12.35524005605256	0.0	955231	4169.258472349626	1.85
274.5613378876845	1850	12.247914038413565	0.0	968026	4107.326017638994	1.85
277.6742860715065	1850	13.134965854591544	0.0	874175	3112.948183822024	1.85
282.31935934558567	2850	12.489892580512334	0.0	1383735	4645.073274079208	1.85
286.0268048807551	1850	12.782447045342968	0.0	905935	3707.4455351693673	0.8500000000000001
290.67575628127804	1850	12.133495644820036	0.0	1076599	4648.951400522933	1.85
293.64558772200553	1850	13.163664204092523	0.0	758197	2969.8314407275116	1.85
299.28968098866426	2850	11.519570937433812	0.0	1498470	5644.0932666587105	1.85
302.65814462308447	1850	12.151107303013607	0.0	975811	3368.463634420206	0.8500000000000001
305.791475026098	1850	13.01777690000007	0.0	873429	3133.3304030135378	1.85
311.1003731567105	2850	11.708878769387605	0.0	1497683	5308.898130612465	1.85
314.32952954355164	1850	12.479722382546447	0.0	885062	3229.156386841158	0.8500000000000001
317.92034722078614	1850	12.888904705311935	0.0	1035329	3590.817677234511	1.85
321.4268824521509	1850	13.382369473947218	0.0	1026056	3506.5352313647186	1.85
326.323105946746	2850	12.486145979352056	0.0	1439896	4896.223494595161	1.85
328.5274132620138	1850	14.281838664084258	0.0	728962	2204.307315267796	0.8500000000000001
332.9897262377041	2850	13.819525688393982	0.0	1499009	4462.312975690276	1.85
340.23369282827184	2850	10.575559097826245	0.0	1427478	7243.966590567738	2.85
348.78615415981227	1200	6.02309776628581	0.0	587506	8552.461331540435	-0.44999999999999996
349.43317121366186	300	9.376080712436247	0.0	147968	647.0170538495618	-0.6000000000000001
352.98720149657726	1200	9.822050429520843	0.0	641452	3554.0302829154048	0.29999999999999993
357.5914246315962	1200	9.217827294501815	0.0	599477	4604.223135019028	1.2
361.7835941542144	1200	9.025657771883651	0.0	634861	4192.169522618164	1.2
364.2420055163406	1200	10.567246409757466	0.0	630203	2458.4113621261836	1.2
366.74359875304737	1200	12.065653173050727	0.0	638661	2501.5932367067408	1.2
370.1486754866203	1850	12.660576439477804	0.0	830730	3405.076733572923	1.2000000000000002
375.7532787592698	1850	11.055973166828307	0.0	846370	5604.603272649496	1.85

