2174.0270583149813	750	4.0	29.197702431501394	450283	29197.702431501395	-124.800120455456
2184.089745996945	300	4.0	6.062687681963529	155580	10062.687681963529	-26.21955703244317
2220.860389129926	1200	4.0	32.77064313298096	571051	36770.64313298096	-140.61376547181814
2320.3053339228186	2850	4.0	95.44494479289264	1520281	99444.94479289264	-409.2132626094383
2415.6289844575754	2850	4.0	91.3236505347564	1472558	95323.6505347564	-389.84169729945245
2494.9023650365475	2850	4.0	75.27338057897218	1224260	79273.38057897218	-320.8255364895803
2585.795391877135	2850	4.0	86.89302684058731	1388403	90893.0268405873	-370.7900154145254
2692.723693266863	2850	4.0	102.92830138972826	1638769	106928.30138972827	-439.7416959758315
2779.706505165525	2850	4.0	82.98281189866195	1348011	86982.81189866195	-353.9760911642463
2873.5726393997934	2850	4.0	89.86613423426851	1429765	93866.13423426851	-383.5743772073546
3014.7317339156543	4300	4.0	137.15909451586097	2173522	141159.09451586098	-586.9341064182022
3150.2623444373603	4300	4.0	131.53061052170577	2102452	135530.61052170576	-561.2816252433348
3294.052622965617	4300	4.0	139.7902785282568	2209463	143790.2785282568	-596.7981976715043
3441.776401239371	4300	4.0	143.72377827375362	2275376	147723.77827375362	-613.7122465771406
3571.9411824672356	4300	4.0	126.16478122786496	2005399	130164.78122786497	-538.2085592798194
3713.358178448085	4300	4.0	137.41699598084924	2152483	141416.99598084923	-586.5930827176518
3862.5817193514654	4300	4.0	145.2235409033804	2289689	149223.5409033804	-620.1612258845358
3995.708932455335	4300	4.0	129.1272131038693	2059512	133127.21310386932	-550.9470163466381
4140.033129744095	4300	4.0	140.32419728876073	2220726	144324.19728876074	-599.0940483416712
4279.670548948185	4300	4.0	135.6374192040889	2156729	139637.4192040889	-578.9409025775823
4411.630234812478	4300	4.0	127.959685864294	2039773	131959.685864294	-545.9266492164643
4555.072202646872	4300	4.0	139.4419678343931	2176469	143441.9678343931	-595.3004616878903
4699.219108359065	4300	4.0	140.14690571219245	2221506	144146.90571219244	-598.3316945624275
4831.412831613066	4300	4.0	128.19372325400204	2044075	132193.72325400205	-546.9330099922088
4973.278729752373	4300	4.0	137.8658981393068	2186790	141865.8981393068	-588.5233619990192
5110.192951681371	4300	4.0	132.91422192899765	2105231	136914.22192899763	-567.2311542946899
5265.695875220726	4300	4.0	151.50292353935458	2395588	155502.92353935458	-647.1625712192247
5395.71600458564	4300	4.0	126.02012936491455	1972048	130020.12936491455	-537.5865562691326
5534.2879292896805	4300	4.0	134.5719247040411	2134614	138571.9247040411	-574.3592762273768
5674.420121727805	4300	4.0	136.13219243812344	2164140	140132.19243812343	-581.0684274839308
5811.811612348366	4300	4.0	133.3914906205611	2113193	137391.4906205611	-569.2834096684127
5950.84665207627	4300	4.0	135.03503972790512	2147852	139035.03972790512	-576.350670829992
6092.627880159222	4300	4.0	137.78122808295132	2191074	141781.2280829513	-588.1592807566907
6241.945141662591	4300	4.0	145.3172615033695	2286761	149317.26150336952	-620.5642244644889
6392.424917571802	4300	4.0	146.47977590921192	2307787	150479.77590921192	-625.5630364096113
6530.775737291864	4300	4.0	134.35081972006185	2143948	138350.81972006185	-573.408524796266
6656.491856872109	4300	4.0	121.71611958024505	1919781	125716.11958024505	-519.0793141950537
6796.557378822817	4300	4.0	136.06552195070756	2147467	140065.52195070757	-580.7817443880425
6934.436417219169	4300	4.0	133.87903839635277	2133870	137879.03839635276	-571.3798651043169
7075.214230351007	4300	4.0	136.77781313183783	2146120	140777.81313183784	-583.8445964669027
7212.424346396763	4300	4.0	133.21011604575557	2108491	137210.11604575557	-568.5034989967489
7353.963838651363	4300	4.0	137.53949225460062	2184571	141539.49225460063	-587.1198166947827
7491.445696852205	4300	4.0	133.48185820084194	2121928	137481.85820084193	-569.6719902636204
7636.287423140418	4300	4.0	140.84172628821224	2219102	144841.72628821223	-601.3194230393127
7773.452045009999	4300	4.0	133.16462186958105	2124950	137164.62186958105	-568.3078740391985
7919.537015504375	4300	4.0	142.08497049437625	2246506	146084.97049437626	-606.665373125818
8047.96836694453	4300	4.0	124.43135144015521	1961140	128431.35144015521	-530.7548111926674
8187.449594105074	4300	4.0	135.48122716054303	2155012	139481.22716054303	-578.2692767903351

