25008.283938339457	750	4.0	3.4980688891167078	450283	3498.068889116708	-14.291696223201843
25009.23056503971	300	7.053373299748757	0.0	155580	946.6267002512437	-0.15000000000000002
25010.166766851864	300	10.117171487594938	0.0	139857	936.2018121538183	0.3
25011.24030936852	300	13.043628970939066	0.0	155432	1073.542516655872	0.3
25012.07436849655	300	16.209569842912902	0.0	163442	834.0591280261629	0.3
25012.672962054134	300	19.610976285326778	0.0	126289	598.5935575861239	0.3
25013.3752041721	300	22.90873416736106	0.0	153295	702.2421179657164	0.3
25014.125508845165	300	26.15842949429552	0.0	173849	750.304673065545	0.3
25014.725580460683	300	29.558357878778164	0.0	150710	600.071615517354	0.3
25015.29062328131	300	32.99331505814833	0.0	139105	565.0428206298288	0.3
25015.87238272085	300	36.41155561860809	0.0	141840	581.7594395402393	0.3
25016.50661850604	300	39.777319833418964	0.0	156148	634.2357851891253	0.3
25017.159363126128	300	43.12457521332913	0.0	160746	652.7446200898371	0.3
25017.870397996645	300	46.413540342813356	0.0	179801	711.0348705157719	0.3
25018.433700088008	300	49.850238251450776	0.0	140051	563.3020913625813	0.3
25019.031281472395	300	53.25265686706374	0.0	138313	597.581384387038	0.3
25019.685004852858	300	56.59893348660114	0.0	143509	653.7233804626019	0.3
25020.333368781296	300	59.950569558164204	0.0	150616	648.3639284369344	0.3
25021.37888363455	300	59.75156179701317	0.0	165384	699.0077611510419	0.3
25022.086680530916	300	59.745916894881844	0.0	140881	505.6449021313184	0.3
25023.64438456012	300	59.672140877398135	0.0	157671	573.7760174837122	0.3
25024.811543520904	300	59.97102540286585	0.0	157812	701.1154745322909	0.3
25025.524577929526	300	59.9125299416806	0.0	163927	558.4954611852477	0.3
25026.398201246102	300	59.50298775711183	0.0	137654	409.54218456876885	0.3
25027.832967844748	300	59.97264502379216	0.0	146754	530.3427333196726	0.3
25029.84659022987	750	59.86854576389284	0.0	379700	1104.0992598993205	0.3
25032.104589860814	750	59.62380751103355	0.0	425781	1244.7382528592905	0.75
25033.788910447773	1200	59.932277906593285	0.0	487160	1191.5296044402646	0.75
25036.302961335714	1200	59.61264795388401	0.0	622896	1819.6299527092744	1.2
25038.60327071508	1200	59.754703731817415	0.0	641447	1857.9442220665921	1.2
25040.4457350861	1200	59.70465412495591	0.0	570392	1550.0496068615005	1.2
25042.57934687556	1200	59.67405561230729	0.0	620283	2030.5985126486212	1.2
25046.069793033323	1200	59.66533917183019	0.0	584349	2508.7164404770974	1.2
25048.34570669597	1200	59.888247199150214	0.0	670129	1777.091972679976	1.2
25050.705999486127	1200	59.651511649055124	0.0	690253	1736.735550095097	1.2
25052.61215255569	1200	59.95071373430473	0.0	598727	1700.7979147503968	1.2
25054.36805251606	1200	59.54594133152496	0.0	487812	1404.772402779777	1.2
25057.963758110614	1200	59.95023573697173	0.0	575591	3095.7055945532243	1.2
25060.69641452714	1200	59.68182410477871	0.0	605884	1768.4116321930148	1.2
25063.068319726695	1200	59.63249389717078	0.0	587506	1549.3302076079378	1.2
25065.354786160893	1200	59.820548176043495	0.0	566904	1811.9457211272893	1.2
25067.086067341206	1200	59.89166794242366	0.0	641452	1428.8802336198366	1.2
25069.5861011441	1200	59.69385151432294	0.0	599477	2197.8164281007225	1.2
25071.080419231275	1200	59.75030115813157	0.0	634861	1443.550356191365	1.2
25074.09135616499	1850	59.63721655676771	0.0	958994	2113.0846013638616	1.2000000000000002
25077.466007179886	1850	59.908817215495134	0.0	982064	3228.3993412725795	1.85
25080.68470104167	1850	59.82659612141358	0.0	830730	2082.221094081551	1.85
25084.00521706987	1850	59.82457449116788	0.0	846370	2502.0216302457056	1.85

