533.1457050591142	750	4.0	1.661300867963679	450283	1661.300867963679	-6.393593732243819
534.0348421257207	300	7.1108629333935545	0.0	155580	889.137066606446	-0.15000000000000002
534.8671298320086	300	10.278575227105648	0.0	139857	832.2877062879054	0.3
535.6825051711695	300	13.463199887944734	0.0	155432	815.3753391609127	0.3
537.599372440548	750	15.546332618566275	0.0	411561	1916.8672693784588	0.3
539.0233099667846	750	18.12239509232978	0.0	318564	1423.937526236497	0.75
540.5362352207904	750	20.609469838323804	0.0	352642	1512.9252540059751	0.75
547.5944752878089	1200	17.551229771305394	0.0	709534	7058.240067018409	0.75
552.18020041941	750	16.965504639704335	0.0	374758	4585.725131601059	0.3
554.4464476907846	750	18.699257368329768	0.0	362795	2266.247271374567	0.75
556.5179117959813	750	20.627793263133157	0.0	353220	2071.464105196612	0.75
560.3137955875192	1200	20.831909471595242	0.0	594078	3795.883791537916	0.75
565.1592471692072	1200	19.986457889907243	0.0	624282	4845.451581687999	1.2
569.3168652771304	1200	19.828839781984083	0.0	687371	4157.618107923163	1.2
571.4930736272206	1200	21.65263143189384	0.0	526950	2176.2083500902413	1.2
574.2181396824625	1200	22.927565376652026	0.0	587876	2725.066055241815	1.2
579.3988515701762	1850	21.746853488938292	0.0	966699	5180.711887713734	1.2000000000000002
585.0108157125474	1850	20.13488934656708	0.0	885714	5611.964142371215	1.85
591.2103421297737	1200	17.935362929340773	0.0	639204	6199.526417226306	0.5499999999999999
595.854229443524	750	17.291475615590475	0.0	350713	4643.887313750295	0.3
599.9095642081982	750	17.23614085091643	0.0	386472	4055.3347646740417	0.75
602.4589545692172	750	18.686750489897364	0.0	399894	2549.390361019068	0.75
605.3974834658558	750	19.748221593258734	0.0	401853	2938.52889663863	0.75
608.5915031934197	1200	20.554201865694786	0.0	536667	3194.0197275639466	0.75
611.5821428974934	1200	21.563562161621135	0.0	587236	2990.639704073651	1.2
615.5785243346402	1200	21.567180724474397	0.0	590335	3996.3814371467392	1.2
618.4525471227239	1200	22.693157936390598	0.0	696376	2874.0227880837974	1.2
621.6691578423895	1850	23.476547216724903	0.0	758197	3216.6107196656963	1.2000000000000002
625.4587632604718	1850	23.686941798642714	0.0	972798	3789.6054180821893	1.85
631.6987480614212	1850	21.44695699769331	0.0	975811	6239.984800949405	1.85
634.720891645946	1200	22.424813413168412	0.0	570392	3022.143584524896	0.5499999999999999
640.0346938989734	1850	21.111011160141057	0.0	954453	5313.8022530273565	1.2000000000000002
643.6900935242965	1200	21.455611534818022	0.0	584349	3655.3996253230366	0.5499999999999999
647.9503977229152	1200	21.195307336199154	0.0	670129	4260.304198618868	1.2
651.3230752379342	1200	21.82262982118035	0.0	690253	3372.677515018804	1.2
653.6307367212352	1200	23.514968337879292	0.0	598727	2307.6614833010585	1.2
656.4296584002989	1850	24.716046658815642	0.0	728962	2798.9216790636474	1.2000000000000002
659.4645300025797	1850	25.681175056534705	0.0	938587	3034.8716022809363	1.85
665.6100600030492	2850	23.535645056065313	0.0	1427478	6145.530000469393	1.85
671.2545898787232	1850	21.891115180391264	0.0	930577	5644.529875674049	0.8500000000000001
674.6660911168774	1850	22.479613942237158	0.0	858450	3411.501238154107	1.85
677.2501789356452	1200	23.895526123469377	0.0	641452	2584.08781876778	0.5499999999999999
680.5422310050235	1850	24.603474054091087	0.0	886255	3292.0520693782937	1.2000000000000002
684.3497634723559	1850	24.79594158675871	0.0	973972	3807.5324673323794	1.85
688.3469516791972	1850	24.798753379917386	0.0	958994	3997.188206841322	1.85
692.651383358001	1850	24.4943217011136	0.0	982064	4304.431678803789	1.85
710.4556252792829	2850	10.690079779831736	0.0	1231456	17804.241921281864	1.85
711.318928639767	300	13.826776419347677	0.0	118421	863.3033604840583	-2.25

