46516.930704280916	750	4.0	2.5826148246442413	450283	2582.6148246442413	-10.355243745970236
46518.12317846734	300	6.807525813577313	0.0	155580	1192.4741864226876	-0.15000000000000002
46519.22355768395	300	9.707146596961891	0.0	139857	1100.3792166154212	0.3
46520.41497577913	300	12.515728501785361	0.0	155432	1191.4180951765293	0.3
46523.640194419204	750	13.290509861709156	0.0	411561	3225.2186400762057	0.3
46525.67962939637	750	15.251074884544076	0.0	318564	2039.4349771650798	0.75
46528.0835542308	750	16.847150050123087	0.0	352642	2403.9248344209886	0.75
46531.245612602375	750	17.685091678544712	0.0	437162	3162.058371578378	0.75
46533.81095596397	750	19.119748316952236	0.0	374758	2565.3433615924773	0.75
46536.3059097117	750	20.624794569221194	0.0	362795	2494.9537477310423	0.75
46539.13839878932	750	21.792305491603525	0.0	353220	2832.4890776176676	0.75
46547.376870036496	1850	17.553834244431282	0.0	917428	8238.471247172241	0.75
46555.41562582493	1850	13.515078456002458	0.0	946851	8038.755788428824	1.85
46559.78713947081	750	13.143564810118677	0.0	434409	4371.513645883781	-0.3500000000000001
46564.551693015914	750	12.379011265024088	0.0	337059	4764.553545094589	0.75
46567.59092159737	750	13.339782683557964	0.0	366214	3039.2285814661245	0.75
46570.48566486923	750	14.445039411704908	0.0	360831	2894.743271853057	0.75
46574.028913866154	750	14.90179041477729	0.0	372963	3543.2489969276185	0.75
46577.40943768047	750	15.521266600465601	0.0	405596	3380.5238143116885	0.75
46579.89836023147	750	17.032344049467977	0.0	350713	2488.922550997624	0.75
46582.80579062528	750	18.12491365564966	0.0	386472	2907.4303938183175	0.75
46586.03161881528	750	18.899085465648337	0.0	399894	3225.82819000132	0.75
46589.19961408789	750	19.731090193035538	0.0	401853	3167.9952726128004	0.75
46591.66851559477	750	21.26218868615447	0.0	343800	2468.9015068810695	0.75
46594.04562907521	750	22.885075205714042	0.0	359903	2377.113480440427	0.75
46596.944513273724	750	23.986191007204305	0.0	379700	2898.8841985097383	0.75
46599.701951647716	750	25.228752633210615	0.0	425781	2757.4383739936893	0.75
46605.71743341981	1850	23.21327086111096	0.0	758197	6015.481772099653	0.75
46614.42441105203	1850	18.506293228891398	0.0	972798	8706.977632219561	1.85
46625.147961166585	1850	11.782743114342669	0.0	975811	10723.550114548729	1.85
46628.853921363465	750	12.076782917460259	0.0	358218	3705.96019688241	-0.3500000000000001
46633.06698273635	750	11.86372154457924	0.0	400322	4213.0613728810185	0.75
46636.34420915998	750	12.586495120953014	0.0	369834	3277.2264236262276	0.75
46640.106884387205	750	12.823819893726435	0.0	412837	3762.6752272265794	0.75
46644.02428577014	750	12.906418510789685	0.0	401088	3917.4013829367514	0.75
46647.03147862442	750	13.899225656515362	0.0	365161	3007.1928542743235	0.75
46649.878823371124	750	15.051880909805897	0.0	321064	2847.344746709465	0.75
46654.00190010198	750	14.928804178953266	0.0	361565	4123.076730852631	0.75
46658.72793587472	750	14.202768406221843	0.0	378327	4726.035772731422	0.75
46665.5450195727	750	11.385684708232493	0.0	390680	6817.083697989349	0.75
46668.895473900375	750	12.03523038056019	0.0	345516	3350.4543276723034	0.75
46670.36368612734	300	14.567018153593066	0.0	161857	1468.2122269671236	-0.15000000000000002
46673.32195936226	750	15.608744918676242	0.0	372093	2958.2732349168245	0.3
46677.367580886355	750	15.56312339458198	0.0	438281	4045.621524094262	0.75
46680.7348545297	750	16.19584975123699	0.0	398987	3367.2736433449886	0.75
46683.895401487076	750	17.03530279386539	0.0	393804	3160.546957371603	0.75
46686.54599197253	750	18.384712308402467	0.0	331053	2650.5904854629216	0.75
46688.97727297875	750	19.953431302184878	0.0	314107	2431.2810062175904	0.75

