40336.17778848548	750	4.0	2.4131422276550993	450283	2413.1422276550993	-9.626511578916928
40337.477513156446	300	6.700275329039221	0.0	155580	1299.7246709607784	-0.15000000000000002
40338.7658408917	300	9.411947593784637	0.0	139857	1288.3277352545854	0.3
40339.989273337254	300	12.18851514823132	0.0	155432	1223.4324455533176	0.3
40341.29380480787	300	14.883983677609294	0.0	163442	1304.5314706220256	0.3
40343.696336096415	750	16.481452389064557	0.0	318564	2402.5312885447365	0.3
40345.93567816925	750	18.242110316225087	0.0	352642	2239.3420728394694	0.75
40349.14538043167	750	19.03240805381096	0.0	437162	3209.7022624141227	0.75
40353.29294057406	1200	18.884847911420064	0.0	584846	4147.560142390898	0.75
40357.401914200236	1200	18.775874285236178	0.0	560821	4108.973626183884	1.2
40359.93148776027	750	20.246300725205025	0.0	353220	2529.5735600311564	0.3
40364.437376515845	1200	19.740411969626557	0.0	594078	4505.888755578467	0.75
40368.74653952147	1200	19.43124896400253	0.0	624282	4309.163005624023	1.2
40373.058887802625	1200	19.118900682846753	0.0	687371	4312.348281155775	1.2
40377.048194320596	1200	19.129594164872223	0.0	526950	3989.30651797453	1.2
40380.90806816216	1200	19.26972032330111	0.0	587876	3859.8738415711077	1.2
40384.15058835493	750	20.027200130539246	0.0	360831	3242.5201927618687	0.3
40390.252709379194	1200	17.92507910627688	0.0	581493	6102.121024262365	0.75
40392.9293640974	750	19.248424388068635	0.0	405596	2676.654718208247	0.3
40396.89456462273	1200	19.283223862738502	0.0	586839	3965.200525330131	0.75
40402.77947458433	1200	17.398313901138735	0.0	601738	5884.909961599766	1.2
40406.24670662243	750	17.931081863032595	0.0	399894	3467.2320381061377	0.3
40409.624751852374	750	18.55303663308857	0.0	401853	3378.0452299440262	0.75
40415.7470682679	1200	16.43072021756391	0.0	536667	6122.31641552466	0.75
40420.12289625612	750	16.05489222934504	0.0	359903	4375.827988218871	0.3
40425.22397994612	750	14.953808539349993	0.0	379700	5101.083689995046	0.75
40430.0031680262	750	14.17462045927383	0.0	425781	4779.188080076163	0.75
40432.815656613	750	15.36213187246956	0.0	277716	2812.48858680427	0.75
40436.600827023336	750	15.576961462138083	0.0	400396	3785.1704103314773	0.75
40440.343926595604	750	15.833861889868537	0.0	400508	3743.0995722695466	0.75
40443.624880495656	750	16.552907989819918	0.0	358218	3280.9539000486193	0.75
40449.10785407503	750	15.069934410442082	0.0	400322	5482.973579377834	0.75
40453.54984025059	750	14.627948234883188	0.0	369834	4441.986175558894	0.75
40457.30096156573	750	14.87682691974653	0.0	412837	3751.121315136658	0.75
40460.57595305581	750	15.601835429656068	0.0	401088	3274.9914900904623	0.75
40463.67479185459	750	16.502996630877252	0.0	365161	3098.838798778815	0.75
40466.29221014903	750	17.885578336433877	0.0	321064	2617.4182944433724	0.75
40469.075372000916	750	19.102416484552013	0.0	361565	2783.161851881867	0.75
40474.308348934625	1200	17.86943955084248	0.0	605884	5232.976933709533	0.75
40480.672621312195	1200	15.505167173276774	0.0	587506	6364.272377565705	1.2
40484.219051257394	750	15.958737228076146	0.0	345516	3546.429945200627	0.3
40488.266072867875	750	15.91171561759424	0.0	384505	4047.021610481906	0.75
40492.34454244731	750	15.83324603815992	0.0	372093	4078.4695794343193	0.75
40496.40135568318	750	15.77643280229954	0.0	438281	4056.813235860381	0.75
40500.31305033544	750	15.86473815003852	0.0	398987	3911.694652261019	0.75
40503.652927490366	750	16.524860995107712	0.0	393804	3339.8771549308067	0.75
40506.741130984476	750	17.436657500998646	0.0	331053	3088.2034941090687	0.75
40510.76303537661	750	17.414753108869046	0.0	314107	4021.9043921296006	0.75

