177.84065106793986	750	4.0	1.786475576889145	450283	1786.475576889145	-6.931844980623323
179.2100107376004	750	6.630640330339427	0.0	398865	1369.3596696605737	0.75
180.41970928955763	750	9.42094177838221	0.0	350812	1209.6985519572174	0.75
181.69769694165436	750	12.14295412628548	0.0	382355	1277.9876520967298	0.75
184.75868028066665	1850	13.081970787273175	0.0	996749	3060.9833390123063	0.75
187.5472557647612	1850	14.29339530317863	0.0	801058	2788.5754840945438	1.85
190.5705084722979	1850	15.27014259564191	0.0	905515	3023.2527075367175	1.85
193.97980607941903	1850	15.860844988520773	0.0	1060487	3409.297607121138	1.85
196.80332132691424	1850	17.03732974102556	0.0	852833	2823.5152474952147	1.85
199.67315015032074	1850	18.167500917619066	0.0	913888	2869.8288234064908	1.85
202.5839904374349	1850	19.256660630504893	0.0	939819	2910.840287114172	1.85
205.87998523555518	1850	19.960665832384606	0.0	917428	3295.994798120287	1.85
210.897283408926	1850	18.943367659013784	0.0	946851	5017.298173370823	1.85
215.50479488701814	1850	18.33585618092166	0.0	1036454	4607.511478092126	1.85
218.91129421897708	1850	18.92935684896271	0.0	821631	3406.4993319589526	1.85
222.0846581652007	1850	19.755992902739077	0.0	923170	3173.3639462236283	1.85
225.4544706799845	1850	20.3861803879553	0.0	966699	3369.8125147837795	1.85
228.56340680545375	1850	21.277244262486022	0.0	885714	3108.936125469279	1.85
232.94068036583786	1850	20.899970702101907	0.0	987708	4377.2735603841165	1.85
237.70926482330847	1850	20.131386244631315	0.0	923755	4768.584457470592	1.85
241.77034516893727	1850	20.070305899002538	0.0	891604	4061.0803456287754	1.85
245.82327625906368	1850	20.017374808876106	0.0	955231	4052.9310901264303	1.85
249.9078747698114	1850	19.93277629812839	0.0	968026	4084.598510747717	1.85
253.7900375252523	1850	20.05061354268749	0.0	874175	3882.1627554408974	1.85
257.60754862771614	1850	20.23310244022361	0.0	897976	3817.511102463879	1.85
260.84182638867753	1850	20.998824679262224	0.0	905935	3234.2777609613872	1.85
264.4733020887155	1850	21.367348979224264	0.0	1076599	3631.4757000379573	1.85
266.9925228950614	1850	22.848128172878322	0.0	758197	2519.220806345943	1.85
271.6337308603524	1850	22.206920207587345	0.0	972798	4641.207965290979	1.85
275.3810149541812	1850	22.459636113758584	0.0	975811	3747.2840938287595	1.85
278.66298893300086	1850	23.17766213493885	0.0	873429	3281.9739788197376	1.85
282.4934993020644	1850	23.347151765875388	0.0	954453	3830.5103690634596	1.85
285.5671313659694	1850	24.273519701970397	0.0	885062	3073.6320639049904	1.85
289.2674661806289	1850	24.573184887310834	0.0	1035329	3700.3348146595595	1.85
292.9777988663703	1850	24.862852201569495	0.0	1026056	3710.3326857413404	1.85
296.2099243654907	1850	25.63072670244913	0.0	943942	3232.125499120363	1.85
298.92658763009047	1850	26.914063437849357	0.0	728962	2716.6632645997747	1.85
302.2285262116674	1850	27.612124856272448	0.0	938587	3301.9385815769083	1.85
305.42741818755957	1850	28.413232880380253	0.0	908665	3198.891975892193	1.85
308.60602827249255	1850	29.234622795447248	0.0	930577	3178.6100849330014	1.85
311.1995207487512	1850	30.641130319188623	0.0	858450	2593.4924762586274	1.85
314.30343057939024	1850	31.53722048854954	0.0	1025005	3103.9098306390797	1.85
317.16379439981927	1850	32.67685666812055	0.0	886255	2860.3638204289937	1.85
321.35340828759377	1850	32.48724278034606	0.0	973972	4189.613887774487	1.85
332.616608874053	1850	25.224042193886834	0.0	958994	11263.200586459225	1.85
338.6061721917285	1850	23.234478876211316	0.0	982064	5989.56331767552	1.85
344.6799868889468	1850	21.160664178993006	0.0	830730	6073.81469721831	1.85
347.9195806475556	1850	21.921070420384154	0.0	846370	3239.5937586088507	1.85

