4423.9440348285125	750	4.0	15.797987384245365	450283	15797.987384245365	-67.18134575225507
4427.705653402512	300	4.238381426000782	0.0	155580	3761.6185739992175	-0.15000000000000002
4429.235469289489	300	6.708565539023683	0.0	139857	1529.8158869770998	0.3
4431.218231303119	300	8.725803525393273	0.0	155432	1982.762013630411	0.3
4438.695731128714	750	5.248303699797884	0.0	411561	7477.499825595389	0.3
4440.121639297952	300	7.822395530560004	0.0	126289	1425.9081692378795	-0.15000000000000002
4444.35482313463	750	7.589211693882065	0.0	352642	4233.183836677938	0.3
4448.842310670365	750	7.101724158147285	0.0	437162	4487.48753573478	0.75
4452.353797955146	750	7.590236873365728	0.0	374758	3511.487284781557	0.75
4454.785811484114	750	9.158223344398598	0.0	362795	2432.01352896713	0.75
4460.31361559754	1200	7.630419230972702	0.0	607410	5527.8041134258965	0.75
4466.368385080493	750	5.575649748019186	0.0	405134	6054.769482953517	0.3
4467.828762906323	300	8.115271922188638	0.0	160746	1460.3778258305467	-0.15000000000000002
4471.19878903443	750	8.745245794082006	0.0	434409	3370.0261281066337	0.3
4473.966195549657	750	9.977839278855111	0.0	337059	2767.4065152268963	0.75
4477.742698189896	1200	10.20133663861541	0.0	587876	3776.5026402397	0.75
4481.368606764934	1200	10.575428063578316	0.0	617242	3625.9085750370946	1.2
4484.6772900090555	1200	11.266744819456983	0.0	581493	3308.6832441213332	1.2
4490.661595803639	1850	9.28243902487345	0.0	987708	5984.305794583534	1.2000000000000002
4493.947749678839	1200	9.996285149672913	0.0	586839	3286.153875200537	0.5499999999999999
4497.360503256991	1200	10.583531571520325	0.0	601738	3412.7535781525885	1.2
4500.218379621122	1200	11.725655207390227	0.0	616206	2857.8763641300984	1.2
4504.10137113431	1850	11.842663694202004	0.0	968026	3882.9915131882217	1.2000000000000002
4508.066676338092	1850	11.877358490419553	0.0	874175	3965.3052037824536	1.85
4511.719049927945	1850	12.224984900567147	0.0	897976	3652.3735898524046	1.85
4516.839123568776	1850	11.104911259736065	0.0	905935	5120.073640831083	1.85
4524.156494076915	1850	7.787540751597459	0.0	1076599	7317.370508138607	1.85
4526.442101085977	750	9.501933742536263	0.0	277716	2285.6070090611956	-0.3500000000000001
4532.045559007703	1200	7.8984758208108445	0.0	622896	5603.457921725419	0.75
4535.5541646387155	750	8.389870189797348	0.0	400508	3508.605631013496	0.3
4537.382870692519	750	10.561164135994526	0.0	358218	1828.7060538028215	0.75
4540.7126870891725	1200	11.231347739340467	0.0	620283	3329.816396654058	0.75
4545.326476173646	1850	10.617558654865494	0.0	885062	4613.789084474975	1.2000000000000002
4548.476047713062	1200	11.467987115449997	0.0	670129	3149.5715394154963	0.5499999999999999
4554.201981611622	1850	9.742053216890199	0.0	1026056	5725.9338985598	1.2000000000000002
4558.266645259967	1200	9.67738956854439	0.0	598727	4064.66364834581	0.5499999999999999
4562.085346022311	1200	9.858688806201059	0.0	487812	3818.7007623433315	1.2
4566.679773814067	1200	9.264261014445001	0.0	575591	4594.4277917560585	1.2
4570.653375446545	1200	9.290659381966385	0.0	605884	3973.6016324786156	1.2
4574.351247973875	1200	9.592786854636218	0.0	587506	3697.8725273301657	1.2
4577.990000396521	1200	9.954034431990134	0.0	566904	3638.7524226460846	1.2
4582.075949880704	1200	9.86808494780768	0.0	641452	4085.9494841824535	1.2
4586.97653200755	1200	8.967502820961284	0.0	599477	4900.582126846397	1.2
4592.519262943282	750	7.424771885229374	0.0	438281	5542.730935731911	0.3
4597.020928574624	750	6.923106253886479	0.0	398987	4501.665631342895	0.75
4598.00899545343	300	9.935039375081281	0.0	160064	988.0668788051976	-0.15000000000000002
4601.431692448531	1200	10.512342379979861	0.0	538612	3422.69699510142	0.29999999999999993
4604.37011534278	1200	11.573919485730883	0.0	550906	2938.422894248978	1.2

