2526.0315309163348	750	4.0	15.797987384245365	450283	15797.987384245365	-67.18134575225507
2529.7931494903337	300	4.238381426000782	0.0	155580	3761.6185739992175	-0.15000000000000002
2531.3229653773105	300	6.708565539023683	0.0	139857	1529.8158869770998	0.3
2533.3057273909412	300	8.725803525393273	0.0	155432	1982.762013630411	0.3
2535.2331010560792	300	10.798429860255215	0.0	163442	1927.3736651380568	0.3
2539.1150852398837	300	10.916445676451254	0.0	126289	3881.984183803962	0.3
2541.3012263138994	300	12.730304602435531	0.0	153295	2186.141074015722	0.3
2543.1206218379584	300	14.910909078376621	0.0	173849	1819.3955240589114	0.3
2545.253799690831	300	16.777731225503825	0.0	150710	2133.177852872798	0.3
2546.8494730595266	300	19.18205785680817	0.0	139105	1595.6733686956513	0.3
2548.380499982327	300	21.651030934008276	0.0	141840	1531.026922799897	0.3
2550.1226375589977	300	23.908893357337508	0.0	156148	1742.1375766707692	0.3
2551.665073456723	300	26.366457459612533	0.0	160746	1542.4358977249706	0.3
2553.220409764111	300	28.81112115222408	0.0	179801	1555.3363073884564	0.3
2554.728196642699	300	31.30333427363613	0.0	140051	1507.786878587947	0.3
2555.747246904046	300	34.284284012289476	0.0	138313	1019.0502613466516	0.3
2556.7629945903145	300	37.26853632602081	0.0	143509	1015.7476862686653	0.3
2557.8536569559906	300	40.17787396034499	0.0	150616	1090.662365675823	0.3
2559.1443649308185	300	42.887165985517036	0.0	165384	1290.7079748279536	0.3
2562.7074019628203	750	43.324128953514936	0.0	350713	3563.037032002101	0.3
2568.3484971503926	750	41.683033765942554	0.0	386472	5641.09518757238	0.75
2570.2015984923287	300	43.82993242400681	0.0	157812	1853.1013419357416	-0.15000000000000002
2571.4466070959256	300	46.58492382040986	0.0	163927	1245.0086035969514	0.3
2572.4774723935225	300	49.55405852281297	0.0	137654	1030.865297596892	0.3
2573.8398027359585	300	52.19172818037685	0.0	146754	1362.3303424361243	0.3
2575.0154632315202	300	55.016067684815184	0.0	153938	1175.6604955616658	0.3
2576.6449690341938	300	57.38656188214192	0.0	181901	1629.5058026732675	0.3
2577.951002426617	300	59.94725793698207	0.0	111155	939.303945159852	0.3
2579.127451717051	300	59.86289801539662	0.0	153605	1084.3599215854451	0.3
2580.1982951984896	300	59.56352095910161	0.0	149029	799.3770562950072	0.3
2581.1956481163884	300	59.6345777127241	0.0	157421	928.9432463775114	0.3
2583.04993391668	300	59.64263964833892	0.0	157488	991.938064385185	0.3
2584.3274762511637	300	59.875542349050534	0.0	143881	767.097299288383	0.3
2585.6219897884225	300	59.89750809801865	0.0	163444	978.0342510318901	0.3
2586.7599313197857	300	59.93177697545036	0.0	179328	965.7311225682852	0.3
2588.325949303251	750	59.9303731881151	0.0	365161	1501.403787335268	0.3
2590.148012870416	750	59.50114850259773	0.0	321064	1429.2246855173655	0.75
2592.9537522118003	750	59.605198272729446	0.0	361565	1895.9502298682867	0.75
2595.770305946463	750	59.81681596115631	0.0	378327	2288.382311573133	0.75
2599.172276406541	750	59.579916442661855	0.0	390680	2736.8995184944556	0.75
2602.082515559808	750	59.897832336819896	0.0	345516	2682.0841058419564	0.75
2606.2801702997735	750	59.607082490549864	0.0	384505	3790.7498462700346	0.75
2610.1077059187623	750	59.77954687156101	0.0	372093	3327.535618988855	0.75
2612.812206201096	750	59.960516986736415	0.0	438281	2319.029884824595	0.75
2614.836346829929	750	59.946181871074465	0.0	398987	2014.3351156619542	0.75
2617.695034103662	750	59.976240990793535	0.0	393804	1969.9408802809241	0.75
2620.1442507514557	750	59.8955058636224	0.0	331053	1580.7351271711386	0.75
2622.1127719796996	750	59.54548600981228	0.0	314107	1850.0198538101156	0.75

