8723.285132728022	750	4.0	2.4747613827285355	450283	2474.7613827285354	-9.891473945732702
8724.107230363139	300	7.17790236488119	0.0	155580	822.0976351188099	-0.15000000000000002
8724.750741970347	300	10.534390757673423	0.0	139857	643.5116072077666	0.3
8726.605163539592	750	12.679969188428746	0.0	382355	1854.4215692446778	0.3
8728.970624394025	750	14.314508333994763	0.0	411561	2365.4608544339826	0.75
8730.437688686983	750	16.847444041037516	0.0	318564	1467.0642929572434	0.75
8732.268747155898	750	19.01638557212221	0.0	352642	1831.058468915307	0.75
8740.076838158977	1850	15.208294569045458	0.0	1060487	7808.091003076751	0.75
8742.639772159839	750	16.645360568183296	0.0	374758	2562.9340008621625	-0.3500000000000001
8745.256991582663	750	18.02814114535966	0.0	362795	2617.2194228236344	0.75
8747.120906036811	750	20.16422669121088	0.0	353220	1863.9144541487785	0.75
8752.773669010943	1850	18.51146371707827	0.0	917428	5652.762974132614	0.75
8758.756598266711	1850	16.52853446130994	0.0	946851	5982.929255768335	1.85
8765.09409090721	1850	14.191041820811247	0.0	1036454	6337.492640498692	1.85
8769.683895747921	1850	13.60123698010133	0.0	821631	4589.804840709916	1.85
8774.208457779097	1850	13.07667494892361	0.0	923170	4524.562031177721	1.85
8779.35597324899	1850	11.929159479032347	0.0	966699	5147.515469891262	1.85
8784.26575371768	1850	11.019379010342401	0.0	885714	4909.780468689945	1.85
8790.494610199365	1850	8.790522528657792	0.0	987708	6228.856481684611	1.85
8792.144773643666	750	11.14035908435689	0.0	350713	1650.1634443009036	-0.3500000000000001
8794.275378784938	750	13.009753943083492	0.0	386472	2130.605141273398	0.75
8796.513854194953	750	14.77127853306822	0.0	399894	2238.4754100152713	0.75
8798.886582766712	750	16.398549961308802	0.0	401853	2372.728571759415	0.75
8800.927033792808	750	18.35809893521276	0.0	343800	2040.4510260960456	0.75
8802.95443398354	750	20.33069874448174	0.0	359903	2027.4001907310194	0.75
8806.483657179235	750	20.80147554878683	0.0	379700	3529.223195694912	0.75
8812.104695289205	750	19.18043743881707	0.0	425781	5621.038109969759	0.75
8815.207279864031	750	20.077852863989584	0.0	277716	3102.5845748274833	0.75
8817.311514790139	750	21.973617937883684	0.0	400396	2104.234926105899	0.75
8819.16244834275	750	24.122684385272148	0.0	400508	1850.93355261154	0.75
8823.123103597953	1850	24.162029130070838	0.0	873429	3960.655255201308	0.75
8827.155055724104	1850	24.130077003917517	0.0	954453	4031.9521261533173	1.85
8831.170527664219	1850	24.114605063803726	0.0	885062	4015.4719401137922	1.85
8837.122813921642	1850	22.162318806379393	0.0	1035329	5952.2862574243345	1.85
8843.86289594858	1850	19.42223677944093	0.0	1026056	6740.082026938465	1.85
8851.892843598194	1850	15.392289129825848	0.0	943942	8029.947649615082	1.85
8856.228492945133	1850	15.056639782887672	0.0	728962	4335.649346938176	1.85
8861.90241123054	1850	13.382721497480125	0.0	938587	5673.918285407547	1.85
8870.629290789664	1850	8.655841938355715	0.0	908665	8726.879559124409	1.85
8874.213828145368	750	9.071304582650603	0.0	390680	3584.5373557051134	-0.3500000000000001
8875.135581052624	300	12.149551675394912	0.0	147968	921.7529072556897	-0.15000000000000002
8876.342820971438	300	14.942311756579088	0.0	161857	1207.2399188158247	0.3
8879.084128392566	750	16.201004335451984	0.0	372093	2741.3074211271037	0.3
8882.09641934836	750	17.188713379658324	0.0	438281	3012.290955793658	0.75
8888.14143758913	750	15.143695138885352	0.0	398987	6045.018240772973	0.75
8893.021157508567	750	14.263975219449753	0.0	393804	4879.7199194356	0.75
8896.217294518177	750	15.06783820984067	0.0	331053	3196.137009609083	0.75
8900.465630267056	750	14.819502460962354	0.0	314107	4248.335748878316	0.75

