26297.40592365572	750	4.0	2.740379482619269	450283	2740.379482619269	-11.033631775262856
26298.56025819776	300	6.845665457959466	0.0	155580	1154.3345420405337	-0.15000000000000002
26299.638230223707	300	9.767693432010608	0.0	139857	1077.9720259488574	0.3
26300.916146637694	300	12.48977701802529	0.0	155432	1277.9164139853176	0.3
26302.075226352794	300	15.33069730292451	0.0	163442	1159.0797151007807	0.3
26302.99225717878	300	18.413666476936385	0.0	126289	917.0308259881224	0.3
26304.050385881306	300	21.35553777441035	0.0	153295	1058.1287025260344	0.3
26305.05051175337	300	24.355411902345033	0.0	173849	1000.125872065318	0.3
26305.86168161313	300	27.544242042584095	0.0	150710	811.1698597609393	0.3
26306.570908507943	300	30.835015147769635	0.0	139105	709.2268948144574	0.3
26308.220707548277	300	33.185216107437284	0.0	141840	1649.7990403323493	0.3
26309.597083906076	300	35.80883974963437	0.0	156148	1376.3763578029084	0.3
26311.448968677945	300	37.95695497776605	0.0	160746	1851.8847718683242	0.3
26313.1575567	300	40.24836695571252	0.0	179801	1708.5880220535328	0.3
26314.467834445222	300	42.938089210487576	0.0	140051	1310.2777452249434	0.3
26315.669449633002	300	45.73647402270928	0.0	138313	1201.6151877782927	0.3
26316.683238224028	300	48.72268543168235	0.0	143509	1013.7885910269353	0.3
26318.015353549374	300	51.39057010633803	0.0	150616	1332.11532534432	0.3
26319.267924161868	300	54.13799949384424	0.0	165384	1252.5706124937929	0.3
26320.39884745302	300	57.00707620268925	0.0	140881	1130.9232911549902	0.3
26321.476992177533	300	59.92893147817409	0.0	157671	1078.144724515159	0.3
26323.70369498328	300	59.84630407752425	0.0	157812	1082.6274006498388	0.3
26325.58732502305	300	59.83202676018583	0.0	163927	1014.2773173384182	0.3
26327.091334661167	300	59.91969830234496	0.0	137654	912.3284578408739	0.3
26328.375617634985	300	59.888397405572846	0.0	146754	1031.3008967721212	0.3
26329.901563173924	300	59.98691567462775	0.0	153938	901.4817309450974	0.3
26331.641430295516	300	59.504214017826435	0.0	181901	982.7016568013164	0.3
26333.197607864873	300	59.695207965544135	0.0	111155	1309.006052282302	0.3
26336.257829876442	300	59.973682718297226	0.0	153605	2221.5252472469087	0.3
26339.40102795905	300	59.74643205915325	0.0	149029	2227.2506591439765	0.3
26342.034754763936	300	59.577542368446025	0.0	157421	1668.88969070723	0.3
26345.78717073007	300	59.53375294246682	0.0	157488	3043.7894259792097	0.3
26349.608236155906	300	59.63253349962545	0.0	143881	3401.219442841364	0.3
26351.7071882951	300	59.647980421524984	0.0	163444	1984.5530781004697	0.3
26354.034418281637	300	59.98156495880229	0.0	179328	1666.4154627226937	0.3
26356.65153254026	300	59.688415091398	0.0	159914	1793.1498674042894	0.3
26358.401944824273	300	59.90519114500411	0.0	131610	1283.2239463938872	0.3
26360.144195891586	300	59.71265978015395	0.0	124011	1192.5313648501622	0.3
26361.568433777113	300	59.71590068862322	0.0	144254	996.759091530722	0.3
26362.921631526253	300	59.59254121105112	0.0	149991	1123.3594775721085	0.3
26365.50494340195	750	59.75130440898841	0.0	345516	2341.236802062703	0.3
26367.84567952207	750	59.52047388574221	0.0	384505	2230.8305232461985	0.75
26370.360793039294	750	59.74886992557044	0.0	372093	1771.6039601717746	0.75
26376.094742078403	750	58.01492088645756	0.0	438281	5733.949039112881	0.75
26379.08284558714	750	59.026817377719894	0.0	398987	2988.103508737663	0.75
26382.204531211224	750	59.7432556181302	0.0	393804	2783.5617595896956	0.75
26384.852470481594	750	59.50934791518962	0.0	331053	2233.9077029405757	0.75
26388.49596734231	750	59.86585105447146	0.0	314107	3143.4968607181586	0.75

