24868.358829762696	750	4.0	2.5371802488901025	450283	2537.1802488901026	-10.159875070227441
24870.152364429363	300	6.206465333334675	0.0	155580	1793.5346666653252	-0.15000000000000002
24872.216628750928	300	8.142201011770707	0.0	139857	2064.264321563968	0.3
24874.97052423787	300	9.388305524828183	0.0	155432	2753.8954869425233	0.3
24880.65853377612	300	7.700295986580103	0.0	163442	5688.009538248081	0.3
24882.873285949645	300	9.485543813055822	0.0	126289	2214.752173524281	0.3
24885.21527323155	300	11.143556531147683	0.0	153295	2341.9872819081393	0.3
24888.004622923923	300	12.354206838777568	0.0	173849	2789.3496923701155	0.3
24892.106974784925	300	12.251854977773142	0.0	150710	4102.351861004424	0.3
24894.807600835782	300	13.551228926918247	0.0	139105	2700.626050854894	0.3
24897.889787345375	300	14.469042417324054	0.0	141840	3082.1865095941935	0.3
24900.6104993168	300	15.748330445898738	0.0	156148	2720.711971425317	0.3
24902.539183640638	300	17.819646122063258	0.0	160746	1928.6843238354775	0.3
24904.999579629974	300	19.35925013272763	0.0	179801	2460.39598933563	0.3
24907.57468349379	300	20.78414626890925	0.0	140051	2575.1038638183795	0.3
24909.783438272945	300	22.57539148975318	0.0	138313	2208.75477915607	0.3
24911.328382114112	300	25.030447648586545	0.0	143509	1544.9438411666358	0.3
24912.59109804479	300	27.767731717909363	0.0	150616	1262.7159306771844	0.3
24914.264169995382	300	30.094659767316056	0.0	165384	1673.0719505933055	0.3
24915.502441659377	300	32.8563881033237	0.0	140881	1238.271663992351	0.3
24917.02769410488	300	35.33113565782129	0.0	157671	1525.2524455024109	0.3
24918.738803423097	300	37.62002633960693	0.0	157812	1711.1093182143659	0.3
24920.58987073694	300	39.76895902575898	0.0	163927	1851.0673138479485	0.3
24922.223612384496	300	42.13521737820623	0.0	137654	1633.7416475527498	0.3
24925.804536590385	300	42.55429317231432	0.0	146754	3580.9242058919117	0.3
24927.452673479656	300	44.90615628304395	0.0	153938	1648.1368892703697	0.3
24929.0295059654	300	47.32932379730099	0.0	181901	1576.8324857429593	0.3
24930.287697580476	300	50.07113218222569	0.0	111155	1258.191615075299	0.3
24931.60290835221	300	52.755921410490984	0.0	153605	1315.2107717347012	0.3
24932.806297622334	300	55.55253214036698	0.0	149029	1203.3892701240034	0.3
24934.424485406133	300	57.93434435656761	0.0	157421	1618.1877837993716	0.3
24937.316471351372	300	59.04235841132979	0.0	157488	2891.985945237812	0.3
24940.30282272466	300	59.9910936434657	0.0	143881	2551.2647678640883	0.3
24948.388532566736	300	55.905383801391906	0.0	163444	8085.709842073795	0.3
24952.48379936948	300	55.81011699865426	0.0	179328	4095.2668027376512	0.3
24957.89807780342	300	54.39583856470935	0.0	159914	5414.278433944904	0.3
24960.01033774738	300	56.2835786207508	0.0	131610	2112.2599439585533	0.3
24966.901089953386	300	53.39282641474723	0.0	124011	6890.752206003565	0.3
24972.957087929517	300	51.336828438614326	0.0	144254	6055.997976132911	0.3
24978.628221465824	300	49.665694902310044	0.0	149991	5671.133536304279	0.3
24984.103434951958	300	48.190481416175736	0.0	147968	5475.213486134307	0.3
24988.690017145418	300	47.603899222716464	0.0	161857	4586.582193459273	0.3
24991.77877628008	300	48.51514008805648	0.0	145210	3088.7591346599875	0.3
24995.47240439431	300	48.82151197382683	0.0	172312	3693.628114229643	0.3
24997.47734684233	300	50.816569525806536	0.0	167025	2004.942448020293	0.3
24998.797648400134	300	53.49626796800131	0.0	160064	1320.3015578052295	0.3
25002.384674854202	750	53.909241513937395	0.0	331053	3587.026454063913	0.3
25004.78586945034	750	55.50804691779667	0.0	314107	2401.194596140731	0.75

