39885.972092456585	750	4.0	2.498490134264002	450283	2498.490134264002	-9.993507577335208
39887.04361464587	300	6.928477810718758	0.0	155580	1071.5221892812428	-0.15000000000000002
39888.100787959156	300	9.871304497431124	0.0	139857	1057.1733132876348	0.3
39889.217204074885	300	12.75488838170606	0.0	155432	1116.4161157250628	0.3
39891.80564396078	750	14.166448495808606	0.0	411561	2588.439885897455	0.3
39893.6684162808	750	16.303676175788112	0.0	318564	1862.7723200204916	0.75
39897.2727604352	1200	16.699332021393108	0.0	561791	3604.344154395008	0.75
39902.14092118503	1200	15.831171271555863	0.0	709534	4868.160749837243	1.2
39904.564417229645	750	17.407675226943766	0.0	374758	2423.4960446120963	0.3
39908.01359250685	1200	17.958499949735533	0.0	560821	3449.175277208235	0.75
39911.47621768999	1200	18.49587476660035	0.0	607410	3462.6251831351815	1.2
39914.6444212267	1200	19.327671229888765	0.0	594078	3168.2035367115805	1.2
39917.92884941348	1200	20.043243043107218	0.0	624282	3284.428186781549	1.2
39923.957251860214	1850	18.014840596374057	0.0	1036454	6028.402446733158	1.2000000000000002
39927.273079559825	1200	18.699012896762923	0.0	526950	3315.827699611135	0.5499999999999999
39930.87162256393	1200	19.100469892662655	0.0	587876	3598.54300410027	1.2
39934.4847102496	1200	19.487382206997545	0.0	617242	3613.0876856651143	1.2
39938.55156550763	1200	19.420526948963328	0.0	581493	4066.855258034213	1.2
39942.56981792319	1200	19.402274533400977	0.0	639204	4018.252415562351	1.2
39945.838044840784	1200	20.13404761580644	0.0	586839	3268.226917594536	1.2
39948.99192881678	1200	20.980163639807703	0.0	601738	3153.8839759987386	1.2
39954.63567045298	1850	19.336422003607417	0.0	955231	5643.741636200284	1.2000000000000002
39959.35564809106	1200	18.61644436552599	0.0	656471	4719.97763808143	0.5499999999999999
39965.253551218775	1200	16.71854123781158	0.0	536667	5897.903127714411	1.2
39968.51445377619	750	17.45763868040349	0.0	359903	3260.9025574080893	0.3
39971.84506570881	750	18.127026747779464	0.0	379700	3330.611932624029	0.75
39975.73015921857	750	18.241933238013534	0.0	425781	3885.0935097659285	0.75
39977.87774746827	750	20.094344988318564	0.0	277716	2147.5882496949707	0.75
39981.9056195373	1200	20.06647291928618	0.0	622896	4027.8720690323826	0.75
39986.42835470885	1200	19.54373774773994	0.0	641447	4522.735171546244	1.2
39990.47025320622	1200	19.50183925036355	0.0	570392	4041.8984973763922	1.2
39997.39263861371	1200	16.57945384287698	0.0	620283	6922.385407486567	1.2
39999.17269675632	300	18.799395700262313	0.0	143881	1780.058142614667	-0.6000000000000001
40001.90975368904	750	20.062338767547672	0.0	412837	2737.056932714641	0.3
40006.273201466516	1200	19.698890990076844	0.0	690253	4363.447777470829	0.75
40010.41867698613	1200	19.55341547046053	0.0	598727	4145.475519616317	1.2
40013.7058616603	1200	20.266230796297922	0.0	487812	3287.1846741626077	1.2
40017.346038859905	1200	20.626053596698902	0.0	575591	3640.1771995990202	1.2
40021.20241907483	1200	20.76967338177752	0.0	605884	3856.380214921382	1.2
40025.243676126076	1200	20.72841633052278	0.0	587506	4041.257051254738	1.2
40028.72963865339	1200	21.242453803208253	0.0	566904	3485.9625273145284	1.2
40034.045091153595	1200	19.927001303002843	0.0	641452	5315.452500205411	1.2
40039.046302292205	1200	18.92579016438566	0.0	599477	5001.211138617182	1.2
40042.45158881779	750	19.52050363880158	0.0	438281	3405.2865255840784	0.3
40046.93062086196	1200	19.04147159462604	0.0	630203	4479.032044175541	0.75
40051.53429655546	1200	18.437795901126314	0.0	638661	4603.675693499724	1.2
40055.12970745525	1200	18.84238500133539	0.0	538612	3595.410899790924	1.2
40059.26267398788	1200	18.709418468705596	0.0	550906	4132.966532629793	1.2

