1692.39748386283	750	4.0	1.7642452313647095	450283	1764.2452313647095	-6.836254494868251
1692.970002677255	300	7.42748118557492	0.0	155580	572.5188144250797	-0.15000000000000002
1694.4183603642914	750	9.979123498538575	0.0	350812	1448.3576870363456	0.3
1696.7345749273647	1200	11.662908935465154	0.0	617681	2316.2145630734212	0.75
1700.509321371984	1850	11.888162490845833	0.0	996749	3774.746444619321	1.2000000000000002
1703.5895934021642	1850	12.807890460665824	0.0	801058	3080.272030180009	1.85
1707.0846347904348	1850	13.312849072395176	0.0	905515	3495.041388270647	1.85
1713.6229188196307	2850	10.774565043199244	0.0	1638769	6538.284029195932	1.85
1715.7162000175495	1200	12.681283845280406	0.0	584846	2093.2811979188373	-0.44999999999999996
1719.0577915538051	1850	13.33969230902476	0.0	913888	3341.591536255646	1.2000000000000002
1724.362440692402	2850	12.03504317042795	0.0	1354548	5304.64913859681	1.85
1727.6524382884086	1850	12.745045574421374	0.0	917428	3289.997596006577	0.8500000000000001
1731.0200834961424	1850	13.377400366687455	0.0	946851	3367.645207733918	1.85
1736.728828898934	2850	11.668654963895902	0.0	1578343	5708.745402791554	1.85
1739.6517807087164	1850	12.745703154113274	0.0	821631	2922.951809782628	0.8500000000000001
1743.2359400332116	1850	13.161543829618106	0.0	923170	3584.159324495169	1.85
1749.6947690076026	2850	10.702714855227068	0.0	1491626	6458.828974391037	1.85
1752.5476849197369	1200	11.849798943092965	0.0	581493	2852.9159121341036	-0.44999999999999996
1756.236304560775	1850	12.161179302054842	0.0	987708	3688.619641038121	1.2000000000000002
1759.2592542185394	1850	13.138229644290403	0.0	923755	3022.949657764441	1.85
1764.1311737733092	2850	12.266310089520662	0.0	1415116	4871.919554769739	1.85
1767.656137405743	1850	12.741346457086788	0.0	955231	3524.9636324338744	0.8500000000000001
1770.9621223678923	1850	13.435361494937585	0.0	968026	3305.984962149203	1.85
1775.6706417572154	2850	12.726842105614658	0.0	1323990	4708.519389322925	1.85
1779.196791419499	1850	13.200692443331047	0.0	897976	3526.1496622836116	0.8500000000000001
1785.591758980656	2850	10.805724882174152	0.0	1480464	6394.967561156894	1.85
1788.0498880557338	1200	12.34759580709623	0.0	696376	2458.129075077923	-0.44999999999999996
1791.0581140545578	1850	13.33936980827225	0.0	758197	3008.225998823978	1.2000000000000002
1797.308608238146	2850	11.088875624684173	0.0	1498470	6250.494183588079	1.85
1801.4585680903385	1850	10.938915772491562	0.0	975811	4149.959852192611	0.8500000000000001
1803.968377427908	1200	12.429106434922021	0.0	570392	2509.8093375695407	0.5499999999999999
1807.9769701049045	1850	12.42051375792579	0.0	954453	4008.5926769962307	1.2000000000000002
1813.766969173758	1850	10.630514689072141	0.0	885062	5789.999068853649	1.85
1816.479169109855	1200	11.918314752975071	0.0	670129	2712.19993609707	0.5499999999999999
1820.7207121194524	1850	11.676771743377767	0.0	1026056	4241.543009597304	1.2000000000000002
1824.5444102808863	1850	11.85307358194374	0.0	943942	3823.6981614340266	1.85
1827.7903710383284	1850	12.607112824501586	0.0	728962	3245.9607574421534	1.85
1831.8593277815326	1850	12.538156081297402	0.0	938587	4068.956743204185	1.85
1836.6571102842588	1850	11.740373578571212	0.0	908665	4797.78250272619	1.85
1841.2892128729943	1850	11.108270989835717	0.0	930577	4632.102588735496	1.85
1845.300713606534	1850	11.096770256296276	0.0	858450	4011.5007335394394	1.85
1851.349868513809	1850	9.04761534902095	0.0	1025005	6049.154907275328	1.85
1856.8208211368064	1200	7.576662726023571	0.0	599477	5470.952622997378	0.5499999999999999
1859.9857833189844	750	8.411700543845702	0.0	438281	3164.96218217787	0.3
1863.141439669829	750	9.256044193001056	0.0	398987	3155.6563508446443	0.75
1869.289663389214	1200	7.107820473616098	0.0	638661	6148.223719384959	0.75
1873.2216642013732	750	7.175819661456727	0.0	331053	3932.00081215937	0.3
1878.4092761885527	750	5.988207674277435	0.0	314107	5187.611987179293	0.75

