25153.60412732888	750	4.0	2.098558835975096	450283	2098.558835975096	-8.273802994692913
25154.63274400988	300	6.97138331900328	0.0	155580	1028.61668099672	-0.15000000000000002
25155.683731250316	300	9.92039607856483	0.0	139857	1050.9872404384519	0.3
25156.893394447383	300	12.710732881498858	0.0	155432	1209.6631970659714	0.3
25158.35692656526	300	15.24720076362302	0.0	163442	1463.532117875837	0.3
25159.38240650981	300	18.22172081907263	0.0	126289	1025.4799445503918	0.3
25160.53712441446	300	21.06700291442451	0.0	153295	1154.717904648121	0.3
25161.746454062653	300	23.857673266231885	0.0	173849	1209.3296481926216	0.3
25162.738522451706	300	26.86560487717797	0.0	150710	992.0683890539177	0.3
25163.763742479627	300	29.84038484925781	0.0	139105	1025.2200279201566	0.3
25164.68536505811	300	32.918762270776426	0.0	141840	921.6225784813896	0.3
25165.71646841327	300	35.88765891561322	0.0	156148	1031.1033551631974	0.3
25166.803466593537	300	38.800660735345815	0.0	160746	1086.9981802674065	0.3
25167.897396133838	300	41.70673119504879	0.0	179801	1093.9295402970315	0.3
25169.84471367519	750	43.75941365369533	0.0	337059	1947.3175413534532	0.3
25172.13688189672	750	45.46724543216441	0.0	366214	2292.1682215309165	0.75
25174.6621090142	750	46.942018314686955	0.0	360831	2525.227117477458	0.75
25176.1412833292	300	49.462843999684026	0.0	150616	1479.1743150029295	-0.15000000000000002
25180.13942160482	300	49.46470572406278	0.0	165384	3998.1382756212374	0.3
25184.048765855965	300	49.55536147291982	0.0	140881	3909.3442511429607	0.3
25187.183917162718	300	50.42021016616951	0.0	157671	3135.151306750313	0.3
25191.97534670258	300	49.628780626306146	0.0	157812	4791.429539863368	0.3
25196.22922158915	300	49.37490573973226	0.0	163927	4253.8748865738835	0.3
25198.32689351344	300	51.27723381544173	0.0	137654	2097.671924290532	0.3
25201.22317592069	300	52.380951408191834	0.0	146754	2896.282407249896	0.3
25203.932676910015	300	53.67145041886777	0.0	153938	2709.500989324067	0.3
25207.60752188627	300	53.99660544261266	0.0	181901	3674.8449762551	0.3
25209.10657076334	300	56.497556565546276	0.0	111155	1499.0488770663876	0.3
25212.019274096227	300	57.58485323265561	0.0	153605	2912.7033328906696	0.3
25214.565809358675	300	59.03831797020955	0.0	149029	2546.5352624460625	0.3
25217.87660101147	300	59.64854257669433	0.0	157421	2389.775393515216	0.3
25221.84101946541	300	59.53684147936475	0.0	157488	3111.701097329573	0.3
25225.979908239187	300	59.397952705586455	0.0	143881	4138.888773778298	0.3
25228.485276290085	300	59.99557174533171	0.0	163444	1902.3809602547433	0.3
25231.76425551223	300	59.593575679579864	0.0	179328	2401.996065751844	0.3
25235.04389405554	300	59.84674798612324	0.0	159914	3246.827693456627	0.3
25238.06992507754	300	59.540637900048175	0.0	131610	1806.110086075067	0.3
25240.251805743992	300	59.899158034785366	0.0	124011	1641.4798652628058	0.3
25242.231092184193	300	59.84971521527955	0.0	144254	1549.4428195058103	0.3
25244.07817798678	300	59.54159412433409	0.0	149991	1308.1210909454596	0.3
25246.792160165212	300	59.8140853909368	0.0	147968	1727.5087333972933	0.3
25249.23145103715	300	59.95767667748628	0.0	161857	1856.4087134505164	0.3
25251.827970132468	300	59.56585820907213	0.0	145210	1891.8184684141552	0.3
25254.293894117494	300	59.54474653000979	0.0	172312	2021.111679062344	0.3
25255.752235417407	300	59.668482033035104	0.0	167025	1376.2644969746852	0.3
25257.863328716692	300	59.63397378486353	0.0	160064	1534.5082481715829	0.3
25259.339807304546	300	59.52152701649208	0.0	137507	1112.4467683714465	0.3
25261.563327261385	300	59.72928294781471	0.0	118421	1292.2440686773705	0.3

