26391.40111564626	750	4.0	2.905148303948766	450283	2905.148303948766	-11.742137706979694
26392.444407631196	300	6.956708015063269	0.0	155580	1043.291984936731	-0.15000000000000002
26393.59541070904	300	9.805704937221734	0.0	139857	1151.003077841536	0.3
26394.732212731833	300	12.668902914424304	0.0	155432	1136.8020227974282	0.3
26395.60558994691	300	15.795525699346312	0.0	163442	873.3772150779934	0.3
26396.297545781847	300	19.103569864410463	0.0	126289	691.9558349358476	0.3
26397.47537144511	300	21.92574420114428	0.0	153295	1177.8256632661844	0.3
26398.78910744937	300	24.612008196884453	0.0	173849	1313.7360042598268	0.3
26399.827863486946	300	27.573252159309014	0.0	150710	1038.7560375754401	0.3
26400.619293319924	300	30.78182232633247	0.0	139105	791.4298329765445	0.3
26401.577477658382	300	33.82363798787036	0.0	141840	958.1843384621014	0.3
26402.425651862526	300	36.975463783731236	0.0	156148	848.1742041391302	0.3
26403.44087674342	300	39.96023890283469	0.0	160746	1015.2248808965435	0.3
26404.99207378328	300	42.40904186297825	0.0	179801	1551.1970398564338	0.3
26405.874871091357	300	45.52624455489699	0.0	140051	882.7973080812566	0.3
26406.6441748319	300	48.75694081435413	0.0	138313	769.30374054286	0.3
26407.3579079888	300	52.04320765745452	0.0	143509	713.7331568996123	0.3
26409.902752011756	750	53.49836363450011	0.0	372963	2544.8440229544112	0.3
26412.000882257875	750	55.40023338838266	0.0	405596	2098.1302461174473	0.75
26413.643439125135	750	57.75767652112347	0.0	350713	1642.556867259183	0.75
26415.82730000587	750	59.57381564038974	0.0	386472	1683.860880733739	0.75
26417.91413979976	750	59.76156207522373	0.0	399894	1812.253565166008	0.75
26421.05940306991	750	59.51622355451121	0.0	401853	2745.3385207125275	0.75
26423.264495649182	750	59.51863963959291	0.0	343800	1997.5839149182932	0.75
26425.966046951453	750	59.721618320634796	0.0	359903	1797.0213189581086	0.75
26429.39221749173	750	59.73129804215408	0.0	379700	2990.32027848072	0.75
26434.62118458085	750	58.50233095303431	0.0	425781	5228.967089119771	0.75
26438.66607804657	750	58.45743748731435	0.0	277716	4044.893465719954	0.75
26441.39484016985	750	59.728675364033535	0.0	400396	2728.7621232808165	0.75
26444.717546132324	750	59.531558852755886	0.0	400508	2697.1165112776494	0.75
26447.870064977666	750	59.66309415568021	0.0	358218	2868.464697075672	0.75
26450.59639801672	750	59.63695471028526	0.0	400322	2526.1394453949542	0.75
26453.81745425793	750	59.75652338651309	0.0	369834	2380.43132377217	0.75
26456.80051828235	750	59.81030383301952	0.0	412837	2446.2195534935663	0.75
26458.415958941012	300	59.71550573915141	0.0	179328	1094.7980938681078	-0.15000000000000002
26459.26714680638	300	59.955733088865216	0.0	159914	759.7726502861973	0.3
26460.30724659031	300	59.676390804443464	0.0	131610	779.3422844217489	0.3
26462.039330426087	300	59.890227636308566	0.0	124011	786.163168134897	0.3
26463.694666080657	300	59.976020142843254	0.0	144254	914.2074934653164	0.3
26465.71550108184	300	59.78166672280547	0.0	149991	1194.3534200377903	0.3
26469.28206320448	750	59.85612645205709	0.0	345516	2925.5402707483736	0.3
26473.27830238393	750	59.62351778827732	0.0	384505	3232.6086637797703	0.75
26476.827693346353	750	59.84113756490332	0.0	372093	3282.380223373997	0.75
26480.682644059616	750	59.98618685163927	0.0	438281	3854.950713264057	0.75
26484.917668620452	750	59.75116229080242	0.0	398987	3735.024560836842	0.75
26488.238394458516	750	59.94879237834278	0.0	393804	2802.369912459639	0.75
26491.881277047054	750	59.57702904687805	0.0	331053	2871.76333146473	0.75
26495.169935590842	750	59.762759403518025	0.0	314107	2814.269643360025	0.75

