40513.345650201256	750	4.0	2.5826148246442413	450283	2582.6148246442413	-10.355243745970236
40514.538124387676	300	6.807525813577313	0.0	155580	1192.4741864226876	-0.15000000000000002
40515.63850360429	300	9.707146596961891	0.0	139857	1100.3792166154212	0.3
40516.82992169947	300	12.515728501785361	0.0	155432	1191.4180951765293	0.3
40518.194506930144	300	15.151143271111172	0.0	163442	1364.5852306741895	0.3
40520.5634401306	750	16.782210070657246	0.0	318564	2368.933200453926	0.3
40522.92938622933	750	18.416263971930746	0.0	352642	2365.9460987264974	0.75
40525.88095751999	750	19.46469268126379	0.0	437162	2951.5712906669564	0.75
40530.00916707385	1200	19.33648312740932	0.0	584846	4128.20955385447	0.75
40533.80418295932	1200	19.54146724193848	0.0	560821	3795.0158854708393	1.2
40539.311385779685	1200	18.034264421572193	0.0	607410	5507.202820366288	1.2
40544.4444837393	1200	16.901166461955285	0.0	594078	5133.097959616911	1.2
40547.618530577296	750	17.72711962396512	0.0	386351	3174.0468379901627	0.3
40551.40052407539	750	17.945126125870395	0.0	434409	3781.993498094723	0.75
40555.042436568736	750	18.303213632521594	0.0	337059	3641.912493348801	0.75
40559.88788661125	750	17.457763590002802	0.0	366214	4845.450042518791	0.75
40563.140185563156	750	18.20546463809863	0.0	360831	3252.298951904172	0.75
40568.214578497515	1200	17.13107170373647	0.0	581493	5074.39293436216	0.75
40571.74016228164	750	17.605487919607924	0.0	405596	3525.583784128547	0.3
40574.58825194699	750	18.75739825425916	0.0	350713	2848.089665348763	0.75
40578.88646649272	1200	18.459183708524098	0.0	601738	4298.214545735062	0.75
40583.83835709208	1200	17.50729310916903	0.0	616206	4951.89059935507	1.2
40586.753097024746	750	18.59255317650008	0.0	401853	2914.7399326689515	0.3
40590.40380305624	1200	18.941847145007756	0.0	536667	3650.7060314923237	0.75
40594.626567816675	1200	18.719082384571724	0.0	587236	4222.764760436031	1.2
40599.02677465112	1200	18.318875550122748	0.0	590335	4400.206834448978	1.2
40602.41017649565	750	18.935473705598866	0.0	425781	3383.401844523878	0.3
40604.86279108824	750	20.48285911300268	0.0	277716	2452.6145925961855	0.75
40610.39157325677	1200	18.954076944480683	0.0	622896	5528.782168521996	0.75
40617.85223736135	1200	15.493412839898518	0.0	641447	7460.664104582165	1.2
40621.58793409571	750	15.757716105535078	0.0	358218	3735.6967343634415	0.3
40626.16797774062	750	15.177672460627324	0.0	400322	4580.043644907754	0.75
40629.62112594476	750	15.724524256485727	0.0	369834	3453.148204141596	0.75
40633.23455478725	750	16.111095413992505	0.0	412837	3613.4288424932215	0.75
40636.94374774279	750	16.40190245844909	0.0	401088	3709.1929555434144	0.75
40640.5342763579	750	16.8113738433373	0.0	365161	3590.5286151117916	0.75
40643.12603504901	750	18.21961515222765	0.0	321064	2591.758691109652	0.75
40646.35382759437	750	18.99182260687505	0.0	361565	3227.7925453525986	0.75
40653.30169238177	1200	16.043957819473096	0.0	605884	6947.864787401954	0.75
40660.66489629642	750	12.68075390482393	0.0	390680	7363.203914649166	0.3
40664.088521463804	750	13.257128737438576	0.0	345516	3423.625167385354	0.75
40667.49499189171	750	13.850658309534225	0.0	384505	3406.4704279043513	0.75
40670.40873624569	750	14.936913955554381	0.0	372093	2913.7443539798433	0.75
40674.478033691776	750	14.867616509467535	0.0	438281	4069.297446086847	0.75
40677.922961371274	750	15.422688829970838	0.0	398987	3444.9276794966977	0.75
40680.95105368804	750	16.394596513198987	0.0	393804	3028.0923167718515	0.75
40683.62196112661	750	17.72368907462661	0.0	331053	2670.907438572376	0.75
40686.08282785551	750	19.26282234572767	0.0	314107	2460.8667288989423	0.75

