1433.3166465594252	750	4.0	2.8173561793236095	450283	2817.3561793236095	-11.36463157109152
1434.4606370027536	300	6.856009556671636	0.0	155580	1143.9904433283639	-0.15000000000000002
1435.413113402574	300	9.903533156851038	0.0	139857	952.4763998205976	0.3
1438.544234357561	750	10.772412201864192	0.0	382355	3131.120954986847	0.3
1442.0988534477679	750	11.21779311165732	0.0	411561	3554.619090206873	0.75
1444.6477790464803	750	12.668867512944871	0.0	318564	2548.925598712448	0.75
1447.5495058424476	750	13.767140716977579	0.0	352642	2901.726795967292	0.75
1451.5624661142244	750	13.754180445200788	0.0	437162	4012.9602717767916	0.75
1455.3814084440678	750	13.935238115357409	0.0	374758	3818.942329843378	0.75
1458.3316480488015	750	14.984998510623583	0.0	362795	2950.239604733826	0.75
1460.6036983122126	750	16.712948247212548	0.0	353220	2272.0502634110335	0.75
1463.195438058834	750	18.121208500591113	0.0	405134	2591.7397466214334	0.75
1466.1627636090298	750	19.15388295039531	0.0	386351	2967.325550195806	0.75
1469.390330299218	750	19.926316260207255	0.0	434409	3227.566690188053	0.75
1471.3630788248709	750	21.953567734554408	0.0	337059	1972.7485256528475	0.75
1474.2943814937692	750	23.022265065656015	0.0	366214	2931.3026688983914	0.75
1481.331522392109	1850	19.98512416731621	0.0	966699	7037.140898339802	0.75
1486.8478502896928	1850	18.46879626973229	0.0	885714	5516.32789758392	1.85
1492.4907012927158	1850	16.825945266709503	0.0	987708	5642.851003022787	1.85
1497.3724355628556	1850	15.944210996569673	0.0	923755	4881.73427013983	1.85
1501.8728654680303	1850	15.443781091395005	0.0	891604	4500.429905174667	1.85
1507.9378326744306	1850	13.378813884994667	0.0	955231	6064.96720640034	1.85
1515.8957337690267	1850	9.420912790398594	0.0	968026	7957.901094596072	1.85
1520.5300751724997	750	8.786571386925676	0.0	343800	4634.3414034729185	-0.3500000000000001
1522.5447473037812	300	10.77189925564424	0.0	146754	2014.6721312814368	-0.15000000000000002
1524.832016036424	300	12.484630523001469	0.0	153938	2287.2687326427695	0.3
1527.509782602565	300	13.806863956860099	0.0	181901	2677.766566141371	0.3
1531.703083852195	750	13.613562707230386	0.0	277716	4193.301249629713	0.3
1537.6540975549924	750	11.662549004432837	0.0	400396	5951.01370279755	0.75
1541.5466152362603	750	11.770031323165115	0.0	400508	3892.51768126772	0.75
1546.3083634958132	750	11.008283063612046	0.0	358218	4761.74825955307	0.75
1547.5458180260823	300	13.770828533343	0.0	157488	1237.4545302690456	-0.15000000000000002
1550.9715166446845	750	14.34512991474108	0.0	369834	3425.698618601921	0.3
1556.293861625217	750	13.022784934208445	0.0	412837	5322.344980532634	0.75
1558.74693614819	750	14.569710411235421	0.0	401088	2453.0745229730237	0.75
1562.188689528273	750	15.127957031152496	0.0	365161	3441.7533800829237	0.75
1566.3447028150756	750	14.971943744349712	0.0	321064	4156.013286802784	0.75
1571.2635428267265	750	14.053103732698736	0.0	361565	4918.840011650976	0.75
1574.4842330263966	750	14.832413533028602	0.0	378327	3220.690199670134	0.75
1580.9450559752156	750	12.371590584209862	0.0	390680	6460.82294881874	0.75
1587.8233555944596	750	9.493290964965649	0.0	345516	6878.299619244213	0.75
1590.2222102595827	300	11.094436299842679	0.0	161857	2398.8546651229694	-0.15000000000000002
1592.3098786517473	300	13.006767907677938	0.0	145210	2087.668392164739	0.3
1595.2063778722613	300	14.110268687164064	0.0	172312	2896.499220513875	0.3
1598.3349486550687	300	14.981697904356622	0.0	167025	3128.570782807441	0.3
1601.4436746324525	300	15.872971926972847	0.0	160064	3108.7259773837754	0.3
1606.2575635201833	750	15.059083039241958	0.0	331053	4813.888887730889	0.3
1610.65462505837	750	14.662021501055383	0.0	314107	4397.061538186574	0.75

