39982.444506402826	750	4.0	2.1297200497694786	450283	2129.7200497694785	-8.407796214008757
39983.39819342198	300	7.046312980852303	0.0	155580	953.6870191476975	-0.15000000000000002
39984.37419758098	300	10.070308821839483	0.0	139857	976.0041590128205	0.3
39985.481899881954	300	12.962606520874271	0.0	155432	1107.7023009652107	0.3
39986.56256450151	300	15.881941901320028	0.0	163442	1080.6646195542435	0.3
39988.96952778328	750	17.47497861954568	0.0	318564	2406.9632817743477	0.3
39991.99812698661	750	18.44637941622195	0.0	352642	3028.599203323727	0.75
39995.65167001038	750	18.792836392450276	0.0	437162	3653.543023771676	0.75
40000.26745038634	1200	18.17705601649615	0.0	584846	4615.780375954126	0.75
40005.395403306546	1200	17.049103096288757	0.0	560821	5127.952920207394	1.2
40008.55408481176	750	17.890421591072965	0.0	353220	3158.681505215791	0.3
40021.55970134809	1200	8.884805054744305	0.0	594078	13005.61653632866	0.75
40025.23966839227	300	9.204838010562268	0.0	160746	3679.9670441820376	-0.6000000000000001
40028.510501646546	300	9.934004756285368	0.0	179801	3270.833254276899	0.3
40030.78128054205	300	11.663225860787401	0.0	140051	2270.7788954979683	0.3
40032.327318780546	300	14.117187622284682	0.0	138313	1546.0382385027185	0.3
40035.845438464006	750	14.599067938828679	0.0	360831	3518.1196834560033	0.3
40040.500321594525	750	13.94418480830677	0.0	372963	4654.883130521907	0.75
40047.51732053186	750	10.927185870975869	0.0	405596	7016.998937330902	0.75
40050.168633824906	300	12.275872577929457	0.0	140881	2651.313293046412	-0.15000000000000002
40053.043898398944	300	13.400608003893687	0.0	157671	2875.2645740357693	0.3
40061.49347301751	750	8.951033385328456	0.0	399894	8449.574618565232	0.3
40063.44070799889	300	11.003798403950402	0.0	163927	1947.234981378053	-0.15000000000000002
40065.305997171236	300	13.138509231602747	0.0	137654	1865.2891723476546	0.3
40071.62147694852	750	10.82302945432175	0.0	359903	6315.479777280999	0.3
40073.62539652452	300	12.819109878325312	0.0	153938	2003.9195759964373	-0.15000000000000002
40078.2861579098	750	12.158348493040833	0.0	425781	4660.761385284479	0.3
40079.6851146698	300	14.759391733044597	0.0	111155	1398.9567599962372	-0.15000000000000002
40083.69689506889	750	14.74761133395461	0.0	400396	4011.7803990899874	0.3
40088.4143280691	750	14.030178333751293	0.0	400508	4717.433000203317	0.75
40092.35333043538	750	14.09117596747275	0.0	358218	3939.0023662785434	0.75
40096.57807231389	750	13.866434088963514	0.0	400322	4224.741878509239	0.75
40100.495082361595	750	13.949424041261292	0.0	369834	3917.0100477022197	0.75
40104.32265437184	750	14.121852031014802	0.0	412837	3827.5720102464907	0.75
40107.50107100969	750	14.94343539316726	0.0	401088	3178.4166378475425	0.75
40115.19108857867	750	11.253417824184428	0.0	365161	7690.017568982831	0.75
40117.24514043773	300	13.199365965127226	0.0	131610	2054.051859057201	-0.15000000000000002
40118.844122478535	300	15.600383924319734	0.0	124011	1598.9820408074916	0.3
40127.27673658307	750	11.16776981978404	0.0	378327	8432.614104535694	0.3
40129.24812262231	300	13.196383780549299	0.0	149991	1971.3860392347424	-0.15000000000000002
40133.85567718689	750	12.588829215967413	0.0	345516	4607.554564581887	0.3
40137.427614255575	750	13.016892147281862	0.0	384505	3571.937068685551	0.75
40138.42225514213	300	16.02225126073176	0.0	145210	994.6408865501005	-0.15000000000000002
40142.42311648196	750	16.021389920901324	0.0	438281	4000.861339830436	0.3
40149.0144657277	750	13.430040675165884	0.0	398987	6591.3492457354405	0.75
40153.2867086194	750	13.157797783459872	0.0	393804	4272.242891706013	0.75
40158.61633945695	750	11.828166945906956	0.0	331053	5329.630837552915	0.75
40160.59593265994	300	13.848573742917694	0.0	118421	1979.5932029892626	-0.15000000000000002

