25374.2889098808	750	4.0	2.498490134264002	450283	2498.490134264002	-9.993507577335208
25375.360432070083	300	6.928477810718758	0.0	155580	1071.5221892812428	-0.15000000000000002
25376.41760538337	300	9.871304497431124	0.0	139857	1057.1733132876348	0.3
25377.534021499094	300	12.75488838170606	0.0	155432	1116.4161157250628	0.3
25378.58948216302	300	15.699427717781926	0.0	163442	1055.4606639241338	0.3
25379.450667259483	300	18.83824262131754	0.0	126289	861.1850964643836	0.3
25380.473399825634	300	21.815510055170144	0.0	153295	1022.7325661473973	0.3
25381.55677447206	300	24.73213540874197	0.0	173849	1083.3746464281724	0.3
25382.433127663273	300	27.855782217529764	0.0	150710	876.3531912122065	0.3
25383.353480964568	300	30.93542891623478	0.0	139105	920.3533012949836	0.3
25384.50674478319	300	33.78216509761327	0.0	141840	1153.2638186215083	0.3
25385.420830089206	300	36.868079791593836	0.0	156148	914.0853060194356	0.3
25386.602818151776	300	39.68609172902505	0.0	160746	1181.988062568787	0.3
25387.749639646034	300	42.539270234766256	0.0	179801	1146.821494258794	0.3
25388.62882185345	300	45.66008802734844	0.0	140051	879.1822074178099	0.3
25389.767784869775	300	48.521125011023194	0.0	138313	1138.9630163252482	0.3
25390.962801546306	300	51.3261083344931	0.0	143509	1195.016676530087	0.3
25392.012427614718	300	54.27648226607985	0.0	150616	1049.626068413254	0.3
25393.13005776274	300	57.15885211805755	0.0	165384	1117.6301480223003	0.3
25394.53386191442	300	59.75504796637936	0.0	140881	903.8041516781975	0.3
25395.948646720917	300	59.74987664707372	0.0	157671	1005.1713193056402	0.3
25397.112860080364	300	59.79257671094409	0.0	157812	957.2999361296237	0.3
25398.91387012253	300	59.94102840152111	0.0	163927	851.5483094229871	0.3
25400.624728155606	300	59.704830251354295	0.0	137654	736.198150166814	0.3
25403.292854003943	750	59.638097268639505	0.0	359903	2066.7329827147882	0.3
25406.25872648963	750	59.59585745860729	0.0	379700	2542.23981003221	0.75
25408.679246783904	750	59.68791364929817	0.0	425781	2407.9438093091258	0.75
25411.656324958447	750	59.65566280450929	0.0	277716	2532.250844788884	0.75
25414.46168544236	750	59.60589622743125	0.0	400396	2549.766577078033	0.75
25417.509838529062	750	59.5836166374954	0.0	400508	2022.279589935843	0.75
25419.945131357043	750	59.77490697188853	0.0	358218	1808.7096656068784	0.75
25422.5604183465	750	59.890555058346706	0.0	400322	2384.3519135418264	0.75
25424.96397090563	750	59.578246316742614	0.0	369834	2312.3087416040844	0.75
25428.416688661102	750	59.967509347766146	0.0	412837	3110.7369689764764	0.75
25433.548606497974	750	58.83559151089549	0.0	401088	5131.917836870654	0.75
25436.548666574858	750	59.83553143401139	0.0	365161	3000.060076884098	0.75
25440.497122673914	750	59.77928273461031	0.0	321064	3056.2486994010737	0.75
25443.93713485192	750	59.82988034543359	0.0	361565	2949.402389176728	0.75
25446.531616857723	750	59.817944236948335	0.0	378327	2511.9361084852508	0.75
25449.84214521413	750	59.97845300740182	0.0	390680	2839.491229546518	0.75
25453.071796728556	750	59.54964581362031	0.0	345516	2428.8071937815116	0.75
25456.37197630757	750	59.74997818443516	0.0	384505	2799.6676291851504	0.75
25462.103365796807	750	58.01858869519822	0.0	372093	5731.389489236944	0.75
25465.010548014194	750	59.11140647781344	0.0	438281	2907.1822173847736	0.75
25468.13076871211	750	59.98933795708073	0.0	398987	2622.0685207327124	0.75
25470.917112183135	750	59.89524231015986	0.0	393804	2594.095646920872	0.75
25474.196037656355	750	59.981903485602004	0.0	331053	2413.338824557857	0.75
25476.971454376242	750	59.67148844999096	0.0	314107	1810.415035611041	0.75

