26200.49574445909	750	4.0	3.577861463103849	450283	3577.861463103849	-14.63480429134655
26201.983629076727	300	6.51211538236463	0.0	155580	1487.8846176353702	-0.15000000000000002
26203.361680256738	300	9.134064202352965	0.0	139857	1378.051180011665	0.3
26204.805249761084	300	11.690494698005484	0.0	155432	1443.5695043474816	0.3
26206.140994286943	300	14.354750172147396	0.0	163442	1335.744525858089	0.3
26207.46347995559	300	17.0322645034982	0.0	126289	1322.4856686491958	0.3
26208.90167605922	300	19.594068399868892	0.0	153295	1438.1961036293103	0.3
26210.313835342185	300	22.181909116903835	0.0	173849	1412.1592829650556	0.3
26211.533246828432	300	24.9624976306548	0.0	150710	1219.4114862490385	0.3
26212.677270479508	300	27.81847397958051	0.0	139105	1144.0236510742884	0.3
26213.6835218258	300	30.81222263329068	0.0	141840	1006.2513462898322	0.3
26214.916184186244	300	33.579560272846784	0.0	156148	1232.6623604438955	0.3
26216.171950926433	300	36.32379353265608	0.0	160746	1255.766740190701	0.3
26217.420988833364	300	39.07475562572439	0.0	179801	1249.0379069316887	0.3
26218.687940183037	300	41.80780427605345	0.0	140051	1266.9513496709371	0.3
26219.75146593928	300	44.74427851980959	0.0	138313	1063.5257562438633	0.3
26220.966701162535	300	47.5290432965523	0.0	143509	1215.235223257288	0.3
26222.082659740976	300	50.41308471811025	0.0	150616	1115.9585784420476	0.3
26223.193290413787	300	53.30245404529992	0.0	165384	1110.6306728103273	0.3
26224.286161143424	300	56.20958331566299	0.0	140881	1092.8707296369344	0.3
26225.681207002628	300	58.814537456456634	0.0	157671	1395.0458592063517	0.3
26227.668097012607	300	59.592254454792666	0.0	157812	1222.2830016639673	0.3
26229.94961389009	300	59.969299520206064	0.0	163927	1122.9549345866014	0.3
26231.547835687554	300	59.97946959292233	0.0	137654	989.829927283734	0.3
26233.04454527234	300	59.99031073561983	0.0	146754	989.1588573025019	0.3
26234.204575270945	300	59.96907110005781	0.0	153938	1021.2396355620256	0.3
26237.304645528777	300	59.89843115266556	0.0	181901	2070.6399473922484	0.3
26238.74629327179	300	59.94232243637917	0.0	111155	956.1087162863871	0.3
26243.615442542676	750	59.07317316549396	0.0	400396	4869.149270885211	0.3
26248.584315523418	750	58.104300184751935	0.0	400508	4968.872980742032	0.75
26252.17921789903	750	58.50939780914347	0.0	358218	3594.902375608462	0.75
26256.938657677856	750	57.74995803031797	0.0	400322	4759.439778825503	0.75
26260.926879103026	750	57.761736605144755	0.0	369834	3988.2214251732157	0.75
26264.799840187858	750	57.88877552031362	0.0	412837	3872.9610848311263	0.75
26267.067345317242	300	59.621270390932004	0.0	179328	2267.505129381619	-0.15000000000000002
26269.051106451985	300	59.96268535964734	0.0	159914	1658.585031284665	0.3
26271.575264072282	300	59.92919460122792	0.0	131610	1533.4907584194148	0.3
26273.551688583713	300	59.74081577644838	0.0	124011	1188.378824779542	0.3
26275.440832732576	300	59.880266545342714	0.0	144254	1360.549231105668	0.3
26277.10682375712	300	59.92156849195276	0.0	149991	1458.6980533899448	0.3
26279.230112660196	300	59.91907052598994	0.0	147968	1502.4979659628243	0.3
26281.369898133507	300	59.56907325789096	0.0	161857	1349.9972680989772	0.3
26283.139306653204	300	59.69926310064925	0.0	145210	1369.8101572417247	0.3
26286.070092356083	300	59.754169430436995	0.0	172312	1945.0936702122488	0.3
26288.376677714157	300	59.538222767732776	0.0	167025	1715.9466627042218	0.3
26290.548668387855	300	59.97254677856897	0.0	160064	1565.67598916381	0.3
26292.702289078035	300	59.99889377574826	0.0	137507	1973.6530028207096	0.3
26294.665544173098	300	59.52775007189323	0.0	118421	1471.1437038550266	0.3

