45000.7466453063	750	4.0	2.740379482619269	450283	2740.379482619269	-11.033631775262856
45003.702021285906	750	5.044624020394223	0.0	398865	2955.375979605777	0.75
45006.15244465012	750	6.594200656177896	0.0	350812	2450.4233642163267	0.75
45008.39847632366	750	8.348168982640319	0.0	382355	2246.031673537578	0.75
45011.55413257101	750	9.192512735292071	0.0	411561	3155.6562473482463	0.75
45014.65194104834	750	10.094704257955522	0.0	318564	3097.8084773365504	0.75
45017.87279119439	750	10.873854111903524	0.0	352642	3220.8501460519988	0.75
45021.12354920223	750	11.623096104063563	0.0	437162	3250.75800783996	0.75
45023.82077761686	750	12.925867689438217	0.0	374758	2697.2284146253464	0.75
45026.15964181776	750	14.587003488542846	0.0	362795	2338.86420089537	0.75
45028.66469777059	750	16.08194753570704	0.0	353220	2505.0559528358044	0.75
45031.14059947508	750	17.606045831210118	0.0	405134	2475.9017044969223	0.75
45033.41391456674	750	19.332730739554215	0.0	386351	2273.3150916559007	0.75
45037.442245824604	1200	19.304399481691778	0.0	687371	4028.3312578624386	0.75
45040.67526457235	1200	20.071380733946746	0.0	526950	3233.018747745032	1.2
45045.53577330653	1850	19.210871999768425	0.0	923170	4860.508734178323	1.2000000000000002
45054.18788581486	1850	14.558759491439881	0.0	966699	8652.112508328542	1.85
45061.99434588544	1200	10.75229942085901	0.0	581493	7806.460070580872	0.5499999999999999
45068.86246644894	750	7.884178857361441	0.0	405596	6868.120563497569	0.3
45071.944791602116	300	8.801853704179695	0.0	140881	3082.325153181747	-0.15000000000000002
45073.881583249655	300	10.865062056644735	0.0	157671	1936.7916475349602	0.3
45075.582232616005	300	13.164412690292677	0.0	157812	1700.64936635206	0.3
45077.2522641982	300	15.494381108103509	0.0	163927	1670.0315821891675	0.3
45078.398935847836	300	18.347709458466845	0.0	137654	1146.6716496366626	0.3
45079.63806971906	300	21.108575587238228	0.0	146754	1239.1338712286174	0.3
45083.75768303411	750	20.988962272186797	0.0	379700	4119.613315051432	0.3
45087.62517681505	750	21.12146849125676	0.0	425781	3867.4937809300372	0.75
45090.23260540629	750	22.514039900019124	0.0	277716	2607.4285912376363	0.75
45093.01846651362	750	23.728178792686222	0.0	400396	2785.8611073329002	0.75
45096.90914720412	1200	23.837498102189972	0.0	641447	3890.6806904962505	0.75
45100.230751380164	1200	24.515893926135856	0.0	570392	3321.6041760541148	1.2
45104.679138326625	1200	24.067506979677905	0.0	620283	4448.386946457951	1.2
45107.743667904746	1200	25.00297740155057	0.0	584349	3064.529578127335	1.2
45112.95139074508	1850	23.79525456122222	0.0	1035329	5207.7228403283525	1.2000000000000002
45123.12283842255	1850	17.62380688375544	0.0	1026056	10171.44767746678	1.85
45127.02148250095	1200	17.725162805347484	0.0	598727	3898.6440784079546	0.5499999999999999
45131.45109278198	1200	17.295552524329025	0.0	487812	4429.610281018462	1.2
45135.84764698181	1200	16.898998324495096	0.0	575591	4396.554199833929	1.2
45140.729412498236	1200	16.017232808074343	0.0	605884	4881.765516420753	1.2
45144.48090479318	1200	16.26574051312742	0.0	587506	3751.4922949469233	1.2
45148.05364911682	1200	16.69299618949247	0.0	566904	3572.744323634951	1.2
45152.70543128306	1200	16.041214023249132	0.0	641452	4651.782166243333	1.2
45156.08417107885	1200	16.66247422744953	0.0	599477	3378.7397957996036	1.2
45160.74320505004	1200	16.003440256261477	0.0	634861	4659.033971188053	1.2
45171.56549574731	1850	9.181149559000348	0.0	958994	10822.290697261129	1.2000000000000002
45177.084444256674	1200	7.662201049636188	0.0	638661	5518.948509364159	0.5499999999999999
45180.111021699275	1200	8.635623607033661	0.0	538612	3026.577442602527	1.2
45184.97565718803	1850	7.770988118275141	0.0	846370	4864.635488758521	1.2000000000000002

