171.33635430717968	750	4.0	1.786475576889145	450283	1786.475576889145	-6.931844980623323
171.93457361646486	300	7.401780690714844	0.0	155580	598.2193092851558	-0.15000000000000002
173.13282409964066	750	10.203530207539046	0.0	350812	1198.2504831757967	0.3
175.16857587966635	1200	12.167778427513358	0.0	617681	2035.7517800256885	0.75
177.18529432926042	1200	14.15105997791927	0.0	652874	2016.7184495940885	1.2
179.83172507749748	1850	15.504629229682191	0.0	801058	2646.430748237078	1.2000000000000002
182.97411954103353	1850	16.362234766146138	0.0	905515	3142.394463536053	1.85
186.34968447403352	1850	16.98666983314611	0.0	1060487	3375.5649330000283	1.85
189.15457817627	1850	18.181776130909626	0.0	852833	2804.893702236483	1.85
192.137842537727	1850	19.19851176945262	0.0	913888	2983.2643614570034	1.85
196.27789761381135	2850	19.05845669336828	0.0	1354548	4140.055076084341	1.85
203.3955836892792	2850	15.940770617900418	0.0	1519951	7117.686075467862	2.85
205.6458915827184	1200	17.69046272446118	0.0	624282	2250.307893439238	-0.44999999999999996
210.52479165883705	1850	16.81156264834253	0.0	1036454	4878.900076118653	1.2000000000000002
212.57200502323337	1200	18.764349283946242	0.0	526950	2047.2133643962902	0.5499999999999999
215.72089464543774	1850	19.61545966174187	0.0	923170	3148.8896222043727	1.2000000000000002
220.87687055340234	2850	18.459483753777256	0.0	1491626	5155.975907964614	1.85
224.35797855066556	1850	18.978375756514033	0.0	885714	3481.10799726322	0.8500000000000001
229.6403601183317	1850	17.69599418884791	0.0	987708	5282.381567666123	1.85
232.2737196717678	1200	19.06263463541183	0.0	586839	2633.359553436081	0.5499999999999999
236.22120675721186	1850	19.11514754996775	0.0	891604	3947.4870854440783	1.2000000000000002
240.25137315267636	1850	19.084981154503254	0.0	955231	4030.166395464497	1.85
244.31300567135412	1850	19.023348635825492	0.0	968026	4061.632518677761	1.85
248.39702512283912	1850	18.93932918434049	0.0	874175	4084.019451485	1.85
251.93158154859046	1850	19.40477275858917	0.0	897976	3534.5564257513215	1.85
255.1253577730422	1850	20.21099653413741	0.0	905935	3193.776224451758	1.85
260.2440651102533	2850	19.092289196926316	0.0	1547572	5118.707337211095	1.85
265.5359932218569	2850	17.800361085322645	0.0	1141971	5291.928111603669	2.85
269.2157796911807	1850	18.120574615998834	0.0	972798	3679.786469323811	0.8500000000000001
272.856305521969	1850	18.480048785210574	0.0	975811	3640.5258307882605	1.85
276.3811793885262	1850	18.955174918653302	0.0	873429	3524.8738665572705	1.85
279.6374324047964	1850	19.698921902383113	0.0	954453	3256.253016270188	1.85
284.5782784282939	2850	18.7580758788856	0.0	1358081	4940.846023497514	1.85
288.15369527724044	1850	19.182659029939146	0.0	1035329	3575.416848946454	0.8500000000000001
291.9357373563069	1850	19.40061695087261	0.0	1026056	3782.0420790665366	1.85
295.2005370903413	1850	20.135817216838216	0.0	943942	3264.799734034394	1.85
299.25899628738273	2850	20.07735801979684	0.0	1139291	4058.459197041376	1.85
302.3603711840756	1850	20.975983123103983	0.0	938587	3101.3748966928583	0.8500000000000001
306.623936653885	2850	20.712417653294573	0.0	1427478	4263.565469809412	1.85
311.2348783047725	2850	20.101476002407097	0.0	1402287	4610.941650887474	2.85
324.1729704513923	2850	11.1633838557873	0.0	1339500	12938.092146619796	2.85
324.9451896286619	300	14.3911646785177	0.0	161857	772.2191772696015	-2.25
327.50398907831317	1200	15.83236522886641	0.0	599477	2558.799449651291	0.29999999999999993
334.97675941299866	1850	12.359594894180903	0.0	973972	7472.770334685504	1.2000000000000002
337.7458099239445	750	13.590544383235088	0.0	398987	2769.050510945815	-0.3500000000000001
339.211309148889	750	16.125045158290558	0.0	393804	1465.4992249445313	0.75
342.4810227668802	1850	16.855331540299375	0.0	830730	3269.7136179911836	0.75
345.92581210827115	1850	17.41054219890837	0.0	846370	3444.7893413910083	1.85

