2941.0681007533553	750	4.0	2.2204497569923474	450283	2220.4497569923474	-8.797933955067093
2941.918183883063	300	7.14991687029244	0.0	155580	850.0831297075605	-0.15000000000000002
2942.66926673571	300	10.39883401764509	0.0	139857	751.0828526473505	0.3
2944.792842913659	750	12.275257839695817	0.0	382355	2123.5761779492723	0.3
2948.6865564861164	750	12.381544267238784	0.0	411561	3893.713572457033	0.75
2951.0683049741906	300	13.999795779164783	0.0	126289	2381.748488074001	-0.15000000000000002
2953.1660009731722	300	15.902099780183192	0.0	153295	2097.6959989815896	0.3
2955.0664934223746	300	18.001607330980416	0.0	173849	1900.492449202776	0.3
2956.6025945926644	750	20.465506160690417	0.0	374758	1536.101170289998	0.3
2960.575656224721	1850	20.49244452863391	0.0	913888	3973.061632056506	0.75
2968.569907279577	1850	16.498193473777693	0.0	939819	7994.251054856216	1.85
2973.557438217069	750	15.510662536286002	0.0	405134	4987.530937491692	-0.3500000000000001
2975.0351121510967	300	18.032988602258527	0.0	160746	1477.6739340274744	-0.15000000000000002
2980.2423813966902	750	16.82571935666486	0.0	434409	5207.269245593666	0.3
2981.472078913995	300	19.596021839360258	0.0	140051	1229.6975173046008	-0.15000000000000002
2983.6455640130857	750	21.42253674026965	0.0	366214	2173.4850990906107	0.3
2990.2416949995927	1200	18.826405753762398	0.0	617242	6596.130986507252	0.75
2992.8784007995705	750	20.189699953784675	0.0	372963	2636.705799977724	0.3
2996.8331673885427	1200	20.234933364812505	0.0	639204	3954.766588972169	0.75
2999.7809508488044	1200	21.28714990455057	0.0	586839	2947.7834602619355	1.2
3003.9488107808	1850	21.11928997255476	0.0	891604	4167.859931995808	1.2000000000000002
3008.2340105135754	1850	20.83409023977925	0.0	955231	4285.1997327755125	1.85
3013.380089806742	1850	19.68801094661257	0.0	968026	5146.079293166676	1.85
3018.1529042195743	1850	18.91519653378026	0.0	874175	4772.814412832309	1.85
3021.6949409808194	1200	19.373159772534876	0.0	587236	3542.036761245387	0.5499999999999999
3025.3472785867193	1200	19.72082216663536	0.0	590335	3652.3376058995173	1.2
3029.7365461471795	1200	19.331554606175008	0.0	696376	4389.267560460354	1.2
3032.283643404218	1200	20.784457349136602	0.0	487160	2547.0972570384033	1.2
3037.93621867929	1850	19.131882074064347	0.0	972798	5652.575275072258	1.2000000000000002
3047.770133347631	1200	13.297967405723533	0.0	641447	9833.914668340813	0.5499999999999999
3049.6877992311925	300	15.380301522162107	0.0	157421	1917.6658835614267	-0.6000000000000001
3052.963778552633	300	16.104322200721672	0.0	157488	3275.979321440434	0.3
3054.1555009256062	300	18.91259982774828	0.0	143881	1191.7223729733917	0.3
3056.2529801245823	750	20.81512062877198	0.0	412837	2097.4791989763	0.3
3061.443813925729	1850	19.62428682762522	0.0	1026056	5190.833801146759	0.75
3066.301624702472	1850	18.766476050881998	0.0	943942	4857.810776743224	1.85
3068.540652368419	1200	20.527448384934704	0.0	487812	2239.027665947291	0.5499999999999999
3072.2417548100384	1850	20.82634594331535	0.0	938587	3701.102441619356	1.2000000000000002
3076.4377098135424	1850	20.63039093981171	0.0	908665	4195.955003503635	1.85
3082.206390974614	1850	18.861709778740213	0.0	930577	5768.681161071498	1.85
3085.8731484594264	1200	19.19495229392757	0.0	566904	3666.757484812642	0.5499999999999999
3089.5256353403565	1200	19.5424654129976	0.0	641452	3652.4868809299696	1.2
3092.978880173956	1200	20.089220579398376	0.0	599477	3453.244833599225	1.2
3096.558897378628	1200	20.509203374726336	0.0	634861	3580.017204672035	1.2
3101.8335704357073	1200	19.234530317647113	0.0	630203	5274.673057079226	1.2
3104.3535447263116	750	20.714556027042676	0.0	393804	2519.9742906044385	0.3
3106.8195866418996	1200	22.24851411145463	0.0	538612	2466.0419155880463	0.75
3111.019422372147	1850	22.048678381207356	0.0	846370	4199.835730247274	1.2000000000000002

