987.4168510911073	750	4.0	1.932744951541337	450283	1932.744951541337	-7.5608032916277494
988.3528145874061	300	7.064036503701194	0.0	155580	935.9634962988063	-0.15000000000000002
989.1647635751807	300	10.252087515926648	0.0	139857	811.9489877745453	0.3
989.984616858539	300	13.432234232568353	0.0	155432	819.8532833582955	0.3
990.7488720361636	300	16.667979054943718	0.0	163442	764.2551776246353	0.3
991.3277928336507	300	20.08905825745662	0.0	126289	578.9207974870947	0.3
991.9257972990845	300	23.49105379202291	0.0	153295	598.0044654337123	0.3
992.5826259106948	300	26.834225180412542	0.0	173849	656.828611610369	0.3
993.1111683101167	300	30.305682780990793	0.0	150710	528.54239942175	0.3
993.6051719626383	300	33.81167912846898	0.0	139105	494.00365252181365	0.3
994.1154723759289	300	37.301378715178465	0.0	141840	510.30041329052216	0.3
994.6706938365747	300	40.746157254532505	0.0	156148	555.2214606459592	0.3
995.2268584689594	300	44.18999262214789	0.0	160746	556.1646323846164	0.3
995.8290788503866	300	47.58777224072069	0.0	179801	602.2203814271995	0.3
997.0669722168242	750	50.34987887428323	0.0	337059	1237.8933664374642	0.3
998.2866935816763	750	53.13015750943112	0.0	366214	1219.7213648521047	0.75
999.5119058416786	750	55.90494524942885	0.0	360831	1225.2122600022722	0.75
1000.7357836277835	750	58.68106746332406	0.0	372963	1223.8777861047824	0.75
1002.3093452033353	750	59.89512541965676	0.0	405596	1285.9420436673056	0.75
1003.3329727653602	750	59.92662140458664	0.0	350713	968.5040150701162	0.75
1005.7218013407025	1200	59.96076889039277	0.0	601738	1465.8525141938749	0.75
1007.8712898902359	1200	59.89201264620045	0.0	616206	1568.7562441923221	1.2
1010.1700707208397	1200	59.72848838356897	0.0	656471	1663.5242626314698	1.2
1011.7245195402107	1200	59.8838922578696	0.0	536667	1344.596125699377	1.2
1014.1331055720669	1200	59.97352558877733	0.0	587236	1410.3666690922666	1.2
1016.0798316122425	1200	59.69527225007154	0.0	590335	1778.2533387057922	1.2
1018.7304397702924	1200	59.639204521781515	0.0	696376	2556.067728290024	1.2
1021.6293469331804	1850	59.68602115521743	0.0	758197	1953.1833665640897	1.2000000000000002
1025.7072311474994	1850	59.574440946219816	0.0	972798	3111.580208997614	1.85
1029.154701213184	1850	59.595357916038395	0.0	975811	2979.0830301814235	1.85
1032.759859246531	1850	59.990199882691336	0.0	873429	3105.1580333470597	1.85
1036.1027434113298	1850	59.96853033471693	0.0	954453	2521.669547974402	1.85
1039.2778206296177	1850	59.91809903398525	0.0	885062	2550.4313007316814	1.85
1042.3907928982753	1850	59.783935858434454	0.0	1035329	2634.1631755507988	1.85
1045.3771286613996	1850	59.60617252342574	0.0	1026056	2677.7633350087094	1.85
1048.0144790237769	1850	59.555783556294976	0.0	943942	2550.3889671307593	1.85
1050.547655277701	1850	59.77717612695598	0.0	728962	1778.6074293389968	1.85
1053.146130699036	1850	59.91172282858132	0.0	938587	2365.453298374662	1.85
1057.1020564378139	1850	59.9557970898034	0.0	908665	2955.9257387779244	1.85
1061.264775795246	1850	59.793077732371245	0.0	930577	4162.71935743215	1.85
1063.574734761112	1850	59.502431859023254	0.0	858450	1790.645873347995	1.85
1067.4205247750501	2850	59.65664184508522	0.0	1527299	3845.790013938032	1.85
1071.4772141922792	2850	59.599952427856245	0.0	1343002	4056.689417228977	2.85
1075.8642829188996	2850	59.21288370123591	0.0	1587250	4387.06872662034	2.85
1079.485722472429	2850	59.59144414770644	0.0	1464921	3121.4395535294693	2.85
1083.357790980726	2850	59.719375639409776	0.0	1483527	3372.0685082966647	2.85
1086.6800167156368	2850	59.68994742802002	0.0	1231456	3029.428211389747	2.85
1090.788485204735	2850	59.58147893892183	0.0	1364537	4108.46848909819	2.85

