43663.807657547244	750	4.0	2.5826148246442413	450283	2582.6148246442413	-10.355243745970236
43666.71869183416	750	5.0889657130845265	0.0	398865	2911.0342869154742	0.75
43669.527559615366	750	6.280097931875214	0.0	350812	2808.8677812093124	0.75
43672.07135883374	750	7.736298713500599	0.0	382355	2543.799218374615	0.75
43674.87580232813	750	8.931855219106657	0.0	411561	2804.4434943939414	0.75
43677.0816587994	750	10.725998747840789	0.0	318564	2205.8564712658676	0.75
43679.712279859006	750	12.095377688225698	0.0	352642	2630.6210596150922	0.75
43684.51196414333	1200	11.295693403904854	0.0	709534	4799.684284320844	0.75
43689.896500604766	1200	9.911156942471525	0.0	584846	5384.536461433328	1.2
43694.74765163824	1200	9.0600059089944	0.0	560821	4851.151033477125	1.2
43699.909502193674	1200	7.898155353562447	0.0	607410	5161.850555431954	1.2
43705.69768094489	1200	6.109976602348355	0.0	594078	5788.178751214093	1.2
43710.83390863582	750	4.97374891142299	0.0	386351	5136.227690925364	0.3
43712.145643884825	300	7.662013662415589	0.0	179801	1311.7352490074006	-0.15000000000000002
43713.651060718454	300	10.156596828785958	0.0	140051	1505.416833629632	0.3
43714.849833923654	300	12.957823623586167	0.0	138313	1198.7732051997896	0.3
43715.92319835661	300	15.884459190624526	0.0	143509	1073.3644329616418	0.3
43719.525662535125	750	16.28199501211329	0.0	372963	3602.4641785112353	0.3
43723.017424631944	750	16.790232915292304	0.0	405596	3491.7620968209844	0.75
43725.8215423805	750	17.986115166731118	0.0	350713	2804.117748561189	0.75
43730.050150178744	1200	17.757507368490185	0.0	601738	4228.607798240933	0.75
43735.02690577348	1200	16.780751773757657	0.0	616206	4976.755594732528	1.2
43739.58130362282	1200	16.226353924417477	0.0	656471	4554.397849340177	1.2
43743.50192116637	1200	16.3057363808659	0.0	536667	3920.6175435515815	1.2
43747.36478351742	1200	16.442874029814593	0.0	587236	3862.8623510513057	1.2
43752.1803456257	1200	15.627311921537057	0.0	590335	4815.562108277535	1.2
43758.025959723826	1200	13.7816978234111	0.0	696376	5845.614098125955	1.2
43762.957573900894	1200	12.850083646338117	0.0	487160	4931.614177072985	1.2
43770.104346153326	1200	9.703311393902206	0.0	622896	7146.772252435911	1.2
43774.28505651279	750	9.522601034440859	0.0	400508	4180.710359461347	0.3
43778.25253875239	750	9.555118794838249	0.0	358218	3967.4822396026098	0.75
43781.94333838258	750	9.864319164648922	0.0	400322	3690.799630189327	0.75
43785.304607866885	750	10.50304968034792	0.0	369834	3361.269484301001	0.75
43789.20895289739	750	10.598704649844546	0.0	412837	3904.3450305033757	0.75
43792.52436110857	750	11.283296438658592	0.0	401088	3315.408211185953	0.75
43795.87068549384	750	11.936972053386395	0.0	365161	3346.3243852721967	0.75
43799.07785115369	750	12.729806393533794	0.0	321064	3207.1656598526006	0.75
43803.50364778822	750	12.30400975901119	0.0	361565	4425.796634522603	0.75
43810.808553123636	750	8.999104423591827	0.0	378327	7304.905335419363	0.75
43814.63473239591	750	9.17292515131845	0.0	390680	3826.179272273377	0.75
43817.69481212046	750	10.11284542676461	0.0	345516	3060.0797245538392	0.75
43820.712925945576	750	11.094731601654146	0.0	384505	3018.1138251104644	0.75
43824.248747619364	750	11.558909927868152	0.0	372093	3535.8216737859952	0.75
43827.97317244464	750	11.834485102585866	0.0	438281	3724.424825282285	0.75
43831.08680951258	750	12.720848034651244	0.0	398987	3113.637067934622	0.75
43834.24281218519	750	13.564845362041156	0.0	393804	3156.0026726100878	0.75
43842.416790426425	1850	9.390867120809416	0.0	830730	8173.97824123174	0.75
43857.089806614305	1850	4.0	5.282149067067561	846370	14673.016187876978	-20.86324098839051

