39804.11879031187	750	4.0	2.098558835975096	450283	2098.558835975096	-8.273802994692913
39805.147406992866	300	6.97138331900328	0.0	155580	1028.61668099672	-0.15000000000000002
39806.19839423331	300	9.92039607856483	0.0	139857	1050.9872404384519	0.3
39807.40805743037	300	12.710732881498858	0.0	155432	1209.6631970659714	0.3
39808.871589548246	300	15.24720076362302	0.0	163442	1463.532117875837	0.3
39811.230187362155	750	16.88860294971183	0.0	318564	2358.5978139111876	0.3
39813.54498735477	750	18.5738029571004	0.0	352642	2314.7999926114326	0.75
39816.353808329855	750	19.764981982016366	0.0	437162	2808.8209750840365	0.75
39819.706532088276	1200	20.412258223598425	0.0	584846	3352.723758417937	0.75
39823.180798076646	1200	20.937992235228535	0.0	560821	3474.2659883698916	1.2
39832.2905979745	1200	15.828192337380763	0.0	607410	9109.799897847774	1.2
39843.56245763959	750	8.556332672282432	0.0	405134	11271.85966509833	0.3
39846.78476660969	300	9.33402370218154	0.0	160746	3222.3089701008917	-0.15000000000000002
39849.599762192345	300	10.519028119522977	0.0	179801	2814.995582658563	0.3
39852.28913212823	300	11.829658183640099	0.0	140051	2689.369935882879	0.3
39854.808521747014	300	13.310268564853633	0.0	138313	2519.389618786465	0.3
39861.08147093626	750	11.037319375606232	0.0	360831	6272.9491892474025	0.3
39863.82983699873	300	12.28895331313573	0.0	150616	2748.366062470502	-0.15000000000000002
39866.342703004426	300	13.776087307438905	0.0	165384	2512.866005696823	0.3
39874.9401394373	750	9.178650874568845	0.0	350713	8597.436432870061	0.3
39876.944127724106	300	11.174662587759627	0.0	157671	2003.9882868092168	-0.15000000000000002
39878.5525786935	300	13.566211618361267	0.0	157812	1608.4509693983591	0.3
39886.0233960492	750	10.095394262667716	0.0	401853	7470.817355693552	0.3
39887.5390384777	300	12.57975183416215	0.0	137654	1515.642428505565	-0.15000000000000002
39889.78732054393	300	14.33146976792995	0.0	146754	2248.2820662322	0.3
39894.85837008338	750	13.260420228485266	0.0	379700	5071.049539444683	0.3
39899.254210162355	750	12.864580149503924	0.0	425781	4395.840078981343	0.75
39900.30950666834	300	15.809283643525008	0.0	111155	1055.2965059789153	-0.15000000000000002
39903.700800963285	750	16.41798934858066	0.0	400396	3391.294294944347	0.3
39907.94245592803	750	16.176334383835727	0.0	400508	4241.6549647449365	0.75
39912.25745357125	750	15.861336740614686	0.0	358218	4314.997643221038	0.75
39917.04239672979	750	15.076393582072575	0.0	400322	4784.943158542111	0.75
39920.349012881474	750	15.76977743038985	0.0	369834	3306.616151682725	0.75
39924.11459462805	750	16.00419568381057	0.0	412837	3765.581746579281	0.75
39927.78517848887	750	16.333611822989138	0.0	401088	3670.5838608214335	0.75
39931.18313502305	750	16.935655288808366	0.0	365161	3397.956534180768	0.75
39934.26644844854	750	17.85234186331019	0.0	321064	3083.313425498177	0.75
39938.04799294853	750	18.07079736332622	0.0	361565	3781.5444999839665	0.75
39941.89071291127	750	18.22807740058565	0.0	378327	3842.719962740571	0.75
39947.64156873718	1200	16.47722157468012	0.0	587506	5750.855825905533	0.75
39951.963232728514	750	16.15555758334613	0.0	345516	4321.663991333988	0.3
39959.34731810053	750	12.771472211322529	0.0	384505	7384.085372023602	0.75
39961.332621523565	300	14.786168788288265	0.0	145210	1985.3034230342632	-0.15000000000000002
39968.4085377643	750	11.71025254755788	0.0	438281	7075.916240730386	0.3
39970.45842807443	300	13.660362237421058	0.0	167025	2049.8903101368223	-0.15000000000000002
39975.11307916848	750	13.005711143381209	0.0	393804	4654.651094039847	0.3
39977.79503989488	750	14.32375041697787	0.0	331053	2681.960726403341	0.75
39980.31478635306	750	15.804003958796361	0.0	314107	2519.746458181507	0.75

