397.4427163808871	750	4.0	6.846109202827105	450283	6846.109202827105	-28.68826957215655
399.48399404465533	300	5.958722336231715	0.0	155580	2041.2776637682844	-0.15000000000000002
400.72517853495054	300	8.717537845936512	0.0	139857	1241.1844902952027	0.3
401.56408903261695	300	11.878627348270129	0.0	155432	838.910497666384	0.3
402.2847540601098	300	15.157962320777262	0.0	163442	720.6650274928664	0.3
402.86302457817266	300	18.57969180271442	0.0	126289	578.2705180628435	0.3
404.37498966252906	750	21.067726718358013	0.0	352642	1511.9650843564043	0.3
406.31048977699203	750	23.132226603895123	0.0	437162	1935.5001144628918	0.75
414.66166684760026	1850	18.781049533286847	0.0	852833	8351.177070608275	0.75
418.4213175653676	1850	19.021398815519504	0.0	913888	3759.6507177673448	1.85
420.5713447992539	1200	20.87137158163321	0.0	607410	2150.0272338862947	0.5499999999999999
422.7772745321137	1200	22.665441848773348	0.0	594078	2205.92973285986	1.2
425.7058436281567	1200	23.736872752730427	0.0	624282	2928.569096042921	1.2
428.6062684250213	1200	24.836447955865783	0.0	687371	2900.424796864646	1.2
432.9255037023913	2850	24.517212678495742	0.0	1231445	4319.235277370039	1.2000000000000002
436.7134424294831	2850	24.729273951403968	0.0	1471065	3787.9387270917755	2.85
441.83608448027854	2850	23.606631900608555	0.0	1491626	5122.642050795415	2.85
445.78178386255877	2850	23.660932518328334	0.0	1358801	3945.699382280221	2.85
449.82492537790534	2850	23.617791002981733	0.0	1537156	4043.1415153466005	2.85
454.16565247034515	2850	23.277063910541933	0.0	1336050	4340.727092439802	2.85
457.3447644160812	2850	24.097951964805905	0.0	1415116	3179.1119457360282	2.85
461.9972085587633	4300	23.44550782212379	0.0	2176469	4652.444142682114	2.8499999999999996
469.5816373803107	4300	19.861079000576364	0.0	2221506	7584.428821547424	4.3
475.8302741002871	4300	17.6124422806	0.0	2044075	6248.636719976364	4.3
483.0029109943931	4300	14.439805386494022	0.0	2186790	7172.636894105976	4.3
491.1750719764864	4300	10.267644404400755	0.0	2105231	8172.160982093267	4.3
497.59073649723314	2850	7.851979883653936	0.0	1547572	6415.664520746819	1.4000000000000001
500.18697788930587	1850	9.25573849158123	0.0	758197	2596.2413920727054	0.8500000000000001
503.1733993790665	1850	10.269317001820621	0.0	972798	2986.421489760611	1.85
506.23194252264375	1850	11.210773858243305	0.0	975811	3058.5431435773157	1.85
511.20897189136105	1850	10.233744489525998	0.0	873429	4977.029368717308	1.85
514.1541744052724	1850	11.288541975614603	0.0	954453	2945.2025139113953	1.85
517.205079245102	1850	12.237637135785144	0.0	885062	3050.904839829458	1.85
520.1262112431518	1850	13.31650513773523	0.0	1035329	2921.131998049914	1.85
522.9995209778792	1850	14.44319540300788	0.0	1026056	2873.3097347273497	1.85
525.4246950284834	1850	16.018021352403757	0.0	943942	2425.1740506041265	1.85
527.9211453088751	1850	17.521571072012033	0.0	728962	2496.4502803917235	1.85
533.8574292146383	2850	15.585287166248829	0.0	1499009	5936.283905763205	1.85
542.1077022665125	2850	11.335014114374546	0.0	1427478	8250.273051874283	2.85
550.5016671153636	2850	6.941049265523492	0.0	1402287	8393.964848851054	2.85
555.420982337216	1200	6.021734043671187	0.0	566904	4919.315221852305	-0.44999999999999996
561.0742244661369	750	4.368491914750236	0.0	384505	5653.2421289209515	0.3
563.7595932553631	300	5.683123125524011	0.0	145210	2685.3687892262255	-0.15000000000000002
565.1061836905293	300	8.33653269035785	0.0	172312	1346.590435166162	0.3
567.309639036762	300	10.133077344125274	0.0	167025	2203.4553462325753	0.3
570.2700204587413	300	11.172695922145843	0.0	160064	2960.381421979431	0.3
572.0297388712936	300	13.412977509593548	0.0	137507	1759.7184125522972	0.3
574.6859350237653	750	14.756781357121865	0.0	314107	2656.196152471682	0.3

