42989.02543867582	750	4.0	3.894172653669693	450283	3894.172653669693	-15.994942410779679
42990.589635933844	300	6.435802741967533	0.0	155580	1564.1972580324662	-0.15000000000000002
42992.14310079683	300	8.88233787898628	0.0	139857	1553.4648629812543	0.3
42995.969604341015	750	9.055834334800794	0.0	382355	3826.503544185486	0.3
43001.13919681544	1200	7.886241860375361	0.0	652874	5169.5924744254335	0.75
43003.36114469603	750	9.66429397978641	0.0	318564	2221.9478805889526	0.3
43007.49007360773	1200	9.535365068074979	0.0	561791	4128.9289117114295	0.75
43012.5515329785	1200	8.473905697310805	0.0	709534	5061.459370764174	1.2
43015.52233740516	750	9.5031012706449	0.0	374758	2970.8044266659053	0.3
43019.700642115866	1200	9.324796559935693	0.0	560821	4178.304710709206	0.75
43023.943707901264	1200	9.081730774544432	0.0	607410	4243.065785391262	1.2
43027.58173392823	1200	9.443704747582695	0.0	594078	3638.0260269617374	1.2
43032.09404080489	1200	8.931397870919447	0.0	624282	4512.306876663248	1.2
43035.23880033587	750	9.786638339944012	0.0	434409	3144.759530975435	0.3
43040.203466014806	1200	8.821972661014312	0.0	526950	4964.665678929702	0.75
43043.42578196328	750	9.599656712546176	0.0	366214	3222.315948468134	0.3
43048.81909824426	1200	8.206340431556553	0.0	617242	5393.316280989624	0.75
43052.56260772491	750	8.462830950909373	0.0	372963	3743.509480647181	0.3
43058.157755783475	750	6.867682892343361	0.0	405596	5595.148058566011	0.75
43059.699254900224	300	9.32618377559759	0.0	140881	1541.4991167457708	-0.15000000000000002
43064.74459697053	1200	8.28084170529485	0.0	601738	5045.3420703027405	0.29999999999999993
43068.04718250138	750	8.97825617443909	0.0	399894	3302.5855308557593	0.3
43071.431390572885	750	9.594048102940098	0.0	401853	3384.2080714989943	0.75
43075.63369216863	1200	9.391746507190117	0.0	536667	4202.30159574998	0.75
43080.52459093051	1200	8.500847745317431	0.0	587236	4890.898761872687	1.2
43083.69414807206	750	9.331290603759923	0.0	379700	3169.5571415575087	0.3
43088.63631464802	1200	8.389124027801671	0.0	696376	4942.166575958253	0.75
43090.742043463586	750	10.283395212237417	0.0	277716	2105.728815564252	0.3
43095.82457132178	1200	9.200867354045961	0.0	622896	5082.527858191456	0.75
43101.88400076721	1200	7.141437908613059	0.0	641447	6059.429445432901	1.2
43104.53666987308	750	8.488768802740557	0.0	358218	2652.669105872502	0.3
43107.24202635953	750	9.783412316292397	0.0	400322	2705.3564864481586	0.75
43112.037694765844	1200	8.987743909974268	0.0	584349	4795.668406318129	0.75
43115.81562588635	750	9.209812789470385	0.0	412837	3777.9311205038825	0.3
43122.287206374756	1200	6.738232301063074	0.0	690253	6471.58048840731	0.75
43124.0354387604	300	8.989999915417277	0.0	159914	1748.2323856457974	-0.6000000000000001
43127.53006949593	750	9.495369179883665	0.0	321064	3494.630735533611	0.3
43132.95938252173	1200	8.06605615408453	0.0	575591	5429.313025799137	0.75
43136.6604688003	750	8.364969875517799	0.0	378327	3701.08627856673	0.3
43140.53944703795	750	8.485991637866048	0.0	390680	3878.978237651751	0.75
43143.54943391525	750	9.476004760566198	0.0	345516	3009.98687729985	0.75
43149.14858232613	1200	7.876856349688	0.0	641452	5599.148410878198	0.75
43152.33315973376	750	8.69227894205736	0.0	372093	3184.57740763064	0.3
43155.835897790406	750	9.1895408854081	0.0	438281	3502.7380566492616	0.75
43161.79031627086	1200	7.235122404960666	0.0	630203	5954.4184804474335	0.75
43164.87604294086	750	8.149395734962924	0.0	393804	3085.7266699977417	0.3
43168.47957477364	750	8.54586390217758	0.0	331053	3603.5318327853447	0.75
43172.53389788348	750	8.491540792338517	0.0	314107	4054.3231098390625	0.75

