2926.9922458315236	750	4.0	2.2204497569923474	450283	2220.4497569923474	-8.797933955067093
2927.8423289612315	300	7.14991687029244	0.0	155580	850.0831297075605	-0.15000000000000002
2928.5934118138784	300	10.39883401764509	0.0	139857	751.0828526473505	0.3
2929.3672815598825	300	13.624964271640994	0.0	155432	773.8697460040954	0.3
2932.0542710635	750	14.937974768023443	0.0	411561	2686.9895036175512	0.3
2936.3976677625387	750	14.594578068984593	0.0	318564	4343.39669903885	0.75
2940.8732861168137	750	14.118959714709773	0.0	352642	4475.61835427482	0.75
2942.700804950062	750	16.291440881461938	0.0	437162	1827.5188332478333	0.75
2944.3539185122104	750	18.638327319313543	0.0	374758	1653.1135621483954	0.75
2946.7894973439743	1200	20.202748487549748	0.0	560821	2435.578831763798	0.75
2949.7247769338946	1200	21.267468897629627	0.0	607410	2935.279589920118	1.2
2958.722637152129	1200	16.269608679394782	0.0	594078	8997.860218234846	1.2
2963.244314525209	750	15.747931306315419	0.0	386351	4521.677373079362	0.3
2967.398204486879	750	15.594041344645378	0.0	434409	4153.889961670039	0.75
2969.4317212488413	750	17.56052458268283	0.0	337059	2033.5167619625465	0.75
2972.0819387338447	750	18.910307097679464	0.0	366214	2650.21748500337	0.75
2976.7450589114696	750	18.247186920054382	0.0	360831	4663.120177625084	0.75
2980.809521623579	1200	18.18272420794518	0.0	581493	4064.4627121091976	0.75
2983.12728219018	750	19.86496364134428	0.0	405596	2317.7605666009017	0.3
2986.0352160326665	1200	20.957029798857647	0.0	586839	2907.933842486632	0.75
2988.9137486540603	1200	22.078497177463813	0.0	601738	2878.53262139383	1.2
2993.274726371026	1850	21.717519460498327	0.0	955231	4360.977716965486	1.2000000000000002
2998.2109652034947	1850	20.781280628029823	0.0	968026	4936.238832468506	1.85
3001.0270034454857	1200	21.965242386038852	0.0	536667	2816.038241990971	0.5499999999999999
3006.32006548525	1850	20.672180346274793	0.0	897976	5293.062039764061	1.2000000000000002
3009.6912478503555	1200	21.30099798116883	0.0	590335	3371.1823651059617	0.5499999999999999
3014.0784864312905	1200	20.913759400234298	0.0	696376	4387.2385809345315	1.2
3017.0098315023415	1200	21.982414329183246	0.0	487160	2931.3450710510524	1.2
3020.2116564956486	1200	22.780589335876684	0.0	622896	3201.8249933065645	1.2
3029.466931005824	1850	17.525314825701336	0.0	975811	9255.274510175346	1.2000000000000002
3034.735332513341	750	16.256913318184534	0.0	358218	5268.401507516802	-0.3500000000000001
3040.2414241567963	750	14.75082167472911	0.0	400322	5506.091643455426	0.75
3042.081357100853	750	16.910888730672642	0.0	369834	1839.9329440564672	0.75
3044.3308662837353	750	18.661379547790204	0.0	412837	2249.5091828824375	0.75
3046.3666884964655	750	20.625557335060293	0.0	401088	2035.8222127299136	0.75
3049.497612715719	1200	21.494633115806963	0.0	598727	3130.924219253331	0.75
3053.1078237572383	1850	21.884422074287624	0.0	728962	3610.211041519338	1.2000000000000002
3055.508039463886	1200	23.48420636764003	0.0	575591	2400.215706647591	0.5499999999999999
3059.150994146269	1850	23.84125168525619	0.0	908665	3642.9546823838436	1.2000000000000002
3064.091691776273	1850	22.900554055252748	0.0	930577	4940.697630003439	1.85
3069.342760418509	1850	21.64948541301638	0.0	858450	5251.068642236369	1.85
3073.434367156161	1200	21.55787867536433	0.0	641452	4091.606737652051	0.5499999999999999
3078.0325615000897	1850	20.959684331435387	0.0	886255	4598.194343928943	1.2000000000000002
3081.926216306492	1200	21.066029525033535	0.0	634861	3893.65480640185	0.5499999999999999
3086.483972878652	1200	20.50827295287365	0.0	630203	4557.7565721598885	1.2
3090.9077826654707	1200	20.084463166054658	0.0	638661	4423.8097868189925	1.2
3093.3903868370962	1200	21.601858994428838	0.0	538612	2482.6041716258205	1.2
3096.103354367003	1200	22.888891464522224	0.0	550906	2712.967529906614	1.2

