1506.1423724635576	750	4.0	2.8173561793236095	450283	2817.3561793236095	-11.36463157109152
1507.286362906886	300	6.856009556671636	0.0	155580	1143.9904433283639	-0.15000000000000002
1508.2388393067065	300	9.903533156851038	0.0	139857	952.4763998205976	0.3
1513.6626905890448	1200	8.479681874512968	0.0	617681	5423.8512823380715	0.29999999999999993
1516.834805155289	750	9.307567308268851	0.0	411561	3172.1145662441163	0.3
1520.9859653326255	1200	9.156407130932319	0.0	520315	4151.160177336532	0.75
1526.3656071829262	1200	7.776765280631487	0.0	561791	5379.641850300832	1.2
1530.451405548456	750	7.690966915101646	0.0	437162	4085.7983655298412	0.3
1532.782620164828	750	9.359752298729905	0.0	374758	2331.2146163717416	0.75
1536.4266495824731	1200	9.715722881084776	0.0	560821	3644.02941764513	0.75
1541.2524492663326	1200	8.889923197225222	0.0	607410	4825.799683859554	1.2
1543.5688522798187	750	10.573520183739378	0.0	405134	2316.4030134858435	0.3
1548.7030512452354	1200	9.43932121832255	0.0	624282	5134.1989654168265	0.75
1553.419402181265	1200	8.722970282293009	0.0	687371	4716.350936029542	1.2
1555.7527650706234	750	10.3896073929348	0.0	337059	2333.3628893582104	0.3
1559.2623494232462	1200	10.880023040311908	0.0	587876	3509.5843526228914	0.75
1562.7005908454955	1200	11.441781618062622	0.0	617242	3438.2414222492857	1.2
1567.7994680173333	1850	10.342904446224722	0.0	885714	5098.877171837899	1.2000000000000002
1571.1112691125204	1200	11.031103351037713	0.0	639204	3311.8010951870083	0.5499999999999999
1575.8086930149211	1850	10.333679448636842	0.0	923755	4697.423902400871	1.2000000000000002
1579.5907165817782	1200	10.55165588177978	0.0	601738	3782.0235668570617	0.5499999999999999
1584.8814182263536	1200	9.26095423720425	0.0	616206	5290.701644575529	1.2
1592.5557591526363	1200	5.586613310921582	0.0	656471	7674.340926282669	1.2
1593.2146777380326	300	8.927694725525097	0.0	137654	658.9185853964842	-0.6000000000000001
1597.9618958011647	750	8.180476662392925	0.0	359903	4747.218063132172	0.3
1603.7524208162017	750	6.389951647355927	0.0	379700	5790.5250150369975	0.75
1605.7300294706358	300	8.412342992921774	0.0	181901	1977.6086544341517	-0.15000000000000002
1610.4732594074862	750	7.669113056071339	0.0	277716	4743.2299368504355	0.3
1614.311193494151	750	7.831178969406818	0.0	400396	3837.9340866645207	0.75
1619.343299500183	750	6.799072963374607	0.0	400508	5032.106006032211	0.75
1620.6603456428209	300	9.482026820736992	0.0	157421	1317.0461426376148	-0.15000000000000002
1627.2331841738605	1200	6.909188289697358	0.0	620283	6572.838531039633	0.29999999999999993
1629.1505779494787	300	8.991794514079102	0.0	143881	1917.3937756182577	-0.6000000000000001
1631.7561913088998	750	10.386181154658104	0.0	412837	2605.6133594209987	0.3
1639.6074640237023	1200	6.534908439855519	0.0	690253	7851.272714802584	0.75
1642.3506809815194	300	7.791691482038421	0.0	159914	2743.216957817098	-0.6000000000000001
1645.2078989882891	750	8.934473475268705	0.0	321064	2857.218006769716	0.3
1648.7047685081538	750	9.437603955404112	0.0	361565	3496.869519864593	0.75
1660.7098064169827	1200	4.0	2.5674339534248665	605884	12005.03790882898	-10.289965999726926
1662.9644992663339	300	5.745307150648907	0.0	149991	2254.6928493510936	-0.6000000000000001
1665.0799008192396	300	7.629905597743116	0.0	147968	2115.4015529057906	0.3
1671.966756601691	750	4.7430498152917	0.0	384505	6886.855782451416	0.3
1674.4972091297057	300	6.212597287277205	0.0	145210	2530.4525280144944	-0.15000000000000002
1676.2427102863492	300	8.467096130633792	0.0	172312	1745.5011566434132	0.3
1682.762939076201	750	5.946867340781817	0.0	398987	6520.228789851975	0.3
1684.941621223252	300	7.768185193730787	0.0	160064	2178.6821470510304	-0.15000000000000002
1688.0645013147785	750	8.645305102204523	0.0	331053	3122.8800915262636	0.3
1690.6332386314655	750	10.076567785517483	0.0	314107	2568.7373166870393	0.75

