42527.356471124156	750	4.0	3.4980688891167078	450283	3498.068889116708	-14.291696223201843
42528.303097824406	300	7.053373299748757	0.0	155580	946.6267002512437	-0.15000000000000002
42530.54334428397	750	8.813126840192353	0.0	350812	2240.246459556403	0.3
42532.186840629955	750	11.169630494203345	0.0	382355	1643.4963459890096	0.75
42534.614275961394	1200	12.742195162768644	0.0	652874	2427.4353314347013	0.75
42536.530144984026	1200	14.82632614013366	0.0	520315	1915.8690226349843	1.2
42538.73021676754	1200	16.626254356629136	0.0	561791	2200.071783504522	1.2
42542.974645634175	1850	16.38182548999283	0.0	1060487	4244.428866636303	1.2000000000000002
42545.81351366455	1850	17.542957459612925	0.0	852833	2838.868030379907	1.85
42549.086270298176	1850	18.27020082599156	0.0	913888	3272.7566336213636	1.85
42552.801303758366	1850	18.555167365801267	0.0	939819	3715.0334601902964	1.85
42557.07114538474	2850	18.285325739431457	0.0	1519951	4269.841626369807	1.85
42560.4928389482	2850	18.86363217596719	0.0	1422919	3421.6935634642628	2.85
42565.12494231943	2850	18.23152880473311	0.0	1578343	4632.103371234084	2.85
42568.62438114679	2850	18.73208997737356	0.0	1231445	3499.43882735955	2.85
42573.15321200136	2850	18.20325912279935	0.0	1471065	4528.830854574212	2.85
42576.90705419291	2850	18.449416931250767	0.0	1491626	3753.842191548579	2.85
42580.654723632535	2850	18.701747491618868	0.0	1358801	3747.669439631901	2.85
42587.31648620762	4300	16.039984916538945	0.0	2220726	6661.762575079922	2.8499999999999996
42592.868538479954	4300	14.487932644201297	0.0	2156729	5552.052272337648	4.3
42600.331551847965	4300	11.024919276193868	0.0	2039773	7463.01336800743	4.3
42606.04309709209	4300	9.31337403206388	0.0	2176469	5711.545244129988	4.3
42612.18934960052	4300	7.167121523628757	0.0	2221506	6146.252508435124	4.3
42618.437904362916	2850	4.918566761231796	0.0	1323990	6248.554762396961	1.4000000000000001
42620.08355038631	1200	7.2729207378357446	0.0	587236	1645.6460233960515	-0.44999999999999996
42621.43726231294	1200	9.919208811201377	0.0	590335	1353.7119266343668	1.2
42623.092194053985	1200	12.264277070156519	0.0	696376	1654.9317410448587	1.2
42624.42562966065	1200	14.930841463501734	0.0	487160	1333.4356066547837	1.2
42626.59614963627	1200	16.76032148786999	0.0	622896	2170.5199756317425	1.2
42629.73583610634	1850	17.620635017810578	0.0	975811	3139.6864700594115	1.2000000000000002
42631.818405927734	1850	19.538065196416575	0.0	873429	2082.569821394004	1.85
42635.94228277531	2850	19.414188348845805	0.0	1497683	4123.876847570768	1.85
42638.4857895519	2850	20.870681572250447	0.0	1358081	2543.506776595357	2.85
42641.97772425592	2850	21.378746868228202	0.0	1587293	3491.934704022245	2.85
42646.80757520201	4300	20.54889592213456	0.0	2307787	4829.850946093646	2.8499999999999996
42652.54063590444	4300	18.81583521970173	0.0	2143948	5733.060702432826	4.3
42658.30234134397	4300	17.054129780170044	0.0	1919781	5761.70543953169	4.3
42663.448745681926	4300	15.907725442216428	0.0	2147467	5146.404337953614	4.3
42668.95739711939	4300	14.39907400475442	0.0	2133870	5508.651437462008	4.3
42675.01321887925	4300	12.343252244900349	0.0	2146120	6055.821759854072	4.3
42680.418126067634	4300	10.938345056517347	0.0	2108491	5404.907188383001	4.3
42685.09967602748	2850	10.256795096671194	0.0	1527299	4681.549959846155	1.4000000000000001
42688.10988309676	2850	11.246588027386169	0.0	1343002	3010.2070692850248	2.85
42695.38066274995	2850	7.975808374197034	0.0	1587250	7270.779653189135	2.85
42700.26646723872	1850	7.090003885431244	0.0	958994	4885.80448876579	0.8500000000000001
42704.01858994241	1850	7.3378811817363365	0.0	982064	3752.122703694908	1.85
42706.60196546613	1850	8.754505658017054	0.0	830730	2583.3755237192813	1.85
42715.45656555533	2850	4.0	0.1000944311905132	1364537	8854.600089207568	1.4195939458807931

