8189.497578102659	750	4.0	2.0479839975854306	450283	2047.9839975854306	-8.056331189617351
8190.969077873117	300	6.528500229541013	0.0	155580	1471.4997704589869	-0.15000000000000002
8191.924025274635	300	9.573552828023326	0.0	139857	954.9474015176854	0.3
8192.775455116682	300	12.722122985976654	0.0	155432	851.4298420466723	0.3
8194.391115218577	750	15.106462884081626	0.0	411561	1615.660101895027	0.3
8195.587819277882	750	17.909758824775796	0.0	318564	1196.7040593058296	0.75
8196.578684939712	750	20.91889316294571	0.0	352642	990.8656618300834	0.75
8200.018958887587	1850	21.478619215069788	0.0	1060487	3440.2739478759254	0.75
8202.911575701284	1850	22.586002401374135	0.0	852833	2892.616813695651	1.85
8206.013636627384	1850	23.483941475274182	0.0	913888	3102.0609260999518	1.85
8208.527607583672	1850	24.96997051898673	0.0	939819	2513.970956287452	1.85
8210.969044004223	1850	26.52853409843604	0.0	917428	2441.4364205506895	1.85
8213.637403143828	1850	27.860174958830406	0.0	946851	2668.3591396056368	1.85
8216.375608531738	1850	29.12196957092081	0.0	1036454	2738.205387909594	1.85
8218.521357670114	1850	30.97622043254444	0.0	821631	2145.749138376371	1.85
8220.97905519957	1850	32.51852290308863	0.0	923170	2457.69752945581	1.85
8224.261767366073	1850	33.2358107365853	0.0	966699	3282.7121665033287	1.85
8226.810638341174	1850	34.686939761483856	0.0	885714	2548.8709751014494	1.85
8229.639310402148	1850	35.85826770051001	0.0	987708	2828.672060973836	1.85
8232.356327940855	1850	37.141250161803164	0.0	923755	2717.017538706841	1.85
8237.764704888183	4300	35.732873214476065	0.0	2039773	5408.376947327101	1.8499999999999996
8245.094323697234	4300	32.40325440542544	0.0	2176469	7329.6188090506275	4.3
8252.191236134657	4300	29.306341968002457	0.0	2221506	7096.912437422983	4.3
8259.523009363607	4300	25.974568739052323	0.0	2044075	7331.773228950135	4.3
8266.743558442406	4300	22.7540196602535	0.0	2186790	7220.549078798822	4.3
8272.108325220172	4300	21.389252882487835	0.0	2105231	5364.766777765665	4.3
8278.978143049855	4300	18.51943505280337	0.0	2395588	6869.817829684463	4.3
8284.600428700911	4300	16.897149401747594	0.0	1972048	5622.285651055781	4.3
8291.694408907762	4300	13.803169194896771	0.0	2134614	7093.9802068508225	4.3
8297.741374911731	4300	11.75620319092831	0.0	2164140	6046.96600396846	4.3
8303.778034013392	4300	9.719544089266957	0.0	2113193	6036.659101661354	4.3
8306.394161661588	1850	11.103416441071932	0.0	954453	2616.1276481950263	-0.6000000000000001
8309.17291571765	1850	12.324662385009193	0.0	885062	2778.7540560627376	1.85
8311.978477282792	1850	13.519100819867194	0.0	1035329	2805.5615651419985	1.85
8314.880533377944	1850	14.617044724714669	0.0	1026056	2902.056095152525	1.85
8318.67688093441	1850	14.820697168249051	0.0	943942	3796.3475564656173	1.85
8321.717331402984	1850	15.780246699675379	0.0	728962	3040.450468573673	1.85
8325.337610265793	1850	16.159967836865782	0.0	938587	3620.278862809598	1.85
8328.692830144017	1850	16.80474795864196	0.0	908665	3355.2198782238197	1.85
8332.153921833442	1850	17.343656269216154	0.0	930577	3461.0916894258103	1.85
8335.16059664629	1850	18.336981456368513	0.0	858450	3006.6748128476397	1.85
8339.12123182996	1850	18.376346272697745	0.0	1025005	3960.635183670769	1.85
8341.739952568652	1850	19.757625534005864	0.0	886255	2618.7207386918835	1.85
8343.994186904589	1850	21.503391198068822	0.0	973972	2254.234335937041	1.85
8346.223997630272	1850	23.273580472386115	0.0	958994	2229.8107256827047	1.85
8348.871829615919	1850	24.625748486739685	0.0	982064	2647.831985646429	1.85
8354.480222625707	4300	23.01735547695144	0.0	1961140	5608.393009788243	1.8499999999999996
8359.727102428911	4300	21.770475673747523	0.0	2155012	5246.879803203919	4.3

