39536.271481593874	750	4.0	2.098558835975096	450283	2098.558835975096	-8.273802994692913
39537.30009827487	300	6.97138331900328	0.0	155580	1028.61668099672	-0.15000000000000002
39538.351085515314	300	9.92039607856483	0.0	139857	1050.9872404384519	0.3
39539.56074871238	300	12.710732881498858	0.0	155432	1209.6631970659714	0.3
39542.824192810185	750	13.447288783688258	0.0	411561	3263.4440978105986	0.3
39544.939175888256	750	15.332305705616424	0.0	318564	2114.9830780718344	0.75
39547.223691289066	750	17.047790304806227	0.0	352642	2284.5154008101927	0.75
39551.42088347617	1200	16.850598117707584	0.0	709534	4197.192187098643	0.75
39554.995914879946	1200	17.275566713928928	0.0	584846	3575.0314037786547	1.2
39562.48746723114	1200	13.78401436274077	0.0	560821	7491.552351188158	1.2
39566.261767098666	300	14.009714495213304	0.0	141840	3774.299867527467	-0.6000000000000001
39569.48005785488	300	14.791423738997873	0.0	156148	3218.2907562154305	0.3
39574.38021659368	300	13.891265000196992	0.0	160746	4900.158738800881	0.3
39578.830447389235	300	13.441034204638742	0.0	179801	4450.23079555825	0.3
39580.89675497057	300	15.374726623306152	0.0	140051	2066.3075813325895	0.3
39583.5941215179	300	16.677360075980715	0.0	138313	2697.366547325439	0.3
39586.11334174493	300	18.15813984894878	0.0	143509	2519.2202270319367	0.3
39589.27237404571	300	18.99910754817319	0.0	150616	3159.03230077559	0.3
39591.555932738745	300	20.715548855137534	0.0	165384	2283.558693035654	0.3
39597.68019184241	750	18.591289751474882	0.0	350713	6124.259103662652	0.3
39600.45852225666	300	19.8129593372208	0.0	157671	2778.330414254084	-0.15000000000000002
39603.79364362445	300	20.477837969432667	0.0	157812	3335.121367788135	0.3
39608.243705815796	300	20.027775778091403	0.0	163927	4450.062191341263	0.3
39609.88339408576	300	22.388087508125533	0.0	137654	1639.6882699658697	0.3
39613.994410852334	750	22.277070741550634	0.0	359903	4111.016766574899	0.3
39621.031874265216	750	19.239607328666548	0.0	379700	7037.463412884085	0.75
39624.213635574284	300	20.05784601959881	0.0	181901	3181.7613090677382	-0.15000000000000002
39625.68359406463	300	22.58788752924588	0.0	111155	1469.958490352929	0.3
39629.97409478224	750	22.297386811634187	0.0	400396	4290.500717611693	0.3
39633.519327331196	750	22.752154262683526	0.0	400508	3545.2325489506607	0.75
39639.07825694692	1200	21.193224646953144	0.0	570392	5558.929615730379	0.75
39643.65735843666	750	20.614123157210837	0.0	400322	4579.101489742308	0.3
39648.06508829012	750	20.206393303760994	0.0	369834	4407.729853449845	0.75
39652.09501406258	750	20.17646753130454	0.0	412837	4029.925772456455	0.75
39655.696779086145	750	20.574702507738678	0.0	401088	3601.7650235658575	0.75
39659.10726457816	750	21.164217015716766	0.0	365161	3410.485492021916	0.75
39661.987896208855	750	22.28358538502765	0.0	321064	2880.631630689113	0.75
39667.47130009593	1200	20.800181497946046	0.0	575591	5483.403887081606	0.75
39671.565473772454	750	20.706007821427107	0.0	378327	4094.173676518938	0.3
39675.22432940203	750	21.047152191846727	0.0	390680	3658.855629580381	0.75
39678.97185393684	750	21.299627657034698	0.0	345516	3747.5245348120293	0.75
39682.90892206213	750	21.362559531753043	0.0	384505	3937.068125281653	0.75
39689.643170798634	750	18.628310795241628	0.0	372093	6734.248736511415	0.75
39692.83641268033	300	19.43506891355157	0.0	172312	3193.2418816900567	-0.15000000000000002
39695.01499075829	300	21.256490835588888	0.0	167025	2178.578077962685	0.3
39701.647580278164	750	18.623901315717845	0.0	393804	6632.589519871041	0.3
39703.172831749056	300	21.098649844822884	0.0	137507	1525.2514708949593	-0.15000000000000002
39707.09491898815	750	21.17656260572841	0.0	314107	3922.0872390944764	0.3

