3289.785585605312	750	4.0	3.624169441458112	450283	3624.169441458112	-14.833928598269882
3291.1340258315718	300	6.6515597737405585	0.0	155580	1348.4402262594408	-0.15000000000000002
3292.3717926683626	300	9.413792936949752	0.0	139857	1237.766836790806	0.3
3293.782188202765	300	12.00339740254698	0.0	155432	1410.3955344027718	0.3
3295.4515827848563	300	14.33400282045591	0.0	163442	1669.3945820910699	0.3
3296.7796368908257	300	17.005948714486323	0.0	126289	1328.054105969584	0.3
3299.508943421545	750	18.2766421837672	0.0	352642	2729.306530719119	0.3
3302.6216015933865	750	19.16398401192597	0.0	437162	3112.6581718412367	0.75
3312.7251413792396	1200	13.06044422607265	0.0	584846	10103.539785853318	0.75
3313.456987061144	300	16.328598544168155	0.0	139105	731.8456819044924	-0.6000000000000001
3316.0496478847226	1200	17.735937720589344	0.0	607410	2592.6608235788135	0.29999999999999993
3330.1851341159213	1850	7.600451489390593	0.0	917428	14135.48623119875	1.2000000000000002
3332.806211572107	300	8.979374033204913	0.0	160746	2621.0774561856797	-1.25
3334.3066257095707	300	11.47895989574125	0.0	179801	1500.4141374636633	0.3
3334.996489608388	300	14.789095996923615	0.0	140051	689.8638988176342	0.3
3342.1202651733756	1200	11.665320431936037	0.0	587876	7123.775564987578	0.29999999999999993
3343.421763592187	300	14.363822013124816	0.0	143509	1301.4984188112207	-0.6000000000000001
3347.2154865931802	750	14.570099012131202	0.0	372963	3793.723000993614	0.3
3349.1018449930507	300	16.683740612260742	0.0	165384	1886.3583998704582	-0.15000000000000002
3350.2339868973586	300	19.551598707952927	0.0	140881	1132.141904307817	0.3
3354.4401236277454	1200	19.345461977566075	0.0	601738	4206.136730386851	0.29999999999999993
3358.6203596185433	1200	19.165225986768654	0.0	616206	4180.2359907974205	1.2
3362.773405740648	1200	19.012179864663928	0.0	656471	4153.046122104724	1.2
3365.9255584687544	1200	19.86002713655764	0.0	536667	3152.1527281062904	1.2
3369.886822996987	1200	19.89876260832508	0.0	587236	3961.264528232563	1.2
3373.1914414376547	1200	20.594144167657625	0.0	590335	3304.6184406674556	1.2
3376.8452954310037	1200	20.940290174308213	0.0	696376	3653.853993349411	1.2
3381.583917917916	1850	20.20166768739585	0.0	758197	4738.622486912367	1.2000000000000002
3386.279175000756	1200	19.506410604555786	0.0	622896	4695.257082840062	0.5499999999999999
3389.7748596035417	1200	20.010726001769903	0.0	641447	3495.684602785881	1.2
3392.7481442945596	1200	21.037441310752115	0.0	570392	2973.284691017791	1.2
3399.5013111575845	1850	18.284274447726858	0.0	954453	6753.166863025256	1.2000000000000002
3405.768735162642	1200	16.016850442669444	0.0	584349	6267.424005057411	0.5499999999999999
3406.7716139233476	300	19.01397168196355	0.0	163444	1002.8787607058968	-0.6000000000000001
3412.009374151756	1200	17.776211453555	0.0	690253	5237.760228408552	0.29999999999999993
3414.2820005370177	750	19.503585068293155	0.0	365161	2272.626385261845	0.3
3417.8680210876273	1200	19.917564517683545	0.0	487812	3586.0205506096086	0.75
3422.4711453390105	1200	19.314440266300654	0.0	575591	4603.124251382891	1.2
3427.7281093650936	1200	18.05747624021761	0.0	605884	5256.964026083046	1.2
3429.5939260073706	750	20.191659597940465	0.0	390680	1865.8166422771417	0.3
3434.519491343671	1850	19.266094261639758	0.0	858450	4925.565336300707	0.75
3437.7659100529745	1200	20.019675552336107	0.0	641452	3246.4187093036508	0.5499999999999999
3442.1295978326057	1850	19.65598777270527	0.0	886255	4363.687779630837	1.2000000000000002
3446.8500086741583	1850	18.93557693115264	0.0	973972	4720.410841552633	1.85
3453.805041798235	1850	15.980543807075744	0.0	958994	6955.033124076895	1.85
3456.9993313267537	750	16.786254278556658	0.0	393804	3194.2895285190853	-0.3500000000000001
3460.6769637155517	750	17.108621889758545	0.0	331053	3677.6323887981125	0.75
3464.665811669434	750	17.119773935876257	0.0	314107	3988.847953882289	0.75

