3646.3288408986837	750	4.0	7.440727505900059	450283	7440.7275059000585	-31.245128275370252
3648.9550192120378	300	5.373821686645989	0.0	155580	2626.1783133540107	-0.15000000000000002
3650.519300165486	300	7.809540733197551	0.0	139857	1564.2809534484381	0.3
3652.6867360831952	300	9.64210481548831	0.0	155432	2167.435917709242	0.3
3653.602937176146	300	12.725903722537376	0.0	163442	916.2010929509345	0.3
3655.2577762377905	750	15.071064660892784	0.0	318564	1654.8390616445924	0.3
3657.8189951673075	1200	16.509845731375634	0.0	561791	2561.218929517151	0.75
3661.8741620982655	1200	16.45467880041768	0.0	709534	4055.1669309579556	1.2
3666.3155241418053	1200	16.01331675687816	0.0	584846	4441.362043539516	1.2
3668.227708197513	750	18.10113270117021	0.0	362795	1912.1840557079493	0.3
3671.4383660271756	1200	18.890474871507816	0.0	607410	3210.657829662395	0.75
3674.8201863702407	1200	19.508654528442612	0.0	594078	3381.820343065203	1.2
3679.441605937282	1200	18.887234961401198	0.0	624282	4621.419567041417	1.2
3683.0204629998257	1200	19.308377898857675	0.0	687371	3578.8570625435264	1.2
3686.9586688817803	1850	19.37017201690317	0.0	821631	3938.205881954507	1.2000000000000002
3690.9061494550465	1850	19.422691443637493	0.0	923170	3947.4805732656755	1.85
3696.6301070751156	1850	17.69873382356788	0.0	966699	5723.957620069615	1.85
3700.1773651990115	1200	18.151475699671625	0.0	581493	3547.258123896258	0.5499999999999999
3704.086239245005	1200	18.24260165367827	0.0	639204	3908.874045993353	1.2
3708.1814870333487	1200	18.14735386533475	0.0	586839	4095.2477883435217	1.2
3715.471740237169	1200	14.857100661514512	0.0	601738	7290.253203820238	1.2
3716.414224879231	300	17.9146160194527	0.0	157812	942.4846420618131	-0.6000000000000001
3724.6039560869067	1200	13.724884811776967	0.0	656471	8189.731207675733	0.29999999999999993
3725.883965536459	300	16.44487536222472	0.0	137654	1280.0094495522471	-0.6000000000000001
3729.3552906390432	750	16.97355025964021	0.0	359903	3471.3251025845148	0.3
3734.430620698302	750	15.898220200381614	0.0	379700	5075.330059258593	0.75
3735.8853846081925	300	18.443456290491486	0.0	181901	1454.763909890128	-0.15000000000000002
3738.4401408821336	750	19.888700016550146	0.0	277716	2554.7562739413424	0.3
3743.0293297209905	750	19.299511177693066	0.0	400396	4589.188838857076	0.75
3747.474441499872	750	18.85439939881213	0.0	400508	4445.11177888094	0.75
3750.515533531794	750	19.813307366889866	0.0	358218	3041.092031922265	0.75
3753.2264407497905	750	21.102400148893377	0.0	400322	2710.907217996491	0.75
3757.4985933710914	1200	20.830247527592448	0.0	584349	4272.152621300928	0.75
3762.611160246689	1200	19.717680651994932	0.0	670129	5112.566875597516	1.2
3766.9406869970903	1200	19.388153901593274	0.0	690253	4329.526750401657	1.2
3770.4794063588447	1200	19.849434539839326	0.0	598727	3538.719361753943	1.2
3772.9118175772214	1200	21.417023321462445	0.0	487812	2432.4112183768807	1.2
3777.745188534305	1850	20.583652364378903	0.0	938587	4833.370957083542	1.2000000000000002
3783.0114760552087	1850	19.31736484347537	0.0	908665	5266.287520903532	1.85
3786.246536727433	1200	20.082304171250858	0.0	587506	3235.0606722245143	0.5499999999999999
3789.353775085595	1200	20.975065813089113	0.0	566904	3107.238358161744	1.2
3794.7172076490274	1850	19.6116332496565	0.0	1025005	5363.4325634326115	1.2000000000000002
3800.361854876165	1850	17.966986022518608	0.0	886255	5644.647227137891	1.85
3804.0680040686125	1200	18.260836830071376	0.0	634861	3706.149192447233	0.5499999999999999
3807.09883006119	1200	19.23001083749421	0.0	630203	3030.825992577168	1.2
3811.2926901739093	1850	19.036150724774867	0.0	982064	4193.8601127193415	1.2000000000000002
3815.049586595304	1850	19.27925430338004	0.0	830730	3756.8964213948298	1.85
3820.2114226870613	1850	18.11741821162282	0.0	846370	5161.83609175722	1.85

