355.5881774792164	750	4.0	6.846109202827105	450283	6846.109202827105	-28.68826957215655
357.6294551429847	300	5.958722336231715	0.0	155580	2041.2776637682844	-0.15000000000000002
358.8706396332799	300	8.717537845936512	0.0	139857	1241.1844902952027	0.3
359.7095501309463	300	11.878627348270129	0.0	155432	838.910497666384	0.3
360.4302151584391	300	15.157962320777262	0.0	163442	720.6650274928664	0.3
361.7805484639438	750	17.80762901527263	0.0	318564	1350.3333055046287	0.3
363.4786619472071	750	20.10951553200927	0.0	352642	1698.113483263366	0.75
370.16404426315063	1200	17.424133216065794	0.0	709534	6685.382315943473	0.75
372.71719105564875	750	18.870986423567665	0.0	374758	2553.1467924981303	0.3
375.3350025021966	1200	20.253174977019818	0.0	560821	2617.811446547846	0.75
377.4446989876126	1200	22.143478491603833	0.0	607410	2109.696485415984	1.2
380.73128796591817	1850	22.856889513298192	0.0	917428	3286.588978305642	1.2000000000000002
384.9743217636605	1850	22.61385571555583	0.0	946851	4243.0337977423615	1.85
389.14056595004104	1850	22.4476115291753	0.0	1036454	4166.244186380527	1.85
391.57462778537115	1850	24.013549693845235	0.0	821631	2434.0618353300683	1.85
393.97844328312516	1850	25.609734196091186	0.0	923170	2403.8154977540476	1.85
398.734333054238	2850	24.853844424978373	0.0	1491626	4755.8897711128175	1.85
401.64266651839273	1850	25.94551096082365	0.0	885714	2908.333464154722	0.8500000000000001
405.90603130538665	2850	25.68214617382975	0.0	1537156	4263.364786993898	1.85
409.69266672839814	2850	25.895510750818232	0.0	1336050	3786.635423011517	2.85
414.0413809137791	2850	25.54679656543727	0.0	1415116	4348.714185380965	2.85
416.81723275989407	2850	26.770944719322287	0.0	1468126	2775.8518461149783	2.85
420.20768408831225	2850	27.380493390904068	0.0	1505760	3390.45132841822	2.85
424.9025783274792	2850	26.68559915173713	0.0	1323990	4694.894239166936	2.85
429.34190244836986	2850	26.24627503084641	0.0	1383735	4439.324120890722	2.85
433.90567246002166	2850	25.68250501919462	0.0	1480464	4563.770011651793	2.85
438.7589875146242	2850	24.829189964592103	0.0	1547572	4853.3150546025145	2.85
443.27855837454615	2850	24.30961910467011	0.0	1141971	4519.570859921994	2.85
446.9566478659275	1850	24.631529613288812	0.0	972798	3678.0894913813004	0.8500000000000001
450.7448614909031	1850	24.843315988313222	0.0	975811	3788.2136249755904	1.85
454.92844973699977	1850	24.659727742216514	0.0	873429	4183.588246096708	1.85
457.948781253141	1850	25.63939622607525	0.0	954453	3020.331516141266	1.85
462.15352654606284	2850	25.434650933153403	0.0	1358081	4204.745292921847	1.85
468.4452704806136	2850	23.14290699860265	0.0	1587293	6291.743934550752	2.85
472.47697307958333	1850	23.11120439963294	0.0	1026056	4031.702598969716	0.8500000000000001
475.70346863427164	1850	23.884708844944612	0.0	943942	3226.495554688324	1.85
477.7822507489708	1850	25.80592673024546	0.0	728962	2078.7821146991537	1.85
481.88500505854086	2850	25.70317242067537	0.0	1499009	4102.754309570094	1.85
486.092610038269	2850	25.4955674409472	0.0	1427478	4207.604979728167	2.85
491.6993687775594	2850	23.888808701656796	0.0	1402287	5606.758739290404	2.85
496.67079636232387	1850	22.91738111689236	0.0	858450	4971.427584764436	0.8500000000000001
502.20562580759184	1850	21.38255167162441	0.0	1025005	5534.829445267952	1.85
508.0974618886552	1850	19.490715590561084	0.0	886255	5891.836081063326	1.85
512.4173796071611	1200	19.170797872055118	0.0	634861	4319.917718505965	0.5499999999999999
521.8110339043976	1200	13.777143574818645	0.0	630203	9393.654297236473	1.2
525.8227455436574	750	13.765431935558789	0.0	393804	4011.7116392598564	0.3
530.6110220762322	750	12.977155402984044	0.0	331053	4788.276532574745	0.75
531.4844041911506	300	16.103773288065682	0.0	118421	873.3821149183649	-0.15000000000000002

