103.56363132774167	750	4.0	1.786475576889145	450283	1786.475576889145	-6.931844980623323
104.16185063702683	300	7.401780690714844	0.0	155580	598.2193092851558	-0.15000000000000002
104.68515531006884	300	10.878476017672838	0.0	139857	523.3046730420075	0.3
105.26072552716306	300	14.30290580057861	0.0	155432	575.5702170942279	0.3
105.86875005173074	300	17.694881276010918	0.0	163442	608.0245245676919	0.3
106.35420578306918	300	21.209425544672488	0.0	126289	485.45573133842964	0.3
106.91524786233195	300	24.64838346540972	0.0	153295	561.0420792627714	0.3
107.54016147368411	300	28.023469854057556	0.0	173849	624.9136113521637	0.3
108.09022937644247	300	31.473401951299202	0.0	150710	550.0679027583551	0.3
108.60410102141095	300	34.959530306330706	0.0	139105	513.8716449684891	0.3
109.08977692867572	300	38.47385439906594	0.0	141840	485.6759072647654	0.3
109.61600109030417	300	41.9476302374375	0.0	156148	526.224161628444	0.3
110.17081716597552	300	45.39281416176616	0.0	160746	554.8160756713432	0.3
110.79116983181565	300	48.772461495926024	0.0	179801	620.3526658401418	0.3
111.92680347221506	750	51.63682785552662	0.0	337059	1135.6336403994067	0.3
113.28262761607013	750	54.28100371167155	0.0	366214	1355.824143855064	0.75
114.62080858144012	750	56.942822746301566	0.0	360831	1338.1809653699906	0.75
115.92928532676599	750	59.63434600097568	0.0	372963	1308.476745325881	0.75
117.63109307219801	750	59.79950691621641	0.0	405596	1334.8390847592743	0.75
119.328928918953	750	59.573573323175296	0.0	350713	1225.933593041112	0.75
120.75080889002344	750	59.79458446449701	0.0	386472	1278.9888586782897	0.75
122.28754996553637	750	59.54715948293661	0.0	399894	1247.4249815603966	0.75
125.86092627803198	750	59.973783170440996	0.0	401853	3073.376312495611	0.75
127.89094677032459	750	59.670619127518776	0.0	343800	1303.164042922226	0.75
130.46940644852077	750	59.68931751310588	0.0	359903	1981.3016144128962	0.75
132.43563630176212	750	59.70028161837683	0.0	379700	1489.0358947290426	0.75
134.13423983255737	750	59.78957683223537	0.0	425781	1410.7047861414637	0.75
135.3820686166144	750	59.76411181253375	0.0	277716	1025.4650197016256	0.75
138.10123164896305	750	59.96171217853711	0.0	400396	1802.3996339966357	0.75
140.3412061380379	750	59.730106633175716	0.0	400508	2231.605545361397	0.75
142.13509517463274	750	59.51684658673502	0.0	358218	1713.2600464406898	0.75
144.54304506001878	750	59.80318613911907	0.0	400322	1713.6604476159534	0.75
147.5644955594036	1200	59.8246056083117	0.0	584349	2478.5805308073705	0.75
150.74832450133994	1200	59.94412612163228	0.0	670129	2880.479486679416	1.2
154.09958041309827	1200	59.83017289338155	0.0	690253	3113.953228250729	1.2
156.59850718176898	1200	59.6243608508	0.0	598727	2205.8120425815528	1.2
159.13758393251743	1200	59.95637983847037	0.0	487812	1667.9810123296315	1.2
161.07604058988412	1200	59.55269937899641	0.0	575591	1903.6804594739592	1.2
164.5294308550117	1200	59.792892345379016	0.0	605884	2759.8070336173946	1.2
167.42904338598186	1200	59.61537769564902	0.0	587506	2177.5146497299947	1.2
170.06129181669607	1200	59.61080242091199	0.0	566904	2004.5752747370357	1.2
172.812757887935	1200	59.74840596328111	0.0	641452	2362.3964576308767	1.2
175.0595361827383	1200	59.770051622683496	0.0	599477	1978.354340597617	1.2
177.40449378128872	1200	59.93128480051114	0.0	634861	2338.7668221723475	1.2
180.48031224495728	1200	59.82597095686588	0.0	630203	2105.3138436452655	1.2
183.60401059273966	1200	59.63487409298636	0.0	638661	2191.096863879522	1.2
186.16795330624456	1200	59.76420347818531	0.0	538612	1870.670614801047	1.2
188.69968774998964	1200	59.79497230566473	0.0	550906	1969.2311725205827	1.2

