43280.242454059015	750	4.0	2.498490134264002	450283	2498.490134264002	-9.993507577335208
43282.98722599194	750	5.255228067068664	0.0	398865	2744.771932931336	0.75
43285.2208050594	750	7.021648999612875	0.0	350812	2233.5790674557893	0.75
43287.52436604248	750	8.718088016528837	0.0	382355	2303.5609830840394	0.75
43290.21672475668	750	10.025729302324985	0.0	411561	2692.3587142038527	0.75
43292.27968055152	750	11.962773507490708	0.0	318564	2062.955794834278	0.75
43294.388045672364	750	13.854408386637868	0.0	352642	2108.365120852839	0.75
43299.3098150853	1200	12.932638973705364	0.0	709534	4921.769412932504	0.75
43302.92472572878	1200	13.317728330226025	0.0	584846	3614.910643479339	1.2
43306.09399532321	1200	14.148458735793213	0.0	560821	3169.269594432813	1.2
43309.39129891581	1200	14.851155143193314	0.0	607410	3297.303592599899	1.2
43312.37696391206	1200	15.865490146952112	0.0	594078	2985.6649962412007	1.2
43317.99222264074	1850	14.250231418262317	0.0	946851	5615.258728689795	1.2000000000000002
43324.33461376899	1850	11.90784029001952	0.0	1036454	6342.391128242796	1.85
43329.479827095456	1850	10.762626963547202	0.0	821631	5145.213326472317	1.85
43335.48454864615	1850	8.75790541285176	0.0	923170	6004.721550695442	1.85
43340.7039940613	1850	7.538459997699576	0.0	966699	5219.445415152184	1.85
43345.58050905939	1850	6.661944999616324	0.0	885714	4876.514998083252	1.85
43349.52487195217	1200	6.717582106838576	0.0	639204	3944.362892777747	0.5499999999999999
43353.88438695927	1200	6.358067099736797	0.0	586839	4359.51500710178	1.2
43360.71691475967	1200	4.0	0.47446070066989343	601738	6832.52780040669	-0.8401810128805416
43362.08701608595	300	6.629898673731104	0.0	157812	1370.1013262688969	-0.6000000000000001
43363.37478074166	300	9.342134018016173	0.0	163927	1287.7646557149296	0.3
43364.5960775524	300	12.120837207276674	0.0	137654	1221.2968107394986	0.3
43366.107653047846	300	14.609261711835	0.0	146754	1511.5754954416743	0.3
43367.8586769526	300	16.858237807077327	0.0	153938	1751.0239047576715	0.3
43371.236540410646	750	17.480374349032207	0.0	425781	3377.8634580451157	0.3
43373.20433808663	750	19.51257667305007	0.0	277716	1967.7976759821418	0.75
43377.35581505837	1200	19.361099701306774	0.0	622896	4151.4769717432955	0.75
43381.753356483474	1200	18.963558276203898	0.0	641447	4397.541425102878	1.2
43385.89093081835	1200	18.825983941332872	0.0	570392	4137.574334871025	1.2
43393.51077064337	1200	15.206144116316725	0.0	620283	7619.839825016147	1.2
43395.929911505205	750	16.787003254480858	0.0	369834	2419.1408618358682	0.3
43398.616832899635	750	18.100081860049357	0.0	412837	2686.9213944315	0.75
43401.17575299437	750	19.541161765313998	0.0	401088	2558.920094735358	0.75
43403.76587730322	750	20.951037456467645	0.0	365161	2590.124308846353	0.75
43406.13672348154	750	22.580191278142916	0.0	321064	2370.8461783247285	0.75
43412.012713461954	1850	20.704201297728254	0.0	938587	5875.9899804146635	0.75
43418.06578493147	1850	18.651129828222558	0.0	908665	6053.071469505697	1.85
43424.00136326468	1850	16.715551495005396	0.0	930577	5935.578333217164	1.85
43431.32749506849	1850	13.389419691194853	0.0	858450	7326.131803810541	1.85
43436.26666043201	1200	12.450254327676074	0.0	641452	4939.165363518779	0.5499999999999999
43440.675722992404	1200	12.041191767283493	0.0	599477	4409.06256039258	1.2
43445.1070075898	1200	11.609907169883154	0.0	634861	4431.28459740034	1.2
43449.33846331569	1200	11.378451443994921	0.0	630203	4231.455725888232	1.2
43454.26569159109	1200	10.451223168588582	0.0	638661	4927.22827540634	1.2
43463.237069494746	1850	5.4798452649332505	0.0	830730	8971.377903655331	1.2000000000000002
43470.17256154925	1200	4.0	1.455646789562722	550906	6935.492054495972	-5.709281195119705

