1753.7699411135281	750	4.0	1.3264856678000625	450283	1326.4856678000624	-4.953888371540269
1754.3645484063188	300	7.405392707209327	0.0	155580	594.6072927906732	-0.15000000000000002
1755.0727717470356	300	10.697169366492467	0.0	139857	708.22334071686	0.3
1756.0835138322898	300	13.686427281238334	0.0	155432	1010.7420852541342	0.3
1758.0563727580707	750	15.713568355457394	0.0	411561	1972.8589257809394	0.3
1759.3643393740535	750	18.405601739474537	0.0	318564	1307.9666159828598	0.75
1760.603417303408	750	21.16652381011994	0.0	352642	1239.077929354595	0.75
1762.3765234303937	1200	23.39341768313424	0.0	709534	1773.106126985703	0.75
1764.883112937982	1850	24.886828175545926	0.0	852833	2506.5895075883127	1.2000000000000002
1767.2259367130591	1850	26.544004400468985	0.0	913888	2342.8237750769395	1.85
1771.0331292372189	2850	26.73681187630939	0.0	1354548	3807.192524159598	1.85
1777.7507047520035	4300	24.01923636152464	0.0	2102452	6717.575514784749	2.8499999999999996
1780.316106709318	1850	25.453834404210205	0.0	946851	2565.4019573144324	-0.6000000000000001
1784.4614504750043	2850	25.308490638523892	0.0	1578343	4145.343765686315	1.85
1788.2246441300117	2850	25.545296983516298	0.0	1231445	3763.1936550075948	2.85
1792.2716610974587	1850	25.49828001606937	0.0	923170	4047.01696744693	0.8500000000000001
1797.6488936730866	2850	24.12104744044152	0.0	1491626	5377.232575627851	1.85
1800.844919078835	1850	24.925022034693207	0.0	885714	3196.0254057483103	0.8500000000000001
1803.6914935892557	1850	26.078447524272306	0.0	987708	2846.5745104209004	1.85
1807.723216440918	2850	26.046724672610104	0.0	1336050	4031.7228516622004	1.85
1812.1763902653981	2850	25.593550848129745	0.0	1415116	4453.17382448036	2.85
1816.3592888840917	2850	25.410652229436245	0.0	1468126	4182.898618693498	2.85
1820.485907452621	2850	25.284033660906786	0.0	1505760	4126.618568529458	2.85
1823.631354393585	2850	26.138586719942772	0.0	1323990	3145.4469409640133	2.85
1826.8461262487301	2850	26.92381486479778	0.0	1383735	3214.771855144995	2.85
1830.1540568538942	2850	27.61588425963368	0.0	1480464	3307.9306051641	2.85
1833.6023186009372	2850	28.16762251259052	0.0	1547572	3448.261747043161	2.85
1836.307210666968	2850	29.462730446559686	0.0	1141971	2704.892066030831	2.85
1840.9789596022733	4300	28.79098151125433	0.0	2134614	4671.748935305355	2.8499999999999996
1844.8839102197016	4300	28.88603089382602	0.0	2164140	3904.950617428309	4.3
1847.7058658201754	2850	30.064075293352136	0.0	1341201	2821.955600473883	1.4000000000000001
1852.3149764237348	4300	29.454964689792856	0.0	2147852	4609.1106035592775	2.8499999999999996
1857.3126171927693	4300	28.457323920758377	0.0	2191074	4997.640769034482	4.3
1861.6673283579337	4300	28.10261275559375	0.0	2286761	4354.7111651646255	4.3
1864.6647149446346	2850	29.105226168893005	0.0	1492672	2997.3865867007453	1.4000000000000001
1869.602655991496	4300	28.16728512203149	0.0	2143948	4937.941046861513	2.8499999999999996
1872.1623737858636	2850	29.607567327663954	0.0	1139291	2559.7177943675383	1.4000000000000001
1880.4120100822715	4300	25.35793103125583	0.0	2147467	8249.636296408124	2.8499999999999996
1884.4916533896753	1850	25.27828772385211	0.0	908665	4079.6433074037177	-0.6000000000000001
1890.8555460786156	2850	22.914395034911898	0.0	1402287	6363.892688940215	1.85
1895.0027538864651	1850	22.767187227062344	0.0	858450	4147.207807849555	0.8500000000000001
1900.7697486358206	1850	21.00019247770699	0.0	1025005	5766.9947493553545	1.85
1904.9338478987897	1200	20.836093214737854	0.0	599477	4164.099262969131	0.5499999999999999
1908.4886838217892	1200	21.281257291738385	0.0	634861	3554.83592299947	1.2
1911.945081183007	1200	21.824859930520514	0.0	630203	3456.39736121787	1.2
1915.2138784874585	1200	22.556062626069004	0.0	638661	3268.79730445151	1.2
1919.6937147670258	1850	22.07622634650163	0.0	830730	4479.836279567373	1.2000000000000002
1924.3135477049927	1850	21.456393408534502	0.0	846370	4619.832937967128	1.85

