535.9127596085822	750	4.0	1.661300867963679	450283	1661.300867963679	-6.393593732243819
538.0435199145631	750	5.86923969401893	0.0	398865	2130.7603059810704	0.75
539.6259928080955	750	8.28676680048661	0.0	350812	1582.472893532321	0.75
541.4418124453946	750	10.470947163187551	0.0	382355	1815.8196372990585	0.75
543.1847100544782	750	12.728049554103947	0.0	411561	1742.8976090836047	0.75
545.0484213409982	750	14.86433826758396	0.0	318564	1863.7112865199865	0.75
549.6858325525391	750	14.226927056043001	0.0	352642	4637.411211540959	0.75
555.0983242412844	750	12.814435367297698	0.0	437162	5412.491688745303	0.75
557.4157787068834	750	14.496980901698668	0.0	374758	2317.4544655990285	0.75
559.4873775179032	750	16.42538209067903	0.0	362795	2071.5988110196395	0.75
561.8083312168694	750	18.10442839171276	0.0	353220	2320.9536989662706	0.75
564.7686516268878	750	19.144107981694365	0.0	405134	2960.320410018395	0.75
567.8162094786588	750	20.096550129923358	0.0	386351	3047.5578517710055	0.75
570.5669288049402	750	21.345830803642038	0.0	434409	2750.71932628132	0.75
572.4930465164991	750	23.419713092083047	0.0	337059	1926.1177115589937	0.75
576.4079587936931	1850	23.504800814889123	0.0	923170	3914.912277193922	0.75
581.5168345500679	1850	22.39592505851431	0.0	966699	5108.87575637481	1.85
586.9225363820461	1850	20.990223226536052	0.0	885714	5405.701831978261	1.85
596.3554725322612	1850	15.557287076321012	0.0	987708	9432.936150215039	1.85
600.6337569713554	750	15.27900263722671	0.0	350713	4278.284439094301	-0.3500000000000001
604.2542343530417	750	15.658525255540356	0.0	386472	3620.4773816863553	0.75
606.9881557756219	750	16.9246038329602	0.0	399894	2733.921422580154	0.75
609.4930363050718	750	18.419723303510338	0.0	401853	2504.8805294498634	0.75
611.5685452535215	750	20.34421435506065	0.0	343800	2075.508948449691	0.75
613.4693665032709	750	22.443393105311355	0.0	359903	1900.8212497492927	0.75
618.9456542740523	1850	20.96710533452978	0.0	905935	5476.287770781574	0.75
623.2560762951424	1850	20.656683313439732	0.0	1076599	4310.422021090048	1.85
626.3278347314587	1850	21.584924877123516	0.0	758197	3071.758436316217	1.85
630.9956436330299	1850	20.91711597555231	0.0	972798	4667.808901571201	1.85
637.0577464588492	1850	18.85501314973287	0.0	975811	6062.102825819444	1.85
641.9276288721679	1850	17.985130736414305	0.0	873429	4869.8824133185635	1.85
647.8367024987677	1850	16.076057109814478	0.0	954453	5909.073626599827	1.85
652.8470019013791	1850	15.065757707203142	0.0	885062	5010.2994026113365	1.85
656.987762896867	1850	14.924996711715222	0.0	1035329	4140.760995487919	1.85
660.7205498153932	1850	15.192209793189022	0.0	1026056	3732.786918526201	1.85
663.6750885566211	1850	16.23767105196106	0.0	943942	2954.538741227966	1.85
666.7556134894132	1850	17.157146119168914	0.0	728962	3080.524932792144	1.85
672.9519285214665	1850	14.96083108711577	0.0	938587	6196.315032053142	1.85
676.5621826562564	1850	15.350576952325902	0.0	908665	3610.2541347898673	1.85
680.3218726225708	1850	15.59088698601148	0.0	930577	3759.689966314424	1.85
683.5033759045153	1850	16.409383704066983	0.0	858450	3181.503281944498	1.85
687.5946826365207	1850	16.318076972061657	0.0	1025005	4091.306732005324	1.85
691.2574915156495	1850	16.655268092932825	0.0	886255	3662.808879128832	1.85
695.7032309200541	1850	16.20952868852819	0.0	973972	4445.739404404636	1.85
711.5710687982499	1850	4.341690810332397	0.0	958994	15867.837878195794	1.85
712.8733660369377	300	7.039393571644639	0.0	160064	1302.2972386877582	-1.25
713.8731090225034	300	10.039650586078983	0.0	137507	999.742985565656	0.3
714.6574371731851	300	13.255322435397147	0.0	118421	784.3281506818345	0.3

