3656.544113097665	750	4.0	2.8154029051600578	450283	2815.402905160058	-11.356232492188248
3657.3231203774535	300	7.220992720211582	0.0	155580	779.0072797884184	-0.15000000000000002
3658.8548182969685	750	9.68929480069671	0.0	350812	1531.6979195148717	0.3
3661.4142402017396	1200	11.129872895925473	0.0	617681	2559.4219047712368	0.75
3666.094334652892	1850	10.449778444773411	0.0	996749	4680.094451152061	1.2000000000000002
3668.917507422417	1200	11.62660567524769	0.0	520315	2823.172769525721	0.5499999999999999
3675.2918497389933	1850	9.252263358671861	0.0	905515	6374.342316575828	1.2000000000000002
3678.774239309803	1200	9.769873787862476	0.0	709534	3482.389570809386	0.5499999999999999
3683.1200811921294	1200	9.424031905535939	0.0	584846	4345.8418823265365	1.2
3687.0195144399645	1200	9.524598657700528	0.0	560821	3899.433247835411	1.2
3690.4995516598683	1200	10.044561437797173	0.0	607410	3480.0372199033545	1.2
3693.26371380862	1200	11.280399289045029	0.0	594078	2764.162148752145	1.2
3698.537563858343	1850	10.006549239321917	0.0	946851	5273.850049723112	1.2000000000000002
3703.277557965111	1200	9.266555132554148	0.0	687371	4739.99410676777	0.5499999999999999
3707.292345173818	1200	9.25176792384709	0.0	526950	4014.7872087070577	1.2
3712.47584471508	1200	8.068268382585176	0.0	587876	5183.499541261915	1.2
3716.8993940502896	750	7.644719047375739	0.0	360831	4423.549335209436	0.3
3721.8713879836596	750	6.67272511400558	0.0	372963	4971.9939333701595	0.75
3722.794469701112	300	9.749643396553092	0.0	165384	923.0817174524866	-0.15000000000000002
3728.9214541667034	1200	7.622658930961822	0.0	586839	6126.98446559127	0.29999999999999993
3732.7762167367796	750	7.767896360885772	0.0	386472	3854.7625700760495	0.3
3739.645980571532	750	4.898132526133303	0.0	399894	6869.76383475247	0.75
3741.3335850001067	300	7.210528097558965	0.0	163927	1687.6044285743362	-0.15000000000000002
3744.114409820021	750	8.429703277644302	0.0	343800	2780.8248199146633	0.3
3746.9157070293977	750	9.628406068267896	0.0	359903	2801.297209376408	0.75
3750.841941272659	1200	9.702171825006772	0.0	590335	3926.234243261125	0.75
3757.525635093729	1200	7.018478003936382	0.0	696376	6683.693821070389	1.2
3761.51027469021	750	7.033838407455336	0.0	277716	3984.639596481046	0.3
3766.936653601023	750	5.607459496642291	0.0	400396	5426.378910813045	0.75
3768.865150747445	300	7.678962350220241	0.0	149029	1928.4971464220505	-0.15000000000000002
3772.962977892804	750	7.58113520486121	0.0	358218	4097.82714535903	0.3
3777.185184230874	750	7.358928866791317	0.0	400322	4222.206338069894	0.75
3780.0089164903256	750	8.535196607339548	0.0	369834	2823.732259451768	0.75
3782.408488306004	750	10.135624791661176	0.0	412837	2399.571815678373	0.75
3785.721287433336	1200	10.822825664329143	0.0	690253	3312.7991273320335	0.75
3789.1234823165573	1200	11.420630781107864	0.0	598727	3402.194883221279	1.2
3793.498017957786	1850	11.046095139879144	0.0	728962	4374.535641228719	1.2000000000000002
3797.853659245168	1850	10.690453852497253	0.0	938587	4355.641287381893	1.85
3800.903356329103	1200	11.640756768562044	0.0	605884	3049.697083935209	0.5499999999999999
3806.096752769888	1850	10.447360327777307	0.0	930577	5193.396440784735	1.2000000000000002
3808.6465385188862	1200	11.897574578779128	0.0	566904	2549.7857489981793	0.5499999999999999
3813.219475902664	1850	11.3246371950012	0.0	1025005	4572.937383777928	1.2000000000000002
3817.0559182120414	1850	11.488194885623841	0.0	886255	3836.4423093773576	1.85
3820.771063710273	1850	11.773049387391714	0.0	973972	3715.145498232128	1.85
3824.824677199022	1850	11.719435898643274	0.0	958994	4053.6134887484395	1.85
3829.825340707704	1850	10.718772389961368	0.0	982064	5000.663508681906	1.85
3833.194948049361	1200	11.349165048304336	0.0	538612	3369.607341657033	0.5499999999999999
3839.8771020442846	1850	8.667011053380296	0.0	846370	6682.15399492404	1.2000000000000002

