3630.4688260731573	750	4.0	7.440727505900059	450283	7440.7275059000585	-31.245128275370252
3633.0950043865114	300	5.373821686645989	0.0	155580	2626.1783133540107	-0.15000000000000002
3634.6592853399593	300	7.809540733197551	0.0	139857	1564.2809534484381	0.3
3636.8267212576684	300	9.64210481548831	0.0	155432	2167.435917709242	0.3
3637.7429223506197	300	12.725903722537376	0.0	163442	916.2010929509345	0.3
3638.4569880592244	300	16.01183801393238	0.0	126289	714.0657086049978	0.3
3640.1835329065366	750	18.285293166620555	0.0	352642	1726.5448473118206	0.3
3642.206846920401	750	20.26197915275605	0.0	437162	2023.3140138645042	0.75
3645.4058355071256	1200	21.062990566031498	0.0	584846	3198.988586724552	0.75
3649.9202052738674	1200	20.54862079928945	0.0	560821	4514.369766742051	1.2
3653.1513854024215	1200	21.31744067073571	0.0	607410	3231.180128553739	1.2
3656.202828559381	1200	22.26599751377637	0.0	594078	3051.443156959341	1.2
3662.6550109223554	1850	19.813815150801698	0.0	946851	6452.182362974669	1.2000000000000002
3666.430768940729	1200	20.038057132428126	0.0	687371	3775.7580183735713	0.5499999999999999
3668.966836143254	1200	21.501989929902827	0.0	526950	2536.067202525301	1.2
3671.7828536122847	1200	22.68597246087271	0.0	587876	2816.0174690301187	1.2
3676.1307580907064	1850	22.33806798245074	0.0	966699	4347.904478421966	1.2000000000000002
3681.5789416552802	1850	20.889884417877298	0.0	885714	5448.183564573446	1.85
3685.3113181239014	1200	21.157507949256235	0.0	639204	3732.37646862106	0.5499999999999999
3688.989328866898	1200	21.479497206259236	0.0	586839	3678.0107429970026	1.2
3696.7600046923535	1850	17.708821380803872	0.0	891604	7770.675825455363	1.2000000000000002
3700.8513790165953	750	17.61744705656159	0.0	399894	4091.3743242422793	-0.3500000000000001
3706.8716197698377	750	15.597206303319178	0.0	401853	6020.240753242414	0.75
3710.064272733093	750	16.404553340064023	0.0	343800	3192.6529632551533	0.75
3713.5407673256977	750	16.928058747458905	0.0	359903	3476.4945926051164	0.75
3718.610005791851	750	15.858820281305372	0.0	379700	5069.2384661535325	0.75
3722.185255885806	750	16.283570187350936	0.0	425781	3575.2500939544357	0.75
3724.986745953829	750	17.48208011932766	0.0	277716	2801.4900680232763	0.75
3730.316646658113	750	16.152179415044074	0.0	400396	5329.900704283586	0.75
3733.6795460238527	750	16.78928004930437	0.0	400508	3362.8993657397064	0.75
3736.203062910037	750	18.265763163120543	0.0	358218	2523.516886183823	0.75
3740.1747201994626	1200	18.294105873694523	0.0	620283	3971.6572894260203	0.75
3744.252099681848	750	18.21672639130896	0.0	369834	4077.3794823855637	0.3
3746.7335837675764	750	19.73524230558066	0.0	412837	2481.4840857283025	0.75
3751.0613727080877	1200	19.407453365069603	0.0	690253	4327.788940511055	0.75
3754.6029337086356	1200	19.865892364521564	0.0	598727	3541.5610005480385	1.2
3757.0361317533784	1200	21.43269431977864	0.0	487812	2433.198044742922	1.2
3759.9905991310015	1200	22.478226942155615	0.0	575591	2954.467377623025	1.2
3765.2184828142244	1850	21.250343258932713	0.0	908665	5227.883683222903	1.2000000000000002
3768.3731388742826	1200	22.095687198874497	0.0	587506	3154.6560600582143	0.5499999999999999
3773.1186920822984	1850	21.350133990858566	0.0	858450	4745.553208015931	1.2000000000000002
3776.246311567758	1200	22.222514505399076	0.0	641452	3127.6194854594896	0.5499999999999999
3781.6507818946434	1850	20.818044178513613	0.0	886255	5404.470326885463	1.2000000000000002
3785.5733619904963	1200	20.89546408266034	0.0	634861	3922.5800958532745	0.5499999999999999
3789.1593332954044	1200	21.309492777752528	0.0	630203	3585.971304907812	1.2
3791.968942659484	1200	22.49988341367268	0.0	638661	2809.609364079847	1.2
3795.6456792188555	1850	22.82314685430112	0.0	830730	3676.7365593715613	1.2000000000000002
3799.4702693775284	1850	22.998556695628753	0.0	846370	3824.5901586723635	1.85

