47585.50067899739	750	4.0	3.577861463103849	450283	3577.861463103849	-14.63480429134655
47586.98856361502	300	6.51211538236463	0.0	155580	1487.8846176353702	-0.15000000000000002
47588.366614795035	300	9.134064202352965	0.0	139857	1378.051180011665	0.3
47589.810184299386	300	11.690494698005484	0.0	155432	1443.5695043474816	0.3
47591.145928825244	300	14.354750172147396	0.0	163442	1335.744525858089	0.3
47594.1390235815	750	15.361655415897394	0.0	318564	2993.094756250003	0.3
47596.96734736821	750	16.53333162918236	0.0	352642	2828.3237867150337	0.75
47600.17468100794	750	17.32599798944523	0.0	437162	3207.333639737131	0.75
47602.85395449154	750	18.64672450584671	0.0	374758	2679.27348359852	0.75
47605.74386296921	750	19.756816028176626	0.0	362795	2889.908477670083	0.75
47608.107454849014	750	21.393224148376934	0.0	353220	2363.591879799694	0.75
47611.31025613383	750	22.19042286355429	0.0	405134	3202.801284822644	0.75
47614.14463097896	750	23.35604801842171	0.0	386351	2834.374845132583	0.75
47617.52192767785	750	23.978751319534403	0.0	434409	3377.296698887306	0.75
47620.04759604772	750	25.45308294966905	0.0	337059	2525.668369865354	0.75
47622.43937357627	750	27.06130542112162	0.0	366214	2391.7775285474304	0.75
47629.92803212756	1850	23.57264686982773	0.0	966699	7488.658551293892	0.75
47637.11698605775	1850	20.383692939639207	0.0	885714	7188.953930188521	1.85
47648.51969768553	1850	12.980981311855743	0.0	987708	11402.711627783465	1.85
47653.0526818207	750	12.447997176688808	0.0	350713	4532.984135166935	-0.3500000000000001
47656.76401991697	750	12.736659080419052	0.0	386472	3711.3380962697556	0.75
47661.16506297174	750	12.33561602564517	0.0	399894	4401.043054773882	0.75
47665.33583116369	750	12.164847833694406	0.0	401853	4170.768191950763	0.75
47668.605555826856	750	12.895123170524588	0.0	343800	3269.724663169818	0.75
47672.42707411875	750	13.073604878635932	0.0	359903	3821.518291888657	0.75
47676.13973157898	750	13.360947418400421	0.0	379700	3712.6574602355095	0.75
47680.08237738183	750	13.418301615557894	0.0	425781	3942.6458028425277	0.75
47682.98178422431	750	14.51889477307252	0.0	277716	2899.406842485374	0.75
47687.00500967815	750	14.495669319232443	0.0	400396	4023.2254538400784	0.75
47690.46284363661	750	15.037835360767444	0.0	400508	3457.833958464999	0.75
47694.16819912695	750	15.33247987042285	0.0	358218	3705.3554903445956	0.75
47698.25570056319	750	15.244978434184626	0.0	400322	4087.501436238222	0.75
47702.15613193091	750	15.34454706646786	0.0	369834	3900.4313677167665	0.75
47706.15989642043	750	15.340782576944866	0.0	412837	4003.764489522993	0.75
47711.72665929931	750	13.774019698067477	0.0	401088	5566.762878877388	0.75
47716.48432369951	750	13.016355297878327	0.0	365161	4757.664400189152	0.75
47719.7784338856	750	13.722245111788672	0.0	321064	3294.1101860896547	0.75
47724.18297254575	750	13.317706451638184	0.0	361565	4404.538660150488	0.75
47729.24862128898	750	12.25205770840931	0.0	378327	5065.648743228872	0.75
47735.74745415803	750	9.753224839354589	0.0	390680	6498.832869054723	0.75
47737.68616962393	300	11.814509373459497	0.0	147968	1938.715465895091	-0.15000000000000002
47739.57665995297	300	13.924019044420573	0.0	161857	1890.4903290389243	0.3
47743.518509168454	750	13.98216982893693	0.0	372093	3941.849215483642	0.3
47750.10260311516	750	11.398075882227579	0.0	438281	6584.093946709351	0.75
47752.757410340055	300	12.743268657338177	0.0	167025	2654.8072248894005	-0.15000000000000002
47756.57114513476	300	12.929533862635411	0.0	160064	3813.734794702767	0.3
47760.083797328894	300	13.416881668496913	0.0	137507	3512.6521941384976	0.3
47763.30111969599	300	14.199559301400235	0.0	118421	3217.3223670966786	0.3

