2195.4458028138065	750	4.0	7.440727505900059	450283	7440.7275059000585	-31.245128275370252
2198.0719811271606	300	5.373821686645989	0.0	155580	2626.1783133540107	-0.15000000000000002
2199.636262080609	300	7.809540733197551	0.0	139857	1564.2809534484381	0.3
2201.803697998318	300	9.64210481548831	0.0	155432	2167.435917709242	0.3
2202.719899091269	300	12.725903722537376	0.0	163442	916.2010929509345	0.3
2203.433964799874	300	16.01183801393238	0.0	126289	714.0657086049978	0.3
2204.2673399542605	300	19.17846285954621	0.0	153295	833.3751543861667	0.3
2205.144600801447	300	22.30120201235951	0.0	173849	877.2608471867032	0.3
2205.791485346953	300	25.654317466853303	0.0	150710	646.884545506208	0.3
2206.4745313512576	300	28.97127146254845	0.0	139105	683.0460043048497	0.3
2207.2795298653687	300	32.166272948437246	0.0	141840	804.9985141112037	0.3
2208.086225159935	300	35.35957765387098	0.0	156148	806.6952945662671	0.3
2209.0244398183368	300	38.4213629954697	0.0	160746	938.2146584012759	0.3
2210.078619225611	300	41.36718358819555	0.0	179801	1054.1794072741504	0.3
2211.0245016726485	300	44.42130114115796	0.0	140051	945.882447037587	0.3
2212.4180209644032	300	47.027781849403176	0.0	138313	1393.519291754787	0.3
2215.235105162468	750	48.21069765133841	0.0	360831	2817.0841980647656	0.3
2217.318419751079	750	50.12738306272691	0.0	372963	2083.314588611497	0.75
2219.463464597321	750	51.98233821648502	0.0	405596	2145.044846241894	0.75
2221.302852192829	750	54.142950620977246	0.0	350713	1839.3875955077735	0.75
2222.101629397053	300	57.34417341675326	0.0	157671	798.7772042239899	-0.15000000000000002
2223.478655503532	300	59.96714731027416	0.0	157812	877.0261064790976	0.3
2224.7418213978963	300	59.756354460904745	0.0	163927	1210.7928493694126	0.3
2226.2358414806877	300	59.9875309420068	0.0	137654	768.8235188979459	0.3
2227.946194490815	300	59.6889527188897	0.0	146754	798.5782231170948	0.3
2229.3876314220875	300	59.86412164675857	0.0	153938	824.8310721311385	0.3
2230.9267240675204	300	59.53837825361295	0.0	181901	825.7433931456284	0.3
2232.0892530639217	300	59.71428838155571	0.0	111155	824.0898720572299	0.3
2233.1839079038514	300	59.75018052376326	0.0	153605	964.1078577924482	0.3
2235.041677496285	300	59.83256921861491	0.0	149029	917.6113051483529	0.3
2237.162434038821	300	59.90577009098946	0.0	157421	1426.7991276254465	0.3
2239.8083458637575	300	59.84629288597664	0.0	157488	2059.4772050128217	0.3
2242.048454808204	300	59.838955723715145	0.0	143881	2007.337162261493	0.3
2246.1080328685584	300	59.77937766336049	0.0	163444	3559.5780603546514	0.3
2248.823768000302	300	59.71418501875855	0.0	179328	2065.1926446019424	0.3
2250.598670134481	300	59.796005195239935	0.0	159914	1418.1798235186118	0.3
2253.0122607634758	300	59.927571036072656	0.0	131610	2368.4341591672764	0.3
2254.231008608754	300	59.786275348347054	0.0	124011	1141.2956877256088	0.3
2256.6920081989842	300	59.72500163200853	0.0	144254	1561.2737163385254	0.3
2261.5589980893483	750	58.85801174164463	0.0	390680	4866.989890363898	0.3
2264.488992989081	750	59.92801684191202	0.0	345516	2929.9948997326164	0.75
2267.411480832193	750	59.735128252350094	0.0	384505	2692.8885895619255	0.75
2269.7299853560207	750	59.614175617211124	0.0	372093	2120.952635138965	0.75
2273.370535426935	750	59.97362554629689	0.0	438281	3640.550070914247	0.75
2276.634101715229	750	59.64139338195159	0.0	398987	2332.232164345299	0.75
2279.7342065831763	750	59.74700800995211	0.0	393804	2394.385371999475	0.75
2281.817451540475	750	59.97174527927705	0.0	331053	1775.2627306750633	0.75
2283.780743822895	750	59.83659025137851	0.0	314107	1635.1550278985378	0.75

