44622.72476017864	750	4.0	6.607758736420716	450283	6607.758736420716	-27.663362566609077
44624.33586487305	300	6.3888953055802595	0.0	155580	1611.1046944197403	-0.15000000000000002
44625.45782846675	300	9.266931711882483	0.0	139857	1121.9635936977763	0.3
44626.70153280868	300	12.023227369959335	0.0	155432	1243.7043419231486	0.3
44629.95579453158	750	12.768965647052841	0.0	411561	3254.261722906494	0.3
44632.083837040496	750	14.640923138139785	0.0	318564	2128.0425089130567	0.75
44634.75013917667	750	15.974621001962728	0.0	352642	2666.302136177057	0.75
44639.71826656469	1200	15.006493613949322	0.0	709534	4968.127388013406	0.75
44643.961573858505	1200	14.763186320132391	0.0	584846	4243.307293816932	1.2
44648.597257469926	1200	14.12750270871103	0.0	560821	4635.683611421362	1.2
44653.043159704735	1200	13.681600473901796	0.0	607410	4445.902234809232	1.2
44657.23738500442	1200	13.487375174224757	0.0	594078	4194.2252996770385	1.2
44661.50371095394	1200	13.22104922469496	0.0	624282	4266.325949529797	1.2
44667.22821701286	1200	11.496543165776597	0.0	687371	5724.506058918363	1.2
44671.36797397018	1200	11.356786208462667	0.0	526950	4139.75695731393	1.2
44676.201957811114	1200	10.52280236751784	0.0	587876	4833.983840944825	1.2
44680.320871281314	1200	10.403888897325812	0.0	617242	4118.913470192028	1.2
44684.696752554184	1200	10.028007624449485	0.0	581493	4375.881272876328	1.2
44690.8681024993	1200	7.856657679336225	0.0	639204	6171.34994511326	1.2
44695.343414811614	1200	7.38134536702281	0.0	586839	4475.312312313415	1.2
44701.496604818225	1200	5.228155360412721	0.0	601738	6153.190006610089	1.2
44706.23674404475	750	4.488016133887397	0.0	399894	4740.139226525324	0.3
44707.92140124795	300	6.80335893068797	0.0	163927	1684.6572031994278	-0.15000000000000002
44709.13890512171	300	9.585855056920783	0.0	137654	1217.503873767186	0.3
44710.3623072421	300	12.362452936533082	0.0	146754	1223.4021203877026	0.3
44713.79665924687	750	12.92810093176882	0.0	379700	3434.3520047642633	0.3
44717.4691605647	750	13.25559961393107	0.0	425781	3672.501317837748	0.75
44720.09228454416	750	14.632475634476544	0.0	277716	2623.123979454527	0.75
44723.20248621643	750	15.522273962206475	0.0	400396	3110.2016722700687	0.75
44729.0859764336	1200	13.63878374503921	0.0	641447	5883.490217167263	0.75
44734.017299711995	1200	12.707460466644868	0.0	570392	4931.323278394342	1.2
44738.18181793805	1200	12.542942240584278	0.0	620283	4164.518226060591	1.2
44743.11135191626	1200	11.613408262378266	0.0	584349	4929.533978206011	1.2
44748.43788967478	1200	10.2868705038551	0.0	670129	5326.537758523167	1.2
44754.393927569785	1200	8.330832608856513	0.0	690253	5956.037894998586	1.2
44760.133482942474	1200	6.591277236162308	0.0	598727	5739.555372694205	1.2
44765.10857441857	1200	5.616185760075764	0.0	487812	4975.091476086544	1.2
44768.45136267761	750	6.273397501030286	0.0	361565	3342.7882590454788	0.3
44772.253622781594	750	6.47113739704478	0.0	378327	3802.260103985506	0.75
44775.96980893527	750	6.75495124336944	0.0	390680	3716.1861536753404	0.75
44779.06498712804	750	7.659773050595243	0.0	345516	3095.1781927741968	0.75
44782.4472504169	750	8.277509761731936	0.0	384505	3382.263288863307	0.75
44785.594172334706	750	9.130587843931462	0.0	372093	3146.9219178004746	0.75
44789.49729623355	750	9.227463945087958	0.0	438281	3903.1238988435043	0.75
44795.223098536044	1200	7.50166164259576	0.0	630203	5725.802302492199	0.75
44803.00699093713	1200	4.0	0.28223075849200907	638661	7783.892401087769	-0.01359226151563897
44810.18761446807	750	4.0	3.180623530949793	331053	7180.623530949793	-13.37668118308411
44811.53908041806	300	6.648534050018346	0.0	118421	1351.4659499816546	-0.15000000000000002

