1054.3659626350543	750	4.0	2.121243241677066	450283	2121.243241677066	-8.371345939211384
1055.5540717892259	300	6.811890845828496	0.0	155580	1188.109154171504	-0.15000000000000002
1056.49592066878	300	9.870041966274396	0.0	139857	941.8488795541014	0.3
1057.5255186735267	300	12.8404439615276	0.0	155432	1029.5980047467965	0.3
1058.3006478869688	300	16.06531474808537	0.0	163442	775.1292134422297	0.3
1059.614382216739	750	18.751580418315225	0.0	318564	1313.734329770144	0.3
1061.49351127189	1200	20.87245136316419	0.0	561791	1879.1290551510356	0.75
1064.1715073250543	1200	22.194455309999782	0.0	709534	2677.9960531644065	1.2
1066.6679635983226	1850	23.69799903673156	0.0	852833	2496.456273268225	1.2000000000000002
1069.306480666402	1850	25.059481968652097	0.0	913888	2638.5170680794613	1.85
1072.8734825751064	2850	25.49248005994766	0.0	1354548	3567.001908704438	1.85
1077.0506189454688	1850	25.315343689585266	0.0	917428	4177.136370362396	0.8500000000000001
1082.1594273823578	2850	24.206535252696415	0.0	1422919	5108.8084368888485	1.85
1086.1492366907485	1850	24.21672594430561	0.0	1036454	3989.8093083908057	0.8500000000000001
1089.4330987738188	1850	24.932863861235308	0.0	821631	3283.8620830703017	1.85
1092.501726573319	1850	25.864236061735117	0.0	923170	3068.6277995001956	1.85
1098.1518089601304	2850	24.214153674923686	0.0	1491626	5650.082386811427	1.85
1100.4782807787985	1850	25.887681856255597	0.0	885714	2326.471818668092	0.8500000000000001
1103.8801292403975	2850	26.485833394656424	0.0	1537156	3401.8484615991742	1.85
1106.880082939194	2850	27.485879695860117	0.0	1336050	2999.9536987963056	2.85
1112.5024081559002	4300	25.863554479153702	0.0	2039773	5622.325216706413	2.8499999999999996
1117.3339732983927	2850	25.031989336661276	0.0	1468126	4831.565142492425	1.4000000000000001
1120.1958445380542	1850	26.170118096999715	0.0	968026	2861.8712396615647	0.8500000000000001
1123.6889949513784	2850	26.676967683675496	0.0	1323990	3493.1504133242183	1.85
1127.2554378205498	2850	27.110524814503957	0.0	1383735	3566.4428691715384	2.85
1132.3479119765227	4300	26.01805065853098	0.0	2105231	5092.474155972977	2.8499999999999996
1141.3681936497394	2850	20.997768985314178	0.0	1547572	9020.281673216801	1.4000000000000001
1142.733716154922	1200	23.632246480131748	0.0	487160	1365.5225051824318	-0.44999999999999996
1148.6374654061422	1850	21.728497228911525	0.0	972798	5903.7492512202225	1.2000000000000002
1169.4751543541572	1850	4.890808280896559	0.0	975811	20837.688948014966	1.85
1173.6935656537871	300	4.67239698126645	0.0	157421	4218.411299630109	-1.25
1178.4249668497362	300	4.0	0.059004214682565365	157488	4731.401195949015	0.04628187686496893
1181.9545868268083	300	4.470380022927924	0.0	143881	3529.6199770720755	0.3
1184.9697236536567	300	5.455243196079591	0.0	163444	3015.1368268483334	0.3
1189.183234115875	300	5.241732733861337	0.0	179328	4213.510462218254	0.3
1191.8338313164234	300	6.591135533312714	0.0	159914	2650.5972005486233	0.3
1194.8599220522458	300	7.565044797490194	0.0	131610	3026.090735822519	0.3
1195.8312785435512	300	10.593688306184761	0.0	124011	971.3564913054327	0.3
1196.7509296848764	300	13.674037164859412	0.0	144254	919.651141325351	0.3
1199.2547342152084	750	15.170232634527649	0.0	390680	2503.804530331764	0.3
1201.0536595344083	750	17.37130731532769	0.0	345516	1798.9253191999599	0.75
1202.714717587379	750	19.71024926235689	0.0	384505	1661.0580529707977	0.75
1205.1964863155579	1200	21.22848053417794	0.0	599477	2481.76872817895	0.75
1208.972566057683	1200	21.452400792052945	0.0	634861	3776.079742124996	1.2
1211.9918437603003	1200	22.433123089435647	0.0	630203	3019.277702617299	1.2
1218.8820477932331	1850	19.54291905650288	0.0	982064	6890.2040329327665	1.2000000000000002
1224.3543648941868	1200	18.070601955549105	0.0	538612	5472.317100953774	0.5499999999999999
1226.2132358384713	750	20.211731011264703	0.0	314107	1858.8709442844004	0.3

