41404.791442790454	750	4.0	6.607758736420716	450283	6607.758736420716	-27.663362566609077
41406.402547484875	300	6.3888953055802595	0.0	155580	1611.1046944197403	-0.15000000000000002
41407.524511078576	300	9.266931711882483	0.0	139857	1121.9635936977763	0.3
41408.768215420496	300	12.023227369959335	0.0	155432	1243.7043419231486	0.3
41410.023390323026	300	14.768052467430522	0.0	163442	1255.174902528814	0.3
41412.54679590771	750	16.244646882756104	0.0	318564	2523.405584674417	0.3
41415.006321997964	750	17.7851207924958	0.0	352642	2459.5260902603018	0.75
41418.37600304017	750	18.41543975029123	0.0	437162	3369.681042204567	0.75
41422.28720847721	1200	18.504234313252425	0.0	584846	3911.205437038808	0.75
41426.39996909758	1200	18.391473692874946	0.0	560821	4112.760620377476	1.2
41429.253760656255	750	19.5376821342102	0.0	353220	2853.791558664747	0.3
41433.9122790816	1200	18.87916370885495	0.0	594078	4658.51842535525	0.75
41438.15244532737	1200	18.638997463096285	0.0	624282	4240.166245758664	1.2
41443.03565516367	1200	17.755787626786333	0.0	687371	4883.209836309956	1.2
41445.658589052124	750	19.132853738333694	0.0	337059	2622.9338884526373	0.3
41450.86326606059	1200	17.92817672986569	0.0	587876	5204.677008468007	0.75
41453.48542306513	750	19.306019725320933	0.0	360831	2622.1570045447575	0.3
41458.27450307471	1200	18.516939715740996	0.0	581493	4789.0800095799395	0.75
41462.54626296747	1200	18.245179822977853	0.0	639204	4271.75989276314	1.2
41464.938624050665	750	19.85281873979433	0.0	350713	2392.361083183524	0.3
41470.81565856899	1200	17.97578422146846	0.0	601738	5877.034518325873	0.75
41475.70245376129	1200	17.08898902916637	0.0	616206	4886.795192302089	1.2
41479.263665323684	750	17.527777466771344	0.0	401853	3561.211562395026	0.3
41482.815404574416	750	17.97603821603574	0.0	343800	3551.7392507356	0.75
41486.75464408646	750	18.036798703995906	0.0	359903	3939.239512039836	0.75
41492.56072090345	1200	16.230721887007515	0.0	590335	5806.0768169883895	0.75
41496.4172043809	750	16.374238409555886	0.0	425781	3856.4834774516294	0.3
41498.78253264864	750	18.008910141810208	0.0	277716	2365.3282677456796	0.75
41502.44073944384	750	18.35070334661471	0.0	400396	3658.2067951954955	0.75
41505.62081323352	750	19.170629556932393	0.0	400508	3180.07378968232	0.75
41510.88746749907	1200	17.903975291386335	0.0	570392	5266.65426554606	0.75
41514.60894154572	750	18.182501244742024	0.0	400322	3721.4740466443104	0.3
41517.41200775674	750	19.379435033719673	0.0	369834	2803.0662110223475	0.75
41522.00997040221	1200	18.781472388255306	0.0	670129	4597.9626454643685	0.75
41525.555855168925	750	19.23558762153519	0.0	401088	3545.884766720116	0.3
41530.24476129234	1200	18.546681498111784	0.0	598727	4688.906123423405	0.75
41534.352756201864	1200	18.438686588592606	0.0	487812	4107.99490951918	1.2
41539.92552236716	1200	16.86592042329931	0.0	575591	5572.766165293294	1.2
41543.5951512017	750	17.196291588764872	0.0	378327	3669.62883453444	0.3
41547.47485281986	750	17.316589970602095	0.0	390680	3879.7016181627782	0.75
41550.65400270576	750	18.137440084700323	0.0	345516	3179.149885901771	0.75
41554.53715526699	750	18.25428752346461	0.0	384505	3883.1525612357154	0.75
41558.06274313737	750	18.7286996530842	0.0	372093	3525.58787038041	0.75
41563.70239335772	1200	17.089049432738335	0.0	634861	5639.650220345867	0.75
41567.24174737473	750	17.549695415737638	0.0	398987	3539.354017000694	0.3
41570.50227170356	750	18.28917108690091	0.0	393804	3260.524328836728	0.75
41573.82988418535	750	18.961558605119635	0.0	331053	3327.612481781279	0.75
41576.65726901941	750	20.13417377105284	0.0	314107	2827.384834066794	0.75

