1150.7545510812529	750	4.0	2.121243241677066	450283	2121.243241677066	-8.371345939211384
1151.9426602354245	300	6.811890845828496	0.0	155580	1188.109154171504	-0.15000000000000002
1152.8845091149785	300	9.870041966274396	0.0	139857	941.8488795541014	0.3
1153.9141071197253	300	12.8404439615276	0.0	155432	1029.5980047467965	0.3
1154.6892363331676	300	16.06531474808537	0.0	163442	775.1292134422297	0.3
1156.7253859835457	1200	18.02916509770718	0.0	520315	2036.1496503781952	0.29999999999999993
1158.5036676977554	1200	20.2508833834976	0.0	561791	1778.281714209574	1.2
1162.2489872684293	1850	20.505563812823777	0.0	1060487	3745.319570673826	1.2000000000000002
1164.6018670487779	1850	22.15268403247511	0.0	852833	2352.8797803486673	1.85
1168.4259591131477	2850	22.32859196810546	0.0	1429765	3824.09206436965	1.85
1173.8493857949188	2850	20.905165286334196	0.0	1354548	5423.426681771265	2.85
1179.2955958554678	2850	19.458955225785218	0.0	1519951	5446.210060548976	2.85
1185.1726144916706	2850	17.581936589582387	0.0	1422919	5877.0186362028335	2.85
1190.3730779148564	2850	16.38147316639663	0.0	1578343	5200.463423185756	2.85
1194.9353933961695	2850	15.81915768508368	0.0	1231445	4562.31548131295	2.85
1198.342220264516	2850	16.412330816737043	0.0	1471065	3406.82686834664	2.85
1201.6851883637455	2850	17.069362717507545	0.0	1491626	3342.968099229495	2.85
1205.3501915744237	2850	17.40435950682955	0.0	1358801	3665.003210677994	2.85
1209.3743276962764	2850	17.380223384976855	0.0	1537156	4024.1361218526936	2.85
1213.974493293045	2850	16.780057788208207	0.0	1336050	4600.16559676865	2.85
1217.8635171639476	2850	16.89103391730592	0.0	1415116	3889.0238709022865	2.85
1221.727903628363	2850	17.02664745289027	0.0	1468126	3864.3864644156506	2.85
1225.7409443962488	2850	17.013606685004614	0.0	1505760	4013.040767885654	2.85
1229.0848389106977	2850	17.669712170555616	0.0	1323990	3343.8945144489985	2.85
1237.333028655487	2850	13.421522425766563	0.0	1383735	8248.189744789053	2.85
1243.7219707683307	2850	11.032580312922722	0.0	1480464	6388.942112843841	2.85
1278.4700937568077	2850	4.0	23.715542675554374	1547572	34748.122988477095	-99.1268335048838
1280.5413803358156	300	5.928713420992262	0.0	111155	2071.2865790077385	-2.25
1283.7090456925503	300	6.761048064257438	0.0	153605	3167.6653567348235	0.3
1287.0542694298952	300	7.415824326912593	0.0	149029	3345.2237373448465	0.3
1290.5687595645643	300	7.90133419224342	0.0	157421	3514.490134669172	0.3
1291.7857391958892	300	10.684354560918548	0.0	157488	1216.979631324873	0.3
1292.7074512017616	300	13.762642555045932	0.0	143881	921.7120058726158	0.3
1293.8287595844918	300	16.641334172315744	0.0	163444	1121.3083827301914	0.3
1295.0313707992138	300	19.438722957593633	0.0	179328	1202.6112147221104	0.3
1296.9535810472833	750	21.51651270952425	0.0	365161	1922.2102480693816	0.3
1298.3736511745335	750	24.096442582274115	0.0	321064	1420.0701272501365	0.75
1299.8891440205566	750	26.580949736250723	0.0	361565	1515.4928460233898	0.75
1304.6054183269434	1850	25.86467542986393	0.0	908665	4716.274306386796	0.75
1309.1207628678078	1850	25.349330888999415	0.0	930577	4515.344540864513	1.85
1316.3336630569263	1850	22.136430699880954	0.0	858450	7212.900189118461	1.85
1324.5417690693318	1850	17.928324687475325	0.0	1025005	8208.106012405633	1.85
1329.160419920795	1200	17.309673836012408	0.0	599477	4618.650851462918	0.5499999999999999
1332.8289567229092	1200	17.641137033898215	0.0	634861	3668.5368021141912	1.2
1337.6317568059083	1200	16.838336950899226	0.0	630203	4802.80008299899	1.2
1345.3471046872223	1200	13.122989069585126	0.0	638661	7715.347881314099	1.2
1352.4037976371987	1200	10.066296119608488	0.0	538612	7056.692949976639	1.2
1363.190418754027	1850	4.0	0.72032499721973	846370	10786.621116828217	-1.8973974880448385

