2736.1970299623686	750	4.0	2.0479839975854306	450283	2047.9839975854306	-8.056331189617351
2737.6685297328277	300	6.528500229541013	0.0	155580	1471.4997704589869	-0.15000000000000002
2738.623477134345	300	9.573552828023326	0.0	139857	954.9474015176854	0.3
2741.228649947143	1200	10.968380015225506	0.0	617681	2605.1728127978204	0.29999999999999993
2743.192467857097	1200	13.004562105270994	0.0	652874	1963.8179099545118	1.2
2747.205783753024	2850	12.991246209343968	0.0	1224260	4013.3158959270263	1.2000000000000002
2750.122006459395	1850	14.075023502973671	0.0	905515	2916.2227063702967	0.8500000000000001
2755.069790695542	2850	13.127239266826583	0.0	1638769	4947.784236147088	1.85
2758.747580218582	2850	13.449449743786664	0.0	1348011	3677.789523039921	2.85
2762.4686946205597	2850	13.728335341808863	0.0	1429765	3721.114401977801	2.85
2766.025445672574	2850	14.171584289794575	0.0	1354548	3556.7510520142873	2.85
2770.7783368747773	2850	13.418693087591155	0.0	1519951	4752.89120220342	2.85
2774.8792082110126	2850	13.317821751356	0.0	1422919	4100.8713362351555	2.85
2779.3412012888357	2850	12.855828673532809	0.0	1578343	4461.99307782319	2.85
2781.5058521197393	1850	14.691177842629102	0.0	821631	2164.650830903707	0.8500000000000001
2785.6687756284514	2850	14.528254333917156	0.0	1471065	4162.923508711947	1.85
2790.7121405839825	2850	13.484889378385667	0.0	1491626	5043.364955531488	2.85
2795.3850156429194	2850	12.812014319448776	0.0	1358801	4672.875058936892	2.85
2798.4905425188076	1850	13.706487443560588	0.0	987708	3105.5268758881857	0.8500000000000001
2803.6114750035536	2850	12.585554958814704	0.0	1336050	5120.932484745886	1.85
2806.4093392557015	1850	13.787690706666442	0.0	891604	2797.8642521482616	0.8500000000000001
2811.106574437042	2850	13.09045552532579	0.0	1468126	4697.235181340654	1.85
2815.6271476570437	2850	12.569882305324315	0.0	1505760	4520.573220001476	2.85
2817.8930768011824	1850	14.30395316118606	0.0	874175	2265.9291441382543	0.8500000000000001
2821.7860808698265	2850	14.41094909254194	0.0	1383735	3893.004068644119	1.85
2826.080296086571	2850	14.11673387579771	0.0	1480464	4294.215216744231	2.85
2830.686254944911	2850	13.51077501745702	0.0	1547572	4605.958858340691	2.85
2833.8202447643203	2850	14.376785198048236	0.0	1141971	3133.9898194087837	2.85
2839.263249172076	2850	12.933780790292076	0.0	1498470	5443.004407756161	2.85
2842.3182116515973	1850	13.878818310771027	0.0	975811	3054.962479521048	0.8500000000000001
2845.5656012658146	2850	14.631428696553355	0.0	1341201	3247.389614217673	1.85
2849.9729770832455	2850	14.224052879122503	0.0	1497683	4407.375817430853	2.85
2853.7710554817386	2850	14.425974480629344	0.0	1358081	3798.078398493158	2.85
2858.36672769004	2850	13.830302272327616	0.0	1587293	4595.6722083017285	2.85
2862.9542742511626	2850	13.242755711205287	0.0	1492672	4587.546561122328	2.85
2868.7469147543443	2850	11.450115208023599	0.0	1439896	5792.640503181689	2.85
2871.5889023188774	1850	12.60812764349022	0.0	728962	2841.987564533377	0.8500000000000001
2875.000946263654	1850	13.196083698713544	0.0	938587	3412.0439447766776	1.85
2880.2406656138196	2850	11.95636434854833	0.0	1427478	5239.7193501652155	1.85
2883.7976985288747	1850	12.39933143349312	0.0	930577	3557.032915055209	0.8500000000000001
2886.7598213021834	1850	13.437208660184398	0.0	858450	2962.1227733087217	1.85
2890.5113686014365	2850	13.685661360931062	0.0	1527299	3751.547299253335	1.85
2893.7105133956825	2850	14.48651656668527	0.0	1343002	3199.144794245793	2.85
2897.9741584848407	2850	14.22287147752683	0.0	1587250	4263.645089158439	2.85
2902.2263265966653	2850	13.970703365702182	0.0	1464921	4252.168111824648	2.85
2905.88127006428	2850	14.315759898087144	0.0	1483527	3654.9434676150377	2.85
2908.8544683624837	2850	15.342561599884071	0.0	1231456	2973.198298203073	2.85
2914.6758926862885	4300	13.521137276079298	0.0	2155012	5821.424323804774	2.8499999999999996

