1899.6872286028351	750	4.0	2.4747613827285355	450283	2474.7613827285354	-9.891473945732702
1900.509326237954	300	7.17790236488119	0.0	155580	822.0976351188099	-0.15000000000000002
1901.1528378451617	300	10.534390757673423	0.0	139857	643.5116072077666	0.3
1901.8516728438956	300	13.835555758939657	0.0	155432	698.8349987337659	0.3
1902.716071294112	300	16.971157308723395	0.0	163442	864.3984502162624	0.3
1903.60394388875	300	20.08328471408523	0.0	126289	887.8725946381617	0.3
1904.6518309345195	300	23.035397668315955	0.0	153295	1047.8870457692774	0.3
1905.5319239035662	300	26.15530469926928	0.0	173849	880.092969046676	0.3
1906.175430785445	300	29.511797817390313	0.0	150710	643.5068818789642	0.3
1906.9165402396811	300	32.77068836315435	0.0	139105	741.1094542359665	0.3
1907.6517220642722	300	36.03550653856319	0.0	141840	735.1818245911538	0.3
1908.4112190498734	300	39.2760095529621	0.0	156148	759.4969856010888	0.3
1909.5139227899788	300	42.17330581285667	0.0	160746	1102.7037401054333	0.3
1911.2527114761683	300	44.434517126667124	0.0	179801	1738.7886861895465	0.3
1912.318804173014	300	47.3684244298214	0.0	140051	1066.0926968457184	0.3
1913.278978643736	300	50.4082499590994	0.0	138313	960.1744707220032	0.3
1914.385710470518	300	53.30151813231739	0.0	143509	1106.7318267820112	0.3
1915.6183986305475	300	56.06882997228792	0.0	150616	1232.6881600294655	0.3
1916.77775190528	300	58.9094766975556	0.0	165384	1159.3532747323295	0.3
1918.3536743042503	300	59.830657840656954	0.0	140881	1078.8188568986466	0.3
1919.9567799363097	300	59.72165679566299	0.0	157671	1109.0010449939664	0.3
1920.9006374689002	300	59.93678032290038	0.0	157812	784.8764727626027	0.3
1922.125728580487	300	59.78972529702118	0.0	163927	1147.0550258792036	0.3
1923.8713828890902	300	59.89941618557326	0.0	137654	890.3091114479166	0.3
1925.6129711413237	300	59.89629465803427	0.0	146754	1003.1215275389881	0.3
1927.1765107453157	300	59.919758218385354	0.0	153938	976.5364396489152	0.3
1928.6147974342468	300	59.89461645609124	0.0	181901	1025.1417622941058	0.3
1929.6634407233785	300	59.764367274844055	0.0	111155	630.2491812471817	0.3
1932.007928411583	750	59.747320484684	0.0	400396	2017.0467901600596	0.3
1934.3345521739075	750	59.684229052543984	0.0	400508	2063.0914321400182	0.75
1936.8051521782645	750	59.78419521545777	0.0	358218	2400.033837086207	0.75
1940.1269653348334	750	59.845071720808726	0.0	400322	2439.123494649048	0.75
1941.8791674577653	750	59.600315490302556	0.0	369834	1744.7562305061626	0.75
1945.0157329594183	750	59.72925568568899	0.0	412837	2371.059804613566	0.75
1947.8366338094572	750	59.88805810918928	0.0	401088	2341.1975764997114	0.75
1951.3906755634878	750	59.784388868943765	0.0	365161	3103.6692402455183	0.75
1955.3772056385767	750	59.79785879385458	0.0	321064	3986.53007508918	0.75
1959.9124341700337	750	59.26263026239755	0.0	361565	4535.228531457033	0.75
1962.4456988825675	750	59.76856346629624	0.0	378327	1994.0667961013091	0.75
1964.448460016066	750	59.97678185776315	0.0	390680	1791.7816085330942	0.75
1966.3115869807295	750	59.59470813791413	0.0	345516	1382.0737198490142	0.75
1968.0126824699253	750	59.93418701572339	0.0	384505	1660.5211221907443	0.75
1970.508132520686	750	59.857249173845645	0.0	372093	1576.9378418777428	0.75
1974.6785758912195	750	59.67078359302037	0.0	438281	3186.4655808252814	0.75
1978.0986833039226	750	59.54921878152296	0.0	398987	2621.5648114974056	0.75
1981.7863081763055	750	59.544677645934286	0.0	393804	3004.541135588672	0.75
1985.608602527639	750	59.60507233866464	0.0	331053	3439.605307269647	0.75
1986.5894020246997	300	59.74601711216632	0.0	118421	859.0552264983188	-0.15000000000000002

