4183.014584315711	750	4.0	15.797987384245365	450283	15797.987384245365	-67.18134575225507
4186.77620288971	300	4.238381426000782	0.0	155580	3761.6185739992175	-0.15000000000000002
4188.306018776686	300	6.708565539023683	0.0	139857	1529.8158869770998	0.3
4190.288780790317	300	8.725803525393273	0.0	155432	1982.762013630411	0.3
4192.216154455455	300	10.798429860255215	0.0	163442	1927.3736651380568	0.3
4196.09813863926	300	10.916445676451254	0.0	126289	3881.984183803962	0.3
4198.284279713275	300	12.730304602435531	0.0	153295	2186.141074015722	0.3
4200.103675237334	300	14.910909078376621	0.0	173849	1819.3955240589114	0.3
4202.236853090206	300	16.777731225503825	0.0	150710	2133.177852872798	0.3
4203.832526458901	300	19.18205785680817	0.0	139105	1595.6733686956513	0.3
4207.551528221488	750	19.46305609422191	0.0	353220	3719.0017625862633	0.3
4211.243265296376	750	19.771319019333536	0.0	405134	3691.7370748883736	0.75
4214.006831847717	750	21.00775246799257	0.0	386351	2763.5665513409645	0.75
4220.367917505825	1200	18.64666680988483	0.0	687371	6361.085658107739	0.75
4225.660697289365	750	17.35388702634432	0.0	337059	5292.779783540511	0.3
4226.964021920296	300	20.050562395414513	0.0	138313	1303.3246309298097	-0.15000000000000002
4229.821355358995	750	21.193228956715576	0.0	360831	2857.3334386989372	0.3
4234.327085040115	1200	20.687499275595023	0.0	581493	4505.729681120552	0.75
4238.143822399539	1200	20.87076191617082	0.0	639204	3816.737359424202	1.2
4241.659347021591	1200	21.355237294118997	0.0	586839	3515.5246220518243	1.2
4245.095776152779	1200	21.91880816293189	0.0	601738	3436.4291311871084	1.2
4250.838759817635	1850	20.175824498075222	0.0	955231	5742.983664856667	1.2000000000000002
4254.587559457355	1200	20.427024858354976	0.0	656471	3748.7996397202423	0.5499999999999999
4257.385594525361	1200	21.6289897903492	0.0	536667	2798.0350680057777	1.2
4261.319947290866	1850	21.69463702484336	0.0	897976	3934.352765505837	1.2000000000000002
4265.263390334875	1850	21.751193980834515	0.0	905935	3943.443044008845	1.85
4269.61662223249	1850	21.397962083219653	0.0	1076599	4353.231897614865	1.85
4273.4012157448	1850	21.613368570909934	0.0	758197	3784.5935123097197	1.85
4279.531201643063	1850	19.483382672647153	0.0	972798	6129.985898262779	1.85
4283.957160575789	1200	19.05742373992007	0.0	641447	4425.958932727083	0.5499999999999999
4289.055438588237	1200	17.959145727471682	0.0	570392	5098.278012448388	1.2
4292.637011232494	750	18.377573083214287	0.0	400322	3581.5726442573923	0.3
4295.534586718279	750	19.47999759742955	0.0	369834	2897.5754857847387	0.75
4299.1366212905705	1200	19.87796302513829	0.0	670129	3602.0345722912602	0.75
4302.733357670948	1200	20.281226644760398	0.0	690253	3596.7363803778912	1.2
4307.217355712312	1850	19.797228603396324	0.0	943942	4483.998041364075	1.2000000000000002
4311.100634363451	1850	19.91394995225773	0.0	728962	3883.278651138591	1.85
4317.05514301009	1850	17.959441305618505	0.0	938587	5954.508646639227	1.85
4321.774241408298	1200	17.240342907411023	0.0	605884	4719.09839820748	0.5499999999999999
4324.964643688203	750	18.04994062750582	0.0	390680	3190.402279905206	0.3
4327.168880057334	750	19.845704258374578	0.0	345516	2204.2363691312435	0.75
4331.331691965159	1200	19.682892350549263	0.0	641452	4162.811907825317	0.75
4335.2626457416245	1200	19.75193857408363	0.0	599477	3930.953776465636	1.2
4339.27674900532	1200	19.737835310387677	0.0	634861	4014.1032636959535	1.2
4343.9448060188615	1200	19.069778296846394	0.0	630203	4668.057013541283	1.2
4351.179899626912	1200	15.83468468879677	0.0	638661	7235.093608049624	1.2
4352.451581299934	300	18.563003015774164	0.0	137507	1271.6816730226062	-0.6000000000000001
4356.035545750355	750	18.979038565354614	0.0	314107	3583.96445041955	0.3

