26079.604277452225	750	4.0	6.607758736420716	450283	6607.758736420716	-27.663362566609077
26081.21538214664	300	6.3888953055802595	0.0	155580	1611.1046944197403	-0.15000000000000002
26082.33734574034	300	9.266931711882483	0.0	139857	1121.9635936977763	0.3
26083.581050082263	300	12.023227369959335	0.0	155432	1243.7043419231486	0.3
26084.836224984792	300	14.768052467430522	0.0	163442	1255.174902528814	0.3
26086.072219467325	300	17.53205798489559	0.0	126289	1235.9944825349344	0.3
26087.1925690428	300	20.411708409423714	0.0	153295	1120.3495754718733	0.3
26088.410280904827	300	23.193996547394562	0.0	173849	1217.7118620291524	0.3
26089.438119142047	300	26.1661583101721	0.0	150710	1027.8382372224632	0.3
26090.677118045307	300	28.927159406911148	0.0	139105	1238.998903260951	0.3
26091.674523781116	300	31.929753671101036	0.0	141840	997.4057358101136	0.3
26093.05492657077	300	34.54935088144765	0.0	156148	1380.402789653389	0.3
26094.221806131765	300	37.38247132045039	0.0	160746	1166.8795609972592	0.3
26095.518812936323	300	40.0854645158922	0.0	179801	1297.0068045581922	0.3
26096.484674803192	300	43.11960264902273	0.0	140051	965.8618668694687	0.3
26097.434554372474	300	46.16972307974019	0.0	138313	949.8795692825433	0.3
26098.619112868753	300	48.985164583461795	0.0	143509	1184.5584962783903	0.3
26101.292842818308	750	50.3114346339055	0.0	372963	2673.729949556295	0.3
26104.50026048377	750	51.104016968447475	0.0	405596	3207.4176654580237	0.75
26105.77257444625	300	53.83170300596406	0.0	140881	1272.3139624834146	-0.15000000000000002
26107.28847414202	300	56.31580331019541	0.0	157671	1515.8996957686445	0.3
26110.049504488106	750	57.554772964107904	0.0	399894	2761.0303460875107	0.3
26112.77706691038	750	58.82721054183212	0.0	401853	2727.5624222757824	0.75
26115.37559087557	750	59.72872265653298	0.0	343800	2598.4878852991405	0.75
26118.652624954506	750	59.670223657007725	0.0	359903	2558.498999525262	0.75
26120.955127511545	300	59.89273991819341	0.0	153938	1277.483738814309	-0.15000000000000002
26123.489529335	300	59.94354841557998	0.0	181901	1949.1915026134322	0.3
26124.89462211248	300	59.62010718726085	0.0	111155	823.4412283191375	0.3
26126.47552982347	300	59.53297910634531	0.0	153605	1087.1280809155428	0.3
26128.967327348837	750	59.569470158701506	0.0	400508	2463.5089476438	0.3
26132.544850231694	750	59.9553530061317	0.0	358218	3114.1171525698105	0.75
26138.303847693627	1200	58.19635554419657	0.0	620283	5758.997461935123	0.75
26142.954302332477	1200	57.54590090534511	0.0	584349	4650.454638851464	1.2
26147.147216767855	750	57.352986469965835	0.0	412837	4192.91443537927	0.3
26151.530021440616	750	56.97018179720188	0.0	401088	4382.804672763955	0.75
26155.48263847855	750	57.017564759271124	0.0	365161	3952.6170379307564	0.75
26158.158259069296	750	58.341944168521344	0.0	321064	2675.620590749776	0.75
26161.5262543071	750	58.97394893071948	0.0	361565	3367.995237801861	0.75
26164.718857990916	750	59.78134524689978	0.0	378327	3192.6036838196924	0.75
26168.532508347336	750	59.96769489047887	0.0	390680	3313.650356420918	0.75
26172.699196834157	750	59.63988257003953	0.0	345516	3327.812320439331	0.75
26176.495079421926	750	59.75137935934447	0.0	384505	3388.5032106950634	0.75
26179.937246201764	750	59.813985657963585	0.0	372093	3437.393701380887	0.75
26183.464160613847	750	59.81791499115044	0.0	438281	2996.070666813148	0.75
26187.03860107698	750	59.9711166322187	0.0	398987	3346.7983589317337	0.75
26190.340089965386	750	59.70919324011714	0.0	393804	3261.923392101567	0.75
26193.7690116355	750	59.964015153209246	0.0	331053	2745.178086907887	0.75
26196.91788299599	750	59.771951264571555	0.0	314107	2692.0638886376887	0.75

