1920.8323137647208	750	4.0	1.3264856678000625	450283	1326.4856678000624	-4.953888371540269
1922.6754147912643	750	6.156898973456267	0.0	398865	1843.1010265437337	0.75
1925.3801974170867	1200	7.452116347633913	0.0	571051	2704.7826258223527	0.75
1927.5763445696052	1200	9.255969195115261	0.0	617681	2196.1471525186516	1.2
1929.1932775674347	1200	11.639036197285783	0.0	652874	1616.9329978294797	1.2
1930.6528613890969	1200	14.17945237562375	0.0	520315	1459.5838216620325	1.2
1932.9887651403071	1850	15.843548624413367	0.0	905515	2335.9037512103832	1.2000000000000002
1937.6577954675456	2850	15.17451829717499	0.0	1638769	4669.03032723838	1.85
1942.3151176056545	2850	14.517196159066003	0.0	1348011	4657.322138108987	2.85
1946.3227137000138	2850	14.509600064706774	0.0	1429765	4007.596094359228	2.85
1949.7499152371313	2850	15.082398527589165	0.0	1354548	3427.20153711761	2.85
1954.2981730808754	2850	14.534140683845242	0.0	1519951	4548.257843743923	2.85
1960.0702228966143	2850	12.762090868106137	0.0	1422919	5772.049815739106	2.85
1965.701968231405	2850	11.130345533315465	0.0	1578343	5631.745334790672	2.85
1969.4294579628304	2850	11.402855801890267	0.0	1231445	3727.489731425197	2.85
1973.7310901214587	2850	11.101223643261754	0.0	1471065	4301.632158628513	2.85
1978.561136782402	2850	10.271176982318613	0.0	1491626	4830.0466609431405	2.85
1982.4927605517578	2850	10.339553212962777	0.0	1358801	3931.6237693558364	2.85
1986.7594808758508	2850	10.072832888869724	0.0	1537156	4266.720324093052	2.85
1990.007661436918	2850	10.824652327802747	0.0	1336050	3248.180561066978	2.85
1993.2509648648106	2850	11.58134889991001	0.0	1415116	3243.303427892737	2.85
1996.5918648157938	2850	12.240448948926904	0.0	1468126	3340.899950983106	2.85
1999.8582861122945	2850	12.974027652426066	0.0	1505760	3266.421296500837	2.85
2003.0264935963494	2850	13.80582016837129	0.0	1323990	3168.207484054777	2.85
2007.789243955683	4300	13.043069809037522	0.0	2186790	4762.750359333766	2.8499999999999996
2011.589828591144	4300	13.242485173576682	0.0	2105231	3800.5846354608407	4.3
2016.6105573030407	4300	12.221756461679954	0.0	2395588	5020.728711896728	4.3
2020.7040728857687	4300	12.128240878951912	0.0	1972048	4093.515582728042	4.3
2025.5641248471081	4300	11.26818891761251	0.0	2134614	4860.0519613394	4.3
2029.803627417921	4300	11.028686346799397	0.0	2164140	4239.502570813115	4.3
2034.2481061433696	4300	10.584207621350895	0.0	2113193	4444.478725448502	4.3
2039.1413158073026	4300	9.690997957417997	0.0	2147852	4893.209663932899	4.3
2047.9457417748972	4300	4.8865719898232385	0.0	2191074	8804.425967594758	4.3
2052.53932304315	1850	4.292990721570322	0.0	1035329	4593.581268252916	-0.6000000000000001
2055.782661380895	1200	5.049652383825018	0.0	690253	3243.3383377453047	0.5499999999999999
2058.4973898593466	1200	6.334923905373996	0.0	598727	2714.728478451022	1.2
2061.0571025754366	1200	7.7752111892838	0.0	487812	2559.712716090196	1.2
2064.0650979651905	1200	8.767215799529932	0.0	575591	3007.9953897538676	1.2
2067.626740264598	1200	9.205573500122238	0.0	605884	3561.642299407694	1.2
2071.705480102934	1200	9.126833661786625	0.0	587506	4078.739838335614	1.2
2074.957245036997	1200	9.875068727723463	0.0	566904	3251.7649340631615	1.2
2078.4480409245984	1200	10.384272840122048	0.0	641452	3490.7958876014145	1.2
2081.53338532619	1200	11.298928438530583	0.0	599477	3085.344401591466	1.2
2085.069310519952	1200	11.763003244768647	0.0	634861	3535.925193761934	1.2
2088.3896384106147	1200	12.442675354105631	0.0	630203	3320.327890663016	1.2
2093.5726673679324	1850	11.259646396788197	0.0	982064	5183.028957317435	1.2000000000000002
2099.7528947618425	2850	9.0794190028776	0.0	1231456	6180.227393910598	1.85
2108.4734975982883	2850	4.3588161664321925	0.0	1364537	8720.602836445407	2.85

