41864.42068882436	750	4.0	2.0234241139416103	450283	2023.4241139416101	-7.950723689948923
41865.35171880939	300	7.06897001496789	0.0	155580	931.0299850321102	-0.15000000000000002
41867.50876371169	750	8.911925112668975	0.0	350812	2157.044902298916	0.3
41869.22069567963	750	11.199993144734822	0.0	382355	1711.9319679341515	0.75
41873.55730167038	1850	10.86338715398137	0.0	996749	4336.605990753453	0.75
41875.759812632896	1200	12.660876191463029	0.0	520315	2202.5109625183413	0.5499999999999999
41879.00132472087	1850	13.419364103492054	0.0	905515	3241.512087970975	1.2000000000000002
41884.4963750481	2850	11.924313776267406	0.0	1638769	5495.050327224649	1.85
41886.80658501172	1850	13.614103812638557	0.0	852833	2310.2099636288476	0.8500000000000001
41891.02438464296	2850	13.396304181398824	0.0	1429765	4217.799631239733	1.85
41895.85227900531	2850	12.568409819043238	0.0	1354548	4827.894362355587	2.85
41899.16103340799	1850	13.25965541637048	0.0	917428	3308.754402672757	0.8500000000000001
41903.72767496324	2850	12.69301386112404	0.0	1422919	4566.6415552464405	1.85
41907.38157068132	1850	13.039118143042511	0.0	1036454	3653.8957180815287	0.8500000000000001
41911.44954046251	2850	12.971148361850116	0.0	1231445	4067.969781192396	1.85
41914.652052510646	1850	13.768636313707772	0.0	923170	3202.512048142344	0.8500000000000001
41919.281114358266	2850	13.1395744660891	0.0	1491626	4629.061847618671	1.85
41923.87169698218	2850	12.548991842172521	0.0	1358801	4590.582623916578	2.85
41927.788785741555	1850	12.631903082798951	0.0	987708	3917.0887593735706	0.8500000000000001
41930.9401974231	1850	13.480491401247676	0.0	923755	3151.4116815512743	1.85
41934.62961198021	2850	13.791076844143115	0.0	1415116	3689.4145571045615	1.85
41939.84595143001	2850	12.574737394332791	0.0	1468126	5216.339449810324	2.85
41943.176607403526	1850	13.244081420826685	0.0	968026	3330.6559735061055	0.8500000000000001
41947.6605891971	2850	12.760099627248206	0.0	1323990	4483.9817935784795	1.85
41950.68370157026	1850	13.736987254079374	0.0	897976	3023.112373168832	0.8500000000000001
41955.84218092446	2850	12.578507899882098	0.0	1480464	5158.479354197277	1.85
41959.862982446044	1850	12.557706378299885	0.0	1076599	4020.8015215822115	0.8500000000000001
41963.008198819436	1850	13.41249000490686	0.0	758197	3145.2163733930247	1.85
41968.81673811706	2850	11.603950707287503	0.0	1498470	5808.539297619357	1.85
41972.42312035803	1850	11.99756846631698	0.0	975811	3606.3822409705213	0.8500000000000001
41975.42139849481	1850	12.999290329531132	0.0	873429	2998.2781367858493	1.85
41978.89905041987	1850	13.521638404471243	0.0	954453	3477.6519250598894	1.85
41983.689071074084	2850	12.731617750256882	0.0	1358081	4790.02065421436	1.85
41986.96375239366	1850	13.456936430676196	0.0	1035329	3274.681319580686	0.8500000000000001
41993.184670822884	2850	11.236018001461439	0.0	1492672	6220.918429214757	1.85
41996.977609553105	1850	11.44307927123782	0.0	943942	3792.9387302236173	0.8500000000000001
41999.33356146791	1850	13.087127356435703	0.0	728962	2355.951914802118	1.85
42003.89920976931	2850	12.521479055037497	0.0	1499009	4565.648301398205	1.85
42006.57479993096	1850	13.845888893386087	0.0	908665	2675.5901616514116	0.8500000000000001
42013.140477561996	2850	11.28021126234979	0.0	1402287	6565.6776310362975	1.85
42016.50258727985	1850	11.918101544495292	0.0	858450	3362.109717854497	0.8500000000000001
42019.936725820524	1850	12.483963003814052	0.0	1025005	3434.1385406812383	1.85
42024.30372269756	1850	12.116966126785757	0.0	886255	4366.996877028296	1.85
42029.27031810762	1850	11.150370716723192	0.0	973972	4966.595410062565	1.85
42035.574089921945	1850	8.846598902400897	0.0	958994	6303.771814322294	1.85
42036.232715974074	750	12.18797285026564	0.0	393804	658.6260521352584	-0.3500000000000001
42039.586525137034	1850	12.834163687304983	0.0	830730	3353.809162960656	0.75
42043.215571842324	1850	13.205116982018614	0.0	846370	3629.0467052863687	1.85

