4223.129573666519	750	4.0	2.0826286555936395	450283	2082.6286555936395	-8.205303219052649
4224.610460454261	300	6.519113212257945	0.0	155580	1480.8867877420548	-0.15000000000000002
4225.8625401535155	300	9.267033513003017	0.0	139857	1252.0796992549272	0.3
4230.8399128448145	1200	8.289660821704038	0.0	617681	4977.3726912989805	0.29999999999999993
4233.863314574726	750	9.266259091792472	0.0	411561	3023.4017299115667	0.3
4237.436467236054	1200	9.693106430463885	0.0	520315	3573.152661328586	0.75
4242.026189967047	1200	9.10338369947169	0.0	561791	4589.722730992194	1.2
4253.851722627244	1200	4.0	2.722148960725952	709534	11825.532660197643	-10.505240531121594
4257.440907331471	300	4.410815295772373	0.0	150710	3589.1847042276268	-0.6000000000000001
4259.4197915376835	300	6.431931089559984	0.0	139105	1978.8842062123895	0.3
4261.45816733897	300	8.393555288273731	0.0	141840	2038.3758012862518	0.3
4266.79827885353	750	7.053443773713483	0.0	405134	5340.111514560249	0.3
4271.157339472916	750	6.694383154327415	0.0	386351	4359.060619386068	0.75
4273.402065554403	300	8.449657072840342	0.0	179801	2244.726081487074	-0.15000000000000002
4277.2952952036	750	8.556427423643383	0.0	337059	3893.2296491969596	0.3
4280.427663910966	750	9.424058716278147	0.0	366214	3132.3687073652363	0.75
4286.075720327418	1200	7.776002299825437	0.0	617242	5648.05641645271	0.75
4289.512198616837	750	8.339524010406606	0.0	372963	3436.4782894188284	0.3
4293.762025052341	750	8.089697574902274	0.0	405596	4249.826435504333	0.75
4297.446329290991	750	8.405393336252653	0.0	350713	3684.304238649621	0.75
4301.570788512162	750	8.280934115082133	0.0	386472	4124.45922117052	0.75
4305.450621566156	750	8.401101061088307	0.0	399894	3879.833053993826	0.75
4310.324195115203	750	7.527527512040959	0.0	401853	4873.573549047347	0.75
4317.106746917307	750	4.744975709937324	0.0	343800	6782.551802103634	0.75
4320.009514490273	300	5.842208136969869	0.0	146754	2902.7675729674556	-0.15000000000000002
4322.441771643975	300	7.409950983268814	0.0	153938	2432.257153701055	0.3
4328.658920550069	750	5.192802077175067	0.0	425781	6217.148906093747	0.3
4329.766502625538	300	8.085220001705835	0.0	111155	1107.5820754692313	-0.15000000000000002
4336.68574076138	750	5.165981865864413	0.0	400396	6919.238135841422	0.3
4338.451556526589	300	7.40016610065515	0.0	149029	1765.815765209264	-0.15000000000000002
4341.968448140959	750	7.883274486286067	0.0	358218	3516.891614369083	0.3
4346.5707707960255	750	7.280951831219356	0.0	400322	4602.32265506671	0.75
4349.761820615138	750	8.089902012106611	0.0	369834	3191.0498191127454	0.75
4353.602937254753	750	8.248785372491419	0.0	412837	3841.1166396151934	0.75
4356.699477031687	750	9.152245595557552	0.0	401088	3096.5397769338665	0.75
4365.746502187952	1200	4.105220439293771	0.0	598727	9047.02515626378	0.75
4367.200096041916	300	6.651626585328945	0.0	131610	1453.593853964826	-0.6000000000000001
4368.275107321676	300	9.576615305569396	0.0	124011	1075.0112797595498	0.3
4372.869962823387	1200	8.98175980385845	0.0	605884	4594.855501710946	0.29999999999999993
4375.503626651966	750	10.348095975279826	0.0	390680	2633.6638285786257	0.3
4378.983672754157	1200	10.868049873088639	0.0	566904	3480.046102191187	0.75
4383.97405017322	1200	9.87767245402594	0.0	641452	4990.377419062699	1.2
4388.277335557449	1200	9.574387069797877	0.0	599477	4303.285384228063	1.2
4393.193635836947	1200	8.658086790299716	0.0	634861	4916.300279498163	1.2
4396.202120593221	750	9.649602034025666	0.0	398987	3008.4847562740497	0.3
4401.9061533708345	1200	7.945569256411409	0.0	638661	5704.032777614256	0.75
4404.330153275767	750	9.521569351480148	0.0	331053	2423.999904931262	0.3
4408.146047444267	1200	9.70567518297944	0.0	550906	3815.8941685007067	0.75

