44293.867364992526	750	4.0	2.905148303948766	450283	2905.148303948766	-11.742137706979694
44294.91065697747	300	6.956708015063269	0.0	155580	1043.291984936731	-0.15000000000000002
44296.06166005531	300	9.805704937221734	0.0	139857	1151.003077841536	0.3
44299.83308111102	1200	10.03428388151318	0.0	617681	3771.421055708554	0.29999999999999993
44303.89853441646	1200	9.96883057607552	0.0	652874	4065.453305437658	1.2
44307.34156916364	1200	10.525795828889832	0.0	520315	3443.034747185689	1.2
44310.31805621396	1200	11.549308778575195	0.0	561791	2976.487050314636	1.2
44315.82598086769	1850	10.041384124842141	0.0	1060487	5507.9246537330555	1.2000000000000002
44318.390920457576	1200	11.476444534952957	0.0	584846	2564.9395898891835	0.5499999999999999
44322.989341402164	1850	10.878023590368823	0.0	913888	4598.420944584135	1.2000000000000002
44327.043890142006	1200	10.823474850522265	0.0	607410	4054.548739846558	0.5499999999999999
44330.255511432995	1200	11.611853559530784	0.0	594078	3211.6212909914816	1.2
44337.437005986896	1850	8.430359005631766	0.0	946851	7181.494553899019	1.2000000000000002
44343.2639754887	750	6.603389503830248	0.0	434409	5826.969501801518	-0.3500000000000001
44345.549755931606	300	8.317609060922623	0.0	140051	2285.780442907624	-0.15000000000000002
44348.381448207714	750	9.485916784815586	0.0	366214	2831.692276107037	0.3
44352.45515438198	1200	9.412210610545953	0.0	617242	4073.706174269633	0.75
44356.91583165132	1200	8.951533341207167	0.0	581493	4460.677269338787	1.2
44359.37443703879	750	10.492927953740324	0.0	405596	2458.6053874668432	0.3
44363.18127092853	1200	10.686094063994279	0.0	586839	3806.833889746045	0.75
44366.4607934937	1200	11.40657149882283	0.0	601738	3279.5225651714486	1.2
44372.10541961692	1850	9.761945375599774	0.0	955231	5644.626123223055	1.2000000000000002
44375.61683662288	1200	10.250528369642995	0.0	656471	3511.4170059567805	0.5499999999999999
44378.50215043415	1200	11.365214558372564	0.0	536667	2885.3138112704314	1.2
44383.46608289617	1850	10.401282096351032	0.0	897976	4963.93246202153	1.2000000000000002
44387.18827218544	1200	10.67909280707702	0.0	590335	3722.1892892740148	0.5499999999999999
44391.931201404936	1200	9.93616358758292	0.0	696376	4742.929219494098	1.2
44395.78542620528	1200	10.08193878724369	0.0	487160	3854.224800339231	1.2
44400.902698913414	1200	8.964666079104958	0.0	622896	5117.272708138731	1.2
44404.39993719799	750	9.467427794535539	0.0	400508	3497.2382845694187	0.3
44409.35115030276	1200	8.516214689769011	0.0	570392	4951.213104766528	0.75
44413.00305770276	750	8.864307289768998	0.0	400322	3651.907400000013	0.3
44415.622761314924	750	10.244603677601816	0.0	369834	2619.7036121671827	0.75
44421.32264699825	1200	8.544717994273288	0.0	670129	5699.885683328529	0.75
44424.86313406674	750	9.004230925784636	0.0	401088	3540.4870684886514	0.3
44430.54032046424	1200	7.327044528277524	0.0	598727	5677.186397507112	0.75
44433.13826483466	750	8.729100157858225	0.0	321064	2597.9443704192986	0.3
44435.824252573446	750	10.043112419078252	0.0	361565	2685.987738779974	0.75
44440.79126380956	1200	9.076101182965147	0.0	605884	4967.011236113104	0.75
44446.99505316481	1200	6.872311827719496	0.0	587506	6203.789355245651	1.2
44450.64134309263	300	7.226021899892414	0.0	147968	3646.289927827082	-0.6000000000000001
44453.44627668686	750	8.42108830566496	0.0	384505	2804.9335942274543	0.3
44455.94070063859	750	9.926664353942371	0.0	372093	2494.4239517225897	0.75
44459.74324980164	1200	10.124115190884659	0.0	634861	3802.5491630577126	0.75
44463.49757501013	1200	10.369789982397196	0.0	630203	3754.3252084874634	1.2
44466.51088245871	1200	11.356482533816576	0.0	638661	3013.3074485806196	1.2
44471.00814620399	1850	10.859218788538922	0.0	830730	4497.2637452776535	1.2000000000000002
44474.861004328835	1200	11.006360663691316	0.0	550906	3852.858124847606	0.5499999999999999

