42045.31413067829	750	4.0	2.098558835975096	450283	2098.558835975096	-8.273802994692913
42046.34274735929	300	6.97138331900328	0.0	155580	1028.61668099672	-0.15000000000000002
42047.39373459973	300	9.92039607856483	0.0	139857	1050.9872404384519	0.3
42052.13752220412	1200	9.176608474178884	0.0	617681	4743.787604385945	0.29999999999999993
42056.286820232446	1200	9.02731044585447	0.0	652874	4149.298028324414	1.2
42059.44537434096	1200	9.868756337342452	0.0	520315	3158.5541085120176	1.2
42062.82898961635	1200	10.485141061953513	0.0	561791	3383.61527538894	1.2
42070.38083125108	1200	6.933299427227985	0.0	709534	7551.841634725527	1.2
42074.575223383945	300	6.738907294356167	0.0	150710	4194.392132871819	-0.6000000000000001
42077.4644603232	300	7.849670355102776	0.0	139105	2889.236939253391	0.3
42087.06768380829	750	4.0	1.7535531299896057	353220	9603.223485092381	-7.240278458955304
42089.5009798875	300	5.566703920788976	0.0	156148	2433.2960792110234	-0.15000000000000002
42092.58653139242	300	6.481152415865208	0.0	160746	3085.5515049237683	0.3
42095.796662786815	300	7.271021021471685	0.0	179801	3210.131394393523	0.3
42101.550457642945	750	5.517226165349849	0.0	337059	5753.794856121836	0.3
42104.30810357489	300	6.759580233398515	0.0	138313	2757.645931951333	-0.15000000000000002
42106.48695012956	300	8.58073367873039	0.0	143509	2178.8465546681246	0.3
42114.91089368587	750	4.156790122423962	0.0	372963	8423.943556306429	0.3
42117.62932784985	300	5.438355958440525	0.0	165384	2718.434163983436	-0.15000000000000002
42119.16445680367	300	7.903227004617067	0.0	140881	1535.1289538234573	0.3
42126.15733515857	750	4.910348649716435	0.0	386472	6992.878354900632	0.3
42128.10139431247	300	6.96628949581421	0.0	157812	1944.0591539022257	-0.15000000000000002
42130.253519762555	300	8.814164045729909	0.0	163927	2152.125450084301	0.3
42135.27372734951	750	7.793956458778486	0.0	343800	5020.207586951423	0.3
42139.107151086566	750	7.960532721714288	0.0	359903	3833.423737064198	0.75
42142.43414944475	750	8.633534363533748	0.0	379700	3326.998358180538	0.75
42146.58036625469	750	8.487317553596933	0.0	425781	4146.2168099368155	0.75
42149.50272717349	750	9.564956634801932	0.0	277716	2922.3609187949996	0.75
42156.85328533099	1200	6.214398477300966	0.0	622896	7350.558157500966	0.75
42158.63479274702	300	8.432891061268181	0.0	149029	1781.5074160327854	-0.6000000000000001
42161.703266031	750	9.364417777288702	0.0	358218	3068.47328397948	0.3
42167.335226506744	1200	7.732457301534868	0.0	620283	5631.960475753833	0.75
42170.76308890583	750	8.304594902453191	0.0	369834	3427.862399081677	0.3
42174.82274411997	750	8.244939688310835	0.0	412837	4059.6552141423563	0.75
42178.84169836687	750	8.225985441412815	0.0	401088	4018.95424689802	0.75
42182.59292877866	750	8.4747550296298	0.0	365161	3751.230411783013	0.75
42185.68689698933	750	9.380786818958063	0.0	321064	3093.9682106717396	0.75
42191.739848816425	1200	7.327834991863712	0.0	575591	6052.95182709435	0.75
42198.75431450783	750	4.313369300460201	0.0	378327	7014.465691403511	0.3
42201.39413366593	300	5.673550142351401	0.0	149991	2639.8191581088	-0.15000000000000002
42203.363112437255	300	7.704571371026443	0.0	147968	1968.978771324959	0.3
42209.85789261487	750	5.2097911934096945	0.0	384505	6494.780177616748	0.3
42211.58556632031	300	7.482117487971098	0.0	145210	1727.6737054385967	-0.15000000000000002
42216.533726939684	750	6.533956868592727	0.0	438281	4948.160619378371	0.3
42217.909330403985	300	9.158353404291983	0.0	167025	1375.6034643007433	-0.15000000000000002
42223.08381513724	1200	7.983868671037627	0.0	638661	5174.484733254356	0.29999999999999993
42226.027023605886	750	9.040660202392374	0.0	331053	2943.2084686452554	0.3
42232.16613728491	1200	6.90154652336443	0.0	550906	6139.113679027943	0.75

