{
    "normal_bw": [
        2.29085714286,
        1.35911287129,
        2.92366833167,
        2.59228543112,
        2.39917623762,
        1.78154455446,
        2.25381386139,
        2.18246336634,
        2.51663073852,
        2.45822222222,
        2.21266204163,
        2.14742057942,
        2.85427326733,
        2.20398431373,
        2.53647152847,
        1.87193650794,
        1.97888511489,
        3.22268514851,
        3.25166033966,
        3.38857482656,
        2.50821178821,
        2.51001783944,
        2.40981418581,
        2.11504459861,
        1.64068118812,
        2.33647571853,
        2.16106666667,
        2.20413465347,
        2.29594405594,
        1.52299702676,
        2.12378613861,
        2.21497029703,
        3.88577822178,
        4.05578867925,
        3.03939260739,
        2.89250793651,
        2.75675247525,
        3.032999001,
        2.81371655104,
        2.36666930693,
        2.13673736373,
        2.34420779221,
        1.99435764236,
        1.87828571429,
        1.81942857143,
        1.99573439049,
        1.85222777223,
        1.8899009901,
        2.21047128713,
        2.25675124875,
        2.26055104063,
        2.72233366633,
        2.19115284715,
        1.5095324165,
        1.93065609514,
        1.72565776459,
        1.95234886026,
        1.8084955045,
        1.87642418236,
        1.83036163836,
        1.7855372549,
        2.0933518335,
        1.88616600791,
        2.04114285714,
        1.7056950495,
        1.5196963037,
        1.4362259663,
        1.7011960396,
        1.55703496503,
        1.65395093229,
        1.33728316832,
        1.40863366337,
        1.41000784314,
        1.3977980198,
        1.10523564356,
        0.834344554455,
        0.909293768546,
        0.719576054956,
        0.541782178218,
        0.52460990099,
        1.02938613861,
        0.931865346535,
        0.91700091659,
        1.04022178218,
        0.933714285714,
        1.04022178218,
        1.2505980198,
        0.753628742515,
        0.673142857143,
        1.36329458128,
        0.769330693069,
        0.568519480519,
        0.698096172718,
        0.535673786408,
        0.643764705882,
        0.637514563107,
        0.569216879293,
        0.349508982036,
        0.393898832685,
        0.476768316832
    ],
    "normal_time": [
        1.01,
        2.011,
        3.02,
        4.03,
        5.04,
        6.05,
        7.06,
        8.062,
        9.07,
        10.079,
        11.08,
        12.09,
        13.11,
        14.111,
        15.119,
        16.12,
        17.13,
        18.131,
        19.14,
        20.141,
        21.15,
        22.151,
        23.16,
        24.17,
        25.17,
        26.189999999999998,
        27.200000000000003,
        28.200999999999993,
        29.209999999999994,
        30.22,
        31.230000000000004,
        32.230999999999995,
        33.291,
        34.292,
        35.3,
        36.31,
        37.31099999999999,
        38.31999999999999,
        39.33,
        40.339,
        41.34,
        42.340999999999994,
        43.349000000000004,
        44.349999999999994,
        45.358999999999995,
        46.36,
        47.370000000000005,
        48.379999999999995,
        49.381,
        50.381,
        51.382000000000005,
        52.382999999999996,
        53.400999999999996,
        54.41,
        55.42099999999999,
        56.42999999999999,
        57.431,
        58.44,
        59.441,
        60.461,
        61.47,
        62.482,
        63.489999999999995,
        64.5,
        65.501,
        66.51,
        67.52,
        68.521,
        69.53999999999999,
        70.55,
        71.56,
        72.58,
        73.59,
        74.6,
        75.6,
        76.61100000000002,
        77.63,
        78.64000000000001,
        79.65,
        80.66,
        81.67000000000002,
        82.761,
        83.77100000000002,
        84.78,
        85.79000000000002,
        86.80000000000001,
        87.80200000000002,
        88.81,
        89.82500000000002,
        90.83500000000001,
        91.83600000000001,
        92.85500000000002,
        93.88500000000002,
        94.905,
        95.935,
        96.95500000000001,
        97.957,
        98.98500000000001,
        99.995,
        100.995
    ],
    "normal_params": 1.204292933346438,
    "anomaly_patterns": {
        "0": {
            "bw": [
                2.336,
                2.273,
                2.211,
                2.195,
                2.211,
                2.336,
                2.273,
                2.203,
                2.195,
                2.211,
                2.336,
                2.273,
                2.211,
                2.195,
                2.211,
                2.734,
                2.664,
                2.602,
                2.602,
                2.609,
                2.109,
                2.031,
                1.977,
                1.961,
                1.969
            ],
            "params": 1.288139222082393
        }
    },
    "pending_badcases": []
}