{
    "normal_bw": [
        2.00459405941,
        2.07088911089,
        2.43650793651,
        2.65673526474,
        2.60660939061,
        2.68355996036,
        2.69990108803,
        2.94679365079,
        2.80208423115,
        2.66766833167,
        2.38222222222,
        2.46419009901,
        2.31141658342,
        2.78793206793,
        2.69440634291,
        2.60763528246,
        2.81433766234,
        2.66186719524,
        2.46946796117,
        2.83166433566,
        2.51914485514,
        2.67536507937,
        2.74591683168,
        2.94553446553,
        2.64017443013,
        2.36050793651,
        2.42074725275,
        2.24970465808,
        1.71203168317,
        1.69653914767,
        1.82221351616,
        1.51065346535,
        1.60526461843,
        1.31431058358,
        2.13673736373,
        1.73648269041,
        2.02261738262,
        1.76161744301,
        1.888,
        2.12101498501,
        1.98939147671,
        2.06960792079,
        1.91157227723,
        2.17162772277,
        1.98494117647,
        1.87906534653,
        2.09669019608,
        2.25381386139,
        1.72103096903,
        2.06081268583,
        1.77246382557,
        1.78436968577,
        2.13885714286,
        1.99435764236,
        2.29735619048,
        2.50551437066,
        2.12555444555,
        2.77033102081,
        2.38794805195,
        2.74685714286,
        2.47541258741,
        2.49728671329,
        2.70525272547,
        2.61848166501,
        1.59203659652,
        1.62296183206,
        1.93257142857,
        1.77978239367,
        2.04448351648,
        2.15865479723,
        2.33954137587,
        2.46515370019,
        1.81488911089,
        2.46447952048,
        2.59421782178,
        2.00836898921,
        2.03076435644,
        2.12101498501,
        1.24099108028,
        1.90235364635,
        1.7399246779,
        1.92240792079,
        2.15381418581,
        1.90262041625,
        2.08044356436,
        1.42396039604,
        1.86742857143,
        1.42441516966,
        1.0944,
        0.693481188119,
        0.849679207921,
        0.9576,
        0.300423529412,
        0.456885436893,
        0.912885375494,
        0.727428571429,
        0.318757281553,
        0.292852329039,
        0.59596039604,
        0.725270029674,
        2.35366501487,
        2.13437924152,
        2.71072601385,
        2.15636146971,
        3.09405794206,
        3.10953046953,
        3.40279365079,
        2.93460939061,
        2.72424554455,
        2.32562933598,
        2.07088911089,
        1.96540922473,
        1.02443495146,
        1.69462537463,
        1.29653814602,
        1.92421978022,
        1.70738553023,
        1.78788118812,
        1.15307722772,
        1.47218991098,
        2.74873926074,
        2.520864222,
        2.56670658683,
        2.09993650794,
        2.00023785927,
        2.66766833167,
        2.39888111888,
        2.03479365079,
        2.01786081983,
        2.45994005994,
        2.62847552448,
        2.44262137862,
        2.23158714703,
        2.11008191808,
        2.16928671329,
        2.2383670265,
        2.55833766234,
        3.27352647353,
        3.42790863952,
        3.27352647353,
        3.45938861139,
        3.72632167832,
        2.92123529412,
        3.19245554446,
        2.81963708873,
        2.70513034826,
        2.51663073852,
        1.68693641618,
        0.200452830189,
        2.10211485149
    ],
    "normal_time": [
        1.001,
        2.009,
        3.01,
        4.011,
        5.02,
        6.031,
        7.039,
        8.06,
        9.061,
        10.069,
        11.079,
        12.08,
        13.081,
        14.09,
        15.099,
        16.1,
        17.109,
        18.139,
        19.14,
        20.141,
        21.149,
        22.159,
        23.16,
        24.169,
        25.169,
        26.170000000000005,
        27.179000000000006,
        28.189000000000004,
        29.198000000000004,
        30.219000000000005,
        31.229000000000003,
        32.238,
        33.24900000000001,
        34.25800000000001,
        35.269000000000005,
        36.269999999999996,
        37.278999999999996,
        38.319,
        39.31999999999999,
        40.32899999999999,
        41.339,
        42.349000000000004,
        43.358999999999995,
        44.379000000000005,
        45.388999999999996,
        46.409000000000006,
        47.419,
        48.42,
        49.429,
        50.429,
        51.510999999999996,
        52.519000000000005,
        53.519999999999996,
        54.56999999999999,
        55.58,
        56.581,
        57.59,
        58.590999999999994,
        59.599000000000004,
        60.599999999999994,
        61.601,
        62.61,
        63.619,
        64.712,
        65.76,
        66.769,
        67.78,
        68.781,
        69.792,
        70.795,
        71.849,
        72.85,
        73.851,
        74.861,
        75.861,
        76.871,
        77.872,
        78.88099999999999,
        79.88199999999999,
        80.891,
        81.901,
        82.902,
        83.91099999999999,
        84.921,
        85.931,
        86.93900000000001,
        87.94099999999999,
        88.97099999999999,
        89.98100000000001,
        90.991,
        92.03099999999999,
        93.051,
        94.081,
        95.093,
        96.10099999999998,
        97.13099999999999,
        98.14,
        99.14999999999999,
        100.16099999999999,
        101.16099999999999,
        102.163,
        103.17399999999999,
        104.181,
        105.18199999999997,
        106.18299999999998,
        107.19099999999999,
        108.192,
        109.20199999999998,
        110.211,
        111.21199999999997,
        112.23099999999998,
        113.26099999999998,
        114.26199999999999,
        115.48099999999998,
        116.48199999999999,
        117.49099999999997,
        118.50099999999999,
        119.51099999999998,
        120.52199999999998,
        121.52299999999998,
        122.532,
        123.534,
        124.54199999999999,
        125.551,
        126.551,
        127.55199999999998,
        128.56,
        129.60899999999998,
        130.60999999999996,
        131.611,
        132.61199999999997,
        133.63899999999995,
        134.64,
        135.64099999999996,
        136.65999999999997,
        137.661,
        138.66199999999998,
        139.66899999999998,
        140.66999999999996,
        141.671,
        142.67199999999997,
        143.76,
        144.76099999999997,
        145.76399999999995,
        146.76899999999995,
        147.77099999999996,
        148.80899999999997,
        149.86899999999997,
        150.87899999999996,
        151.87899999999996
    ],
    "normal_params": 0.47405640339536215,
    "anomaly_patterns": {
        "0": {
            "bw": [
                2.336,
                2.273,
                2.211,
                2.195,
                2.211,
                2.703,
                2.625,
                2.57,
                2.562,
                2.57,
                2.461,
                2.398,
                2.344,
                2.328,
                2.344,
                2.703,
                2.625,
                2.562,
                2.562,
                2.562,
                2.703,
                2.625,
                2.57,
                2.562,
                2.57
            ],
            "params": 0.7260415653287655
        }
    },
    "pending_badcases": []
}