{
    "normal_bw": [
        0.14521859545,
        0.27625631068,
        0.202075801749,
        0.497946587537,
        0.697411764706,
        1.21359207921,
        0.508737254902,
        0.526153846154,
        0.669390291262,
        0.769330693069,
        1.18237181996,
        2.14971428571,
        2.13435528942,
        2.04645286686,
        1.67316923077,
        2.39888111888,
        1.70457142857,
        1.10877922078,
        0.112691968226,
        2.14591452991,
        0.336237859267,
        1.2573026973,
        1.91346679881,
        2.23034565435,
        2.53076236663,
        2.7763539823,
        3.032999001,
        3.37192407592,
        3.25111198428,
        3.26259340659,
        3.32349653122,
        2.42683150548,
        2.60194637537,
        2.62847552448,
        2.48250340136,
        3.02394074074,
        4.47616383616,
        4.86975424575,
        4.37137262737,
        4.7646633565,
        3.76551448551,
        3.17512087912,
        2.73779187314,
        2.30393657086,
        2.13003076923,
        2.97379420579,
        1.91346679881,
        2.68314085914,
        2.66954091816,
        2.66500598802
    ],
    "normal_time": [
        1.03,
        2.059,
        3.07,
        4.09,
        5.1,
        6.12,
        7.16,
        8.19,
        9.2,
        10.222,
        11.23,
        12.232,
        13.261,
        14.301,
        15.302,
        16.31,
        17.311,
        20.71,
        21.88,
        22.889,
        23.89,
        24.899,
        25.9,
        26.931,
        27.931,
        28.932,
        29.933000000000003,
        30.951000000000004,
        31.952,
        32.961,
        33.964,
        34.971000000000004,
        35.97200000000001,
        37.001000000000005,
        38.081,
        39.081999999999994,
        40.083,
        41.084,
        42.090999999999994,
        43.092,
        44.093,
        45.102000000000004,
        46.111000000000004,
        47.150999999999996,
        48.152,
        49.161,
        50.16199999999999,
        51.164,
        52.166,
        53.166
    ],
    "normal_params": 0.5461888724346092,
    "anomaly_patterns": {
        "0": {
            "bw": [
                0.484,
                0.5,
                0.492,
                0.516,
                0.539,
                0.711,
                0.711,
                0.711,
                0.742,
                0.758,
                1.766,
                1.727,
                1.703,
                1.719,
                1.727,
                1.5,
                1.484,
                1.461,
                1.469,
                1.484,
                1.758,
                1.719,
                1.688,
                1.703,
                1.703
            ],
            "params": 1.0333211889941292
        }
    },
    "pending_badcases": []
}