{
    "normal_bw": [
        2.48688111888,
        2.7616152381,
        1.6792007992,
        1.53615184815,
        1.77990882061,
        2.07000999001,
        1.63584257603,
        2.18672527473,
        2.07296729435,
        2.02433234421,
        1.19267393459,
        1.19192079208,
        0.368047477745,
        0.381401980198,
        0.869082352941,
        0.406753246753,
        0.390469772052,
        0.253333333333,
        0.352049122807,
        1.56333926805,
        1.24029335976,
        1.49783016983,
        1.37218217822,
        1.43633267327,
        1.65703896104,
        2.07843012884,
        2.62393606394,
        1.57075904542,
        1.37328185328,
        0.915633466135,
        0.739556435644,
        1.11585882353,
        1.46587313433,
        2.18012289395,
        1.92163168317,
        2.40308235294,
        2.29594405594,
        1.88788265746,
        2.36154245754,
        1.86635247525,
        2.35133465347,
        2.02408791209,
        2.52962237762,
        2.43927849356,
        2.21557978196,
        2.15951227773,
        2.17616,
        2.01943529412,
        2.29594405594,
        1.81961238761,
        2.12569744597,
        2.38384158416,
        1.98198019802,
        1.98292277228,
        1.45054005935,
        1.36529108911,
        0.960959365709,
        0.833519287834,
        0.715152475248,
        0.3648,
        0.465932673267,
        0.343341176471,
        0.315692307692,
        0.216712871287,
        0.225317647059,
        0.229594405594,
        0.220984615385,
        0.292562376238,
        0.214588235294,
        0.660769101595,
        1.28095841584,
        1.06380819181,
        1.25899702676,
        1.43299100899,
        1.40910758966,
        1.90746138614,
        2.52553846154,
        2.05651948052,
        2.45944651619,
        1.97026173826,
        2.47297522299,
        1.9860215475,
        4.69679356568,
        1.12523342939,
        1.37744655345,
        0.951066666667,
        1.20713371616,
        1.32228118812,
        1.06937657658,
        1.10451538462,
        1.36744055944,
        1.33262574257,
        1.12004030227,
        1.3935984016,
        1.54906693307,
        0.987989628349,
        1.0901760633,
        1.17138861139,
        0.909655629139,
        1.23935841584,
        1.11331389699,
        1.42702135922,
        1.46190654206,
        1.51161638362,
        0.976107692308,
        0.927552447552,
        0.942468832309,
        1.34807920792,
        0.921369369369,
        1.41897029703,
        1.5078041958,
        1.78016383616,
        1.85616666667,
        1.83248751249,
        1.54743333333,
        1.84557100881,
        2.20216738568,
        2.38927731092,
        1.98796831683,
        1.91095004897,
        2.35930196078,
        2.29108605341,
        1.93398612488,
        2.101256917,
        1.72392857143
    ],
    "normal_time": [
        1.05,
        2.051,
        3.052,
        4.061,
        5.062,
        6.18,
        7.181,
        8.19,
        9.201,
        10.21,
        11.22,
        12.231,
        13.241,
        14.261,
        15.262,
        16.271,
        17.351,
        18.491,
        19.502,
        20.511,
        21.512,
        22.522,
        23.532,
        24.533,
        25.533,
        26.534000000000006,
        27.832999999999984,
        28.868999999999986,
        29.873000000000005,
        30.882999999999996,
        31.903000000000006,
        32.97500000000001,
        33.983999999999995,
        34.993999999999986,
        36.013999999999996,
        37.015,
        38.17399999999999,
        39.175,
        40.18499999999999,
        41.19500000000001,
        42.195999999999984,
        43.19699999999999,
        44.206,
        45.21499999999999,
        46.396,
        47.495999999999995,
        48.68599999999999,
        49.687,
        50.688,
        51.688,
        52.69799999999999,
        53.707999999999984,
        54.718,
        55.729,
        56.73899999999999,
        57.748000000000005,
        58.759,
        59.76899999999999,
        60.789,
        61.79899999999999,
        62.819,
        63.858999999999995,
        64.86899999999999,
        65.889,
        66.89,
        67.92999999999999,
        68.93999999999998,
        69.96,
        71.151,
        72.16099999999999,
        73.16199999999999,
        74.171,
        75.17199999999998,
        76.371,
        77.371,
        78.372,
        79.37299999999998,
        80.39199999999998,
        81.39299999999999,
        82.402,
        83.42299999999999,
        84.54199999999999,
        85.58299999999998,
        86.58399999999999,
        87.724,
        88.943,
        89.95299999999999,
        91.063,
        92.103,
        93.104,
        94.11399999999999,
        95.30499999999999,
        96.306,
        97.307,
        98.46399999999998,
        99.47499999999998,
        100.47599999999998,
        101.68399999999998,
        102.694,
        103.694,
        104.72399999999998,
        105.79399999999997,
        106.795,
        107.83499999999997,
        108.836,
        109.97500000000001,
        110.985,
        112.09499999999996,
        113.105,
        114.10599999999998,
        115.10699999999996,
        116.115,
        117.11599999999997,
        118.31599999999996,
        119.33699999999997,
        120.49599999999997,
        121.68599999999996,
        122.69599999999996,
        123.71699999999997,
        124.73700000000001,
        125.74799999999998,
        126.75699999999999,
        127.76899999999999,
        128.777,
        129.777
    ],
    "normal_params": 1.1224255863223802,
    "anomaly_patterns": {
        "0": {
            "bw": [
                2.0,
                1.953,
                1.906,
                1.914,
                1.914,
                2.109,
                2.031,
                1.977,
                1.961,
                1.969,
                0.742,
                0.742,
                0.742,
                0.773,
                0.797,
                0.711,
                0.711,
                0.711,
                0.742,
                0.758,
                1.523,
                1.5,
                1.477,
                1.484,
                1.492
            ],
            "params": 0.8813765480763516
        }
    },
    "pending_badcases": []
}