{
    "normal_bw": [
        1.36785614386,
        1.65949653122,
        1.4788379513,
        1.57112213039,
        1.36445053869,
        1.29954724041,
        1.76965468887,
        1.72322669284,
        1.81722264151,
        1.68943213988,
        2.45128245788,
        2.12058341658,
        1.2691147541,
        1.96436363636,
        1.84563272411,
        1.65227299703,
        2.16474725275,
        1.44240210711,
        2.39531668332,
        2.06282656095,
        1.78455910267,
        2.21163243243,
        2.15249010368,
        2.33942857143,
        1.8636969697,
        2.06503865213,
        2.55061876248,
        3.30057142857,
        2.01798201798,
        3.15629732408,
        2.90430188679,
        2.81737188435,
        2.50494545455,
        2.97379420579,
        2.56944655345,
        2.23932539683,
        2.37163636364,
        2.937562316,
        3.20109490509,
        3.22881918082,
        3.3058148457,
        3.07934693878,
        3.03530869131,
        2.96625396825,
        1.73242502483,
        1.89666932271,
        1.23725668979,
        1.02539099099,
        1.15826706231,
        1.2598515962
    ],
    "normal_time": [
        1.009,
        2.2,
        3.289,
        4.31,
        5.379,
        6.52,
        7.539,
        8.599,
        9.8,
        10.809,
        11.81,
        12.969,
        13.97,
        15.119,
        16.13,
        17.131,
        18.27,
        19.271,
        20.28,
        21.439,
        22.549,
        23.61,
        24.611,
        25.799,
        26.799,
        27.80100000000001,
        28.80899999999999,
        29.809999999999995,
        30.81899999999998,
        31.825999999999986,
        32.829,
        33.928999999999995,
        34.93,
        35.931000000000004,
        36.938999999999986,
        37.93999999999999,
        38.958999999999996,
        39.96,
        40.961000000000006,
        42.15999999999999,
        43.188999999999986,
        44.18999999999999,
        45.198,
        46.205000000000005,
        47.208999999999996,
        48.21799999999998,
        49.327999999999996,
        50.33899999999999,
        51.49799999999998,
        52.49799999999998
    ],
    "normal_params": 0.46948606972546314,
    "anomaly_patterns": {
        "0": {
            "bw": [
                1.523,
                1.5,
                1.477,
                1.484,
                1.5,
                1.742,
                1.703,
                1.68,
                1.695,
                1.703,
                1.961,
                1.93,
                1.898,
                1.914,
                1.922,
                2.086,
                2.008,
                1.953,
                1.945,
                1.945,
                2.109,
                2.031,
                1.977,
                1.961,
                1.969
            ],
            "params": 0.6821283818878753
        }
    },
    "pending_badcases": []
}