{
  "normal_bw": [
    2.01664158416,
    2.46459607843,
    0.813949514563,
    1.34902524272,
    0.933698081735,
    1.23376623377,
    1.54571900826,
    1.50015533981,
    1.50082735043,
    1.57760524161,
    1.71167430025,
    2.63223952096,
    1.97557142857,
    1.3800152381,
    1.86596603397,
    1.94413465347,
    1.61984861228,
    2.15739333333,
    2.04160639361,
    1.95630769231,
    2.10909233792,
    1.67218381618,
    1.78255344655,
    2.07508424182,
    2.05191608392,
    2.07346825397,
    2.14668249258,
    1.93353483808,
    1.98062385321,
    1.99823423423,
    1.99067029973,
    2.00419647822,
    2.07221798365,
    2.03795404595,
    2.05678321678,
    1.87774603175,
    2.14841158841,
    2.06411892963,
    2.38384158416,
    2.07501288404,
    1.73791115499,
    1.52150943396,
    0.875786138614,
    1.86955444555,
    2.73757442557,
    2.96376610505,
    2.67715643564,
    3.82428771229,
    3.58695704296,
    3.43727744511,
    1.64701782178,
    1.59771881188,
    1.10523564356,
    1.59905788423,
    3.02758597663,
    2.93151648352,
    2.9422017982,
    2.76936507937,
    2.80266666667,
    2.72209174312,
    2.27037023915,
    3.00659340659,
    2.57243556444,
    2.09940138751,
    3.03170196078,
    3.20575424575,
    2.81603196803,
    2.67180933466,
    2.92442307692,
    3.00359281437,
    2.19992063492,
    2.53647152847,
    0.939116781158,
    1.44316483516,
    1.42149094376,
    1.49783016983,
    1.10048351648,
    1.56803140334,
    1.51263073852,
    1.66620854022,
    1.90707326733,
    1.13201584158,
    1.26777029703,
    0.830233766234,
    0.976174430129,
    0.647226666667,
    1.10423976024,
    1.6121308226,
    1.29588582303,
    2.52553846154,
    2.72018381618,
    2.65756504469,
    2.2764225074,
    1.9956305859,
    1.3613006856,
    1.49884638256,
    1.20707925569,
    1.79477189605,
    2.10431168831,
    1.83589174185
  ],
  "normal_time": [
    1.02,
    2.05,
    3.08,
    4.279,
    5.28,
    6.49,
    7.52,
    8.69,
    9.911,
    11.09,
    12.092,
    13.1,
    14.15,
    15.151,
    16.161,
    17.35,
    18.55,
    19.551,
    20.552,
    21.57,
    22.571,
    23.572,
    24.581,
    25.582,
    26.582,
    27.593,
    28.612000000000002,
    29.702,
    30.812,
    31.913,
    32.992000000000004,
    34.093,
    35.093999999999994,
    36.095,
    37.102999999999994,
    38.104,
    39.113,
    40.123000000000005,
    41.132000000000005,
    42.144999999999996,
    43.152,
    44.162000000000006,
    45.163,
    46.164,
    47.173,
    48.18300000000001,
    49.184,
    50.185,
    51.187,
    52.187,
    53.19699999999999,
    54.206999999999994,
    55.20899999999999,
    56.407,
    57.40799999999999,
    58.40899999999999,
    59.41699999999999,
    60.428,
    61.51799999999999,
    62.64699999999999,
    63.647999999999996,
    64.64899999999999,
    65.65799999999999,
    66.678,
    67.67899999999999,
    68.67999999999999,
    69.687,
    70.72699999999999,
    71.72899999999998,
    72.737,
    73.73799999999999,
    74.75699999999999,
    75.758,
    76.80699999999999,
    77.80699999999999,
    78.80799999999999,
    79.827,
    80.82899999999998,
    81.83599999999998,
    82.846,
    83.856,
    84.86599999999999,
    85.86699999999999,
    86.876,
    88.076,
    89.077,
    90.08599999999998,
    91.137,
    92.138,
    93.13899999999998,
    94.14599999999999,
    95.15899999999999,
    96.166,
    97.18699999999998,
    98.196,
    99.64699999999999,
    100.68599999999998,
    101.68699999999998,
    103.12799999999999,
    104.12799999999999
  ],
  "normal_params": 0.0,
  "anomaly_patterns": {
    "0": {
      "bw": [
        1.352,
        1.336,
        1.32,
        1.336,
        1.359,
        1.523,
        1.508,
        1.477,
        1.484,
        1.5,
        1.906,
        1.875,
        1.844,
        1.867,
        1.875,
        2.0,
        1.938,
        1.883,
        1.891,
        1.898,
        2.008,
        1.938,
        1.883,
        1.883,
        1.883
      ],
      "params": 0.30187435135741425
    }
  },
  "pending_badcases": []
}