{
    "normal_bw": [
        2.9767032967,
        2.0042259663,
        1.72651881188,
        1.16030039526,
        1.36653093812,
        1.37865209472,
        2.17497453311,
        2.1737749775,
        2.84322877123,
        2.73333866134,
        2.00028648165,
        2.32231222123,
        2.70135686275,
        3.49111377246,
        2.89757285429,
        3.21053677932,
        2.84084924175,
        3.87375824176,
        2.9962268431,
        3.1849030969,
        1.48724875125,
        1.80571868979,
        1.07037125749,
        3.10612961117,
        2.51315084915,
        3.3606504065,
        4.03272654691,
        2.8528857994,
        2.49329454545,
        3.57893306693,
        3.43605194805,
        2.84266930693,
        3.50761188119,
        2.36851097804,
        1.97140279938,
        2.70599401795,
        2.77797815293,
        3.13819560878,
        2.87766336634,
        2.64632967033,
        4.16453146853,
        2.65860575968,
        3.49257142857,
        3.48114285714,
        3.11596575342,
        3.41984031936,
        3.5007049505,
        2.86325470763,
        3.06170629371,
        4.0217005988,
        0.479539015606,
        0.157394422311,
        0.482823529412,
        0.475314285714,
        0.628467326733,
        0.344852641335,
        0.176516129032,
        1.07696222664,
        1.45594411178,
        1.32781636727,
        1.28511909263,
        1.60314455446,
        1.70928542914,
        1.96643650794,
        2.14951448551,
        2.09900392157,
        2.17166833167,
        1.13402380952,
        1.82042124212,
        1.51699009901,
        1.1422776204,
        1.58529470529,
        2.08505094905,
        2.20502453386,
        1.60338217822,
        1.45197623762,
        0.551352177235,
        1.4180652819,
        1.65785346535,
        1.48448316832,
        1.09398601399,
        1.49531881188,
        1.22924435721,
        1.12871928072,
        1.49783016983,
        0.911920713578,
        1.49531881188,
        0.676082433759,
        1.0824925816,
        1.34206923838,
        1.70288206145,
        1.13141164857,
        1.14884086444,
        0.846547595682,
        1.31196803197,
        0.915258096173,
        1.5196963037,
        1.44309426628,
        1.04136068376,
        1.14857821782,
        1.64523752495,
        1.68634920635,
        1.12610589411,
        1.33900990099,
        1.67134985134,
        2.11621178821,
        1.74039008264,
        1.76941176471,
        1.68477623762,
        1.6005254902,
        1.11781747573,
        1.31196803197,
        0.987774033697,
        1.0216023976,
        1.44989205103,
        1.12248551449,
        1.76620990099,
        1.05730116175,
        1.23526336634,
        0.90457029703,
        0.944375624376,
        1.13887016848,
        1.0103036239,
        1.13903589744,
        1.38409411765,
        0.488761165049,
        0.852918811881,
        1.04989720469,
        2.11625346535,
        1.84926495726,
        2.01916031887,
        2.00103096903,
        1.68131485149,
        1.73596003996,
        1.95466928361,
        1.19484515485,
        1.02168544996,
        1.01929411765,
        0.753837623762,
        0.910194059406,
        0.606796039604,
        0.769330693069,
        1.01532190476,
        1.0944,
        0.987105882353,
        0.712695304695,
        0.943635282458,
        0.866851485149,
        0.72587184466,
        0.707447600392,
        1.11695387635,
        0.728055335968,
        0.575050049068,
        0.107294117647,
        0.13853164557,
        0.783247058824,
        0.673702970297,
        1.11982521008,
        0.234966143683,
        0.934374877331,
        0.428607142857,
        0.347261538462,
        0.872094038623,
        0.70794511703,
        0.500403048264,
        0.883279207921,
        0.37706732551,
        0.53572027972,
        1.25037362637,
        0.935269155206,
        0.937473501303,
        1.1628090999,
        1.32779026217,
        1.06252947053,
        1.23543656344,
        1.54575824176,
        1.71203168317,
        0.382123076923,
        1.59622777223,
        0.316945319741,
        0.954917647059,
        1.04466391412,
        1.06084272997,
        1.77816583417,
        1.85124480578,
        1.59126409496,
        0.93935887412,
        0.513854145854,
        1.79302297702,
        0.943849206349,
        1.45777081293,
        0.799033663366,
        1.58357185332,
        1.83233234421,
        1.41053346653,
        1.60308424182,
        1.59573861386,
        1.14961568627,
        2.05218867925,
        1.62065454545,
        2.16674603175,
        1.6756,
        3.18640559441,
        3.40007992008,
        2.97275718533,
        0.371446516192,
        0.416914285714,
        0.642636283961,
        0.923499515034,
        0.811020812686,
        0.92102970297,
        0.281685414681,
        2.62166520596,
        3.03261359223,
        3.08750499002,
        4.19457992565,
        3.04623376623,
        3.20333465347,
        2.84977425743,
        4.41345742574,
        3.2309147571,
        3.70579009901,
        2.3088041415,
        2.8556963037,
        2.54162140733,
        2.20777037037,
        2.26314485514,
        1.05247410009,
        0.126276923077,
        0.143789781022,
        0.149187925998,
        0.138032432432,
        0.525226248776,
        1.43633300686,
        0.557161290323,
        0.679355965082,
        0.145807586586,
        0.223564202335,
        0.177415215399,
        0.618243805748,
        0.520273684211,
        0.115753846154,
        0.134345609065,
        0.782593333333,
        0.490513207547,
        0.81808,
        1.2546785361,
        1.23568681863,
        0.90502970297,
        0.961070929071,
        0.322226086957,
        0.209655172414,
        0.221410404624,
        0.133281096964,
        0.225538763494,
        0.141846460618,
        0.154867924528,
        0.179665228645,
        0.107785259327,
        0.241334611697,
        0.120203508772,
        0.168693641618,
        0.175918781726,
        0.128879293425,
        0.141555375909,
        0.141988023952,
        0.14212987013,
        0.103833017078,
        0.102280373832,
        0.100495867769,
        0.27181194907,
        1.29958431373,
        0.910137488543,
        1.3654214876,
        1.45699009901,
        1.4184920354,
        1.80836763237,
        1.97607192807,
        2.08119722498,
        2.76136635354,
        2.78516192345,
        1.65933266733,
        2.53847373637,
        2.39527058824,
        2.8087992008,
        2.31533795837,
        1.87271216617,
        1.54600594648,
        1.15643893805,
        1.50615445545,
        1.58529470529,
        2.23474331021,
        2.72233366633,
        1.44041609421,
        2.63486913087,
        2.40841519926,
        1.56342857143,
        2.48983762376,
        2.56572252252,
        2.86446353646,
        1.37779365079,
        2.7114005994,
        2.40571656687,
        2.37880948738,
        0.251209580838,
        2.48092639843,
        1.14770915958,
        2.11008191808,
        2.25005940594,
        2.50475428571,
        1.78353583618,
        2.29118731417,
        3.46578221778,
        2.40007192807,
        2.51455969436,
        2.00075124875,
        3.05250693069,
        3.30178621379,
        2.71776412289,
        2.10349306931,
        1.64702585488,
        1.8943620178,
        2.07266534653,
        2.29779230769,
        2.30687712288,
        3.37831768232,
        1.90347252747,
        2.93142857143,
        2.22953183154,
        2.92510689311,
        2.2361138371,
        2.16348451548,
        1.61544990177,
        2.49598401598,
        1.73139187913,
        2.940995005,
        2.27211988012,
        0.625785714286,
        2.13072907291,
        1.39462923977,
        2.06960792079,
        2.0008,
        2.0228971029,
        1.11164122137,
        1.4212987013,
        2.68458160237,
        2.34721902874,
        2.75513286713,
        2.01257714762,
        2.04793663366,
        1.40956200528,
        1.60716083916,
        2.32874325674,
        1.86168483647,
        1.66751236749,
        2.38857142857,
        1.52509306931,
        2.15381418581,
        1.92772249752,
        1.69692592593,
        2.08821578422,
        1.76930693069,
        1.71138156591,
        1.91328671329,
        1.65943529412,
        1.55878931751,
        0.764377483444,
        0.791001980198,
        2.23214257426,
        0.912655344655,
        2.39230860534,
        1.45485714286,
        0.601937254902,
        0.658765048544,
        0.509275247525,
        0.721582417582,
        0.541887378641,
        0.368478504673,
        0.433425742574,
        0.546664054848,
        0.618243805748,
        0.628467326733,
        0.475097029703,
        0.444261386139,
        0.71344957265,
        0.292562376238,
        0.648139805825,
        0.600847058824,
        0.49424975025,
        0.733545369504,
        1.1313966034,
        1.40863366337,
        0.329898053753,
        0.963418397626,
        0.976669090909,
        0.791001980198,
        1.04203564356,
        1.08762772277,
        1.15155294118,
        1.29746253746,
        1.10423976024,
        0.363639246779,
        1.13703896104,
        0.580553846154,
        0.899358415842,
        0.562617218543,
        0.856673189824,
        0.827379174853,
        0.49843960396,
        0.827425806452,
        0.964372277228,
        0.686415686275,
        1.08221704036,
        1.22796850394,
        1.04359167493,
        1.36621343874,
        0.906277777778,
        1.23936296296,
        1.03760479042,
        1.54816879293,
        1.42539606501,
        1.78611275964,
        1.48864735265,
        1.22654509415,
        1.68412075472,
        1.17164435564,
        0.875215686275,
        0.941960655738,
        0.826975466143,
        0.638413675214,
        0.141099113618,
        1.08237362637,
        0.890175084175,
        0.732515484515,
        1.00731851852,
        1.45415873016,
        1.16754181818,
        1.58795294118,
        0.224601980198,
        1.0944,
        0.887041584158,
        1.85671128871,
        0.706695738355,
        1.06300307692,
        1.5598309318,
        1.45687468461,
        1.38696237624,
        0.817243564356,
        1.14797202797,
        0.691784102061,
        0.714445103858,
        0.834344554455,
        0.896511488511,
        2.20181565907,
        1.23752212389,
        1.48120784314,
        1.18462337662,
        1.42909018831,
        1.50334117647,
        1.40395647873,
        1.98981818182,
        0.151309126595,
        1.23666,
        1.35538522954,
        1.64377210216,
        1.27762330097,
        1.3977980198,
        0.793898039216,
        1.76226044226,
        1.66469087341,
        0.3724,
        1.63618217822,
        1.1059960396,
        0.885578421578,
        0.892999129678,
        0.838495522388,
        1.09582236842,
        1.65232941176,
        1.31311088911,
        1.21572222222,
        1.26651632047,
        0.863334653465,
        1.58845954046,
        0.986166830226,
        0.789932743363,
        0.826164705882,
        1.85452673267,
        1.8274975272,
        1.47552893125,
        1.67398334875,
        1.84398836081,
        1.55879522498,
        1.76375834085,
        2.27407792208,
        1.36887112887,
        1.74840039643,
        2.0115333998,
        1.89516583913,
        2.15361481481,
        2.13515294118,
        1.3050432,
        1.0944,
        1.50615445545,
        0.879237037037,
        1.62534653465,
        1.34937029703,
        1.80989433962,
        0.874645354645,
        1.12716261682,
        1.10523564356,
        1.01980852916,
        1.79005680705,
        0.837213771017,
        1.62902697303,
        2.05853346653,
        1.91017848207,
        2.5474045954,
        1.80656943057,
        1.80453174603,
        1.90214653465,
        2.01593606394,
        2.00075124875,
        1.82107142857,
        1.23192878338,
        1.76629141717,
        1.70457142857,
        1.37285914086,
        1.5820039604,
        1.61705494505,
        1.74622001982,
        1.61866133866,
        1.95234886026,
        1.06360839161,
        1.17263272727,
        2.1888,
        1.43964356436,
        1.86373069307,
        1.17120792079,
        2.03248264463,
        2.32874325674,
        2.49466798811,
        1.55297425743,
        1.20263736264,
        1.718390579,
        2.41634851485,
        1.62298761062,
        2.15381418581,
        2.127135778,
        2.31781018981,
        1.71645954046,
        1.96631992149,
        1.91154013875,
        2.06551048951,
        2.0933518335,
        1.8614025974,
        1.41036563437,
        1.7878691774,
        1.92155044955,
        1.38833696729,
        1.52442293907,
        1.65131360947,
        1.34559040959,
        2.15872816487,
        0.172054237288,
        2.00459405941,
        1.34084752475,
        1.16380923077,
        1.54631641791,
        1.65418507463,
        1.85183300199,
        1.45110756972,
        1.8943620178,
        1.87699001996,
        1.84211111111,
        2.11374225774,
        1.34502765388,
        1.41002973241,
        1.05787537092,
        0.544794853467,
        0.841846153846,
        0.927081188119,
        0.663134104833,
        0.84434421365,
        0.663659405941,
        0.628047904192,
        0.747659405941,
        0.398577422577,
        0.865395614871,
        0.669390291262,
        0.107916981132,
        1.61441568627,
        1.31323921569,
        0.311899413244,
        0.756251473477,
        1.14091462218,
        0.699084096586,
        0.759125481139,
        0.983976023976,
        0.304219607843,
        0.891304918033,
        0.975207920792,
        0.7484,
        0.470196610169,
        1.21141754386,
        0.97939009901,
        1.11141716567,
        1.53145238095,
        1.17504895105,
        0.996925490196,
        0.553818181818,
        0.900795793164,
        1.79124752475,
        1.35017475728,
        1.75856633663,
        1.91710891089,
        1.70597647059,
        0.912316831683,
        1.08583140496,
        1.37756643357,
        1.48048364718,
        1.76780819181,
        1.26710802775,
        1.62330666667,
        1.59622777223,
        1.81017244797,
        0.784467326733,
        1.96795204795,
        1.83611881188,
        1.40495841584,
        1.59266534653,
        1.10512941176,
        0.783469306931,
        1.41663366337,
        0.885686136524,
        1.38903238469,
        1.30663140496,
        1.25846896552,
        1.58529470529,
        1.17302675917,
        0.880284866469,
        1.30608189263,
        1.77643956044,
        1.93520159681,
        1.85942857143,
        1.19546613546,
        2.1655984252,
        1.59243564356,
        1.5380990099,
        2.1187009901,
        1.85190588235
    ],
    "normal_time": [
        1.009,
        2.019,
        3.031,
        4.033,
        5.131,
        6.309,
        7.42,
        8.421,
        9.422,
        10.539,
        11.66,
        12.68,
        13.682,
        14.684,
        15.69,
        16.811,
        17.812,
        18.87,
        19.871,
        20.872,
        21.91,
        22.912,
        23.915,
        24.916,
        25.916,
        26.917999999999996,
        27.925,
        29.024999999999995,
        30.026,
        31.026999999999997,
        32.03699999999999,
        33.047,
        34.04899999999999,
        35.334999999999994,
        36.337999999999994,
        37.345,
        38.346999999999994,
        39.357,
        40.358000000000004,
        41.358999999999995,
        42.366,
        43.367000000000004,
        44.367999999999995,
        45.536,
        46.538,
        47.548,
        48.557,
        49.55800000000001,
        50.56,
        51.56,
        52.56400000000002,
        53.584,
        54.70400000000001,
        55.71400000000003,
        56.793000000000006,
        58.09500000000003,
        59.10100000000003,
        60.10300000000001,
        61.10500000000002,
        62.16300000000001,
        63.173,
        64.17500000000001,
        65.18300000000002,
        66.18400000000003,
        67.20400000000001,
        68.20500000000001,
        69.21300000000002,
        70.32400000000001,
        71.334,
        72.39300000000003,
        73.394,
        74.39500000000001,
        75.41400000000002,
        76.424,
        77.424,
        78.73300000000003,
        79.74400000000006,
        80.75400000000005,
        81.76400000000004,
        82.76500000000001,
        83.775,
        84.79400000000001,
        85.79500000000004,
        86.79600000000002,
        87.80500000000004,
        88.81500000000003,
        89.83400000000003,
        90.84500000000006,
        91.85600000000002,
        92.86500000000004,
        93.87800000000001,
        94.89600000000004,
        95.91500000000005,
        96.91600000000003,
        97.93500000000003,
        98.936,
        99.965,
        101.13500000000002,
        102.14500000000001,
        103.14500000000001,
        104.15300000000005,
        105.15400000000002,
        106.16400000000002,
        107.17300000000003,
        108.174,
        109.38400000000004,
        110.40400000000002,
        111.41400000000002,
        112.434,
        113.46400000000003,
        114.465,
        115.47400000000002,
        116.475,
        117.494,
        118.49500000000003,
        119.50500000000002,
        120.624,
        121.63400000000004,
        122.64400000000003,
        123.64500000000001,
        124.65400000000002,
        125.67500000000004,
        126.845,
        127.86500000000004,
        128.86500000000004,
        129.87500000000009,
        130.98400000000007,
        131.99500000000003,
        133.16500000000005,
        134.29400000000007,
        135.29500000000004,
        136.30500000000004,
        137.30600000000007,
        138.32500000000007,
        139.32600000000005,
        140.51500000000007,
        141.53500000000005,
        142.54500000000004,
        143.55500000000004,
        144.56500000000008,
        145.57500000000007,
        146.62500000000009,
        147.63500000000008,
        148.65500000000006,
        149.65600000000003,
        150.66500000000005,
        151.67500000000004,
        152.70500000000007,
        153.72600000000008,
        154.72600000000008,
        155.73800000000003,
        156.75700000000003,
        157.77700000000002,
        159.35700000000006,
        160.37700000000004,
        161.38700000000003,
        162.57700000000008,
        163.7880000000001,
        164.8070000000001,
        165.9270000000001,
        166.96700000000007,
        168.1580000000001,
        169.39700000000002,
        170.57800000000006,
        171.58800000000005,
        173.20700000000008,
        174.20800000000006,
        175.20900000000003,
        176.22700000000006,
        177.37800000000001,
        178.3890000000001,
        179.45700000000008,
        180.45800000000006,
        181.45900000000003,
        182.45900000000003,
        183.46900000000002,
        184.509,
        185.50999999999996,
        186.58900000000003,
        187.609,
        188.82000000000002,
        189.831,
        190.83199999999997,
        191.93900000000005,
        192.95000000000002,
        194.229,
        195.23,
        196.23099999999997,
        197.239,
        198.25999999999996,
        199.26999999999995,
        200.27899999999997,
        201.29000000000005,
        202.29100000000003,
        203.30000000000004,
        204.31000000000003,
        205.33,
        206.38999999999996,
        207.6,
        208.6,
        209.70000000000002,
        210.701,
        211.70200000000008,
        212.7110000000001,
        213.7300000000001,
        214.78000000000006,
        215.92100000000002,
        216.95200000000008,
        217.9610000000001,
        218.9710000000001,
        220.02000000000007,
        221.16100000000003,
        222.191,
        223.19300000000007,
        224.2690000000001,
        225.27000000000007,
        226.28000000000006,
        227.29000000000005,
        228.30000000000004,
        229.39100000000005,
        230.40100000000004,
        231.56000000000003,
        232.561,
        233.57000000000002,
        234.57000000000002,
        235.571,
        236.71,
        237.74999999999997,
        239.11999999999998,
        240.14700000000002,
        241.25700000000003,
        242.278,
        243.29900000000006,
        244.508,
        245.53899999999996,
        247.35800000000003,
        248.38600000000005,
        249.47700000000006,
        250.48599999999996,
        251.62600000000006,
        252.66600000000003,
        253.725,
        254.92500000000004,
        255.98499999999999,
        257.18500000000006,
        258.196,
        259.20500000000004,
        260.21500000000003,
        261.216,
        262.216,
        263.26,
        264.298,
        265.31899999999996,
        266.33799999999997,
        267.341,
        268.40099999999995,
        269.55999999999995,
        270.659,
        271.702,
        272.842,
        273.88,
        275.0619999999999,
        276.0809999999999,
        277.318,
        278.31999999999994,
        279.3979999999999,
        280.452,
        281.52199999999993,
        282.6109999999999,
        283.63200000000006,
        284.65200000000004,
        285.74299999999994,
        286.8319999999999,
        287.84199999999987,
        288.84199999999987,
        289.84299999999985,
        290.8439999999998,
        291.85299999999984,
        293.0239999999999,
        294.0429999999999,
        295.04399999999987,
        296.0529999999999,
        297.07299999999987,
        298.07399999999984,
        299.08299999999986,
        300.0939999999998,
        301.10299999999984,
        302.23299999999995,
        303.24299999999994,
        304.2439999999999,
        305.25299999999993,
        306.2539999999999,
        307.2729999999999,
        308.2739999999999,
        309.35299999999984,
        310.3539999999998,
        311.3639999999998,
        312.47399999999993,
        313.4749999999999,
        314.4749999999999,
        315.4759999999999,
        316.47799999999984,
        317.78499999999985,
        318.7869999999998,
        319.8059999999998,
        320.8649999999998,
        321.86599999999976,
        322.87599999999975,
        323.9259999999997,
        325.09799999999973,
        326.10699999999974,
        327.1079999999997,
        328.1089999999997,
        329.1559999999997,
        330.1569999999997,
        331.1669999999999,
        332.1679999999999,
        333.1769999999999,
        334.1869999999999,
        335.38599999999974,
        336.3969999999997,
        337.4069999999997,
        338.4469999999999,
        339.44799999999987,
        340.44799999999987,
        341.44899999999984,
        342.4569999999999,
        343.47799999999984,
        344.4789999999998,
        345.4979999999998,
        346.499,
        347.5169999999998,
        348.51800000000003,
        349.577,
        350.578,
        351.57899999999995,
        352.587,
        353.69799999999987,
        355.4079999999999,
        356.4179999999999,
        357.4279999999999,
        358.42899999999986,
        359.47699999999986,
        360.47799999999984,
        361.48900000000003,
        362.4979999999998,
        363.499,
        364.69799999999987,
        365.70799999999986,
        366.70799999999986,
        367.70899999999983,
        368.7099999999998,
        369.7189999999998,
        370.8509999999999,
        371.8589999999999,
        372.8689999999999,
        373.8699999999999,
        374.8789999999999,
        375.95899999999983,
        376.9599999999998,
        377.9699999999998,
        378.9789999999998,
        379.9799999999998,
        380.9999999999998,
        382.01099999999974,
        383.2189999999998,
        384.2289999999998,
        385.2389999999998,
        386.2399999999998,
        387.25099999999975,
        388.2589999999998,
        389.27899999999977,
        390.30899999999974,
        391.31899999999996,
        392.31899999999996,
        393.34899999999993,
        394.41899999999987,
        395.42899999999986,
        396.4499999999998,
        397.45899999999983,
        398.4689999999998,
        399.4789999999998,
        400.4889999999998,
        401.6589999999999,
        402.66899999999987,
        403.69899999999984,
        404.7189999999998,
        405.7199999999998,
        406.78899999999976,
        407.78999999999996,
        408.79999999999995,
        409.8789999999999,
        410.8899999999999,
        411.9899999999998,
        412.9999999999998,
        414.00999999999976,
        415.02,
        416.03999999999996,
        417.04099999999994,
        418.04099999999994,
        419.04999999999995,
        420.05099999999993,
        421.0909999999999,
        422.1009999999999,
        423.6109999999999,
        424.6329999999998,
        425.65099999999984,
        426.66099999999983,
        427.90099999999984,
        428.91099999999983,
        429.9309999999998,
        431.0459999999998,
        432.0619999999999,
        433.0709999999999,
        434.08299999999986,
        435.0909999999999,
        436.1709999999998,
        437.1729999999998,
        438.1919999999998,
        439.3609999999999,
        440.37199999999984,
        441.3729999999998,
        442.38199999999983,
        443.4419999999998,
        444.4419999999998,
        445.46199999999976,
        446.6819999999998,
        447.7009999999998,
        448.87099999999964,
        450.1119999999996,
        451.11299999999983,
        452.3009999999997,
        453.3019999999997,
        454.38199999999983,
        455.6419999999998,
        456.74199999999973,
        457.7619999999997,
        458.7719999999997,
        459.7819999999997,
        460.7919999999997,
        461.79299999999967,
        462.8019999999997,
        464.10199999999963,
        465.1429999999998,
        466.33199999999965,
        467.34199999999964,
        468.35199999999963,
        469.3529999999996,
        470.3719999999996,
        471.3719999999996,
        472.3819999999996,
        473.3829999999996,
        474.3919999999996,
        475.5219999999995,
        476.54199999999946,
        477.54299999999944,
        478.55199999999945,
        479.57199999999943,
        480.58299999999963,
        481.5839999999996,
        482.6029999999996,
        483.80299999999943,
        484.8049999999996,
        485.82299999999964,
        486.8529999999996,
        487.8629999999996,
        488.8829999999996,
        490.1039999999996,
        491.1229999999996,
        492.1429999999996,
        493.15299999999957,
        494.16299999999956,
        495.16399999999953,
        496.3129999999994,
        497.3129999999994,
        498.5289999999993,
        499.5489999999995,
        500.5499999999995,
        501.5579999999993,
        502.5689999999995,
        503.5789999999995,
        504.5799999999995,
        505.5989999999995,
        506.72899999999936,
        507.74899999999934,
        508.75899999999933,
        509.7699999999995,
        511.23899999999935,
        512.3199999999995,
        513.3509999999994,
        514.4399999999994,
        515.5489999999995,
        516.5499999999995,
        517.5509999999995,
        518.5599999999995,
        519.5629999999994,
        520.5699999999995,
        521.6499999999994,
        522.6699999999994,
        523.6699999999994,
        524.6799999999994,
        525.6899999999994,
        526.7699999999995,
        527.7799999999995,
        528.7899999999995,
        529.8499999999995,
        530.8509999999994,
        531.9209999999994,
        532.9309999999994,
        534.0799999999995,
        535.1009999999994,
        536.3499999999995,
        537.3509999999994,
        538.3519999999994,
        539.5509999999995,
        540.5519999999995,
        541.5529999999994,
        542.5609999999995,
        543.5709999999995,
        544.5719999999994,
        545.5729999999994,
        546.5809999999994,
        547.5919999999994,
        548.5939999999994,
        549.5939999999994,
        550.5949999999993,
        551.6049999999993,
        552.6059999999993,
        553.6149999999993,
        554.6159999999993,
        555.6249999999993,
        556.6259999999993,
        557.7259999999992,
        558.7359999999992,
        559.7459999999992,
        560.7559999999992,
        561.7659999999994,
        562.9759999999992,
        563.9769999999992,
        564.9859999999992,
        565.9959999999992,
        566.9969999999994,
        568.0159999999994,
        569.0259999999994,
        570.1559999999993,
        571.1569999999992,
        572.1659999999993,
        573.1669999999992,
        574.1679999999992,
        575.1679999999992,
        576.1769999999992,
        577.1779999999992,
        578.1869999999992,
        579.1879999999992,
        580.1889999999994,
        581.1979999999992,
        582.1989999999994,
        583.2079999999992,
        584.3239999999994,
        585.3379999999993,
        586.3389999999993,
        587.3579999999993,
        588.5379999999993,
        589.5479999999993,
        590.5579999999993,
        591.8579999999993,
        592.8629999999994,
        593.8679999999993,
        594.8739999999993,
        595.8779999999992,
        596.8889999999992,
        597.8909999999994,
        598.8989999999992,
        599.8999999999992,
        600.8999999999992,
        601.9089999999992,
        602.9199999999992,
        604.3189999999993,
        605.3199999999993,
        606.3299999999992,
        607.7989999999993,
        608.8099999999993,
        609.8199999999993,
        611.4899999999993,
        612.4999999999993,
        613.5009999999993,
        614.5499999999993,
        615.5799999999992,
        616.6399999999992,
        617.6599999999992,
        618.6799999999994,
        619.8729999999994,
        620.8909999999992,
        621.9099999999992,
        623.1109999999992,
        624.4099999999992,
        625.4109999999994,
        626.4309999999994,
        627.6509999999994,
        628.6509999999994,
        629.6709999999994,
        630.8509999999992,
        631.9909999999993,
        633.0009999999993,
        634.0029999999992,
        635.0109999999993,
        636.0119999999993,
        637.0319999999992,
        638.1109999999992,
        639.2519999999993,
        640.2619999999993,
        641.2919999999992,
        642.3019999999992,
        643.3119999999992,
        644.3319999999992,
        645.3419999999992,
        646.5519999999992,
        647.5529999999992,
        648.5619999999992,
        649.5629999999992,
        650.5719999999992,
        651.6219999999994,
        652.6229999999994,
        653.6319999999994,
        654.6319999999994,
        655.6329999999994,
        656.6429999999993,
        657.6529999999993,
        658.6629999999993,
        659.6829999999993,
        660.6929999999993,
        661.7029999999993,
        663.1239999999993,
        664.1429999999993,
        665.3529999999994,
        666.5129999999992,
        667.5139999999992,
        668.5229999999992,
        669.5339999999992,
        670.6329999999994,
        671.6339999999993,
        672.6359999999993,
        673.6439999999993,
        674.6479999999992,
        675.6639999999993,
        676.6739999999993,
        677.6839999999993,
        678.6939999999993,
        679.7139999999993,
        680.7139999999993
    ],
    "normal_params": 1.657272599890529,
    "anomaly_patterns": {
        "0": {
            "bw": [
                2.42378138848,
                2.0242611276,
                2.51351848152,
                2.37522838944,
                2.76206937562,
                0.227323442136,
                3.43480118694,
                2.7814507772,
                0.437322677323,
                2.93209099901,
                3.278001998,
                2.14313492063,
                2.73839298246,
                2.20663307087,
                2.72006213592,
                1.4066746507,
                2.26405594406,
                2.28953734062,
                3.15618781219,
                3.28618581419,
                3.51738123752,
                4.47837762238,
                3.40376056338,
                4.02471128871,
                4.25311776447
            ],
            "params": 1.346634170487956
        }
    },
    "pending_badcases": []
}