{
    "normal_bw": [
        1.67275924076,
        1.84838850347,
        2.85353046953,
        2.28224380575,
        1.96155844156,
        2.38620416254,
        2.47541258741,
        1.99134838077,
        2.38794805195,
        2.39434165834,
        2.26279365079,
        2.35279840319,
        2.47153128103,
        1.4212987013,
        2.21497029703,
        2.7441998002,
        2.21716551041,
        1.52148910891,
        2.27548514851,
        2.07088911089,
        2.3690148662,
        2.20618867925,
        2.33954137587,
        2.24581818182,
        2.56171089109,
        2.41620779221,
        2.33416237624,
        2.62932804757,
        2.65034165834,
        2.55194405594,
        2.48382160555,
        2.28224380575,
        2.33328271728,
        2.36451139742,
        2.22395204795,
        2.15209514371,
        2.13194805195,
        2.05446977205,
        1.67318811881,
        1.86373069307,
        1.93969230769,
        2.08821578422,
        2.08907936508,
        2.48586138614,
        2.45354645355,
        2.46212884044,
        2.25831287129,
        1.96575049505,
        2.24297821782,
        1.47814653465,
        1.94647843137,
        2.03076435644,
        2.01542970297,
        2.06327128713,
        2.16928671329,
        2.22571428571,
        1.85222777223,
        2.02626534653,
        1.93324356436,
        1.93324356436,
        2.09127920792,
        1.92501960784,
        1.96354956689,
        2.01343620178,
        1.60076723277,
        1.62857142857,
        1.33728316832,
        1.56342857143,
        1.64230723489,
        1.68369230769,
        1.72103096903,
        1.86717159763,
        1.72507064677,
        2.00459405941,
        1.78154455446,
        1.26103238469,
        1.17907933399,
        1.12802378593,
        0.924613254204,
        0.725988118812,
        0.599671232877,
        0.505273084479,
        0.386258823529,
        0.344282173499,
        0.378830769231,
        0.25916585839,
        0.425964071856,
        0.336905660377,
        0.368307692308,
        0.47961752988,
        0.522178926441,
        0.605638834951,
        0.429176470588,
        0.583271302644,
        0.612176643768,
        0.425009708738,
        0.482823529412,
        0.393133980583,
        0.465932673267,
        0.340403960396,
        0.96210989011,
        1.3124122894,
        1.4477042957,
        2.06081268583,
        1.7382019802,
        2.03355044955,
        1.42213150147,
        1.51699009901,
        1.10973465347,
        1.07272871287,
        1.01829578844,
        0.58441609421,
        0.347261538462,
        0.400918811881,
        0.606796039604,
        0.769330693069,
        0.6340096,
        0.628467326733,
        0.823508910891,
        0.828768932039,
        0.899358415842,
        1.09885490196,
        0.922729411765,
        1.2383372549,
        1.33278415842,
        0.24921980198,
        0.176125490196,
        0.260055445545,
        0.216610744581,
        0.127942446043,
        0.106562804284,
        0.114542340628,
        0.104228571429,
        0.141866666667,
        0.177188571429,
        0.151699009901,
        0.130027722772,
        0.204560747664,
        0.16519245283,
        0.210461538462,
        0.151548961424,
        0.136931665063,
        0.236047058824,
        0.186671890304,
        0.265889212828,
        0.246776470588,
        0.220984615385,
        0.191254368932,
        0.214378060725,
        0.32539147671,
        0.332611764706,
        0.311152941176,
        0.298376699029,
        0.324182178218,
        0.289694117647,
        0.162215384615,
        0.222933333333,
        0.103245283019,
        0.195041584158,
        0.21681509434,
        0.223130097087,
        0.446693877551,
        0.250148571429,
        0.18366041461,
        0.189963355834,
        0.156342857143,
        0.131196803197,
        0.101862377122,
        0.541782178218,
        0.541782178218,
        0.791001980198,
        0.899358415842,
        0.616791208791,
        0.889403369673,
        1.09221556886
    ],
    "normal_time": [
        1.009,
        2.01,
        3.019,
        4.02,
        5.029,
        6.03,
        7.049,
        8.05,
        9.051,
        10.059,
        11.061,
        12.068,
        13.069,
        14.079,
        15.08,
        16.089,
        17.099,
        18.109,
        19.11,
        20.119,
        21.126,
        22.129,
        23.13,
        24.14,
        25.14,
        26.150000000000006,
        27.159000000000006,
        28.159999999999997,
        29.161,
        30.17,
        31.179000000000002,
        32.18000000000001,
        33.18900000000001,
        34.19,
        35.199,
        36.2,
        37.209,
        38.218999999999994,
        39.229,
        40.230000000000004,
        41.230999999999995,
        42.239000000000004,
        43.248999999999995,
        44.25,
        45.259,
        46.269000000000005,
        47.278999999999996,
        48.289,
        49.29900000000001,
        50.29900000000001,
        51.30900000000001,
        52.319,
        53.32900000000001,
        54.33000000000001,
        55.33800000000002,
        56.339,
        57.34900000000002,
        58.35900000000001,
        59.369,
        60.37900000000002,
        61.399,
        62.43800000000002,
        63.44900000000001,
        64.45000000000002,
        65.458,
        66.46800000000002,
        67.46900000000002,
        68.47800000000001,
        69.47900000000001,
        70.48000000000002,
        71.494,
        72.499,
        73.50900000000001,
        74.519,
        75.519,
        76.53999999999999,
        77.549,
        78.56,
        79.57,
        80.59200000000001,
        81.61000000000001,
        82.63,
        83.679,
        84.719,
        85.75,
        86.75200000000001,
        87.75900000000001,
        88.799,
        89.803,
        90.809,
        91.839,
        92.85900000000001,
        93.88,
        94.899,
        95.929,
        96.94900000000001,
        97.97900000000001,
        98.989,
        99.999,
        100.999,
        102.00799999999998,
        103.00899999999999,
        104.018,
        105.02799999999999,
        106.02899999999997,
        107.04799999999997,
        108.05799999999996,
        109.06800000000001,
        110.078,
        111.09900000000002,
        112.11799999999997,
        113.15799999999999,
        114.16799999999998,
        115.17799999999997,
        116.18800000000002,
        117.43800000000002,
        118.44800000000001,
        119.458,
        120.48799999999997,
        121.49799999999996,
        122.518,
        123.53799999999998,
        124.55799999999996,
        125.56800000000001,
        126.56800000000001,
        127.588,
        128.59799999999998,
        129.65900000000002,
        130.771,
        131.79800000000003,
        132.84900000000002,
        133.89900000000003,
        134.979,
        136.02900000000002,
        137.03900000000002,
        138.049,
        139.119,
        140.179,
        141.21900000000002,
        142.23,
        143.26899999999998,
        144.28900000000002,
        145.31000000000003,
        146.33900000000003,
        147.359,
        148.39900000000003,
        149.429,
        150.45000000000002,
        151.45900000000003,
        152.45900000000003,
        153.479,
        154.50900000000004,
        155.51900000000003,
        156.53900000000002,
        157.57900000000004,
        158.65900000000002,
        159.71900000000002,
        160.729,
        161.78900000000002,
        162.81900000000005,
        164.28900000000002,
        165.33900000000003,
        166.352,
        167.38900000000004,
        168.43900000000005,
        169.44000000000003,
        170.559,
        171.56900000000005,
        172.57900000000004,
        173.58900000000003,
        174.59900000000002,
        175.6,
        176.609,
        177.61100000000002,
        178.61100000000002
    ],
    "normal_params": 1.3691906577848187,
    "anomaly_patterns": {
        "0": {
            "bw": [
                2.109,
                2.031,
                1.977,
                1.961,
                1.969,
                2.336,
                2.273,
                2.211,
                2.195,
                2.211,
                2.109,
                2.031,
                1.977,
                1.961,
                1.969,
                2.109,
                2.031,
                1.977,
                1.961,
                1.969,
                2.336,
                2.273,
                2.211,
                2.195,
                2.211
            ],
            "params": 0.6780650695673709
        }
    },
    "pending_badcases": []
}