{
    "normal_bw": [
        2.71647552448,
        3.1582019802,
        2.54591683168,
        1.40418217822,
        1.41097254902,
        2.09460052219,
        2.14768288288,
        2.49425964912,
        3.01822977023,
        4.04527254708,
        3.16235621891,
        2.49837088388,
        4.43534865135,
        2.66526156752,
        2.89478644068,
        3.04925811966,
        3.57856543457,
        2.52874677259,
        2.60182217782,
        2.13532867133,
        2.24085475793,
        3.04897037037,
        3.41367432567,
        2.66236933798,
        3.05993923146,
        3.35536463536,
        3.55854257426,
        2.87698760724,
        4.01576823177,
        2.84940529931,
        2.70476755687,
        2.81881318681,
        2.77217657046,
        3.00152235966,
        2.49466798811,
        1.38771485149,
        1.90235364635,
        1.55961149653,
        2.31872127872,
        2.35281746032,
        2.88967920792,
        2.43807392607,
        2.14295341923,
        2.08088712871,
        3.40353692615,
        1.71360476663,
        3.03403364486,
        3.48302081269,
        2.28528135593,
        2.97977029703,
        4.60038019802,
        3.44194770063,
        4.15285514486,
        3.1158208,
        6.12348103792,
        1.58064746773,
        3.61798802395,
        4.25512974052,
        4.38786481113,
        4.2159040959,
        5.4883996004,
        4.37900199601,
        5.43388656716,
        3.67393406593,
        3.88252264808,
        4.71215184815,
        3.37954045954,
        4.00005588822,
        3.79538430983,
        4.2407440273,
        4.49349050949,
        3.90333666334,
        0.776939702428,
        6.7135024975,
        3.94974205607,
        1.61921960415,
        1.70841481481,
        1.74082644628,
        1.57563428571,
        1.36592149533,
        1.55861396131,
        1.90447152847,
        1.69136463536,
        1.16943856144,
        1.76787225549,
        1.53600669456,
        1.96792015968,
        1.4071048951,
        1.64781120944,
        1.33137454545,
        1.60076455256,
        1.71077184054,
        2.38253746254,
        1.5623032491,
        1.92204595405,
        2.03858077304,
        1.13404363636,
        1.31451089109,
        0.839747285291,
        0.895062562066
    ],
    "normal_time": [
        1.01,
        2.02,
        3.03,
        4.051,
        5.2,
        6.31,
        7.45,
        8.451,
        9.46,
        10.466,
        11.62,
        12.621,
        13.68,
        14.86,
        16.031,
        17.032,
        18.039,
        19.04,
        20.041,
        21.239,
        22.319,
        23.321,
        24.469,
        25.589,
        26.589,
        27.599,
        28.648,
        29.648999999999997,
        30.668,
        31.679,
        32.67999999999999,
        33.858000000000004,
        34.90899999999999,
        35.91799999999999,
        36.928,
        37.929,
        38.938,
        39.93899999999999,
        40.94799999999999,
        41.958,
        42.959,
        43.968,
        44.977999999999994,
        45.980999999999995,
        46.988,
        48.05799999999999,
        49.068,
        50.248000000000005,
        51.257999999999996,
        52.257999999999996,
        53.36699999999999,
        54.367999999999995,
        55.618999999999986,
        56.620999999999995,
        57.627999999999986,
        58.629999999999995,
        59.63199999999999,
        60.63799999999999,
        61.638999999999996,
        62.639999999999986,
        63.641999999999996,
        64.64699999999999,
        65.648,
        66.79699999999998,
        67.79799999999999,
        68.79899999999999,
        69.80099999999999,
        70.80799999999999,
        72.198,
        73.19899999999998,
        74.19999999999999,
        75.47699999999999,
        76.478,
        77.54799999999999,
        78.54799999999999,
        79.628,
        80.717,
        81.76799999999999,
        82.83799999999998,
        84.027,
        85.028,
        86.02899999999998,
        87.02999999999999,
        88.032,
        89.22699999999999,
        90.229,
        91.23,
        92.247,
        93.347,
        94.498,
        95.677,
        96.67899999999999,
        97.78699999999999,
        98.788,
        99.79699999999998,
        100.897,
        101.907,
        102.92,
        103.927,
        104.927
    ],
    "normal_params": 0.7856591297212328,
    "anomaly_patterns": {
        "0": {
            "bw": [
                2.109,
                2.031,
                1.977,
                1.969,
                1.977,
                2.805,
                2.742,
                2.68,
                2.68,
                2.695,
                2.961,
                2.906,
                2.844,
                2.859,
                2.875,
                2.688,
                2.609,
                2.547,
                2.547,
                2.547,
                2.781,
                2.719,
                2.656,
                2.656,
                2.664
            ],
            "params": 0.753988166264461
        }
    },
    "pending_badcases": []
}