{
    "normal_bw": [
        2.73834165834,
        2.40926147705,
        1.61949458484,
        1.49241958042,
        1.7513797841,
        2.0114625789,
        2.49207361963,
        2.82946906188,
        2.76698473282,
        2.89937684943,
        2.25402352941,
        2.93735311573,
        2.57092366412,
        2.77436638655,
        2.84428309742,
        2.13508118812,
        3.40776071785,
        2.97779928315,
        3.67689110889,
        3.10825174825,
        3.93231568432,
        3.06330883813,
        3.20598811881,
        3.24794405594,
        3.5174351145,
        3.40319304348,
        4.13444955045,
        3.23234851485,
        3.61655445545,
        3.38226573427,
        3.03068253968,
        3.33688275862,
        3.74168231768,
        3.2517962038,
        3.20561867704,
        3.68177864078,
        3.77395404595,
        2.97997230465,
        3.38872327672,
        3.20542601787,
        2.51855344655,
        2.96181565907,
        2.81280792079,
        2.09372673267,
        2.3014025974,
        2.83894549058,
        2.66350291262,
        3.77082117882,
        3.06883921569,
        3.27932867133
    ],
    "normal_time": [
        1.002,
        2.11,
        3.111,
        4.13,
        5.239,
        6.38,
        7.382,
        8.43,
        9.579,
        10.769,
        11.78,
        12.829,
        14.019,
        15.22,
        16.23,
        17.233,
        18.349,
        19.35,
        20.351,
        21.352,
        22.359,
        23.369,
        24.37,
        25.549,
        26.549,
        27.549999999999997,
        28.56,
        29.569999999999997,
        30.570999999999998,
        31.578999999999997,
        32.739000000000004,
        33.739999999999995,
        34.741,
        35.76899999999999,
        36.79899999999999,
        37.8,
        38.81099999999999,
        39.812,
        40.819,
        41.81999999999999,
        42.82899999999999,
        43.839,
        44.849000000000004,
        45.849999999999994,
        46.858999999999995,
        47.888999999999996,
        48.89,
        49.91,
        50.911,
        51.911
    ],
    "normal_params": 0.6974679629131499,
    "anomaly_patterns": {
        "0": {
            "bw": [
                1.961,
                1.93,
                1.898,
                1.914,
                1.922,
                2.695,
                2.617,
                2.562,
                2.555,
                2.562,
                2.703,
                2.625,
                2.57,
                2.562,
                2.57,
                2.984,
                2.922,
                2.852,
                2.867,
                2.883,
                3.164,
                3.109,
                3.031,
                3.055,
                3.047
            ],
            "params": 0.7379724370696612
        }
    },
    "pending_badcases": []
}