{
    "normal_bw": [
        1.3747124632,
        1.14224158416,
        1.54156243756,
        1.50764717542,
        1.13140594059,
        1.42747826087,
        1.11193650794,
        0.942700990099,
        0.934374877331,
        0.118832275612,
        1.81971002979,
        1.15941386139,
        1.05105742574,
        1.02203758655,
        1.3124122894,
        1.18558415842,
        0.780166336634,
        1.02938613861,
        1.15941386139,
        0.806336633663,
        0.804705882353,
        0.67180990099,
        1.03919287834,
        0.715188811189,
        0.944571428571,
        0.988147572816,
        0.936364356436,
        1.40863366337,
        1.46281188119,
        1.20725544554,
        1.40863366337,
        1.35895445545,
        1.27916883117,
        1.18342857143,
        1.02304950495,
        0.81998001998,
        1.17024950495,
        1.22760784314,
        1.84205940594,
        1.28437661051,
        1.353115727,
        1.07961419472,
        0.836074436827,
        0.807518446602,
        1.09548463826,
        1.1620920666,
        1.48595441031,
        1.08806336634,
        1.27734124629,
        1.36397252208,
        1.04022178218,
        0.730487128713,
        0.84518019802,
        1.2245034965,
        1.23955250245,
        1.31111287129,
        1.07144055944,
        0.948138751239,
        0.622305882353,
        0.178449149601,
        2.00233954858,
        0.414384466019,
        0.831873642646,
        0.595013592233,
        0.541782178218,
        0.562384313725,
        0.476768316832,
        0.834344554455,
        0.525741176471,
        0.279466666667,
        0.682138613861,
        0.741322772277,
        0.879811764706,
        0.680015533981,
        0.450635294118,
        0.725988118812,
        1.07756116505,
        0.287783621337,
        0.650138613861,
        0.564011892963,
        0.429176470588,
        0.541782178218,
        0.780007984032,
        1.16171428571,
        1.13774257426,
        0.849679207921,
        0.907444555445,
        0.802632309217,
        0.712331360947,
        0.484724409449,
        0.315607843137,
        0.112824742268,
        0.610925890279,
        0.233755339806,
        0.289234285714,
        0.79178592666,
        0.34033819242,
        0.294646153846,
        0.636153694581,
        0.658366863905,
        0.51079245283,
        0.529374136229,
        0.682645544554,
        0.611295049505,
        0.611576470588,
        0.292562376238,
        0.17432920354,
        0.639302970297,
        0.690640776699,
        0.326662295082,
        0.403759223301,
        0.681970326409,
        0.889403369673,
        0.855422354105,
        0.404388835419,
        0.21888,
        0.227548514851,
        0.49843960396,
        0.84518019802,
        0.847623529412,
        0.578788118812,
        0.686487272727,
        1.04022178218,
        0.975207920792,
        0.741322772277,
        0.826164705882,
        0.899358415842,
        0.916454901961,
        1.01855049505,
        1.09330669331,
        1.23834509804,
        1.53866138614,
        1.38210589411,
        1.37619161677,
        1.29456858847,
        1.13140594059,
        1.37612673267,
        1.17437762238,
        1.11607128713,
        1.12802378593,
        1.05411388611,
        1.29071952428,
        1.32064094955,
        1.05555643564,
        1.18225569871,
        1.15708571429,
        1.31196803197,
        1.38833696729,
        1.0988990099,
        1.44316483516,
        1.29522299306,
        1.48448316832,
        1.52782574257,
        1.21810989011,
        1.27987314172,
        1.17396078431,
        1.08237362637,
        1.32325867195,
        1.10973465347,
        1.46281188119,
        1.31561188119,
        1.30027722772,
        0.986043564356,
        0.910194059406,
        0.665473267327,
        0.606796039604,
        0.715152475248,
        0.769330693069,
        0.665473267327,
        0.769330693069,
        0.830913086913,
        0.846017839445,
        0.795500990099,
        0.823508910891,
        0.697411764706,
        2.05132875368,
        1.5461018981,
        1.66539130435,
        1.54775769613,
        1.79871683168,
        1.38062574257,
        1.54156243756,
        1.20845193261,
        1.37619161677,
        0.405694117647,
        0.682645544554,
        0.487603960396,
        0.402586640852,
        0.536470588235,
        1.06907722772,
        0.92918019802,
        0.986043564356,
        1.3229010989,
        1.12168087215,
        0.996879207921,
        0.910194059406,
        0.901050949051,
        1.13661721068,
        0.640571428571,
        0.718870588235
    ],
    "normal_time": [
        1.01,
        2.011,
        3.02,
        4.03,
        5.042,
        6.05,
        7.06,
        8.08,
        9.183,
        10.19,
        11.2,
        12.21,
        13.221,
        14.23,
        15.24,
        16.25,
        17.26,
        18.27,
        19.28,
        20.3,
        21.31,
        22.321,
        23.322,
        24.33,
        25.33,
        26.34,
        27.349999999999998,
        28.36,
        29.369999999999997,
        30.38,
        31.39,
        32.391,
        33.399,
        34.409,
        35.41,
        36.42,
        37.44,
        38.449999999999996,
        39.458999999999996,
        40.47,
        41.568999999999996,
        42.589999999999996,
        43.62,
        44.629,
        45.65,
        46.659,
        47.669,
        48.68,
        49.699,
        50.699,
        51.70899999999999,
        52.718999999999994,
        53.72,
        54.73899999999999,
        55.748999999999995,
        56.75,
        57.759,
        58.778999999999996,
        61.66,
        62.679,
        63.70899999999999,
        64.722,
        65.752,
        66.762,
        67.782,
        68.792,
        69.80199999999999,
        70.822,
        71.842,
        72.85199999999999,
        73.862,
        74.88199999999999,
        75.91199999999999,
        76.932,
        77.932,
        78.962,
        80.29299999999999,
        81.30300000000001,
        82.312,
        83.33200000000001,
        84.342,
        85.34400000000001,
        86.35200000000002,
        87.36200000000001,
        88.372,
        89.373,
        90.38199999999999,
        91.396,
        92.41199999999999,
        93.432,
        94.693,
        95.73200000000001,
        96.76200000000001,
        98.16199999999999,
        99.171,
        100.2,
        101.24,
        102.25500000000001,
        103.26899999999999,
        104.26899999999999,
        105.282,
        106.29199999999999,
        107.302,
        108.32199999999999,
        109.33200000000001,
        110.462,
        111.472,
        112.502,
        113.722,
        114.752,
        115.76299999999999,
        116.772,
        117.783,
        118.82199999999999,
        119.872,
        120.88199999999999,
        121.89200000000001,
        122.902,
        123.92200000000001,
        124.932,
        126.032,
        127.04199999999999,
        128.05200000000002,
        129.062,
        130.062,
        131.072,
        132.09199999999998,
        133.102,
        134.103,
        135.123,
        136.133,
        137.134,
        138.136,
        139.142,
        140.152,
        141.162,
        142.163,
        143.173,
        144.182,
        145.183,
        146.192,
        147.203,
        148.213,
        149.222,
        150.34199999999998,
        151.343,
        152.352,
        153.362,
        154.363,
        155.363,
        156.37300000000002,
        157.383,
        158.38400000000001,
        159.393,
        160.413,
        161.41400000000002,
        162.423,
        163.43300000000002,
        164.443,
        165.453,
        166.46300000000002,
        167.473,
        168.483,
        169.49300000000002,
        170.50300000000001,
        171.513,
        172.52300000000002,
        173.53300000000002,
        174.543,
        175.544,
        176.55300000000003,
        177.56300000000002,
        178.573,
        179.59300000000002,
        180.59300000000002,
        181.594,
        182.606,
        183.613,
        184.623,
        185.63299999999998,
        186.63400000000001,
        187.64299999999997,
        188.64499999999998,
        190.005,
        191.015,
        192.02499999999998,
        193.058,
        194.07799999999997,
        195.08799999999997,
        196.098,
        197.108,
        198.10899999999998,
        199.118,
        200.128,
        201.13799999999998,
        202.139,
        203.14999999999998,
        204.15800000000002,
        205.178,
        206.178
    ],
    "normal_params": 0.9648440043695734,
    "anomaly_patterns": {
        "0": {
            "bw": [
                1.289,
                1.273,
                1.258,
                1.281,
                1.297,
                0.922,
                0.922,
                0.922,
                0.938,
                0.961,
                1.281,
                1.273,
                1.25,
                1.273,
                1.297,
                0.938,
                0.938,
                0.938,
                0.953,
                0.977,
                0.938,
                0.938,
                0.93,
                0.953,
                0.977
            ],
            "params": 0.6951301038751667
        }
    },
    "pending_badcases": []
}