{
  "normal_bw": [
    1.28562290227,
    1.69371428571,
    1.81225717112,
    1.79593650794,
    2.18231786772,
    1.89553128103,
    2.24935968379,
    1.7756963037,
    1.64605490196,
    2.128,
    2.06450196078,
    2.00063241107,
    1.73251241311,
    1.853375,
    2.20618867925,
    1.73196403596,
    2.31257142857,
    1.73189019608,
    1.63958565737,
    2.32342857143,
    1.55862562066,
    1.83675524476,
    1.67989008832,
    2.12557768924,
    1.80500297324,
    1.74338033764,
    2.24713919052,
    2.024375,
    1.89311415525,
    2.15381418581,
    1.89283137255,
    2.23657142857,
    1.9943083004,
    2.11079365079,
    2.33587351779,
    1.5368897716,
    1.94100691017,
    1.92984920635,
    1.46443478261,
    1.824,
    1.62868525896,
    1.78057142857,
    1.73358979392,
    1.95275294118,
    1.85923488603,
    1.87626569609,
    1.3557002997,
    1.52357647059,
    0.80286381323,
    0.850231075697,
    1.63905835806,
    1.77115684316,
    1.05836575875,
    1.1990438247,
    1.60751328192,
    1.63996003996,
    1.45152457551,
    1.73835764236,
    1.58965079365,
    1.83485714286,
    1.1500315877,
    1.37756643357,
    1.20156676558,
    0.807135777998,
    0.846857142857,
    0.568871287129,
    0.369142857143,
    0.250934911243,
    0.521142857143,
    0.418389912706,
    1.27028571429,
    1.44910671937,
    1.26184215784,
    1.55411320755,
    1.31171569595
  ],
  "normal_time": [
    1.008,
    2.019,
    3.027,
    4.04,
    5.047,
    6.059,
    7.06,
    8.08,
    9.088,
    10.108,
    11.12,
    12.127,
    13.152,
    14.159,
    15.16,
    16.168,
    17.188,
    18.192,
    19.2,
    20.207,
    21.208,
    22.227,
    23.231,
    24.24,
    25.24,
    26.253,
    27.276999999999997,
    28.372,
    29.372999999999998,
    30.392999999999997,
    31.401,
    32.413,
    33.42099999999999,
    34.43299999999999,
    35.44,
    36.453,
    37.461,
    38.473,
    39.480999999999995,
    40.485,
    41.492999999999995,
    42.512,
    43.532,
    44.541,
    45.64,
    46.641000000000005,
    47.661,
    48.68899999999999,
    49.693,
    50.693,
    51.694,
    52.721999999999994,
    53.726,
    54.893,
    55.894000000000005,
    57.013000000000005,
    58.013999999999996,
    59.022000000000006,
    60.03,
    61.233000000000004,
    62.233999999999995,
    63.245000000000005,
    64.254,
    65.262,
    66.474,
    67.482,
    68.834,
    69.842,
    70.873,
    71.881,
    72.893,
    73.894,
    74.901,
    75.914,
    76.914
  ],
  "normal_params": 0.47279483226983177,
  "anomaly_patterns": {
    "0": {
      "bw": [
        1.41142857143,
        1.19879365079,
        1.73316334661,
        1.69990863952,
        2.00063241107,
        1.60076723277,
        1.91085714286,
        1.15193669634,
        1.57272547076,
        1.30348565776,
        1.06117140059,
        1.064,
        0.84217468106,
        1.15890509491,
        1.10414243323,
        0.879184815185,
        0.751058823529,
        0.684679245283,
        0.994909090909,
        0.891256916996,
        1.40196226415,
        1.52929644269,
        1.86955444555,
        1.54775769613,
        2.07728271728
      ],
      "params": 0.21636137875099398
    }
  },
  "pending_badcases": []
}