{
    "normal_bw": [
        0.0314482758621,
        0.166390670554,
        0.124011331445,
        0.107294117647,
        0.118023529412,
        0.135497142857,
        0.42638961039,
        0.432997032641,
        0.301401709402,
        0.194372200772,
        0.1216,
        0.195234886026,
        0.601970089731,
        0.218858789625,
        0.321882352941,
        0.26656379822,
        0.162534653465,
        0.148753398058,
        0.757680830973,
        0.888641584158,
        0.66535,
        0.670747274529,
        0.804483516484,
        0.729463126844,
        0.464253358925,
        1.45428158845,
        1.59622777223,
        1.23138949455,
        1.45593688363,
        1.8512238806,
        1.36881584158,
        1.37518334985,
        1.46117082917,
        1.61869803922,
        1.5770317757,
        2.14288111888,
        1.59625174825,
        2.07475916749,
        2.09652694611,
        1.98823575639,
        2.47542857143,
        1.71802967359,
        1.70396003996,
        2.25604757185,
        1.82204195804,
        2.41634851485,
        2.02931468531,
        2.01009316155,
        1.98254427295,
        1.41448330059,
        1.32335664336,
        0.437352363961,
        1.11939622642,
        1.02312437811,
        1.48437014925,
        1.71767765568,
        0.722375,
        1.61255445545,
        1.7381978022,
        1.59544444444,
        1.53734520277,
        1.22185178056,
        0.207048648649,
        0.341386138614,
        0.715152475248,
        0.650138613861,
        0.11250256996,
        0.479908484271,
        0.27625631068,
        0.418867326733,
        1.02902857143,
        1.16757597173,
        0.970505660377,
        1.35843650794,
        1.10261134632
    ],
    "normal_time": [
        1.03,
        2.089,
        3.109,
        4.129,
        5.179,
        6.18,
        7.191,
        8.244,
        9.54,
        11.16,
        12.169,
        13.172,
        14.213,
        15.233,
        16.244,
        17.254,
        18.284,
        19.344,
        20.354,
        21.474,
        22.483,
        23.484,
        24.501,
        25.543,
        26.543,
        27.544000000000004,
        28.553000000000004,
        29.568000000000005,
        30.573,
        31.583000000000006,
        32.592000000000006,
        33.592999999999996,
        34.61300000000001,
        35.683,
        36.684000000000005,
        37.684999999999995,
        38.693999999999996,
        39.696000000000005,
        40.714000000000006,
        41.722,
        42.733,
        43.734,
        44.743,
        45.74400000000001,
        46.754,
        47.755,
        48.764,
        49.995,
        51.013,
        52.013,
        54.25599999999999,
        55.263,
        56.267999999999994,
        57.27299999999999,
        58.365,
        59.452999999999996,
        60.46299999999999,
        61.46399999999999,
        62.472,
        63.483,
        64.52199999999999,
        65.632,
        66.642,
        67.65199999999999,
        68.662,
        70.41299999999998,
        71.46199999999999,
        72.49199999999999,
        73.50200000000001,
        74.55199999999999,
        75.684,
        76.744,
        77.75200000000001,
        78.93299999999999,
        79.93299999999999
    ],
    "normal_params": 1.7779015191361272,
    "anomaly_patterns": {
        "0": {
            "bw": [
                0.375,
                0.383,
                0.375,
                0.406,
                0.43,
                0.383,
                0.383,
                0.383,
                0.406,
                0.43,
                0.383,
                0.391,
                0.383,
                0.414,
                0.438,
                0.57,
                0.578,
                0.578,
                0.609,
                0.633,
                0.711,
                0.711,
                0.711,
                0.742,
                0.758
            ],
            "params": 0.7808581000909645
        }
    },
    "pending_badcases": []
}