{
    "normal_bw": [
        0.641907692308,
        0.593470588235,
        0.235815866797,
        0.504282352941,
        0.265432835821,
        0.467320754717,
        0.610086956522,
        0.977142857143,
        0.252553846154,
        0.572651162791,
        0.807433698903,
        0.800786627335,
        0.608603773585,
        0.491988011988,
        1.64596015936,
        1.67817279047,
        1.75163173359,
        2.23879245283,
        1.64605490196,
        1.80946613546,
        1.47022222222,
        1.61809390609,
        1.08824615385,
        0.705714285714,
        0.865994065282,
        0.610338461538,
        0.439755932203,
        0.973042957043,
        1.07485714286,
        0.95259347181,
        1.07598001998,
        0.956377358491,
        1.3524028777,
        1.35058178257,
        1.0759245283,
        1.16323137255,
        1.98387250996,
        0.90118065153,
        0.57044015444,
        0.597142857143,
        0.995893175074,
        1.07509881423,
        1.52933994054,
        1.6519245283,
        1.31344313725,
        1.62213438735,
        0.970793650794,
        1.50317786561,
        1.3562687747,
        1.62857142857,
        1.49096062992,
        1.61325896414,
        1.80333858268,
        2.19312142152,
        1.66730486594,
        2.05802938296,
        0.762239366963,
        1.95622641509,
        1.27930503455,
        1.85657142857,
        1.42255984174,
        1.98685714286,
        1.45359683794,
        1.10423976024,
        1.21720754717,
        1.21566007905,
        0.846017839445,
        0.713739130435,
        0.773320500481,
        1.03816600791,
        0.542941634241,
        0.26106870229,
        0.418447058824,
        0.925611940299,
        0.384889771599
    ],
    "normal_time": [
        1.088,
        2.109,
        3.129,
        4.201,
        5.208,
        6.22,
        7.228,
        8.268,
        9.3,
        10.304,
        11.321,
        12.328,
        13.329,
        14.333,
        15.34,
        16.361,
        17.368,
        18.388,
        19.392,
        20.4,
        21.401,
        22.441,
        23.449,
        24.46,
        25.46,
        26.639999999999993,
        27.641,
        28.648999999999994,
        29.660000000000004,
        30.660999999999994,
        31.668,
        32.779999999999994,
        33.800999999999995,
        34.808,
        35.827999999999996,
        36.832,
        37.845000000000006,
        38.88099999999999,
        39.889,
        40.9,
        41.912,
        42.921,
        43.928000000000004,
        44.948,
        45.96,
        46.967999999999996,
        47.98,
        48.992,
        50.00000000000001,
        51.00000000000001,
        52.004000000000026,
        53.01999999999999,
        54.03300000000002,
        55.04000000000003,
        56.060999999999986,
        57.07200000000001,
        58.07999999999999,
        59.093000000000025,
        60.101000000000006,
        61.11199999999997,
        62.12000000000001,
        63.13200000000001,
        64.13299999999998,
        65.13999999999999,
        66.15199999999999,
        67.161,
        68.173,
        69.21199999999999,
        70.22399999999999,
        71.25200000000001,
        72.30000000000001,
        73.32,
        74.32499999999999,
        75.332,
        76.332
    ],
    "normal_params": 1.1263572694442128,
    "anomaly_patterns": {
        "0": {
            "bw": [
                1.33321985816,
                1.54643478261,
                1.54495306859,
                1.81488911089,
                1.49937387836,
                1.74500787402,
                1.62459607843,
                1.86396812749,
                1.52450793651,
                1.20514285714,
                1.24240868707,
                0.514793650794,
                1.10203788634,
                1.68285714286,
                1.30557442557,
                1.73886792453,
                1.48698007968,
                1.86742857143,
                1.49045787909,
                2.12168545994,
                1.76546495558,
                1.73648269041,
                1.95117131474,
                1.9726798419,
                2.27139622642
            ],
            "params": 1.353789094313981
        }
    },
    "pending_badcases": []
}