{
    "normal_bw": [
        1.01641875,
        0.870891089109,
        0.772733944954,
        0.962415686275,
        0.956511397423,
        0.760895104895,
        1.1032,
        1.17631714569,
        1.35104253215,
        1.06875333333,
        1.10128627451,
        1.00563960396,
        0.969625371655,
        1.01336498516,
        1.03171456888,
        1.09635164835,
        1.19644114921,
        1.24444916004,
        0.92402747792,
        0.382657342657,
        0.347097621001,
        0.325069306931,
        0.556549950544,
        0.297225170584,
        0.515011764706,
        0.55321980198,
        0.736823762376,
        0.382891089109,
        0.650138613861,
        0.522315163528,
        0.73609495549,
        0.573100990099,
        0.447341922696,
        0.623184815185,
        0.497647058824,
        0.67180990099,
        0.170428249437,
        0.387017681729,
        0.769811965812,
        0.92102970297,
        0.509850980392,
        0.518855136084,
        0.385732937685,
        0.123894339623,
        0.244380582524,
        0.290748514851,
        0.557586413586,
        0.505693372898,
        0.286921348315,
        0.191254368932,
        0.609543026706,
        0.800044901777,
        0.764537782139,
        0.58038019802,
        0.612747252747,
        0.647476709613,
        0.561005940594,
        0.420025901943,
        0.546493847416,
        0.736823762376,
        0.835801980198,
        0.931865346535,
        0.576205736894,
        0.56879307026,
        0.650138613861,
        0.505086323957,
        0.965328047572,
        0.845388724036,
        0.467595765159,
        0.390083168317,
        0.246776470588,
        0.671017821782,
        0.890923364486,
        0.693481188119,
        0.34656,
        1.24937029703,
        1.43496503497,
        1.293002997,
        1.50532539683,
        1.43763726462,
        1.16595054402,
        1.1129029703,
        1.08670413223,
        1.32167920792,
        1.12553788587,
        1.54657342657,
        1.46750445986,
        1.40079207921,
        1.74017182817,
        1.61424175824,
        1.9808015873,
        1.41572027972,
        1.96355644356,
        1.22284046693,
        1.82480719281,
        1.44973493976,
        1.83824975025,
        1.24784158416,
        1.5458379409,
        1.46013944954,
        0.856864222002,
        0.657457425743,
        0.670869479882,
        0.975207920792,
        0.271351137488,
        1.0087135778,
        0.734766246363,
        0.71932647334,
        1.05148235294,
        0.759968031968,
        0.832483168317,
        0.77206673209,
        0.773304854369,
        0.929310689311,
        0.701002973241,
        0.985068249258,
        0.790667988107,
        0.695473684211,
        0.896511488511,
        0.433092768444,
        0.999743440233,
        0.68955044955,
        0.835171456888,
        0.552606666667,
        0.758495049505,
        0.502816528926,
        0.606796039604,
        0.500807920792,
        0.554724137931,
        0.693481188119,
        0.649646353646,
        0.893442557443,
        0.767650793651,
        0.488253214639,
        0.758636273538,
        0.892447082097,
        0.731599603568,
        0.915006923838,
        1.23526336634,
        0.741853465347,
        1.00435882908,
        0.975451518119,
        0.694168483647,
        0.686930693069,
        0.692062745098,
        0.740329411765,
        0.629916831683,
        0.721045544554,
        0.666917082917,
        0.660090284593,
        0.394729970326,
        0.387189669088,
        0.504282352941,
        0.389258741259,
        0.260819828408,
        0.499560830861,
        0.635124631992,
        0.768657425743,
        0.462624894157,
        0.728681863231,
        0.637394605395,
        0.370291377602,
        0.495623076923,
        0.520329411765,
        0.686041791045,
        0.52844012945,
        0.732868186323,
        0.68817254902,
        0.548180392157,
        0.646853171156,
        0.882402378593,
        0.461034482759,
        0.445914018692,
        0.560324752475,
        0.551952941176,
        0.647262745098,
        0.530305882353,
        0.751485148515,
        0.726407843137,
        0.605753063148,
        0.662108949416,
        0.808577645895,
        0.744816650149,
        0.632295229523,
        0.719262636274,
        0.784951048951,
        0.644451422964,
        0.769261477046,
        0.816317460317,
        0.805433663366,
        0.51022745098,
        0.655864135864,
        0.767952047952,
        0.641134909597,
        0.81721859545,
        0.733423984891,
        0.88932,
        1.01179030663,
        0.78321506442,
        0.995206779661,
        1.04786413586,
        0.952436760692,
        0.987357009346,
        0.942083168317,
        0.849886666667,
        0.914331428571,
        0.902483018868,
        0.903548961424,
        1.0850639481,
        1.12092707293,
        1.01275718533,
        0.880071287129,
        1.08398415842,
        1.14998601399,
        1.08629534192,
        1.25830267062,
        0.999468780971,
        0.934289108911,
        0.830922772277,
        0.659738613861,
        0.718935652174,
        0.92044,
        0.542470877769,
        0.665726273726,
        0.786861138861,
        0.69804137931,
        0.655625124626,
        0.21649851632,
        0.35017029703,
        0.661988118812,
        0.658849586777,
        0.576778702163,
        1.19663952334,
        0.470123741007,
        0.3026,
        1.11807333994,
        1.12202197802,
        1.05561638362,
        1.00409117939,
        1.27815384615,
        1.35329236868,
        1.4960959041,
        1.1913578848,
        1.53841030723,
        1.01232176122,
        1.26951698113,
        1.33086113886,
        1.55635282458,
        1.12751959967,
        1.6473046953
    ],
    "normal_time": [
        1.01,
        2.1,
        3.12,
        4.129,
        5.13,
        6.14,
        7.149,
        8.16,
        9.36,
        10.38,
        11.39,
        12.399,
        13.41,
        14.419,
        15.42,
        16.499,
        17.63,
        18.649,
        19.65,
        20.869,
        21.879,
        22.89,
        24.209,
        25.229,
        26.229,
        27.239000000000004,
        28.249000000000002,
        29.259,
        30.268,
        31.279000000000003,
        32.289,
        33.298,
        34.299,
        35.319,
        36.329,
        37.660000000000004,
        38.678999999999995,
        39.849,
        40.859,
        41.879,
        43.01800000000001,
        44.029,
        45.089000000000006,
        46.11900000000001,
        47.129,
        48.13,
        49.141,
        50.208999999999996,
        51.239,
        52.239,
        53.308000000000014,
        54.327999999999996,
        55.338000000000015,
        56.33899999999999,
        57.348000000000006,
        58.358,
        59.439000000000014,
        60.65800000000001,
        61.668,
        62.67799999999999,
        63.68800000000001,
        64.69900000000001,
        65.738,
        66.74800000000002,
        67.779,
        68.78800000000001,
        69.799,
        70.83800000000002,
        71.84800000000001,
        72.86800000000002,
        73.87800000000001,
        74.94800000000001,
        75.958,
        77.15800000000002,
        78.15800000000002,
        79.15900000000002,
        80.16000000000003,
        81.168,
        82.17700000000002,
        83.18800000000002,
        84.19800000000001,
        85.40800000000002,
        86.418,
        87.48700000000002,
        88.48800000000003,
        89.49700000000001,
        90.507,
        91.50800000000001,
        92.50900000000001,
        93.51700000000002,
        94.518,
        95.519,
        96.54700000000003,
        97.548,
        98.62700000000001,
        99.62800000000001,
        100.638,
        101.68700000000001,
        102.77700000000002,
        103.77700000000002,
        104.787,
        105.80600000000001,
        106.816,
        107.82700000000003,
        108.83599999999998,
        109.86699999999999,
        110.936,
        111.95599999999999,
        112.95700000000002,
        113.96700000000001,
        114.98600000000002,
        116.01599999999999,
        117.01700000000002,
        118.02599999999998,
        119.037,
        120.04600000000002,
        121.186,
        122.18699999999998,
        123.55600000000001,
        124.58599999999998,
        125.58700000000002,
        126.59600000000003,
        127.79600000000002,
        128.806,
        129.806,
        130.816,
        131.82600000000005,
        132.98600000000002,
        133.996,
        134.99700000000004,
        135.99800000000002,
        137.00600000000006,
        138.01700000000002,
        139.02600000000004,
        140.037,
        141.04600000000002,
        142.05700000000004,
        143.06700000000004,
        144.07700000000003,
        145.13600000000005,
        146.157,
        147.16600000000003,
        148.17600000000002,
        149.19600000000005,
        150.21600000000004,
        151.22600000000003,
        152.23600000000002,
        153.23700000000005,
        154.25600000000006,
        155.25600000000006,
        156.4950000000001,
        157.51500000000007,
        158.51600000000005,
        159.56500000000008,
        160.57600000000005,
        161.59500000000006,
        162.60500000000005,
        163.7860000000001,
        164.79500000000004,
        165.79600000000008,
        166.8050000000001,
        167.84500000000006,
        168.8650000000001,
        169.8700000000001,
        171.10600000000008,
        172.1150000000001,
        173.13500000000008,
        174.15500000000006,
        175.30600000000007,
        176.31500000000008,
        177.47500000000005,
        178.54500000000004,
        179.5550000000001,
        180.57500000000007,
        181.57500000000007,
        182.5950000000001,
        183.6050000000001,
        184.62500000000009,
        185.68600000000006,
        186.71500000000012,
        187.72600000000008,
        188.7350000000001,
        189.8460000000001,
        190.8550000000001,
        191.85600000000008,
        192.87500000000009,
        193.8770000000001,
        194.88500000000008,
        195.89500000000007,
        196.9150000000001,
        197.91600000000008,
        198.91700000000012,
        200.3550000000001,
        201.36600000000007,
        202.4250000000001,
        203.62500000000009,
        204.6360000000001,
        205.64500000000007,
        206.82500000000007,
        207.82500000000007,
        208.92400000000006,
        209.99400000000006,
        211.00400000000005,
        212.20400000000004,
        213.25400000000005,
        214.31400000000005,
        215.32500000000007,
        216.40400000000008,
        217.40500000000006,
        218.41400000000007,
        219.42400000000006,
        220.43400000000005,
        221.43500000000003,
        222.44400000000005,
        223.45500000000007,
        224.46400000000008,
        225.47400000000007,
        226.48400000000007,
        227.49400000000006,
        228.64400000000003,
        229.84400000000008,
        231.06300000000007,
        232.06400000000005,
        233.06500000000008,
        234.06500000000008,
        235.06800000000007,
        236.0790000000001,
        237.08900000000008,
        238.09900000000007,
        239.30900000000005,
        240.51100000000005,
        241.5190000000001,
        242.90900000000008,
        244.10900000000007,
        245.11800000000008,
        246.11900000000006,
        247.1200000000001,
        248.12900000000005,
        249.13000000000008,
        250.1390000000001,
        251.14000000000007,
        252.1990000000001,
        253.20800000000006,
        254.3890000000001,
        255.4490000000001,
        256.45000000000005,
        257.45900000000006,
        258.658,
        259.6590000000001,
        260.6590000000001
    ],
    "normal_params": 2.3763516627134353,
    "anomaly_patterns": {
        "0": {
            "bw": [
                0.938,
                0.938,
                0.938,
                0.953,
                0.977,
                1.164,
                1.164,
                1.148,
                1.172,
                1.195,
                0.977,
                0.984,
                0.977,
                1.0,
                1.016,
                0.938,
                0.938,
                0.938,
                0.953,
                0.977,
                0.484,
                0.5,
                0.492,
                0.516,
                0.539
            ],
            "params": 1.3417818159630435
        }
    },
    "pending_badcases": []
}