{
    "normal_bw": [
        0.908706811451,
        1.70288206145,
        2.08694549058,
        0.905453093812,
        0.966856007944,
        1.04799208704,
        0.902307567128,
        1.06737478992,
        1.02171428571,
        1.29568596663,
        1.09232475248,
        1.04856934307,
        1.4496238806,
        1.43474331021,
        1.18065742574,
        1.16326095238,
        1.07418830525,
        0.917362376238,
        0.858574257426,
        1.14789210789,
        1.33260654113,
        1.22997802198,
        1.03937464252,
        0.325069306931,
        0.448248543689,
        1.20446825397,
        1.31388509575,
        1.26059861249,
        1.41822177822,
        1.57779640719,
        1.16541199607,
        1.04321584158,
        1.0961980198,
        1.04815533981,
        1.48448316832,
        1.09814185814,
        0.943452923687,
        0.893127596439,
        1.08027750248,
        0.682645544554,
        0.568007928642,
        0.839722772277,
        0.549895566502,
        0.544007968127,
        0.782479921645,
        0.532663395486,
        0.433855302279,
        0.31578487395,
        0.476768316832,
        0.419401626016,
        0.573763106796,
        0.44217254902,
        0.357930624381,
        0.495563367253,
        0.977865168539,
        0.79451497006,
        0.820654404647,
        1.03207944389,
        1.30029170829,
        1.20118928263,
        1.59334387352,
        1.46721584158,
        1.77231568432,
        1.32725674326,
        1.28325396825,
        1.27682264151,
        1.87332408325,
        1.35273442623,
        1.80105346535,
        1.28308943089,
        1.35415714286,
        1.18168115942,
        1.59539156035,
        1.10631333333,
        1.35401387512,
        1.15123276723,
        0.999882352941,
        1.37348910891,
        0.964079338843,
        1.12009142857,
        1.10633102081,
        0.130627101879,
        0.925306865178,
        1.4180652819,
        0.793801668211,
        1.27730470685,
        1.53309803922,
        0.859140913508,
        0.613623762376,
        0.953536633663,
        0.772168792934,
        0.995893175074,
        0.702877330716,
        0.765314685315,
        0.511690782953,
        0.693855907781,
        1.51925470763,
        1.39338613861,
        1.29458358061,
        0.976800667223,
        1.34606169154,
        1.09287961477,
        1.29263492063,
        1.37016583417,
        1.01018849041,
        1.41834965035,
        1.26630969031,
        1.25006232295,
        1.58907433102,
        1.18651139241,
        1.70932007952,
        1.79235964036,
        1.15764075067,
        1.62455500496,
        1.0791018078,
        0.925796078431,
        0.956194251734,
        1.13621343874,
        0.691241502683,
        0.772641584158,
        0.779912727273,
        0.936079840319,
        0.616122137405,
        0.948754195459,
        0.834344554455,
        0.979403921569,
        1.17545816733,
        1.31070377734,
        1.29767128713,
        1.05659721083,
        1.41572827173,
        1.46969185476,
        1.13558974359,
        1.1321980198,
        1.43579405941,
        1.38182178218,
        1.0682112,
        1.50895841584,
        0.903936570862,
        1.12678140455,
        1.01065709156,
        1.47974527363,
        1.16016650149,
        0.374340057637,
        0.579956820412,
        0.992174085064,
        0.905695916594,
        1.12563726462,
        0.985355149182,
        1.05893861386
    ],
    "normal_time": [
        1.009,
        2.018,
        3.02,
        4.027,
        5.038,
        6.267,
        7.457,
        8.458,
        9.477,
        10.487,
        11.583,
        12.588,
        13.597,
        14.607,
        15.657,
        16.667,
        17.677,
        18.687,
        19.688,
        20.697,
        21.698,
        22.747,
        23.757,
        24.787,
        25.787,
        26.98800000000002,
        27.997000000000007,
        28.99800000000001,
        30.00000000000002,
        31.017000000000017,
        32.02700000000001,
        33.037,
        34.067,
        35.07700000000002,
        36.078000000000024,
        37.08700000000001,
        38.098000000000006,
        39.10700000000002,
        40.11700000000001,
        41.126,
        42.13700000000002,
        43.15200000000001,
        44.157000000000004,
        45.17800000000002,
        46.197000000000024,
        47.207000000000015,
        48.39700000000001,
        49.407000000000004,
        50.63700000000002,
        51.63700000000002,
        52.657000000000004,
        53.66600000000002,
        54.74700000000001,
        55.81500000000002,
        56.817,
        57.850000000000016,
        58.85700000000002,
        59.858,
        61.01500000000001,
        62.02700000000001,
        63.037,
        64.03800000000001,
        65.03900000000002,
        66.04700000000003,
        67.10700000000003,
        68.11700000000002,
        69.33700000000002,
        70.34700000000001,
        71.57700000000003,
        72.69700000000003,
        74.07700000000003,
        75.09700000000001,
        76.29700000000003,
        77.30600000000001,
        78.30600000000001,
        79.32600000000002,
        80.33600000000001,
        81.54600000000002,
        82.596,
        83.60500000000002,
        84.61600000000001,
        85.82500000000002,
        86.83600000000001,
        87.91500000000002,
        89.126,
        90.14600000000002,
        91.17500000000001,
        92.185,
        93.19500000000002,
        94.215,
        95.226,
        96.245,
        97.24600000000001,
        98.25500000000002,
        99.29600000000002,
        100.30500000000004,
        101.31500000000003,
        102.326,
        103.525,
        104.525,
        105.77099999999999,
        106.77899999999997,
        107.78,
        108.97900000000001,
        109.97999999999999,
        110.98099999999997,
        112.03999999999999,
        113.049,
        114.23400000000001,
        115.23999999999998,
        116.24099999999996,
        117.35999999999999,
        118.369,
        119.41999999999999,
        120.43999999999997,
        121.44899999999998,
        122.46099999999998,
        123.57899999999998,
        124.58899999999997,
        125.689,
        126.691,
        127.739,
        128.75299999999996,
        129.763,
        130.763,
        131.76700000000002,
        132.77300000000005,
        133.78300000000004,
        135.00200000000004,
        136.00300000000001,
        137.02200000000002,
        138.15300000000005,
        139.16300000000004,
        140.17300000000003,
        141.18300000000002,
        142.43300000000002,
        143.443,
        144.45200000000003,
        145.46300000000005,
        146.57700000000003,
        147.58300000000006,
        148.592,
        149.633,
        150.65200000000002,
        151.66300000000004,
        152.81400000000005,
        153.823,
        154.86200000000005,
        155.87200000000004,
        156.87200000000004
    ],
    "normal_params": 1.801916664435331,
    "anomaly_patterns": {
        "0": {
            "bw": [
                1.289,
                1.273,
                1.25,
                1.281,
                1.297,
                1.164,
                1.164,
                1.148,
                1.172,
                1.195,
                1.281,
                1.273,
                1.25,
                1.273,
                1.297,
                1.023,
                1.031,
                1.023,
                1.039,
                1.062,
                0.906,
                0.906,
                0.898,
                0.922,
                0.945
            ],
            "params": 1.3011803031618636
        }
    },
    "pending_badcases": []
}