{
    "normal_bw": [
        0.9196003996,
        1.6307789891,
        1.78136986301,
        0.762523809524,
        0.798542574257,
        0.490456637168,
        0.700253465347,
        0.58716039604,
        0.42596302521,
        0.420278571429,
        0.294646153846,
        0.192225242718,
        0.203858823529,
        0.166765714286,
        0.257505882353,
        0.443936633663,
        0.622542574257,
        0.582894117647,
        0.546772277228,
        0.619825742574,
        0.477811764706,
        0.530946534653,
        0.280258823529,
        0.326215384615,
        0.321882352941,
        0.614581673307,
        0.763593333333,
        0.922729411765,
        0.618064761905,
        0.149236363636,
        0.159378640777,
        0.66122972973,
        0.857615920398,
        0.776855144855,
        1.11324909747,
        0.761148514851,
        0.985358641359,
        1.1811009901,
        1.03843168317,
        0.778246031746,
        0.509275247525,
        0.442949454906,
        0.460895127993,
        0.41737524558,
        0.572723672367,
        0.239649635036,
        0.112508411215,
        0.220984615385,
        0.185841509434,
        0.13174017094,
        0.151699009901,
        0.159378640777,
        0.19340990099,
        0.556561264822,
        0.50934082397,
        0.257505882353,
        0.131733333333,
        0.157846153846,
        0.11324929445,
        0.281334582943,
        0.131733333333,
        0.925962037962,
        0.542412318221,
        0.223130097087,
        0.100943889316,
        0.1054,
        0.1368,
        0.122966292135,
        0.242724752475,
        0.212504854369,
        0.235815866797,
        0.221197305101,
        0.386258823529,
        0.103095652174,
        0.116127433628,
        0.638273267327,
        0.72060990099,
        0.866851485149,
        1.08471287129,
        1.43087524752,
        0.666093161546,
        0.672305882353,
        0.325069306931,
        0.252553846154,
        0.180453928225,
        0.113840972872,
        0.151699009901,
        0.220984615385,
        0.186542574257,
        0.340315646259,
        0.511419354839,
        1.07857645968,
        1.05451111111,
        1.21581800198,
        1.06366699703,
        1.55263936064,
        0.850782953419,
        0.23827027027,
        1.18442070117,
        0.917461077844,
        2.22357936508,
        1.57694257426,
        1.82796923077,
        2.22298113208,
        2.50026508408,
        2.07245193261,
        1.7468635514,
        2.48166233766,
        2.37783151635,
        2.42714085914,
        1.5585952381,
        1.48921980198,
        1.78788118812,
        1.51780392157,
        1.74929070929,
        1.37422396857,
        1.56187908821,
        1.23236763237,
        1.84205940594,
        1.3743670265,
        1.77300332226,
        1.86373069307,
        1.48716749257,
        1.30171718882,
        1.19192079208,
        1.51245554446,
        1.62614901961,
        2.47613986014,
        2.54496729435,
        2.1664975025,
        2.24181418581,
        1.2548968254,
        0.791368631369,
        1.47498507463,
        2.17796435644,
        1.82667732268,
        1.11052812202,
        1.03919287834,
        1.13703896104,
        0.969978723404,
        0.612251748252,
        0.791001980198,
        0.907012884044,
        1.16909198813,
        1.77856633663,
        1.29925544554,
        1.47684752475,
        1.13238019802,
        1.29367920792,
        1.15783529412,
        1.38409411765,
        1.14281980198,
        1.04257777778,
        1.00771485149,
        0.980819180819,
        1.41002973241,
        0.523099099099,
        1.57576331361,
        1.19176936937,
        1.51699009901,
        1.13201186944,
        0.990569484937,
        1.22442772277,
        0.922141176471,
        1.2901018981,
        1.03146878097,
        1.67275924076,
        1.38724281467,
        1.0543223301,
        1.30027722772,
        0.964372277228,
        0.515105882353,
        0.356394103957,
        1.37092759295,
        0.516325396825,
        0.311040634291,
        1.10483168317,
        1.50165034965,
        1.69130624381,
        1.77353846154,
        1.67061946903,
        2.11027372627,
        2.04202180377,
        1.57503270565,
        2.04598612488,
        1.98791287129,
        2.10049150849,
        1.73619065777,
        1.46426164519,
        0.761042115573,
        0.553049562682,
        0.488761165049,
        0.153504950495,
        0.172266666667,
        0.214588235294,
        0.122736448598,
        0.159378640777,
        0.150211764706,
        0.218661338661,
        0.206081268583,
        0.903145631068,
        0.81998001998,
        0.748400396432,
        0.17747027027,
        0.105230769231,
        0.125074285714,
        0.159378640777,
        0.147323076923,
        0.11150049554,
        0.988113891286,
        0.79158390579,
        0.669301681503,
        0.530854311199,
        0.708739260739,
        0.648327868852,
        0.438316183349,
        0.192987509184,
        0.221845544554,
        0.860394366197,
        0.551872636816,
        0.114651428571,
        0.237464150943,
        0.2736,
        0.224641251222,
        0.324915758176,
        1.55454145854,
        1.62114285714,
        1.7004627451,
        1.86691764706,
        1.11316078431,
        1.14101898102,
        1.11241470311,
        1.07485714286,
        0.198034285714,
        0.306255192878,
        0.231507692308,
        0.17337029703,
        0.160941176471,
        0.161237569061,
        0.121375231054,
        0.225593889243,
        0.57485827552,
        0.312233009709,
        0.3416,
        0.752988235294,
        1.05220769231,
        1.22142657343,
        0.646436260623,
        0.96253214639,
        1.14483960396,
        0.802632309217,
        0.312685714286,
        0.57062970297,
        1.49396363636,
        1.47364752475,
        1.52567920792,
        1.08893413174,
        1.02158490566,
        0.851173553719,
        0.747659405941,
        0.617631683168,
        0.102882260597,
        1.29789203085,
        1.48620019822,
        0.638670623145,
        0.271159563925,
        0.270891089109,
        0.158633366633,
        0.127157242448,
        0.894971487818,
        1.27916883117,
        1.21224182359,
        1.4504950495,
        1.22342178218,
        1.47758641359,
        0.380406966086,
        0.297915132106,
        0.397053658537,
        0.42774,
        0.493552941176,
        0.229398058252,
        0.346740594059,
        0.331092307692,
        0.225414814815,
        0.270891089109,
        0.263060194175,
        0.390083168317,
        0.301845544554,
        0.366695495495,
        0.522785241249,
        0.521461121157,
        0.761809242871,
        0.695944554455,
        0.674933333333,
        0.642621782178,
        0.641486513487,
        0.496451485149,
        0.679936063936,
        0.707220573689,
        0.743016848365,
        0.922729411765,
        0.463405940594,
        0.382508737864,
        0.2432,
        0.206490566038,
        0.24199375,
        0.42875612145,
        0.521142857143,
        0.43721980198,
        0.330801007557,
        0.364287937743,
        0.4104,
        0.390083168317,
        0.448156862745,
        0.395192156863,
        0.393133980583,
        0.221694117647,
        0.173876635514,
        0.12048440367,
        0.160777006938,
        0.340082808281,
        0.622114851485,
        0.444745098039,
        0.134092365693,
        0.318944444444,
        0.818302608696,
        0.687392077607,
        0.715923743501,
        0.388262108262,
        0.348119284294,
        0.388902970297,
        0.593125,
        0.897488536155,
        1.50166567755,
        1.18074132805,
        1.09299310345,
        1.25756831683,
        1.46646953047,
        0.915545189504,
        0.745121568627,
        0.904807920792,
        1.4868971029,
        1.16847524752,
        1.30842418236,
        1.44655344655,
        1.0737509434,
        1.33782178218,
        1.03047770069,
        1.24917273576,
        1.31111287129,
        0.418447058824,
        0.328994174757,
        0.612251748252,
        0.467965014577,
        0.359133858268,
        0.536470588235,
        0.4988,
        0.373623529412,
        0.649495548961,
        0.530981169475,
        0.43382745098,
        0.34000776699,
        0.219761018609,
        0.334193091231,
        0.526952212389,
        0.506666666667,
        0.170311459354,
        0.204943820225,
        0.103245283019,
        0.106882466281,
        0.126276923077,
        0.261457725948,
        0.157846153846,
        0.168418300654,
        0.195041584158
    ],
    "normal_time": [
        1.01,
        2.032,
        3.04,
        4.05,
        5.18,
        6.19,
        7.2,
        8.39,
        9.51,
        10.55,
        11.58,
        12.6,
        13.65,
        14.67,
        15.68,
        16.69,
        17.71,
        18.72,
        19.73,
        20.75,
        21.76,
        22.78,
        23.82,
        24.84,
        25.84,
        27.040000000000003,
        28.060000000000006,
        29.110000000000003,
        30.210000000000004,
        31.240000000000006,
        32.42400000000001,
        33.429,
        34.43000000000001,
        35.539,
        36.54900000000001,
        37.55,
        38.56,
        39.56999999999999,
        40.59,
        41.599999999999994,
        42.608999999999995,
        43.81999999999999,
        44.839,
        45.95,
        47.31999999999999,
        48.39,
        49.42999999999999,
        50.489999999999995,
        51.66,
        52.66,
        53.69,
        54.69999999999999,
        55.71199999999999,
        56.78,
        57.8,
        58.879999999999995,
        59.91999999999999,
        60.98299999999999,
        62.05,
        63.129999999999995,
        64.131,
        65.3,
        66.33,
        67.631,
        68.752,
        69.79199999999999,
        70.86,
        71.86999999999999,
        72.89999999999999,
        73.92099999999999,
        74.96,
        75.97999999999999,
        77.36,
        78.49,
        79.49,
        80.50000000000001,
        81.51,
        82.52,
        83.53000000000002,
        84.55,
        85.57000000000001,
        86.58,
        87.61999999999999,
        88.651,
        89.72000000000001,
        90.73,
        91.77,
        92.78000000000002,
        94.25000000000001,
        95.49,
        96.58,
        97.66000000000001,
        98.671,
        99.67999999999999,
        100.681,
        101.69000000000001,
        103.022,
        104.22000000000001,
        105.222,
        106.222,
        107.23199999999999,
        108.27199999999998,
        109.33199999999998,
        110.34299999999998,
        111.35199999999999,
        112.42199999999998,
        113.42299999999999,
        114.43199999999997,
        115.43299999999998,
        116.45199999999998,
        117.46199999999997,
        118.472,
        119.49199999999998,
        120.49299999999998,
        121.59299999999998,
        122.60199999999999,
        123.603,
        124.61299999999999,
        125.63199999999999,
        126.96299999999998,
        127.97299999999997,
        128.98199999999997,
        130.163,
        131.173,
        132.173,
        133.19299999999998,
        134.194,
        135.203,
        136.204,
        137.20499999999998,
        138.213,
        139.214,
        140.35299999999998,
        141.363,
        142.364,
        143.41299999999998,
        144.424,
        145.42499999999998,
        146.553,
        147.554,
        148.564,
        149.573,
        150.584,
        151.59400000000002,
        152.604,
        153.614,
        154.624,
        155.634,
        156.65399999999997,
        157.65399999999997,
        158.66399999999996,
        159.84399999999997,
        160.85399999999996,
        161.85499999999993,
        162.86399999999995,
        163.97399999999996,
        165.19399999999993,
        166.30399999999995,
        167.31399999999994,
        168.32499999999996,
        169.35399999999996,
        170.36399999999995,
        171.38399999999993,
        172.38499999999996,
        173.39399999999998,
        174.39499999999995,
        175.40399999999997,
        176.43399999999994,
        177.44399999999993,
        178.45399999999998,
        179.47399999999996,
        180.76299999999995,
        181.78599999999997,
        182.79399999999995,
        183.79399999999995,
        184.80399999999995,
        185.80499999999998,
        186.814,
        187.81499999999997,
        188.94499999999996,
        189.94599999999994,
        190.95499999999996,
        191.96499999999995,
        192.97499999999994,
        193.98499999999999,
        194.98599999999996,
        196.03499999999994,
        197.04399999999995,
        198.06499999999997,
        199.09399999999997,
        200.12399999999994,
        201.134,
        202.21399999999997,
        203.23399999999995,
        204.30399999999995,
        205.33399999999997,
        206.35399999999996,
        207.355,
        208.36399999999995,
        209.36399999999995,
        210.36499999999998,
        211.37399999999994,
        212.48399999999995,
        213.52399999999997,
        214.57399999999998,
        215.60399999999996,
        216.64399999999998,
        217.653,
        218.99399999999994,
        220.01299999999995,
        221.02399999999997,
        222.033,
        223.03399999999996,
        224.254,
        225.32299999999995,
        226.68399999999994,
        227.694,
        228.759,
        229.76399999999998,
        230.814,
        231.87399999999994,
        232.91399999999996,
        233.94499999999996,
        234.95399999999998,
        235.95399999999998,
        236.96200000000002,
        237.982,
        239.00199999999998,
        240.02200000000002,
        241.023,
        242.08399999999997,
        243.092,
        244.14199999999997,
        245.153,
        246.193,
        247.203,
        248.22299999999998,
        249.309,
        250.393,
        251.96399999999997,
        252.97299999999998,
        254.00300000000001,
        255.083,
        256.10299999999995,
        257.14300000000003,
        258.144,
        259.203,
        260.21399999999994,
        261.22400000000005,
        262.22400000000005,
        263.2740000000001,
        264.2940000000001,
        265.3940000000001,
        266.4040000000001,
        267.4140000000001,
        268.41600000000005,
        269.4340000000001,
        270.6440000000001,
        271.6540000000001,
        272.6640000000001,
        273.9380000000001,
        275.105,
        276.11400000000003,
        277.1250000000001,
        278.1340000000001,
        279.1440000000001,
        280.1540000000001,
        281.44500000000005,
        283.374,
        284.3750000000001,
        285.3840000000001,
        286.3940000000001,
        287.4040000000001,
        288.4050000000001,
        289.4050000000001,
        290.6540000000001,
        291.8840000000001,
        293.08400000000006,
        294.10400000000004,
        295.1340000000001,
        296.1440000000001,
        297.1840000000001,
        298.2640000000001,
        299.2740000000001,
        300.3040000000001,
        301.3140000000001,
        302.32400000000007,
        303.4340000000001,
        304.4910000000001,
        305.5970000000001,
        306.61400000000003,
        307.624,
        308.6440000000001,
        309.6540000000001,
        310.6550000000001,
        311.6650000000001,
        312.6740000000001,
        313.68500000000006,
        314.6940000000001,
        315.6940000000001,
        316.70400000000006,
        317.73400000000004,
        318.8140000000001,
        319.874,
        321.154,
        322.17600000000004,
        323.1840000000001,
        324.20400000000006,
        325.3950000000001,
        326.4240000000001,
        327.46400000000006,
        328.47400000000005,
        329.494,
        330.514,
        331.5440000000001,
        332.5640000000001,
        333.634,
        334.72400000000005,
        335.73300000000006,
        336.84400000000005,
        337.85400000000004,
        338.874,
        339.93500000000006,
        340.95400000000006,
        341.95400000000006,
        343.19100000000003,
        344.345,
        345.398,
        346.4040000000001,
        347.4140000000001,
        348.6300000000001,
        349.7640000000001,
        350.7750000000001,
        351.7840000000001,
        352.9440000000001,
        353.95400000000006,
        354.95500000000004,
        355.98400000000004,
        357.004,
        358.0140000000001,
        359.0150000000001,
        360.0250000000001,
        361.0340000000001,
        362.0350000000001,
        363.095,
        364.105,
        365.11400000000003,
        366.18500000000006,
        367.19500000000005,
        368.19500000000005,
        369.225,
        370.226,
        371.255,
        372.275,
        373.29499999999996,
        374.31500000000005,
        375.33500000000004,
        376.346,
        377.355,
        378.375,
        379.405,
        380.42600000000004,
        381.55499999999995,
        382.68600000000004,
        383.76599999999996,
        384.78700000000003,
        385.855,
        386.91499999999996,
        387.975,
        389.015,
        390.044,
        391.08399999999995,
        392.155,
        393.16499999999996,
        394.16499999999996
    ],
    "normal_params": 3.0695846867718077,
    "anomaly_patterns": {
        "0": {
            "bw": [
                0.276371628372,
                0.553165510406,
                0.401457425743,
                0.403759223301,
                0.339897029703,
                0.42417254902,
                0.500578217822,
                0.396491089109,
                0.61103066271,
                0.75459009901,
                0.721357142857,
                0.601277192982,
                0.650796039604,
                0.491540726202,
                0.454646884273,
                0.436939805825,
                0.477801869159,
                0.890566336634,
                0.780792156863,
                1.11832079208,
                0.920905511811,
                0.797283168317,
                1.14790809191,
                0.844828543112,
                1.01035247525
            ],
            "params": 1.2478979614643677
        }
    },
    "pending_badcases": []
}