{
    "normal_bw": [
        1.03797002997,
        1.37987612388,
        0.787180819181,
        1.12750491159,
        0.993662135922,
        0.889876363636,
        0.912023076923,
        0.861284615385,
        1.2599000999,
        0.9123996004,
        0.828237691002,
        0.991224775225,
        1.0507009901,
        1.24264023786,
        0.927313373253,
        1.27758176412,
        1.30250148662,
        0.985633333333,
        1.33093861386,
        1.27312687313,
        0.908174235403,
        1.24191808192,
        1.02945928339,
        1.29655944056,
        1.36841188119,
        1.10758431373,
        0.726154455446,
        0.57348502994,
        0.81880781759,
        0.99020990099,
        0.961398601399,
        0.726776203966,
        0.798937704918,
        0.956083250743,
        0.716987512008,
        0.952467326733,
        0.962061938062,
        0.780886417792,
        0.946053946054,
        0.954465161923,
        0.837623762376,
        0.979572277228,
        0.721462537463,
        1.01761744301,
        0.71222970297,
        0.825206779661,
        0.879548717949,
        0.868435087719,
        0.988437030859,
        0.899219604147,
        0.660134653465,
        0.825718811881,
        0.549861386139,
        0.809019607843,
        0.266522167488,
        0.614538271605,
        0.32372519084,
        0.608846307385,
        0.59914370664,
        0.363391560353,
        0.456956521739,
        0.33983497053,
        0.307833171678,
        0.2808,
        0.30125443787,
        0.40143537415,
        0.343341176471,
        0.112744827586,
        0.568321568627,
        0.509288404361,
        0.247457330416,
        0.170284615385,
        1.06619623389,
        0.507336752137,
        1.01126073926,
        1.83331068931,
        0.987060455897,
        0.783646528404,
        0.857068965517,
        1.34017910448,
        1.19770974155,
        1.33562772277,
        1.0796627451,
        0.93718019802,
        0.715647175421,
        0.84144950495,
        0.616625742574,
        0.64255049505,
        0.547736997056,
        0.467652347652,
        0.400174430129,
        0.500411881188,
        0.577025242718,
        0.543711111111,
        0.659882758621,
        0.494584615385,
        0.283066666667,
        0.289413592233,
        0.158864516129,
        0.127342915811,
        0.145781160799,
        0.119310208127,
        0.108978640777,
        0.108356435644,
        0.484061538462,
        0.307252225519,
        0.47860058309,
        0.336996078431,
        0.3648,
        0.1368,
        0.154867924528,
        0.134218867925,
        0.147323076923,
        0.133825242718,
        0.151699009901,
        0.135111111111,
        0.182938053097,
        0.152617821782,
        0.27625631068,
        0.210693069307,
        0.273060740741,
        0.160941176471,
        0.127502912621,
        0.152706976744,
        0.129928767123,
        0.128752941176,
        0.132557798165,
        0.171670588235,
        0.17337029703,
        0.171670588235,
        0.268235294118,
        0.266415384615,
        0.150605504587,
        0.127502912621,
        0.14332647334,
        0.185841509434,
        0.147323076923,
        0.125273786408,
        0.195234886026,
        0.100438314176,
        0.460954274354,
        0.2752,
        0.225317647059,
        0.167707692308,
        0.270891089109,
        0.247916981132,
        0.321882352941,
        0.209923076923,
        0.246776470588,
        0.197394285714,
        0.300718351325,
        0.370875247525,
        0.280056838366,
        0.470121878122,
        0.255247058824,
        0.454827722772,
        0.566585414585,
        0.435698924731,
        0.415120706575,
        0.562896142433,
        0.485597621407,
        0.705166833167,
        0.675867684478,
        1.14184554455,
        0.710275229358,
        1.11524752475,
        0.65702209414,
        0.350961347869,
        0.421794174757,
        0.861162837163,
        1.06363137255,
        1.02215262636,
        1.01572827173,
        0.967072927073,
        0.874452380952,
        0.842996078431,
        0.993877227723,
        0.685299082569,
        0.8216,
        0.569259405941,
        0.60342962963,
        0.808293069307,
        0.70587961165,
        0.367065346535,
        0.433630188679,
        0.445976284585,
        0.664326530612,
        0.576470588235,
        0.574421428571,
        0.568541176471,
        0.42443498818,
        0.756580392157,
        0.799476709613,
        0.826376237624,
        0.689948802642,
        0.556045283019,
        0.278964705882,
        0.216712871287,
        0.453470763132,
        0.715670675301,
        0.546300884956,
        0.744223776224,
        0.490033366045,
        0.468601980198,
        0.550667972576,
        0.641529305681,
        0.721115009747,
        0.405527638191,
        0.555270175439,
        0.787746534653,
        0.732245544554,
        0.639865346535,
        1.01194455446,
        0.677682317682,
        0.694295684114,
        0.923762376238,
        0.773647524752,
        0.838954455446,
        1.13078811881,
        0.765211881188,
        1.13304554455,
        0.97982017982,
        0.99098089172,
        0.91478019802,
        0.730572413793,
        1.07264886251,
        0.708771799629,
        0.934718346253,
        1.00513153153,
        1.03425132743,
        1.09647952048,
        1.06263715111,
        1.16426347305,
        1.04986693148,
        1.13223343225,
        1.02778410206,
        0.949481874447,
        1.35721188119,
        1.21931668332,
        1.58411892963,
        1.17132551849,
        1.7443240324,
        1.1046490566,
        0.531778425656,
        0.577482352941,
        0.37939009901,
        0.256447058824,
        0.330083689155,
        0.901528712871,
        1.01472475248
    ],
    "normal_time": [
        1.001,
        2.002,
        3.02,
        4.05,
        5.15,
        6.19,
        7.23,
        8.231,
        9.232,
        10.41,
        11.411,
        12.421,
        13.43,
        14.432,
        15.441,
        16.45,
        17.65,
        18.66,
        19.661,
        20.74,
        21.741,
        22.969,
        23.97,
        24.98,
        25.98,
        26.98999999999999,
        27.992,
        29.219999999999995,
        30.23,
        31.23099999999999,
        32.28999999999999,
        33.50999999999999,
        34.51899999999999,
        35.56,
        36.56999999999999,
        37.571,
        38.83,
        39.831,
        40.849999999999994,
        41.86,
        42.870000000000005,
        43.870999999999995,
        44.879999999999995,
        45.89,
        47.06999999999999,
        48.239999999999995,
        49.379999999999995,
        50.57899999999999,
        51.64,
        52.64,
        53.64999999999999,
        54.65999999999998,
        55.67999999999999,
        56.69499999999998,
        57.90999999999998,
        58.95899999999999,
        59.961,
        60.969999999999985,
        61.98899999999999,
        63.00099999999999,
        64.01899999999999,
        65.05,
        66.05999999999999,
        67.074,
        68.24999999999999,
        69.27,
        70.71999999999998,
        71.74,
        72.74899999999998,
        74.11999999999999,
        75.15999999999998,
        76.169,
        77.33899999999998,
        78.33999999999999,
        79.33999999999999,
        80.349,
        81.45799999999998,
        82.61800000000001,
        83.623,
        84.62900000000003,
        85.63900000000002,
        86.659,
        87.669,
        88.67800000000001,
        89.688,
        90.698,
        91.70900000000002,
        92.72800000000002,
        93.729,
        94.73800000000001,
        95.748,
        96.77799999999998,
        97.85800000000002,
        99.01799999999999,
        100.058,
        101.07799999999999,
        102.10800000000002,
        103.34800000000003,
        104.80899999999998,
        105.80899999999998,
        106.818,
        107.84799999999997,
        108.85799999999996,
        109.89799999999998,
        110.909,
        111.938,
        112.95799999999998,
        113.97799999999997,
        115.01799999999999,
        116.07799999999999,
        117.13799999999999,
        118.17800000000001,
        119.20799999999998,
        120.21799999999998,
        121.27099999999997,
        122.28799999999997,
        123.29800000000002,
        124.32799999999999,
        125.33799999999998,
        126.688,
        127.70799999999998,
        128.738,
        129.813,
        130.90799999999996,
        131.90799999999996,
        132.99799999999993,
        134.01799999999992,
        135.02799999999996,
        136.04799999999994,
        137.06799999999993,
        138.10799999999995,
        139.19799999999992,
        140.22799999999995,
        141.2969999999999,
        142.3569999999999,
        143.39699999999993,
        144.42699999999996,
        145.43599999999992,
        146.74099999999993,
        147.74699999999996,
        148.80699999999996,
        149.82699999999994,
        150.86699999999996,
        151.87699999999995,
        152.93699999999995,
        153.95699999999994,
        154.99699999999996,
        156.01699999999994,
        157.06699999999995,
        158.06699999999995,
        159.07699999999994,
        160.76599999999996,
        161.76699999999994,
        162.78699999999998,
        163.79699999999997,
        164.79799999999994,
        166.00699999999995,
        167.02599999999995,
        168.03699999999998,
        169.04599999999994,
        170.04699999999997,
        171.22599999999994,
        172.23599999999993,
        173.32599999999996,
        174.33599999999996,
        175.37699999999995,
        176.38599999999997,
        177.41599999999994,
        178.41699999999997,
        179.43699999999995,
        180.44599999999997,
        181.44699999999995,
        182.44799999999998,
        183.45599999999996,
        184.45599999999996,
        185.46599999999995,
        186.55599999999998,
        187.56599999999997,
        188.57599999999996,
        189.6559999999999,
        190.66599999999988,
        191.69599999999997,
        192.70599999999996,
        193.7659999999999,
        194.77799999999996,
        195.85599999999994,
        196.87599999999992,
        197.99599999999992,
        199.0159999999999,
        200.2849999999999,
        201.30599999999998,
        202.31499999999988,
        203.32499999999987,
        204.5359999999999,
        205.59599999999995,
        206.61599999999993,
        207.62599999999992,
        208.63499999999993,
        209.71599999999995,
        210.71599999999995,
        211.71700000000004,
        212.73600000000005,
        213.74600000000004,
        214.767,
        215.87600000000003,
        216.902,
        218.09599999999995,
        219.23600000000005,
        220.24600000000004,
        221.25600000000003,
        222.26600000000002,
        223.276,
        224.277,
        225.36600000000004,
        226.37600000000003,
        227.38600000000002,
        228.39600000000002,
        229.406,
        230.416,
        231.426,
        232.42699999999996,
        233.526,
        234.536,
        235.69599999999997,
        236.69599999999997,
        237.77399999999994,
        238.935,
        240.04500000000002,
        241.175,
        242.176,
        243.21499999999997,
        244.21699999999993,
        245.224,
        246.23499999999996,
        247.25399999999996,
        248.38499999999993,
        249.39499999999992,
        250.39600000000002,
        251.40499999999992,
        252.51399999999995,
        253.62499999999994,
        254.685,
        255.714,
        256.734,
        257.74399999999997,
        258.76399999999995,
        259.935,
        260.945,
        261.955,
        262.955
    ],
    "normal_params": 1.0387027047720307,
    "anomaly_patterns": {
        "0": {
            "bw": [
                1.102,
                1.102,
                1.094,
                1.109,
                1.133,
                0.938,
                0.938,
                0.938,
                0.953,
                0.977,
                0.953,
                0.953,
                0.945,
                0.969,
                0.984,
                1.281,
                1.273,
                1.25,
                1.273,
                1.297,
                1.227,
                1.227,
                1.203,
                1.227,
                1.25
            ],
            "params": 0.8031591970259668
        }
    },
    "pending_badcases": []
}