{
    "normal_bw": [
        1.64635247525,
        1.95070529471,
        0.24423796034,
        0.273326673327,
        0.225579045837,
        0.38540952381,
        0.485338551859,
        0.727174852652,
        1.04056551724,
        1.22398414272,
        1.05024575425,
        1.21971060456,
        0.868191735537,
        1.34326336634,
        1.27517938553,
        1.3436963037,
        0.9598001998,
        1.30197802198,
        0.999538831065,
        1.24544666667,
        1.23438161838,
        1.33133266733,
        1.33901092354,
        1.05797966102,
        1.35465868263,
        1.1252754591,
        1.16423157895,
        1.01403396603,
        1.10053263708,
        1.02194648167,
        0.858973584906,
        1.02365634366,
        1.31789157631,
        1.28622924901,
        1.13233305299,
        1.34627228208,
        1.48197647059,
        0.902543872371,
        1.41830027298,
        1.21428619814,
        1.23423529412,
        1.21719357885,
        1.11529411765,
        1.05718230088,
        1.11117647059,
        1.09598596491,
        0.771229357798,
        0.850845154845,
        0.970782931354,
        1.28052521408,
        1.06877913043,
        0.915948051948,
        0.949338567223,
        0.91836963037,
        0.854105054509,
        0.838188235294,
        0.844137164041,
        0.892604949588,
        1.10345346535,
        0.6919,
        0.920870588235,
        0.685340482574,
        0.907182872435,
        1.0,
        0.868573333333,
        1.11153680079,
        0.726180392157,
        0.872730434783,
        0.837230188679,
        0.885914085914,
        1.01634093162,
        0.846431683168,
        0.908396190476,
        0.842347910593,
        0.900055504163,
        0.260055445545,
        0.1152,
        0.16963047619,
        0.379247524752,
        0.427081188119,
        0.637514563107,
        0.228403960396,
        0.225317647059,
        0.675968316832,
        0.268235294118,
        0.125342105263,
        0.49843960396,
        0.270748514851,
        0.220984615385,
        0.171670588235,
        0.423508910891,
        0.568269306931,
        0.802884086444,
        0.550741007194,
        0.825686313686,
        0.752674603175,
        0.672174257426,
        0.507001980198,
        0.507606183889,
        0.863024975025,
        0.602033027523,
        0.812007920792,
        0.807145098039,
        0.673261904762,
        1.16646706587,
        0.673243564356,
        0.301507692308,
        0.171670588235,
        0.288604373757,
        0.151699009901,
        0.551985964912,
        0.744071287129,
        0.716697029703,
        0.728171962617,
        1.09295575221,
        1.24064158416,
        0.845774257426,
        0.70179009901,
        0.584423153693,
        0.625634920635,
        0.499616528926,
        0.635059288538,
        0.456138996139,
        0.242030769231,
        0.27578245614,
        0.905966033966,
        0.867509322866,
        0.76152,
        0.817965048544,
        1.00348514851,
        1.01093861386,
        1.04874325674,
        1.05421782178,
        1.26816078753,
        1.01242352941,
        1.05557642358,
        1.14595408632,
        1.06461886792,
        1.14181818182,
        1.16845986125,
        0.636233432245,
        0.750203023758,
        0.778461538462,
        0.680743256743,
        1.02913193813,
        1.18804395604,
        1.00513020372,
        1.11383486239,
        1.11423846154,
        1.12655533981,
        0.531262135922,
        0.177645895153,
        0.300423529412,
        0.204460176991,
        0.200655478776,
        0.292852329039,
        0.173206470029,
        0.295192807193,
        0.250523809524,
        0.338925074925,
        0.247560353288,
        0.233528612997,
        0.268635226179,
        0.561958823529,
        0.359075606277,
        0.266161965423,
        0.557586413586,
        0.548825147348,
        0.980762250454,
        0.895576054956,
        0.660224188791,
        0.621264207378,
        0.506698065601,
        0.732488471392,
        0.937966303271,
        0.641592307692,
        1.01424332344,
        0.834130619169,
        0.608080066722,
        0.454646884273,
        0.634917082917,
        0.774194495413,
        0.73917938553,
        0.941764705882,
        1.06765517241,
        0.888237388724,
        0.742089197225,
        0.76987961165,
        0.855139622642,
        0.791923076923,
        0.695458267717,
        0.708237623762,
        0.501203252033,
        0.574083168317,
        0.537823076923,
        0.624290196078,
        1.0031049505,
        0.767883760684,
        0.899358415842,
        0.579801980198
    ],
    "normal_time": [
        1.001,
        2.06,
        3.061,
        4.13,
        5.39,
        6.412,
        7.431,
        8.591,
        9.6,
        10.601,
        11.61,
        12.82,
        13.83,
        14.839,
        15.84,
        16.841,
        17.842,
        19.091,
        20.291,
        21.292,
        22.293,
        23.3,
        24.48,
        25.482,
        26.482,
        27.622,
        28.623,
        29.772,
        30.781,
        31.841,
        32.842,
        34.041,
        35.053,
        36.242,
        37.263,
        38.283,
        39.662,
        40.761,
        41.942,
        42.961999999999996,
        44.021,
        45.262,
        46.392,
        47.412,
        48.552,
        49.642,
        50.643,
        51.721,
        52.772,
        53.772,
        54.773,
        55.79199999999998,
        56.792999999999985,
        57.802,
        58.82199999999998,
        59.90099999999999,
        60.992,
        62.00199999999999,
        63.202000000000005,
        64.22199999999998,
        65.34099999999998,
        66.46199999999999,
        67.69299999999998,
        68.89299999999997,
        69.91199999999998,
        70.93199999999999,
        72.082,
        73.142,
        74.14299999999997,
        75.15199999999999,
        76.16199999999998,
        77.21199999999999,
        78.24099999999999,
        79.32199999999997,
        80.32199999999997,
        81.46200000000002,
        82.51199999999997,
        83.52200000000002,
        84.53200000000001,
        85.56199999999998,
        86.57199999999997,
        87.59200000000001,
        88.602,
        89.62199999999999,
        91.14199999999997,
        92.15200000000002,
        93.162,
        94.20199999999997,
        95.22200000000001,
        96.232,
        97.24199999999999,
        98.26000000000002,
        99.37199999999999,
        100.374,
        101.38199999999998,
        102.39199999999997,
        103.40200000000002,
        104.631,
        105.63199999999998,
        106.63199999999998,
        107.64199999999997,
        108.66199999999995,
        109.66999999999999,
        110.67199999999994,
        111.68199999999999,
        112.72199999999995,
        113.74199999999999,
        115.25199999999998,
        116.26199999999997,
        117.40199999999996,
        118.41199999999995,
        119.42199999999994,
        120.49199999999999,
        121.62199999999999,
        122.63199999999998,
        123.64199999999997,
        124.65199999999996,
        125.65399999999997,
        126.66199999999995,
        127.87199999999999,
        128.884,
        129.92099999999996,
        130.96099999999998,
        132.10099999999997,
        133.10099999999997,
        134.11999999999998,
        135.21999999999994,
        136.24999999999997,
        137.25999999999996,
        138.26999999999995,
        139.27099999999993,
        140.28099999999998,
        141.49999999999997,
        142.51999999999995,
        143.52099999999993,
        144.60999999999993,
        145.66999999999993,
        146.67099999999996,
        147.67999999999992,
        148.69099999999995,
        150.07999999999996,
        151.24999999999997,
        152.25099999999995,
        153.34999999999994,
        154.35099999999997,
        155.47999999999993,
        156.56999999999996,
        157.60999999999993,
        158.63999999999996,
        159.63999999999996,
        160.65099999999993,
        161.67100000000002,
        162.68799999999996,
        163.701,
        164.71,
        165.76099999999994,
        166.76200000000003,
        167.76999999999995,
        168.77099999999993,
        169.78999999999994,
        170.821,
        171.85999999999999,
        173.22,
        174.62199999999993,
        175.72099999999998,
        176.72199999999995,
        177.73999999999998,
        178.84199999999996,
        179.86099999999996,
        180.87800000000001,
        181.88099999999994,
        183.07000000000002,
        184.24099999999996,
        185.24999999999997,
        186.24999999999997,
        187.26100000000005,
        188.44000000000003,
        189.63899999999998,
        190.65000000000006,
        191.65100000000004,
        192.74099999999996,
        193.74999999999997,
        194.76999999999995,
        195.93000000000004,
        196.941,
        197.95000000000002,
        198.98,
        200.04000000000005,
        201.08,
        202.35,
        203.35999999999999,
        204.59,
        205.6,
        206.63999999999996,
        207.66000000000005,
        208.67000000000004,
        209.84,
        210.85,
        211.85999999999999,
        212.85999999999999
    ],
    "normal_params": 2.5914800458571703,
    "anomaly_patterns": {
        "0": {
            "bw": [
                0.711,
                0.711,
                0.719,
                0.742,
                0.766,
                0.938,
                0.938,
                0.93,
                0.953,
                0.969,
                1.164,
                1.172,
                1.156,
                1.172,
                1.195,
                1.164,
                1.164,
                1.148,
                1.172,
                1.195,
                1.289,
                1.273,
                1.258,
                1.281,
                1.297
            ],
            "params": 0.8020721992329184
        }
    },
    "pending_badcases": []
}