{
    "normal_bw": [
        0.606255083179,
        3.10269266481,
        0.530528610354,
        1.08268426013,
        0.955210884354,
        1.15201584158,
        0.921226508408,
        0.872577478345,
        0.913694849368,
        0.921075386013,
        0.98452892562,
        1.31541839763,
        0.948170465808,
        0.906381800198,
        0.995324675325,
        1.10545081266,
        0.753640358015,
        0.963819607843,
        1.07782218148,
        1.01172857143,
        1.11258096173,
        1.00011521152,
        0.961781512605,
        0.980333625988,
        0.937873278237,
        0.491945631068,
        0.479619417476,
        0.355129411765,
        0.395453465347,
        0.509275247525,
        0.440665346535,
        0.444403960396,
        0.504594059406,
        0.694986138614,
        0.453453846154,
        0.324474796748,
        0.445945098039,
        0.469309594461,
        0.428298739088,
        0.438531053105,
        0.347930635838,
        0.343353224254,
        0.447537254902,
        0.406120911794,
        0.506485514486,
        0.502941176471,
        0.450225742574,
        0.469758415842,
        0.48438019802,
        0.565396078431,
        0.738870588235,
        0.698549019608,
        0.547834710744,
        0.764043956044,
        0.708744554455,
        0.594898245614,
        0.726933333333,
        0.78425982906,
        0.771044598612,
        0.633867457962,
        0.787801980198,
        0.51497029703,
        0.850274509804,
        0.519284742468,
        0.471542857143,
        0.59453716551,
        0.676942574257,
        0.536233962264,
        0.471017821782,
        0.531060194175,
        0.537911864407,
        0.502441558442,
        0.5104,
        0.39839223301,
        0.389145688801,
        0.314233663366,
        0.216729411765,
        0.74179766537,
        0.837634025717,
        0.721784556721,
        1.03262337662,
        0.823308108108,
        0.867871186441,
        0.927114563107,
        0.888728712871,
        1.00788107037,
        0.899948051948,
        1.04223587711,
        1.04281538462,
        1.34101558203,
        1.06728485885,
        1.03928648649,
        1.03693906094,
        1.38926673327,
        1.19316977429,
        1.20440751731,
        1.14566501487,
        1.02555401388,
        1.23882468168,
        1.40935064935,
        0.870236345581,
        0.802669306931,
        0.858507142857,
        1.07385346535,
        0.669832727273,
        0.761831516353,
        0.663416583417,
        0.506314563107,
        0.665244796829,
        0.37171909001,
        0.227139622642,
        0.276710500491,
        0.566561438561,
        0.333392307692,
        0.371883495146,
        0.230775269872,
        0.375161606268,
        0.307123076923,
        0.489776015857,
        0.295619047619,
        0.210138248848,
        0.520762645914,
        0.487631372549,
        0.296843283582,
        0.223564202335,
        0.49843960396,
        0.259415384615,
        0.332611764706,
        0.276089299461,
        0.444701684836,
        0.218671741199,
        0.1144,
        0.148897959184,
        0.297161923454,
        0.368494279176,
        0.408117762512,
        0.415857425743,
        0.369051612903,
        0.379623389495,
        0.410962376238,
        0.670986138614,
        0.493555771096,
        0.530946534653,
        0.173801941748,
        0.152140871177,
        0.140863366337,
        0.154661538462,
        0.246776470588,
        0.213423622047,
        0.394255615802,
        0.316246816846,
        0.390083168317,
        0.276310107949,
        0.176121502798,
        0.206081268583,
        0.205470355731,
        0.164180943215,
        0.221197305101,
        0.199712280702,
        0.111260628466,
        0.187969465649,
        0.194275728155,
        0.199938461538,
        0.105230769231,
        0.321899065421,
        0.140863366337,
        0.350393939394,
        0.317645528455,
        0.471490265487,
        0.3648,
        0.169952293578,
        0.265631067961,
        0.161394435352,
        0.166391154112,
        0.31702970297,
        0.100403669725,
        0.182221351616,
        0.215458015267,
        0.347428571429,
        0.14592,
        0.103245283019,
        0.100403669725,
        0.101333333333,
        0.127502912621,
        0.101804651163,
        0.140724035608,
        0.119310208127,
        0.106252427184,
        0.246776470588,
        0.196166037736,
        0.102948387097,
        0.368411881188,
        0.170382324688,
        0.437655384615,
        0.586457879088,
        0.856100755668,
        1.08420392157,
        0.801267326733,
        0.845469168901,
        1.19866798811,
        0.912583416583,
        0.878796039604,
        0.920102970297,
        0.972228980322,
        1.03139823009,
        1.23934257426,
        0.909520792079,
        0.898538687561,
        0.953401980198,
        0.915052947053,
        0.77619047619,
        1.00940850643,
        1.06083960396,
        1.07290196078,
        1.06758109361,
        1.10863726373,
        0.963503368624,
        0.961066666667,
        1.16219661017,
        1.5387972028,
        1.29729470529,
        0.970311986864,
        1.04702574257,
        0.191269199677,
        0.286881553398,
        0.367639215686,
        0.439475024486,
        0.677767083734,
        1.05204285714,
        1.2848189911,
        1.34272255489,
        1.34637537239,
        1.05275862069,
        1.18148910891,
        0.811437837838,
        1.1777022977,
        1.26786534653,
        1.05514640199,
        1.20780819181,
        1.11523488603,
        0.825253146853,
        1.00342178218,
        0.989562437562,
        0.589528756957,
        0.513854145854,
        0.705078295342,
        0.798257425743,
        0.708798471824,
        0.761115198451,
        1.00975686275,
        1.1432864222,
        1.07907292707,
        1.05813333333,
        0.856959365709,
        1.13537662338,
        1.15497546614,
        1.28906293706,
        1.29548051948,
        0.817393501805,
        1.21566433566,
        1.22032539683,
        1.04329270729,
        1.28975024975,
        1.23080919081,
        1.36387301587,
        1.41599200799,
        1.02992190153,
        1.36284638256,
        1.11417382617,
        1.20803992016,
        0.991296167247,
        1.18756923077,
        1.32167933884,
        1.20825371655,
        0.911499065421,
        1.03542222222,
        0.908578217822,
        0.519624347826,
        0.77424950495,
        0.496707692308,
        0.744047105005,
        0.752168807339,
        0.912336842105,
        0.872228571429,
        0.851696296296,
        0.781309803922,
        0.661219417476,
        0.299262862488,
        0.764341511286,
        0.378300952381,
        0.655984015984,
        0.656684615385,
        1.07025569871,
        0.896431568432,
        0.8698,
        0.980961538462,
        1.06263168124,
        0.946384615385,
        0.58715727003,
        0.696712871287,
        0.772403883495,
        0.614229126214,
        0.834914851485,
        0.492117091596,
        0.415456543457,
        0.404929057337,
        0.522997002997,
        0.47813592233,
        0.210701298701,
        0.280847890088,
        0.26606147809,
        0.446057942058,
        0.801160784314,
        0.967611881188,
        0.763124631992,
        0.184891824938,
        0.302551000953,
        0.262646153846,
        0.545299009901,
        0.501286686103,
        0.463192920354,
        0.456896358543,
        0.28439653513,
        0.18284952381,
        0.51024975025
    ],
    "normal_time": [
        1.077,
        2.178,
        3.239,
        4.268,
        5.278,
        6.289,
        7.328,
        8.357,
        9.458,
        10.547,
        11.558,
        12.567,
        13.578,
        14.579,
        15.748,
        16.977,
        17.997,
        19.088,
        20.208,
        21.227,
        22.338,
        23.528,
        24.667,
        25.757,
        26.757,
        27.787000000000003,
        28.806999999999984,
        29.817000000000004,
        30.826999999999995,
        31.836999999999986,
        32.84700000000001,
        33.857,
        34.86699999999999,
        35.90700000000001,
        37.137,
        38.15700000000001,
        39.168000000000006,
        40.198999999999984,
        41.31,
        42.347999999999985,
        43.387,
        44.40700000000001,
        45.416,
        46.417,
        47.43699999999998,
        48.447,
        49.456999999999994,
        50.466999999999985,
        51.486999999999995,
        52.486999999999995,
        53.50699999999998,
        54.595999999999975,
        55.59699999999998,
        56.607,
        57.746999999999986,
        58.887,
        60.05699999999999,
        61.065999999999974,
        62.077,
        63.08699999999999,
        64.09699999999998,
        65.11699999999999,
        66.14599999999999,
        67.33599999999998,
        68.34599999999998,
        69.356,
        70.416,
        71.42599999999999,
        72.45599999999999,
        73.636,
        74.637,
        75.65699999999998,
        76.68699999999998,
        77.696,
        78.696,
        79.71600000000001,
        80.744,
        81.755,
        82.804,
        83.805,
        84.91499999999999,
        86.095,
        87.125,
        88.13499999999999,
        89.144,
        90.14499999999998,
        91.154,
        92.19399999999999,
        93.285,
        94.45400000000001,
        95.564,
        96.565,
        97.56599999999997,
        98.58499999999998,
        99.596,
        100.60500000000002,
        101.61399999999998,
        102.63499999999999,
        103.63600000000002,
        104.63600000000002,
        105.64600000000002,
        106.76600000000002,
        107.77600000000001,
        108.87600000000003,
        109.88499999999999,
        110.88600000000002,
        111.916,
        112.92500000000001,
        113.93600000000004,
        114.99600000000004,
        116.01499999999999,
        117.01600000000002,
        118.05600000000004,
        119.08600000000001,
        120.10500000000002,
        121.12600000000003,
        122.166,
        123.17599999999999,
        124.20500000000004,
        125.507,
        126.53500000000003,
        127.555,
        128.627,
        129.65500000000003,
        130.65500000000003,
        131.695,
        132.71500000000003,
        134.014,
        135.024,
        136.075,
        137.175,
        138.20499999999998,
        139.224,
        140.536,
        141.555,
        142.565,
        143.805,
        144.81400000000002,
        145.824,
        146.834,
        147.865,
        148.875,
        149.90500000000003,
        150.98399999999998,
        151.99400000000003,
        153.034,
        154.05400000000003,
        155.324,
        156.615,
        157.615,
        158.625,
        159.644,
        160.89500000000004,
        161.904,
        162.916,
        163.95500000000004,
        164.99400000000003,
        166.13400000000001,
        167.216,
        168.264,
        169.29400000000004,
        170.334,
        171.37400000000002,
        172.44400000000002,
        173.454,
        174.51,
        175.74,
        176.87,
        178.25,
        179.34000000000003,
        180.37,
        181.59200000000004,
        183.039,
        184.04900000000004,
        185.04900000000004,
        186.07000000000005,
        187.11800000000005,
        188.18900000000002,
        189.23900000000003,
        190.29900000000004,
        191.38900000000007,
        192.46900000000005,
        193.49900000000002,
        194.78900000000004,
        195.8,
        196.80900000000003,
        197.83900000000006,
        198.85900000000004,
        199.91900000000004,
        201.15900000000005,
        202.16900000000004,
        203.21000000000004,
        204.51000000000005,
        205.51900000000006,
        206.71000000000004,
        207.73000000000002,
        208.74000000000007,
        209.85900000000004,
        210.86900000000003,
        211.86900000000003,
        212.87900000000002,
        213.889,
        215.00799999999998,
        216.13800000000003,
        217.14800000000002,
        218.15800000000002,
        219.17900000000003,
        220.18900000000002,
        221.19,
        222.19799999999998,
        223.209,
        224.219,
        225.23900000000003,
        226.31799999999998,
        227.42900000000003,
        228.46800000000002,
        229.51800000000003,
        230.69799999999998,
        231.699,
        232.7,
        233.918,
        234.928,
        236.16500000000002,
        237.195,
        238.195,
        239.21599999999995,
        240.255,
        241.37499999999994,
        242.38599999999997,
        243.38799999999998,
        244.39499999999992,
        245.555,
        246.565,
        247.675,
        248.676,
        249.68599999999998,
        250.89499999999992,
        251.89600000000002,
        252.90499999999992,
        254.33499999999998,
        255.34499999999997,
        256.34599999999995,
        257.4239999999999,
        258.426,
        259.435,
        260.445,
        261.492,
        262.5249999999999,
        263.545,
        264.545,
        265.546,
        266.566,
        267.575,
        268.57599999999996,
        269.59499999999997,
        270.59599999999995,
        271.5969999999999,
        272.705,
        273.70599999999996,
        274.714,
        275.715,
        276.71599999999995,
        277.7169999999999,
        278.72499999999997,
        279.72599999999994,
        280.90399999999994,
        281.91399999999993,
        282.915,
        283.917,
        285.065,
        286.10499999999996,
        287.315,
        288.324,
        289.39399999999995,
        290.39399999999995,
        291.40399999999994,
        292.55400000000003,
        293.564,
        294.604,
        295.62399999999997,
        296.714,
        297.854,
        298.974,
        300.05400000000003,
        301.074,
        302.104,
        303.17299999999994,
        304.19199999999995,
        305.242,
        306.243,
        307.28299999999996,
        308.292,
        309.29299999999995,
        310.373,
        311.41299999999995,
        312.44199999999995,
        313.482,
        314.493,
        315.503,
        316.503,
        317.53299999999996,
        318.54299999999995,
        319.6019999999999,
        320.6029999999999,
        321.6319999999999,
        322.633,
        323.66299999999995,
        324.66399999999993,
        325.68299999999994,
        327.21199999999993,
        328.2129999999999,
        329.2329999999999,
        330.243,
        331.2619999999999,
        332.4729999999999,
        333.522,
        334.56199999999995,
        335.57199999999995,
        336.6019999999999,
        337.7319999999999,
        338.80299999999994,
        339.8419999999999,
        340.892,
        341.893,
        342.893
    ],
    "normal_params": 1.0075467909702835,
    "anomaly_patterns": {
        "0": {
            "bw": [
                1.0230042337,
                0.955789097408,
                0.917178571429,
                0.84240235525,
                0.949392307692,
                0.935576470588,
                0.985269230769,
                0.930017699115,
                1.047952895,
                1.0881980198,
                1.03115284715,
                1.16589306931,
                1.27035877106,
                1.40936372646,
                1.2697980198,
                1.3763009901,
                1.36274925075,
                1.04017889088,
                1.56793612774,
                0.95348852459,
                1.04875124875,
                0.954656960874,
                1.18405,
                1.28174104683,
                1.13057342657
            ],
            "params": 0.6531188889831626
        }
    },
    "pending_badcases": []
}