{
    "normal_bw": [
        1.80517882118,
        1.53102598653,
        1.26663546355,
        1.17587326733,
        1.45822001982,
        0.902033966034,
        1.37859266601,
        1.91119280719,
        1.1619313052,
        1.23138217822,
        1.10707692308,
        1.67947252747,
        1.36012685828,
        1.74020571429,
        1.28068425842,
        0.89846884273,
        1.50129317981,
        1.90694905095,
        1.48197138315,
        0.921314121037,
        1.91980971259,
        1.48886692015,
        1.84500793651,
        1.95709381238,
        2.07314285714,
        1.95087524752,
        1.93916205534,
        1.95080952381,
        1.91260521739,
        1.89623762376,
        1.03376015857,
        1.02770829171,
        1.05182745098,
        1.39655849057,
        1.64701782178,
        1.25181960784,
        1.44061176471,
        2.11295049505,
        1.45991674926,
        1.19685914086,
        0.988294802172,
        1.16983816184,
        1.05282352941,
        1.13422931206,
        0.856015841584,
        0.59596039604,
        0.438906930693,
        0.761788235294,
        0.902037735849,
        0.400918811881,
        1.34929376855,
        1.52788107037,
        1.54360839161,
        2.0995944334,
        1.37615049505,
        1.30155932203,
        1.60845283019,
        1.58476723277,
        1.73137883284,
        1.46823435948,
        1.77704554455,
        1.47884115884,
        1.41078295342,
        1.52782574257,
        1.24287016848,
        1.47364752475,
        1.28105346535,
        1.50615445545,
        1.23105649158,
        1.10243168317,
        1.39525099602,
        1.00137848606,
        1.29844067797,
        0.88823015873,
        1.18225569871,
        0.90821760633,
        1.19310208127,
        0.860269306931,
        1.20263736264,
        0.938677227723,
        1.13741818182,
        1.24583316977,
        0.516798507463,
        1.19651241311,
        1.02836239316,
        1.12610589411,
        0.740995044599,
        1.02938613861,
        0.838604558969,
        0.809070373588,
        1.05105742574,
        1.0944,
        0.978140733399,
        1.54018632309,
        1.10199400599,
        0.890402378593,
        1.0944,
        0.964506930693,
        0.965597621407,
        1.04022178218,
        1.03816923077,
        1.08356435644,
        0.725270029674,
        1.08378325123,
        0.595013592233,
        0.942700990099,
        0.71151372549,
        0.47813592233,
        0.357576237624,
        0.289359773371,
        0.120467400508,
        0.553165510406,
        1.0670019802,
        0.769129411765,
        0.916137389598,
        0.59596039604,
        0.571341176471,
        0.39556626506,
        0.16188372093,
        0.867710604559,
        0.537972277228,
        0.287351152074,
        0.87722962963,
        0.815435294118,
        0.876698039216,
        1.20757185332,
        1.26772571429,
        1.41036563437,
        1.25619821606,
        1.33314909091,
        1.50466468843,
        1.10262178218,
        1.26348363636,
        1.3557002997,
        0.205670965221,
        1.13887016848,
        1.28665734266,
        1.30680673935,
        1.39247952048,
        1.44026957384,
        1.25741302409,
        1.9577029703,
        1.38133565217,
        1.7636107507,
        2.46650698603,
        1.6776,
        1.77735054618,
        1.75107418398,
        1.94157623762,
        2.30687712288,
        1.75623809524,
        1.86240949555,
        1.89142057942,
        1.42735841584,
        1.51253546454,
        2.20181565907,
        1.69871952428,
        1.53479215686,
        1.59824594852,
        2.11295049505,
        1.69468503937,
        1.6906374502,
        1.53118055556,
        1.89142057942,
        1.34790049751,
        1.55785229541,
        1.90896333003,
        1.394785645,
        1.672,
        1.72742457542,
        1.15734390486,
        0.998363203807,
        0.520626362735,
        0.24795,
        0.863712287712,
        0.98153419227,
        1.1786481665,
        0.633012858556,
        0.488087215064,
        0.626556862745,
        1.37232941176,
        0.690640776699,
        0.408392541708,
        0.553165510406,
        0.569418604651,
        0.490170542636,
        1.15915830116,
        0.292562376238,
        0.235503797468,
        0.336237859267,
        0.422172106825,
        0.626772815534,
        0.171382550336,
        0.195234886026,
        0.516988505747,
        0.184571428571,
        0.171167155425,
        0.212194174757,
        0.346740594059,
        0.353176470588,
        3.30074455446,
        3.23742657343,
        2.56221735468,
        2.66885114885,
        2.38745254745,
        2.1081849711,
        2.70891089109,
        1.73284396467,
        2.46450377834,
        3.70946283449,
        2.41027027027,
        3.16696103896,
        3.45484915085,
        3.40596031746,
        3.13255419416,
        0.160626223092,
        6.32505555556,
        4.08185414585,
        3.20673929961,
        4.92534124629,
        3.99104895105,
        4.11335864136,
        4.23976023976,
        4.29723260437,
        3.21432167832
    ],
    "normal_time": [
        1.039,
        2.15,
        3.16,
        4.169,
        5.17,
        6.179,
        7.18,
        8.199,
        9.209,
        10.249,
        11.25,
        12.259,
        13.309,
        14.408,
        15.419,
        16.548,
        17.55,
        18.809,
        19.85,
        20.859,
        21.911,
        22.919,
        23.921,
        24.929,
        25.929,
        26.941,
        27.948999999999998,
        29.099,
        30.108999999999998,
        31.118,
        32.119,
        33.138999999999996,
        34.199,
        35.209,
        36.229,
        37.248999999999995,
        38.259,
        39.268,
        40.269000000000005,
        41.55799999999999,
        42.559,
        43.57899999999999,
        44.647999999999996,
        45.658,
        46.66799999999999,
        47.678,
        48.69799999999999,
        50.007999999999996,
        51.018,
        52.018,
        53.027,
        54.028000000000006,
        55.117000000000004,
        56.12700000000001,
        57.13000000000001,
        58.137,
        59.138000000000005,
        60.150000000000006,
        61.15700000000001,
        62.167,
        63.168000000000006,
        64.177,
        65.188,
        66.197,
        67.20700000000001,
        68.21700000000001,
        69.227,
        70.23700000000001,
        71.247,
        72.251,
        73.256,
        74.259,
        75.26700000000001,
        76.27600000000001,
        77.27600000000001,
        78.28500000000001,
        79.29500000000002,
        80.296,
        81.30600000000001,
        82.406,
        83.42500000000001,
        84.49700000000001,
        85.50500000000001,
        86.67500000000001,
        87.67600000000002,
        88.68500000000002,
        89.69500000000001,
        90.70500000000001,
        91.85600000000001,
        92.86600000000001,
        93.88600000000001,
        94.89500000000001,
        95.90500000000002,
        96.906,
        97.915,
        98.92500000000001,
        99.93500000000002,
        100.94500000000001,
        101.95500000000001,
        102.95500000000001,
        103.965,
        104.97600000000003,
        105.99100000000001,
        107.02100000000002,
        108.031,
        109.05100000000002,
        110.08100000000002,
        111.09200000000001,
        112.15100000000001,
        113.33200000000002,
        114.34100000000001,
        115.35100000000003,
        116.37200000000001,
        117.39100000000002,
        118.40100000000001,
        119.42100000000002,
        120.5,
        121.53200000000001,
        122.54100000000003,
        123.55100000000002,
        125.721,
        126.80100000000002,
        127.82100000000003,
        128.841,
        129.841,
        130.89100000000002,
        131.892,
        132.901,
        134.00100000000003,
        135.012,
        136.022,
        137.122,
        138.123,
        140.68200000000002,
        141.69100000000003,
        142.692,
        143.70100000000002,
        144.702,
        145.711,
        146.832,
        147.84199999999998,
        148.99200000000002,
        150.07100000000003,
        151.07300000000004,
        152.08300000000003,
        153.091,
        154.10200000000003,
        155.11200000000002,
        156.113,
        157.113,
        158.14299999999997,
        159.14399999999995,
        160.154,
        161.15499999999997,
        162.164,
        163.17399999999998,
        164.19399999999996,
        165.243,
        166.253,
        167.26899999999995,
        168.274,
        169.426,
        170.42699999999996,
        171.43199999999996,
        172.43399999999997,
        173.44299999999998,
        174.474,
        175.48199999999997,
        176.48299999999995,
        177.49199999999996,
        178.753,
        179.762,
        181.04199999999997,
        182.04299999999995,
        183.04299999999995,
        184.05299999999994,
        185.0639999999999,
        186.07299999999992,
        187.0929999999999,
        188.113,
        189.14399999999995,
        190.16299999999995,
        191.17199999999997,
        192.204,
        193.36499999999995,
        194.402,
        195.41299999999995,
        196.993,
        198.0019999999999,
        199.01299999999998,
        200.04299999999995,
        201.38399999999996,
        202.39299999999997,
        203.43699999999995,
        204.445,
        205.4679999999999,
        206.498,
        207.50799999999998,
        208.52799999999996,
        209.52799999999996,
        210.52900000000005,
        211.71700000000004,
        212.71800000000002,
        213.719,
        214.757,
        215.767,
        216.78699999999998,
        217.978,
        218.98700000000002,
        220.09700000000004,
        221.098,
        222.099,
        223.10700000000003,
        224.16800000000006,
        225.19,
        226.19800000000004,
        227.199,
        228.22700000000003,
        229.238,
        230.23899999999998,
        231.24000000000007,
        232.24100000000004,
        233.247,
        234.248,
        235.248
    ],
    "normal_params": 0.815834296396847,
    "anomaly_patterns": {
        "0": {
            "bw": [
                1.406,
                1.391,
                1.367,
                1.391,
                1.406,
                1.289,
                1.273,
                1.258,
                1.281,
                1.297,
                1.438,
                1.422,
                1.398,
                1.414,
                1.43,
                1.289,
                1.273,
                1.258,
                1.281,
                1.297,
                1.961,
                1.93,
                1.891,
                1.906,
                1.914
            ],
            "params": 0.6286727449399259
        }
    },
    "pending_badcases": []
}