{
    "normal_bw": [
        1.00517082917,
        2.28732067932,
        1.47552848723,
        1.3809699115,
        1.17395555556,
        1.15082656095,
        0.951799814643,
        1.12481107814,
        1.20283893805,
        1.29974653465,
        1.39149306931,
        1.22952413793,
        1.50970629371,
        1.27705344995,
        1.4129447619,
        1.58938992042,
        1.52492368682,
        1.24860582524,
        1.49268275246,
        1.44125405405,
        1.23131898971,
        0.936566866267,
        0.890568880079,
        0.418209302326,
        0.150654867257,
        0.314059405941,
        0.472094117647,
        0.675516483516,
        0.626603921569,
        0.461639215686,
        0.389728585178,
        0.314130693069,
        0.629597621407,
        0.558544015826,
        0.584054901961,
        0.568658823529,
        0.453211881188,
        0.400443564356,
        0.460902738432,
        0.450193927522,
        0.274873786408,
        0.186413058907,
        0.204248543689,
        0.352031968032,
        0.764217475728,
        0.731760927743,
        0.94175049505,
        0.885851337958,
        0.713124752475,
        0.474851485149,
        0.783576470588,
        0.506360784314,
        0.745102081269,
        0.74487993283,
        1.0852,
        1.1158019802,
        0.977996039604,
        1.23593333333,
        1.1538745098,
        1.02258640777,
        0.774470588235,
        0.842196078431,
        0.920704950495,
        1.08912475248,
        0.956704950495,
        0.895105454545,
        0.864697720515,
        0.9603996004,
        0.912047571853,
        0.6657,
        0.907445614035,
        0.793679207921,
        0.384761530913,
        0.555676498573,
        0.142714754098,
        0.422506762849,
        0.413358818419,
        0.877059259259,
        0.810186666667,
        0.611576470588,
        0.39697254902,
        0.4512,
        0.894488306829,
        1.20514059406,
        0.878106930693,
        0.838980169972,
        1.11391833189,
        1.1957185332,
        1.23705094905,
        0.924283569641,
        1.18142319128,
        0.955996043521,
        0.966311199207,
        0.83895202952,
        0.99773359841,
        0.905813160032,
        0.803575817641,
        0.891302544769,
        0.821652892562,
        0.916848043676,
        0.844283286119,
        0.759063829787,
        0.90897254902,
        0.887184158416,
        0.726596078431,
        0.963611881188,
        0.676243809524,
        0.853486620416,
        0.458123636364,
        0.535945151812,
        0.342134110787,
        0.334999106345,
        0.371724275724,
        0.232599400599,
        0.941952191235,
        1.19395837463,
        0.880329331046,
        0.929628318584,
        0.445475256769,
        0.715231426132,
        0.918166975881,
        0.954907142857,
        0.863835567471,
        0.823273387829,
        0.893185332012,
        1.1329980198,
        1.2156990099,
        0.947757057314,
        1.1460652819,
        1.21200792079,
        1.00129538763,
        1.18691196835,
        0.779940179462,
        0.881403369673,
        0.923136974038,
        0.756539460539,
        0.524459273798,
        0.881886113886,
        0.942556987116,
        0.882981754996,
        0.66991952895,
        0.66462512364,
        0.476970645793,
        0.768842105263,
        0.424971428571,
        0.433011764706,
        0.385257142857,
        0.346740594059,
        0.216823300971,
        0.378500875657,
        0.275720930233,
        0.20462585034,
        0.297506796117,
        0.151699009901,
        0.277113402062,
        0.461364705882,
        0.513262752647,
        0.588043956044,
        0.607278493558,
        0.463216454456,
        0.547358415842,
        0.469383951682,
        0.995836530442,
        1.2934019802,
        1.02723018868,
        1.09901538462,
        1.08030434783,
        1.53714512922,
        1.1356036036,
        1.44249681529,
        1.38982646801,
        1.39195130435,
        1.50088311688,
        1.19460852329,
        1.68853861386,
        1.44187012987,
        1.75081335953,
        1.5641756487,
        1.24961438561,
        1.3795,
        1.49540712223,
        1.06527072927,
        1.47716283716,
        1.66691708292,
        1.51571043771,
        2.00951048951,
        1.63671986418,
        1.69591208791,
        1.42053721129,
        2.06845954046,
        1.39988980716,
        1.49639160839,
        1.88738461538,
        1.63246076795,
        1.69070769231,
        2.15093706294,
        1.59876123876,
        1.688,
        1.70566233766,
        1.69026163301,
        1.54981960784,
        0.950732673267,
        1.20155333333,
        1.37712982456,
        1.4727049505,
        1.34126779661,
        0.967319626168,
        1.35176237624,
        0.848533333333,
        1.0400137931,
        1.0764627451,
        0.983508910891,
        0.905924752475,
        0.802735586481,
        0.669743589744,
        0.77933163698,
        0.731100899101,
        0.777275247525,
        0.915540594059,
        0.986549450549,
        0.952294268606,
        1.25532145886,
        1.38404795205,
        1.03528712871,
        0.979873267327
    ],
    "normal_time": [
        1.002,
        2.02,
        3.15,
        4.321,
        5.33,
        6.409,
        7.42,
        8.55,
        9.56,
        10.57,
        11.73,
        12.731,
        13.76,
        14.81,
        15.941,
        16.95,
        17.98,
        19.1,
        20.21,
        21.279,
        22.281,
        23.29,
        24.322,
        25.339,
        26.339,
        27.359,
        28.36,
        29.380000000000003,
        30.4,
        31.439,
        32.449,
        33.458,
        34.469,
        35.489000000000004,
        36.509,
        37.519,
        38.529,
        39.588,
        40.609,
        41.639,
        43.047999999999995,
        44.077999999999996,
        45.079,
        46.109,
        47.23,
        48.24,
        49.249,
        50.25900000000001,
        51.269,
        52.269,
        53.28900000000001,
        54.29800000000002,
        55.489,
        56.549,
        57.55900000000002,
        58.56900000000001,
        59.769,
        60.78900000000001,
        61.81900000000001,
        63.17900000000002,
        64.19900000000001,
        65.209,
        66.21900000000002,
        67.22900000000001,
        68.32900000000001,
        69.33800000000002,
        70.34,
        71.34900000000002,
        72.38900000000001,
        73.52900000000002,
        74.53900000000002,
        75.55800000000002,
        76.60900000000001,
        77.82900000000001,
        78.82900000000001,
        79.98000000000002,
        81.06,
        82.26000000000002,
        83.28,
        84.30000000000001,
        85.38,
        86.45000000000002,
        87.46000000000001,
        88.47,
        89.529,
        90.68,
        91.69,
        92.691,
        93.89000000000001,
        94.899,
        95.91,
        96.91900000000001,
        98.00300000000001,
        99.00899999999999,
        100.23999999999998,
        101.249,
        102.31000000000003,
        103.52000000000001,
        104.619,
        105.619,
        107.02900000000002,
        108.049,
        109.059,
        110.07900000000004,
        111.08900000000003,
        112.13900000000004,
        113.148,
        114.24800000000002,
        115.27000000000001,
        116.299,
        117.41800000000003,
        118.41900000000001,
        119.41999999999999,
        120.424,
        121.43300000000002,
        122.59900000000002,
        123.72900000000001,
        124.80000000000004,
        125.97100000000003,
        127.049,
        128.169,
        129.28800000000004,
        130.38900000000004,
        131.398,
        132.398,
        133.408,
        134.57699999999997,
        135.588,
        136.59799999999998,
        137.617,
        138.62800000000001,
        139.631,
        140.64000000000001,
        141.75699999999998,
        142.758,
        143.77700000000002,
        144.778,
        145.787,
        146.93800000000002,
        147.95700000000002,
        148.968,
        149.98999999999998,
        150.99699999999999,
        152.117,
        153.13699999999997,
        154.32699999999997,
        155.33700000000002,
        156.367,
        157.509,
        158.509,
        159.53799999999998,
        160.568,
        161.578,
        162.83899999999997,
        163.859,
        164.898,
        165.89899999999997,
        166.908,
        167.929,
        168.939,
        170.09799999999998,
        171.29799999999997,
        172.30800000000002,
        173.36799999999997,
        174.408,
        175.513,
        176.51899999999998,
        177.629,
        178.72799999999998,
        179.869,
        181.01899999999998,
        182.02,
        183.02899999999997,
        184.03900000000002,
        185.03900000000002,
        186.057,
        187.059,
        188.05999999999997,
        189.068,
        190.107,
        191.10799999999998,
        192.109,
        193.10999999999999,
        194.29799999999997,
        195.299,
        196.477,
        197.47799999999998,
        198.64700000000002,
        199.648,
        200.737,
        201.73800000000003,
        202.739,
        203.93699999999998,
        204.977,
        205.97799999999998,
        206.979,
        207.987,
        208.98800000000003,
        210.12699999999998,
        211.12699999999998,
        212.13700000000009,
        213.33700000000002,
        214.477,
        215.487,
        216.66700000000006,
        217.737,
        218.74699999999999,
        219.82700000000003,
        220.987,
        222.0070000000001,
        223.01700000000008,
        224.02700000000007,
        225.03300000000004,
        226.04700000000005,
        227.22600000000003,
        228.227,
        229.237,
        230.24699999999999,
        231.24800000000008,
        232.41700000000006,
        233.59600000000003,
        234.597,
        235.607,
        236.617,
        237.617
    ],
    "normal_params": 1.4660326483364428,
    "anomaly_patterns": {
        "0": {
            "bw": [
                1.414,
                1.398,
                1.383,
                1.398,
                1.414,
                1.164,
                1.164,
                1.148,
                1.172,
                1.195,
                1.305,
                1.289,
                1.273,
                1.297,
                1.312,
                1.492,
                1.469,
                1.445,
                1.461,
                1.469,
                0.711,
                0.711,
                0.711,
                0.742,
                0.758
            ],
            "params": 0.6712846546253222
        }
    },
    "pending_badcases": []
}