{
    "normal_bw": [
        0.921727272727,
        2.93448607109,
        0.425788423154,
        1.06987819253,
        1.08043092963,
        0.847778437191,
        1.34588611389,
        1.04568874172,
        1.36706886518,
        0.967460449625,
        1.48273015873,
        1.3520553907,
        0.939287753569,
        1.35936444886,
        1.34075524476,
        0.954569911504,
        1.31091308691,
        1.2876003996,
        1.32682539683,
        1.03174876033,
        1.36695341923,
        1.07820487805,
        1.32360830861,
        1.38699206349,
        0.817872502379,
        1.03816592328,
        1.1287135778,
        1.14981333333,
        1.29897254902,
        1.41050949051,
        1.4680697888,
        1.34336633663,
        1.21547722772,
        1.00858613861,
        0.843699009901,
        0.784821052632,
        0.877043137255,
        0.858197802198,
        0.943040634291,
        0.974770909091,
        0.971896551724,
        0.9304,
        1.21892262488,
        1.00224533857,
        0.996242016807,
        0.945291089109,
        0.498130693069,
        0.752777006938,
        0.795892107892,
        0.917298701299,
        0.607768463074,
        0.497508840864,
        0.440015841584,
        0.506592666006,
        0.424639360639,
        0.782883168317,
        0.667088695652,
        0.577264957265,
        0.36090785645,
        0.25775858685,
        0.146285714286,
        0.882377952756,
        0.756441814596,
        0.534106692532,
        0.424444444444,
        0.349156580211,
        0.341455855856,
        0.354070588235,
        0.201668571429,
        0.374500840336,
        0.654969276511,
        1.03811298315,
        0.721886064855,
        0.965285714286,
        0.764766798419,
        0.224290196078,
        0.523028515241,
        0.262655586334,
        0.326529355149,
        0.239536463536,
        0.289694117647,
        0.210989090909,
        0.22501682243,
        0.186858119658,
        0.470698039216,
        0.520674509804,
        0.407409708738,
        0.567287128713,
        0.521012389381,
        0.783247058824,
        0.288899047619,
        0.249466798811,
        0.127379243453,
        0.104030798845,
        0.34300489716,
        0.323691089109,
        0.388119345525,
        0.323508910891,
        0.355210991168,
        0.363802371542,
        0.247801587302,
        0.351247524752,
        0.292758457907,
        0.222412573674,
        0.303097922849,
        0.30843148688,
        0.225819607843,
        0.311152941176,
        0.325069306931,
        0.218542574257,
        0.204480268682,
        0.271159563925,
        0.204601357905,
        0.225317647059,
        0.162283595922,
        0.254984210526,
        0.303398019802,
        0.3536,
        0.230582857143,
        0.237209852217,
        0.296069565217,
        0.246776470588,
        0.131580582524,
        0.49843960396,
        0.47036039604
    ],
    "normal_time": [
        1.041,
        2.043,
        3.061,
        4.212,
        5.223,
        6.224,
        7.432,
        8.463,
        9.664,
        10.672,
        11.683,
        13.014,
        14.021,
        15.022,
        16.152,
        17.153,
        18.154,
        19.162,
        20.372,
        21.382,
        22.612,
        23.623,
        24.631,
        25.682,
        26.682,
        27.691,
        28.740999999999996,
        29.761,
        30.761999999999997,
        31.850999999999996,
        32.861000000000004,
        33.870999999999995,
        34.881,
        35.89099999999999,
        37.03099999999999,
        38.051,
        39.05200000000001,
        40.06100000000001,
        41.161,
        42.321,
        43.411,
        44.432,
        45.45100000000001,
        46.641000000000005,
        47.650999999999996,
        48.661,
        49.67,
        50.67100000000001,
        51.672,
        52.672,
        53.69,
        54.69999999999999,
        55.708999999999975,
        56.70999999999998,
        57.72,
        58.869999999999976,
        60.03999999999999,
        61.071,
        62.089999999999975,
        63.20999999999998,
        64.226,
        65.23999999999998,
        66.27099999999999,
        67.279,
        68.32,
        69.42999999999998,
        70.44999999999999,
        71.5,
        72.69,
        73.69999999999999,
        74.70899999999997,
        75.85,
        76.85899999999998,
        77.87099999999998,
        78.87099999999998,
        79.88799999999998,
        80.971,
        82.00999999999999,
        83.01099999999997,
        84.03099999999995,
        85.13099999999997,
        86.20099999999996,
        87.37099999999998,
        88.39099999999996,
        89.411,
        90.44099999999997,
        91.45099999999996,
        92.58099999999996,
        93.601,
        94.65099999999995,
        95.65999999999997,
        96.69099999999997,
        97.72999999999996,
        98.75099999999998,
        99.76099999999997,
        100.79999999999995,
        101.81,
        102.82999999999998,
        103.84199999999998,
        104.84199999999998,
        105.85199999999998,
        107.12299999999999,
        108.142,
        109.15300000000002,
        110.18200000000002,
        111.202,
        112.22199999999998,
        113.23199999999997,
        114.24200000000002,
        115.43299999999999,
        116.44200000000001,
        117.47300000000001,
        118.493,
        119.572,
        121.09199999999998,
        122.10199999999998,
        123.12200000000001,
        124.17199999999997,
        125.18700000000001,
        126.22199999999998,
        127.24200000000002,
        128.272,
        129.28199999999998,
        130.29199999999997,
        131.29199999999997
    ],
    "normal_params": 1.015885247259525,
    "anomaly_patterns": {
        "0": {
            "bw": [
                1.281,
                1.266,
                1.25,
                1.273,
                1.289,
                1.164,
                1.164,
                1.148,
                1.172,
                1.195,
                1.289,
                1.273,
                1.258,
                1.281,
                1.297,
                1.164,
                1.172,
                1.156,
                1.172,
                1.195,
                1.164,
                1.164,
                1.148,
                1.172,
                1.195
            ],
            "params": 0.6353196029298497
        }
    },
    "pending_badcases": []
}