{
    "normal_bw": [
        0.985378217822,
        1.22671683168,
        1.19539345887,
        0.736563809524,
        0.769390609391,
        0.92346481665,
        0.827552917903,
        0.76650148662,
        0.624137931034,
        1.07718733961,
        0.895403921569,
        0.847096551724,
        0.990346117867,
        1.09277122877,
        1.34697998259,
        1.10123046489,
        1.19137254902,
        1.34564635365,
        0.938130217028,
        1.2380489716,
        1.35475123885,
        1.17826973027,
        1.06445166809,
        1.38240792079,
        1.27948051948,
        0.938,
        0.938,
        0.938,
        0.953,
        0.977,
        0.938,
        0.938,
        0.938,
        0.953,
        0.977,
        1.156,
        1.156,
        1.141,
        1.164,
        1.188,
        1.164,
        1.164,
        1.148,
        1.172,
        1.195,
        1.289,
        1.273,
        1.258,
        1.281,
        1.297,
        0.736815841584,
        0.836555555556,
        0.972253658537,
        0.961518481518,
        1.01240039643,
        1.01923960396,
        1.11925490196,
        0.940084955752,
        1.03897821782,
        0.781552475248,
        0.927443137255,
        1.06886336634,
        0.671556435644,
        0.73443960396,
        0.656823529412,
        0.61494013739,
        0.337207692308,
        0.475757057314,
        1.01958041958,
        0.808047105005,
        0.814465534466,
        1.09380594059,
        1.07470159027,
        0.938198319328,
        1.06805143422,
        0.805172277228,
        0.93199338843,
        0.849357142857,
        0.841681355932,
        0.649393377483,
        0.874803960396,
        0.850052434457,
        0.983899244332,
        0.899051612903,
        0.840023076923,
        0.926007272727,
        0.876682758621,
        1.12887920792,
        0.729308666018,
        0.777224419604,
        1.01495445545,
        0.762818691589,
        0.894935779817,
        0.808441904762,
        0.865956435644,
        1.08319524281,
        1.11941386139,
        0.806521478521,
        0.872325074331,
        1.01915247525,
        0.124011331445,
        0.159533527697,
        0.168369230769,
        0.194582857143,
        0.237464150943,
        0.18575049505,
        0.318757281553,
        0.211276630884,
        0.268498527969,
        0.372836036036,
        0.286881553398,
        0.193129411765,
        0.220215384615,
        0.270891089109,
        0.241230769231,
        0.332611764706,
        0.208191150442,
        0.47813592233,
        0.233217847769,
        0.217142857143,
        0.221197305101,
        0.174034285714,
        0.304907462687,
        0.180784236453,
        0.400918811881,
        0.973666333666,
        0.80826933576,
        1.00400792079,
        0.683619417476,
        1.06873986152,
        0.761752229931,
        0.94984,
        0.96064950495,
        0.50541981982,
        0.955968627451,
        0.657757264957,
        0.759992156863,
        0.881886113886,
        0.642933537051,
        0.862206349206,
        0.600139321723,
        0.750482213439,
        0.560119047619,
        0.43872293578,
        0.555758176412,
        0.804779220779,
        0.758979627989,
        0.906596078431,
        0.623144855145,
        0.972205940594,
        0.948475247525,
        0.695524137931,
        0.83907234886,
        0.795108891109,
        0.698719524281,
        1.03409108911,
        0.72723960396,
        0.655635643564,
        0.514763493621,
        0.635727002967,
        0.577656526006,
        0.57417029703,
        0.461538461538,
        0.436058309038,
        0.662201980198,
        1.31044155844,
        1.1988952734,
        1.56568712871,
        1.26168712871,
        1.21333066933,
        1.13165543071,
        1.16954302671,
        1.00343409248,
        1.54492581602,
        1.44433966034,
        1.41585614386,
        1.35191595033,
        1.5245300286,
        1.48546772767,
        1.40537029703,
        1.59681918082,
        1.05757823129,
        1.40833267327,
        1.20938036225,
        1.25817964072,
        1.24486986301,
        1.40340186916,
        1.43313438369,
        1.31566386555,
        1.136,
        1.26678295342,
        0.839623529412,
        1.09946853147,
        0.645369970559,
        0.897354455446,
        1.02378113208,
        1.51252612613,
        1.54960792079,
        1.13949357798,
        1.06910769231,
        0.371779104478,
        0.7412,
        0.476964705882,
        0.614457542458,
        0.588725470763,
        0.772820689655,
        0.492148148148,
        0.991813411079,
        1.29106382979,
        1.56339478261,
        1.8380654113,
        1.36613861386,
        1.45136806723,
        1.42890714286,
        1.49084363636,
        1.6893592233,
        1.70068331668,
        1.68254509415,
        1.31627155963,
        1.18902675917,
        0.255072927073,
        0.314233663366,
        0.342288518155,
        1.01315484515,
        0.684710500491,
        0.710976336547,
        0.916074402126,
        0.300836113837,
        0.191231372549,
        1.20262752294,
        1.64823976024,
        1.64805594406,
        1.63836203866,
        1.2447496063,
        1.31956843157,
        1.21331237721,
        0.819370919881,
        0.757470763132,
        0.904785840708,
        0.771192079208,
        0.422873786408,
        0.323423423423,
        0.764840336134,
        1.06943853211,
        1.05294545455,
        1.2747756654,
        1.09863212435,
        1.35233566434,
        1.49801218451,
        1.54431168831
    ],
    "normal_time": [
        1.01,
        2.019,
        3.069,
        4.07,
        5.079,
        6.09,
        7.099,
        8.201,
        9.37,
        10.39,
        11.55,
        12.62,
        13.621,
        14.77,
        15.781,
        16.801,
        17.802,
        19.0,
        20.021,
        21.03,
        22.031,
        23.2,
        24.21,
        25.211,
        26.211,
        27.221,
        28.229999999999997,
        29.279999999999998,
        30.281,
        31.29,
        32.301,
        33.31,
        34.412,
        35.580999999999996,
        36.601,
        37.760999999999996,
        38.830999999999996,
        39.832,
        40.980999999999995,
        41.992,
        43.012,
        44.013,
        45.211,
        46.232,
        47.241,
        48.242,
        49.411,
        50.421,
        51.422,
        52.422,
        53.501999999999995,
        54.732,
        55.733,
        56.742,
        57.751999999999995,
        58.772,
        59.901999999999994,
        60.912,
        61.922,
        62.94199999999999,
        63.95199999999999,
        64.96199999999999,
        65.97200000000001,
        66.99199999999999,
        68.011,
        69.05199999999999,
        70.221,
        71.22200000000001,
        72.24099999999999,
        73.24199999999999,
        74.25200000000001,
        75.322,
        76.512,
        77.523,
        78.523,
        79.733,
        80.85300000000001,
        82.03299999999999,
        83.543,
        84.553,
        85.62199999999999,
        86.81299999999999,
        88.053,
        89.09299999999999,
        90.19299999999998,
        91.35300000000001,
        92.363,
        93.38999999999999,
        94.553,
        95.56299999999999,
        96.63300000000001,
        97.72299999999998,
        98.773,
        99.78299999999999,
        100.793,
        101.803,
        102.804,
        103.81299999999999,
        104.82300000000001,
        105.82300000000001,
        106.852,
        107.89199999999997,
        108.94199999999998,
        110.00199999999998,
        111.01199999999997,
        112.042,
        113.25300000000001,
        114.27200000000002,
        115.38199999999998,
        116.412,
        117.43199999999999,
        118.47200000000001,
        119.482,
        120.52200000000002,
        121.542,
        122.672,
        123.70199999999997,
        124.845,
        125.85299999999998,
        126.89199999999997,
        127.94199999999998,
        128.94699999999997,
        129.96200000000002,
        130.972,
        131.972,
        133.071,
        134.08100000000005,
        135.11100000000002,
        136.12200000000004,
        137.131,
        138.23100000000002,
        139.241,
        140.35100000000003,
        141.371,
        142.54100000000003,
        143.561,
        144.56200000000004,
        145.871,
        146.88000000000002,
        147.97100000000003,
        148.98300000000003,
        149.991,
        151.08100000000005,
        152.09,
        153.09100000000004,
        154.22,
        155.24000000000004,
        156.241,
        157.251,
        158.251,
        159.41099999999997,
        160.42,
        161.42099999999996,
        162.42999999999998,
        163.43999999999997,
        164.451,
        165.46099999999998,
        166.48,
        167.49099999999996,
        168.50999999999996,
        169.51999999999995,
        170.521,
        171.54999999999998,
        172.55999999999997,
        173.56099999999995,
        174.63999999999996,
        175.64999999999995,
        176.66,
        177.66099999999997,
        178.72899999999996,
        179.73999999999998,
        181.189,
        182.19999999999996,
        183.201,
        184.201,
        185.24800000000002,
        186.29800000000003,
        187.429,
        188.439,
        189.44000000000003,
        190.46900000000002,
        191.479,
        192.528,
        193.53,
        194.69900000000004,
        195.76899999999998,
        196.84800000000004,
        198.03799999999998,
        199.03900000000007,
        200.04799999999997,
        201.06800000000007,
        202.06900000000005,
        203.08800000000005,
        204.09800000000004,
        205.158,
        206.268,
        207.278,
        208.36800000000002,
        209.408,
        210.408,
        211.42799999999997,
        212.44799999999995,
        213.44900000000004,
        214.45799999999994,
        215.61800000000002,
        216.69799999999995,
        217.72699999999995,
        218.80799999999996,
        219.95799999999994,
        220.96799999999993,
        221.97800000000004,
        223.16799999999998,
        224.28799999999998,
        225.388,
        226.41799999999998,
        227.41899999999995,
        228.42799999999997,
        229.518,
        230.52700000000002,
        231.528,
        232.53799999999998,
        233.557,
        234.55799999999996,
        235.57699999999997,
        236.57699999999997,
        237.706,
        238.72599999999997,
        239.74599999999995,
        240.83599999999998,
        241.83699999999996,
        242.83799999999994,
        243.97599999999997,
        245.24599999999995,
        246.24699999999993,
        247.26499999999996,
        248.27600000000004,
        249.28600000000003,
        250.41600000000003,
        251.42600000000002,
        252.456,
        253.566,
        254.75599999999994,
        255.84599999999998,
        257.05600000000004,
        258.10800000000006,
        259.26599999999996,
        260.26700000000005,
        261.41600000000005,
        262.41700000000003,
        263.41700000000003
    ],
    "normal_params": 0.9715951163143786,
    "anomaly_patterns": {
        "0": {
            "bw": [
                0.932859140859,
                1.48928220256,
                0.770887272727,
                1.31257542458,
                0.95494,
                1.39065734266,
                0.975577817531,
                1.26116283716,
                1.3177668952,
                0.980120567376,
                1.24980215475,
                1.38829306931,
                1.39690373281,
                1.34681318681,
                1.44131485149,
                1.4569030969,
                1.11117147708,
                1.4482957043,
                1.008122633,
                1.08632413793,
                1.31836163836,
                1.18772389381,
                1.05346324786,
                1.05756194252,
                0.91359266055
            ],
            "params": 0.8444681902464208
        }
    },
    "pending_badcases": []
}