{
    "normal_bw": [
        0.0518506876228,
        1.05083716284,
        2.6126789916,
        1.28484315684,
        1.32710944808,
        1.23331809524,
        1.49826163301,
        1.00485114885,
        1.07013676908,
        0.827624347826,
        1.19752871287,
        0.999480519481,
        1.14503096903,
        1.01012698413,
        0.955661248931,
        1.09150445986,
        0.850917082917,
        1.21846153846,
        1.29272727273,
        0.843273088381,
        1.16514059406,
        0.948917241379,
        0.795435971223,
        0.938443636364,
        0.833794340925,
        1.19965634366,
        0.880070726916,
        0.797238005644,
        0.795244094488,
        0.244685609533,
        0.311458292444,
        0.305105815062,
        0.140863366337,
        0.128117531832,
        0.453577981651,
        0.131855421687,
        0.262393606394,
        0.423733071639,
        0.357924752475,
        0.305317731773,
        0.440337585868,
        0.353774225774,
        0.492606291706,
        0.306571159284,
        0.582517343905,
        0.616,
        0.384293069307,
        0.728566866267,
        0.822247069432,
        1.05996467125,
        0.828966336634,
        0.63808627451,
        0.763386745796,
        0.460684752105,
        0.427976237624,
        0.564079207921,
        0.553215686275,
        0.509275247525,
        0.393890196078,
        0.477097963143,
        0.694223984143,
        0.751064516129,
        0.848427722772,
        0.758492035398,
        0.766208126858,
        0.780891108891,
        0.694831304348,
        1.14203137255,
        0.917164356436,
        0.876031683168,
        0.426101492537,
        0.570573426573,
        0.85984950495,
        0.666306703398,
        0.898283448959,
        0.746364696087,
        0.582925714286,
        0.511968627451,
        0.351843364757,
        0.419171456888,
        0.188861035422,
        1.04313663366,
        1.43472475248,
        1.13829484902,
        1.397239188,
        1.48144950495,
        1.27480519481,
        1.349296333,
        0.960120100083,
        1.35176237624,
        0.886553406224,
        0.875792307692,
        0.954737254902,
        0.940918811881,
        1.01531268731,
        1.01058983051,
        1.32187812188,
        1.36948412698,
        0.928854435831,
        1.21537193327,
        0.700043607532,
        1.28908691309,
        1.18714517583,
        1.55921678322,
        1.00825144748,
        1.31219180819,
        1.23545688801,
        0.56323960396,
        0.444310679612,
        0.476768316832,
        0.171032727273,
        0.725218781219,
        1.25943762376,
        1.3850703667,
        0.892084210526,
        1.13746389713,
        0.377564078578,
        0.694564472498,
        0.71436039604,
        0.643992156863,
        0.631263366337,
        0.521796078431,
        0.627701960784,
        0.788070588235,
        0.56982970297,
        0.162255192878,
        0.284699795779,
        0.375161606268,
        0.302974757282,
        0.28286749285,
        0.378872403561,
        0.25592864222,
        0.318476923077,
        0.404523476523,
        0.285149514563,
        0.357784615385,
        0.222225742574,
        0.252553846154,
        0.268235294118,
        0.124889316651,
        0.163996003996,
        0.244380582524,
        0.102232380952,
        0.173027667984,
        0.400522255193,
        0.209605673759,
        0.92664420218,
        1.09796302521,
        1.02625714286,
        1.33428971029,
        1.04209316155,
        1.01371881188,
        1.05094105894,
        1.16336698033,
        1.1516039604,
        0.828423280423,
        0.48,
        0.196337254902,
        0.383801980198,
        0.429211650485,
        0.874821178821,
        1.06787119234,
        1.61885314685,
        1.46074132805,
        1.27503716814,
        1.32074576271,
        1.25959322034,
        1.2702484361,
        1.42515884116,
        1.37866442389,
        1.49702857143,
        1.338,
        1.32043893805,
        1.45629306931,
        0.961422222222,
        1.49859478261,
        1.40122921914,
        1.55855544652,
        1.28365185185,
        1.30032,
        1.40408873114,
        1.34896,
        1.34920666667,
        1.59717227723,
        1.53598401598,
        1.11903862661,
        1.43566101695,
        1.28916683317,
        1.3145014985,
        1.49793915604,
        1.73641558442,
        1.54448412698,
        1.28931929825,
        1.41556043956,
        1.55321308226,
        1.28318415842,
        1.45774328358,
        1.44607363184,
        1.27065185185,
        1.29098101898,
        1.11756521739,
        1.47927777778,
        1.36101285856,
        0.564134831461,
        1.42278521479,
        1.0716686799,
        1.55196831683,
        1.2546779661,
        1.65307366638,
        1.81074603175,
        1.45499428571,
        1.50691171171,
        1.56643106796,
        0.75648,
        0.718948207171,
        0.766133083411,
        0.865633300297,
        1.02893768546,
        1.0487690783,
        1.25914814815,
        1.2088776699,
        1.08645565217,
        0.95318694362,
        0.966344562079,
        1.10383415597,
        1.01455598456,
        1.53135664336,
        1.32401186944,
        1.62952247752,
        1.21057142857,
        1.33807599629,
        1.57376223776,
        0.892701684836,
        0.586148916117,
        1.01277714286,
        1.03025742574,
        0.754887938409,
        0.493845544554,
        0.57377254902,
        0.552617821782,
        0.399405940594,
        0.424906666667,
        0.153465381245,
        1.13436214741,
        0.854921704658,
        0.360698039216,
        0.404505660377,
        0.354070588235,
        0.312300692384,
        0.853883052527
    ],
    "normal_time": [
        1.001,
        2.191,
        3.192,
        4.261,
        5.311,
        6.45,
        7.451,
        8.46,
        9.61,
        10.62,
        11.621,
        12.622,
        13.63,
        14.8,
        15.809,
        16.81,
        17.811,
        18.823,
        19.83,
        20.84,
        22.0,
        23.39,
        24.49,
        25.94,
        26.94,
        27.958000000000002,
        29.022000000000002,
        30.038000000000004,
        31.130000000000003,
        32.149,
        33.198,
        34.208000000000006,
        35.229,
        36.319,
        37.398,
        38.399,
        39.418,
        40.428000000000004,
        41.539,
        42.558,
        43.559000000000005,
        44.608000000000004,
        45.669000000000004,
        46.678000000000004,
        47.688,
        48.698,
        49.7,
        50.809000000000005,
        51.828,
        52.828,
        53.84800000000001,
        54.85900000000001,
        55.92800000000001,
        56.93800000000002,
        57.94800000000001,
        58.968,
        59.97800000000001,
        60.998000000000005,
        62.02900000000001,
        63.03800000000001,
        64.278,
        65.28800000000001,
        66.418,
        67.427,
        68.42800000000001,
        69.578,
        70.59800000000001,
        71.608,
        72.61800000000001,
        73.623,
        74.76800000000001,
        75.778,
        76.867,
        77.87700000000001,
        78.87700000000001,
        79.92699999999999,
        80.947,
        82.326,
        83.33599999999998,
        84.43699999999998,
        85.447,
        86.457,
        87.583,
        88.71699999999998,
        89.727,
        90.72800000000001,
        91.737,
        92.936,
        93.947,
        95.136,
        96.17599999999999,
        97.196,
        98.20599999999999,
        99.207,
        100.387,
        101.388,
        102.39599999999999,
        103.55699999999999,
        104.576,
        105.576,
        106.57700000000003,
        107.686,
        108.68699999999998,
        109.89599999999999,
        110.89700000000002,
        111.90599999999998,
        112.91600000000003,
        113.946,
        114.95599999999999,
        116.05600000000001,
        117.05699999999999,
        118.06699999999998,
        119.076,
        120.21599999999998,
        121.227,
        122.29600000000002,
        123.40599999999998,
        124.41600000000003,
        125.436,
        126.446,
        127.46599999999998,
        128.48600000000002,
        129.506,
        130.516,
        131.516,
        132.98499999999999,
        134.006,
        135.03599999999997,
        136.085,
        137.09599999999998,
        138.105,
        139.145,
        140.146,
        141.17600000000002,
        142.21599999999998,
        143.22599999999997,
        144.266,
        145.28599999999997,
        146.32500000000002,
        147.326,
        148.35599999999997,
        149.40599999999998,
        150.41799999999998,
        151.429,
        152.83899999999997,
        153.84799999999998,
        155.03799999999998,
        156.158,
        157.15900000000002,
        158.15900000000002,
        159.169,
        160.17000000000004,
        161.33900000000003,
        162.34900000000002,
        163.48300000000003,
        164.50900000000004,
        165.52900000000002,
        166.53900000000002,
        167.56900000000005,
        168.57000000000002,
        169.71900000000002,
        170.72000000000006,
        171.729,
        172.859,
        174.03900000000002,
        175.22000000000006,
        176.33900000000003,
        177.34000000000006,
        178.52900000000002,
        179.57900000000004,
        180.71900000000002,
        181.84900000000002,
        182.859,
        184.02900000000002,
        185.02900000000002,
        186.22,
        187.239,
        188.31900000000005,
        189.42000000000004,
        190.59900000000002,
        191.64899999999997,
        192.84900000000002,
        193.859,
        194.85999999999999,
        196.02500000000006,
        197.028,
        198.02900000000008,
        199.03000000000006,
        200.04900000000006,
        201.05000000000004,
        202.05800000000008,
        203.19800000000006,
        204.19900000000004,
        205.20800000000006,
        206.21800000000005,
        207.22300000000004,
        208.22800000000004,
        209.30800000000008,
        210.30900000000005,
        211.30900000000005,
        212.31800000000007,
        213.32900000000004,
        214.398,
        215.3990000000001,
        216.55800000000008,
        217.56800000000007,
        218.74800000000002,
        219.93000000000004,
        220.93800000000007,
        221.98800000000003,
        223.09800000000004,
        224.12800000000001,
        225.278,
        226.282,
        227.34900000000002,
        228.35800000000003,
        229.369,
        230.37800000000001,
        231.45800000000006,
        232.48800000000003,
        233.638,
        234.6490000000001,
        235.68800000000007,
        236.701,
        237.701,
        238.70199999999997,
        239.71299999999994,
        240.71400000000003,
        241.72199999999995,
        242.80100000000002,
        243.802,
        244.811,
        245.87200000000004,
        246.922,
        247.932,
        249.10099999999997,
        250.11099999999996,
        251.13099999999994,
        252.14099999999993,
        253.15100000000004,
        254.35099999999997,
        255.49199999999993,
        256.592,
        257.601,
        258.621,
        259.68100000000004,
        260.701,
        261.712,
        262.721,
        263.721
    ],
    "normal_params": 0.9401309773256132,
    "anomaly_patterns": {
        "0": {
            "bw": [
                0.789554896142,
                0.876241823588,
                0.660363636364,
                0.632261790183,
                0.524787212787,
                0.717991371872,
                0.973016683023,
                0.503152475248,
                0.474883168317,
                0.584071216617,
                0.661574092247,
                0.433425742574,
                0.226138613861,
                0.3352,
                0.423015384615,
                0.587278431373,
                0.441937254902,
                0.535001980198,
                0.418954954955,
                0.627776576577,
                0.411754455446,
                0.225317647059,
                0.467572932331,
                0.458773684211,
                0.268857435897
            ],
            "params": 1.016433189081842
        }
    },
    "pending_badcases": []
}