6.846109202827105	750	4.0	6.846109202827105	450283	6846.109202827105	1	-28.68826957215655
8.887386866595389	300	5.958722336231715	0.0	155580	2041.2776637682844	0.5461888724346092	-0.15000000000000002
10.128571356890593	300	8.717537845936512	0.0	139857	1241.1844902952027	0.5461888724346092	0.3
10.967481854556976	300	11.878627348270129	0.0	155432	838.910497666384	0.5461888724346092	0.3
11.688146882049843	300	15.157962320777262	0.0	163442	720.6650274928664	0.5461888724346092	0.3
13.038480187554473	750	17.80762901527263	0.0	318564	1350.3333055046287	0.5461888724346092	0.3
14.736593670817838	750	20.10951553200927	0.0	352642	1698.113483263366	0.5461888724346092	0.75
16.570856820230798	750	22.275252382596307	0.0	437162	1834.26314941296	0.5461888724346092	0.75
25.098120801449557	1850	17.747988401377548	0.0	852833	8527.263981218759	0.5461888724346092	0.75
28.461533043766874	1850	18.38457615906023	0.0	913888	3363.4122423173176	0.5461888724346092	1.85
31.814896090362723	1850	19.031213112464386	0.0	939819	3353.363046595847	0.5461888724346092	1.85
35.93360631257588	1850	18.912502890251233	0.0	917428	4118.710222213154	0.5461888724346092	1.85
39.831575928592585	1850	19.01453327423453	0.0	946851	3897.9696160166995	0.5461888724346092	1.85
42.91038520995032	1850	19.93572399287679	0.0	1036454	3078.8092813577387	0.5461888724346092	1.85
45.07648059373277	1850	21.769628609094347	0.0	821631	2166.095383782446	0.5461888724346092	1.85
47.605367631559915	1850	23.2407415712672	0.0	923170	2528.8870378271477	0.5461888724346092	1.85
52.83520756306155	2850	22.01090163976556	0.0	1491626	5229.839931501639	0.5461888724346092	1.85
56.637391076938805	2850	22.20871812588831	0.0	1358801	3802.183513877252	0.5461888724346092	2.85
60.961917943948386	2850	21.884191258878726	0.0	1537156	4324.526867009583	0.5461888724346092	2.85
65.12364801429081	2850	21.722461188536304	0.0	1336050	4161.730070342423	0.5461888724346092	2.85
67.79508761958348	2850	23.051021583243628	0.0	1415116	2671.439605292673	1.0333211889941292	2.85
70.9780304726125	2850	23.86807873021462	0.0	1468126	3182.942853029011	1.0333211889941292	2.85
76.25776231175129	2850	22.58834689107582	0.0	1505760	5279.731839138799	1.0333211889941292	2.85
80.4571992858829	2850	22.388909916944236	0.0	1323990	4199.436974131584	1.0333211889941292	2.85
84.75864028570366	2850	22.087468917123466	0.0	1383735	4301.440999820766	1.0333211889941292	2.85
89.34237494513977	2850	21.50373425768737	0.0	1480464	4583.734659436098	1.0333211889941292	2.85
95.46788660584672	2850	19.378222596980425	0.0	1547572	6125.511660706946	1.0333211889941292	2.85
99.45830652723433	2850	19.387802675592805	0.0	1141971	3990.4199213876195	1.0333211889941292	2.85
106.17925723524566	2850	16.66685196758146	0.0	1498470	6720.9507080113435	1.0333211889941292	2.85
111.0707290195151	2850	15.775380183312016	0.0	1561263	4891.471784269444	1.0333211889941292	2.85
113.68887539680948	1850	17.157233806017626	0.0	873429	2618.146377294389	1.0333211889941292	0.8500000000000001
116.99352865726092	1850	17.852580545566195	0.0	954453	3304.653260451433	1.0333211889941292	1.85
121.71116053446588	1850	17.13494866836124	0.0	885062	4717.631877204951	1.0333211889941292	1.85
125.14568391418517	1850	17.70042528864194	0.0	1035329	3434.523379719299	1.0333211889941292	1.85
128.2646991310696	1850	18.5814100717575	0.0	1026056	3119.0152168844425	1.0333211889941292	1.85
130.92758279056198	1850	19.918526412265127	0.0	943942	2662.883659492372	1.0333211889941292	1.85
132.94518540977813	1850	21.900923793048957	0.0	728962	2017.6026192161708	1.0333211889941292	1.85
135.48872253406677	1850	23.35738666876035	0.0	938587	2543.53712428861	1.0333211889941292	1.85
141.14449957863894	2850	21.701609624188173	0.0	1427478	5655.777044572177	1.0333211889941292	1.85
147.99374471371792	2850	18.85236448910918	0.0	1402287	6849.245135078989	1.0333211889941292	2.85
152.61107231960733	1850	18.235036883219767	0.0	858450	4617.327605889416	1.0333211889941292	0.8500000000000001
159.2904354132873	1850	15.555673789539792	0.0	1025005	6679.363093679974	1.0333211889941292	1.85
163.33075583742948	1200	15.51535336539761	0.0	599477	4040.320424142182	1.0333211889941292	0.5499999999999999
172.7384437250689	1200	10.107665477758232	0.0	634861	9407.687887639378	1.0333211889941292	1.2
176.76909797675887	750	10.077011226068237	0.0	398987	4030.654251689995	1.0333211889941292	0.3
182.06322506102578	750	8.78288414180134	0.0	393804	5294.127084266897	1.0333211889941292	0.75
186.6260153510557	750	8.220093851771383	0.0	331053	4562.790290029958	1.0333211889941292	0.75
188.78252249405136	750	10.063586708775723	0.0	314107	2156.5071429956583	1.0333211889941292	0.75
196.55195823074806	750	6.29415097207906	0.0	450283	7769.435736696663	1.0333211889941292	0.75
198.2414643399394	300	8.604644862887705	0.0	155580	1689.506109191356	1.0333211889941292	-0.15000000000000002
199.24541735368217	300	11.600691849144965	0.0	139857	1003.9530137427403	1.0333211889941292	0.3
200.70044294289326	300	14.14566625993388	0.0	155432	1455.025589211086	1.0333211889941292	0.3
203.53298601261176	300	15.313123190215354	0.0	163442	2832.543069718525	1.0333211889941292	0.3
205.08336698523772	300	17.762742217589395	0.0	126289	1550.3809726259599	1.0333211889941292	0.3
206.70765415423773	300	20.138455048589368	0.0	153295	1624.2871690000284	1.0333211889941292	0.3
207.59588829076478	300	23.250220912062353	0.0	173849	888.2341365270142	1.0333211889941292	0.3
208.45581749908268	300	26.39029170374444	0.0	150710	859.9292083179109	1.0333211889941292	0.3
210.40144872760675	750	28.44466047522039	0.0	362795	1945.63122852405	1.0333211889941292	0.3
212.27034778431715	750	30.575761418509966	0.0	353220	1868.8990567104272	1.0333211889941292	0.75
214.53832533219853	750	32.30778387062858	0.0	405134	2267.977547881381	1.0333211889941292	0.75
219.53683251489065	1200	31.309276687936464	0.0	624282	4998.507182692118	1.0333211889941292	0.75
222.19903987710686	1200	32.64706932572028	0.0	687371	2662.207362216186	1.0333211889941292	1.2
224.37934983079245	1200	34.466759372034666	0.0	526950	2180.309953685614	1.0333211889941292	1.2
226.95828276489473	1200	35.88782643793237	0.0	587876	2578.932934102296	1.0333211889941292	1.2
230.6144421072924	1850	36.23166709553469	0.0	966699	3656.159342397675	1.0333211889941292	1.2000000000000002
233.84821894085974	1850	36.997890261967356	0.0	885714	3233.7768335673377	1.0333211889941292	1.85
236.69154255501746	1850	38.154566647809645	0.0	987708	2843.3236141577067	1.0333211889941292	1.85
240.4531268693778	2850	38.39298233344932	0.0	1336050	3761.5843143603274	1.0333211889941292	1.85
247.78518656559035	2850	35.06092263723677	0.0	1415116	7332.059696212546	1.0333211889941292	2.85
267.30321821743365	2850	19.542890985393445	0.0	1468126	19518.031651843325	1.0333211889941292	2.85
275.96008248878996	1200	14.886026714037142	0.0	656471	8656.864271356304	1.0333211889941292	-0.44999999999999996
278.3404524401174	750	16.505656762709705	0.0	343800	2380.369951327436	1.0333211889941292	0.3
282.72056716323306	750	16.125542039594087	0.0	359903	4380.1147231156165	1.0333211889941292	0.75

