151711.612019866	750	4.0	2.740379482619269	450283	2740.379482619269	-11.033631775262856
151712.76635440806	300	6.845665457959466	0.0	155580	1154.3345420405337	-0.15000000000000002
151713.84432643402	300	9.767693432010608	0.0	139857	1077.9720259488574	0.3
151715.122242848	300	12.48977701802529	0.0	155432	1277.9164139853176	0.3
151716.28132256313	300	15.33069730292451	0.0	163442	1159.0797151007807	0.3
151717.1983533891	300	18.413666476936385	0.0	126289	917.0308259881224	0.3
151718.25648209165	300	21.35553777441035	0.0	153295	1058.1287025260344	0.3
151719.2566079637	300	24.355411902345033	0.0	173849	1000.125872065318	0.3
151720.06777782348	300	27.544242042584095	0.0	150710	811.1698597609393	0.3
151720.77700471831	300	30.835015147769635	0.0	139105	709.2268948144574	0.3
151724.20963020297	750	31.402389663086236	0.0	353220	3432.625484683397	0.3
151728.25278176912	750	31.359238096933943	0.0	405134	4043.1515661522926	0.75
151731.30500254754	750	32.30701731852042	0.0	386351	3052.220778413521	0.75
151734.5158795718	750	33.096140294259015	0.0	434409	3210.8770242614096	0.75
151736.7288488106	750	34.883171055437224	0.0	337059	2212.969238821788	0.75
151739.34533349995	750	36.26668636609781	0.0	366214	2616.484689339421	0.75
151741.39562946232	750	38.216390403705816	0.0	360831	2050.295962391987	0.75
151743.68929730967	750	39.92272255638132	0.0	372963	2293.6678473244933	0.75
151746.04642358972	750	41.56559627632424	0.0	405596	2357.126280057082	0.75
151748.21318433245	750	43.39883553360836	0.0	350713	2166.760742715877	0.75
151750.69873781034	750	44.913282055738414	0.0	386472	2485.5534778699503	0.75
151753.0392145503	750	46.57280531577324	0.0	399894	2340.4767399651787	0.75
151755.31057277697	750	48.30144708912111	0.0	401853	2271.3582266521294	0.75
151756.99998384522	750	50.61203602086595	0.0	343800	1689.4110682551639	0.75
151759.17993955032	750	52.432080315792355	0.0	359903	2179.9557050735916	0.75
151762.7169726551	750	52.895047211017996	0.0	379700	3537.0331047743566	0.75
151768.70209490947	750	50.90992495664833	0.0	425781	5985.122254369665	0.75
151772.42983377742	750	51.182186088673134	0.0	277716	3727.7388679751984	0.75
151778.32397765265	750	49.2880422134534	0.0	400396	5894.143875219738	0.75
151785.2681213923	750	46.34389847380327	0.0	400508	6944.1437396501315	0.75
151788.89819832557	750	46.71382154050886	0.0	358218	3630.0769332944124	0.75
151792.20120430048	750	47.41081556557937	0.0	400322	3303.005974929496	0.75
151796.2787200255	750	47.33329984056526	0.0	369834	4077.515725014108	0.75
151800.2113257879	750	47.40069407817517	0.0	412837	3932.6057623900947	0.75
151803.31228310437	750	48.299736761712076	0.0	401088	3100.957316463093	0.75
151805.6767914189	750	49.93522844715682	0.0	365161	2364.5083145552576	0.75
151807.4354593359	750	52.176560530166654	0.0	321064	1758.66791699017	0.75
151809.8159095446	750	53.79611032148288	0.0	361565	2380.450208683776	0.75
151811.99420740927	750	55.61781245679376	0.0	378327	2178.2978646891183	0.75
151814.85010105133	750	56.76191881472433	0.0	390680	2855.8936420694217	0.75
151817.20655432952	750	58.4054655365367	0.0	345516	2356.4532781876323	0.75
151819.68517656656	750	59.926843299489235	0.0	384505	1978.6222370474638	0.75
151823.5152176173	1200	59.544590865695476	0.0	599477	2882.2524337937566	0.75
151830.74701332164	1200	56.3127951613478	0.0	634861	7231.795704347677	1.2
151835.22792711944	1200	55.831881363553705	0.0	630203	4480.913797794088	1.2
151839.5366042821	1200	55.52320420087417	0.0	638661	4308.677162679541	1.2
151846.56976334966	1850	52.490045133337	0.0	830730	7033.159067537172	1.2000000000000002
151856.07747919904	2850	46.98232928393315	0.0	1364537	9507.715849403854	1.85
151859.10352657197	750	47.95628191103588	0.0	450283	3026.0473728972643	0.75
151862.0545398214	750	49.00526866157173	0.0	398865	2951.0132494641484	0.75
151864.4780134127	750	50.581795070279306	0.0	350812	2423.473591292429	0.75
151866.64475193684	750	52.41505654616834	0.0	382355	2166.738524110963	0.75
151869.18198231322	750	53.87782616977346	0.0	411561	2537.2303763948703	0.75
151871.88222244632	750	55.17758603665237	0.0	318564	2700.2401331210945	0.75
151875.05790326072	750	56.00190522225372	0.0	352642	3175.6808143986514	0.75
151879.54715847547	750	55.51265000749588	0.0	437162	4489.2552147578435	0.75
151885.90722360334	750	53.152584879617656	0.0	374758	6360.065127878218	0.75
151887.9338308181	750	55.12597766485347	0.0	362795	2026.6072147641798	0.75
151889.98945673293	750	57.0703517500541	0.0	353220	2055.625914799377	0.75
151892.36859369386	750	58.69121478913761	0.0	405134	2379.136960916489	0.75
151894.6162255199	750	59.56398122285694	0.0	386351	2127.2335662806727	0.75
151897.73975569863	750	59.69141526336514	0.0	434409	2372.565959491799	0.75
151901.34312391846	1200	59.690713263076894	0.0	526950	3000.702000288241	0.75
151905.13869631462	1200	59.89514086688012	0.0	587876	3795.572396196779	1.2
151910.16094777506	1200	58.8728894064457	0.0	617242	5022.2514604344215	1.2
151918.21042281354	1200	54.82341436797916	0.0	581493	8049.475038466541	1.2
151923.7563538083	1200	53.27748337320189	0.0	639204	5545.930994777269	1.2
151929.79291037028	750	51.2409268112123	0.0	350713	6036.556561989591	0.3
151932.65444708924	750	52.37939009223472	0.0	386472	2861.536718977572	0.75
151936.05796523642	750	52.9758719450593	0.0	399894	3403.518147175415	0.75
151939.6306698798	750	53.40316730167153	0.0	401853	3572.7046433877786	0.75
151942.39178771854	750	54.64204946295656	0.0	343800	2761.1178387149725	0.75
151945.48178210264	750	55.55205507885269	0.0	359903	3089.9943841038726	0.75
151949.11071722105	750	55.92311996045672	0.0	379700	3628.935118395972	0.75
151960.08222700324	750	48.95161017825937	0.0	425781	10971.509782197349	0.75
151965.32103155612	750	47.712805625378834	0.0	277716	5238.804552880537	0.75
151973.5497746981	750	43.48406248339749	0.0	400396	8228.743141981347	0.75
151976.93558516516	300	44.09825201633634	0.0	149029	3385.8104670611515	-0.15000000000000002
151979.48726344114	300	45.546573740352144	0.0	157421	2551.6782759841976	0.3
151983.0570505467	300	45.976786634832926	0.0	157488	3569.7871055192186	0.3
151989.8681820016	300	43.16565517988813	0.0	143881	6811.131454944798	0.3
151994.39126431628	300	42.642572865231465	0.0	163444	4523.082314656659	0.3
152000.57981820358	300	40.454018977940294	0.0	179328	6188.553887291171	0.3
152005.96846330707	300	39.06537387443744	0.0	159914	5388.645103502851	0.3
152010.2862229839	300	38.74761419763691	0.0	131610	4317.759676800531	0.3
152011.75017383345	300	41.283663348081184	0.0	124011	1463.9508495557213	0.3
152014.26732732856	300	42.766509852977784	0.0	144254	2517.1534951034023	0.3
152016.46027881303	300	44.57355836850645	0.0	149991	2192.9514844713353	0.3
152018.28344905307	300	46.75038812845907	0.0	147968	1823.1702400473728	0.3
152019.83180389955	300	49.20203328198154	0.0	161857	1548.3548464775279	0.3
152021.13235136264	300	51.90148581889281	0.0	145210	1300.5474630887334	0.3
152022.3444687604	300	54.689368421146774	0.0	172312	1212.1173977460364	0.3
152025.4631487558	750	55.57068842572357	0.0	398987	3118.6799954232156	0.3
152033.8641554879	1200	51.16968169362002	0.0	638661	8401.006732103548	0.75
152060.5096920074	1850	28.52414517410925	0.0	830730	26645.53651951077	1.2000000000000002
152079.35899557034	1200	13.67484161120652	0.0	550906	18849.30356290273	0.5499999999999999
152088.03592409118	750	8.997913090363106	0.0	450283	8676.928520843414	0.75
152090.5515269197	300	10.48231026186971	0.0	155580	2515.602828493397	-0.15000000000000002
152092.97326309961	300	12.060574081946362	0.0	139857	2421.736179923349	0.3
152096.15074644441	300	12.883090737164641	0.0	155432	3177.4833447817205	0.3
152101.74898159405	300	11.284855587524556	0.0	163442	5598.235149640087	0.3
152103.2541736724	300	13.779663509161512	0.0	126289	1505.1920783630428	0.3
152104.52833742686	300	16.50549975468571	0.0	153295	1274.1637544758019	0.3
152105.72916190908	300	19.30467527248525	0.0	173849	1200.8244822004608	0.3
152106.64987153237	300	22.383965649178222	0.0	150710	920.7096233070281	0.3
152107.44226804984	300	25.591569131735852	0.0	139105	792.3965174423726	0.3
152108.50333847702	300	28.5304987045658	0.0	141840	1061.0704271700504	0.3
152109.60037720468	300	31.433459976904217	0.0	156148	1097.0387276615852	0.3
152110.66338632657	300	34.37045085501078	0.0	160746	1063.0091218934388	0.3
152113.0984801204	750	35.93535706121266	0.0	434409	2435.0937937981093	0.3
152115.31032567035	750	37.72351151124348	0.0	337059	2211.845549969183	0.75
152117.75007348612	750	39.28376369547752	0.0	366214	2439.747815765966	0.75
152120.20662635533	750	40.82721082626193	0.0	360831	2456.5528692155867	0.75
152122.87447760135	750	42.15935958022266	0.0	372963	2667.851246039269	0.75
152125.2380387572	750	43.795798424369885	0.0	405596	2363.561155852783	0.75
152127.02207946056	750	46.01175772102042	0.0	350713	1784.0407033494525	0.75
152129.2836469419	750	47.750190239675135	0.0	386472	2261.5674813452956	0.75
152131.77405552054	750	49.25978166105059	0.0	399894	2490.408578624544	0.75
152133.94649195328	750	51.08734522830919	0.0	401853	2172.436432741401	0.75
152135.7213333791	750	53.31250380250557	0.0	343800	1774.841425803624	0.75
152138.6745185452	1200	54.3593186364091	0.0	587236	2953.1851660964694	0.75
152141.60974779478	1200	55.4240893868219	0.0	590335	2935.2292495872052	1.2
152145.34825897662	1200	55.68557820500364	0.0	696376	3738.511181818263	1.2
152148.6425629493	1200	56.39127423230969	0.0	487160	3294.3039726939496	1.2
152153.14822140272	1200	55.88561577886482	0.0	622896	4505.658453444869	1.2
152159.1693798639	1200	53.864457317698495	0.0	641447	6021.158461166325	1.2
152162.06073810943	1200	54.97309907214198	0.0	570392	2891.3582455565142	1.2
152165.50408590812	1200	55.529751273456526	0.0	620283	3443.347798685458	1.2
152168.59257407658	1200	56.441263104966	0.0	584349	3088.4881684905254	1.2
152173.2381534037	1200	55.79568377786784	0.0	670129	4645.579327098154	1.2
152177.71886801007	1200	55.3149691714798	0.0	690253	4480.714606388044	1.2
152180.61910007152	1200	56.41473711002733	0.0	598727	2900.232061452471	1.2
152183.29390407243	1200	57.73993310910124	0.0	487812	2674.804000926095	1.2
152187.07550306479	1200	57.95833411675004	0.0	575591	3781.5989923511975	1.2
152191.1031780904	1200	57.93065909112878	0.0	605884	4027.675025621258	1.2
152194.5281553196	1200	58.505681861920394	0.0	587506	3424.9772292083853	1.2
152197.42951125384	1200	59.604325927681806	0.0	566904	2901.355934238587	1.2
152201.53216778222	1200	59.50166939929582	0.0	641452	4102.656528385979	1.2
152206.81048531784	1200	58.22335186368038	0.0	599477	5278.317535615443	1.2
152211.4886950951	1200	57.545142086413556	0.0	634861	4678.209777266817	1.2
152215.37410431742	1200	57.659732864076354	0.0	630203	3885.4092223372086	1.2
152222.27185886548	1850	54.76197831603782	0.0	982064	6897.754548038529	1.2000000000000002
152229.55199514117	1850	51.48184204032383	0.0	830730	7280.13627571399	1.85
152237.7074911522	2850	47.32634602929642	0.0	1364537	8155.4960110274205	1.85
152240.42581449516	750	48.608022686353394	0.0	450283	2718.323342943018	0.75
152245.23800183024	750	47.7958353512583	0.0	398865	4812.187335095097	0.75
152249.68538009052	750	47.34845709096898	0.0	350812	4447.378260289319	0.75
152252.02745756385	750	49.00637961764564	0.0	382355	2342.0774733233366	0.75
152253.8330143484	750	51.200822833081354	0.0	411561	1805.5567845642972	0.75
152255.3103729776	750	53.72346420387062	0.0	318564	1477.3586292107273	0.75
152256.98849165486	750	56.04534552661837	0.0	352642	1678.1186772522558	0.75
152259.08715507633	750	57.946682105152156	0.0	437162	2098.663421466209	0.75
152261.49837080186	750	59.53546637961551	0.0	374758	1911.2157255366453	0.75
152264.17902534475	750	59.65859565967725	0.0	362795	2376.8707199382584	0.75
152274.90331743873	1200	52.93430356570143	0.0	607410	10724.292093975822	0.75
152286.16499217757	1200	45.67262882684014	0.0	594078	11261.67473886129	1.2
152293.07487562514	750	42.762745379268274	0.0	386351	6909.883447571871	0.3
152295.40277545844	750	44.434845545978575	0.0	434409	2327.8998332896936	0.75
152296.76695374094	750	47.07066726348211	0.0	337059	1364.1782824964716	0.75
152298.71923441417	750	49.11838659023527	0.0	366214	1952.2806732468343	0.75
152300.27604252452	750	51.56157847989115	0.0	360831	1556.808110344117	0.75
152302.1937270902	750	53.64389391419225	0.0	372963	1917.684565698908	0.75
152304.3815865754	750	55.45603442899835	0.0	405596	2187.8594851938997	0.75
152307.28150034888	1200	56.556120655530215	0.0	586839	2899.913773468132	0.75
152310.07399146285	1200	57.76362954155171	0.0	601738	2792.491113978505	1.2
152312.56398854702	1200	59.27363245739092	0.0	616206	2489.997084160793	1.2
152315.7771582937	1200	59.82592109667615	0.0	656471	2947.7113607147717	1.2
152318.29462004648	1200	59.65041941327486	0.0	536667	2175.501683401285	1.2
152321.27289430128	1200	59.74226232054845	0.0	587236	2908.1570927264142	1.2
152325.1998534775	1200	59.81530314430834	0.0	590335	3426.9591762401083	1.2
152329.13726384766	1200	59.87789277417758	0.0	696376	3937.410370130752	1.2
152333.4408433058	1200	59.513846399312065	0.0	487160	3364.0463748655134	1.2
152337.30372611422	1200	59.65096359091981	0.0	622896	3862.882808392256	1.2
152340.6816583007	1200	59.972205443538044	0.0	641447	3178.7581473817677	1.2
152343.80657169514	1200	59.87483576585977	0.0	570392	3097.369677678269	1.2
152347.27560861883	1200	59.99458916239104	0.0	620283	2880.2466034687413	1.2
152350.5569804129	1200	59.84829842546859	0.0	584349	2646.2907369224395	1.2
152354.8806704271	1200	59.52460841126389	0.0	670129	4323.6900142047025	1.2
152359.23384320346	1200	59.17143563492666	0.0	690253	4353.172776337231	1.2
152370.82143000377	1850	51.583848834630686	0.0	943942	11587.586800295978	1.2000000000000002
152378.89454117403	1850	47.510737664367795	0.0	728962	8073.111170262889	1.85
152382.8411577745	750	47.56412106389273	0.0	361565	3946.616600475066	-0.3500000000000001
152387.91737889772	750	46.48789994068598	0.0	378327	5076.221123206747	0.75
152393.34448510408	750	45.06079373431505	0.0	390680	5427.106206370934	0.75
152396.8180445112	750	45.58723432718707	0.0	345516	3473.559407127976	0.75
152399.67833293654	750	46.72694590183777	0.0	384505	2860.2884253492944	0.75
152400.79915870322	300	49.60612013518441	0.0	145210	1120.8257666533625	-0.15000000000000002
152402.10093530393	300	52.3043435344583	0.0	172312	1301.7766007261166	0.3
152405.001024377	750	53.40425446136612	0.0	398987	2900.0890730921774	0.3
152410.3036951149	750	52.10158372348498	0.0	393804	5302.670737881151	0.75
152428.17486244178	1850	38.23041639660874	0.0	830730	17871.167326876242	0.75
152434.4566499458	1850	35.94862889259262	0.0	846370	6281.787504016113	1.85
152436.29746626117	750	38.10781257720551	0.0	450283	1840.8163153871135	0.75
152437.53173800377	750	40.87354083460861	0.0	398865	1234.2717425968958	0.75
152437.9972950469	300	44.40798379147613	0.0	139857	465.5570431324825	-0.15000000000000002
152439.39301315483	750	47.01226568354928	0.0	382355	1395.7181079268453	0.3
152441.42770430318	1200	48.97757453519454	0.0	652874	2034.6911483547378	0.75
152444.12027942602	1850	50.28499941237331	0.0	801058	2692.575122821232	1.2000000000000002
152447.1999840707	1850	51.205294767706924	0.0	905515	3079.7046446663903	1.85
152450.45962505962	1850	51.945653778750525	0.0	1060487	3259.640988956404	1.85
152454.3075064098	1850	52.097772428589245	0.0	852833	3847.881350161275	1.85
152459.39598218372	1850	51.00929665465443	0.0	913888	5088.475773934823	1.85
152464.2274599068	1850	50.17781893156952	0.0	939819	4831.477723084907	1.85
152469.6392119838	1850	48.76606685457786	0.0	917428	5411.752076991659	1.85
152473.9374820569	1850	48.46779678145505	0.0	946851	4298.270073122813	1.85
152477.9199070777	1200	48.485371760677154	0.0	687371	3982.425020777897	0.5499999999999999
152480.1586387248	1200	50.24664011357743	0.0	526950	2238.7316470997234	1.2
152481.73971309472	1200	52.665565743674236	0.0	587876	1581.0743699031982	1.2
152483.4261504733	1200	54.9791283650823	0.0	617242	1686.4373785919272	1.2
152485.0066007843	1200	57.39867805406348	0.0	581493	1580.450311018826	1.2
152488.1311543968	1850	58.274124441563586	0.0	987708	3124.553612499887	1.2000000000000002
152490.63449079602	1850	59.770788042350084	0.0	923755	2503.3363992135073	1.85
152494.5378545821	1850	59.838401869445214	0.0	891604	2932.3861729048667	1.85
152498.22743702953	1850	59.932599452310484	0.0	955231	2905.802417134738	1.85
152501.3190316403	1850	59.61969216210078	0.0	968026	2312.9072902096977	1.85
152503.43819537162	1850	59.76495395669721	0.0	874175	1854.7382054035766	1.85
152505.41198033481	1850	59.83027423806177	0.0	897976	1934.679718635435	1.85
152508.4942446195	2850	59.513694717998206	0.0	1480464	2816.579520063562	1.85
152512.39172263443	2850	59.61621670308424	0.0	1547572	3897.4780149139733	2.85
152516.19835558924	2850	59.80958374827408	0.0	1141971	3806.6329548101594	2.85
152522.31699008585	2850	57.69094925168438	0.0	1498470	6118.6344965897015	2.85
152529.78633197237	2850	54.22160736516259	0.0	1561263	7469.341886521791	2.85
152536.86257217245	2850	51.14536716506697	0.0	1341201	7076.240200095622	2.85
152546.23666452357	2850	45.77127481396785	0.0	1497683	9374.09235109912	2.85
152548.97694202134	1200	47.03099731618741	0.0	584349	2740.2774977804406	-0.44999999999999996
152551.99008498766	1200	48.01785434986554	0.0	670129	3013.142966321873	1.2
152555.1249202498	1200	48.883019087740976	0.0	690253	3134.83526212456	1.2
152559.81011915032	1200	48.197820187223606	0.0	598727	4685.198900517373	1.2
152562.1688465326	1200	49.839092804937174	0.0	487812	2358.7273822864277	1.2
152567.11062351326	1200	48.89731582425513	0.0	575591	4941.776980682042	1.2
152570.87666263463	1200	49.13127670287122	0.0	605884	3766.0391213839107	1.2
152574.19058676227	1200	49.81735257522027	0.0	587506	3313.924127650951	1.2
152577.5038787443	1200	50.50406059318146	0.0	566904	3313.2919820388097	1.2
152581.1819977439	1200	50.825941593593505	0.0	641452	3678.118999587954	1.2
152587.19990334698	1200	48.808035990510355	0.0	599477	6017.905603083145	1.2
152592.35327755095	1200	47.6546617865347	0.0	634861	5153.374203975657	1.2
152600.34656141026	1200	43.661377927261704	0.0	630203	7993.283859272999	1.2
152603.3189067249	1200	44.68903261261579	0.0	638661	2972.345314645911	1.2
152607.85979445872	1850	44.14814487878895	0.0	830730	4540.88773382684	1.2000000000000002
152617.28744547328	2850	38.720493864219364	0.0	1364537	9427.651014569581	1.85
152620.6043872877	750	39.4035520498285	0.0	450283	3316.9418143908706	0.75
152624.3855124888	750	39.62242684868142	0.0	398865	3781.125201147078	0.75
152627.60753075522	750	40.4004085822745	0.0	350812	3222.018266406912	0.75
152629.94671905306	750	42.06122028442695	0.0	382355	2339.188297847553	0.75
152631.01952945223	750	44.98840988524747	0.0	411561	1072.8103991794758	0.75
152633.8817465546	750	46.126192782854396	0.0	318564	2862.217102393071	0.75
152637.08456841065	750	46.92337092684489	0.0	352642	3202.8218560095133	0.75
152640.21101174122	750	47.79692759625397	0.0	437162	3126.4433305909147	0.75
152643.22605223922	750	48.78188709825309	0.0	374758	3015.040498000892	0.75
152646.82561894655	750	49.182320390900585	0.0	362795	3599.5667073525065	0.75
152652.53211432433	750	47.47582501312909	0.0	353220	5706.495377771488	0.75
152654.9046063842	750	49.10333295328606	0.0	405134	2372.492059843022	0.75
152656.94945368762	750	51.05848564985467	0.0	386351	2044.8473034313988	0.75
152660.09223606344	750	51.91570327402151	0.0	434409	3142.782375833157	0.75
152664.65059533392	750	51.357344003551184	0.0	337059	4558.359270470328	0.75
152667.18356158293	750	52.82437775455318	0.0	366214	2532.966248997999	0.75
152669.08047563498	750	54.92746370246979	0.0	360831	1896.9140520833946	0.75
152670.40780698048	750	57.60013235698224	0.0	372963	1327.3313454875474	0.75
152671.20380758858	750	59.83225561575234	0.0	405596	767.8767412299021	0.75
152675.17044310775	1200	59.86562009656184	0.0	586839	3466.6355191904954	0.75
152678.97197170756	1200	59.95673548968058	0.0	601738	3408.8846068812577	1.2
152683.2780330599	1200	59.6506741373262	0.0	616206	4306.06135235439	1.2
152685.246040536	1200	59.64252307190344	0.0	656471	1508.1510654227602	1.2
152689.06023825423	1200	59.82832535370786	0.0	536667	3814.197718195575	1.2
152695.38371618142	1200	57.50484742651048	0.0	587236	6323.477927197385	1.2
152697.0315931009	1200	59.85697050701982	0.0	590335	1147.8769194906604	1.2
152701.192714517	1200	59.695849090941195	0.0	696376	3661.121416078626	1.2
152705.84004070956	1200	59.048522898376554	0.0	487160	4647.326192564636	1.2
152709.60332460716	1200	59.28523900076716	0.0	622896	3763.2838976093935	1.2
152713.4240298226	1200	59.46453378532476	0.0	641447	3820.7052154424023	1.2
152717.0831679933	1200	59.584387548637224	0.0	570392	3380.146236687532	1.2
152723.72456757646	1200	56.94298796544002	0.0	620283	6641.399583197206	1.2
152729.3598932298	1200	55.307662312119014	0.0	584349	5635.325653321006	1.2
152737.8645135416	1200	50.80304200028858	0.0	670129	8504.62031183043	1.2
152740.3496870103	750	52.31786853158212	0.0	401088	2485.1734687064572	0.3
152742.49146963502	750	54.17608590688504	0.0	365161	2141.782624697081	0.75
152744.63653104272	750	56.031024499180525	0.0	321064	2145.0614077045193	0.75
152746.7974654224	750	57.87009011952723	0.0	361565	2160.9343796532985	0.75
152749.1890760983	750	59.478479443624074	0.0	378327	2391.6106759031486	0.75
152752.09207277015	750	59.55443112719745	0.0	390680	2424.04831642663	0.75
152754.41993518686	750	59.52047409654826	0.0	345516	2033.9570306491821	0.75
152759.11580732578	1200	58.824601957638116	0.0	641452	4695.8721389101465	0.75
152762.80304142897	1200	59.13736785446404	0.0	599477	3687.2341031740802	1.2
152766.89283126817	1200	59.047578015247865	0.0	634861	4089.789839216172	1.2
152771.91881275875	1200	58.021596524671175	0.0	630203	5025.981490576689	1.2
152777.86850706043	1850	56.07190222297805	0.0	982064	5949.694301693122	1.2000000000000002
152782.7538397185	1850	55.18656956491234	0.0	830730	4885.332658065714	1.85
152790.7167272901	2850	51.22368199331865	0.0	1364537	7962.887571593692	1.85
152793.3463621215	750	52.59404716192021	0.0	450283	2629.634831398439	0.75
152795.96744061314	750	53.97296867027303	0.0	398865	2621.0784916471735	0.75
152798.03453275797	750	55.905876525453806	0.0	350812	2067.092144819221	0.75
152800.03818658652	750	57.9022226968991	0.0	382355	2003.6538285547083	0.75
152803.8697664684	1200	58.07064281505485	0.0	652874	3831.579881844252	0.75
152806.65892073582	1200	59.281488547636705	0.0	520315	2789.154267418144	1.2
152810.05109052637	1200	59.88931875707574	0.0	561791	3392.1697905609617	1.2
152813.99399159395	1200	59.94641768949345	0.0	709534	3942.9010675822924	1.2
152817.93171276164	1200	59.9720380022071	0.0	584846	3474.3796872863513	1.2
152821.96173798022	1200	59.62869613312106	0.0	560821	3343.341869086032	1.2
152825.91589087408	1200	59.63496136093403	0.0	607410	3493.734772187031	1.2
152829.5977317691	1200	59.95312046591493	0.0	594078	3181.8408950191024	1.2
152832.94122816954	1200	59.70100177405681	0.0	624282	2752.1186918581184	1.2

