15.797987384245365	750	4.0	15.797987384245365	450283	15797.987384245365	1	-67.18134575225507
19.559605958244582	300	4.238381426000782	0.0	155580	3761.6185739992175	1.7779015191361272	-0.15000000000000002
21.089421845221683	300	6.708565539023683	0.0	139857	1529.8158869770998	1.7779015191361272	0.3
23.072183858852092	300	8.725803525393273	0.0	155432	1982.762013630411	1.7779015191361272	0.3
24.99955752399015	300	10.798429860255215	0.0	163442	1927.3736651380568	1.7779015191361272	0.3
28.88154170779411	300	10.916445676451254	0.0	126289	3881.984183803962	1.7779015191361272	0.3
31.067682781809832	300	12.730304602435531	0.0	153295	2186.141074015722	1.7779015191361272	0.3
32.88707830586875	300	14.910909078376621	0.0	173849	1819.3955240589114	1.7779015191361272	0.3
35.02025615874154	300	16.777731225503825	0.0	150710	2133.177852872798	1.7779015191361272	0.3
36.61592952743719	300	19.18205785680817	0.0	139105	1595.6733686956513	1.7779015191361272	0.3
38.146956450237084	300	21.651030934008276	0.0	141840	1531.026922799897	1.7779015191361272	0.3
39.889094026907856	300	23.908893357337508	0.0	156148	1742.1375766707692	1.7779015191361272	0.3
41.43152992463283	300	26.366457459612533	0.0	160746	1542.4358977249706	1.7779015191361272	0.3
42.986866232021285	300	28.81112115222408	0.0	179801	1555.3363073884564	1.7779015191361272	0.3
44.49465311060923	300	31.30333427363613	0.0	140051	1507.786878587947	1.7779015191361272	0.3
45.513703371955884	300	34.284284012289476	0.0	138313	1019.0502613466516	1.7779015191361272	0.3
46.52945105822455	300	37.26853632602081	0.0	143509	1015.7476862686653	1.7779015191361272	0.3
49.33948694692235	750	38.45850043732301	0.0	372963	2810.035888697801	1.7779015191361272	0.3
53.65876609591795	750	38.13922128832741	0.0	405596	4319.279148995603	1.7779015191361272	0.75
59.038640795694306	750	36.759346588551054	0.0	350713	5379.874699776362	1.7779015191361272	0.75
63.78977939676036	1200	36.008207987485	0.0	601738	4751.138601066051	0.7808581000909645	0.75
68.46448670010847	1200	35.333500684136894	0.0	616206	4674.707303348106	0.7808581000909645	1.2
72.10748122136455	1200	35.690506162880816	0.0	656471	3642.994521256082	0.7808581000909645	1.2
75.47182669190516	1200	36.3261606923402	0.0	536667	3364.345470540622	0.7808581000909645	1.2
78.9121528431853	1200	36.885834541060085	0.0	587236	3440.3261512801214	0.7808581000909645	1.2
82.44461268865396	1200	37.35337469559142	0.0	590335	3532.4598454686634	0.7808581000909645	1.2
88.5764286166239	1850	35.22155876762147	0.0	1076599	6131.815927969951	0.7808581000909645	1.2000000000000002
92.2712677228361	1850	35.526719661409274	0.0	758197	3694.8391062121896	0.7808581000909645	1.85
96.15071563254297	1850	35.64727175170241	0.0	972798	3879.4479097068615	0.7808581000909645	1.85
100.53013269423639	1850	35.26785469000901	0.0	975811	4379.417061693408	0.7808581000909645	1.85
104.1065774470681	1850	35.691409937177276	0.0	873429	3576.444752831728	0.7808581000909645	1.85
109.50299767088198	1850	34.294989713363385	0.0	954453	5396.420223813889	0.7808581000909645	1.85
115.52195508643119	1850	32.276032297814176	0.0	885062	6018.957415549207	0.7808581000909645	1.85
124.33510208167095	1850	27.46288530257442	0.0	1035329	8813.146995239757	0.7808581000909645	1.85
131.07406007194808	1850	24.7239273122973	0.0	1026056	6738.957990277123	0.7808581000909645	1.85
136.07932246132276	1850	23.7186649229226	0.0	943942	5005.2623893746995	0.7808581000909645	1.85
139.54269599799332	1850	24.25529138625205	0.0	728962	3463.373536670547	0.7808581000909645	1.85
144.45389312251538	1850	23.344094261729985	0.0	938587	4911.1971245220675	0.7808581000909645	1.85
150.30963910725208	1850	21.488348276993275	0.0	908665	5855.745984736708	0.7808581000909645	1.85
157.74090494588836	1850	18.05708243835702	0.0	930577	7431.265838636253	0.7808581000909645	1.85
161.4505281224352	1200	18.34745926181015	0.0	566904	3709.6231765468688	0.7808581000909645	0.5499999999999999
165.61907979430416	1200	18.178907589941222	0.0	641452	4168.551671868934	0.7808581000909645	1.2
169.472679303767	1200	18.325308080478404	0.0	599477	3853.599509462817	0.7808581000909645	1.2
173.48601333281314	1200	18.31197405143227	0.0	634861	4013.334029046136	0.7808581000909645	1.2
178.40173346087528	1200	17.39625392337012	0.0	630203	4915.720128062149	0.7808581000909645	1.2
186.7496903276115	1200	13.048297056633922	0.0	638661	8347.956866736198	0.7808581000909645	1.2
190.49458220869886	1200	13.303405175546555	0.0	538612	3744.8918810873683	0.7808581000909645	1.2
201.3168552830071	2850	6.481132101238287	0.0	1364537	10822.273074308268	0.7808581000909645	1.2000000000000002
208.48032779194008	750	4.0	0.6823404076946754	450283	7163.472508932962	0.7808581000909645	-2.1840637530871043
209.84331653281768	300	6.63701125912239	0.0	155580	1362.9887408776094	0.7808581000909645	-0.15000000000000002
210.79030085708376	300	9.69002693485631	0.0	139857	946.984324266082	0.7808581000909645	0.3
212.05027006724626	300	12.430057724693802	0.0	155432	1259.9692101625085	0.7808581000909645	0.3
212.90896546649878	300	15.571362325441285	0.0	163442	858.6953992525159	0.7808581000909645	0.3
214.60796941395662	750	17.87235837798345	0.0	318564	1699.003947457837	0.7808581000909645	0.3
216.30841409134462	750	20.171913700595482	0.0	352642	1700.444677387965	0.7808581000909645	0.75
221.86332751287517	1200	18.617000279064932	0.0	709534	5554.913421530555	0.7808581000909645	0.75
225.11033243243148	1200	19.369995359508597	0.0	584846	3247.0049195563315	0.7808581000909645	1.2
228.0123543624367	1200	20.46797342950341	0.0	560821	2902.0219300051867	0.7808581000909645	1.2
230.7150250488895	1200	21.765302743050622	0.0	607410	2702.670686452788	0.7808581000909645	1.2
233.3613039815525	1200	23.119023810387592	0.0	594078	2646.2789326630314	0.7808581000909645	1.2
235.94019036654822	1200	24.540137425391887	0.0	624282	2578.8863849957056	0.7808581000909645	1.2
240.66398809175595	1850	23.816339700184173	0.0	1036454	4723.797725207714	0.7808581000909645	1.2000000000000002
244.16879072060743	1850	24.31153707133268	0.0	821631	3504.802628851491	0.7808581000909645	1.85
247.98496388444133	1850	24.495363907498803	0.0	923170	3816.1731638338797	0.7808581000909645	1.85
251.74382030617332	1850	24.7365074857668	0.0	966699	3758.856421732001	0.7808581000909645	1.85
255.8382614480368	1850	24.642066343903338	0.0	885714	4094.4411418634613	0.7808581000909645	1.85
260.91726490469716	1850	23.563062887242967	0.0	987708	5079.003456660374	0.7808581000909645	1.85
264.9310851999494	1850	23.549242591990726	0.0	923755	4013.8202952522415	0.7808581000909645	1.85
268.8226331187334	1850	23.657694673206716	0.0	891604	3891.547918784009	0.7808581000909645	1.85
274.042756044363	1850	22.437571747577174	0.0	955231	5220.122925629539	0.7808581000909645	1.85
283.29694541894986	1850	17.18338237299028	0.0	968026	9254.189374586895	0.7808581000909645	1.85
291.8090533058177	1200	12.671274486122453	0.0	536667	8512.107886867827	0.7808581000909645	0.5499999999999999
295.65737567727854	750	12.822952114661614	0.0	359903	3848.3223714608384	0.7808581000909645	0.3
300.25914775897184	750	12.221180032968334	0.0	379700	4601.77208169328	0.7808581000909645	0.75
305.13422065425755	750	11.346107137682582	0.0	425781	4875.072895285752	0.7808581000909645	0.75
307.90684114056796	750	12.573486651372178	0.0	277716	2772.6204863104026	0.7808581000909645	0.75
311.381981023296	750	13.098346768644145	0.0	400396	3475.139882728034	0.7808581000909645	0.75
315.6206330750294	750	12.85969471691077	0.0	400508	4238.6520517333765	0.7808581000909645	0.75
320.51549886804946	750	11.964828923890696	0.0	358218	4894.865793020073	0.7808581000909645	0.75
326.27689206142264	750	10.203435730517516	0.0	400322	5761.39319337318	0.7808581000909645	0.75
332.15404712948566	750	8.326280662454497	0.0	369834	5877.155068063018	0.7808581000909645	0.75
334.79843413941796	300	9.68189365252218	0.0	163444	2644.3870099323153	0.7808581000909645	-0.15000000000000002
336.875231340535	300	11.605096451405124	0.0	179328	2076.797201117057	0.7808581000909645	0.3
338.5533991524207	300	13.926928639519392	0.0	159914	1678.1678118857321	0.7808581000909645	0.3
339.8406364065251	300	16.63969138541501	0.0	131610	1287.2372541043837	0.7808581000909645	0.3
341.0430254014384	300	19.437302390501713	0.0	124011	1202.3889949132936	0.7808581000909645	0.3
342.39087680022516	300	22.089450991714923	0.0	144254	1347.8513987867912	0.7808581000909645	0.3
345.8141133363856	750	22.66621445555449	0.0	390680	3423.236536160437	0.7808581000909645	0.3
348.767961201664	750	23.7123665902761	0.0	345516	2953.8478652783856	0.7808581000909645	0.75
352.5187719335846	750	23.96155585835551	0.0	384505	3750.8107319205924	0.7808581000909645	0.75
355.9640780262341	750	24.516249765706	0.0	372093	3445.3060926495104	0.7808581000909645	0.75
358.8397376829264	750	25.640590109013708	0.0	438281	2875.659656692293	0.7808581000909645	0.75
361.0046056859985	750	27.47572210594159	0.0	398987	2164.86800307212	0.7808581000909645	0.75
366.3864132046783	1850	26.09391458726179	0.0	982064	5381.8075186798	0.7808581000909645	0.75
376.29549516524816	2850	20.18483262669198	0.0	1231456	9909.081960569809	0.7808581000909645	1.85
384.5952243974532	2850	15.885103394486938	0.0	1364537	8299.729232205042	0.7808581000909645	2.85
387.7156708006062	750	16.764656991333947	0.0	450283	3120.446403152989	0.7808581000909645	0.75
390.26899789863364	750	18.211329893306488	0.0	398865	2553.327098027461	0.7808581000909645	0.75
393.22370231245753	750	19.256625479482587	0.0	350812	2954.704413823901	0.7808581000909645	0.75
395.8394782520624	750	20.64084953987773	0.0	382355	2615.775939604856	0.7808581000909645	0.75
399.9109334802056	1200	20.569394311734513	0.0	652874	4071.455228143218	0.7808581000909645	0.75
403.5512521523419	1200	20.929075639598253	0.0	520315	3640.318672136259	0.7808581000909645	1.2
407.51452542967945	1200	20.965802362260725	0.0	561791	3963.2732773375287	0.7808581000909645	1.2
412.4318918388089	1200	20.048435953131282	0.0	709534	4917.366409129444	0.7808581000909645	1.2
415.7227226945804	1200	20.757605097359804	0.0	584846	3290.8308557714763	0.7808581000909645	1.2
419.00285424551686	1200	21.47747354642329	0.0	560821	3280.1315509365136	0.7808581000909645	1.2
421.7864822220521	1200	22.69384556988813	0.0	607410	2783.627976535161	0.7808581000909645	1.2
424.59188130330864	1200	23.88844648863157	0.0	594078	2805.3990812565607	0.7808581000909645	1.2
427.4677930532751	1200	25.012534738665124	0.0	624282	2875.911749966447	0.7808581000909645	1.2
430.41780730775275	1200	26.062520484187452	0.0	687371	2950.014254477673	0.7808581000909645	1.2
433.6390700434926	1850	26.841257748447614	0.0	821631	3221.262735739836	0.7808581000909645	1.2000000000000002
437.89035588323105	1850	26.589971908709195	0.0	923170	4251.285839738421	0.7808581000909645	1.85
442.93286424625353	1850	25.547463545686703	0.0	966699	5042.50836302249	0.7808581000909645	1.85
446.8547678448578	1850	25.625559947082376	0.0	885714	3921.903598604327	0.7808581000909645	1.85
451.35994366975984	1850	25.12038412218038	0.0	987708	4505.175824901999	0.7808581000909645	1.85
458.04843432628695	1850	22.431893465653268	0.0	923755	6688.490656527109	0.7808581000909645	1.85
467.0226679838762	1850	17.457659808064005	0.0	891604	8974.233657589264	0.7808581000909645	1.85
481.11403758315146	1850	7.366290208788696	0.0	955231	14091.369599275307	0.7808581000909645	1.85
484.4817333839395	750	7.998594408000722	0.0	401853	3367.695800787974	0.7808581000909645	-0.3500000000000001
487.91517697009994	750	8.565150821840321	0.0	343800	3433.4435861604006	0.7808581000909645	0.75
493.20796776252615	750	7.272360029414104	0.0	359903	5292.790792426217	0.7808581000909645	0.75
494.9026748677941	300	9.577652924146115	0.0	153938	1694.707105267991	0.7808581000909645	-0.15000000000000002
496.78389279346595	300	11.696434998474272	0.0	181901	1881.2179256718398	0.7808581000909645	0.3
497.90472872501823	300	14.575599066921965	0.0	111155	1120.8359315523082	0.7808581000909645	0.3
499.495319693262	300	16.985008098678183	0.0	153605	1590.5909682437796	0.7808581000909645	0.3
501.6553087110879	300	18.825019080852254	0.0	149029	2159.9890178259293	0.7808581000909645	0.3
503.8861068932919	300	20.59422089864822	0.0	157421	2230.798182204031	0.7808581000909645	0.3
506.2165235173206	300	22.26380427461958	0.0	157488	2330.416624028641	0.7808581000909645	0.3
508.19680437339605	300	24.28352341854413	0.0	143881	1980.2808560754488	0.7808581000909645	0.3
510.76098090826633	300	25.719346883673857	0.0	163444	2564.176534870275	0.7808581000909645	0.3
516.1229183376494	750	24.357409454290785	0.0	401088	5361.937429383073	0.7808581000909645	0.3
522.0402940311279	750	22.440033760812263	0.0	365161	5917.375693478523	0.7808581000909645	0.75
526.6672098320591	750	21.813117959881023	0.0	321064	4626.915800931239	0.7808581000909645	0.75
532.136712192246	750	20.34361559969408	0.0	361565	5469.5023601869425	0.7808581000909645	0.75
536.8977766440833	750	19.582551147856893	0.0	378327	4761.064451837186	0.7808581000909645	0.75
541.4030343568113	750	19.077293435128745	0.0	390680	4505.257712728151	0.7808581000909645	0.75
545.4335658091691	750	19.046761982770935	0.0	345516	4030.5314523578095	0.7808581000909645	0.75
553.4493895256591	750	15.030938266280968	0.0	384505	8015.823716489967	0.7808581000909645	0.75

