2.4131422276550993	750	4.0	2.4131422276550993	450283	2413.1422276550993	1	-9.626511578916928
5.739244109399006	750	4.673898118256095	0.0	398865	3326.101881743906	1.015885247259525	0.75
6.760431572339792	300	7.652710655315308	0.0	139857	1021.1874629407866	1.015885247259525	-0.15000000000000002
8.012180170567389	300	10.400962057087712	0.0	155432	1251.7485982275955	1.015885247259525	0.3
9.19643987845176	300	13.21670234920334	0.0	163442	1184.2597078843714	1.015885247259525	0.3
11.409919984384775	750	15.003222243270324	0.0	318564	2213.4801059330157	1.015885247259525	0.3
14.089843229497417	750	16.323298998157682	0.0	352642	2679.9232451126422	1.015885247259525	0.75
17.24431309672984	750	17.16882913092526	0.0	437162	3154.4698672324225	1.015885247259525	0.75
19.73898796505908	750	18.67415426259602	0.0	374758	2494.6748683292412	1.015885247259525	0.75
22.40118360865473	750	20.01195861900037	0.0	362795	2662.19564359565	1.015885247259525	0.75
24.896981379522277	750	21.516160848132827	0.0	353220	2495.7977708675458	1.015885247259525	0.75
28.00537817324963	750	22.407764054405472	0.0	405134	3108.3967937273533	1.015885247259525	0.75
31.015068933366972	750	23.398073294288128	0.0	386351	3009.6907601173434	1.015885247259525	0.75
34.08677076139252	750	24.32637146626258	0.0	434409	3071.701828025549	1.015885247259525	0.75
36.29056673675583	750	26.122575490899276	0.0	337059	2203.795975363305	1.015885247259525	0.75
38.59693509831042	750	27.816207129344686	0.0	366214	2306.3683615545906	1.015885247259525	0.75
43.040848556139366	1200	27.372293671515735	0.0	617242	4443.913457828951	1.015885247259525	0.75
46.899955257755224	1200	27.513186969899877	0.0	581493	3859.1067016158568	1.015885247259525	1.2
53.77622898851425	1200	24.636913239140853	0.0	639204	6876.273730759024	1.015885247259525	1.2
58.174760277736155	1200	24.23838194991895	0.0	586839	4398.531289221905	1.015885247259525	1.2
61.92940158870747	1200	24.48374063894763	0.0	601738	3754.6413109713158	0.6353196029298497	1.2
67.77036305085439	1200	22.642779176800712	0.0	616206	5840.961462146919	0.6353196029298497	1.2
73.34086009322033	1200	21.07228213443477	0.0	656471	5570.497042365944	0.6353196029298497	1.2
78.8402497603784	1200	19.5728924672767	0.0	536667	5499.389667158071	0.6353196029298497	1.2
85.7086588498902	1200	16.704483377764905	0.0	587236	6868.409089511794	0.6353196029298497	1.2
93.05301831654249	1200	13.360123911112602	0.0	590335	7344.359466652303	0.6353196029298497	1.2
97.74330418127455	750	12.669838046380544	0.0	425781	4690.285864732057	0.6353196029298497	0.3
100.35013447598757	750	14.063007751667515	0.0	277716	2606.830294713028	0.6353196029298497	0.75
104.21724690464461	750	14.195895323010491	0.0	400396	3867.1124286570252	0.6353196029298497	0.75
107.92673372577774	750	14.486408501877353	0.0	400508	3709.4868211331377	0.6353196029298497	0.75
112.34930339925181	750	14.063838828403291	0.0	358218	4422.56967347406	0.6353196029298497	0.75
116.85811325238753	750	13.555028975267575	0.0	400322	4508.809853135717	0.6353196029298497	0.75
120.97008831169516	750	13.443053915959945	0.0	369834	4111.97505930763	0.6353196029298497	0.75
124.75466353075942	750	13.658478696895695	0.0	412837	3784.5752190642484	0.6353196029298497	0.75
128.00068135797588	750	14.41246086967922	0.0	401088	3246.017827216475	0.6353196029298497	0.75
131.10960438200658	750	15.30353784564853	0.0	365161	3108.923024030691	0.6353196029298497	0.75
133.5819939986464	750	16.8311482290087	0.0	321064	2472.3896166398295	0.6353196029298497	0.75
136.42722899881517	750	17.9859132288399	0.0	361565	2845.2350001687996	0.6353196029298497	0.75
139.84118215974115	750	18.571960067913935	0.0	378327	3413.9531609259707	0.6353196029298497	0.75
143.8972119462821	750	18.515930281372967	0.0	390680	4056.0297865409652	0.6353196029298497	0.75
147.70309583825176	750	18.710046389403317	0.0	345516	3805.883891969651	0.6353196029298497	0.75
151.61801811475632	750	18.795124112898762	0.0	384505	3914.922276504557	0.6353196029298497	0.75
155.51495745227527	750	18.89818477537983	0.0	372093	3896.9393375189306	0.6353196029298497	0.75
160.17923220132985	750	18.23391002632525	0.0	438281	4664.274749054576	0.6353196029298497	0.75
163.7392465737612	750	18.673895653893897	0.0	398987	3560.014372431353	0.6353196029298497	0.75
169.56042961525657	1200	16.8527126123985	0.0	638661	5821.1830414953965	0.6353196029298497	0.75
174.97630504884913	1200	15.436837178805956	0.0	538612	5415.875433592545	0.6353196029298497	1.2
195.12163811212685	2850	4.0	4.70849588447178	1364537	20145.333063277736	0.6353196029298497	-19.046532303228652
199.25515138620966	750	4.0	0.13351327408280123	450283	4133.513274082801	0.6353196029298497	0.17589292144395474
200.91890125677554	300	6.3362501294340925	0.0	155580	1663.7498705659075	0.6353196029298497	-0.15000000000000002
201.93225129949496	300	9.322900086714668	0.0	139857	1013.3500427194259	0.6353196029298497	0.3
203.3323001467131	300	11.922851239496525	0.0	155432	1400.0488472181426	0.6353196029298497	0.3
204.52710595033327	300	14.728045435876357	0.0	163442	1194.8058036201694	0.6353196029298497	0.3
207.4216205639054	750	15.833530822304239	0.0	318564	2894.5146135721166	0.6353196029298497	0.3
210.39943557918014	750	16.855715807029497	0.0	352642	2977.8150152747426	0.6353196029298497	0.75
215.2043812910587	750	16.050770095150916	0.0	437162	4804.945711878579	0.6353196029298497	0.75
221.12365485439597	750	14.131496531813632	0.0	374758	5919.273563337287	0.6353196029298497	0.75
227.61797310562207	750	11.63717828058753	0.0	362795	6494.318251226102	0.6353196029298497	0.75
234.17869773911823	750	9.07645364709137	0.0	353220	6560.724633496161	0.6353196029298497	0.75
237.3850369835306	300	9.870114402679013	0.0	156148	3206.3392444123574	0.6353196029298497	-0.15000000000000002
238.9091636742305	300	12.345987711979085	0.0	160746	1524.1266906999283	0.6353196029298497	0.3
240.742619579951	300	14.51253180625861	0.0	179801	1833.4559057204765	0.6353196029298497	0.3
242.48686420825626	300	16.76828717795331	0.0	140051	1744.244628305296	0.6353196029298497	0.3
244.07499640934802	300	19.18015497686158	0.0	138313	1588.1322010917345	0.6353196029298497	0.3
245.4363595341242	300	21.81879185208539	0.0	143509	1361.3631247761898	0.6353196029298497	0.3
247.01862413522323	300	24.236527250986345	0.0	150616	1582.264601099042	0.6353196029298497	0.3
250.9495605717152	750	24.305590814494384	0.0	405596	3930.9364364919625	0.6353196029298497	0.3
253.7584609737145	750	25.496690412495077	0.0	350713	2808.900401999303	0.6353196029298497	0.75
260.4080165765365	750	22.847134809673086	0.0	386472	6649.555602821993	0.6353196029298497	0.75
271.34125561270554	750	15.913895773504066	0.0	399894	10933.239036169021	0.6353196029298497	0.75
282.14276232082676	750	9.112389065382876	0.0	401853	10801.50670812119	0.6353196029298497	0.75
284.3854652698161	300	10.869686116393531	0.0	137654	2242.7029489893457	0.6353196029298497	-0.15000000000000002
286.95817786702196	300	12.296973519187711	0.0	146754	2572.71259720582	0.6353196029298497	0.3
292.36409386515015	300	10.891057521059473	0.0	153938	5405.91599812824	0.6353196029298497	0.3
297.08116347425175	300	10.173987911957884	0.0	181901	4717.069609101589	0.6353196029298497	0.3
300.4167949117573	300	10.83835647445234	0.0	111155	3335.631437505544	0.6353196029298497	0.3
304.9494643978786	300	10.305686988331002	0.0	153605	4532.6694861213355	0.6353196029298497	0.3
310.364334035008	300	8.890817351201562	0.0	149029	5414.869637129441	0.6353196029298497	0.3
315.5347930588022	300	7.720358327407387	0.0	157421	5170.459023794176	0.6353196029298497	0.3
321.0834226458403	300	6.171728740369279	0.0	157488	5548.629587038107	0.6353196029298497	0.3
323.8123843109963	300	7.442767075213261	0.0	143881	2728.9616651560173	0.6353196029298497	0.3
326.2574160066297	300	8.99773537957987	0.0	163444	2445.031695633392	0.6353196029298497	0.3
328.3886776797136	300	10.866473706495947	0.0	179328	2131.261673083924	0.6353196029298497	0.3
329.8912163788498	300	13.36393500735985	0.0	159914	1502.5386991360979	0.6353196029298497	0.3
331.2087051975323	300	16.046446188677315	0.0	131610	1317.4888186825362	0.6353196029298497	0.3
332.4262008897555	300	18.828950496454127	0.0	124011	1217.495692223185	0.6353196029298497	0.3
334.75937135403785	300	20.495780032171808	0.0	144254	2333.1704642823174	0.6353196029298497	0.3
341.9372840096072	750	17.317867376602422	0.0	390680	7177.9126555693865	0.6353196029298497	0.3
351.0211211225456	750	12.234030263664039	0.0	345516	9083.837112938383	0.6353196029298497	0.75
358.96084920973266	750	8.294302176477009	0.0	384505	7939.728087187029	0.6353196029298497	0.75
360.58572055413197	300	10.669430832077708	0.0	145210	1624.8713443993013	0.6353196029298497	-0.15000000000000002
362.28822032594184	300	12.966931060267813	0.0	172312	1702.4997718098975	0.6353196029298497	0.3
363.8115989028133	300	15.44355248339638	0.0	167025	1523.3785768714329	0.6353196029298497	0.3
374.4218756060223	750	8.833275780187344	0.0	393804	10610.276703209034	0.6353196029298497	0.3
387.0592107290369	750	4.0	3.804059342827277	331053	12637.335123014622	0.6353196029298497	-15.607455174157291
391.22633971150094	300	4.0	0.1671289824639607	118421	4167.128982463961	0.6353196029298497	-0.8686546245950311
403.53865580606816	750	4.0	8.312316094567247	450283	12312.316094567248	0.6353196029298497	-34.99295920663916
404.62917405998377	300	6.909481746084405	0.0	155580	1090.5182539155949	0.6353196029298497	-0.15000000000000002
405.5958649087373	300	9.942790897330877	0.0	139857	966.6908487535272	0.6353196029298497	0.3
406.6754618199553	300	12.86319398611294	0.0	155432	1079.596911217937	0.6353196029298497	0.3
408.01475069288347	300	15.523905113184783	0.0	163442	1339.288872928157	0.6353196029298497	0.3
408.89619562460587	300	18.64246018146236	0.0	126289	881.4449317224237	0.6353196029298497	0.3
412.2020074187522	750	19.33664838731607	0.0	352642	3305.811794146287	0.6353196029298497	0.3
415.7772566417719	750	19.761399164296407	0.0	437162	3575.2492230196663	0.6353196029298497	0.75
418.25857424154265	750	21.280081564525638	0.0	374758	2481.31759977077	0.6353196029298497	0.75
420.7870278636961	750	22.751627942372227	0.0	362795	2528.453622153412	0.6353196029298497	0.75
426.0105752253357	1200	21.52808058073264	0.0	607410	5223.547361639584	0.6353196029298497	0.75
430.994695656595	1200	20.543960149473318	0.0	594078	4984.120431259325	0.6353196029298497	1.2
436.8619875672836	1200	18.67666823878472	0.0	624282	5867.291910688597	0.6353196029298497	1.2
441.9722253642575	1200	17.566430441810798	0.0	687371	5110.237796973924	0.6353196029298497	1.2
445.5858020803211	1200	17.95285372574721	0.0	526950	3613.5767160635833	0.6353196029298497	1.2
450.30935894144733	1200	17.229296864620984	0.0	587876	4723.556861126228	0.6353196029298497	1.2
455.4343471310189	1200	16.104308675049374	0.0	617242	5124.98818957161	0.6353196029298497	1.2
459.8610425040179	1200	15.677613302050391	0.0	581493	4426.695372998983	0.6353196029298497	1.2
465.2599673344614	1200	14.278688471606914	0.0	639204	5398.924830443476	0.6353196029298497	1.2
469.6698380657746	1200	13.868817740293641	0.0	586839	4409.870731313272	0.6353196029298497	1.2
474.37451109415383	1200	13.164144711914405	0.0	601738	4704.673028379237	0.6353196029298497	1.2
479.3442117275983	1200	12.19444407847	0.0	616206	4969.700633444405	0.6353196029298497	1.2
484.5507786658972	1200	10.987877140171076	0.0	656471	5206.566938298923	0.6353196029298497	1.2
488.7819028852669	1200	10.75675292080134	0.0	536667	4231.124219369735	0.6353196029298497	1.2
492.6211477418102	750	10.917508064258056	0.0	359903	3839.2448565432846	0.6353196029298497	0.3
497.7089247479582	750	9.82973105811004	0.0	379700	5087.777006148015	0.6353196029298497	0.75
503.0087795899821	750	8.529876216086091	0.0	425781	5299.8548420239495	0.6353196029298497	0.75
504.02900256365353	300	11.509653242414728	0.0	111155	1020.2229736713639	0.6353196029298497	-0.15000000000000002
505.69942866896577	300	13.839227137102492	0.0	153605	1670.4261053122352	0.6353196029298497	0.3
507.4518700235991	300	16.08678578246911	0.0	149029	1752.4413546333842	0.6353196029298497	0.3
510.00330059138116	300	17.53535521468708	0.0	157421	2551.4305677820303	0.6353196029298497	0.3
513.1874522425398	300	18.3512035635284	0.0	157488	3184.1516511586774	0.6353196029298497	0.3
517.4216893623131	300	18.116966443755093	0.0	143881	4234.237119773308	0.6353196029298497	0.3
518.9721816359149	300	20.56647417015335	0.0	163444	1550.492273601744	0.6353196029298497	0.3
521.1539344356378	300	22.38472137043054	0.0	179328	2181.752799722808	0.6353196029298497	0.3
522.7958113106035	300	24.74284449546473	0.0	159914	1641.8768749658088	0.6353196029298497	0.3
524.2064347684608	300	27.332221037607454	0.0	131610	1410.6234578572764	0.6353196029298497	0.3
525.6701005155852	300	29.86855529048313	0.0	124011	1463.6657471243248	0.6353196029298497	0.3
529.9803939141777	750	29.55826189189055	0.0	378327	4310.293398592581	0.6353196029298497	0.3
533.3463110558016	750	30.19234475026676	0.0	390680	3365.9171416237914	0.6353196029298497	0.75
537.1655862294834	750	30.373069576584854	0.0	345516	3819.275173681903	0.6353196029298497	0.75
540.2473532705778	750	31.291302535490534	0.0	384505	3081.767041094322	0.6353196029298497	0.75
543.2156669119008	750	32.322988894167565	0.0	372093	2968.313641322967	0.6353196029298497	0.75
547.5685917757463	750	31.970064030322114	0.0	438281	4352.924863845452	0.6353196029298497	0.75
552.5126278183437	1200	31.02602798772472	0.0	630203	4944.036042597396	0.6353196029298497	0.75
569.2907904478002	1850	18.247865358268182	0.0	982064	16778.162629456536	0.6353196029298497	1.2000000000000002
574.4741636441836	1850	17.064492161884854	0.0	830730	5183.373196383329	0.6353196029298497	1.85
585.1233416967734	2850	10.415314109294956	0.0	1364537	10649.178052589898	0.6353196029298497	1.85
588.2975773191071	750	11.241078486961312	0.0	450283	3174.235622333642	0.6353196029298497	0.75
591.017893955027	750	12.520761851041396	0.0	398865	2720.316635919916	0.6353196029298497	0.75
593.3158900202885	750	14.222765785779828	0.0	350812	2297.9960652615687	0.6353196029298497	0.75
596.2071938737088	750	15.331461932359586	0.0	382355	2891.303853420242	0.6353196029298497	0.75
599.7537726315314	750	15.784883174536859	0.0	411561	3546.5787578227273	0.6353196029298497	0.75
602.113324122436	750	17.425331683632383	0.0	318564	2359.5514909044764	0.6353196029298497	0.75
604.9778980787871	750	18.560757727281256	0.0	352642	2864.573956351127	0.6353196029298497	0.75
608.5363872507575	750	19.00226855531095	0.0	437162	3558.489171970307	0.6353196029298497	0.75
611.4007402320017	750	20.137915574066753	0.0	374758	2864.352981244196	0.6353196029298497	0.75
614.4359590139427	750	21.102696792125627	0.0	362795	3035.2187819411274	0.6353196029298497	0.75
616.5444506712674	750	22.994205134800875	0.0	353220	2108.4916573247497	0.6353196029298497	0.75
621.2290302801609	1200	22.309625525907336	0.0	594078	4684.579608893539	0.6353196029298497	0.75
625.3229402401472	1200	22.21571556592106	0.0	624282	4093.909959986279	0.6353196029298497	1.2
629.9348975415674	1200	21.603758264500932	0.0	687371	4611.957301420127	0.6353196029298497	1.2
633.8724210617188	1200	21.66623474434944	0.0	526950	3937.52352015149	0.6353196029298497	1.2
639.2079064278424	1200	20.330749378225825	0.0	587876	5335.485366123614	0.6353196029298497	1.2
643.9876314519896	1200	19.551024354078596	0.0	617242	4779.725024147228	0.6353196029298497	1.2
648.7980222740223	1200	18.74063353204585	0.0	581493	4810.390822032741	0.6353196029298497	1.2
654.5325751563203	1200	17.00608064974791	0.0	639204	5734.552882297944	0.6353196029298497	1.2
662.6246409755007	1200	12.914014830567481	0.0	586839	8092.065819180428	0.6353196029298497	1.2
670.5693188571142	750	8.969336948953902	0.0	386472	7944.677881613579	0.6353196029298497	0.3
675.9004690030906	750	7.638186802977585	0.0	399894	5331.150145976317	0.6353196029298497	0.75
682.510089523407	750	5.028566282661181	0.0	401853	6609.620520316404	0.6353196029298497	0.75
687.3766833705001	300	4.1619724355681225	0.0	137654	4866.593847093059	0.6353196029298497	-0.15000000000000002
692.7584684983602	300	4.0	1.2198126922920756	146754	5381.785127860198	0.6353196029298497	-4.945194576855925
696.3761592499853	300	4.382309248374881	0.0	153938	3617.6907516251194	0.6353196029298497	0.3
699.6453941326165	300	5.113074365743813	0.0	181901	3269.234882631067	0.6353196029298497	0.3
701.8996708684888	300	6.858797629871524	0.0	111155	2254.2767358722895	0.6353196029298497	0.3
705.5387445719881	300	7.219723926372162	0.0	153605	3639.0737034993617	0.6353196029298497	0.3
707.6345557975551	300	9.123912700805153	0.0	149029	2095.811225567009	0.6353196029298497	0.3
709.3704081431422	300	11.388060355218085	0.0	157421	1735.8523455870677	0.6353196029298497	0.3
711.6528340525723	300	13.105634445788077	0.0	157488	2282.4259094300096	0.6353196029298497	0.3
713.8616935371847	300	14.896774961175627	0.0	143881	2208.8594846124515	0.6353196029298497	0.3
716.4021806295642	300	16.356287868796173	0.0	163444	2540.487092379454	0.6353196029298497	0.3
729.1042206771043	750	7.654247821256043	0.0	401088	12702.040047540127	0.6353196029298497	0.3
734.6147415625394	300	6.143726935820964	0.0	159914	5510.520885435079	0.6353196029298497	-0.15000000000000002
738.7612258456113	300	5.997242652749055	0.0	131610	4146.484283071909	0.6353196029298497	0.3
744.2495502675062	300	4.508918230854152	0.0	124011	5488.324421894903	0.6353196029298497	0.3
750.3028940273042	300	4.0	1.5444255289439717	144254	6053.343759798124	0.6353196029298497	-6.341029774459078
751.5633600409558	300	6.7395339863484445	0.0	149991	1260.4660136515554	0.6353196029298497	0.3
752.5511394622446	300	9.751754565059729	0.0	147968	987.7794212887143	0.6353196029298497	0.3
753.732035994891	300	12.570858032413254	0.0	161857	1180.896532646475	0.6353196029298497	0.3
754.8713354044384	300	15.431558622866055	0.0	145210	1139.2994095471995	0.6353196029298497	0.3
755.9204259105729	300	18.382468116731346	0.0	172312	1049.090506134708	0.6353196029298497	0.3
756.7720895050043	300	21.53080452230008	0.0	167025	851.6635944312656	0.6353196029298497	0.3
765.6427416427902	1850	16.660152384514134	0.0	982064	8870.652137785944	0.6353196029298497	0.30000000000000004
773.2541547475422	1850	13.048739279762053	0.0	830730	7611.413104752081	0.6353196029298497	1.85
784.5768127970965	2850	5.726081230207685	0.0	1364537	11322.658049554368	0.6353196029298497	1.85
788.8708752904	750	5.432018736904245	0.0	450283	4294.06249330344	0.6353196029298497	0.75
792.4819524543444	750	5.820941572959896	0.0	398865	3611.077163944349	0.6353196029298497	0.75
794.242352874729	750	8.060541152575336	0.0	350812	1760.4004203845602	0.6353196029298497	0.75
796.2632693064074	750	10.039624720896855	0.0	382355	2020.9164316784806	0.6353196029298497	0.75
798.2538423001104	750	12.049051727193895	0.0	411561	1990.5729937029587	0.6353196029298497	0.75
800.2921149114954	750	14.010779115808834	0.0	318564	2038.2726113850608	0.6353196029298497	0.75
802.8049679673235	750	15.49792605998084	0.0	352642	2512.8530558279954	0.6353196029298497	0.75
807.3145167999993	1200	14.988377227305019	0.0	709534	4509.54883267582	0.6353196029298497	0.75
811.2839270369416	1200	15.018966990362678	0.0	584846	3969.4102369423413	0.6353196029298497	1.2
814.4171858418533	1200	15.885708185450945	0.0	560821	3133.258804911734	0.6353196029298497	1.2
817.319187040183	1200	16.983706987121373	0.0	607410	2902.0011983295726	0.6353196029298497	1.2
820.5876021292901	1200	17.715291898014264	0.0	594078	3268.4150891071063	0.6353196029298497	1.2
823.4639655244655	1200	18.83892850283884	0.0	624282	2876.3633951754236	0.6353196029298497	1.2
826.7219616799546	1200	19.580932347349837	0.0	687371	3257.9961554890033	0.6353196029298497	1.2
829.1462291885147	1200	21.156664838789794	0.0	526950	2424.267508560042	0.6353196029298497	1.2
834.0406376748648	1850	20.262256352439625	0.0	923170	4894.4084863501685	0.6353196029298497	1.2000000000000002
839.548384758453	1850	18.754509268851468	0.0	966699	5507.747083588157	0.6353196029298497	1.85
846.0780055308724	1850	16.224888496432065	0.0	885714	6529.620772419401	0.6353196029298497	1.85
852.2721368427042	1850	14.030757184600246	0.0	987708	6194.131311831819	0.6353196029298497	1.85
857.3416901675317	1200	12.96120385977269	0.0	586839	5069.553324827557	0.6353196029298497	0.5499999999999999
861.7549610092226	1200	12.547933018081888	0.0	601738	4413.270841690801	0.6353196029298497	1.2
865.8566689266139	1200	12.446225100690592	0.0	616206	4101.707917391297	0.6353196029298497	1.2
869.1690841159735	1200	13.133809911330959	0.0	656471	3312.4151893596345	0.6353196029298497	1.2
871.8803980153713	1200	14.422496011933243	0.0	536667	2711.313899397715	0.6353196029298497	1.2
876.1295286214998	1200	14.173365405804638	0.0	587236	4249.130606128605	0.6353196029298497	1.2
888.082405470984	1200	6.220488556320543	0.0	590335	11952.876849484095	0.6353196029298497	1.2
892.55380527313	750	5.749088754174458	0.0	425781	4471.399802146084	0.6353196029298497	0.3
893.6984493373295	300	8.604444689974992	0.0	111155	1144.644064199468	0.6353196029298497	-0.15000000000000002
894.9792580753794	300	11.323635951925073	0.0	153605	1280.8087380499185	0.6353196029298497	0.3
896.3168234947844	300	13.986070532520085	0.0	149029	1337.5654194049878	0.6353196029298497	0.3
897.5254130876515	300	16.777480939653035	0.0	157421	1208.5895928670495	0.6353196029298497	0.3
901.2706907576417	750	17.032203269662894	0.0	400322	3745.2776699901447	0.6353196029298497	0.3
905.0065866044664	750	17.296307422838144	0.0	369834	3735.8958468247497	0.6353196029298497	0.75
910.1100578777794	750	16.19283614952524	0.0	412837	5103.471273312902	0.6353196029298497	0.75
915.535060408115	750	14.767833619189572	0.0	401088	5425.00253033567	0.6353196029298497	0.75
920.9749388663836	750	13.327955160921016	0.0	365161	5439.878458268557	0.6353196029298497	0.75
923.7602765148915	750	14.542617512413118	0.0	321064	2785.3376485078966	0.6353196029298497	0.75
927.6859262770657	750	14.616967750238931	0.0	361565	3925.649762174188	0.6353196029298497	0.75
934.1299675878781	750	12.172926439426606	0.0	378327	6444.041310812326	0.6353196029298497	0.75
941.4969807773577	750	8.805913249946995	0.0	390680	7367.013189479612	0.6353196029298497	0.75
944.4976565352824	750	9.805237492022309	0.0	345516	3000.675757924685	0.6353196029298497	0.75
947.6667798720888	750	10.636114155215909	0.0	384505	3169.1233368064004	0.6353196029298497	0.75
950.9102796799501	750	11.392614347354595	0.0	372093	3243.4998078613135	0.6353196029298497	0.75
954.6544312034038	750	11.648462823900967	0.0	438281	3744.151523453627	0.6353196029298497	0.75
957.5666771731815	750	12.736216854123224	0.0	398987	2912.245969777743	0.6353196029298497	0.75
962.1946016267782	1200	12.10829240052653	0.0	638661	4627.924453596695	0.6353196029298497	0.75
965.7963380268301	1200	12.50655600047457	0.0	538612	3601.7364000519615	0.6353196029298497	1.2
976.3022095947418	2850	6.00068443256283	0.0	1364537	10505.87156791174	0.6353196029298497	1.2000000000000002
980.9741832316229	750	5.328710795681785	0.0	450283	4671.9736368810445	0.6353196029298497	0.75
985.892812530496	750	4.410081496808662	0.0	398865	4918.629298873124	0.6353196029298497	0.75
987.5952192092421	300	6.7076748180625385	0.0	139857	1702.406678746123	0.6353196029298497	-0.15000000000000002
991.0524225785596	300	7.250471448745053	0.0	155432	3457.2033693174853	0.6353196029298497	0.3
992.8944309033388	300	9.408463123965792	0.0	163442	1842.008324779261	0.6353196029298497	0.3
994.2647151077002	300	12.03817891960439	0.0	126289	1370.2842043614028	0.6353196029298497	0.3
995.6293464383751	300	14.673547588929464	0.0	153295	1364.6313306749253	0.6353196029298497	0.3
997.1101735750779	300	17.192720452226787	0.0	173849	1480.827136702679	0.6353196029298497	0.3
998.4590671227165	300	19.843826904588152	0.0	150710	1348.8935476386334	0.6353196029298497	0.3
1002.9447852420604	750	19.35810878524431	0.0	362795	4485.718119343844	0.6353196029298497	0.3
1007.2652573504446	750	19.037636676860142	0.0	353220	4320.472108384167	0.6353196029298497	0.75
1012.7608271810741	750	17.542066846230625	0.0	405134	5495.56983062952	0.6353196029298497	0.75
1016.1156369923867	750	18.187257034917867	0.0	386351	3354.809811312757	0.6353196029298497	0.75
1019.7725264378441	750	18.53036758946051	0.0	434409	3656.889445457354	0.6353196029298497	0.75
1022.4800809872868	750	19.82281304001796	0.0	337059	2707.554549442555	0.6353196029298497	0.75
1026.5658479331512	750	19.73704609415344	0.0	366214	4085.7669458645223	0.6353196029298497	0.75
1031.2443438075393	750	19.05855021976557	0.0	360831	4678.495874387868	0.6353196029298497	0.75
1034.502515964391	750	19.800378062913822	0.0	372963	3258.1721568517455	0.6353196029298497	0.75
1038.3660904738379	750	19.936803553466984	0.0	405596	3863.5745094468416	0.6353196029298497	0.75
1042.69685883943	750	19.60603518787482	0.0	350713	4330.768365592166	0.6353196029298497	0.75
1048.2300583051344	750	18.072835722170332	0.0	386472	5533.199465704487	0.6353196029298497	0.75
1054.652603267481	750	15.650290759823765	0.0	399894	6422.544962346567	0.6353196029298497	0.75
1060.1649496707855	750	14.137944356519352	0.0	401853	5512.346403304413	0.6353196029298497	0.75
1064.0386432305029	750	14.264250796801962	0.0	343800	3873.69355971739	0.6353196029298497	0.75
1067.8328954247324	750	14.46999860257248	0.0	359903	3794.2521942294825	0.6353196029298497	0.75
1072.5113372973092	750	13.791556729995653	0.0	379700	4678.441872576826	0.6353196029298497	0.75
1076.592284263048	750	13.71060976425671	0.0	425781	4080.9469657389436	0.6353196029298497	0.75
1078.748912272174	750	15.55398175513061	0.0	277716	2156.6280091260987	0.6353196029298497	0.75
1081.3952206584158	750	16.907673368888766	0.0	400396	2646.308386241846	0.6353196029298497	0.75
1083.8304724078293	750	18.472421619475472	0.0	400508	2435.251749413292	0.6353196029298497	0.75
1086.1956867512913	750	20.107207276013366	0.0	358218	2365.214343462108	0.6353196029298497	0.75
1089.8306777425453	750	20.47221628475955	0.0	400322	3634.990991253817	0.6353196029298497	0.75
1095.2673520402975	1200	19.035541987007143	0.0	584349	5436.67429775241	0.6353196029298497	0.75
1101.826329786605	1200	16.47656424069973	0.0	670129	6558.977746307413	0.6353196029298497	1.2
1108.7394342791426	1200	13.563459748162158	0.0	690253	6913.10449253757	0.6353196029298497	1.2
1115.3135907640205	1200	10.98930326328426	0.0	598727	6574.156484877898	0.6353196029298497	1.2
1117.8164805483261	750	12.486413478978724	0.0	321064	2502.889784305536	0.6353196029298497	0.3
1120.904642675423	750	13.398251351881834	0.0	361565	3088.162127096889	0.6353196029298497	0.75
1124.0676930671702	750	14.23520096013477	0.0	378327	3163.0503917470623	0.6353196029298497	0.75
1126.7493659895104	750	15.553528037794553	0.0	390680	2681.672922340218	0.6353196029298497	0.75
1129.4768293292473	750	16.826064698057714	0.0	345516	2727.463339736839	0.6353196029298497	0.75
1132.5033944014997	750	17.799499625805257	0.0	384505	3026.565072252458	0.6353196029298497	0.75
1136.2516496979567	750	18.051244329348464	0.0	372093	3748.2552964567913	0.6353196029298497	0.75
1139.7984450271813	750	18.50444900012381	0.0	438281	3546.7953292246575	0.6353196029298497	0.75
1144.352871776205	1200	17.95002225110021	0.0	630203	4554.426749023598	0.6353196029298497	0.75
1148.80710275948	1200	17.4957912678251	0.0	638661	4454.230983275108	0.6353196029298497	1.2
1155.0357452438302	1850	15.267148783475015	0.0	830730	6228.642484350086	0.6353196029298497	1.2000000000000002
1165.9135015471602	2850	8.389392480144956	0.0	1364537	10877.75630333006	0.6353196029298497	1.85
1169.841293841813	750	8.46160018549196	0.0	450283	3927.792294652996	0.6353196029298497	0.75
1173.2704668888528	750	9.032427138452265	0.0	398865	3429.1730470396947	0.6353196029298497	0.75
1176.3627609371113	750	9.940133090193772	0.0	350812	3092.294048258493	0.6353196029298497	0.75
1179.7244196053648	750	10.578474421940216	0.0	382355	3361.6586682535567	0.6353196029298497	0.75
1182.8601069878557	750	11.442787039449293	0.0	411561	3135.6873824909226	0.6353196029298497	0.75
1185.2697720781994	750	13.033121949105702	0.0	318564	2409.6650903435907	0.6353196029298497	0.75
1188.3777543406209	750	13.925139686684114	0.0	352642	3107.982262421589	0.6353196029298497	0.75
1192.2707734132046	750	14.0321206141005	0.0	437162	3893.019072583614	0.6353196029298497	0.75
1195.3230496742945	750	14.9798443530107	0.0	374758	3052.2762610897994	0.6353196029298497	0.75
1197.9718971450584	750	16.330996882246577	0.0	362795	2648.847470764124	0.6353196029298497	0.75
1200.5266828842973	750	17.776211143007806	0.0	353220	2554.7857392387673	0.6353196029298497	0.75
1203.7459568802972	750	18.55693714700779	0.0	405134	3219.2739960000167	0.6353196029298497	0.75
1209.3106305994902	750	16.992263427814994	0.0	386351	5564.673719192796	0.6353196029298497	0.75
1219.582468511321	750	10.720425515984143	0.0	434409	10271.83791183085	0.6353196029298497	0.75

