1656.0180691576836	750	4.0	15.797987384245365	450283	15797.987384245365	0.75	-67.18134575225507
1659.7796877316828	300	4.238381426000782	0.0	155580	3761.6185739992175	0.75	-0.15000000000000002
1661.3095036186598	300	6.708565539023683	0.0	139857	1529.8158869770998	0.75	0.3
1663.2922656322903	300	8.725803525393273	0.0	155432	1982.762013630411	0.75	0.3
1665.2196392974286	300	10.798429860255215	0.0	163442	1927.3736651380568	0.75	0.3
1669.1016234812325	300	10.916445676451254	0.0	126289	3881.984183803962	0.75	0.3
1671.2877645552483	300	12.730304602435531	0.0	153295	2186.141074015722	0.75	0.3
1673.107160079307	300	14.910909078376621	0.0	173849	1819.3955240589114	0.75	0.3
1675.24033793218	300	16.777731225503825	0.0	150710	2133.177852872798	0.75	0.3
1676.8360113008755	300	19.18205785680817	0.0	139105	1595.6733686956513	0.75	0.3
1678.3670382236755	300	21.651030934008276	0.0	141840	1531.026922799897	0.75	0.3
1682.2800827375024	750	21.737986420181308	0.0	405134	3913.0445138269693	0.75	0.3
1685.5899350301909	750	22.42813412749275	0.0	386351	3309.8522926885553	0.75	0.75
1688.6534959239593	750	23.364573233724254	0.0	434409	3063.5608937684947	0.75	0.75
1692.0783931415906	750	23.93967601609325	0.0	337059	3424.897217631004	0.75	0.75
1699.8611551918516	1200	20.156913965832224	0.0	587876	7782.762050261028	0.75	0.75
1704.5445439541475	1200	19.473525203536337	0.0	617242	4683.388762295887	0.75	1.2
1708.9207376804814	1200	19.097331477202538	0.0	581493	4376.1937263337995	0.75	1.2
1712.3589000805	1200	19.65916907718397	0.0	639204	3438.1624000185648	0.7	1.2
1716.0063021368157	1200	20.011767020868096	0.0	586839	3647.402056315879	0.7	1.2
1719.605505981686	1200	20.412563175997853	0.0	601738	3599.2038448702406	0.7	1.2
1723.309924554787	1200	20.708144602896944	0.0	616206	3704.418573100909	0.7	1.2
1727.029746768216	1200	20.988322389467918	0.0	656471	3719.8222134290268	0.7	1.2
1730.0063462461542	1200	22.011722911529542	0.0	536667	2976.599477938376	0.7	1.2
1732.6679294885155	1200	23.35013966916837	0.0	587236	2661.5832423611737	0.7	1.2
1736.2747155339655	1850	23.743353623718264	0.0	905935	3606.786045450108	0.7	1.2000000000000002
1740.986133964119	1850	23.031935193564834	0.0	1076599	4711.41843015343	0.7	1.85
1744.1772562548476	1850	23.84081290283631	0.0	758197	3191.1222907285255	0.7	1.85
1749.6971984253742	1850	22.320870732309746	0.0	972798	5519.942170526558	0.7	1.85
1756.4706413270906	1850	19.547427830593474	0.0	975811	6773.442901716274	0.7	1.85
1764.0864461255867	1850	15.931623032097297	0.0	873429	7615.804798496178	0.7	1.85
1770.443711328296	1850	13.574357829388026	0.0	954453	6357.265202709272	0.7	1.85
1775.2794461840767	1850	12.738622973607198	0.0	885062	4835.734855780828	0.7	1.85
1780.1997547462422	1850	11.818314411441799	0.0	1035329	4920.3085621654	0.7	1.85
1785.8095225218797	1850	10.208546635804263	0.0	1026056	5609.767775637536	0.7	1.85
1792.2904637820193	1850	7.727605375664786	0.0	943942	6480.941260139477	0.7	1.85
1796.3949549916897	1200	7.62311416599434	0.0	487812	4104.491209670446	0.7	0.5499999999999999
1800.299294709697	1200	7.718774447986787	0.0	575591	3904.339718007553	0.7	1.2
1804.2172076721342	1200	7.800861485549659	0.0	605884	3917.9129624371267	0.7	1.2
1808.0670213375217	1200	7.951047820162118	0.0	587506	3849.8136653875417	0.7	1.2
1811.7001095271728	1200	8.317959630511199	0.0	566904	3633.08818965092	0.7	1.2
1816.2700953058427	1200	7.747973851841469	0.0	641452	4569.985778669729	0.7	1.2
1822.8625182448432	1200	5.155550912840843	0.0	599477	6592.422939000627	0.7	1.2
1827.8789485157365	750	4.139120641947677	0.0	438281	5016.4302708931655	0.7	0.3
1829.2466118425807	300	6.771457315103602	0.0	167025	1367.6633268440758	0.7	-0.15000000000000002
1831.5314911308528	750	8.486578026831449	0.0	393804	2284.879288272154	0.7	0.3
1834.7975655300381	1200	9.220503627645988	0.0	538612	3266.074399185461	0.7	0.75
1846.3488408865321	1850	4.0	2.3307717288478815	846370	11551.275356493868	0.7	-8.82231843404589
1850.0764278561128	750	4.272413030419231	0.0	450283	3727.5869695807683	0.7	0.75
1851.1579563218397	300	7.19088456469229	0.0	155580	1081.528465726941	0.7	-0.15000000000000002
1852.2736674321723	300	10.075173454359684	0.0	139857	1115.7111103326058	0.7	0.3
1854.2537760542355	750	12.095064832296613	0.0	382355	1980.1086220630698	0.7	0.3
1856.254946900302	750	14.093893986229837	0.0	411561	2001.1708460667758	0.7	0.75
1858.652945896577	750	15.695894989955054	0.0	318564	2397.9989962747845	0.7	0.75
1861.696961347129	750	16.65187953940288	0.0	352642	3044.0154505521723	0.7	0.75
1864.1051791761	750	18.243661710432097	0.0	437162	2408.217828970786	0.7	0.75
1866.0901307547736	750	20.258710131758317	0.0	374758	1984.951578673779	0.7	0.75
1868.0759371797067	750	22.272903706825165	0.0	362795	1985.8064249331535	0.7	0.75
1870.7991132464153	1200	23.5497276401167	0.0	607410	2723.176066708463	0.7	0.75
1874.6315870292988	1850	23.71725385723315	0.0	917428	3832.473782883551	0.7	1.2000000000000002
1878.8324914554032	1850	23.516349431128877	0.0	946851	4200.904426104273	0.7	1.85
1883.3475582954009	1850	23.001282591131123	0.0	1036454	4515.066839997754	0.7	1.85
1886.803783122159	1850	23.54505776437293	0.0	821631	3456.2248267581913	0.7	1.85
1890.404363273402	1850	23.944477613129948	0.0	923170	3600.5801512429816	0.7	1.85
1894.6201929668518	1850	23.72864791968016	0.0	966699	4215.82969344979	0.7	1.85
1899.1665955736771	1850	23.18224531285472	0.0	885714	4546.402606825437	0.7	1.85
1903.7326844113816	1850	22.61615647515026	0.0	987708	4566.088837704461	0.7	1.85
1907.8265694087927	1850	22.522271477739086	0.0	923755	4093.8849974111713	0.7	1.85
1911.9445248564	1850	22.404316030131966	0.0	891604	4117.955447607119	0.7	1.85
1918.760819745651	1850	19.588021140880915	0.0	955231	6816.29488925105	0.7	1.85
1932.9001509841312	1850	9.448689902400728	0.0	968026	14139.331238480187	0.7	1.85
1938.7144591984913	1200	7.634381688040594	0.0	536667	5814.308214360135	0.7	0.5499999999999999
1945.5529504679803	1200	4.795890418551742	0.0	587236	6838.491269488853	0.7	1.2
1949.1987635722553	750	5.1500773142765786	0.0	379700	3645.813104275163	0.7	0.3
1952.7305140678425	750	5.6183268186895186	0.0	425781	3531.7504955870604	0.7	0.75
1956.4961364873334	750	5.852704399198545	0.0	277716	3765.6224194909737	0.7	0.75
1961.5658486855723	750	4.78299220095941	0.0	400396	5069.7121982391345	0.7	0.75
1964.0063001744682	300	6.34254071206371	0.0	149029	2440.4514888957	0.7	-0.15000000000000002
1966.2180008187834	300	8.13084006774859	0.0	157421	2211.7006443151204	0.7	0.3
1968.3233987213227	300	10.025442165209382	0.0	157488	2105.3979025392077	0.7	0.3
1970.7728791222864	300	11.575961764245601	0.0	143881	2449.480400963781	0.7	0.3
1973.8069574613148	300	12.541883425217105	0.0	163444	3034.078339028498	0.7	0.3
1976.1820440050699	300	14.166796881462005	0.0	179328	2375.086543755098	0.7	0.3
1977.8752863727138	300	16.473554513818176	0.0	159914	1693.2423676438284	0.7	0.3
1979.3561645045852	300	18.992676381946783	0.0	131610	1480.8781318713968	0.7	0.3
1980.5083267863486	300	21.840514100183242	0.0	124011	1152.1622817635393	0.7	0.3
1983.6375413518042	750	22.711299534727477	0.0	378327	3129.214565455766	0.7	0.3
1987.3317005729741	750	23.017140313557807	0.0	390680	3694.1592211696684	0.7	0.75
1990.4020253020603	750	23.946815584471533	0.0	345516	3070.3247290862746	0.7	0.75
1994.5673519628876	750	23.781488923644364	0.0	384505	4165.326660827168	0.7	0.75
1997.0771057476745	750	25.271735138857547	0.0	372093	2509.7537847868157	0.7	0.75
1999.8741443473607	750	26.47469653917165	0.0	438281	2797.0385996859018	0.7	0.75
2003.2308910625263	1200	27.117949824006004	0.0	630203	3356.7467151656406	0.7	0.75
2008.5613239556385	1850	25.78751693089374	0.0	982064	5330.432893112266	0.7	1.2000000000000002
2018.5400627387828	2850	19.8087781477497	0.0	1231456	9978.738783144045	0.7	1.85
2027.4243576210715	2850	14.92448326546077	0.0	1364537	8884.294882288927	0.7	2.85
2030.2788190960284	750	16.070021790504097	0.0	450283	2854.4614749566745	0.7	0.75
2035.0113361160425	1200	15.337504770489966	0.0	611087	4732.517020014128	0.7	0.75
2038.4598921464042	1200	15.888948740128308	0.0	571051	3448.5560303616585	0.7	1.2
2042.6387137619408	1200	15.710127124591503	0.0	617681	4178.8216155368045	0.7	1.2
2047.338549058177	1200	15.010291828355367	0.0	652874	4699.835296236137	0.7	1.2
2050.915425723984	1200	15.433415162548629	0.0	520315	3576.876665806738	0.7	1.2
2054.4906823651672	1200	15.858158521364851	0.0	561791	3575.2566411837774	0.7	1.2
2058.5725161564455	1200	15.776324730086488	0.0	709534	4081.833791278363	0.7	1.2
2061.2593353290836	1200	17.089505557448597	0.0	584846	2686.8191726378936	0.7	1.2
2064.010531387781	1200	18.33830949875107	0.0	560821	2751.196058697526	0.7	1.2
2066.780536001078	1200	19.568304885454392	0.0	607410	2770.004613296679	0.7	1.2
2069.4025969815725	1200	20.946243904959758	0.0	594078	2622.060980494635	0.7	1.2
2073.2490395671407	1850	21.099801319391688	0.0	946851	3846.4425855680674	0.7	1.2000000000000002
2077.836369939305	1850	20.512470947227687	0.0	1036454	4587.3303721639995	0.7	1.85
2082.271708805182	1850	20.077132081350594	0.0	821631	4435.338865877093	0.7	1.85
2086.3451100711086	1850	20.00373081542378	0.0	923170	4073.4012659268164	0.7	1.85
2090.728067646229	1850	19.62077324030303	0.0	966699	4382.9575751207485	0.7	1.85
2096.4995511618076	1850	17.849289724724834	0.0	885714	5771.483515578198	0.7	1.85
2105.4003866462544	1850	12.94845424027767	0.0	987708	8900.835484447163	0.7	1.85
2120.2090342541433	1850	4.0	1.8601933676112004	923755	14808.64760788887	0.7	-6.148831480728161
2123.540857040116	750	4.668177214027581	0.0	386472	3331.8227859724193	0.7	-0.3500000000000001
2127.057419560953	750	5.151614693190757	0.0	399894	3516.5625208368233	0.7	0.75
2132.7908320889665	750	4.0	0.5817978348227807	401853	5733.412528013538	0.7	-1.7517306897379568
2134.391657472608	300	6.399174616358165	0.0	137654	1600.825383641835	0.7	-0.15000000000000002
2135.890484516553	300	8.90034757241308	0.0	146754	1498.8270439450855	0.7	0.3
2137.5203837296913	300	11.270448359274994	0.0	153938	1629.8992131380883	0.7	0.3
2139.319098514198	300	13.471733574768484	0.0	181901	1798.7147845065085	0.7	0.3
2140.8076284307726	300	15.983203658193636	0.0	111155	1488.5299165748486	0.7	0.3
2146.4972953255633	750	14.29353676340282	0.0	400396	5689.666894790817	0.7	0.3
2152.3054840887967	750	12.485348000169338	0.0	400508	5808.188763233481	0.7	0.75
2157.270776839064	750	11.52005524990212	0.0	358218	4965.292750267219	0.7	0.75
2163.3430597514243	750	9.44777233754172	0.0	400322	6072.2829123604	0.7	0.75
2169.1751002389715	750	7.615731849994896	0.0	369834	5832.040487546823	0.7	0.75
2171.4841799888814	300	9.306652100084772	0.0	163444	2309.0797499101254	0.7	-0.15000000000000002
2174.1441335628597	300	10.646698526106581	0.0	179328	2659.9535739781886	0.7	0.3
2176.06092403432	300	12.729908054645884	0.0	159914	1916.7904714606973	0.7	0.3
2177.5344131051065	300	15.256418983859652	0.0	131610	1473.489070786233	0.7	0.3
2178.99075714353	300	17.800074945436176	0.0	124011	1456.3440384234768	0.7	0.3
2180.699597888511	300	20.091234200455293	0.0	144254	1708.8407449808851	0.7	0.3
2182.601743764523	300	22.189088324443407	0.0	149991	1902.1458760118837	0.7	0.3
2184.3647954156454	300	24.42603667332109	0.0	147968	1763.0516511223193	0.7	0.3
2188.6500405495767	750	24.140791539389927	0.0	384505	4285.245133931164	0.7	0.3
2202.6961944218474	750	14.094637667119091	0.0	372093	14046.153872270836	0.7	0.75

