141565.25309362146	750	4.0	2.4131422276550993	450283	2413.1422276550993	-9.626511578916928
141566.5528182924	300	6.700275329039221	0.0	155580	1299.7246709607784	-0.15000000000000002
141567.84114602764	300	9.411947593784637	0.0	139857	1288.3277352545854	0.3
141569.06457847322	300	12.18851514823132	0.0	155432	1223.4324455533176	0.3
141570.36910994383	300	14.883983677609294	0.0	163442	1304.5314706220256	0.3
141571.298235813	300	17.95485780843685	0.0	126289	929.1258691724468	0.3
141572.51234815668	300	20.740745464772388	0.0	153295	1214.1123436644586	0.3
141573.77140019674	300	23.481693424733248	0.0	173849	1259.0520400391435	0.3
141574.75329253863	300	26.49980108282837	0.0	150710	981.8923419048781	0.3
141575.86523955804	300	29.387854063416444	0.0	139105	1111.9470194119228	0.3
141577.0676475834	300	32.18544603807326	0.0	141840	1202.408025343186	0.3
141578.11904104496	300	35.134052576532454	0.0	156148	1051.3934615408084	0.3
141579.33274204048	300	37.92035158099153	0.0	160746	1213.7009955409267	0.3
141580.7578137947	300	40.495279826762356	0.0	179801	1425.0717542291648	0.3
141581.74733326258	300	43.50576035886761	0.0	140051	989.5194678947438	0.3
141584.41730694668	750	44.83578667479366	0.0	366214	2669.973684073956	0.3
141587.00441586477	750	46.248677756690675	0.0	360831	2587.10891810298	0.75
141589.7169848814	750	47.53610874004898	0.0	372963	2712.569016641694	0.75
141592.8112554292	750	48.441838192236716	0.0	405596	3094.2705478122602	0.75
141595.31478338013	750	49.938310241327045	0.0	350713	2503.527950909673	0.75
141598.08495816754	750	51.168135453885675	0.0	386472	2770.17478744137	0.75
141600.62440992155	750	52.62868369986972	0.0	399894	2539.45175401596	0.75
141603.2300958153	750	54.02299780612879	0.0	401853	2605.685893740929	0.75
141605.74508535638	750	55.508008265035315	0.0	343800	2514.9895410934787	0.75
141608.4656384578	750	56.78745516361311	0.0	359903	2720.553101422209	0.75
141610.95427781556	750	58.298815805863875	0.0	379700	2488.6393577492336	0.75
141615.75983771577	750	57.49325590563573	0.0	425781	4805.559900228146	0.75
141618.51359802682	750	58.739495594596306	0.0	277716	2753.7603110394207	0.75
141621.4578612847	750	59.79523233671342	0.0	400396	2944.2632578828907	0.75
141624.38552336732	750	59.84485624086736	0.0	400508	2450.3760958460584	0.75
141628.14798639645	750	59.577267719682844	0.0	358218	3267.588521184513	0.75
141631.89165702794	750	59.83359708820664	0.0	400322	3743.6706314762077	0.75
141635.8138871433	750	59.71125460023538	0.0	369834	3122.342487971264	0.75
141640.13802673586	750	59.38711500768584	0.0	412837	4324.139592549536	0.75
141644.6358734415	750	58.88926830208259	0.0	401088	4497.846705603249	0.75
141649.04130515887	750	58.48383658467216	0.0	365161	4405.431717410432	0.75
141653.39081381256	750	58.13432793099877	0.0	321064	4349.508653673398	0.75
141657.52063330848	750	58.00450843509637	0.0	361565	4129.819495902402	0.75
141661.2708289029	750	58.25431284065602	0.0	378327	3750.195594440343	0.75
141665.03891609484	750	58.486225648722346	0.0	390680	3768.087191933671	0.75
141668.25019244346	750	59.27494930011265	0.0	345516	3211.2763486096933	0.75
141671.79683034297	750	59.72831140060362	0.0	384505	3546.637899509038	0.75
141676.93981133026	750	58.585330413317074	0.0	372093	5142.980987286546	0.75
141682.03017053934	750	57.49497120421432	0.0	438281	5090.359209102753	0.75
141685.67227253545	750	57.852869208133235	0.0	398987	3642.101996081088	0.75
141690.93957272865	1200	56.58556901494034	0.0	638661	5267.300193192895	0.75
141697.42514008994	1850	54.10000165363107	0.0	830730	6485.567361309271	1.2000000000000002
141710.77541196963	2850	44.74972977392086	0.0	1364537	13350.271879710208	1.85
141715.5950049097	750	43.9301368338443	0.0	450283	4819.592940076561	0.75
141719.81373470018	750	43.711407043351514	0.0	398865	4218.729790492785	0.75
141723.2073752754	750	44.31776646813518	0.0	350812	3393.6405752163364	0.75
141726.9214587996	750	44.60368294393607	0.0	382355	3714.0835241991067	0.75
141730.60172673487	750	44.923415008662175	0.0	411561	3680.267935273901	0.75
141733.50514215382	750	46.01999958971471	0.0	318564	2903.415418947468	0.75
141737.27169009682	750	46.25345164672144	0.0	352642	3766.547942993273	0.75
141746.82456785903	750	40.700573884522456	0.0	437162	9552.87776219898	0.75
141753.02704362	750	38.49809812353685	0.0	374758	6202.475760985612	0.75
141756.03363882954	750	39.49150291401428	0.0	362795	3006.5952095225593	0.75
141758.64428946815	750	40.88085227541188	0.0	353220	2610.650638602406	0.75
141762.87126011113	750	40.65388163243804	0.0	405134	4226.970642973839	0.75
141765.7913072737	750	41.733834469873244	0.0	386351	2920.047162564799	0.75
141769.59278557668	750	41.932356166873866	0.0	434409	3801.4783029993773	0.75
141772.3987500659	750	43.12639167762717	0.0	337059	2805.9644892467013	0.75
141776.34195797026	750	43.18318377329113	0.0	366214	3943.2079043360363	0.75
141782.30740781478	750	41.217733928785925	0.0	360831	5965.449844505203	0.75
141788.96283937493	750	38.56230236861526	0.0	372963	6655.431560170662	0.75
141796.3363908712	750	35.18875087235434	0.0	405596	7373.551496260927	0.75
141799.08030743262	300	36.444834310925664	0.0	140881	2743.916561428679	-0.15000000000000002
141800.56053332775	300	38.96460841579711	0.0	157671	1480.2258951285614	0.3
141802.2143178888	300	41.31082385476239	0.0	157812	1653.7845610347115	0.3
141804.14939347407	300	43.37574826949216	0.0	163927	1935.0755852702277	0.3
141805.75341475412	300	45.77172698942819	0.0	137654	1604.021280063981	0.3
141809.32917936385	750	46.1959623796992	0.0	359903	3575.764609728982	0.3
141812.85041755805	750	46.674724185504274	0.0	379700	3521.238194194928	0.75
141816.62805508066	750	46.89708666290295	0.0	425781	3777.637522601327	0.75
141822.05178344433	750	45.473358299208755	0.0	277716	5423.728363694194	0.75
141833.00194623412	750	38.52319550945535	0.0	400396	10950.162789753407	0.75
141837.309809174	300	38.215332569566456	0.0	149029	4307.862939888892	-0.15000000000000002
141842.1438157066	300	37.38132603694617	0.0	157421	4834.006532620279	0.3
141844.92152883636	300	38.60361290720062	0.0	157488	2777.7131297455467	0.3
141846.97903096347	300	40.54611078010285	0.0	143881	2057.502127097776	0.3
141852.41992214587	300	39.10521959770256	0.0	163444	5440.891182400291	0.3
141856.83738484542	300	38.68775689813666	0.0	179328	4417.462699565893	0.3
141861.29490660084	300	38.2302351427362	0.0	159914	4457.521755400466	0.3
141865.48987714935	300	38.035264594219576	0.0	131610	4194.970548516626	0.3
141869.59117334196	300	37.93396840159703	0.0	124011	4101.296192622545	0.3
141875.0865782255	300	36.438563518032225	0.0	144254	5495.4048835647945	0.3
141879.67596834252	300	35.84917340103257	0.0	149991	4589.390116999649	0.3
141883.88798061816	300	35.63716112535573	0.0	147968	4212.0122756768405	0.3
141886.88035184628	300	36.64478989725399	0.0	161857	2992.3712281017442	0.3
141888.68535177174	300	38.839789971785606	0.0	145210	1804.999925468385	0.3
141890.6673040884	300	40.85783765514646	0.0	172312	1981.952316639141	0.3
141892.21582587916	300	43.309315864369715	0.0	167025	1548.5217907767421	0.3
141893.83279257393	300	45.69234916960063	0.0	160064	1616.9666947690848	0.3
141903.06210862187	1200	40.4630331216587	0.0	538612	9229.316047941931	0.29999999999999993
141921.59223508445	1850	25.93290665906532	0.0	846370	18530.12646259338	1.2000000000000002
141925.701052546	750	25.82408919752263	0.0	450283	4108.8174615426915	0.75
141928.34525386215	300	27.179887881373183	0.0	155580	2644.201316149447	-0.15000000000000002
141933.39550255684	300	26.12963918667976	0.0	139857	5050.248694693421	0.3
141940.1259950665	300	23.399146676990078	0.0	155432	6730.492509689679	0.3
141946.2458395115	300	21.27930223198625	0.0	163442	6119.84444500383	0.3
141950.90513797046	300	20.620003773048754	0.0	126289	4659.298458937496	0.3
141956.08614063394	300	19.439001109560664	0.0	153295	5181.00266348809	0.3
141962.8614133854	300	16.663728358113467	0.0	173849	6775.2727514472	0.3
141965.1042045015	300	18.420937242014652	0.0	150710	2242.791116098813	0.3
141966.09179873148	300	21.433343012028438	0.0	139105	987.5942299862157	0.3
141967.0782424619	300	24.44689928162751	0.0	141840	986.4437304009296	0.3
141968.15534356557	300	27.369798177955197	0.0	156148	1077.101103672313	0.3
141969.40164420792	300	30.123497535582857	0.0	160746	1246.3006423723393	0.3
141970.7011576967	300	32.82398404680284	0.0	179801	1299.513488780016	0.3
141971.90649142343	300	35.618650320080356	0.0	140051	1205.3337267224897	0.3
141973.50062413438	300	38.024517609108024	0.0	138313	1594.1327109723388	0.3
141974.8332932314	300	40.69184851208932	0.0	143509	1332.6690970187008	0.3
141976.22506812835	300	43.300073615140015	0.0	150616	1391.7748969493127	0.3
141977.4897355477	300	46.03540619579566	0.0	165384	1264.667419344354	0.3
141978.43591213576	300	49.08922960772277	0.0	140881	946.1765880728883	0.3
141979.47564519412	300	52.04949654935871	0.0	157671	1039.7330583640664	0.3
141982.3975699444	750	53.12757179906825	0.0	399894	2921.9247502904655	0.3
141985.18822904487	750	54.3369126985818	0.0	401853	2790.6591004864463	0.75
141988.61398050864	750	54.91116123482195	0.0	343800	3425.7514637598497	0.75
141991.54694586503	750	55.97819587842791	0.0	359903	2932.965356394038	0.75
141994.8351573987	750	56.68998434476732	0.0	379700	3288.211533660594	0.75
141999.12291388115	750	56.40222786230765	0.0	425781	4287.756482459672	0.75
142000.90666999057	750	58.61847175290044	0.0	277716	1783.7561094072084	0.75
142004.2439054676	750	59.28123627586944	0.0	400396	3337.2354770310085	0.75
142008.01368915915	750	59.509297405990495	0.0	400508	2771.938869878941	0.75
142011.42649780939	750	59.59231549170179	0.0	358218	2916.9819142887063	0.75
142015.1639330866	750	59.854880214521636	0.0	400322	3237.4352771801537	0.75
142018.89884132164	750	59.69855710355937	0.0	369834	3156.3231109622648	0.75
142022.18370215304	750	59.67941924991788	0.0	412837	3019.137853641492	0.75
142026.22197022193	750	59.64115118101035	0.0	401088	3538.2680689075287	0.75
142029.0399925395	750	59.83063554555344	0.0	365161	2810.515635456903	0.75
142032.09082303528	750	59.68297363871372	0.0	321064	2147.6619068397295	0.75
142035.87583704677	750	59.54805092743983	0.0	361565	3134.922711273888	0.75
142039.3683746016	750	59.516827800137044	0.0	378327	3031.2231273027896	0.75
142043.07274671484	750	59.81245568690055	0.0	390680	3204.372113236496	0.75
142046.0082533215	750	59.61754565395499	0.0	345516	2694.9100329455505	0.75
142050.5839904553	750	59.04180852014044	0.0	384505	4575.737133814551	0.75
142055.41190500717	750	58.21389396824224	0.0	372093	4827.914551898194	0.75
142060.46292403777	750	57.16287493768071	0.0	438281	5051.019030561536	0.75
142065.2018687113	750	56.4239302641301	0.0	398987	4738.944673550614	0.75
142073.8626239607	750	51.76317501471816	0.0	393804	8660.755249411934	0.75
142079.4981833186	1200	50.127615656839424	0.0	538612	5635.559357878738	0.75
142093.3398878963	2850	40.28591107913086	0.0	1364537	13841.704577708555	1.2000000000000002
142096.82580060334	750	40.799998372090656	0.0	450283	3485.9127070402083	0.75
142100.44520380365	750	41.18059517176434	0.0	398865	3619.403200326311	0.75
142103.78793145533	750	41.837867520102414	0.0	350812	3342.727651661921	0.75
142106.54278249908	750	43.08301647634126	0.0	382355	2754.8510437611653	0.75
142110.07722841253	750	43.54857056287681	0.0	411561	3534.4459134644408	0.75
142115.07783557105	750	42.54796340436874	0.0	318564	5000.607158508071	0.75
142120.3220501806	300	41.303748794809586	0.0	153295	5244.214609559151	-0.15000000000000002
142123.57879630962	300	42.0470026658108	0.0	173849	3256.746128998781	0.3
142125.87417682257	300	43.75162215285868	0.0	150710	2295.380512952122	0.3
142126.66114495133	300	46.96465402407549	0.0	139105	786.9681287831883	0.3
142127.6954871707	300	49.93031180470276	0.0	141840	1034.3422193727297	0.3
142128.7323153007	300	52.893483674712826	0.0	156148	1036.8281299899318	0.3
142129.65643212906	300	55.96936684635841	0.0	160746	924.1168283544205	0.3
142132.42863825065	750	57.19716072476468	0.0	434409	2772.2061215937347	0.3
142135.24390906945	750	58.38188990597094	0.0	337059	2815.270818793735	0.75
142138.3091560499	750	59.316642925542546	0.0	366214	3065.24698042839	0.75
142141.7028263685	750	59.92297260692304	0.0	360831	2893.670318619507	0.75
142144.73723319164	750	59.78885400572127	0.0	372963	2634.118601201769	0.75
142147.82400062407	750	59.6211144004854	0.0	405596	2667.7396052358567	0.75
142150.65793267105	750	59.50316229058134	0.0	350713	2617.952109904068	0.75
142154.16185019485	750	59.99924476677713	0.0	386472	3503.9175238042117	0.75
142158.25017519871	750	59.91091976292839	0.0	399894	3088.325003848742	0.75
142162.09173847316	750	59.63974935806438	0.0	401853	3271.170404864008	0.75
142165.1208089223	750	59.5004105682795	0.0	343800	2639.3387897848816	0.75
142168.41713748281	750	59.702112117725264	0.0	359903	2298.2984505542304	0.75
142172.12574618935	750	59.966822819427264	0.0	379700	3235.289298297996	0.75
142175.80525865054	750	59.553726292957876	0.0	425781	2913.0965264693878	0.75
142178.8731567945	750	59.90798518833333	0.0	277716	2145.7411046245566	0.75
142182.73045301065	750	59.73541559990933	0.0	400396	3172.5695884239994	0.75
142186.34510901588	750	59.93045091116727	0.0	400508	3304.964688742061	0.75
142191.30645103878	1200	58.969108888267414	0.0	570392	4961.342022899853	0.75
142196.22459471252	1200	58.0509652145345	0.0	620283	4918.143673732914	1.2
142199.2391300216	750	59.03642990545707	0.0	369834	3014.5353090774315	0.3
142203.12827837977	750	59.14728154730318	0.0	412837	3889.1483581538955	0.75
142207.03604886	750	59.23951106708158	0.0	401088	3907.7704802216003	0.75
142216.1527014034	750	54.12285852369928	0.0	365161	9116.652543382295	0.75
142220.8101386322	750	53.46542129487158	0.0	321064	4657.437228827704	0.75
142225.30117537492	750	52.97438455216791	0.0	361565	4491.036742703668	0.75
142231.66878284837	750	50.60677707872182	0.0	378327	6367.607473446096	0.75
142244.47621010977	750	41.799349817305824	0.0	390680	12807.427261415993	0.75
142247.3421449665	300	42.9334149605505	0.0	147968	2865.9348567553266	-0.15000000000000002
142250.12408484408	300	44.151475082985	0.0	161857	2781.9398775654986	0.3
142253.52955657218	300	44.74600335490034	0.0	145210	3405.471728084661	0.3
142256.3997852774	300	45.87577464966977	0.0	172312	2870.228705230572	0.3
142258.29569889072	300	47.97986103636049	0.0	167025	1895.9136133092843	0.3
142260.57632047555	300	49.69923945153738	0.0	160064	2280.6215848231072	0.3
142265.52131062554	750	48.75424930154748	0.0	331053	4944.990149989899	0.3
142295.73670560407	1850	22.538854323028648	0.0	846370	30215.394978518834	0.75
142301.40541926303	750	20.870140664062966	0.0	450283	5668.713658965684	0.75
142302.62100129903	300	23.65455862807147	0.0	155580	1215.5820359914942	-0.15000000000000002
142303.71140585287	300	26.564154074234214	0.0	139857	1090.4045538372545	0.3
142304.55967175867	300	29.715888168419074	0.0	155432	848.26590581514	0.3
142305.39799874107	300	32.877561186041355	0.0	163442	838.3269823777189	0.3
142306.07157896174	300	36.20398096536076	0.0	126289	673.5802206805888	0.3
142308.94398980492	750	37.33157012215845	0.0	352642	2872.4108432023163	0.3
142313.65765412257	750	36.61790580451795	0.0	437162	4713.664317640496	0.75
142318.09133735794	750	36.18422256914968	0.0	374758	4433.683235368275	0.75
142320.9835426728	750	37.29201725431775	0.0	362795	2892.205314831932	0.75
142323.9619320063	750	38.313627920806205	0.0	353220	2978.3893335115445	0.75
142328.23724647835	750	38.038313448767404	0.0	405134	4275.314472038801	0.75
142330.94700979607	750	39.32855013103198	0.0	386351	2709.7633177354237	0.75
142334.3125553174	750	39.96300460972162	0.0	434409	3365.5455213103523	0.75
142337.56141394697	750	40.71414598015696	0.0	337059	3248.85862956467	0.75
142340.89849419656	750	41.377065730541645	0.0	366214	3337.08024961531	0.75
142342.99707227017	750	43.278487656940975	0.0	360831	2098.57807360067	0.75
142344.95709761855	750	45.31846230854128	0.0	372963	1960.0253483996985	0.75
142346.9100634495	750	47.36549647759371	0.0	405596	1952.9658309475672	0.75
142348.94689234995	750	49.328667577125934	0.0	350713	2036.8289004677777	0.75
142351.74693833556	750	50.52862159152422	0.0	386472	2800.0459856017146	0.75
142354.56908151426	750	51.70647841283157	0.0	399894	2822.143178692648	0.75
142356.786386323	750	53.4891736041355	0.0	401853	2217.3048086960675	0.75
142359.29488280363	750	54.980677123489116	0.0	343800	2508.4964806463922	0.75
142361.76755850788	750	56.50800141922358	0.0	359903	2472.675704265529	0.75
142363.68132011397	750	58.59423981311972	0.0	379700	1913.7616061038627	0.75
142366.31828031843	750	59.549710918149714	0.0	425781	2044.5288949700061	0.75
142369.22709033807	1200	59.832021563078705	0.0	487160	2717.689355071009	0.75
142373.05641717958	1200	59.94091847460821	0.0	622896	2891.1030884704987	1.2
142376.67773559515	1200	59.88137114335597	0.0	641447	3059.5473312522363	1.2
142381.3650235519	1850	59.19408318660018	0.0	873429	4687.287956755792	1.2000000000000002
142386.78208339284	1850	57.7770233456534	0.0	954453	5417.059840946786	1.85
142393.2790658364	1850	55.28004090207631	0.0	885062	6496.982443577086	1.85
142397.4762209324	1200	55.08288580606269	0.0	670129	4197.155096013623	0.5499999999999999
142402.76470888066	1200	53.79439785782085	0.0	690253	5288.487948241843	1.2
142407.32442522538	1200	53.23468151309216	0.0	598727	4559.716344728691	1.2
142410.82320821736	1200	53.735898521115494	0.0	487812	3498.7829919766687	1.2
142414.3876297907	1200	54.171476947787	0.0	575591	3564.4215733284937	1.2
142417.30192477047	1200	55.25718196800144	0.0	605884	2914.2949797855626	1.2
142420.44616703363	1200	56.11293970484624	0.0	587506	3144.2422631551976	1.2
142428.3451752183	1200	52.213931520161594	0.0	566904	7899.008184684644	1.2
142438.30463559146	1200	46.25447114701739	0.0	641452	9959.460373144206	1.2
142443.5269232177	1200	45.03218352079507	0.0	599477	5222.287626222323	1.2
142447.35724652282	750	45.20186021565646	0.0	438281	3830.3233051386114	0.3
142451.34981862135	750	45.20928811709394	0.0	398987	3992.572098562518	0.75
142455.79793431063	750	44.7611724278484	0.0	393804	4448.115689245542	0.75
142463.1799761723	1200	41.37913056616594	0.0	538612	7382.041861682462	0.75
142480.33606087207	2850	28.22304586637386	0.0	1364537	17156.084699792085	1.2000000000000002
142488.62461084608	750	23.934495892385247	0.0	450283	8288.549973988613	0.75
142490.18772968205	300	26.371377056405876	0.0	155580	1563.1188359793703	-0.15000000000000002
142491.2832122569	300	29.27589448156119	0.0	139857	1095.4825748446879	0.3
142492.57032445024	300	31.988782288230137	0.0	155432	1287.1121933310494	0.3
142494.02766471414	300	34.53144202430563	0.0	163442	1457.340263924508	0.3
142495.05039865148	300	37.50870808699328	0.0	126289	1022.7339373123448	0.3
142496.34059813584	300	40.21850860263269	0.0	153295	1290.1994843605898	0.3
142498.0612170492	300	42.49788968929074	0.0	173849	1720.6189133419532	0.3
142499.20418429587	300	45.354922442619376	0.0	150710	1142.9672466713594	0.3
142500.57090886607	300	47.988197872419015	0.0	139105	1366.7245702003606	0.3
142501.8965060258	300	50.66260071270198	0.0	141840	1325.5971597170317	0.3
142503.24596095792	300	53.31314578057685	0.0	156148	1349.4549321251309	0.3
142505.96119197804	750	54.59791476046081	0.0	386351	2715.2310201160412	0.3
142509.1389116649	750	55.42019507360614	0.0	434409	3177.71968685467	0.75
142511.52487170105	750	57.034235037445846	0.0	337059	2385.9600361602897	0.75
142513.85990784556	750	58.69919889294852	0.0	366214	2335.0361444973205	0.75
142516.64178185712	750	59.917324881385504	0.0	360831	2281.874011563024	0.75
142520.2937920795	750	59.862228443343675	0.0	372963	3055.096438041827	0.75
142524.26649500657	750	59.88952551630471	0.0	405596	3972.7029270389644	0.75
142527.9860164069	750	59.86507317178946	0.0	350713	3524.452344515251	0.75
142532.77031702924	750	59.080772549474105	0.0	386472	4784.300622315359	0.75
142539.12922191177	750	56.721867666935154	0.0	399894	6358.9048825389455	0.75
142542.74476294412	750	57.10632663461816	0.0	401853	3615.541032316991	0.75
142545.730388514	750	58.120701064693755	0.0	343800	2985.6255699244102	0.75
142550.19355874066	750	57.65753083802884	0.0	359903	4463.170226664914	0.75
142554.90834864206	750	56.94274093665645	0.0	379700	4714.7899013723945	0.75
142560.53360381044	750	55.317485768263225	0.0	425781	5625.255168393217	0.75
142562.83273146287	750	57.01835811581932	0.0	277716	2299.1276524439118	0.75
142566.23311211177	750	57.617977466910645	0.0	400396	3400.3806489086696	0.75
142569.6567657453	750	58.19432383337455	0.0	400508	3423.6536335361043	0.75
142573.5297598136	750	58.32132976506965	0.0	358218	3872.9940683049017	0.75
142578.573615597	750	57.2774739816583	0.0	400322	5043.855783411352	0.75
142581.68735200955	750	58.16373756909053	0.0	369834	3113.7364125677614	0.75
142585.772847141	750	58.078242437670426	0.0	412837	4085.495131420111	0.75
142591.13316353955	750	56.71792603912011	0.0	401088	5360.316398550316	0.75
142596.3897390218	750	55.46135055686681	0.0	365161	5256.575482253297	0.75
142601.70415893424	750	54.146930644452	0.0	321064	5314.419912414813	0.75
142603.76448422554	300	56.086605353148904	0.0	124011	2060.325291303099	-0.15000000000000002
142605.6235088149	300	58.22758076379281	0.0	144254	1859.0245893560948	0.3
142610.16323561256	750	57.687853966119654	0.0	390680	4539.726797673155	0.3
142613.7383872822	750	58.1127022964678	0.0	345516	3575.1516696518547	0.75
142618.28760245742	750	57.56348712125818	0.0	384505	4549.215175209625	0.75
142622.44642604844	750	57.40466353026672	0.0	372093	4158.823590991457	0.75
142625.68026042898	750	58.1708291496931	0.0	438281	3233.834380573625	0.75
142628.3509183784	750	59.50017120030861	0.0	398987	2670.657949384491	0.75
142631.18238294608	750	59.65042443014132	0.0	393804	2349.746770167284	0.75
142638.43537984506	1850	56.39742753116595	0.0	830730	7252.996898975366	0.75
142651.27232576566	2850	47.5604816105572	0.0	1364537	12836.945920608756	1.85
142656.38657386228	750	46.4462335139551	0.0	450283	5114.248096602096	0.75
142660.92748680356	750	45.90532057268671	0.0	398865	4540.912941268393	0.75
142663.67920199607	750	47.15360538017729	0.0	350812	2751.715192509423	0.75
142667.0218249092	750	47.81098246701215	0.0	382355	3342.622913165133	0.75
142670.19575557808	750	48.63705179815561	0.0	411561	3173.9306688565425	0.75
142672.4539117463	750	50.37889562994499	0.0	318564	2258.1561682106158	0.75
142675.22827212707	750	51.60453524918354	0.0	352642	2774.3603807614486	0.75
142678.74146728136	750	52.091340094871434	0.0	437162	3513.1951543121086	0.75
142682.59145621548	750	52.241351160761866	0.0	374758	3849.988934109568	0.75
142685.4022636642	750	53.430543712027166	0.0	362795	2810.8074487346976	0.75
142688.08681615884	750	54.745991217403045	0.0	353220	2684.5524946241176	0.75
142690.86972008928	750	55.96308728693918	0.0	405134	2782.9039304638695	0.75
142693.70677158874	750	57.126035787484085	0.0	386351	2837.051499455091	0.75
142696.79632215557	750	58.03648522066038	0.0	434409	3089.5505668237	0.75
142699.2208207741	750	59.61198660214704	0.0	337059	2424.4986185133416	0.75
142702.43130849887	750	59.97232055251712	0.0	366214	3139.666049629926	0.75
142705.50985822335	750	59.668456527847205	0.0	360831	2803.8640246699138	0.75
142709.1885268813	750	59.98978786989837	0.0	372963	3178.6686579488396	0.75
142712.59689880218	750	59.59727908833581	0.0	405596	3392.508781562563	0.75
142716.42828277443	750	59.519518671890395	0.0	350713	3077.7604164454156	0.75
142720.30550600926	750	59.57271883235737	0.0	386472	3446.799839533032	0.75
142724.22699481947	750	59.651230022147175	0.0	399894	3421.4888102101913	0.75
142727.83027077152	750	59.625548148862514	0.0	401853	3025.68187328466	0.75
142731.39085849232	750	59.57405132786577	0.0	343800	3051.4968209967456	0.75
142734.7059915703	750	59.776030238755574	0.0	359903	3298.0210891101997	0.75
142738.63969605663	750	59.752733990038855	0.0	379700	3023.296248716719	0.75
142742.10291020438	750	59.9113310349794	0.0	425781	2841.402955059456	0.75
142744.8109317956	750	59.692725835705545	0.0	277716	2218.6051992738526	0.75
142752.89021917194	750	55.6134384593614	0.0	400396	8079.28737634415	0.75
142759.3998047078	750	53.1038529234987	0.0	400508	6509.585535862693	0.75

