12358.24501863499	750	4.0	2.239539958395732	450283	2239.539958395732	-8.880021821101646
12360.017729675377	750	6.227288959612474	0.0	398865	1772.7110403875265	0.75
12362.424978181984	1200	7.820040453004313	0.0	571051	2407.2485066081604	0.75
12365.326083346163	1200	8.918935288825883	0.0	617681	2901.1051641784293	1.2
12368.20742302729	1200	10.03759560769707	0.0	652874	2881.3396811288144	1.2
12370.507181116678	1200	11.737837518309702	0.0	520315	2299.7580893873683	1.2
12372.94319131161	1200	13.301827323377603	0.0	561791	2436.010194932098	1.2
12376.219869041242	1200	14.025149593744136	0.0	709534	3276.677729633467	1.2
12379.135307732335	1200	15.109710902651301	0.0	584846	2915.438691092835	1.2
12381.708554022098	1200	16.536464612886988	0.0	560821	2573.246289764314	1.2
12385.678814225485	1850	16.566204409501996	0.0	939819	3970.2602033849903	1.2000000000000002
12389.508063495092	1850	16.73695513989398	0.0	917428	3829.249269608016	1.85
12393.622980790791	1850	16.622037844193983	0.0	946851	4114.917295699997	1.85
12398.77481679969	1850	15.470201835294942	0.0	1036454	5151.83600889904	1.85
12402.576168631425	1850	15.668850003560491	0.0	821631	3801.3518317344488	1.85
12409.021354528877	1850	13.223664106108114	0.0	923170	6445.185897452379	1.85
12413.67912661289	1850	12.565892022096868	0.0	966699	4657.772084011245	1.85
12419.732452310165	1850	10.51256632482012	0.0	885714	6053.325697276748	1.85
12425.71010165973	1200	8.534916975255197	0.0	639204	5977.649349564923	0.5499999999999999
12429.71871587071	1200	8.526302764275245	0.0	586839	4008.614210979951	1.2
12432.573461886117	1200	9.671556748868541	0.0	601738	2854.7460154067053	1.2
12436.238485863172	1200	10.0065327718145	0.0	616206	3665.0239770540406	1.2
12439.954973095999	1200	10.290045538988768	0.0	656471	3716.4872328257316	1.2
12442.71240701964	1200	11.532611615346529	0.0	536667	2757.4339236422406	1.2
12446.609355679202	1200	11.635662955784685	0.0	587236	3896.948659561843	1.2
12455.013391319077	1200	7.231627315910966	0.0	590335	8404.035639873719	1.2
12459.314148788579	1200	6.930869846410463	0.0	696376	4300.757469500503	1.2
12460.9865718367	750	9.258446798287968	0.0	277716	1672.423048122494	0.3
12463.477854934952	750	10.76716370003722	0.0	400396	2491.28309825075	0.75
12466.508600449932	750	11.736418185057437	0.0	400508	3030.745514979783	0.75
12469.176842673669	750	13.068175961320325	0.0	358218	2668.2422237371115	0.75
12471.71846829512	750	14.526550339870175	0.0	400322	2541.6256214501504	0.75
12476.00739730615	1200	14.237621328840428	0.0	584349	4288.929011029748	0.75
12480.295257475998	1200	13.949761158991121	0.0	670129	4287.860169849307	1.2
12483.968191109789	1200	14.276827525199058	0.0	690253	3672.9336337920636	1.2
12487.328367977923	1200	14.916650657066441	0.0	598727	3360.1768681326175	1.2
12490.66651165249	1200	15.578506982500441	0.0	487812	3338.1436745659994	1.2
12495.029074651036	1200	15.215943983951453	0.0	575591	4362.562998548989	1.2
12499.048625052326	1200	15.196393582662303	0.0	605884	4019.550401289149	1.2
12502.943391697348	1200	15.301626937639007	0.0	587506	3894.7666450232978	1.2
12506.043705102324	1200	16.201313532664305	0.0	566904	3100.3134049746996	1.2
12509.612423155635	1200	16.632595479353515	0.0	641452	3568.7180533107903	1.2
12512.743508765861	1200	17.50150986912781	0.0	599477	3131.08561022571	1.2
12516.166626333168	1200	18.078392301820852	0.0	634861	3423.117567306954	1.2
12521.533112290517	1850	16.711906344471792	0.0	958994	5366.485957349058	1.2000000000000002
12528.828253072696	1850	13.416765562291662	0.0	982064	7295.140782180131	1.85
12534.126490196591	1850	12.118528438395913	0.0	830730	5298.237123895749	1.85
12542.399349919622	2850	7.845668715363606	0.0	1364537	8272.859723032307	1.85
12545.24093828785	750	9.004080347135922	0.0	450283	2841.5883682276854	0.75
12547.72655616549	750	10.51846246949638	0.0	398865	2485.6178776395404	0.75
12549.861359105154	750	12.383659529831096	0.0	350812	2134.802939665283	0.75
12555.357520001999	1200	10.88749863298836	0.0	617681	5496.160896842737	0.75

