147668.94246148542	750	4.0	2.5826148246442413	450283	2582.6148246442413	0.8	-10.355243745970236
147673.5282894151	1200	4.0	0.5858279296778601	611087	4585.82792967786	0.8	-1.7690600976147985
147679.4367002127	1850	4.0	1.9084107976165678	877771	5908.410797616568	0.8	-7.006166429751243
147685.85819239132	1850	4.0	2.4214921785766355	933276	6421.4921785766355	0.8	-8.562416367879532
147693.94316959823	1850	4.0	4.08497720693032	996749	8084.97720693032	0.8	-15.715401989800379
147698.51532293667	1200	4.0	0.5721533384597051	520315	4572.153338459705	0.7	-1.910259355376732
147701.33505978103	750	5.180263155643806	0.0	352642	2819.7368443561936	0.7	0.3
147705.19309940224	750	5.322223534424897	0.0	437162	3858.039621218909	0.7	0.75
147709.0039149061	750	5.511408030592068	0.0	374758	3810.8155038328296	0.7	0.75
147713.1328293323	750	5.3824936043726295	0.0	362795	4128.914426219439	0.7	0.75
147716.94121186735	750	5.574111069294276	0.0	353220	3808.3825350783522	0.7	0.75
147720.4183451996	750	6.096977737040728	0.0	405134	3477.1333322535484	0.7	0.75
147724.08133405072	750	6.433988885951041	0.0	386351	3662.988851089687	0.7	0.75
147727.816611433	750	6.6987115036776705	0.0	434409	3735.277382273371	0.7	0.75
147730.5213023899	750	7.9940205467593435	0.0	337059	2704.690956918327	0.7	0.75
147733.00176583385	750	9.513557102823668	0.0	366214	2480.463443935675	0.7	0.75
147735.8725290537	750	10.64279388295831	0.0	360831	2870.763219865357	0.7	0.75
147738.89034497112	750	11.62497796556431	0.0	372963	3017.815917394001	0.7	0.75
147741.87372835822	750	12.64159457847594	0.0	405596	2983.38338708837	0.7	0.75
147744.32311850015	750	14.192204436528721	0.0	350713	2449.3901419472204	0.7	0.75
147747.12827156033	750	15.387051376330083	0.0	386472	2805.1530601986374	0.7	0.75
147749.91821798982	750	16.597104946825347	0.0	399894	2789.946429504737	0.7	0.75
147754.79107596027	1200	15.72424697638852	0.0	656471	4872.857970436828	0.7	0.75
147759.19157998735	1200	15.323742949312935	0.0	536667	4400.504027075584	0.7	1.2
147764.18115135925	1200	14.334171577412635	0.0	587236	4989.571371900299	0.7	1.2
147770.40099461004	1200	12.114328326622497	0.0	590335	6219.843250790139	0.7	1.2
147778.37462879356	1200	8.140694143094237	0.0	696376	7973.63418352826	0.7	1.2
147781.61724952294	750	8.898073413722166	0.0	277716	3242.6207293720704	0.7	0.3
147785.34304689284	750	9.172276043824196	0.0	400396	3725.7973698979695	0.7	0.75
147788.79593404234	750	9.719388894335049	0.0	400508	3452.8871494891487	0.7	0.75
147792.15559819218	750	10.35972474448065	0.0	358218	3359.6641498544004	0.7	0.75
147796.05846216524	750	10.4568607714348	0.0	400322	3902.863973045849	0.7	0.75
147799.12602123866	750	11.389301698027127	0.0	369834	3067.5590734076727	0.7	0.75
147802.94329615877	750	11.572026777923755	0.0	412837	3817.274920103373	0.7	0.75
147807.6755778876	750	10.839745049095841	0.0	401088	4732.281728827913	0.7	0.75
147813.1650990009	750	9.350223935794343	0.0	365161	5489.521113301498	0.7	0.75
147818.13703697067	750	8.378285966025254	0.0	321064	4971.937969769089	0.7	0.75
147821.51843467538	750	8.996888261307049	0.0	361565	3381.3977047182043	0.7	0.75
147824.628327457	750	9.88699547969783	0.0	378327	3109.8927816092178	0.7	0.75
147828.19097016004	750	10.324352776677275	0.0	390680	3562.6427030205564	0.7	0.75
147831.12321742656	750	11.392105510155812	0.0	345516	2932.2472665214636	0.7	0.75
147834.4099736521	750	12.10534928463681	0.0	384505	3286.7562255190014	0.7	0.75
147837.24012421176	750	13.275198724981074	0.0	372093	2830.150559655737	0.7	0.75
147840.65457050336	750	13.860752433389056	0.0	438281	3414.446291592018	0.7	0.75
147844.3795627638	750	14.13576017297401	0.0	398987	3724.992260415048	0.7	0.75
147850.4785082648	750	12.036814671978446	0.0	393804	6098.9455009955645	0.7	0.75
147860.4689555205	1200	6.046367416250578	0.0	538612	9990.447255727868	0.7	0.75
147868.41966006643	1200	4.0	1.904337129673473	550906	7950.704545924051	0.7	-6.988649657595933
147873.66235175775	750	4.0	1.2426916913348613	450283	5242.691691334861	0.7	-4.593574272739904
147875.193191678	300	6.469160079777752	0.0	155580	1530.8399202222479	0.7	-0.15000000000000002
147876.54787896055	300	9.114472797203366	0.0	139857	1354.687282574386	0.7	0.3
147878.1899135979	300	11.472438159856644	0.0	155432	1642.034637346721	0.7	0.3
147879.6423985082	300	14.019953249527221	0.0	163442	1452.4849103294214	0.7	0.3
147880.6565080694	300	17.005843688353416	0.0	126289	1014.1095611738047	0.7	0.3
147882.11765481564	300	19.54469694211847	0.0	153295	1461.1467462349444	0.7	0.3
147886.92027305876	750	18.742078699030923	0.0	437162	4802.618243087546	0.7	0.3
147891.00096114312	750	18.66139061467547	0.0	374758	4080.688084355458	0.7	0.75
147897.36777476253	750	16.29457699525413	0.0	362795	6366.813619421338	0.7	0.75
147904.02319361732	750	13.639158140472752	0.0	353220	6655.418854781377	0.7	0.75
147909.5229225274	750	12.139429230371166	0.0	405134	5499.728910101584	0.7	0.75
147916.37237748856	750	9.289974269205839	0.0	386351	6849.454961165328	0.7	0.75
147928.1807722111	750	4.0	2.5184204533561734	434409	11808.394722562012	0.7	-10.079207949431545
147932.8729591899	300	4.0	0.6921869787902369	140051	4692.186978790237	0.7	-3.126404008798019
147937.3786865668	300	4.0	0.5057273769200865	138313	4505.7273769200865	0.75	-1.874627720756372
147940.23127068437	300	5.1474158824329335	0.0	143509	2852.584117567067	0.75	0.3
147943.0781715567	300	6.300515010068596	0.0	150616	2846.9008723643374	0.75	0.3
147946.55083857983	300	6.827847986934745	0.0	165384	3472.667023133851	0.75	0.3
147949.96138382293	300	7.417302743855195	0.0	140881	3410.545243079551	0.75	0.3
147953.13952414875	300	8.239162418024549	0.0	157671	3178.140325830646	0.75	0.3
147957.66965440378	300	7.709032163001575	0.0	157812	4530.130255022975	0.75	0.3
147963.02952775406	300	6.34915881271459	0.0	163927	5359.8733502869845	0.75	0.3
147965.8146445274	300	7.5640420394220484	0.0	137654	2785.1167732925414	0.75	0.3
147968.34276553278	300	9.035921034018541	0.0	146754	2528.121005403506	0.75	0.3
147971.51073252154	300	9.867954045275733	0.0	153938	3167.96698874281	0.75	0.3
147974.13914410473	300	11.239542462082467	0.0	181901	2628.4115831932654	0.75	0.3
147975.95082766906	300	13.427858897738878	0.0	111155	1811.68356434359	0.75	0.3
147977.9609357271	300	15.417750839667693	0.0	153605	2010.108058071184	0.75	0.3
147980.66730801057	300	16.71137855620186	0.0	149029	2706.3722834658324	0.75	0.3
147983.74988829956	300	17.628798267224205	0.0	157421	3082.580288977654	0.75	0.3
147990.78108176083	300	14.597604805941375	0.0	157488	7031.193461282832	0.75	0.3
147996.04877285255	300	13.329913714212594	0.0	143881	5267.6910917287805	0.75	0.3
148000.065523502	300	13.313163064733594	0.0	163444	4016.7506494790014	0.75	0.3
148002.8370993466	300	14.5415872201442	0.0	179328	2771.5758445893944	0.75	0.3
148004.94559757708	300	16.433088989657797	0.0	159914	2108.4982304864034	0.75	0.3
148006.67654178903	300	18.702144777726215	0.0	131610	1730.9442119315838	0.75	0.3
148012.86195631613	300	16.516730250610227	0.0	124011	6185.414527115985	0.75	0.3
148020.07960476508	300	13.299081801667185	0.0	144254	7217.648448943042	0.75	0.3
148025.8157003498	300	11.562986216940036	0.0	149991	5736.095584727149	0.75	0.3
148030.02500545868	300	11.353681108065235	0.0	147968	4209.305108874802	0.75	0.3
148035.06621409344	300	10.312472473307688	0.0	161857	5041.208634757547	0.75	0.3
148038.926036583	300	10.452649983743482	0.0	145210	3859.8224895642047	0.75	0.3
148043.78673520137	300	9.591951365384753	0.0	172312	4860.698618358729	0.75	0.3
148048.0775016241	300	9.301184942633565	0.0	167025	4290.766422751188	0.75	0.3
148054.4780909659	300	6.900595600848112	0.0	160064	6400.589341785453	0.75	0.3
148057.20243007687	300	8.176256489891648	0.0	137507	2724.339110956464	0.75	0.3
148058.36863577794	300	11.01005078879669	0.0	118421	1166.2057010949572	0.75	0.3
148062.55127059488	750	10.827415971885534	0.0	450283	4182.634816911156	0.75	0.75
148064.0031646996	300	13.375521867151702	0.0	155580	1451.8941047338294	0.75	-0.15000000000000002
148065.31792466773	300	16.060761898983458	0.0	139857	1314.7599681682443	0.75	0.3
148066.7409862248	300	18.637700341916965	0.0	155432	1423.061557066496	0.75	0.3
148068.1821736458	300	21.19651292092941	0.0	163442	1441.187420987552	0.75	0.3
148070.84899400038	750	22.529692566348587	0.0	318564	2666.820354580825	0.75	0.3
148073.7454832813	750	23.633203285446143	0.0	352642	2896.489280902443	0.75	0.75
148079.86317437718	1200	21.51551218955531	0.0	709534	6117.691095890834	0.75	0.75
148085.43221946486	1200	19.94646710187103	0.0	584846	5569.045087684281	0.75	1.2
148089.51822436223	1200	19.86046220450812	0.0	560821	4086.004897362911	0.75	1.2
148093.96452920386	1200	19.41415736286765	0.0	607410	4446.304841640473	0.75	1.2
148098.0936536193	1200	19.2850329474522	0.0	594078	4129.12441541545	0.75	1.2
148102.4609409095	1200	18.917745657241372	0.0	624282	4367.287290210828	0.75	1.2
148108.72426447846	1200	16.654422088289433	0.0	687371	6263.323568951938	0.75	1.2
148115.3549041438	1200	14.023782422929198	0.0	526950	6630.639665360235	0.75	1.2
148119.41436733265	1200	13.964319234103758	0.0	587876	4059.463188825441	0.75	1.2
148123.559887455	1200	13.818799111756745	0.0	617242	4145.520122347012	0.75	1.2
148127.5836419858	1200	13.79504458093026	0.0	581493	4023.7545308264857	0.75	1.2
148131.9851269733	1200	13.393559593421374	0.0	639204	4401.484987508886	0.75	1.2
148137.01767447236	1200	12.36101209435014	0.0	586839	5032.547499071234	0.75	1.2
148141.39663542254	1200	11.982051144170688	0.0	601738	4378.960950179452	0.75	1.2
148146.11001991227	1200	11.268666654421324	0.0	616206	4713.384489749364	0.75	1.2
148151.19041271164	1200	10.188273855055552	0.0	656471	5080.3927993657735	0.75	1.2
148156.26857921848	1200	9.110107348241701	0.0	536667	5078.166506813849	0.75	1.2
148164.4219733685	1200	4.956713198224313	0.0	587236	8153.394150017389	0.75	1.2
148167.72903655595	750	5.649650010787529	0.0	379700	3307.0631874367837	0.75	0.3
148171.26549259986	750	6.113193966858236	0.0	425781	3536.4560439292923	0.75	0.75
148173.9905274834	750	7.388159083342465	0.0	277716	2725.0348835157715	0.75	0.75
148177.98248990014	750	7.396196666592221	0.0	400396	3991.962416750244	0.75	0.75
148181.9281263935	750	7.450560173238792	0.0	400508	3945.6364933534296	0.75	0.75
148185.20317642522	750	8.175510141510525	0.0	358218	3275.050031728266	0.75	0.75
148188.69325899932	750	8.685427567415145	0.0	400322	3490.08257409538	0.75	0.75
148191.99076778258	750	9.38791878416478	0.0	369834	3297.5087832503655	0.75	0.75
148195.61534167806	750	9.763344888669842	0.0	412837	3624.5738954949384	0.75	0.75
148202.2562840345	750	7.1224025322292235	0.0	401088	6640.942356440619	0.75	0.75
148208.22405927698	750	5.154627289739334	0.0	365161	5967.775242489889	0.75	0.75
148209.63862764696	300	7.740058919748231	0.0	131610	1414.568369991104	0.75	-0.15000000000000002
148211.09177382154	300	10.286912745158428	0.0	124011	1453.1461745898023	0.75	0.3
148212.67253349925	300	12.706153067445575	0.0	144254	1580.759677712852	0.75	0.3
148214.0980248993	300	15.28066166741809	0.0	149991	1425.491400027484	0.75	0.3
148215.55623189005	300	17.822454676639964	0.0	147968	1458.206990778124	0.75	0.3
148219.4981001399	750	17.880586426797308	0.0	384505	3941.868249842658	0.75	0.3
148223.84131613004	750	17.537370436643812	0.0	372093	4343.2159901535	0.75	0.75
148234.91428749895	750	10.464399067741919	0.0	438281	11072.971368901892	0.75	0.75
148243.64462753548	750	5.734059031200204	0.0	398987	8730.340036541715	0.75	0.75
148245.6750563762	300	7.703630190515729	0.0	160064	2030.428840684475	0.75	-0.15000000000000002
148249.16296955198	300	8.215717014719072	0.0	137507	3487.9131757966566	0.75	0.3
148251.29672735516	750	10.081959211559415	0.0	314107	2133.7578031596568	0.75	0.3
148254.22471177886	750	11.153974787826883	0.0	450283	2927.9844237325324	0.75	0.75
148258.74628016475	750	10.632406401961722	0.0	398865	4521.568385865161	0.75	0.75
148261.06877982971	750	12.309906737000455	0.0	350812	2322.4996649612654	0.75	0.75
148263.46752564184	750	13.911160924883731	0.0	382355	2398.7458121167265	0.75	0.75
148265.82781629314	750	15.550870273577011	0.0	411561	2360.290651306719	0.75	0.75
148269.03177076683	1200	16.34691579989241	0.0	520315	3203.9544736846005	0.75	0.75
148272.6445727246	1200	16.7341138421445	0.0	561791	3612.801957747913	0.75	1.2
148278.0859933771	1200	15.292693189610182	0.0	709534	5441.420652534317	0.75	1.2
148282.7324803233	1200	14.646206243435591	0.0	584846	4646.48694617459	0.75	1.2
148287.782391818	1200	13.596294748699513	0.0	560821	5049.911494736078	0.75	1.2
148292.3869252477	1200	12.991761319017426	0.0	607410	4604.533429682086	0.75	1.2
148296.72786447572	1200	12.650822090997593	0.0	594078	4340.939228019833	0.75	1.2
148302.0368907881	1200	11.341795778655946	0.0	624282	5309.026312341647	0.75	1.2
148307.75350754638	1200	9.625179020347154	0.0	687371	5716.616758308791	0.75	1.2
148311.45965256932	1200	9.919033997421847	0.0	526950	3706.145022925307	0.75	1.2
148315.66266975712	1200	9.716016809611345	0.0	587876	4203.017187810502	0.75	1.2
148320.1120093366	1200	9.266677230143747	0.0	617242	4449.339579467598	0.75	1.2
148324.60746031837	1200	8.7712262483671	0.0	581493	4495.4509817766475	0.75	1.2
148329.99743110136	1200	7.381255465361636	0.0	639204	5389.970783005464	0.75	1.2
148334.85878825883	1200	6.519898307897392	0.0	586839	4861.357157464244	0.75	1.2
148338.03560756234	750	7.343079004399399	0.0	386472	3176.819303497993	0.75	0.3
148341.6736385141	750	7.7050480526216	0.0	399894	3638.0309517778	0.75	0.75
148346.22851955437	750	7.150167012357491	0.0	401853	4554.881040264109	0.75	0.75
148354.7437947288	750	4.0	1.3651081620389933	343800	8515.275174396484	0.75	-5.119965096767671
148356.2886102644	300	6.45518446438795	0.0	146754	1544.8155356120492	0.75	-0.15000000000000002
148358.99045153073	300	7.753343198049572	0.0	153938	2701.841266338378	0.75	0.3
148361.29955331105	300	9.44424141771453	0.0	181901	2309.1017803350423	0.75	0.3
148362.85158970847	300	11.892205020279965	0.0	111155	1552.0363974345644	0.75	0.3
148364.53198713696	300	14.211807591800772	0.0	153605	1680.3974284791932	0.75	0.3
148365.84815388106	300	16.895640847697855	0.0	149029	1316.1667441029165	0.75	0.3
148367.63704061456	300	19.10675411422307	0.0	157421	1788.8867334747868	0.75	0.3
148370.66662911008	300	20.077165618673863	0.0	157488	3029.5884955492083	0.75	0.3
148374.37252987665	300	20.371264852122792	0.0	143881	3705.9007665510685	0.75	0.3
148384.64394823828	750	14.099846490497411	0.0	412837	10271.418361625381	0.75	0.3
148389.19088587887	750	13.552908849925608	0.0	401088	4546.937640571805	0.75	0.75
148392.00380458223	750	14.739990146536675	0.0	365161	2812.9187033889325	0.75	0.75
148394.5448694738	750	16.198925254974917	0.0	321064	2541.0648915617585	0.75	0.75
148397.05613542272	750	17.687659306026298	0.0	361565	2511.265948948621	0.75	0.75
148402.0863903661	750	16.65740436266748	0.0	378327	5030.254943358813	0.75	0.75
148411.63835569433	750	11.105439034461357	0.0	390680	9551.965328206126	0.75	0.75
148423.96149328697	750	4.0	1.2176985581833177	345516	12323.137592644674	0.75	-4.486103800188266
148431.15447424244	300	4.0	3.1929809554820214	161857	7192.980955482021	0.75	-13.87981810857269
148436.13103312053	300	4.0	0.9765588781029255	145210	4976.5588781029255	0.75	-3.8992031758425796
148439.71171329447	300	4.419319826069728	0.0	172312	3580.6801739302723	0.75	0.3
148442.43828417858	300	5.692748941953547	0.0	167025	2726.570884116181	0.75	0.3
148444.60169002056	300	7.529343099977744	0.0	160064	2163.405841975803	0.75	0.3
148446.96385900362	300	9.167174116908756	0.0	137507	2362.168983068988	0.75	0.3
148450.75559478794	750	9.375438332582785	0.0	314107	3791.73578432597	0.75	0.3
148459.38362036945	750	4.747412751074573	0.0	450283	8628.025581508213	0.75	0.75
148460.8735265917	300	7.257506528862414	0.0	155580	1489.9062222121593	0.75	-0.15000000000000002
148462.10829439157	300	10.02273872896445	0.0	139857	1234.767799897963	0.75	0.3
148463.36851298372	300	12.762520136794915	0.0	155432	1260.2185921695348	0.75	0.3
148464.65084880436	300	15.480184316171743	0.0	163442	1282.335820623173	0.75	0.3
148465.93150289473	300	18.19953022579199	0.0	126289	1280.6540903797502	0.75	0.3
148468.78367320093	750	19.347359919581976	0.0	352642	2852.1703062100155	0.75	0.3
148472.8403273351	750	19.29070578539309	0.0	437162	4056.6541341888874	0.75	0.75
148475.85696544126	750	20.274067679247857	0.0	374758	3016.6381061452335	0.75	0.75
148485.08250335854	1200	15.048529761976077	0.0	560821	9225.537917271778	0.75	0.75
148500.5328719134	1200	4.0	0.40183879289070684	607410	15450.368554866784	0.75	-0.5279068094300394
148502.1520788833	300	6.38079303011015	0.0	156148	1619.2069698898504	0.75	-0.6000000000000001
148503.53495835458	300	8.997913558826404	0.0	160746	1382.879471283746	0.75	0.3
148505.15889350846	300	11.373978404914375	0.0	179801	1623.9351539120287	0.75	0.3
148506.18518707523	300	14.34768483814367	0.0	140051	1026.2935667707063	0.75	0.3
148507.3560330712	300	17.176838842139624	0.0	138313	1170.8459960040432	0.75	0.3
148508.81682283065	300	19.716049082709034	0.0	143509	1460.7897594305896	0.75	0.3
148511.65706853237	300	20.87580338096588	0.0	150616	2840.2457017431498	0.75	0.3
148514.2577284652	300	22.275143448136586	0.0	165384	2600.659932829293	0.75	0.3
148518.74470840403	750	21.788163509311126	0.0	350713	4486.979938825463	0.75	0.3
148521.85611315668	750	22.676758756678094	0.0	386472	3111.4047526330337	0.75	0.75
148524.5501842974	750	23.982687615946325	0.0	399894	2694.07114073177	0.75	0.75
148532.32730221353	1200	20.205569699853125	0.0	656471	7777.1179160932015	0.75	0.75
148536.69549254092	1200	19.837379372436708	0.0	536667	4368.190327416418	0.75	1.2
148550.69044052728	1200	9.842431386073473	0.0	587236	13994.947986363233	0.75	1.2
148554.16864929808	750	10.364222615282666	0.0	379700	3478.2087707908063	0.75	0.3
148560.41805078674	750	8.114821126631309	0.0	425781	6249.401488651358	0.75	0.75
148561.29290745925	300	11.239964454096611	0.0	111155	874.8566725346973	0.75	-0.15000000000000002
148562.9489502282	300	13.583921685157383	0.0	153605	1656.0427689392263	0.75	0.3
148564.4139152946	300	16.118956618748147	0.0	149029	1464.9650664092392	0.75	0.3
148566.19194819895	300	18.340923714381237	0.0	157421	1778.0329043669092	0.75	0.3
148570.54124651	750	17.99162540334012	0.0	400322	4349.298311041116	0.75	0.3
148576.74078061522	750	15.792091298137905	0.0	369834	6199.534105202217	0.75	0.75
148580.86178399168	750	15.671087921655362	0.0	412837	4121.003376482541	0.75	0.75
148584.3059715279	750	16.226900385441123	0.0	401088	3444.1875362142396	0.75	0.75
148589.45766413183	1200	15.075207781532301	0.0	598727	5151.692603908821	0.75	0.75
148594.76140095884	1200	13.771470954514891	0.0	487812	5303.73682701741	0.75	1.2
148599.33797584195	750	13.194896071414446	0.0	361565	4576.574883100446	0.75	0.3
148602.85680654904	750	13.676065364307433	0.0	378327	3518.830707107011	0.75	0.75
148606.75158772018	750	13.781284193156734	0.0	390680	3894.7811711506984	0.75	0.75
148610.0751893989	750	14.45768251444942	0.0	345516	3323.601678707315	0.75	0.75
148613.28834883735	750	15.24452307597596	0.0	384505	3213.1594384734585	0.75	0.75
148616.08797787264	750	16.44489404068052	0.0	372093	2799.6290352954397	0.75	0.75
148621.4716010388	750	15.061270874550114	0.0	438281	5383.623166130405	0.75	0.75
148625.694174885	750	14.838697028339812	0.0	398987	4222.5738462103045	0.75	0.75
148631.05769697097	1200	13.47517494236898	0.0	638661	5363.5220859708315	0.75	0.75
148635.37673716634	1200	13.156134746992517	0.0	538612	4319.040195376463	0.75	1.2
148648.5460225432	2850	4.0	0.013150629858871981	1364537	13169.285376851389	0.75	1.1434522916068506
148652.4298145356	750	4.1162080076186705	0.0	450283	3883.79199238133	0.75	0.75
148654.45358415038	300	6.0924383928230705	0.0	155580	2023.7696147955999	0.75	-0.15000000000000002
148655.83755599151	300	8.708466551681537	0.0	139857	1383.971841141533	0.75	0.3
148661.55135793186	750	6.9946646113343975	0.0	382355	5713.801940347139	0.75	0.3
148665.52330565327	750	7.0227168898990175	0.0	411561	3971.94772143538	0.75	0.75
148668.2438794714	750	8.30214307174824	0.0	318564	2720.573818150777	0.75	0.75
148671.11788615002	750	9.428136393137327	0.0	352642	2874.006678610912	0.75	0.75
148674.3123894068	750	10.233633136361378	0.0	437162	3194.503256775948	0.75	0.75
148677.05040825673	750	11.495614286418547	0.0	374758	2738.018849942832	0.75	0.75
148680.0740645849	750	12.47195795828704	0.0	362795	3023.6563281315066	0.75	0.75
148682.94704899128	750	13.598973551868989	0.0	353220	2872.984406418052	0.75	0.75
148685.94600345916	750	14.60001908399234	0.0	405134	2998.954467876649	0.75	0.75
148688.95337620485	750	15.59264633828476	0.0	386351	3007.3727457075797	0.75	0.75
148694.11694452775	1200	14.429078015384952	0.0	687371	5163.568322899809	0.75	0.75
148698.3581942532	1200	14.187828289932574	0.0	526950	4241.249725452379	0.75	1.2
148703.06759781038	1200	13.478424732757508	0.0	587876	4709.403557175065	0.75	1.2
148710.9010242656	1200	9.644998277560026	0.0	617242	7833.426455197482	0.75	1.2
148715.9382086981	1200	8.607813845054707	0.0	581493	5037.184432505319	0.75	1.2
148721.40397588687	1200	7.142046656258084	0.0	639204	5465.767188796623	0.75	1.2
148724.93401651504	750	7.612006028099888	0.0	350713	3530.0406281581963	0.75	0.3
148727.92111088568	750	8.624911657452866	0.0	386472	2987.0943706470202	0.75	0.75
148732.3167109092	750	8.22931163394219	0.0	399894	4395.600023510677	0.75	0.75
148735.45003871174	750	9.095983831383364	0.0	401853	3133.327802558827	0.75	0.75
148738.25536753456	750	10.290655008591779	0.0	343800	2805.3288227915855	0.75	0.75
148741.2361288469	750	11.309893696220767	0.0	359903	2980.7613123710134	0.75	0.75
148744.00411292264	750	12.54190962049434	0.0	379700	2767.984075726425	0.75	0.75
148749.9112062889	750	10.63481625421593	0.0	425781	5907.09336627841	0.75	0.75
148753.50989508408	750	11.036127459045709	0.0	277716	3598.6887951702224	0.75	0.75
148760.46288738606	750	8.0831351570763	0.0	400396	6952.992301969408	0.75	0.75
148766.5009021747	750	6.045120368421316	0.0	400508	6038.014788654985	0.75	0.75
148767.7312379071	300	8.814784636033375	0.0	157421	1230.335732387941	0.75	-0.15000000000000002
148769.52563923015	300	11.020383312971644	0.0	157488	1794.4013230617313	0.75	0.3
148771.26267620118	300	13.2833463419652	0.0	143881	1737.0369710064442	0.75	0.3
148772.7732660079	300	15.772756535221415	0.0	163444	1510.5898067437854	0.75	0.3
148774.7909232325	300	17.75509931061502	0.0	179328	2017.6572246063931	0.75	0.3
148778.33296875656	750	18.213053786539493	0.0	365161	3542.0455240755273	0.75	0.3
148782.0547574099	750	18.491265133187852	0.0	321064	3721.7886533516435	0.75	0.75
148785.2675363933	750	19.27848614976062	0.0	361565	3212.7789834272303	0.75	0.75
148788.53993207988	750	20.006090463185352	0.0	378327	3272.395686575269	0.75	0.75
148792.61314827687	750	19.93287426618788	0.0	390680	4073.21619699747	0.75	0.75
148795.71617151555	750	20.82985102749245	0.0	345516	3103.023238695434	0.75	0.75
148799.27635211032	750	21.26967043271317	0.0	384505	3560.180594779279	0.75	0.75
148802.81562417344	750	21.730398369614704	0.0	372093	3539.2720630984654	0.75	0.75
148809.62750918124	1200	18.91851336180532	0.0	634861	6811.885007809383	0.75	0.75
148816.59774047186	1200	15.94828207117301	0.0	630203	6970.231290632314	0.75	1.2
148824.9760461577	1200	11.569976385330015	0.0	638661	8378.305685842994	0.75	1.2
148831.44553286274	1200	9.100489680320068	0.0	538612	6469.486705009947	0.75	1.2
148841.8428224148	1850	4.0	1.2967998717535447	846370	10397.289552073613	0.75	-4.376239448540242
148848.93331428402	750	4.0	3.090491869254628	450283	7090.491869254628	0.75	-12.5391150377949
148850.67245390927	300	6.26086037474322	0.0	155580	1739.13962525678	0.75	-0.15000000000000002
148852.41514220697	300	8.518172077066483	0.0	139857	1742.6882976767372	0.75	0.3
148854.04529497577	300	10.888019308240851	0.0	155432	1630.152768825633	0.75	0.3
148855.3784795471	300	13.554834736911019	0.0	163442	1333.184571329831	0.75	0.3
148856.3683704746	300	16.564943809425277	0.0	126289	989.8909274857447	0.75	0.3
148858.8818540381	750	18.05146024593131	0.0	352642	2513.483563493965	0.75	0.3
148863.52903178343	750	17.40428250059688	0.0	437162	4647.177745334429	0.75	0.75
148866.96764832365	750	17.96566596038053	0.0	374758	3438.6165402163474	0.75	0.75
148869.86385696614	750	19.069457317887295	0.0	362795	2896.208642493234	0.75	0.75
148873.98435324937	750	18.948961034649653	0.0	353220	4120.496283237644	0.75	0.75
148879.6169820844	750	17.316332199635074	0.0	405134	5632.628835014576	0.75	0.75
148888.44586938096	750	12.487444903073676	0.0	386351	8828.8872965614	0.75	0.75
148896.85917056483	750	8.074143719202432	0.0	434409	8413.301183871245	0.75	0.75
148904.10542895718	750	4.8278853268736635	0.0	337059	7246.2583923287675	0.75	0.75
148907.8618958802	300	5.071418403842708	0.0	138313	3756.466923030955	0.75	-0.15000000000000002
148910.9155451834	300	6.017769100616877	0.0	143509	3053.6493032258313	0.75	0.3
148915.26895767837	300	5.664356605669698	0.0	150616	4353.412494947179	0.75	0.3
148918.95883935702	300	5.9744749270272335	0.0	165384	3689.8816786424654	0.75	0.3
148920.92508459665	300	8.008229687421254	0.0	140881	1966.2452396059791	0.75	0.3
148922.55271061545	300	10.380603668589139	0.0	157671	1627.626018832117	0.75	0.3
148924.48381215654	300	12.449502127515935	0.0	157812	1931.1015410732025	0.75	0.3
148926.77912764027	300	14.154186643766439	0.0	163927	2295.315483749494	0.75	0.3
148928.64634309022	300	16.28697119382111	0.0	137654	1867.2154499453306	0.75	0.3
148930.04374638054	300	18.889567903513452	0.0	146754	1397.4032903076568	0.75	0.3
148931.75769374776	300	21.175620536296694	0.0	153938	1713.9473672167596	0.75	0.3
148936.49832487502	750	20.434989409017327	0.0	425781	4740.631127279369	0.75	0.3
148941.1570929867	750	19.776221297372025	0.0	277716	4658.768111645299	0.75	0.75
148943.4107237475	750	21.522590536529744	0.0	400396	2253.6307608422812	0.75	0.75

