10440.328946763993	750	4.0	1.3264856678000625	450283	1326.4856678000624	-4.953888371540269
10444.748872733428	1850	4.0	0.41992596943352783	957685	4419.925969433528	-1.0556816685641697
10447.684519910948	1850	5.064352822478699	0.0	877771	2935.647177521301	1.85
10450.016277315051	1850	6.732595418374027	0.0	933276	2331.7574041046723	1.85
10452.638763255474	1850	8.110109477950543	0.0	996749	2622.4859404234853	1.85
10456.111594027752	2850	8.637278705673747	0.0	1224260	3472.8307722767945	1.85
10460.892392964108	2850	7.856479769317619	0.0	1388403	4780.798936356128	2.85
10465.49387280196	2850	7.254999931464823	0.0	1638769	4601.479837852796	2.85
10468.93457888733	2850	7.814293846095792	0.0	1348011	3440.706085369031	2.85
10473.140705252863	2850	7.608167480562947	0.0	1429765	4206.126365532846	2.85
10478.444365166135	2850	6.304507567291788	0.0	1354548	5303.659913271158	2.85
10483.929176120324	2850	4.819696613103057	0.0	1519951	5484.810954188732	2.85
10487.271254736163	1850	5.477617997264765	0.0	946851	3342.0786158382916	0.8500000000000001
10490.36913168275	1850	6.379741050678154	0.0	1036454	3097.876946586611	1.85
10492.44807335867	1850	8.300799374758602	0.0	821631	2078.941675919552	1.85
10497.320661230418	2850	7.428211503010381	0.0	1471065	4872.587871748221	1.85
10501.705456079215	2850	7.04341665421418	0.0	1491626	4384.794848796201	2.85
10505.50934263302	2850	7.239530100408945	0.0	1358801	3803.886553805235	2.85
10509.316209011486	2850	7.43266372194285	0.0	1537156	3806.866378466095	2.85
10512.357075446505	2850	8.391797286924229	0.0	1336050	3040.866435018622	2.85
10515.651444181412	2850	9.097428552016964	0.0	1415116	3294.3687349072643	2.85
10518.78011140671	2850	9.968761326718722	0.0	1468126	3128.667225298242	2.85
10523.395719688053	4300	9.353153045375482	0.0	2221506	4615.608281343241	2.8499999999999996
10528.260317971339	4300	8.488554762088935	0.0	2044075	4864.598283286547	4.3
10532.154759816949	4300	8.594112916479425	0.0	2186790	3894.44184560951	4.3
10536.709949183822	4300	8.03892354960549	0.0	2105231	4555.189366873935	4.3
10542.653868162042	4300	6.095004571385691	0.0	2395588	5943.9189782198	4.3
10545.997391287467	4300	6.75148144595994	0.0	1972048	3343.523125425751	4.3
10550.222758789072	4300	6.526113944355067	0.0	2134614	4225.367501604874	4.3
10555.142681043582	4300	5.606191689845157	0.0	2164140	4919.922254509909	4.3
10560.997026928846	4300	4.0	0.24815419541895153	2113193	5854.345885264109	3.2329369596985083
10566.841457850933	2850	4.0	1.8444309220877713	1497683	5844.430922087771	-6.531052964977417
10572.80916426294	2850	4.0	1.967706412007339	1358081	5967.706412007339	-5.6111375716315575
10577.618560098512	1850	4.0	0.8093958355710683	1035329	4809.395835571068	-2.6304020929555936
10582.869063746852	1850	4.0	1.2505036483386212	1026056	5250.503648338621	-3.5271656878560704
10588.810884776623	1850	4.0	1.941821029772148	943942	5941.821029772148	-6.499830428020237
10591.875892704822	1200	4.93499207180219	0.0	487812	3065.0079281978096	0.5499999999999999
10594.946759523365	1200	5.864125253259034	0.0	575591	3070.8668185431575	1.2
10598.306536903314	1200	6.504347873310857	0.0	605884	3359.777379948177	1.2
10601.321773017931	1200	7.489111758693629	0.0	587506	3015.236114617228	1.2
10604.55269829409	1200	8.258186482535345	0.0	566904	3230.9252761582825	1.2
10608.029490839901	1200	8.78139393672451	0.0	641452	3476.7925458108343	1.2
10612.611641298878	1850	8.199243477748299	0.0	886255	4582.150458976213	1.2000000000000002
10617.564167096141	1850	7.246717680483255	0.0	973972	4952.525797265044	1.85
10622.451192603561	1850	6.3596921730621965	0.0	958994	4887.025507421059	1.85
10629.211345101008	1850	4.0	0.400460324384826	982064	6760.152497447022	0.12802060514524838
10631.976056754975	1200	5.235288346034436	0.0	538612	2764.711653965563	0.5499999999999999
10639.016738182387	2850	4.0	1.8053930813772476	1364537	7040.681427411684	-6.563190249922165
10641.510444234471	750	5.50629394791411	0.0	450283	2493.7060520858895	0.75
10643.797763453404	750	7.218974728982085	0.0	398865	2287.319218932026	0.75
10646.276329889775	1200	8.74040829260881	0.0	571051	2478.5664363732735	0.75
10649.86009860343	1850	9.156639578953202	0.0	933276	3583.7687136556083	1.2000000000000002
10654.041997104683	1850	8.974741077700605	0.0	996749	4181.898501252596	1.85
10657.63812439611	1850	9.378613786274789	0.0	801058	3596.1272914258143	1.85
10660.512689910584	1850	10.504048271801105	0.0	905515	2874.5655144736857	1.85
10663.831920595318	1850	11.184817587066306	0.0	1060487	3319.2306847347995	1.85
10667.216018369856	1850	11.800719812529268	0.0	852833	3384.0977745370374	1.85
10672.818884584485	2850	10.19785359790028	0.0	1429765	5602.866214628987	1.85
10678.108713186188	2850	8.908024996196684	0.0	1354548	5289.828601703597	2.85
10682.059771560896	2850	8.956966621488547	0.0	1519951	3951.0583747081364	2.85
10686.05667303308	2850	8.96006514930476	0.0	1422919	3996.901472183787	2.85
10693.552334000458	2850	5.464404181924696	0.0	1578343	7495.660967380065	2.85
10700.604597252102	2850	4.0	1.5878590697189794	1231445	7052.263251643675	-3.977793999791611
10704.770291224104	1850	4.0	0.16569397200173444	923170	4165.693972001734	0.137515920392542
10710.027255649979	1850	4.0	1.2569644258747885	966699	5256.9644258747885	-3.5549470312615905
10715.399192156894	1200	4.0	1.3719365069167162	581493	5371.936506916716	-5.349326979741879
10723.212867100425	1200	4.0	3.8136749435300787	639204	7813.674943530079	-15.198802257179338
10728.670914108845	750	4.0	1.4580470084200796	350713	5458.04700842008	-5.969602136206342
10738.390322850977	750	4.0	5.7194087421336315	386472	9719.408742133632	-23.843457591174616
10744.988661510964	300	4.0	2.598338659985965	157812	6598.338659985965	-11.322856237939648
10751.414218154103	300	4.0	2.4255566431370426	163927	6425.556643137043	-10.129893565489281
10756.714776489303	300	4.0	1.300558335199352	137654	5300.558335199352	-5.292400841357213
10760.294503283381	300	4.420273205921729	0.0	146754	3579.7267940782704	0.3
10763.020084355307	300	5.694692133997393	0.0	153938	2725.581071924337	0.3
10768.94989124111	300	4.0	0.23511475180720026	181901	5929.806885804593	-0.710993432770961
10772.31534629408	300	4.634544947029506	0.0	111155	3365.4550529704934	0.3
10775.71006642137	300	5.239824819738746	0.0	153605	3394.72012729076	0.3
10777.595988592784	300	7.353902648324945	0.0	149029	1885.922171413801	0.3
10780.412644276452	300	8.537246964657987	0.0	157421	2816.655683666958	0.3
10783.869891245971	300	9.079999995138019	0.0	157488	3457.246969519968	0.3
10790.014118377343	300	6.93577286376579	0.0	143881	6144.22713137223	0.3
10795.9378898654	300	5.012001375708597	0.0	163444	5923.771488057192	0.3
10799.632463229358	300	5.317428011749852	0.0	179328	3694.573363958745	0.3
10803.712350410773	300	5.2375408303362345	0.0	159914	4079.887181413617	0.3
10805.19871631894	300	7.751174922167459	0.0	131610	1486.3659081687754	0.3
10807.002571962983	300	9.947319278126617	0.0	124011	1803.8556440408422	0.3
10811.34461788953	300	9.605273351577889	0.0	144254	4342.045926548729	0.3

