152027.8951891028	750	4.0	6.607758736420716	450283	6607.758736420716	-27.663362566609077
152029.50629379723	300	6.3888953055802595	0.0	155580	1611.1046944197403	-0.15000000000000002
152030.62825739093	300	9.266931711882483	0.0	139857	1121.9635936977763	0.3
152031.87196173283	300	12.023227369959335	0.0	155432	1243.7043419231486	0.3
152033.12713663536	300	14.768052467430522	0.0	163442	1255.174902528814	0.3
152034.36313111792	300	17.53205798489559	0.0	126289	1235.9944825349344	0.3
152035.48348069336	300	20.411708409423714	0.0	153295	1120.3495754718733	0.3
152036.7011925554	300	23.193996547394562	0.0	173849	1217.7118620291524	0.3
152037.72903079263	300	26.1661583101721	0.0	150710	1027.8382372224632	0.3
152038.9680296959	300	28.927159406911148	0.0	139105	1238.998903260951	0.3
152039.96543543172	300	31.929753671101036	0.0	141840	997.4057358101136	0.3
152043.03375068688	750	32.86143841594469	0.0	405134	3068.3152551563476	0.3
152045.58876929575	750	34.30641980708232	0.0	386351	2555.0186088623727	0.75
152050.6766576978	1200	33.21853140504326	0.0	687371	5087.8884020390615	0.75
152055.18269500136	1200	32.712494101467136	0.0	526950	4506.0373035761195	1.2
152059.28188019237	1200	32.613308910447465	0.0	587876	4099.185191019671	1.2
152063.52029314963	1200	32.3748959531914	0.0	617242	4238.4129572560705	1.2
152067.65710812152	1200	32.23808098130322	0.0	581493	4136.814971888181	1.2
152073.0860827393	1200	30.809106363517483	0.0	639204	5428.974617785733	1.2
152075.92493756098	750	31.970251541835	0.0	350713	2838.85482168248	0.3
152079.47405976005	750	32.421129342785704	0.0	386472	3549.1221990492986	0.75
152082.20776588298	750	33.687423219859355	0.0	399894	2733.706122926352	0.75
152085.08619739543	750	34.80899170737657	0.0	401853	2878.4315124827885	0.75
152086.9206957866	750	36.97449331623314	0.0	343800	1834.4983911434274	0.75
152090.0281912426	750	37.866997860219925	0.0	359903	3107.495456013218	0.75
152094.003594897	750	37.89159420582305	0.0	379700	3975.4036543968778	0.75
152097.64701272218	750	38.24817638062631	0.0	425781	3643.4178251967396	0.75
152099.63326560947	750	40.2619234933447	0.0	277716	1986.2528872816129	0.75
152103.31712959806	750	40.57805950477629	0.0	400396	3683.8639885684074	0.75
152107.53583444853	750	40.35935465431034	0.0	400508	4218.704850465953	0.75
152111.78075442387	750	40.11443467893618	0.0	358218	4244.919975374158	0.75
152115.51677571802	750	40.37841338481653	0.0	400322	3736.021294119653	0.75
152118.7427652939	750	41.152423808917355	0.0	369834	3225.9895758991797	0.75
152122.34739516122	750	41.54779394161595	0.0	412837	3604.6298673014007	0.75
152126.00871437287	750	41.88647472996027	0.0	401088	3661.319211655685	0.75
152128.83477656543	750	43.060412537404495	0.0	365161	2826.0621925557716	0.75
152131.93853255402	750	43.9566565488014	0.0	321064	3103.755988603101	0.75
152135.14450384412	750	44.75068525872979	0.0	361565	3205.971290071605	0.75
152138.71729859663	750	45.17789050623275	0.0	378327	3572.794752497045	0.75
152141.51594004856	750	46.379249054319565	0.0	390680	2798.64145191318	0.75
152143.7804234035	750	48.11476569936967	0.0	345516	2264.4833549498944	0.75
152146.99992327247	750	48.89526583042378	0.0	384505	3219.499868945886	0.75
152150.167511529	750	49.727677573897914	0.0	372093	3167.588256525875	0.75
152153.55301837387	750	50.34217072900957	0.0	438281	3385.5068448883444	0.75
152156.85709203946	750	51.0380970634186	0.0	398987	3304.0736655909714	0.75
152165.95270048085	1850	45.94248862204865	0.0	982064	9095.608441369946	0.75
152173.98148095573	1850	41.91370814717514	0.0	830730	8028.780474873503	1.85
152186.66748382966	2850	33.227705273255104	0.0	1364537	12686.002873920044	1.85
152190.68018988142	750	33.21499922148844	0.0	450283	4012.706051766657	0.75
152193.9894654568	750	33.905723646093335	0.0	398865	3309.2755753951033	0.75
152197.48365770752	750	34.41153139538504	0.0	350812	3494.1922507082913	0.75
152200.79196991702	750	35.103219185870074	0.0	382355	3308.3122095149674	0.75
152204.70785407233	750	35.18733503057086	0.0	411561	3915.8841552992158	0.75
152210.21558195713	750	33.67960714576497	0.0	318564	5507.72788480589	0.75
152216.97258363588	750	30.922605467006484	0.0	352642	6757.001678758482	0.75
152222.02657917116	750	29.868609931745386	0.0	437162	5053.995535261098	0.75
152225.2003002547	750	30.69488884819078	0.0	374758	3173.721083554608	0.75
152229.02670848992	750	30.86848061296682	0.0	362795	3826.4082352239575	0.75
152233.6763230256	750	30.218866077279454	0.0	353220	4649.614535687368	0.75
152238.1361581002	750	29.759031002673733	0.0	405134	4459.835074605717	0.75
152243.52568129922	750	28.369507803684343	0.0	386351	5389.52319898939	0.75
152253.94481637882	750	21.95037272407333	0.0	434409	10419.135079611016	0.75
152256.172665256	300	23.722523846897477	0.0	140051	2227.8488771758493	-0.15000000000000002
152258.23643782642	300	25.658751276467743	0.0	138313	2063.772570429732	0.3
152262.35230724464	300	25.54288185825421	0.0	143509	4115.869418213537	0.3
152263.98672192363	300	27.908467179270207	0.0	150616	1634.4146789840029	0.3
152265.74455158855	300	30.150637514357484	0.0	165384	1757.8296649127233	0.3
152268.57235826063	300	31.322830842254948	0.0	140881	2827.806672102534	0.3
152271.85140576458	300	32.04378333831394	0.0	157671	3279.047503941009	0.3
152273.63251286707	300	34.26267623583936	0.0	157812	1781.1071024745825	0.3
152275.29035151878	300	36.60483758410957	0.0	163927	1657.8386517297904	0.3
152276.5988765519	300	39.29631255099085	0.0	137654	1308.5250331187165	0.3
152277.78219878694	300	42.11299031595292	0.0	146754	1183.3222350379265	0.3
152279.29680635914	300	44.59838274374171	0.0	153938	1514.6075722112157	0.3
152283.9164842824	750	43.97870482047797	0.0	425781	4619.677923263731	0.3
152289.01561169873	750	42.87957740414444	0.0	277716	5099.127416333534	0.75
152294.47570429998	750	41.41948480291068	0.0	400396	5460.092601233757	0.75
152307.06247281996	750	32.83271628294318	0.0	400508	12586.768519967498	0.75
152313.7424660204	300	30.15272308250685	0.0	157421	6679.993200436334	-0.15000000000000002
152320.62501822	300	27.27017088294303	0.0	157488	6882.552199563819	0.3
152323.52162897112	300	28.373560131776717	0.0	143881	2896.610751166313	0.3
152327.01323833092	300	28.88195077196341	0.0	163444	3491.609359813309	0.3
152332.6689413931	300	27.22624770982163	0.0	179328	5655.703062141775	0.3
152336.08925931374	300	27.805929789177796	0.0	159914	3420.317920643835	0.3
152337.79697798513	300	30.09821111779972	0.0	131610	1707.7186713780761	0.3
152339.25428400244	300	32.64090510045013	0.0	124011	1457.3060173495996	0.3
152341.02688067738	300	34.86830842554058	0.0	144254	1772.596674909539	0.3
152343.50738381592	300	36.38780528701122	0.0	149991	2480.5031385293673	0.3
152345.24089443707	300	38.65429466585529	0.0	147968	1733.5106211559225	0.3
152347.14338760808	300	40.75180149484726	0.0	161857	1902.4931710080375	0.3
152348.88890864758	300	43.00628045532053	0.0	145210	1745.5210395267277	0.3
152350.3901426253	300	45.505046477626635	0.0	172312	1501.23397769389	0.3
152358.49981700827	750	41.395372094664545	0.0	398987	8109.674382962089	0.3
152361.99893086182	750	41.89625824108379	0.0	393804	3499.1138535807545	0.75
152369.11616440563	1200	38.77902469729739	0.0	538612	7117.233543786402	0.75
152412.00857743458	2850	4.0	4.113388331643597	1364537	42892.41302894099	-16.487569826067464
152424.1041801285	750	4.0	8.095602693909534	450283	12095.602693909534	-34.06109158381099
152429.28748792358	300	4.0	1.1833077950865927	155580	5183.307795086593	-5.238223518872348
152432.1100253533	300	5.177462570289757	0.0	139857	2822.537429710242	0.3
152433.65246854286	300	7.635019380693847	0.0	155432	1542.4431895959108	0.3
152435.009545846	300	10.277942077588833	0.0	163442	1357.077303105015	0.3
152436.34450498247	300	12.942982941097078	0.0	126289	1334.959136491755	0.3
152437.74229703052	300	15.545190893060227	0.0	153295	1397.792048036853	0.3
152439.42883572137	300	17.858652202182654	0.0	173849	1686.5386908775718	0.3
152440.75649057937	300	20.53099734418757	0.0	150710	1327.654857995085	0.3
152441.93050524304	300	23.356982680535626	0.0	139105	1174.0146636519423	0.3
152443.23109845823	300	26.056389465345298	0.0	141840	1300.5932151903282	0.3
152444.53191351812	300	28.75557440545715	0.0	156148	1300.8150598881462	0.3
152445.93253647088	300	31.354951452700774	0.0	160746	1400.6229527563785	0.3
152447.8327939331	300	33.4546939904867	0.0	179801	1900.2574622140746	0.3
152449.2815302887	300	36.005957634887075	0.0	140051	1448.7363555996303	0.3
152450.6773570212	300	38.61013090241495	0.0	138313	1395.8267324721207	0.3
152451.7216279142	300	41.56586000941147	0.0	143509	1044.2708930034764	0.3
152455.39102296528	750	41.89646495831846	0.0	372963	3669.395051093015	0.3
152459.19178430093	750	42.09570362266475	0.0	405596	3800.761335653709	0.75
152461.92755970894	750	43.35992821464256	0.0	350713	2735.7754080221835	0.75
152464.99439077426	750	44.293097149354516	0.0	386472	3066.831065288048	0.75
152470.29851746588	1200	42.98897045771743	0.0	616206	5304.126691637084	0.75
152476.4717748737	1200	40.815713049907814	0.0	656471	6173.257407809617	1.2
152480.6961931435	1200	40.5912947801257	0.0	536667	4224.418269782111	1.2
152485.42666948924	1200	39.860818434389344	0.0	587236	4730.476345736359	1.2
152490.71393604425	1200	38.57355187938642	0.0	590335	5287.266555002918	1.2
152495.7457293178	1200	37.541758605826104	0.0	696376	5031.793273560322	1.2
152499.28148299357	1200	38.00600493005501	0.0	487160	3535.7536757710855	1.2
152503.71352015776	1200	37.57396776586567	0.0	622896	4432.03716418935	1.2
152508.80491307238	1200	36.482574851244266	0.0	641447	5091.392914621395	1.2
152512.49278924018	1200	36.79469868344331	0.0	570392	3687.8761678009623	1.2
152517.19026687674	1200	36.09722104687603	0.0	620283	4697.477636567276	1.2
152521.17596178548	1200	36.11152613812672	0.0	584349	3985.694908749311	1.2
152525.58957882205	1200	35.697909101589204	0.0	670129	4413.617036537511	1.2
152530.6717952143	1200	34.615692709337615	0.0	690253	5082.216392251592	1.2
152535.02730896894	1200	34.260178954709744	0.0	598727	4355.513754627875	1.2
152539.69843584707	1200	33.58905207655381	0.0	487812	4671.126878155936	1.2
152549.47947794106	1200	27.808009982551425	0.0	575591	9781.042094002385	1.2
152559.51851782118	1200	21.768970102426675	0.0	605884	10039.039880124748	1.2
152564.78448884143	750	20.50299908221191	0.0	390680	5265.971020214764	0.3
152565.9880418713	300	23.29944605233367	0.0	147968	1203.5530298782405	-0.15000000000000002
152567.4655801196	300	25.82190780400504	0.0	161857	1477.5382483286319	0.3
152568.789363846	300	28.498124077616314	0.0	145210	1323.7837263887275	0.3
152570.47595291247	300	30.811535011144453	0.0	172312	1686.58906647186	0.3
152573.92309886718	750	31.36438905645561	0.0	398987	3447.145954688845	0.3
152577.0037689285	750	32.283718995128744	0.0	393804	3080.6700613268645	0.75
152587.56108420904	1200	25.72640371461431	0.0	538612	10557.315280514436	0.75
152598.40577932904	1850	18.88170859460305	0.0	846370	10844.69512001126	1.2000000000000002
152604.3508450483	750	16.936642875352174	0.0	450283	5945.065719250876	0.75
152608.2949132875	300	16.992574636109914	0.0	155580	3944.0682392422564	-0.15000000000000002
152610.3547004422	300	18.93278748144571	0.0	139857	2059.787154664206	0.3
152611.98598222385	300	21.301505699791814	0.0	155432	1631.2817816538957	0.3
152614.27201531493	300	23.01547260868724	0.0	163442	2286.0330911045744	0.3
152617.35480981096	300	23.93267811266218	0.0	126289	3082.7944960250566	0.3
152622.91091793674	300	22.37656998688209	0.0	153295	5556.108125780092	0.3
152628.16694043262	300	21.12054749098945	0.0	173849	5256.022495892641	0.3
152631.3016768772	300	21.98581104641794	0.0	150710	3134.736444571507	0.3
152633.78220507712	300	23.505282846516725	0.0	139105	2480.528199901214	0.3
152635.15545725977	300	26.132030663855858	0.0	141840	1373.252182660869	0.3
152636.87277549054	300	28.414712433069354	0.0	156148	1717.318230786503	0.3
152639.28429199275	300	30.00319593085502	0.0	160746	2411.5165022143347	0.3
152641.34272625283	300	31.944761670789823	0.0	179801	2058.4342600651985	0.3
152643.00042272167	300	34.287065201932116	0.0	140051	1657.6964688577152	0.3
152644.28049523372	300	37.00699268989792	0.0	138313	1280.072512034194	0.3
152646.01780760085	300	39.26968032275686	0.0	143509	1737.3123671410576	0.3
152648.40067244173	300	40.886815481901955	0.0	150616	2382.864840854908	0.3
152650.33273723978	300	42.95475068383303	0.0	165384	1932.0647980689278	0.3
152651.7554315174	300	45.53205640623219	0.0	140881	1422.6942776008352	0.3
152653.09214398544	300	48.19534393815957	0.0	157671	1336.7124680726242	0.3
152654.7704889353	300	50.51699898831266	0.0	157812	1678.3449498469138	0.3
152659.19251161552	750	50.094976308086196	0.0	401853	4422.022680226457	0.3
152664.19116591697	750	49.09632200663477	0.0	343800	4998.654301451421	0.75
152667.9516877591	750	49.33580016450526	0.0	359903	3760.521842129515	0.75
152672.58546118572	750	48.702026737892545	0.0	379700	4633.773426612716	0.75
152678.5199692248	750	46.767518698813014	0.0	425781	5934.50803907953	0.75
152681.313262292	750	47.974225631632535	0.0	277716	2793.2930671804793	0.75
152685.36734561424	750	47.92014230936872	0.0	400396	4054.08332226382	0.75
152687.9967196111	750	49.29076831250459	0.0	400508	2629.3739968641335	0.75
152690.55024016765	750	50.73724775595888	0.0	358218	2553.520556545706	0.75
152693.82274873252	750	51.464739191085684	0.0	400322	3272.508564873196	0.75
152696.85680662622	750	52.43068129735737	0.0	369834	3034.057893728317	0.75
152700.14131899807	750	53.14616892551807	0.0	412837	3284.512371839302	0.75
152705.82691302296	1200	51.46057490062349	0.0	690253	5685.594024894577	0.75
152711.0657992856	1200	50.22168863799994	0.0	598727	5238.8862626235505	1.2
152715.4567524304	1200	49.830735493207406	0.0	487812	4390.95314479253	1.2
152719.99341829075	1200	49.29406963286091	0.0	575591	4536.665860346495	1.2
152725.11747190647	1200	48.17001601710513	0.0	605884	5124.053615755785	1.2
152729.4685720272	1200	47.81891589638938	0.0	587506	4351.100120715749	1.2
152734.00309867642	1200	47.284389247196124	0.0	566904	4534.526649193259	1.2
152738.36976125452	1200	46.91772666908492	0.0	641452	4366.662578111203	1.2
152743.72485878368	1200	45.562629139910264	0.0	599477	5355.0975291746545	1.2
152755.45055399992	1200	37.83693392367549	0.0	634861	11725.695216234773	1.2
152761.99853151687	1200	35.28895640672212	0.0	630203	6547.977516953368	1.2
152771.6624027311	1200	29.625085192497398	0.0	638661	9663.871214224724	1.2
152775.84940468118	1200	29.438083242397443	0.0	538612	4187.001950099955	1.2
152782.21763267505	1850	27.06985524852443	0.0	846370	6368.2279938730135	1.2000000000000002
152787.13865549446	750	26.148832429132884	0.0	450283	4921.022819391547	0.75
152800.9754701471	750	16.31201777649204	0.0	398865	13836.814652640842	0.75
152804.87063748637	300	16.416850437232352	0.0	139857	3895.167339259688	-0.15000000000000002
152809.89867358824	300	15.38881433535499	0.0	155432	5028.036101877361	0.3
152812.59523985107	300	16.69224807255123	0.0	163442	2696.56626280376	0.3
152815.322372855	300	17.96511506859467	0.0	126289	2727.1330039565605	0.3
152817.80344323386	300	19.484044689749933	0.0	153295	2481.07037884474	0.3
152822.2458266159	300	19.041661307701535	0.0	173849	4442.383382048398	0.3
152824.0370344918	300	21.250453431779512	0.0	150710	1791.2078759220237	0.3
152825.35265078346	300	23.934837140145916	0.0	139105	1315.616291633596	0.3
152826.6939769758	300	26.593510947801608	0.0	141840	1341.3261923443074	0.3
152827.94857089367	300	29.338917029930208	0.0	156148	1254.5939178713995	0.3
152829.20313569912	300	32.08435222449607	0.0	160746	1254.5648054341368	0.3
152830.56847996477	300	34.71900795885513	0.0	179801	1365.3442656409375	0.3
152833.49076382376	750	35.79672409982756	0.0	337059	2922.283859027571	0.3
152835.92744400832	750	37.36004391528815	0.0	366214	2436.6801845394084	0.75
152838.3663798732	750	38.92110805043147	0.0	360831	2438.935864856675	0.75
152841.89449797335	750	39.39298995025959	0.0	372963	3528.1181001718874	0.75
152844.58041896243	750	40.70706896118868	0.0	405596	2685.9209890709008	0.75
152847.02134086497	750	42.26614705862715	0.0	350713	2440.9219025615384	0.75
152849.51250630597	750	43.77498161765478	0.0	386472	2491.1654409723637	0.75
152851.8166198699	750	45.470868053689834	0.0	399894	2304.113563964948	0.75
152856.95789112852	1200	44.32959679508464	0.0	656471	5141.27125860519	0.75
152862.16061837706	1200	43.12686954653675	0.0	536667	5202.727248547881	1.2
152867.52188046495	1200	41.76560745864831	0.0	587236	5361.262087888448	1.2
152874.28443182044	1200	39.003056103142136	0.0	590335	6762.551355506171	1.2
152881.80222266476	1200	35.485265258828484	0.0	696376	7517.790844313659	1.2
152886.6744973603	1200	34.612990563271296	0.0	487160	4872.274695557185	1.2
152890.9145407184	1200	34.37294720517138	0.0	622896	4240.043358099913	1.2
152894.4888748516	1200	34.798613071971864	0.0	641447	3574.3341331995225	1.2
152899.81152842075	1200	33.47595950282562	0.0	570392	5322.65356914625	1.2
152904.68902239966	750	32.59846552391258	0.0	400322	4877.493978913034	0.3
152908.34965440418	750	32.93783351939503	0.0	369834	3660.6320045175553	0.75
152911.51785995447	750	33.76962796909764	0.0	412837	3168.205550297383	0.75
152913.8642423077	750	35.42324561586866	0.0	401088	2346.3823532289844	0.75
152916.85184772118	750	36.43564020237965	0.0	365161	2987.605413489006	0.75
152919.48073723674	750	37.806750686837745	0.0	321064	2628.8895155419095	0.75
152923.30800943225	750	37.97947849133183	0.0	361565	3827.2721955059183	0.75
152926.9157544745	750	38.371733449099864	0.0	378327	3607.7450422319707	0.75
152930.48563870258	750	38.80184922103071	0.0	390680	3569.884228069151	0.75
152933.33833934928	750	39.94914857433338	0.0	345516	2852.7006466973316	0.75
152935.57965464308	750	41.70783328051866	0.0	384505	2241.3152938147095	0.75
152937.56562883608	750	43.72185908753725	0.0	372093	1985.9741929814193	0.75
152940.26660545293	750	45.02088247067038	0.0	438281	2700.9766168668657	0.75
152944.31874822915	750	44.96873969445245	0.0	398987	4052.1427762179296	0.75
152954.38503314756	1850	38.90245477604518	0.0	982064	10066.28491840727	0.75
152964.8148347928	1850	32.472653130807494	0.0	830730	10429.801645237689	1.85
152981.63235730096	2850	19.65513062262973	0.0	1364537	16817.52250817776	1.85
152986.8912773611	750	18.396210562507065	0.0	450283	5258.920060122667	0.75
152990.4595638991	750	18.827924024493964	0.0	398865	3568.286538013102	0.75
152994.96287708398	750	18.324610839608503	0.0	350812	4503.31318488546	0.75
152998.51615701674	300	18.771330906852498	0.0	155432	3553.279932756007	-0.15000000000000002
153000.54686176107	300	20.740626162529512	0.0	163442	2030.704744322986	0.3
153001.90389986016	300	23.383588063421087	0.0	126289	1357.0380991084241	0.3
153003.45627529538	300	25.831212628221582	0.0	153295	1552.3754351995055	0.3
153005.2873129835	300	28.000174940079287	0.0	173849	1831.0376881422974	0.3
153007.08022477018	300	30.207263153418708	0.0	150710	1792.9117866605789	0.3
153009.50168939287	300	31.785798530741907	0.0	139105	2421.4646226768004	0.3
153011.21121058773	300	34.07627733585257	0.0	141840	1709.5211948893298	0.3
153012.48895748652	300	36.7985304370806	0.0	156148	1277.7468987719776	0.3
153014.04956776137	300	39.237920162225855	0.0	160746	1560.610274854741	0.3
153015.54035933292	300	41.747128590671096	0.0	179801	1490.7915715547556	0.3
153017.76992960038	300	43.51755832321671	0.0	140051	2229.5702674543872	0.3
153019.14262464523	300	46.14486327838539	0.0	138313	1372.6950448313244	0.3
153025.72232430038	750	43.56516362324728	0.0	360831	6579.69965513811	0.3
153029.85570495616	750	43.431782967444505	0.0	372963	4133.380655802776	0.75
153034.13302689212	750	43.15446103150484	0.0	405596	4277.321935939668	0.75
153036.95220301478	750	44.33528490883122	0.0	350713	2819.1761226736135	0.75
153039.61221383713	750	45.67527408650763	0.0	386472	2660.0108223235925	0.75
153042.2029703707	750	47.08451755291909	0.0	399894	2590.7565335885383	0.75
153044.94510957133	750	48.342378352282616	0.0	401853	2742.139200636477	0.75
153046.53259805127	750	50.75488987234125	0.0	343800	1587.4884799413642	0.75
153049.6861325601	1200	51.60135536350482	0.0	587236	3153.5345088364256	0.75
153053.17048900976	1200	52.11699891383312	0.0	590335	3484.3564496717026	1.2
153057.7403437379	1200	51.54714418568748	0.0	696376	4569.8547281456395	1.2
153061.62287001207	1200	51.66461791150001	0.0	487160	3882.52627418747	1.2
153066.62115715267	1200	50.66633077091604	0.0	622896	4998.2871405839705	1.2
153070.35397850335	1200	50.93350942023004	0.0	641447	3732.8213506860016	1.2
153074.7749162501	1200	50.51257167346364	0.0	570392	4420.937746766403	1.2
153078.7843763842	1200	50.5031115393604	0.0	620283	4009.4601341032358	1.2
153082.38848499826	1200	50.89900292530835	0.0	584349	3604.108614052051	1.2
153091.53012827464	1200	45.75735964890105	0.0	670129	9141.643276407294	1.2
153097.62064663947	1200	43.666841284082594	0.0	690253	6090.518364818465	1.2
153102.67976377477	1200	42.60772414878965	0.0	598727	5059.117135292938	1.2
153108.114620934	1200	41.172866989540296	0.0	487812	5434.85715924936	1.2
153111.8275818582	750	41.45990606534269	0.0	361565	3712.9609241975986	0.3
153118.01199739598	750	39.2754905275601	0.0	378327	6184.4155377825855	0.75
153122.75850933613	750	38.5289785874431	0.0	390680	4746.511940117005	0.75
153125.3395232483	750	39.94796467527314	0.0	345516	2581.013912169955	0.75
153128.6849960612	750	40.60249186235299	0.0	384505	3345.4728129201512	0.75
153132.5753234956	750	40.71216442794877	0.0	372093	3890.327434404213	0.75
153136.36302933912	750	40.92445858443839	0.0	438281	3787.705843510384	0.75
153140.49590656714	750	40.791581356372596	0.0	398987	4132.877228065797	0.75
153143.85918173895	750	41.42830618458907	0.0	393804	3363.2751717835245	0.75
153150.4554719881	1850	38.8320159354226	0.0	830730	6596.290249166461	0.75
153161.03583335585	2850	32.251654567701564	0.0	1364537	10580.36136772104	1.85
153164.1256383605	750	33.161849563058006	0.0	450283	3089.805004643562	0.75
153167.75289320928	750	33.53459471428205	0.0	398865	3627.254848775955	0.75
153170.51866761452	750	34.76882030905447	0.0	350812	2765.7744052275793	0.75
153173.65026648372	750	35.63722143984081	0.0	382355	3131.5988692136584	0.75
153176.629957226	750	36.65753069758485	0.0	411561	2979.690742255955	0.75
153179.20566371747	750	38.08182420608501	0.0	318564	2575.7064914998386	0.75
153184.07854366017	750	37.20894426339852	0.0	352642	4872.879942686488	0.75
153190.0065802969	750	35.28090762665852	0.0	437162	5928.036636740008	0.75
153192.4491064642	750	36.8383814593966	0.0	374758	2442.526167261915	0.75
153195.11072585822	750	38.17676206536886	0.0	362795	2661.619394027735	0.75
153197.7817674835	750	39.50572044006565	0.0	353220	2671.0416253032154	0.75
153200.8254299644	750	40.462057959171865	0.0	405134	3043.662480893787	0.75
153204.05824078136	750	41.229247142196016	0.0	386351	3232.8108169758502	0.75
153207.5846119889	750	41.70287593466801	0.0	434409	3526.3712075280064	0.75
153210.30386324032	750	42.98362468323938	0.0	337059	2719.251251428634	0.75
153213.6223263171	750	43.66516160648151	0.0	366214	3318.463076757861	0.75
153216.64939213434	750	44.63809578924117	0.0	360831	3027.0658172403396	0.75
153219.81437473267	750	45.47311319089579	0.0	372963	3164.982598345378	0.75
153223.19750218696	750	46.08998573661786	0.0	405596	3383.1274542779274	0.75
153227.367925469	750	45.91956245454792	0.0	350713	4170.4232820699435	0.75
153230.6038379616	750	46.68364996197774	0.0	386472	3235.912492570178	0.75
153233.58226955793	750	47.70521836565135	0.0	399894	2978.4315963264007	0.75
153236.64625950012	750	48.641228423458685	0.0	401853	3063.9899421926602	0.75
153239.48203548932	750	49.805452434268	0.0	343800	2835.775989190685	0.75
153242.5557604894	750	50.73172743418969	0.0	359903	3073.7250000783124	0.75
153246.1664376058	750	51.1210503178101	0.0	379700	3610.6771163795943	0.75
153250.22298976296	750	51.064498160632155	0.0	425781	4056.5521571779486	0.75
153252.54059323753	750	52.74689468606371	0.0	277716	2317.6034745684406	0.75
153255.60002971	750	53.687458213543934	0.0	400396	3059.4364725197815	0.75
153260.25249470645	750	53.03499321710268	0.0	400508	4652.46499644125	0.75
153267.9833993941	1200	49.3040885294416	0.0	570392	7730.904687661081	0.75
153275.66645178653	1200	45.62103613706239	0.0	620283	7683.052392379211	1.2
153279.25292536835	750	46.03456255523786	0.0	369834	3586.4735818245235	0.3
153282.89621706808	750	46.39127085550779	0.0	412837	3643.2916997300676	0.75
153287.37585906024	750	45.911628863341704	0.0	401088	4479.641992166084	0.75
153292.14808699582	750	45.13940092776341	0.0	365161	4772.227935578293	0.75
153294.74677359336	750	46.54071433021501	0.0	321064	2598.6865975484025	0.75
153297.4607888356	750	47.82669908800314	0.0	361565	2714.0152422118713	0.75
153300.52207938457	750	48.765408539022594	0.0	378327	3061.2905489805435	0.75
153303.84370193063	750	49.44378599295726	0.0	390680	3321.6225460653336	0.75

