150648.63332020212	750	4.0	2.0056947420318303	450283	2005.6947420318304	-7.874487390736871
150653.97695196528	1200	4.0	1.3436317631564316	611087	5343.631763156432	-5.027616581572656
150657.21834371804	750	4.758608247245879	0.0	350812	3241.391752754122	0.3
150660.33105240748	750	5.645899557786287	0.0	382355	3112.7086894595914	0.75
150664.0820293309	750	5.894922634366308	0.0	411561	3750.976923419979	0.75
150666.7869377901	750	7.190014175135801	0.0	318564	2704.9084592305076	0.75
150669.723051194	750	8.253900771207682	0.0	352642	2936.1134039281187	0.75
150673.59924943413	750	8.377702531075673	0.0	437162	3876.1982401320097	0.75
150677.045473482	750	8.93147848324984	0.0	374758	3446.2240478258323	0.75
150680.387959093	750	9.588992872221148	0.0	362795	3342.485611028692	0.75
150683.43518619958	750	10.541765765654667	0.0	353220	3047.2271065664804	0.75
150686.5482295938	750	11.428722371416056	0.0	405134	3113.043394238612	0.75
150690.54536512613	1200	11.431586839105517	0.0	624282	3997.1355323105377	0.75
150695.4914753246	1200	10.485476640640934	0.0	687371	4946.110198464583	1.2
150699.48186628777	1200	10.495085677463852	0.0	526950	3990.390963177082	1.2
150704.56452006815	1200	9.412431897095816	0.0	587876	5082.653780368038	1.2
150709.11849407994	1200	8.858457885293777	0.0	617242	4553.974011802037	1.2
150712.9973327184	1200	8.979619246829753	0.0	581493	3878.838638464025	1.2
150717.7502930577	1200	8.226658907523262	0.0	639204	4752.960339306491	1.2
150723.42530371595	1200	6.551648249283235	0.0	586839	5675.010658240028	1.2
150728.23809865373	1200	5.738853311488534	0.0	601738	4812.794937794701	1.2
150733.45473923182	1200	4.522212733411712	0.0	616206	5216.640578076822	1.2
150741.3394096906	1200	4.0	3.362457725371434	656471	7884.670458783146	-13.258568219097167
150747.00606556376	750	4.0	1.6666558731592132	343800	5666.655873159213	-6.866620254584617
150749.2964927627	300	5.709572801084651	0.0	146754	2290.42719891535	-0.15000000000000002
150750.78486247017	300	8.221203093584082	0.0	153938	1488.3697075005698	0.3
150756.12535040744	750	6.880715156324774	0.0	425781	5340.487937259308	0.3
150759.40766563505	750	7.598399928724671	0.0	277716	3282.315227600103	0.75
150764.0425021056	750	6.9635634581627475	0.0	400396	4634.836470561923	0.75
150768.11528694967	750	6.890778614130942	0.0	400508	4072.7848440318057	0.75
150771.7965235889	750	7.209541974882242	0.0	358218	3681.2366392486992	0.75
150774.91351880573	750	8.092546758080505	0.0	400322	3116.9952168017367	0.75
150777.2982738857	750	9.707791678092574	0.0	369834	2384.7550799879305	0.75
150780.60688621318	750	10.399179350619013	0.0	412837	3308.6123274735614	0.75
150786.19363613226	1200	8.812429431535511	0.0	690253	5586.749919083503	0.75
150790.5000491112	1200	8.506016452607893	0.0	598727	4306.412978927618	1.2
150794.30239506217	1200	8.703670501611619	0.0	487812	3802.345950996274	1.2
150802.2943219813	1200	4.711743582521259	0.0	575591	7991.926919090361	1.2
150809.46879897508	750	4.0	2.462733411274522	378327	7174.476993795781	-10.289753668480444
150816.61908649487	750	4.0	3.150287519781962	390680	7150.287519781962	-12.796236335062435
150819.5854236924	300	5.033662802470932	0.0	147968	2966.337197529069	-0.15000000000000002
150822.71299372558	300	5.906092769309355	0.0	161857	3127.5700331615762	0.3
150826.01658966273	300	6.602496832147086	0.0	145210	3303.595937162269	0.3
150829.2554911919	300	7.363595302997135	0.0	172312	3238.9015291499504	0.3
150832.3157807799	300	8.303305714985878	0.0	167025	3060.2895880112574	0.3
150834.99940499067	300	9.619681504207179	0.0	160064	2683.6242107786975	0.3
150842.20373411593	750	6.415352378963412	0.0	331053	7204.3291252437675	0.3
150848.73739005256	750	4.0	0.11830355766785579	314107	6533.655936631268	0.24129470202822012
150856.6746627256	750	4.0	3.937272673026223	450283	7937.272673026223	-16.18027249401276
150860.29543094884	300	4.379231776750416	0.0	155580	3620.768223249585	-0.15000000000000002
150862.09262551094	300	6.582037214675856	0.0	139857	1797.194562074559	0.3
150864.2770633421	300	8.397599383501023	0.0	155432	2184.4378311748333	0.3
150866.22446629085	300	10.450196434747507	0.0	163442	1947.4029487535154	0.3
150867.976960391	300	12.697702334580775	0.0	126289	1752.4941001667319	0.3
150869.75455922165	300	14.920103503944835	0.0	153295	1777.5988306359397	0.3
150875.00183657193	750	13.672826153678121	0.0	437162	5247.277350266715	0.3
150880.76495610474	750	11.90970662086356	0.0	374758	5763.119532814562	0.75
150887.08876021736	750	9.585902508238789	0.0	362795	6323.804112624769	0.75
150892.71615328718	750	7.958509438446234	0.0	353220	5627.393069792554	0.75
150896.62678172137	750	8.047881004264344	0.0	405134	3910.6284341818914	0.75
150900.18988823588	750	8.48477448974814	0.0	386351	3563.1065145162033	0.75
150903.5593688464	750	9.115293879207766	0.0	434409	3369.480610540374	0.75
150906.289704519	750	10.384958206618121	0.0	337059	2730.3356725896438	0.75
150908.8946953689	750	11.779967356722159	0.0	366214	2604.990849895963	0.75
150913.44229605244	1200	11.232366673193445	0.0	617242	4547.6006835287135	0.75
150918.47837314062	1200	10.196289584982146	0.0	581493	5036.0770882112965	1.2
150929.26332756795	1200	4.0	0.5886648423357382	639204	10784.954427317885	-1.3312588220436743
150937.78946378286	750	4.0	4.5261362148759785	350713	8526.136214875978	-19.162385723966707
150942.55940757226	300	4.0	0.769943789417488	157671	4769.943789417488	-3.4607582944951987
150946.459779396	300	4.099628176248197	0.0	157812	3900.3718237518024	0.3
150948.7984615659	300	5.7609460063809115	0.0	163927	2338.6821698672866	0.3
150950.47166027708	300	8.087747295187233	0.0	137654	1673.1987111936785	0.3
150952.09102155786	300	10.468386014385175	0.0	146754	1619.3612808020578	0.3
150954.03997428718	300	12.519433285057872	0.0	153938	1948.952729327302	0.3
150959.67731764234	750	10.882089929915159	0.0	425781	5637.343355142713	0.3
150962.2398243768	750	12.319583195457302	0.0	277716	2562.506734457856	0.75
150965.77275426	750	12.786653312257053	0.0	400396	3532.92988320025	0.75
150970.36600677096	750	12.193400801303714	0.0	400508	4593.252510953339	0.75
150977.29293353247	750	9.266474039806155	0.0	358218	6926.926761497559	0.75
150987.10822454575	750	4.0	0.5488169734713065	400322	9815.291013277461	-1.6099129859266181
150991.25190715524	300	4.0	0.14368260949149772	143881	4143.682609491498	-0.7678352208134402
150994.87835829088	300	4.373548864365982	0.0	163444	3626.451135634018	0.3
150999.44273721185	300	4.0	0.19083005659745503	179328	4564.378920963437	-0.5205692433690565
151005.04658453172	300	4.0	1.6038473198699748	159914	5603.847319869975	-6.596543475440892
151007.97348679995	300	5.073097731781116	0.0	131610	2926.9022682188834	0.3
151010.78726072368	300	6.2593238080547575	0.0	124011	2813.7739237263595	0.3
151013.14746291866	300	7.89912161307122	0.0	144254	2360.2021949835375	0.3
151017.0119283399	300	8.034656191830058	0.0	149991	3864.465421241163	0.3
151022.59694807424	300	6.449636457505846	0.0	147968	5585.019734324212	0.3
151027.19755994482	300	5.84902458693215	0.0	161857	4600.611870573696	0.3
151032.00709070728	300	5.039493824482909	0.0	145210	4809.530762449241	0.3
151037.55409882203	300	4.0	0.5075142902709268	172312	5547.008114753836	-1.882311448164985
151043.35655837308	300	4.0	1.8024595510718018	167025	5802.459551071802	-7.450576069608747
151049.87415658575	300	4.0	2.5175982126469028	160064	6517.5982126469025	-10.52567231438168
151053.23110838814	300	4.643048197617727	0.0	137507	3356.9518023822734	0.3
151055.52422246427	300	6.3499341214883955	0.0	118421	2293.1140761293314	0.3
151067.31733500116	750	4.0	5.4431784154277025	450283	11793.112536916098	-22.65566718633912
151074.31282903295	300	4.0	2.995494031775048	155580	6995.494031775048	-13.030624336632703
151078.553380957	300	4.0	0.24055192401780642	139857	4240.551924017806	-0.7343732732765675
151083.13358942204	300	4.0	0.5802084650653251	155432	4580.208465065325	-2.194896399780898
151090.67072259996	300	4.0	3.5371331779189576	163442	7537.133177918958	-14.909672665051517
151096.12939129077	300	4.0	1.458668690823858	126289	5458.668690823858	-5.972275370542589
151099.6124717341	300	4.516919556721164	0.0	153295	3483.0804432788364	0.3
151106.08265433795	300	4.0	1.9532630471403245	173849	6470.182603861488	-8.099031102703394
151112.24186005682	300	4.0	2.1592057188838627	150710	6159.205718883863	-8.984584591200608
151121.68220954612	300	4.0	5.440349489296941	139105	9440.349489296941	-23.093502803976843
151126.8704641836	300	4.0	1.1882546374702214	141840	5188.2546374702215	-4.809494941121952
151129.12591458016	300	5.744549603443418	0.0	156148	2255.450396556582	0.3
151130.59806877683	300	8.27239540677	0.0	160746	1472.154196673418	0.3
151132.43403685515	300	10.43642732845284	0.0	179801	1835.968078317159	0.3
151133.69936886063	300	13.171095322968448	0.0	140051	1265.3320054843937	0.3
151134.89634804585	300	15.974116137747881	0.0	138313	1196.9791852205667	0.3
151140.25855892315	1200	14.611905260443088	0.0	617242	5362.210877304793	0.29999999999999993
151145.67103878045	1200	13.199425403149508	0.0	581493	5412.47985729358	1.2
151150.84517609383	1200	12.025288089760954	0.0	639204	5174.137313388554	1.2
151155.2761460031	1200	11.594318180497245	0.0	586839	4430.969909263709	1.2
151162.88162793708	1200	7.988836246515921	0.0	601738	7605.481933981324	1.2
151167.74271035867	1200	7.127753824914033	0.0	616206	4861.082421601887	1.2
151172.88391606064	1200	5.9865481229435495	0.0	656471	5141.2057019704835	1.2
151176.88857527886	1200	5.981888904756663	0.0	536667	4004.6592181868873	1.2
151183.2997488409	1200	4.0	0.42928465729985965	587236	6411.173562056522	-0.6459240263893964
151187.41327525335	750	4.0	0.11352641245241465	379700	4113.526412452415	-0.188163573545383
151190.7977016046	750	4.615573648748438	0.0	425781	3384.426351251562	0.75
151193.18810643384	750	6.225168819525301	0.0	277716	2390.404829223136	0.75
151195.9643297937	750	7.448945459686229	0.0	400396	2776.2233598390717	0.75
151199.17023545245	750	8.243039800938252	0.0	400508	3205.9056587479768	0.75
151201.8066555804	750	9.60661967297797	0.0	358218	2636.42012796028	0.75
151206.02162202503	1200	9.391653228326678	0.0	620283	4214.966444651293	0.75
151210.38776316776	1200	9.025512085600466	0.0	584349	4366.141142726212	1.2
151216.07927460803	1200	7.334000645352361	0.0	670129	5691.511440248106	1.2
151222.94581593646	1200	4.467459316936727	0.0	690253	6866.541328415634	1.2
151228.7058148349	1200	4.0	1.292539581495843	598727	5759.99889843257	-4.357920200432124
151231.4597991346	750	5.246015700287963	0.0	321064	2753.9842997120377	0.3
151234.19020780953	750	6.515607025363756	0.0	361565	2730.4086749242074	0.75
151238.8011777534	750	5.904637081525535	0.0	378327	4610.96994383822	0.75
151242.06642055008	750	6.639394284829365	0.0	390680	3265.242796696171	0.75
151245.6569470388	750	7.048867796113171	0.0	345516	3590.526488716193	0.75
151250.29015406186	750	6.415660773063417	0.0	384505	4633.207023049755	0.75
151254.02998746748	750	6.675827367438508	0.0	372093	3739.8334056249087	0.75
151260.5284528257	750	4.1773620092181165	0.0	438281	6498.465358220392	0.75
151264.1781717044	750	4.5276431305143054	0.0	398987	3649.718878703811	0.75
151268.00093409675	750	4.7048807381699955	0.0	393804	3822.76239234431	0.75
151275.30237773893	750	4.0	2.5965629039983087	331053	7301.443642168304	-10.415220487192727
151280.75429765627	750	4.0	1.4519199173391488	314107	5451.919917339149	-5.49325564455834
151284.39262948962	750	4.361668166647502	0.0	450283	3638.331833352499	0.75
151285.45321315003	300	7.30108450624799	0.0	155580	1060.5836603995122	-0.15000000000000002
151286.41658960917	300	10.337708047103424	0.0	139857	963.3764591445639	0.3
151289.20188868872	750	11.552408967578696	0.0	382355	2785.299079524728	0.3
151301.60135330196	1200	4.0	0.8470556456858667	652874	12399.464613264563	-2.892339276449227
151307.25156784826	750	4.0	1.6502145463053521	318564	5650.214546305352	-6.795922549113014
151309.11139179935	300	6.140176048907013	0.0	153295	1859.8239510929875	-0.15000000000000002
151311.68457875744	300	7.56698909083853	0.0	173849	2573.1869580684834	0.3
151313.60766252223	300	9.643905326037487	0.0	150710	1923.083764801042	0.3
151314.69639772523	300	12.555170123041396	0.0	139105	1088.7352029960914	0.3
151318.11224771888	750	13.139320129399078	0.0	353220	3415.84999364232	0.3
151321.6279579964	750	13.623609851863428	0.0	405134	3515.7102775356484	0.75
151327.20949957496	750	12.042068273296554	0.0	386351	5581.541578566875	0.75
151336.6862981858	750	6.565269662419487	0.0	434409	9476.798610877067	0.75
151341.55315711297	750	5.698410735278195	0.0	337059	4866.858927141292	0.75
151349.597299291	750	4.0	2.3457314427360196	366214	8044.142178014215	-9.336645203764885
151351.4385192628	300	6.158780028201047	0.0	143509	1841.219971798953	-0.15000000000000002
151352.66534736968	300	8.931951921319548	0.0	150616	1226.828106881498	0.3
151353.96665663106	300	11.630642659942088	0.0	165384	1301.3092613774604	0.3
151355.145845482	300	14.45145380898374	0.0	140881	1179.1888509583493	0.3
151357.66764455507	750	15.929654735943496	0.0	386472	2521.7990730402444	0.3
151360.7161733244	750	16.881125966607616	0.0	399894	3048.528769335881	0.75
151366.33768036967	1200	15.259618921348865	0.0	656471	5621.507045258751	0.75
151372.4000813377	1200	13.197217953332128	0.0	536667	6062.4009680167355	1.2
151377.5169734756	1200	12.080325815409985	0.0	587236	5116.892137922142	1.2
151383.33913839838	1200	10.258160892644453	0.0	590335	5822.164922765533	1.2
151388.73401990772	1200	8.863279383303853	0.0	696376	5394.881509340602	1.2
151392.97508054238	1200	8.622218748635303	0.0	487160	4241.06063466855	1.2
151397.77680577833	1200	7.820493512703238	0.0	622896	4801.7252359320655	1.2
151402.82819769648	1200	6.769101594546485	0.0	641447	5051.391918156753	1.2
151407.25496545518	1200	6.342333835841183	0.0	570392	4426.767758705302	1.2
151411.07040794537	1200	6.52689134565476	0.0	620283	3815.4424901864227	1.2
151414.38532825807	1200	7.211971032952089	0.0	584349	3314.92031270267	1.2
151419.19287150085	1200	6.404427790177111	0.0	670129	4807.543242774978	1.2
151424.44897169698	1200	5.148327594056624	0.0	690253	5256.1001961204865	1.2
151429.26369285453	1200	4.3336064365184335	0.0	598727	4814.721157538191	1.2
151432.91728799875	1200	4.680011292313748	0.0	487812	3653.595144204686	1.2
151438.27493552642	1200	4.0	0.6776362353701842	575591	5357.647527683932	-1.7138358120917923
151442.31669741892	750	4.0	0.04176189250022708	378327	4041.761892500227	0.12042386224902363
151452.44982672317	750	4.0	6.133129304234498	390680	10133.129304234499	-25.622456008208342
151454.80636123085	300	5.643465492311212	0.0	147968	2356.534507688788	-0.15000000000000002
151458.0390625568	300	6.410764166354032	0.0	161857	3232.701325957179	0.3
151459.50253392037	300	8.94729280278192	0.0	145210	1463.4713635721128	0.3
151461.32305155162	300	11.12677517155921	0.0	172312	1820.5176312227095	0.3
151469.7662291706	750	6.683597552556292	0.0	398987	8443.177619002918	0.3
151479.28837164273	750	4.0	2.838544919562526	393804	9522.142472118818	-11.45574315411886
151482.2304154148	300	5.057956227955894	0.0	137507	2942.0437720441055	-0.15000000000000002
151492.83878504502	750	4.0	5.550413402303568	314107	10608.369630259462	-23.566777629905342
151508.20467593576	750	4.0	11.365890890743707	450283	15365.890890743707	-48.123330830197936
151514.58468922664	300	4.0	2.3800132908654095	155580	6380.0132908654095	-10.384057150721258
151522.09765045645	300	4.0	3.5129612298174706	139857	7512.961229817471	-14.805733288215123
151528.4614510197	300	4.0	2.3638005632523162	155432	6363.800563252316	-9.86434242198496
151530.95847176472	300	5.5029792549916925	0.0	163442	2497.020745008307	0.3
151532.773679521	300	7.6877714987231345	0.0	126289	1815.2077562685581	0.3
151534.2760679777	300	10.185383041986762	0.0	153295	1502.3884567363732	0.3
151536.7852408792	300	11.676210140508264	0.0	173849	2509.1729014785	0.3
151540.10311384703	300	12.358337172709797	0.0	150710	3317.872967798467	0.3
151542.0658954988	300	14.395555520949026	0.0	139105	1962.7816517607698	0.3
151544.58252597076	750	15.87892504898083	0.0	353220	2516.630471968196	0.3
151548.29618103377	750	16.16526998597885	0.0	405134	3713.6550630019838	0.75
151551.62069659334	750	16.840754426409127	0.0	386351	3324.5155595697224	0.75
151555.62589898557	750	16.835552034189874	0.0	434409	4005.202392219252	0.75
151559.87829922562	1200	16.58315179413964	0.0	526950	4252.400240050236	0.75
151573.95899784088	1200	6.5024531788941875	0.0	587876	14080.69861524545	1.2
151581.25802142895	750	4.0	0.7965704091668149	360831	7299.023588061003	-3.125252759417304
151582.89000959462	300	6.368011834333413	0.0	150616	1631.9881656665866	-0.15000000000000002
151584.78284778312	300	8.475173645840682	0.0	165384	1892.8381884927323	0.3
151587.00844847527	300	10.24957295368123	0.0	140881	2225.6006921594503	0.3
151588.48321192636	300	12.774809502590914	0.0	157671	1474.7634510903179	0.3
151594.45937663928	750	10.798644789682175	0.0	399894	5976.164712908738	0.3
151597.29354389713	750	11.96447753184044	0.0	401853	2834.167257841734	0.75
151599.7310831246	750	13.526938304359458	0.0	343800	2437.539227480984	0.75
151601.8623430078	750	15.395678421196013	0.0	359903	2131.2598831634446	0.75
151604.53243956415	750	16.725581864833767	0.0	379700	2670.0965563622467	0.75
151607.51359569465	750	17.74442573431255	0.0	425781	2981.1561305212167	0.75
151616.63184442028	1850	12.626177008687577	0.0	758197	9118.248725624973	0.75
151622.0289031951	1850	11.22911823387257	0.0	972798	5397.058774815006	1.85
151628.34688148124	1850	8.911139947751089	0.0	975811	6317.978286121481	1.85
151631.83949669843	1200	9.418524730537813	0.0	570392	3492.6152172132765	0.5499999999999999
151636.0863252851	1200	9.171696143864505	0.0	620283	4246.828586673308	1.2
151639.7817726611	1200	9.476248767858142	0.0	584349	3695.4473760063624	1.2
151643.7591099446	1200	9.498911484358088	0.0	670129	3977.337283500053	1.2
151655.84409647837	1200	4.0	2.586075049406536	690253	12084.986533764624	-9.920122712448105
151660.73841680348	750	4.0	0.89432032509499	365161	4894.32032509499	-3.545577397908457
151664.83847756736	750	4.0	0.1000607639031532	321064	4100.060763903153	0.31973871521644126
151668.17082002322	300	4.667657544135851	0.0	124011	3332.3424558641486	-0.15000000000000002
151669.8741170196	300	6.964360547770329	0.0	144254	1703.2969963655225	0.3
151671.54580451557	300	9.29267305180119	0.0	149991	1671.6874959691397	0.3
151673.21362288427	300	11.6248546831072	0.0	147968	1667.81836869399	0.3
151674.73048643942	300	14.107991127951228	0.0	161857	1516.8635551559717	0.3
151677.31255070696	750	15.525926860436003	0.0	372093	2582.064267515224	0.3
151680.6432392732	750	16.1952382941845	0.0	438281	3330.688566251505	0.75
151685.88872891612	1200	14.949748651281112	0.0	630203	5245.489642903386	0.75
151699.1910950744	1850	5.647382492959654	0.0	982064	13302.366158321458	1.2000000000000002
151705.3281689812	1200	4.0	0.48969141385976583	538612	6137.07390681942	-1.555673079596993
151710.94053017293	1200	4.0	1.6123611916822747	550906	5612.361191682275	-5.73315312423378
151716.40629119248	750	4.0	1.4657610195513353	450283	5465.761019551335	-5.5527723840707415
151720.01484506423	750	4.391446128257874	0.0	398865	3608.5538717421264	0.75
151723.19703074137	750	5.20926045110962	0.0	350812	3182.1856771482535	0.75
151726.31680455783	750	6.089486634645413	0.0	382355	3119.7738164642083	0.75
151730.09839401965	750	6.30789717283456	0.0	411561	3781.589461810853	0.75
151732.7084628426	750	7.697828349897795	0.0	318564	2610.068822936765	0.75
151737.61363573553	750	6.792655456929996	0.0	352642	4905.172892967798	0.75
151741.94812708552	750	6.458164106972071	0.0	437162	4334.491349957925	0.75
151747.21736062708	750	5.188930565379276	0.0	374758	5269.233541592795	0.75
151753.14665627558	750	4.0	0.7403650831064024	362795	5929.295648485679	-2.43356985735753
151756.12368119517	300	5.0229750803984645	0.0	141840	2977.024919601536	-0.15000000000000002
151758.7637523579	300	6.382903917658344	0.0	156148	2640.0711627401206	0.3
151760.8962924786	300	8.250363796964445	0.0	160746	2132.5401206938996	0.3
151763.08602550108	300	10.060630774494419	0.0	179801	2189.733022470026	0.3
151764.75145069518	300	12.395205580378185	0.0	140051	1665.425194116233	0.3
151768.38691114404	750	12.759745131517235	0.0	366214	3635.460448860951	0.3
151771.89036350854	750	13.25629276702388	0.0	360831	3503.4523644933556	0.75
151775.86123022853	750	13.285426047034127	0.0	372963	3970.8667199897523	0.75
151779.93590503902	750	13.210751236557156	0.0	405596	4074.674810476971	0.75
151783.08390674274	750	14.062749532827393	0.0	350713	3148.0017037297634	0.75
151787.93317245887	1200	13.21348381673353	0.0	601738	4849.265716093862	0.75
151792.4735539525	1200	12.673102323120288	0.0	616206	4540.381493613244	1.2
151798.3012654545	1200	10.845390821117228	0.0	656471	5827.71150200306	1.2
151803.8712340743	1200	9.275422201322122	0.0	536667	5569.968619795104	1.2
151808.61537510258	1200	8.531281173051452	0.0	587236	4744.141028270671	1.2
151813.14677111758	1200	7.999885158052163	0.0	590335	4531.396014999288	1.2
151821.98704438726	1200	4.0	0.840388111643545	696376	8840.273269695708	-2.4136688800672434
151824.84070308937	750	5.146341297860224	0.0	277716	2853.6587021397763	0.3
151829.05512957537	750	4.931914811862974	0.0	400396	4214.42648599725	0.75
151831.80625417773	750	6.180790209506149	0.0	400508	2751.124602356825	0.75
151834.6135064258	750	7.373537961437627	0.0	358218	2807.252248068522	0.75
151837.53294613617	750	8.454098251057193	0.0	400322	2919.439710380436	0.75
151840.12410243254	750	9.862941954689145	0.0	369834	2591.156296368049	0.75
151848.79190185314	1200	5.195142534089637	0.0	670129	8667.799420599507	0.75
151856.51438797798	1200	4.0	2.527343590742359	690253	7722.486124831996	-9.667577440192144
151862.50855182693	750	4.0	1.9941638489389497	365161	5994.16384893895	-8.274904550437483
151866.69070137324	750	4.0	0.18214954631065666	321064	4182.149546310657	-0.033243049135823655
151868.22743530205	300	6.463266071195679	0.0	124011	1536.7339288043213	-0.15000000000000002
151870.33907547643	300	8.351625896813799	0.0	144254	2111.6401743818788	0.3
151872.34933548264	300	10.34136589061713	0.0	149991	2010.2600061966705	0.3
151874.00748387264	300	12.683217500598294	0.0	147968	1658.148390018836	0.3
151877.68107700025	750	13.009624372983794	0.0	384505	3673.5931276144997	0.3
151882.2494354075	750	12.441265965767284	0.0	372093	4568.358407216508	0.75
151887.61777145954	750	11.072929913715598	0.0	438281	5368.336052051688	0.75
151891.45974099237	750	11.23096038090659	0.0	398987	3841.969532809007	0.75
151897.61205763163	1200	9.078643741638185	0.0	638661	6152.316639268405	0.75
151904.42538857	1200	6.265312803254582	0.0	538612	6813.330938383603	1.2
151910.95329174725	1200	4.0	0.2625903739804098	550906	6527.903177234992	0.07086139188423779
151915.41362000132	750	4.0	0.4603282540678347	450283	4460.328254067835	-1.229411492491689
151919.914838034	750	4.0	0.5012180326762473	398865	4501.218032676247	-1.4052375405078634
151921.3098480499	300	6.6049899841194275	0.0	139857	1395.0100158805728	-0.15000000000000002
151924.29492239986	750	7.619915634160494	0.0	382355	2985.074349958934	0.3
151928.72245196078	750	7.192386073247094	0.0	411561	4427.5295609134	0.75
151931.79817916942	750	8.116658864615117	0.0	318564	3075.7272086319786	0.75
151937.75310303541	750	6.161734998617524	0.0	352642	5954.923865997592	0.75
151942.09367747235	750	5.8211605616821345	0.0	437162	4340.57443693539	0.75
151945.93249618582	750	5.982341848224269	0.0	374758	3838.8187134578648	0.75
151952.66189513795	750	4.0	0.7470571038945963	362795	6729.398952118866	-2.4623455467467643
151954.42714715714	300	6.234747980807254	0.0	141840	1765.2520191927458	-0.15000000000000002
151956.36729189966	300	8.294603238277391	0.0	156148	1940.1447425298632	0.3
151961.64917515923	750	7.012719978702914	0.0	386351	5281.883259574478	0.3
151965.74752375757	750	6.914371380334081	0.0	434409	4098.348598368833	0.75
151968.8038512647	750	7.85804387318699	0.0	337059	3056.3275071470907	0.75
151971.83798715047	750	8.823907987456561	0.0	366214	3034.135885730428	0.75
151975.29001886953	750	9.371876268381595	0.0	360831	3452.0317190749665	0.75
151978.6923583813	750	9.969536756621547	0.0	372963	3402.339511760047	0.75
151985.3156145496	750	7.346280588338098	0.0	405596	6623.256168283449	0.75
151990.27364136593	750	6.388253771996658	0.0	350713	4958.02681634144	0.75
151994.23918629554	750	6.422708842385308	0.0	386472	3965.54492961135	0.75
151998.99607049438	750	5.665824643547915	0.0	399894	4756.884198837393	0.75
152003.9665666707	750	4.69532846723933	0.0	401853	4970.496176308585	0.75
152006.55692696272	750	6.104968175234318	0.0	343800	2590.360292005011	0.75
152009.54851493737	750	7.113380200561211	0.0	359903	2991.5879746731084	0.75
152012.98842911745	750	7.673466020497803	0.0	379700	3439.9141800634084	0.75
152017.07062817842	750	7.5912669595358	0.0	425781	4082.1990609620025	0.75
152019.0890087638	750	9.57288637413782	0.0	277716	2018.3805853979816	0.75
152021.89754142676	750	10.764353711197652	0.0	400396	2808.532662940167	0.75
152026.45408473545	1200	10.207810402478048	0.0	641447	4556.543308719603	0.75
152028.90441470518	1200	11.75748043275785	0.0	570392	2450.3299697201987	1.2

