7810.29782971493	750	4.0	1.7642452313647095	450283	1764.2452313647095	-6.836254494868251
7810.870348529355	300	7.42748118557492	0.0	155580	572.5188144250797	-0.15000000000000002
7811.466394691877	300	10.831435023053865	0.0	139857	596.0461625210556	0.3
7812.160343649488	300	14.137486065442936	0.0	155432	693.9489576109298	0.3
7812.942007008096	300	17.35582270683511	0.0	163442	781.6633586078281	0.3
7813.469748512356	300	20.82808120257486	0.0	126289	527.7415042602497	0.3
7814.0907354419005	300	24.207094273030748	0.0	153295	620.9869295441125	0.3
7814.763296370632	300	27.534533344299774	0.0	173849	672.5609287309745	0.3
7816.317986035215	750	29.97984367971699	0.0	374758	1554.689664582784	0.3
7817.676591077794	750	32.62123863713776	0.0	362795	1358.6050425792314	0.75
7819.029950267057	750	35.26787944787524	0.0	353220	1353.3591892625204	0.75
7820.575850992515	750	37.72197872241671	0.0	405134	1545.900725458532	0.75
7822.216559291201	750	40.08127042373154	0.0	386351	1640.70829868517	0.75
7824.02977567203	750	42.26805404290249	0.0	434409	1813.2163808290466	0.75
7825.222665165496	750	45.07516454943643	0.0	337059	1192.8894934660639	0.75
7827.007985214927	750	47.28984450000559	0.0	366214	1785.3200494308312	0.75
7828.4649075429925	750	49.83292217194056	0.0	360831	1456.9223280650344	0.75
7829.938454949347	750	52.35937476558582	0.0	372963	1473.5474063547408	0.75
7831.533832591258	750	54.76399712367537	0.0	405596	1595.377641910446	0.75
7832.901812871897	750	57.396016843035966	0.0	350713	1367.980280639409	0.75
7834.7401445079395	750	59.50096521917923	0.0	386472	1395.0516238567334	0.75
7837.105613746144	1200	59.73487060616973	0.0	616206	2266.0946130094926	0.75
7840.041417748781	1200	59.50715591744895	0.0	656471	2727.714688720786	1.2
7842.114189217345	1200	59.51481484012464	0.0	536667	1992.3410773242992	1.2
7844.841542045189	1200	59.89185362182227	0.0	587236	2122.9612183023705	1.2
7847.651610251284	1200	59.73301532354586	0.0	590335	2158.838298276416	1.2
7850.999890671984	1200	59.58399006710527	0.0	696376	2649.0252564405882	1.2
7853.217654098166	1200	59.77073593614377	0.0	487160	1813.2541309614942	1.2
7855.8064208245805	1200	59.87410722054694	0.0	622896	2396.6287155968307	1.2
7859.281410603654	1200	59.927681336419056	0.0	641447	3446.4258841278834	1.2
7862.6921022783	1200	59.941617446568934	0.0	570392	2486.063889850117	1.2
7865.636778486928	1200	59.86609323465268	0.0	620283	2075.5242119162504	1.2
7868.600406894277	1200	59.769355029334	0.0	584349	2096.738205318684	1.2
7871.778869985026	1200	59.81356858497428	0.0	670129	2455.7864443597214	1.2
7874.75304773107	1200	59.887318035147864	0.0	690253	2426.250549826413	1.2
7877.4940353115735	1200	59.7407878430045	0.0	598727	2146.5301921433693	1.2
7879.817388276546	1200	59.82634005469804	0.0	487812	1914.4477883064512	1.2
7883.059703800602	1200	59.60463488100339	0.0	575591	2721.705173694652	1.2
7885.720748275721	1200	59.73441781862445	0.0	605884	2370.217062378936	1.2
7888.932861375901	1200	59.96927497490445	0.0	587506	2265.142843720002	1.2
7892.519842865712	1200	59.84426935822889	0.0	566904	2625.0056166755617	1.2
7895.382157145161	1200	59.58860015507215	0.0	641452	2755.6692031567404	1.2
7897.941486732664	1200	59.537257899467136	0.0	599477	2551.3422556050127	1.2
7901.3798814118845	1200	59.76755422580562	0.0	634861	2769.7036736615205	1.2
7905.653802269932	1200	59.49363336775805	0.0	630203	4273.920858047571	1.2
7910.0933832600085	1850	59.05405237768164	0.0	982064	4439.580990076403	1.2000000000000002
7913.520526923706	1850	59.62690871398445	0.0	830730	3427.1436636971903	1.85
7919.171602360908	2850	57.97583327678277	0.0	1364537	5651.075437201672	1.85
7921.165221447158	750	59.982214190532716	0.0	450283	1993.6190862500557	0.75
7923.9631973290425	750	59.71024177000626	0.0	398865	1771.9724205264476	0.75
7925.664037507766	750	59.54832341132361	0.0	350812	1661.9183586826555	0.75
7928.283728246003	750	59.962438952225355	0.0	382355	2085.884459098255	0.75
7930.7207956031525	750	59.955808413220666	0.0	411561	2006.63053900469	0.75
7932.648143179263	750	59.897853034237244	0.0	318564	1557.9553789834183	0.75
7935.157343782738	750	59.76244883106322	0.0	352642	2135.4042031740337	0.75
7939.27398895162	750	59.645803662180946	0.0	437162	4116.645168882268	0.75
7942.026338809185	750	59.52034951798988	0.0	374758	2625.4541441910724	0.75
7945.784701460136	750	59.644616049201666	0.0	362795	2875.7334687882076	0.75
7949.918457847254	750	59.51085966208348	0.0	353220	3633.7563871181874	0.75
7954.500308985115	750	58.929008524222766	0.0	405134	4581.851137860714	0.75
7960.452737528543	750	56.97657998079481	0.0	386351	5952.428543427953	0.75
7962.481896737473	750	58.94742077186487	0.0	434409	2029.159208929942	0.75
7964.094156158113	750	59.84270329129475	0.0	337059	1604.7174805701197	0.75
7966.835204997832	750	59.92094984147023	0.0	366214	1921.7534498245175	0.75
7968.802379939344	750	59.53201006566145	0.0	360831	1888.9397758087796	0.75
7971.650517718025	750	59.54155875917212	0.0	372963	1990.4513064893308	0.75
7975.0990547622905	750	59.677133473135726	0.0	405596	2864.4252860363895	0.75
7980.559526670571	750	58.216661564855464	0.0	350713	5460.471908280264	0.75
7988.563038720277	750	54.21314951515003	0.0	386472	8003.512049705435	0.75
7995.46795294611	750	51.308235289317196	0.0	399894	6904.914225832828	0.75
7998.902149323741	300	51.874038911685965	0.0	163927	3434.1963776312364	-0.15000000000000002
8001.4483020823245	300	53.32788615310216	0.0	137654	2546.1527585838057	0.3
8004.381073428602	300	54.39511480682434	0.0	146754	2932.771346277818	0.3
8006.792242277839	300	55.98394595758713	0.0	153938	2411.1688492372145	0.3
8009.262054166338	300	57.51413406908755	0.0	181901	2469.811888499587	0.3
8010.863124545113	300	59.91306369031312	0.0	111155	1601.070378774419	0.3
8014.443810598415	300	59.7818114341878	0.0	153605	2631.2522561253218	0.3
8018.174686853304	300	59.52109020533233	0.0	149029	2760.72122885547	0.3
8020.868873415945	300	59.81907443702742	0.0	157421	2202.0157683049088	0.3
8023.191174297337	300	59.60350939349997	0.0	157488	1715.5650435274492	0.3
8024.083707645286	300	59.90111063845792	0.0	143881	702.3987550420441	0.3
8025.18162627257	300	59.88171862126937	0.0	163444	1019.3920171885546	0.3
8031.332000605075	750	57.73134428876354	0.0	401088	6150.374332505834	0.3
8035.357477364493	750	57.70586752934603	0.0	365161	4025.4767594175046	0.75
8038.079043175487	750	58.984301718353116	0.0	321064	2721.56581099291	0.75
8041.02257802869	750	59.60100604825725	0.0	361565	2383.2956700958725	0.75
8043.8066755112895	750	59.68907689851168	0.0	378327	2411.9291497455615	0.75
8046.298562246817	750	59.81021769717458	0.0	390680	2378.8592013371	0.75
8051.03892558658	750	59.0698543574119	0.0	345516	4740.363339762685	0.75
8059.9293055914095	750	54.17947435258341	0.0	384505	8890.380004828481	0.75
8063.690925070072	750	54.41785487392127	0.0	372093	3761.6194786621445	0.75
8067.521882430649	750	54.5868975133431	0.0	438281	3830.9573605781748	0.75
8070.177192744687	300	55.9315871993053	0.0	167025	2655.3103140377943	-0.15000000000000002
8077.701819315434	300	52.406960628559155	0.0	160064	7524.626570746142	0.3
8078.986475399408	300	55.12230454458519	0.0	137507	1284.6560839739695	0.3
8081.301469589359	750	56.8073103546336	0.0	314107	2314.9941899515884	0.3
8084.356807088951	750	57.751972855041	0.0	450283	3055.3374995925988	0.75
8085.513963196005	300	59.798030989676114	0.0	155580	953.9418653648803	-0.15000000000000002
8086.617756325104	300	59.51224154597078	0.0	139857	785.7894437053332	0.3
8088.694754159737	300	59.82074447135134	0.0	155432	1191.4970746194413	0.3
8092.7859324627625	750	59.72956616832702	0.0	411561	3591.1783030243278	0.3
8096.256074366475	750	59.61533474798918	0.0	318564	2614.2314203378373	0.75
8099.606363208073	750	59.568145568878144	0.0	352642	2547.189179111036	0.75
8103.297824897527	750	59.81946455539502	0.0	437162	3248.6810134831144	0.75
8106.132719874632	750	59.808407404826696	0.0	374758	2511.0571505683347	0.75
8110.116619808495	750	59.66837635116467	0.0	362795	3640.031053662021	0.75
8112.90306414331	750	59.63158862385737	0.0	353220	2536.7877273073036	0.75
8116.850850069548	750	59.683802697619704	0.0	405134	3947.78592623766	0.75
8120.344802468014	750	59.67604776525942	0.0	386351	2507.754932360287	0.75
8123.879976127341	750	59.83655966864834	0.0	434409	2839.4880966110773	0.75
8128.701193477776	750	59.01534231821429	0.0	337059	4821.21735043405	0.75
8134.576806112925	750	57.13972968306577	0.0	366214	5875.612635148524	0.75
8143.98555955336	750	51.73097624263048	0.0	360831	9408.753440435283	0.75
8147.081637104477	300	52.634898691513726	0.0	150616	3096.077551116754	-0.15000000000000002
8151.376940656765	300	52.33959513922542	0.0	165384	4295.303552288306	0.3
8154.269274977773	300	53.44726081821733	0.0	140881	2892.334321008093	0.3
8159.011622948619	300	52.704912847371084	0.0	157671	4742.347970846246	0.3
8168.0730821408515	300	47.6434536551393	0.0	157812	9061.459192231789	0.3
8175.902680900144	300	43.813854895846866	0.0	163927	7829.598759292427	0.3
8181.119594534527	300	42.596941261464075	0.0	137654	5216.9136343827895	0.3
8185.2035654585825	300	42.51297033740846	0.0	146754	4083.970924055613	0.3
8191.03099042054	300	40.68554537545167	0.0	153938	5827.424961956799	0.3
8196.54205204991	300	39.174483746081734	0.0	181901	5511.061629369926	0.3
8202.178156313925	300	37.538379482066006	0.0	111155	5636.104264015733	0.3
8204.465650671102	300	39.2508851248895	0.0	153605	2287.494357176503	0.3
8206.015603743374	300	41.700932052616984	0.0	149029	1549.9530722725167	0.3
8207.891139513958	300	43.825396282032	0.0	157421	1875.5357705849804	0.3
8209.254672144352	300	46.46186365163737	0.0	157488	1363.5326303946276	0.3
8210.772286009002	300	48.94424978698779	0.0	143881	1517.6138646495801	0.3
8212.11805504375	300	51.59848075224183	0.0	163444	1345.7690347459632	0.3
8214.499882264108	750	53.21665353188237	0.0	401088	2381.827220359454	0.3
8216.833561779493	750	54.882974016498125	0.0	365161	2333.6795153842486	0.75
8219.248959228746	750	56.46757656724546	0.0	321064	2415.3974492526713	0.75
8221.751878869169	750	57.96465692682293	0.0	361565	2502.919640422522	0.75
8223.809322109113	750	59.907213686877874	0.0	378327	2057.443239945057	0.75
8226.157318707603	750	59.57073115987684	0.0	390680	2336.482527001035	0.75
8230.958244580463	750	58.76980528701514	0.0	345516	4800.925872861703	0.75
8238.413548436545	750	55.31450143093375	0.0	384505	7455.303856081385	0.75
8242.12771552237	750	55.600334345108415	0.0	372093	3714.167085825333	0.75
8248.502267336928	750	53.2257825305504	0.0	438281	6374.551814558019	0.75
8253.293265325347	750	52.43478454213195	0.0	398987	4790.997988418441	0.75
8256.299648051478	750	53.42840181600192	0.0	393804	3006.382726130028	0.75
8258.71053611869	750	55.017513748790435	0.0	331053	2410.8880672114933	0.75
8268.551483138157	2850	49.176566729322296	0.0	1364537	9840.947019468138	0.75
8270.886745908496	750	50.84130395898449	0.0	450283	2335.2627703378043	0.75
8273.08925245965	750	52.63879740783	0.0	398865	2202.5065511544976	0.75
8275.078126586412	750	54.649923281068034	0.0	350812	1988.8741267619605	0.75
8276.83195396722	750	56.89609590026108	0.0	382355	1753.8273808069528	0.75
8278.831677674583	750	58.89637219289621	0.0	411561	1999.723707364871	0.75
8280.32928902464	750	59.972003037103015	0.0	318564	1424.3691557931938	0.75
8282.178288890935	750	59.77862420108585	0.0	352642	1693.3788360171698	0.75
8286.121266850785	750	59.83044573630064	0.0	437162	2948.178464785211	0.75
8290.004005903802	750	59.550975957323416	0.0	374758	3779.469778977216	0.75
8292.274561070924	750	59.902333010783074	0.0	362795	1648.6429465403426	0.75
8294.546801674247	750	59.77716881941203	0.0	353220	1625.1641913710423	0.75
8297.03680598597	750	59.80120486952703	0.0	405134	1975.9639498850104	0.75
8299.232566425622	750	59.655344830619576	0.0	386351	1645.8600389074468	0.75
8301.346659411665	750	59.803248537970546	0.0	434409	1852.0962926490286	0.75
8303.263836417129	750	59.915158381936266	0.0	337059	1888.0901560342836	0.75
8307.238385591314	750	59.882927219557935	0.0	366214	3032.2311623783285	0.75
8311.188457995062	750	59.80855002358698	0.0	360831	3074.37719597095	0.75
8315.204803636743	750	59.62872480663564	0.0	372963	3179.8252169513407	0.75
8318.078535205379	750	59.50011923468284	0.0	405596	2128.6055719528	0.75
8321.043206498962	750	59.58034658623226	0.0	350713	2419.7726484505765	0.75
8325.052110112742	750	59.54334410190925	0.0	386472	3537.0024843230117	0.75
8327.924446156481	750	59.7831266447669	0.0	399894	2760.2174571423448	0.75
8333.320940541635	750	58.386632259613535	0.0	401853	5396.494385153365	0.75
8336.722796823522	750	58.98477597772659	0.0	343800	3401.85628188695	0.75
8340.126518114646	750	59.5810546866007	0.0	359903	3403.721291125887	0.75
8345.067710355059	750	58.63986244618893	0.0	379700	4941.192240411771	0.75
8351.46506627877	750	56.24250652247723	0.0	425781	6397.355923711703	0.75
8354.291738738377	300	57.41583406286891	0.0	111155	2826.672459608316	-0.15000000000000002
8356.53136669082	300	59.17620611042634	0.0	153605	2239.627952442572	0.3
8361.200657899226	300	58.506914902020505	0.0	149029	4669.291208405837	0.3
8362.924268620536	300	59.8642747060376	0.0	157421	1142.640195982908	0.3
8364.150222189584	300	59.647283184176906	0.0	157488	716.9915218606884	0.3
8365.836758492183	300	59.973496056471106	0.0	143881	1673.7871277058014	0.3
8366.722852063873	300	59.67582385807415	0.0	163444	797.6721983969512	0.3
8368.104507123106	300	59.98420701510286	0.0	179328	691.6168429712911	0.3
8370.191215370742	750	59.73187199941519	0.0	365161	1252.3350156876718	0.3
8372.21662455654	750	59.80135402249108	0.0	321064	1430.5179769241072	0.75
8373.82189607059	750	59.95566386990271	0.0	361565	1345.6901525883704	0.75
8376.774249428523	1200	59.559777871667904	0.0	605884	2395.885998234808	0.75
8379.11436055332	1200	59.837955989117354	0.0	587506	2221.821882550544	1.2
8382.008522326236	1200	59.889519723783316	0.0	566904	1948.4362653340404	1.2
8384.455165443836	1200	59.57406091877428	0.0	641452	2315.458805009032	1.2
8386.574940312456	1200	59.520765640759414	0.0	599477	2053.295278014868	1.2
8390.065092609364	1200	59.75792928760731	0.0	634861	2762.8363531521004	1.2
8392.894638337051	1200	59.902314395642705	0.0	630203	2355.614891964599	1.2
8396.341446457129	1200	59.85437575346542	0.0	638661	3047.93864217729	1.2
8403.700381618868	2850	56.49544059172602	0.0	1231456	7358.9351617393995	1.2000000000000002
8409.4745102845	2850	54.72131192609407	0.0	1364537	5774.128665631956	2.85
8411.301930766862	750	56.89389144373234	0.0	450283	1827.4204823617242	0.75
8414.065912349159	750	58.12990986143608	0.0	398865	2763.9815822962582	0.75
8416.601461473567	750	59.59436073702845	0.0	350812	2535.5491244076325	0.75
8419.179591054264	750	59.54673819384794	0.0	382355	2547.6225431805087	0.75
8422.148503485874	750	59.51753549680156	0.0	411561	2029.2026970463846	0.75
8423.731957845192	750	59.89566318442396	0.0	318564	1121.8723123776035	0.75
8427.52155380255	750	59.766656229215286	0.0	352642	3629.0069552086716	0.75
8429.667150914767	750	59.719152174181296	0.0	437162	2047.5040550339904	0.75
8431.511730346057	750	59.5449089871284	0.0	374758	1674.2431870528965	0.75
8434.372194770205	750	59.650344897172424	0.0	362795	1894.564089955979	0.75
8438.130693232693	750	59.89184643468465	0.0	353220	3758.498462487767	0.75
8442.565182243423	750	59.45735742395396	0.0	405134	4434.489010730694	0.75
8447.52241806675	750	58.50012160062816	0.0	386351	4957.2358233257955	0.75
8450.162260055871	750	59.860279611505185	0.0	434409	2639.8419891229805	0.75
8453.506485930668	750	59.60114948403649	0.0	337059	3259.130127468692	0.75
8458.017032424714	750	59.090602989990366	0.0	366214	4510.546494046126	0.75
8461.536131365448	750	59.57150404925581	0.0	360831	3519.0989407345555	0.75
8465.228001908688	750	59.87963350601708	0.0	372963	3691.870543238732	0.75
8469.117286002791	750	59.990349411914536	0.0	405596	3889.284094102542	0.75
8471.701888911777	750	59.616495867147485	0.0	350713	2373.853544767059	0.75
8474.413949938325	750	59.820340035981715	0.0	386472	1796.155831165766	0.75
8477.041774339266	750	59.794880433203396	0.0	399894	2025.459602778322	0.75
8479.212438458837	750	59.70073077249834	0.0	401853	1594.149660705061	0.75
8481.261774577497	750	59.66431994260177	0.0	343800	1536.4108298965652	0.75
8483.251426549044	750	59.6214566012087	0.0	359903	1542.8633413930706	0.75
8485.248034819979	750	59.54604678081936	0.0	379700	1575.4098203893475	0.75
8487.770222416597	750	59.95055220778362	0.0	425781	1595.494573035737	0.75
8490.082601171152	1200	59.67320934229626	0.0	487160	2277.342865487363	0.75
8494.035403652522	1200	59.66882604614559	0.0	622896	3004.383296150673	1.2
8497.26335671782	1200	59.924559106106614	0.0	641447	2744.2669400389727	1.2
8500.552359371257	1200	59.706900842017326	0.0	570392	2717.6582640892852	1.2
8503.410250152108	1200	59.758627646263875	0.0	620283	2448.2731957534497	1.2
8505.793581396005	1200	59.9672708168664	0.0	584349	2291.3568293974727	1.2
8511.053127041172	1200	58.70772517169913	0.0	670129	5259.5456451672735	1.2
8513.829055052996	1200	59.93179715987569	0.0	690253	2775.928011823437	1.2
8517.513598599615	1200	59.54324942231153	0.0	598727	2888.5477375641585	1.2
8519.642952742413	1200	59.81157025543859	0.0	487812	1731.6791668729477	1.2
8521.60774384912	1200	59.727512190048145	0.0	575591	1584.0580653904374	1.2
8524.087276546496	1200	59.87311236201902	0.0	605884	2354.399828029124	1.2
8526.642464013126	1200	59.608585063377	0.0	587506	2264.527298642017	1.2
8528.699291494428	1200	59.61500140672009	0.0	566904	1993.5836566569099	1.2
8531.431137491627	1200	59.98570032044263	0.0	641452	2129.301086277462	1.2
8533.430617073927	1200	59.98273298475327	0.0	599477	1502.967335689361	1.2
8536.203439750885	1200	59.54407776958016	0.0	634861	1938.6552151731003	1.2
8539.435625680122	1850	59.79956853585365	0.0	958994	2744.509233726518	1.2000000000000002
8542.923260453535	2850	59.99558949690278	0.0	1483527	3303.9790389508735	1.85
8546.917339081137	4300	59.7538780503321	0.0	1961140	3741.7114465706804	2.8499999999999996
8553.016617646485	4300	57.65459948498638	0.0	2155012	6099.27856534572	4.3
8554.243364983022	750	59.59304868990697	0.0	450283	1061.5507950794072	0.75
8555.49960750334	1200	59.502025700477155	0.0	611087	1091.0229894298154	0.75
8557.196934109828	1200	59.89697216267692	0.0	571051	1105.0535378002405	1.2
8559.40749807363	1200	59.51182671511918	0.0	617681	1385.145447557744	1.2
8561.806659741533	1850	59.9249551392908	0.0	996749	2086.871575828371	1.2000000000000002
8563.878940612864	1850	59.50045974966166	0.0	801058	1424.4953896291513	1.85
8565.550649171279	1850	59.93399821130673	0.0	905515	1566.4615383549212	1.85
8568.43126796516	1850	59.96531232439527	0.0	1060487	1968.6858869114608	1.85
8570.640769658248	1850	59.52102793133457	0.0	852833	1944.2843930607005	1.85
8572.50330388994	1850	59.65936946550387	0.0	913888	1861.6584658307006	1.85
8574.91788137792	1850	59.9060186044436	0.0	939819	1753.3508610602676	1.85
8577.68894109039	1850	59.55210206166927	0.0	917428	1853.9165427743392	1.85
8579.816079012071	1850	59.881604685676166	0.0	946851	1670.4973759931052	1.85
8582.02764194508	1850	59.959643492015935	0.0	1036454	1921.9611936602291	1.85
8583.941075528901	1850	59.84872756978065	0.0	821631	1610.9159222352919	1.85
8587.160424189819	1850	59.999812070113556	0.0	923170	2348.915499667094	1.85
8589.828560849199	1850	59.540960321048324	0.0	966699	2458.8517490652275	1.85
8592.03574627689	1850	59.99201006236116	0.0	885714	1548.9502586871704	1.85
8595.088822792448	1850	59.994589389083664	0.0	987708	2497.4206732774937	1.85
8597.89938570485	1850	59.52563585402282	0.0	923755	1968.953535060844	1.85
8601.351300801523	1850	59.91798299435804	0.0	891604	3107.6528596647863	1.85

