2572.964687407484	750	4.0	1.7374266910245146	450283	1737.4266910245146	-6.720934771405413
2573.9832582285503	300	6.981429178933505	0.0	155580	1018.5708210664952	-0.15000000000000002
2574.8909218409326	300	10.073765566551007	0.0	139857	907.6636123824981	0.3
2575.8159483525947	300	13.14873905488868	0.0	155432	925.0265116623259	0.3
2576.911416037833	300	16.053271369650513	0.0	163442	1095.4676852381676	0.3
2577.901651107449	300	19.063036300034426	0.0	126289	990.2350696160869	0.3
2578.7613661951154	300	22.203321212368323	0.0	153295	859.7150876661018	0.3
2579.6563491224647	300	25.308338285018756	0.0	173849	894.9829273495682	0.3
2580.3863067270827	300	28.578380680400848	0.0	150710	729.9576046179045	0.3
2581.0182512892875	300	31.946436118195685	0.0	139105	631.9445622051626	0.3
2581.6240177369637	300	35.340669670519986	0.0	141840	605.7664476756992	0.3
2582.267871055173	300	38.696816352310165	0.0	156148	643.85331820982	0.3
2583.541056863278	750	41.42363054420584	0.0	386351	1273.185808104325	0.3
2586.1733840014567	1200	42.791303406026834	0.0	687371	2632.327138179014	0.75
2588.029778902358	1200	44.93490850512553	0.0	526950	1856.3949009013081	1.2
2590.375299250604	1200	46.5893881568798	0.0	587876	2345.520348245719	1.2
2593.3902364209866	1200	47.574450986496856	0.0	617242	3014.937170382945	1.2
2596.448952583042	1200	48.51573482444166	0.0	581493	3058.7161620552006	1.2
2601.492264142633	1200	47.47242326485059	0.0	639204	5043.311559591062	1.2
2605.210380914404	1200	47.75430649307928	0.0	586839	3718.1167717713147	1.2
2608.311241172978	1200	48.65344623450493	0.0	601738	3100.8602585743447	1.2
2611.124263808342	1200	49.8404235991409	0.0	616206	2813.0226353640332	1.2
2614.090566153705	1200	50.874121253777815	0.0	656471	2966.3023453630876	1.2
2617.523929560724	1200	51.440757846759354	0.0	536667	3433.363407018456	1.2
2621.9890492080344	1200	50.97563819944899	0.0	587236	4465.119647310372	1.2
2625.0305725062503	1200	51.93411490123292	0.0	590335	3041.523298216068	1.2
2628.4871857593052	1200	52.47750164817831	0.0	696376	3456.6132530546092	1.2
2630.1868148854505	1200	54.77787252203285	0.0	487160	1699.629126145463	1.2
2632.018357049632	1200	56.94633035785141	0.0	622896	1831.5421641814391	1.2
2634.1566225198826	1200	58.80806488760082	0.0	641447	2138.2654702505884	1.2
2636.408255002953	1200	59.596929547777236	0.0	570392	2211.13533982358	1.2
2640.4424016041025	1200	59.562782946628026	0.0	620283	3534.146601149212	1.2
2643.2539570979325	1200	59.758827071911305	0.0	584349	2303.955874716718	1.2
2646.3381177338483	1200	59.91554656351014	0.0	670129	2843.2805084011666	1.2
2649.3303063965936	1200	59.989892295894506	0.0	690253	2925.6542676156378	1.2
2652.667508823055	1200	59.99955828022884	0.0	598727	2490.3340156656614	1.2
2655.7200177621894	1200	59.85023801605945	0.0	487812	2149.3202641693924	1.2
2658.6179178378056	1200	59.77388231573367	0.0	575591	2076.3557003257715	1.2
2661.929314094334	1200	59.97895637511488	0.0	605884	2794.925940618795	1.2
2664.642194026857	1200	59.94025156680822	0.0	587506	2538.7048083066647	1.2
2667.134806445091	1200	59.731032919799276	0.0	566904	2209.218647008942	1.2
2669.719753080999	1200	59.534256487458045	0.0	641452	2196.776432341233	1.2
2672.765837098603	1200	59.85529958043938	0.0	599477	2178.956907018662	1.2
2676.3149809414613	1200	59.718791214302534	0.0	634861	2636.508366136847	1.2
2681.322377171332	1850	58.711394984431706	0.0	958994	5007.39622987083	1.2000000000000002
2685.41851018032	1850	58.61526197544366	0.0	982064	4096.133008988044	1.85
2691.2084457517526	2850	56.825326404011236	0.0	1231456	5789.935571432426	1.85
2701.825018114082	2850	50.208754041682106	0.0	1364537	10616.572362329127	2.85
2706.2150781023815	750	49.818694053382615	0.0	450283	4390.0599882994975	0.75
2709.242867567188	750	50.79090458857589	0.0	398865	3027.789464806722	0.75
2710.9966873026815	750	53.0370848530826	0.0	350812	1753.8197354932902	0.75
2712.570784776494	750	55.462987379270324	0.0	382355	1574.0974738122748	0.75
2714.3242709492756	750	57.7095012064884	0.0	411561	1753.4861727819227	0.75
2715.8246238203415	750	59.89828751322357	0.0	318564	1311.2136932648248	0.75
2717.101042999898	750	59.799647512346006	0.0	352642	1098.6400008775654	0.75
2721.009493304869	1200	59.88381194919955	0.0	709534	2915.835563146455	0.75
2724.29627986591	1200	59.92622603959174	0.0	584846	2457.585909607809	1.2
2726.799232484432	1200	59.52935005604682	0.0	560821	2396.87598354492	1.2
2730.586780474405	1200	59.741802066074584	0.0	607410	3787.5479899722413	1.2
2738.1850750556578	1200	56.14350748482138	0.0	594078	7598.294581253204	1.2
2750.9777950673315	1200	47.350787473147875	0.0	624282	12792.720011673506	1.2
2755.397096599437	1200	46.931485941041686	0.0	687371	4419.301532106193	1.2
2757.9586780100576	1200	48.36990453042113	0.0	526950	2561.5814106205526	1.2
2760.5533892832354	1200	49.77519325724295	0.0	587876	2594.711273178189	1.2
2763.421706351411	1200	50.90687618906759	0.0	617242	2868.3170681753522	1.2
2766.3702470390185	1200	51.95833550146007	0.0	581493	2948.5406876075212	1.2
2769.2180111697962	1200	53.11057137068249	0.0	639204	2847.7641307775807	1.2
2771.5952334107396	1200	54.733349129739125	0.0	586839	2377.222240943366	1.2
2774.2073330831245	1200	56.121249457354615	0.0	601738	2612.0996723845105	1.2
2776.705311966638	1200	57.62327057384092	0.0	616206	2497.9788835136956	1.2
2779.4399745790606	1200	58.88860796141837	0.0	656471	2734.6626124225454	1.2
2782.2699693207514	1200	59.86951995537612	0.0	536667	2019.0880060422542	1.2
2785.3434540800363	1200	59.94273094355772	0.0	587236	2426.7890118183973	1.2
2788.2655409395466	1200	59.74953538753612	0.0	590335	2193.1955560216015	1.2
2791.7427424367615	1200	59.560380290672875	0.0	696376	2689.155096863242	1.2
2794.068732992003	1200	59.6269082132281	0.0	487160	1933.4720774447765	1.2
2796.37181316608	1200	59.866127365087706	0.0	622896	2260.7808481403913	1.2
2799.7408657169753	1200	59.90725075260858	0.0	641447	2458.8766124791196	1.2
2803.0113762259134	1200	59.55208346734746	0.0	570392	2355.167285261119	1.2
2806.5172228086512	1200	59.6318317878169	0.0	620283	2920.251679530567	1.2
2810.0498344352777	1200	59.602323426107446	0.0	584349	3529.5083617094488	1.2
2812.8012199703207	1200	59.93318229104454	0.0	670129	2169.1411350629046	1.2
2816.7857923797424	1850	59.94860988162299	0.0	1026056	3984.5724094215457	1.2000000000000002
2821.290676838626	1850	59.44372542273911	0.0	943942	4504.884458883882	1.85
2824.0124083423325	1200	59.953210305028456	0.0	487812	2490.5151177106504	0.5499999999999999
2826.764430966518	1200	59.837307185933895	0.0	575591	2615.903119094558	1.2
2829.094023705513	1200	59.64007056898174	0.0	605884	2197.2366169521533	1.2
2832.293806098949	1200	59.80685743328492	0.0	587506	2333.2131356968243	1.2
2835.1889974428427	1200	59.90704639020792	0.0	566904	2399.8110430770034	1.2
2838.1051341705866	1200	59.651168176744235	0.0	641452	2255.8782134636813	1.2
2840.737297930984	1200	59.540215553685876	0.0	599477	2110.9526230583556	1.2
2843.762683994049	1200	59.74212809082242	0.0	634861	1798.087462863456	1.2
2845.320211653489	1200	59.78251356120335	0.0	630203	1459.6145296190653	1.2
2849.9678514435923	2850	59.134873771100274	0.0	1483527	4647.639790103083	1.2000000000000002
2857.311057769902	4300	55.791667444790605	0.0	1961140	7343.206326309671	2.8499999999999996
2866.1764318437627	4300	50.926293370930054	0.0	2155012	8865.37407386055	4.3
2867.546638202215	750	53.55608701247794	0.0	450283	1370.2063584521172	0.75
2869.6277844334454	1200	55.47494078124739	0.0	611087	2081.146231230549	0.75
2871.4915629484085	1200	57.611162266284154	0.0	571051	1863.7785149632302	1.2
2873.300127233221	1200	59.80259798147179	0.0	617681	1808.5642848123596	1.2
2876.44009846551	1200	59.77452672010362	0.0	652874	2528.0712613681653	1.2
2878.8003822621845	1200	59.97983480722653	0.0	520315	2294.6919128770974	1.2
2880.4531711461364	1200	59.86023630714939	0.0	561791	1619.5985000771375	1.2
2883.493024223704	1200	59.52190496030277	0.0	709534	2838.3313468466213	1.2
2886.4397000910817	1200	59.84982789197497	0.0	584846	2172.0770683278024	1.2
2889.385160015044	1200	59.7188973295185	0.0	560821	2130.9305624564645	1.2
2892.053568468446	1200	59.67695778357057	0.0	607410	2041.9395459479265	1.2
2894.5684270344323	1200	59.67726295430449	0.0	594078	1999.6948292660845	1.2
2897.212772026177	1200	59.716672326791844	0.0	624282	2460.590627512651	1.2
2904.1649239049825	1200	56.764520447986385	0.0	687371	6952.151878805458	1.2
2907.1868162246124	1200	57.74262812835636	0.0	526950	3021.892319630021	1.2
2909.7911715603027	1200	59.13827279266596	0.0	587876	2604.3553356904013	1.2
2912.47184129565	1200	59.98901487417187	0.0	617242	2149.2579184940846	1.2
2917.1168688004495	1200	59.34398736937221	0.0	581493	4645.02750479966	1.2
2919.7556152271636	1200	59.87983381684121	0.0	639204	2464.153552530994	1.2
2922.9054215852852	1200	59.59122707487224	0.0	586839	2788.606741968971	1.2
2925.6538771976807	1200	59.59759907675062	0.0	601738	2493.627998121628	1.2
2929.1667824056412	1200	59.88356027990712	0.0	616206	2714.0387968434957	1.2
2936.9586291808077	1200	56.091713504740675	0.0	656471	7791.846775166442	1.2
2947.9411918336095	1200	49.10915085193865	0.0	536667	10982.56265280203	1.2
2951.4901054770994	750	49.560237208448875	0.0	359903	3548.9136434897773	0.3
2954.639154358393	750	50.411188327155024	0.0	379700	3149.0488812938524	0.75
2959.210019010592	750	49.840323674955755	0.0	425781	4570.864652199268	0.75
2961.751803034767	750	51.29853965078118	0.0	277716	2541.784024174576	0.75
2964.535401740545	750	52.51494094500332	0.0	400396	2783.5987057778634	0.75
2967.4337238262956	750	53.61661885925236	0.0	400508	2898.322085750957	0.75
2970.3259270611848	750	54.724415624363196	0.0	358218	2892.2032348891644	0.75
2973.059946957827	750	55.990395727720724	0.0	400322	2734.019896642474	0.75
2975.6369870658177	750	57.413355619730325	0.0	369834	2577.0401079903936	0.75
2979.5004904623233	750	57.54985222322505	0.0	412837	3863.50339650527	0.75
2982.3731168056606	750	58.67722587988747	0.0	401088	2872.62634333758	0.75
2985.6366575998695	750	59.41368508567831	0.0	365161	3263.5407942091647	0.75
2988.6921973036056	750	59.87178603648324	0.0	321064	2541.899049195069	0.75
2991.8098099793287	750	59.51930002589236	0.0	361565	2352.4860105908783	0.75
2995.073358435082	750	59.71008913058198	0.0	378327	2809.210895310391	0.75
2998.818950326858	750	59.96449723880589	0.0	390680	3245.591891776086	0.75
3001.747677133315	750	59.60459856168677	0.0	345516	2859.8986771191185	0.75
3005.7800803794926	750	59.5721953155091	0.0	384505	3532.4032461776724	0.75
3009.3351088749982	750	59.649296755514165	0.0	372093	2922.8985599949333	0.75
3012.572170194657	750	59.786831063439905	0.0	438281	2862.4656920742646	0.75
3015.0099235054895	750	59.700252221815425	0.0	398987	2086.578841624477	0.75
3017.915711311695	750	59.59794555331756	0.0	393804	2602.306668497868	0.75
3022.67919128179	1850	58.83446558322242	0.0	830730	4763.479970095138	0.75
3027.5233197939956	2850	57.99033707101683	0.0	1364537	4844.128512205587	1.85
3029.369115368181	750	59.97148409392788	0.0	450283	1518.8529770889484	0.75
3031.450748836617	1200	59.749138658258424	0.0	611087	1722.3454356694563	0.75
3033.697688773208	1200	59.71481270634616	0.0	571051	2034.325951912263	1.2
3036.9211617873784	1200	59.64538319159985	0.0	617681	3069.4295147463095	1.2
3044.0880178580906	1200	56.47852712088789	0.0	652874	7166.856070711954	1.2
3047.934516708359	1200	56.632028270619514	0.0	520315	3846.4988502683746	1.2
3051.241850707752	1200	57.3246942712263	0.0	561791	3307.333999393217	1.2
3055.9573700909473	1200	56.60917488803049	0.0	709534	4715.519383195808	1.2
3061.2283114175248	750	55.33823356145332	0.0	374758	5270.941326577168	0.3
3063.827737292269	750	56.73880768670919	0.0	362795	2599.425874744133	0.75
3066.3566951763423	750	58.20984980263543	0.0	353220	2528.9578840737536	0.75
3069.676157953145	750	58.890387025833064	0.0	405134	3319.4627768023706	0.75
3073.7133996696534	750	58.8531453093246	0.0	386351	4037.2417165084626	0.75
3076.116691793287	750	59.89113993835781	0.0	434409	1962.0053709667939	0.75
3078.2364688846096	750	59.73239476902957	0.0	337059	1658.7451693282437	0.75
3080.1549480826075	750	59.56867113102831	0.0	366214	1663.723638001256	0.75
3082.9711174058507	750	59.99646424940469	0.0	360831	2072.2068816236306	0.75
3085.2701270362295	750	59.64894065502514	0.0	372963	1347.523594379542	0.75
3088.19880221068	1200	59.540346085799975	0.0	639204	2108.5945692251667	0.75
3091.708868816101	1200	59.6108530857016	0.0	586839	2929.493000098371	1.2
3094.8120824427583	1200	59.9840330750345	0.0	601738	2126.8200106670965	1.2
3096.44437966977	1200	59.59108126952368	0.0	616206	1392.9518055108272	1.2
3100.1683786523417	1200	59.86708228695233	0.0	656471	3723.9989825713405	1.2
3105.5063489016297	1200	58.529112037664056	0.0	536667	5337.970249288279	1.2
3111.046818501727	1200	56.98864243756659	0.0	587236	5540.469600097467	1.2
3117.469731051777	1200	54.56572988751673	0.0	590335	6422.912550049857	1.2
3121.941709710868	750	54.09375122842555	0.0	425781	4471.978659091182	0.3
3123.9844907309475	750	56.050970208346406	0.0	277716	2042.781020079144	0.75
3127.3269996993276	750	56.70846123996631	0.0	400396	3342.5089683800957	0.75
3131.189168969107	750	56.84629197018697	0.0	400508	3862.1692697793424	0.75
3137.0299306583374	750	55.005530280956286	0.0	358218	5840.761689230684	0.75
3144.9728804278716	750	51.06258051142249	0.0	400322	7942.949769533801	0.75
3149.6558384203568	750	50.37962251893725	0.0	369834	4682.957992485231	0.75
3154.5913352704283	750	49.444125668865716	0.0	412837	4935.496850071543	0.75
3161.5279484136368	750	46.50751252565728	0.0	401088	6936.613143208429	0.75
3165.678322108722	300	46.35713883057161	0.0	159914	4150.373695085675	-0.15000000000000002
3168.15283111398	300	47.88262982531388	0.0	131610	2474.509005257738	0.3
3170.025187719457	300	50.010273219837025	0.0	124011	1872.3566054768544	0.3
3171.5202417818177	300	52.515219157476245	0.0	144254	1495.0540623607708	0.3
3173.4024156633673	300	54.63304527592675	0.0	149991	1882.173881549495	0.3
3174.921119908925	300	57.11434103036868	0.0	147968	1518.7042455580715	0.3
3176.3407626346175	300	59.694698304676535	0.0	161857	1419.6427256921374	0.3
3177.6205585792895	300	59.922164525514454	0.0	145210	1272.5337791620843	0.3
3179.958219937299	300	59.65646492926456	0.0	172312	2265.699596249899	0.3
3185.5849389981017	750	58.0297458684615	0.0	398987	5626.71906080306	0.3
3190.944158941678	750	56.670525924885254	0.0	393804	5359.219943576248	0.75
3196.221439759899	1200	55.39324510666398	0.0	538612	5277.280818221269	0.75
3205.507167739539	2850	50.107517127023804	0.0	1364537	9285.727979640176	1.2000000000000002
3208.38012231779	750	51.23456254877265	0.0	450283	2872.954578251155	0.75
3212.3630262161787	750	51.25165865038427	0.0	398865	3982.9038983883825	0.75
3215.6742578374674	750	51.94042702909563	0.0	350812	3311.2316212886335	0.75
3219.4693878896246	750	52.14529697693861	0.0	382355	3795.1300521570247	0.75
3224.873450655392	750	50.74123421117136	0.0	411561	5404.062765767249	0.75
3226.955278973583	750	52.659405892979905	0.0	318564	2081.828318191452	0.75
3228.9694628605303	750	54.64522200603282	0.0	352642	2014.1838869470907	0.75
3231.112574232857	750	56.50211063370618	0.0	437162	2143.111372326637	0.75
3232.9668923508716	750	58.64779251569154	0.0	374758	1854.3181180146335	0.75
3234.7974342685648	750	59.84433864451117	0.0	362795	1303.4538711803782	0.75
3237.0508270427686	750	59.94618628066582	0.0	353220	1398.1523638453514	0.75
3239.3705589064266	1200	59.66744055401616	0.0	594078	2278.7457266496563	0.75
3241.8154485379196	1200	59.58098880677383	0.0	624282	1586.4517472423304	1.2
3244.8293602701583	1200	59.94775188277969	0.0	687371	2633.2369239941418	1.2
3248.3435546539113	1200	59.5764920950254	0.0	526950	2871.259787754285	1.2
3253.7565011507772	1200	58.16354559815957	0.0	587876	5412.946496865827	1.2
3257.2311209049094	1200	58.688925844027054	0.0	617242	3474.6197541325164	1.2

