132331.5984202602	750	4.0	2.7466765770630146	450283	2746.6765770630145	-11.060709281370963
132332.9586431433	300	6.639777116905003	0.0	155580	1360.222883094997	-0.15000000000000002
132334.12913342565	300	9.4692868345546	0.0	139857	1170.4902823504037	0.3
132335.39267064747	300	12.205749612724821	0.0	155432	1263.537221829778	0.3
132336.67797645135	300	14.92044380887056	0.0	163442	1285.3058038542597	0.3
132337.58706559005	300	18.011354670147604	0.0	126289	909.0891387229562	0.3
132338.71134586525	300	20.887074394966195	0.0	153295	1124.2802751814093	0.3
132339.93678259233	300	23.661637667895157	0.0	173849	1225.4367270710404	0.3
132340.89936028628	300	26.699059973944586	0.0	150710	962.5776939505691	0.3
132341.88261452102	300	29.715805739180222	0.0	139105	983.2542347643666	0.3
132343.10233944643	300	32.49608081377949	0.0	141840	1219.7249254007286	0.3
132344.26205164866	300	35.33636861152649	0.0	156148	1159.7122022530086	0.3
132345.3856583527	300	38.21276190752167	0.0	160746	1123.6067040048251	0.3
132346.8517518719	300	40.746668388302865	0.0	179801	1466.0935192187942	0.3
132347.8302176883	300	43.768202571931646	0.0	140051	978.465816371226	0.3
132348.78802207744	300	46.81039818277726	0.0	138313	957.8043891543748	0.3
132349.99176328682	300	49.60665697340338	0.0	143509	1203.7412093738785	0.3
132351.2408172114	300	52.35760304882049	0.0	150616	1249.053924582889	0.3
132352.3299646603	300	55.268455599893905	0.0	165384	1089.1474489265856	0.3
132353.52050635437	300	58.07791390584341	0.0	140881	1190.5416940504958	0.3
132355.6399210218	300	59.958499238398666	0.0	157671	1119.4146674447425	0.3
132357.53832432834	300	59.73438625445728	0.0	157812	1224.112983941392	0.3
132358.933811241	300	59.978787959423066	0.0	163927	1255.598295034209	0.3
132360.9004327385	300	59.505921519496184	0.0	137654	1472.8664399268798	0.3
132363.10765936718	300	59.80868573393884	0.0	146754	1197.2357855573464	0.3
132364.99241054617	300	59.581305566009895	0.0	153938	1227.3801679289395	0.3
132366.97656808214	300	59.847912303555525	0.0	181901	1733.3932624543763	0.3
132369.34823746418	300	59.71245974927755	0.0	111155	1135.4525542779743	0.3
132371.69918103705	300	59.68009637673763	0.0	153605	2032.3633725399222	0.3
132374.3986890253	300	59.8951324827738	0.0	149029	1784.9638939638257	0.3
132376.5763481102	300	59.69857498747882	0.0	157421	1196.557495294981	0.3
132378.5692189772	300	59.607190348764476	0.0	157488	1091.3846387143462	0.3
132380.15679812318	300	59.92964388993349	0.0	143881	1177.5464588309815	0.3
132382.55881832555	300	59.97865013231595	0.0	163444	1450.9937576175435	0.3
132384.75512865078	300	59.66600819206048	0.0	179328	1312.6419402554661	0.3
132386.18161828615	300	59.91909756687112	0.0	159914	1246.9106251893502	0.3
132387.4192189488	300	59.58558674064691	0.0	131610	833.5108262242117	0.3
132389.33235114758	300	59.67556555947684	0.0	124011	910.0211811700691	0.3
132392.7348113612	750	59.92139096144117	0.0	378327	2754.174598035675	0.3
132396.21607721763	750	59.609900841049836	0.0	390680	2811.49012039133	0.75
132399.66354428628	750	59.53105517473886	0.0	345516	3078.8456663109764	0.75
132403.37423540535	750	59.82036405566562	0.0	384505	3710.691119073232	0.75
132407.71935776089	750	59.475241700128215	0.0	372093	4345.122355537409	0.75
132412.30112829054	750	58.893471170477696	0.0	438281	4581.770529650525	0.75
132415.4216527648	750	59.77294669620854	0.0	398987	3120.524474269152	0.75
132419.52315761108	750	59.6714418499142	0.0	393804	3601.504846294336	0.75
132423.7144198207	1200	59.48017964032199	0.0	538612	4191.262209592215	0.75
132436.12501904654	2850	51.06958041445982	0.0	1364537	12410.599225862168	1.2000000000000002
132439.83047957544	750	51.364119885562204	0.0	450283	3705.4605288976136	0.75
132443.30629144885	750	51.88830801214897	0.0	398865	3475.8118734132395	0.75
132449.51554774368	750	49.67905171732191	0.0	350812	6209.256294827055	0.75
132456.81263931416	750	46.381960146834174	0.0	382355	7297.091570487744	0.75
132458.53923389764	300	48.65536556336967	0.0	163442	1726.5945834645038	-0.15000000000000002
132459.8619117162	300	51.33268774479987	0.0	126289	1322.677818569801	0.3
132461.17265033344	300	54.02194912755775	0.0	153295	1310.7386172421268	0.3
132462.90812848954	300	56.286470971466784	0.0	173849	1735.4781560909623	0.3
132464.25700054274	300	58.937598918267916	0.0	150710	1348.8720531988665	0.3
132466.40745979227	300	59.72890812289056	0.0	139105	1208.6907953773612	0.3
132468.2239524701	300	59.926546011069185	0.0	141840	1302.362111821369	0.3
132470.49399326716	300	59.71859089554057	0.0	156148	1707.9551155286129	0.3
132472.15154842215	300	59.665856158814236	0.0	160746	1552.7347367263426	0.3
132474.16873680512	300	59.81467217645061	0.0	179801	1351.1839823636249	0.3
132475.90296161646	300	59.96006197108012	0.0	140051	1354.6102053704783	0.3
132477.75295948092	300	59.60587034184521	0.0	138313	1354.1916292349106	0.3
132480.10606204122	300	59.61722217929978	0.0	143509	1988.6481625454355	0.3
132487.42681142557	750	56.296472794957005	0.0	372963	7320.74938434277	0.3
132493.99729328637	750	53.725990934134884	0.0	405596	6570.481860822126	0.75
132496.10456710923	300	55.61871711128414	0.0	140881	2107.2738228507415	-0.15000000000000002
132498.09628349717	300	57.62700072333507	0.0	157671	1991.71638794907	0.3
132500.0779454314	300	59.645338789112486	0.0	157812	1981.6619342225802	0.3
132503.25192112898	300	59.685519834294894	0.0	163927	2959.818954817595	0.3
132505.95320845133	300	59.80795454450319	0.0	137654	1877.5652897917014	0.3
132508.495359564	300	59.55324000445702	0.0	146754	1754.7145400461775	0.3
132510.5631644191	300	59.86355586320937	0.0	153938	1689.684141247651	0.3
132513.8049945665	300	59.53670114643375	0.0	181901	2326.8547167756165	0.3
132516.16387044828	300	59.540250920858654	0.0	111155	1996.4502255750956	0.3
132519.39408691681	300	59.97135551469396	0.0	153605	2568.895406164697	0.3
132522.34173550585	300	59.88319175135997	0.0	149029	2588.1637633339833	0.3
132525.22640889685	300	59.575597468703386	0.0	157421	2807.5942826565843	0.3
132528.80355771745	300	59.51556261258962	0.0	157488	2560.0348561137725	0.3
132531.70862505442	300	59.55158592633202	0.0	143881	2463.9766862576016	0.3
132535.06667550237	300	59.748106027727836	0.0	163444	3303.4798986041797	0.3
132540.94116858955	300	57.87361294057232	0.0	179328	5874.493087155521	0.3
132544.37962981113	300	58.435151718986035	0.0	159914	3438.4612215862835	0.3
132547.41242830042	300	59.40235322969528	0.0	131610	3032.7984892907534	0.3
132551.01339700675	300	59.80138452334108	0.0	124011	3600.9687063542005	0.3
132555.18061885436	300	59.634162675760116	0.0	144254	3667.221847580957	0.3
132557.57821779195	300	59.55462015760113	0.0	149991	2079.54251815899	0.3
132561.4061724042	300	59.72666554535611	0.0	147968	2827.9546122450215	0.3
132564.9164135519	300	59.56955048737132	0.0	161857	2657.1150579847913	0.3
132568.64186940462	300	59.50838560584274	0.0	145210	3061.164881528583	0.3
132572.1137611165	300	59.76508523552193	0.0	172312	3243.300370320812	0.3
132576.01919468853	300	59.85965166347006	0.0	167025	3405.433572051872	0.3
132579.8426916057	300	59.54441566167572	0.0	160064	3815.2360017943374	0.3
132583.09766656195	300	59.87055864125416	0.0	137507	2673.8570204215584	0.3
132586.1740283336	750	59.91893672333956	0.0	314107	2951.6219179146033	0.3
132591.37051713286	750	58.7224479240617	0.0	450283	5196.488799277859	0.75
132594.144038928	300	59.60680135299519	0.0	155580	2615.646571066507	-0.15000000000000002
132597.79399872976	300	59.956841551227264	0.0	139857	3149.9598017679295	0.3
132605.03516397392	300	56.715676307070524	0.0	155432	7241.165244156733	0.3
132613.0097773494	300	52.74106293160198	0.0	163442	7974.613375468546	0.3
132617.23869740582	300	52.51214287517974	0.0	126289	4228.920056422244	0.3
132622.84071137072	300	50.910128910272256	0.0	153295	5602.013964907485	0.3
132629.85665707494	300	47.89418320607162	0.0	173849	7015.945704200637	0.3
132633.45558912164	300	48.295251159354514	0.0	150710	3598.9320467171055	0.3
132636.45283734798	300	49.29800293300755	0.0	139105	2997.2482263469556	0.3
132640.03245827023	300	49.71838201076991	0.0	141840	3579.6209222376465	0.3
132642.28752720365	300	51.46331307735638	0.0	156148	2255.0689334135272	0.3
132644.72471817385	300	53.02612210714077	0.0	160746	2437.190970215613	0.3
132647.30526464243	300	54.44557563854887	0.0	179801	2580.5464685919055	0.3
132649.40706542827	300	56.34377485271465	0.0	140051	2101.800785834207	0.3
132650.98953975385	300	58.76130052713281	0.0	138313	1582.4743255818466	0.3
132652.90796697905	300	59.7192749395013	0.0	143509	1542.0255876315155	0.3
132655.27391393846	300	59.90450227857215	0.0	150616	2314.7726609291444	0.3
132660.59052380454	300	58.587892412517874	0.0	165384	5316.609866054277	0.3
132662.56160922762	300	59.94574178325223	0.0	140881	1642.1506292656445	0.3
132664.4292005065	300	59.52691354071295	0.0	157671	1418.8282425392867	0.3
132666.91713915477	300	59.89732573474951	0.0	157812	1629.5878059634358	0.3
132669.16747786582	300	59.55583180038047	0.0	163927	1341.4939343690442	0.3
132670.68874675155	300	59.77011974585181	0.0	137654	1285.7120545286573	0.3
132672.19099720506	300	59.58677293470134	0.0	146754	1183.346811150473	0.3
132674.49043788863	300	59.9715044140974	0.0	153938	1615.2685206039314	0.3
132676.74209793148	300	59.640260474167526	0.0	181901	1331.243939929885	0.3
132678.14298950022	300	59.737522741240085	0.0	111155	902.737732927442	0.3
132679.54482565224	300	59.63568158314435	0.0	153605	1101.84115809574	0.3
132680.62736078526	300	59.5889115135931	0.0	149029	1046.770069551249	0.3
132682.14407532618	300	59.94393677486844	0.0	157421	1144.9747387246618	0.3
132683.9477007973	300	59.587993940417306	0.0	157488	1355.9428344511293	0.3
132686.39789312074	300	59.97123909701942	0.0	143881	1616.7548433978914	0.3
132688.8332577012	300	59.83577554680898	0.0	163444	1635.463550210433	0.3
132690.8399753702	300	59.62236722743165	0.0	179328	1213.408319377326	0.3
132692.5592241818	300	59.80939749645573	0.0	159914	1312.9697309759276	0.3
132693.80788443724	300	59.71820690904067	0.0	131610	1091.1905874150586	0.3
132695.68297296038	300	59.80939748147971	0.0	124011	908.8094275609625	0.3
132697.6298634565	300	59.694091781213416	0.0	144254	1115.3057002662872	0.3
132699.3102184863	300	59.878206664235094	0.0	149991	1315.8851169783245	0.3
132700.58496667005	300	59.760067528776226	0.0	147968	1118.1391354588613	0.3
132701.84600477543	300	59.562353000246105	0.0	161857	1197.7145285301237	0.3
132703.2063811773	300	59.96382658770914	0.0	145210	1098.5264125369663	0.3
132705.08770892656	300	59.634587707755394	0.0	172312	1829.2388799537468	0.3
132711.19362640803	750	57.52867022627216	0.0	398987	6105.917481483237	0.3
132715.6369662121	750	57.08533042222272	0.0	393804	4443.339804049447	0.75
132723.80617216736	1200	52.91612446696956	0.0	538612	8169.205955253153	0.75
132733.86092344907	1850	46.861373185241185	0.0	846370	10054.75128172838	1.2000000000000002
132740.45248191993	750	44.26981471438913	0.0	450283	6591.558470852059	0.75
132741.85568249138	300	46.86661414293271	0.0	155580	1403.2005714564136	-0.15000000000000002
132744.25117628797	300	48.471120346335994	0.0	139857	2395.4937965967215	0.3
132745.82111528915	300	50.90118134517243	0.0	155432	1569.9390011635653	0.3
132747.69670846153	300	53.02558817276764	0.0	163442	1875.5931724047941	0.3
132749.1432200741	300	55.57907656020335	0.0	126289	1446.511612564292	0.3
132752.2876425369	300	56.43465409742964	0.0	153295	3144.4224627737067	0.3
132754.66245810536	300	58.05983852893634	0.0	173849	2374.815568493307	0.3
132758.560201578	300	58.162095056326784	0.0	150710	3897.74347260955	0.3
132761.36191603277	300	59.36038060153341	0.0	139105	2801.7144547933776	0.3
132764.28574061565	300	59.737116297857824	0.0	141840	2123.264303675584	0.3
132767.60176838745	300	59.6443825515537	0.0	156148	2592.7337463041276	0.3
132770.1620646917	300	59.90588141217584	0.0	160746	2238.501139377852	0.3
132773.4308794193	300	59.8673716308313	0.0	179801	3038.5097813445414	0.3
132777.51712401843	300	59.7811270317033	0.0	140051	4086.2445991280047	0.3
132781.93452596533	300	59.36372508479062	0.0	138313	4417.401946912676	0.3
132785.57421772342	300	59.72403332671476	0.0	143509	3639.6917580758677	0.3
132787.77011470267	300	59.837906462262346	0.0	150616	1886.1268644524064	0.3
132789.74699880157	300	59.86934947021983	0.0	165384	968.5569920425168	0.3
132791.47195237505	300	59.83103623689912	0.0	140881	1038.3132333207045	0.3
132793.12108410132	300	59.68829054383423	0.0	157671	1142.7456930648996	0.3
132794.39310137625	300	59.7014749229894	0.0	157812	986.8156208448243	0.3
132796.51345331752	300	59.98489977938919	0.0	163927	1216.5751436002117	0.3
132799.9825306737	750	59.55224950013167	0.0	343800	2932.6502792575225	0.3
132802.98563468194	750	59.57841103447399	0.0	359903	2973.8384656576814	0.75
132806.17959475587	750	59.60656376880241	0.0	379700	2471.8472656715803	0.75
132809.23217970395	750	59.68132769889418	0.0	425781	2925.2360699082287	0.75
132811.5973366192	750	59.94692368036009	0.0	277716	1734.404018534096	0.75
132814.8162007509	750	59.698368062853824	0.0	400396	2748.5556175062684	0.75
132818.23582087117	750	59.66271225982412	0.0	400508	3035.655803029701	0.75
132821.8072400974	750	59.95498480531414	0.0	358218	2707.727454509978	0.75
132825.54876915246	750	59.81056616366925	0.0	400322	3144.418641644886	0.75
132828.62716398132	750	59.91042395593377	0.0	369834	2900.142207735477	0.75
132831.98728902536	750	59.66948774447682	0.0	412837	3240.936211456952	0.75
132835.34533757847	750	59.95955788421086	0.0	401088	2709.9298602659646	0.75
132838.31346589464	750	59.90505307255009	0.0	365161	2554.50481166077	0.75
132841.2286105259	750	59.58929250917669	0.0	321064	2315.7605633733965	0.75
132844.04246446045	750	59.55705757584222	0.0	361565	2532.2349333344664	0.75
132846.60991611282	750	59.52464125027554	0.0	378327	2532.41632556668	0.75
132849.983802668	750	59.9992156360814	0.0	390680	3025.425614194134	0.75
132852.62872992174	750	59.91698247970616	0.0	345516	2582.2331563752427	0.75
132856.89987134823	750	59.64584105319533	0.0	384505	3771.1414265108224	0.75
132867.92539772828	750	52.620314673157665	0.0	372093	11025.52638003767	0.75
132875.14182356617	750	49.40388883525691	0.0	438281	7216.4258379007615	0.75
132877.59109069573	300	50.95462170569244	0.0	167025	2449.26712956447	-0.15000000000000002
132879.97637150524	300	52.56934089620633	0.0	160064	2385.28080948611	0.3
132883.33207515438	300	53.213637247048176	0.0	137507	3355.703649158151	0.3
132894.00524646346	750	46.540465937970694	0.0	314107	10673.171309077477	0.3
132899.96271901924	750	44.5829933822059	0.0	450283	5957.472555764797	0.75
132905.7499348606	300	42.795777540870745	0.0	155580	5787.215841335152	-0.15000000000000002
132912.43341755596	300	40.112294845495896	0.0	139857	6683.482695374846	0.3
132916.45612067936	300	40.08959172210161	0.0	155432	4022.7031233942885	0.3
132920.9395888601	300	39.60612354133715	0.0	163442	4483.468180764463	0.3
132926.23444718478	300	38.31126521667189	0.0	126289	5294.858324665255	0.3
132927.82229793142	300	40.72341447003	0.0	153295	1587.8507466418876	0.3
132928.93397974115	300	43.61173266029404	0.0	173849	1111.6818097359624	0.3
132929.89918065042	300	46.6465317510278	0.0	150710	965.2009092662345	0.3
132930.76433000903	300	49.78138239242728	0.0	139105	865.1493586005251	0.3
132931.59180414004	300	52.95390826143112	0.0	141840	827.4741309961609	0.3
132932.42144373478	300	56.124268666667376	0.0	156148	829.6395947637395	0.3
132934.39679617056	750	58.14891623088545	0.0	386351	1975.3524357819233	0.3
132936.87797322354	750	59.65420787749018	0.0	434409	1994.7083533952664	0.75
132939.76156366096	750	59.72064700857558	0.0	337059	1933.5608689146	0.75
132942.57479574185	750	59.61954575238068	0.0	366214	2101.101256194892	0.75
132944.58743932267	750	59.80928937430949	0.0	360831	1810.2563780711914	0.75
132948.24776656507	750	59.96031935449588	0.0	372963	2848.970019813613	0.75
132951.86074985145	750	59.90950632258064	0.0	405596	3050.8130319152374	0.75
132954.7447671574	750	59.618582796856124	0.0	350713	2290.9235257245164	0.75
132958.22383314243	750	59.620596694427654	0.0	386472	2997.9861024284664	0.75
132961.96364958034	750	59.88078025652944	0.0	399894	3739.8164378982124	0.75
132965.02657663857	750	59.850264887680375	0.0	401853	3030.5153688490664	0.75
132968.54378359322	750	59.9918672550437	0.0	343800	2858.3976326366696	0.75
132970.87697109842	750	59.74017816346263	0.0	359903	1751.6890915810752	0.75
132972.79541753954	750	59.86120414969912	0.0	379700	1878.9740137635076	0.75
132975.8444722202	750	59.73191302305518	0.0	425781	2129.2911266439496	0.75
132978.22210679602	750	59.69847751215618	0.0	277716	1533.4355108989892	0.75
132980.91723930437	750	59.637510790430014	0.0	400396	2060.966721726164	0.75
132983.94214151634	1200	59.71214257776691	0.0	641447	2925.368212663104	0.75
132987.62214161525	1200	59.54090952795348	0.0	570392	2671.2330498134315	1.2
132991.0931100731	1200	59.880808823589774	0.0	620283	3160.100704363711	1.2
132994.05163748775	1200	59.55247899300519	0.0	584349	2828.3298305845915	1.2
132997.90139183466	1200	59.702724646094914	0.0	670129	3349.7543469102675	1.2
133000.99029742103	1200	59.982747818382165	0.0	690253	2719.9768277127528	1.2
133004.32635638444	1200	59.584682716026386	0.0	598727	2898.065102355783	1.2
133007.88965219	1200	59.626031743745834	0.0	487812	3458.6509722805513	1.2
133011.6769213503	1200	59.83876258347397	0.0	575591	3787.2691602718646	1.2
133015.92075789662	1200	59.59492603714882	0.0	605884	3743.8365463251534	1.2
133020.79408169302	1200	58.721602240748524	0.0	587506	4873.323796400296	1.2
133025.89002368608	1200	57.6256602477101	0.0	566904	5095.941993038417	1.2
133031.67370019775	1200	55.84198373603301	0.0	641452	5783.676511677099	1.2
133037.77580107102	1200	53.73988286273987	0.0	599477	6102.100873293138	1.2
133041.42995906618	750	54.08572486758972	0.0	438281	3654.157995150147	0.3
133044.39876755147	750	55.11691638231018	0.0	398987	2968.8084852795455	0.75
133047.08829829586	750	56.427385637909104	0.0	393804	2689.5307444010764	0.75
133051.52823651236	1200	55.987447421432414	0.0	538612	4439.938216476689	0.75
133066.95745160643	2850	44.55823232733812	0.0	1364537	15429.215094094296	1.2000000000000002
133070.9431477356	750	44.57253619816744	0.0	450283	3985.696129170678	0.75
133073.87883600043	750	45.636847933354154	0.0	398865	2935.688264813291	0.75
133075.94269997478	750	47.57298395898905	0.0	350812	2063.863974365104	0.75
133079.08401796772	750	48.43166596605959	0.0	382355	3141.3179929294597	0.75
133082.40360714638	750	49.11207678741003	0.0	411561	3319.589178649553	0.75
133085.2317914031	750	50.283892530697706	0.0	318564	2828.1842567123294	0.75
133088.33333850768	750	51.18234542609621	0.0	352642	3101.547104601496	0.75
133093.843217609	750	49.672466324755035	0.0	437162	5509.879101341172	0.75
133097.73749794188	750	49.7781859918975	0.0	374758	3894.280332857533	0.75
133100.67004347607	750	50.845640457719114	0.0	362795	2932.5455341783863	0.75
133105.13596733622	750	50.379716597549546	0.0	353220	4465.923860169571	0.75
133109.49384456672	750	50.02183936706065	0.0	405134	4357.877230488889	0.75
133115.23468153135	750	48.281002402445	0.0	386351	5740.836964615657	0.75
133118.18029932986	750	49.33538460391989	0.0	434409	2945.6177985251043	0.75
133120.9244429607	750	50.591240973073205	0.0	337059	2744.1436308466896	0.75
133123.79729892884	750	51.71838500494656	0.0	366214	2872.855968126644	0.75
133125.72759600333	750	53.78808793045139	0.0	360831	1930.2970744951779	0.75
133128.04905130834	750	55.46663262545486	0.0	372963	2321.455304996534	0.75
133130.615816579	750	56.899867354797095	0.0	405596	2566.765270657758	0.75
133132.7998553177	750	58.71582861609912	0.0	350713	2184.038738697981	0.75
133135.79402100522	750	59.61866975281434	0.0	386472	2597.1588632847756	0.75
133139.60798230275	750	59.80470845528558	0.0	399894	3313.961297528759	0.75
133142.47392292228	750	59.51172220642064	0.0	401853	2792.9862488649374	0.75
133145.46110210402	750	59.66960980086535	0.0	343800	2342.1124055552928	0.75
133148.86903040909	750	59.91867903643322	0.0	359903	3250.930764432131	0.75
133152.83410029195	750	59.95360915357529	0.0	379700	2965.0698828579284	0.75
133157.08481545973	750	59.70289398576871	0.0	425781	3250.7151678065848	0.75
133159.93214343113	750	59.66612129572566	0.0	277716	2036.772690043053	0.75
133163.6774598152	750	59.920804911667155	0.0	400396	3745.3163840585044	0.75
133169.79060595133	750	57.80765877551492	0.0	400508	6113.1461361522315	0.75
133172.52102936985	750	59.07723535699	0.0	358218	2730.423418524923	0.75
133175.72618170327	750	59.8720830235681	0.0	400322	3205.152333421905	0.75
133180.00204984756	750	59.59621487928771	0.0	369834	4275.868144280392	0.75
133184.3938192808	750	59.20444544602926	0.0	412837	4391.769433258442	0.75
133189.94377998114	750	57.65448474571571	0.0	401088	5549.960700313549	0.75
133192.89365522694	750	58.7046094999058	0.0	365161	2949.875245809921	0.75
133196.00417699857	750	59.59408772828724	0.0	321064	2610.521771618559	0.75
133199.66437086582	750	59.9338938610388	0.0	361565	3160.1938672484357	0.75
133204.6659061204	750	58.9323586064413	0.0	378327	5001.535254597507	0.75
133209.63590652886	750	57.9623581979949	0.0	390680	4970.000408446396	0.75
133213.55776423478	750	58.040500492070116	0.0	345516	3921.8577059247814	0.75
133216.62403522877	750	58.97422949809686	0.0	384505	3066.270993973263	0.75
133219.46276375712	750	59.689588773394924	0.0	372093	2784.6407247019415	0.75
133223.2938955614	750	59.85845696914205	0.0	438281	3331.1318042528696	0.75
133226.81133283608	750	59.52434813575	0.0	398987	2834.10883339204	0.75
133230.17170788674	750	59.85082483108597	0.0	393804	3173.5233046640355	0.75
133235.64071358313	1200	58.381819134702816	0.0	538612	5469.005696383156	0.75
133248.96521773172	2850	49.057314986086	0.0	1364537	13324.504148616823	1.2000000000000002
133252.3732055312	750	49.6493271866047	0.0	450283	3407.9877994813028	0.75
133256.1185173141	750	49.90401540368955	0.0	398865	3745.3117829151493	0.75
133259.00499646142	750	51.01753625638784	0.0	350812	2886.4791473016994	0.75
133261.73430221382	750	52.288230503981765	0.0	382355	2729.3057524060787	0.75
133264.64900429358	750	53.373528424234024	0.0	411561	2914.7020797477367	0.75
133267.1092097946	750	54.913322923219134	0.0	318564	2460.2055010148924	0.75
133269.837821152	750	56.184711565819214	0.0	352642	2728.611357399923	0.75
133273.45952804585	750	56.56300467198135	0.0	437162	3621.7068938378575	0.75
133276.36595919734	750	57.65657352047672	0.0	374758	2906.431151504639	0.75
133279.16544528338	750	58.85708743443711	0.0	362795	2799.486086039605	0.75
133282.22699304912	750	59.79553966868884	0.0	353220	3061.547765748269	0.75
133286.22015938646	750	59.80237333134577	0.0	405134	3993.1663373430742	0.75
133289.54901213018	750	59.58609858235579	0.0	386351	3216.2747489899853	0.75
133293.51327480815	750	59.62183590438653	0.0	434409	3464.2626779692564	0.75
133296.68858878317	750	59.86759925320542	0.0	337059	2754.236651181105	0.75
133299.85803743353	750	59.84391358995239	0.0	366214	3023.6856632530335	0.75
133304.0373416362	750	59.656642982169586	0.0	360831	3187.2706077828034	0.75
133308.1813855825	750	59.512599035891284	0.0	372963	3144.0439462783033	0.75
133312.0099530266	750	59.684031591774115	0.0	405596	3328.567444117166	0.75
133315.7446794802	750	59.9189908576244	0.0	350713	2765.040734149721	0.75
133320.84043348223	750	58.82323685562695	0.0	386472	5095.75400199745	0.75
133325.79682291232	750	57.86684742552051	0.0	399894	4956.389430106434	0.75
133329.63564270275	750	58.028027635079646	0.0	401853	3838.8197904408676	0.75
133332.60200201403	750	59.06166832380091	0.0	343800	2966.359311278742	0.75
133335.83455932568	750	59.55939379461399	0.0	359903	3002.2745291869173	0.75
133338.9394412449	750	59.511594226235275	0.0	379700	3047.7995683787144	0.75
133342.68556468957	750	59.76547078156931	0.0	425781	3246.1234446659673	0.75
133346.01410028405	750	59.8383058820688	0.0	277716	2927.1648995005053	0.75
133349.91889670334	750	59.93350946278296	0.0	400396	2904.7964192858403	0.75
133353.1440882832	750	59.73799722999815	0.0	400508	3195.512232784807	0.75

