3.894172653669693	750	4.0	3.894172653669693	450283	3894.172653669693	1	-15.994942410779679
5.4583699117021585	300	6.435802741967533	0.0	155580	1564.1972580324662	0.9715951163143786	-0.15000000000000002
7.011834774683414	300	8.88233787898628	0.0	139857	1553.4648629812543	0.9715951163143786	0.3
8.864792028961888	300	11.029380624707805	0.0	155432	1852.957254278475	0.9715951163143786	0.3
10.314391300418775	300	13.579781353250919	0.0	163442	1449.599271456885	0.9715951163143786	0.3
11.622717526419423	300	16.27145512725027	0.0	126289	1308.3262260006484	0.9715951163143786	0.3
13.06511828354256	300	18.829054370127132	0.0	153295	1442.400757123137	0.9715951163143786	0.3
14.451318282643037	300	21.44285437102665	0.0	173849	1386.1999991004766	0.9715951163143786	0.3
17.131522970975414	750	22.762649682694278	0.0	374758	2680.204688332375	0.9715951163143786	0.3
19.897113726011458	750	23.997058927658234	0.0	362795	2765.590755036046	0.9715951163143786	0.75
22.303563330387462	750	25.59060932328223	0.0	353220	2406.449604376002	0.9715951163143786	0.75
25.213263258129963	750	26.68090939553973	0.0	405134	2909.6999277425016	0.9715951163143786	0.75
27.98677316748251	750	27.90739948618718	0.0	386351	2773.5099093525487	0.9715951163143786	0.75
33.33596019246532	1200	26.558212461204366	0.0	687371	5349.187024982814	0.9715951163143786	0.75
37.24029391418408	1200	26.65387873948562	0.0	526950	3904.333721718749	0.9715951163143786	1.2
40.98319083971553	1200	26.910981813954162	0.0	587876	3742.8969255314564	0.9715951163143786	1.2
44.93553052556623	1200	26.958642128103467	0.0	617242	3952.3396858506962	0.9715951163143786	1.2
49.193091206670516	1200	26.70108144699919	0.0	581493	4257.560681104279	0.9715951163143786	1.2
54.869299489507895	1200	25.024873164161807	0.0	639204	5676.208282837384	0.9715951163143786	1.2
59.96734271554511	1200	23.92682993812459	0.0	586839	5098.0432260372145	0.9715951163143786	1.2
65.32589018540288	1200	22.56828246826682	0.0	601738	5358.547469857774	0.8444681902464208	1.2
73.1809478654343	1200	18.713224788235383	0.0	616206	7855.057680031433	0.8444681902464208	1.2
79.04073591328394	1200	16.853436740385767	0.0	656471	5859.788047849617	0.8444681902464208	1.2
81.73115175152246	750	18.16302090214724	0.0	343800	2690.415838238528	0.8444681902464208	0.3
85.04391609036257	750	18.850256563307127	0.0	359903	3312.7643388401134	0.8444681902464208	0.75
88.02706101990218	750	19.867111633767525	0.0	379700	2983.1449295396033	0.8444681902464208	0.75
91.36142946049232	750	20.53274319317739	0.0	425781	3334.368440590137	0.8444681902464208	0.75
93.74934542882413	750	22.144827224845574	0.0	277716	2387.915968331813	0.8444681902464208	0.75
97.04117072593846	750	22.853001927731256	0.0	400396	3291.82529711432	0.8444681902464208	0.75
100.18079241327186	750	23.713380240397846	0.0	400508	3139.621687333407	0.8444681902464208	0.75
102.86145340925508	750	25.03271924441464	0.0	358218	2680.6609959832094	0.8444681902464208	0.75
105.68298518914409	750	26.21118746452562	0.0	400322	2821.531779889023	0.8444681902464208	0.75
108.7513450568997	750	27.142827596770022	0.0	369834	3068.359867755597	0.8444681902464208	0.75
115.11942192572502	1200	24.77475072794469	0.0	670129	6368.076868825336	0.8444681902464208	0.75
120.21225987000746	1200	23.68191278366225	0.0	690253	5092.837944282435	0.8444681902464208	1.2
124.48921261594394	1200	23.40496003772577	0.0	598727	4276.952745936482	0.8444681902464208	1.2
128.87318285435967	1200	23.02098979931003	0.0	487812	4383.970238415737	0.8444681902464208	1.2
134.06816011396808	1200	21.826012539701622	0.0	575591	5194.977259608406	0.8444681902464208	1.2
140.40149580040784	1200	19.492676853261873	0.0	605884	6333.335686439752	0.8444681902464208	1.2
146.02301825657744	1200	17.871154397092265	0.0	587506	5621.522456169608	0.8444681902464208	1.2
149.12919011460582	750	18.76498253906387	0.0	345516	3106.171858028397	0.8444681902464208	0.3
153.04780109539732	750	18.846371558272374	0.0	384505	3918.610980791494	0.8444681902464208	0.75
156.85456455555482	750	19.039608098114872	0.0	372093	3806.7634601575	0.8444681902464208	0.75
160.7112054325797	750	19.18296722108998	0.0	438281	3856.6408770248913	0.8444681902464208	0.75
164.05895344135368	750	19.835219212315998	0.0	398987	3347.748008773982	0.8444681902464208	0.75
169.23935219079374	1200	18.654820462875954	0.0	638661	5180.398749440046	0.8444681902464208	0.75
174.2070009078818	1200	17.687171745787886	0.0	538612	4967.648717088064	0.8444681902464208	1.2
188.04336938645528	2850	7.850803267214393	0.0	1364537	13836.368478573495	0.8444681902464208	1.2000000000000002
196.41591062700863	750	4.0	0.5217379733389498	450283	8372.541240553343	0.8444681902464208	-1.4934732853574841
197.9069463559015	300	6.508964271107096	0.0	155580	1491.0357288929042	0.8444681902464208	-0.15000000000000002
199.2683613437107	300	9.14754928329793	0.0	139857	1361.4149878091646	0.8444681902464208	0.3
200.7116044314043	300	11.704306195604284	0.0	155432	1443.2430876936476	0.8444681902464208	0.3
201.97225139263657	300	14.44365923437205	0.0	163442	1260.6469612322348	0.8444681902464208	0.3
203.0226684941335	300	17.39324213287511	0.0	126289	1050.4171014969402	0.8444681902464208	0.3
205.99069291853846	750	18.425217708470147	0.0	352642	2968.0244244049586	0.8444681902464208	0.3
209.4844874579839	750	18.931423169024715	0.0	437162	3493.7945394454337	0.8444681902464208	0.75
212.32636595055928	750	20.089544676449336	0.0	374758	2841.878492575379	0.8444681902464208	0.75
215.42647165183584	750	20.989438975172757	0.0	362795	3100.1057012765773	0.8444681902464208	0.75
218.52936116121643	750	21.886549465792157	0.0	353220	3102.8895093805972	0.8444681902464208	0.75
223.7312280441368	750	20.68468258287177	0.0	405134	5201.86688292039	0.8444681902464208	0.75
228.93560958916817	750	19.480301037840412	0.0	386351	5204.381545031354	0.8444681902464208	0.75
236.2526724821275	750	16.163238144881063	0.0	434409	7317.0628929593495	0.8444681902464208	0.75
240.68748030014456	750	15.728430326864014	0.0	337059	4434.8078180170505	0.8444681902464208	0.75
245.7664212497497	750	14.649489377258877	0.0	366214	5078.940949605137	0.8444681902464208	0.75
249.6341762786692	750	14.781734348339365	0.0	360831	3867.755028919511	0.8444681902464208	0.75
253.37918226963706	750	15.036728357371524	0.0	372963	3745.0059909678403	0.8444681902464208	0.75
257.3447909289623	750	15.071119698046306	0.0	405596	3965.6086593252194	0.8444681902464208	0.75
263.676198625944	750	12.739712001064627	0.0	350713	6331.40769698168	0.8444681902464208	0.75
274.19517853301323	750	6.2207320939953865	0.0	386472	10518.97990706924	0.8444681902464208	0.75
276.2318268335569	300	8.18408379345166	0.0	157812	2036.6483005437271	0.8444681902464208	-0.15000000000000002
278.4584422141454	300	9.95746841286319	0.0	163927	2226.615380588469	0.8444681902464208	0.3
280.5554481541262	300	11.860462472882329	0.0	137654	2097.0059399808597	0.8444681902464208	0.3
284.03595689181566	300	12.379953735192943	0.0	146754	3480.5087376893857	0.8444681902464208	0.3
288.80136207545206	300	11.614548551556545	0.0	153938	4765.405183636398	0.8444681902464208	0.3
293.0693896692843	300	11.34652095772434	0.0	181901	4268.027593832204	0.8444681902464208	0.3
295.8858835382846	300	12.530027088724033	0.0	111155	2816.493869000308	0.8444681902464208	0.3
302.12301122620306	300	10.292899400805567	0.0	153605	6237.127687918467	0.8444681902464208	0.3
307.46732170734566	300	8.94858891966296	0.0	149029	5344.310481142607	0.8444681902464208	0.3
312.306651518047	300	8.109259108961679	0.0	157421	4839.3298107012815	0.8444681902464208	0.3
320.3228859661449	300	4.093024660863757	0.0	157488	8016.234448097921	0.8444681902464208	0.3
324.278991427991	300	4.136919199017673	0.0	143881	3956.105461846084	0.8444681902464208	0.3
331.47529362500467	300	4.0	3.0593829979959484	163444	7196.3021970136215	0.8444681902464208	-12.855346891382577
336.87510185602866	300	4.0	1.399808231023987	179328	5399.808231023987	0.8444681902464208	-5.719175393403144
342.3402387416026	300	4.0	1.4651368855739528	159914	5465.136885573953	0.8444681902464208	-6.000088607967997
346.22734256475064	300	4.112896176852014	0.0	131610	3887.103823147986	0.8444681902464208	0.3
350.76946610482776	300	4.0	0.4292273632251063	124011	4542.12354007712	0.8444681902464208	-1.5456776618679569
354.98469130071607	300	4.0	0.21522519588829345	144254	4215.2251958882935	0.8444681902464208	-0.6254683423196619
360.8263032260931	300	4.0	1.841611925377033	149991	5841.611925377033	0.8444681902464208	-7.6189312791212425
364.7552419475583	300	4.071061278534822	0.0	147968	3928.938721465178	0.8444681902464208	0.3
369.57990767864896	300	4.0	0.7536044525558273	161857	4824.665731090649	0.8444681902464208	-2.9404991459900574
373.2567684067375	300	4.323139271911474	0.0	145210	3676.860728088526	0.8444681902464208	0.3
377.32988791193503	300	4.250019766713878	0.0	172312	4073.119505197595	0.8444681902464208	0.3
380.2560573881254	300	5.323850290523548	0.0	167025	2926.169476190331	0.8444681902464208	0.3
386.58417150462867	300	4.0	1.0042638259797314	160064	6328.114116503279	0.8444681902464208	-4.018334451712845
390.8735652131665	300	4.0	0.2893937085378302	137507	4289.39370853783	0.8444681902464208	-0.9443929467126697
395.27004360079167	300	4.0	0.39647838762510584	118421	4396.478387625106	0.8444681902464208	-1.404857066787955
410.6482417950918	750	4.0	11.37819819430014	450283	15378.19819430014	0.8444681902464208	-48.1762522354906
413.7156576262321	300	4.932584168859699	0.0	155580	3067.4158311403007	0.8444681902464208	-0.15000000000000002
416.5097577403147	300	6.138484054777087	0.0	139857	2794.1001140826124	0.8444681902464208	0.3
419.3548455736815	300	7.293396221410338	0.0	155432	2845.0878333667492	0.8444681902464208	0.3
422.0808357743084	300	8.567406020783393	0.0	163442	2725.990200626944	0.8444681902464208	0.3
423.7507393807987	300	10.897502414293186	0.0	126289	1669.903606490208	0.8444681902464208	0.3
425.79900809087616	300	12.849233704215681	0.0	153295	2048.268710077504	0.8444681902464208	0.3
427.7445562334428	300	14.903685561649032	0.0	173849	1945.54814256665	0.8444681902464208	0.3
429.5196100315258	300	17.12863176356597	0.0	150710	1775.0537980830622	0.8444681902464208	0.3
430.93941587164727	300	19.708825923444582	0.0	139105	1419.805840121385	0.8444681902464208	0.3
432.34462354854134	300	22.303618246550485	0.0	141840	1405.2076768940974	0.8444681902464208	0.3
433.83556116037573	300	24.812680634716134	0.0	156148	1490.9376118343534	0.8444681902464208	0.3
437.6960363136463	750	24.952205481445553	0.0	386351	3860.4751532705804	0.8444681902464208	0.3
442.45048578048113	750	24.197756014610746	0.0	434409	4754.449466834805	0.8444681902464208	0.75
446.28275586507874	750	24.365485930013104	0.0	337059	3832.2700845976433	0.8444681902464208	0.75
451.3000587543649	750	23.348183040726994	0.0	366214	5017.302889286109	0.8444681902464208	0.75
455.4083218590442	750	23.239919936047695	0.0	360831	4108.263104679299	0.8444681902464208	0.75
459.30726747160435	750	23.340974323487544	0.0	372963	3898.9456125601528	0.8444681902464208	0.75
463.59187818348926	750	23.056363611602624	0.0	405596	4284.6107118849195	0.8444681902464208	0.75
468.165700728256	750	22.48254106683584	0.0	350713	4573.822544766786	0.8444681902464208	0.75
473.6163280896676	750	21.031913705424277	0.0	386472	5450.627361411559	0.8444681902464208	0.75
476.18921928768214	750	22.45902250740974	0.0	399894	2572.89119801454	0.8444681902464208	0.75
479.0161074863823	750	23.63213430870959	0.0	401853	2826.8881987001528	0.8444681902464208	0.75
481.75318502367327	750	24.895056771418588	0.0	343800	2737.077537291001	0.8444681902464208	0.75
483.9462617888834	750	26.70198000620845	0.0	359903	2193.0767652101395	0.8444681902464208	0.75
486.55123080700656	750	28.097010988085323	0.0	379700	2604.969018123128	0.8444681902464208	0.75
489.84455446312427	750	28.803687331967584	0.0	425781	3293.3236561177405	0.8444681902464208	0.75
492.6204662943005	1200	30.0277755007913	0.0	487160	2775.9118311762822	0.8444681902464208	0.75
496.73849620794624	1200	29.909745587145583	0.0	622896	4118.029913645718	0.8444681902464208	1.2
501.3349935316968	1200	29.313248263394996	0.0	641447	4596.497323750587	0.8444681902464208	1.2
505.33589893908226	1200	29.312342856009476	0.0	570392	4000.9054073855204	0.8444681902464208	1.2
508.6699187509207	1200	29.978323044171045	0.0	620283	3334.0198118384333	0.8444681902464208	1.2
512.4101410058296	1200	30.238100789262223	0.0	584349	3740.222254908823	0.8444681902464208	1.2
516.3894466261424	1200	30.25879516894929	0.0	670129	3979.3056203129327	0.8444681902464208	1.2
520.8721318334824	1200	29.77610996160934	0.0	690253	4482.685207339953	0.8444681902464208	1.2
524.7634213079208	1200	29.884820487170906	0.0	598727	3891.289474438432	0.8444681902464208	1.2
528.0820875929043	1200	30.566154202187462	0.0	487812	3318.6662849834447	0.8444681902464208	1.2
533.4053783940723	1200	29.242863401019413	0.0	575591	5323.2908011680465	0.8444681902464208	1.2
537.284252549825	1200	29.363989245266712	0.0	605884	3878.8741557527037	0.8444681902464208	1.2
545.2750601072386	1200	25.373181687853066	0.0	587506	7990.807557413646	0.8444681902464208	1.2
549.261539213077	1200	25.38670258201473	0.0	566904	3986.479105838334	0.8444681902464208	1.2
552.9097059024334	1200	25.738535892658255	0.0	641452	3648.1666893564766	0.8444681902464208	1.2
556.1936936415889	1200	26.454548153502753	0.0	599477	3283.987739155501	0.8444681902464208	1.2
560.4707442700354	1200	26.177497525056257	0.0	634861	4277.050628446496	0.8444681902464208	1.2
571.2281158964253	1200	19.42012589866651	0.0	630203	10757.371626389748	0.8444681902464208	1.2
581.7369503597805	1200	12.911291435311286	0.0	638661	10508.834463355222	0.8444681902464208	1.2
586.2405253404903	1200	12.407716454601436	0.0	538612	4503.57498070985	0.8444681902464208	1.2
596.979202395653	1850	5.669039399438722	0.0	846370	10738.677055162714	0.8444681902464208	1.2000000000000002
599.3638235831165	750	7.284418211975158	0.0	450283	2384.6211874635637	0.8444681902464208	0.75
600.3454706233135	300	10.302771171778135	0.0	155580	981.647040197024	0.8444681902464208	-0.15000000000000002
601.3659331585632	300	13.282308636528526	0.0	139857	1020.4625352496075	0.8444681902464208	0.3
604.3330099860145	750	14.315231809077137	0.0	382355	2967.076827451391	0.8444681902464208	0.3
609.8366881447557	750	12.811553650335915	0.0	411561	5503.6781587412215	0.8444681902464208	0.75
612.7495268648621	750	13.898714930229644	0.0	318564	2912.8387201062706	0.8444681902464208	0.75
615.3876375181511	750	15.260604276940638	0.0	352642	2638.1106532890053	0.8444681902464208	0.75
618.0748044938202	750	16.5734373012714	0.0	437162	2687.166975669236	0.8444681902464208	0.75
619.9679700762638	750	18.68027171882792	0.0	374758	1893.1655824434838	0.8444681902464208	0.75
622.2409453640723	750	20.40729643101931	0.0	362795	2272.9752878086083	0.8444681902464208	0.75
624.6475938486001	750	22.000647946491643	0.0	353220	2406.648484527669	0.8444681902464208	0.75
628.560609190393	1200	22.087632604698644	0.0	594078	3913.0153417930023	0.8444681902464208	0.75
632.3754463000574	1200	22.272795495034202	0.0	624282	3814.837109664442	0.8444681902464208	1.2
636.9830239199734	1200	21.66521787511825	0.0	687371	4607.5776199159545	0.8444681902464208	1.2
640.4743821460611	1200	22.173859649030604	0.0	526950	3491.358226087643	0.8444681902464208	1.2
644.2352871728101	1200	22.412954622281642	0.0	587876	3760.9050267489615	0.8444681902464208	1.2
648.0812138075061	1200	22.5670279875857	0.0	617242	3845.9266346959394	0.8444681902464208	1.2
652.0327247125895	1200	22.61551708250223	0.0	581493	3951.510905083473	0.8444681902464208	1.2
655.7476729152205	1200	22.90056887987129	0.0	639204	3714.9482026309365	0.8444681902464208	1.2
659.0846167291355	1200	23.563625065956302	0.0	586839	3336.9438139149893	0.8444681902464208	1.2
662.1522281237307	1200	24.49601367136123	0.0	601738	3067.6113945950706	0.8444681902464208	1.2
666.1725164847471	1200	24.475725310344686	0.0	616206	4020.2883610165436	0.8444681902464208	1.2
670.0528456752475	1200	24.59539611984439	0.0	656471	3880.329190500295	0.8444681902464208	1.2
672.8438360672292	1200	25.804405727862747	0.0	536667	2790.9903919816416	0.8444681902464208	1.2
676.4328946445563	1200	26.215347150535525	0.0	587236	3589.058577327222	0.8444681902464208	1.2
679.765097564491	1200	26.88314423060073	0.0	590335	3332.2029199347976	0.8444681902464208	1.2
684.0266615324575	1200	26.62158026263429	0.0	696376	4261.563967966442	0.8444681902464208	1.2
688.4231348583027	1200	26.225106936789206	0.0	487160	4396.473325845083	0.8444681902464208	1.2
694.2472582699744	1200	24.40098352511749	0.0	622896	5824.123411671716	0.8444681902464208	1.2
699.1305166220742	1200	23.517725173017627	0.0	641447	4883.258352099858	0.8444681902464208	1.2
703.5213675114651	1200	23.126874283626677	0.0	570392	4390.850889390952	0.8444681902464208	1.2
709.6406644070735	1200	21.007577388018245	0.0	620283	6119.296895608428	0.8444681902464208	1.2
715.1555878358901	750	19.49265395920175	0.0	369834	5514.923428816495	0.8444681902464208	0.3
718.8104153432446	750	19.83782645184714	0.0	412837	3654.827507354608	0.8444681902464208	0.75
721.8032923754813	750	20.844949419610387	0.0	401088	2992.8770322367527	0.8444681902464208	0.75
724.7752839324667	750	21.872957862625086	0.0	365161	2971.991556985304	0.8444681902464208	0.75
727.905735629363	750	22.74250616572871	0.0	321064	3130.451696896377	0.8444681902464208	0.75
731.7053382276298	750	22.942903567461926	0.0	361565	3799.6025982667825	0.8444681902464208	0.75
734.9914661922351	750	23.6567756028566	0.0	378327	3286.127964605326	0.8444681902464208	0.75
738.254815249389	750	24.393426545702685	0.0	390680	3263.3490571539137	0.8444681902464208	0.75
742.1731903798141	750	24.475051415277658	0.0	345516	3918.3751304250272	0.8444681902464208	0.75
748.6881236357397	750	21.960118159352053	0.0	384505	6514.933255925607	0.8444681902464208	0.75
761.0319953722643	750	13.616246422827393	0.0	372093	12343.87173652466	0.8444681902464208	0.75
769.2012345267202	750	9.447007268371406	0.0	438281	8169.239154455987	0.8444681902464208	0.75
772.6891457602352	300	9.959096034856515	0.0	167025	3487.9112335148916	0.8444681902464208	-0.15000000000000002
774.6652177937083	300	11.983024001383368	0.0	160064	1976.0720334731461	0.8444681902464208	0.3
775.988211676966	300	14.660030118125722	0.0	137507	1322.9938832576458	0.8444681902464208	0.3
779.3350888067196	750	15.31315298837212	0.0	314107	3346.8771297536005	0.8444681902464208	0.3
782.5928935926721	750	16.055348202419594	0.0	450283	3257.8047859525286	0.8444681902464208	0.75
785.5881059278166	750	17.060135867275076	0.0	398865	2995.212335144517	0.8444681902464208	0.75
787.7384920664352	750	18.909749728656337	0.0	350812	2150.3861386187373	0.8444681902464208	0.75
790.2697311619445	750	20.37851063314712	0.0	382355	2531.23909550922	0.8444681902464208	0.75
792.523167422107	750	22.125074372984564	0.0	411561	2253.436260162556	0.8444681902464208	0.75
795.4387112808147	1200	23.209530514276764	0.0	520315	2915.5438587077974	0.8444681902464208	0.75
798.7607021466374	1200	23.88753964845415	0.0	561791	3321.990865822613	0.8444681902464208	1.2
802.3974787523762	1200	24.25076304271536	0.0	709534	3636.776605738793	0.8444681902464208	1.2
806.0385166757728	1200	24.60972511931866	0.0	584846	3641.037923396698	0.8444681902464208	1.2
810.2837965640289	1200	24.364445231062675	0.0	560821	4245.279888255986	0.8444681902464208	1.2
815.9494236057043	1200	22.698818189387172	0.0	607410	5665.627041675498	0.8444681902464208	1.2
820.911820350886	1200	21.73642144420539	0.0	594078	4962.396745181783	0.8444681902464208	1.2
826.6083717924596	1200	20.039870002631876	0.0	624282	5696.551441573513	0.8444681902464208	1.2
832.3039220768342	1200	18.344319718257427	0.0	687371	5695.550284374451	0.8444681902464208	1.2
837.1000446798556	1200	17.548197115236015	0.0	526950	4796.122603021413	0.8444681902464208	1.2
841.0556212474718	750	17.592620547619862	0.0	366214	3955.576567616151	0.8444681902464208	0.3
842.8702598760709	750	19.777981919020743	0.0	360831	1814.6386285991193	0.8444681902464208	0.75
844.7029946137152	750	21.945247181376477	0.0	372963	1832.7347376442676	0.8444681902464208	0.75
846.6348972853103	750	24.013344509781394	0.0	405596	1931.9026715950806	0.8444681902464208	0.75
849.5918065000888	1200	25.056435295002995	0.0	586839	2956.909214778399	0.8444681902464208	0.75
853.4744425336004	1200	25.173799261491386	0.0	601738	3882.636033511607	0.8444681902464208	1.2
857.7081947428865	1200	24.9400470522053	0.0	616206	4233.752209286086	0.8444681902464208	1.2
862.9698170659773	1200	23.678424729114546	0.0	656471	5261.622323090753	0.8444681902464208	1.2
867.4050584155746	1200	23.24318337951726	0.0	536667	4435.241349597289	0.8444681902464208	1.2
870.679448861293	1200	23.968792933798788	0.0	587236	3274.390445718467	0.8444681902464208	1.2
875.042843422182	1200	23.605398372909765	0.0	590335	4363.394560889024	0.8444681902464208	1.2
879.1863319445923	1200	23.461909850499474	0.0	696376	4143.488522410291	0.8444681902464208	1.2
883.1203922362779	1200	23.527849558813895	0.0	487160	3934.0602916855796	0.8444681902464208	1.2
887.6402155611945	1200	23.008026233897365	0.0	622896	4519.823324916527	0.8444681902464208	1.2
891.3435548839532	1200	23.304686911138678	0.0	641447	3703.3393227586907	0.8444681902464208	1.2
895.174198698929	1200	23.474043096162816	0.0	570392	3830.6438149758596	0.8444681902464208	1.2
899.7945826784375	1200	22.853659116654452	0.0	620283	4620.383979508362	0.8444681902464208	1.2
905.1567927459579	1200	21.491449049134104	0.0	584349	5362.2100675203465	0.8444681902464208	1.2
911.8436143910453	1200	18.80462740404662	0.0	670129	6686.821645087485	0.8444681902464208	1.2
918.4832775302092	1200	16.164964264882762	0.0	690253	6639.6631391638575	0.8444681902464208	1.2
922.354900332162	1200	16.293341462929952	0.0	598727	3871.6228019528085	0.8444681902464208	1.2
924.9896534157746	750	17.658588379317262	0.0	321064	2634.7530836126903	0.8444681902464208	0.3
931.5142570317865	750	15.133984763305296	0.0	361565	6524.603616011966	0.8444681902464208	0.75
935.4980952504217	750	15.150146544670072	0.0	378327	3983.838218635224	0.8444681902464208	0.75
940.1555706090894	750	14.49267118600229	0.0	390680	4657.475358667782	0.8444681902464208	0.75
943.3497686167817	750	15.298473178310067	0.0	345516	3194.1980076922227	0.8444681902464208	0.75
947.3581439676173	750	15.290097827474456	0.0	384505	4008.3753508356103	0.8444681902464208	0.75
948.5776245255597	300	18.070617269532054	0.0	145210	1219.4805579424033	0.8444681902464208	-0.15000000000000002
950.4106977862251	300	20.237544008866674	0.0	172312	1833.0732606653817	0.8444681902464208	0.3
954.9761799977933	750	19.672061797298454	0.0	398987	4565.482211568216	0.8444681902464208	0.3
962.8836381372491	1200	15.764603657842523	0.0	638661	7907.458139455932	0.8444681902464208	0.75
966.4490719413247	1200	16.199169853766936	0.0	538612	3565.433804075587	0.8444681902464208	1.2
981.0852118076477	1850	5.563029987443928	0.0	846370	14636.139866323008	0.8444681902464208	1.2000000000000002
989.2062472822882	750	4.0	2.5580054871965667	450283	8121.035474640495	0.8444681902464208	-10.249423594945236
990.5612267281311	300	6.645020554157073	0.0	155580	1354.9794458429267	0.8444681902464208	-0.15000000000000002
991.7546416975027	300	9.45160558478559	0.0	139857	1193.4149693714824	0.8444681902464208	0.3
993.1666332625524	300	12.0396140197358	0.0	155432	1411.9915650497903	0.8444681902464208	0.3
994.7185871699863	300	14.487660112301908	0.0	163442	1551.9539074338913	0.8444681902464208	0.3
995.8049063491613	300	17.401340933126907	0.0	126289	1086.319179175004	0.8444681902464208	0.3
998.4112325455085	750	18.795014736779617	0.0	352642	2606.3261963472896	0.8444681902464208	0.3
1001.354052212573	750	19.85219506971512	0.0	437162	2942.8196670644984	0.8444681902464208	0.75
1004.1567847093854	750	21.049462572902716	0.0	374758	2802.732496812405	0.8444681902464208	0.75
1006.8679409203862	750	22.33830636190187	0.0	362795	2711.1562110008417	0.8444681902464208	0.75
1009.8843156776466	750	23.32193160464154	0.0	353220	3016.3747572603297	0.8444681902464208	0.75
1013.3645721158052	750	23.841675166482812	0.0	405134	3480.25643815873	0.8444681902464208	0.75
1016.1714506098431	750	25.034796672444937	0.0	386351	2806.8784940378755	0.8444681902464208	0.75
1018.6699059749228	750	26.536341307365248	0.0	434409	2498.4553650796865	0.8444681902464208	0.75
1021.7516518835661	1200	27.45459539872202	0.0	526950	3081.745908643228	0.8444681902464208	0.75
1024.8884443424747	1200	28.31780293981333	0.0	587876	3136.7924589086906	0.8444681902464208	1.2
1028.0754917798422	1200	29.130755502445705	0.0	617242	3187.047437367621	0.8444681902464208	1.2
1031.4347049922474	1200	29.77154229004067	0.0	581493	3359.213212405037	0.8444681902464208	1.2
1035.427969259771	1200	29.778278022516787	0.0	639204	3993.2642675238812	0.8444681902464208	1.2
1039.1598948108126	1200	30.04635247147538	0.0	586839	3731.9255510414064	0.8444681902464208	1.2
1042.2064531667986	1200	30.99979411548918	0.0	601738	3046.558355986198	0.8444681902464208	1.2
1045.4440465304697	1200	31.762200751818078	0.0	616206	3237.5933636711047	0.8444681902464208	1.2
1052.2197096386528	1850	28.986537643634993	0.0	968026	6775.663108183083	0.8444681902464208	1.2000000000000002
1062.9657502974926	1850	22.240496984795183	0.0	874175	10746.040658839811	0.8444681902464208	1.85
1070.8679287508594	1200	18.338318531428502	0.0	587236	7902.178453366679	0.8444681902464208	0.5499999999999999
1078.954621139143	1200	14.251626143144916	0.0	590335	8086.692388283586	0.8444681902464208	1.2
1087.1019735219754	1200	10.10427376031239	0.0	696376	8147.352382832526	0.8444681902464208	1.2
1090.238191898624	750	10.968055383663598	0.0	277716	3136.21837664879	0.8444681902464208	0.3
1094.0876582531216	750	11.118589029166102	0.0	400396	3849.466354497497	0.8444681902464208	0.75
1098.49683500547	750	10.709412276817675	0.0	400508	4409.176752348427	0.8444681902464208	0.75
1101.4375684249628	750	11.768678857324772	0.0	358218	2940.733419492903	0.8444681902464208	0.75
1106.8270809565029	750	10.379166325784931	0.0	400322	5389.512531539842	0.8444681902464208	0.75
1110.9589529335733	750	10.247294348714457	0.0	369834	4131.871977070474	0.8444681902464208	0.75
1117.2509094615934	750	7.955337820694425	0.0	412837	6291.956528020031	0.8444681902464208	0.75
1122.2164357247984	750	6.98981155748967	0.0	401088	4965.526263204755	0.8444681902464208	0.75
1124.6474206036808	300	8.558826678607474	0.0	159914	2430.984878882196	0.8444681902464208	-0.15000000000000002
1126.354831187767	300	10.851416094520875	0.0	131610	1707.4105840865996	0.8444681902464208	0.3
1127.7214793094256	300	13.4847679728623	0.0	124011	1366.6481216585746	0.8444681902464208	0.3
1129.154578647177	300	16.051668635110953	0.0	144254	1433.0993377513485	0.8444681902464208	0.3
1130.544118834628	300	18.66212844766	0.0	149991	1389.540187450953	0.8444681902464208	0.3
1132.0272715029203	300	21.17897577936777	0.0	147968	1483.1526682922286	0.8444681902464208	0.3
1133.7468552324115	300	23.459392049876374	0.0	161857	1719.5837294913988	0.8444681902464208	0.3
1135.2038118076778	300	26.002435474610152	0.0	145210	1456.9565752662202	0.8444681902464208	0.3
1139.1692941170875	750	26.036953165200426	0.0	438281	3965.482309409726	0.8444681902464208	0.3
1143.1652262859102	750	26.04102099637767	0.0	398987	3995.9321688227546	0.8444681902464208	0.75
1147.053203175244	750	26.153044107043687	0.0	393804	3887.976889333988	0.8444681902464208	0.75
1157.0398580699677	1850	20.166389212320023	0.0	830730	9986.654894723662	0.8444681902464208	0.75
1168.6451584294778	2850	12.561088852810006	0.0	1364537	11605.300359510018	0.8444681902464208	1.85
1172.4662269018584	750	12.740020380429568	0.0	450283	3821.0684723804366	0.8444681902464208	0.75
1176.0105331010584	750	13.195714181229501	0.0	398865	3544.3061992000667	0.8444681902464208	0.75
1179.123612705447	750	14.082634576840828	0.0	350812	3113.079604388674	0.8444681902464208	0.75
1182.334343464158	750	14.87190381812994	0.0	382355	3210.730758710887	0.8444681902464208	0.75
1186.242317751888	750	14.963929530399795	0.0	411561	3907.9742877301446	0.8444681902464208	0.75
1189.1510584268226	750	16.05518885546536	0.0	318564	2908.7406749344354	0.8444681902464208	0.75
1193.1276709976498	750	16.07857628463798	0.0	352642	3976.6125708273785	0.8444681902464208	0.75
1197.1701395427276	750	16.036107739560407	0.0	437162	4042.4685450775746	0.8444681902464208	0.75
1200.2427613201373	750	16.963485962150553	0.0	374758	3072.621777409853	0.8444681902464208	0.75
1203.1470167261969	750	18.059230556091237	0.0	362795	2904.255406059315	0.8444681902464208	0.75
1206.4182189816695	750	18.78802830061836	0.0	353220	3271.2022554728755	0.8444681902464208	0.75
1210.9337337884153	750	18.272513493872633	0.0	405134	4515.514806745726	0.8444681902464208	0.75
1213.206653493409	750	19.99959378887901	0.0	386351	2272.919704993622	0.8444681902464208	0.75
1215.7786759781877	750	21.427571304100333	0.0	434409	2572.022484778678	0.8444681902464208	0.75
1217.9806027107081	750	23.22564457158008	0.0	337059	2201.9267325202527	0.8444681902464208	0.75
1220.091603235315	750	25.11464404697299	0.0	366214	2111.0005246070896	0.8444681902464208	0.75
1224.2540224288173	1200	24.952224853470764	0.0	617242	4162.419193502225	0.8444681902464208	0.75
1228.7225769251343	1200	24.48367035715381	0.0	581493	4468.554496316955	0.8444681902464208	1.2
1234.1567263577047	1200	23.049520924583394	0.0	639204	5434.149432570414	0.8444681902464208	1.2
1238.9088936263777	1200	22.297353655910474	0.0	586839	4752.167268672923	0.8444681902464208	1.2
1243.6404515103695	1200	21.565795771918513	0.0	601738	4731.557883991958	0.8444681902464208	1.2
1251.4609013055504	1200	17.74534597673789	0.0	616206	7820.449795180622	0.8444681902464208	1.2
1261.653021490534	1200	11.553225791754151	0.0	656471	10192.12018498374	0.8444681902464208	1.2

