148286.13456579758	750	4.0	2.543860366369958	450283	2543.860366369958	-10.18859957539082
148291.1066808345	1200	4.0	0.9721150369371562	611087	4972.115036937156	-3.4300946588297716
148293.51064765864	750	5.5960331758440445	0.0	350812	2403.9668241559552	0.3
148297.72648817266	1200	5.380192661850992	0.0	617681	4215.840513993053	0.75
148302.60573825383	1200	4.500942580678278	0.0	652874	4879.250081172713	1.2
148306.1826666379	1200	4.924014196603236	0.0	520315	3576.9283840750436	1.2
148311.00714007643	750	4.099540758081349	0.0	352642	4824.473438521886	0.3
148315.20364392892	750	4.0	0.0969630944072851	437162	4196.503852488634	0.3330586940486741
148317.94003913208	750	5.263604796833261	0.0	374758	2736.395203166739	0.75
148320.5983062094	750	6.6053377194975536	0.0	362795	2658.2670773357067	0.75
148323.22273903317	750	7.980904895746538	0.0	353220	2624.432823751015	0.75
148326.78439023043	750	8.419253698477457	0.0	405134	3561.6511972690823	0.75
148332.26909360578	1200	6.934550323106635	0.0	624282	5484.703375370821	0.75
148339.09970156508	1200	4.103942363805551	0.0	687371	6830.607959301084	1.2
148343.5073669146	750	4.0	0.3037229857188204	337059	4407.665349524372	-1.0060088385909276
148347.26102863593	750	4.246338278692219	0.0	366214	3753.661721307781	0.75
148351.03473922267	750	4.472627691935885	0.0	360831	3773.7105867563355	0.75
148353.69339992976	750	5.813966984863939	0.0	372963	2658.6607070719456	0.75
148357.0688832912	750	6.438483623399025	0.0	405596	3375.4833614649147	0.75
148360.4445885293	750	7.062778385317527	0.0	350713	3375.7052380814976	0.75
148363.76576644325	750	7.741600471354428	0.0	386472	3321.1779139630994	0.75
148366.7087288363	750	8.7986380783074	0.0	399894	2942.9623930470284	0.75
148372.02129561227	1200	7.4860713023270025	0.0	656471	5312.566775980397	0.75
148375.9643736638	1200	7.5429932508117545	0.0	536667	3943.0780515152487	1.2
148380.56685737363	1200	6.940509540962365	0.0	587236	4602.483709849389	1.2
148384.98583716818	1200	6.521529746408071	0.0	590335	4418.979794554295	1.2
148390.28301419143	1200	5.224352723167849	0.0	696376	5297.177023240221	1.2
148394.81179316406	1200	4.695573750534548	0.0	487160	4528.778972633301	1.2
148398.80197554867	750	4.7053913658805975	0.0	400396	3990.1823846539496	0.3
148403.31829974477	750	4.189067169769919	0.0	400508	4516.324196110679	0.75
148406.59362657464	750	4.913740339914138	0.0	358218	3275.3268298557805	0.75
148410.2843697063	750	5.222997208238062	0.0	400322	3690.7431316760767	0.75
148414.22606055805	750	5.2813063564872555	0.0	369834	3941.6908517508064	0.75
148418.14022840548	750	5.367138509048165	0.0	412837	3914.16784743909	0.75
148421.85126203965	750	5.6561048748670375	0.0	401088	3711.033634181128	0.75
148425.40636723716	750	6.100999677373695	0.0	365161	3555.105197493342	0.75
148428.55018361565	750	6.957183298874815	0.0	321064	3143.8163784988797	0.75
148431.8825924397	750	7.624774474823471	0.0	361565	3332.4088240513443	0.75
148435.62949605484	750	7.877870859691522	0.0	378327	3746.9036151319488	0.75
148441.0695964995	750	6.437770415013466	0.0	390680	5440.100444678056	0.75
148448.03611680964	750	4.0	0.5287498951160715	345516	6966.520310129537	-1.5236245489991074
148449.88299075785	300	6.153126051791285	0.0	161857	1846.873948208715	-0.15000000000000002
148451.4427314597	300	8.593385349922912	0.0	145210	1559.7407018683746	0.3
148455.15372082873	750	8.882395980875065	0.0	438281	3710.989369047846	0.3
148458.36084417257	750	9.675272637055048	0.0	398987	3207.1233438200184	0.75
148463.2339598954	1200	8.80215691421074	0.0	638661	4873.115722844309	0.75
148468.46505310774	1200	7.5710637018878755	0.0	538612	5231.093212322865	1.2
148478.76179174936	1850	4.0	2.7256749397183593	846370	10296.738641606235	-10.520402240788945
148487.26908787788	750	4.0	4.50729612851833	450283	8507.29612851833	-18.63137335262882
148491.46370070588	750	4.0	0.19461282801423113	398865	4194.612828014231	-0.08683516046119388
148492.97556101356	300	6.488139692348195	0.0	139857	1511.8603076518048	-0.15000000000000002
148494.62999791553	300	8.833702790348008	0.0	155432	1654.4369020001877	0.3
148499.4302275562	750	8.033473149700136	0.0	411561	4800.229640647874	0.3
148503.21628340438	750	8.247417301518745	0.0	318564	3786.0558481813914	0.75
148507.75498760687	750	7.708713099034055	0.0	352642	4538.70420248469	0.75
148512.7791941779	750	6.684506527965487	0.0	437162	5024.206571068567	0.75
148521.02661805725	750	4.0	1.5629173513650993	374758	8247.423879330587	-5.9705446108699265
148524.83718365675	300	4.189434400512254	0.0	139105	3810.565599487746	-0.15000000000000002
148527.67721863627	300	5.349399420992203	0.0	141840	2840.034979520051	0.3
148530.10888813424	300	6.917729923020517	0.0	156148	2431.6694979716863	0.3
148535.42765483138	300	5.5989632258916195	0.0	160746	5318.766697128897	0.3
148540.12548214913	300	4.901135908159585	0.0	179801	4697.827317732035	0.3
148543.24947804917	300	5.77714000812027	0.0	140051	3123.995900039314	0.3
148545.43599957798	300	7.590618479304106	0.0	138313	2186.5215288161644	0.3
148550.3803686059	300	6.64624945137896	0.0	143509	4944.369027925146	0.3
148554.07166299914	300	6.954955058131417	0.0	150616	3691.2943932475428	0.3
148557.53383005067	300	7.4927880065701755	0.0	165384	3462.167051561241	0.3
148561.60789029504	300	7.418727762219265	0.0	140881	4074.06024435091	0.3
148567.25176048803	300	5.7748575692086375	0.0	157671	5643.870193010627	0.3
148572.4167704114	300	4.609847645826942	0.0	157812	5165.009923381695	0.3
148578.19491070227	300	4.0	1.1682926450151117	163927	5778.140290842054	-4.72365837356498
148580.68777149415	300	5.50713920810192	0.0	137654	2492.8607918980792	0.3
148583.384600413	300	6.810310289261248	0.0	146754	2696.828918840673	0.3
148586.38879284376	300	7.806117858504781	0.0	153938	3004.192430756467	0.3
148588.51446955054	300	9.680441151728614	0.0	181901	2125.6767067761684	0.3
148589.54489938423	300	12.650011318047186	0.0	111155	1030.4298336814288	0.3
148591.05916340617	300	15.135747296106716	0.0	153605	1514.2640219404686	0.3
148595.32601924305	750	14.868891459239652	0.0	400508	4266.855836867064	0.3
148600.45480974243	750	13.740100959837175	0.0	358218	5128.790499402477	0.75
148614.77656657153	750	4.0	0.5816558692767485	400322	14321.756829113923	-1.7511202378900186
148618.54151325696	300	4.235053314576867	0.0	143881	3764.946685423132	-0.15000000000000002
148621.60957243037	300	5.166994141185423	0.0	163444	3068.059173391444	0.3
148625.3938188899	300	5.382747681657747	0.0	179328	3784.2464595276756	0.3
148629.89872914934	300	4.877837422214606	0.0	159914	4504.9102594431415	0.3
148633.60931430673	300	5.16725226480677	0.0	131610	3710.585157407836	0.3
148638.94689258328	300	4.0	0.17032601172836895	124011	5337.578276535139	-0.4324018504319865
148643.23750179115	300	4.0	0.2906092078658576	144254	4290.609207865858	-0.9496195938231875
148651.17739140792	300	4.0	3.9398896167959165	149991	7939.8896167959165	-16.64152535222244
148656.3204204015	300	4.0	1.1430289935603888	147968	5143.028993560389	-4.615024672309672
148661.69299083893	300	4.0	1.3725704374423686	161857	5372.5704374423685	-5.602052881002185
148667.6437000771	300	4.0	1.950709238211869	145210	5950.709238211869	-8.088049724311036
148670.40754928993	300	5.2361507871742665	0.0	172312	2763.8492128257326	0.3
148672.281533484	300	7.362166593109837	0.0	167025	1873.9841940644299	0.3
148673.8763385615	300	9.7673615156072	0.0	160064	1594.8050775026356	0.3
148676.74624093605	750	10.897459141060164	0.0	331053	2869.9023745470363	0.3
148684.12873470574	1850	7.514965371368973	0.0	846370	7382.493769691191	0.75
148688.12248632216	750	7.521213754949673	0.0	450283	3993.7516164193007	0.75
148691.5314425247	750	8.112257552405785	0.0	398865	3408.9562025438877	0.75
148694.45160052934	750	9.192099547750018	0.0	350812	2920.1580046557674	0.75
148697.5830596073	750	10.060640469802712	0.0	382355	3131.4590779473074	0.75
148703.70737623936	1200	7.936323837732854	0.0	652874	6124.3166320698565	0.75
148707.533459668	1200	8.110240409118301	0.0	520315	3826.0834286145523	1.2
148711.57189821784	1200	8.071801859278489	0.0	561791	4038.4385498398124	1.2
148716.53384473705	1200	7.109855340043165	0.0	709534	4961.946519235325	1.2
148721.4932009545	1200	6.150499122613976	0.0	584846	4959.356217429189	1.2
148726.29157715992	1200	5.3521229172031015	0.0	560821	4798.376205410874	1.2
148731.75049334695	1200	4.0	0.10679326984713225	607410	5458.916187050234	0.7407889396573313
148734.6929487496	750	5.0575445973500734	0.0	405134	2942.455402649927	0.3
148737.5945934388	750	6.155899908175275	0.0	386351	2901.6446891747987	0.75
148740.59952481845	750	7.150968528512388	0.0	434409	3004.931379662887	0.75
148743.12034121403	750	8.630152132929858	0.0	337059	2520.816395582531	0.75
148747.27187753338	1200	8.47861581357296	0.0	587876	4151.5363193568965	0.75
148752.2858255025	1200	7.464667844424573	0.0	617242	5013.947969148387	1.2
148756.78461709036	1200	6.965876256568072	0.0	581493	4498.791587856501	1.2
148761.8020702642	1200	5.9484230827354905	0.0	639204	5017.453173832582	1.2
148766.8482944392	1200	4.9021989077594395	0.0	586839	5046.224174976051	1.2
148771.75951464073	1200	4.0	0.00902129375673121	601738	4911.220201516171	1.1612084368460558
148774.77783897374	750	4.981675666989358	0.0	399894	3018.324333010642	0.3
148778.40939403692	750	5.3501206037915505	0.0	401853	3631.5550631978076	0.75
148784.89455608334	750	4.0	1.1350414426551607	343800	6485.162046446711	-4.130678203417191
148789.05125300674	750	4.0	0.15669692336868685	359903	4156.696923368687	0.07620322951464664
148791.777663957	300	5.27358904971208	0.0	153938	2726.41095028792	-0.15000000000000002
148794.64481721955	300	6.406435787166299	0.0	181901	2867.1532625457803	0.3
148795.91897241067	300	9.132280596044492	0.0	111155	1274.1551911218087	0.3
148797.4465463551	300	11.604706651612627	0.0	153605	1527.5739444318638	0.3
148801.48512157795	750	11.566131428759242	0.0	400508	4038.575222853386	0.3
148804.89360209028	750	12.157650916447622	0.0	358218	3408.480512311619	0.75
148808.13227994536	750	12.918973061356784	0.0	400322	3238.6778550908393	0.75
148812.93210972435	750	12.119143282392567	0.0	369834	4799.8297789642165	0.75
148820.62374222622	750	8.427510780534318	0.0	412837	7691.632501858251	0.75
148825.62938313396	750	7.4218698728013495	0.0	401088	5005.640907732968	0.75
148828.2940311108	750	8.757221895944452	0.0	365161	2664.6479768568965	0.75
148830.79676824456	750	10.254484762172932	0.0	321064	2502.737133771519	0.75
148833.9233784884	750	11.12787451834265	0.0	361565	3126.610243830282	0.75
148836.80227123728	750	12.248981769440864	0.0	378327	2878.892748901788	0.75
148841.45056601564	1200	11.600686991080353	0.0	587506	4648.2947783605105	0.75
148851.66031200648	1200	5.390941000233194	0.0	566904	10209.74599084716	1.2
148857.66524807774	750	4.0	0.61399507104026	384505	6004.936071273453	-2.340178805473118
148858.64352860017	300	7.021719477599676	0.0	145210	978.2805224003239	-0.15000000000000002
148860.01289758433	300	9.652350493424299	0.0	172312	1369.3689841753762	0.3
148864.27048651438	750	9.394761563358006	0.0	398987	4257.588930066293	0.3
148874.07805453218	1200	4.0	0.41280645442716013	638661	9807.568017785166	-1.0250677540367885
148876.3265406169	750	5.751513915261702	0.0	331053	2248.486084738298	0.3
148882.05217970585	1850	4.025874826300993	0.0	846370	5725.639088960709	0.75
148884.66629246334	750	5.4117620688394705	0.0	450283	2614.1127574615225	0.75
148886.964939883	750	7.113114649176833	0.0	398865	2298.647419662638	0.75
148888.93505782145	750	9.142996710707578	0.0	350812	1970.1179384692539	0.75
148891.99732552073	750	10.080729011448428	0.0	382355	3062.267699259152	0.75
148895.24722438405	750	10.830830148137588	0.0	411561	3249.8988633108406	0.75
148900.00595709163	1200	10.07209744054879	0.0	520315	4758.732707588796	0.75
148904.41096673306	1200	9.667087799102873	0.0	561791	4405.009641445917	1.2
148908.7049905073	1200	9.373064024867166	0.0	709534	4294.0237742357085	1.2
148913.22974377533	1200	8.848310756836801	0.0	584846	4524.753268030365	1.2
148916.73731115102	1200	9.340743381148885	0.0	560821	3507.567375687916	1.2
148921.0465544712	1200	9.031500060977807	0.0	607410	4309.243320171077	1.2
148925.7972504239	1200	8.28080410827062	0.0	594078	4750.695952707187	1.2
148930.452793418	1200	7.625261114174042	0.0	624282	4655.542994096579	1.2
148934.6888549008	1200	7.389199631361208	0.0	687371	4236.061482812834	1.2
148939.0483562798	1200	7.029698252385244	0.0	526950	4359.501378975964	1.2
148943.85477658236	1200	6.223277949828892	0.0	587876	4806.420302556351	1.2
148948.64408183793	1200	5.433972694272419	0.0	617242	4789.305255556474	1.2
148953.57993981673	1200	4.498114715440699	0.0	581493	4935.85797883172	1.2
148957.39584568038	750	4.682208851802889	0.0	405596	3815.905863637811	0.3
148961.15158057536	750	4.9264739568529174	0.0	350713	3755.734894949971	0.75
148968.87704147064	750	4.0	2.7989869384492185	386472	7725.460895302136	-11.285643835331639
148970.97709628922	300	5.899945181416987	0.0	157812	2100.054818583013	-0.15000000000000002
148972.8999932719	300	7.9770481987498805	0.0	163927	1922.896982667106	0.3
148977.42547291075	750	7.451568559880262	0.0	343800	4525.479638869619	0.3
148981.08123766535	750	7.795803805284719	0.0	359903	3655.7647545955424	0.75
148987.75918622775	750	5.117855242895574	0.0	379700	6677.948562389145	0.75
148996.5958352192	750	4.0	3.718793748565716	425781	8836.64899146129	-15.240813118832577
148998.0852301562	300	6.510605063023915	0.0	111155	1489.3949369760846	-0.15000000000000002
149000.06011530847	300	8.53571991072987	0.0	153605	1974.8851522940436	0.3
149001.551161007	300	11.04467421220585	0.0	149029	1491.0456985240219	0.3
149003.19145992203	300	13.404375297140609	0.0	157421	1640.2989150652404	0.3
149006.924702594	750	13.671132625184446	0.0	400322	3733.242671956163	0.3
149013.04168123932	750	11.554153979869952	0.0	369834	6116.9786453144925	0.75
149018.64030710625	750	9.955528112954278	0.0	412837	5598.625866915675	0.75
149025.10120156867	750	7.494633650560039	0.0	401088	6460.894462394239	0.75
149043.95409735088	750	4.0	11.35826213166059	365161	18852.89578222063	-48.09052716614053
149050.3193281166	300	4.0	2.3652307657145375	131610	6365.2307657145375	-10.32049229257251
149057.6513712243	300	4.0	3.332043107699382	124011	7332.043107699382	-14.027785363107341
149066.17534783066	300	4.0	4.523976606370028	144254	8523.976606370028	-19.15309940739112
149075.41920913634	300	4.0	5.243861305688466	149991	9243.861305688466	-22.248603614460404
149083.32583296718	300	4.0	3.9066238308400214	147968	7906.623830840022	-16.49848247261209
149088.01331647436	300	4.0	0.6874835071468997	161857	4687.4835071469	-2.6561790807316688
149089.3824075533	300	6.630908921062005	0.0	145210	1369.0910789379948	0.3
149090.51661648584	300	9.496699988510317	0.0	172312	1134.2089325516893	0.3
149091.77912291564	300	12.234193558681934	0.0	167025	1262.5064298283824	0.3
149094.51671028972	750	13.496606184624461	0.0	393804	2737.587374057473	0.3
149100.0212360005	1850	11.99208047383202	0.0	830730	5504.525710792441	0.75
149108.55072227572	2850	7.462594198630255	0.0	1364537	8529.486275201765	1.85
149111.8018403151	750	8.211476159236055	0.0	450283	3251.118039394199	0.75
149114.29684063836	750	9.716475835970455	0.0	398865	2495.000323265601	0.75
149116.36349463934	750	11.649821835012222	0.0	350812	2066.6540009582322	0.75
149119.63330068547	1200	12.380015788890928	0.0	617681	3269.806046121296	0.75
149129.43691978778	1850	6.576396686568165	0.0	996749	9803.619102322762	1.2000000000000002
149134.8552533387	1200	5.1580631356648805	0.0	520315	5418.333550903285	0.5499999999999999
149137.22003935202	750	6.793277122332234	0.0	352642	2364.786013332646	0.3
149142.672843362	1200	5.340473112346203	0.0	709534	5452.804009986032	0.75
149146.70471629305	1200	5.308600181289761	0.0	584846	4031.8729310564418	1.2
149152.41908471574	1200	4.0	0.40576824139686685	560821	5714.368422686628	-0.5448034380065274
149157.0312427326	750	4.0	0.6121580168174378	353220	4612.158016817438	-2.3322794723149824
149160.71915493056	750	4.312087802020209	0.0	405134	3687.9121979797915	0.75
149164.28613227513	750	4.7451104574504965	0.0	386351	3566.977344569713	0.75
149174.01340488438	750	4.0	4.982162151788721	434409	9727.272609239217	-20.673297252691498
149177.42453136906	300	4.588873515314876	0.0	140051	3411.1264846851245	-0.15000000000000002
149179.36666917158	300	6.646735712817745	0.0	138313	1942.1378024971314	0.3
149180.5882659256	300	9.42513895881451	0.0	143509	1221.5967540032361	0.3
149181.7952272198	300	12.218177664602285	0.0	150616	1206.9612942122237	0.3
149183.32311321978	300	14.69029166458534	0.0	165384	1527.8860000169452	0.3
149186.4339131349	750	15.57949174946772	0.0	350713	3110.7999151176186	0.3
149190.11333351015	1200	15.90007137421243	0.0	601738	3679.4203752552908	0.75
149194.49083743035	1200	15.52256745400627	0.0	616206	4377.50392020616	1.2
149199.77579872936	1200	14.237606155007933	0.0	656471	5284.961298998336	1.2
149204.02987765268	1200	13.983527231702244	0.0	536667	4254.078923305689	1.2
149208.21366516897	1200	13.79973971541569	0.0	587236	4183.787516286555	1.2
149212.57893500492	1200	13.434469879458083	0.0	590335	4365.269835957606	1.2
149220.86058777358	1200	9.152817110782136	0.0	696376	8281.652768675947	1.2
149224.66531364826	1200	9.348091236131571	0.0	487160	3804.7258746505654	1.2
149230.95902969007	1200	7.054375194328292	0.0	622896	6293.716041803279	1.2
149238.09095019056	1200	4.0	0.0775453061580165	641447	7131.920500486309	0.866555183520529
149241.22779932056	750	4.863150869977914	0.0	358218	3136.849130022086	0.3
149245.0314227785	750	5.059527412062964	0.0	400322	3803.6234579149495	0.75
149248.0651522033	750	6.0257979872512095	0.0	369834	3033.7294248117555	0.75
149251.06132524434	750	7.029624946195253	0.0	412837	2996.1730410559567	0.75
149254.17733008903	750	7.91362010149434	0.0	401088	3116.004844700913	0.75
149258.81773954735	1200	7.273210643195482	0.0	598727	4640.409458298857	0.75
149263.8549003525	1200	6.236049838015882	0.0	487812	5037.1608051796	1.2
149268.32521230532	1200	5.765737885172059	0.0	575591	4470.311952843824	1.2
149273.13167004084	1200	4.959280149658169	0.0	605884	4806.45773551389	1.2
149277.34915199445	1200	4.7417981960605475	0.0	587506	4217.481953597621	1.2
149279.84766306533	750	6.243287125145134	0.0	345516	2498.5110709154137	0.3
149282.5133358239	750	7.577614366603297	0.0	384505	2665.672758541837	0.75
149287.63419598856	1200	6.456754201935474	0.0	599477	5120.860164667823	0.75
149292.4099630655	1200	5.680987125004626	0.0	634861	4775.767076930848	1.2
149297.42076415208	1200	4.67018603841948	0.0	630203	5010.801086585146	1.2
149302.11222225157	1200	4.0	0.021272061053675316	638661	4691.458099473156	1.108530137469196
149306.37185179652	1200	4.0	0.2596295449546096	538612	4259.62954495461	0.08359295669517874
149312.2788320038	1200	4.0	1.9069802072967876	550906	5906.980207296788	-7.000014891376186
149316.55677248558	750	4.0	0.27794048178717	450283	4277.94048178717	-0.44514407168483094
149320.55800271846	750	4.0	0.0012302328718660647	398865	4001.230232871866	0.7447099986509759
149323.16739896993	750	5.390603748486921	0.0	350812	2609.3962515130793	0.75
149325.9423580573	750	6.615644661110053	0.0	382355	2774.959087376869	0.75
149329.26855874638	750	7.289443972066651	0.0	411561	3326.200689043402	0.75
149331.8672708403	750	8.690731878103183	0.0	318564	2598.712093963468	0.75
149334.9727379412	750	9.585264777226525	0.0	352642	3105.467100876658	0.75
149340.96221432107	1200	7.595788397351801	0.0	709534	5989.4763798747235	0.75
149345.69296377877	1200	6.865038939666612	0.0	584846	4730.749457685189	1.2
149350.12406921398	1200	6.433933504457092	0.0	560821	4431.105435209521	1.2
149355.27276539424	1200	5.2852373242035044	0.0	607410	5148.696180253587	1.2
149359.01390763468	750	5.544095083769778	0.0	405134	3741.1422404337263	0.3
149362.44344140735	750	6.114561311088596	0.0	386351	3429.533772681182	0.75
149366.71762720268	750	5.8403755157383275	0.0	434409	4274.185795350269	0.75
149369.7551162702	750	6.802886448257403	0.0	337059	3037.489067480925	0.75
149373.47323144317	750	7.084771275278814	0.0	366214	3718.115172978589	0.75
149377.10895271317	750	7.449050005296287	0.0	360831	3635.7212699825272	0.75
149380.08844862523	750	8.469554093219692	0.0	372963	2979.495912076594	0.75
149383.20730419704	750	9.350698521420371	0.0	405596	3118.855571799322	0.75
149385.586632982	750	10.971369736453525	0.0	350713	2379.3287849668454	0.75
149390.3733055198	1200	10.184697198650312	0.0	601738	4786.672537803212	0.75
149394.3791414573	1200	10.178861261171551	0.0	616206	4005.8359374787606	1.2
149399.5158117903	1200	9.042190928146669	0.0	656471	5136.670333024881	1.2
149403.69266845577	1200	8.865334262680022	0.0	536667	4176.8566654666465	1.2
149409.3854407491	1200	7.172561969382111	0.0	587236	5692.77229329791	1.2
149413.89605704736	1200	6.661945671096024	0.0	590335	4510.616298286088	1.2
149420.98306585723	1200	4.0	0.425063138761353	696376	7087.008809857377	-0.6277714966738177
149425.50150365932	750	4.0	0.5184378021121793	277716	4518.437802112179	-1.9292825490823706
149433.11162061692	750	4.0	3.6101169575745127	400396	7610.1169575745125	-14.773502917570404

