2952.6744623590907	750	4.0	2.121243241677066	450283	2121.243241677066	-8.371345939211384
2953.862571513262	300	6.811890845828496	0.0	155580	1188.109154171504	-0.15000000000000002
2954.8044203928166	300	9.870041966274396	0.0	139857	941.8488795541014	0.3
2955.8340183975633	300	12.8404439615276	0.0	155432	1029.5980047467965	0.3
2956.609147611005	300	16.06531474808537	0.0	163442	775.1292134422297	0.3
2957.1781125619045	300	19.496349797186017	0.0	126289	568.9649508993527	0.3
2957.8518761398177	300	22.822586219272814	0.0	153295	673.7635779132049	0.3
2959.3870850535623	750	25.287377305528185	0.0	437162	1535.2089137446278	0.3
2960.6125329627994	750	28.06192939629106	0.0	374758	1225.447909237124	0.75
2962.148337360632	750	30.5261249984584	0.0	362795	1535.8043978326612	0.75
2963.4508019122504	750	33.22366044684011	0.0	353220	1302.4645516182954	0.75
2964.6578930236233	750	36.01656933546743	0.0	405134	1207.091111372677	0.75
2965.750656888336	750	38.92380547075446	0.0	386351	1092.7638647129686	0.75
2967.0214160346695	750	41.65304632442071	0.0	434409	1270.7591463337485	0.75
2968.056071142409	750	44.618391216681374	0.0	337059	1034.6551077393287	0.75
2969.549531924379	1200	47.12493043471135	0.0	587876	1493.4607819700245	0.75
2971.3035333201865	1200	49.37092903890374	0.0	617242	1754.0013958076067	1.2
2973.9058102498348	1200	50.76865210925552	0.0	581493	2602.27692964822	1.2
2976.4647460240176	1200	52.20971633507266	0.0	639204	2558.935774182858	1.2
2978.5921311715824	1200	54.082331187507876	0.0	586839	2127.3851475647907	1.2
2980.8716604084557	1200	55.80280195063418	0.0	601738	2279.529236873688	1.2
2983.8331793160723	1200	56.8412830430177	0.0	616206	2961.5189076164834	1.2
2985.691158747861	1200	58.983303611228756	0.0	656471	1857.979431788942	1.2
2988.2741546308853	1200	59.50927548494074	0.0	536667	2474.0281262880235	1.2
2990.547689943782	1200	59.92799170686059	0.0	587236	2081.283778080148	1.2
2994.099825796373	1200	59.94154954797346	0.0	590335	2486.442158887127	1.2
2996.3103248540974	1200	59.527646865963106	0.0	696376	1913.9026820103536	1.2
2998.3455410875713	1200	59.79883693708321	0.0	487160	1228.809928879898	1.2
3000.257458273654	1200	59.84808149633868	0.0	622896	1450.7554407445243	1.2
3003.3605152191326	1850	59.726133896268614	0.0	975811	2621.947600070068	1.2000000000000002
3006.8712872299993	1850	59.522302563539455	0.0	873429	3203.8313327291626	1.85
3009.800828992649	1850	59.664002021283366	0.0	954453	2858.300542256083	1.85
3013.1607220484834	1850	59.72517610356294	0.0	885062	2438.8259177204327	1.85
3016.679894087266	1850	59.54162365322884	0.0	1035329	2683.552450334103	1.85
3019.354934328528	1850	59.82741332682192	0.0	1026056	2214.2103264069206	1.85
3025.8500199187733	1850	57.33232773657669	0.0	943942	6495.085590245234	1.85
3027.942880753399	1850	59.23946690195119	0.0	728962	2092.8608346254896	1.85
3032.451051391061	1850	58.73129626428914	0.0	938587	4508.170637662047	1.85
3038.2320762109175	1200	56.950271444432815	0.0	605884	5781.0248198563295	0.5499999999999999
3056.4380984969994	1200	42.74424915835062	0.0	587506	18206.0222860822	1.2
3060.971191253568	300	42.211156401782006	0.0	147968	4533.0927565686125	-0.6000000000000001
3065.280833305317	300	41.90151435003304	0.0	161857	4309.642051748969	0.3
3068.430568459136	300	42.75177919621406	0.0	145210	3149.735153818977	0.3
3071.988424647475	300	43.19392300787552	0.0	172312	3557.8561883385432	0.3
3075.6707707290193	300	43.511576926330804	0.0	167025	3682.346081544717	0.3
3078.4817333557776	300	44.70061429957214	0.0	160064	2810.9626267586636	0.3
3080.9127315910605	300	46.26961606428949	0.0	137507	2430.998235282648	0.3
3082.932020281231	750	48.25032737411856	0.0	314107	2019.2886901709296	0.3
3085.621973796779	750	49.56037385857078	0.0	450283	2689.9535155477893	0.75
3086.4672384352616	300	52.71510922008813	0.0	155580	845.264638482641	-0.15000000000000002
3087.1461609802504	300	56.03618667509912	0.0	139857	678.9225449890154	0.3
3087.869238742629	300	59.31310891272038	0.0	155432	723.0777623787372	0.3
3090.435156497605	750	59.600217199710855	0.0	411561	1712.8917130095308	0.3
3092.3507793862827	750	59.93491877635508	0.0	318564	1665.298423355771	0.75
3094.3584394840004	750	59.7507509601574	0.0	352642	1684.1678161976838	0.75
3098.312646829225	750	59.79654361493301	0.0	437162	3954.207345224395	0.75
3102.1878298706733	750	59.92136057348418	0.0	374758	3375.1830414488277	0.75
3105.620768521675	750	59.525832582079865	0.0	362795	3395.527991404315	0.75
3109.3520068219163	750	59.61891876175766	0.0	353220	2906.9138203222014	0.75
3113.04777318545	750	59.59769781995079	0.0	405134	3021.220941806872	0.75
3116.1626473835618	750	59.51803343175791	0.0	386351	2579.66438819288	0.75
3120.311255215709	750	59.36942559961055	0.0	434409	4148.607832147352	0.75
3124.5150581271328	750	59.16562268818689	0.0	337059	4203.802911423659	0.75
3128.7887071812524	750	58.89197363406718	0.0	366214	4273.649054119712	0.75
3133.584407527122	750	58.09627328819759	0.0	360831	4795.700345869592	0.75
3138.972961190598	750	56.70771962472173	0.0	372963	5388.55366347585	0.75
3143.874557724258	750	55.80612309106187	0.0	405596	4901.596533659865	0.75
3145.5538066259396	300	58.12687418938026	0.0	140881	1679.24890168161	-0.15000000000000002
3147.0709602004	300	59.795481928298344	0.0	157671	1331.3922610819116	0.3
3149.3880697818445	300	59.929807794265315	0.0	157812	1365.6741340330257	0.3
3151.626179198234	300	59.95097080977654	0.0	163927	1478.8369844887814	0.3
3153.7453506728452	300	59.89152128842112	0.0	137654	1559.449521355424	0.3
3155.79758830504	300	59.5847634489521	0.0	146754	1306.7578394690165	0.3
3157.312585785185	300	59.645004605241986	0.0	153938	939.758843710117	0.3
3160.0479850919633	300	59.71492427007039	0.0	181901	1930.0803351715929	0.3
3161.4713182290334	300	59.84591718733859	0.0	111155	869.0070827317946	0.3
3162.674874726763	300	59.955801965643076	0.0	153605	890.115221695517	0.3
3163.8524107555013	300	59.96375458929111	0.0	149029	992.0473763519652	0.3
3164.857588900933	300	59.65890984276815	0.0	157421	804.8447465229596	0.3
3165.9493626462868	300	59.59318966954572	0.0	157488	1065.7201732224248	0.3
3169.091661442612	750	59.71956705744902	0.0	369834	2373.622612096704	0.3
3171.85556567454	750	59.59595303359934	0.0	412837	2123.614023849682	0.75
3173.895141625876	750	59.767310161970094	0.0	401088	1828.6428716292455	0.75
3177.2157893763874	750	59.90245282656814	0.0	365161	2364.857335401964	0.75
3179.288119261935	750	59.94418309134891	0.0	321064	1458.269735219228	0.75
3182.7394306701685	1200	59.97005746239655	0.0	575591	2974.1256289523694	0.75
3186.1510078437004	1200	59.693361765271256	0.0	605884	2776.695697125289	1.2
3189.8326829610214	1200	59.864464944813825	0.0	587506	3328.8968204574367	1.2
3193.9139301450846	1200	59.54023050121415	0.0	566904	3824.2344435996783	1.2
3198.231968276419	1200	59.22219236987926	0.0	641452	4318.038131334884	1.2
3202.9204503438127	1200	58.53371030248577	0.0	599477	4688.4820673934855	1.2
3207.0165211353283	1200	58.43763951097038	0.0	634861	4096.070791515393	1.2
3211.608315869665	1200	57.84584477663349	0.0	630203	4591.794734336888	1.2
3215.7537463456183	1200	57.700414300680286	0.0	638661	4145.430475953207	1.2
3220.3318570119177	1850	57.122303634381225	0.0	830730	4578.110666299058	1.2000000000000002
3228.247401517134	2850	53.20675912916468	0.0	1364537	7915.544505216542	1.85
3231.309356997145	750	54.14480364915359	0.0	450283	3061.955480011096	0.75
3233.955703927292	750	55.49845671900723	0.0	398865	2646.346930146363	0.75
3236.983603110872	750	56.470557535426536	0.0	350812	3027.8991835806855	0.75
3239.9375215487794	750	57.516639097519324	0.0	382355	2953.918437907214	0.75
3244.0822106683	750	57.3719499779987	0.0	411561	4144.689119520621	0.75
3247.1605377586557	750	58.29362288764267	0.0	318564	3078.327090356033	0.75
3249.2838013426767	300	59.592301272649465	0.0	153295	1201.3216149932036	-0.15000000000000002
3251.310527379752	300	59.89490923862616	0.0	173849	1697.392034023304	0.3
3253.042813200747	300	59.60343332965421	0.0	150710	1291.4759089719537	0.3
3254.5413187609884	300	59.76408550554483	0.0	139105	1339.3478241093835	0.3
3256.783738090592	300	59.90745470880925	0.0	141840	1356.630796735583	0.3
3258.8566450241856	300	59.87889550844648	0.0	156148	1528.5592003627598	0.3
3261.460261627137	300	59.78426107358607	0.0	160746	2094.634434860409	0.3
3263.4317851246306	300	59.727490408884634	0.0	179801	1556.7706647014415	0.3
3265.9164638061065	300	59.61752748454289	0.0	140051	2109.9629243417435	0.3
3268.60691350573	300	59.55916051329841	0.0	138313	1558.366971244479	0.3
3270.5361574217764	300	59.75557991946453	0.0	143509	1303.5805938338822	0.3
3272.8618077549654	300	59.6055864139763	0.0	150616	1649.9935054882324	0.3
3275.095832321529	300	59.506402544545075	0.0	165384	1599.1838694312275	0.3
3276.746381659718	300	59.58854822401698	0.0	140881	1417.8543205280976	0.3
3279.6361965792535	300	59.54948827307937	0.0	157671	2039.0599509376113	0.3
3281.551524607905	300	59.892201743052595	0.0	157812	1657.2865300267715	0.3
3285.7467731132697	300	59.5785982396825	0.0	163927	3313.6035033701	0.3
3287.8334915583528	300	59.56106151813836	0.0	137654	1517.5367215441333	0.3
3290.4461244863837	300	59.78433591589269	0.0	146754	1776.725602245673	0.3
3294.5655195018876	300	59.664940900388444	0.0	153938	4119.395015504249	0.3
3300.2225529675966	300	58.00790743467927	0.0	181901	5657.033465709174	0.3
3302.868383053862	300	59.36207734841393	0.0	111155	2645.8300862653314	0.3
3306.1986563479754	300	59.73052364798896	0.0	153605	2631.553700424975	0.3
3308.4594553750094	300	59.634483931316254	0.0	149029	1596.0397166727068	0.3
3311.973035511843	300	59.90007351807986	0.0	157421	2234.410413236396	0.3
3316.221054026348	300	59.65205500357493	0.0	157488	4248.018514504925	0.3
3320.3502886226643	300	59.52282040725858	0.0	143881	4129.234596316353	0.3
3324.429695149208	300	59.44341388071476	0.0	163444	4079.4065265438185	0.3
3327.5891228775977	300	59.965614697001236	0.0	179328	2477.799183713525	0.3
3330.4623224883526	300	59.75032916396189	0.0	159914	2215.2855330393477	0.3
3332.850900931816	300	59.69949698108775	0.0	131610	2050.8321828741373	0.3
3335.6224347825787	300	59.927103186001396	0.0	124011	1772.3937950863476	0.3
3337.631352158638	300	59.5477145258095	0.0	144254	1879.3886601918962	0.3
3338.7245773063783	300	59.87086630987321	0.0	149991	676.8482159362991	0.3
3339.9498406862954	300	59.660923085816805	0.0	147968	709.9432240564084	0.3
3341.328683109909	300	59.82916195194011	0.0	161857	1331.7611338766912	0.3
3342.9432643896425	300	59.71541195694195	0.0	145210	1613.7499949981584	0.3
3345.213716791518	300	59.775101398371945	0.0	172312	1440.3105585700064	0.3
3349.8391250509694	750	59.14969313892069	0.0	398987	4625.40825945126	0.3
3354.0352796235993	750	58.953538566291044	0.0	393804	4196.154572629647	0.75
3360.222450643795	1200	56.76636754609506	0.0	538612	6187.171020195979	0.75
3370.3611047795252	1850	50.62771341036515	0.0	846370	10138.654135729905	1.2000000000000002
3376.6164244096117	750	48.37239378027866	0.0	450283	6255.319630086501	0.75
3377.7934406702707	300	51.19537751961981	0.0	155580	1177.0162606588437	-0.15000000000000002
3378.6834576572924	300	54.305360532597966	0.0	139857	890.0169870218486	0.3
3379.807286148259	300	57.18153204163112	0.0	155432	1123.8284909668432	0.3
3381.227979421512	300	59.76083876837883	0.0	163442	1420.6932732522878	0.3
3382.7427511607125	300	59.78465513542775	0.0	126289	976.1836329510859	0.3
3384.4875283301412	300	59.63156060383809	0.0	153295	1153.0945315896615	0.3
3386.740548237146	300	59.85589196925538	0.0	173849	1275.668634582701	0.3
3388.587620520645	300	59.86553146371691	0.0	150710	990.360505538472	0.3
3391.005824430169	300	59.59478539793517	0.0	139105	1770.7460657817435	0.3
3392.5800096115963	300	59.561421729092466	0.0	141840	1033.363668842704	0.3
3394.4723528715535	300	59.778160855406256	0.0	156148	1783.260873686208	0.3
3395.9600586235	300	59.628849172568295	0.0	160746	649.3116828379556	0.3
3396.9800426803736	300	59.562554178686206	0.0	179801	566.2949938820868	0.3
3398.577122797219	300	59.945358651759015	0.0	140051	617.195526927191	0.3
3400.379489106755	750	59.77511779195015	0.0	366214	1170.2408598088623	0.3
3403.0822027458407	750	59.65482369727086	0.0	360831	2620.2940946792924	0.75
3407.42086965121	1200	59.316156791901506	0.0	581493	4338.666905369346	0.75
3411.1165406621662	1200	59.56086451131131	0.0	639204	2755.292280590195	1.2
3418.4973991008055	1200	56.18000607267186	0.0	586839	7380.858438639451	1.2
3423.970296120754	1200	54.707109052723574	0.0	601738	5472.8970199482865	1.2
3425.5382549521996	750	57.139150221277774	0.0	399894	1567.958831445804	0.3
3426.9814922578307	750	59.695912915646666	0.0	401853	943.2373056311051	0.75
3428.3560617963917	750	59.72329330938121	0.0	343800	972.6196062654592	0.75
3429.2220965017655	750	59.94525092284248	0.0	359903	778.0423865387302	0.75
3430.9954341973385	1200	59.72857823447345	0.0	590335	1716.6726883690255	0.75
3435.3460473162954	1200	59.37796511551605	0.0	696376	4350.613118957409	1.2
3440.847211724077	1200	57.87680070773416	0.0	487160	5501.164407781887	1.2
3451.48677666101	1200	51.23723577080168	0.0	622896	10639.56493693248	1.2
3461.778557667733	1200	44.94545476407917	0.0	641447	10291.781006722511	1.2
3463.86313820039	300	46.8608742314215	0.0	157421	2084.5805326576715	-0.6000000000000001
3466.0846863131283	300	48.63932611868355	0.0	157488	2221.548112737948	0.3
3467.935027849877	300	50.78898458193495	0.0	143881	1850.3415367485989	0.3
3470.473478796672	300	52.25053363513955	0.0	163444	2538.450946795404	0.3
3471.9429710386285	300	54.78104139318315	0.0	179328	1469.4922419563943	0.3
3473.4601300137897	300	57.26388241802218	0.0	159914	1517.158975160969	0.3
3474.928851054109	300	59.72870230968978	0.0	131610	1035.1801083323955	0.3
3476.0122988024195	300	59.824248901528264	0.0	124011	904.4534081615207	0.3
3478.032776156426	300	59.992507394599556	0.0	144254	1331.7415069287056	0.3
3481.4726641715283	750	59.546931310587034	0.0	390680	2445.576084012522	0.3
3483.24297120902	750	59.59943375738624	0.0	345516	1447.4975532007973	0.75
3486.6322075723383	750	59.64522031787274	0.0	384505	2454.2134395134954	0.75
3490.0100355208774	750	59.88481780550553	0.0	372093	2760.402512367218	0.75
3493.965029152537	750	59.83503370776129	0.0	438281	3549.784097744231	0.75
3498.450031944967	750	59.35003091533104	0.0	398987	4485.002792430254	0.75
3502.7129994887478	1200	59.087063371550585	0.0	638661	4262.967543780452	0.75
3505.827306155975	1200	59.97275670432307	0.0	538612	3114.3066672275177	1.2
3513.384865625407	2850	56.415197234891096	0.0	1364537	7557.559469431976	1.2000000000000002
3516.314997443953	750	57.48506541634493	0.0	450283	2930.1318185461632	0.75
3519.111724704578	750	58.68833815571979	0.0	398865	2796.7272606251327	0.75
3522.111292409431	750	59.68877045086725	0.0	350812	2499.5677048525413	0.75
3525.431000746217	750	59.96565267787936	0.0	382355	2723.1177729878923	0.75
3529.4205718338685	750	59.97608159022748	0.0	411561	3989.5710876518824	0.75
3532.066736640559	750	59.63108001260693	0.0	318564	2345.0015776205473	0.75
3535.705881544645	750	59.9919351085212	0.0	352642	3139.1449040857347	0.75
3539.4068539533914	750	59.86610297072599	0.0	437162	3125.832137795207	0.75
3541.795596935157	750	59.90430161531905	0.0	374758	1961.8013554069394	0.75
3544.1365417533057	750	59.757300019423624	0.0	362795	2147.001595895426	0.75
3546.719918191615	750	59.7625834113956	0.0	353220	2494.7166080280194	0.75
3549.4883371451174	750	59.881203849784995	0.0	405134	1881.3795616106072	0.75
3552.2670298722437	750	59.59137718216803	0.0	386351	1789.8266676169592	0.75
3554.6855527908024	750	59.80654875264317	0.0	434409	1784.828429524864	0.75
3556.4816292199084	750	59.87535778260732	0.0	337059	1431.1909700358487	0.75
3558.12092971777	750	59.9281502632112	0.0	366214	1447.2075193961116	0.75
3560.426260833317	750	59.54103119467099	0.0	360831	1887.1190685402087	0.75
3562.8947317964407	750	59.96140173661228	0.0	372963	1579.6294580587135	0.75
3565.486029296663	750	59.96967373903358	0.0	405596	1991.727997578697	0.75
3567.6579137087315	750	59.86351628432119	0.0	350713	1606.1574547123885	0.75
3570.3141496673006	750	59.76826178371453	0.0	386472	2095.2545006066616	0.75
3573.1238500084	750	59.7984023421462	0.0	399894	2469.859441568335	0.75
3575.2657060806873	750	59.83739475576829	0.0	401853	1961.00758637791	0.75
3577.5003564944263	750	59.94549379185344	0.0	343800	1391.90096391485	0.75
3580.206534672232	750	59.908779427862456	0.0	359903	2036.714363990976	0.75
3582.77541989146	750	59.65406872515592	0.0	379700	1754.7107027065356	0.75
3585.6784809814094	750	59.77462543844164	0.0	425781	2379.443286714284	0.75
3588.975867193262	750	59.822241234133394	0.0	277716	2952.3842043082477	0.75
3591.23545892059	750	59.56494637424107	0.0	400396	1757.2948598923251	0.75
3593.3222093612503	750	59.69721958762908	0.0	400508	1867.726786611987	0.75
3595.97664100301	750	59.50401559377316	0.0	358218	1693.20399385592	0.75
3598.2842300505986	750	59.780334893930934	0.0	400322	1723.6806998422217	0.75
3600.6404361587624	750	59.54068601372219	0.0	369834	1739.6488802087486	0.75
3602.4606632646537	750	59.8883510747539	0.0	412837	1652.3349389682908	0.75
3604.9017337486507	750	59.70126191621695	0.0	401088	2187.089158536945	0.75
3606.7589998327817	750	59.59861953688159	0.0	365161	1602.6423793353586	0.75
3608.7668827176203	1200	59.64298994686019	0.0	487812	1955.6295900214002	0.75
3612.7007745032424	1200	59.70909816123824	0.0	575591	3933.891785621952	1.2
3616.743172792226	1200	59.666699872254696	0.0	605884	3542.3982889835424	1.2
3620.128176821811	750	59.98346954217312	0.0	390680	3183.230330081587	0.3
3621.546796532557	750	59.784546536552334	0.0	345516	1198.9230056207828	0.75
3624.471874313671	750	59.90235599855758	0.0	384505	2382.1905379947502	0.75
3626.5643839191803	750	59.74204481736272	0.0	372093	1660.3111811948677	0.75
3628.0266661821356	750	59.89250289804233	0.0	438281	1349.5419193203882	0.75
3631.013453823633	1200	59.90797924911113	0.0	630203	1984.5236489311978	0.75
3638.093710848757	1850	56.827722223986974	0.0	982064	7080.257025124155	1.2000000000000002
3642.6680463037796	1850	56.25338676896401	0.0	830730	4574.335455022966	1.85
3655.099245223223	2850	47.82218784952078	0.0	1364537	12431.198919443235	1.85
3657.263931104385	750	49.65750196835933	0.0	450283	2164.685881161454	0.75
3660.3767810703603	750	50.5446520023835	0.0	398865	3112.8499659758236	0.75
3663.821646780961	750	51.099786291782905	0.0	350812	3444.865710600599	0.75
3673.5481595968104	750	45.37327347593347	0.0	382355	9726.512815849432	0.75
3676.702265940868	300	46.219167131875935	0.0	163442	3154.106344057537	-0.15000000000000002
3677.654585022485	300	49.26684805025875	0.0	126289	952.3190816171856	0.3
3678.6101685297203	300	52.31126454302344	0.0	153295	955.5835072353041	0.3
3679.6670160881818	300	55.25441698456248	0.0	173849	1056.8475584609569	0.3
3680.490490326447	300	58.43094274629696	0.0	150710	823.4742382655279	0.3
3681.2816219605675	300	59.737527176927024	0.0	139105	693.4155693699308	0.3
3683.6747699272473	750	59.748811225962285	0.0	353220	1488.71595096474	0.3
3688.839109963781	750	58.58447118942837	0.0	405134	5164.340036533921	0.75
3691.9382023577464	750	59.485378795463596	0.0	386351	3099.0923939647696	0.75
3693.4938931928523	750	59.637965601017456	0.0	434409	1347.4131944461396	0.75
3694.601073691289	750	59.6330141721291	0.0	337059	1004.9514288883587	0.75
3696.432302285906	750	59.59851440959463	0.0	366214	1034.4997625344663	0.75
3698.0586003212798	750	59.84822980794935	0.0	360831	1250.2846016452845	0.75
3708.2945599982677	1200	53.61227013096135	0.0	581493	10235.959676987999	0.75
3717.992652753511	750	47.914177375718346	0.0	405596	9698.092755242998	0.3
3721.01189017562	750	48.89493995360938	0.0	350713	3019.2374221089594	0.75
3722.3599678332157	300	51.54686229601362	0.0	157671	1348.0776575957661	-0.15000000000000002
3723.8559469804063	300	54.05088314882289	0.0	157812	1495.9791471907306	0.3
3725.372329862526	300	56.53450026670343	0.0	163927	1516.3828821194531	0.3
3727.171462760901	300	58.735367368328994	0.0	137654	1799.1328983744406	0.3
3732.0489699573795	300	57.85786017185007	0.0	146754	4877.507196478926	0.3
3737.3526171309195	300	56.55421299831017	0.0	153938	5303.6471735399	0.3
3747.8655223098085	300	50.041307819420894	0.0	181901	10512.90517888928	0.3
3753.3491639727104	300	48.5576661565191	0.0	111155	5483.641662901801	0.3
3760.2429312712393	300	45.66389885799031	0.0	153605	6893.767298528788	0.3
3768.2377182283394	300	41.669111900890364	0.0	149029	7994.786957099949	0.3
3775.6629489884676	300	38.243881140762056	0.0	157421	7425.2307601283	0.3
3776.866501468308	300	41.04032866092167	0.0	157488	1203.5524798403846	0.3
3778.082975095746	300	43.82385503348349	0.0	143881	1216.4736274381894	0.3
3779.1516111939573	300	46.755218935272346	0.0	163444	1068.636098211144	0.3
3780.276646570405	300	49.63018355882449	0.0	179328	1125.0353764478505	0.3
3781.275077448655	300	52.63175268057466	0.0	159914	998.4308782498367	0.3
3781.9679477063414	300	55.9388824228884	0.0	131610	692.8702576862663	0.3
3782.5998147801843	300	59.30701534904553	0.0	124011	631.8670738428701	0.3
3784.9098762414683	750	59.659598564719445	0.0	378327	1647.4167843260777	0.3
3786.8196648123976	750	59.97152661773367	0.0	390680	1688.071946985773	0.75
3788.2725423065904	750	59.80094618260939	0.0	345516	1170.5804351242857	0.75
3791.638289103974	750	59.8987213134516	0.0	384505	2402.2248691577875	0.75
3793.091653725364	750	59.55929996686942	0.0	372093	1339.4213465821879	0.75
3796.5847964192567	1200	59.519200257327014	0.0	634861	2540.099709542404	0.75
3799.6065357962434	1200	59.93885206100918	0.0	630203	2580.3481963178365	1.2
3804.6791443609713	1850	58.86624349628125	0.0	982064	5072.608564727932	1.2000000000000002
3809.2914404627522	2850	58.25394739450035	0.0	1231456	4612.296101780899	1.85
3813.78934067013	2850	57.75604718712227	0.0	1364537	4497.900207378076	2.85
3815.9064129139174	750	59.50460909250621	0.0	450283	1251.4380946160575	0.75
3819.02146795136	1200	59.72539864837071	0.0	611087	2779.210444135507	0.75
3822.20053788428	1200	59.988285978564356	0.0	571051	2237.1126698063463	1.2
3825.604450947374	1200	59.65780807857415	0.0	617681	3330.477899990212	1.2
3829.205706315392	1200	59.84789797611695	0.0	652874	2809.9101024572014	1.2
3831.634835786263	1200	59.974505873461965	0.0	520315	1873.3921026549829	1.2
3833.9640840927627	1200	59.756750404319845	0.0	561791	1717.755469142125	1.2
3837.2216264290273	1200	59.86972565486653	0.0	709534	2887.0247494533182	1.2
3839.382824053775	1200	59.714385635898275	0.0	584846	2155.3400189682484	1.2
3842.4132446160693	1200	59.9066041576411	0.0	560821	2307.7814782571713	1.2
3846.819311726998	1200	59.50053704671244	0.0	607410	3906.067110928663	1.2
3850.403190811114	1200	59.91665796259602	0.0	594078	3583.8790841164127	1.2
3853.5430548321615	1200	59.73301859161338	0.0	624282	2683.6393709826457	1.2
3855.94440206883	1200	59.94945729831139	0.0	687371	2283.561293301986	1.2
3859.260465675838	1200	59.53531846649051	0.0	526950	2914.138831820886	1.2
3862.630269016834	1200	59.67737918358622	0.0	587876	2857.939282904288	1.2
3866.119347276615	1200	59.71777208274152	0.0	617242	3459.6071008447016	1.2
3868.2843724066515	1200	59.59499509719131	0.0	581493	2122.776985550215	1.2
3871.2675180548254	1200	59.81904634534787	0.0	639204	2775.9487518434307	1.2
3875.18042343188	1200	59.629192104985236	0.0	586839	3689.854240362636	1.2
3878.957840425386	1200	59.80300917657859	0.0	601738	2826.182928406646	1.2
3882.4173215110172	1200	59.72388566631261	0.0	616206	2579.1235102659807	1.2
3885.63948261335	1200	59.663983902828704	0.0	656471	2559.9017634839083	1.2
3888.5186536354922	1200	59.505528061182176	0.0	536667	2158.455841646529	1.2
3892.0479993109166	1200	59.55121281371756	0.0	587236	2954.315247464611	1.2
3895.726809710974	1200	59.848822827669025	0.0	590335	2702.38998604853	1.2
3898.786563206714	1200	59.66765628680323	0.0	696376	2181.166540865802	1.2
3901.84574384721	1200	59.52685944399241	0.0	487160	2140.796842810824	1.2
3904.320248493687	1200	59.84329901959653	0.0	622896	2183.5604243958765	1.2
3906.2195297658272	1200	59.98963049456699	0.0	641447	1853.6685250295395	1.2
3908.5512148408425	1200	59.53559433061458	0.0	570392	1954.0361639524149	1.2
3912.1663308770258	1200	59.83786076805446	0.0	620283	2697.7335625601204	1.2
3915.8890990201617	1200	59.834667933298114	0.0	584349	3003.192834756346	1.2
3919.1276211068093	1200	59.669694544163946	0.0	670129	3164.973389134166	1.2
3922.946534833463	1200	59.85078081751071	0.0	690253	3318.9137266532334	1.2
3925.746435617764	1200	59.6775616374436	0.0	598727	2173.2191800671117	1.2
3928.1022795957656	1200	59.961480450559655	0.0	487812	2216.081186883943	1.2
3931.8976399834287	1200	59.834181652287086	0.0	575591	2627.2987982725676	1.2
3935.939942801817	1200	59.79187883389882	0.0	605884	4042.302818388267	1.2
3939.2809015428584	1200	59.6870816672675	0.0	587506	3104.797166631326	1.2
3943.057665641014	1200	59.80828040539468	0.0	566904	2878.8012618728153	1.2
3947.117924579906	1200	59.748021466503005	0.0	641452	4060.2589388916763	1.2
3950.9824364012306	1200	59.66287644342778	0.0	599477	3585.1450230752316	1.2
3963.9418487067164	1200	50.70346413794235	0.0	634861	12959.41230548543	1.2
3979.618855902042	1200	39.02645694261635	0.0	630203	15677.007195326	1.2
3988.965963420385	750	33.679349424273475	0.0	393804	9347.107518342875	0.3
3993.3849062844256	300	33.2604065602329	0.0	137507	4418.942864040575	-0.15000000000000002
3999.8997902435285	750	30.745522601129956	0.0	314107	6514.883959102943	0.3
4010.6656228282927	750	23.979690016365396	0.0	450283	10765.832584764561	0.75
4014.1269169503084	300	24.518395894349712	0.0	155580	3461.2941220156813	-0.15000000000000002
4017.7208661483287	300	24.92444669632921	0.0	139857	3593.949198020502	0.3
4022.428410277386	300	24.216902567272573	0.0	155432	4707.544129056637	0.3
4026.1993546732074	300	24.44595817145082	0.0	163442	3770.944395821751	0.3
4027.1455401766225	300	27.499772668035593	0.0	126289	946.1855034152276	0.3
4028.2419946924197	300	30.403318152238672	0.0	153295	1096.45451579692	0.3
4030.0206559556736	300	32.62465688898486	0.0	173849	1778.6612632538113	0.3
4031.642597283808	300	35.00271556085057	0.0	150710	1621.941328134289	0.3
4032.841316495554	300	37.803996349104516	0.0	139105	1198.7192117460615	0.3
4033.897078555222	300	40.74823428943638	0.0	141840	1055.7620596681313	0.3
4035.076026740199	300	43.5692861044597	0.0	156148	1178.9481849766794	0.3
4036.38945852881	300	46.255854315848936	0.0	160746	1313.431788610767	0.3
4037.777900029316	300	48.86741281534283	0.0	179801	1388.4415005061046	0.3
4038.7685040774254	300	51.876808767233385	0.0	140051	990.604048109449	0.3
4039.7674508283494	300	54.87786201630958	0.0	138313	998.9467509238057	0.3
4040.644037464594	300	58.001275380064634	0.0	143509	876.5866362449433	0.3
4042.680686149111	300	59.70093496861261	0.0	150616	1300.340411452022	0.3
4044.705851651983	300	59.75600635370918	0.0	165384	1444.9286149034258	0.3
4045.7225152372594	300	59.9872930050554	0.0	140881	768.7133486537848	0.3
4046.772906504673	300	59.76657248965995	0.0	157671	720.7205153954478	0.3
4047.7013526491182	300	59.60218479344626	0.0	157812	664.3876962136858	0.3
4050.3974175759427	750	59.840681554149846	0.0	401853	1761.5032392964174	0.3
4052.3793803602775	750	59.951481005746594	0.0	343800	1389.2005484032495	0.75
4054.82359352156	750	59.685755543071174	0.0	359903	1765.7254626754188	0.75
4057.067822566638	750	59.8423848698356	0.0	379700	1843.3706732355733	0.75
4060.898972027477	750	59.973239325337	0.0	425781	2869.145544498605	0.75
4062.9043644110275	750	59.89154509173249	0.0	277716	1081.6942336045	0.75
4069.421484725541	750	57.3744247772192	0.0	400396	6517.120314513296	0.75
4075.797193531407	750	54.99871597135321	0.0	400508	6375.708805865987	0.75
4080.2878986407068	750	54.50801086205357	0.0	358218	4490.70510929964	0.75
4084.03064691354	750	54.76526258922039	0.0	400322	3742.748272833174	0.75
4087.392096096466	750	55.403813406294184	0.0	369834	3361.4491829262092	0.75
4088.707881558656	300	58.08802794410389	0.0	163444	1315.7854621902868	-0.15000000000000002
4091.4231186279685	750	59.37279087479158	0.0	401088	2715.237069312309	0.3
4094.5807491334467	750	59.813701805495796	0.0	365161	3059.08906929579	0.75
4097.638348720788	750	59.9786727299165	0.0	321064	2335.029075579296	0.75
4099.116864154593	750	59.50120026889448	0.0	361565	1477.4724610220221	0.75
4101.951361378018	750	59.78947314357406	0.0	378327	2211.727125320422	0.75
4105.582515707127	750	59.95428102807177	0.0	390680	3335.192115502288	0.75
4108.645847569008	750	59.516096203934296	0.0	345516	2438.1848241374655	0.75
4111.059059888722	750	59.651563562949086	0.0	384505	2364.5326409852114	0.75
4114.358019281068	750	59.911923706140854	0.0	372093	2739.63985680823	0.75
4117.430585323028	750	59.85530045292917	0.0	438281	2556.623253211686	0.75
4120.258458158359	750	59.7433354296383	0.0	398987	2611.965023290876	0.75
4124.1370353661605	1200	59.86200073175772	0.0	638661	2881.3346978805753	0.75
4127.9471773151745	1850	59.90105101221091	0.0	830730	2960.949719546816	1.2000000000000002
4135.397599596193	2850	56.45062873119237	0.0	1364537	7450.422281018535	1.85
4138.337487779904	750	57.51074054748096	0.0	450283	2939.8881837114113	0.75
4139.9352657658	750	59.9129625615853	0.0	398865	1597.777985895654	0.75
4141.7973833617325	750	59.80504410366567	0.0	350812	1607.9184579196278	0.75
4144.72053780199	750	59.565566452543365	0.0	382355	2739.4776511223017	0.75
4148.02824834517	750	59.94854957552091	0.0	411561	2617.0168770224645	0.75
4151.1065205061395	750	59.919260328114675	0.0	318564	2529.2892474062323	0.75
4154.710491425995	750	59.541766324968776	0.0	352642	2877.4940031458946	0.75
4159.725965244123	750	58.52629250684147	0.0	437162	5015.473818127306	0.75
4163.988792082722	750	58.26346566824241	0.0	374758	4262.826838599056	0.75
4167.36068593276	750	58.89157181820394	0.0	362795	3371.8938500384647	0.75
4170.045209286502	750	59.80664585307043	0.0	353220	2584.925965133513	0.75
4173.3681554632	750	59.600471459025044	0.0	405134	3206.1743940453816	0.75
4175.952022465725	750	59.98642384908963	0.0	386351	2114.0476099354155	0.75
4179.031067576189	750	59.596810990152	0.0	434409	2389.6128589376294	0.75
4181.291423185828	750	59.860849311096175	0.0	337059	2235.961679055827	0.75
4183.970258475974	750	59.644128631313386	0.0	366214	1716.7206797827905	0.75
4187.434172203024	750	59.56772907297092	0.0	360831	2576.3995583424594	0.75
4190.008893008033	750	59.88412575482039	0.0	372963	2183.603318150536	0.75
4193.052612507521	750	59.94832474850538	0.0	405596	2935.8010063150073	0.75
4196.101562660547	750	59.62230891857927	0.0	350713	2826.015829926111	0.75
4199.82547100432	750	59.89840057480613	0.0	386472	3723.908343773142	0.75
4204.077837888118	750	59.646033691008704	0.0	399894	4252.366883797426	0.75
4207.983500576767	750	59.74037100235977	0.0	401853	3905.662688648931	0.75
4211.819331651349	750	59.57439158472813	0.0	343800	3165.979417631641	0.75
4215.095452429491	750	59.650757024132325	0.0	359903	2923.6345605958077	0.75
4219.249451018211	750	59.4967584354119	0.0	379700	4153.998588720429	0.75
4224.209788917322	750	58.53642053630143	0.0	425781	4960.337899110471	0.75
4227.187124213864	750	59.55908523975898	0.0	277716	2977.335296542448	0.75
4232.281033361909	750	58.465176091713936	0.0	400396	5093.909148045044	0.75
4238.629840977345	750	56.116368476277046	0.0	400508	6348.80761543689	0.75
4241.2454116933095	300	57.500797760313596	0.0	157421	2615.5707159634494	-0.15000000000000002
4244.702028826647	300	58.04418062697625	0.0	157488	3456.6171333373422	0.3
4247.429084089547	300	59.3171253640751	0.0	143881	2727.0552629011486	0.3
4250.012376729636	300	59.818037982832145	0.0	163444	2499.0873812429586	0.3
4254.762845301106	300	59.067569411363046	0.0	179328	4750.468571469097	0.3
4261.048085160179	300	56.782329552289475	0.0	159914	6285.239859073571	0.3
4264.38501618305	300	57.44539852941956	0.0	131610	3336.9310228699123	0.3
4267.363504662123	300	58.46691005034601	0.0	124011	2978.488479073556	0.3
4270.138431349468	300	59.69198336300009	0.0	144254	2274.9266873459164	0.3
4272.1206204667615	300	59.670018743693035	0.0	149991	1521.964619307061	0.3
4274.501387913799	300	59.864747269167076	0.0	147968	1305.2714745259614	0.3
4277.037504026105	300	59.51943719927031	0.0	161857	1845.31006989677	0.3
4278.65173353287	300	59.63272546709153	0.0	145210	1386.7117321787744	0.3
4280.5749734950805	300	59.55486437328029	0.0	172312	1077.861093811247	0.3
4282.914300822125	300	59.502390143957	0.0	167025	1552.4742293232832	0.3
4286.662855514806	750	59.753835451276466	0.0	393804	2748.554692680542	0.3
4291.333384406041	1200	59.08330656004301	0.0	538612	4670.528891233454	0.75
4300.207311464345	2850	54.209379501738425	0.0	1364537	8873.927058304585	1.2000000000000002
4303.508183272454	750	54.90850769362996	0.0	450283	3300.871808108469	0.75
4306.045191807041	750	56.371499159042806	0.0	398865	2537.008534587154	0.75
4308.2351381943545	750	58.18155277172908	0.0	350812	2189.9463873137183	0.75
4310.796482843894	750	59.62020812218867	0.0	382355	2561.3446495404137	0.75
4314.358296527415	750	59.66831884017312	0.0	411561	2951.889282015543	0.75
4317.764872263486	750	59.64749317289098	0.0	318564	3020.825667282143	0.75
4320.764423452899	750	59.93209261257824	0.0	352642	2215.4005603127425	0.75
4324.670698468123	750	59.81603041951578	0.0	437162	3116.062193062458	0.75
4328.408140584271	750	59.71291577252378	0.0	374758	3103.114646991999	0.75
4330.459803141638	750	59.66824822841732	0.0	362795	2044.667544106467	0.75
4332.972166924665	750	59.77606384353455	0.0	353220	1892.1843848827623	0.75
4335.551754575676	750	59.746359717101505	0.0	405134	2029.7041264330464	0.75
4337.360010761363	750	59.64717338654662	0.0	386351	1599.18633055489	0.75
4341.1595073681	750	59.76196001074409	0.0	434409	2885.2133758025248	0.75
4344.13237691508	750	59.62216685272129	0.0	337059	2139.7931580228064	0.75
4346.686234169953	750	59.7572764197635	0.0	366214	2364.890432957789	0.75
4348.5442335838625	750	59.53176012376666	0.0	360831	1725.5162959968375	0.75
4351.216703753252	750	59.712266598028464	0.0	372963	1819.493525738192	0.75
4353.650608417391	750	59.87130258778388	0.0	405596	1840.9640102445874	0.75
4355.735264904143	750	59.73094467135516	0.0	350713	1640.3579164287191	0.75
4358.420198698329	750	59.53962705942448	0.0	386472	2191.3176119306736	0.75
4361.86780175179	750	59.89813362382145	0.0	399894	2641.493435603034	0.75
4365.623350789048	750	59.85341391412077	0.0	401853	3044.71970970068	0.75
4368.205500842223	750	59.60725355131262	0.0	343800	1746.160362808152	0.75
4370.18428155608	750	59.98585803956695	0.0	359903	1621.3955117456742	0.75
4372.657966760877	750	59.87820803822462	0.0	379700	2107.6500013423265	0.75
4375.253197563691	750	59.963110238544814	0.0	425781	2415.0977996798	0.75
4377.078670005497	750	59.54494051920939	0.0	277716	1418.169719335424	0.75
4379.393661784735	750	59.53109599082503	0.0	400396	2013.8445283843596	0.75
4382.855293951454	1200	59.55085353289257	0.0	641447	2480.2424579324675	0.75
4386.467058061984	1200	59.675666332019986	0.0	570392	2875.1872008725754	1.2
4389.6933898117695	1200	59.570288911957206	0.0	620283	2605.377420062784	1.2
4392.5058530186425	1200	59.91953447338142	0.0	584349	2650.7544385757883	1.2
4396.091151436629	1200	59.65773964853722	0.0	670129	3261.794824844197	1.2
4399.826741591919	1200	59.922149493246394	0.0	690253	3735.5901552908263	1.2
4403.779722041784	1200	59.96916904338192	0.0	598727	3952.9804498644835	1.2
4406.976352618767	1200	59.92439085403871	0.0	487812	3044.778189343201	1.2
4410.030928845457	1200	59.92002893451328	0.0	575591	3004.36191952543	1.2
4412.948053887331	1200	59.69007356715972	0.0	605884	2729.955367353563	1.2
4416.857728208244	1200	59.780399246246546	0.0	587506	2909.674320913173	1.2
4420.386837204688	1200	59.920766745740586	0.0	566904	2859.6325005059625	1.2
4423.941623740231	1200	59.8476117259382	0.0	641452	3073.1550198023824	1.2
4427.25914580247	1200	59.62466645268881	0.0	599477	2722.9452732493924	1.2
4430.602463174082	1200	59.69529616137766	0.0	634861	2929.37029131114	1.2
4434.173049625812	1200	59.565976475663405	0.0	630203	3129.3196857142643	1.2
4438.634453131568	1850	59.104572969907444	0.0	982064	4461.403505755962	1.2000000000000002
4443.979710524329	1850	57.75931557714601	0.0	830730	5345.257392761426	1.85
4450.932626680273	2850	54.80639942120193	0.0	1364537	6952.916155944083	1.85
4454.735133966989	750	55.003892134484374	0.0	450283	3802.507286717552	0.75
4457.301762539259	750	56.43726356221555	0.0	398865	2566.6285722688262	0.75
4460.0155144536675	750	57.72351164780681	0.0	350812	2713.751914408744	0.75
4463.221848470234	750	58.517177631239605	0.0	382355	3206.3340165672066	0.75
4465.943683341025	750	59.795342760449174	0.0	411561	2721.8348707904292	0.75
4468.541724889158	750	59.592272226997075	0.0	318564	2203.070533452098	0.75
4470.27665670238	750	59.86679182772719	0.0	352642	1725.4803992698887	0.75
4473.265384481921	750	59.822153644932335	0.0	437162	2044.6381827948605	0.75
4475.024950307528	750	59.60941553050178	0.0	374758	1712.7381144305577	0.75
4477.337599866752	750	59.9260046064791	0.0	362795	1683.4109240226849	0.75
4479.372958226831	750	59.92344474403934	0.0	353220	1502.5598624397608	0.75
4481.684989692268	750	59.73282826014047	0.0	405134	1690.6164838988598	0.75
4484.244462966991	750	59.704799113548184	0.0	386351	2028.029146592289	0.75
4489.9337180965185	1200	58.01554398402039	0.0	687371	5689.255129527799	0.75
4493.417461875875	1200	58.531800204663746	0.0	526950	3483.743779356639	1.2
4497.224095322023	1200	58.72516675851733	0.0	587876	3806.6334461464126	1.2
4500.218876225527	750	59.73038585501186	0.0	360831	2494.7809035054734	0.3
4503.134489513142	750	59.87500790453772	0.0	372963	2855.377950474136	0.75
4507.478779594105	750	59.53071782357531	0.0	405596	4344.290080962408	0.75
4512.264621858306	750	58.74487555937361	0.0	350713	4785.842264201692	0.75
4516.5534810285235	750	58.456016389156865	0.0	386472	4288.859170216748	0.75
4520.59886965948	750	58.410627758199084	0.0	399894	4045.3886309577783	0.75
4525.0018918372825	750	58.00760558039758	0.0	401853	4403.022177801505	0.75
4528.7581347388195	750	58.2513626788602	0.0	343800	3756.2429015373855	0.75
4532.313382408626	750	58.69611500905335	0.0	359903	3555.247669806848	0.75
4535.365191390248	750	59.64430602743183	0.0	379700	2551.808981621513	0.75
4539.2297076523455	750	59.77978976533416	0.0	425781	3864.5162620976753	0.75
4541.361054385019	750	59.64034313716944	0.0	277716	1639.4466281647165	0.75
4544.5301106289	750	59.641265067483744	0.0	400396	2999.078069685694	0.75
4547.510878438047	750	59.93637025000796	0.0	400508	2204.8948174757797	0.75
4549.421876899986	750	59.543307514873455	0.0	358218	1893.0627351345038	0.75
4552.157913795877	750	59.87925693033085	0.0	400322	2164.0505845426096	0.75
4555.181801576522	750	59.882806195682335	0.0	369834	2996.4507346485148	0.75
4558.626881144585	750	59.68948493464926	0.0	412837	2693.3212610330834	0.75
4562.268933912829	750	59.644337704041966	0.0	401088	3045.1472306072915	0.75
4564.192756444691	750	59.933379206929565	0.0	365161	1710.958497112396	0.75
4565.757152487468	750	59.944613202915924	0.0	321064	1488.7660040136418	0.75
4568.441961181065	750	59.80402387549891	0.0	361565	2640.589327417018	0.75
4570.782516163966	750	59.60585606713828	0.0	378327	2198.167808360628	0.75
4572.368639752923	750	59.57848785993006	0.0	390680	1527.3682072082238	0.75
4574.720511539898	750	59.597429657316916	0.0	345516	1481.0582026131458	0.75
4576.827662815022	750	59.63426081193557	0.0	384505	1463.1688453813408	0.75
4579.3233546915235	750	59.64890608855628	0.0	372093	1985.354723379291	0.75
4582.933931437087	750	59.96278629233547	0.0	438281	2686.119796220806	0.75
4585.657288529144	750	59.76383622097807	0.0	398987	1698.9500713573993	0.75
4599.146789055296	1850	50.27433569482603	0.0	982064	13489.50052615204	0.75
4616.004607424776	1850	37.41651732534589	0.0	830730	16857.81836948013	1.85
4630.212584355021	1850	27.20854039510147	0.0	846370	14207.976930244422	1.85
4635.636953864786	750	25.784170885336128	0.0	450283	5424.3695097653435	0.75
4637.212695482442	300	28.208429267680785	0.0	155580	1575.7416176553406	-0.15000000000000002
4638.508918680032	300	30.912206070089013	0.0	139857	1296.2231975917705	0.3
4639.713820822925	300	33.707303927196136	0.0	155432	1204.9021428928759	0.3
4640.890373520222	300	36.530751229898605	0.0	163442	1176.5526972975333	0.3
4641.56468892931	300	39.856435820810844	0.0	126289	674.3154090877607	0.3
4642.30616051054	300	43.11496423958067	0.0	153295	741.4715812301731	0.3
4643.274830182636	300	46.146294567484844	0.0	173849	968.6696720958289	0.3
4644.331990838459	300	49.08913391166266	0.0	150710	1057.160655822187	0.3
4644.998603509754	300	52.422521240367544	0.0	139105	666.6126712951053	0.3
4646.385207931218	750	55.03591681890313	0.0	353220	1386.6044214644144	0.3
4648.157038403008	750	57.26408634711351	0.0	405134	1771.8304717896265	0.75
4651.333651177518	750	58.08747357260376	0.0	386351	3176.6127745097488	0.75
4658.519230070661	750	54.90189467946076	0.0	434409	7185.578893143003	0.75
4664.550513117629	750	52.87061163249204	0.0	337059	6031.283046968719	0.75
4670.316907302692	750	51.104217447429534	0.0	366214	5766.394185062511	0.75
4673.4627813644465	300	51.95834338567466	0.0	143509	3145.874061754879	-0.15000000000000002
4676.055844085068	300	53.365280665052694	0.0	150616	2593.0627206219624	0.3
4679.229963507293	300	54.19116124282856	0.0	165384	3174.1194222241297	0.3
4681.835853378762	300	55.585271371359255	0.0	140881	2605.889871469309	0.3
4683.382250353456	300	58.03887439666662	0.0	157671	1546.396974692632	0.3
4685.519320260263	300	59.90180448985871	0.0	157812	2137.069906807914	0.3
4688.096535778277	300	59.61341610676201	0.0	163927	2288.3883830967047	0.3
4689.86932166904	300	59.51593672883811	0.0	137654	1597.4793779238973	0.3
4691.564788645837	300	59.901356496859684	0.0	146754	1114.5802319784284	0.3
4693.358373547495	300	59.730007418439996	0.0	153938	1171.3490784196918	0.3
4699.299066455111	750	57.789314510824816	0.0	425781	5940.692907615176	0.3
4701.3778717212745	750	59.71050924466182	0.0	277716	2078.805266162989	0.75
4706.386161021103	750	58.70221994483265	0.0	400396	5008.289299829171	0.75
4711.215204547954	750	57.873176417980986	0.0	400508	4829.043526851663	0.75
4713.841028871684	750	59.2473520942516	0.0	358218	2625.8243237293827	0.75
4716.670355694691	750	59.99863425646032	0.0	400322	2248.717837791285	0.75
4718.364661592931	300	59.81728579994899	0.0	143881	1181.348456511326	-0.15000000000000002
4721.464936674058	750	59.66862698025002	0.0	412837	2648.6588196989783	0.3
4725.271593759336	750	59.861969894971594	0.0	401088	2806.6570852784184	0.75
4727.35463654558	750	59.508585175202036	0.0	365161	1853.384719769559	0.75
4729.915510653519	750	59.788477154470414	0.0	321064	1720.108020731624	0.75
4733.168740415596	750	59.92174531703533	0.0	361565	2866.7318374350784	0.75
4737.268677105449	750	59.8218086271839	0.0	378327	4099.936689851431	0.75
4747.0245081590965	750	54.06597757353558	0.0	390680	9755.831053648317	0.75
4756.8484643143565	750	48.242021418275456	0.0	345516	9823.956155260119	0.75
4759.695858970608	300	49.39462676202375	0.0	161857	2847.394656251706	-0.15000000000000002
4764.635989835377	300	48.454495897255484	0.0	145210	4940.130864768265	0.3
4767.745492843474	300	49.344992889159165	0.0	172312	3109.503008096321	0.3
4769.885264408119	300	51.20522132451316	0.0	167025	2139.7715646459956	0.3
4772.185581676269	300	52.90490405636293	0.0	160064	2300.3172681502324	0.3
4774.0275790577	300	55.062906674932115	0.0	137507	1841.997381430819	0.3
4776.612590738298	750	56.47789499433335	0.0	314107	2585.0116805987655	0.3
4780.784117825316	750	56.30636790731672	0.0	450283	4171.5270870166305	0.75
4794.735625854527	750	46.35485987810529	0.0	398865	13951.508029211434	0.75
4802.432920829753	300	42.65756490287881	0.0	139857	7697.294975226476	-0.15000000000000002
4810.344013175053	300	38.74647255757852	0.0	155432	7911.0923453002915	0.3
4819.9567517513915	300	33.13373398124118	0.0	163442	9612.738576337335	0.3
4827.400810245838	300	29.689675486793988	0.0	126289	7444.058494447192	0.3
4835.5601572548585	300	25.530328477772795	0.0	153295	8159.347009021195	0.3
4844.8235161501525	300	20.266969582479398	0.0	173849	9263.358895293399	0.3
4854.159111033214	300	14.931374699418583	0.0	150710	9335.594883060812	0.3
4862.210965712285	300	10.87952002034678	0.0	139105	8051.854679071806	0.3
4869.877476888916	300	7.213008843715288	0.0	141840	7666.511176631491	0.3
4879.894443873942	300	4.0	2.803958141310197	156148	10016.966985025485	-11.757020007633846
4890.1232177424745	300	4.0	6.22877386853265	160746	10228.77386853265	-26.483727634690393
4902.324240453605	300	4.0	8.201022711129486	179801	12201.022711129486	-34.96439765785679
4910.5569754341095	300	4.0	4.232734980504654	140051	8232.734980504654	-17.900760416170012
4918.756854674348	300	4.0	4.19987924023813	138313	8199.87924023813	-17.759480733023956
4927.253829182682	300	4.0	4.496974508335259	143509	8496.974508335259	-19.036990385841612
4936.452427448225	300	4.0	5.198598265541472	150616	9198.598265541472	-22.053972541828326
4946.465685335014	300	4.0	6.013257886790157	165384	10013.257886790157	-25.557008913197674
4954.9719776894535	300	4.0	4.5062923544397595	140881	8506.29235443976	-19.077057124090963
4966.5274075377665	300	4.0	7.5554298483133895	157671	11555.42984831339	-32.18834834774758
4977.568457090749	300	4.0	7.041049552981906	157812	11041.049552981905	-29.976513077822194
4988.199257753772	300	4.0	6.630800663023049	163927	10630.800663023048	-28.212442850999107
4997.086997454422	300	4.0	4.887739700650533	137654	8887.739700650533	-20.71728071279729
5005.0633482019	300	4.0	3.976350747476931	146754	7976.350747476931	-16.7983082141508
5013.127819359523	300	4.0	4.064471157622179	153938	8064.471157622179	-17.177225977775368
5023.92565007798	300	4.0	6.7978307184573135	181901	10797.830718457313	-28.930672089366446
5029.9427036980405	300	4.0	2.0170536200613607	111155	6017.053620061361	-8.37333056626385
5038.694247572513	300	4.0	4.751543874471592	153605	8751.543874471592	-20.131638660227843
5049.4146702845455	300	4.0	6.720422712033517	149029	10720.422712033516	-28.59781766174412
5058.372036731835	300	4.0	4.9573664472888685	157421	8957.366447288869	-21.016675723342132
5067.404840314136	300	4.0	5.032803582301201	157488	9032.803582301201	-21.341055403895165
5073.489444566434	300	4.0	2.0846042522980777	143881	6084.604252298078	-8.663798284881732
5081.190323569335	300	4.0	3.700879002900567	163444	7700.879002900567	-15.613779712472436
5089.169920739846	300	4.0	3.979597170511326	179328	7979.597170511326	-16.8122678331987
5096.670122188871	300	4.0	3.5002014490243036	159914	7500.201449024304	-14.750866230804505
5102.398616403185	300	4.0	1.7284942143137159	131610	5728.494214313716	-7.132525121548978
5108.84654556175	300	4.0	2.4479291585650964	124011	6447.929158565096	-10.226095381829914
5115.645741649821	300	4.0	2.7991960880708957	144254	6799.196088070896	-11.736543178704851
5123.707812560979	300	4.0	4.062070911157634	149991	8062.070911157634	-17.166904917977824
5130.6176997092725	300	4.0	2.909887148294714	147968	6909.887148294714	-12.21251473766727
5140.224808597265	300	4.0	5.607108887991959	161857	9607.108887991959	-23.81056821836542
5148.981762554447	300	4.0	4.7569539571827	145210	8756.9539571827	-20.15490201588561
5155.734078374176	300	4.0	2.7523158197285458	172312	6752.315819728546	-11.534958024832745
5158.912155835477	300	4.82192253869729	0.0	167025	3178.07746130271	0.3
5160.233347260485	300	7.50073111368946	0.0	160064	1321.1914250078305	0.3
5161.170073760043	300	10.56400461413166	0.0	137507	936.7264995577993	0.3
5161.931903585644	300	13.802174788530104	0.0	118421	761.8298256015547	0.3
5164.628496867603	750	15.10558150657151	0.0	450283	2696.593281958594	0.75
5166.943910664338	300	16.79016770983634	0.0	155580	2315.4137967351708	-0.15000000000000002
5170.236934662815	300	17.49714371135917	0.0	139857	3293.0239984771724	0.3
5172.073518484143	300	19.660559890030743	0.0	155432	1836.5838213284248	0.3
5173.270087188357	300	22.46399118581726	0.0	163442	1196.5687042134844	0.3
5174.060244115181	300	25.67383425899339	0.0	126289	790.156926823869	0.3
5175.107156867279	300	28.626921506896036	0.0	153295	1046.912752097357	0.3
5176.133409678353	300	31.600668695822023	0.0	173849	1026.2528110740138	0.3
5177.053318794061	300	34.68075958011466	0.0	150710	919.9091157073653	0.3
5178.336473073507	300	37.39760530066883	0.0	139105	1283.1542794458287	0.3
5180.300677664232	300	39.433400709942724	0.0	141840	1964.2045907261077	0.3
5182.169506617447	300	41.564571756728206	0.0	156148	1868.8289532145232	0.3
5184.248161479356	300	43.4859168948198	0.0	160746	2078.6548619084083	0.3
5186.513765666981	300	45.220312707194736	0.0	179801	2265.604187625062	0.3
5187.869810508249	300	47.8642678659265	0.0	140051	1356.044841268241	0.3
5189.350607580931	300	50.38347079324515	0.0	138313	1480.797072681351	0.3
5191.112285544982	300	52.62179282919412	0.0	143509	1761.677964051031	0.3
5192.711152954729	300	55.022925419447	0.0	150616	1598.8674097471219	0.3
5194.828994027025	300	56.90508434715149	0.0	165384	2117.8410722955077	0.3
5196.190375470159	300	59.5437029040183	0.0	140881	1361.3814431331814	0.3
5197.673421492078	300	59.933746382659535	0.0	157671	1109.9565213587725	0.3
5199.262525398298	300	59.76573917983064	0.0	157812	1168.007202828889	0.3
5201.794369985901	300	59.88036523772478	0.0	163927	2385.3739421058667	0.3
5203.663593994527	300	59.648988556159914	0.0	137654	1731.376681564861	0.3
5207.330758670066	750	59.98182388062114	0.0	359903	3167.1646755387683	0.3
5211.771760582165	750	59.54082196852101	0.0	379700	4441.001912100142	0.75
5215.433150288463	750	59.71263407272218	0.0	425781	3328.187895798824	0.75
5218.432751465018	750	59.529434389694046	0.0	277716	2683.199683028137	0.75
5223.721008909279	750	58.241176945433224	0.0	400396	5288.257444260821	0.75
5228.564078479721	750	57.39810737499171	0.0	400508	4843.069570441511	0.75
5233.980363357912	750	55.98182249680047	0.0	358218	5416.284878191249	0.75
5239.338426929984	750	54.6237589247282	0.0	400322	5358.063572072267	0.75
5243.472683793123	300	54.489502061589484	0.0	143881	4134.256863138717	-0.15000000000000002
5250.046810115731	300	51.91537573898117	0.0	163444	6574.126322608317	0.3
5251.4042701052185	300	54.55791574949428	0.0	179328	1357.4599894868886	0.3
5252.430847121361	300	57.53133873335194	0.0	159914	1026.5770161423447	0.3
5254.297076916948	300	59.62947241049234	0.0	131610	901.8663228595973	0.3
5257.500699567243	300	59.659842821708715	0.0	124011	2469.629588783624	0.3
5261.615515296227	300	59.545027092723544	0.0	144254	4114.815728985168	0.3
5268.026044178585	300	57.13449821036666	0.0	149991	6410.528882356889	0.3
5271.582016125363	300	57.57852626358768	0.0	147968	3555.9719467789682	0.3
5273.505825960894	300	59.5227761556383	0.0	161857	1055.7501079493886	0.3
5274.878781053375	300	59.63032847318902	0.0	145210	892.4476824492788	0.3
5279.468924546952	300	59.04018497961165	0.0	172312	4590.143493577367	0.3
5283.987428846386	300	58.52168068017661	0.0	167025	4518.504299435044	0.3
5287.527833076	300	58.98127645056291	0.0	160064	3540.4042296136945	0.3
5305.96233295047	750	44.54677657609308	0.0	331053	18434.499874469835	0.3
5330.822084291739	750	23.68702523482403	0.0	314107	24859.751341269046	0.75
5365.026433318291	750	4.0	10.517323791727001	450283	34204.34902655103	-44.47449230442611
5373.823056099292	300	4.0	4.796622781001833	155580	8796.622781001834	-20.77547795830788
5384.244559095625	300	4.0	6.421502996332105	139857	10421.502996332105	-27.31246288422805
5394.790612356856	300	4.0	6.546053261232092	155432	10546.053261232091	-27.848029023297993
5405.603512589193	300	4.0	6.812900232336318	163442	10812.900232336318	-28.995470999046166
5413.203092667642	300	4.0	3.59958007844871	126289	7599.58007844871	-15.178194337329453
5421.442488581437	300	4.0	4.239395913794524	153295	8239.395913794524	-17.92940242931645
5431.548966011795	300	4.0	6.106477430357614	173849	10106.477430357614	-25.957852950537738
5440.1663918062895	300	4.0	4.617425794495446	150710	8617.425794495446	-19.554930916330417
5448.51134456591	300	4.0	4.344952759620281	139105	8344.95275962028	-18.383296866367203
5458.127023486814	300	4.0	5.615678920903927	141840	9615.678920903927	-23.847419359886885
5468.070427719322	300	4.0	5.943404232507846	156148	9943.404232507846	-25.256638199783737
5475.8674256434815	300	4.0	3.7969979241590535	160746	7796.997924159054	-16.027091073883927
5484.841426121404	300	4.0	4.974000477922519	179801	8974.000477922518	-21.08820205506683
5494.232826908339	300	4.0	5.391400786935754	140051	9391.400786935754	-22.88302338382374
5504.053762523741	300	4.0	5.820935615402352	138313	9820.935615402352	-24.73002314623011
5512.776679056138	300	4.0	4.722916532396645	143509	8722.916532396644	-20.00854108930557
5522.196804561728	300	4.0	5.420125505589833	150616	9420.125505589833	-23.00653967403628
5531.977709127541	300	4.0	5.780904565813018	165384	9780.904565813018	-24.557889632995977
5540.975063556471	300	4.0	4.997354428930493	140881	8997.354428930494	-21.18862404440112
5549.207298208139	300	4.0	4.232234651667785	157671	8232.234651667784	-17.898609002171472
5559.016804046485	300	4.0	5.809505838345476	157812	9809.505838345476	-24.680875104885548
5567.317694964957	300	4.0	4.300890918471467	163927	8300.890918471467	-18.193830949427305
5573.118332795723	300	4.0	1.8006378307666346	137654	5800.637830766635	-7.442742672296529
5575.711517878057	300	5.406814917666697	0.0	146754	2593.1850823333025	0.3
5576.468937534675	300	8.649395261048273	0.0	153938	757.4196566184227	0.3
5577.293574256021	300	11.824758539701872	0.0	181901	824.6367213464016	0.3
5577.814393958614	300	15.303938837109413	0.0	111155	520.819702592458	0.3
5578.670460119193	300	18.44787267652982	0.0	153605	856.0661605795966	0.3
5579.434847898355	300	21.6834848973687	0.0	149029	764.3877791611181	0.3
5580.104181706436	300	25.014151089287758	0.0	157421	669.3338080809427	0.3
5580.801262056219	300	28.317070739504825	0.0	157488	697.0803497829336	0.3
5581.457046711452	300	31.661286084271712	0.0	143881	655.7846552331101	0.3
5582.170014031597	300	34.9483187641254	0.0	163444	712.9673201463065	0.3
5583.641452948843	750	37.47687984687989	0.0	401088	1471.4389172455105	0.3
5584.790414391384	750	40.327918404339755	0.0	365161	1148.961442540139	0.75
5586.241277640683	1200	42.87705515504061	0.0	487812	1450.8632492991483	0.75
5587.986881698582	1200	45.13145109714226	0.0	575591	1745.6040578983416	1.2
5589.904278974757	1200	47.2140538209657	0.0	605884	1917.3972761765615	1.2
5592.9267439012465	1200	48.19158889447676	0.0	587506	3022.4649264889476	1.2
5595.577697069911	1200	49.54063572581297	0.0	566904	2650.9531686637847	1.2
5597.517266584594	1200	51.601066211129414	0.0	641452	1939.5695146835537	1.2
5599.279629183302	1200	53.83870361242115	0.0	599477	1762.362598708263	1.2
5601.241561148036	1200	55.87677164768696	0.0	634861	1961.931964734191	1.2
5603.104577537938	1200	58.01375525778561	0.0	630203	1863.0163899013496	1.2
5606.445415050475	1850	58.67291774524881	0.0	982064	3340.837512536803	1.2000000000000002
5610.1277159121	2850	58.990616883623474	0.0	1231456	3682.3008616253346	1.85
5615.771175902552	2850	57.34715689317186	0.0	1364537	5643.459990451615	2.85
5618.801443505728	750	58.31688928999578	0.0	450283	3030.267603176081	0.75
5623.57890458513	1200	57.53942821059414	0.0	611087	4777.461079401643	0.75
5629.191094486507	1200	55.92723830921685	0.0	571051	5612.189901377294	1.2
5632.467862662042	750	56.650470133682006	0.0	382355	3276.76817553484	0.3
5635.59729164442	750	57.5210411513036	0.0	411561	3129.4289823784025	0.75
5639.123872446358	750	57.994460349365276	0.0	318564	3526.580801938328	0.75
5644.064795304774	750	57.05353749095007	0.0	352642	4940.922858415208	0.75
5648.415166697642	750	56.703166098081326	0.0	437162	4350.371392868746	0.75
5651.071378663857	750	58.046954131865654	0.0	374758	2656.2119662156724	0.75
5653.659394309129	750	59.458938486594015	0.0	362795	2588.015645271641	0.75
5657.086900173793	750	59.83074588715362	0.0	353220	3128.1925994403905	0.75
5661.062598470684	750	59.85504759026176	0.0	405134	3475.698296891859	0.75
5664.785348313461	750	59.77567844993085	0.0	386351	3079.3691403309163	0.75
5669.0178542985195	750	59.54317246487231	0.0	434409	3732.5059850585412	0.75
5672.36328160721	750	59.61290215427968	0.0	337059	2930.2703105926234	0.75
5676.086882784773	750	59.88930097671734	0.0	366214	3223.6011775623483	0.75
5679.639116443254	750	59.82656323530622	0.0	360831	3062.7377414111197	0.75
5684.409790303763	750	59.055889374797424	0.0	372963	4770.6738605087985	0.75
5690.453631226921	750	57.01204845163942	0.0	405596	6043.840923157997	0.75
5699.32565519445	750	52.14002448411123	0.0	350713	8872.023967528192	0.75
5701.459097981106	300	54.00658169745439	0.0	157671	2133.4427866568335	-0.15000000000000002
5702.66144883022	300	56.80423084834083	0.0	157812	1202.350849113563	0.3
5703.961721406002	300	59.50395827255952	0.0	163927	1300.2725757813052	0.3
5706.171320441209	300	59.506209194864574	0.0	137654	1497.7490776949494	0.3
5707.841962250514	300	59.96181326896843	0.0	146754	1544.3959258961509	0.3
5711.871375210439	300	59.93240030904374	0.0	153938	3029.4129599246894	0.3
5715.66116329148	300	59.80033569019008	0.0	181901	3132.0646188536557	0.3
5717.096243345361	300	59.80615739434357	0.0	111155	994.178295846509	0.3
5719.853054909875	300	59.99820249110314	0.0	153605	1807.9549032404345	0.3
5721.335455741141	300	59.61143040610746	0.0	149029	1386.7720849956802	0.3
5723.380181010307	300	59.64188214465959	0.0	157421	1469.548261447871	0.3
5725.410749823062	300	59.82868624214029	0.0	157488	1813.195902519296	0.3
5727.073362935799	300	59.54606614089054	0.0	143881	1282.6201012497577	0.3
5728.933386287203	300	59.996050970932046	0.0	163444	1050.015169958491	0.3
5733.122962266622	750	59.73976707194558	0.0	401088	3256.283898986466	0.3
5736.899134827037	750	59.87482683195391	0.0	365161	3364.9402399916626	0.75
5740.636749669717	750	59.640135570826025	0.0	321064	3234.6912611278885	0.75
5743.289410551686	750	59.99526692061728	0.0	361565	2644.8686502087444	0.75
5745.964109023052	750	59.937313800814565	0.0	378327	2057.953119802719	0.75
5748.939363460137	750	59.69755925805309	0.0	390680	2239.754542761475	0.75
5751.039035877368	750	59.625472996599875	0.0	345516	1572.0862614532073	0.75
5754.1516400360915	750	59.73246399512761	0.0	384505	2893.0090014722696	0.75
5760.01697066576	750	57.867133365459374	0.0	372093	5865.330629668237	0.75
5768.858161180967	750	53.02594285025195	0.0	438281	8841.190515207425	0.75
5778.493403569249	750	47.3907004619703	0.0	398987	9635.242388281653	0.75
5787.532833492669	750	42.35127053854998	0.0	393804	9039.429923420323	0.75
5795.843882174518	750	38.04022185670147	0.0	331053	8311.048681848508	0.75
5800.269290917039	750	37.614813114180066	0.0	314107	4425.408742521403	0.75
5805.7950702335365	750	36.08903379768251	0.0	450283	5525.779316497557	0.75
5808.055247714443	300	37.82885631677606	0.0	155580	2260.177480906449	-0.15000000000000002
5810.1702524076745	300	39.713851623544954	0.0	139857	2115.0046932311025	0.3
5812.371062086005	300	41.513041945214894	0.0	155432	2200.809678330065	0.3
5813.633346353801	300	44.25075767741913	0.0	163442	1262.2842677957606	0.3
5815.048152990783	300	46.835951040437735	0.0	126289	1414.8066369813998	0.3
5816.651285697068	300	49.23281833415353	0.0	153295	1603.1327062842086	0.3
5818.467891744088	300	51.41621228713362	0.0	173849	1816.6060470199106	0.3
5820.170353490617	300	53.71375054060391	0.0	150710	1702.4617465297047	0.3
5821.671605927377	300	56.212498103843586	0.0	139105	1501.2524367603264	0.3
5822.471329565635	300	59.41277446558572	0.0	141840	799.7236382578724	0.3
5823.641280506678	300	59.543441338460596	0.0	156148	869.3331271251245	0.3
5826.096188244843	300	59.91629637633775	0.0	160746	1627.1449621228435	0.3
5828.469266587421	300	59.94863859306922	0.0	179801	1967.6577832685264	0.3
5830.937243579732	300	59.59186037656886	0.0	140051	1856.7782165003616	0.3
5831.8005674544365	300	59.508297827121886	0.0	138313	583.5625494469703	0.3
5832.320499245992	300	59.545712593972986	0.0	143509	462.58523314889925	0.3
5834.126446851226	300	59.865912070559105	0.0	150616	1179.8005234138848	0.3
5836.511267594747	300	59.9115752397091	0.0	165384	1954.3368308500087	0.3
5838.16998611504	300	59.87245793589674	0.0	140881	1539.1173038123563	0.3
5841.264866675939	300	59.53481826368875	0.0	157671	2837.639672207986	0.3
5849.72468540722	300	55.07499953240647	0.0	157812	8459.81873128228	0.3
5859.835465234876	300	48.96421970475033	0.0	163927	10110.779827656146	0.3
5867.538039729106	300	45.26164521052146	0.0	137654	7702.574494228873	0.3
5875.313391169637	300	41.48629376998994	0.0	146754	7775.3514405315145	0.3
5883.980300395493	300	36.819384544132944	0.0	153938	8666.909225856994	0.3
5893.7088076166765	300	31.09087732295056	0.0	181901	9728.507221182386	0.3
5899.358180206379	300	29.441504733247662	0.0	111155	5649.372589702901	0.3
5907.2775374625035	300	25.522147477122658	0.0	153605	7919.357256125004	0.3
5915.698488994413	300	21.10119594521326	0.0	149029	8420.951531909399	0.3
5925.243517269798	300	15.556167669828879	0.0	157421	9545.028275384379	0.3
5935.063439407175	300	9.736245532451665	0.0	157488	9819.922137377214	0.3
5944.944461414028	300	4.0	0.1447764744017968	143881	9881.022006853462	-0.3225388399277263
5956.750290541422	300	4.0	7.805829127395011	163444	11805.82912739501	-33.265065247798546
5965.319766636441	300	4.0	4.56947609501845	179328	8569.47609501845	-19.348747208579333
5972.620442698633	300	4.0	3.3006760621920286	159914	7300.676062192028	-13.892907067425721
5978.5000369245545	300	4.0	1.8795942259209597	131610	5879.59422592096	-7.782255171460126
5985.087802324715	300	4.0	2.587765400161068	124011	6587.765400161068	-10.827391220692592
5993.179281333599	300	4.0	4.091479008883345	144254	8091.479008883345	-17.293359738198383
6001.237895177972	300	4.0	4.058613844373289	149991	8058.613844373289	-17.15203953080514
6009.1694268838	300	4.0	3.9315317058285255	147968	7931.531705828525	-16.605586335062657
6017.699135876749	300	4.0	4.529708992948603	161857	8529.708992948603	-19.17774866967899
6025.7981457767855	300	4.0	4.099009900036894	145210	8099.009900036894	-17.325742570158642
6035.073310235492	300	4.0	5.275164458706233	172312	9275.164458706233	-22.3832071724368
6045.334765010575	300	4.0	6.261454775082475	167025	10261.454775082475	-26.62425553285464
6055.981496931772	300	4.0	6.646731921197292	160064	10646.731921197292	-28.280947261148352
6065.616157949741	300	4.0	5.6346610179697	137507	9634.6610179697	-23.929042377269706
6073.186938968417	300	4.0	3.5707810186762017	118421	7570.781018676202	-15.054358380307665
6102.673811142782	750	4.0	25.486872174364834	450283	29486.872174364835	-108.84355034976878
6108.2833372290925	300	4.0	1.6095260863107015	155580	5609.526086310701	-7.070962171136016
6109.263095522878	300	7.020241706214802	0.0	139857	979.758293785198	0.3
6110.618507891157	300	9.664829337936048	0.0	155432	1355.4123682787545	0.3
6111.735830246979	300	12.54750698211363	0.0	163442	1117.3223558224183	0.3
6112.727151886698	300	15.556185342394768	0.0	126289	991.3216397188608	0.3
6113.786800780375	300	18.49653644871746	0.0	153295	1059.648893677309	0.3
6115.312234464904	300	20.971102764189506	0.0	173849	1525.4336845279547	0.3
6116.444150591731	300	23.8391866373621	0.0	150710	1131.916126827402	0.3
6117.273153424167	300	27.010183804927014	0.0	139105	829.0028324350887	0.3
6118.017716005445	300	30.265621223647525	0.0	141840	744.5625812794864	0.3
6118.795566780414	300	33.487770448678376	0.0	156148	777.8507749691522	0.3
6119.564146496954	300	36.7191907321388	0.0	160746	768.5797165395827	0.3
6120.406960030558	300	39.87637719853484	0.0	179801	842.813533603959	0.3
6121.053511509771	300	43.229825719322626	0.0	140051	646.5514792122226	0.3
6122.819958116905	750	45.46337911218854	0.0	366214	1766.4466071340823	0.3
6126.497694815089	750	45.78564241400423	0.0	360831	3677.7366981843124	0.75
6128.948620803135	750	47.33471642595867	0.0	372963	2450.925988045562	0.75
6131.627598790734	750	48.655738438359535	0.0	405596	2678.9779875991276	0.75
6135.141391629216	750	49.14194559987704	0.0	350713	3513.7928384824945	0.75
6136.652927023951	300	51.630410205142624	0.0	157671	1511.5353947344227	-0.15000000000000002
6138.669304205329	300	53.614033023764655	0.0	157812	2016.3771813779654	0.3
6140.599444877376	300	55.683892351717866	0.0	163927	1930.1406720467917	0.3
6142.108163003008	300	58.17517422608603	0.0	137654	1508.7181256318333	0.3
6144.382988085695	300	59.90034914339907	0.0	146754	2274.825082686954	0.3
6147.010789946964	300	59.894129361987744	0.0	153938	2506.219781411325	0.3
6148.572177424194	300	59.5592266633026	0.0	181901	1334.9026986851432	0.3
6149.953526081013	300	59.8362947241651	0.0	111155	722.9319391374999	0.3
6151.03698314283	300	59.87427455209759	0.0	153605	962.020172067508	0.3
6153.100368578891	300	59.79780027894143	0.0	149029	1076.4742731561564	0.3
6153.910088139153	300	59.5813960802636	0.0	157421	716.4041986778302	0.3
6156.667756367469	750	59.944219646897096	0.0	400322	2137.1764333665046	0.3
6158.9923338687	750	59.79667679375636	0.0	369834	1647.542853140734	0.75
6160.894773416904	750	59.86947434369991	0.0	412837	1427.2024500564476	0.75
6163.823938527025	750	59.81201033771258	0.0	401088	2557.464005987331	0.75
6169.092425650196	1200	58.54352321454132	0.0	598727	5268.487123171257	0.75
6172.9520280118595	1200	58.68392085287838	0.0	487812	3859.602361662938	1.2
6176.474371477856	750	59.16157738688168	0.0	361565	3522.343465996696	0.3
6179.9076850336105	750	59.72826383112808	0.0	378327	3433.3135557536016	0.75
6182.197082945056	750	59.530788680764765	0.0	390680	2197.4751503633192	0.75
6184.082933082707	750	59.74382499248014	0.0	345516	1286.9636882846264	0.75
6187.973346488643	750	59.79206151419564	0.0	384505	3451.7634782845053	0.75
6190.1298509558	750	59.60863424444255	0.0	372093	1683.4272697530932	0.75
6193.156381041002	750	59.931407800543596	0.0	438281	2177.2264438989523	0.75
6196.372892572837	1200	59.78830385527753	0.0	630203	2643.103945266061	0.75
6202.145202433823	1200	58.015993994290824	0.0	638661	5772.309860986711	1.2
6206.0979060095	1850	58.06329041861428	0.0	830730	3952.703575676546	1.2000000000000002
6209.964235498545	2850	58.19696092956818	0.0	1364537	3866.329489046094	1.85
6212.690178504732	750	59.47101792338141	0.0	450283	2725.943006186767	0.75
6214.472952768028	750	59.643977550965666	0.0	398865	1327.0403724157445	0.75
6216.66799061358	750	59.87332557363082	0.0	350812	1270.651977334845	0.75
6219.065105309632	1200	59.83796115971313	0.0	617681	1535.364413917688	0.75
6224.749755522898	1200	58.153310946446766	0.0	652874	5684.650213266369	1.2
6227.619961690077	1200	59.28310477926881	0.0	520315	2870.2061671779506	1.2
6232.294499610898	1200	58.608566858446935	0.0	561791	4674.53792082188	1.2
6238.903873577897	1200	55.999192891448565	0.0	709534	6609.373966998362	1.2
6241.423733994233	1200	57.479332475112514	0.0	584846	2519.8604163360574	1.2
6243.441998064552	1200	59.46106840479351	0.0	560821	2018.2640703190064	1.2
6245.984818396808	750	59.88847975719205	0.0	353220	1572.588647601453	0.3
6248.861648188659	750	59.995180703593704	0.0	405134	2393.2990535983513	0.75
6253.32284304682	750	59.52084864363959	0.0	386351	3974.332059954111	0.75
6256.8490408104335	750	59.99465088002587	0.0	434409	3026.197763613716	0.75
6258.661615064074	750	59.80489403411592	0.0	337059	1189.7568459099562	0.75
6260.892164161166	750	59.88102818943539	0.0	366214	1923.8658446805298	0.75
6263.181346530794	750	59.533778630826966	0.0	360831	1847.2495586084253	0.75
6266.121888912014	750	59.913973845726964	0.0	372963	2119.804785100003	0.75
6269.602932319866	750	59.76932093986034	0.0	405596	2644.6529058666206	0.75
6271.4018125338	750	59.81307608388721	0.0	350713	1456.2448559731322	0.75
6272.9582586553315	750	59.55517070210115	0.0	386472	1257.9053817860554	0.75
6276.161281011551	750	59.54392989386344	0.0	399894	3011.2408082377087	0.75
6278.144930681446	750	59.807995832908425	0.0	401853	1235.934060955018	0.75
6279.937044016	750	59.68529697010068	0.0	343800	1122.6988628077427	0.75
6283.783709493614	750	59.706671467167155	0.0	359903	3478.625502933523	0.75
6286.379616806857	750	59.791737797885645	0.0	379700	2414.9336692815136	0.75
6290.304587145521	750	59.715739450534265	0.0	425781	3075.9983473513807	0.75
6294.333684193195	750	59.68664240285959	0.0	277716	4029.0970476746834	0.75
6296.326126286254	750	59.59995587582345	0.0	400396	1586.6865270361382	0.75
6298.323124250323	750	59.719334676800415	0.0	400508	1880.6211990230374	0.75
6300.422300151518	750	59.92743510872592	0.0	358218	1291.899568074491	0.75
6303.126481973166	750	59.8134823644626	0.0	400322	2113.952744263319	0.75
6304.846205030242	750	59.8697353746167	0.0	369834	1443.7469898459003	0.75
6306.629100777645	750	59.8207755345297	0.0	412837	1548.9598400869945	0.75
6309.409848291959	1200	59.682369731031606	0.0	690253	2638.405803498097	0.75
6312.556363466511	1200	59.55028299916298	0.0	598727	3132.086731868618	1.2
6315.641694934415	1200	59.62433148655351	0.0	487812	2425.9515126094743	1.2
6319.389200939372	1200	59.57476846172158	0.0	575591	3549.563024831922	1.2
6323.9741082639575	1200	58.98986113713674	0.0	605884	4584.907324584841	1.2
6328.862146781013	1200	58.10182262008131	0.0	587506	4888.038517055439	1.2
6333.23225255397	1200	57.73171684712294	0.0	566904	4370.105772958374	1.2
6338.583846281551	1200	56.38012311954292	0.0	641452	5351.59372758002	1.2
6345.074500293986	1200	53.88946910710745	0.0	599477	6490.654012435474	1.2
6350.232628662054	750	52.73134073903992	0.0	438281	5158.128368067524	0.3
6354.4675338326115	750	52.49643556848152	0.0	398987	4234.9051705584025	0.75
6358.88541619031	750	52.07855321078265	0.0	393804	4417.882357698875	0.75
6362.381016915361	750	52.58295248573187	0.0	331053	3495.6007250507787	0.75
6369.404539183682	1850	49.55943021741106	0.0	846370	7023.5222683208085	0.75
6373.690045684069	750	49.27392371702346	0.0	450283	4285.506500387607	0.75
6380.327727452753	750	46.63624194834018	0.0	398865	6637.681768683278	0.75
6385.817447206255	300	45.146522194838525	0.0	139857	5489.71975350165	-0.15000000000000002
6391.1281973582245	300	43.835772042868946	0.0	155432	5310.750151969581	0.3
6392.338343470006	300	46.62562593108725	0.0	163442	1210.1461117816973	0.3
6393.409238152749	300	49.55473124834444	0.0	126289	1070.894682742808	0.3
6394.680191927937	300	52.28377747315638	0.0	153295	1270.9537751880644	0.3
6395.664210691534	300	55.29975870955925	0.0	173849	984.018763597134	0.3
6396.531704945169	300	58.432264455924894	0.0	150710	867.4942536343507	0.3
6397.523135763637	300	59.50927253965185	0.0	139105	922.9919162730475	0.3
6398.767482854953	300	59.86031844509155	0.0	141840	648.9540945602976	0.3
6401.457875882538	750	59.50781842967704	0.0	405134	1852.5000154145127	0.3
6403.499933777847	750	59.801235988107685	0.0	386351	1706.5824415693464	0.75
6405.11979408728	750	59.68904356026185	0.0	434409	1612.1924278458291	0.75
6407.509871407773	750	59.692338840808176	0.0	337059	1496.7047194536794	0.75
6411.666764281067	750	59.50607870468119	0.0	366214	3186.260136126984	0.75
6414.976828828667	750	59.52086279946472	0.0	360831	2485.2159052164666	0.75
6418.099545142299	750	59.76692896384117	0.0	372963	2753.9338356235608	0.75
6421.0858503227355	750	59.58516761262655	0.0	405596	2681.7613512146145	0.75
6424.207478010378	750	59.76412568341624	0.0	350713	2321.041929210313	0.75
6426.86152231272	750	59.74239641146134	0.0	386472	2021.7292719548977	0.75
6430.474457631944	750	59.901586267043584	0.0	399894	3340.810144417757	0.75
6433.9216536895765	750	59.72405082562981	0.0	401853	3177.5354414137696	0.75
6437.679176129151	750	59.96652838605598	0.0	343800	3257.5224395738364	0.75
6440.789689498673	750	59.97986322919069	0.0	359903	2486.665156865286	0.75
6442.551462463977	750	59.866400852867635	0.0	379700	1613.4623763230543	0.75
6445.361188577863	750	59.929693090415114	0.0	425781	1936.7077624525218	0.75
6447.216056925229	750	59.7992680924485	0.0	277716	1130.4249979666097	0.75
6450.040042846745	750	59.60399680639048	0.0	400396	2195.2712860580305	0.75
6452.230138114809	750	59.73830649008736	0.0	400508	1865.69031630312	0.75
6455.370288403057	750	59.71543382184374	0.0	358218	2022.872668243614	0.75
6457.734681720025	750	59.88137597336225	0.0	400322	1834.0578484814907	0.75
6459.855761509345	750	59.7615038129454	0.0	369834	1619.8721604168554	0.75
6463.105987639899	750	59.57149456212034	0.0	412837	2690.0092508250527	0.75
6466.802266217871	750	59.653463712997954	0.0	401088	3418.03084912239	0.75
6470.629234743283	750	59.82649518758575	0.0	365161	3326.9685254122005	0.75
6474.79237343716	750	59.663356493709195	0.0	321064	4163.138693876559	0.75
6480.598003395724	750	57.8577265351446	0.0	361565	5805.629958564595	0.75
6488.8277850416835	750	53.62794488918509	0.0	378327	8229.781645959512	0.75
6490.791628314192	300	55.664101616675964	0.0	149991	1963.8432725091207	-0.15000000000000002
6492.995221155527	300	57.46050877534129	0.0	147968	2203.5928413346765	0.3
6496.133803731326	300	58.32192619954239	0.0	161857	3138.5825757989005	0.3
6499.64321645065	300	58.8125134802187	0.0	145210	3509.4127193236936	0.3
6503.364120545195	300	59.091609385672164	0.0	172312	3720.9040945465285	0.3
6508.129311830909	300	58.32641809995889	0.0	167025	4765.191285713269	0.3
6513.572686226465	300	56.883043704402674	0.0	160064	5443.374395556213	0.3
6515.966477084106	300	58.48925284676089	0.0	137507	2393.7908576417794	0.3
6522.996616232723	750	55.459113698144385	0.0	314107	7030.139148616505	0.3
6531.541760182859	750	50.913969748008384	0.0	450283	8545.143950136002	0.75
6534.25576334264	300	52.19996658822752	0.0	155580	2714.003159780874	-0.15000000000000002
6538.174608189024	300	52.28112174184407	0.0	139857	3918.844846383454	0.3
6541.705171898726	300	52.75055803214242	0.0	155432	3530.5637097016447	0.3
6547.612007030793	300	50.84372290007448	0.0	163442	5906.8351320679385	0.3
6552.743024848092	300	49.712705082775464	0.0	126289	5131.01781729902	0.3
6555.7831079179905	300	50.6726220128769	0.0	153295	3040.083069898567	0.3
6563.359682841427	300	47.09604708944052	0.0	173849	7576.574923436383	0.3
6566.928650797229	300	47.52707913363835	0.0	150710	3568.96795580216	0.3
6570.087806175212	300	48.367923755656136	0.0	139105	3159.155377982223	0.3
6572.698979146175	300	49.75675078469222	0.0	141840	2611.1729709639085	0.3
6575.11265379448	300	51.3430761363865	0.0	156148	2413.674648305719	0.3
6577.169805924339	300	53.28592400652787	0.0	160746	2057.1521298586285	0.3
6578.82086763888	300	55.63486229198691	0.0	179801	1651.0617145409583	0.3
6580.2569954252585	300	58.198734505608215	0.0	140051	1436.1277863787052	0.3
6582.305480374117	300	59.907980499298525	0.0	138313	1290.7540063096906	0.3
6585.484276826825	300	59.64194774421881	0.0	143509	2266.0327550797065	0.3
6588.053851112952	300	59.63904244996938	0.0	150616	2002.9052942494293	0.3
6591.199236252561	300	59.76918437610338	0.0	165384	2869.858073866005	0.3
6593.7068172133595	300	59.81315742857531	0.0	140881	2456.02694752807	0.3
6597.529786402263	300	59.99018823967221	0.0	157671	3322.9691889030987	0.3
6600.725863585981	300	59.623911248900065	0.0	157812	2366.2769907721477	0.3
6605.331620262146	300	59.0181545727348	0.0	163927	4605.756676165264	0.3
6610.565050272278	300	57.78472456260258	0.0	137654	5233.430010132224	0.3
6614.9175736354955	300	57.43220119938579	0.0	146754	4352.52336321679	0.3
6620.924359426317	300	55.42541540856459	0.0	153938	6006.785790821203	0.3
6626.716070326843	300	53.63370450803931	0.0	181901	5791.710900525276	0.3
6630.0500367427585	300	54.29973809212246	0.0	111155	3333.966415916844	0.3
6633.5132055048025	300	54.836569330078895	0.0	153605	3463.1687620435664	0.3
6639.673588494347	300	52.676186340533505	0.0	149029	6160.382989545392	0.3
6644.0707201642945	300	52.279054670586156	0.0	157421	4397.1316699473455	0.3

