156016.67042425886	750	4.0	2.905148303948766	450283	2905.148303948766	-11.742137706979694
156020.6206930468	1200	4.04973121204083	0.0	611087	3950.26878795917	0.75
156024.43507984	1200	4.235344418852617	0.0	571051	3814.3867931882132	1.2
156027.8818616844	1200	4.788562574450508	0.0	617681	3446.7818444021086	1.2
156031.85075949892	1200	4.8196647599275915	0.0	652874	3968.897814522917	1.2
156035.01072749792	1200	5.659696760904566	0.0	520315	3159.9679990230256	1.2
156037.81922046473	1200	6.851203794100479	0.0	561791	2808.4929668040877	1.2
156040.90076554668	1200	7.76965871216249	0.0	709534	3081.5450819379885	1.2
156043.5293375395	1200	9.14108671932156	0.0	584846	2628.5719928409294	1.2
156049.4005481067	1850	7.26987615213782	0.0	913888	5871.21056718374	1.2000000000000002
156054.6993427674	1850	5.9710814914373325	0.0	939819	5298.794660700488	1.85
156063.47583403866	1850	4.0	2.8054097798631856	917428	8776.491271300518	-10.213262053411698
156070.4590169614	1200	4.0	2.9831829227290583	624282	6983.182922729058	-12.277686567734952
156075.0061965511	1200	4.0	0.5471795897060001	687371	4547.179589706	-1.1528722357358003
156077.78993132297	750	5.216265228144574	0.0	337059	2783.7347718554256	0.3
156080.16534490144	750	6.840851649661907	0.0	366214	2375.413578482667	0.75
156082.55956002092	750	8.446636530187956	0.0	360831	2394.2151194739504	0.75
156086.19920735515	1200	8.806989195961643	0.0	581493	3639.6473342263116	0.75
156089.70305450365	1200	9.303142047458918	0.0	639204	3503.847148502725	1.2
156093.31600697545	1200	9.690189575673053	0.0	586839	3612.9524717858662	1.2
156096.32429837852	1200	10.681898172591266	0.0	601738	3008.2914030817865	1.2
156099.9501518516	1200	11.056044699524211	0.0	616206	3625.853473067054	1.2
156105.1585388355	1850	9.84765771563244	0.0	968026	5208.386983891771	1.2000000000000002
156110.49014135674	1850	8.516055194392612	0.0	874175	5331.602521239828	1.85
156117.0457169723	1850	5.9604795788414515	0.0	897976	6555.57561555116	1.85
156121.8165439442	1200	5.189652606928598	0.0	590335	4770.826971912854	0.5499999999999999
156127.6934674945	1200	4.0	0.6872709433772843	696376	5876.923550305882	-1.7552650565223227
156130.11505982984	750	5.578407664674427	0.0	277716	2421.5923353255735	0.3
156134.01902970293	750	5.674437791567085	0.0	400396	3903.9698731073427	0.75
156137.201318322	750	6.492149172488839	0.0	400508	3182.2886190782465	0.75
156139.90519127453	750	7.788276219961004	0.0	358218	2703.8729525278345	0.75
156143.33476389124	750	8.358703603242073	0.0	400322	3429.572616718932	0.75
156146.5825863116	750	9.110881182908281	0.0	369834	3247.8224203337923	0.75
156152.7962525602	1200	6.897214934303433	0.0	670129	6213.666248604848	0.75
156158.21865086825	1200	5.474816626253093	0.0	690253	5422.39830805034	1.2
156163.08847623094	1200	4.604991263541792	0.0	598727	4869.8253627113	1.2
156165.91746109547	750	5.77600639903529	0.0	321064	2828.984864506502	0.3
156170.48991457402	750	5.203552920458339	0.0	361565	4572.453478576951	0.75
156175.350862183	750	4.34260531147886	0.0	378327	4860.947608979479	0.75
156178.00717560164	750	5.686291892844214	0.0	390680	2656.3134186346456	0.75
156180.15329998758	750	7.540167506893942	0.0	345516	2146.1243859502715	0.75
156182.51381985735	750	9.179647637109742	0.0	384505	2360.5198697841997	0.75
156184.83542974206	750	10.858037752394523	0.0	372093	2321.609884715219	0.75
156187.14014398507	750	12.553323509407964	0.0	438281	2304.7142429865603	0.75
156189.05879477726	750	14.63467271721572	0.0	398987	1918.6507921922414	0.75
156197.97572634296	2850	9.71774115147736	0.0	1483527	8916.93156573836	0.75
156213.5864806575	2850	4.0	5.8930131630586455	1231456	15610.754314536007	-22.489956601152173
156224.9594556335	1850	4.0	7.372974975990604	846370	11372.974975990604	-30.853792396759594
156230.23039280326	750	4.0	1.2709371697301486	450283	5270.9371697301485	-4.715029829839638
156235.53572664573	750	4.0	1.3053338424953682	398865	5305.333842495368	-4.8629355227300834
156237.7717428088	300	5.763983836914089	0.0	139857	2236.0161630859116	-0.15000000000000002
156240.41072530765	300	7.12500133807807	0.0	155432	2638.9824988360197	0.3
156243.0589388421	300	8.476787803631979	0.0	163442	2648.213534446092	0.3
156244.65189221626	300	10.88383442945472	0.0	126289	1592.9533741772593	0.3
156249.93809217613	300	9.597634469583182	0.0	153295	5286.1999598715365	0.3
156252.67133838142	300	10.864388264319292	0.0	173849	2733.2462052638903	0.3
156258.66679487115	300	8.868931774567576	0.0	150710	5995.456489751715	0.3
156261.7879490596	300	9.747777586115422	0.0	139105	3121.154188452154	0.3
156263.98435050633	300	11.551376139398569	0.0	141840	2196.401446716855	0.3
156266.3779407794	300	13.157785866307764	0.0	156148	2393.5902730908033	0.3
156269.00082807484	300	14.534898570894754	0.0	160746	2622.8872954130115	0.3
156273.10484876437	300	14.430877881374734	0.0	179801	4104.020689520018	0.3
156275.94307982197	300	15.59264682375555	0.0	140051	2838.2310576191844	0.3
156279.6390354624	300	15.89669118332831	0.0	138313	3695.955640427239	0.3
156283.1218545997	300	16.413872046034662	0.0	143509	3482.819137293647	0.3
156290.0251055052	300	13.51062114054523	0.0	150616	6903.250905489434	0.3
156295.34060620345	300	12.195120442300434	0.0	165384	5315.500698244795	0.3
156299.21875511255	300	12.316971533168266	0.0	140881	3878.1489091321696	0.3
156302.93701866025	300	12.598707985475619	0.0	157671	3718.2635476926453	0.3
156306.1103963438	300	13.425330301917832	0.0	157812	3173.3776835577883	0.3
156311.6652406391	300	11.87048600662785	0.0	163927	5554.84429528998	0.3
156314.59523226603	300	12.94049437968532	0.0	137654	2929.9916269425303	0.3
156317.25695068805	300	14.278775957663559	0.0	146754	2661.718422021762	0.3
156320.0582450975	300	15.477481548249347	0.0	153938	2801.2944094142117	0.3
156323.77036943007	300	15.765357215680316	0.0	181901	3712.1243325690302	0.3
156325.29214120016	300	18.243585445584642	0.0	111155	1521.7717700956757	0.3
156327.3932605927	300	20.14246605303798	0.0	153605	2101.119392546662	0.3
156332.84524454598	750	18.690482099738492	0.0	400508	5451.983953299489	0.3
156338.3887695284	750	17.14695711733585	0.0	358218	5543.524982402639	0.75
156349.70173304886	750	9.833993596864605	0.0	400322	11312.963520471247	0.75
156362.5914137468	750	4.0	3.0556871010741977	369834	12889.680697938804	-12.38945453461905
156370.00011754766	300	4.0	3.408703800860552	163444	7408.703800860552	-14.807426343700373
156376.40754036978	300	4.0	2.407422822104384	179328	6407.422822104384	-10.051918135048851
156381.28398239132	300	4.0	0.8764420215626187	159914	4876.442021562619	-3.4687006927192607
156385.11585119666	300	4.168131194656679	0.0	131610	3831.8688053433207	0.3
156387.85666120477	300	5.427321186545521	0.0	124011	2740.8100081111584	0.3
156391.78158798447	300	5.502394406856503	0.0	144254	3924.926779689018	0.3
156397.88072300315	300	4.0	0.5967406118226072	149991	6099.1350186791105	-2.265984630837211
156400.83838530382	300	5.042337699320633	0.0	147968	2957.6623006793675	0.3
156403.59266449194	300	6.288058511208577	0.0	161857	2754.279188112056	0.3
156405.16109644383	300	8.719626559317705	0.0	145210	1568.4319518908735	0.3
156406.68168716258	300	11.199035840562322	0.0	172312	1520.5907187553826	0.3
156408.0253972673	300	13.855325735829433	0.0	167025	1343.7101047328892	0.3
156412.5720255365	1200	13.308697466626294	0.0	638661	4546.628269203141	0.29999999999999993
156417.76822870932	1850	12.112494293824772	0.0	830730	5196.203172801522	1.2000000000000002
156425.00765977352	2850	8.873063229595424	0.0	1364537	7239.431064229349	1.85
156427.89724164945	750	9.98348135366714	0.0	450283	2889.581875928285	0.75
156431.58999288667	1200	10.290730116443417	0.0	611087	3692.751237223721	0.75
156434.86817898278	1200	11.01254402030065	0.0	571051	3278.1860961427674	1.2
156438.35223842278	1200	11.528484580304163	0.0	617681	3484.059439996488	1.2
156443.0740526476	1850	10.806670355505757	0.0	996749	4721.814224798405	1.2000000000000002
156447.04240035563	1850	10.838322647466656	0.0	801058	3968.3477080391026	1.85
156452.27736526585	1850	9.603357737265947	0.0	905515	5234.964910200708	1.85
156461.8377151541	1850	4.043007848999881	0.0	1060487	9560.349888266066	1.85
156465.91486133233	1200	4.0	0.03413832921555559	584846	4077.146178215437	0.4032051843731109
156469.32681185982	1200	4.5880494725064525	0.0	560821	3411.9505274935473	1.2
156473.32771063613	1200	4.587150696183811	0.0	607410	4000.898776322641	1.2
156477.2442410547	1200	4.670620277638704	0.0	594078	3916.5304185451078	1.2
156482.00576724618	750	4.0	0.09090591386265078	386351	4761.526191501354	-0.09089542960939834
156484.96621392673	750	5.039553319442017	0.0	434409	2960.4466805579837	0.75
156487.07484346748	750	6.930923778691079	0.0	337059	2108.629540750938	0.75
156489.04352209432	750	8.962245151860612	0.0	366214	1968.6786268304668	0.75
156492.03806479732	1200	9.96770244886027	0.0	617242	2994.5427030003416	0.75
156494.81828948148	1200	11.18747776467323	0.0	581493	2780.22468418704	1.2
156499.17766113114	1850	10.828106115024	0.0	987708	4359.371649649233	1.2000000000000002
156503.66213402114	1850	10.343633225031118	0.0	923755	4484.4728899928805	1.85
156508.0717193111	1850	9.934047935073345	0.0	891604	4409.585289957774	1.85
156513.0998228838	1850	8.90594436233648	0.0	955231	5028.1035727368635	1.85
156518.1237053355	1850	7.882061910629732	0.0	968026	5023.882451706749	1.85
156527.3168946791	1850	4.0	1.3111274329376839	874175	9193.189343567416	-3.7878479616320404
156535.89682183336	1200	4.0	4.579927154285771	587236	8579.927154285771	-19.143686763428814
156542.33683914598	750	4.0	2.440017312614743	379700	6440.017312614743	-10.192074444243394
156545.5042638065	750	4.832575339482324	0.0	425781	3167.4246605176763	0.75
156547.475307829	750	6.861531316955622	0.0	277716	1971.0440225267018	0.75
156550.4381710111	750	7.898668134885206	0.0	400396	2962.863182070416	0.75
156554.92392489797	750	7.412914248009665	0.0	400508	4485.753886875541	0.75
156558.93419458828	750	7.402644557711097	0.0	358218	4010.2696902985676	0.75
156565.65191569517	750	4.684923450831286	0.0	400322	6717.7211068798115	0.75
156575.67319720224	750	4.0	5.336358056231931	369834	10021.281507063217	-22.1963396417973
156579.83575035015	300	4.0	0.16255314790804368	163444	4162.553147908044	-0.8489785360045878
156582.27823534474	300	5.557515005399908	0.0	179328	2442.4849946000927	0.3
156584.91266038985	300	6.923089960309747	0.0	159914	2634.4250450901595	0.3
156587.4355055595	300	8.400244790644901	0.0	131610	2522.8451696648467	0.3
156589.13857612104	300	10.697174229108448	0.0	124011	1703.0705615364534	0.3
156592.87523427364	300	10.96051607649505	0.0	144254	3736.6581526133978	0.3
156596.36012585447	300	11.475624495685226	0.0	149991	3484.891580809824	0.3
156598.12234857844	300	13.713401771704804	0.0	147968	1762.222723980421	0.3
156599.5183086659	300	16.31744168424902	0.0	161857	1395.9600874557866	0.3
156602.2225156727	750	17.613234677438975	0.0	372093	2704.2070068100425	0.3
156615.28386764193	750	8.551882708216903	0.0	438281	13061.35196922207	0.75
156620.2000605293	750	7.635689820808157	0.0	398987	4916.192887408746	0.75
156622.12218753513	750	9.71356281499122	0.0	393804	1922.1270058169353	0.75
156624.28990713833	1200	11.545843211797367	0.0	538612	2167.719603193855	0.75
156630.430463963	2850	9.405286387126504	0.0	1364537	6140.556824670862	1.2000000000000002
156631.77416806057	750	12.061582289560665	0.0	450283	1343.7040975658388	0.75
156634.67696124737	1850	13.158789102749349	0.0	957685	2902.7931868113155	0.75
156638.19306050314	2850	13.642689846994594	0.0	1300868	3516.099255754756	1.85
156642.6445057106	2850	13.191244639516938	0.0	1520281	4451.445207477654	2.85
156648.072161363	2850	11.763588987108388	0.0	1472558	5427.655652408551	2.85
156651.4906258144	2850	12.345124535724059	0.0	1224260	3418.46445138433	2.85
156655.71115128946	2850	12.124599060640227	0.0	1388403	4220.525475083831	2.85
156658.95004162836	2850	12.885708721752097	0.0	1638769	3238.8903388881304	2.85
156661.71676530893	2850	14.11898504119812	0.0	1348011	2766.723680553975	2.85
156667.27268088402	4300	12.563069466078108	0.0	2169201	5555.915575120013	2.8499999999999996
156672.63307565948	4300	11.20267469063886	0.0	2173522	5360.394775439248	4.3
156680.4415778656	4300	7.394172484518698	0.0	2102452	7808.502206120162	4.3
156695.46499886893	4300	4.0	7.629248518833287	2209463	15023.421003351985	-28.50576863098313
156701.66915959408	1850	4.0	2.204160725150813	1036454	6204.160725150813	-10.077891118148496
156712.81976294614	1850	4.0	7.150603352028949	821631	11150.60335202895	-28.89759441372448
156720.76028554916	1200	4.0	3.940522603049021	587876	7940.522603049021	-16.39424719311079
156732.99242235316	750	4.0	8.232136803971672	360831	12232.136803971673	-35.09818825707819
156735.02159986558	300	5.970822487561885	0.0	150616	2029.1775124381152	-0.15000000000000002
156737.27358109734	300	7.718841255827516	0.0	165384	2251.9812317343694	0.3
156741.3069345565	300	7.6854877966737085	0.0	140881	4033.3534591538073	0.3
156743.0945774054	300	9.89784494777452	0.0	157671	1787.642848899189	0.3
156744.70295371924	300	12.289468633943581	0.0	157812	1608.3763138309394	0.3
156748.60482175884	750	12.387600594344443	0.0	401853	3901.8680395991373	0.3
156760.9417360199	750	4.050686333313201	0.0	343800	12336.914261031243	0.75
156767.08941826847	300	4.0	2.096995915273129	146754	6147.6822485863295	-9.167082435674454
156772.21032317844	300	4.0	1.1209049099716668	153938	5120.904909971667	-4.519891112878168
156776.98401460936	300	4.0	0.7736914309147269	181901	4773.691430914727	-3.0268731529333257
156778.21530536513	300	6.768709244244909	0.0	111155	1231.2907557550907	0.3
156779.95747756978	300	9.026537039569183	0.0	153605	1742.172204675728	0.3
156781.5936890573	300	11.390325552028175	0.0	149029	1636.211487541008	0.3
156783.31806024988	300	13.665954359495194	0.0	157421	1724.3711925329812	0.3
156785.81603389338	750	15.167980715972167	0.0	400322	2497.973643523026	0.3
156789.08064910278	1200	15.903365506565281	0.0	584349	3264.6152094068852	0.75
156792.82001109348	1200	16.16400351586011	0.0	670129	3739.3619907051743	1.2
156795.51784057583	1200	17.46617403352116	0.0	690253	2697.8294823389506	1.2
156797.4180905145	1200	19.5659240948898	0.0	598727	1900.2499386313589	1.2
156802.06832564253	2850	18.915688966841536	0.0	1139291	4650.235128048265	1.2000000000000002
156807.87364173037	2850	17.110372879011987	0.0	1499009	5805.316087829549	2.85
156816.2442162257	2850	12.739798383697064	0.0	1427478	8370.574495314922	2.85
156826.96578196526	2850	6.0182326441282	0.0	1402287	10721.565739568863	2.85
156830.97488376233	1200	6.009130847051068	0.0	566904	4009.101797077132	-0.44999999999999996
156836.67017931427	1200	4.31383529509675	0.0	641452	5695.295551954318	1.2
156839.74866708022	1200	5.235347529150667	0.0	599477	3078.487765946082	1.2
156842.0164803696	1200	6.967534239783194	0.0	634861	2267.8132893674738	1.2
156844.5864916353	1200	8.3975229740758	0.0	630203	2570.0112657073937	1.2
156847.26381205366	1200	9.720202555715677	0.0	638661	2677.320418360125	1.2
156852.29133462484	2850	8.692679984548755	0.0	1231456	5027.522571166922	1.2000000000000002
156858.62347810055	2850	6.360536508829011	0.0	1364537	6332.143475719744	2.85
156859.96706698058	750	9.016947628786351	0.0	450283	1343.5888800426594	0.75
156861.57668179314	1200	11.407332816201	0.0	611087	1609.6148125853515	0.75
156865.25686740177	2850	11.7271472075664	0.0	1300868	3680.1856086346	1.2000000000000002
156869.3574811256	2850	11.626533483753024	0.0	1520281	4100.613723813376	2.85
156873.1232152732	2850	11.860799336152656	0.0	1472558	3765.7341476003676	2.85
156876.43509190512	2850	12.548922704245332	0.0	1224260	3311.8766319073256	2.85
156882.50710947526	2850	10.476905134115976	0.0	1388403	6072.0175701293565	2.85
156893.93782742484	2850	4.0	0.9538128154956849	1638769	11430.71794961166	-1.251395106631445
156904.57033148623	1850	4.0	6.63250406137245	852833	10632.50406137245	-27.669767463901533
156908.08039202547	1200	4.489939460745664	0.0	560821	3510.0605392543357	0.5499999999999999
156912.10643678755	1200	4.4638946986748795	0.0	607410	4026.0447620707846	1.2
156914.38093328313	750	6.189398203112584	0.0	405134	2274.4964955622954	0.3
156916.60426316937	750	7.9660683168426365	0.0	386351	2223.329886269947	0.75
156924.78211229687	1200	4.0	0.21178081067247148	687371	8177.849127515108	-0.16065748589162737
156929.6270087773	750	4.0	0.8448964804135413	337059	4844.896480413541	-3.3330548657782275
156934.9084048379	750	4.0	1.2813960605823613	366214	5281.396060582361	-4.760003060504154
156939.21355955405	750	4.0	0.3051547161506651	360831	4305.154716150665	-0.5621652794478598
156940.61083947602	300	6.602720078034503	0.0	150616	1397.2799219654974	-0.15000000000000002
156942.64495722065	300	8.568602333405302	0.0	165384	2034.1177446292	0.3
156947.82261075644	750	7.390948797608932	0.0	350713	5177.653535796371	0.3
156953.59099159148	750	5.62256796256583	0.0	386472	5768.380835043102	0.75
156959.36297891676	750	4.0	0.14941936271346823	399894	5771.987325279298	0.10749674033208667
156963.46037234223	300	4.0	0.09739342546289481	163927	4097.393425462895	-0.5687917294904477
156967.51901887613	300	4.0	0.05864653389906152	137654	4058.6465338990615	0.04781990423403548
156972.09964866342	300	4.0	0.5806297872873929	146754	4580.629787287393	-2.1967080853357897
156976.76407384372	300	4.0	0.6644251802880908	153938	4664.425180288091	-2.5570282752387907
156979.3478811119	300	5.416192731840156	0.0	181901	2583.8072681598446	0.3
156980.5550093081	300	8.209064535628688	0.0	111155	1207.1281962114683	0.3
156982.00353263962	300	10.760541204097706	0.0	153605	1448.523331530982	0.3
156983.2960986247	300	13.467975219015546	0.0	149029	1292.56598508216	0.3
156985.9620859361	750	14.801987907624277	0.0	358218	2665.9873113912704	0.3
156992.25379663246	1200	12.510277211240188	0.0	620283	6291.710696384087	0.75
156994.98810765633	1200	13.775966187371907	0.0	584349	2734.311023868282	1.2
156997.76396666068	1200	15.000107183024348	0.0	670129	2775.85900434756	1.2
157000.7580279295	1200	16.006045914214575	0.0	690253	2994.0612688097735	1.2
157003.36653566448	1200	17.397538179234505	0.0	598727	2608.507734980065	1.2
157005.49215656816	1200	19.271917275536758	0.0	487812	2125.620903697749	1.2
157009.5008055961	1850	19.263268247633015	0.0	938587	4008.649027903741	1.2000000000000002
157015.19315829664	1850	17.57091554705802	0.0	908665	5692.352700574995	1.85
157021.02919426974	1850	15.734879573956684	0.0	930577	5836.035973101339	1.85
157025.4348741196	1850	15.329199724123821	0.0	858450	4405.679849832865	1.85
157030.29355589725	1850	14.470517946426869	0.0	1025005	4858.681777696953	1.85
157038.3471814572	1850	10.416892386476688	0.0	886255	8053.625559950181	1.85
157049.26523851446	1850	4.0	0.5011646707533528	973972	10918.05705723004	-0.3050080842394167
157055.6533149638	750	4.0	2.388076449344874	398987	6388.076449344874	-10.618728732182957
157058.3180932718	750	5.335221691968494	0.0	393804	2664.7783080315057	0.75
157062.10896970832	1200	5.544345255471918	0.0	538612	3790.8764364965764	0.75
157067.19003414144	1200	4.4632808223471105	0.0	550906	5081.064433124808	1.2
157071.86134335422	750	4.0	0.2080283904172702	450283	4671.30921276438	-0.14452207879426182
157076.30106334048	750	4.0	0.43971998627307674	398865	4439.719986273077	-1.1407959409742299
157078.65791898742	750	5.643144353062535	0.0	350812	2356.8556469374657	0.75
157081.19756468336	750	7.103498657124437	0.0	382355	2539.6456959380976	0.75
157084.3862885872	750	7.914774753259624	0.0	411561	3188.7239038648127	0.75
157086.4613521089	750	9.83971123159011	0.0	318564	2075.0635216695136	0.75
157090.1336674302	1200	10.167395910307205	0.0	561791	3672.3153212829056	0.75
157094.95262422482	1200	9.348439115695529	0.0	709534	4818.956794611676	1.2
157098.7294443835	1200	9.571618956999975	0.0	584846	3776.8201586955524	1.2
157102.5351061846	1200	9.765957155914672	0.0	560821	3805.6618010853035	1.2
157106.2818403267	1200	10.019223013831438	0.0	607410	3746.7341420832354	1.2
157109.66033732044	1200	10.640726020082216	0.0	594078	3378.4969937492197	1.2
157113.55000417752	1200	10.751059163003813	0.0	624282	3889.666857078404	1.2
157118.10523567031	1200	10.195827670198025	0.0	687371	4555.231492805789	1.2
157121.44346601513	1200	10.857597325394156	0.0	526950	3338.230344803869	1.2
157124.67548688492	1200	11.625576455613588	0.0	587876	3232.020869780566	1.2
157127.5505121411	1200	12.750551199440295	0.0	617242	2875.025256173293	1.2
157131.36046756068	1850	12.940595779872966	0.0	885714	3809.955419567328	1.2000000000000002
157136.82102122653	1850	11.480042114040065	0.0	987708	5460.553665832901	1.85
157141.74010158796	1850	10.560961752614745	0.0	923755	4919.080361425321	1.85
157147.1386456535	1850	9.162417687077294	0.0	891604	5398.5440655374505	1.85
157153.48712885808	1850	6.81393448248308	0.0	955231	6348.483204594214	1.85
157159.9230015143	1850	4.3780618262479685	0.0	968026	6435.872656235111	1.85
157162.95189669976	1200	5.3491666408165	0.0	536667	3028.895185431468	0.5499999999999999
157166.33719877462	1200	5.963864565949265	0.0	587236	3385.302074867235	1.2
157169.80925754976	1200	6.491805790832877	0.0	590335	3472.0587751163885	1.2
157173.49204518515	1200	6.809018155450746	0.0	696376	3682.7876353821307	1.2
157175.4559958859	1200	8.845067454718329	0.0	487160	1963.9507007324153	1.2
157178.73022517093	1200	9.570838169661801	0.0	622896	3274.229285056529	1.2
157185.7358071344	1850	6.56525620621883	0.0	975811	7005.581963442972	1.2000000000000002
157188.65950678618	1850	7.64155655443085	0.0	873429	2923.6996517879793	1.85
157194.58911176896	1850	5.7119515716231	0.0	954453	5929.60498280775	1.85
157199.80119207402	1850	4.49987126653875	0.0	885062	5212.08030508435	1.85
157203.59677853202	1200	4.704284808543951	0.0	670129	3795.5864579947993	0.5499999999999999
157206.76768895908	1200	5.5333743814814405	0.0	690253	3170.91042706251	1.2
157209.4809602717	1200	6.820103068891962	0.0	598727	2713.2713125894784	1.2
157211.85661466618	1200	8.444448674427903	0.0	487812	2375.6543944640584	1.2
157216.96186461623	1850	7.339198724388288	0.0	938587	5105.249950039616	1.2000000000000002
157221.9084205328	1850	6.392642807824251	0.0	908665	4946.555916564036	1.85
157228.05775636557	1850	4.2433069750451935	0.0	930577	6149.335832779058	1.85
157231.17947480944	1200	5.121588531166835	0.0	566904	3121.718443878358	0.5499999999999999
157234.4848935804	1200	5.816169760210465	0.0	641452	3305.4187709563707	1.2
157238.84986645522	1200	5.451196885387814	0.0	599477	4364.972874822651	1.2
157243.35574464392	1200	4.945318696699054	0.0	634861	4505.87818868876	1.2
157249.5360041218	1200	4.0	1.234940781150659	630203	6180.259477849713	-4.110245358947833
157262.28320725515	1200	4.0	8.74720313337335	638661	12747.20313337335	-36.4129734735054

