1632.4697876014568	750	4.0	1.661300867963679	450283	1661.300867963679	-6.393593732243819
1637.1674322462459	1850	4.0	0.697644644789254	957685	4697.644644789254	-2.2498719725937923
1641.1768553872175	1850	4.0	0.009423140971584872	877771	4009.423140971585	1.8094804938221851
1650.1187185045667	1200	4.0	4.941863117349029	617681	8941.863117349028	-20.700011404600822
1654.1211559411295	1200	4.0	0.002437436562723633	652874	4002.4374365627236	1.1895190227802883
1656.8036965676465	1200	5.317459373482965	0.0	520315	2682.5406265170354	1.2
1661.2675595180945	1200	4.8535964230350395	0.0	561791	4463.862950447926	1.2
1666.2078207057389	1200	4.0	0.08666476460934427	709534	4940.261187644383	0.8273415121798195
1668.4210043678409	750	5.786816337897833	0.0	374758	2213.1836621021666	0.3
1670.6982755143804	1200	7.509545191358559	0.0	560821	2277.271146539274	0.75
1673.539194257348	1200	8.668626448390715	0.0	607410	2840.918742967844	1.2
1676.9575701321526	1200	9.2502505735861	0.0	594078	3418.375874804612	1.2
1682.4307636880967	1850	7.777057017642046	0.0	946851	5473.193555944055	1.2000000000000002
1692.0057691216455	1850	4.0	1.7979484159067252	1036454	9575.005433548771	-5.881178188398918
1698.4729075317964	1200	4.0	2.4671384101511067	526950	6467.138410151107	-10.058695163649759
1700.946722293435	750	5.52618523836163	0.0	366214	2473.8147616383703	0.3
1703.635664909964	750	6.837242621832452	0.0	360831	2688.942616529178	0.75
1705.8375092029323	750	8.635398328864241	0.0	372963	2201.8442929682096	0.75
1708.3323806620333	750	10.140526869763061	0.0	405596	2494.871459101179	0.75
1711.1696871725164	1200	11.303220359280001	0.0	586839	2837.30651048306	0.75
1715.2437835874453	1200	11.229123944351297	0.0	601738	4074.096414928704	1.2
1718.9080700759066	1850	11.564837455889966	0.0	955231	3664.2864884613296	1.2000000000000002
1722.9295298638756	1850	11.543377667920868	0.0	968026	4021.4597879691	1.85
1727.2297922368675	1850	11.24311529492887	0.0	874175	4300.262372991998	1.85
1732.891443101801	1850	9.581464429995457	0.0	897976	5661.650864933415	1.85
1737.9087045343201	1850	8.564202997476343	0.0	905935	5017.261432519114	1.85
1744.447423296538	1850	6.0254842352582205	0.0	1076599	6538.718762218122	1.85
1748.8394722906046	1850	5.633435241191877	0.0	758197	4392.048994066345	1.85
1752.7197604594228	1850	5.75314707237374	0.0	972798	3880.288168818136	1.85
1756.3775702841	1850	6.095337247696653	0.0	975811	3657.809824677087	1.85
1759.0074908756671	1850	7.465416656129366	0.0	873429	2629.920591567288	1.85
1762.9319308490794	1850	7.540976682717018	0.0	954453	3924.439973412348	1.85
1768.9161059663727	1850	5.556801565423988	0.0	885062	5984.17511729303	1.85
1773.0615022175375	1850	5.411405314259131	0.0	1035329	4145.396251164857	1.85
1777.184625846704	1850	5.288281685092512	0.0	1026056	4123.123629166619	1.85
1780.6399094197136	1850	5.832998112082861	0.0	943942	3455.28357300965	1.85
1783.5918535378746	1850	6.8810539939217685	0.0	728962	2951.9441181610932	1.85
1787.4639646874598	1850	7.008942844336436	0.0	938587	3872.111149585333	1.85
1791.5437811932882	1850	6.929126338507926	0.0	908665	4079.816505828511	1.85
1807.2039695010765	1850	4.0	8.731061969280239	930577	15660.188307788165	-35.69356646790502
1809.7375567717008	750	5.466412729375648	0.0	345516	2533.587270624352	-0.3500000000000001
1812.1284876250395	750	7.07548187603703	0.0	384505	2390.9308533386175	0.75
1813.9221744824517	750	9.28179501862467	0.0	372093	1793.6868574123607	0.75
1815.9988363151197	750	11.205133185956841	0.0	438281	2076.6618326678295	0.75
1819.2056273559347	1200	11.998342145141812	0.0	630203	3206.7910408150287	0.75
1827.599697058162	2850	7.604272442914428	0.0	1483527	8394.069702227385	1.2000000000000002
1832.9049492609324	2850	6.299020240143926	0.0	1231456	5305.252202770502	2.85
1838.1666941314052	2850	5.037275369671276	0.0	1364537	5261.744870472649	2.85
1840.015993096086	750	7.187976404990293	0.0	450283	1849.2989646809838	0.75
1843.7271653097444	1850	7.476804191331896	0.0	957685	3711.1722136583962	0.75
1846.328326887222	1850	8.875642613854339	0.0	877771	2601.1615774775564	1.85
1851.9341109228342	1850	7.2698585782421725	0.0	933276	5605.784035612167	1.85
1858.8017605156167	1850	4.40220898545953	0.0	996749	6867.649592782643	1.85
1864.850722455472	1850	4.0	1.646752954395628	801058	6048.961939855158	-5.231037703901201
1869.3756109842507	1200	4.0	0.5248885287786715	561791	4524.888528778672	-1.7070206737482878
1875.4490596629578	1200	4.0	2.073448678707081	709534	6073.448678707081	-7.715829318440448
1877.6489598944086	750	5.8000997685491855	0.0	374758	2199.9002314508148	0.3
1881.127638842686	750	6.32142082027148	0.0	362795	3478.6789482777062	0.75
1883.416222610812	750	8.032837052145654	0.0	353220	2288.583768125826	0.75
1886.7920861320486	1200	8.656973530908934	0.0	594078	3375.863521236721	0.75
1890.710515170011	1200	8.738544492946687	0.0	624282	3918.429037962247	1.2
1895.1629297928564	1200	8.286129870101352	0.0	687371	4452.414622845335	1.2
1898.899216638751	1200	8.549843024206577	0.0	526950	3736.286845894774	1.2
1903.890795794991	1200	7.558263867966845	0.0	587876	4991.579156239732	1.2
1908.726100605562	1200	6.722959057395805	0.0	617242	4835.30481057104	1.2
1913.1079714204902	1200	6.341088242467472	0.0	581493	4381.870814928333	1.2
1918.1364898306686	1200	5.312569832289147	0.0	639204	5028.518410178325	1.2
1921.9631008148917	1200	5.485958848065942	0.0	586839	3826.6109842232045	1.2
1926.4415236135962	1200	5.007536049361291	0.0	601738	4478.4227987046515	1.2
1929.4761531109307	750	5.972906552026869	0.0	399894	3034.629497334422	0.3
1932.9039767259203	1200	6.5450829370371455	0.0	656471	3427.823614989723	0.75
1935.632161564348	1200	7.816898098609414	0.0	536667	2728.184838427732	1.2
1938.0622821581435	1200	9.386777504813788	0.0	587236	2430.1205937956247	1.2
1940.4947180688775	1200	10.954341594079883	0.0	590335	2432.435910733904	1.2
1944.7993098276581	1850	10.649749835299277	0.0	1076599	4304.591758780606	1.2000000000000002
1948.3007630844509	1850	11.14829657850631	0.0	758197	3501.4532567929664	1.85
1952.7079028406297	1850	10.741156822327685	0.0	972798	4407.139756178626	1.85
1955.9837130407757	1850	11.465346622181867	0.0	975811	3275.8102001458174	1.85
1959.036500033096	1850	12.412559629861478	0.0	873429	3052.7869923203893	1.85
1965.623117798643	2850	9.825941864314128	0.0	1497683	6586.617765547348	1.85
1975.663703735431	2850	4.0	0.21464407247354028	1358081	10040.58593678767	1.9270304883637768
1980.397707545915	1200	4.0	0.7340038104839214	670129	4734.003810483921	-3.606216385080862
1985.7945580762416	1200	4.0	1.3968505303265775	690253	5396.850530326577	-4.806457280404283
1989.1745866422118	1200	4.61997143402966	0.0	598727	3380.0285659703404	1.2
1991.7095703552925	1200	6.084987720948939	0.0	487812	2534.983713080721	1.2
1994.6010493929218	1200	7.193508683319382	0.0	575591	2891.479037629557	1.2
1998.1624437445055	1200	7.63211433173573	0.0	605884	3561.3943515836518	1.2
2006.617832669899	1200	4.0	0.8232745936576784	587506	8455.388925393408	-2.340080752728017
2007.627112018266	750	6.9907206516329845	0.0	345516	1009.2793483670152	0.3
2009.0108517889241	1200	9.60698088097481	0.0	641452	1383.7397706581742	0.75
2010.2455269726947	1200	12.37230569720403	0.0	599477	1234.6751837707804	1.2
2011.5855449119128	1200	15.032287757985848	0.0	634861	1340.0179392181815	1.2
2014.4054831123992	2850	16.21234955749944	0.0	1464921	2819.9382004864074	1.2000000000000002
2018.5506474451604	4300	16.06718522473815	0.0	2246506	4145.164332761291	2.8499999999999996
2023.0912501641608	4300	15.526582505737956	0.0	1961140	4540.602719000195	4.3
2027.938046063809	4300	14.679786606089715	0.0	2155012	4846.795899648239	4.3
2028.8292823143834	750	17.78855035551531	0.0	450283	891.2362505744079	0.75
2032.7854057916938	4300	17.832426878204853	0.0	2123065	3956.123477310456	0.75
2039.041583163398	4300	15.576249506500734	0.0	2177073	6256.17737170412	4.3
2047.1308735770126	4300	11.486959092885849	0.0	2160877	8089.2904136148845	4.3
2056.527208587817	4300	6.090624082081704	0.0	2233056	9396.335010804145	4.3
2061.738350798484	2850	4.879481871414357	0.0	1224260	5211.142210667347	1.4000000000000001
2066.7445037123935	1850	4.0	0.12667104249488692	905515	5006.152913909244	0.3053145172719862
2071.9803079402677	1850	4.0	1.2358042278744432	1060487	5235.804227874443	-3.463958179860106
2074.4933327337576	1200	5.486975206509958	0.0	584846	2513.0247934900426	0.5499999999999999
2076.9352712898904	1200	7.045036650377579	0.0	560821	2441.9385561323784	1.2
2081.499753566665	1850	6.48055437360301	0.0	939819	4564.482276774569	1.2000000000000002
2087.2826044167055	1850	4.697703523562153	0.0	917428	5782.850850040856	1.85
2089.994238653449	1200	5.986069286818707	0.0	624282	2711.6342367434468	0.5499999999999999
2093.288061814502	1200	6.692246125765945	0.0	687371	3293.8231610527623	1.2
2096.187644561897	1200	7.7926633783708175	0.0	526950	2899.5827473951276	1.2
2100.0583330741033	1200	7.921974866164666	0.0	587876	3870.688512206152	1.2
2104.609143061003	1200	7.37116487926446	0.0	617242	4550.809986900205	1.2
2110.6428274229647	1200	5.337480517302677	0.0	581493	6033.684361961783	1.2
2114.358117352731	1200	5.6221905875364175	0.0	639204	3715.28992976626	1.2
2118.901693910686	1200	5.078614029581783	0.0	586839	4543.576557954634	1.2
2122.8359751770704	1200	5.1443327631972275	0.0	601738	3934.2812663845557	1.2
2129.132280561932	1200	4.0	1.1519726216639719	616206	6296.3053848612	-3.753482273155079
2131.503847554009	750	5.628433007923136	0.0	401853	2371.566992076864	0.3
2133.295525538545	1200	7.836755023387194	0.0	536667	1791.6779845359429	0.75
2135.91513825594	1200	9.217142305992498	0.0	587236	2619.6127173946957	1.2
2138.877888680196	1200	10.25439188173642	0.0	590335	2962.7504242560776	1.2
2142.3574436090607	1850	10.774836952871453	0.0	1076599	3479.554928864968	1.2000000000000002
2145.8376164934375	1850	11.294664068494694	0.0	758197	3480.1728843767587	1.85
2152.9769906562733	1850	8.155289905658497	0.0	972798	7139.374162836197	1.85
2160.7015973423586	1850	4.430683219573568	0.0	975811	7724.606686084929	1.85
2164.3363504041426	1200	4.7959301577891855	0.0	570392	3634.7530617843836	0.5499999999999999
2169.71842780382	1200	4.0	0.5861472418877902	620283	5382.077399676976	-1.3204331401174978
2171.523671213619	750	6.194756590201013	0.0	369834	1805.2434097989862	0.3
2175.2451254618054	1200	6.473302342014289	0.0	670129	3721.4542481867243	0.75
2179.7111073931337	1200	6.007320410686028	0.0	690253	4465.9819313282605	1.2
2182.5780684288625	1200	7.1403593749573595	0.0	598727	2866.961035728669	1.2
2185.010034821393	1200	8.708392982426357	0.0	487812	2431.9663925310006	1.2
2190.0714752117196	1850	7.646952592100334	0.0	938587	5061.440390326024	1.2000000000000002
2195.020876528963	1850	6.697551274857085	0.0	908665	4949.401317243249	1.85
2199.810802229298	1850	5.907625574521666	0.0	930577	4789.92570033542	1.85
2204.0003242819043	1850	5.718103521915606	0.0	858450	4189.52205260606	1.85
2209.522157326744	1850	4.196270477076111	0.0	1025005	5521.8330448394945	1.85
2215.6413988797526	1200	4.0	1.922971075932246	599477	6119.241553008357	-7.718775626508658
2220.862889409599	1200	4.0	1.2214905298465601	634861	5221.49052984656	-4.052409278340209
2223.6489923839367	750	5.213897025662118	0.0	398987	2786.1029743378817	0.3
2226.131458207445	750	6.731431202153967	0.0	393804	2482.4658235081506	0.75
2233.0677852957724	1850	4.0	0.2048958861733754	830730	6936.327088327343	-0.13105231054551414
2236.655582988037	1200	4.412202307734893	0.0	550906	3587.7976922651064	0.5499999999999999
2239.453367715915	750	5.614417579857162	0.0	450283	2797.784727877732	0.75
2242.0081240784416	1200	7.059661217331133	0.0	611087	2554.756362526028	0.75
2245.293355051261	1200	7.774430244511172	0.0	571051	3285.230972819962	1.2
2248.6260296500577	1200	8.44175564571505	0.0	617681	3332.6745987961217	1.2
2253.142809501967	1200	7.924975793805917	0.0	652874	4516.779851909133	1.2
2257.034476690861	1200	8.033308604911905	0.0	520315	3891.667188894012	1.2
2264.5530687435667	1200	4.514716552206262	0.0	561791	7518.592052705642	1.2
2273.905376310639	750	4.0	4.83759101486645	437162	9352.307567072712	-20.501641363925735
2278.7849496058743	750	4.0	0.8795732952351136	374758	4879.573295235114	-3.0321651695109884
2281.8730629306515	300	4.911886675222603	0.0	139105	3088.113324777397	-0.15000000000000002
2283.720164775796	300	7.064784830078053	0.0	141840	1847.1018451445495	0.3
2285.507968420756	300	9.276981185118837	0.0	156148	1787.803644959216	0.3
2288.265384187564	300	10.519565418310837	0.0	160746	2757.415766808001	0.3
2291.446498560324	300	11.338451045550658	0.0	179801	3181.1143727601793	0.3
2292.2642506756943	300	14.520698930180307	0.0	140051	817.7521153703485	0.3
2293.984879785468	750	16.80006982040646	0.0	366214	1720.6291097738472	0.3
2299.3667331379793	750	15.418216467895007	0.0	360831	5381.853352511454	0.75
2303.6158565347696	750	15.169093071104198	0.0	372963	4249.123396790807	0.75
2305.2864596703203	750	17.498489935553582	0.0	405596	1670.6031355506154	0.75

