7959.2826772363715	750	4.0	2.455865542160218	450283	2455.865542160218	-9.810221831288937
7962.3020470763895	750	4.980630159982196	0.0	398865	3019.3698400178037	0.75
7965.551502620117	1200	5.731174616253286	0.0	571051	3249.45554372891	0.75
7968.597368068082	1200	6.685309168289923	0.0	617681	3045.8654479633633	1.2
7971.574597209006	1200	7.708080027364858	0.0	652874	2977.2291409250656	1.2
7974.035304881934	1200	9.247372354437656	0.0	520315	2460.7076729272003	1.2
7976.492870215146	1200	10.78980702122572	0.0	561791	2457.5653332119377	1.2
7979.611693343074	1200	11.670983893297295	0.0	709534	3118.8231279284223	1.2
7982.290769009789	1200	12.991908226582298	0.0	584846	2679.075666714999	1.2
7984.642144223764	1200	14.640533012607392	0.0	560821	2351.3752139749067	1.2
7988.682453318	1850	14.600223918371668	0.0	939819	4040.3090942357226	1.2000000000000002
7992.574663605491	1850	14.708013630880464	0.0	917428	3892.2102874912057	1.85
7996.575237955874	1850	14.707439280496233	0.0	946851	4000.5743503842286	1.85
8003.808097296264	2850	11.474579940106885	0.0	1578343	7232.859340389348	1.85
8007.218021839523	2850	12.064655396847371	0.0	1231445	3409.924543259515	2.85
8010.915823731875	2850	12.366853504496353	0.0	1471065	3697.801892351017	2.85
8015.07831993897	2850	12.204357297402021	0.0	1491626	4162.496207094332	2.85
8018.163043797491	2850	13.119633438880657	0.0	1358801	3084.7238585213645	2.85
8022.236320447628	2850	13.046356788743896	0.0	1537156	4073.276650136761	2.85
8026.8534898053995	4300	12.429187430972126	0.0	2156729	4617.169357771771	2.8499999999999996
8036.569404611458	4300	6.713272624913905	0.0	2039773	9715.914806058221	4.3
8042.2548676757415	2850	5.027809560631199	0.0	1468126	5685.463064282706	1.4000000000000001
8047.087815769302	2850	4.1948614670695665	0.0	1505760	4832.948093561632	2.85
8050.064953422112	1850	5.217723814259995	0.0	874175	2977.137652809573	0.8500000000000001
8052.616375100026	1850	6.666302136346681	0.0	897976	2551.421677913314	1.85
8055.40708106884	1850	7.875596167532772	0.0	905935	2790.7059688139084	1.85
8062.6661215311815	2850	4.616555705191947	0.0	1547572	7259.040462340826	1.85
8068.335076656321	1850	4.0	1.0523994199476692	758197	5668.955125139616	-3.6753175057749767
8074.420347989059	1850	4.0	2.085271332738045	972798	6085.271332738045	-7.116666730773595
8078.236265667025	1200	4.184082322033631	0.0	641447	3815.9176779663694	0.5499999999999999
8082.215509663754	1200	4.2048383253043315	0.0	570392	3979.2439967292994	1.2
8085.367798715459	1200	5.052549273599125	0.0	620283	3152.2890517052065	1.2
8087.421849815661	1200	6.998498173398129	0.0	584349	2054.051100200995	1.2
8089.481627696934	1200	8.938720292123838	0.0	670129	2059.7778812742918	1.2
8094.6312764395525	1850	7.78907154950572	0.0	1026056	5149.648742618118	1.2000000000000002
8101.204422632591	1850	5.215925356467123	0.0	943942	6573.146193038598	1.85
8106.268661814055	1850	4.151686175002729	0.0	728962	5064.239181464393	1.85
8108.6976304091195	1200	5.722717579938444	0.0	575591	2428.968595064285	0.5499999999999999
8111.583022325447	1200	6.837325663611147	0.0	605884	2885.3919163272967	1.2
8116.0226778200085	1200	6.397670169050188	0.0	587506	4439.65549456096	1.2
8119.082097891076	1200	7.33825009798242	0.0	566904	3059.4200710677683	1.2
8123.584442880255	1200	6.835905108803879	0.0	641452	4502.34498917854	1.2
8128.172119813673	1200	6.248228175386006	0.0	599477	4587.676933417873	1.2
8130.392640615544	1200	8.027707373514788	0.0	634861	2220.5208018712183	1.2
8132.633907259473	1200	9.78644072958623	0.0	630203	2241.266643928557	1.2
8138.10631535881	1850	8.314032630248487	0.0	982064	5472.408099337745	1.2000000000000002
8142.782316833781	2850	7.638031155277883	0.0	1231456	4676.001474970603	1.85
8147.967322281158	2850	6.453025707901043	0.0	1364537	5185.0054473768405	2.85
8149.612883579561	750	8.807464409497973	0.0	450283	1645.5612984030704	0.75
8153.463312094227	1850	8.957035894831137	0.0	957685	3850.4285146668362	0.75
8157.091532609543	1850	9.328815379515813	0.0	877771	3628.2205153153245	1.85
8160.982899583209	1850	9.437448405850155	0.0	933276	3891.3669736656566	1.85
8165.433764509187	1850	8.986583479871555	0.0	996749	4450.864925978601	1.85
8169.225730617127	1850	9.194617371931875	0.0	801058	3791.9661079396806	1.85
8173.477843228266	1850	8.942504760793065	0.0	905515	4252.1126111388085	1.85
8177.622174696885	1850	8.79817329217385	0.0	1060487	4144.331468619215	1.85
8180.827119109618	1850	9.59322887944019	0.0	852833	3204.9444127336583	1.85
8183.989893416928	1850	10.430454572130106	0.0	913888	3162.7743073100846	1.85
8188.108382448709	1850	10.311965540349439	0.0	939819	4118.489031780668	1.85
8193.549954875372	1850	8.870393113685349	0.0	917428	5441.572426664089	1.85
8199.498242744714	1850	6.922105244344583	0.0	946851	5948.2878693407665	1.85
8203.729371518843	1850	6.690976470216183	0.0	1036454	4231.1287741283995	1.85
8208.123205176109	1850	6.297142812948835	0.0	821631	4393.833657267349	1.85
8211.634748417644	1200	6.785599571414808	0.0	587876	3511.543241534026	0.5499999999999999
8213.167067487582	1200	9.253280501476905	0.0	617242	1532.3190699379036	1.2
8215.618491173813	1850	10.801856815245989	0.0	885714	2451.423686230916	1.2000000000000002
8218.303013384873	1850	12.117334604185144	0.0	987708	2684.5222110608447	1.85
8221.501093899416	2850	12.91925408964212	0.0	1336050	3198.080514543024	1.85
8226.710849909063	2850	11.709498079994157	0.0	1415116	5209.756009647963	2.85
8230.317472043069	2850	12.102875945988249	0.0	1468126	3606.6221340059064	2.85
8233.19749223713	2850	13.222855751927451	0.0	1505760	2880.0201940607976	2.85
8237.445618689188	4300	12.97472929987081	0.0	2044075	4248.126452056641	2.8499999999999996
8242.838649077152	4300	11.581698911907125	0.0	2186790	5393.030387963684	4.3
8247.353225405966	4300	11.067122583091535	0.0	2105231	4514.57632881559	4.3
8253.76385562625	4300	8.656492362808796	0.0	2395588	6410.630220282738	4.3
8256.491144112051	4300	9.929203877006692	0.0	1972048	2727.288485802105	4.3
8260.997087088543	4300	9.42326090051595	0.0	2134614	4505.942976490741	4.3
8266.311396660665	4300	8.108951328392937	0.0	2164140	5314.309572123014	4.3
8273.603607873833	4300	4.816740115226428	0.0	2113193	7292.211213166509	4.3
8283.268985939703	2850	4.0	4.848637950644713	1497683	9665.37806587114	-19.449143187772265
8287.170324226981	1850	4.0986617127223015	0.0	885062	3901.3382872776983	0.8500000000000001
8292.390383397174	1850	4.0	1.121397457471442	1035329	5220.059170193744	-2.9720090671272
8297.922457526538	1850	4.0	1.532074129362777	1026056	5532.074129362777	-4.7379187562599405
8302.3627073887	1850	4.0	0.4402498621629193	943942	4440.249862162919	-0.043074407300552675
8304.498181036139	1200	5.8645263525618185	0.0	487812	2135.4736474381816	0.5499999999999999
8307.158646180887	1200	7.204061207812641	0.0	575591	2660.4651447491765	1.2
8311.200458067351	1850	7.162249321348987	0.0	908665	4041.811886463654	1.2000000000000002
8317.586765580072	1850	4.775941808628352	0.0	930577	6386.307512720635	1.85
8323.346375245443	1200	4.0	0.9836678567435665	566904	5759.609665371919	-3.6797717839973356
8335.081999300419	1200	4.0	7.735624054975969	641452	11735.62405497597	-32.06318343639666
8340.087101192066	750	4.0	1.0051018916466528	372093	5005.101891646653	-4.021938134080607
8342.60350380687	300	5.483597385197121	0.0	172312	2516.4026148028784	-0.15000000000000002
8349.006889121725	750	4.0	0.9197879296580596	398987	6403.385314855181	-3.655088097529656
8351.834176890401	300	5.172712231323173	0.0	160064	2827.287768676827	-0.15000000000000002
8360.075842469838	750	4.0	3.068953348113974	331053	8241.665579437147	-12.896499396890087
8362.658932428256	300	5.416910041582378	0.0	118421	2583.089958417622	-0.15000000000000002

