1067.520706629113	750	4.0	6.846109202827105	450283	6846.109202827105	-28.68826957215655
1069.5619842928813	300	5.958722336231715	0.0	155580	2041.2776637682844	-0.15000000000000002
1070.8031687831765	300	8.717537845936512	0.0	139857	1241.1844902952027	0.3
1071.6420792808428	300	11.878627348270129	0.0	155432	838.910497666384	0.3
1072.3627443083358	300	15.157962320777262	0.0	163442	720.6650274928664	0.3
1072.9410148263985	300	18.57969180271442	0.0	126289	578.2705180628435	0.3
1073.6326768360386	300	21.888029793074377	0.0	153295	691.6620096400438	0.3
1074.428056898123	300	25.092649730989848	0.0	173849	795.3800620845286	0.3
1075.2336633430393	300	28.287043286073743	0.0	150710	805.6064449161069	0.3
1075.9417234708187	300	31.578983158294463	0.0	139105	708.0601277792763	0.3
1076.5196398101748	300	35.00106681893838	0.0	141840	577.9163393560846	0.3
1077.2338036651518	300	38.28690296396116	0.0	156148	714.1638549772189	0.3
1082.6804116075014	750	36.840295021611645	0.0	386351	5446.607942349516	0.3
1085.7361229720273	750	37.78458365708585	0.0	434409	3055.7113645257978	0.75
1087.2247813035706	750	40.29592532554248	0.0	337059	1488.6583315433647	0.75
1088.5886163104472	750	42.932090318665765	0.0	366214	1363.8350068767093	0.75
1089.8650809863893	750	45.6556256427235	0.0	360831	1276.4646759422667	0.75
1091.2396009369843	750	48.28110569212878	0.0	372963	1374.5199505947182	0.75
1092.7333229012165	750	50.78738372789634	0.0	405596	1493.721964232439	0.75
1094.2550853690236	750	53.26562126008909	0.0	350713	1521.7624678072455	0.75
1097.024152256529	1200	54.49655437258371	0.0	601738	2769.0668875053802	0.75
1099.682075239224	1200	55.83863138988874	0.0	616206	2657.9229826949763	1.2
1102.1280833935912	1200	57.392623235521675	0.0	656471	2446.008154367058	1.2
1103.8195010559286	1200	59.70120557318425	0.0	536667	1691.4176623374308	1.2
1106.2733907699374	1200	59.71521253100129	0.0	587236	1485.9930421829577	1.2
1108.0392577565208	1200	59.50722737362247	0.0	590335	1707.9851573788274	1.2
1110.8402251165073	1200	59.84018460823152	0.0	696376	2167.042765390952	1.2
1112.7869702348828	1200	59.87527434634164	0.0	487160	1464.9102618898746	1.2
1115.0484818862942	1200	59.68543594887866	0.0	622896	1689.838397462977	1.2
1117.6425293889483	1200	59.57874882452577	0.0	641447	2106.6871243528976	1.2
1119.4298752577085	1850	59.883756079296305	0.0	873429	1694.9927452294614	1.2000000000000002
1123.4671936526797	1850	59.84643768432528	0.0	954453	3037.318394971021	1.85
1127.448261702613	1850	59.80573941860948	0.0	885062	3040.6982657158087	1.85
1131.2664934157583	1850	59.98750770546422	0.0	1035329	3318.231713145255	1.85
1134.9247747158454	1850	59.946667804102056	0.0	1026056	3040.839901362161	1.85
1138.2581181125227	1850	59.999216805125975	0.0	943942	2947.450998976086	1.85
1141.360958711747	1850	59.81674270436446	0.0	728962	2682.4741007615135	1.85
1145.3968670995807	1850	59.688971759678815	0.0	938587	3627.770944685637	1.85
1149.3467961559732	1850	59.62257595305677	0.0	908665	3566.3958066220516	1.85
1153.4744944375225	1850	59.49487767150741	0.0	930577	4127.698281549356	1.85
1155.4408150474073	1200	59.60733313222496	0.0	566904	1887.5445392824558	0.5499999999999999
1158.2046763055805	1200	59.685290538439475	0.0	641452	1922.0425937854839	1.2
1161.0968588734906	1200	59.859108586678175	0.0	599477	2326.1819517613017	1.2
1165.221909319249	1200	59.734058140919565	0.0	634861	3625.050445758609	1.2
1167.8986730364572	1200	59.6272018132693	0.0	630203	2106.856327650262	1.2
1169.8319472000974	1200	59.781018426228144	0.0	638661	1846.183387041158	1.2
1173.6192296455292	2850	59.9937359807963	0.0	1231456	3287.282445431845	1.2000000000000002
1178.221277306732	2850	59.3916883195935	0.0	1364537	4602.0476612028	2.85
1181.3303587130533	750	59.645358058049645	0.0	450283	2246.33026154386	0.75
1184.3816958508385	1200	59.98106506154584	0.0	611087	2664.2929965037983	0.75
1188.484786985646	1200	59.80804156478275	0.0	571051	3673.023496763095	1.2
1192.0779960514215	1200	59.9064708509172	0.0	617681	3401.570713865539	1.2
1196.6780513238905	1200	59.30641557844816	0.0	652874	4600.055272469045	1.2
1200.2060184301504	1200	59.77844847218819	0.0	520315	3027.9671062599714	1.2
1206.558389705916	1200	57.4260771964226	0.0	561791	6352.371275765595	1.2
1216.055753363345	1200	51.92871353899341	0.0	709534	9497.363657429189	1.2
1223.779240054488	1200	48.20522684785052	0.0	584846	7723.486691142882	1.2
1226.7530782036927	750	49.23138869864589	0.0	362795	2973.8381492046333	0.3
1233.2159367711802	750	46.76853013115812	0.0	353220	6462.858567487768	0.75
1235.4382828218477	300	48.546184080490704	0.0	156148	2222.3460506674146	-0.15000000000000002
1236.68410806457	300	51.30035883776832	0.0	160746	1245.8252427223883	0.3
1238.262844810607	300	53.72162209173136	0.0	179801	1578.7367460369537	0.3
1239.8213527364564	300	56.163114165881794	0.0	140051	1558.5079258495712	0.3
1242.2178099893363	300	57.76665691300212	0.0	138313	2396.4572528796725	0.3
1244.136373182384	300	59.848093719954335	0.0	143509	1918.5631930477914	0.3
1245.5425944705203	300	59.860990817322644	0.0	150616	987.1029026316927	0.3
1246.5225721837885	300	59.919561153440675	0.0	165384	941.4296638819648	0.3
1249.6089379491027	300	59.83665229547688	0.0	140881	2082.9088579637964	0.3
1251.2480837558064	300	59.68280784580018	0.0	157671	653.8444496767032	0.3
1251.9473917631517	300	59.51180452064104	0.0	157812	671.0033251591283	0.3
1253.3838220387256	300	59.757741723947106	0.0	163927	754.0627966939447	0.3
1255.0524379265798	750	59.964617519460035	0.0	343800	1293.124204487069	0.3
1256.5928367910203	750	59.836163928923234	0.0	359903	1128.4535905368	0.75
1258.7407156488646	1200	59.62769713695294	0.0	590335	1708.4667919702902	0.75
1263.616017947235	1200	58.752394838582745	0.0	696376	4875.302298370197	1.2
1269.5053275654207	1200	56.863085220396954	0.0	487160	5889.309618185792	1.2
1276.5430368763846	750	53.82537590943287	0.0	400396	7037.709310964084	0.3
1280.6537008285852	750	53.71471195723219	0.0	400508	4110.663952200683	0.75
1285.248713075172	750	53.11969971064553	0.0	358218	4595.012246586669	0.75
1287.5008554197998	300	54.86755736601767	0.0	157488	2252.1423446278463	-0.15000000000000002
1289.4389057558112	300	56.92950703000631	0.0	143881	1938.050336011358	0.3
1291.941617263486	300	58.42679552233158	0.0	163444	2502.7115076747336	0.3
1293.4790826703086	300	59.659719659168	0.0	179328	1267.0758631635804	0.3
1295.5333392359503	300	59.96328614817663	0.0	159914	1196.4335109913634	0.3
1299.5918495092146	300	59.90477587491228	0.0	131610	3558.5102732643527	0.3

