10879.723045658598	750	4.0	2.4747613827285355	450283	2474.7613827285354	-9.891473945732702
10880.545143293715	300	7.17790236488119	0.0	155580	822.0976351188099	-0.15000000000000002
10881.188654900923	300	10.534390757673423	0.0	139857	643.5116072077666	0.3
10881.887489899658	300	13.835555758939657	0.0	155432	698.8349987337659	0.3
10882.751888349874	300	16.971157308723395	0.0	163442	864.3984502162624	0.3
10883.639760944512	300	20.08328471408523	0.0	126289	887.8725946381617	0.3
10884.68764799028	300	23.035397668315955	0.0	153295	1047.8870457692774	0.3
10885.567740959328	300	26.15530469926928	0.0	173849	880.092969046676	0.3
10887.279944914602	750	28.44310074399487	0.0	374758	1712.2039552744095	0.3
10889.238106282153	750	30.484939376442345	0.0	362795	1958.1613675525248	0.75
10892.173990043795	750	31.549055614801762	0.0	353220	2935.8837616405813	0.75
10895.141829424043	750	32.58121623455375	0.0	405134	2967.8393802480123	0.75
10897.897046144442	750	33.825999514152514	0.0	386351	2755.2167204012385	0.75
10900.732820533172	750	34.99022512542276	0.0	434409	2835.7743887297593	0.75
10903.098958105942	750	36.624087552653044	0.0	337059	2366.1375727697114	0.75
10904.917800384388	750	38.80524527420866	0.0	366214	1818.8422784443853	0.75
10907.103491146494	750	40.61955451210156	0.0	360831	2185.6907621070995	0.75
10909.641534775064	750	42.081510883530065	0.0	372963	2538.043628571498	0.75
10912.038122832917	750	43.68492282567885	0.0	405596	2396.588057851206	0.75
10914.29692165781	750	45.42612400078604	0.0	350713	2258.7988248928136	0.75
10917.01222410526	750	46.71082155333738	0.0	386472	2715.3024474486606	0.75
10919.50291439343	750	48.22013126516531	0.0	399894	2490.6902881720753	0.75
10922.01908814398	750	49.703957514616036	0.0	401853	2516.17375054927	0.75
10923.896097494913	750	51.82694816368255	0.0	343800	1877.0093509334815	0.75
10925.96642323351	750	53.75662242508449	0.0	359903	2070.3257385980605	0.75
10928.104873755537	750	55.61817190305886	0.0	379700	2138.4505220256315	0.75
10930.211076459174	750	57.511969199420356	0.0	425781	2106.2027036385034	0.75
10932.082651067125	750	59.640394591470866	0.0	277716	1371.574607949483	0.75
10934.57356284561	750	59.61212209785712	0.0	400396	2028.272493613755	0.75
10938.149807323278	1200	59.741819501459204	0.0	641447	3370.3025963979107	0.75
10942.27544236228	1200	59.6161844624571	0.0	570392	4125.635039002103	1.2
10945.998246973744	1200	59.554570616860225	0.0	620283	3561.6138455968785	1.2
10949.860359181654	1200	59.65360989583937	0.0	584349	2900.9607210208624	1.2
10953.663875412716	1200	59.8500936647778	0.0	670129	3803.516231061565	1.2
10957.634884139874	1200	59.87908493762022	0.0	690253	3971.008727157586	1.2
10963.00713241514	1200	58.50683666235281	0.0	598727	5372.248275267405	1.2
10967.772984464242	750	57.74098461325121	0.0	321064	4765.852049101605	0.3
10970.8151686451	750	58.698800432391586	0.0	361565	3042.1841808596205	0.75
10973.478381480834	750	59.67167448969389	0.0	378327	2027.1259426977006	0.75
10975.608511681185	750	59.8646528360363	0.0	390680	1807.021653657593	0.75
10977.086676937104	750	59.98112448142307	0.0	345516	1383.528354613225	0.75
10978.893913365027	750	59.82432471811408	0.0	384505	1656.7997633089994	0.75
10980.553686730393	750	59.71615636773849	0.0	372093	1608.168350375586	0.75
10985.064781523237	1200	59.20506157489371	0.0	634861	4511.0947928447795	0.75
10989.334501420599	1200	58.935341677532975	0.0	630203	4269.71989736074	1.2
10995.532194518102	1200	56.73764858002958	0.0	638661	6197.6930975034	1.2
11000.600945843937	1850	55.66889725419424	0.0	830730	5068.751325835335	1.2000000000000002
11008.688223330366	2850	51.58161976776551	0.0	1364537	8087.277486428732	1.85
11013.809679868578	750	50.460163229552094	0.0	450283	5121.456538213409	0.75
11017.519584683176	750	50.75025841495426	0.0	398865	3709.9048145978345	0.75
11020.487778812747	750	51.782064285382184	0.0	350812	2968.1941295720726	0.75
11023.255370929193	750	53.0144721689361	0.0	382355	2767.5921164460783	0.75
11026.093474676247	750	54.17636842188078	0.0	411561	2838.103747055322	0.75
11028.36491099557	750	55.90493210255863	0.0	318564	2271.4363193221534	0.75
11034.239829014447	750	54.03001408368183	0.0	352642	5874.918018876808	0.75
11039.361345796427	750	52.908497301701914	0.0	437162	5121.516781979911	0.75
11043.93870577613	750	52.33113732199735	0.0	374758	4577.359979704564	0.75
11047.129694981186	750	53.1401481169416	0.0	362795	3190.9892050557555	0.75
11047.865423840982	300	56.40441925714545	0.0	141840	735.7288597961547	-0.15000000000000002
11048.689153656098	300	59.58068944202974	0.0	156148	823.7298151157104	0.3
11049.713819087583	300	59.65839269663615	0.0	160746	922.2967453935954	0.3
11052.039806011282	300	59.6865835778331	0.0	179801	1471.8091188030487	0.3
11055.214692421467	750	59.95572927518849	0.0	337059	2730.8543026446055	0.3
11058.151648131903	750	59.649267473739805	0.0	366214	2306.461801448681	0.75
11060.491576604245	750	59.98855019206364	0.0	360831	2160.717281676165	0.75
11062.847092782677	750	59.58689769818025	0.0	372963	1901.6524938833843	0.75
11065.9011340117	750	59.97480892594229	0.0	405596	2112.088772237962	0.75
11068.20672194333	750	59.90499118851986	0.0	350713	1569.8177374224322	0.75
11070.969850574873	750	59.755311969852386	0.0	386472	2149.679218667469	0.75
11073.916658245678	750	59.78813284088768	0.0	399894	2467.1791289647063	0.75
11076.276125877344	750	59.99821329597445	0.0	401853	2289.9195449132276	0.75
11078.790832391438	750	59.71213408230512	0.0	343800	2286.079213669324	0.75
11080.810582473305	750	59.75057269158378	0.0	359903	1961.5613907213383	0.75
11083.600975342291	750	59.57847060266377	0.0	379700	2672.1020889200086	0.75
11088.568730783674	750	58.6107151612795	0.0	425781	4967.755441384275	0.75
11092.788696331745	750	58.390749613209636	0.0	277716	4219.965548069861	0.75
11097.411541395122	750	57.767904549831584	0.0	400396	4622.84506337805	0.75
11099.314024045556	750	59.865421899396296	0.0	400508	1902.4826504352886	0.75
11101.583964648478	750	59.64162133960145	0.0	358218	1723.8005597948425	0.75
11103.828107623507	750	59.988619873650556	0.0	400322	2153.0014659508947	0.75
11106.147025390677	750	59.5652317446036	0.0	369834	1923.388129046951	0.75
11108.41058037507	750	59.58121907146919	0.0	412837	1984.0126731344112	0.75
11110.823815654005	750	59.964372587631374	0.0	401088	1616.8464838378136	0.75
11114.121618355086	1200	59.913665634639365	0.0	598727	2550.7069529920127	0.75
11116.570842764997	1200	59.99660130372827	0.0	487812	1917.0643309110967	1.2
11119.877518682639	1200	59.76534338440811	0.0	575591	2731.2579193201555	1.2
11122.823933933487	1200	59.77334475814365	0.0	605884	2491.9986262644675	1.2
11126.095404471203	1200	59.554817801577606	0.0	587506	2718.5269565660387	1.2
11129.85275953949	1200	59.643112058008754	0.0	566904	3411.705743568852	1.2
11134.173414163983	1200	59.3224574335166	0.0	641452	4320.654624492154	1.2
11137.511044378853	1200	59.98482721864702	0.0	599477	2837.6302148695786	1.2
11141.5382797004	1200	59.95759189709959	0.0	634861	3527.235321547426	1.2
11146.705884309567	1200	58.78998728793276	0.0	630203	5167.604609166832	1.2
11152.149422154738	1200	57.34644944276284	0.0	638661	5443.537845169924	1.2
11161.268907865035	1850	52.226963732465634	0.0	830730	9119.4857102972	1.2000000000000002
11176.206863356252	2850	41.28900824124787	0.0	1364537	14937.955491217761	1.85
11180.368692364966	750	41.127179232532264	0.0	450283	4161.829008715616	0.75
11184.083727557323	750	41.412144040173985	0.0	398865	3715.0351923582803	0.75
11186.262204690831	300	43.233666906667054	0.0	139857	2178.477133506934	-0.15000000000000002
11187.697134986922	300	45.79873661057616	0.0	155432	1434.930296090897	0.3
11189.10597438946	300	48.389897208038576	0.0	163442	1408.8394025375733	0.3
11190.167126239965	300	51.32874535753442	0.0	126289	1061.1518505041554	0.3
11191.268089973202	300	54.22778162429754	0.0	153295	1100.9637332368866	0.3
11192.61163894051	300	56.88423265698735	0.0	173849	1343.5489673101906	0.3
11195.358862521185	750	58.13700907631439	0.0	374758	2747.223580672958	0.3
11198.02721532908	750	59.46865626841791	0.0	362795	2668.352807896482	0.75
11201.578186421233	750	59.636723279497204	0.0	353220	2831.932988920706	0.75
11205.171680909474	750	59.88949508699253	0.0	405134	3247.22819250467	0.75
11208.235644432603	750	59.967146473295564	0.0	386351	2922.348613696967	0.75
11211.265340862861	750	59.71710571288262	0.0	434409	2750.04076041294	0.75
11213.20431224473	750	59.82744785687033	0.0	337059	1889.6578560122969	0.75
11215.013311892748	750	59.65110479579091	0.0	366214	1676.3430610794137	0.75
11217.812339839787	750	59.76441911573952	0.0	360831	1886.6856800513895	0.75
11220.656582220437	750	59.65446905890991	0.0	372963	2109.9500568296035	0.75
11223.18009055698	750	59.707361052548215	0.0	405596	1947.1080063616944	0.75
11225.383073732683	750	59.576069629786495	0.0	350713	1631.2914227617237	0.75
11227.621844040059	750	59.93703035256965	0.0	386472	2139.0392772168416	0.75
11230.028239389927	750	59.68369819271568	0.0	399894	2253.3321598539687	0.75
11232.182428645447	750	59.62313515996108	0.0	401853	2060.563032754606	0.75
11234.827274256932	750	59.97352546560243	0.0	343800	2149.609694358656	0.75
11238.876005327349	750	59.924794395184264	0.0	359903	4048.731070418163	0.75
11245.715811503798	750	57.08498821873649	0.0	379700	6839.806176447765	0.75
11251.006033761309	750	55.79476596122497	0.0	425781	5290.222257511527	0.75
11253.146735679586	750	57.65406404294956	0.0	277716	2140.7019182754148	0.75
11255.953247803021	750	58.84755191951318	0.0	400396	2806.5121234363783	0.75
11259.105306594825	750	59.69549312770817	0.0	400508	3152.058791805006	0.75
11262.18765731307	750	59.974951896095874	0.0	358218	2720.5412316122956	0.75
11266.002218691172	750	59.688075950361174	0.0	400322	3286.875945734694	0.75
11269.189077131494	750	59.55298944638334	0.0	369834	2635.086503977839	0.75
11275.91657090112	750	56.82549567675605	0.0	412837	6727.493769627292	0.75
11279.516540821638	750	57.22552575623741	0.0	401088	3599.969920518638	0.75
11283.535191066025	750	57.20687551185145	0.0	365161	4018.6502443859554	0.75
11286.539821481543	750	58.20224509633439	0.0	321064	3004.6304155170687	0.75
11289.410246278312	750	59.33182029956545	0.0	361565	2870.4247967689384	0.75
11292.883990695454	750	59.78141863257641	0.0	378327	3050.401666989041	0.75
11296.12721411888	750	59.80347829593981	0.0	390680	2977.940336636597	0.75
11298.502827348568	750	59.692313224489965	0.0	345516	2111.1650714498437	0.75
11302.359329462937	750	59.8322862464241	0.0	384505	2860.0269780658678	0.75
11305.985228547032	750	59.94757427252916	0.0	372093	2884.7119738949386	0.75
11311.086806401834	750	58.845996417726795	0.0	438281	5101.577854802363	0.75
11330.348904386488	750	43.58389843307188	0.0	398987	19262.097984654916	0.75
11341.00093393422	300	36.93186888534067	0.0	160064	10652.02954773121	-0.15000000000000002
11347.107590577327	300	34.82521224223396	0.0	137507	6106.656643106714	0.3
11353.753358630933	300	32.17944418862697	0.0	118421	6645.768053606997	0.3
11379.689759530514	750	10.24304328904445	0.0	450283	25936.400899582513	0.75
11387.92819609573	300	6.004606723827845	0.0	155580	8238.436565216605	-0.15000000000000002
11396.707761388252	300	4.0	2.7749585686918965	139857	8779.565292519741	-11.632321845375154
11402.561080851532	300	4.0	1.8533194632817795	155432	5853.3194632817795	-7.669273692111652
11410.80146021073	300	4.0	4.240379359199533	163442	8240.379359199533	-17.93363124455799
11417.026358850044	300	4.0	2.224898639312597	126289	6224.898639312597	-9.267064149044167
11423.78708892788	300	4.0	2.760730077837146	153295	6760.730077837146	-11.571139334699728
11428.903266921234	300	4.0	1.116177993354162	173849	5116.177993354162	-4.4995653714228965
11434.461084666207	300	4.0	1.5578177449733766	150710	5557.817744973377	-6.398616303385519
11439.309856543761	300	4.0	0.8487718775526483	139105	4848.771877552648	-3.3497190734763875
11445.957256153739	300	4.0	2.647399609977669	141840	6647.399609977669	-11.083818322903975
11454.781740963004	300	4.0	4.8244848092659725	156148	8824.484809265972	-20.44528467984368
11463.050865096904	300	4.0	4.26912413390029	160746	8269.12413390029	-18.057233775771245
11472.826742726613	300	4.0	5.7758776297089645	179801	9775.877629708964	-24.536273807748547
11479.2303834515	300	4.0	2.4036407248882017	140051	6403.6407248882015	-10.035655117019266
11487.740182358248	300	4.0	4.509798906747053	138313	8509.798906747053	-19.092135299012327
11494.024520105	300	4.0	2.2843377467531627	143509	6284.337746753163	-9.522652311038598
11501.783910638489	300	4.0	3.75939053348812	150616	7759.39053348812	-15.865379293998917
11509.22001774347	300	4.0	3.4361071049810423	165384	7436.1071049810425	-14.475260551418481
11514.773353409553	300	4.0	1.5533356660835824	140881	5553.3356660835825	-6.379343364159404

