7591.097115620716	750	4.0	2.8173561793236095	450283	2817.3561793236095	-11.36463157109152
7592.241106064045	300	6.856009556671636	0.0	155580	1143.9904433283639	-0.15000000000000002
7593.193582463865	300	9.903533156851038	0.0	139857	952.4763998205976	0.3
7594.346238892751	300	12.750876727965746	0.0	155432	1152.656428885294	0.3
7595.8325809709195	300	15.264534649796717	0.0	163442	1486.3420781690295	0.3
7597.979074043772	300	17.118041576944456	0.0	126289	2146.4930728522613	0.3
7598.768475674815	300	20.3286399459017	0.0	153295	789.4016310427596	0.3
7599.962372059892	300	23.134743560824482	0.0	173849	1193.8963850772172	0.3
7601.234310133773	300	25.862805486943916	0.0	150710	1271.9380738805685	0.3
7602.425127567187	300	28.67198805352967	0.0	139105	1190.817433414246	0.3
7603.417965251771	300	31.67915036894509	0.0	141840	992.8376845845788	0.3
7604.673219324478	300	34.423896296239	0.0	156148	1255.2540727060907	0.3
7606.265915517047	300	36.83120010366976	0.0	160746	1592.6961925692428	0.3
7607.694611467161	300	39.402504153555284	0.0	179801	1428.6959501144738	0.3
7609.238214923509	300	41.858900697206884	0.0	140051	1543.6034563484018	0.3
7610.918286519076	300	44.17882910164045	0.0	138313	1680.0715955664293	0.3
7612.252013768054	300	46.84510185266236	0.0	143509	1333.727248978095	0.3
7615.788050913308	750	47.30906470740748	0.0	372963	3536.0371452548775	0.3
7618.3826566051885	750	48.71445901552774	0.0	405596	2594.6056918797417	0.75
7620.6902149392345	750	50.406900681481766	0.0	350713	2307.558334045981	0.75
7623.3488870185765	750	51.74822860214072	0.0	386472	2658.672079341045	0.75
7626.721356411279	750	52.37575920943742	0.0	399894	3372.4693927033	0.75
7629.032417211153	750	54.0646984095634	0.0	401853	2311.060799874025	0.75
7631.4286470555235	750	55.66846856519328	0.0	343800	2396.2298443701116	0.75
7634.7931284808155	750	56.30398713990156	0.0	359903	3364.4814252917213	0.75
7637.372374053311	750	57.724741567405026	0.0	379700	2579.2455724965316	0.75
7640.316372516953	750	58.780743103763484	0.0	425781	2943.9984636415493	0.75
7643.152524943887	750	59.8909734280764	0.0	277716	1889.7696756870803	0.75
7646.574169137985	750	59.51384270665066	0.0	400396	2377.130721425746	0.75
7649.487644175024	750	59.72586192446818	0.0	400508	2287.9807821824797	0.75
7652.092135516076	750	59.68486338136986	0.0	358218	2040.9985430983122	0.75
7654.581845332083	750	59.67125487234364	0.0	400322	2013.6085090262184	0.75
7657.128452118047	750	59.581502132851625	0.0	369834	2089.7527394920185	0.75
7660.436004790161	750	59.59615282003055	0.0	412837	2985.3493128210725	0.75
7663.979807655883	750	59.67535306681594	0.0	401088	3420.7997532146146	0.75
7667.709800535086	750	59.821858183467974	0.0	365161	2853.494883347963	0.75
7671.977851154599	750	59.55380756395509	0.0	321064	4268.0506195128855	0.75
7677.229103163661	750	58.302555554893225	0.0	361565	5251.252009061864	0.75
7682.777199966659	750	56.75445875189589	0.0	378327	5548.096802997338	0.75
7688.577988371934	750	54.953670346621095	0.0	390680	5800.788405274793	0.75
7692.382791531688	750	55.14886718686775	0.0	345516	3804.8031597533486	0.75
7697.1563563351265	750	54.37530238342817	0.0	384505	4773.564803439578	0.75
7699.93218051964	750	55.59947819891536	0.0	372093	2775.824184512816	0.75
7704.565645259319	750	54.96601345923512	0.0	438281	4633.46473968023	0.75
7708.394773516487	750	55.136885202068264	0.0	398987	3829.1282571668667	0.75
7711.594798256459	750	55.93686046209478	0.0	393804	3200.0247399734817	0.75
7718.400256831612	1200	53.13140188694332	0.0	538612	6805.458575151458	0.75
7738.101877045979	2850	37.4297816725762	0.0	1364537	19701.620214367125	1.2000000000000002
7744.460884392628	750	35.07077432592673	0.0	450283	6359.0073466494605	0.75
7747.982019403197	300	35.54963931535842	0.0	155580	3521.135010568307	-0.15000000000000002
7750.30987140562	300	37.22178731293581	0.0	139857	2327.852002422607	0.3
7752.799843975208	300	38.73181474334734	0.0	155432	2489.972569588469	0.3
7754.454598762561	300	41.077059955994784	0.0	163442	1654.7547873525627	0.3
7757.619350823253	300	41.91230789530328	0.0	126289	3164.7520606915014	0.3
7759.869047333964	300	43.66261138459173	0.0	153295	2249.696510711554	0.3
7761.9300070692725	300	45.601651649282985	0.0	173849	2060.9597353087443	0.3
7763.697862174154	300	47.83379654440288	0.0	150710	1767.8551048800998	0.3
7764.93682335374	300	50.594835364816625	0.0	139105	1238.9611795862606	0.3
7766.475202428877	300	53.05645628967913	0.0	141840	1538.379075137494	0.3
7767.804336785381	300	55.727321933175375	0.0	156148	1329.134356503759	0.3
7769.129222949177	300	58.40243576937879	0.0	160746	1324.8861637965783	0.3
7770.723238075883	300	59.51388841099772	0.0	179801	1388.547358381068	0.3
7772.611858520949	300	59.86781207262807	0.0	140051	1146.0763383696549	0.3
7774.905163270113	300	59.5274317513932	0.0	138313	1340.3803212348685	0.3
7776.970696293933	300	59.911127453448536	0.0	143509	1616.3042979446675	0.3
7779.185880353017	300	59.722649786843846	0.0	150616	1688.4776666046894	0.3
7781.080438200456	300	59.72422405936418	0.0	165384	1498.4257274796628	0.3
7782.759639342169	300	59.76318954848733	0.0	140881	1461.0345108768538	0.3
7785.06397189414	300	59.91460658791955	0.0	157671	1348.5829605677816	0.3
7786.9915012081565	300	59.8792167266134	0.0	157812	1035.3898613061533	0.3
7788.980825305154	300	59.77512440446931	0.0	163927	1104.0923221440896	0.3
7791.098067765913	300	59.60411906151727	0.0	137654	1171.0053429520437	0.3
7792.5885905630985	300	59.97197622182772	0.0	146754	1132.14283968955	0.3
7795.46047264122	750	59.91072516151477	0.0	379700	2561.25106031295	0.3
7798.38865629305	750	59.7969488445042	0.0	425781	2613.7763170105686	0.75
7800.801424301593	750	59.687768507642325	0.0	277716	2109.1803368618785	0.75
7803.630796908019	750	59.61487604027015	0.0	400396	2572.8924673721776	0.75
7808.377621766949	750	58.8680511813405	0.0	400508	4746.824858929647	0.75
7812.359681804918	750	58.88599114337151	0.0	358218	3982.0600379689845	0.75
7817.201035238652	750	58.04463770963683	0.0	400322	4841.353433734678	0.75
7820.823874437466	750	58.42179851082445	0.0	369834	3622.8391988123776	0.75
7824.077422307175	750	59.168250641115335	0.0	412837	3253.5478697091185	0.75
7827.396535651963	750	59.74524673782508	0.0	401088	2923.0039032902564	0.75
7830.900619957315	750	59.621259305898676	0.0	365161	3123.9874319264077	0.75
7834.580266224155	750	59.92598460919054	0.0	321064	2695.2746967081325	0.75
7838.740732376641	750	59.76551845670523	0.0	361565	3160.4661524853145	0.75
7842.567633925463	750	59.938616907883194	0.0	378327	3326.901548822031	0.75
7847.210586051395	750	59.295664781951345	0.0	390680	4642.952125931851	0.75
7850.681165903871	750	59.825084929475565	0.0	345516	2970.579852475779	0.75
7854.352736881944	750	59.717935065363065	0.0	384505	3107.1498641125	0.75
7857.628073632714	750	59.55197724695843	0.0	372093	2665.95781840464	0.75
7860.785626141157	750	59.967890458919285	0.0	438281	3084.0867880391424	0.75
7863.853354383209	750	59.661259198095486	0.0	398987	2806.6312608237936	0.75
7867.549838205333	750	59.96477537597119	0.0	393804	3696.483822124295	0.75
7877.8352009855425	1850	53.67941259576191	0.0	830730	10285.362780209278	0.75
7901.8437577361565	2850	33.67085584514796	0.0	1364537	24008.556750613945	1.85
7905.475091619158	750	34.03952196214615	0.0	450283	3631.33388300182	0.75
7906.782123242976	300	36.732490338328205	0.0	155580	1307.0316238179337	-0.15000000000000002
7908.916911152324	300	38.597702428980114	0.0	139857	2134.787909348092	0.3
7911.302640685927	300	40.21197289537746	0.0	155432	2385.729533602657	0.3
7912.79755924404	300	42.717054337265296	0.0	163442	1494.9185581121574	0.3
7914.218301378415	300	45.296312202889816	0.0	126289	1420.742134375481	0.3
7918.0098450020005	300	45.5047685793047	0.0	153295	3791.54362358511	0.3
7920.887087254419	300	46.627526326886354	0.0	173849	2877.2422524183517	0.3
7924.548988982266	300	46.965624599039074	0.0	150710	3661.9017278472784	0.3
7927.909412678921	300	47.60520090238302	0.0	139105	3360.4236966560584	0.3
7930.6611770787995	300	48.85343650250543	0.0	141840	2751.764399877593	0.3
7932.64025219298	300	50.87436138832409	0.0	156148	1979.07511418134	0.3
7934.9617716380835	300	52.55284194322147	0.0	160746	2321.519445102615	0.3
7937.709862862362	300	53.80475071894317	0.0	179801	2748.0912242782993	0.3
7938.88647198058	300	56.628141600724796	0.0	140051	1176.6091182183764	0.3
7940.067181515474	300	59.44743206583059	0.0	138313	1180.709534894206	0.3
7941.349592943567	300	59.7261884085303	0.0	143509	1221.2436573002908	0.3
7943.0782579899915	300	59.58243977071474	0.0	150616	1643.7486378155538	0.3
7945.586158465038	300	59.555947737496126	0.0	165384	1526.4920332186125	0.3
7947.393829786919	300	59.83431629746937	0.0	140881	1221.6314400267547	0.3
7949.317967890013	300	59.84876718684943	0.0	157671	1485.5491106199388	0.3
7952.208362634009	300	59.807864311088515	0.0	157812	2540.902875760911	0.3
7955.17748050956	300	59.92305130742981	0.0	163927	2884.813003658711	0.3
7957.334145291066	300	59.75687135262333	0.0	137654	1166.179954806484	0.3
7959.679006885492	300	59.75968296876107	0.0	146754	1497.1883838622614	0.3
7961.896912504479	300	59.77006676454874	0.0	153938	1489.6162042123342	0.3
7965.232861225791	300	59.6362371112797	0.0	181901	2633.8296532690388	0.3
7968.134255326463	300	59.93209959496508	0.0	111155	2704.1375163146186	0.3
7969.840359585959	300	59.61267575739596	0.0	153605	1319.4238375691186	0.3
7971.894521136659	300	59.70393519300995	0.0	149029	1908.7405643860218	0.3
7974.042805945593	300	59.90750328169936	0.0	157421	1296.4319113105835	0.3
7975.5945487253775	300	59.75255834061872	0.0	157488	654.9449410806402	0.3
7976.917910919945	300	59.724276162687474	0.0	143881	528.2821779312471	0.3
7978.207607437182	300	59.68146791238729	0.0	163444	542.8082503001775	0.3
7980.039976447637	750	59.808727540626975	0.0	401088	1372.740371760312	0.3
7981.823443337626	750	59.592308414980806	0.0	365161	1216.419125646172	0.75
7984.151608080205	750	59.656249925862646	0.0	321064	1936.0584891181556	0.75
7985.707101838621	750	59.770056173384674	0.0	361565	1386.1937524779746	0.75
7988.984157725477	1200	59.921178232925755	0.0	605884	2348.8779404589236	0.75
7991.359706664057	1200	59.63699273683496	0.0	587506	2284.1854960907935	1.2
7993.967624517279	1200	59.56971553146785	0.0	566904	2567.277205367104	1.2
7997.602991327323	1200	59.934348721423945	0.0	641452	3635.3668100439068	1.2
8001.035522635942	1200	59.950586796064435	0.0	599477	2983.761925359513	1.2
8005.18203496238	1200	59.542215324474384	0.0	634861	3408.371471590047	1.2
8012.2358042390715	1200	56.48844604778254	0.0	630203	7053.76927669184	1.2
8017.656304705084	1200	55.06794558177044	0.0	638661	5420.500466012106	1.2
8025.955230891005	1850	50.76901939584929	0.0	830730	8298.92618592115	1.2000000000000002
8036.150157056618	2850	44.574093230236656	0.0	1364537	10194.926165612631	1.85
8038.428272617639	750	46.29597766921531	0.0	450283	2278.1155610213427	0.75
8040.4291458218795	750	48.29510446497486	0.0	398865	2000.8732042404436	0.75
8042.0592886887935	750	50.66496159806036	0.0	350812	1630.1428669145082	0.75
8043.834388129986	750	52.889862156868695	0.0	382355	1775.09944119166	0.75
8045.925603962298	750	54.79864632455714	0.0	411561	2091.2158323115486	0.75
8048.328756177692	750	56.39549410916156	0.0	318564	2403.15221539558	0.75
8049.681755922351	750	59.04249436450335	0.0	352642	1352.9997446582156	0.75
8052.774920470468	750	59.65234299785519	0.0	437162	2390.1513666481546	0.75
8056.408955933798	1200	59.87733185692409	0.0	584846	3275.0111409311053	0.75
8059.944667396206	1200	59.9834882869203	0.0	560821	3393.8435700037894	1.2
8063.813529412566	1200	59.78999122494166	0.0	607410	3693.4970619786423	1.2
8069.890075518322	1200	57.713445119185074	0.0	594078	6076.546105756586	1.2
8076.5600014911115	1200	55.04351914639568	0.0	624282	6669.925972789398	1.2
8080.854200102794	1200	54.74932053471307	0.0	687371	4294.198611682607	1.2
8084.12296106871	1200	55.480559568798036	0.0	526950	3268.76096591503	1.2
8088.60541633551	1200	54.99810430199752	0.0	587876	4482.455266800516	1.2
8093.339596041758	1200	54.263924595749	0.0	617242	4734.179706248515	1.2
8097.862643828026	1200	53.740876809481215	0.0	581493	4523.047786267791	1.2
8101.226159934191	750	54.377360703315986	0.0	405596	3363.516106165225	0.3
8104.955495292808	750	54.64802534469897	0.0	350713	3729.3353586170106	0.75
8109.25511375159	750	54.34840688591691	0.0	386472	4299.618458782068	0.75
8117.232227990508	750	50.37129264699942	0.0	399894	7977.114238917485	0.75
8120.0634584514155	750	51.54006218609254	0.0	401853	2831.2304609068783	0.75
8122.4891299305655	750	53.114390706942935	0.0	343800	2425.671479149607	0.75
8125.151327301045	750	54.452193336463495	0.0	359903	2662.197370479435	0.75
8130.350806984067	750	53.25271365344158	0.0	379700	5199.479683021915	0.75
8135.8124381607295	750	51.79108247677885	0.0	425781	5461.631176662742	0.75
8138.49818458427	750	53.10533605323847	0.0	277716	2685.746423540376	0.75
8141.91454334262	750	53.688977294888225	0.0	400396	3416.3587583502417	0.75
8146.771613127123	750	52.83190751038567	0.0	400508	4857.069784502556	0.75
8152.1605160903055	750	51.44300454720248	0.0	358218	5388.902963183191	0.75
8158.458151446315	750	49.14536919119217	0.0	400322	6297.635356010313	0.75
8160.650843949928	750	50.952676687579675	0.0	369834	2192.6925036124862	0.75
8163.679689040937	750	51.9238315965715	0.0	412837	3028.845091008171	0.75
8166.288698674918	750	53.314821962589775	0.0	401088	2609.009633981723	0.75
8169.438232697888	750	54.16528793961992	0.0	365161	3149.5340229698577	0.75
8171.628384405528	750	55.97513623197959	0.0	321064	2190.1517076403297	0.75
8173.733698536334	750	57.86982210117461	0.0	361565	2105.3141308049735	0.75
8176.130152375902	750	59.47336826160635	0.0	378327	2396.4538395682603	0.75
8179.295574530071	750	59.53865114338036	0.0	390680	2434.717118225992	0.75
8182.255582433966	750	59.61349970940431	0.0	345516	2425.1514339760574	0.75
8184.827343241016	750	59.77454754083859	0.0	384505	2338.952168565716	0.75
8187.330078096678	750	59.584584432249684	0.0	372093	2189.963108588902	0.75
8191.165238739595	750	59.73388998432805	0.0	438281	2850.6944479216313	0.75
8195.650914398744	1200	59.24821432517785	0.0	630203	4485.675659150209	0.75
8199.581566225366	1200	59.31756249855557	0.0	638661	3930.651826622275	1.2
8204.806311349408	1850	58.09281737451441	0.0	830730	5224.74512404116	1.2000000000000002
8215.329552892626	2850	51.569575831295936	0.0	1364537	10523.241543218472	1.85
8218.662292111328	750	52.236836612593834	0.0	450283	3332.7392187021037	0.75
8220.91165688575	750	53.98747183817182	0.0	398865	2249.364774422017	0.75
8223.115556941619	750	55.783571782302914	0.0	350812	2203.9000558689045	0.75
8226.146480310124	750	56.752648413797424	0.0	382355	3030.923368505489	0.75
8229.150973177948	750	57.74815554597468	0.0	411561	3004.4928678227448	0.75
8231.345443101876	750	59.553685622045535	0.0	318564	2194.4699239291476	0.75
8234.696097838945	750	59.815693532149574	0.0	352642	2737.9920898959626	0.75
8238.436351277087	750	59.69689813666567	0.0	437162	3118.795395483904	0.75
8242.241884145093	750	59.80036072399246	0.0	374758	3396.5374126732104	0.75
8246.60061077082	750	59.441634098264586	0.0	362795	4358.726625727875	0.75
8250.264313295658	750	59.77793157342555	0.0	353220	3663.7025248390346	0.75
8255.482675309215	750	58.55956955986991	0.0	405134	5218.362013555642	0.75
8259.299141278125	750	58.74310359096055	0.0	386351	3816.465968909358	0.75
8263.484310358144	750	58.557934510941706	0.0	434409	4185.169080018843	0.75
8270.792812202582	750	55.24943266650261	0.0	337059	7308.501844439093	0.75
8274.521029057534	750	55.52121581155069	0.0	366214	3728.216854951921	0.75
8276.576852866125	750	57.46539200296104	0.0	360831	2055.8238085896546	0.75
8279.540468523617	750	58.50177634546841	0.0	372963	2963.61565749263	0.75
8283.371239059596	750	58.67100580948934	0.0	405596	3830.7705359790707	0.75
8286.383304814872	750	59.658940054213254	0.0	350713	3012.065755276085	0.75
8290.652961116975	750	59.38928375210966	0.0	386472	4269.656302103599	0.75
8294.89206976258	750	59.150175106505884	0.0	399894	4239.108645603771	0.75
8297.74924987712	750	59.701675585644075	0.0	401853	2448.499520861813	0.75
8299.577722230842	750	59.931779705622574	0.0	343800	1769.8958800214955	0.75
8305.879751497054	750	57.62975043941189	0.0	359903	6302.0292662106785	0.75
8312.00252043952	750	55.50698149694422	0.0	379700	6122.768942467668	0.75
8317.670526145406	750	53.83897579105915	0.0	425781	5668.005705885071	0.75
8323.670319541965	750	51.83918239449945	0.0	277716	5999.7933965596985	0.75
8326.442965513961	300	53.066536422503766	0.0	153605	2772.645971995689	-0.15000000000000002
8330.10716491149	300	53.40233702497554	0.0	149029	3664.1993975282276	0.3
8331.75731410575	300	55.75218783071506	0.0	157421	1650.1491942604769	0.3
8332.946360243473	300	58.56314169299236	0.0	157488	1189.0461377227066	0.3
8334.903229600312	300	59.7888142577387	0.0	143881	1274.327435253658	0.3
8337.362817227646	300	59.72979140486391	0.0	163444	2059.0228528747934	0.3
8343.908302124952	750	57.18430650755862	0.0	401088	6545.484897305287	0.3
8347.74645940959	750	57.34614922291915	0.0	365161	3838.1572846394693	0.75
8353.630738294281	750	55.46187033822819	0.0	321064	5884.278884690962	0.75
8357.167085434809	750	55.92552319770148	0.0	361565	3536.347140526713	0.75
8362.197447589026	750	54.8951610434848	0.0	378327	5030.362154216681	0.75
8364.138434622242	750	56.95417401026786	0.0	390680	1940.9870332169394	0.75
8365.90210854465	750	59.19050008786126	0.0	345516	1763.673922406595	0.75
8368.104974779917	750	59.748995015957526	0.0	384505	1941.5050719037404	0.75
8369.999212557597	750	59.8730567088003	0.0	372093	1875.938307157221	0.75
8375.633980147353	750	58.23828911904582	0.0	438281	5634.767589754486	0.75
8379.920327987307	1200	57.95194127909074	0.0	630203	4286.347839955083	0.75
8383.166975407186	1200	58.705293859211814	0.0	638661	3246.647419878919	1.2
8386.649745457293	1850	59.22252380910543	0.0	830730	3482.7700501063805	1.2000000000000002
8391.97484316732	2850	57.897426099079254	0.0	1364537	5325.097710026182	1.85
8394.14598129264	750	59.72628797375878	0.0	450283	1671.1381253204736	0.75
8397.39390946785	1200	59.63535798893673	0.0	611087	2590.929984822044	0.75
8399.890646654965	1200	59.919988490572095	0.0	571051	2215.369498364638	1.2
8401.584319010686	1200	59.90883615708741	0.0	617681	1511.1523334846963	1.2
8404.304562737625	1200	59.81047430473529	0.0	652874	2598.361852352115	1.2
8406.309831448845	1200	59.568280886418954	0.0	520315	1742.1934183163303	1.2
8409.55534156931	1200	59.78206347263881	0.0	561791	2286.217413780149	1.2
8413.140106409986	1850	59.90382740564325	0.0	1060487	2878.2360669955574	1.2000000000000002
8416.93444389649	1850	59.809923049230186	0.0	852833	3093.9043564130593	1.85
8420.792978248004	1850	59.93137243852029	0.0	913888	3378.550610709895	1.85
8424.610340784102	1850	59.713183040872075	0.0	939819	3218.189397648215	1.85
8427.91908544801	1850	59.80789727814405	0.0	917428	2905.2857627280314	1.85
8431.56875449338	1850	59.87529220604885	0.0	946851	3432.6050720951944	1.85
8435.823432456362	1850	59.551485211195256	0.0	1036454	3823.8069948535954	1.85
8437.831903953134	1850	59.7121849468729	0.0	821631	1839.3002643223513	1.85
8441.124283027282	1850	59.856081026024675	0.0	923170	2356.1039208482334	1.85
8444.835355240033	1850	59.917182496297556	0.0	966699	2938.898529727114	1.85
8447.512573930839	1850	59.91565999240782	0.0	885714	2001.5225038897402	1.85
8450.637925066432	1850	59.60133251806871	0.0	987708	2314.3274743391053	1.85
8453.41494254183	1850	59.81833561099695	0.0	923755	2282.9969070717634	1.85
8455.483533679031	1850	59.96605032656036	0.0	891604	1852.28528443659	1.85
8459.013023037005	2850	59.76245857395461	0.0	1468126	3203.5917526057474	1.85
8463.070431336108	2850	59.70505027485401	0.0	1505760	4057.408299100599	2.85
8468.06328300866	2850	58.71219860230152	0.0	1323990	4992.851672552492	2.85
8471.81561286446	2850	58.959868746499644	0.0	1383735	3752.32985580187	2.85
8476.214898432028	2850	58.5605831789336	0.0	1480464	4399.285567566049	2.85
8481.655205662071	2850	57.120275948890125	0.0	1547572	5440.307230043474	2.85
8484.40563406971	1850	58.369847541252	0.0	758197	2750.4284076381327	0.8500000000000001
8487.293110919172	1850	59.482370691789896	0.0	972798	2887.476849462103	1.85
8491.13861885015	1850	59.59010947006799	0.0	975811	3392.2612217219007	1.85
8494.48626998659	1850	59.84290725647496	0.0	873429	3247.202213593038	1.85
8497.917587729298	1850	59.592472846545135	0.0	954453	3250.434409929826	1.85
8501.40599446661	1850	59.8882111442782	0.0	885062	2704.261702266929	1.85
8505.651092516147	1850	59.5837346370323	0.0	1035329	3304.476507245904	1.85
8509.02056600462	1850	59.56880866394179	0.0	1026056	2514.9259730905123	1.85
8511.908229737535	1850	59.73225055517498	0.0	943942	2336.558108766807	1.85
8515.147200430947	1850	59.82781802054285	0.0	728962	2904.4325346321302	1.85
8518.801028165344	1850	59.59317323273398	0.0	938587	3234.6447878088625	1.85
8521.64749264362	1850	59.5045324668905	0.0	908665	2588.6407658434846	1.85
8525.300250931343	1850	59.75756517924496	0.0	930577	2746.9672876455334	1.85
8528.92645269955	1850	59.59285979518027	0.0	858450	2664.7053840646954	1.85
8532.718600006514	1850	59.800712488216035	0.0	1025005	3792.1473069642316	1.85
8537.174675924627	1850	59.344636570102274	0.0	886255	4456.075918113759	1.85
8541.057114482766	1850	59.462198011963316	0.0	973972	3882.4385581389593	1.85
8545.454660050058	1850	59.06465244467015	0.0	958994	4397.54556729316	1.85
8549.93181640747	1850	58.58749608725811	0.0	982064	4477.156357412044	1.85
8557.61118405916	2850	54.90812843556761	0.0	1231456	7679.367651690496	1.85

