134750.88444524893	750	4.0	2.4131422276550993	450283	2413.1422276550993	-9.626511578916928
134752.18416991987	300	6.700275329039221	0.0	155580	1299.7246709607784	-0.15000000000000002
134753.47249765514	300	9.411947593784637	0.0	139857	1288.3277352545854	0.3
134754.6959301007	300	12.18851514823132	0.0	155432	1223.4324455533176	0.3
134756.0004615713	300	14.883983677609294	0.0	163442	1304.5314706220256	0.3
134756.92958744048	300	17.95485780843685	0.0	126289	929.1258691724468	0.3
134758.14369978415	300	20.740745464772388	0.0	153295	1214.1123436644586	0.3
134759.4027518242	300	23.481693424733248	0.0	173849	1259.0520400391435	0.3
134760.3846441661	300	26.49980108282837	0.0	150710	981.8923419048781	0.3
134761.4965911855	300	29.387854063416444	0.0	139105	1111.9470194119228	0.3
134762.69899921087	300	32.18544603807326	0.0	141840	1202.408025343186	0.3
134763.75039267243	300	35.134052576532454	0.0	156148	1051.3934615408084	0.3
134764.96409366795	300	37.92035158099153	0.0	160746	1213.7009955409267	0.3
134766.38916542218	300	40.495279826762356	0.0	179801	1425.0717542291648	0.3
134767.37868489005	300	43.50576035886761	0.0	140051	989.5194678947438	0.3
134768.3497287685	300	46.53471648043729	0.0	138313	971.0438784303245	0.3
134769.4398576751	300	49.444587573819604	0.0	143509	1090.1289066176844	0.3
134770.63493276	300	52.24951248891556	0.0	150616	1195.0750849040403	0.3
134771.83030882667	300	55.054136422262275	0.0	165384	1195.3760666532878	0.3
134774.25793892145	750	56.62650632747744	0.0	350713	2427.6300947848317	0.3
134777.28348301447	750	57.600962234474395	0.0	386472	3025.5440930030513	0.75
134780.37794985028	750	58.506495398650905	0.0	399894	3094.4668358234867	0.75
134783.21729007433	750	59.66715517463268	0.0	401853	2839.340224018223	0.75
134785.75169757628	750	59.92194495015394	0.0	343800	2245.2102244787416	0.75
134788.26099037286	750	59.99189719061316	0.0	359903	2430.0477595407892	0.75
134792.07827953034	750	59.95287513038626	0.0	379700	3039.0220602268973	0.75
134795.56253691294	750	59.86487998773004	0.0	425781	3087.9951426562156	0.75
134799.48056338695	750	59.94685351372985	0.0	277716	3918.0264740001912	0.75
134803.39280540377	750	59.778376862282734	0.0	400396	3168.4766514471157	0.75
134806.33384846602	750	59.82973801384776	0.0	400508	2448.638848434977	0.75
134810.12802142242	750	59.55385364254489	0.0	358218	3275.8843713028778	0.75
134813.86940692883	750	59.812468136125695	0.0	400322	3741.385506419186	0.75
134817.8042020367	750	59.6944076279585	0.0	369834	3118.060508167197	0.75
134822.13392467183	750	59.36468499285024	0.0	412837	4329.722635108256	0.75
134826.6320415939	750	58.8665680707608	0.0	401088	4498.116922089444	0.75
134831.0461699008	750	58.45243976385952	0.0	365161	4414.128306901271	0.75
134835.39055616647	750	58.108053498183374	0.0	321064	4344.386265676147	0.75
134839.51487431375	750	57.98373535091384	0.0	361565	4124.318147269533	0.75
134843.25867196062	750	58.23993770404398	0.0	378327	3743.797646869863	0.75
134847.03153761453	750	58.467072050132934	0.0	390680	3772.865653911044	0.75
134850.2432101827	750	59.25539948195477	0.0	345516	3211.6725681781704	0.75
134853.7870172843	750	59.711592380346374	0.0	384505	3543.8071016083936	0.75
134858.93601282	750	58.562596844633305	0.0	372093	5148.99553571307	0.75
134864.01874665575	750	57.47986300888292	0.0	438281	5082.733835750382	0.75
134867.660374963	750	57.83823470164541	0.0	398987	3641.6283072375045	0.75
134870.90272514714	750	58.5958845175031	0.0	393804	3242.350184142314	0.75
134875.4562372241	1200	58.0423724405351	0.0	538612	4553.512076968004	0.75
134887.2085111983	2850	50.29009846636826	0.0	1364537	11752.273974166832	1.2000000000000002
134892.04807301852	750	49.45053664612169	0.0	450283	4839.561820246573	0.75
134896.24085838348	750	49.257751281155585	0.0	398865	4192.785364966104	0.75
134899.92253661374	750	49.57607305088793	0.0	350812	3681.6782302676615	0.75
134903.90487327476	750	49.59373638986101	0.0	382355	3982.336661026921	0.75
134907.60838988892	750	49.89021977572668	0.0	411561	3703.5166141343266	0.75
134910.79744963688	750	50.70116002774995	0.0	318564	3189.0597479767257	0.75
134913.7780872378	750	51.720522426807804	0.0	352642	2980.6376009421524	0.75
134917.75025005316	750	51.7483596114376	0.0	437162	3972.1628153702036	0.75
134924.3136256718	750	49.18498399280187	0.0	374758	6563.375618635728	0.75
134933.19379316893	750	44.304816495681784	0.0	362795	8880.167497120086	0.75
134934.84316778413	300	46.65544188048816	0.0	141840	1649.374615193619	-0.15000000000000002
134936.38346013523	300	49.115149529381505	0.0	156148	1540.2923511066588	0.3
134937.80084917002	300	51.6977604945634	0.0	160746	1417.389034818106	0.3
134938.9846003871	300	54.5140092775046	0.0	179801	1183.7512170587966	0.3
134940.1251774986	300	57.37343216600732	0.0	140051	1140.5771114972824	0.3
134941.75167010142	300	59.746939563156296	0.0	138313	1126.4926028510272	0.3
134944.2233465117	300	59.50820269028209	0.0	143509	1738.73687287421	0.3
134946.08344261735	300	59.6406244061353	0.0	150616	1367.5782841467874	0.3
134948.667387932	300	59.91491065957358	0.0	165384	1725.7137465617207	0.3
134950.59929818986	300	59.723071314682485	0.0	140881	1191.8393448910952	0.3
134953.37885864617	300	59.89332654300387	0.0	157671	2329.7447716786146	0.3
134956.89262918962	300	59.55634911362115	0.0	157812	2836.9774293827213	0.3
134959.76184465017	300	59.73513794036728	0.0	163927	2821.211173253868	0.3
134962.69577708337	300	59.927173867420834	0.0	137654	2307.9640729464522	0.3
134966.4563273067	300	59.72488293587222	0.0	146754	3202.29093154861	0.3
134970.17980999086	300	59.717271239687854	0.0	153938	3507.6116961843686	0.3
134972.86568743238	300	59.86276801290972	0.0	181901	1854.503226778135	0.3
134974.88507592565	300	59.85826087364219	0.0	111155	1504.5071392675281	0.3
134976.69746366935	300	59.77400767879593	0.0	153605	1584.2531948462595	0.3
134978.27585360114	300	59.548879987339305	0.0	149029	1225.1276914566274	0.3
134980.67141644604	300	59.66872968503688	0.0	157421	2380.150302302428	0.3
134985.32796155984	300	59.012184571246245	0.0	157488	4656.545113790637	0.3
134990.25264139543	300	58.08750473564961	0.0	143881	4924.67983559664	0.3
134993.80177376195	300	58.53837236910717	0.0	163444	3549.132366542437	0.3
134998.65598687466	300	57.68415925639479	0.0	179328	4854.213112712383	0.3
135003.4721227819	300	56.86802334914834	0.0	159914	4816.135907246457	0.3
135005.8563820085	300	58.48376412256831	0.0	131610	2384.2592265800295	0.3
135007.99898995337	300	59.562649202667416	0.0	124011	1921.1149199008958	0.3
135013.4217179397	300	58.139921216327785	0.0	144254	5422.727986339634	0.3
135017.10433259228	300	58.45730656375208	0.0	149991	3682.6146525757063	0.3
135021.1347227236	300	58.426916432421045	0.0	147968	4030.390131331034	0.3
135026.22515107624	300	57.33648807977868	0.0	161857	5090.4283526423615	0.3
135031.02963383912	300	56.53200531691777	0.0	145210	4804.482762860915	0.3
135037.16754397945	300	54.394095176610186	0.0	172312	6137.9101403075865	0.3
135043.03879161156	300	52.522847544505595	0.0	167025	5871.2476321045915	0.3
135046.05014238865	300	53.51149676742641	0.0	160064	3011.35077707919	0.3
135048.17980172843	300	55.381837427635	0.0	137507	2129.6593397914035	0.3
135051.57653154392	750	55.985107612157364	0.0	314107	3396.729815477633	0.3
135056.73407550366	750	54.82756365240611	0.0	450283	5157.543959751253	0.75
135059.06968847342	300	56.491950682627525	0.0	155580	2335.6129697785873	-0.15000000000000002
135061.6971772899	300	57.864461866154535	0.0	139857	2627.48881647299	0.3
135065.0721594514	300	58.489479704650805	0.0	155432	3374.982161503731	0.3
135069.704459577	300	57.85717957901067	0.0	163442	4632.300125640137	0.3
135073.64098319935	300	57.92065595667391	0.0	126289	3936.5236223367597	0.3
135077.37058171627	300	58.19105743977164	0.0	153295	3729.5985169022665	0.3
135080.32894556702	300	59.23269358903742	0.0	173849	2958.363850734225	0.3
135083.47118754458	300	59.56829691957124	0.0	150710	2164.3966694661776	0.3
135085.2019486588	300	59.7723390165171	0.0	139105	1295.957903054132	0.3
135088.6266827474	300	59.951873577791254	0.0	141840	3320.465438725848	0.3
135096.14959479432	300	56.42896153085427	0.0	156148	7522.912046936988	0.3
135101.94906588277	300	54.6294904424136	0.0	160746	5799.471088440669	0.3
135108.72443470202	300	51.85412162317734	0.0	179801	6775.368819236253	0.3
135113.49321937625	300	51.08533694896301	0.0	140051	4768.78467421433	0.3
135118.5045091397	300	50.07404718551912	0.0	138313	5011.28976344389	0.3
135122.45510009272	300	50.123456232495286	0.0	143509	3950.590953023834	0.3
135123.52406366437	300	53.0544926608278	0.0	150616	1068.96357166749	0.3
135124.6656423013	300	55.912914023912776	0.0	165384	1141.578636915025	0.3
135125.64102655812	300	58.937529767087234	0.0	140881	975.3842568255387	0.3
135126.98565504578	300	59.770521753550454	0.0	157671	1167.0080135367778	0.3
135128.9596556745	300	59.53133167623963	0.0	157812	1739.1900773108273	0.3
135132.67498111102	750	59.6855742336873	0.0	401853	2845.757442552328	0.3
135135.91657897143	750	59.59555930045221	0.0	343800	2590.014933235093	0.75
135139.38828872013	750	59.800495889713716	0.0	359903	3295.063410738492	0.75
135143.26202280703	750	59.76695201522709	0.0	379700	3033.5438744866287	0.75
135147.03954815987	750	59.989426662387714	0.0	425781	3777.5253528393832	0.75
135150.195019185	750	59.65504893245405	0.0	277716	2834.3777299336575	0.75
135154.05897615795	750	59.791091959487886	0.0	400396	2863.9569729661675	0.75
135157.39701063666	750	59.98009985421355	0.0	400508	2810.992105274335	0.75
135160.57845946663	750	59.69339662595135	0.0	358218	2786.703228262196	0.75
135164.30674631402	750	59.96510977856031	0.0	400322	3228.286847391044	0.75
135167.9438371291	750	59.802580595554275	0.0	369834	3162.5291830060387	0.75
135171.1269056006	750	59.78232717584722	0.0	412837	3020.2534197070595	0.75
135175.11926744116	750	59.78996533530462	0.0	401088	3492.3618405425923	0.75
135178.95930895975	750	59.949923816712904	0.0	365161	2840.0415185917236	0.75
135181.88508109757	750	59.80514695327503	0.0	321064	2144.776863437871	0.75
135185.5326016398	750	59.67788431934669	0.0	361565	3127.2626339283347	0.75
135188.87412741015	750	59.65725038833585	0.0	378327	3020.633931010848	0.75
135192.596721113	750	59.93465668547673	0.0	390680	3222.593702859117	0.75
135195.34352785017	750	59.772996087967165	0.0	345516	2661.660597509564	0.75
135199.7467651604	750	59.36975877773475	0.0	384505	4403.2373102324145	0.75
135204.6500400858	750	58.4664838523598	0.0	372093	4903.274925374946	0.75
135209.78161865714	750	57.334905281013185	0.0	438281	5131.578571346618	0.75
135214.3317412416	750	56.78478269656492	0.0	398987	4550.1225844482715	0.75
135223.19455376934	750	51.92197016881449	0.0	393804	8862.812527750424	0.75
135226.72153358284	750	52.394990355324175	0.0	331053	3526.9798134903162	0.75
135235.75237766892	1850	47.3641462692566	0.0	846370	9030.844086067576	0.75
135240.3343076671	750	46.78221627105302	0.0	450283	4581.92999820358	0.75
135243.8320002598	750	47.28452367833122	0.0	398865	3497.6925927217976	0.75
135246.49934179502	750	48.617182143124765	0.0	350812	2667.3415352064585	0.75
135249.88486103184	750	49.23166290632374	0.0	382355	3385.519236801028	0.75
135253.72197023264	750	49.39455370551787	0.0	411561	3837.1092008058713	0.75
135256.0756211693	750	51.04090276886002	0.0	318564	2353.650936657849	0.75
135259.19959769768	750	51.91692624048869	0.0	352642	3123.9765283713355	0.75
135265.45685745816	750	49.659666479995565	0.0	437162	6257.259760493126	0.75
135274.50133249338	750	44.61519144476522	0.0	374758	9044.475035230342	0.75
135275.84917854433	300	47.267345393808974	0.0	139105	1347.8460509562472	-0.15000000000000002
135276.73731269126	300	50.37921124688326	0.0	141840	888.1341469257154	0.3
135277.91613924364	300	53.20038469453538	0.0	156148	1178.8265523478753	0.3
135278.82445431346	300	56.29206962472264	0.0	160746	908.3150698127339	0.3
135279.87907624277	300	59.237447695390884	0.0	179801	1054.6219293317595	0.3
135282.3721333052	750	59.922266430308326	0.0	337059	2315.181265082554	0.3
135285.6022891918	750	59.50062638570687	0.0	366214	2921.6400446014613	0.75
135289.44709341374	750	59.60798219569632	0.0	360831	2892.644190010551	0.75
135292.71073078565	750	59.516743525731826	0.0	372963	2591.2386699644885	0.75
135295.51064830998	750	59.87848411452223	0.0	405596	2638.2594112095944	0.75
135298.36226816563	750	59.62300324325941	0.0	350713	2755.480871262823	0.75
135302.44296364748	750	59.542307761395975	0.0	386472	3580.6954818634335	0.75
135306.11707679986	750	59.868194609007226	0.0	399894	3174.1131523887516	0.75
135309.99752404282	750	59.598944796860316	0.0	401853	3269.2498121469134	0.75
135313.57733337287	750	59.95913884722512	0.0	343800	2639.805949635191	0.75
135316.1220200537	750	59.556797197021375	0.0	359903	2402.3416502037435	0.75
135319.84481409518	750	59.834003155575346	0.0	379700	3222.794041446032	0.75
135323.1097937305	750	59.94458287394602	0.0	425781	2889.4202816293223	0.75
135325.40503868126	750	59.739240075428825	0.0	277716	2205.342798517193	0.75
135329.07118294382	750	59.99661902027261	0.0	400396	3242.62105515621	0.75
135332.73205055925	750	59.78794681625377	0.0	400508	3208.672204018838	0.75
135336.60180707852	750	59.918190297007634	0.0	358218	3369.7565192461425	0.75
135340.21071722195	750	59.9997111906184	0.0	400322	2918.4791063892367	0.75
135344.12297927515	750	59.79429568251964	0.0	369834	3205.4155080987653	0.75
135348.29011930944	750	59.61414893794079	0.0	412837	3680.1467445788544	0.75
135352.04260877616	750	59.86165947122974	0.0	401088	3752.4894667110425	0.75
135360.94029718015	750	54.96397106723659	0.0	365161	8897.688403993154	0.75
135365.64041718066	750	54.263851066713926	0.0	321064	4700.120000522663	0.75
135370.43347913653	750	53.47078911084252	0.0	361565	4793.06195587141	0.75
135372.04744671675	300	55.856821530603376	0.0	144254	1613.967580239146	-0.15000000000000002
135374.21386266337	300	57.69040558401231	0.0	149991	2166.415946591061	0.3
135377.893140261	300	58.01112798636633	0.0	147968	3679.2775976459798	0.3
135384.01883715208	300	55.88543109530464	0.0	161857	6125.6968910616915	0.3
135389.0682598253	300	54.836008422078116	0.0	145210	5049.42267322652	0.3
135392.39001868627	300	55.514249561094225	0.0	172312	3321.758860983884	0.3
135395.30179858443	300	56.602469662941104	0.0	167025	2911.779898153126	0.3
135398.88085815616	300	57.0234100912096	0.0	160064	3579.0595717315114	0.3
135401.46885644656	300	58.43541180081551	0.0	137507	2587.998290394089	0.3
135405.2236399292	750	58.68062831817762	0.0	314107	3754.783482637888	0.3
135411.83326076856	750	56.071007478825976	0.0	450283	6609.620839351643	0.75
135414.92251876407	300	56.981749483320435	0.0	155580	3089.2579955055403	-0.15000000000000002
135422.63510703464	300	53.26916121274741	0.0	139857	7712.588270573019	0.3
135428.34669701254	300	51.55757123486324	0.0	155432	5711.589977884181	0.3
135433.32411648857	300	50.580151758826986	0.0	163442	4977.419476036253	0.3
135438.6658690016	300	49.23839924582032	0.0	126289	5341.752513006662	0.3
135445.11956968918	300	46.78469855822311	0.0	153295	6453.700687597208	0.3
135446.51245843538	300	49.39180981201919	0.0	173849	1392.8887462039236	0.3
135447.50181972317	300	52.40244852425752	0.0	150710	989.3612877616669	0.3
135448.55545731998	300	55.34881092743691	0.0	139105	1053.6375968206178	0.3
135449.6689208254	300	58.23534742197704	0.0	141840	1113.4635054598677	0.3
135451.55439317456	300	59.77000865025486	0.0	156148	965.3387717221743	0.3
135455.39981797925	750	59.65886303660837	0.0	386351	3111.1456136464826	0.3
135460.44225058565	750	58.61643043021886	0.0	434409	5042.432606389512	0.75
135463.81414313722	750	59.24453787863756	0.0	337059	3371.892551581301	0.75
135466.80178873235	750	59.78451725557555	0.0	366214	2960.020623062011	0.75
135470.12461533822	750	59.54741643867414	0.0	360831	3237.100816901409	0.75
135474.16050814642	750	59.51152363047335	0.0	372963	3535.8928082007933	0.75
135477.61113527	750	59.66651936727532	0.0	405596	2845.0042631980223	0.75
135481.10995531644	750	59.789420774244945	0.0	350713	3377.09859303038	0.75
135485.0757216197	750	59.82365447096289	0.0	386472	3465.7663032820465	0.75
135487.1574018957	750	59.89255821129584	0.0	399894	1931.096259667052	0.75
135489.92056638392	750	59.930767975365875	0.0	401853	1961.7902359299671	0.75
135493.43239927202	750	59.52503865744884	0.0	343800	2905.7293179170338	0.75
135495.8560108916	750	59.502284632762716	0.0	359903	2022.7540246861188	0.75
135499.49119053746	750	59.74462360729296	0.0	379700	2757.6610254697594	0.75
135502.05305145626	750	59.66245245808227	0.0	425781	2082.1711492106942	0.75
135503.79787847138	750	59.970383835303885	0.0	277716	1692.0686227783822	0.75
135505.69283299736	750	59.72428576849459	0.0	400396	1746.0980668092927	0.75
135508.31116612372	750	59.7745474348968	0.0	400508	1949.7383335977865	0.75
135510.46586229908	750	59.775996743595215	0.0	358218	1998.5506913015909	0.75
135512.31537176587	750	59.50931475221559	0.0	400322	1766.6819913796257	0.75
135515.33333938182	750	59.99174468196819	0.0	369834	2517.570070247393	0.75
135518.8893292383	750	59.812448526566634	0.0	412837	3179.2961554015565	0.75
135521.9216562335	750	59.821631879520986	0.0	401088	2990.8166470456513	0.75
135524.27608961737	750	59.500670361650286	0.0	365161	2320.9615178707004	0.75
135528.55844254643	1200	59.21831743259796	0.0	487812	4282.352929052323	0.75
135531.44976454877	750	59.59006882895259	0.0	361565	2628.2486036453793	0.3
135534.6841286451	750	59.944923480121155	0.0	378327	2645.1453488314296	0.75
135537.38443610087	750	59.74337912600418	0.0	390680	2201.5443541169802	0.75
135539.54036670912	750	59.535795372711995	0.0	345516	1707.5837532921785	0.75
135543.1531009319	750	59.92306114990091	0.0	384505	3612.7342228110856	0.75
135551.89881393456	750	55.17734814726324	0.0	372093	8745.713002637665	0.75
135557.30564980535	750	53.77051227647735	0.0	438281	5406.835870785894	0.75
135560.87426874082	750	54.20189334099002	0.0	398987	3568.6189354873245	0.75
135564.24801864065	750	54.82814344117197	0.0	393804	3373.749899818056	0.75
135567.23742509057	750	55.83873699123196	0.0	331053	2989.4064499400024	0.75
135584.52487571782	2850	42.5512863640043	0.0	1364537	17287.450627227663	0.75
135589.04748082053	750	42.02868126128116	0.0	450283	4522.605102723142	0.75
135593.19708384623	750	41.879078235569274	0.0	398865	4149.6030257118855	0.75
135599.0178244429	750	40.058337638899275	0.0	350812	5820.740596669998	0.75
135602.45103526764	300	40.625126814173136	0.0	155432	3433.2108247261453	-0.15000000000000002
135605.98839334547	300	41.08776873633793	0.0	163442	3537.358077835204	0.3
135607.46528404448	300	43.61087803733289	0.0	126289	1476.89069900504	0.3
135609.01313149746	300	46.063030584370566	0.0	153295	1547.8474529623293	0.3
135610.37626390232	300	48.69989817950025	0.0	173849	1363.1324048703118	0.3
135611.64928830107	300	51.42687378076017	0.0	150710	1273.024398740088	0.3
135612.89799550697	300	54.178166574832844	0.0	139105	1248.707205927323	0.3
135614.03627538518	300	57.03988669663745	0.0	141840	1138.2798781953923	0.3
135615.36594029886	300	59.71022178293931	0.0	156148	1329.6649136981498	0.3
135617.83248970567	300	59.60090730188948	0.0	160746	1609.3144810498275	0.3
135619.86114047375	300	59.96519938073163	0.0	179801	1635.7079211578484	0.3
135621.2500516138	300	59.8782152341612	0.0	140051	1086.9841465704285	0.3
135622.2630045182	300	59.86620227870946	0.0	138313	1012.0129554517392	0.3
135624.0191209043	300	59.90061406012606	0.0	143509	965.5882185833967	0.3
135625.88761508203	300	59.99563105502192	0.0	150616	1404.9830051041442	0.3
135630.31641836558	750	59.5668277714784	0.0	405596	3928.803283543523	0.3
135633.8891101355	750	59.99413600155038	0.0	350713	3572.6917699280143	0.75
135638.68986978312	750	59.19337635390228	0.0	386472	4800.759647648097	0.75
135645.0688791004	750	56.8143670366125	0.0	399894	6379.009317289784	0.75
135648.6986640169	750	57.18458212011389	0.0	401853	3629.7849164986137	0.75
135651.66989889301	750	58.21334724397621	0.0	343800	2971.234876137675	0.75
135656.13277644967	750	57.7504696873194	0.0	359903	4462.877556656811	0.75
135660.81570441776	750	57.06754171924887	0.0	379700	4682.927968070532	0.75
135666.4763098027	750	55.40693633431645	0.0	425781	5660.605384932421	0.75
135668.78197336374	750	57.101272773260156	0.0	277716	2305.6635610562985	0.75
135672.16909583966	750	57.7141502973499	0.0	400396	3387.1224759102556	0.75
135675.5271277984	750	58.35611833860747	0.0	400508	3358.031958742432	0.75
135679.45000745228	750	58.43323868473336	0.0	358218	3922.8796538741094	0.75
135684.51809751266	750	57.36514862434122	0.0	400322	5068.090060392145	0.75
135687.6308993409	750	58.25234679611398	0.0	369834	3112.801828227233	0.75
135691.67504373172	750	58.208202405281504	0.0	412837	4044.144390832482	0.75
135696.9903995335	750	56.892846603485175	0.0	401088	5315.355801796327	0.75
135702.25289620765	750	55.630349929333924	0.0	365161	5262.496674151249	0.75
135707.56030249273	750	54.32294364424668	0.0	321064	5307.406285087248	0.75
135712.48695183074	750	53.396294306248954	0.0	361565	4926.649337997718	0.75
135716.78922401907	750	53.094022117907976	0.0	378327	4302.272188340985	0.75
135720.98496215884	750	52.89828397816686	0.0	390680	4195.738139741115	0.75
135725.2497565111	750	52.63348962590353	0.0	345516	4264.794352263326	0.75
135729.0048557519	750	52.878390385088565	0.0	384505	3755.09924081497	0.75
135731.76403037584	750	54.11921576116579	0.0	372093	2759.174623922771	0.75
135734.70334996923	750	55.17989616775775	0.0	438281	2939.319593408045	0.75
135737.06136643153	750	56.821879705465996	0.0	398987	2358.0164622917537	0.75
135742.2158203363	1200	55.66742580067708	0.0	638661	5154.453904788913	0.75
135749.78724082257	1850	52.09600531442523	0.0	830730	7571.420486251854	1.2000000000000002
135763.5423135086	2850	42.340932628389965	0.0	1364537	13755.072686035266	1.85
135768.44207302347	750	41.44117311353065	0.0	450283	4899.759514859312	0.75
135771.59307372436	750	42.290172412638945	0.0	398865	3151.000700891712	0.75
135774.75995855447	750	43.123287582511956	0.0	350812	3166.884830126993	0.75
135777.4895500498	750	44.39369608720564	0.0	382355	2729.591495306318	0.75
135780.57323361826	750	45.31001251873566	0.0	411561	3083.6835684699786	0.75
135783.01645572888	750	46.8667904081102	0.0	318564	2443.2221106254688	0.75
135786.0136629628	750	47.8695831742064	0.0	352642	2997.207233903799	0.75
135790.3286852256	750	47.55456091139495	0.0	437162	4315.022262811444	0.75
135793.1779604237	750	48.70528571330768	0.0	374758	2849.2751980872736	0.75
135795.78656416907	750	50.09668196792846	0.0	362795	2608.6037453792246	0.75
135798.25116044335	750	51.632085693644356	0.0	353220	2464.596274284103	0.75
135801.15736787408	750	52.72587826290982	0.0	405134	2906.20743073454	0.75
135804.0213882376	750	53.861857899413145	0.0	386351	2864.0203634966747	0.75
135807.2112508654	750	54.671995271613355	0.0	434409	3189.8626277997914	0.75
135810.07388357059	750	55.80936256643567	0.0	337059	2862.6327051776902	0.75
135812.97471864146	750	56.90852749555009	0.0	366214	2900.8350708855774	0.75
135815.90937311557	750	57.97387302143283	0.0	360831	2934.6544741172556	0.75
135819.06140696368	750	58.82183917331619	0.0	372963	3152.0338481166373	0.75
135822.60196621125	750	59.2812799257435	0.0	405596	3540.5592475726958	0.75
135826.2129016363	750	59.67034450068636	0.0	350713	3110.9354250571355	0.75
135829.8687719736	750	59.758808195538734	0.0	386472	3411.5363051476334	0.75
135833.8115821264	750	59.81599804275094	0.0	399894	3442.8101527877907	0.75
135837.2633455706	750	59.78368841309195	0.0	401853	3032.309629658997	0.75
135840.63771706994	750	59.7462295706948	0.0	343800	3037.4588423971536	0.75
135844.42785400432	750	59.956092636314395	0.0	359903	3290.1369343804045	0.75
135848.19959219056	750	59.92374833886511	0.0	379700	3032.344297449286	0.75
135851.90778948035	750	59.62434663837196	0.0	425781	2799.401700493146	0.75
135854.33544344507	750	59.93941745064584	0.0	277716	2184.9291877261207	0.75
135862.34301043386	750	55.93185046187756	0.0	400396	8007.566988768281	0.75
135869.13569657857	750	53.13916431717866	0.0	400508	6792.686144698899	0.75

