16502.845398212776	750	4.0	2.0826286555936395	450283	2082.6286555936395	-8.205303219052649
16504.32628500052	300	6.519113212257945	0.0	155580	1480.8867877420548	-0.15000000000000002
16505.578364699773	300	9.267033513003017	0.0	139857	1252.0796992549272	0.3
16507.034321045707	300	11.811077167068047	0.0	155432	1455.9563459349713	0.3
16508.45258002224	300	14.392818190536909	0.0	163442	1418.2589765311377	0.3
16509.565992564367	300	17.27940564840767	0.0	126289	1113.4125421292372	0.3
16510.670801334876	300	20.17459687789818	0.0	153295	1104.8087705094958	0.3
16512.074441428853	300	22.770956783922838	0.0	173849	1403.6400939753407	0.3
16513.282064355753	300	25.563333857020005	0.0	150710	1207.622926902829	0.3
16514.170344230486	300	28.67505398228808	0.0	139105	888.2798747319246	0.3
16516.561349552503	750	30.28404866027087	0.0	353220	2391.005322017212	0.3
16520.030132494296	750	30.815265718479147	0.0	405134	3468.782941791722	0.75
16522.852536426304	750	31.99286178646836	0.0	386351	2822.4039320107845	0.75
16530.032915812528	750	28.812482400245695	0.0	434409	7180.379386222666	0.75
16537.72984752045	750	25.11555069232113	0.0	337059	7696.931707924566	0.75
16542.6263415794	750	24.21905663337464	0.0	366214	4896.494058946486	0.75
16544.662503270614	300	26.182894942157102	0.0	143509	2036.1616912175402	-0.15000000000000002
16546.711687517003	300	28.133710695768723	0.0	150616	2049.184246388377	0.3
16548.82096141663	300	30.024436796144155	0.0	165384	2109.273899624572	0.3
16550.413111977956	300	32.43228623481796	0.0	140881	1592.1505613261997	0.3
16552.128046353027	300	34.717351859743765	0.0	157671	1714.9343750741907	0.3
16554.27077740996	300	36.57462080281076	0.0	157812	2142.7310569330007	0.3
16556.531534658785	300	38.31386355398758	0.0	163927	2260.757248823183	0.3
16557.739488938216	300	41.105909274555685	0.0	137654	1207.9542794319016	0.3
16558.98335205446	300	43.86204615831401	0.0	146754	1243.863116241679	0.3
16560.202489331317	300	46.64290888145557	0.0	153938	1219.1372768584424	0.3
16564.69526062859	750	46.15013758418182	0.0	425781	4492.771297273745	0.3
16566.823111436122	750	48.02228677664907	0.0	277716	2127.8508075327545	0.75
16570.663438509684	750	48.18195970308737	0.0	400396	3840.327073561698	0.75
16577.29375617957	1200	45.55164203320107	0.0	641447	6630.317669886301	0.75
16583.00846326232	1200	43.83693495045488	0.0	570392	5714.707082746188	1.2
16587.246991550473	750	43.598406662299936	0.0	400322	4238.528288154944	0.3
16592.475526720875	750	42.369871491896724	0.0	369834	5228.535170403212	0.75
16600.852975639646	750	37.99242257312589	0.0	412837	8377.448918770828	0.75
16607.54742064765	750	35.29797756512193	0.0	401088	6694.44500800396	0.75
16610.987828079575	750	35.857570133197065	0.0	365161	3440.407431924866	0.75
16617.099239352978	750	33.74615885979638	0.0	321064	6111.411273400685	0.75
16620.96887701752	750	33.876521195252785	0.0	361565	3869.637664543594	0.75
16625.33721344763	750	33.508184765144335	0.0	378327	4368.336430108441	0.75
16628.885796975657	750	33.959601237116935	0.0	390680	3548.5835280274046	0.75
16631.976686284343	750	34.868711928429185	0.0	345516	3090.8893086877542	0.75
16634.918757873107	750	35.92664033966279	0.0	384505	2942.0715887663982	0.75
16639.456326605476	750	35.38907160729682	0.0	372093	4537.568732365963	0.75
16645.94551094696	750	32.89988726581105	0.0	438281	6489.184341485763	0.75
16649.48182219817	750	33.36357601460177	0.0	398987	3536.3112512092857	0.75
16652.55711506464	750	34.28828314813267	0.0	393804	3075.292866469103	0.75
16656.154611547438	1200	34.69078666533647	0.0	538612	3597.4964827962044	0.75
16665.77454025028	2850	29.070857962491676	0.0	1364537	9619.928702844794	1.2000000000000002
16668.98860427655	750	29.856793936221493	0.0	450283	3214.0640262701813	0.75
16672.205024305014	750	30.640373907757496	0.0	398865	3216.4200284639965	0.75
16674.71440948564	750	32.13098872713376	0.0	350812	2509.3851806237367	0.75
16678.082738566096	750	32.76265964667598	0.0	382355	3368.329080457783	0.75
16681.73024544404	750	33.11515276873358	0.0	411561	3647.506877942395	0.75
16684.133163285274	750	34.712234927495984	0.0	318564	2402.917841237593	0.75
16686.67846742082	750	36.16693079195061	0.0	352642	2545.3041355453784	0.75
16689.57888630623	750	37.26651190654482	0.0	437162	2900.4188854057875	0.75
16691.892756385034	750	38.95264182774088	0.0	374758	2313.8700788039496	0.75
16694.80838740458	750	40.037010808192235	0.0	362795	2915.63101954864	0.75
16697.26676061333	750	41.57863759944518	0.0	353220	2458.3732087470544	0.75
16700.94812089376	750	41.89727731901378	0.0	405134	3681.360280431403	0.75
16706.07580482969	750	40.76959338308424	0.0	386351	5127.683935929541	0.75
16713.76947963748	750	37.07591857529235	0.0	434409	7693.674807791887	0.75
16718.371414757046	750	36.47398345572667	0.0	337059	4601.935119565684	0.75
16721.47697170953	750	37.36842650324313	0.0	366214	3105.556952483536	0.75
16723.78239778845	750	39.0630004243236	0.0	360831	2305.426078919531	0.75
16725.82113962479	750	41.024258587981656	0.0	372963	2038.7418363419422	0.75
16728.46223774046	750	42.383160472311445	0.0	405596	2641.098115670214	0.75
16730.375334381886	750	44.47006383088594	0.0	350713	1913.0966414255035	0.75
16733.92971460022	1200	44.91568361255032	0.0	601738	3554.3802183356247	0.75
16737.938132854997	1200	44.90726535777576	0.0	616206	4008.4182547745536	1.2
16742.62140739781	1200	44.2239908149601	0.0	656471	4683.274542815664	1.2
16747.947189388742	1200	42.898208824031784	0.0	536667	5325.781990928319	1.2
16752.178101805806	1200	42.667296406966436	0.0	587236	4230.912417065346	1.2
16757.7862470938	1200	41.05915111897278	0.0	590335	5608.14528799366	1.2
16764.12191072405	1200	38.723487488723734	0.0	696376	6335.6636302490415	1.2
16766.30338541987	750	40.54201279290519	0.0	277716	2181.4746958185397	0.3
16769.258767113075	750	41.586631099695815	0.0	400396	2955.3816932093746	0.75
16772.50368520759	750	42.34171300518356	0.0	400508	3244.918094512255	0.75
16775.07823037222	750	43.767167840552034	0.0	358218	2574.5451646315187	0.75
16779.852203091934	750	42.99319512083755	0.0	400322	4773.972719714489	0.75
16783.80557670644	750	43.039821506331236	0.0	369834	3953.373614506307	0.75
16797.145457630988	750	33.699940581781476	0.0	412837	13339.88092454976	0.75
16805.097686445813	750	29.7477117669566	0.0	401088	7952.228814824876	0.75
16807.901016039796	750	30.944382172973665	0.0	365161	2803.3295939829345	0.75
16809.361783681794	300	33.48361453097542	0.0	131610	1460.7676419982413	-0.15000000000000002
16810.909868106828	300	35.93553010594274	0.0	124011	1548.0844250326857	0.3
16812.096204653546	300	38.74919355922208	0.0	144254	1186.3365467206593	0.3
16813.134171274727	300	41.711226938044426	0.0	149991	1037.9666211776505	0.3
16815.86583652257	750	42.9795616901975	0.0	345516	2731.665247846925	0.3
16819.53873086286	750	43.30666734990898	0.0	384505	3672.8943402885257	0.75
16822.816057533673	750	44.02934067909433	0.0	372093	3277.326670814637	0.75
16826.669378429466	750	44.176019783304596	0.0	438281	3853.3208957897364	0.75
16830.98740776452	1200	43.85799044824823	0.0	630203	4318.029335056363	0.75
16835.433275267107	1200	43.412122945664045	0.0	638661	4445.86750258419	1.2
16841.804700961224	1850	41.04069725154396	0.0	830730	6371.425694120077	1.2000000000000002
16849.146058354574	2850	37.69933985819236	0.0	1364537	7341.357393351604	1.85
16851.564070812547	750	39.281327400221706	0.0	450283	2418.012457970657	0.75
16854.242143014002	750	40.603255198766675	0.0	398865	2678.072201455036	0.75
16856.78354738547	750	42.061850827300546	0.0	350812	2541.404371466129	0.75
16859.529843162305	750	43.3155550504655	0.0	382355	2746.2957768350448	0.75
16863.634887188302	1200	43.21051102446907	0.0	652874	4105.044025996422	0.75
16866.52953620811	1200	44.31586200466116	0.0	520315	2894.6490198079086	1.2
16870.36408346828	1200	44.48131474448954	0.0	561791	3834.547260171623	1.2
16877.24786589343	1200	41.59753231933953	0.0	709534	6883.782425150002	1.2
16884.417096157224	1200	38.428302055546396	0.0	584846	7169.230263793137	1.2
16888.380056306716	1200	38.465341906053496	0.0	560821	3962.960149492901	1.2
16892.8456375789	1200	37.99976063387013	0.0	607410	4465.581272183363	1.2
16895.652136281853	750	39.19326193091808	0.0	405134	2806.498702952056	0.3
16898.133635589522	750	40.71176262324827	0.0	386351	2481.4993076698	0.75
16900.89445320312	750	41.950945009650646	0.0	434409	2760.817613597627	0.75
16902.884546425306	750	43.960851787462865	0.0	337059	1990.0932221877827	0.75
16907.411629764018	1200	43.43376844875205	0.0	587876	4527.083338710821	0.75
16911.792957530557	1200	43.05244068221023	0.0	617242	4381.327766541812	1.2
16915.668512069373	1200	43.176886143393794	0.0	581493	3875.5545388164364	1.2
16919.877883105517	1200	42.96751510725046	0.0	639204	4209.371036143324	1.2
16924.276487346055	1200	42.56891086671205	0.0	586839	4398.604240538416	1.2
16930.290228154347	1200	40.55517005841999	0.0	601738	6013.740808292065	1.2
16935.27677702031	1200	39.56862119245796	0.0	616206	4986.548865962026	1.2
16940.750760153805	1200	38.09463805896206	0.0	656471	5473.983133495903	1.2
16946.105813352893	1200	36.739584859871236	0.0	536667	5355.053199090823	1.2
16950.128509856306	750	36.71688835646079	0.0	359903	4022.6965034104437	0.3
16952.393033870663	750	38.45236434210191	0.0	379700	2264.524014358884	0.75
16954.65978652415	750	40.185611688613996	0.0	425781	2266.7526534879157	0.75
16956.530211630412	750	42.315186582351586	0.0	277716	1870.425106262408	0.75
16958.8723282208	750	43.97306999196496	0.0	400396	2342.1165903866236	0.75
16962.50387356121	1200	44.34152465155378	0.0	641447	3631.5453404111827	0.75
16966.102380610315	1200	44.743017602452994	0.0	570392	3598.5070491007837	1.2
16969.540082817948	1200	45.30531539481638	0.0	620283	3437.7022076366125	1.2
16974.015757439753	1200	44.829640773015306	0.0	584349	4475.674621801072	1.2
16979.137775637533	1200	43.70762257523425	0.0	670129	5122.018197781062	1.2
16982.610073006017	1200	44.23532520675394	0.0	690253	3472.2973684802987	1.2
16985.965387188804	1200	44.88001102396612	0.0	598727	3355.3141827878176	1.2
16989.915989014455	1200	44.92940919831479	0.0	487812	3950.601825651336	1.2
16993.790951949704	1200	45.0544462630636	0.0	575591	3874.962935251187	1.2
16997.671635272196	1200	45.1737629405701	0.0	605884	3880.683322493503	1.2
17002.0578540159	1200	44.78754419686445	0.0	587506	4386.218743705646	1.2
17005.545928448017	1200	45.299469764749176	0.0	566904	3488.074432115277	1.2
17010.242506149818	1200	44.602892062950765	0.0	641452	4696.577701798417	1.2
17014.58405026492	1200	44.26134794784966	0.0	599477	4341.5441151011055	1.2
17019.45767816609	1200	43.387720046674126	0.0	634861	4873.627901175531	1.2
17024.30341266148	1200	42.541985551283275	0.0	630203	4845.734495390856	1.2
17030.032642787446	1850	40.812755425317754	0.0	982064	5729.230125965521	1.2000000000000002
17034.635836330097	1850	40.209561882666016	0.0	830730	4603.193542651735	1.85
17043.172794431302	2850	35.672603781459664	0.0	1364537	8536.958101206352	1.85
17046.055314036268	750	36.79008417649463	0.0	450283	2882.519604965031	0.75
17047.980202332597	750	38.865195880167136	0.0	398865	1924.8882963274946	0.75
17050.963592204345	1200	39.88180600842115	0.0	571051	2983.3898717459847	0.75
17053.633716512002	1200	41.21168170076402	0.0	617681	2670.12430765713	1.2
17056.515730368	1200	42.329667844768004	0.0	652874	2882.0138559960155	1.2
17058.617845415687	1200	44.227552797083526	0.0	520315	2102.115047684477	1.2
17061.230284134504	1200	45.615114078266934	0.0	561791	2612.43871881659	1.2
17065.260491515237	1200	45.584906697534336	0.0	709534	4030.207380732597	1.2
17068.150130848797	1200	46.69526736397554	0.0	584846	2889.639333558803	1.2
17071.106831823225	1200	47.73856638954382	0.0	560821	2956.7009744317184	1.2
17075.30018192285	1200	47.54521628992127	0.0	607410	4193.350099622551	1.2
17082.173366686082	1200	44.6720315266863	0.0	594078	6873.184763234974	1.2
17086.19168791981	1200	44.65371029296023	0.0	624282	4018.321233726074	1.2
17090.48010676653	1200	44.365291446240995	0.0	687371	4288.418846719227	1.2
17093.960571403448	1200	44.88482680932355	0.0	526950	3480.464636917449	1.2
17098.005394938566	1200	44.840003274204605	0.0	587876	4044.823535118947	1.2
17100.70722357911	1200	46.13817463366344	0.0	617242	2701.828640541162	1.2
17103.928326249177	1200	46.91707196359232	0.0	581493	3221.1026700711177	1.2
17108.223912230867	1200	46.621485981903156	0.0	639204	4295.585981689165	1.2
17112.904052143593	1200	45.94134606917731	0.0	586839	4680.139912725847	1.2
17116.73591938	1200	46.10947883276969	0.0	601738	3831.867236407617	1.2
17120.706754271763	1200	46.13864394100599	0.0	616206	3970.834891763697	1.2
17127.05405096236	1200	43.79134725040752	0.0	656471	6347.296690598476	1.2
17131.929486344725	1200	42.91591186804496	0.0	536667	4875.435382362559	1.2
17136.44674822185	1200	42.39864999092209	0.0	587236	4517.261877122874	1.2
17151.908914835694	1200	30.936483377076375	0.0	590335	15462.166613845711	1.2
17186.507000596288	1200	4.0	3.661602383516616	696376	34598.08576059299	-14.54489024912145
17187.42856104739	300	7.078439548899234	0.0	111155	921.560451100766	-0.6000000000000001
17196.095044627666	300	4.0	1.5880440313752933	153605	8666.483580274527	-6.528589334913761
17204.89873115797	300	4.0	4.803686530301589	149029	8803.68653030159	-20.35585208029683
17214.2048691741	300	4.0	5.306138016132389	157421	9306.138016132389	-22.51639346936927
17221.555933535397	300	4.0	3.351064361298096	157488	7351.064361298096	-14.10957675358181
17227.358747338578	300	4.0	1.8028138031803247	143881	5802.813803180325	-7.452099353675396
17237.90628938351	300	4.0	6.547542044935712	163444	10547.542044935712	-27.85443079322356
17248.883463788516	300	4.0	6.9771744050036855	179328	10977.174405003685	-29.701849941515846
17257.658552704237	300	4.0	4.775088915720777	159914	8775.088915720777	-20.23288233759934
17265.061152455364	300	4.0	3.402599751125336	131610	7402.599751125336	-14.331178929838943
17273.118295806642	300	4.0	4.057143351279457	124011	8057.143351279457	-17.145716410501663
17279.79887800894	300	4.0	2.680582202296605	144254	6680.582202296605	-11.2265034698754
17284.642487025736	300	4.0	0.8436090167970169	149991	4843.609016797017	-3.327518772227173
17292.865591839865	300	4.0	4.223104814126229	147968	8223.104814126229	-17.859350700742784
17298.95956007292	300	4.0	2.0939682330508678	161857	6093.968233050868	-8.70406340211873
17305.17223399457	300	4.0	2.212673921653094	145210	6212.673921653094	-9.214497863108303
17317.125654318617	300	4.0	7.953420324046669	172312	11953.420324046669	-33.899707393400675
17326.296240563253	300	4.0	5.1705862446398445	167025	9170.586244639844	-21.93352085195133
17331.612248497036	300	4.0	1.316007933781806	160064	5316.007933781806	-5.358834115261766
17333.734675302407	300	5.877573194631146	0.0	137507	2122.426805368854	0.3
17340.455025144238	300	4.0	0.8427766472031708	118421	6720.349841834317	-3.3239395829736345
17368.294333891707	750	4.0	23.83930874747175	450283	27839.30874747175	-101.75902761412853
17369.930270662422	300	6.364063229286194	0.0	155580	1635.9367707138056	-0.15000000000000002

