135729.2230478759	750	4.0	2.5371802488901025	450283	2537.1802488901026	-10.159875070227441
135741.17731944856	1200	4.0	7.954271572668924	611087	11954.271572668924	-33.453367762476375
135743.63889240986	300	5.53842703870263	0.0	139857	2461.57296129737	-0.6000000000000001
135746.00906022626	300	7.168259222314092	0.0	155432	2370.1678163885367	0.3
135748.66173561692	300	8.515583831638546	0.0	163442	2652.675390675548	0.3
135752.0502790711	300	9.127040377474248	0.0	126289	3388.5434541642962	0.3
135755.26169150087	300	9.915627947708849	0.0	153295	3211.4124297654	0.3
135758.91525932905	300	10.262060119534228	0.0	173849	3653.5678281746204	0.3
135761.46345231112	300	11.71386713745693	0.0	150710	2548.192982077299	0.3
135763.12573007194	300	14.051589376660052	0.0	139105	1662.2777607968758	0.3
135765.09084072642	300	16.08647872216101	0.0	141840	1965.1106544990391	0.3
135771.16784201033	750	14.00947743828129	0.0	405134	6077.001283879723	0.3
135774.7796126999	750	14.397706748707595	0.0	386351	3611.7706895736965	0.75
135781.49554425088	1200	11.681775197735453	0.0	687371	6715.931550972143	0.75
135788.82938841896	1200	8.347931029627167	0.0	526950	7333.844168108286	1.2
135792.0528583872	750	9.12446106139143	0.0	366214	3223.4699682357373	0.3
135796.69847433356	750	8.47884511504984	0.0	360831	4645.615946341591	0.75
135808.75122953497	750	4.0	3.573910086367163	372963	12052.755201417003	-14.6178133713788
135813.25071221724	300	4.0	0.4994826822445821	165384	4499.482682244582	-2.297775533651703
135817.551013611	300	4.0	0.30030139373506337	140881	4300.301393735063	-0.9912959930607723
135821.1816558427	300	4.369357768285711	0.0	157671	3630.6422317142888	0.3
135828.79047250652	300	4.0	3.239458895536561	157812	7608.816663822272	-13.62967325080721
135836.00877415642	300	4.0	3.2183016498977475	163927	7218.301649897748	-13.538697094560312
135840.28109178873	300	4.0	0.27231763232418504	137654	4272.317632324185	-0.8709658189939955
135846.0468384625	300	4.0	1.7657466737484984	146754	5765.746673748498	-7.292710697118543
135849.56071354414	300	4.4861249183573415	0.0	153938	3513.8750816426586	0.3
135853.50747400304	300	4.539364459437693	0.0	181901	3946.7604589196494	0.3
135855.5523069171	300	6.4945315453703	0.0	111155	2044.8329140673923	0.3
135857.36218573758	300	8.684652724903511	0.0	153605	1809.8788204667894	0.3
135858.527361552	300	11.51947691047983	0.0	149029	1165.175814423683	0.3
135860.15377108316	300	13.893067379293644	0.0	157421	1626.4095311861863	0.3
135863.97680698446	750	14.070031478001875	0.0	400322	3823.0359012917684	0.3
135869.46494196064	750	12.581896501821248	0.0	369834	5488.134976180626	0.75
135878.29488396723	750	7.751954495240396	0.0	412837	8829.942006580852	0.75
135881.3144908349	750	8.732347627572883	0.0	401088	3019.6068676675122	0.75
135885.093589975	750	8.953248487473669	0.0	365161	3779.0991400992125	0.75
135888.25616415916	750	9.79067430331919	0.0	321064	3162.57418415448	0.75
135892.06127479195	750	9.985563670499616	0.0	361565	3805.1106328195724	0.75
135895.53087878454	750	10.515959677906691	0.0	378327	3469.603992592926	0.75
135897.57974734867	750	12.467091113767204	0.0	390680	2048.868564139488	0.75
135901.57894986737	1200	12.467888595078966	0.0	566904	3999.202518688237	0.75
135906.06891358236	1200	11.977924880094042	0.0	641452	4489.963714984924	1.2
135909.92791013172	1200	12.118928330733048	0.0	599477	3858.996549360994	1.2
135912.67937850583	1200	13.367459956615926	0.0	634861	2751.468374117122	1.2
135915.2526529781	1200	14.794185484342206	0.0	630203	2573.27447227372	1.2
135921.33658715544	2850	12.710251306990301	0.0	1483527	6083.9341773519045	1.2000000000000002
135926.6359091304	2850	11.410929332014037	0.0	1231456	5299.321974976265	2.85
135934.21700549376	2850	7.829832968659435	0.0	1364537	7581.096363354602	2.85
135936.39522480697	750	9.651613655441409	0.0	450283	2178.219313218026	0.75
135940.33374626286	1200	9.713092199557618	0.0	611087	3938.5214558837924	0.75
135952.30209747443	1850	4.0	2.255259012012595	877771	11968.351211570212	-8.497613751654159
135959.04539024096	750	4.0	2.7432927665315763	382355	6743.2927665315765	-12.146158896085778
135963.4770673022	750	4.0	0.43167706124646793	411561	4431.677061246468	-1.106211363359812
135965.93724180615	750	5.5398254960853555	0.0	318564	2460.1745039146444	0.75
135967.89068410508	750	7.586383197154898	0.0	352642	1953.4422989304578	0.75
135969.77089010784	750	9.7061771943906	0.0	437162	1880.2060027642979	0.75
135971.11499890612	750	12.362068396107073	0.0	374758	1344.108798283527	0.75
135973.54654041314	1200	13.930526889106403	0.0	560821	2431.5415070006707	0.75
135977.19925051412	1200	14.277816788138042	0.0	607410	3652.7101009683606	1.2
135984.36181730605	1850	11.115249996213818	0.0	917428	7162.566791924224	1.2000000000000002
135990.68299748257	1850	8.794069819692186	0.0	946851	6321.180176521631	1.85
135998.33556278492	1850	5.141504517360392	0.0	1036454	7652.565302331794	1.85
136002.23696435246	1200	5.240102949823524	0.0	526950	3901.4015675368682	0.5499999999999999
136006.40063100168	1200	5.076436300613475	0.0	587876	4163.666649210049	1.2
136010.74570506456	1200	4.731362237735606	0.0	617242	4345.0740628778685	1.2
136014.95420213038	1200	4.522865171909774	0.0	581493	4208.497065825832	1.2
136022.0939355243	1200	4.0	2.616868221984981	639204	7139.733393894755	-10.052533354535418
136023.93378208944	750	6.160153434828997	0.0	350713	1839.8465651710026	0.3
136025.88111538207	750	8.212820142196755	0.0	386472	1947.3332926322419	0.75
136028.67593817157	1200	9.41799735270457	0.0	616206	2794.822789492186	0.75
136031.5006311427	1200	10.593304381573732	0.0	656471	2824.6929711308376	1.2
136034.5274963269	1200	11.566439197372649	0.0	536667	3026.8651842010836	1.2
136057.35993885002	1200	4.0	11.266003325761096	587236	22832.442523133745	-47.243814300772705
136063.1830077387	300	4.0	1.8230688887050446	153938	5823.068888705045	-8.439196221431692
136068.42226410692	300	4.0	1.239256368216761	181901	5239.256368216761	-5.0288023833320725
136071.2481054509	300	5.174158656041169	0.0	111155	2825.8413439588307	0.3
136072.49644693488	300	7.925817172066051	0.0	153605	1248.341483975118	0.3
136073.50354896154	300	10.918715145406761	0.0	149029	1007.1020266592883	0.3
136074.54559641742	300	13.876667689541623	0.0	157421	1042.0474558651367	0.3
136076.6338944289	750	15.788369678062146	0.0	400322	2088.298011479477	0.3
136078.7579045015	1200	17.664359605478644	0.0	584349	2124.0100725835046	0.75
136080.82551472637	1200	19.596749380609573	0.0	670129	2067.6102248690686	1.2
136084.59294814357	2850	19.829315963396933	0.0	1492672	3767.433417212641	1.2000000000000002
136088.7919159971	2850	19.630348109844174	0.0	1439896	4198.967853552759	2.85
136092.27459718744	2850	20.147666919523857	0.0	1139291	3482.681190320318	2.85
136098.8712251195	4300	17.551038987452145	0.0	2147467	6596.627932071712	2.8499999999999996
136113.98285776158	4300	6.439406345371937	0.0	2133870	15111.632642080209	4.3
136126.35573480764	2850	4.0	5.9334707006701395	1402287	12372.877046042076	-24.113924012881597
136130.5349521038	1200	4.0	0.17921729615448384	566904	4179.217296154484	-1.2206343734642804
136133.60657386432	1200	4.928378239485835	0.0	641452	3071.621760514164	1.2
136136.06103599767	1200	6.473916106140029	0.0	599477	2454.4621333458063	1.2
136139.31602021027	1200	7.218931893528465	0.0	634861	3254.984212611565	1.2
136141.42953076065	1200	9.10542134313899	0.0	630203	2113.510550389474	1.2
136148.0646598127	2850	6.470292291085253	0.0	1483527	6635.129052053738	1.2000000000000002
136164.81384558172	2850	4.0	10.278893477939844	1231456	16749.185769025098	-41.34924195514132
136182.49693082273	1850	4.0	13.683085241015142	846370	17683.085241015142	-57.987266536365105
136189.34539308646	750	4.0	2.8484622637469372	450283	6848.462263746937	-11.49838773411183
136190.46382309854	300	6.881569987925017	0.0	155580	1118.4300120749836	-0.15000000000000002
136191.56739491707	300	9.777998169386388	0.0	139857	1103.5718185386286	0.3
136193.9111751522	750	11.434217934258871	0.0	382355	2343.7802351275172	0.3
136196.48769233996	750	12.85770074651097	0.0	411561	2576.5171877479024	0.75
136199.22493626384	1200	14.120456822652862	0.0	520315	2737.243923858107	0.75
136202.31427669252	1200	15.03111639396852	0.0	561791	3089.340428684342	1.2
136207.6925990145	1850	13.652794071999216	0.0	1060487	5378.322321969306	1.2000000000000002
136223.22303330607	1850	4.0	1.8776402195816608	852833	15530.434291580876	-6.223852944201141
136226.63190664092	750	4.591126665139701	0.0	362795	3408.873334860299	-0.3500000000000001
136229.92287188373	750	5.300161422346774	0.0	353220	3290.965242792927	0.75
136232.6015123687	750	6.62152093736971	0.0	405134	2678.6404849770643	0.75
136235.40669467195	750	7.816338634112228	0.0	386351	2805.182303257482	0.75
136237.84730944547	750	9.375723860591437	0.0	434409	2440.6147735207905	0.75
136240.7121038297	1200	10.510929476373365	0.0	526950	2864.7943842180725	0.75
136244.05817633652	1200	11.164856969535712	0.0	587876	3346.072506837652	1.2
136247.9626506868	1200	11.260382619253134	0.0	617242	3904.474350282578	1.2
136251.71209022205	1200	11.510943084005605	0.0	581493	3749.4395352475285	1.2
136259.20807821912	1850	8.014955086947744	0.0	987708	7495.987997057861	1.2000000000000002
136265.55759469658	1850	5.665438609486521	0.0	923755	6349.516477461223	1.85
136269.48216617526	1200	5.740867130795094	0.0	601738	3924.571478691427	0.5499999999999999
136274.17416064994	1200	5.048872656130726	0.0	616206	4691.994474664368	1.2
136279.80864418548	1200	4.0	0.5856108793854273	656471	5634.483535516153	-1.3181267813573376
136282.81770242352	750	4.990941761976253	0.0	343800	3009.0582380237465	0.3
136285.4318474908	750	6.376796694679336	0.0	359903	2614.1450672969177	0.75
136287.89664386143	750	7.912000324049915	0.0	379700	2464.7963706294213	0.75
136291.67969419804	1200	8.128949987452494	0.0	696376	3783.050336597422	0.75
136294.02823933994	1200	9.780404845544732	0.0	487160	2348.5451419077604	1.2
136296.41472080824	1200	11.393923377264983	0.0	622896	2386.48146827975	1.2
136300.4693607477	1850	11.339283437817363	0.0	975811	4054.639939447619	1.2000000000000002
136304.10610202566	1850	11.702542159860796	0.0	873429	3636.7412779565675	1.85
136308.08659445387	1850	11.722049731651712	0.0	954453	3980.4924282090838	1.85
136312.54930114842	1850	11.259343037099237	0.0	885062	4462.706694552475	1.85
136321.0392072442	1850	6.769436941287044	0.0	1035329	8489.906095812194	1.85
136327.54930956394	1850	4.25933462155476	0.0	1026056	6510.102319732284	1.85
136334.50810104865	1850	4.0	2.699456863154678	943942	6958.791484709438	-9.757664511565116
136339.26524620163	1200	4.0	0.7571451529871811	487812	4757.145152987181	-2.705724157844879
136341.5607966044	750	5.7044495972432125	0.0	361565	2295.550402756787	0.3
136345.23945986122	750	6.025786340427386	0.0	378327	3678.6632568158266	0.75
136349.4175519265	750	5.847694275124681	0.0	390680	4178.092065302705	0.75
136356.18985208546	750	4.0	0.9246058838290192	345516	6772.3001589537	-3.225805300464782
136357.59429836302	300	6.595553722431392	0.0	161857	1404.4462775686077	-0.15000000000000002
136360.06388478616	750	8.125967299295151	0.0	372093	2469.586423136241	0.3
136362.90852654836	750	9.281325537085674	0.0	438281	2844.641762209477	0.75
136365.5906060162	750	10.599246069242206	0.0	398987	2682.0794678434686	0.75
136369.1623865621	750	11.027465523353529	0.0	393804	3571.780545888678	0.75
136375.47055494468	1850	8.719297140745045	0.0	830730	6308.168382608483	0.75
136388.85253738897	2850	4.0	4.662685303546922	1364537	13381.982444291967	-18.19954680525176
136400.34259461716	750	4.0	7.490057228190653	450283	11490.057228190653	-31.457246081219807
136403.9055712775	300	4.4370233396465135	0.0	155580	3562.9766603534863	-0.15000000000000002
136406.05472093777	300	6.287873679383996	0.0	139857	2149.1496602625175	0.3
136407.96417502698	300	8.37841959015579	0.0	155432	1909.4540892282046	0.3
136410.1457397395	300	10.196854877627576	0.0	163442	2181.564712528214	0.3
136412.1030572581	300	12.239537359025897	0.0	126289	1957.3175186016788	0.3
136414.0415892366	300	14.301005380510441	0.0	153295	1938.531978515455	0.3
136419.67472959915	750	12.667865017984717	0.0	437162	5633.140362525724	0.3
136424.91636699345	750	11.426227623667499	0.0	374758	5241.637394317219	0.75
136430.11935206648	750	10.22324255064075	0.0	362795	5202.985073026749	0.75
136433.97582259154	750	10.366772025594805	0.0	353220	3856.470525045943	0.75
136437.88282078644	750	10.459773830700925	0.0	405134	3906.9981948938803	0.75
136440.38369788814	750	11.958896729012315	0.0	386351	2500.8771016886117	0.75
136443.61571830392	750	12.726876313233152	0.0	434409	3232.020415779164	0.75
136446.77076905296	750	13.571825564202582	0.0	337059	3155.0507490305695	0.75
136453.86372288034	1200	10.47887173681276	0.0	587876	7092.9538273898215	0.75
136458.84607677406	1200	9.496517843100428	0.0	617242	4982.353893712333	1.2
136465.5178247442	1200	6.824769872969957	0.0	581493	6671.747970130471	1.2
136475.02170940515	1200	4.0	2.679114787995242	639204	9503.8846609652	-10.320193588379542
136477.81297601596	300	5.2087333891974135	0.0	140881	2791.266610802587	-0.6000000000000001
136481.42762438746	300	5.594085017676261	0.0	157671	3614.648371521151	0.3
136484.729506202	300	6.29220320312197	0.0	157812	3301.8818145542923	0.3
136490.7770056569	300	4.2447037481966134	0.0	163927	6047.499454925356	0.3
136493.2109672615	300	5.810742143637262	0.0	137654	2433.961604559351	0.3
136496.45391647398	300	6.567792931138803	0.0	146754	3242.9492124984586	0.3
136498.33929024017	300	8.682419164962202	0.0	153938	1885.3737661766029	0.3
136501.65167286873	300	9.370036536405452	0.0	181901	3312.3826285567484	0.3
136503.5867226324	300	11.434986772717867	0.0	111155	1935.0497636875857	0.3
136505.08427758154	300	13.937431823588867	0.0	153605	1497.5549491290005	0.3
136506.0000035833	300	17.0217058218605	0.0	149029	915.726001728366	0.3
136508.68114890796	750	18.340560497195387	0.0	358218	2681.145324665116	0.3
136511.64448763107	750	19.37722177407866	0.0	400322	2963.338723116727	0.75
136516.113433252	1200	18.90827615316399	0.0	584349	4468.945620914671	0.75
136523.1882721628	1850	15.833437242370513	0.0	1035329	7074.838910793474	1.2000000000000002
136530.9117121621	1850	12.109997243046108	0.0	1026056	7723.439999324406	1.85
136541.85975962383	1850	5.1619497813157595	0.0	943942	10948.047461730348	1.85
136551.52030587048	1200	4.0	4.498596465337506	487812	9660.546246653266	-18.793964800951276
136557.89911830466	750	4.0	2.3788124341832226	361565	6378.812434183223	-9.928893466987857
136560.5501079023	300	5.349010402393514	0.0	144254	2650.9895976064863	-0.15000000000000002
136564.26824984254	300	5.630868462117238	0.0	149991	3718.1419402762754	0.3
136569.2394533973	300	4.659664907362324	0.0	147968	4971.203554754914	0.3
136576.58584422115	300	4.0	2.686725916473553	161857	7346.390823835877	-11.252921440836277
136582.3954055707	300	4.0	1.809561349568503	145210	5809.561349568503	-7.481113803144563
136588.53405435162	300	4.0	2.138648780897931	172312	6138.648780897931	-8.896189757861103
136592.38295745372	300	4.1510968979101195	0.0	167025	3848.9031020898806	0.3
136595.8083015098	300	4.7257528418331685	0.0	160064	3425.3440560769513	0.3
136599.44112037343	300	5.092933978204399	0.0	137507	3632.818863628769	0.3
136601.64305265338	300	6.891001698255426	0.0	118421	2201.9322799489732	0.3
136607.40731432466	750	5.126740026948444	0.0	450283	5764.261671306982	0.75
136609.30903295043	300	7.225021401191959	0.0	155580	1901.7186257564854	-0.15000000000000002
136610.85733934384	300	9.676715007783063	0.0	139857	1548.3063934088962	0.3
136612.24310190728	300	12.290952444335897	0.0	155432	1385.7625634471653	0.3
136617.36364403303	750	11.17041031856685	0.0	411561	5120.542125769047	0.3
136621.0947296209	750	11.439324730703923	0.0	318564	3731.0855878629254	0.75
136627.33486965034	750	9.199184701268685	0.0	352642	6240.14002943524	0.75
136637.73919101525	750	4.0	1.205136663638692	437162	10404.321364907377	-4.432087653646375
136640.64214085203	300	5.097050163209588	0.0	150710	2902.9498367904116	-0.15000000000000002
136643.76205094857	300	5.9771400666894134	0.0	139105	3119.9100965201756	0.3
136646.4989532452	300	7.240237770066067	0.0	141840	2736.9022966233465	0.3
136648.860832474	300	8.878358541278033	0.0	156148	2361.8792287880356	0.3
136651.43134774404	300	10.307843271238356	0.0	160746	2570.515270039676	0.3
136654.64696315717	300	11.092227858112611	0.0	179801	3215.615413125744	0.3
136656.74056224592	300	12.998628769394527	0.0	140051	2093.5990887180847	0.3
136658.59471721618	300	15.14447379909796	0.0	138313	1854.1549702965656	0.3
136663.30905057848	750	14.43014043681459	0.0	360831	4714.333362283371	0.3
136669.55802563456	750	12.181165380718976	0.0	372963	6248.9750560956145	0.75
136675.72517599745	750	10.014015017831793	0.0	405596	6167.150362887183	0.75
136680.31812860392	750	9.421062411370665	0.0	350713	4592.952606461127	0.75
136683.41409578954	750	10.325095225715764	0.0	386472	3095.9671856549016	0.75
136687.63432931184	750	10.104861703422168	0.0	399894	4220.233522293596	0.75
136691.39371823834	750	10.345472776931594	0.0	401853	3759.3889264905747	0.75
136695.61999150197	750	10.119199513297009	0.0	343800	4226.273263634586	0.75
136699.5936552603	750	10.14553575495284	0.0	359903	3973.6637583441684	0.75
136704.12431431573	750	9.614876699514705	0.0	379700	4530.6590554381355	0.75
136707.433983806	750	10.305207209258741	0.0	425781	3309.669490255965	0.75
136709.206125011	750	12.533066004260299	0.0	277716	1772.1412049984413	0.75
136715.40841869652	750	10.330772318745579	0.0	400396	6202.29368551472	0.75
136722.25633677468	750	7.48285424059964	0.0	400508	6847.918078145939	0.75
136725.67308734002	750	8.06610367524633	0.0	358218	3416.7505653533103	0.75
136731.53581322453	750	6.203377790746029	0.0	400322	5862.725884500301	0.75
136737.10064677507	750	4.638544240194903	0.0	369834	5564.833550551126	0.75
136739.62663464167	300	6.1125563735855755	0.0	163444	2525.9878666093273	-0.15000000000000002
136742.83747126185	300	6.9017197533994405	0.0	179328	3210.836620186136	0.3
136744.6395677369	300	9.099623278354946	0.0	159914	1802.0964750444946	0.3
136746.68945238346	300	11.049738631788903	0.0	131610	2049.8846465660417	0.3
136750.65068211805	300	11.088508897187872	0.0	124011	3961.229734601032	0.3
136754.34426321072	300	11.394927804543316	0.0	144254	3693.581092644555	0.3
136759.12249315303	300	10.616697862220702	0.0	149991	4778.229942322614	0.3
136763.562509405	300	10.176681610259967	0.0	147968	4440.016251960735	0.3
136766.86828528665	300	10.870905728614062	0.0	161857	3305.775881645906	0.3
136768.86465844972	300	12.874532565554368	0.0	145210	1996.3731630596947	0.3
136771.00049397725	300	14.738697038001565	0.0	172312	2135.8355275528033	0.3
136772.91949519847	300	16.81969581678123	0.0	167025	1919.0012212203342	0.3
136777.36206975856	750	16.377121256681786	0.0	393804	4442.574560099443	0.3
136783.21967829077	1850	14.519512724472763	0.0	830730	5857.608532209023	0.75
136796.02515751822	2850	5.7140334970496385	0.0	1364537	12805.479227423124	1.85
136799.85910236745	750	5.880088647798107	0.0	450283	3833.944849251531	0.75
136803.9958222466	750	5.743368768669759	0.0	398865	4136.719879128348	0.75
136808.82926492117	750	4.909926094100946	0.0	350812	4833.442674568813	0.75
136814.6366197694	750	4.0	0.897428754123378	382355	5807.354848224324	-3.1089436427305253
136822.67938265105	750	4.0	4.042762881674627	411561	8042.762881674627	-16.633880391200897
136823.71367315864	300	6.965709492415508	0.0	126289	1034.2905075844915	-0.15000000000000002
136825.04275762168	300	9.636625029392079	0.0	153295	1329.0844630234292	0.3
136828.4558345961	750	10.223548054970145	0.0	437162	3413.076974421934	0.3
136833.27393669396	750	9.40544595710517	0.0	374758	4818.102097864975	0.75
136839.57075676287	750	7.10862588819727	0.0	362795	6296.820068907899	0.75
136849.68564185087	750	4.0	3.0062591997968764	353220	10114.885087994147	-12.176914559126567
136851.414749691	300	6.270892159837565	0.0	156148	1729.1078401624343	-0.15000000000000002
136853.404956634	300	8.280685216842851	0.0	160746	1990.2069429947148	0.3
136856.73027666117	300	8.955365189713289	0.0	179801	3325.320027129561	0.3
136858.58562928202	300	11.100012568834973	0.0	140051	1855.3526208783169	0.3
136860.0060272741	300	13.67961457675887	0.0	138313	1420.3979920761021	0.3
136863.3591875454	750	14.326454305470232	0.0	360831	3353.1602712886397	0.3
136866.70721306372	750	14.97842878713136	0.0	372963	3348.0255183388713	0.75
136871.4965522058	750	14.18908964505951	0.0	405596	4789.33914207185	0.75
136875.0065036785	750	14.679138172360293	0.0	350713	3509.9514726992156	0.75
136879.45790575663	1200	14.227736094245346	0.0	601738	4451.4020781149475	0.75
136882.46942447458	1200	15.21621737630088	0.0	616206	3011.5187179444633	1.2
136887.6356076802	1200	14.050034170668399	0.0	656471	5166.183205632482	1.2
136894.16653505602	1200	11.519106794836175	0.0	536667	6530.927375832225	1.2
136901.11377526028	1200	8.57186659058452	0.0	587236	6947.240204251654	1.2
136913.1265592549	1200	4.0	3.440917404026253	590335	12012.783994610772	-13.595944837312889
136916.69227311356	750	4.434286141346367	0.0	425781	3565.713858653633	0.3
136917.42614311216	300	7.700416142747479	0.0	111155	733.8699985988882	-0.15000000000000002
136920.20841930772	750	8.91813994719422	0.0	400396	2782.276195553259	0.3
136922.41983009034	750	10.706729164558162	0.0	400508	2211.4107826360573	0.75
136924.22478372426	750	12.901775530641661	0.0	358218	1804.9536339165018	0.75
136926.67621146457	1200	14.450347790330214	0.0	620283	2451.427740311446	0.75
136928.9408016736	1200	16.18575758129909	0.0	584349	2264.590209031123	1.2
136931.45173567685	1200	17.67482357802237	0.0	670129	2510.9340032767213	1.2
136935.1928345839	2850	17.933724670954902	0.0	1492672	3741.098907067467	1.2000000000000002
136939.55225068697	2850	17.57430856788936	0.0	1439896	4359.416103065541	2.85
136942.13606133903	2850	18.990497915839022	0.0	1139291	2583.810652050338	2.85
136950.89755820855	4300	14.229001046301239	0.0	2147467	8761.496869537785	2.8499999999999996
136959.54503801992	4300	9.5815212349236	0.0	2133870	8647.47981137764	4.3
136968.53974275183	4300	4.586816503006647	0.0	2146120	8994.704731916952	4.3
136972.3904434285	1850	4.73611582632054	0.0	858450	3850.700676686107	-0.6000000000000001
136977.4806092438	1850	4.0	0.35404998894025175	1025005	5090.1658152607915	0.32758504755691753
136980.70164764358	1200	4.778961600187449	0.0	599477	3221.038399812551	0.5499999999999999
136984.18432011237	1200	5.296289131414918	0.0	634861	3482.6724687725305	1.2
136988.48453593088	1850	4.996073312926036	0.0	958994	4300.215818488882	1.2000000000000002
136993.57097759534	1850	4.0	0.09036835151725427	982064	5086.44166444329	1.4614160884758067
136998.1688647354	1850	4.0	0.5978871400673624	830730	4597.887140067362	-0.7209147022896585
137002.18644452005	1850	4.0	0.01757978466740451	846370	4017.5797846674045	1.7744069259301607
137004.23725576873	750	5.949188751321517	0.0	450283	2050.8112486784826	0.75
137007.29998067653	1200	6.8864638435373875	0.0	611087	3062.7249077841293	0.75
137010.6003936278	1200	7.586050892280909	0.0	571051	3300.4129512564787	1.2
137015.02314522627	1850	7.163299293808318	0.0	933276	4422.751598472591	1.2000000000000002
137018.40789474954	1850	7.778549770515968	0.0	996749	3384.7495232923493	1.85
137023.13294113506	1850	7.053503385028302	0.0	801058	4725.046385487667	1.85
137027.96986308123	1850	6.216581438836902	0.0	905515	4836.9219461914	1.85
137033.90440758714	1850	4.282036932933935	0.0	1060487	5934.544505902966	1.85
137037.93156745675	1200	4.254877063336493	0.0	584846	4027.159869597442	0.5499999999999999
137042.18629956956	1200	4.000144950526967	0.0	560821	4254.7321128095255	1.2
137045.95859697254	1200	4.227847547519694	0.0	607410	3772.2974030072733	1.2
137049.1760763143	1200	5.010368205778492	0.0	594078	3217.4793417412025	1.2
137053.11247979468	1200	5.073964725407216	0.0	624282	3936.4034803712757	1.2
137056.8958719534	1200	5.29057256667648	0.0	687371	3783.392158730736	1.2
137059.80914647452	1200	6.377298045574969	0.0	526950	2913.2745211015113	1.2
137062.92293307287	1200	7.263511447229736	0.0	587876	3113.786598345233	1.2
137065.69177451255	1200	8.494670007546036	0.0	617242	2768.8414396837	1.2
137067.81198997627	1200	10.374454543833847	0.0	581493	2120.215463712188	1.2
137070.10191622737	1200	12.084528292707594	0.0	639204	2289.9262511262546	1.2
137073.80891149034	1850	12.377533029732005	0.0	923755	3706.9952629755876	1.2000000000000002
137077.26295014733	1850	12.923494372765617	0.0	891604	3454.0386569663874	1.85
137083.8789817624	2850	10.307462757725473	0.0	1468126	6616.031615040145	1.85
137091.2366566852	2850	6.94978783489358	0.0	1505760	7357.674922831892	2.85
137096.72795393283	2850	5.45849058726049	0.0	1323990	5491.29724763309	2.85
137100.46613484487	1850	5.7203096752152485	0.0	897976	3738.1809120452413	0.8500000000000001
137104.0184570547	1850	6.167987465379303	0.0	905935	3552.3222098359456	1.85
137108.94557361543	1850	5.240870904642792	0.0	1076599	4927.116560736511	1.85
137112.030394908	1850	6.156049612068169	0.0	758197	3084.821292574623	1.85
137116.0946195592	1850	6.091824960894805	0.0	972798	4064.224651173364	1.85
137121.82151294872	1850	4.364931571365295	0.0	975811	5726.89338952951	1.85
137124.74416127498	1850	5.442283245130625	0.0	873429	2922.64832623467	1.85
137129.7334705555	1850	4.4529739645740065	0.0	954453	4989.309280556618	1.85
137133.094544906	1200	5.0918996140942285	0.0	584349	3361.0743504797783	0.5499999999999999
137136.7970167373	1200	5.389427782786508	0.0	670129	3702.4718313077205	1.2
137140.65343159807	1200	5.533012922026976	0.0	690253	3856.4148607595325	1.2
137143.23509920874	1200	6.951345311358282	0.0	598727	2581.667610668693	1.2
137145.46584359268	1200	8.720600927418538	0.0	487812	2230.744383939743	1.2
137150.38632746908	1850	7.800117051019643	0.0	938587	4920.4838763988955	1.2000000000000002
137153.96281947946	1850	8.223625040622304	0.0	908665	3576.4920103973386	1.85
137157.55055276517	1850	8.635891754915741	0.0	930577	3587.7332857065626	1.85
137161.8693130534	1850	8.31713146666653	0.0	858450	4318.760288249212	1.85
137167.9624335664	1850	6.224010953668289	0.0	1025005	6093.12051299824	1.85
137174.79505052045	1850	4.0	0.6086060003835883	886255	6832.616954051878	-0.7670058016494292
137179.78396165554	1200	4.0	0.9889111351059492	634861	4988.911135105949	-3.702317880955581
137189.18203529067	1200	4.0	5.398073635106404	630203	9398.073635106404	-22.011716630957537
137198.2198233748	750	4.0	5.037788084115919	393804	9037.788084115919	-21.362488761698447
137201.21083210746	750	5.008991267327239	0.0	331053	2991.008732672761	0.75
137206.97524665733	1200	4.0	0.7554232825194221	550906	5764.414549846661	-2.4983201148335157
137210.9970603416	750	4.0	0.021813684272285173	450283	4021.813684272285	0.6562011576291737
137212.40744523588	300	6.589615105733177	0.0	155580	1410.3848942668224	-0.15000000000000002
137213.57251986887	300	9.42454047272607	0.0	139857	1165.0746330071072	0.3
137218.26766697745	750	8.72939336414573	0.0	382355	4695.1471085803405	0.3
137223.01511408752	750	7.981946254082384	0.0	411561	4747.4471100633455	0.75
137224.80726097818	750	10.18979936340218	0.0	318564	1792.1468906802031	0.75
137226.4919102464	750	12.505150095184039	0.0	352642	1684.6492682181413	0.75
137229.30062252402	1200	13.696437817558886	0.0	709534	2808.7122776251517	0.75
137231.2571696464	1200	15.73989069518799	0.0	584846	1956.5471223708971	1.2
137232.96590971804	1200	18.03115062352095	0.0	560821	1708.74007166704	1.2
137235.6927365807	1850	19.304323760849552	0.0	939819	2726.826862671399	1.2000000000000002
137238.36097076646	1850	20.636089575086075	0.0	917428	2668.2341857634747	1.85
137243.27799733204	4300	19.71906300950805	0.0	2209463	4917.026565578023	1.8499999999999996
137248.3527453177	4300	18.64431502384821	0.0	2275376	5074.747985659839	4.3
137252.64017896238	4300	18.356881379154277	0.0	2005399	4287.433644693935	4.3
137257.97605338565	4300	17.02100695589067	0.0	2152483	5335.874423263607	4.3
137262.81784786045	4300	16.179212481074114	0.0	2289689	4841.794474816555	4.3
137267.6620163366	4300	15.335044004925342	0.0	2059512	4844.168476148775	4.3
137272.50561077328	4300	14.491449568211392	0.0	2220726	4843.59443671395	4.3
137277.5488417582	4300	13.44821858330642	0.0	2156729	5043.230984904971	4.3
137283.06435210918	4300	11.932708232300353	0.0	2039773	5515.510351006069	4.3
137290.74985562396	4300	8.24720471752583	0.0	2176469	7685.503514774521	4.3
137296.71408195596	4300	6.2829783855197086	0.0	2221506	5964.226332006122	4.3
137301.78458525953	4300	5.212475081970818	0.0	2044075	5070.5033035488905	4.3
137305.36225054448	2850	5.634809796998385	0.0	1383735	3577.6652849724323	1.4000000000000001
137309.87680477518	2850	5.120255566320123	0.0	1480464	4514.554230678263	2.85
137313.62984966466	2850	5.367210676829417	0.0	1547572	3753.044889490706	2.85
137317.11643689754	2850	5.880623443938677	0.0	1141971	3486.58723289074	2.85
137323.15206928746	2850	4.0	0.15500894596120723	1498470	6035.632389899884	2.1834615323668087
137333.27766878263	1850	4.0	6.125599495161792	975811	10125.599495161792	-25.4900778291957
137337.74759743275	1200	4.0	0.46992865014095697	570392	4469.928650140957	-1.4706931956061151
137341.55252830457	1200	4.195069128175193	0.0	620283	3804.930871824807	1.2
137343.19841165116	750	6.549185781587137	0.0	369834	1645.8833465880557	0.3
137345.16966584156	750	8.577931591207312	0.0	412837	1971.2541903798244	0.75
137347.05801687698	750	10.689580555763643	0.0	401088	1888.3510354436692	0.75
137350.15587199765	1850	11.59172543510217	0.0	943942	3097.8551206614743	0.75
137352.2192171006	1850	13.528380332171071	0.0	728962	2063.3451029310977	1.85
137357.30502963232	2850	12.442567800446305	0.0	1499009	5085.812531724766	1.85
137362.39601210132	2850	11.351585331468302	0.0	1427478	5090.9824689780025	2.85
137367.43843220244	2850	10.309165230356651	0.0	1402287	5042.420101111648	2.85
137373.87397818605	2850	7.87361924675583	0.0	1339500	6435.545983600822	2.85
137380.13051752964	2850	5.6170799031707395	0.0	1527299	6256.53934358509	2.85
137384.26787584915	1850	5.479721583662816	0.0	886255	4137.358319507923	0.8500000000000001
137392.08764229558	1850	4.0	2.3400448627435897	973972	7819.766446406406	-8.212192909797436
137400.66751311798	1200	4.0	4.579870822390999	630203	8579.870822391	-19.143444536281297
137412.94743397692	1200	4.0	8.279920858940633	638661	12279.920858940633	-34.403659693444716

