8382.084052741557	750	4.0	2.8173561793236095	450283	2817.3561793236095	-11.36463157109152
8384.779333003738	750	5.304719737818841	0.0	398865	2695.2802621811584	0.75
8388.768016700376	750	5.31603604118024	0.0	350812	3988.683696638601	0.75
8391.128157943	750	6.955894798556252	0.0	382355	2360.141242623989	0.75
8394.238806701844	750	7.845246039710482	0.0	411561	3110.6487588457694	0.75
8397.061169408027	750	9.022883333527083	0.0	318564	2822.3627061834	0.75
8400.463942878865	750	9.62010986268902	0.0	352642	3402.773470838064	0.75
8404.753568372842	750	9.330484368712433	0.0	437162	4289.625493976585	0.75
8407.558356522626	750	10.525696218929323	0.0	374758	2804.7881497831113	0.75
8409.920121944073	750	12.163930797481244	0.0	362795	2361.765421448078	0.75
8412.206119949728	750	13.877932791826321	0.0	353220	2285.998005654923	0.75
8415.54737805011	750	14.536674691443821	0.0	405134	3341.2581003824994	0.75
8418.168394738186	750	15.915658003368016	0.0	386351	2621.0166880758047	0.75
8422.941361085073	1200	15.14269165648082	0.0	687371	4772.966346887198	0.75
8426.994141378304	1200	15.089911363250296	0.0	526950	4052.7802932305235	1.2
8431.148027777841	1200	14.936024963712148	0.0	587876	4153.886399538147	1.2
8434.829084564253	1200	15.25496817729933	0.0	617242	3681.056786412819	1.2
8438.14197876247	1200	15.942073979082432	0.0	581493	3312.894198216898	1.2
8441.831153561536	1200	16.252899180015795	0.0	639204	3689.1747990666368	1.2
8445.164768878338	1200	16.919283863215018	0.0	586839	3333.615316800778	1.2
8448.041593357888	1200	18.04245938366412	0.0	601738	2876.8244795508963	1.2
8451.354671370207	1200	18.729381371344054	0.0	616206	3313.078012320067	1.2
8455.19873304102	1200	18.885319700529806	0.0	656471	3844.0616708142493	1.2
8460.025974585074	1200	18.058078156474103	0.0	536667	4827.241544055701	1.2
8464.386439692935	1200	17.697613048614702	0.0	587236	4360.465107859405	1.2
8472.219972061386	1200	13.864080680163463	0.0	590335	7833.532368451239	1.2
8481.861196367066	1200	8.22285637448344	0.0	696376	9641.224305680023	1.2
8486.682635115712	750	7.4014176258371895	0.0	277716	4821.438748646249	0.3
8490.370992869419	750	7.713059872132601	0.0	400396	3688.3577537045885	0.75
8495.395891609265	750	6.688161132286668	0.0	400508	5024.898739845934	0.75
8496.73172066307	300	9.35233207848049	0.0	157421	1335.8290538061767	-0.15000000000000002
8498.065539651643	300	12.018513089908534	0.0	157488	1333.8189885719569	0.3
8499.708498465468	300	14.375554276083035	0.0	143881	1642.958813825501	0.3
8501.344947986881	300	16.739104754669345	0.0	163444	1636.4495214136912	0.3
8505.717832788876	750	16.36621995267532	0.0	401088	4372.884801994028	0.3
8510.756822909205	1200	15.327229832347072	0.0	598727	5038.990120328245	0.75
8517.472175355211	1200	12.61187738634013	0.0	487812	6715.352446006942	1.2
8521.1100443178	750	12.974008423750755	0.0	361565	3637.868962589375	0.3
8524.732869763911	750	13.35118297763965	0.0	378327	3622.825446111104	0.75
8533.009696419667	750	9.074356321883236	0.0	390680	8276.826655756413	0.75
8538.677492377738	750	7.406560363812811	0.0	345516	5667.795958070426	0.75
8541.030250222622	300	9.053802518928853	0.0	161857	2352.757844883957	-0.15000000000000002
8543.18256550281	300	10.901487238740451	0.0	145210	2152.315280188403	0.3
8546.78554043276	300	11.298512308788837	0.0	172312	3602.9749299516134	0.3
8549.977210869245	300	12.106841872304196	0.0	167025	3191.670436484641	0.3
8551.728405298829	300	14.355647442719695	0.0	160064	1751.1944295845012	0.3
8557.566750519953	750	12.517302221597623	0.0	331053	5838.345221122072	0.3
8563.282622246716	1200	10.801430494832882	0.0	550906	5715.871726764742	0.75
8567.187601278021	750	10.8964514635266	0.0	450283	3904.9790313062836	0.75
8570.14498826095	750	11.939064480597262	0.0	398865	2957.386982929336	0.75
8572.83345283421	750	13.250599907339398	0.0	350812	2688.4645732578647	0.75
8576.791531859119	750	13.29252088243046	0.0	382355	3958.0790249089378	0.75
8581.557401452266	750	12.526651289284196	0.0	411561	4765.8695931462635	0.75
8584.580277740537	750	13.503775001013512	0.0	318564	3022.8762882706847	0.75
8587.672051030335	750	14.412001711215966	0.0	352642	3091.7732897975457	0.75
8591.820095391431	750	14.263957350119131	0.0	437162	4148.044361096834	0.75
8595.074354203341	750	15.009698538209143	0.0	374758	3254.258811909989	0.75
8597.38981873148	750	16.694234010070303	0.0	362795	2315.464528138838	0.75
8599.639738910813	750	18.444313830738007	0.0	353220	2249.9201793322964	0.75
8602.425517966567	750	19.658534774984165	0.0	405134	2785.7790557538424	0.75
8607.109006834324	1200	18.97504590722719	0.0	624282	4683.488867756973	0.75
8612.032328208436	1200	18.051724533117184	0.0	687371	4923.321374110007	1.2
8615.542905370592	1200	18.54114737096092	0.0	526950	3510.5771621562626	1.2
8619.069291916889	1200	19.01476082466459	0.0	587876	3526.3865462963277	1.2
8623.485197698317	1200	18.598855043236213	0.0	617242	4415.905781428377	1.2
8627.328313665774	1200	18.75573907578083	0.0	581493	3843.1159674553796	1.2
8633.670159731093	1200	16.413893010461337	0.0	639204	6341.846065319496	1.2
8640.061252641552	1200	14.02280010000323	0.0	586839	6391.0929104581055	1.2
8646.697332274014	1200	11.386720467540606	0.0	601738	6636.079632462624	1.2
8649.8546126135	750	12.229440128053096	0.0	399894	3157.2803394875123	0.3
8652.796561747264	750	13.287490994289584	0.0	401853	2941.9491337635095	0.75
8655.635507310415	750	14.448545431138701	0.0	343800	2838.945563150884	0.75
8658.923524533508	750	15.160528208045129	0.0	359903	3288.0172230935723	0.75
8662.095912201226	750	15.988140540326974	0.0	379700	3172.387667718155	0.75
8665.75104825083	750	16.333004490723674	0.0	425781	3655.1360496032994	0.75
8668.22185793446	750	17.862194807094163	0.0	277716	2470.809683629513	0.75
8672.971771438373	750	17.112281303180026	0.0	400396	4749.913503914136	0.75
8676.576150349254	750	17.50790239229992	0.0	400508	3604.3789108801066	0.75
8680.987806257246	1200	17.09624648430731	0.0	570392	4411.655907992608	0.75
8685.51149444523	1200	16.572558296321795	0.0	620283	4523.688187985517	1.2
8689.590417294334	1200	16.49363544721742	0.0	584349	4078.922849104371	1.2
8694.577330270477	1200	15.506722471075365	0.0	670129	4986.912976142056	1.2
8701.389435212053	1200	12.694617529499428	0.0	690253	6812.104941575937	1.2
8711.696694827322	1200	6.387357914230253	0.0	598727	10307.259615269175	1.2
8715.509763518738	750	6.57428922281373	0.0	321064	3813.0686914165226	0.3
8717.828191525701	300	8.255861215849047	0.0	124011	2318.428006964683	-0.15000000000000002
8720.318872725953	300	9.765180015598144	0.0	144254	2490.681200250904	0.3
8724.20753531107	300	9.876517430479971	0.0	149991	3888.6625851181725	0.3
8726.382064696312	300	11.701988045238627	0.0	147968	2174.5293852413424	0.3
8729.270538330404	300	12.813514411146686	0.0	161857	2888.473634091943	0.3
8732.35266797472	300	13.73138476683159	0.0	145210	3082.1296443150954	0.3
8733.993064475555	300	16.09098826599719	0.0	172312	1640.3965008344023	0.3
8735.074994870614	300	19.009057870938747	0.0	167025	1081.930395058442	0.3
8739.297872183095	750	18.786180558457172	0.0	393804	4222.877312481579	0.3
8747.13258485897	1200	14.951467882584009	0.0	538612	7834.71267587316	0.75
8762.766581083446	1850	4.0	0.6825283418943309	846370	15633.99622447834	-1.7348718701456223
8768.388249800662	750	4.0	1.621668717214	450283	5621.668717214	-6.2231754840202
8769.722292920555	300	6.665956880107824	0.0	155580	1334.0431198921756	-0.15000000000000002
8770.891291564589	300	9.496958236073388	0.0	139857	1168.9986440344371	0.3
8772.225450518401	300	12.162799282260831	0.0	155432	1334.1589538125563	0.3
8774.286677463831	300	14.101572336831635	0.0	163442	2061.226945429197	0.3
8777.85164880069	750	14.53660099997356	0.0	318564	3564.9713368580756	0.3
8781.137057619542	750	15.251192181121347	0.0	352642	3285.4088188522137	0.75
8785.118413235425	750	15.269836565238235	0.0	437162	3981.3556158831134	0.75
8790.27620579607	750	14.11204400459132	0.0	374758	5157.792560646913	0.75
8796.39107019772	750	11.997179602942285	0.0	362795	6114.864401649034	0.75
8799.312727374952	750	13.075522425709714	0.0	353220	2921.657177232572	0.75
8802.606624093314	750	13.781625707346448	0.0	405134	3293.896718363266	0.75
8805.779564053753	750	14.608685746907868	0.0	386351	3172.9399604385794	0.75
8810.359854254151	750	14.028395546510842	0.0	434409	4580.290200397027	0.75
8816.339218630692	750	12.049031169969094	0.0	337059	5979.364376541748	0.75
8819.525461468058	750	12.862788332602792	0.0	366214	3186.2428373663015	0.75
8823.523577687849	750	12.864672112812844	0.0	360831	3998.1162197899475	0.75
8826.824990499897	750	13.563259300764223	0.0	372963	3301.4128120486225	0.75
8828.369454342417	750	16.018795458243485	0.0	405596	1544.4638425207386	0.75
8829.83957336872	750	18.548676431942063	0.0	350713	1470.1190263014205	0.75
8832.653486822155	1200	19.73476297850735	0.0	601738	2813.9134534347127	0.75
8834.666357200253	1200	21.721892600408967	0.0	616206	2012.8703780983838	1.2
8836.831242621065	1200	23.557007179595878	0.0	656471	2164.8854208130874	1.2
8839.42886485838	1850	24.95938494227792	0.0	874175	2597.6222373179585	1.2000000000000002
8843.95751731913	2850	24.4307324815287	0.0	1383735	4528.652460749221	1.85
8848.792960932096	2850	23.595288868562484	0.0	1480464	4835.443612966213	2.85
8855.631652505588	2850	20.756597295071575	0.0	1547572	6838.691573490909	2.85
8859.96290487916	2850	20.42534492149842	0.0	1141971	4331.252373573154	2.85
8865.63481688767	2850	18.753432912988313	0.0	1498470	5671.912008510111	2.85
8873.089137570809	2850	15.29911222985043	0.0	1561263	7454.320683137883	2.85
8877.495299079104	1850	14.892950721554858	0.0	873429	4406.1615082955705	0.8500000000000001
8882.928771629411	1850	13.459478171247923	0.0	954453	5433.472550306935	1.85
8892.751417837224	1850	7.6368319634357285	0.0	885062	9822.646207812195	1.85
8898.236160083532	1200	6.1520897171267155	0.0	670129	5484.742246309013	0.5499999999999999
8906.182867701915	1200	4.0	1.7946179012553511	690253	7946.707618382066	-6.516856975398009
8908.962646742033	750	5.220220959880955	0.0	365161	2779.7790401190446	0.3
8910.546077150488	750	7.6367905514258005	0.0	321064	1583.430408455154	0.75
8912.88811837416	750	9.294749327754877	0.0	361565	2342.041223670925	0.75
8914.79472950684	750	11.388138195073214	0.0	378327	1906.6111326816635	0.75
8916.755689154157	750	13.42717854775738	0.0	390680	1960.959647315832	0.75
8919.394153529824	1200	14.788714172092487	0.0	566904	2638.464375664895	0.75
8922.496187555107	1200	15.68668014680826	0.0	641452	3102.0340252842257	1.2
8925.798514065418	1200	16.3843536364958	0.0	599477	3302.326510312463	1.2
8931.099208690759	1850	15.083659011155031	0.0	973972	5300.694625340767	1.2000000000000002
8936.731933492852	1850	13.450934209061014	0.0	958994	5632.724802094019	1.85
8942.829507097924	1850	11.353360603989957	0.0	982064	6097.573605071057	1.85
8952.820602368858	1850	5.362265333056745	0.0	830730	9991.095270933212	1.85
8956.49841648809	1200	5.684451213823551	0.0	550906	3677.8141192331927	0.5499999999999999
8959.17815785794	750	7.004709843974709	0.0	450283	2679.7413698488426	0.75
8961.899916594833	750	8.282951107081393	0.0	398865	2721.7587368933164	0.75
8964.772753471552	750	9.41011423036375	0.0	350812	2872.8368767176426	0.75
8967.32820344685	750	10.854664255064959	0.0	382355	2555.4499752987913	0.75
8970.658246113066	750	11.524621588850026	0.0	411561	3330.042666214934	0.75
8973.165938915932	750	13.01692878598379	0.0	318564	2507.692802866237	0.75
8975.901832944983	750	14.281034756931927	0.0	352642	2735.8940290518613	0.75
8979.836978011677	750	14.34588969023878	0.0	437162	3935.1450666931482	0.75
8983.4614034043	750	14.721464297614329	0.0	374758	3624.425392624449	0.75
8990.85862685	750	11.324240851915313	0.0	362795	7397.223445699017	0.75
8995.055013093004	750	11.127854608910647	0.0	353220	4196.386243004665	0.75
8997.963732294736	750	12.219135407178436	0.0	405134	2908.7192017322104	0.75
9000.662264477463	750	13.520603224452344	0.0	386351	2698.5321827260927	0.75
9005.224634995417	750	12.958232706500036	0.0	434409	4562.370517952309	0.75
9009.873116285971	750	12.30975141594498	0.0	337059	4648.481290555055	0.75
9013.994014238573	750	12.188853463342067	0.0	366214	4120.897952602913	0.75
9017.502905032095	750	12.679962669821697	0.0	360831	3508.890793520372	0.75
9021.465147081391	750	12.717720620525078	0.0	372963	3962.242049296617	0.75
9025.823824935109	750	12.359042766808521	0.0	405596	4358.677853716558	0.75
9032.733391669006	750	9.4494760329119	0.0	350713	6909.566733896621	0.75
9036.745316996847	750	9.437550705070471	0.0	386472	4011.9253278414285	0.75
9039.1029842282	750	11.079883473715473	0.0	399894	2357.667231355	0.75
9041.978444569697	750	12.204423132219484	0.0	401853	2875.4603414959893	0.75
9044.540174135847	750	13.642693566070466	0.0	343800	2561.729566149017	0.75
9047.449305586764	750	14.733562115153067	0.0	359903	2909.1314509173985	0.75
9049.952334216923	750	16.230533484994474	0.0	379700	2503.0286301585925	0.75
9054.161355467822	1200	16.021512234095113	0.0	696376	4209.021250899363	0.75
9057.140389126505	1200	17.04247857541248	0.0	487160	2979.0336586826306	1.2
9061.315528738814	1200	16.867338963103485	0.0	622896	4175.139612308998	1.2
9065.262307865563	1200	16.92055983635554	0.0	641447	3946.779126747942	1.2
9068.58621828081	1200	17.596649421108054	0.0	570392	3323.9104152474874	1.2
9072.55125282937	1200	17.631614872550323	0.0	620283	3965.034548557733	1.2
9076.55693686074	1200	17.62593084117875	0.0	584349	4005.6840313715707	1.2
9080.816979144496	1200	17.365888557421187	0.0	670129	4260.042283757565	1.2
9084.909386948166	1200	17.273480753751134	0.0	690253	4092.407803670051	1.2
9089.406179627837	1200	16.776688074081537	0.0	598727	4496.792679669598	1.2
9093.251158928686	1200	16.931708773229992	0.0	487812	3844.979300851543	1.2
9097.707352294685	1200	16.47551540723219	0.0	575591	4456.193365997804	1.2
9101.923347451635	1200	16.259520250283387	0.0	605884	4215.995156948805	1.2
9105.352740122227	1200	16.830127579691087	0.0	587506	3429.3926705922972	1.2
9109.828568672387	1200	16.354299029531	0.0	566904	4475.828550160091	1.2
9114.339984458304	1200	15.842883243615045	0.0	641452	4511.415785915953	1.2
9118.848345169652	1200	15.33452253226636	0.0	599477	4508.360711348684	1.2
9123.676842989007	1200	14.506024712910842	0.0	634861	4828.49781935552	1.2
9130.655347726342	1200	11.52751997557397	0.0	630203	6978.504737336871	1.2
9138.166987406765	1200	8.015880295153213	0.0	638661	7511.639680420757	1.2
9143.362493788147	1200	6.820373913769625	0.0	538612	5195.506381383588	1.2
9152.488607956273	1200	4.0	2.30574025435718	550906	9126.114168126805	-8.714683093735873
9157.33045380652	750	4.0	0.841845850245727	450283	4841.845850245727	-2.869937156056626
9158.21839558141	300	7.112058225108007	0.0	155580	887.9417748919927	-0.15000000000000002
9159.093214309745	300	10.237239496775524	0.0	139857	874.8187283324833	0.3
9160.04854674202	300	13.281907064499123	0.0	155432	955.3324322764014	0.3
9163.47298419834	750	13.857469608179027	0.0	411561	3424.4374563200945	0.3
9166.850295954808	750	14.480157851710802	0.0	318564	3377.311756468227	0.75
9169.754045166228	750	15.576408640291378	0.0	352642	2903.7492114194233	0.75
9174.170142245717	750	15.160311560801336	0.0	437162	4416.097079490042	0.75
9178.479540578106	750	14.85091322841143	0.0	374758	4309.398332389906	0.75
9180.440267165519	750	16.890186640998216	0.0	362795	1960.726587413212	0.75
9182.151680447118	750	19.17877335939981	0.0	353220	1711.4132815984078	0.75
9184.156234655678	750	21.17421915084062	0.0	405134	2004.5542085591871	0.75
9191.965962167726	1200	17.36449163879428	0.0	624282	7809.727512046344	0.75
9202.871587905953	1200	10.458865900565675	0.0	687371	10905.625738228604	1.2
9209.591607009257	750	7.738846797262778	0.0	337059	6720.019103302898	0.3
9216.529823293733	750	4.8006305127864906	0.0	366214	6938.216284476287	0.75
9217.738102536005	300	7.59235127051431	0.0	143509	1208.2792422721807	-0.15000000000000002
9218.947460847017	300	10.382992959501717	0.0	150616	1209.358311012593	0.3
9220.472905708915	300	12.85754809760384	0.0	165384	1525.4448618978763	0.3
9222.595614743872	300	14.73483906264659	0.0	140881	2122.7090349572495	0.3
9223.852132829747	300	17.478320976771627	0.0	157671	1256.5180858749616	0.3
9227.656996475343	750	17.673457331175324	0.0	399894	3804.863645596306	0.3
9236.939674445734	1200	12.390779360785166	0.0	656471	9282.677970390157	0.75
9242.84317981488	750	10.487273991639519	0.0	343800	5903.505369145646	0.3
9247.101514648575	750	10.228939157942206	0.0	359903	4258.334833697312	0.75
9250.737753853984	750	10.592699952532534	0.0	379700	3636.2392054096717	0.75
9252.805648726342	750	12.524805080174584	0.0	425781	2067.894872357948	0.75
9254.22580732548	750	15.104646481036612	0.0	277716	1420.1585991379734	0.75
9256.488733396669	750	16.841720409847714	0.0	400396	2262.926071188901	0.75
9258.602636307029	750	18.72781749948758	0.0	400508	2113.9029103601342	0.75
9260.250793699162	750	21.079660107355075	0.0	358218	1648.1573921325019	0.75
9269.250724966565	1850	16.07972883995165	0.0	954453	8999.931267403424	0.75
9274.316959321564	1850	15.013494484953311	0.0	885062	5066.234354998338	1.85
9278.698070871056	1850	14.632382935460646	0.0	1035329	4381.111549492666	1.85
9282.39864459164	1850	14.931809214877354	0.0	1026056	3700.573720583293	1.85
9285.942855289482	1850	15.387598517035746	0.0	943942	3544.2106978416073	1.85
9288.879424728873	1850	16.451029077643508	0.0	728962	2936.569439392239	1.85
9292.253229304264	1850	17.07722450225346	0.0	938587	3373.8045753900424	1.85
9294.517913216041	1850	18.81254059047581	0.0	908665	2264.683911777654	1.85
9296.972104170394	1850	20.358349636122135	0.0	930577	2454.1909543536767	1.85
9300.381574804445	1850	20.948879002071873	0.0	858450	3409.4706340502603	1.85
9305.377731883611	2850	19.95272192290683	0.0	1527299	4996.157079165044	1.85
9310.218717753083	2850	19.11173605343505	0.0	1343002	4840.98586947178	2.85
9315.173543773466	2850	18.15691003305056	0.0	1587250	4954.8260203844875	2.85
9320.562212457962	2850	16.768241348555623	0.0	1464921	5388.6686844949345	2.85
9325.508635763239	2850	15.821818043279768	0.0	1483527	4946.423305275858	2.85
9331.976297726453	4300	13.354156080066781	0.0	1961140	6467.661963212986	2.8499999999999996
9338.731831358053	4300	10.598622448466399	0.0	2155012	6755.533631600383	4.3
9339.879994284638	750	13.450459521881887	0.0	450283	1148.1629265845106	0.75
9342.485751145563	1850	14.844702660956322	0.0	957685	2605.7568609255654	0.75
9344.575694234023	1850	16.75475957249641	0.0	877771	2089.9430884599115	1.85
9348.905759153298	2850	16.42469465322073	0.0	1520281	4330.064919275685	1.85
9352.369997963173	2850	16.960455843347013	0.0	1472558	3464.2388098737174	2.85
9355.419407344649	2850	17.911046461872058	0.0	1224260	3049.4093814749554	2.85
9358.848844346607	2850	18.481609459914463	0.0	1388403	3429.4370019575963	2.85
9362.4905846205	2850	18.839869186021772	0.0	1638769	3641.7402738926903	2.85
9365.811227417524	2850	19.51922638899903	0.0	1348011	3320.6427970227414	2.85
9369.138866458443	2850	20.191587348079302	0.0	1429765	3327.639040919731	2.85
9372.817424602696	2850	20.51302920382675	0.0	1354548	3678.5581442525527	2.85
9378.315740775213	2850	19.01471303130949	0.0	1519951	5498.31617251726	2.85
9382.183943480632	2850	19.146510325891335	0.0	1422919	3868.202705418156	2.85
9387.00344004894	2850	18.32701375758222	0.0	1578343	4819.496568309114	2.85
9391.25967559048	2850	18.070778216043713	0.0	1231445	4256.235541538505	2.85
9396.27559445541	2850	17.054859351114356	0.0	1471065	5015.918864929359	2.85
9401.110924131408	2850	16.219529675116423	0.0	1491626	4835.329675997932	2.85
9405.990358911547	2850	15.340094894977236	0.0	1358801	4879.434780139189	2.85
9411.262735391805	2850	14.067718414720403	0.0	1537156	5272.376480256832	2.85
9414.98620937706	2850	14.344244429464455	0.0	1336050	3723.4739852559464	2.85
9418.839563997883	2850	14.49088980864359	0.0	1415116	3853.3546208208654	2.85
9422.34383821596	2850	14.986615590566524	0.0	1468126	3504.274218077067	2.85
9427.291806120478	2850	14.038647686048934	0.0	1505760	4947.96790451759	2.85
9431.325949375265	2850	14.00450443126227	0.0	1323990	4034.1432547866657	2.85
9435.84280011782	2850	13.487653688705704	0.0	1383735	4516.850742556564	2.85
9440.35144599717	2850	12.979007809355677	0.0	1480464	4508.645879350029	2.85
9445.245368899321	2850	12.085084907206506	0.0	1547572	4893.922902149172	2.85
9449.518213891033	2850	11.812239915494072	0.0	1141971	4272.844991712433	2.85
9455.852442030706	2850	9.47801177582213	0.0	1498470	6334.228139671942	2.85
9460.738253529084	1850	8.592200277444125	0.0	975811	4885.811498378008	0.8500000000000001
9464.980235435762	1850	8.350218370764818	0.0	873429	4241.981906679307	1.85
9469.48068069151	1850	7.849773115018222	0.0	954453	4500.445255746596	1.85

