11277.53197460754	750	4.0	2.2204497569923474	450283	2220.4497569923474	-8.797933955067093
11278.382057737248	300	7.14991687029244	0.0	155580	850.0831297075605	-0.15000000000000002
11279.133140589895	300	10.39883401764509	0.0	139857	751.0828526473505	0.3
11279.907010335897	300	13.624964271640994	0.0	155432	773.8697460040954	0.3
11280.985370381042	300	16.546604226496676	0.0	163442	1078.3600451443194	0.3
11281.76433832173	300	19.767636285810585	0.0	126289	778.9679406860862	0.3
11283.035987016046	300	22.4959875914933	0.0	153295	1271.6486943172863	0.3
11285.085470437054	300	24.44650417048616	0.0	173849	2049.48342100714	0.3
11287.812608788665	300	25.71936581887452	0.0	150710	2727.1383516116443	0.3
11289.739072490933	300	27.792902116608268	0.0	139105	1926.4637022662519	0.3
11291.59325166204	300	29.938722945501244	0.0	141840	1854.1791711070248	0.3
11292.309847706189	300	33.222126901352354	0.0	156148	716.5960441488814	0.3
11293.0009488855	300	36.53102572204359	0.0	160746	691.1011793087634	0.3
11293.841216403502	300	39.6907582040412	0.0	179801	840.2675180023875	0.3
11294.581334876904	300	42.95063973063862	0.0	140051	740.1184734025788	0.3
11295.18464600453	300	46.34732860301111	0.0	138313	603.3111276275195	0.3
11296.820245781597	750	48.711728825946274	0.0	360831	1635.5997770648346	0.3
11298.354290661428	750	51.17768394611453	0.0	372963	1534.0448798317427	0.75
11300.323420639203	750	53.20855396834012	0.0	405596	1969.1299777744077	0.75
11305.713895990008	750	51.81807861753304	0.0	350713	5390.475350807078	0.75
11310.479130723148	750	51.05284388439302	0.0	386472	4765.234733140025	0.75
11315.17807133352	750	50.353903274021135	0.0	399894	4698.940610371885	0.75
11318.774185396855	750	50.75778921068752	0.0	401853	3596.114063333614	0.75
11320.8392589828	750	52.692715624742284	0.0	343800	2065.073585945242	0.75
11323.776766771172	750	53.75520783636875	0.0	359903	2937.507788373538	0.75
11328.292323138148	750	53.23965146939492	0.0	379700	4515.556366973828	0.75
11331.426489866946	750	54.105484740595855	0.0	425781	3134.1667287990667	0.75
11333.139607967074	750	56.392366640469554	0.0	277716	1713.1181001263062	0.75
11335.332864211996	750	58.19911039554681	0.0	400396	2193.256244922743	0.75
11337.502264289828	750	59.77558003735322	0.0	400508	1923.530358193587	0.75
11339.460295866274	750	59.857499108949185	0.0	358218	1918.0809284040477	0.75
11341.439759774277	750	59.58724247896917	0.0	400322	1770.2566299800083	0.75
11343.504397409522	750	59.59602730035751	0.0	369834	1991.2151786116624	0.75
11347.154902599928	1200	59.94552210995241	0.0	670129	3650.5051904051084	0.75
11351.258006688844	1200	59.84241802103628	0.0	690253	4103.104088916123	1.2
11354.99378848716	1200	59.912042989856346	0.0	598727	3430.37503117994	1.2
11358.53480351807	1200	59.7337388579695	0.0	487812	3178.304131886849	1.2
11362.286312872731	1200	59.98222950330739	0.0	575591	3251.5093546621065	1.2
11366.412952250326	1200	59.84251994135289	0.0	605884	3139.709561954501	1.2
11373.207894000021	1200	57.047578191656534	0.0	587506	6794.941749696356	1.2
11378.572613220069	750	55.682858971608944	0.0	345516	5364.71922004759	0.3
11384.068478727684	750	54.18699346399475	0.0	384505	5495.865507614185	0.75
11385.937819220519	750	56.317652971160044	0.0	372093	1869.3404928347065	0.75
11388.330947622535	750	57.92452456914362	0.0	438281	2393.1284020164253	0.75
11390.3583055231	750	59.89716666858008	0.0	398987	2027.3579005635463	0.75
11394.345565008602	1200	59.56967847003572	0.0	638661	3327.4881985443585	0.75
11398.165803200187	1850	59.749440278450066	0.0	830730	3820.2381915856504	1.2000000000000002
11403.662700290515	2850	58.252543188122075	0.0	1364537	5496.897090327988	1.85
11405.91050354863	750	59.55709484350087	0.0	450283	2195.4483446212034	0.75
11409.702574728075	1200	59.76502366405469	0.0	611087	3792.071179446184	0.75
11413.918693039974	1200	59.54890535215501	0.0	571051	3716.1183118996805	1.2
11417.646297579457	1200	59.82130081267398	0.0	617681	3727.604539481027	1.2
11421.144564224243	1200	59.95024196243892	0.0	652874	3371.058850235058	1.2
11424.676953134192	1200	59.687151404740746	0.0	520315	3263.0905576981772	1.2
11429.18122297418	1200	59.18288156475232	0.0	561791	4504.2698399884275	1.2
11433.581386709533	1200	58.78271782939901	0.0	709534	4400.163735353311	1.2
11436.788216938212	1200	59.575887600719895	0.0	584846	2706.83022867912	1.2
11440.33244323474	1200	59.8265555305929	0.0	560821	3249.332070126988	1.2
11446.645927471427	1200	57.513071293905845	0.0	607410	6313.484236687056	1.2
11450.626472264697	750	57.53252650063492	0.0	405134	3980.5447932709185	0.3
11453.759794297475	750	58.399204467856556	0.0	386351	3133.322032778363	0.75
11457.700044046014	750	58.458954719317795	0.0	434409	3940.2497485387635	0.75
11460.455051740979	750	59.70394702435201	0.0	337059	2755.007694965783	0.75
11464.090679811836	750	59.918884355243655	0.0	366214	2785.0626691083567	0.75
11467.606135133292	750	59.77043939538956	0.0	360831	2648.4449598540973	0.75
11473.095401444438	750	58.28117308424429	0.0	372963	5489.266311145268	0.75
11475.460064408764	750	59.91651011991659	0.0	405596	2364.6629643276997	0.75
11478.844674982101	750	59.87217465178689	0.0	350713	3044.3354681296973	0.75
11482.59955325703	750	59.570873066924676	0.0	386472	3301.301584862207	0.75
11486.382655323363	750	59.787771000592485	0.0	399894	3783.102066332197	0.75
11490.262153284872	750	59.908273039084776	0.0	401853	3379.497961507703	0.75
11493.15251640126	750	59.59567983984479	0.0	343800	2812.5931992399883	0.75
11497.19088038082	750	59.52738280863862	0.0	359903	3068.2970312061702	0.75
11501.067975132726	750	59.650288056732066	0.0	379700	3377.0947519065526	0.75
11505.060558718666	750	59.65770447079112	0.0	425781	3492.5835859409485	0.75
11507.664021479279	750	59.839845733585676	0.0	277716	2317.858737205447	0.75
11511.066551476224	750	59.96738274681686	0.0	400396	3372.4629867688154	0.75
11514.73322364595	750	59.53908016704214	0.0	400508	3428.3025797747223	0.75
11518.636567278376	750	59.63573653461679	0.0	358218	2903.343632425346	0.75
11524.253963421997	750	58.01834039099614	0.0	400322	5617.396143620652	0.75
11528.209732823925	750	58.06257098906722	0.0	369834	3955.769401928923	0.75
11532.225759445033	750	58.0465443679602	0.0	412837	4016.026621107013	0.75
11535.673496261577	750	58.59880755141405	0.0	401088	3447.736816546155	0.75
11538.434183186077	750	59.838120626916314	0.0	365161	2760.686924497732	0.75
11541.707952349887	750	59.68490061004911	0.0	321064	2653.2200168672084	0.75
11545.381142215125	750	59.594080250900916	0.0	361565	3090.8203591481974	0.75
11548.697180526211	750	59.66524584840334	0.0	378327	2928.8344024975795	0.75
11552.250858714558	750	59.778508708524036	0.0	390680	3386.7371398792975	0.75
11555.326179516964	750	59.51231883155525	0.0	345516	2766.1898769687923	0.75
11559.613057589033	750	59.22544075948615	0.0	384505	4286.8780720690975	0.75
11562.98546477004	750	59.85303357847971	0.0	372093	2872.4071810064356	0.75
11566.953662044922	750	59.884836303596686	0.0	438281	3468.197274883029	0.75
11570.815801084893	750	59.90157351030845	0.0	398987	3483.2627932882297	0.75
11575.6887698613	1200	59.028604733900174	0.0	638661	4872.968776408276	0.75
11582.45741100057	1850	56.25996359463149	0.0	830730	6768.64113926868	1.2000000000000002
11595.491580581038	2850	47.22579401416362	0.0	1364537	13034.169580467878	1.85
11597.567846528662	750	49.14952806653852	0.0	450283	2076.2659476250983	0.75
11599.345189979753	750	51.37218461544866	0.0	398865	1777.3434510898608	0.75
11600.973049211358	750	53.744325383843666	0.0	350812	1627.8592316049949	0.75
11602.681258649918	750	56.036115945283356	0.0	382355	1708.209438560316	0.75
11604.616709594751	750	58.10066500044896	0.0	411561	1935.4509448343856	0.75
11606.999388033859	1200	59.71798656133983	0.0	520315	2382.678439109136	0.75
11610.846296156546	1200	59.83576409782306	0.0	561791	2882.222463516771	1.2
11615.70739461396	1200	58.97466564040781	0.0	709534	4861.098457415247	1.2
11620.37423712434	1200	58.30782313002807	0.0	584846	4666.8425103797435	1.2
11641.070125028898	1200	41.611935225469786	0.0	560821	20695.887904558276	1.2
11649.316965636406	300	37.36509461796176	0.0	141840	8246.840607508027	-0.6000000000000001
11656.94304358569	300	33.739016668678865	0.0	156148	7626.077949282896	0.3
11667.01929116115	300	27.66276909321812	0.0	160746	10076.247575460742	0.3
11673.395598498224	300	25.28646175614518	0.0	179801	6376.307337072943	0.3
11681.343872148002	300	21.338188106367497	0.0	140051	7948.273649777684	0.3
11685.451385402726	300	21.230674851643613	0.0	138313	4107.5132547238845	0.3
11692.014891199442	300	18.667169054927996	0.0	143509	6563.505796715619	0.3
11696.46808249613	300	18.213977758238396	0.0	150616	4453.191296689596	0.3
11703.520308345747	300	15.161751908620685	0.0	165384	7052.225849617714	0.3
11711.359792414523	300	11.322267839846052	0.0	140881	7839.484068774633	0.3
11718.013397323348	300	8.668662931021393	0.0	157671	6653.60490882466	0.3
11724.798795365181	300	5.883264889187862	0.0	157812	6785.39804183353	0.3
11735.337771818544	300	4.0	4.655711564175434	163927	10538.976453363295	-19.719559725954362
11743.49425581936	300	4.0	4.156484000814293	137654	8156.484000814294	-17.57288120350146
11748.491274297183	300	4.0	0.997018477824151	146754	4997.018477824151	-3.987179454643849
11755.483747083446	300	4.0	2.9924727862631224	153938	6992.4727862631225	-12.567632980931425
11763.84658959179	300	4.0	4.36284250834432	181901	8362.84250834432	-18.460222785880575
11770.271907311739	300	4.0	2.4253177199494567	111155	6425.317719949457	-10.128866195782663
11776.325047230463	300	4.0	2.053139918724092	153605	6053.139918724092	-8.528501650513595
11784.111731270441	300	4.0	3.786684039977652	149029	7786.684039977652	-15.982741371903902
11794.350975426598	300	4.0	6.239244156156528	157421	10239.244156156528	-26.528749871473067
11800.595602528327	300	4.0	2.244627101729417	157488	6244.627101729417	-9.351896537436492
11808.118469794743	300	4.0	3.5228672664160623	143881	7522.867266416062	-14.848329245589067
11813.589554896938	300	4.0	1.471085102194852	163444	5471.085102194852	-6.025665939437863

