145961.31932395918	750	4.0	2.5826148246442413	450283	2582.6148246442413	-10.355243745970236
145962.5117981456	300	6.807525813577313	0.0	155580	1192.4741864226876	-0.15000000000000002
145963.6121773622	300	9.707146596961891	0.0	139857	1100.3792166154212	0.3
145964.80359545737	300	12.515728501785361	0.0	155432	1191.4180951765293	0.3
145968.02881409746	750	13.290509861709156	0.0	411561	3225.2186400762057	0.3
145970.06824907463	750	15.251074884544076	0.0	318564	2039.4349771650798	0.75
145972.47217390907	750	16.847150050123087	0.0	352642	2403.9248344209886	0.75
145975.63423228063	750	17.685091678544712	0.0	437162	3162.058371578378	0.75
145978.19957564224	750	19.119748316952236	0.0	374758	2565.3433615924773	0.75
145980.69452938993	750	20.624794569221194	0.0	362795	2494.9537477310423	0.75
145983.52701846758	750	21.792305491603525	0.0	353220	2832.4890776176676	0.75
145987.28787029858	750	22.03145366060275	0.0	405134	3760.8518310007744	0.75
145990.61272840717	750	22.706595551988503	0.0	386351	3324.858108614249	0.75
145994.24070286137	750	23.078621097785035	0.0	434409	3627.974454203468	0.75
145997.34262385254	750	23.97670010659203	0.0	337059	3101.920991193005	0.75
146000.85004416015	750	24.469279798973204	0.0	366214	3507.420307618828	0.75
146004.33703275525	750	24.982291203867568	0.0	360831	3486.9885951056344	0.75
146009.34902143758	750	23.970302521525323	0.0	372963	5011.988682342248	0.75
146012.69924586662	750	24.620078092489255	0.0	405596	3350.2244290360695	0.75
146015.75240800643	750	25.5669159526993	0.0	350713	3053.162139789955	0.75
146019.24404247385	750	26.075281485286613	0.0	386472	3491.6344674126844	0.75
146022.51419352405	750	26.805130435081555	0.0	399894	3270.151050205059	0.75
146027.23468406792	1200	26.084639891204706	0.0	656471	4720.490543876851	0.75
146031.5655263107	1200	25.753797648429096	0.0	536667	4330.8422427756095	1.2
146035.85425321577	1200	25.46507074339277	0.0	587236	4288.726905036329	1.2
146040.0176985511	1200	25.30162540807582	0.0	590335	4163.4453353169465	1.2
146044.65400487086	1200	24.665319088292243	0.0	696376	4636.30631978358	1.2
146048.5858208653	1200	24.733503093852487	0.0	487160	3931.8159944397557	1.2
146053.89577251425	1200	23.42355144491199	0.0	622896	5309.951648940496	1.2
146059.9838463439	1200	21.33547761527548	0.0	641447	6088.073829636514	1.2
146066.4957872202	1200	18.823536738993376	0.0	570392	6511.940876282105	1.2
146070.78452453946	750	18.534799419693037	0.0	400322	4288.737319300339	0.3
146074.95376859742	750	18.365555361745944	0.0	369834	4169.244057947093	0.75
146078.73611785832	750	18.58320610083691	0.0	412837	3782.349260909036	0.75
146082.32915859242	750	18.99016536676074	0.0	401088	3593.0407340761685	0.75
146085.60592043732	750	19.7134035218492	0.0	365161	3276.761844911537	0.75
146088.80720035816	750	20.51212360099635	0.0	321064	3201.279920852851	0.75
146091.79494236785	750	21.52438159130048	0.0	361565	2987.7420096958685	0.75
146095.2655075317	750	22.053816427462156	0.0	378327	3470.5651638383256	0.75
146099.73593388667	750	21.583390072476778	0.0	390680	4470.4263549853795	0.75
146104.4813871406	750	20.83793681855574	0.0	345516	4745.453253921036	0.75
146110.79273926493	750	18.526584694236867	0.0	384505	6311.352124318875	0.75
146114.27789451784	750	19.0414294413396	0.0	372093	3485.1552528972657	0.75
146117.79772114623	750	19.52160281293925	0.0	438281	3519.826628400349	0.75
146121.54078519286	750	19.778538766303626	0.0	398987	3743.0640466356244	0.75
146124.84523272433	750	20.47409123480703	0.0	393804	3304.4475314965966	0.75
146129.11976471037	1200	20.199559248776726	0.0	538612	4274.531986030307	0.75
146143.70151805945	2850	9.617805899696677	0.0	1364537	14581.753349080047	1.2000000000000002
146152.58088965592	750	4.738434303200656	0.0	450283	8879.371596496021	0.75
146153.98487043948	300	7.334453519653748	0.0	155580	1403.980783546908	-0.15000000000000002
146157.31940390277	300	7.999920056363338	0.0	139857	3334.5334632904096	0.3
146159.40442598332	300	9.914897975819901	0.0	155432	2085.0220805434355	0.3
146161.2574710553	300	12.061852903821382	0.0	163442	1853.0450719985195	0.3
146162.95272731813	300	14.366596640969698	0.0	126289	1695.256262851685	0.3
146164.60886032798	300	16.710463631122714	0.0	153295	1656.1330098469846	0.3
146166.6832093411	300	18.636114618005077	0.0	173849	2074.349013117636	0.3
146168.15994552898	300	21.1593784301381	0.0	150710	1476.736187866975	0.3
146169.51082237443	300	23.808501584698018	0.0	139105	1350.8768454400863	0.3
146171.0159635967	300	26.303360362443378	0.0	141840	1505.1412222546373	0.3
146174.42331175524	750	26.896012203898792	0.0	405134	3407.3481585445884	0.3
146178.71697523343	750	26.602348725712936	0.0	386351	4293.663478185857	0.75
146183.23697021295	750	26.082353746206135	0.0	434409	4519.9949795068	0.75
146188.62811756314	750	24.691206395969985	0.0	337059	5391.147350236151	0.75
146196.19439032068	750	21.124933638433077	0.0	366214	7566.272757536907	0.75
146201.1080357702	750	20.211288188938394	0.0	360831	4913.645449494683	0.75
146206.37898943626	750	18.940334522837723	0.0	372963	5270.9536661006705	0.75
146217.6490475766	750	11.670276382542273	0.0	405596	11270.058140295449	0.75
146221.08165347623	300	12.237670482878107	0.0	140881	3432.605899664167	-0.15000000000000002
146226.32218942526	300	10.997134533865946	0.0	157671	5240.535949012161	0.3
146231.01426046225	300	10.30506349687576	0.0	157812	4692.071036990186	0.3
146234.37446594553	300	10.944858013624456	0.0	163927	3360.205483251303	0.3
146236.70067400392	300	12.618649955213977	0.0	137654	2326.2080584104788	0.3
146240.3415927293	300	12.97773122984615	0.0	146754	3640.918725367828	0.3
146243.5182187173	300	13.80110524184034	0.0	153938	3176.62598800581	0.3
146247.83588232484	300	13.483441634315815	0.0	181901	4317.663607524524	0.3
146251.53556600038	300	13.78375795879286	0.0	111155	3699.6836755229565	0.3
146256.03164554443	300	13.287678414724446	0.0	153605	4496.079544068411	0.3
146259.03289196035	300	14.286431998817593	0.0	149029	3001.246415906855	0.3
146261.80109766414	300	15.518226295022506	0.0	157421	2768.205703795085	0.3
146264.81032543117	300	16.508998527994635	0.0	157488	3009.227767027874	0.3
146266.92795007018	300	18.391373888985733	0.0	143881	2117.624639008902	0.3
146269.44543704172	300	19.873886917440196	0.0	163444	2517.4869715455393	0.3
146272.0465202151	300	21.272803744035283	0.0	179328	2601.0831734049143	0.3
146274.7842565705	300	22.535067388655232	0.0	159914	2737.736355380048	0.3
146278.07645706757	300	23.24286689158877	0.0	131610	3292.2004970664625	0.3
146284.92991793246	300	20.389406026710184	0.0	124011	6853.460864878584	0.3
146290.1043708093	300	19.21495314985649	0.0	144254	5174.452876853695	0.3
146293.13628377163	300	20.183040187539913	0.0	149991	3031.912962316581	0.3
146295.39787793698	300	21.92144602217029	0.0	147968	2261.5941653696204	0.3
146297.56751034118	300	23.751813617977756	0.0	161857	2169.632404192533	0.3
146299.480247743	300	25.839076216152435	0.0	145210	1912.7374018253208	0.3
146308.3414361214	300	20.97788783773106	0.0	172312	8861.188378421375	0.3
146315.59994114772	300	17.719382811418026	0.0	167025	7258.505026313036	0.3
146320.81967430582	300	16.49964965331071	0.0	160064	5219.733158107317	0.3
146324.97508379316	300	16.34424016595977	0.0	137507	4155.409487350937	0.3
146328.66697908353	300	16.652344875593453	0.0	118421	3691.8952903663235	0.3
146340.51555159607	750	8.803772363046647	0.0	450283	11848.572512546803	0.75
146346.63510137307	300	6.684222586045227	0.0	155580	6119.549777001422	-0.15000000000000002
146349.6889876155	300	7.630336343621766	0.0	139857	3053.8862424234603	0.3
146351.3018984258	300	10.01742553333373	0.0	155432	1612.9108102880364	0.3
146352.8262982957	300	12.49302566342862	0.0	163442	1524.3998699051108	0.3
146354.04288029933	300	15.276443659790617	0.0	126289	1216.5820036380028	0.3
146355.55530451072	300	17.764019448393217	0.0	153295	1512.4242113974005	0.3
146357.1743202346	300	20.145003724515572	0.0	173849	1619.0157238776449	0.3
146358.55443949832	300	22.764884460807128	0.0	150710	1380.1192637084446	0.3
146361.68186959217	750	23.637454366962846	0.0	362795	3127.4300938442775	0.3
146364.70515862553	750	24.614165333595654	0.0	353220	3023.2890333671944	0.75
146368.2300186676	750	25.089305291542313	0.0	405134	3524.86004205334	0.75
146373.3847828817	1200	23.934541077424324	0.0	624282	5154.764214117989	0.75
146379.74067221777	1200	21.57865174136194	0.0	687371	6355.889336062385	1.2
146383.3399056734	1200	21.97941828571061	0.0	526950	3599.2334556513306	1.2
146387.66629662845	1200	21.653027330677343	0.0	587876	4326.390955033268	1.2
146391.8735848905	1200	21.4457390685949	0.0	617242	4207.288262082444	1.2
146396.50515332917	1200	20.814170629933486	0.0	581493	4631.568438661412	1.2
146402.2681577417	1200	19.051166217395835	0.0	639204	5763.004412537651	1.2
146409.11691198428	1200	16.202411974789015	0.0	586839	6848.75424260682	1.2
146411.6191347331	750	17.700189225986506	0.0	386472	2502.2227488025087	0.3
146414.53551210638	750	18.78381185272061	0.0	399894	2916.377373265896	0.75
146417.17010399446	750	20.149219964658954	0.0	401853	2634.591888061656	0.75
146419.5807563491	750	21.738567610006797	0.0	343800	2410.6523546521566	0.75
146422.07528442406	750	23.24403953505274	0.0	359903	2494.528074954059	0.75
146424.76445073765	750	24.554873221449522	0.0	379700	2689.1663136032184	0.75
146428.54582922542	750	24.773494733690768	0.0	425781	3781.3784877587536	0.75
146430.85948018893	750	26.459843770169112	0.0	277716	2313.6509635216576	0.75
146433.6864697992	750	27.632854159911545	0.0	400396	2826.9896102575667	0.75
146438.60529878715	1200	26.714025171954393	0.0	641447	4918.828987957152	0.75
146443.03652620935	1200	26.28279774975409	0.0	570392	4431.227422200304	1.2
146448.52441673412	1200	24.794907224993853	0.0	620283	5487.890524760235	1.2
146456.36306054573	1200	20.956263413385578	0.0	584349	7838.643811608275	1.2
146460.31700057577	750	21.00232338334592	0.0	412837	3953.94003003966	0.3
146463.6437966555	750	21.67552730361915	0.0	401088	3326.796079726774	0.75
146467.08162279462	750	22.237701164510653	0.0	365161	3437.826139108494	0.75
146470.35356859482	750	22.965755364333035	0.0	321064	3271.9458001776175	0.75
146473.98864144686	750	23.330682512279477	0.0	361565	3635.072852053559	0.75
146477.25745344444	750	24.061870514677906	0.0	378327	3268.8119976015705	0.75
146480.9693885062	750	24.349935452932034	0.0	390680	3711.9350617458717	0.75
146483.80442121433	750	25.514902744779867	0.0	345516	2835.032708152164	0.75
146487.2775483842	750	26.04177557491688	0.0	384505	3473.1271698629894	0.75
146495.91430438537	1200	21.405019573757812	0.0	599477	8636.756001159069	0.75
146502.45721237268	750	18.862111586428256	0.0	438281	6542.907987329557	0.3
146506.620006672	750	18.69931728712926	0.0	398987	4162.794299298994	0.75
146510.75941701687	750	18.55990694224915	0.0	393804	4139.410344880115	0.75
146516.51822977385	1200	16.801094185273044	0.0	538612	5758.812756976105	0.75
146536.38013728108	1850	4.0	3.0608133219529883	846370	19861.90750722603	-11.961497284397849
146542.63047749447	750	4.0	2.2503402133998436	450283	6250.340213399843	-8.926462917619327
146543.83976491573	300	6.790712578745717	0.0	155580	1209.2874212542831	-0.15000000000000002
146544.7006230702	300	9.92985442425733	0.0	139857	860.8581544883872	0.3
146545.71911531824	300	12.911362176233915	0.0	155432	1018.4922480234147	0.3
146547.24035587578	300	15.390121618695536	0.0	163442	1521.2405575383777	0.3
146549.5452548163	300	17.08522267820639	0.0	126289	2304.8989404891486	0.3
146550.70590366801	300	19.924573826493354	0.0	153295	1160.648851713036	0.3
146553.6524548821	750	20.97802261240814	0.0	437162	2946.551214085216	0.3
146556.0760327772	750	22.554444717346243	0.0	374758	2423.5778950618956	0.75
146558.17818783733	750	24.452289657198694	0.0	362795	2102.1550601475506	0.75
146560.1128309978	750	26.517646496745062	0.0	353220	1934.6431604536294	0.75
146563.7173729298	1200	26.913104564758132	0.0	594078	3604.54193198693	0.75
146568.31612541305	1200	26.31435208146835	0.0	624282	4598.7524832897825	1.2
146573.86596553278	1200	24.764511961754856	0.0	687371	5549.840119713495	1.2
146578.2051350691	1200	24.425342425424724	0.0	526950	4339.169536330132	1.2
146583.3384779972	1200	23.291999497349135	0.0	587876	5133.34292807559	1.2
146587.4384855363	1200	23.19199195824818	0.0	617242	4100.007539100954	1.2
146593.08484081976	1200	21.545636674754125	0.0	581493	5646.355283494055	1.2
146597.77198605874	1200	20.85849143579631	0.0	639204	4687.145238957814	1.2
146602.31567783156	1200	20.314799662976476	0.0	586839	4543.691772819836	1.2
146606.80477101725	1200	19.825706477289987	0.0	601738	4489.093185686489	1.2
146610.94418070998	1200	19.68629678455656	0.0	616206	4139.409692733425	1.2
146616.00350484037	1200	18.626972654173443	0.0	656471	5059.324130383119	1.2
146620.806805922	1200	17.823671572538608	0.0	536667	4803.301081634833	1.2
146625.26255785328	1200	17.36791964125869	0.0	587236	4455.75193127992	1.2
146630.28677408985	1200	16.34370340470394	0.0	590335	5024.21623655475	1.2
146636.70467799105	1200	13.925799503517549	0.0	696376	6417.9039011863915	1.2
146647.0112734197	1200	7.6192040748706	0.0	487160	10306.595428646948	1.2
146648.72016006615	300	9.910317428403177	0.0	153605	1708.8866464674227	-0.6000000000000001
146651.0269293492	300	11.60354814534961	0.0	149029	2306.7692830535666	0.3
146653.43473519923	300	13.195742295311039	0.0	157421	2407.8058500385723	0.3
146655.4469463835	300	15.183531111039379	0.0	157488	2012.211184271659	0.3
146657.07489000296	300	17.55558749157517	0.0	143881	1627.943619464211	0.3
146658.52280423252	300	20.107673262018967	0.0	163444	1447.9142295562046	0.3
146665.2101120397	750	17.420365454833618	0.0	401088	6687.307807185344	0.3
146675.67440648907	750	10.956071005439545	0.0	365161	10464.294449394074	0.75
146677.67799913065	300	12.952478363854825	0.0	131610	2003.5926415847212	-0.15000000000000002
146679.86962308636	300	14.760854408144722	0.0	124011	2191.623955710104	0.3
146681.0731565167	300	17.55732097779618	0.0	144254	1203.5334303485388	0.3
146682.26746824116	300	20.36300925333679	0.0	149991	1194.3117244593923	0.3
146683.45479959645	300	23.175677898035733	0.0	147968	1187.3313553010541	0.3
146684.75178228985	300	25.878695204623146	0.0	161857	1296.9826934125877	0.3
146686.08662381046	300	28.543853684001746	0.0	145210	1334.8415206213974	0.3
146689.0959312457	750	29.534546248749685	0.0	438281	3009.3074352520653	0.3
146693.42688723098	750	29.20359026349236	0.0	398987	4330.955985257326	0.75
146710.75431840483	1200	15.876159089622398	0.0	638661	17327.43117386996	0.75
146723.224388596	750	7.406088898443777	0.0	331053	12470.07019117862	0.3
146727.47380537924	300	7.156672115205482	0.0	118421	4249.4167832382955	-0.15000000000000002
146735.83672912713	750	4.0	1.2062516326806363	450283	8362.923747886118	-4.436882020526736
146738.29539780348	300	5.541331323644311	0.0	155580	2458.668676355689	-0.15000000000000002
146740.63275030832	300	7.203978818811272	0.0	139857	2337.352504833039	0.3
146742.51399654496	300	9.322732582164305	0.0	155432	1881.2462366469679	0.3
146744.21330365643	300	11.623425470705168	0.0	163442	1699.3071114591362	0.3
146746.56727254385	300	13.269456583278258	0.0	126289	2353.9688874269104	0.3
146751.14700757008	300	12.689721557026958	0.0	153295	4579.735026251299	0.3
146752.94247740344	300	14.894251723674653	0.0	173849	1795.4698333523047	0.3
146754.3680799234	300	17.468649203698785	0.0	150710	1425.6025199758717	0.3
146755.5302975526	300	20.3064315745182	0.0	139105	1162.2176291805838	0.3
146756.66530055905	300	23.171428568086107	0.0	141840	1135.003006432093	0.3
146757.99249662898	300	25.844232498146333	0.0	156148	1327.1960699397735	0.3
146761.30771838676	750	26.529010740351524	0.0	386351	3315.2217577948068	0.3
146765.05232741524	750	26.784401711888957	0.0	434409	3744.609028462568	0.75
146768.0777189875	750	27.75901013961755	0.0	337059	3025.391572271403	0.75
146771.09531905391	750	28.741410073208225	0.0	366214	3017.6000664093276	0.75
146779.7892068908	750	24.047522236345728	0.0	360831	8693.887836862496	0.75
146789.78690809585	750	18.04982103130694	0.0	372963	9997.70120503879	0.75
146795.90673016637	750	15.929998960771368	0.0	405596	6119.8220705355725	0.75
146797.04887199504	300	18.787857132105223	0.0	140881	1142.1418286661446	-0.15000000000000002
146798.4156375199	300	21.42109160724299	0.0	157671	1366.765524862231	0.3
146799.62361280216	300	24.21311632499797	0.0	157812	1207.97528224502	0.3
146801.14278230135	300	26.69394682582399	0.0	163927	1519.1694991739785	0.3
146806.7937311272	750	25.04299799995942	0.0	343800	5650.948825864569	0.3
146811.34901028968	750	24.48771883748262	0.0	359903	4555.279162476801	0.75
146814.48939152595	750	25.347337601195676	0.0	379700	3140.3812362869476	0.75
146817.36906341242	750	26.467665714717054	0.0	425781	2879.6718864786194	0.75
146820.71690378425	750	27.119825342904456	0.0	277716	3347.8403718125983	0.75
146825.36520372698	750	26.471525400163607	0.0	400396	4648.299942740849	0.75
146828.3176021177	750	27.519127009454994	0.0	400508	2952.398390708611	0.75
146836.26134230226	750	23.575386824892227	0.0	358218	7943.740184562768	0.75
146844.11337146626	750	19.723357660915156	0.0	400322	7852.0291639770685	0.75
146847.62625998264	750	20.210469144528126	0.0	369834	3512.888516387031	0.75
146853.62838457292	750	18.208344554249635	0.0	412837	6002.124590278492	0.75
146857.40217090517	750	18.43455822200365	0.0	401088	3773.786332245985	0.75
146861.37758272834	750	18.45914639885888	0.0	365161	3975.4118231447687	0.75
146867.53679333648	750	16.2999357907011	0.0	321064	6159.21060815778	0.75
146871.15675633776	750	16.67997278941851	0.0	361565	3619.96300128259	0.75
146874.5681086158	750	17.26862051139462	0.0	378327	3411.352278023888	0.75
146877.91698269604	750	17.91974643113247	0.0	390680	3348.8740802621505	0.75
146881.09976582145	750	18.736963305746386	0.0	345516	3182.78312538608	0.75
146884.11949125753	750	19.71723786967981	0.0	384505	3019.7254360665756	0.75
146889.4499769065	750	18.386752220688006	0.0	372093	5330.485648991805	0.75
146893.82268950847	750	18.014039618737517	0.0	438281	4372.712601950489	0.75
146897.5509165166	750	18.28581261061009	0.0	398987	3728.227008127428	0.75
146901.73576346875	750	18.10096565847024	0.0	393804	4184.846952139852	0.75
146906.22675380023	1200	17.60997532695575	0.0	538612	4490.990331514488	0.75
146914.91363417468	1850	12.923094952522456	0.0	846370	8686.880374433294	1.2000000000000002
146919.1898336417	750	12.646895485533497	0.0	450283	4276.199466988961	0.75
146922.32368124524	750	13.51304788197533	0.0	398865	3133.8476035581652	0.75
146925.80281644352	750	14.033912683674686	0.0	350812	3479.135198300644	0.75
146928.60603912498	750	15.230690002253906	0.0	382355	2803.2226814207784	0.75
146932.15986666904	750	15.67686245819739	0.0	411561	3553.8275440565176	0.75
146936.050358798	750	15.786370329244033	0.0	318564	3890.4921289533568	0.75
146939.70388576016	750	16.132843367078536	0.0	352642	3653.526962165498	0.75
146943.40681466451	750	16.42991446272753	0.0	437162	3702.928904351002	0.75
146947.30375241788	750	16.532976709359637	0.0	374758	3896.937753367892	0.75
146951.5505322741	750	16.286196853148297	0.0	362795	4246.779856211341	0.75
146956.5154416859	750	15.321287441353684	0.0	353220	4964.909411794612	0.75
146957.88481586476	300	17.95191326247352	0.0	156148	1369.3741788801617	-0.15000000000000002
146959.3116653031	300	20.525063824122817	0.0	160746	1426.8494383507034	0.3
146960.8484415019	300	22.988287625314676	0.0	179801	1536.7761988081447	0.3
146963.65637097516	750	24.18035815206869	0.0	337059	2807.929473245986	0.3
146966.46530906003	750	25.37142006721074	0.0	366214	2808.938084857951	0.75
146968.90186269776	750	26.93486642951102	0.0	360831	2436.5536376997215	0.75
146971.86714240984	750	27.9695867174169	0.0	372963	2965.2797120941173	0.75
146975.31636225877	750	28.52036686847613	0.0	405596	3449.2198489407665	0.75
146977.91969616726	750	29.917032959975202	0.0	350713	2603.3339085009275	0.75
146982.7656332757	1200	29.0710958515167	0.0	601738	4845.9371084585055	0.75
146987.16673910787	1200	28.669990019369024	0.0	616206	4401.1058321476785	1.2
146992.34126265152	1200	27.495466475725348	0.0	656471	5174.523543643674	1.2
146996.8276674374	1200	27.00906168984006	0.0	536667	4486.404785885291	1.2
147004.53590004108	1200	23.30082908617975	0.0	587236	7708.23260366031	1.2
147009.74464506737	1200	22.092084059886368	0.0	590335	5208.745026293382	1.2
147016.27001229877	1200	19.566716828493337	0.0	696376	6525.367231393031	1.2
147019.68213781586	1200	20.15459131138123	0.0	487160	3412.12551711211	1.2
147024.07769290934	750	19.75903621791316	0.0	400396	4395.55509346807	0.3
147027.41851831588	750	20.418210811349677	0.0	400508	3340.825406563483	0.75
147030.40695714086	750	21.429771986375176	0.0	358218	2988.4388249744984	0.75
147033.41291400464	750	22.423815122588135	0.0	400322	3005.9568637870443	0.75
147036.2376351508	750	23.59909397642687	0.0	369834	2824.721146161261	0.75
147041.70087861252	750	22.135850514715923	0.0	412837	5463.24346171095	0.75
147046.772677152	750	21.06405197522317	0.0	401088	5071.798539492753	0.75
147053.22329193933	750	18.61343718791198	0.0	365161	6450.6147873111895	0.75
147058.61548276903	750	17.2212463581997	0.0	321064	5392.19082971228	0.75
147061.86920633278	750	17.96752279446151	0.0	361565	3253.7235637381928	0.75
147065.77213995074	750	18.06458917649686	0.0	378327	3902.9336179646484	0.75
147069.80402472	750	18.032704407244392	0.0	390680	4031.884769252465	0.75
147073.4058751753	750	18.430853951945593	0.0	345516	3601.8504552988024	0.75
147077.30396027624	750	18.532768850993516	0.0	384505	3898.085100952076	0.75
147080.49737449802	750	19.339354629222523	0.0	372093	3193.414221770998	0.75
147084.97612827888	750	18.860600848341054	0.0	438281	4478.753780881467	0.75
147088.5407884163	750	19.295940710902467	0.0	398987	3564.660137438586	0.75
147092.14461092587	750	19.692118201341728	0.0	393804	3603.8225095607404	0.75
147097.51585918508	1200	18.320869942165597	0.0	538612	5371.248259176127	0.75
147111.93016314378	2850	7.906565983447783	0.0	1364537	14414.303958717815	1.2000000000000002
147119.72913460078	750	4.107594526433835	0.0	450283	7798.971457013948	0.75
147121.31346214956	300	6.52326697766872	0.0	155580	1584.3275487651151	-0.15000000000000002
147122.92936928358	300	8.907359843628887	0.0	139857	1615.907134039833	0.3
147124.32732995768	300	11.509399169535095	0.0	155432	1397.9606740937904	0.3
147125.87461909675	300	13.962110030468468	0.0	163442	1547.2891390666275	0.3
147127.05081895695	300	16.78591017028883	0.0	126289	1176.1998601796388	0.3
147129.92848103953	300	17.90824808770618	0.0	153295	2877.6620825826503	0.3
147131.96688353288	300	19.86984559435461	0.0	173849	2038.402493351568	0.3
147134.25244737687	300	21.584281750364084	0.0	150710	2285.5638439905265	0.3
147136.06166980523	300	23.775059322016308	0.0	139105	1809.2224283477774	0.3
147138.088471816	300	25.748257311245798	0.0	141840	2026.8020107705097	0.3
147140.59856187648	300	27.23816725078725	0.0	156148	2510.090060458547	0.3
147143.2582806739	300	28.578448453337053	0.0	160746	2659.7187974501976	0.3
147145.2472781143	300	30.58945101297944	0.0	179801	1988.9974403576127	0.3
147146.87078219082	300	32.96594693642542	0.0	140051	1623.5040765540261	0.3
147148.07698791072	300	35.75974121654127	0.0	138313	1206.2057198841424	0.3
147150.66286975896	750	37.173859368296135	0.0	360831	2585.881848245142	0.3
147153.43149130506	750	38.40523782219978	0.0	372963	2768.6215460963576	0.75
147158.22687315271	750	37.60985597455587	0.0	405596	4795.381847643914	0.75
147161.2185421042	750	38.61818702303979	0.0	350713	2991.668951516073	0.75
147167.30042819123	1200	36.536300936051624	0.0	601738	6081.886086988169	0.75
147177.7846979983	1200	30.05203112896881	0.0	616206	10484.269807082812	1.2
147190.76236681407	1200	21.07436231316349	0.0	656471	12977.668815805318	1.2
147203.27056769727	1200	12.566161429991592	0.0	536667	12508.200883171901	1.2
147206.9753422787	300	12.861386848568305	0.0	146754	3704.774581423285	-0.6000000000000001
147211.02938787107	300	12.80734125620243	0.0	153938	4054.045592365876	0.3
147213.8762693575	300	13.96045976976669	0.0	181901	2846.881486435738	0.3
147215.05595672692	300	16.780772400368665	0.0	111155	1179.6873693980272	0.3
147216.76349626586	300	19.07323286142051	0.0	153605	1707.539538948154	0.3
147218.8197246107	300	21.017004516598735	0.0	149029	2056.2283448217754	0.3
147221.1655642114	300	22.67116491587768	0.0	157421	2345.839600721058	0.3
147222.68643911614	300	25.15029001112415	0.0	157488	1520.874904753532	0.3
147224.24143349667	300	27.59529563060388	0.0	143881	1554.9943805202668	0.3
147226.16168171653	300	29.675047410761387	0.0	163444	1920.248219842493	0.3
147231.5926067734	750	28.244122353899886	0.0	401088	5430.925056861502	0.3
147235.41670220642	750	28.420026920878026	0.0	365161	3824.095433021859	0.75

