7981.388598471068	750	4.0	2.455865542160218	450283	2455.865542160218	-9.810221831288937
7982.558566655648	300	6.830031815419767	0.0	155580	1169.9681845802327	-0.15000000000000002
7983.790931195942	300	9.597667275125533	0.0	139857	1232.3645402942363	0.3
7984.851285277954	300	12.537313193112777	0.0	155432	1060.354082012755	0.3
7985.821714700673	300	15.566883770393913	0.0	163442	970.4294227188637	0.3
7986.61060123619	300	18.777997234876523	0.0	126289	788.8865355173923	0.3
7987.550874563903	300	21.837723907163962	0.0	153295	940.2733277125587	0.3
7988.589608911281	300	24.79898955978487	0.0	173849	1038.7343473790925	0.3
7990.5833673914885	750	26.80523107957799	0.0	374758	1993.7584802068802	0.3
7991.898043310214	750	29.49055516085294	0.0	362795	1314.6759187250514	0.75
7993.730070356868	750	31.658528114198965	0.0	353220	1832.0270466539737	0.75
7995.67267333687	750	33.715925134196866	0.0	405134	1942.602980002106	0.75
7998.5234227881465	1200	34.865175682920324	0.0	624282	2850.749451276543	0.75
8001.45243587548	1200	35.93616259558689	0.0	687371	2929.0130873334233	1.2
8004.003568735747	1200	37.385029735320224	0.0	526950	2551.132860266672	1.2
8006.480982263944	1200	38.90761620712332	0.0	587876	2477.4135281969097	1.2
8009.109700959101	1200	40.278897511965006	0.0	617242	2628.718695158314	1.2
8011.649856711257	1200	41.738741759809926	0.0	581493	2540.155752155077	1.2
8014.388202690502	1200	43.00039578056487	0.0	639204	2738.3459792450503	1.2
8016.90198585127	1200	44.48661261979644	0.0	586839	2513.7831607684366	1.2
8020.523288573646	1850	44.86530989742098	0.0	891604	3621.3027223754607	1.2000000000000002
8025.530084504691	1850	43.85851396637568	0.0	955231	5006.795931045291	1.85
8028.625069118334	1850	44.76352935273303	0.0	968026	3094.9846136426586	1.85
8030.7770265284	1850	46.61157194266752	0.0	874175	2151.95741006551	1.85
8033.146214917101	1850	48.24238355396628	0.0	897976	2369.188388701243	1.85
8037.261861259873	2850	48.126737211194644	0.0	1480464	4115.6463427716335	1.85
8040.805462060238	2850	48.58313641082954	0.0	1547572	3543.6008003651095	2.85
8043.99423573728	2850	49.39436273378774	0.0	1141971	3188.773677041796	2.85
8047.202742063138	2850	50.18585640792941	0.0	1498470	3208.5063258583295	2.85
8051.304453260048	2850	50.08414521101992	0.0	1561263	4101.711196909481	2.85
8058.041792025892	2850	47.34680644517591	0.0	1341201	6737.338765844021	2.85
8064.461057173583	2850	44.92754129748557	0.0	1497683	6419.265147690336	2.85
8068.609139519676	2850	44.779458951391675	0.0	1358081	4148.082346093903	2.85
8073.862624583078	2850	43.52597388798941	0.0	1587293	5253.485063402263	2.85
8078.260489384875	2850	43.12810908619306	0.0	1492672	4397.864801796346	2.85
8084.886249714399	2850	40.50234875666925	0.0	1439896	6625.760329523808	2.85
8092.915798080396	2850	36.47280039067179	0.0	1139291	8029.548365997455	2.85
8101.949123250693	2850	31.43947522037418	0.0	1499009	9033.32517029761	2.85
8106.303066267622	1200	31.08553220344585	0.0	605884	4353.94301692833	-0.44999999999999996
8108.6716276755205	1200	32.716970795547	0.0	587506	2368.5614078988556	1.2
8110.637522376701	1200	34.751076094365956	0.0	566904	1965.8947011810403	1.2
8112.655702829943	1200	36.732895641123925	0.0	641452	2018.180453242027	1.2
8116.017542908822	1200	37.371055562244855	0.0	599477	3361.840078879078	1.2
8119.615211022578	1200	37.77338744848959	0.0	634861	3597.6681137552564	1.2
8124.396393458529	1200	36.99220501253774	0.0	630203	4781.182435951857	1.2
8128.835812693335	1200	36.55278577773196	0.0	638661	4439.41923480577	1.2
8134.226912375175	2850	35.16168609589246	0.0	1231456	5391.099681839504	1.2000000000000002
8142.582271841639	2850	30.806326629427545	0.0	1364537	8355.35946646492	2.85
8146.231040562402	750	31.15755790866436	0.0	450283	3648.768720763187	0.75
8149.611042738699	750	31.777555732367638	0.0	398865	3380.002176296722	0.75
8151.507646517681	750	33.880951953386436	0.0	350812	1896.6037789811967	0.75
8152.814911895708	750	36.573686575359496	0.0	382355	1307.2653780269386	0.75
8154.190009099889	750	39.19858937117902	0.0	411561	1375.0972041804798	0.75
8156.291654210727	1200	41.09694426034057	0.0	520315	2101.6451108384526	0.75
8159.855784271895	1200	41.532814199172385	0.0	561791	3564.1300611681845	1.2
8164.286253506646	1850	41.102344964421	0.0	1060487	4430.469234751387	1.2000000000000002
8167.391965541852	1850	41.9966329292146	0.0	852833	3105.7120352064044	1.85
8170.899357139048	1850	42.48924133201905	0.0	913888	3507.391597195551	1.85
8175.195673491858	1850	42.19292497920943	0.0	939819	4296.316352809618	1.85
8178.366648613389	1850	43.021949857678784	0.0	917428	3170.9751215306446	1.85
8182.068568652692	1850	43.320029818375076	0.0	946851	3701.9200393037017	1.85
8186.715617770771	1850	42.672980700296236	0.0	1036454	4647.049118078849	1.85
8190.2885740063075	1850	43.10002446475944	0.0	821631	3572.956235536788	1.85
8194.944355730773	1850	42.444242740294435	0.0	923170	4655.781724465005	1.85
8198.650770167016	1850	42.73782830405104	0.0	966699	3706.4144362433913	1.85
8202.493955844471	1850	42.894642626596365	0.0	885714	3843.1856774546727	1.85
8205.762326467286	1850	43.62627200378151	0.0	987708	3268.3706228148617	1.85
8209.243941566157	1850	44.14465690490934	0.0	923755	3481.6150988721715	1.85
8214.712009543686	1850	42.67658892738082	0.0	891604	5468.067977528517	1.85
8219.376774682514	1850	42.01182378855301	0.0	955231	4664.765138827806	1.85
8224.776036175652	1850	40.612562295416026	0.0	968026	5399.261493136984	1.85
8228.911065820304	1850	40.477532650763216	0.0	874175	4135.029644652812	1.85
8234.331610894413	1850	39.056987576655	0.0	897976	5420.545074108213	1.85
8235.797820051905	1200	41.5907784191637	0.0	590335	1466.2091574912986	0.5499999999999999
8237.517966295636	1200	43.87063217543208	0.0	696376	1720.1462437316186	1.2
8239.926114307304	1850	45.46248416376356	0.0	758197	2408.148011668521	1.2000000000000002
8242.37415627003	1850	47.01444220103787	0.0	972798	2448.041962725685	1.85
8244.668341141707	1850	48.72025732936113	0.0	975811	2294.18487167674	1.85
8249.724045772853	2850	47.66455269821451	0.0	1341201	5055.7046311466265	1.85
8253.345728118338	2850	48.042870352729366	0.0	1497683	3621.682345485143	2.85
8255.95195489686	2850	49.43664357420811	0.0	1358081	2606.2267785212503	2.85
8259.154096458558	2850	50.23450201250913	0.0	1587293	3202.1415616989834	2.85
8263.307506491752	2850	50.0810919793158	0.0	1492672	4153.41003319333	2.85
8266.345616485378	2850	51.04298198568908	0.0	1439896	3038.109993626723	2.85
8268.954683888573	2850	52.43391458249434	0.0	1139291	2609.067403194739	2.85
8271.861652626934	2850	53.526945844132804	0.0	1499009	2906.968738361538	2.85
8275.564966802242	2850	53.82363166882594	0.0	1427478	3703.3141753068653	2.85
8278.01581829121	2850	55.372780179858125	0.0	1402287	2450.8514889678136	2.85
8282.248372317028	4300	55.14022615403952	0.0	2108491	4232.554025818608	2.8499999999999996
8287.145851832536	4300	54.24274663852986	0.0	2184571	4897.479515509658	4.3
8294.503355806803	4300	50.88524266426444	0.0	2121928	7357.503974265423	4.3
8305.973794399555	4300	43.4148040715107	0.0	2219102	11470.438592753742	4.3
8316.086949305472	4300	37.301649165593595	0.0	2124950	10113.154905917101	4.3
8326.98376337777	4300	30.404835093297454	0.0	2246506	10896.814072296143	4.3
8332.377715100678	2850	29.010883370388495	0.0	1231456	5393.951722908956	1.4000000000000001
8340.976690215768	2850	24.411908255298812	0.0	1364537	8598.975115089683	2.85
8345.65936746219	750	23.729231008874283	0.0	450283	4682.6772464245305	0.75
8354.142324933324	750	19.24627353774247	0.0	398865	8482.95747113181	0.75
8358.964675347863	750	18.423923123203025	0.0	350812	4822.350414539446	0.75
8364.348310951238	750	17.040287519828034	0.0	382355	5383.635603374991	0.75
8366.751429065964	300	18.637169405102124	0.0	163442	2403.1181147259103	-0.15000000000000002
8368.995074929126	300	20.393523541939363	0.0	126289	2243.6458631627634	0.3
8371.471425343498	300	21.917173127567402	0.0	153295	2476.35041437196	0.3
8374.589612309932	300	22.798986161132934	0.0	173849	3118.1869664344695	0.3
8377.336921158449	300	24.05167731261662	0.0	150710	2747.3088485163134	0.3
8381.172768369155	300	24.21583010190913	0.0	139105	3835.847210707487	0.3
8385.54953154166	300	23.839066929405234	0.0	141840	4376.7631725038955	0.3

