9478.956940638842	750	4.0	1.7642452313647095	450283	1764.2452313647095	-6.836254494868251
9479.529459453268	300	7.42748118557492	0.0	155580	572.5188144250797	-0.15000000000000002
9480.977817140303	750	9.979123498538575	0.0	350812	1448.3576870363456	0.3
9482.491678775783	750	12.465261863058425	0.0	382355	1513.8616354801507	0.75
9484.058851609854	750	14.898089028988789	0.0	411561	1567.1728340696347	0.75
9485.359062353817	750	17.597878285026447	0.0	318564	1300.2107439623394	0.75
9486.680297813411	750	20.276642825429917	0.0	352642	1321.235459596531	0.75
9489.314959409227	1200	21.641981229616416	0.0	709534	2634.6615958135003	0.75
9491.909307894208	1200	23.047632744633983	0.0	584846	2594.348484982434	1.2
9493.881508847311	1200	25.075431791530296	0.0	560821	1972.2009531036852	1.2
9496.585503046288	1200	26.37143759255443	0.0	607410	2703.994198975868	1.2
9498.89526263013	1200	28.061678008709684	0.0	594078	2309.7595838447446	1.2
9501.281015832892	1200	29.67592480594865	0.0	624282	2385.753202761037	1.2
9503.612172601637	1200	31.34476803720428	0.0	687371	2331.1567687443703	1.2
9505.682938208525	1200	33.27400243031506	0.0	526950	2070.765606889223	1.2
9508.019823946575	1200	34.93711669226654	0.0	587876	2336.885738048515	1.2
9510.514896091998	1200	36.442044546842894	0.0	617242	2495.072145423646	1.2
9512.688831493915	1200	38.26810914492364	0.0	581493	2173.935401919252	1.2
9516.199127565085	1850	38.75781307375378	0.0	987708	3510.2960711698615	1.2000000000000002
9519.58709583037	1850	39.36984480846938	0.0	923755	3387.968265284401	1.85
9522.720391873832	1850	40.23654876500593	0.0	891604	3133.2960434634515	1.85
9526.2072417346	1850	40.74969890423793	0.0	955231	3486.8498607680044	1.85
9529.766996915014	1850	41.18994372382552	0.0	968026	3559.755180412407	1.85
9533.241992109904	1850	41.71494852893628	0.0	874175	3474.9951948892317	1.85
9537.687825718325	1850	41.26911492051505	0.0	897976	4445.833608421236	1.85
9541.690764730203	1850	41.2661759086357	0.0	905935	4002.9390118793417	1.85
9545.262854517416	1850	41.694086121424135	0.0	1076599	3572.089787211566	1.85
9547.821994881122	1850	43.13494575771698	0.0	758197	2559.140363707166	1.85
9551.193071088052	1850	43.7638695507871	0.0	972798	3371.076206929871	1.85
9554.783916833065	1850	44.17302380577319	0.0	975811	3590.845745013907	1.85
9557.79566643934	1850	45.16127419949732	0.0	873429	3011.7496062758732	1.85
9561.124521179132	1850	45.83241945970564	0.0	954453	3328.854739791676	1.85
9564.439786749139	1850	46.51715388969836	0.0	885062	3315.265570007276	1.85
9568.90506345574	1850	46.05187718309732	0.0	1035329	4465.276706601045	1.85
9573.153424827326	1850	45.80351581151142	0.0	1026056	4248.361371585906	1.85
9576.529626601527	1850	46.42731403731075	0.0	943942	3376.201774200668	1.85
9579.811206059629	1850	47.14573457920839	0.0	728962	3281.5794581023683	1.85
9583.528766230056	1850	47.42817440878097	0.0	938587	3717.560170427419	1.85
9587.394158205248	1850	47.56278243358909	0.0	908665	3865.3919751918784	1.85
9591.388531125083	1850	47.56840951375387	0.0	930577	3994.3729198352207	1.85
9595.023243933218	1850	47.93369670561997	0.0	858450	3634.712808133896	1.85
9601.471670323004	1850	45.48527031583191	0.0	1025005	6448.426389788062	1.85
9604.919370516283	1850	46.03757012255278	0.0	886255	3447.700193279135	1.85
9609.006352678149	1850	45.95058796068852	0.0	973972	4086.9821618642623	1.85
9612.975851665207	1850	45.981088973628566	0.0	958994	3969.4989870599516	1.85
9619.367472863618	2850	43.58946777521806	0.0	1483527	6391.621198410512	1.85
9625.878829877394	2850	41.07811076144048	0.0	1231456	6511.357013777584	2.85
9632.282598394904	2850	38.674342243931086	0.0	1364537	6403.768517509389	2.85
9634.50566957407	750	40.451271064766054	0.0	450283	2223.0711791650338	0.75
9636.971933229093	750	41.9850074097423	0.0	398865	2466.2636550237557	0.75
9639.953016730467	750	43.003923908367376	0.0	350812	2981.0835013749215	0.75
9644.999245522346	1200	41.95769511648834	0.0	617681	5046.228791879036	0.75
9650.19076902201	1200	40.766171616823875	0.0	652874	5191.523499664458	1.2
9655.180991510377	1200	39.77594912845864	0.0	520315	4990.222488365239	1.2
9661.503514751043	1200	37.45342588779256	0.0	561791	6322.523240666077	1.2
9666.47078197355	750	36.48615866528651	0.0	437162	4967.267222506054	0.3
9668.367595377273	750	38.589345261564304	0.0	374758	1896.813403722202	0.75
9670.109441289156	750	40.84749934967915	0.0	362795	1741.8459118851526	0.75
9671.947890675052	750	43.00904996378388	0.0	353220	1838.4493858952735	0.75
9673.90281045295	750	45.05413018588536	0.0	405134	1954.919777898519	0.75
9677.124363323846	1200	45.83257731498864	0.0	624282	3221.5528708967277	0.75
9680.867865467037	1200	46.08907517179985	0.0	687371	3743.5021431887894	1.2
9683.618385389369	1200	47.33855524946635	0.0	526950	2750.5199223335	1.2
9688.515592137912	1200	46.44134850092282	0.0	587876	4897.206748543525	1.2
9700.65698862154	1200	38.29995201729413	0.0	617242	12141.39648362869	1.2
9707.145086744482	750	35.8118538943535	0.0	372963	6488.098122940641	0.3
9715.054920277807	750	31.902020361027052	0.0	405596	7909.833533326444	0.75
9720.403784282566	750	30.553156356270325	0.0	350713	5348.864004756728	0.75
9722.613651575186	300	32.34328906364988	0.0	157671	2209.8672926204445	-0.15000000000000002
9725.329667761971	300	33.62727287686422	0.0	157812	2716.0161867856596	0.3
9728.540092631338	300	34.41684800749684	0.0	163927	3210.4248693673817	0.3
9730.574697187449	300	36.382243451387644	0.0	137654	2034.604556109197	0.3
9732.608147040846	300	38.3487935979889	0.0	146754	2033.4498533987392	0.3
9735.475174644933	300	39.48176599390255	0.0	153938	2867.0276040863514	0.3
9736.93093629204	300	42.02600434679526	0.0	181901	1455.7616471072854	0.3
9737.696266646497	300	45.26067399233829	0.0	111155	765.3303544569743	0.3
9738.621247756711	300	48.335692882122785	0.0	153605	924.9811102155047	0.3
9740.475575823726	750	50.48136481510873	0.0	400508	1854.3280670140555	0.3
9742.217458218556	750	52.73948242027969	0.0	358218	1741.882394829035	0.75
9744.827884750166	750	54.12905588866936	0.0	400322	2610.4265316103324	0.75
9752.116124065404	1200	50.84081657343337	0.0	584349	7288.239315235989	0.75
9759.03492397102	1200	47.922016667816514	0.0	670129	6918.799905616859	1.2
9763.694694506252	1200	47.26224613258407	0.0	690253	4659.770535232441	1.2
9767.277506477647	1200	47.679434161189086	0.0	598727	3582.8119713949877	1.2
9770.73502257261	1200	48.221918066226316	0.0	487812	3457.516094962766	1.2
9782.350125003708	1200	40.6068156351269	0.0	575591	11615.10243109942	1.2
9788.788804872527	1200	38.16813576630863	0.0	605884	6438.679868818269	1.2
9796.17939278615	1200	34.777547852685906	0.0	587506	7390.587913622725	1.2
9805.598022155304	1200	29.358918483533408	0.0	566904	9418.629369152497	1.2
9808.29509414732	750	30.66184649151847	0.0	384505	2697.071992014938	0.3
9810.525730859115	750	32.431209779721264	0.0	372093	2230.636711797205	0.75
9813.07931714811	750	33.87762349072788	0.0	438281	2553.5862889933883	0.75
9815.63076651909	750	35.32617411974801	0.0	398987	2551.449370979869	0.75
9821.00150110442	1200	33.95543953441901	0.0	638661	5370.734585329002	0.75
9827.167852631414	1850	31.789088007424343	0.0	830730	6166.351526994661	1.2000000000000002
9836.63137613091	2850	26.325564507928632	0.0	1364537	9463.52349949571	1.85
9841.206072074783	750	25.75086856405435	0.0	450283	4574.6959438742815	0.75
9844.159666529833	750	26.79727410900639	0.0	398865	2953.594455047962	0.75
9847.193093369131	750	27.76384726970687	0.0	350812	3033.4268392995223	0.75
9850.760936858655	750	28.196003780184075	0.0	382355	3567.8434895227947	0.75
9853.344543368132	750	29.61239727070804	0.0	411561	2583.606509476033	0.75
9855.186702504603	750	31.770238134235	0.0	318564	1842.1591364730361	0.75
9857.599923663536	750	33.35701697530192	0.0	352642	2413.221158933084	0.75
9862.957525035432	750	31.99941560340715	0.0	437162	5357.601371894764	0.75
9868.943560963964	750	30.013379674873946	0.0	374758	5986.035928533204	0.75
9878.412329293471	750	24.54461134536747	0.0	362795	9468.768329506473	0.75
9881.314840949384	300	25.642099689454426	0.0	141840	2902.5116559130424	-0.15000000000000002
9885.453967826028	300	25.502972812810903	0.0	156148	4139.126876643524	0.3
9888.736785230149	300	26.220155408690005	0.0	160746	3282.8174041209	0.3
9894.062682397329	300	24.894258241510872	0.0	179801	5325.89716717913	0.3
9902.38598337565	300	20.5709572631884	0.0	140051	8323.300978322473	0.3
9909.314671140652	300	17.64226949818695	0.0	138313	6928.6877650014485	0.3
9914.726355685709	300	16.23058495313097	0.0	143509	5411.684545055983	0.3
9919.260281162835	300	15.696659476005003	0.0	150616	4533.925477125963	0.3
9924.883727084896	300	14.073213553945731	0.0	165384	5623.445922059272	0.3
9929.842382093479	300	13.114558545363554	0.0	140881	4958.655008582177	0.3
9936.77665449963	300	10.180286139212003	0.0	157671	6934.272406151551	0.3
9939.134743028115	300	11.822197610726464	0.0	157812	2358.0885284855394	0.3
9940.825554984363	300	14.13138565447913	0.0	163927	1690.8119562473323	0.3
9942.515382770667	300	16.441557868174286	0.0	137654	1689.827786304844	0.3
9943.806584144848	300	19.1503564939935	0.0	146754	1291.2013741807866	0.3
9945.375359869091	300	21.581580769749863	0.0	153938	1568.7757242436362	0.3
9946.864232241933	300	24.09270839690896	0.0	181901	1488.8723728409022	0.3
9947.568013720615	300	27.38892691822678	0.0	111155	703.7814786821854	0.3
9948.52740196176	300	30.42953867708372	0.0	153605	959.3882411430574	0.3
9951.006503869394	750	31.95043676944812	0.0	400508	2479.1019076355997	0.3
9953.567877407526	750	33.389063231315	0.0	358218	2561.373538133129	0.75
9956.434991739672	750	34.521948899170354	0.0	400322	2867.114332144639	0.75
9958.442281124735	750	36.51465951410726	0.0	369834	2007.2893850630903	0.75
9960.9088800098	750	38.04806062904272	0.0	412837	2466.598885064537	0.75
9963.482156169142	750	39.474784469701206	0.0	401088	2573.276159341517	0.75
9974.262016460447	1200	32.69492417839749	0.0	598727	10779.860291303714	0.75
9977.79963606205	750	33.15730457679574	0.0	321064	3537.6196016017575	0.3
9981.61632062476	750	33.34062001408463	0.0	361565	3816.6845627111093	0.75
9986.91247408888	750	32.044466549963964	0.0	378327	5296.153464120661	0.75
9990.824727551093	750	32.132213087749825	0.0	390680	3912.253462214138	0.75
9994.066682569053	750	32.89025806978991	0.0	345516	3241.955017959916	0.75
9997.026889576178	750	33.930051062665406	0.0	384505	2960.2070071245016	0.75
10000.00700141073	750	34.94993922811309	0.0	372093	2980.1118345523205	0.75
10003.119037720642	750	35.8379029181994	0.0	438281	3112.0363099136875	0.75
10005.63929722239	750	37.317643416454075	0.0	398987	2520.259501745322	0.75
10007.716077722192	750	39.2408629166509	0.0	393804	2076.780499803179	0.75
10012.175267733777	1850	38.78167290506605	0.0	830730	4459.190011584846	0.75
10018.192868096288	2850	36.76407254255538	0.0	1364537	6017.600362510663	1.85
10020.3018658273	750	38.65507481154389	0.0	450283	2108.997731011488	0.75
10022.059654160426	750	40.897286478416504	0.0	398865	1757.7883331273852	0.75
10024.262567128273	750	42.69437351057005	0.0	350812	2202.9129678464496	0.75
10026.609277686699	750	44.3476629521436	0.0	382355	2346.7105584264523	0.75
10030.60815414505	750	44.348786493792154	0.0	411561	3998.876458351447	0.75
10033.015643881752	1200	45.941296757089106	0.0	520315	2407.4897367030485	0.75
10035.618672109827	1200	47.338268529013384	0.0	561791	2603.0282280757274	1.2
10039.002820411977	1200	47.954120226863495	0.0	709534	3384.148302149889	1.2
10041.74119902807	1200	49.21574161076949	0.0	584846	2738.378616094009	1.2
10044.036521905746	1200	50.92041873309469	0.0	560821	2295.322877674791	1.2
10047.97361219935	1850	50.98332843949217	0.0	939819	3937.090293602523	1.2000000000000002
10052.31837125252	1850	50.638569386321194	0.0	917428	4344.759053170977	1.85
10059.437462530905	1850	47.5194781079351	0.0	946851	7119.091278386089	1.85
10067.60963311856	1850	43.34730752027973	0.0	1036454	8172.170587655376	1.85
10072.237918802015	1850	42.71902183682386	0.0	821631	4628.285683455864	1.85
10076.039901675585	1200	42.917038963253376	0.0	587876	3801.9828735704878	0.5499999999999999
10080.866397295942	1200	42.090543342896225	0.0	617242	4826.495620357153	1.2
10086.836606774152	1200	40.12033386468667	0.0	581493	5970.209478209556	1.2
10093.180605457883	1200	37.77633518095377	0.0	639204	6343.998683732901	1.2
10100.343724822518	1200	34.61321581631938	0.0	586839	7163.1193646343845	1.2
10110.455173226088	1200	28.501767412749125	0.0	601738	10111.448403570254	1.2
10117.87919152932	1200	25.07774910951751	0.0	616206	7424.018303231617	1.2
10119.572834142433	750	27.384106496405295	0.0	401853	1693.642613112216	0.3
10121.03485873707	750	29.922081901768884	0.0	343800	1462.0245946364066	0.75
10124.492723273546	750	30.464217365294026	0.0	359903	3457.8645364748595	0.75
10126.13613578626	750	32.82080485257867	0.0	379700	1643.4125127153607	0.75
10128.01682636812	750	34.940114270719235	0.0	425781	1880.690581859428	0.75
10129.835031218094	1200	37.121909420747414	0.0	487160	1818.204849971819	0.75
10132.049594861233	1200	38.907345777606	0.0	622896	2214.5636431414146	1.2
10134.369177380622	1200	40.587763258218324	0.0	641447	2319.5825193876713	1.2
10136.309439529863	1200	42.64750110897782	0.0	570392	1940.2621492405017	1.2
10138.51193078323	1200	44.44500985560885	0.0	620283	2202.491253368969	1.2
10141.794039421957	1850	45.16290121688258	0.0	885062	3282.10863872627	1.2000000000000002
10145.590590475807	1850	45.366350163031775	0.0	1035329	3796.5510538507992	1.85
10149.459144556138	1850	45.497796082700305	0.0	1026056	3868.554080331473	1.85
10152.839971732825	1850	46.11696890601457	0.0	943942	3380.8271766857347	1.85
10155.544295570693	1850	47.41264506814588	0.0	728962	2704.3238378686865	1.85
10158.60910626261	1850	48.34783437623111	0.0	938587	3064.8106919147704	1.85
10161.802539794762	1850	49.15440084407938	0.0	908665	3193.4335321517256	1.85
10164.94481781961	1850	50.01212281923085	0.0	930577	3142.278024848539	1.85
10168.222995537415	1850	50.7339451014254	0.0	858450	3278.1777178054485	1.85
10172.482673224715	1850	50.47426741412475	0.0	1025005	4259.677687300649	1.85
10175.8118166237	1850	51.14512401514035	0.0	886255	3329.1433989844077	1.85
10180.568606475277	1850	50.38833416356464	0.0	973972	4756.789851575702	1.85
10188.622272187853	2850	46.334668450988815	0.0	1464921	8053.665712575825	1.85
10195.810718866791	2850	43.14622177205002	0.0	1483527	7188.446678938793	2.85
10203.67383871206	2850	39.283101926780425	0.0	1231456	7863.119845269595	2.85
10208.617602217162	2850	38.339338421679045	0.0	1364537	4943.76350510138	2.85
10210.511969016236	750	40.44497162260604	0.0	450283	1894.3667990730034	0.75
10214.399905196955	750	40.55703544188573	0.0	398865	3887.9361807203086	0.75
10216.991454711768	1200	41.965485927073566	0.0	571051	2591.5495148121613	0.75
10220.003353343127	1200	42.95358729571405	0.0	617681	3011.898631359513	1.2
10222.616240780984	1200	44.34069985785714	0.0	652874	2612.8874378569126	1.2
10225.285537624733	1200	45.671403014108705	0.0	520315	2669.296843748431	1.2
10230.391271316514	1200	44.565669322327906	0.0	561791	5105.733691780796	1.2
10238.128287367947	1200	40.82865327089449	0.0	709534	7737.016051433415	1.2
10243.092069994327	1200	39.86487064451463	0.0	584846	4963.782626379865	1.2
10247.509399010907	1200	39.44754162793398	0.0	560821	4417.329016580655	1.2
10254.677832975296	1200	36.27910766354599	0.0	607410	7168.433964387983	1.2
10260.203027595206	1200	34.753913043637375	0.0	594078	5525.194619908616	1.2
10265.118622278604	1200	33.83831836023983	0.0	624282	4915.594683397541	1.2
10268.21976404807	1200	34.7371765907723	0.0	687371	3101.141769467536	1.2
10269.662487706557	750	37.29445293228539	0.0	337059	1442.7236584869195	0.3
10271.503748646288	750	39.45319199255419	0.0	366214	1841.2609397311965	0.75
10273.081541095764	750	41.87539954307732	0.0	360831	1577.7924494768683	0.75
10274.71449172841	750	44.24244891043105	0.0	372963	1632.950632646272	0.75
10277.190339034654	1200	45.76660160418742	0.0	639204	2475.8473062436246	0.75
10280.973960072857	1850	45.98298056598438	0.0	923755	3783.6210382030454	1.2000000000000002
10284.713533087932	1850	46.24340755090835	0.0	891604	3739.573015076025	1.85
10288.633430359321	1850	46.3235102795191	0.0	955231	3919.897271389249	1.85
10292.135932759833	1850	46.82100787900806	0.0	968026	3502.5024005110354	1.85
10295.426172309633	1850	47.53076832920642	0.0	874175	3290.2395498016376	1.85
10300.184879687633	1850	46.77206095120575	0.0	897976	4758.707378000666	1.85
10304.37545032238	1850	46.58149031645941	0.0	905935	4190.570634746342	1.85
10309.025105142537	1850	45.93183549630139	0.0	1076599	4649.654820158018	1.85
10311.665340407262	1850	47.29160023157673	0.0	758197	2640.2352647246566	1.85
10316.179599198704	1850	46.777341440133256	0.0	972798	4514.258791443479	1.85
10320.29364330675	1850	46.66329733208958	0.0	975811	4114.044108043678	1.85
10325.869338340119	1850	45.08760229872045	0.0	873429	5575.695033369124	1.85
10330.256110430912	1850	44.70083020792695	0.0	954453	4386.772090793496	1.85
10333.476047712637	1850	45.48089292620171	0.0	885062	3219.9372817252347	1.85
10336.500275232038	1850	46.456665406801086	0.0	1035329	3024.2275194006306	1.85
10339.89612912337	1850	47.06081151546916	0.0	1026056	3395.853891331923	1.85
10343.325339056533	1850	47.63160158230535	0.0	943942	3429.20993316381	1.85
10346.235663699506	1850	48.72127693933282	0.0	728962	2910.324642972536	1.85
10349.517416823282	1850	49.43952381555597	0.0	938587	3281.7531237768485	1.85
10352.164787275133	1850	50.792153363705566	0.0	908665	2647.370451850402	1.85
10354.803878054841	1850	52.15306258399881	0.0	930577	2639.0907797067525	1.85
10356.86775040794	1850	54.08919023089912	0.0	858450	2063.8723530996967	1.85
10360.564217043797	2850	54.392723595042305	0.0	1527299	3696.466635856811	1.85
10363.434951573787	2850	55.521989065051656	0.0	1343002	2870.7345299906488	2.85
10367.50534131341	2850	55.451599325427864	0.0	1587250	4070.3897396237903	2.85
10372.080611537067	4300	54.876329101772015	0.0	2124950	4575.270223655846	2.8499999999999996
10376.74851071239	4300	54.20842992644931	0.0	2246506	4667.899175322709	4.3
10382.259808059183	4300	52.697132579656945	0.0	1961140	5511.297346792364	4.3
10386.22723118728	4300	52.72970945156018	0.0	2155012	3967.423128096757	4.3
10387.168200511378	750	55.788740127463484	0.0	450283	940.9693240967026	0.75
10391.12666619782	4300	55.83027444101933	0.0	2123065	3958.465686444156	0.75
10395.502402744089	4300	55.45453789475187	0.0	2177073	4375.736546267457	4.3
10399.650102691548	4300	55.30683794729247	0.0	2160877	4147.699947459396	4.3
10403.36541302706	4300	55.591527611778695	0.0	2233056	3715.3103355137764	4.3
10407.054620612254	4300	55.90232002658636	0.0	1941625	3689.207585192334	4.3
10410.847543328839	4300	56.109397310002684	0.0	2157535	3792.922716583668	4.3
10415.283655843297	4300	55.673284795543836	0.0	2290172	4436.1125144588505	4.3
10419.237549573654	4300	55.719391065187104	0.0	2055469	3953.893730356726	4.3
10423.111287418493	4300	55.845653220349604	0.0	2169201	3873.737844837504	4.3
10427.23231327858	4300	55.72462736026082	0.0	2173522	4121.025860088785	4.3
10431.125565027723	4300	55.83137561111784	0.0	2102452	3893.251749142978	4.3
10435.105347299765	4300	55.851593339076125	0.0	2209463	3979.782272041717	4.3
10439.937054275237	4300	55.01988636360326	0.0	2275376	4831.706975472865	4.3
10444.63544459254	4300	54.32149604629866	0.0	2005399	4698.390317304599	4.3
10448.91079283021	4300	54.046147808631865	0.0	2152483	4275.348237666798	4.3
10453.623518271914	4300	53.33342236692552	0.0	2289689	4712.725441706351	4.3
10457.521031045575	4300	53.43590959326456	0.0	2059512	3897.512773660953	4.3
10463.468705751022	4300	51.48823488781677	0.0	2220726	5947.674705447786	4.3

