130310.44032989768	750	4.0	3.894172653669693	450283	3894.172653669693	-15.994942410779679
130312.00452715572	300	6.435802741967533	0.0	155580	1564.1972580324662	-0.15000000000000002
130313.5579920187	300	8.88233787898628	0.0	139857	1553.4648629812543	0.3
130315.41094927298	300	11.029380624707805	0.0	155432	1852.957254278475	0.3
130316.86054854444	300	13.579781353250919	0.0	163442	1449.599271456885	0.3
130318.16887477043	300	16.27145512725027	0.0	126289	1308.3262260006484	0.3
130319.61127552755	300	18.829054370127132	0.0	153295	1442.400757123137	0.3
130320.99747552664	300	21.44285437102665	0.0	173849	1386.1999991004766	0.3
130322.01968466004	300	24.420645237625173	0.0	150710	1022.209133401479	0.3
130323.1572723289	300	27.28305756876871	0.0	139105	1137.58766885646	0.3
130324.23839377036	300	30.201936127308826	0.0	141840	1081.1214414598871	0.3
130325.2955676933	300	33.14476220434674	0.0	156148	1057.1739229620803	0.3
130326.75806437225	300	35.68226552540922	0.0	160746	1462.496678937517	0.3
130328.02883999303	300	38.41148990462607	0.0	179801	1270.7756207831458	0.3
130329.00982867132	300	41.43050122632764	0.0	140051	980.988678298434	0.3
130330.10199787894	300	44.33833201871153	0.0	138313	1092.1692076161125	0.3
130331.26875314715	300	47.17157675051757	0.0	143509	1166.7552681939535	0.3
130332.27188104446	300	50.16844885319725	0.0	150616	1003.1278973203279	0.3
130333.50102222728	300	52.93930767037248	0.0	165384	1229.141182824767	0.3
130334.66797684095	300	55.772353056696375	0.0	140881	1166.9546136761064	0.3
130335.81132423619	300	58.629005661476974	0.0	157671	1143.3473952194058	0.3
130338.28537757769	300	59.729562486822616	0.0	157812	1399.4431746543585	0.3
130340.18386412245	300	59.61762429787244	0.0	163927	1111.938188950172	0.3
130341.57428387566	300	59.93568859916398	0.0	137654	1181.9356987084639	0.3
130342.60665992461	300	59.96824260193984	0.0	146754	967.4459972241394	0.3
130344.77190704334	300	59.734084068437674	0.0	153938	1234.1585335021698	0.3
130348.32338991603	750	59.653386924709736	0.0	425781	3080.6971437279362	0.3
130352.07682733808	750	59.899949502662636	0.0	277716	2753.4374220471027	0.75
130356.09312250238	750	59.883654338358525	0.0	400396	3516.295164304118	0.75
130360.21809323422	750	59.521928130097315	0.0	400508	3361.7262082612074	0.75
130363.7481082592	750	59.99191310510301	0.0	358218	3530.015024994303	0.75
130369.45884888482	750	58.28117247947774	0.0	400322	5710.74062562527	0.75
130372.93962458073	750	58.80039678356835	0.0	369834	3480.7756959093863	0.75
130376.40546197529	750	59.33455938901038	0.0	412837	3465.837394557976	0.75
130380.17285642003	750	59.56716494427624	0.0	401088	3267.394444734132	0.75
130383.51170988851	750	59.531242064733306	0.0	365161	3035.922879542937	0.75
130386.38194224137	750	59.623091182770125	0.0	321064	2408.150881963177	0.75
130389.52531081687	750	59.56294763047292	0.0	361565	3060.1435522972133	0.75
130393.19940342242	750	59.88885502492185	0.0	378327	3174.092605551064	0.75
130396.42914584087	750	59.97214263006685	0.0	390680	2916.7123948550043	0.75
130399.34457610978	750	59.50144250741375	0.0	345516	2470.7001226530997	0.75
130402.93539355708	750	59.91062506010587	0.0	384505	3090.817447307874	0.75
130406.99035787563	750	59.85566074156299	0.0	372093	4054.9643185428827	0.75
130410.6036573392	750	59.908766965830345	0.0	438281	3446.893775732648	0.75
130413.33326683064	750	59.73266506402441	0.0	398987	2676.1019018059333	0.75
130417.33752371147	750	59.72840818318483	0.0	393804	3504.256880839584	0.75
130422.33685775645	1200	58.729074138209924	0.0	538612	4999.334044974909	0.75
130435.71639587809	2850	49.34953601656306	0.0	1364537	13379.538121646867	1.2000000000000002
130439.90007095825	750	49.16586093640673	0.0	450283	4183.675080156326	0.75
130443.95809796607	750	49.10783392857069	0.0	398865	4058.0270078360372	0.75
130447.34234266021	750	49.72358923444795	0.0	350812	3384.244694122738	0.75
130450.80920701925	750	50.25672487539105	0.0	382355	3466.8643590568986	0.75
130454.19170074118	750	50.874231153457714	0.0	411561	3382.4937219333374	0.75
130456.94111359086	750	52.12481830377069	0.0	318564	2749.412849687026	0.75
130459.61127662018	750	53.454655274464336	0.0	352642	2670.163029306355	0.75
130463.85516102337	750	53.21077087128096	0.0	437162	4243.88440318338	0.75
130467.29074018095	750	53.775191713683455	0.0	374758	3435.5791575975045	0.75
130470.0983759371	750	54.96755595753309	0.0	362795	2807.6357561503655	0.75
130473.9918777051	750	55.07405418953242	0.0	353220	3893.501768000661	0.75
130480.12302302998	750	52.94290886465813	0.0	405134	6131.145324874292	0.75
130486.93414106246	750	50.13179083216768	0.0	386351	6811.118032490446	0.75
130488.60848155021	300	52.45745034441439	0.0	179801	1674.3404877532873	-0.15000000000000002
130489.98583262897	300	55.08009926566421	0.0	140051	1377.3510787501805	0.3
130491.18694789938	300	57.878983995264754	0.0	138313	1201.1152703994617	0.3
130492.60109432643	300	59.7460051109427	0.0	143509	1132.9788843220485	0.3
130494.79432528206	300	59.99447340449765	0.0	150616	1251.5317064450508	0.3
130496.92140744571	300	59.97228194725517	0.0	165384	1522.1914572424807	0.3
130498.487185695	300	59.796838175814194	0.0	140881	1175.4437714409821	0.3
130499.97997179056	300	59.92561236697638	0.0	157671	1371.2258088378107	0.3
130502.78637413566	300	59.977691337773436	0.0	157812	1947.9210292029488	0.3
130506.0936948911	300	59.948771618002645	0.0	163927	2528.9197197707945	0.3
130508.75751449839	300	59.7810623321861	0.0	137654	2167.709285816544	0.3
130512.09215976253	300	59.97679486085105	0.0	146754	2304.267471335059	0.3
130515.54701927402	300	59.72905400151526	0.0	153938	2747.740859335789	0.3
130517.74120098987	300	59.85602246966461	0.0	181901	1873.031531850645	0.3
130520.49238516865	300	59.92550547228347	0.0	111155	1930.516997381144	0.3
130522.49745435505	300	59.80830446978043	0.0	153605	1617.2010025030409	0.3
130525.12453809482	300	59.743696691839155	0.0	149029	1564.6077779412728	0.3
130527.62411279642	300	59.57464732195767	0.0	157421	1669.0493698814823	0.3
130530.63272134958	300	59.65560571122967	0.0	157488	2419.0416107280016	0.3
130535.43576367485	300	58.85256338597452	0.0	143881	4803.042325255146	0.3
130539.35517710677	300	58.933149954044815	0.0	163444	3919.413431929706	0.3
130542.54400992683	300	59.74431713398266	0.0	179328	3188.832820062155	0.3
130545.47949851831	300	59.92800059808078	0.0	159914	2316.316535901881	0.3
130547.88642239089	300	59.954124689584994	0.0	131610	1973.8759084957844	0.3
130551.95223737735	300	59.888309703129515	0.0	124011	4065.81498645547	0.3
130555.84611077505	300	59.76080447954713	0.0	144254	3627.5052235823796	0.3
130559.77397334416	300	59.61955728205684	0.0	149991	3641.2471974902955	0.3
130565.62561966943	300	57.76791095677984	0.0	147968	5851.646325277	0.3
130571.61941411665	300	55.774116509571186	0.0	161857	5993.794447208662	0.3
130575.13295286613	300	56.260577760086086	0.0	145210	3513.5387494850975	0.3
130584.07869639658	300	51.314834229642834	0.0	172312	8945.743530443257	0.3
130589.03439667445	300	50.35913395176586	0.0	167025	4955.700277876966	0.3
130596.11614728703	300	47.27738333919192	0.0	160064	7081.750612573944	0.3
130600.22678542296	300	47.16674520326396	0.0	137507	4110.638135927966	0.3
130604.44822674505	300	46.94530388116774	0.0	118421	4221.441322096217	0.3
130618.29523532675	750	37.09829529947036	0.0	450283	13847.008581697379	0.75
130624.256326155	300	35.137204471231605	0.0	155580	5961.090828238754	-0.15000000000000002
130628.37644648418	300	35.01708414204687	0.0	139857	4120.120329184736	0.3
130632.77085627693	300	34.622674349302656	0.0	155432	4394.409792744213	0.3
130637.10569002305	300	34.287840603182566	0.0	163442	4334.8337461200945	0.3
130640.2567660814	300	35.136764544844965	0.0	126289	3151.0760583376	0.3
130643.07745816912	300	36.31607245712283	0.0	153295	2820.692087722133	0.3
130647.08428196804	300	36.309248658193	0.0	173849	4006.8237989298277	0.3
130654.15983446692	300	33.233696159319926	0.0	150710	7075.552498873075	0.3
130658.179091529	300	33.21443909724286	0.0	139105	4019.257062077063	0.3
130664.29282189328	300	31.10070873296129	0.0	141840	6113.730364281566	0.3
130670.35636769405	300	29.03716293218714	0.0	156148	6063.545800774152	0.3
130674.68776358207	300	28.705767044177566	0.0	160746	4331.395888009575	0.3
130678.25466292427	300	29.13886770196262	0.0	179801	3566.8993422149474	0.3
130681.03793707582	300	30.355593550418078	0.0	140051	2783.27415154454	0.3
130683.49206510578	300	31.901465520459148	0.0	138313	2454.1280299589303	0.3
130686.07288125846	300	33.320649367778685	0.0	143509	2580.8161526804624	0.3
130688.1093191499	300	35.28421147634505	0.0	150616	2036.4378914336305	0.3
130690.29729848594	300	37.096232140304636	0.0	165384	2187.9793360404137	0.3
130691.86952642881	300	39.52400419744267	0.0	140881	1572.2279428619674	0.3
130693.72551389513	300	41.66801673112552	0.0	157671	1855.9874663171495	0.3
130695.36502665053	300	44.02850397571828	0.0	157812	1639.5127554072374	0.3
130696.99344470665	300	46.40008591960203	0.0	163927	1628.4180561162564	0.3
130698.29232785435	300	49.10120277190665	0.0	137654	1298.8831476953774	0.3
130699.90715572852	300	51.486374897733995	0.0	146754	1614.8278741726524	0.3
130701.43615269262	300	53.95737793363278	0.0	153938	1528.9969641012142	0.3
130705.8301075731	750	53.56342305314022	0.0	425781	4393.954880492556	0.3
130708.9908157564	750	54.40271486984055	0.0	277716	3160.70818329967	0.75
130713.80250160217	750	53.59102902407153	0.0	400396	4811.6858457690205	0.75
130719.20384531726	750	52.189685308991464	0.0	400508	5401.343715080067	0.75
130721.02523588999	300	54.368294736267195	0.0	157421	1821.3905727242698	-0.15000000000000002
130722.51531184072	300	56.87821878553596	0.0	157488	1490.0759507312368	0.3
130724.07620783226	300	59.31732279398506	0.0	143881	1560.8959915508958	0.3
130726.19005431877	300	59.51232448057174	0.0	163444	1804.9983134133217	0.3
130731.17425681597	750	58.528121983374824	0.0	401088	4984.202497196915	0.3
130736.48774148394	750	57.21463731540303	0.0	365161	5313.484667971798	0.75
130738.65894589308	750	59.04343290625889	0.0	321064	2171.2044091441344	0.75
130741.58776000395	750	59.69239572452626	0.0	361565	2351.037181732634	0.75
130745.6075468708	750	59.667390755678966	0.0	378327	3025.004968847295	0.75
130748.9213875203	750	59.59286137992395	0.0	390680	2574.529375755006	0.75
130751.86329040147	750	59.866565576212494	0.0	345516	2726.295803711457	0.75
130754.10889934615	750	59.73106464260834	0.0	384505	2135.500933604155	0.75
130756.9102779358	750	59.93592935331001	0.0	372093	2295.1352892983355	0.75
130760.63318416044	750	59.72209789116898	0.0	438281	3213.8314621410245	0.75
130763.68247492607	750	59.531989889602045	0.0	398987	2690.108001566933	0.75
130767.69580136349	1200	59.51866345219302	0.0	638661	4013.326437409029	0.75
130772.63209956343	1850	58.58236525223981	0.0	830730	4936.298199953203	1.2000000000000002
130781.37232382697	2850	53.84214098871105	0.0	1364537	8740.224263528766	1.85
130784.48466520001	750	54.729799615671006	0.0	450283	3112.3413730400453	0.75
130788.30739864893	750	54.90706616674474	0.0	398865	3822.7334489262644	0.75
130790.93316695845	750	56.28129785723077	0.0	350812	2625.768309513974	0.75
130793.39999218467	750	57.81447263100992	0.0	382355	2466.825226220845	0.75
130798.93672205537	750	56.27774276029777	0.0	411561	5536.7298707121545	0.75
130802.89789603048	750	56.31656878519023	0.0	318564	3961.173975107545	0.75
130805.18024314786	750	58.03422166782128	0.0	352642	2282.3471173689477	0.75
130807.55667693226	750	59.65778788341092	0.0	437162	2376.433784410357	0.75
130810.04657678545	750	59.88503034194847	0.0	374758	2272.757541462452	0.75
130812.31735374895	750	59.50321301606182	0.0	362795	1881.8173258866552	0.75
130817.48883664532	750	58.331730119685695	0.0	353220	5171.482896376125	0.75
130824.68473339379	750	55.13583337122158	0.0	405134	7195.896748464109	0.75
130832.92160995357	750	50.898956811444265	0.0	386351	8236.876559777316	0.75
130834.59040034165	300	53.230166423368665	0.0	179801	1668.7903880755987	-0.15000000000000002
130835.61419359417	300	56.206373170841154	0.0	140051	1023.79325252752	0.3
130836.60831217114	300	59.212254593860884	0.0	138313	994.1185769802718	0.3
130838.66221704298	300	59.525761187848516	0.0	143509	1186.4934060123628	0.3
130841.22591519577	300	59.86261784437424	0.0	150616	2163.143343474276	0.3
130844.11250876712	300	59.92959846333775	0.0	165384	1933.0193810364929	0.3
130846.80327601013	300	59.95550193699089	0.0	140881	1974.0965263468513	0.3
130848.307415268	300	59.56676766640047	0.0	157671	888.7342705904134	0.3
130850.1929208086	300	59.55721738973879	0.0	157812	1509.5502766616835	0.3
130854.17366861175	300	59.57646958658659	0.0	163927	2980.7478031522046	0.3
130855.54227900991	300	59.894515921049965	0.0	137654	1181.9536655366244	0.3
130857.69307845157	300	59.718444566533094	0.0	146754	1176.0713545168685	0.3
130859.10876431038	300	59.94796568069706	0.0	153938	770.4788858360369	0.3
130860.86254782713	300	59.66867740880473	0.0	181901	1279.2882718923263	0.3
130862.62806033202	300	59.89316877879336	0.0	111155	775.5086300113675	0.3
130863.57655250601	300	59.528424629228745	0.0	153605	864.7441495646207	0.3
130865.35363732737	300	59.8722562307687	0.0	149029	1156.168398460046	0.3
130867.87742316886	750	59.99082152147791	0.0	358218	2381.4347092907856	0.3
130871.34466067083	750	59.823878336585054	0.0	400322	2666.943184892857	0.75
130874.31058089956	750	59.93056538076271	0.0	369834	2393.312955822344	0.75
130877.3321465687	750	59.82158618264874	0.0	412837	2608.97919811397	0.75
130879.78422323038	750	59.54634108732774	0.0	401088	2275.2450953209977	0.75
130882.57761382566	750	59.618061572854835	0.0	365161	1928.2795144729057	0.75
130885.09558825748	750	59.66212989735501	0.0	321064	1955.9316754998295	0.75
130888.2844361767	750	59.943727315903246	0.0	361565	2218.40258145176	0.75
130891.10149018625	750	59.944922980016344	0.0	378327	1998.804335886905	0.75
130893.79949717535	750	59.970544322290884	0.0	390680	2474.378657725457	0.75
130895.82822047328	750	59.59299683900953	0.0	345516	1877.547483281359	0.75
130899.16791393537	750	59.907238015306895	0.0	384505	2685.7588237026357	0.75
130904.01864978895	750	59.05650216172215	0.0	372093	4850.735853584743	0.75
130907.16341472112	750	59.911737229547505	0.0	438281	3144.764932174643	0.75
130910.53379858367	750	59.802263010329945	0.0	398987	3109.47421921756	0.75
130914.38583335158	750	59.947200448040725	0.0	393804	2855.0625622892208	0.75
130919.50577979909	1200	58.82725400053304	0.0	538612	5119.946447507688	0.75
130933.33522443486	2850	48.99780936475471	0.0	1364537	13829.444635778334	1.2000000000000002
130937.00855275322	750	49.324481046397864	0.0	450283	3673.3283183568383	0.75
130941.38832246409	750	48.94471133553024	0.0	398865	4379.769710867626	0.75
130944.7240125697	750	49.60902122993174	0.0	350812	3335.690105598498	0.75
130947.73631201897	750	50.596721780657504	0.0	382355	3012.2994492742355	0.75
130951.40119390578	750	50.9318398938418	0.0	411561	3664.881886815709	0.75
130955.37407689095	750	50.9589569086797	0.0	318564	3972.8829851620912	0.75
130964.74782357759	750	45.585210222034235	0.0	352642	9373.746686645467	0.75
130970.497882716	300	43.83515108362495	0.0	173849	5750.059138409285	-0.15000000000000002
130974.21340129102	300	44.11963250859322	0.0	150710	3715.5185750317346	0.3
130977.5765672434	300	44.75646655620742	0.0	139105	3363.165952385795	0.3
130979.76420279844	300	46.568831001178594	0.0	141840	2187.6355550288285	0.3
130983.08019604604	300	47.252837753585894	0.0	156148	3315.9932475926994	0.3
130985.27212811774	300	49.06090568189262	0.0	160746	2191.9320716932802	0.3
130987.19287077943	300	51.140163020207176	0.0	179801	1920.742661685442	0.3
130988.61221131153	300	53.720822488096005	0.0	140051	1419.3405321111682	0.3
130990.24193334661	300	56.091100453019415	0.0	138313	1629.7220350765945	0.3
130991.60396338296	300	58.729070416668506	0.0	143509	1362.03003635091	0.3
130993.15248667283	300	59.543859890237044	0.0	150616	1185.210526431462	0.3
130994.63779525743	300	59.56286197965617	0.0	165384	1480.9979105808718	0.3
130996.13389457813	300	59.60096765630761	0.0	140881	961.8943233485641	0.3
130997.31823818969	300	59.686898349206785	0.0	157671	914.0693071008205	0.3
130999.06995996718	300	59.76617461269758	0.0	157812	920.7237365092028	0.3
131001.8366616315	750	59.653822801025406	0.0	401853	2112.35181167218	0.3
131004.33665578133	750	59.58050065243637	0.0	343800	2073.322148589028	0.75
131007.17401621927	750	59.75965643407642	0.0	359903	2820.844218359954	0.75
131011.33785022277	750	59.595822430583226	0.0	379700	3663.8340034931884	0.75
131015.37525433379	750	59.548295486612254	0.0	425781	3547.5269439709737	0.75
131017.87407721805	750	59.5688226280178	0.0	277716	2479.472858594455	0.75
131021.66701198964	750	59.77588785641305	0.0	400396	3792.9347716047455	0.75
131025.46706640706	750	59.97583343899397	0.0	400508	3300.0544174190823	0.75
131028.72128598475	750	59.50989325748254	0.0	358218	2965.940181511432	0.75
131033.11875676642	750	59.11242247581785	0.0	400322	4397.470781664686	0.75
131036.39053652112	750	59.84064272112434	0.0	369834	2771.779754693511	0.75
131038.44855993417	750	59.84539598086704	0.0	412837	1995.2467402572986	0.75
131041.32828121536	750	59.76592367666767	0.0	401088	2079.472304199373	0.75
131044.23317829767	750	59.90859962402358	0.0	365161	2357.3240526440854	0.75
131047.87218635717	750	59.69388210909753	0.0	321064	2214.7175149260534	0.75
131051.00678730142	750	59.922726909252816	0.0	361565	2771.1551998447185	0.75
131054.99840220598	750	59.931112004699614	0.0	378327	3491.6149045531997	0.75
131058.06037296905	750	59.718656947651155	0.0	390680	2212.4550570484553	0.75
131061.23279510342	750	59.94220373346558	0.0	345516	2776.4532141855766	0.75
131063.54894734055	750	59.82761207501346	0.0	384505	2114.5916584521183	0.75
131066.75164691026	750	59.69704257948868	0.0	372093	3130.569495524784	0.75
131070.05037375995	750	59.88874419172725	0.0	438281	2808.298387761435	0.75
131073.0828122222	750	59.976739191580876	0.0	398987	2912.005000146377	0.75
131077.35455072878	1200	59.70500068497418	0.0	638661	4271.73850660669	0.75
131083.8607228745	1850	57.19882853925739	0.0	830730	6506.172145716796	1.2000000000000002
131097.50849597235	2850	47.55105544139903	0.0	1364537	13647.77309785836	1.85
131101.1825141035	750	47.877037310229035	0.0	450283	3674.0181311699994	0.75
131103.83299163455	750	49.226559779191724	0.0	398865	2650.4775310373097	0.75
131106.51585647202	750	50.54369494171533	0.0	350812	2682.864837476391	0.75
131110.545922537	750	50.51362887672526	0.0	382355	4030.0660649900756	0.75
131117.01343087538	750	48.046120538343224	0.0	411561	6467.50833838203	0.75
131121.12780404597	750	47.93174736775556	0.0	318564	4114.373170587663	0.75
131122.7025498236	300	50.35700159013803	0.0	153295	1574.7457776175318	-0.15000000000000002
131124.30237814135	300	52.75717327237198	0.0	173849	1599.8283177660578	0.3
131125.7779955265	300	55.281555887220776	0.0	150710	1475.6173851511978	0.3
131127.49844030722	300	57.561111106498345	0.0	139105	1720.4447807224385	0.3
131129.16844236845	300	59.560640849467795	0.0	141840	1500.4702570305478	0.3
131131.3875447452	300	59.7303555632007	0.0	156148	1330.2852862670882	0.3
131134.33486829992	300	59.57610233106772	0.0	160746	2154.253232132978	0.3
131137.19664328409	300	59.9522500002991	0.0	179801	2623.852330768625	0.3
131139.3432763325	300	59.87739480277381	0.0	140051	2074.8551975252913	0.3
131140.59168687675	300	59.71007845610442	0.0	138313	1167.3163466693866	0.3
131144.3957980471	300	59.9059672857353	0.0	143509	1804.111170369119	0.3
131148.38718287885	300	59.91458245398756	0.0	150616	3491.3848317477396	0.3
131151.79351803596	300	59.79970997527117	0.0	165384	2614.872478716388	0.3
131154.96491862164	300	59.63474102164356	0.0	140881	2664.9689536276137	0.3
131158.93881400765	300	59.66084563562278	0.0	157671	3973.8953860207866	0.3
131161.60457727927	300	59.64312750883925	0.0	157812	2017.7181267835288	0.3
131163.1432374201	300	59.672320010849056	0.0	163927	1470.8074979901971	0.3
131164.33669318902	300	59.50001844778796	0.0	137654	1172.301563061099	0.3
131165.74927833606	300	59.66930297719889	0.0	146754	830.7154705890691	0.3
131167.4283577403	300	59.56569811332186	0.0	153938	1103.6048638770328	0.3
131169.32102359878	300	59.52260245425416	0.0	181901	1543.0956590676924	0.3
131171.41411545518	300	59.570341625772215	0.0	111155	952.2608284819487	0.3
131173.16147944285	300	59.601575145882755	0.0	153605	968.7664798894561	0.3
131174.59554641115	300	59.56484041561986	0.0	149029	1036.7347302629007	0.3
131176.30137743134	300	59.70509102455715	0.0	157421	859.7493910627055	0.3
131177.87174611219	300	59.76794749868809	0.0	157488	937.1435258690587	0.3
131180.38241736288	750	59.924224450836896	0.0	369834	2343.723047851189	0.3
131184.04496869087	750	59.760922888255955	0.0	412837	2663.301562580939	0.75
131186.84102077	750	59.8175217313947	0.0	401088	1943.4011568612582	0.75
131189.06820258894	750	59.92075628304645	0.0	365161	1896.7654483482488	0.75
131191.193636632	750	59.908747446824876	0.0	321064	2012.0088362215731	0.75
131195.20060755673	750	59.6469745878813	0.0	361565	3761.772858943572	0.75
131199.1295475111	750	59.71803463351431	0.0	378327	3928.9399543669992	0.75
131205.7589207894	750	57.08866135521697	0.0	390680	6629.37327829733	0.75
131210.06700201565	750	56.78058012895627	0.0	345516	4308.081226260706	0.75
131215.35738864267	750	55.49019350195981	0.0	384505	5290.386626996458	0.75
131217.22951160098	300	57.61807054363739	0.0	145210	1872.1229583224197	-0.15000000000000002
131219.2969249606	300	59.550657184045356	0.0	172312	2067.413359592034	0.3
131221.63108889377	300	59.867332952256156	0.0	167025	2183.324231789199	0.3
131224.34360949747	300	59.963492501115574	0.0	160064	1903.840451140581	0.3
131228.65085369276	750	59.656248305830935	0.0	331053	3807.2441952846366	0.3
131237.25724270393	1850	55.04985929465034	0.0	846370	8606.389011180596	0.75
131241.5615036669	750	54.74559833168021	0.0	450283	4304.2609629701265	0.75
131246.91281882557	750	53.39428317300582	0.0	398865	5351.315158674397	0.75
131251.25361006398	750	53.05349193461331	0.0	350812	4340.791238392506	0.75
131254.0200896996	300	54.287012298992884	0.0	155432	2766.4796356204224	-0.15000000000000002
131256.1904329363	300	56.116669062291855	0.0	163442	2170.343236701033	0.3
131257.7161185781	300	58.59098342048117	0.0	126289	1525.6856418106863	0.3
131260.5491734343	300	59.58055060897818	0.0	153295	2010.4328115029932	0.3
131263.64438050744	300	59.8592580947636	0.0	173849	2721.29251421458	0.3
131265.6306422525	300	59.69308450167723	0.0	150710	1666.1735930863686	0.3
131267.06535275918	300	59.785773324329796	0.0	139105	1407.311177347427	0.3
131269.17501971545	300	59.80963951085826	0.0	141840	1476.1338134715397	0.3
131271.3959583746	300	59.710936752694195	0.0	156148	1598.7027581640618	0.3
131273.19811588648	300	59.98497594722901	0.0	160746	1725.9608054651842	0.3
131276.15433910853	300	59.96596268943065	0.0	179801	2019.0132577983588	0.3
131278.59769842983	300	59.87738801091137	0.0	140051	1588.5746785192803	0.3
131282.0247333686	300	59.73726286289832	0.0	138313	2640.125148013043	0.3
131283.84566484086	300	59.89425202216259	0.0	143509	1343.01084073573	0.3
131285.80382708763	300	59.53963121452844	0.0	150616	1354.6208076341475	0.3
131287.3436865393	300	59.76047220825937	0.0	165384	1279.1590062690643	0.3
131289.0507014003	300	59.98381500047615	0.0	140881	1276.6572077832263	0.3
131290.88436803495	300	59.54166050974304	0.0	157671	1442.1544907331113	0.3
131292.2851825841	300	59.69700930713172	0.0	157812	1344.651202611311	0.3
131293.87369564644	300	59.610834449228065	0.0	163927	1586.1748579036562	0.3
131295.53482200333	300	59.91694037299557	0.0	137654	1193.8940762325035	0.3
131299.912668546	750	59.53909383032007	0.0	359903	3877.846542675503	0.3
131303.70074966183	750	59.751012714487466	0.0	379700	3288.0811158326032	0.75
131307.7692536265	750	59.682508749833936	0.0	425781	3568.5039646535315	0.75
131310.6153006469	750	59.87531719155391	0.0	277716	2307.1915582800234	0.75
131314.99436658528	750	59.49625125317605	0.0	400396	4379.065938377859	0.75
131317.3568387687	750	59.66897586170907	0.0	400508	2327.2753914669775	0.75
131320.20086017528	750	59.90456355439894	0.0	358218	2264.4123073101264	0.75
131323.48924965772	750	59.68817336281117	0.0	400322	2716.390191587772	0.75
131326.3786711004	750	59.881962286914714	0.0	369834	2806.211075896459	0.75
131329.92430715772	750	59.54974944162273	0.0	412837	3332.2128452919846	0.75
131333.78651606326	750	59.68754053607328	0.0	401088	3362.2089055494484	0.75
131337.02341948214	750	59.6974048854394	0.0	365161	2990.1356506338766	0.75
131339.5705554604	750	59.69222078043313	0.0	321064	2505.1841050062667	0.75
131343.7728644899	750	59.48991175092173	0.0	361565	4202.309029511408	0.75
131348.9455740363	750	58.3172022045149	0.0	378327	5172.709546406824	0.75
131356.13484738316	750	55.12792885766587	0.0	390680	7189.273346849024	0.75

