6.607758736420716	750	4.0	6.607758736420716	450283	6607.758736420716	1	-27.663362566609077
8.218863430840456	300	6.3888953055802595	0.0	155580	1611.1046944197403	2.5914800458571703	-0.15000000000000002
9.340827024538232	300	9.266931711882483	0.0	139857	1121.9635936977763	2.5914800458571703	0.3
10.58453136646138	300	12.023227369959335	0.0	155432	1243.7043419231486	2.5914800458571703	0.3
11.839706268990193	300	14.768052467430522	0.0	163442	1255.174902528814	2.5914800458571703	0.3
13.075700751525128	300	17.53205798489559	0.0	126289	1235.9944825349344	2.5914800458571703	0.3
14.196050326997002	300	20.411708409423714	0.0	153295	1120.3495754718733	2.5914800458571703	0.3
15.413762189026155	300	23.193996547394562	0.0	173849	1217.7118620291524	2.5914800458571703	0.3
16.441600426248616	300	26.1661583101721	0.0	150710	1027.8382372224632	2.5914800458571703	0.3
17.68059932950957	300	28.927159406911148	0.0	139105	1238.998903260951	2.5914800458571703	0.3
18.67800506531968	300	31.929753671101036	0.0	141840	997.4057358101136	2.5914800458571703	0.3
20.05840785497307	300	34.54935088144765	0.0	156148	1380.402789653389	2.5914800458571703	0.3
21.225287415970328	300	37.38247132045039	0.0	160746	1166.8795609972592	2.5914800458571703	0.3
24.128633943222578	750	38.47912479319814	0.0	434409	2903.3465272522535	2.5914800458571703	0.3
26.56570889594168	750	40.04204984047904	0.0	337059	2437.0749527190997	2.5914800458571703	0.75
29.34759389034469	750	41.26016484607603	0.0	366214	2781.8849944030117	2.5914800458571703	0.75
32.31839369263713	750	42.28936504378359	0.0	360831	2970.799802292442	2.5914800458571703	0.75
35.378776902903	750	43.22898183351772	0.0	372963	3060.3832102658735	2.5914800458571703	0.75
38.23622627118363	750	44.37153246523709	0.0	405596	2857.4493682806255	2.5914800458571703	0.75
40.56750089762043	750	46.040257838800294	0.0	350713	2331.274626436796	2.5914800458571703	0.75
44.84825158186464	1200	45.75950715455609	0.0	601738	4280.750684244205	0.8020721992329184	0.75
49.550698418314134	1200	45.05706031810659	0.0	616206	4702.446836449499	0.8020721992329184	1.2
58.07840403269999	1850	40.52935470372074	0.0	968026	8527.705614385857	0.8020721992329184	1.2000000000000002
64.07842718362458	1850	38.52933155279614	0.0	874175	6000.023150924601	0.8020721992329184	1.85
71.17970652845575	1850	35.42805220796498	0.0	897976	7101.27934483116	0.8020721992329184	1.85
78.5097726898518	1850	32.09798604656893	0.0	905935	7330.066161396054	0.8020721992329184	1.85
89.70345483230523	1850	24.904303904115505	0.0	1076599	11193.682142453421	0.8020721992329184	1.85
94.3348655706415	1200	24.27289316577924	0.0	487160	4631.410738336264	0.8020721992329184	0.5499999999999999
99.96677364041426	1200	22.640985096006478	0.0	622896	5631.908069772764	0.8020721992329184	1.2
105.26203219655169	1200	21.345726539869048	0.0	641447	5295.258556137432	0.8020721992329184	1.2
110.35830973017062	1200	20.24944900625013	0.0	570392	5096.277533618915	0.8020721992329184	1.2
116.03321717490407	1200	18.57454156151668	0.0	620283	5674.907444733453	0.8020721992329184	1.2
120.23423354670076	1200	18.373525189719988	0.0	584349	4201.016371796689	0.8020721992329184	1.2
125.34612892176679	1200	17.261629814653965	0.0	670129	5111.895375066023	0.8020721992329184	1.2
130.87743447030425	1200	15.730324266116499	0.0	690253	5531.305548537468	0.8020721992329184	1.2
135.80733702508476	1200	14.80042171133599	0.0	598727	4929.902554780509	0.8020721992329184	1.2
140.4832274999766	1200	14.124531236444138	0.0	487812	4675.890474891851	0.8020721992329184	1.2
143.79947539198295	750	14.80828334443781	0.0	361565	3316.2478920063304	0.8020721992329184	0.3
147.9318843706316	750	14.675874365789165	0.0	378327	4132.408978648645	0.8020721992329184	0.75
151.43052686721654	750	15.177231869204233	0.0	390680	3498.6424965849315	0.8020721992329184	0.75
154.9319526062606	750	15.675806130160163	0.0	345516	3501.42573904407	0.8020721992329184	0.75
158.5687476329927	750	16.039011103428045	0.0	384505	3636.7950267321185	0.8020721992329184	0.75
162.16510366823346	750	16.442655068187296	0.0	372093	3596.356035240749	0.8020721992329184	0.75
165.92494048567065	750	16.68281825075012	0.0	438281	3759.83681743718	0.8020721992329184	0.75
169.35884758293878	750	17.24891115348196	0.0	398987	3433.907097268158	0.8020721992329184	0.75
175.2150920105758	1200	15.392666725844924	0.0	638661	5856.244427637037	0.8020721992329184	0.75
179.73818845277896	1200	14.86957028364178	0.0	538612	4523.096442203142	0.8020721992329184	1.2
199.47983224212854	2850	4.0	4.872073505707776	1364537	19741.643789349557	0.8020721992329184	-19.749916074543435
203.34629525286599	750	4.133536989262524	0.0	450283	3866.463010737476	0.8020721992329184	0.75
204.87239491459957	300	6.607437327528942	0.0	155580	1526.0996617335827	0.8020721992329184	-0.15000000000000002
206.56340043204133	300	8.916431810087204	0.0	139857	1691.0055174417387	0.8020721992329184	0.3
208.34348381156457	300	11.13634843056396	0.0	155432	1780.0833795232447	0.8020721992329184	0.3
210.40140028583608	300	13.07843195629245	0.0	163442	2057.9164742715093	0.8020721992329184	0.3
212.39734164470397	300	15.082490597424574	0.0	126289	1995.9413588678763	0.8020721992329184	0.3
214.08894670048045	300	17.39088554164809	0.0	153295	1691.6050557764866	0.8020721992329184	0.3
216.11281939833705	300	19.36701284379149	0.0	173849	2023.8726978565976	0.8020721992329184	0.3
217.73132571150023	300	21.748506530628312	0.0	150710	1618.5063131631782	0.8020721992329184	0.3
219.5036355846961	300	23.976196657432414	0.0	139105	1772.3098731958955	0.8020721992329184	0.3
222.1142267080881	300	25.36560553404042	0.0	141840	2610.591123391996	0.8020721992329184	0.3
225.36546215726725	300	26.114370084861292	0.0	156148	3251.235449179125	0.8020721992329184	0.3
229.75671156443235	300	25.723120677696155	0.0	160746	4391.249407165137	0.8020721992329184	0.3
233.73057832310639	300	25.749253919022124	0.0	179801	3973.866758674029	0.8020721992329184	0.3
235.9656198617089	300	27.51421238041961	0.0	140051	2235.041538602511	0.8020721992329184	0.3
238.52931147456468	300	28.950520767563816	0.0	138313	2563.6916128557978	0.8020721992329184	0.3
241.7496778716657	300	29.730154370462788	0.0	143509	3220.3663971010296	0.8020721992329184	0.3
243.34263579589813	300	32.137196446230384	0.0	150616	1592.9579242324087	0.8020721992329184	0.3
245.20135498026602	300	34.2784772618625	0.0	165384	1858.719184367878	0.8020721992329184	0.3
248.65462252157542	300	34.82520972055309	0.0	140881	3453.267541309414	0.8020721992329184	0.3
251.34901278689446	300	36.13081945523405	0.0	157671	2694.390265319039	0.8020721992329184	0.3
253.07564883159782	300	38.404183410530685	0.0	157812	1726.6360447033628	0.8020721992329184	0.3
256.48086305958884	750	38.998969182539696	0.0	401853	3405.214227990991	0.8020721992329184	0.3
259.83024441434	750	39.64958782778858	0.0	343800	3349.381354751117	0.8020721992329184	0.75
265.0134053746434	750	38.46642686748513	0.0	359903	5183.160960303442	0.8020721992329184	0.75
270.90329579036285	750	36.576536451765655	0.0	379700	5889.890415719476	0.8020721992329184	0.75
281.23920041497723	750	30.240631827151304	0.0	425781	10335.904624614352	0.8020721992329184	0.75
291.783229267854	750	23.69660297427448	0.0	277716	10544.028852876823	0.8020721992329184	0.75
304.3123032456093	750	15.167528996519168	0.0	400396	12529.073977755312	0.8020721992329184	0.75
308.2149715250178	300	15.264860717110711	0.0	149029	3902.6682794084572	0.8020721992329184	-0.15000000000000002
312.7448658463714	300	14.734966395757128	0.0	157421	4529.894321353583	0.8020721992329184	0.3
314.9934896183939	300	16.486342623734643	0.0	157488	2248.6237720224844	0.8020721992329184	0.3
316.9202677441797	300	18.559564497948806	0.0	143881	1926.7781257858344	0.8020721992329184	0.3
318.7911338491078	300	20.688698393020747	0.0	163444	1870.8661049280583	0.8020721992329184	0.3
321.5805635575396	300	21.89926868458894	0.0	179328	2789.4297084318064	0.8020721992329184	0.3
323.5187186433538	300	23.961113598774777	0.0	159914	1938.1550858141618	0.8020721992329184	0.3
325.1149466205826	300	26.364885621545938	0.0	131610	1596.227977228838	0.8020721992329184	0.3
326.5269304339566	300	28.95290180817196	0.0	124011	1411.9838133739781	0.8020721992329184	0.3
332.5857873057032	750	26.894044936425328	0.0	378327	6058.85687174663	0.8020721992329184	0.3
338.41555427749927	750	25.06427796462929	0.0	390680	5829.766971796039	0.8020721992329184	0.75
341.1723857074283	750	26.307446534700208	0.0	345516	2756.8314299290832	0.8020721992329184	0.75
346.48446159004135	750	24.995370652087207	0.0	384505	5312.075882613	0.8020721992329184	0.75
356.3958972376672	750	19.08393500446134	0.0	372093	9911.435647625867	0.8020721992329184	0.75
369.81715068172906	750	9.662681560399482	0.0	438281	13421.253444061856	0.8020721992329184	0.75
374.569088530714	300	8.910743711414561	0.0	167025	4751.93784898492	0.8020721992329184	-0.15000000000000002
380.69939630099776	300	6.780435941130773	0.0	160064	6130.307770283788	0.8020721992329184	0.3
385.78484170530913	300	5.694990536819395	0.0	137507	5085.445404311378	0.8020721992329184	0.3
389.7894602958794	300	5.690371946249108	0.0	118421	4004.6185905702873	0.8020721992329184	0.3
401.8163998425389	750	4.0	6.33656760041037	450283	12026.939546659478	0.8020721992329184	-26.49724068176459
407.2911665379279	300	4.0	1.4747666953890102	155580	5474.76669538901	0.8020721992329184	-6.491496790172744
410.5260317292343	300	4.765134808693546	0.0	139857	3234.865191306454	0.8020721992329184	0.3
412.0974502290734	300	7.19371630885449	0.0	155432	1571.418499839057	0.8020721992329184	0.3
413.5010491694254	300	9.790117368502505	0.0	163442	1403.5989403519843	0.8020721992329184	0.3
414.8011479547345	300	12.490018583193407	0.0	126289	1300.0987853090987	0.8020721992329184	0.3
416.102061209362	300	15.18910532856593	0.0	153295	1300.9132546274775	0.8020721992329184	0.3
417.8948965706495	300	17.3962699672784	0.0	173849	1792.8353612875292	0.8020721992329184	0.3
421.04620492723484	750	18.24496161069309	0.0	374758	3151.308356585312	0.8020721992329184	0.3
424.02899398356794	750	19.262172554360035	0.0	362795	2982.789056333057	0.8020721992329184	0.75
427.6007386773718	750	19.69042786055612	0.0	353220	3571.7446938039157	0.8020721992329184	0.75
431.1073047026851	750	20.183861835242823	0.0	405134	3506.566025313296	0.8020721992329184	0.75
435.0744828958042	750	20.216683642123776	0.0	386351	3967.178193119051	0.8020721992329184	0.75
438.77212440869704	750	20.519042129230897	0.0	434409	3697.641512892877	0.8020721992329184	0.75
441.3210636234601	750	21.97010291446785	0.0	337059	2548.9392147630447	0.8020721992329184	0.75
444.2435333831693	750	23.047633154758667	0.0	366214	2922.4697597091845	0.8020721992329184	0.75
447.0112376000528	750	24.27992893787509	0.0	360831	2767.7042168835756	0.8020721992329184	0.75
451.42785592280717	750	23.863310615120746	0.0	372963	4416.618322754344	0.8020721992329184	0.75
454.78829675288773	750	24.50286978504024	0.0	405596	3360.44083008051	0.8020721992329184	0.75
457.538329149091	750	25.75283738883698	0.0	350713	2750.0323962032603	0.8020721992329184	0.75
460.8017237988821	750	26.489442739045852	0.0	386472	3263.3946497911265	0.8020721992329184	0.75
463.929733456162	750	27.36143308176591	0.0	399894	3128.0096572799425	0.8020721992329184	0.75
467.4445071683294	750	27.846659369598548	0.0	401853	3514.773712167364	0.8020721992329184	0.75
470.4370186512105	750	28.854147886717424	0.0	343800	2992.5114828811247	0.8020721992329184	0.75
473.1382243488651	750	30.152942189062873	0.0	359903	2701.205697654552	0.8020721992329184	0.75
477.35183525815495	1200	29.939331279773	0.0	590335	4213.610909289873	0.8020721992329184	0.75
482.2627879854275	1200	29.028378552500502	0.0	696376	4910.952727272498	0.8020721992329184	1.2
486.4211490551685	1200	28.870017482759494	0.0	487160	4158.361069741007	0.8020721992329184	1.2
490.36835460810113	1200	28.922811929826842	0.0	622896	3947.205552932649	0.8020721992329184	1.2
495.1074293555301	1200	28.183737182397927	0.0	641447	4739.074747428916	0.8020721992329184	1.2
499.09544376294457	1200	28.19572277498342	0.0	570392	3988.0144074145055	0.8020721992329184	1.2
503.235670214316	1200	28.055496323611944	0.0	620283	4140.226451371475	0.8020721992329184	1.2
507.31779391272397	1200	27.97337262520401	0.0	584349	4082.1236984079324	0.8020721992329184	1.2
512.3875495670678	1200	26.903616970860128	0.0	670129	5069.755654343884	0.8020721992329184	1.2
518.499965782317	1200	24.79120075561096	0.0	690253	6112.416215249167	0.8020721992329184	1.2
529.0061280372491	1200	18.2850385006789	0.0	598727	10506.162254932062	0.8020721992329184	1.2
535.016727693596	750	16.274438844332103	0.0	321064	6010.599656346796	0.8020721992329184	0.3
540.6466392158087	750	14.64452732211936	0.0	361565	5629.911522212744	0.8020721992329184	0.75
544.2747956745712	750	15.016370863356858	0.0	378327	3628.156458762502	0.8020721992329184	0.75
547.7357609979973	750	15.555405539930716	0.0	390680	3460.9653234261427	0.8020721992329184	0.75
550.6788342112915	750	16.61233232663654	0.0	345516	2943.0732132941744	0.8020721992329184	0.75
554.0092985913174	750	17.281867946610664	0.0	384505	3330.4643800258764	0.8020721992329184	0.75
558.6805912454325	750	16.61057529249553	0.0	372093	4671.292654115131	0.8020721992329184	0.75
567.0443209689947	750	12.24684556893329	0.0	438281	8363.72972356224	0.8020721992329184	0.75
572.8795812696976	750	10.411585268230352	0.0	398987	5835.260300702938	0.8020721992329184	0.75
577.3522715938095	750	9.93889494411854	0.0	393804	4472.690324111813	0.8020721992329184	0.75
581.5361937295884	750	9.754972808339618	0.0	331053	4183.92213577892	0.8020721992329184	0.75
588.0546418444462	750	7.2365246934818925	0.0	314107	6518.448114857726	0.8020721992329184	0.75
593.5931913441253	750	5.6979751938027885	0.0	450283	5538.549499679104	0.8020721992329184	0.75
598.9424294885555	300	4.348737049372591	0.0	155580	5349.238144430197	0.8020721992329184	-0.15000000000000002
603.5125099210907	300	4.0	0.22134338316259344	139857	4570.080432535185	0.8020721992329184	-0.6517765475991517
607.4237801694861	300	4.088729751604654	0.0	155432	3911.2702483953462	0.8020721992329184	0.3
611.0438665742973	300	4.4686433467933995	0.0	163442	3620.0864048112544	0.8020721992329184	0.3
612.7424716338687	300	6.770038287221896	0.0	126289	1698.6050595715042	0.8020721992329184	0.3
614.1972626524486	300	9.31524726864199	0.0	153295	1454.7910185799053	0.8020721992329184	0.3
616.4177428592944	300	11.094767061796176	0.0	173849	2220.4802068458134	0.8020721992329184	0.3
618.6309429450872	300	12.881566976003382	0.0	150710	2213.2000857927933	0.8020721992329184	0.3
620.0586382168733	300	15.453871704217278	0.0	139105	1427.6952717861045	0.8020721992329184	0.3
621.7068711515936	300	17.805638769496902	0.0	141840	1648.2329347203736	0.8020721992329184	0.3
623.234774192538	300	20.277735728552525	0.0	156148	1527.9030409443765	0.8020721992329184	0.3
625.6152117164786	300	21.897298204611925	0.0	160746	2380.4375239405986	0.8020721992329184	0.3
627.9283404290908	300	23.58416949199968	0.0	179801	2313.128712612246	0.8020721992329184	0.3
629.4943591507623	300	26.018150770328166	0.0	140051	1566.0187216715121	0.8020721992329184	0.3
632.850748888397	750	26.661761032693438	0.0	366214	3356.389737634732	0.8020721992329184	0.3
636.7658385441908	750	26.746671376899624	0.0	360831	3915.089655793815	0.8020721992329184	0.75
642.0572730027528	750	25.45523691833774	0.0	372963	5291.434458561887	0.8020721992329184	0.75
646.3753831142785	750	25.137126806811946	0.0	405596	4318.110111525793	0.8020721992329184	0.75
650.7232858104247	750	24.789224110665774	0.0	350713	4347.902696146173	0.8020721992329184	0.75
656.3216168323279	750	23.19089308876261	0.0	386472	5598.331021903164	0.8020721992329184	0.75
660.4014989339744	750	23.111010987116078	0.0	399894	4079.882101646534	0.8020721992329184	0.75
664.1049177476718	750	23.40759217341865	0.0	401853	3703.4188136974317	0.8020721992329184	0.75
666.319266188665	750	25.193243732425493	0.0	343800	2214.348440993155	0.8020721992329184	0.75
668.9433541614127	750	26.56915575967774	0.0	359903	2624.087972747751	0.8020721992329184	0.75
672.0561942677431	750	27.45631565334738	0.0	379700	3112.8401063303622	0.8020721992329184	0.75
675.5564565827667	750	27.956053338323684	0.0	425781	3500.2623150236977	0.8020721992329184	0.75
679.3781130511406	1200	28.13439686994977	0.0	487160	3821.6564683739125	0.8020721992329184	0.75
684.7049481414466	1200	26.80756177964385	0.0	622896	5326.835090305919	0.8020721992329184	1.2
690.0045979214705	1200	25.507911999620017	0.0	641447	5299.649780023834	0.8020721992329184	1.2
695.2035716540336	1200	24.308938267056856	0.0	570392	5198.973732563161	0.8020721992329184	1.2
699.7435348812078	1200	23.768975039882715	0.0	620283	4539.96322717414	0.8020721992329184	1.2
705.0477543836769	1200	22.464755537413595	0.0	584349	5304.219502469121	0.8020721992329184	1.2
709.9530337969097	1200	21.55947612418083	0.0	670129	4905.279413232765	0.8020721992329184	1.2
715.0799146629736	1200	20.432595258117	0.0	690253	5126.880866063829	0.8020721992329184	1.2
719.8579992340574	1200	19.654510687033266	0.0	598727	4778.084571083734	0.8020721992329184	1.2
724.4611148442684	1200	19.051395076822203	0.0	487812	4603.115610211064	0.8020721992329184	1.2
735.4225149402853	1200	12.08999498080543	0.0	575591	10961.400096016772	0.8020721992329184	1.2
742.2087967142751	1200	9.303713206815628	0.0	605884	6786.281773989803	0.8020721992329184	1.2
748.9943405182121	750	6.51816940287855	0.0	390680	6785.543803937077	0.8020721992329184	0.3
750.8554797884661	300	8.657030132624467	0.0	147968	1861.1392702540832	0.8020721992329184	-0.15000000000000002
752.3943696226868	300	11.118140298403842	0.0	161857	1538.8898342206228	0.8020721992329184	0.3
753.3954930751491	300	14.11701684594143	0.0	145210	1001.1234524624118	0.8020721992329184	0.3
754.4330195333437	300	17.07949038774697	0.0	172312	1037.5264581944625	0.8020721992329184	0.3
757.2218012218987	750	18.290708699191974	0.0	398987	2788.781688554995	0.8020721992329184	0.3
763.1192548535608	1200	16.39325506752979	0.0	638661	5897.453631662187	0.8020721992329184	0.75
784.6906650874146	1850	4.0	5.178155166323941	830730	21571.41023385373	0.8020721992329184	-21.06606721519294
788.5527970561318	300	4.137868031282832	0.0	118421	3862.1319687171667	0.8020721992329184	-1.25
796.4046206063216	750	4.0	3.7139555189069795	450283	7851.8235501898125	0.8020721992329184	-15.22000873130001
800.5481301173187	300	4.0	0.1435095109971371	155580	4143.509510997137	0.8020721992329184	-0.7670908972876895
802.2185040180782	300	6.329626099240537	0.0	139857	1670.373900759463	0.8020721992329184	0.3
803.6793672044654	300	8.868762912853363	0.0	155432	1460.8631863871738	0.8020721992329184	0.3
805.1654561056274	300	11.382674011691378	0.0	163442	1486.0889011619847	0.8020721992329184	0.3
806.2006452016052	300	14.34748491571372	0.0	126289	1035.1890959776592	0.8020721992329184	0.3
807.4046528982998	300	17.143477219019193	0.0	153295	1204.007696694526	0.8020721992329184	0.3
811.0797486958774	750	17.46838142144156	0.0	437162	3675.095797577631	0.8020721992329184	0.3
813.6772090274982	750	18.870921089820797	0.0	374758	2597.4603316207645	0.8020721992329184	0.75
816.0783375692811	750	20.469792548037837	0.0	362795	2401.1285417829613	0.8020721992329184	0.75
819.4119289549617	750	21.136201162357285	0.0	353220	3333.5913856805523	0.8020721992329184	0.75
822.1441343150561	750	22.403995802262806	0.0	405134	2732.205360094479	0.8020721992329184	0.75
824.7974737279385	750	23.75065638938043	0.0	386351	2653.3394128823747	0.8020721992329184	0.75
829.0229073726969	1200	23.525222744622035	0.0	687371	4225.433644758397	0.8020721992329184	0.75
832.413573816501	1200	24.134556300817966	0.0	526950	3390.6664438040675	0.8020721992329184	1.2
838.1371164647046	1200	22.411013652614308	0.0	587876	5723.542648203661	0.8020721992329184	1.2
843.6023829771827	1200	20.945747140136156	0.0	617242	5465.266512478153	0.8020721992329184	1.2
849.6284521250673	1200	18.91967799225164	0.0	581493	6026.069147884516	0.8020721992329184	1.2
856.4551729679481	1200	16.092957149370797	0.0	639204	6826.720842880845	0.8020721992329184	1.2
861.245681821048	750	15.302448296270908	0.0	350713	4790.508853099886	0.8020721992329184	0.3
864.6997196918446	750	15.848410425474334	0.0	386472	3454.037870796574	0.8020721992329184	0.75
867.3783887374228	750	17.169741379896106	0.0	399894	2678.669045578229	0.8020721992329184	0.75
870.1096988152561	750	18.438431302062853	0.0	401853	2731.3100778332523	0.8020721992329184	0.75
871.9809614404948	750	20.567168676824238	0.0	343800	1871.2626252386153	0.8020721992329184	0.75
874.4863566233853	750	22.061773493933632	0.0	359903	2505.395182890607	0.8020721992329184	0.75
881.0613970804691	1200	19.48673303684994	0.0	590335	6575.04045708369	0.8020721992329184	0.75
888.1070177222798	1200	16.441112395039212	0.0	696376	7045.620641810729	0.8020721992329184	1.2
890.991255565679	1200	17.5568745516399	0.0	487160	2884.237843399316	0.8020721992329184	1.2
895.6566320077196	1200	16.891498109599368	0.0	622896	4665.3764420405305	0.8020721992329184	1.2
902.0243025397789	1200	14.523827577540048	0.0	641447	6367.670532059319	0.8020721992329184	1.2
905.2586313640655	750	15.289498753253387	0.0	358218	3234.3288242866615	0.8020721992329184	0.3
909.0146968323344	750	15.533433284984575	0.0	400322	3756.065468268811	0.8020721992329184	0.75
911.7629636035527	750	16.78516651376623	0.0	369834	2748.266771218345	0.8020721992329184	0.75
914.1120925270449	750	18.4360375902742	0.0	412837	2349.1289234920287	0.8020721992329184	0.75
916.4275210907509	750	20.12060902656811	0.0	401088	2315.42856370609	0.8020721992329184	0.75
918.6871606220637	750	21.860969495255308	0.0	365161	2259.639531312804	0.8020721992329184	0.75
923.8488882140458	1200	20.699241903273283	0.0	487812	5161.727591982025	0.8020721992329184	0.75
929.0744424770153	1200	19.473687640303755	0.0	575591	5225.554262969528	0.8020721992329184	1.2
937.9939478948014	1200	14.554182222517671	0.0	605884	8919.505417786082	0.8020721992329184	1.2
944.0005324696107	1200	12.547597647708386	0.0	587506	6006.584574809286	0.8020721992329184	1.2
952.7455066889778	1200	7.802623428341222	0.0	566904	8744.974219367165	0.8020721992329184	1.2
954.910266485533	300	9.637863631785912	0.0	161857	2164.759796555309	0.8020721992329184	-0.6000000000000001
956.6498744790105	300	11.898255638308592	0.0	145210	1739.6079934773204	0.8020721992329184	0.3
958.2400050512612	300	14.308125066057892	0.0	172312	1590.1305722507004	0.8020721992329184	0.3
959.6587404826963	300	16.889389634622713	0.0	167025	1418.7354314351787	0.8020721992329184	0.3
964.2989510105405	750	16.249179106778538	0.0	393804	4640.210527844176	0.8020721992329184	0.3
969.2451011383972	1200	15.303028978921752	0.0	538612	4946.150127856785	0.8020721992329184	0.75
980.9748701415817	1850	7.573259975737235	0.0	846370	11729.769003184516	0.8020721992329184	1.2000000000000002
986.0951260307729	750	6.453004086546041	0.0	450283	5120.255889191194	0.8020721992329184	0.75
988.3740787402193	300	8.174051377099758	0.0	155580	2278.9527094462833	0.8020721992329184	-0.15000000000000002
989.8693342274216	300	10.678795889897376	0.0	139857	1495.2554872023832	0.8020721992329184	0.3
991.174414036618	300	13.373716080701023	0.0	155432	1305.0798091963536	0.8020721992329184	0.3
992.7072014039585	300	15.84092871336063	0.0	163442	1532.787367340393	0.8020721992329184	0.3
993.730611955436	300	18.817518161883136	0.0	126289	1023.410551477491	0.8020721992329184	0.3
996.2317562025837	300	20.316373914735415	0.0	153295	2501.144247147722	0.8020721992329184	0.3
1003.0366992983921	750	17.51143081892694	0.0	437162	6804.943095808473	0.8020721992329184	0.3
1007.5656575057574	750	16.982472611561683	0.0	374758	4528.958207365257	0.8020721992329184	0.75
1011.2249759349161	750	17.32315418240299	0.0	362795	3659.3184291586895	0.8020721992329184	0.75
1014.4607923223995	750	18.087337794919556	0.0	353220	3235.8163874834354	0.8020721992329184	0.75
1017.2375267233651	750	19.31060339395387	0.0	405134	2776.734400965686	0.8020721992329184	0.75
1019.8213424737661	750	20.726787643552967	0.0	386351	2583.8157504008996	0.8020721992329184	0.75
1023.872010480384	1200	20.676119636935006	0.0	687371	4050.668006617961	0.8020721992329184	0.75
1026.638741576704	1200	21.909388540615048	0.0	526950	2766.7310963199584	0.8020721992329184	1.2
1029.9477171131512	1200	22.60041300416783	0.0	587876	3308.975536447218	0.8020721992329184	1.2
1033.683990334407	1200	22.86413978291197	0.0	617242	3736.273221255859	0.8020721992329184	1.2
1038.1004413057988	1200	22.44768881152025	0.0	581493	4416.45097139172	0.8020721992329184	1.2
1043.5724833934785	1200	20.975646723840615	0.0	639204	5472.042087679637	0.8020721992329184	1.2
1047.0673909918855	1200	21.480739125433594	0.0	586839	3494.907598407023	0.8020721992329184	1.2
1051.532301715367	1200	21.015828401952117	0.0	601738	4464.9107234814755	0.8020721992329184	1.2
1055.629091913265	1200	20.919038204054168	0.0	616206	4096.79019789795	0.8020721992329184	1.2
1059.7278034838853	1200	20.82032663343397	0.0	656471	4098.711570620193	0.8020721992329184	1.2
1064.435583156782	1200	20.112546960537262	0.0	536667	4707.779672896706	0.8020721992329184	1.2
1072.2808363513059	1200	16.26729376601335	0.0	587236	7845.2531945239125	0.8020721992329184	1.2
1075.8423155803978	750	16.705814536921558	0.0	379700	3561.479229091795	0.8020721992329184	0.3
1079.4782090786139	750	17.06992103870539	0.0	425781	3635.8934982161672	0.8020721992329184	0.75
1081.8236087268679	750	18.724521390451343	0.0	277716	2345.399648254047	0.8020721992329184	0.75
1086.5828470996644	750	17.965283017654784	0.0	400396	4759.238372796562	0.8020721992329184	0.75
1091.8068518272335	750	16.741278290085518	0.0	400508	5224.004727569269	0.8020721992329184	0.75
1096.629426387774	750	15.918703729545038	0.0	358218	4822.574560540477	0.8020721992329184	0.75
1101.3413264356238	750	15.206803681695067	0.0	400322	4711.900047849971	0.8020721992329184	0.75
1104.198648224859	750	16.349481892460066	0.0	369834	2857.3217892350017	0.8020721992329184	0.75
1108.1226407458523	750	16.4254893714668	0.0	412837	3923.992520993267	0.8020721992329184	0.75
1112.2046800865564	750	16.34345003076271	0.0	401088	4082.0393407040888	0.8020721992329184	0.75
1115.1353072389682	750	17.412822878350912	0.0	365161	2930.6271524117997	0.8020721992329184	0.75
1118.6493074661346	750	17.898822651184346	0.0	321064	3514.000227166564	0.8020721992329184	0.75
1121.7730878099355	750	18.775042307383615	0.0	361565	3123.780343800733	0.8020721992329184	0.75
1124.4333417200728	750	20.114788397246265	0.0	378327	2660.253910137349	0.8020721992329184	0.75
1127.9766300806123	750	20.57150003670667	0.0	390680	3543.288360539594	0.8020721992329184	0.75
1130.5068164653883	750	22.04131365193085	0.0	345516	2530.1863847758214	0.8020721992329184	0.75
1133.8127033898693	750	22.735426727449713	0.0	384505	3305.8869244811353	0.8020721992329184	0.75
1137.018072523729	750	23.53005759359006	0.0	372093	3205.36913385965	0.8020721992329184	0.75
1139.9501838199878	750	24.597946297331152	0.0	438281	2932.1112962589095	0.8020721992329184	0.75
1142.9334512221697	750	25.614678895149375	0.0	398987	2983.2674021817775	0.8020721992329184	0.75
1151.0664123219694	1850	21.481717795349763	0.0	982064	8132.961099799613	0.8020721992329184	0.75
1157.288989593442	1850	19.25914052387718	0.0	830730	6222.5772714725845	0.8020721992329184	1.85
1171.8220031021617	2850	8.726127015157635	0.0	1364537	14533.013508719541	0.8020721992329184	1.85
1175.2069512241237	750	9.341178893195428	0.0	450283	3384.948121962207	0.8020721992329184	0.75
1178.128802732556	750	10.419327384763216	0.0	398865	2921.851508432213	0.8020721992329184	0.75
1180.8109684492936	750	11.737161668025815	0.0	350812	2682.1657167374015	0.8020721992329184	0.75
1184.0720635822877	750	12.476066535031716	0.0	382355	3261.0951329940985	0.8020721992329184	0.75
1187.443732295846	750	13.104397821473155	0.0	411561	3371.6687135585607	0.8020721992329184	0.75
1190.3770189131237	750	14.171111204195512	0.0	318564	2933.2866172776435	0.8020721992329184	0.75
1193.184454352272	750	15.36367576504735	0.0	352642	2807.4354391481606	0.8020721992329184	0.75
1197.0276306406752	750	15.520499476644163	0.0	437162	3843.1762884031864	0.8020721992329184	0.75
1200.2082519707808	750	16.33987814653849	0.0	374758	3180.6213301056755	0.8020721992329184	0.75
1204.1547997254418	750	16.393330391877534	0.0	362795	3946.5477546609536	0.8020721992329184	0.75
1207.3404645687292	750	17.20766554858992	0.0	353220	3185.6648432876163	0.8020721992329184	0.75
1210.5504637591175	750	17.997666358201666	0.0	405134	3209.99919038825	0.8020721992329184	0.75
1213.4200926717883	750	19.128037445530865	0.0	386351	2869.628912670803	0.8020721992329184	0.75
1216.946475886687	750	19.60165423063217	0.0	434409	3526.383214898692	0.8020721992329184	0.75
1219.7375599497386	750	20.81057016758051	0.0	337059	2791.0840630516623	0.8020721992329184	0.75
1223.1669281454556	750	21.38120197186349	0.0	366214	3429.368195717021	0.8020721992329184	0.75
1227.024629946659	750	21.523500170660284	0.0	360831	3857.7018012032067	0.8020721992329184	0.75
1229.9563614076558	750	22.591768709663448	0.0	372963	2931.731460996836	0.8020721992329184	0.75
1233.1110301705835	750	23.43709994673586	0.0	405596	3154.6687629275866	0.8020721992329184	0.75
1236.8119598428689	750	23.736170274450338	0.0	350713	3700.929672285521	0.8020721992329184	0.75
1242.1674863207522	750	22.380643796567032	0.0	386472	5355.526477883308	0.8020721992329184	0.75
1247.390428346754	750	21.157701770565147	0.0	399894	5222.9420260018815	0.8020721992329184	0.75
1252.5409631465657	750	20.007166970753477	0.0	401853	5150.534799811671	0.8020721992329184	0.75
1256.2413543645157	750	20.30677575280342	0.0	343800	3700.3912179500603	0.8020721992329184	0.75
1259.2726995968385	750	21.275430520480498	0.0	359903	3031.3452323229217	0.8020721992329184	0.75
1262.8237230571242	750	21.724407060194658	0.0	379700	3551.0234602858404	0.8020721992329184	0.75
1268.7515051792702	750	19.79662493804869	0.0	425781	5927.782122145965	0.8020721992329184	0.75
1271.1545339263778	750	21.393596190941036	0.0	277716	2403.028747107656	0.8020721992329184	0.75
1274.2890215501643	750	22.259108567154527	0.0	400396	3134.487623786511	0.8020721992329184	0.75
1277.5250096685418	750	23.023120448777025	0.0	400508	3235.9881183775	0.8020721992329184	0.75
1279.8872091017213	750	24.660921015597758	0.0	358218	2362.1994331792716	0.8020721992329184	0.75

