148279.00898678505	750	4.0	2.543860366369958	450283	2543.860366369958	-10.18859957539082
148280.27158633017	300	6.737400454876918	0.0	155580	1262.5995451230822	-0.15000000000000002
148281.720452287	300	9.288534498063877	0.0	139857	1448.8659568130427	0.3
148283.0902130615	300	11.91877372354201	0.0	155432	1369.7607745218677	0.3
148284.24224841828	300	14.766738366776632	0.0	163442	1152.0353567653783	0.3
148285.20667362117	300	17.802313163878573	0.0	126289	964.4252028980571	0.3
148286.28403631647	300	20.72495046857402	0.0	153295	1077.3626953045568	0.3
148287.4696332824	300	23.53935350266576	0.0	173849	1185.596965908255	0.3
148288.46034015727	300	26.548646627776165	0.0	150710	990.7068748895979	0.3
148291.09128616517	750	27.917700619857527	0.0	362795	2630.9460079186397	0.3
148293.8142837616	750	29.19470302345136	0.0	353220	2722.997596406164	0.75
148296.71441099848	750	30.294575786544762	0.0	405134	2900.1272369065987	0.75
148299.41891244936	750	31.59007433568674	0.0	386351	2704.501450858026	0.75
148305.07467868502	750	29.93430810002367	0.0	434409	5655.766235663068	0.75
148308.212390396	750	30.796596389040825	0.0	337059	3137.711710982848	0.75
148310.9295202599	750	32.07946652512776	0.0	366214	2717.1298639130578	0.75
148313.62792404936	750	33.381062735685205	0.0	360831	2698.4037894425614	0.75
148316.40458054774	750	34.60440623729074	0.0	372963	2776.656498394467	0.75
148319.9391450705	750	35.06984171455933	0.0	405596	3534.564522731402	0.75
148322.73638656715	750	36.272600217913045	0.0	350713	2797.24149664629	0.75
148326.4284745903	750	36.5805121947579	0.0	386472	3692.0880231551396	0.75
148329.972259044	750	37.03672774103693	0.0	399894	3543.784453720975	0.75
148335.4721965008	750	35.536790284236574	0.0	401853	5499.937456800351	0.75
148339.08384568148	750	35.925141103542785	0.0	343800	3611.649180693787	0.75
148343.15027809833	750	35.858708686711225	0.0	359903	4066.432416831569	0.75
148346.21769130402	750	36.79129548100148	0.0	379700	3067.4132057097454	0.75
148349.5732868446	750	37.43569994045226	0.0	425781	3355.5955405492236	0.75
148351.93542818486	750	39.07355860016839	0.0	277716	2362.141340283863	0.75
148355.6343653322	750	39.37462145283606	0.0	400396	3698.9371473323317	0.75
148358.94108011597	750	40.067906669050416	0.0	400508	3306.7147837856382	0.75
148361.57792868945	750	41.431058095572595	0.0	358218	2636.84857347782	0.75
148364.92869106936	750	42.08029571564717	0.0	400322	3350.762379925431	0.75
148367.60807848655	750	43.40090829846451	0.0	369834	2679.3874171826574	0.75
148370.87360724263	750	44.135379542407385	0.0	412837	3265.528756057126	0.75
148373.98734670505	750	45.02164007998214	0.0	401088	3113.7394624252424	0.75
148378.46172254888	1200	44.54726423616855	0.0	598727	4474.375843813595	0.75
148382.12650401238	1200	44.88248277267229	0.0	487812	3664.781463496262	1.2
148387.0936474125	1200	43.91533937257438	0.0	575591	4967.143400097905	1.2
148393.3253207073	1200	41.683666077740035	0.0	605884	6231.673294834351	1.2
148399.1488968825	1200	39.860089902545106	0.0	587506	5823.5761751949285	1.2
148402.17490784737	750	40.834078937683486	0.0	345516	3026.01096486162	0.3
148406.22804109953	750	40.78094568552743	0.0	384505	4053.133252156063	0.75
148409.80818611148	750	41.2008006735665	0.0	372093	3580.14501196093	0.75
148414.11658774913	750	40.892399035916654	0.0	438281	4308.401637649842	0.75
148417.66056832307	750	41.348418461954004	0.0	398987	3543.9805739626545	0.75
148423.89108893677	1200	39.11789784824916	0.0	638661	6230.520613704847	0.75
148433.1086665348	1850	33.90032025020686	0.0	830730	9217.5775980423	1.2000000000000002
148449.61414865768	2850	21.394838127328143	0.0	1364537	16505.48212287872	1.85
148453.24390065437	750	21.76508613063481	0.0	450283	3629.7519966933305	0.75
148456.25993462367	750	22.749052161345052	0.0	398865	3016.0339692897574	0.75
148459.23225850015	750	23.776728284850307	0.0	350812	2972.3238764947446	0.75
148463.31747944994	750	23.691507335082722	0.0	382355	4085.220949767585	0.75
148468.59330740996	750	22.415679375049514	0.0	411561	5275.82796003321	0.75
148473.1121291689	750	21.89685761613249	0.0	318564	4518.821758917022	0.75
148480.09952682137	750	18.90945996364222	0.0	352642	6987.39765249027	0.75
148482.1838247757	300	20.825162009298854	0.0	173849	2084.29795434337	-0.15000000000000002
148484.0482343513	300	22.96075243373147	0.0	150710	1864.409575567382	0.3
148485.20674892908	300	25.802237855944426	0.0	139105	1158.514577787047	0.3
148486.75752764868	300	28.25145913633326	0.0	141840	1550.7787196111694	0.3
148488.42058810833	300	30.58839867668882	0.0	156148	1663.0604596444396	0.3
148490.34716271973	300	32.6618240653017	0.0	160746	1926.5746113871226	0.3
148492.63178856103	300	34.37719822399565	0.0	179801	2284.6258413060505	0.3
148494.039776737	300	36.96921004805833	0.0	140051	1407.988175937317	0.3
148495.74277271112	300	39.26621407391989	0.0	138313	1702.9959741384446	0.3
148497.62883843106	300	41.38014835398645	0.0	143509	1886.0657199334355	0.3
148499.56085642485	300	43.448130360188415	0.0	150616	1932.0179937980392	0.3
148501.793346353	300	45.215640432049526	0.0	165384	2232.4899281388875	0.3
148503.29724546376	300	47.711741321291974	0.0	140881	1503.8991107575555	0.3
148505.16415642714	300	49.84483035791182	0.0	157671	1866.9109633801559	0.3
148507.23096997422	300	51.778016810828824	0.0	157812	2066.813547082985	0.3
148517.116635969	750	45.89235081607966	0.0	401853	9885.665994749166	0.3
148523.40769397927	750	43.60129280580543	0.0	343800	6291.058010274233	0.75
148533.7524546229	750	37.25653216213189	0.0	359903	10344.760643673544	0.75
148537.11914838085	300	37.88983840421195	0.0	153938	3366.693757919937	-0.15000000000000002
148540.34421649037	300	38.664770294698684	0.0	181901	3225.068109513268	0.3
148544.70522438092	300	38.303762404148856	0.0	111155	4361.007890549832	0.3
148548.09373618252	300	38.91525060254438	0.0	153605	3388.5118016044703	0.3
148551.4103569351	300	39.59862984993801	0.0	149029	3316.6207526063768	0.3
148556.0081429733	300	39.00084381175787	0.0	157421	4597.786038180138	0.3
148561.52175458905	300	37.487232196008684	0.0	157488	5513.6116157491815	0.3
148566.7134564518	300	36.29553033326095	0.0	143881	5191.701862747737	0.3
148572.13992110197	300	34.869065683062914	0.0	163444	5426.464650198028	0.3
148575.26937110242	300	35.739615682628745	0.0	179328	3129.4500004341717	0.3
148578.28737067833	300	36.72161610670715	0.0	159914	3017.9995759215963	0.3
148580.55731395606	300	38.4516728289976	0.0	131610	2269.943277709553	0.3
148582.11639197485	300	40.89259481022718	0.0	124011	1559.078018770422	0.3
148583.43630242642	300	43.572684358638746	0.0	144254	1319.9104515884285	0.3
148584.92351209765	300	46.08547468739894	0.0	149991	1487.2096712398059	0.3
148588.58830977383	750	46.42067701121024	0.0	345516	3664.7976761887026	0.3
148593.71041679577	750	45.29856998929125	0.0	384505	5122.107021918988	0.75
148606.72317113186	750	36.2858156531972	0.0	372093	13012.754336094056	0.75
148616.94877167058	750	30.060215114461386	0.0	438281	10225.600538735813	0.75
148627.4060585687	750	23.602928216324347	0.0	398987	10457.286898137037	0.75
148634.17597024117	300	20.83301654387556	0.0	160064	6769.9116724487885	-0.15000000000000002
148638.1028146673	300	20.906172117721265	0.0	137507	3926.8444261542927	0.3
148645.21805931354	300	17.7909274714875	0.0	118421	7115.244646233766	0.3
148661.2126258601	750	5.796360924927733	0.0	450283	15994.566546559767	0.75
148663.6748562279	300	7.334130557122375	0.0	155580	2462.2303678053577	-0.15000000000000002
148665.33279270295	300	9.676194082078524	0.0	139857	1657.9364750438504	0.3
148666.81008478982	300	12.198901995199217	0.0	155432	1477.2920868793071	0.3
148668.21886174407	300	14.790125040949983	0.0	163442	1408.776954249234	0.3
148669.42087025617	300	17.588116528827012	0.0	126289	1202.0085121229674	0.3
148670.89238898628	300	20.116597798733395	0.0	153295	1471.5187300936204	0.3
148672.48846931482	300	22.520517470204297	0.0	173849	1596.0803285290983	0.3
148673.86815104794	300	25.140835737070187	0.0	150710	1379.6817331341065	0.3
148675.08487099444	300	27.924115790552282	0.0	139105	1216.7199465179083	0.3
148676.4012118086	300	30.607774976387685	0.0	141840	1316.3408141645966	0.3
148677.82563389695	300	33.183352888054465	0.0	156148	1424.4220883332255	0.3
148679.35543254513	300	35.65355423986806	0.0	160746	1529.7986481864066	0.3
148683.09659890007	750	35.9123878849061	0.0	434409	3741.1663549619557	0.3
148685.98012328535	750	37.02886349962942	0.0	337059	2883.5243852766794	0.75
148689.04873314418	750	37.96025364079105	0.0	366214	3068.609858838367	0.75
148691.96437869052	750	39.04460809447251	0.0	360831	2915.6455463185384	0.75
148695.9059466711	750	39.103040113898466	0.0	372963	3941.567980574047	0.75
148699.00178202198	750	40.00720476302175	0.0	405596	3095.8353508767154	0.75
148701.6421234995	750	41.366863285474444	0.0	350713	2640.3414775473093	0.75
148704.43400096823	750	42.57498581673045	0.0	386472	2791.8774687439923	0.75
148708.73165708015	1200	42.277329704841165	0.0	616206	4297.656111889283	0.75
148713.95596694926	1200	41.05301983574301	0.0	656471	5224.309869098153	1.2
148718.5653713777	1200	40.4436154072845	0.0	536667	4609.4044284585125	1.2
148724.3093486388	1200	38.69963814619999	0.0	587236	5743.977261084511	1.2
148728.44109088127	1200	38.567895903746326	0.0	590335	4131.742242453655	1.2
148733.51751944068	1200	37.49146734432111	0.0	696376	5076.428559425219	1.2
148736.9580713142	1200	38.050915470799	0.0	487160	3440.5518735221153	1.2
148741.32893274535	1200	37.68005403965736	0.0	622896	4370.861431141639	1.2
148746.6397744862	1200	36.36921229885506	0.0	641447	5310.841740802293	1.2
148751.0475877106	1200	35.9613990744242	0.0	570392	4407.813224430863	1.2
148755.85243519137	1200	35.15655159367572	0.0	620283	4804.847480748484	1.2
148758.95171534628	750	36.05727143875648	0.0	369834	3099.280154919247	0.3
148762.62680521875	750	36.382181566264656	0.0	412837	3675.0898724918197	0.75
148765.83986892982	750	37.16911785519208	0.0	401088	3213.063711072584	0.75
148768.6033581959	750	38.40562858913413	0.0	365161	2763.489266057944	0.75
148771.37881007863	750	39.63017670641317	0.0	321064	2775.451882720967	0.75
148777.52986460397	750	37.47912218106311	0.0	361565	6151.054525350057	0.75
148782.23701172805	750	36.771975056989604	0.0	378327	4707.147124073504	0.75
148788.40343708103	750	34.605549703998115	0.0	390680	6166.425352991498	0.75
148791.90954814845	750	35.09943863656907	0.0	345516	3506.1110674290476	0.75
148795.82411105424	750	35.18487573078544	0.0	384505	3914.5629057836304	0.75
148799.2314237899	750	35.777562995138	0.0	372093	3407.312735647447	0.75
148802.71965344893	750	36.28933333608005	0.0	438281	3488.229659057952	0.75
148810.20404192727	750	32.804944857729446	0.0	398987	7484.388478350601	0.75
148816.35720752162	750	30.651779263395518	0.0	393804	6153.1655943339265	0.75
148819.81501519366	750	31.193971591341608	0.0	331053	3457.807672053912	0.75
148826.26035526465	1850	28.748631520369084	0.0	846370	6445.340070972525	0.75
148829.88772097672	750	29.121265808291668	0.0	450283	3627.365712077414	0.75
148832.56238327152	750	30.446603513476862	0.0	398865	2674.662294814807	0.75
148835.89919112835	750	31.10979565663507	0.0	350812	3336.8078568417886	0.75
148843.4362069435	750	27.57277984147558	0.0	382355	7537.015815159494	0.75
148850.90335608282	750	24.105630702154667	0.0	411561	7467.14913932091	0.75
148853.0471752476	750	25.96181153736575	0.0	318564	2143.819164788919	0.75
148855.73338449612	750	27.27560228886548	0.0	352642	2686.209248500274	0.75
148865.07186695735	750	21.93711982761963	0.0	437162	9338.482461245847	0.75
148866.51527555136	300	24.493711233651183	0.0	150710	1443.4085939684471	-0.15000000000000002
148867.6477363783	300	27.361250406694	0.0	139105	1132.4608269571788	0.3
148868.7275899485	300	30.281396836486977	0.0	141840	1079.8535702070265	0.3
148869.7977707174	300	33.211216067569055	0.0	156148	1070.180768917917	0.3
148870.90670169974	300	36.10228508523901	0.0	160746	1108.9309823300432	0.3
148873.81907690462	750	37.18990988035984	0.0	434409	2912.375204879174	0.3
148876.21512985308	750	38.79385693192174	0.0	337059	2396.0529484381013	0.75
148878.353840316	750	40.655146468988924	0.0	366214	2138.7104629328105	0.75
148880.50496640985	750	42.504020375109995	0.0	360831	2151.1260938789287	0.75
148882.44706097644	750	44.561925808536024	0.0	372963	1942.0945665739735	0.75
148887.21336783544	1200	43.79561894953976	0.0	639204	4766.30685899627	0.75
148892.32624262822	1200	42.6827441567644	0.0	586839	5112.874792775355	1.2
148897.47328997005	1200	41.53569681493163	0.0	601738	5147.0473418327665	1.2
148901.3770745282	1200	41.63191225678735	0.0	616206	3903.784558144284	1.2
148906.0849613133	1200	40.92402547171122	0.0	656471	4707.886785076131	1.2
148909.5330004872	1200	41.47598629778837	0.0	536667	3448.039173922849	1.2
148913.48169712664	1200	41.5272896583663	0.0	587236	3948.696639422067	1.2
148918.3022090914	1200	40.706777693596145	0.0	590335	4820.51196477016	1.2
148923.6140839594	1200	39.394902825602166	0.0	696376	5311.874867993982	1.2
148926.6218978525	1200	40.38708893250434	0.0	487160	3007.8138930978253	1.2
148931.1537074809	1200	39.85527930411415	0.0	622896	4531.8096283901905	1.2
148936.51973222368	1200	38.4892545613417	0.0	641447	5366.0247427724435	1.2
148941.03518186926	1200	37.97380491577717	0.0	570392	4515.449645564524	1.2
148945.98493754343	1200	37.02404924163757	0.0	620283	4949.755674139606	1.2
148951.2929027214	1200	35.71608406365198	0.0	584349	5307.965177985591	1.2
148961.21997208998	1200	29.78901469508193	0.0	670129	9927.069368570044	1.2
148970.52600087386	1200	24.48298591120629	0.0	690253	9306.028783875645	1.2
148977.53374914711	1200	21.47523763794247	0.0	598727	7007.7482732638155	1.2
148984.56574583065	750	18.443240954403887	0.0	321064	7031.996683538587	0.3
148987.87016308622	300	19.138823698854406	0.0	124011	3304.41725554948	-0.15000000000000002
148990.0629474041	300	20.94603938094215	0.0	144254	2192.7843179122538	0.3
148992.03346966574	300	22.97551711932335	0.0	149991	1970.5222616187991	0.3
148993.92065299003	300	25.0883337950452	0.0	147968	1887.18332427815	0.3
148995.54034248015	300	27.468644304903194	0.0	161857	1619.6894901420053	0.3
148997.0664878051	300	29.942498979957506	0.0	145210	1526.1453249456908	0.3
148998.64313202948	300	32.365854755582475	0.0	172312	1576.6442243750273	0.3
149004.90281158703	750	30.106175198033554	0.0	398987	6259.679557548925	0.3
149009.74078435157	750	29.2682024334969	0.0	393804	4837.972764536654	0.75
149017.21331999075	1200	25.795666794299432	0.0	538612	7472.535639197469	0.75
149060.00137994098	1850	4.0	16.992393155922763	846370	42788.059950222196	-71.86729057046789
149081.38971433893	750	4.0	17.38833439792857	450283	21388.33439792857	-74.01983791109285
149082.85173281207	300	6.537981526837568	0.0	155580	1462.0184731624322	-0.15000000000000002
149083.7915631978	300	9.598151141127909	0.0	139857	939.830385709658	0.3
149084.90110826414	300	12.488606074785663	0.0	155432	1109.5450663422464	0.3
149086.13885179002	300	15.250862548913906	0.0	163442	1237.7435258717553	0.3
149087.0132553854	300	18.376458953533046	0.0	126289	874.4035953808595	0.3
149088.18908053465	300	21.200633804299333	0.0	153295	1175.8251492337104	0.3
149089.51992306608	300	23.86979127284324	0.0	173849	1330.842531456091	0.3
149090.59748842174	300	26.792225917186745	0.0	150710	1077.565355656499	0.3
149092.93237702985	750	28.457337309092246	0.0	362795	2334.888608094499	0.3
149095.1579350828	750	30.231779256125474	0.0	353220	2225.558052966771	0.75
149097.65709974823	750	31.732614590702696	0.0	405134	2499.164665422782	0.75
149100.30881448393	750	33.0808998549721	0.0	386351	2651.7147357305903	0.75
149103.16688226737	750	34.222832071544744	0.0	434409	2858.067783427361	0.75
149105.5730270753	750	35.81668726362463	0.0	337059	2406.1448079201164	0.75
149107.92902619875	750	37.460688140177545	0.0	366214	2355.9991234470767	0.75
149110.04314120306	750	39.346573135874216	0.0	360831	2114.115004303326	0.75
149112.14634287797	750	41.243371460962415	0.0	372963	2103.201674911803	0.75
149115.60073974813	1200	41.788974590801104	0.0	639204	3454.3968701613107	0.75
149122.17492827817	1200	39.21478606074215	0.0	586839	6574.188530058956	1.2
149129.005912745	1200	36.38380159392092	0.0	601738	6830.984466821224	1.2
149133.08470735958	1200	36.30500697934108	0.0	616206	4078.794614579839	1.2
149138.10064415	1200	35.28907018892588	0.0	656471	5015.936790415196	1.2
149140.65322275608	750	36.73649158281695	0.0	343800	2552.578606108933	0.3
149143.8284342009	750	37.56128013799111	0.0	359903	3175.2114448258408	0.75
149148.78474691938	750	36.60496741949754	0.0	379700	4956.312718493575	0.75
149153.4824040194	750	35.90731031950732	0.0	425781	4697.657099990219	0.75
149155.4614080668	750	37.92830627209623	0.0	277716	1979.0040474110938	0.75
149161.53762929118	750	35.85208504774339	0.0	400396	6076.221224352844	0.75
149170.05262461357	750	31.33708972532706	0.0	400508	8514.995322416326	0.75
149174.75326111802	750	30.636453220875698	0.0	358218	4700.636504451361	0.75
149178.2835115083	750	31.10620283057076	0.0	400322	3530.250390304939	0.75
149181.0610291775	750	32.32868516138048	0.0	369834	2777.517669190281	0.75
149183.66645623057	750	33.72325810831719	0.0	412837	2605.4270530632843	0.75
149186.46198183746	750	34.927732501434875	0.0	401088	2795.5256068823182	0.75
149189.16022192824	750	36.22949241064545	0.0	365161	2698.2400907894253	0.75
149191.58802657994	750	37.80168775893378	0.0	321064	2427.8046517116704	0.75
149194.72894846078	750	38.66076587810608	0.0	361565	3140.9218808276974	0.75
149197.72506938764	750	39.66464495123886	0.0	378327	2996.120926867217	0.75
149200.61519821163	750	40.774516127257584	0.0	390680	2890.12882398128	0.75
149203.1997967677	750	42.18991757118493	0.0	345516	2584.5985560726554	0.75
149206.1442494929	750	43.245464845975285	0.0	384505	2944.4527252096436	0.75
149209.50398510785	750	43.88572923104259	0.0	372093	3359.735614932692	0.75
149215.1874146714	750	42.202299667474584	0.0	438281	5683.429563568008	0.75
149218.30745877535	750	43.08225556355956	0.0	398987	3120.0441039150205	0.75
149222.3217878992	750	43.067926439672554	0.0	393804	4014.3291238870074	0.75
149231.26072606977	1850	38.12898826912303	0.0	830730	8938.938170549523	0.75
149242.95974562204	2850	30.42996871685292	0.0	1364537	11699.019552270112	1.85
149246.29865653848	750	31.091057800397852	0.0	450283	3338.9109164550696	0.75
149249.3587067446	750	32.03100759429649	0.0	398865	3060.050206101364	0.75
149251.90525612282	750	33.484458216053625	0.0	350812	2546.54937824286	0.75
149256.2996900621	750	33.09002427677282	0.0	382355	4394.433939280807	0.75
149259.50390122415	750	33.88581311474134	0.0	411561	3204.211162031484	0.75
149262.14303207968	750	35.24668225922342	0.0	318564	2639.1308555179185	0.75
149264.9905203992	750	36.399193939671704	0.0	352642	2847.48831955171	0.75
149268.36105655378	750	37.028657785117964	0.0	437162	3370.5361545537453	0.75
149271.02050530302	750	38.36920903588337	0.0	374758	2659.448749234589	0.75
149273.64123438837	750	39.74847995054034	0.0	362795	2620.7290853430286	0.75
149276.19329754543	750	41.19641679348037	0.0	353220	2552.0631570599735	0.75
149279.25107797113	750	42.138636367788806	0.0	405134	3057.7804256915606	0.75
149282.8414559806	750	42.54825835833172	0.0	386351	3590.3780094570825	0.75
149286.04935887	750	43.340355468942626	0.0	434409	3207.9028893891013	0.75
149288.7014818501	750	44.688232488864024	0.0	337059	2652.1229800786	0.75
149291.6811978971	750	45.708516441841645	0.0	366214	2979.716047022375	0.75
149294.281580283	750	47.10813405596056	0.0	360831	2600.3823858810892	0.75
149297.0226256486	750	48.36708869035176	0.0	372963	2741.0453656088002	0.75
149300.47180193025	750	48.91791240869425	0.0	405596	3449.176281657511	0.75
149303.5960563193	750	49.79365801964034	0.0	350713	3124.2543890539127	0.75
149307.88848713538	750	49.50122720355658	0.0	386472	4292.430816083755	0.75
149312.16212557827	750	49.22758876067613	0.0	399894	4273.6384428804595	0.75
149315.74017234406	750	49.649541994861515	0.0	401853	3578.0467658146104	0.75
149318.252267263	750	51.13744707592152	0.0	343800	2512.0949189399944	0.75
149320.88050810597	750	52.50920623294476	0.0	359903	2628.240842976756	0.75
149323.95408186197	750	53.43563247693263	0.0	379700	3073.573756012135	0.75
149327.35057939964	750	54.03913493926646	0.0	425781	3396.4975376661646	0.75
149329.89412987145	750	55.49558446744828	0.0	277716	2543.550471818185	0.75
149333.56597191145	750	55.823742427449574	0.0	400396	3671.8420399987085	0.75
149338.94717509337	1200	54.44253924554168	0.0	641447	5381.203181907889	0.75
149343.32657120665	1200	54.063143132265644	0.0	570392	4379.396113276038	1.2
149347.8380392968	1200	53.55167504212463	0.0	620283	4511.468090141021	1.2
149353.55869802186	1200	51.831016317078685	0.0	584349	5720.658725045945	1.2
149359.5754726833	1200	49.81424165563831	0.0	670129	6016.774661440376	1.2
149366.169673288	1200	47.220041050924074	0.0	690253	6594.200604714231	1.2
149371.9928992697	1200	45.396815069250614	0.0	598727	5823.225981673462	1.2
149375.7284065599	1200	45.66130777905046	0.0	487812	3735.507290200154	1.2
149379.95469028878	1200	45.435024050170625	0.0	575591	4226.283728879834	1.2
149384.76249565068	1200	44.627218688273956	0.0	605884	4807.805361896674	1.2
149388.56602737124	1200	44.82368696771205	0.0	587506	3803.531720561908	1.2
149393.0610280803	1200	44.328686258651075	0.0	566904	4495.000709060974	1.2
149397.9890429683	1200	43.40067137064814	0.0	641452	4928.014888002934	1.2
149403.80235013773	1200	41.58736420117677	0.0	599477	5813.30716947137	1.2
149408.60417426523	1200	40.78554007366989	0.0	634861	4801.824127506874	1.2
149415.2067420544	1200	38.18297228451251	0.0	630203	6602.567789157383	1.2
149427.13966513105	1200	30.25004920784267	0.0	638661	11932.923076669835	1.2

