15202.379249936614	750	4.0	4.37090515790216	450283	4370.905157902161	-18.04489217897929
15203.907195585933	300	6.4720543506812	0.0	155580	1527.9456493188	-0.15000000000000002
15205.013342357906	300	9.365907578707944	0.0	139857	1106.146771973256	0.3
15206.111812162715	300	12.26743777389822	0.0	155432	1098.4698048097237	0.3
15207.38017111712	300	14.999078819494622	0.0	163442	1268.3589544035988	0.3
15208.437314637016	300	17.94193529959696	0.0	126289	1057.143519897664	0.3
15209.759985132765	300	20.61926480384767	0.0	153295	1322.6704957492896	0.3
15211.329731941625	300	23.04951799498671	0.0	173849	1569.7468088609555	0.3
15212.65281469246	300	25.726435244152764	0.0	150710	1323.0827508339496	0.3
15213.830432877841	300	28.548817058772052	0.0	139105	1177.6181853807088	0.3
15214.942049777363	300	31.437200159250956	0.0	141840	1111.616899521098	0.3
15216.095864840663	300	34.283385095950074	0.0	156148	1153.8150633008865	0.3
15217.466567863934	300	36.91268207268112	0.0	160746	1370.7030232689483	0.3
15226.14588724024	750	32.23336269637364	0.0	434409	8679.319376307481	0.3
15233.342597084811	750	29.036652851802916	0.0	337059	7196.7098445707215	0.75
15235.087407615167	300	31.29184232144696	0.0	138313	1744.8105303559523	-0.15000000000000002
15236.701129045949	300	33.67812089066532	0.0	143509	1613.721430781644	0.3
15238.375645335433	300	36.00360460118135	0.0	150616	1674.5162894839661	0.3
15240.727297450741	300	37.651952485871405	0.0	165384	2351.6521153099425	0.3
15242.598651990795	300	39.78059794581673	0.0	140881	1871.354540054681	0.3
15244.391329335298	300	41.98792060131435	0.0	157671	1792.6773445023812	0.3
15246.317309832302	300	44.061940104309194	0.0	157812	1925.9804970051523	0.3
15247.962162549977	300	46.417087386635494	0.0	163927	1644.8527176736968	0.3
15249.995640859479	300	48.383609077132924	0.0	137654	2033.478309502569	0.3
15252.113983751155	300	50.26526618545726	0.0	146754	2118.3428916756675	0.3
15254.492756235722	300	51.88649370089107	0.0	153938	2378.772484566188	0.3
15257.051237102409	300	53.32801283420643	0.0	181901	2558.480866684637	0.3
15258.658252565014	300	55.72099737160081	0.0	111155	1607.0154626056265	0.3
15265.72989355661	750	52.649356380005145	0.0	400396	7071.6409915956665	0.3
15273.197350279992	750	49.181899656622534	0.0	400508	7467.456723382607	0.75
15276.177385365507	300	50.20186457110764	0.0	157421	2980.03508551489	-0.15000000000000002
15279.921930337387	300	50.45731959922767	0.0	157488	3744.5449718799705	0.3
15282.412007251896	300	51.96724268471851	0.0	143881	2490.0769145091626	0.3
15284.668677872429	300	53.710572064186046	0.0	163444	2256.670620532461	0.3
15287.034740403704	300	55.34450953291039	0.0	179328	2366.0625312756556	0.3
15289.502774994891	300	56.87647494172414	0.0	159914	2468.0345911862546	0.3
15291.304826848547	300	59.07442308806795	0.0	131610	1802.0518536561874	0.3
15293.809712999642	300	59.85072104743814	0.0	124011	1723.7020406298107	0.3
15297.377890339894	300	59.87772443254362	0.0	144254	2972.99661489452	0.3
15304.989866192205	750	56.26574858023379	0.0	390680	7611.975852309833	0.3
15310.351255855545	750	54.904358916894125	0.0	345516	5361.389663339663	0.75
15314.227879300533	750	55.02773547190681	0.0	384505	3876.6234449873177	0.75
15317.808243664262	750	55.447371108179354	0.0	372093	3580.364363727458	0.75
15321.353312107294	750	55.902302665145136	0.0	438281	3545.068443034219	0.75
15324.369387231141	750	56.88622754129831	0.0	398987	3016.0751238468247	0.75
15331.608717398256	1200	53.6468973741837	0.0	638661	7239.33016711461	0.75
15342.325049405365	1850	46.93056536707619	0.0	830730	10716.332007107516	1.2000000000000002
15364.745460576218	2850	28.510154196222118	0.0	1364537	22420.411170854073	1.85
15371.359639876937	750	25.895974895502476	0.0	450283	6614.179300719639	0.75
15372.462359965859	300	28.79325480658132	0.0	155580	1102.7200889211567	-0.15000000000000002
15373.497043842304	300	31.75857093013498	0.0	139857	1034.6838764463423	0.3
15375.006266622615	300	34.24934814982472	0.0	155432	1509.222780310259	0.3
15379.661497057714	750	33.594117714725044	0.0	411561	4655.230435099681	0.3
15383.426701737331	750	33.82891303510705	0.0	318564	3765.2046796179898	0.75
15386.910173728524	750	34.34544104391437	0.0	352642	3483.4719911926836	0.75
15391.974859286913	750	33.280755485525276	0.0	437162	5064.685558389092	0.75
15395.192665908848	750	34.06294886359121	0.0	374758	3217.806621934058	0.75
15398.238983642355	750	35.01663113008411	0.0	362795	3046.3177335071127	0.75
15401.878506068584	750	35.37710870385518	0.0	353220	3639.5224262289235	0.75
15404.296294743388	750	36.95932002904923	0.0	405134	2417.788674805944	0.75
15406.757505901853	750	38.49810887058507	0.0	386351	2461.2111584641643	0.75
15409.534134297384	750	39.72148047505397	0.0	434409	2776.6283955311005	0.75
15411.668540448421	750	41.58707432401718	0.0	337059	2134.4061510367874	0.75
15413.999424416388	750	43.25619035605104	0.0	366214	2330.8839679661364	0.75
15416.790263479961	750	44.46535129247821	0.0	360831	2790.839063572831	0.75
15419.313400089039	750	45.94221468339988	0.0	372963	2523.136609078326	0.75
15421.735633597924	750	47.51998117451586	0.0	405596	2422.2335088840223	0.75
15423.585374033906	750	49.670240738534524	0.0	350713	1849.7404359813454	0.75
15425.509932994446	750	51.74568177799487	0.0	386472	1924.5589605396547	0.75
15427.653100007894	750	53.60251476454791	0.0	399894	2143.1670134469537	0.75
15431.143365735397	1200	54.11224903704389	0.0	656471	3490.2657275040224	0.75
15434.35939311621	1200	54.896221656231596	0.0	536667	3216.0273808122956	1.2
15437.411149822945	1200	55.84446494949587	0.0	587236	3051.7567067357213	1.2
15440.336392341993	1200	56.91922243044743	0.0	590335	2925.2425190484423	1.2
15444.01085181797	1200	57.244762954471625	0.0	696376	3674.459475975806	1.2
15447.017045002269	1200	58.23856977017138	0.0	487160	3006.193184300247	1.2
15452.480048623886	1200	56.77556614855489	0.0	622896	5463.003621616497	1.2
15461.173685119305	1200	52.081929653135425	0.0	641447	8693.636495419458	1.2
15467.797036809045	1200	49.458577963395946	0.0	570392	6623.351689739482	1.2
15474.294049977012	1200	46.96156479542805	0.0	620283	6497.013167967897	1.2
15480.321282233328	1200	44.93433253911316	0.0	584349	6027.232256314895	1.2
15485.252659294012	750	44.00295547842787	0.0	412837	4931.377060685289	0.3
15491.170733590168	750	42.0848811822711	0.0	401088	5918.074296156777	0.75
15495.49427422058	750	41.76134055185939	0.0	365161	4323.540630411705	0.75
15499.330896356785	750	41.924718415653196	0.0	321064	3836.622136206196	0.75
15502.61574309434	750	42.63987167809812	0.0	361565	3284.8467375550745	0.75
15506.370593275853	750	42.88502149658558	0.0	378327	3754.850181512539	0.75
15511.195008661503	750	42.06060611093472	0.0	390680	4824.415385650855	0.75
15515.512587054503	750	41.74302771793303	0.0	345516	4317.578393001691	0.75
15523.272429229366	750	37.98318554307172	0.0	384505	7759.842174861312	0.75
15527.653318936042	750	37.602295836394056	0.0	372093	4380.889706677663	0.75
15531.431886662214	750	37.8237281102217	0.0	438281	3778.567726172355	0.75
15535.186922327182	750	38.06869244525419	0.0	398987	3755.0356649675095	0.75
15538.90635308367	750	38.349261688767946	0.0	393804	3719.430756486246	0.75
15546.53501280882	750	34.72060196361872	0.0	331053	7628.659725149229	0.75
15558.632336810677	1850	26.62327796176201	0.0	846370	12097.324001856707	0.75
15564.987666101484	750	24.267948670955043	0.0	450283	6355.329290806968	0.75
15567.367588637942	300	25.888026134495657	0.0	155580	2379.922536459388	-0.15000000000000002
15569.40865033433	300	27.84696443810691	0.0	139857	2041.0616963887485	0.3
15571.267262663427	300	29.988352109012208	0.0	155432	1858.6123290946985	0.3
15573.498342584993	300	31.757272187444574	0.0	163442	2231.079921567633	0.3
15574.926119091328	300	34.32949568110968	0.0	126289	1427.7765063348986	0.3
15576.914018515467	300	36.341596256972544	0.0	153295	1987.899424137133	0.3
15578.953595678337	300	38.30201909410159	0.0	173849	2039.5771628709579	0.3
15580.824418487735	300	40.4311962847029	0.0	150710	1870.822809398692	0.3
15582.34878817018	300	42.90682660225642	0.0	139105	1524.3696824464766	0.3
15584.327328941508	300	44.928285830928765	0.0	141840	1978.5407713276613	0.3
15586.242435822462	300	47.01317894997659	0.0	156148	1915.1068809521648	0.3
15588.276251156572	300	48.979363615866006	0.0	160746	2033.8153341105829	0.3
15590.279910731824	300	50.97570404061479	0.0	179801	2003.6595752512237	0.3
15591.619086422565	300	53.63652834987527	0.0	140051	1339.1756907395156	0.3
15593.033107213178	300	56.22250755926252	0.0	138313	1414.0207906127512	0.3
15594.369942398685	300	58.88567237375273	0.0	143509	1336.8351855097808	0.3
15596.678932092378	300	59.57979391898191	0.0	150616	1305.878454770817	0.3
15600.549082950714	750	59.7096430606456	0.0	405596	3870.1508583363147	0.3
15603.904609102168	750	59.64801103354627	0.0	350713	3061.6320270993297	0.75
15607.695004617988	750	59.85761551772611	0.0	386472	3290.3955158201584	0.75
15611.752237554025	750	59.761643869796465	0.0	399894	3095.971647929649	0.75
15616.14408957635	750	59.36979184747105	0.0	401853	4391.852022325413	0.75
15620.528226571974	750	58.985654851847684	0.0	343800	4384.136995623359	0.75
15626.424548698984	750	57.08933272483641	0.0	359903	5896.322127011276	0.75
15631.297895421481	750	56.21598600234007	0.0	379700	4873.346722496335	0.75
15634.72515133254	750	56.78873009128178	0.0	425781	3427.2559110582906	0.75
15636.62648500063	750	58.88739642319015	0.0	277716	1901.333668091629	0.75
15639.704883079343	750	59.80899834447874	0.0	400396	2578.398078711409	0.75
15642.742945677486	750	59.92642045211971	0.0	400508	2882.577892359027	0.75
15645.222771217592	750	59.58975003495715	0.0	358218	2336.670417162562	0.75
15648.271690299225	750	59.84186805561275	0.0	400322	2247.881979344401	0.75
15651.380187246417	750	59.80363813316186	0.0	369834	2538.229922450886	0.75
15655.376602347324	750	59.785564095078215	0.0	412837	3518.0740380836414	0.75
15658.233758296734	750	59.94115665178558	0.0	401088	2844.407443292634	0.75
15660.424284028537	750	59.796768038941664	0.0	365161	2144.388612843922	0.75
15663.431943079948	750	59.76050707271678	0.0	321064	2036.2609662248879	0.75
15666.023106834029	750	59.88562423826905	0.0	361565	1874.8828344477233	0.75
15668.46812030046	750	59.8972579648704	0.0	378327	1988.3662733986594	0.75
15672.79537709269	1200	59.570001172640595	0.0	587506	4327.256792229804	0.75
15677.13773039243	1200	59.227647872901606	0.0	566904	4342.353299738987	1.2
15683.895265053456	1200	56.470113211877376	0.0	641452	6757.534661024233	1.2
15687.827519540737	1200	56.5378587245961	0.0	599477	3932.2544872812764	1.2
15692.162246562282	1200	56.20313170305118	0.0	634861	4334.727021544915	1.2
15697.28119717917	1200	55.08418108616338	0.0	630203	5118.95061688779	1.2
15703.928800872936	1200	52.43657739239673	0.0	638661	6647.603693766659	1.2
15710.640203153856	1850	49.72517511147702	0.0	830730	6711.402280919702	1.2000000000000002
15721.687481463801	2850	42.67789680153197	0.0	1364537	11047.278309945052	1.85
15724.59433636788	750	43.7710418974534	0.0	450283	2906.854904078568	0.75
15727.75768053046	750	44.60769773487156	0.0	398865	3163.3441625818427	0.75
15732.320479450516	750	44.04489881481614	0.0	350812	4562.798920055412	0.75
15734.848072079887	750	45.51730618544446	0.0	382355	2527.5926293716852	0.75
15738.660915713997	750	45.704462551334714	0.0	411561	3812.843634109748	0.75
15741.362952924845	750	47.00242534048903	0.0	318564	2702.037210845677	0.75
15744.311756422894	750	48.05362184243864	0.0	352642	2948.8034980503944	0.75
15748.006615328673	750	48.3587629366598	0.0	437162	3694.8589057788386	0.75
15752.522636717122	750	47.842741548211926	0.0	374758	4516.02138844787	0.75
15758.002755257538	750	46.362623007795804	0.0	362795	5480.1185404161215	0.75
15763.778226781887	750	44.58715148344531	0.0	353220	5775.4715243504925	0.75
15769.307446230678	750	43.05793203465497	0.0	405134	5529.219448790351	0.75
15774.27332070347	750	42.092057561862106	0.0	386351	4965.874472792858	0.75
15778.578364313587	750	41.78701395174584	0.0	434409	4305.043610116264	0.75
15781.882267851075	750	42.48311041425837	0.0	337059	3303.9035374874748	0.75
15787.53907802762	750	40.82630023771383	0.0	366214	5656.810176544542	0.75
15792.95569345611	750	39.40968480922386	0.0	360831	5416.615428489967	0.75
15799.204057782277	750	37.16132048305551	0.0	372963	6248.364326168352	0.75
15810.584933471093	750	29.78044479424051	0.0	405596	11380.875688815004	0.75
15811.9452346196	300	32.4201436457342	0.0	140881	1360.3011485063098	-0.15000000000000002
15814.098979223772	300	34.26639904156035	0.0	157671	2153.7446041738563	0.3
15817.186501734655	300	35.17887653067716	0.0	157812	3087.5225108831864	0.3
15818.680033612445	300	37.685344652888325	0.0	163927	1493.5318777888285	0.3
15819.840556056539	300	40.52482220879401	0.0	137654	1160.522444094315	0.3
15821.616190052891	300	42.74918821244082	0.0	146754	1775.6339963531946	0.3
15824.499892747155	750	43.865485518176634	0.0	379700	2883.7026942641887	0.3
15830.450852765636	750	41.91452549969519	0.0	425781	5950.960018481445	0.75
15833.20460780098	750	43.16077046435132	0.0	277716	2753.755035343861	0.75
15837.033985203969	750	43.331393061363066	0.0	400396	3829.377402988255	0.75
15841.07026617095	750	43.29511209438185	0.0	400508	4036.280966981219	0.75
15843.47267450864	750	44.89270375669117	0.0	358218	2402.4083376906756	0.75
15847.35616913039	750	45.00920913494212	0.0	400322	3883.4946217490487	0.75
15850.398557335762	750	45.966820929567575	0.0	369834	3042.388205374543	0.75
15853.747303336428	750	46.61807492890186	0.0	412837	3348.7460006657125	0.75
15857.040388482446	750	47.324989782883655	0.0	401088	3293.0851460182093	0.75
15859.798540570255	750	48.56683769507442	0.0	365161	2758.152087809237	0.75
15862.01464526769	750	50.35073299763863	0.0	321064	2216.10469743579	0.75
15864.554541923944	750	51.81083634138566	0.0	361565	2539.896656252975	0.75
15867.13816872282	750	53.22720954251092	0.0	378327	2583.626798874735	0.75
15869.800400174505	750	54.564978090826834	0.0	390680	2662.2314516840866	0.75
15872.083827578448	750	56.28155068688395	0.0	345516	2283.4274039428865	0.75
15874.254629191686	750	58.11074907364612	0.0	384505	2170.8016132378293	0.75
15877.082586419967	750	59.282791845366226	0.0	372093	2827.95722827989	0.75
15882.365145669635	1200	58.000232595697284	0.0	634861	5282.559249668943	0.75
15887.569760841905	1200	56.795617423428034	0.0	630203	5204.615172269256	1.2
15918.780565376092	1200	29.58481288924099	0.0	638661	31210.804534187042	1.2
15936.302986337116	750	16.062391928216154	0.0	331053	17522.420961024836	0.3
15937.109108461302	300	19.256269804029618	0.0	118421	806.1221241865381	-0.15000000000000002
15960.135612470775	750	4.0	3.770234205441997	450283	23026.504009471613	-15.462007083400586
15969.31625330546	300	4.0	5.1806408346846675	155580	9180.640834684667	-22.42675558914407
15976.153760547826	300	4.0	2.837507242365882	139857	6837.507242365882	-11.901281142173291
15984.151037842565	300	4.0	3.9972772947382555	155432	7997.2772947382555	-16.888292367374497
15989.306393120914	300	4.0	1.1553552783511276	163442	5155.355278351128	-4.668027696909848
15994.160342834633	300	4.0	0.8539497137184526	126289	4853.949713718453	-3.371983768989346
16002.745569700559	300	4.0	4.585226865926663	153295	8585.226865926663	-19.41647552348465
16007.698097326023	300	4.0	0.9525276254640402	173849	4952.52762546404	-3.7958687894953727
16008.25640735079	300	7.4416899752345875	0.0	150710	558.3100247654125	0.3
16009.710111772365	300	9.987985553657989	0.0	139105	1453.704421576597	0.3
16018.390699157948	300	5.3073981680763955	0.0	141840	8680.587385581593	0.3
16027.681582067455	300	4.0	3.983484741430031	156148	9290.882909506427	-16.82898438814913
16032.442786245316	300	4.0	0.7612041778611938	160746	4761.204177861194	-2.973177964803133
16040.50160842774	300	4.0	4.058822182421872	179801	8058.822182421873	-17.15293538441405
16050.257883111095	300	4.0	5.756274683355708	140051	9756.274683355708	-24.451981138429545

