132907.4940358716	750	4.0	2.5371802488901025	450283	2537.1802488901026	-10.159875070227441
132909.2875705383	300	6.206465333334675	0.0	155580	1793.5346666653252	-0.15000000000000002
132911.35183485984	300	8.142201011770707	0.0	139857	2064.264321563968	0.3
132914.10573034678	300	9.388305524828183	0.0	155432	2753.8954869425233	0.3
132919.79373988503	300	7.700295986580103	0.0	163442	5688.009538248081	0.3
132922.00849205855	300	9.485543813055822	0.0	126289	2214.752173524281	0.3
132924.35047934047	300	11.143556531147683	0.0	153295	2341.9872819081393	0.3
132927.13982903285	300	12.354206838777568	0.0	173849	2789.3496923701155	0.3
132931.24218089384	300	12.251854977773142	0.0	150710	4102.351861004424	0.3
132933.9428069447	300	13.551228926918247	0.0	139105	2700.626050854894	0.3
132937.02499345428	300	14.469042417324054	0.0	141840	3082.1865095941935	0.3
132939.7457054257	300	15.748330445898738	0.0	156148	2720.711971425317	0.3
132941.67438974956	300	17.819646122063258	0.0	160746	1928.6843238354775	0.3
132944.1347857389	300	19.35925013272763	0.0	179801	2460.39598933563	0.3
132946.7098896027	300	20.78414626890925	0.0	140051	2575.1038638183795	0.3
132948.91864438186	300	22.57539148975318	0.0	138313	2208.75477915607	0.3
132950.46358822304	300	25.030447648586545	0.0	143509	1544.9438411666358	0.3
132951.7263041537	300	27.767731717909363	0.0	150616	1262.7159306771844	0.3
132953.3993761043	300	30.094659767316056	0.0	165384	1673.0719505933055	0.3
132954.63764776828	300	32.8563881033237	0.0	140881	1238.271663992351	0.3
132956.1629002138	300	35.33113565782129	0.0	157671	1525.2524455024109	0.3
132957.874009532	300	37.62002633960693	0.0	157812	1711.1093182143659	0.3
132959.72507684585	300	39.76895902575898	0.0	163927	1851.0673138479485	0.3
132961.3588184934	300	42.13521737820623	0.0	137654	1633.7416475527498	0.3
132964.93974269932	300	42.55429317231432	0.0	146754	3580.9242058919117	0.3
132966.58787958857	300	44.90615628304395	0.0	153938	1648.1368892703697	0.3
132968.16471207433	300	47.32932379730099	0.0	181901	1576.8324857429593	0.3
132969.4229036894	300	50.07113218222569	0.0	111155	1258.191615075299	0.3
132972.75005750786	750	50.743978363763304	0.0	400396	3327.1538184623837	0.3
132980.06001155789	750	47.43402431373406	0.0	400508	7309.954050029242	0.75
132993.71062765148	750	37.783408220155934	0.0	358218	13650.616093578123	0.75
132997.10289688088	300	38.39113899074684	0.0	157488	3392.2692294090975	-0.15000000000000002
133002.08386996682	300	37.41016590478599	0.0	143881	4980.973085960849	0.3
133008.67543157088	300	34.81860430072581	0.0	163444	6591.561604060183	0.3
133016.48956143585	300	31.004474435766753	0.0	179328	7814.129864959061	0.3
133022.10432422004	300	29.38971165157316	0.0	159914	5614.762784193594	0.3
133026.49649037555	300	28.99754549608598	0.0	131610	4392.166155487181	0.3
133029.16128641108	300	30.332749460538977	0.0	124011	2664.7960355470036	0.3
133032.3652903499	300	31.128745521702427	0.0	144254	3204.0039388365476	0.3
133035.01349126868	300	32.4805446029497	0.0	149991	2648.200918752733	0.3
133036.70338316134	300	34.7906527102562	0.0	147968	1689.8918926935037	0.3
133037.9984628903	300	37.49557298128836	0.0	161857	1295.0797289678374	0.3
133039.59435087745	300	39.89968499415854	0.0	145210	1595.887987129819	0.3
133041.5791895205	300	41.914846351095534	0.0	172312	1984.8386430630076	0.3
133043.02237627693	300	44.471659594674854	0.0	167025	1443.1867564206761	0.3
133047.9052406515	750	43.588795220101495	0.0	393804	4882.864374573362	0.3
133058.4246064404	1200	37.06942943117526	0.0	538612	10519.365788926232	0.75
133065.83738427944	1850	33.65665159217661	0.0	846370	7412.777838998652	1.2000000000000002
133070.5335443074	750	32.96049156419665	0.0	450283	4696.160027979956	0.75
133074.58146480573	750	32.91257106588887	0.0	398865	4047.9204983077752	0.75
133076.41752333817	750	35.07651253345652	0.0	350812	1836.0585324323445	0.75
133078.7601702681	750	36.7338656035139	0.0	382355	2342.646929942626	0.75
133081.65092273866	750	37.8431131329815	0.0	411561	2890.752470532398	0.75
133083.9492260625	750	39.544809809123606	0.0	318564	2298.3033238578964	0.75
133086.78574152765	750	40.708294343973776	0.0	352642	2836.5154651498337	0.75
133089.3647553394	750	42.1292805322324	0.0	437162	2579.0138117413803	0.75
133091.0857346658	750	44.40830120583926	0.0	374758	1720.9793263931429	0.75
133092.50754774662	750	46.98648812501607	0.0	362795	1421.81308082318	0.75
133093.88175778493	750	49.61227808671445	0.0	353220	1374.2100383016295	0.75
133096.69054462598	1200	50.80349124565428	0.0	594078	2808.786841060165	0.75
133099.06696266166	1200	52.42707320996376	0.0	624282	2376.4180356905194	1.2
133101.84177332485	1200	53.65226254678	0.0	687371	2774.810663183756	1.2
133103.92559492053	1200	55.56844095109106	0.0	526950	2083.821595688942	1.2
133107.0915097818	1200	56.40252608980823	0.0	587876	3165.914861282836	1.2
133110.52597864586	1200	56.96805722576134	0.0	617242	3434.468864046887	1.2
133113.89195501522	1200	57.60208085640249	0.0	581493	3365.976369358857	1.2
133117.08085123717	1200	58.413184634468855	0.0	639204	3188.896221933633	1.2
133121.766429969	1200	57.727605902654325	0.0	586839	4685.578731814534	1.2
133130.91994912288	1200	52.574086748762475	0.0	601738	9153.519153891848	1.2
133139.75714192254	1200	47.736893949111895	0.0	616206	8837.192799650587	1.2
133145.77581175533	1200	45.718224116314445	0.0	656471	6018.669832797449	1.2
133148.60335054158	1200	46.89068533006304	0.0	536667	2827.538786251394	1.2
133150.67065512057	1200	48.823380751068	0.0	587236	2067.3045789950497	1.2
133153.3036430681	1200	50.19039280352899	0.0	590335	2632.987947539013	1.2
133157.2837767669	1200	50.2102591047097	0.0	696376	3980.133698819282	1.2
133160.7422899491	1200	50.75174592255091	0.0	487160	3458.5131821587966	1.2
133166.43069437012	1200	49.06334150151721	0.0	622896	5688.404421033701	1.2
133170.3629064092	1200	49.1311294624518	0.0	641447	3932.212039065403	1.2
133174.2861104844	1200	49.20792538726049	0.0	570392	3923.2040751913173	1.2
133179.42081624645	1200	48.07321962518018	0.0	620283	5134.705762080307	1.2
133183.23346085416	1200	48.26057501748362	0.0	584349	3812.644607696563	1.2
133188.38184628714	1200	47.11218958448038	0.0	670129	5148.38543300323	1.2
133192.9818645596	1200	46.51217131202115	0.0	690253	4600.018272459234	1.2
133200.08077239105	1200	43.413263480559124	0.0	598727	7098.907831462028	1.2
133203.03303051274	1200	44.461005358875404	0.0	487812	2952.2581216837207	1.2
133204.8727464658	750	46.621289405848074	0.0	361565	1839.715953027331	0.3
133206.5638764855	750	48.93015938611993	0.0	378327	1691.1300197281432	0.75
133208.47681302245	750	51.017222849146535	0.0	390680	1912.9365369733966	0.75
133209.99927424488	750	53.49476162674273	0.0	345516	1522.4612224038058	0.75
133211.65388823336	750	55.8401476382474	0.0	384505	1654.6139884953288	0.75
133213.6599018292	750	57.83413404239218	0.0	372093	2006.0135958552194	0.75
133235.86791647517	1200	39.626119396441084	0.0	634861	22208.014645951094	0.75
133249.6345338886	750	29.859501982992693	0.0	398987	13766.617413448392	0.3
133253.15858256957	750	30.335453302032	0.0	393804	3524.04868096069	0.75
133255.11533740812	750	32.378698463495276	0.0	331053	1956.7548385367215	0.75
133257.45255318552	1200	34.04148268608544	0.0	550906	2337.21577740984	0.75
133259.0539831337	750	36.440052737923445	0.0	450283	1601.4299481619905	0.75
133260.25054623597	750	39.243489635646725	0.0	398865	1196.5631022767234	0.75
133261.0152133588	750	42.47882251281875	0.0	350812	764.6671228279641	0.75
133261.95881697454	750	45.53521889705822	0.0	382355	943.6036157605347	0.75
133264.81927403228	1850	46.674761839309966	0.0	996749	2860.4570577482514	0.75
133267.09094711923	1850	48.403088752382466	0.0	801058	2271.6730869275016	1.85
133270.01044221115	1850	49.483593660449124	0.0	905515	2919.4950919333446	1.85
133274.9797683452	2850	48.514267526429535	0.0	1638769	4969.3261340195895	1.85
133279.2238985543	2850	48.27013731731223	0.0	1348011	4244.130209117299	2.85
133286.4001598891	2850	45.093875982488456	0.0	1429765	7176.261334823782	2.85
133296.75779090187	1850	38.73624496974275	0.0	939819	10357.6310127457	0.8500000000000001
133301.44941715684	1200	38.04461871477425	0.0	594078	4691.6262549685	0.5499999999999999
133307.97800510182	1200	35.51603076979918	0.0	624282	6528.587944975075	1.2
133311.9799047841	1200	35.514131087525	0.0	687371	4001.8996822741847	1.2
133314.33434744726	1200	37.159688424328955	0.0	526950	2354.4426631960446	1.2
133316.9132548746	1200	38.580780996994186	0.0	587876	2578.9074273347687	1.2
133318.91428185723	750	40.579754014380036	0.0	360831	2001.026982614152	0.3
133320.35033217832	750	43.14370369330387	0.0	372963	1436.0503210761703	0.75
133322.36173928741	1200	45.132296584213805	0.0	639204	2011.4071090900584	0.75
133325.1050069623	1200	46.38902890931809	0.0	586839	2743.2676748957188	1.2
133328.16883855918	1200	47.325197312419625	0.0	601738	3063.831596898467	1.2
133332.90170954322	1200	46.5923263283876	0.0	616206	4732.870984032021	1.2
133345.52007102102	1200	37.97396485059746	0.0	656471	12618.36147779014	1.2
133358.36026193813	1200	29.133773933492485	0.0	536667	12840.190917104977	1.2
133360.93320024313	300	30.560835628486917	0.0	146754	2572.938305005568	-0.6000000000000001
133363.39081367804	300	32.10322219358629	0.0	153938	2457.613434900627	0.3
133366.70068625588	300	32.79334961572604	0.0	181901	3309.8725778602543	0.3
133368.6857274634	300	34.80830840820247	0.0	111155	1985.0412075235638	0.3
133370.07133702957	300	37.42269884204747	0.0	153605	1385.6095661550032	0.3
133371.10672516192	300	40.38731070968831	0.0	149029	1035.3881323591545	0.3
133372.36586716515	300	43.128168706450175	0.0	157421	1259.1420032381336	0.3
133373.3964940576	300	46.097541814002334	0.0	157488	1030.6268924478431	0.3
133374.27026212358	300	49.22377374802691	0.0	143881	873.768065975426	0.3
133375.36726133022	300	52.12677454139707	0.0	163444	1096.99920662984	0.3
133377.81141022115	750	53.68262565046585	0.0	401088	2444.1488909312197	0.3
133381.01177434644	1200	54.48226152517163	0.0	598727	3200.364125294227	0.75
133383.52133469828	1200	55.9727011733419	0.0	487812	2509.560351829724	1.2
133386.5518280864	1200	56.942207785213625	0.0	575591	3030.49338812828	1.2
133390.20140915597	1200	57.29262671565401	0.0	605884	3649.581069559614	1.2
133403.23425092755	1200	48.25978494407556	0.0	587506	13032.841771578454	1.2
133409.21874178556	1200	46.27529408604897	0.0	566904	5984.490858026581	1.2
133413.7064705849	1200	45.78756528671306	0.0	641452	4487.728799335914	1.2
133417.62384507855	1200	45.87019079306575	0.0	599477	3917.3744936473113	1.2
133421.0102868268	1200	46.48374904485012	0.0	634861	3386.4417482156373	1.2
133423.08345877187	750	48.410577099755514	0.0	398987	2073.1719450946016	0.3
133427.13245164973	1200	48.36158422188545	0.0	638661	4048.9928778700664	0.75
133432.48185926653	1850	47.01217660508716	0.0	830730	5349.407616798296	1.2000000000000002
133442.70897779585	2850	40.78505807578374	0.0	1364537	10227.11852930342	1.85
133445.7479384047	750	41.746097466915856	0.0	450283	3038.960608867886	0.75
133448.35072695927	750	43.14330891235793	0.0	398865	2602.78855455792	0.75
133450.60312197445	750	44.89091389719273	0.0	350812	2252.395015165205	0.75
133453.2990566967	750	46.19497917493117	0.0	382355	2695.934722261561	0.75
133457.2186339222	750	46.275401949430865	0.0	411561	3919.5772255003035	0.75
133459.72550081727	750	47.768535054378226	0.0	318564	2506.86689505264	0.75
133463.10990758348	750	48.38412828816402	0.0	352642	3384.4067662142033	0.75
133466.19702851205	750	49.29700735958293	0.0	437162	3087.120928581089	0.75
133468.63713304565	750	50.85690282599313	0.0	374758	2440.1045335897998	0.75
133470.8176407267	750	52.676395144946056	0.0	362795	2180.5076810470696	0.75
133472.58585376685	750	54.9081821047896	0.0	353220	1768.2130401564548	0.75
133474.5607803787	750	56.93325549295326	0.0	405134	1974.9266118363432	0.75
133477.0092679517	1200	58.48476791992942	0.0	624282	2448.487573023845	0.75
133479.757435014	1200	59.736600857641896	0.0	687371	2748.167062287518	1.2
133482.19834317194	1200	59.99893647429377	0.0	526950	2237.6643833481266	1.2
133484.8532825536	1200	59.957588670758994	0.0	587876	2541.34780353477	1.2
133488.1736118959	1200	59.80371978866423	0.0	617242	3153.8688820947673	1.2
133491.79967926684	1200	59.744416333315044	0.0	581493	3559.3034553491875	1.2
133497.71352351445	1200	57.830572085710735	0.0	639204	5913.8442476043065	1.2
133501.64856971905	1200	57.895525881093704	0.0	586839	3935.0462046170337	1.2
133505.33670891117	1200	58.2073866889896	0.0	601738	3688.1391921040968	1.2
133509.78170579456	1200	57.76238980558218	0.0	616206	4444.996883407416	1.2
133516.0524779857	1200	55.491617614461006	0.0	656471	6270.772191121178	1.2
133519.65977873368	1200	55.88431686646709	0.0	536667	3607.3007479939165	1.2
133526.0891398374	1200	53.454955762763845	0.0	587236	6429.361103703244	1.2
133534.68519495937	1200	48.85890064077865	0.0	590335	8596.055121985193	1.2
133539.15658683542	1200	48.387508764717275	0.0	696376	4471.391876061378	1.2
133542.44208872755	1200	49.10200687259717	0.0	487160	3285.501892120102	1.2
133547.83899418244	1200	47.70510141770582	0.0	622896	5396.9054548913555	1.2
133552.58356669068	1200	46.960528909465985	0.0	641447	4744.572508239835	1.2
133556.37157137136	1200	47.172524228798736	0.0	570392	3788.0046806672462	1.2
133564.00884060268	1200	43.535254997481495	0.0	620283	7637.269231317236	1.2
133577.35455782348	1200	34.18953777667194	0.0	584349	13345.717220809556	1.2
133584.29205872517	750	31.252036874984377	0.0	412837	6937.500901687563	0.3
133586.6556767035	300	32.888418896647046	0.0	179328	2363.617978337332	-0.15000000000000002
133589.04138010132	300	34.50271549882685	0.0	159914	2385.7033978201944	0.3
133590.71332089396	300	36.83077470619304	0.0	131610	1671.9407926338113	0.3
133592.16333738537	300	39.38075821480024	0.0	124011	1450.0164913928022	0.3
133594.5756375293	300	40.96845807084073	0.0	144254	2412.300143959508	0.3
133596.26976601506	300	43.27432958510833	0.0	149991	1694.128485732397	0.3
133598.0614422149	300	45.48265338523578	0.0	147968	1791.6761998725583	0.3
133600.26417884033	300	47.279916759833355	0.0	161857	2202.7366254024196	0.3
133603.00727143168	300	48.53682416847149	0.0	145210	2743.0925913618735	0.3
133605.796766547	300	49.747329053160556	0.0	172312	2789.4951153109364	0.3
133607.5765511318	300	51.96754446836201	0.0	167025	1779.7845847985475	0.3
133611.80123972637	750	51.74285587378421	0.0	393804	4224.688594577794	0.3
133616.33266083486	1200	51.21143476529545	0.0	538612	4531.421108488756	0.75
133628.75436019842	2850	42.78973540173204	0.0	1364537	12421.699363563413	1.2000000000000002
133633.3624997869	750	42.1815958132734	0.0	450283	4608.1395884586445	0.75
133636.2289298318	750	43.315165768352365	0.0	398865	2866.4300449210295	0.75
133640.9387269699	750	42.60536863024127	0.0	350812	4709.797138111088	0.75
133644.3144767663	750	43.229618833853635	0.0	382355	3375.7497963876353	0.75
133651.4576894354	750	40.08640616475493	0.0	411561	7143.212669098709	0.75
133658.44252080808	750	37.10157479209336	0.0	318564	6984.831372661573	0.75
133661.6502231923	300	37.89387240788058	0.0	153295	3207.7023842127737	-0.15000000000000002
133667.93687347096	300	35.607222129229356	0.0	173849	6286.650278651233	0.3
133670.76664912648	300	36.77744647370632	0.0	150710	2829.775655523038	0.3
133673.55323569442	300	37.99085990575018	0.0	139105	2786.586567956142	0.3
133675.31607990817	300	40.228015692004774	0.0	141840	1762.8442137454012	0.3
133678.04623706374	300	41.4978585364203	0.0	156148	2730.1571555844735	0.3
133680.84000272278	300	42.704092877402275	0.0	160746	2793.765659018029	0.3
133682.3334113859	300	45.21068421429533	0.0	179801	1493.4086631069476	0.3
133683.24795217547	300	48.29614342468413	0.0	140051	914.5407896111964	0.3
133684.3310586118	300	51.213036988361566	0.0	138313	1083.1064363225682	0.3
133685.49451121353	300	54.04958438665207	0.0	143509	1163.4526017094881	0.3
133686.562259342	300	56.98183625817901	0.0	150616	1067.7481284730666	0.3
133690.04138335327	750	57.50271224689929	0.0	405596	3479.124011279719	0.3
133692.4969875011	750	59.047108099077185	0.0	350713	2455.604147822103	0.75
133695.23170038278	750	59.51928773313506	0.0	386472	2527.8203659421265	0.75
133699.0595147048	750	59.62382683000589	0.0	399894	2895.4609031291693	0.75
133702.74778342672	750	59.93555810807871	0.0	401853	3188.268721927182	0.75
133705.79853250695	750	59.83599463836938	0.0	343800	2599.563469709337	0.75
133708.51952536457	750	59.85059101481589	0.0	359903	2485.403623553485	0.75
133713.67979397834	750	58.6903224010386	0.0	379700	5160.268613777293	0.75
133722.27676438438	750	54.09335199499318	0.0	425781	8596.970406045413	0.75
133727.46668775316	750	52.903428626207564	0.0	277716	5189.923368785617	0.75
133734.48802627338	750	49.88209010599329	0.0	400396	7021.338520214271	0.75
133747.9829420903	750	40.387174289046904	0.0	400508	13494.915816946392	0.75
133754.8087094561	300	37.56140692326547	0.0	157421	6825.76736578143	-0.15000000000000002
133760.2403008863	300	36.12981549304507	0.0	157488	5431.591430220403	0.3
133764.60637760416	300	35.76373877522615	0.0	143881	4366.076717818922	0.3
133767.7709396969	300	36.5991766824756	0.0	163444	3164.562092750553	0.3
133772.2305401832	300	36.13957619618908	0.0	179328	4459.600486286518	0.3
133775.53998857588	300	36.830127803506535	0.0	159914	3309.4483926825505	0.3
133777.3210950248	300	39.049021354587374	0.0	131610	1781.1064489191585	0.3
133779.25400273624	300	41.11611364314174	0.0	124011	1932.9077114456356	0.3
133781.01567562248	300	43.35444075692192	0.0	144254	1761.67288621982	0.3
133782.69081777168	300	45.679298607718785	0.0	149991	1675.1421492031373	0.3
133784.52304947955	300	47.84706689983155	0.0	147968	1832.231707887227	0.3
133785.9327435889	300	50.4373727905004	0.0	161857	1409.6941093311573	0.3
133787.97242444524	300	52.397691934156015	0.0	145210	2039.6808563443874	0.3
133790.08358980544	300	54.286526573954504	0.0	172312	2111.165360201506	0.3
133794.60235992007	750	53.76775645930657	0.0	398987	4518.77011464794	0.3
133801.01258137787	750	51.35753500151417	0.0	393804	6410.221457792396	0.75
133813.42354371567	1200	42.94657266372149	0.0	538612	12410.962337792684	0.75
133828.47413663074	1850	31.895979748646486	0.0	846370	15050.592915075005	1.2000000000000002
133834.36821429664	750	30.001902082733956	0.0	450283	5894.077665912531	0.75
133836.68796594962	300	31.682150429758515	0.0	155580	2319.751652975438	-0.15000000000000002
133838.88460305904	300	33.485513320361044	0.0	139857	2196.637109397471	0.3
133841.53860207164	300	34.83151430773546	0.0	155432	2653.9990126255884	0.3
133844.32079270016	300	36.049323679208854	0.0	163442	2782.1906285265995	0.3
133846.3624532479	300	38.00766313149339	0.0	126289	2041.6605477154694	0.3
133849.03438362037	300	39.33573275899929	0.0	153295	2671.930372494098	0.3
133850.84812678696	300	41.52198959241826	0.0	173849	1813.743166581033	0.3
133853.07514352846	300	43.29497285090526	0.0	150710	2227.0167415129954	0.3
133854.8499228583	300	45.520193521092644	0.0	139105	1774.779329812615	0.3
133856.07003470598	300	48.30008167341409	0.0	141840	1220.1118476785562	0.3
133857.30135978782	300	51.06875659157369	0.0	156148	1231.3250818404042	0.3
133858.5144222842	300	53.85569409517056	0.0	160746	1213.0624964031229	0.3
133860.92210889034	300	55.44800748902868	0.0	179801	2407.686606141876	0.3
133862.4999456714	300	57.87017070797251	0.0	140051	1577.8367810561783	0.3
133865.76910666868	750	58.60100971068065	0.0	366214	3269.160997291857	0.3
133870.15183921033	750	58.21827716903997	0.0	360831	4382.732541640675	0.75
133874.3263397308	750	58.04377664859008	0.0	372963	4174.500520449898	0.75
133878.85678931934	750	57.51332706004225	0.0	405596	4530.449588547833	0.75
133881.60212602056	750	58.76799035882779	0.0	350713	2745.336701214458	0.75
133884.75235284993	750	59.61776352944897	0.0	386472	2650.2268293788175	0.75
133892.7909801914	750	55.57913618798707	0.0	399894	8038.627341461908	0.75
133897.81650305403	750	54.55361332535796	0.0	401853	5025.52286262911	0.75
133901.79410302232	750	54.57601335705661	0.0	343800	3977.599968301347	0.75
133907.17447853755	750	53.19563784181694	0.0	359903	5380.3755152396725	0.75
133912.7229483859	750	51.64716799347621	0.0	379700	5548.46984834073	0.75
133918.9937185242	750	49.37639785517954	0.0	425781	6270.770138296671	0.75
133925.75398270323	750	46.61613367614391	0.0	277716	6760.264179035626	0.75
133929.58543664892	300	46.784679730428564	0.0	153605	3831.4539457153423	-0.15000000000000002
133935.14418897222	300	45.225927407163695	0.0	149029	5558.752323264868	0.3
133938.71504832117	300	45.65506805819493	0.0	157421	3570.8593489687687	0.3
133941.79815260295	300	46.57196377643147	0.0	157488	3083.104281763462	0.3
133943.56290635816	300	48.80721002120396	0.0	143881	1764.7537552275091	0.3
133945.64988219636	300	50.72023418301229	0.0	163444	2086.975838191668	0.3
133947.67187042837	300	52.6982459509741	0.0	179328	2021.9882320381917	0.3
133949.70136071253	300	54.66875566684508	0.0	159914	2029.4902841290193	0.3
133951.0163154901	300	57.353800889273046	0.0	131610	1314.9547775720341	0.3
133952.6889280939	300	59.681188285439	0.0	124011	1172.6126038340442	0.3
133956.12636011382	750	59.51996825720356	0.0	378327	2661.220028235441	0.3
133959.65894767444	750	59.906780472747016	0.0	390680	2613.1877844565483	0.75
133964.9013518181	750	58.66437632910793	0.0	345516	5242.404143639081	0.75
133967.70644352245	750	59.85928462475731	0.0	384505	2805.091704350618	0.75
133971.40036467154	750	59.79077186227651	0.0	372093	3068.5127624808	0.75
133975.2663061761	750	59.924830357692656	0.0	438281	3865.9415045838523	0.75
133980.06948650678	750	59.121650027048524	0.0	398987	4803.180330644125	0.75
133989.5007868144	1200	53.690349719428866	0.0	638661	9431.300307619658	0.75
133997.89085482582	1200	49.30028170801381	0.0	538612	8390.068011415055	1.2
134016.93480393925	2850	34.25633259456387	0.0	1364537	19043.94911344994	1.2000000000000002
134025.26728922647	750	29.92384730735655	0.0	450283	8332.48528720732	0.75
134027.88681781312	300	31.304318720684524	0.0	155580	2619.5285866720246	-0.15000000000000002
134030.16003996215	300	33.031096571666524	0.0	139857	2273.222149017997	0.3
134032.1020603023	300	35.08907623149778	0.0	155432	1942.0203401687436	0.3
134033.71911353414	300	37.47202299967879	0.0	163442	1617.0532318189896	0.3
134034.9167958561	300	40.27434067773435	0.0	126289	1197.6823219444423	0.3
134036.3740148229	300	42.81712171092947	0.0	153295	1457.2189668048825	0.3
134037.7954715047	300	45.395665029128146	0.0	173849	1421.4566818013193	0.3
134039.24825046974	300	47.942886064091375	0.0	150710	1452.7789650367736	0.3
134040.8267739221	300	50.36436261171434	0.0	139105	1578.5234523770314	0.3
134042.5629953705	300	52.62814116334015	0.0	141840	1736.2214483741889	0.3
134044.57448383057	300	54.61665270328355	0.0	156148	2011.4884600566013	0.3
134046.30601546224	300	56.88512107158721	0.0	160746	1731.5316316963426	0.3
134048.08478455222	300	59.10635198162316	0.0	179801	1778.769089964043	0.3
134049.67316702157	300	59.814574880589575	0.0	140051	1291.7771010335834	0.3
134051.47646515045	300	59.901728500292414	0.0	138313	912.8463802971706	0.3
134053.82004088396	750	59.61016650783218	0.0	360831	2291.561992460226	0.3
134057.78004081952	750	59.65016657229731	0.0	372963	3459.999935534867	0.75
134064.06036980049	750	57.36983759131082	0.0	405596	6280.328980986497	0.75
134067.64076271377	750	57.78944467802217	0.0	350713	3580.392913288645	0.75
134075.0004153743	750	54.429792017498386	0.0	386472	7359.652660523779	0.75
134081.86139373019	750	51.56881366160151	0.0	399894	6860.978355896878	0.75
134084.9189169563	750	52.511290435516585	0.0	401853	3057.5232260849243	0.75
134087.2692405112	750	54.1609668805917	0.0	343800	2350.3235549248884	0.75
134089.44806302214	750	55.98214436964927	0.0	359903	2178.8225109424307	0.75
134091.4795546627	750	57.950652729074214	0.0	379700	2031.4916405750587	0.75
134093.72639836685	750	59.70380902494142	0.0	425781	1746.8437041327925	0.75
134095.88051210088	1200	59.860437769892755	0.0	487160	1843.3712550486687	0.75
134098.71502314374	1200	59.5405534879547	0.0	622896	2319.8842819380525	1.2
134102.3351573832	1850	59.920419248500224	0.0	975811	3120.1342394544868	1.2000000000000002
134105.54925099557	1850	59.96075294251537	0.0	873429	2459.6663059848474	1.85
134110.2109876566	1850	59.29901628146611	0.0	954453	4661.736661049258	1.85
134113.14453031574	1850	59.80482693561371	0.0	885062	2494.1893458523996	1.85
134117.8956897302	1850	59.05366752113658	0.0	1035329	4751.159414477126	1.85
134121.6346061326	1850	59.31475111873449	0.0	1026056	3738.916402402088	1.85
134125.2603166063	1850	59.689040645064445	0.0	943942	3625.7104736700476	1.85
134129.14403342342	1850	59.63975203840342	0.0	728962	3049.2886066610245	1.85
134133.4163842733	1850	59.367401188524454	0.0	938587	4272.350849878968	1.85
134137.71090415432	1850	59.07288130751832	0.0	908665	4294.519881006134	1.85
134142.41220804985	1850	58.37157741198156	0.0	930577	4701.303895536758	1.85
134147.23434641326	1850	57.54943904857699	0.0	858450	4822.138363404573	1.85
134151.88297138904	1850	56.90081407278894	0.0	1025005	4648.624975788048	1.85
134156.50858128865	1850	56.27520417317936	0.0	886255	4625.609899609585	1.85
134161.88974064533	1850	54.89404481649056	0.0	973972	5381.159356688799	1.85
134166.3197642611	1850	54.46402120072101	0.0	958994	4430.023615769557	1.85
134171.18583743877	1850	53.597948023035904	0.0	982064	4866.073177685102	1.85
134177.36480330935	2850	51.418982152463514	0.0	1231456	6178.9658705723905	1.85
134182.26910886215	2850	50.51467659966458	0.0	1364537	4904.305552798927	2.85
134185.4474987109	750	51.336286750892135	0.0	450283	3178.3898487724537	0.75
134188.44924385753	750	52.334541604290585	0.0	398865	3001.7451466015455	0.75
134189.92395013268	750	54.85983532912925	0.0	350812	1474.7062751613385	0.75
134192.40019088393	1200	56.383594577881965	0.0	617681	2476.2407512472814	0.75
134196.513248353	1200	56.270537108818964	0.0	652874	4113.057469063001	1.2
134200.19960224812	1200	56.58418321370138	0.0	520315	3686.3538951175874	1.2
134204.29388249022	1200	56.489902971585195	0.0	561791	4094.280242116186	1.2
134208.9169118786	1200	55.8668735832136	0.0	709534	4623.029388371602	1.2
134212.09318156124	1200	56.69060390057325	0.0	584846	3176.2696826403408	1.2
134215.6254941718	1200	57.15829129000257	0.0	560821	3532.312610570674	1.2
134218.96700305722	1200	57.816782404596815	0.0	607410	3341.508885405761	1.2
134222.30151721192	1200	58.482268249884775	0.0	594078	3334.514154712038	1.2
134225.7195370648	1200	59.06424839697126	0.0	624282	3418.0198529135237	1.2
134228.7862909854	1200	59.99749447642552	0.0	687371	3066.7539205457374	1.2
134230.9985536141	1200	59.52770604829758	0.0	526950	1969.7884281279405	1.2
134234.41414158896	1200	59.606649161163624	0.0	587876	2421.0568871339583	1.2
134237.4506805107	1200	59.64064524414269	0.0	617242	2466.003917020937	1.2
134240.4200679925	1200	59.88621900560452	0.0	581493	2754.4262385381703	1.2
134243.39755990502	1200	59.63995367098389	0.0	639204	2746.265334620618	1.2
134247.0944611359	1200	59.94305244011448	0.0	586839	3196.9012308694146	1.2
134250.0600419439	1200	59.53882594050667	0.0	601738	2904.2264996078093	1.2
134253.76766816704	1850	59.831199717366125	0.0	955231	3707.626223140552	1.2000000000000002
134257.74483583466	1850	59.854032049768435	0.0	968026	3977.167667597688	1.85
134261.59688072224	1850	59.776083705543485	0.0	874175	3577.948344224955	1.85
134265.60529412565	1850	59.76767030211469	0.0	897976	4008.4134034287954	1.85
134269.45193104848	1850	59.62610681408599	0.0	905935	3641.5634880286993	1.85
134274.1684671251	1850	58.90957073746701	0.0	1076599	4716.536076618985	1.85
134277.91323256816	1850	59.16480529441307	0.0	758197	3744.76544305394	1.85
134282.83488481527	1850	58.24315304729503	0.0	972798	4921.652247118039	1.85
134287.83283173028	1850	57.24520613228326	0.0	975811	4997.946915011777	1.85
134292.7523968353	1850	56.32564102724771	0.0	873429	4919.565105035546	1.85
134297.76487681098	1850	55.313161051568116	0.0	954453	5012.479975679598	1.85
134301.62568655555	1850	55.45235130698656	0.0	885062	3860.8097445815597	1.85
134306.791657996	1850	54.28637986650782	0.0	1035329	5165.9714404787355	1.85
134310.67994755448	1850	54.39809030805113	0.0	1026056	3888.2895584566854	1.85
134314.73102526114	1850	54.347012601393416	0.0	943942	4051.077706657721	1.85
134318.4659096585	1850	54.612128204027485	0.0	728962	3734.8843973659323	1.85
134324.36717999273	1850	52.7108578697866	0.0	938587	5901.270334240879	1.85
134331.32890308395	1850	49.74913477856646	0.0	908665	6961.723091220147	1.85
134340.1979231143	1850	44.88011474820212	0.0	930577	8869.020030364336	1.85
134353.75571554367	1200	35.32232231883383	0.0	566904	13557.792429368295	0.5499999999999999
134357.36692510883	750	35.71111275365915	0.0	384505	3611.2095651746695	0.3
134361.33808699742	750	35.73995086505303	0.0	372093	3971.161888606116	0.75
134365.45310760432	750	35.62493025816134	0.0	438281	4115.0206068916905	0.75
134368.75592182245	750	36.32211604003554	0.0	398987	3302.8142181258095	0.75
134373.549819823	750	35.52821803951125	0.0	393804	4793.8980005242865	0.75
134378.9703973568	1200	34.1076405057077	0.0	538612	5420.577533803551	0.75
134382.80596134273	1850	34.272076519788634	0.0	846370	3835.563985919065	1.2000000000000002
134384.62719419927	750	36.45084366325132	0.0	450283	1821.232856537321	0.75
134386.0192081685	750	39.0588296940109	0.0	398865	1392.0139692404146	0.75
134387.10327771812	750	41.97476014437984	0.0	350812	1084.0695496310632	0.75
134388.28366090238	750	44.79437696013539	0.0	382355	1180.383184244457	0.75
134389.548239356	750	47.52979850652311	0.0	411561	1264.5784536122806	0.75
134391.7935211118	1850	49.28451675068008	0.0	801058	2245.281755843017	0.75
134394.45514223253	1850	50.62289562995016	0.0	905515	2661.62112072993	1.85
134396.8498553758	1850	52.22818248667673	0.0	1060487	2394.7131432734304	1.85
134398.65594956445	1850	54.42208829801347	0.0	852833	1806.0941886632604	1.85
134400.71609605162	1850	56.36194181083477	0.0	913888	2060.1464871786993	1.85
134403.7981645313	2850	57.279873331167295	0.0	1354548	3082.0684796674823	1.85
134407.19475405087	2850	57.88328381157208	0.0	1519951	3396.5895195952103	2.85
134410.10390202157	2850	58.974135840909554	0.0	1422919	2909.1479706625255	2.85
134414.23445280292	2850	58.843585059538874	0.0	1578343	4130.550781370677	2.85
134417.12626714277	2850	59.951770719696334	0.0	1231445	2891.8143398425436	2.85
134420.82233355413	2850	59.57094227862377	0.0	1471065	2880.828441072561	2.85
134424.1495001079	2850	59.67997798687121	0.0	1491626	2890.964291752561	2.85
134427.2969417378	2850	59.68435830291158	0.0	1358801	2995.6196839596228	2.85
134431.2114472957	2850	59.76985274501458	0.0	1537156	3414.5055578969973	2.85
134435.285454702	2850	59.69584533870397	0.0	1336050	3574.007406310618	2.85
134439.58459825153	2850	59.39670178921111	0.0	1415116	4299.143549492858	2.85
134444.6615354162	2850	58.31976462450417	0.0	1468126	5076.937164706944	2.85
134448.70624540155	2850	58.275054639166264	0.0	1505760	4044.7099853379027	2.85
134452.40095726206	2850	58.58034277866087	0.0	1323990	3694.7118605053943	2.85
134455.79424033806	2850	59.187059702677075	0.0	1383735	3393.283075983797	2.85
134459.67481868746	2850	59.30648135326538	0.0	1480464	3880.5783494116895	2.85
134464.0083698098	2850	58.97293023092918	0.0	1547572	4333.551122336203	2.85
134467.10955838216	2850	59.87174165859107	0.0	1141971	3101.188572338109	2.85
134471.62216013312	2850	59.35913990763551	0.0	1498470	4512.601750955558	2.85
134479.47825423945	2850	55.503045801321015	0.0	1561263	7856.094106314492	2.85
134492.91522833725	2850	46.066071703510346	0.0	1341201	13436.974097810671	2.85
134495.86254313917	1200	47.118756901623485	0.0	620283	2947.3148018868606	-0.44999999999999996
134498.45808562115	1200	48.5232144196445	0.0	584349	2595.542481978988	1.2
134501.29656717213	1200	49.68473286866786	0.0	670129	2838.4815509766395	1.2
134503.5985140467	1200	51.382785994123466	0.0	690253	2301.946874544398	1.2
134505.23977935853	1200	53.74152068228354	0.0	598727	1641.2653118399148	1.2
134507.12947903536	1200	55.851821005484936	0.0	487812	1889.6996767986154	1.2
134510.33184840353	1850	56.64945163732229	0.0	938587	3202.3693681626496	1.2000000000000002
134512.9660898515	1850	58.015210189298784	0.0	908665	2634.2414480235	1.85
134517.922554697	2850	57.05874534381603	0.0	1402287	4956.464845482758	1.85
134523.62918577355	2850	55.35211426727521	0.0	1339500	5706.631076540822	2.85
134528.75261916994	1850	54.22868087087603	0.0	1025005	5123.433396399176	0.8500000000000001
134532.41162656946	1850	54.569673471362854	0.0	886255	3659.0073995131843	1.85
134536.63727214021	1850	54.34402790061416	0.0	973972	4225.645570748697	1.85
134543.04434487646	1850	51.93695516433672	0.0	958994	6407.072736277434	1.85
134555.0560618456	1850	43.92523819520331	0.0	982064	12011.716969133415	1.85
134568.28997579176	1850	34.69132424904541	0.0	830730	13233.913946157905	1.85

