2.740379482619269	750	4.0	2.740379482619269	450283	2740.379482619269	1	-11.033631775262856
3.8947140246598027	300	6.845665457959466	0.0	155580	1154.3345420405337	1.0939138698253519	-0.15000000000000002
4.972686050608661	300	9.767693432010608	0.0	139857	1077.9720259488574	1.0939138698253519	0.3
6.250602464593978	300	12.48977701802529	0.0	155432	1277.9164139853176	1.0939138698253519	0.3
9.02441091888431	750	13.715968563734958	0.0	411561	2773.8084542903334	1.0939138698253519	0.3
10.78669105435709	750	15.953688428262177	0.0	318564	1762.2801354727796	1.0939138698253519	0.75
13.601365695681045	750	17.139013786938225	0.0	352642	2814.6746413239553	1.0939138698253519	0.75
17.78652927100416	750	16.95385021161511	0.0	437162	4185.163575323112	1.0939138698253519	0.75
20.87939534202136	750	17.86098414059791	0.0	374758	3092.866071017203	1.0939138698253519	0.75
23.683700013073302	750	19.05667946954597	0.0	362795	2804.304671051942	1.0939138698253519	0.75
26.19646021300472	750	20.543919269614552	0.0	353220	2512.760199931419	1.0939138698253519	0.75
28.760639881316177	750	21.979739601303095	0.0	405134	2564.1796683114544	1.0939138698253519	0.75
32.82362715251983	1200	21.916752330099435	0.0	624282	4062.9872712036577	1.0939138698253519	0.75
36.7699691258701	1200	21.970410356749174	0.0	687371	3946.3419733502637	1.0939138698253519	1.2
40.03069708670137	1200	22.7096823959179	0.0	526950	3260.7279608312756	1.0939138698253519	1.2
43.55528733943924	1200	23.185092143180032	0.0	587876	3524.5902527378676	1.0939138698253519	1.2
46.920947227852615	1200	23.819432254766653	0.0	617242	3365.6598884133764	1.0939138698253519	1.2
50.24102110155861	1200	24.499358381060656	0.0	581493	3320.073873705998	1.0939138698253519	1.2
57.92349579280436	1200	20.8168836898149	0.0	639204	7682.474691245751	1.0939138698253519	1.2
65.0922997888125	1200	17.648079693806757	0.0	586839	7168.803996008143	1.0939138698253519	1.2
75.82888283042853	1200	10.911496652190737	0.0	601738	10736.58304161602	0.7883063244463115	1.2
79.72672476153934	750	11.013654721079924	0.0	399894	3897.841931110813	0.7883063244463115	0.3
83.33847736194713	750	11.401902120672142	0.0	401853	3611.7526004077804	0.7883063244463115	0.75
86.9724382435596	750	11.76794123905968	0.0	343800	3633.9608816124637	0.7883063244463115	0.75
90.45396987951024	750	12.286409603109021	0.0	359903	3481.5316359506573	0.7883063244463115	0.75
93.44308440710802	750	13.297295075511238	0.0	379700	2989.114527597783	0.7883063244463115	0.75
96.18618318908771	750	14.554196293531547	0.0	425781	2743.0987819796924	0.7883063244463115	0.75
97.6731149646182	750	17.067264518001057	0.0	277716	1486.9317755304849	0.7883063244463115	0.75
100.28645379782915	750	18.453925684790104	0.0	400396	2613.338833210955	0.7883063244463115	0.75
102.58619104839534	750	20.15418843422391	0.0	400508	2299.7372505661942	0.7883063244463115	0.75
106.78322123587508	1200	19.95715824674417	0.0	570392	4197.030187479736	0.7883063244463115	0.75
109.94316901138046	1200	20.797210471238778	0.0	620283	3159.947775505397	0.7883063244463115	1.2
112.70605665793944	1200	22.0343228246798	0.0	584349	2762.887646558973	0.7883063244463115	1.2
119.71366153695746	1200	19.026717945661787	0.0	670129	7007.604879018018	0.7883063244463115	1.2
124.83538620423289	1200	17.90499327838636	0.0	690253	5121.724667275426	0.7883063244463115	1.2
128.7234220192073	1200	18.016957463411945	0.0	598727	3888.0358149744125	0.7883063244463115	1.2
133.16609938269698	1200	17.57428009992224	0.0	487812	4442.677363489704	0.7883063244463115	1.2
137.460405724387	1200	17.279973758232256	0.0	575591	4294.306341689985	0.7883063244463115	1.2
142.4023450043782	1200	16.33803447824106	0.0	605884	4941.939279991194	0.7883063244463115	1.2
146.24694963924503	1200	16.493429843374216	0.0	587506	3844.6046348668438	0.7883063244463115	1.2
149.76619689849588	1200	16.97418258412338	0.0	566904	3519.2472592508357	0.7883063244463115	1.2
154.37127352295582	1200	16.36910595966342	0.0	641452	4605.076624459961	0.7883063244463115	1.2
157.80698755630232	1200	16.933391926316943	0.0	599477	3435.714033346473	0.7883063244463115	1.2
162.2565475573292	1200	16.483831925290037	0.0	634861	4449.560001026908	0.7883063244463115	1.2
168.11852983453403	1200	14.621849648085202	0.0	630203	5861.982277204834	0.7883063244463115	1.2
176.99041272492732	1200	9.749966757691915	0.0	638661	8871.882890393288	0.7883063244463115	1.2
180.1128604142868	1200	10.627519068332429	0.0	538612	3122.4476893594865	0.7883063244463115	1.2
184.78454502971866	1850	9.955834452900573	0.0	846370	4671.684615431855	0.7883063244463115	1.2000000000000002
187.44184672618596	750	11.298532756433284	0.0	450283	2657.301696467289	0.7883063244463115	0.75
189.49773479108367	750	13.242644691535565	0.0	398865	2055.8880648977192	0.7883063244463115	0.75
191.48471771670594	750	15.255661765913269	0.0	350812	1986.982925622297	0.7883063244463115	0.75
195.14517045249406	1200	15.595209030125176	0.0	617681	3660.452735788092	0.7883063244463115	0.75
199.6220081845265	1200	15.118371298092741	0.0	652874	4476.837732032434	0.7883063244463115	1.2
204.05838759201455	1200	14.681991890604666	0.0	520315	4436.379407488076	0.7883063244463115	1.2
211.8955749537296	1200	10.844804528889625	0.0	561791	7837.187361715041	0.7883063244463115	1.2
215.20844281737936	750	11.53193666523985	0.0	437162	3312.867863649773	0.7883063244463115	0.3
222.1838582250998	750	8.556521257519432	0.0	374758	6975.41540772042	0.7883063244463115	0.75
224.7975135195687	750	9.942865963050547	0.0	362795	2613.655294468885	0.7883063244463115	0.75
227.86207575095185	750	10.878303731667376	0.0	353220	3064.5622313831705	0.7883063244463115	0.75
231.26335870573232	750	11.477020776886933	0.0	405134	3401.282954780443	0.7883063244463115	0.75
234.38272769650982	750	12.3576517861094	0.0	386351	3119.368990777533	0.7883063244463115	0.75
238.2257496427409	750	12.514629839878333	0.0	434409	3843.021946231068	0.7883063244463115	0.75
241.41552712656943	750	13.32485235604981	0.0	337059	3189.7774838285222	0.7883063244463115	0.75
247.17129136140056	750	11.569088121218673	0.0	366214	5755.764234831137	0.7883063244463115	0.75
257.5609437084052	750	5.179435774214054	0.0	360831	10389.652347004618	0.7883063244463115	0.75
259.9907186293158	300	6.749660853303456	0.0	150616	2429.774920910598	0.7883063244463115	-0.15000000000000002
263.0744282076455	300	7.665951274973774	0.0	165384	3083.709578329682	0.7883063244463115	0.3
267.36279597952364	300	7.377583503095624	0.0	140881	4288.36777187815	0.7883063244463115	0.3
270.1740714290646	300	8.566308053554607	0.0	157671	2811.2754495410168	0.7883063244463115	0.3
272.99948270208415	300	9.74089678053505	0.0	157812	2825.411273019557	0.7883063244463115	0.3
277.47706473817027	300	9.263314744448959	0.0	163927	4477.582036086092	0.7883063244463115	0.3
283.5886981239912	300	7.151681358627989	0.0	137654	6111.63338582097	0.7883063244463115	0.3
287.8112741367563	300	6.929105345862845	0.0	146754	4222.576012765144	0.7883063244463115	0.3
293.3215079195621	300	5.418871563057069	0.0	153938	5510.233782805776	0.7883063244463115	0.3
299.49100077992006	300	4.0	0.7506212973008815	181901	6169.49286035795	0.7883063244463115	-2.9276715783937903
303.17244732017815	300	4.31855345974194	0.0	111155	3681.44654025806	0.7883063244463115	0.3
305.40157427027344	300	6.089426509646669	0.0	153605	2229.12695009527	0.7883063244463115	0.3
307.65593972904503	300	7.835061050875073	0.0	149029	2254.365458771597	0.7883063244463115	0.3
309.87617810746644	300	9.614822672453695	0.0	157421	2220.2383784213775	0.7883063244463115	0.3
311.68637867099176	300	11.80462210892835	0.0	157488	1810.2005635253445	0.7883063244463115	0.3
313.0649713484325	300	14.426029431487596	0.0	143881	1378.592677440755	0.7883063244463115	0.3
314.42559051793353	300	17.0654102619865	0.0	163444	1360.6191695010928	0.7883063244463115	0.3
315.63969925460833	300	19.85130152531171	0.0	179328	1214.1087366747913	0.7883063244463115	0.3
318.66942031002696	750	20.82158046989307	0.0	365161	3029.721055418643	0.7883063244463115	0.3
324.468148664293	1200	19.022852115627046	0.0	487812	5798.7283542660225	0.7883063244463115	0.75
339.3469582398954	1200	8.144042540024653	0.0	575591	14878.809575602394	0.7883063244463115	1.2
342.80072034240743	300	8.690280437512643	0.0	144254	3453.7621025120097	0.7883063244463115	-0.6000000000000001
349.5117380662446	300	5.979262713675415	0.0	149991	6711.017723837228	0.7883063244463115	0.3
355.66959828622953	300	4.0	0.17859750630949292	147968	6157.860219984908	0.7883063244463115	-0.46796927713081954
363.602704252454	300	4.0	3.9331059662244225	161857	7933.105966224422	0.7883063244463115	-16.612355654765015
367.7729519709311	300	4.0	0.170247718477096	145210	4170.247718477096	0.7883063244463115	-0.4320651894515128
372.25115983377043	300	4.0	0.47820786283934374	172312	4478.207862839344	0.7883063244463115	-1.756293810209178
376.3250344687511	300	4.0	0.07387463498068518	167025	4073.874634980685	0.7883063244463115	-0.017660930416946274
379.48114982559156	300	4.843884643159558	0.0	160064	3156.115356840443	0.7883063244463115	0.3
381.56041809533986	300	6.764616373411271	0.0	137507	2079.268269748287	0.7883063244463115	0.3
383.53593924668303	300	8.78909522206806	0.0	118421	1975.521151343211	0.7883063244463115	0.3
392.91151469957197	750	4.0	0.586480230820871	450283	9375.57545288893	0.7883063244463115	-1.771864992529745
396.44897599102393	300	4.4625387085480135	0.0	155580	3537.4612914519867	0.7883063244463115	-0.15000000000000002
397.7181050206242	300	7.193409678947801	0.0	139857	1269.129029600213	0.7883063244463115	0.3
398.78989548666823	300	10.121619212903735	0.0	155432	1071.7904660440659	0.7883063244463115	0.3
399.8570343114458	300	13.054480388126148	0.0	163442	1067.1388247775863	0.7883063244463115	0.3
400.54881078935495	300	16.362703910216986	0.0	126289	691.776477909161	0.7883063244463115	0.3
401.6287179723532	300	19.28279672721878	0.0	153295	1079.907182998205	0.7883063244463115	0.3
404.45838844893115	750	20.453126250640754	0.0	437162	2829.6704765780273	0.7883063244463115	0.3
407.87467549339294	1200	21.036839206178975	0.0	584846	3416.2870444617797	0.7883063244463115	0.75
411.56334336133	1200	21.34817133824193	0.0	560821	3688.667867937046	0.7883063244463115	1.2
415.7530059544457	1200	21.158508745126248	0.0	607410	4189.662593115681	0.7883063244463115	1.2
419.2170718621617	1200	21.694442837410236	0.0	594078	3464.0659077160108	0.7883063244463115	1.2
422.5826007109473	1200	22.32891398862464	0.0	624282	3365.5288487855946	0.7883063244463115	1.2
426.56637769023223	1200	22.345137009339677	0.0	687371	3983.7769792849663	0.7883063244463115	1.2
429.3645919025813	1200	23.546922796990568	0.0	526950	2798.214212349108	0.7883063244463115	1.2
432.1980643309526	1200	24.713450368619338	0.0	587876	2833.4724283712317	0.7883063244463115	1.2
435.248895331823	1200	25.662619367748913	0.0	617242	3050.831000870423	0.7883063244463115	1.2
438.44125781271	1200	26.470256886861964	0.0	581493	3192.362480886949	0.7883063244463115	1.2
443.00243337596567	1200	25.909081323606223	0.0	639204	4561.175563255741	0.7883063244463115	1.2
447.13422305380766	1200	25.77729164576423	0.0	586839	4131.789677841994	0.7883063244463115	1.2
452.6102804770116	1200	24.30123422256032	0.0	601738	5476.057423203913	0.7883063244463115	1.2
455.8074757900437	1200	25.10403890952816	0.0	616206	3197.195313032161	0.7883063244463115	1.2
459.4101745072707	1200	25.501340192301182	0.0	656471	3602.698717226979	0.7883063244463115	1.2
462.25787450733077	1200	26.653640192241085	0.0	536667	2847.700000060096	0.7883063244463115	1.2
466.63298514924537	1200	26.2785295503265	0.0	587236	4375.110641914583	0.7883063244463115	1.2
470.412780563341	1200	26.498734136230876	0.0	590335	3779.795414095623	0.7883063244463115	1.2
473.8079281414962	1200	27.103586558075666	0.0	696376	3395.147578155211	0.7883063244463115	1.2
476.57295435979034	1200	28.338560339781477	0.0	487160	2765.026218294189	0.7883063244463115	1.2
480.68696548530465	1200	28.224549214267185	0.0	622896	4114.011125514292	0.7883063244463115	1.2
484.8395036313024	1200	28.07201106826942	0.0	641447	4152.538145997769	0.7883063244463115	1.2
488.1209567315314	1200	28.790557968040456	0.0	570392	3281.453100228962	0.7883063244463115	1.2
491.3356872464403	1200	29.575827453131623	0.0	620283	3214.730514908831	0.7883063244463115	1.2
495.14141398900443	1200	29.77010071056745	0.0	584349	3805.726742564175	0.7883063244463115	1.2
501.17749019162943	1200	27.734024507942465	0.0	670129	6036.076202624987	0.7883063244463115	1.2
505.96160700335633	1200	26.949907696215554	0.0	690253	4784.116811726907	0.7883063244463115	1.2
509.4654436675251	1200	27.44607103204677	0.0	598727	3503.836664168785	0.7883063244463115	1.2
513.1985112998219	1200	27.71300339974996	0.0	487812	3733.067632296805	0.7883063244463115	1.2
517.1329530373047	1200	27.77856166226728	0.0	575591	3934.4417374826844	0.7883063244463115	1.2
522.9250475408141	1200	25.986467158757836	0.0	605884	5792.094503509441	0.7883063244463115	1.2
526.6794723716946	1200	26.23204232787725	0.0	587506	3754.4248308805863	0.7883063244463115	1.2
530.0019663066648	1200	26.909548392906967	0.0	566904	3322.493934970284	0.7883063244463115	1.2
533.9054638218897	1200	27.006050877682103	0.0	641452	3903.497515224861	0.7883063244463115	1.2
541.5543985573958	1200	23.357116142176018	0.0	599477	7648.934735506087	0.7883063244463115	1.2
545.6951851314475	1200	23.216329568124245	0.0	634861	4140.786574051773	0.7883063244463115	1.2
548.4699978456804	1200	24.44151685389145	0.0	630203	2774.8127142327958	0.7883063244463115	1.2
553.1230210112777	1850	23.78849368829412	0.0	982064	4653.023165597329	0.7883063244463115	1.2000000000000002
566.7386385298369	2850	14.172876169734947	0.0	1231456	13615.617518559175	0.7883063244463115	1.85
588.6744439790156	2850	4.0	7.762929279443786	1364537	21935.805449178733	0.7883063244463115	-30.53059590160828
590.4998252448282	750	6.174618734187278	0.0	450283	1825.3812658127226	0.7883063244463115	0.75
592.5987321940933	750	8.075711784922206	0.0	398865	2098.9069492650724	0.7883063244463115	0.75
594.1103424673147	750	10.564101511700864	0.0	350812	1511.6102732213408	0.7883063244463115	0.75
596.0804716124219	750	12.593972366593627	0.0	382355	1970.1291451072373	0.7883063244463115	0.75
598.284021215519	750	14.39042276349649	0.0	411561	2203.5496030971367	0.7883063244463115	0.75
599.859204257831	750	16.815239721184486	0.0	318564	1575.1830423120005	0.7883063244463115	0.75
601.8395158298512	750	18.834928149164462	0.0	352642	1980.311572020025	0.7883063244463115	0.75
603.7653880197112	750	20.909055959304492	0.0	437162	1925.8721898599695	0.7883063244463115	0.75
605.2386443169928	750	23.43579966202273	0.0	374758	1473.2562972817627	0.7883063244463115	0.75
607.7138178792583	1200	24.96062609975724	0.0	560821	2475.1735622654933	0.7883063244463115	0.75
611.6046012424276	1850	25.06984273658799	0.0	939819	3890.7833631692483	0.7883063244463115	1.2000000000000002
615.8820410631697	1850	24.792402915845845	0.0	917428	4277.439820742146	0.7883063244463115	1.85
621.5185549104244	1850	23.155889068591126	0.0	946851	5636.5138472547205	0.7883063244463115	1.85
627.9667531609938	1850	20.707690818021693	0.0	1036454	6448.1982505694305	0.7883063244463115	1.85
632.6040805556268	1850	20.070363423388663	0.0	821631	4637.327394633028	0.7883063244463115	1.85
637.4530442630698	1850	19.22139971594556	0.0	923170	4848.963707443105	0.7883063244463115	1.85
642.7488981042284	1850	17.925545874786977	0.0	966699	5295.853841158581	0.7883063244463115	1.85
645.4212455723099	1200	19.253198406705444	0.0	581493	2672.3474680815366	0.7883063244463115	0.5499999999999999
650.2121299464978	1850	18.46231403251754	0.0	987708	4790.884374187901	0.7883063244463115	1.2000000000000002
656.2998679381719	1850	16.374576040843408	0.0	923755	6087.737991674134	0.7883063244463115	1.85
661.8274673813615	1850	14.846976597653786	0.0	891604	5527.599443189622	0.7883063244463115	1.85
672.531099348557	1200	8.143344630458346	0.0	616206	10703.631967195439	0.7883063244463115	0.5499999999999999
676.4185125893754	750	8.255931389639906	0.0	401853	3887.4132408184387	0.7883063244463115	0.3
680.8241830449475	750	7.850260934067726	0.0	343800	4405.670455572182	0.7883063244463115	0.75
684.3220688200686	750	8.352375158946709	0.0	359903	3497.8857751210176	0.7883063244463115	0.75
686.8912180783761	300	9.783225900639206	0.0	153938	2569.149258307503	0.7883063244463115	-0.15000000000000002
691.2343312879477	300	9.440112691067625	0.0	181901	4343.11320957158	0.7883063244463115	0.3
691.8249436562714	300	12.849500322743868	0.0	111155	590.612368323757	0.7883063244463115	0.3
693.3357419873308	300	15.33870199168444	0.0	153605	1510.7983310594282	0.7883063244463115	0.3
694.894849498273	300	17.77959448074231	0.0	149029	1559.10751094213	0.7883063244463115	0.3
696.4136465761507	300	20.26079740286458	0.0	157421	1518.79707787773	0.7883063244463115	0.3
697.6317774856028	300	23.04266649341254	0.0	157488	1218.1309094520404	0.7883063244463115	0.3
700.3638649134793	750	24.310579065535975	0.0	369834	2732.087427876566	0.7883063244463115	0.3
703.3845983050409	750	25.289845673974465	0.0	412837	3020.733391561509	0.7883063244463115	0.75
707.3605475150257	750	25.31389646398963	0.0	401088	3975.9492099848367	0.7883063244463115	0.75
713.850984815662	750	22.823459163353377	0.0	365161	6490.437300636251	0.7883063244463115	0.75
724.9654223322251	750	15.709021646790184	0.0	321064	11114.437516563194	0.7883063244463115	0.75
728.1717090385764	750	16.502734940438874	0.0	361565	3206.28670635131	0.7883063244463115	0.75
732.0526410365995	750	16.621802942415755	0.0	378327	3880.9319980231194	0.7883063244463115	0.75
734.1190447059289	750	18.555399273086376	0.0	390680	2066.4036693293783	0.7883063244463115	0.75
735.5840463420193	750	21.09039763699589	0.0	345516	1465.0016360904895	0.7883063244463115	0.75
736.8676086459483	750	23.806835333066985	0.0	384505	1283.5623039289026	0.7883063244463115	0.75
737.9832295660731	750	26.691214412942205	0.0	372093	1115.6209201247818	0.7883063244463115	0.75
739.6132100815333	750	29.061233897481973	0.0	438281	1629.9805154602332	0.7883063244463115	0.75
742.5539052644298	1850	30.120538714585578	0.0	958994	2940.6951828963956	0.7883063244463115	0.75
749.7871149436057	4300	26.887329035409564	0.0	2246506	7233.209679176012	0.7883063244463115	1.8499999999999996
759.4381856533705	4300	21.236258325644872	0.0	1961140	9651.070709764695	0.7883063244463115	4.3
771.0207333134794	4300	13.653710665536007	0.0	2155012	11582.547660108863	0.7883063244463115	4.3
773.0609049262412	750	15.613539052774247	0.0	450283	2040.1716127617601	0.7883063244463115	0.75
775.1653431522342	750	17.50910082678122	0.0	398865	2104.438225993026	0.7883063244463115	0.75
777.4050856940645	750	19.269358284950886	0.0	350812	2239.7425418303364	0.7883063244463115	0.75
779.8634536206037	1200	20.81099035841169	0.0	617681	2458.3679265391934	0.7883063244463115	0.75
781.597173199946	1200	23.077270779069234	0.0	652874	1733.7195793424594	0.7883063244463115	1.2
783.8037559465106	1850	24.870688032504713	0.0	801058	2206.5827465645193	0.7883063244463115	1.2000000000000002
786.5229080363646	1850	26.151535942650668	0.0	905515	2719.1520898540452	0.7883063244463115	1.85
789.5666864863512	1850	27.10775749266409	0.0	1060487	3043.778449986582	0.7883063244463115	1.85
794.0444013737368	2850	26.630042605278526	0.0	1348011	4477.71488738556	0.7883063244463115	1.85
798.1722053020303	2850	26.502238676985005	0.0	1429765	4127.803928293522	0.7883063244463115	2.85
801.2021670193901	2850	27.472276959625148	0.0	1354548	3029.961717359857	0.7883063244463115	2.85
804.2100751432736	2850	28.464368835741766	0.0	1519951	3007.9081238833814	0.7883063244463115	2.85
807.2136490346987	2850	29.460794944316635	0.0	1422919	3003.5738914251324	0.7883063244463115	2.85
810.5220644815208	2850	30.152379497494582	0.0	1578343	3308.4154468220536	0.7883063244463115	2.85
814.3528843444143	4300	30.32155963460108	0.0	2005399	3830.819862893503	0.7883063244463115	2.8499999999999996
820.0864870458879	4300	28.587956933127504	0.0	2152483	5733.602701473572	0.7883063244463115	4.3
829.8596309164731	4300	22.81481306254225	0.0	2289689	9773.143870585258	0.7883063244463115	4.3
839.8481685424568	4300	16.8262754365586	0.0	2059512	9988.53762598365	0.7883063244463115	4.3
848.9310194285046	2850	11.743424550510928	0.0	1537156	9082.850886047672	0.7883063244463115	1.4000000000000001
853.8042025777012	1850	10.87024140131423	0.0	923755	4873.1831491967	0.7883063244463115	0.8500000000000001
856.516960265396	1200	12.157483713619394	0.0	601738	2712.7576876948347	0.7883063244463115	0.5499999999999999
859.0334168729512	1200	13.641027106064257	0.0	616206	2516.456607555138	0.7883063244463115	1.2
862.328267859838	1200	14.346176119177503	0.0	656471	3294.8509868867527	0.7883063244463115	1.2
866.659437365535	1200	14.015006613480375	0.0	536667	4331.169505697129	0.7883063244463115	1.2
870.8855006607671	1200	13.788943318248345	0.0	587236	4226.063295232031	0.7883063244463115	1.2
875.1116227079283	1200	13.562821271087115	0.0	590335	4226.122047161229	0.7883063244463115	1.2
879.1411829050998	1200	13.533261073915705	0.0	696376	4029.560197171412	0.7883063244463115	1.2
881.9943207378525	1200	14.680123241162867	0.0	487160	2853.137832752836	0.7883063244463115	1.2
885.4142427303503	1200	15.26020124866502	0.0	622896	3419.921992497847	0.7883063244463115	1.2
890.4638532107757	1200	14.21059076823956	0.0	641447	5049.610480425459	0.7883063244463115	1.2
896.1945347429864	1200	12.479909236028842	0.0	570392	5730.6815322107195	0.7883063244463115	1.2
900.288700164828	1200	12.385743814187238	0.0	620283	4094.165421841602	0.7883063244463115	1.2
908.5024626625129	1200	8.171981316502368	0.0	584349	8213.762497684871	0.7883063244463115	1.2
909.2340657992279	750	11.440378179787317	0.0	412837	731.6031367150509	0.7883063244463115	0.3
911.3755618045951	750	13.298882174420118	0.0	401088	2141.496005367199	0.7883063244463115	0.75
913.8533699429611	750	14.82107403605427	0.0	365161	2477.8081383658487	0.7883063244463115	0.75
915.8233161701675	750	16.85112780884793	0.0	321064	1969.94622720634	0.7883063244463115	0.75
919.064709406045	750	17.609734572970257	0.0	361565	3241.393235877675	0.7883063244463115	0.75
922.9757331112858	1200	17.698710867729545	0.0	605884	3911.023705240714	0.7883063244463115	0.75
927.4678973971215	1200	17.206546581893736	0.0	587506	4492.164285835808	0.7883063244463115	1.2
932.4173861115765	1200	16.257057867438682	0.0	566904	4949.488714455055	0.7883063244463115	1.2
936.2734855850043	1200	16.40095839401099	0.0	641452	3856.0994734276946	0.7883063244463115	1.2
939.9869498503382	1200	16.687494128677127	0.0	599477	3713.464265333858	0.7883063244463115	1.2
945.3955377251107	1200	15.278906253904625	0.0	634861	5408.587874772503	0.7883063244463115	1.2
950.7783023924068	1200	13.896141586608563	0.0	630203	5382.764667296062	0.7883063244463115	1.2
958.5119278765151	1200	10.162516102500259	0.0	638661	7733.625484108302	0.7883063244463115	1.2
961.5997423596602	1200	11.074701619355091	0.0	538612	3087.8144831451673	0.7883063244463115	1.2
968.6974733251863	1850	7.976970653828988	0.0	846370	7097.730965526103	0.7883063244463115	1.2000000000000002
972.5322232164655	750	8.14222076254989	0.0	450283	3834.7498912790975	0.7883063244463115	0.75
974.6135356582577	750	10.060908320757637	0.0	398865	2081.3124417922545	0.7883063244463115	0.75
975.9049859694187	750	12.769458009596638	0.0	350812	1291.4503111609988	0.7883063244463115	0.75
976.596305428749	750	16.078138550266235	0.0	382355	691.3194593304008	0.7883063244463115	0.75
980.6251889168423	1200	16.049255062173085	0.0	652874	4028.8834880931513	0.7883063244463115	0.75
983.5931237387157	1200	17.081320240299654	0.0	520315	2967.9348218734317	0.7883063244463115	1.2
986.6728302829217	1200	18.001613696093685	0.0	561791	3079.7065442059693	0.7883063244463115	1.2
990.8182713757558	1200	17.856172603259555	0.0	709534	4145.441092834133	0.7883063244463115	1.2
992.4826835410744	1200	20.191760437940946	0.0	584846	1664.4121653186075	0.7883063244463115	1.2
995.5859835330872	1200	21.08846044592818	0.0	560821	3103.299992012765	0.7883063244463115	1.2
1002.5779297259304	1200	18.09651425308491	0.0	607410	6991.946192843273	0.7883063244463115	1.2
1004.7362725048192	1200	19.93817147419616	0.0	594078	2158.3427788887484	0.7883063244463115	1.2
1007.5705019409895	1200	21.1039420380258	0.0	624282	2834.2294361703593	0.7883063244463115	1.2
1012.1649451058512	1200	20.50949887316412	0.0	687371	4594.443164861677	0.7883063244463115	1.2
1016.8720320431117	1200	19.802411935903564	0.0	526950	4707.086937260555	0.7883063244463115	1.2
1020.0169274091018	1200	20.657516569913575	0.0	587876	3144.8953659899903	0.7883063244463115	1.2
1023.7393162557199	1200	20.935127723295373	0.0	617242	3722.388846618202	0.7883063244463115	1.2
1032.0213946524634	1200	16.65304932655185	0.0	581493	8282.078396743522	0.7883063244463115	1.2
1033.7527935109188	1200	18.921650468096537	0.0	639204	1731.3988584553165	0.7883063244463115	1.2
1041.7367633883666	1200	14.937680590648826	0.0	586839	7983.969877447712	0.7883063244463115	1.2
1046.5550414905797	750	14.119402488435602	0.0	386472	4818.278102213224	0.7883063244463115	0.3
1049.122238456462	750	15.552205522553628	0.0	399894	2567.1969658819744	0.7883063244463115	0.75
1051.454313647085	750	17.220130331930655	0.0	401853	2332.0751906229757	0.7883063244463115	0.75
1053.732359309395	750	18.94208466962066	0.0	343800	2278.045662309998	0.7883063244463115	0.75
1055.8911711491694	750	20.78327282984626	0.0	359903	2158.811839774395	0.7883063244463115	0.75
1058.2938986249237	750	22.38054535409173	0.0	379700	2402.727475754533	0.7883063244463115	0.75
1060.9410468604142	750	23.7333971186015	0.0	425781	2647.148235490231	0.7883063244463115	0.75
1062.5534272233483	750	26.121016755667185	0.0	277716	1612.380362934314	0.7883063244463115	0.75
1065.9831507208062	1200	26.691293258209267	0.0	622896	3429.723497457916	0.7883063244463115	0.75
1070.6649564215434	1200	26.009487557472	0.0	641447	4681.805700737269	0.7883063244463115	1.2
1074.022547479935	1200	26.651896499080504	0.0	570392	3357.591058391496	0.7883063244463115	1.2
1078.142043877789	1200	26.532400101226457	0.0	620283	4119.496397854045	0.7883063244463115	1.2
1082.504852218618	1200	26.16959176039748	0.0	584349	4362.808340828976	0.7883063244463115	1.2
1087.24612043465	1200	25.428323544365437	0.0	670129	4741.268216032043	0.7883063244463115	1.2
1091.1633734222305	1200	25.511070556784944	0.0	690253	3917.2529875804935	0.7883063244463115	1.2
1094.6978095977938	1200	25.97663438122181	0.0	598727	3534.436175563133	0.7883063244463115	1.2
1097.3183067264986	1200	27.35613725251703	0.0	487812	2620.4971287047797	0.7883063244463115	1.2
1100.9502941318185	1200	27.724149847197005	0.0	575591	3631.987405320026	0.7883063244463115	1.2
1104.6477691442515	1200	28.026674834764066	0.0	605884	3697.47501243294	0.7883063244463115	1.2
1108.268751404769	1200	28.405692574246576	0.0	587506	3620.9822605174895	0.7883063244463115	1.2
1111.3698830293486	1200	29.304560949667216	0.0	566904	3101.1316245793596	0.7883063244463115	1.2
1115.0276849525042	1200	29.646759026511415	0.0	641452	3657.801923155798	0.7883063244463115	1.2
1118.33845335154	1200	30.335990627475685	0.0	599477	3310.768399035734	0.7883063244463115	1.2
1124.126775391402	1850	28.547668587613693	0.0	973972	5788.32203986199	0.7883063244463115	1.2000000000000002
1129.4578094227868	1850	27.21663455622876	0.0	958994	5331.034031384936	0.7883063244463115	1.85
1138.100803096201	2850	22.573640882814455	0.0	1483527	8642.993673414305	0.7883063244463115	1.85
1144.1118081811617	2850	20.562635797853684	0.0	1231456	6011.005084960772	0.7883063244463115	2.85
1153.0227276257344	2850	15.65171635328095	0.0	1364537	8910.919444572733	0.7883063244463115	2.85

