2.8154029051600578	750	4.0	2.8154029051600578	450283	2815.402905160058	1	-11.356232492188248
3.594410184948476	300	7.220992720211582	0.0	155580	779.0072797884184	0.8958178333098985	-0.15000000000000002
5.126108104463348	750	9.68929480069671	0.0	350812	1531.6979195148717	0.8958178333098985	0.3
6.624001697679837	750	12.191401207480219	0.0	382355	1497.8935932164893	0.8958178333098985	0.75
9.795872716344814	1200	13.019530188815244	0.0	652874	3171.871018664975	0.8958178333098985	0.75
12.166963614258268	1200	14.64843929090179	0.0	520315	2371.0908979134542	0.8958178333098985	1.2
15.124115789468677	1200	15.691287115691381	0.0	561791	2957.1521752104095	0.8958178333098985	1.2
20.487565647621473	1200	14.327837257538583	0.0	709534	5363.449858152797	0.8958178333098985	1.2
23.565931867156316	1200	15.24947103800374	0.0	584846	3078.3662195348443	0.8958178333098985	1.2
26.205608490584698	1200	16.609794414575358	0.0	560821	2639.6766234283837	0.8958178333098985	1.2
31.269981855161742	1200	15.545421049998312	0.0	607410	5064.373364577044	0.8958178333098985	1.2
35.086136268598565	1200	15.729266636561489	0.0	594078	3816.1544134368223	0.8958178333098985	1.2
38.342471528559535	1200	16.472931376600517	0.0	624282	3256.3352599609707	0.8958178333098985	1.2
41.70043638390166	1200	17.114966521258392	0.0	687371	3357.9648553421234	0.8958178333098985	1.2
44.784868074411605	1200	18.030534830748447	0.0	526950	3084.43169050995	0.8958178333098985	1.2
48.72469002769777	1200	18.090712877462284	0.0	587876	3939.821953286164	0.8958178333098985	1.2
53.48255677239552	1200	17.332846132764534	0.0	617242	4757.866744697748	0.8958178333098985	1.2
58.650684665662816	1200	16.164718239497237	0.0	581493	5168.1278932672985	0.8958178333098985	1.2
67.05893143992638	1200	11.756471465233677	0.0	639204	8408.24677426356	0.8958178333098985	1.2
69.4770500102873	750	13.338352894872752	0.0	350713	2418.118570360925	0.8958178333098985	0.3
73.81212886239027	750	13.003274042769785	0.0	386472	4335.078852102968	0.6238767980353808	0.75
77.65837781010843	750	13.157025095051614	0.0	399894	3846.2489477181707	0.6238767980353808	0.75
83.69691319090758	750	11.118489714252467	0.0	401853	6038.535380799146	0.6238767980353808	0.75
88.07620122688148	750	10.739201678278558	0.0	343800	4379.288035973911	0.6238767980353808	0.75
90.9785419555726	750	11.836860949587445	0.0	359903	2902.3407286911133	0.6238767980353808	0.75
93.78510647025225	750	13.030296434907802	0.0	379700	2806.564514679641	0.6238767980353808	0.75
96.50689908425188	750	14.308503820908161	0.0	425781	2721.7926139996416	0.6238767980353808	0.75
98.48253870864085	750	16.332864196519203	0.0	277716	1975.6396243889571	0.6238767980353808	0.75
102.55262792087059	750	16.262774984289447	0.0	400396	4070.089212229757	0.6238767980353808	0.75
108.11746392237986	750	14.69793898278019	0.0	400508	5564.836001509257	0.6238767980353808	0.75
112.8900714826207	750	13.925331422539358	0.0	358218	4772.607560240832	0.6238767980353808	0.75
117.87042101271533	750	12.944981892444732	0.0	400322	4980.349530094627	0.6238767980353808	0.75
121.94660461186773	750	12.868798293292325	0.0	369834	4076.1835991524063	0.6238767980353808	0.75
125.47279421326981	750	13.342608691890252	0.0	412837	3526.189601402073	0.6238767980353808	0.75
128.01590115590153	750	14.799501749258534	0.0	401088	2543.1069426317194	0.6238767980353808	0.75
129.88269744048833	750	16.932705464671727	0.0	365161	1866.796284586808	0.6238767980353808	0.75
131.46150568899742	750	19.35389721616265	0.0	321064	1578.8082485090763	0.6238767980353808	0.75
134.66511147904703	1200	20.150291426113057	0.0	575591	3203.6057900495957	0.6238767980353808	0.75
138.2024474779987	1200	20.61295542716136	0.0	605884	3537.335998951698	0.6238767980353808	1.2
141.45420019709454	1200	21.361202708065523	0.0	587506	3251.752719095835	0.6238767980353808	1.2
144.0630643178867	1200	22.75233858727337	0.0	566904	2608.864120792153	0.6238767980353808	1.2
147.23770145498847	1200	23.57770145017159	0.0	641452	3174.637137101783	0.6238767980353808	1.2
152.22649814055356	1850	22.588904764606497	0.0	886255	4988.796685565091	0.6238767980353808	1.2000000000000002
156.61109644349514	1850	22.20430646166494	0.0	973972	4384.598302941553	0.6238767980353808	1.85
161.02602312354838	1850	21.78937978161167	0.0	958994	4414.926680053271	0.6238767980353808	1.85
166.77598309813445	2850	20.039419807025606	0.0	1483527	5749.959974586065	0.6238767980353808	1.85
172.0871071084672	2850	18.72829579669285	0.0	1231456	5311.124010332755	0.6238767980353808	2.85
179.57554160600756	2850	15.239861299152485	0.0	1364537	7488.434497540365	0.6238767980353808	2.85
182.77307568963008	750	16.04232721552996	0.0	450283	3197.534083622527	0.6238767980353808	0.75
189.49905105180156	1200	13.316351853358473	0.0	611087	6725.975362171487	0.6238767980353808	0.75
192.750243961343	1200	14.065158943817044	0.0	571051	3251.192909541427	0.6238767980353808	1.2
195.99136929872728	1200	14.824033606432744	0.0	617681	3241.1253373843006	0.6238767980353808	1.2
199.01610822795678	1200	15.799294677203257	0.0	652874	3024.738929229487	0.6238767980353808	1.2
201.31367152218377	1200	17.50173138297625	0.0	520315	2297.5632942270054	0.6238767980353808	1.2
203.8982037333068	1200	18.917199171853234	0.0	561791	2584.532211123016	0.6238767980353808	1.2
207.17042207710608	1200	19.644980828053928	0.0	709534	3272.218343799302	0.6238767980353808	1.2
211.03384187179887	1200	19.781561033361122	0.0	584846	3863.419794692808	0.6238767980353808	1.2
215.04704130267845	1200	19.768361602481555	0.0	560821	4013.1994308795674	0.6238767980353808	1.2
218.87755729506117	1200	19.93784561009885	0.0	607410	3830.515992382706	0.6238767980353808	1.2
222.55342558990884	1200	20.261977315251148	0.0	594078	3675.868294847702	0.6238767980353808	1.2
227.08937583823806	1200	19.726027066921954	0.0	624282	4535.950248329194	0.6238767980353808	1.2
232.4146505693082	1200	18.40075233585181	0.0	687371	5325.274731070143	0.6238767980353808	1.2
236.22745842270973	1200	18.587944482450276	0.0	526950	3812.8078534015335	0.6238767980353808	1.2
239.8875850150652	1200	18.927817890094794	0.0	587876	3660.126592355481	0.6238767980353808	1.2
243.93781054515435	1200	18.877592360005647	0.0	617242	4050.225530089148	0.6238767980353808	1.2
249.05930238898227	1200	17.756100516177728	0.0	581493	5121.491843827915	0.6238767980353808	1.2
253.8925058761499	1200	16.922897029010098	0.0	639204	4833.20348716763	0.6238767980353808	1.2
262.454112237417	1200	12.361290667742978	0.0	586839	8561.60636126712	0.6238767980353808	1.2
264.9528459438342	750	13.862556961325826	0.0	386472	2498.733706417154	0.6238767980353808	0.3
266.57134697214536	750	16.244055933014607	0.0	399894	1618.5010283112167	0.6238767980353808	0.75
268.1623919741603	750	18.653010930999717	0.0	401853	1591.045002014891	0.6238767980353808	0.75
269.52406799725577	750	21.291334907904236	0.0	343800	1361.6760230954833	0.6238767980353808	0.75
273.10980644530275	1200	21.70559645985729	0.0	587236	3585.7384480469436	0.6238767980353808	0.75
294.0911241311122	1850	4.724278774047795	0.0	905935	20981.317685809496	0.6238767980353808	1.2000000000000002
296.6201983959928	750	6.195204509167254	0.0	425781	2529.0742648805413	0.6238767980353808	-0.3500000000000001
297.96529065838394	750	8.850112246776133	0.0	277716	1345.0922623911208	0.6238767980353808	0.75
299.7338739015611	750	11.081529003598964	0.0	400396	1768.5832431771698	0.6238767980353808	0.75
301.48429791696066	750	13.331104988199362	0.0	400508	1750.4240153996018	0.6238767980353808	0.75
302.8049926480599	750	16.010410257100123	0.0	358218	1320.6947310992402	0.6238767980353808	0.75
304.40558935213437	750	18.409813553025653	0.0	400322	1600.5967040744697	0.6238767980353808	0.75
308.1692551660535	1850	18.646147739106517	0.0	885062	3763.665813919138	0.6238767980353808	0.75
312.35965069790416	1850	18.45575220725586	0.0	1035329	4190.395531850655	0.6238767980353808	1.85
316.4488418407632	1850	18.366561064396844	0.0	1026056	4089.1911428590174	0.6238767980353808	1.85
320.29302487292716	1850	18.52237803223284	0.0	943942	3844.183032164003	0.6238767980353808	1.85
323.3421769917729	1850	19.47322591338711	0.0	728962	3049.1521188457255	0.6238767980353808	1.85
326.85300211125144	1850	19.96240079390854	0.0	938587	3510.8251194785744	0.6238767980353808	1.85
330.39544428957123	1850	20.419958615588758	0.0	908665	3542.442178319779	0.6238767980353808	1.85
333.9581258760706	1850	20.85727702908944	0.0	930577	3562.6815864993223	0.6238767980353808	1.85
337.4188668994541	1850	21.39653600570595	0.0	858450	3460.7410233834867	0.6238767980353808	1.85
341.6135487067648	1850	21.20185419839527	0.0	1025005	4194.6818073106815	0.6238767980353808	1.85
345.53898705165926	1850	21.27641585350078	0.0	886255	3925.438344894488	0.6238767980353808	1.85
350.4430584816132	1850	20.372344423546814	0.0	973972	4904.07142995397	0.6238767980353808	1.85
358.51647159546883	1850	16.298931309691255	0.0	958994	8073.413113855556	0.6238767980353808	1.85
364.7744087973851	1850	14.040994107774935	0.0	982064	6257.937201916319	0.6238767980353808	1.85
368.723238438572	1850	14.092164466588008	0.0	830730	3948.829641186927	0.6238767980353808	1.85
375.74275593100407	2850	11.07264697415599	0.0	1364537	7019.517492432018	0.6238767980353808	1.85
378.17778851906337	750	12.637614386096647	0.0	450283	2435.032588059342	0.6238767980353808	0.75
381.61266736658496	1200	13.202735538575068	0.0	611087	3434.878847521581	0.6238767980353808	0.75
384.66098852320124	1200	14.154414381958755	0.0	571051	3048.321156616311	0.6238767980353808	1.2
388.1559930159303	1200	14.659409889229742	0.0	617681	3495.004492729013	0.6238767980353808	1.2
392.56891436562626	1200	14.246488539533784	0.0	652874	4412.921349695959	0.6238767980353808	1.2
395.48573300397146	1200	15.329669901188568	0.0	520315	2916.8186383452166	0.6238767980353808	1.2
397.95714206192025	1200	16.858260843239755	0.0	561791	2471.4090579488143	0.6238767980353808	1.2
400.8791489680071	1200	17.93625393715292	0.0	709534	2922.0069060868336	0.6238767980353808	1.2
403.316081198067	1200	19.499321707093003	0.0	584846	2436.9322300599147	0.6238767980353808	1.2
405.6317356243506	1200	21.183667280809374	0.0	560821	2315.6544262836273	0.6238767980353808	1.2
410.42928133559764	1850	20.386121569562373	0.0	939819	4797.545711247004	0.6238767980353808	1.2000000000000002
416.1702320110929	1850	18.64517089406714	0.0	917428	5740.950675495234	0.6238767980353808	1.85
421.2185207707341	1850	17.596882134425968	0.0	946851	5048.288759641172	0.6238767980353808	1.85
426.50029559683	1850	16.31510730833007	0.0	1036454	5281.774826095898	0.6238767980353808	1.85
433.43858749497764	1850	13.376815410182397	0.0	821631	6938.291898147671	0.6238767980353808	1.85
440.42468016110223	1200	10.390722744057816	0.0	587876	6986.09266612458	0.6238767980353808	0.5499999999999999
444.4817817140834	1200	10.333621191076658	0.0	617242	4057.1015529811593	0.6238767980353808	1.2
447.5970334555701	1200	11.218369449589929	0.0	581493	3115.2517414867298	0.6238767980353808	1.2
451.5538439038614	1200	11.261559001298703	0.0	639204	3956.8104482912263	0.6238767980353808	1.2
456.18490999841725	1200	10.630492906742793	0.0	586839	4631.06609455591	0.6238767980353808	1.2
459.54892268570455	1200	11.266480219455488	0.0	601738	3364.0126872873043	0.6238767980353808	1.2
464.666844474993	1200	10.148558430167	0.0	616206	5117.921789288488	0.6238767980353808	1.2
471.0657769513324	1200	7.749625953827616	0.0	656471	6398.932476339384	0.6238767980353808	1.2
473.51815735918154	750	9.29724554597844	0.0	343800	2452.380407849176	0.6238767980353808	0.3
476.0653092894772	750	10.750093615682733	0.0	359903	2547.1519302957067	0.6238767980353808	0.75
480.43038330083385	750	10.38501960432612	0.0	379700	4365.074011356614	0.6238767980353808	0.75
483.37833782221173	750	11.43706508294827	0.0	425781	2947.9545213778515	0.6238767980353808	0.75
484.9780088310755	750	13.83739407408451	0.0	277716	1599.6710088637592	0.6238767980353808	0.75
488.52817518397615	750	14.287227721183893	0.0	400396	3550.166352900618	0.6238767980353808	0.75
493.8126064686072	750	13.002796436552837	0.0	400508	5284.431284631055	0.6238767980353808	0.75
500.66989683516493	750	10.145506069995147	0.0	358218	6857.290366557691	0.6238767980353808	0.75
507.3333761055975	750	7.482026799562585	0.0	400322	6663.479270432561	0.6238767980353808	0.75
509.11028698911844	300	9.705115916041613	0.0	143881	1776.9108835209713	0.6238767980353808	-0.15000000000000002
511.27915572743854	300	11.53624717772155	0.0	163444	2168.8687383200627	0.6238767980353808	0.3
513.2308987332857	300	13.584504171874391	0.0	179328	1951.7430058471596	0.6238767980353808	0.3
515.1884322938515	300	15.626970611308549	0.0	159914	1957.533560565842	0.6238767980353808	0.3
516.7531490873224	300	18.062253817837618	0.0	131610	1564.716793470928	0.6238767980353808	0.3
518.4824747459571	300	20.33292815920294	0.0	124011	1729.3256586346802	0.6238767980353808	0.3
521.4030185175357	300	21.41238438762432	0.0	144254	2920.543771578619	0.6238767980353808	0.3
523.3630789090503	300	23.452323996109712	0.0	149991	1960.0603915146078	0.6238767980353808	0.3
525.3521506036544	300	25.463252301505573	0.0	147968	1989.0716946041396	0.6238767980353808	0.3
527.8095932504377	300	27.005809654722267	0.0	161857	2457.442646783307	0.6238767980353808	0.3
529.6942824342833	300	29.121120470876676	0.0	145210	1884.6891838455922	0.6238767980353808	0.3
535.3950830711857	750	27.420319833974222	0.0	438281	5700.800636902452	0.6238767980353808	0.3
541.6990276083221	750	25.11637529683792	0.0	398987	6303.9445371363045	0.6238767980353808	0.75
546.4768806696634	750	24.338522235496622	0.0	393804	4777.8530613412995	0.6238767980353808	0.75
552.611744517292	1200	22.203658387868074	0.0	538612	6134.863847628547	0.6238767980353808	0.75
572.988772744516	2850	5.826630160644043	0.0	1364537	20377.028227224033	0.6238767980353808	1.2000000000000002
578.0425862712525	750	4.772816633907535	0.0	450283	5053.813526736508	0.6238767980353808	0.75
579.4541506363819	300	7.361252268778134	0.0	155580	1411.5643651294001	0.6238767980353808	-0.15000000000000002
580.6350824501292	300	10.180320455030902	0.0	139857	1180.9318137472337	0.6238767980353808	0.3
582.0185825859701	300	12.796820319190001	0.0	155432	1383.5001358409008	0.6238767980353808	0.3
583.3213537497089	300	15.494049155451103	0.0	163442	1302.771163738898	0.6238767980353808	0.3
584.377819019799	300	18.437583885361107	0.0	126289	1056.4652700899971	0.6238767980353808	0.3
588.6758773742013	750	18.13952553095884	0.0	352642	4298.058354402266	0.6238767980353808	0.3
594.2380334713816	1200	16.577369433778514	0.0	709534	5562.156097180327	0.6238767980353808	0.75
599.8572426104013	1200	14.958160294758875	0.0	584846	5619.209139019638	0.6238767980353808	1.2
606.7492006144073	750	12.066202290752862	0.0	362795	6891.958004006013	0.6238767980353808	0.3
612.4355125131494	750	10.37989039201072	0.0	353220	5686.311898742142	0.6238767980353808	0.75
615.9913011694196	750	10.824101735740541	0.0	405134	3555.7886562701788	0.6238767980353808	0.75
620.6762947140654	750	10.139108191094673	0.0	386351	4684.993544645869	0.6238767980353808	0.75
625.5664423555314	750	9.248960549628618	0.0	434409	4890.147641466054	0.6238767980353808	0.75
629.2667000594017	750	9.54870284575826	0.0	337059	3700.2577038703575	0.6238767980353808	0.75
632.8109212380984	750	10.004481667061576	0.0	366214	3544.221178696684	0.6238767980353808	0.75
635.6855133387429	750	11.129889566417114	0.0	360831	2874.592100644463	0.6238767980353808	0.75
639.8283083125324	750	10.987094592627637	0.0	372963	4142.794973789479	0.6238767980353808	0.75
643.4304690703914	750	11.384933834768658	0.0	405596	3602.1607578589797	0.6238767980353808	0.75
648.0135990494435	750	10.80180385571653	0.0	350713	4583.129979052126	0.6238767980353808	0.75
653.721125827134	750	9.094277078026076	0.0	386472	5707.526777690454	0.6238767980353808	0.75
665.3263072203445	750	4.0	2.5109043151843036	399894	11605.18139321038	0.6238767980353808	-10.046888555292504

