14199.954632908784	750	4.0	2.8154029051600578	450283	2815.402905160058	-11.356232492188248
14200.733640188573	300	7.220992720211582	0.0	155580	779.0072797884184	-0.15000000000000002
14201.478160895324	300	10.476472013461612	0.0	139857	744.5207067499699	0.3
14202.138154394099	300	13.816478514684743	0.0	155432	659.9934987768683	0.3
14203.725664767104	750	16.228968141681186	0.0	411561	1587.5103730035573	0.3
14205.247553179986	750	18.707079728797126	0.0	318564	1521.8884128840598	0.75
14207.05775932521	750	20.896873583574465	0.0	352642	1810.2061452226642	0.75
14209.034909574231	750	22.91972333455305	0.0	437162	1977.1502490214102	0.75
14210.823604716154	750	25.131028192630783	0.0	374758	1788.6951419222687	0.75
14213.20659233049	750	26.748040578292947	0.0	362795	2382.9876143378347	0.75
14216.144997606054	750	27.809635302730516	0.0	353220	2938.4052755624325	0.75
14218.655167345736	750	29.29946556304748	0.0	405134	2510.1697396830355	0.75
14220.699584648024	750	31.25504826075992	0.0	386351	2044.4173022875582	0.75
14222.791652587135	750	33.162980321649215	0.0	434409	2092.067939110704	0.75
14225.241400896444	750	34.713232012338224	0.0	337059	2449.7483093109904	0.75
14228.162290921886	750	35.79234198689835	0.0	366214	2920.8900254398773	0.75
14230.693396311204	750	37.261236597579384	0.0	360831	2531.1053893189705	0.75
14232.908840386242	750	39.04579252254187	0.0	372963	2215.4440750375093	0.75
14235.125685566873	750	40.82894734191134	0.0	405596	2216.845180630539	0.75
14236.843863426257	750	43.110769482526365	0.0	350713	1718.1778593849667	0.75
14239.866474929358	1200	44.08815797942476	0.0	601738	3022.61150310161	0.75
14243.507662875269	1200	44.44697003351578	0.0	616206	3641.1879459089723	1.2
14248.286459362333	1200	43.668173546452394	0.0	656471	4778.796487063387	1.2
14252.197654202893	1200	43.756978705890916	0.0	536667	3911.194840561483	1.2
14257.447188573826	1200	42.50744433495819	0.0	587236	5249.534370932727	1.2
14265.836831906043	1200	38.11780100274068	0.0	590335	8389.643332217509	1.2
14272.278018914725	1200	35.67661399405822	0.0	696376	6441.187008682454	1.2
14277.069118819365	1200	34.88551408941772	0.0	487160	4791.099904640501	1.2
14285.946104454166	1200	30.008528454618332	0.0	622896	8876.985634799385	1.2
14290.886319178899	1200	29.068313729886324	0.0	641447	4940.214724732011	1.2
14294.690915217034	1200	29.263717691749537	0.0	570392	3804.5960381367854	1.2
14300.31760783357	1200	27.637025075213806	0.0	620283	5626.692616535734	1.2
14308.597800254285	1200	23.3568326544977	0.0	584349	8280.192420716103	1.2
14316.591753723078	1200	19.362879185706312	0.0	670129	7993.953468791391	1.2
14322.981390430568	1200	16.97324247821689	0.0	690253	6389.636707489421	1.2
14326.445163765015	1200	17.509469143769483	0.0	598727	3463.773334447407	1.2
14328.02121757845	750	19.933415330334668	0.0	321064	1576.053813434812	0.3
14329.949662596799	750	22.0049703119856	0.0	361565	1928.445018349071	0.75
14332.10732823057	750	23.84730467821643	0.0	378327	2157.6656337691684	0.75
14334.471230578012	750	25.48340233077328	0.0	390680	2363.9023474431488	0.75
14336.428606840494	750	27.526026068291934	0.0	345516	1957.3762624813496	0.75
14338.577185152408	750	29.377447756379397	0.0	384505	2148.5783119125367	0.75
14340.362508172395	750	31.59212473639299	0.0	372093	1785.3230199864063	0.75
14343.315371683235	1200	32.63926122555368	0.0	634861	2952.8635108393055	0.75
14346.93206721159	1200	33.022565697197116	0.0	630203	3616.6955283565626	1.2
14351.743383535653	1850	32.211249373133974	0.0	982064	4811.316324063144	1.2000000000000002
14357.315713129898	2850	30.638919778888297	0.0	1231456	5572.329594245678	1.85
14362.763031656277	2850	29.19160125250961	0.0	1364537	5447.318526378685	2.85
14364.604247201532	750	31.3503857072537	0.0	450283	1841.2155452559077	0.75
14366.150458748256	750	33.80417416052871	0.0	398865	1546.2115467249887	0.75
14367.764161515881	750	36.19047139290422	0.0	350812	1613.702767624489	0.75
14369.71784972851	750	38.23678318027547	0.0	382355	1953.6882126287503	0.75
14371.975225023303	750	39.97940788548171	0.0	411561	2257.375294793753	0.75
14374.555407302449	1200	41.39922560633546	0.0	520315	2580.1822791462455	0.75
14378.320951800135	1200	41.63368110864907	0.0	561791	3765.5444976863946	1.2
14384.187776342656	1200	39.76685656612746	0.0	709534	5866.824542521617	1.2
14389.3655951438	1200	38.58903776498564	0.0	584846	5177.818801141817	1.2
14392.429725464126	1200	39.52490744465766	0.0	560821	3064.130320327983	1.2
14395.45055213973	1200	40.50408076905487	0.0	607410	3020.826675602779	1.2
14397.909181378407	1200	42.04545153037697	0.0	594078	2458.6292386779055	1.2
14400.781867444355	1200	43.17276546442951	0.0	624282	2872.6860659474587	1.2
14404.070946930267	1200	43.883685978518265	0.0	687371	3289.07948591124	1.2
14406.761201525585	1200	45.19343138319892	0.0	526950	2690.2545953193485	1.2
14411.201129745574	1200	44.75350316321061	0.0	587876	4439.928219988308	1.2
14415.32826441667	1200	44.62636849211527	0.0	617242	4127.134671095344	1.2
14418.942092311869	1200	45.012540596918086	0.0	581493	3613.82789519718	1.2
14423.157736375912	1200	44.79689653287489	0.0	639204	4215.644064043197	1.2
14427.653341310295	1200	44.30129159849232	0.0	586839	4495.604934382569	1.2
14432.538533625206	1200	43.41609928358034	0.0	601738	4885.192314911985	1.2
14436.224980563285	1200	43.72965234550075	0.0	616206	3686.446938079577	1.2
14440.608145609907	1200	43.34648729887866	0.0	656471	4383.165046622096	1.2
14443.969533140475	1200	43.98509976831129	0.0	536667	3361.3875305673746	1.2
14449.092607119723	1200	42.86202578906353	0.0	587236	5123.073979247754	1.2
14456.455702224328	1200	39.49893068445896	0.0	590335	7363.095104604572	1.2
14462.840241997039	1200	37.114390911746625	0.0	696376	6384.539772712335	1.2
14463.993069933187	750	39.9615629755991	0.0	277716	1152.8279361475202	0.3
14465.541732588263	750	42.41290032052251	0.0	400396	1548.6626550765936	0.75
14467.1234919067	750	44.831141002087044	0.0	400508	1581.7593184354637	0.75
14468.920960107875	750	47.03367280091247	0.0	358218	1797.468201174578	0.75
14487.439578901922	1200	32.515054006864084	0.0	620283	18518.618794048387	0.75
14492.28356931709	1200	31.671063591696807	0.0	584349	4843.990415167277	1.2
14495.73473713183	1200	32.2198957769554	0.0	670129	3451.167814741407	1.2
14498.72034143146	1200	33.234291477323836	0.0	690253	2985.6042996315614	1.2
14500.942437528643	1200	35.01219538014084	0.0	598727	2222.096097182995	1.2
14502.8945836747	1200	37.06004923408317	0.0	487812	1952.1461460576588	1.2
14505.47648161136	1200	38.47815129742441	0.0	575591	2581.897936658766	1.2
14507.951766822034	1200	40.002866086749286	0.0	605884	2475.285210675122	1.2
14510.425099076254	1200	41.529533832530404	0.0	587506	2473.332254218882	1.2
14512.604146910197	1200	43.35048599858786	0.0	566904	2179.0478339425426	1.2
14516.8600837334	1850	43.09454917538373	0.0	1025005	4255.936823204123	1.2000000000000002
14520.452379754479	1850	43.50225315430513	0.0	886255	3592.296021078601	1.85
14524.158159717566	1850	43.79647319121631	0.0	973972	3705.779963088828	1.85
14527.876080959313	1850	44.07855194947112	0.0	958994	3717.9212417451836	1.85
14533.624528851391	2850	42.330104057391466	0.0	1483527	5748.447892079652	1.85
14541.643888110091	4300	38.31074479869053	0.0	1961140	8019.359258700936	2.8499999999999996
14555.438161337426	4300	28.516471571357236	0.0	2155012	13794.273227333297	4.3
14559.339427755509	750	28.615205153275184	0.0	450283	3901.2664180820525	0.75
14561.393164374851	750	30.56146853393306	0.0	398865	2053.736619342124	0.75
14563.05613302559	750	32.89849988319432	0.0	350812	1662.9686507387435	0.75
14564.934010837469	750	35.02062207131551	0.0	382355	1877.87781187881	0.75
14566.935532050304	750	37.01910085848028	0.0	411561	2001.5212128352307	0.75
14569.959564848547	1200	37.99506806023886	0.0	520315	3024.032798241414	0.75
14572.682571599296	1200	39.2720613094876	0.0	561791	2723.006750751266	1.2
14576.353874092401	1200	39.60075881638343	0.0	709534	3671.3024931041637	1.2
14579.614032852456	1200	40.3406000563288	0.0	584846	3260.158760054623	1.2
14582.642379670437	1200	41.31225323834698	0.0	560821	3028.346817981819	1.2
14586.394307005694	1200	41.560325903090416	0.0	607410	3751.9273352565683	1.2
14590.158028677546	1200	41.79660423123996	0.0	594078	3763.7216718504565	1.2
14593.61578282274	1200	42.338850086043365	0.0	624282	3457.754145196594	1.2
14596.537511230928	1200	43.41712167785612	0.0	687371	2921.728408187243	1.2
14598.67160399325	1200	45.28302891553451	0.0	526950	2134.092762321613	1.2
14601.136080996414	1200	46.81855191237178	0.0	587876	2464.4770031627263	1.2
14603.70742405108	1200	48.24720885770404	0.0	617242	2571.343054667744	1.2
14608.272935152318	1850	47.681697756466086	0.0	885714	4565.511101237955	1.2000000000000002
14614.286272824294	1850	45.66836008449035	0.0	987708	6013.33767197573	1.85
14619.298019688506	1850	44.65661322027883	0.0	923755	5011.7468642115255	1.85
14623.864860433498	1850	44.089772475285365	0.0	891604	4566.840744993464	1.85
14631.737154832068	1850	40.217478076714734	0.0	955231	7872.294398570634	1.85
14639.641701472445	1200	36.31293143633903	0.0	656471	7904.546640375701	0.5499999999999999
14642.436362141225	1200	37.51827076755876	0.0	536667	2794.66066878027	1.2
14645.653701228977	1200	38.300931679806915	0.0	587236	3217.339087751847	1.2
14649.374477661087	1200	38.58015524769632	0.0	590335	3720.77643211059	1.2
14654.580720244774	1200	37.37391266400989	0.0	696376	5206.242583686429	1.2
14657.292856648051	1200	38.661776260732374	0.0	487160	2712.1364032775136	1.2
14662.495181978144	1200	37.45945093064165	0.0	622896	5202.325330090726	1.2
14668.769211651359	1200	35.185421257426064	0.0	641447	6274.029673215585	1.2
14673.012305310138	1200	34.94232759864666	0.0	570392	4243.093658779404	1.2
14678.890106486486	1200	33.06452642229828	0.0	620283	5877.801176348379	1.2
14681.291458563443	750	34.663174345341574	0.0	369834	2401.352076956702	0.3
14683.702501015654	750	36.25213189313191	0.0	412837	2411.042452209661	0.75
14692.728149067038	1200	31.22648384174813	0.0	690253	9025.64805138378	0.75
14699.958507483301	750	27.996125425483566	0.0	365161	7230.358416264566	0.3
14704.926467350348	750	27.02816555843824	0.0	321064	4967.959867045329	0.75
14709.375954337356	750	26.578678571427968	0.0	361565	4449.48698701027	0.75
14713.665983737012	750	26.28864917177131	0.0	378327	4290.029399656657	0.75
14715.635847066873	300	28.31878584190918	0.0	149991	1969.863329862133	-0.15000000000000002
14718.642337663166	300	29.312295245616237	0.0	147968	3006.4905962929415	0.3
14720.753263602028	300	31.201369306754916	0.0	161857	2110.925938861319	0.3
14722.707725735801	300	33.2469071729799	0.0	145210	1954.462133775012	0.3
14725.310531471974	300	34.6441014368093	0.0	172312	2602.805736170598	0.3
14727.5023698459	300	36.45226306288225	0.0	167025	2191.8383739270457	0.3
14732.582910591993	750	35.3717223167896	0.0	393804	5080.540746092648	0.3
14740.886522193327	1200	31.068110715456534	0.0	538612	8303.611601333067	0.75
14750.324115156065	1850	25.630517752715722	0.0	846370	9437.592962740813	1.2000000000000002
14755.470018937503	750	24.484613971277476	0.0	450283	5145.9037814382455	0.75
14760.546114793078	750	23.40851811570222	0.0	398865	5076.095855575256	0.75
14769.293707064919	750	18.66092584386292	0.0	350812	8747.5922718393	0.75
14770.90616650802	300	21.0484664007609	0.0	155432	1612.4594431020141	-0.15000000000000002
14773.56967061655	300	22.384962292231236	0.0	163442	2663.5041085296643	0.3
14774.610484380868	300	25.344148527914005	0.0	126289	1040.8137643172358	0.3
14775.91382653983	300	28.040806368949628	0.0	153295	1303.3421589643779	0.3
14777.47308981437	300	30.48154309441064	0.0	173849	1559.263274538985	0.3
14780.5339695387	750	31.42066337008067	0.0	374758	3060.879724329972	0.3
14783.89056542174	750	32.06406748704062	0.0	362795	3356.595883040054	0.75
14787.815494405075	750	32.13913850370632	0.0	353220	3924.92898333429	0.75
14790.789699043242	750	33.16493386553769	0.0	405134	2974.204638168628	0.75
14794.39092062056	750	33.563712288219854	0.0	386351	3601.22157731784	0.75
14798.549264461242	750	33.40536844753823	0.0	434409	4158.343840681621	0.75
14806.471927681532	750	29.48270522724858	0.0	337059	7922.663220289652	0.75
14811.091975517076	750	28.862657391705483	0.0	366214	4620.0478355431	0.75
14814.576649053568	750	29.377983855212214	0.0	360831	3484.6735364932683	0.75
14818.91482006976	750	29.03981283901936	0.0	372963	4338.171016192852	0.75
14823.498921330862	750	28.45571157791753	0.0	405596	4584.101261101829	0.75
14827.251096053898	750	28.703536854880603	0.0	350713	3752.174723036927	0.75
14830.987174618567	750	28.967458290212992	0.0	386472	3736.078564667614	0.75
14834.418729663299	750	29.535903245479446	0.0	399894	3431.5550447335445	0.75
14838.600053729822	750	29.35457917895585	0.0	401853	4181.324066523599	0.75
14841.749181724557	750	30.205451184220244	0.0	343800	3149.1279947356056	0.75
14846.997549235108	750	28.95708367366974	0.0	359903	5248.367510550505	0.75
14853.654065892417	750	26.300567016360162	0.0	379700	6656.516657309576	0.75
14863.499115366121	750	20.455517542655087	0.0	425781	9845.049473705072	0.75

