139432.49707578128	750	4.0	2.0234241139416103	450283	2023.4241139416101	-7.950723689948923
139434.89272943634	750	5.604346344934138	0.0	398865	2395.653655065862	0.75
139436.66590712479	750	7.8311686564750875	0.0	350812	1773.177688459051	0.75
139438.2914465458	750	10.20562923544283	0.0	382355	1625.5394210322572	0.75
139440.21070679795	750	12.286368983289178	0.0	411561	1919.2602521536512	0.75
139441.62425212402	750	14.872823657243586	0.0	318564	1413.5453260455922	0.75
139443.99598495977	1200	16.50109082149754	0.0	561791	2371.732835746043	0.75
139446.51682063172	1200	17.980255149542486	0.0	709534	2520.835671955057	1.2
139448.62006042607	1200	19.87701535520803	0.0	584846	2103.2397943344563	1.2
139451.00479968893	1200	21.49227609231923	0.0	560821	2384.739262888801	1.2
139453.5862249689	1850	22.910850812368693	0.0	939819	2581.425279950536	1.2000000000000002
139456.08832206554	1850	24.408753715713257	0.0	917428	2502.097096655433	1.85
139458.8772992567	1850	25.619776524527975	0.0	946851	2788.9771911852836	1.85
139462.31776022905	1850	26.179315552180345	0.0	1036454	3440.4609723476287	1.85
139465.344698012	1850	27.152377769225616	0.0	821631	3026.9377829547298	1.85
139468.7044077267	1850	27.792668054506706	0.0	923170	3359.7097147189106	1.85
139471.82827470006	1850	28.668801081150146	0.0	966699	3123.866973356559	1.85
139475.04481543883	1850	29.452260342384655	0.0	885714	3216.5407387654936	1.85
139478.00933265963	1850	30.487743121596704	0.0	987708	2964.5172207879514	1.85
139481.37524549715	1850	31.12183028404792	0.0	923755	3365.912837548785	1.85
139484.28967261364	1850	32.20740316755019	0.0	891604	2914.4271164977285	1.85
139487.3514414899	1850	33.145634291295124	0.0	955231	3061.7688762550656	1.85
139492.3877190486	2850	32.1093567326018	0.0	1505760	5036.277558693319	1.85
139497.5933820975	2850	30.903693683720338	0.0	1323990	5205.663048881462	2.85
139501.67548315827	2850	30.82159262294886	0.0	1383735	4082.1010607714825	2.85
139505.9075879223	2850	30.589487858915053	0.0	1480464	4232.104764033804	2.85
139511.52183830543	2850	28.975237475776503	0.0	1547572	5614.250383138551	2.85
139515.3823712806	2850	29.114704500612817	0.0	1141971	3860.532975163687	2.85
139520.30789691227	2850	28.189178868954485	0.0	1498470	4925.525631658331	2.85
139525.9776078446	2850	26.51946793665059	0.0	1561263	5669.710932303898	2.85
139531.28479143043	2850	25.212284350789318	0.0	1341201	5307.183585861267	2.85
139537.09899358387	2850	23.398082197348113	0.0	1497683	5814.202153441203	2.85
139541.87643222156	2850	22.620643559677486	0.0	1358081	4777.438637670629	2.85
139547.4216428286	2850	21.075432952655966	0.0	1587293	5545.210607021519	2.85
139552.8048518391	2850	19.692223942141915	0.0	1492672	5383.209010514054	2.85
139557.76804022575	2850	18.72903555550091	0.0	1439896	4963.1883866410035	2.85
139561.04437697417	1850	19.4526988070933	0.0	728962	3276.33674840761	0.8500000000000001
139564.91546494025	1850	19.581610841018424	0.0	938587	3871.087966074878	1.85
139567.83714683843	1850	20.659928942832668	0.0	908665	2921.6818981857564	1.85
139570.6760112487	1850	21.821064532565465	0.0	930577	2838.8644102672	1.85
139573.2965886206	1850	23.20048716065812	0.0	858450	2620.5773719073436	1.85
139576.77527331107	1850	23.721802470196288	0.0	1025005	3478.6846904618365	1.85
139581.3137561799	1850	23.183319601378845	0.0	886255	4538.482868817441	1.85
139585.0951691787	1850	23.401906602589	0.0	973972	3781.4129987898414	1.85
139588.31032726757	1850	24.186748513722527	0.0	958994	3215.1580888664757	1.85
139595.7300226	2850	20.76705318128542	0.0	1483527	7419.695332437105	1.85
139601.61107401343	2850	18.886001767825626	0.0	1231456	5881.051413459793	2.85
139608.02551024492	2850	16.471565536364146	0.0	1364537	6414.436231461482	2.85
139610.1117622141	750	18.38531356716566	0.0	450283	2086.2519691984853	0.75
139611.68918286302	750	20.807892918221878	0.0	398865	1577.4206489437825	0.75
139613.265376602	750	23.231699179247794	0.0	350812	1576.193738974085	0.75
139616.5622522523	1200	23.934823528922216	0.0	617681	3296.8756503255745	0.75
139619.2303835181	1200	25.2666922631189	0.0	652874	2668.131265803318	1.2
139621.4787942417	1200	27.018281539511502	0.0	520315	2248.4107236073996	1.2
139624.71658830126	1850	27.780487479940383	0.0	905515	3237.7940595711184	1.2000000000000002
139628.24068730714	1850	28.256388474068547	0.0	1060487	3524.0990058718385	1.85
139631.21936308383	1850	29.27771269738498	0.0	852833	2978.6757766835663	1.85
139634.35923695966	1850	30.13783882156259	0.0	913888	3139.873875822393	1.85
139637.81608207195	1850	30.680993709278948	0.0	939819	3456.845112283643	1.85
139643.1129974214	1850	29.38407835983799	0.0	917428	5296.915349440959	1.85
139646.7379638387	1850	29.759111942563354	0.0	946851	3624.966417274635	1.85
139650.88721012083	1850	29.60986566042528	0.0	1036454	4149.2462821380705	1.85
139654.0318589862	1850	30.465216795033378	0.0	821631	3144.648865391903	1.85
139658.10394209318	1850	30.393133688092743	0.0	923170	4072.0831069406395	1.85
139660.25539240157	1850	32.24168337966909	0.0	966699	2151.450308423653	1.85
139663.01483145656	1850	33.482244324676664	0.0	885714	2759.439054992428	1.85
139667.12154679134	2850	33.37552898991657	0.0	1537156	4106.7153347601015	1.85
139671.00386587912	2850	33.49320990214823	0.0	1336050	3882.31908776834	2.85
139675.1416738048	2850	33.35540197645762	0.0	1415116	4137.807925690609	2.85
139681.60220523772	2850	30.894870543559716	0.0	1468126	6460.531432897907	2.85
139685.98488981012	2850	30.512185971149183	0.0	1505760	4382.684572410534	2.85
139692.55956296454	2850	27.93751281672875	0.0	1323990	6574.673154420436	2.85
139698.3208569047	2850	26.17621887658544	0.0	1383735	5761.293940143308	2.85
139705.66446917105	2850	22.832606610220264	0.0	1480464	7343.612266365177	2.85
139713.63454335855	1850	18.86253242268911	0.0	1076599	7970.074187531155	0.8500000000000001
139716.62428830602	1850	19.87278747523122	0.0	758197	2989.7449474578893	1.85
139720.32752613316	1850	20.169549648117428	0.0	972798	3703.237827113794	1.85
139723.60574053615	1850	20.891335245100418	0.0	975811	3278.2144030170107	1.85
139726.6827114444	1850	21.814364336870266	0.0	873429	3076.9709082301533	1.85
139730.76506496995	1850	21.732010811285072	0.0	954453	4082.3535255851934	1.85
139735.36068664235	1850	21.13638913889403	0.0	885062	4595.62167239104	1.85
139740.89189281964	1850	19.60518296160247	0.0	1035329	5531.20617729156	1.85
139745.83617113926	1850	18.660904641987823	0.0	1026056	4944.278319614644	1.85
139752.29721865765	1850	16.199857123608968	0.0	943942	6461.047518378859	1.85
139756.07253841264	1200	16.42453736860644	0.0	487812	3775.319755002527	0.5499999999999999
139759.6577617751	1200	16.839314006135204	0.0	575591	3585.223362471235	1.2
139763.4764545264	1200	17.020621254849548	0.0	605884	3818.6927512856555	1.2
139766.38606003535	1200	18.111015745886757	0.0	587506	2909.6055089627926	1.2
139770.33137484087	1200	18.165700940371455	0.0	566904	3945.3148055153047	1.2
139776.15369833133	1200	16.343377449892582	0.0	641452	5822.3234904788715	1.2
139780.42269863092	1200	16.07437715029583	0.0	599477	4269.0002995967525	1.2
139786.48250799402	1200	14.01456778720747	0.0	634861	6059.80936308836	1.2
139792.02309425245	1200	12.47398152880051	0.0	630203	5540.58625840696	1.2
139798.7466045896	1200	9.750471191617496	0.0	638661	6723.510337183013	1.2
139801.5059957176	750	10.99108006362952	0.0	331053	2759.3911279879776	0.3
139806.84103433022	1850	9.656041451003224	0.0	846370	5335.038612626295	0.75
139809.34091291574	750	11.156162865484845	0.0	450283	2499.87858551838	0.75
139817.2750611536	750	7.22201462761665	0.0	398865	7934.148237868195	0.75
139822.2861677711	300	6.210908010094372	0.0	139857	5011.106617522278	-0.15000000000000002
139823.75788500745	300	8.739190773741074	0.0	155432	1471.7172363532995	0.3
139824.88226186237	300	11.614813918828021	0.0	163442	1124.3768549130511	0.3
139825.838547547	300	14.658528234173845	0.0	126289	956.2856846541757	0.3
139826.68582661866	300	17.811249162501362	0.0	153295	847.2790716724845	0.3
139827.92115528887	300	20.5759204922924	0.0	173849	1235.32867020896	0.3
139829.90714716422	750	22.589928616934618	0.0	374758	1985.9918753577845	0.3
139831.72948288964	750	24.767592891516706	0.0	362795	1822.33572541791	0.75
139834.78226422195	1200	25.71481155920513	0.0	607410	3052.7813323115734	0.75
139836.9768171026	1200	27.520258678569466	0.0	594078	2194.5528806356683	1.2
139839.13471763677	1200	29.36235814441706	0.0	624282	2157.9005341524053	1.2
139842.5171622269	1850	29.979913554288046	0.0	1036454	3382.4445901290123	1.2000000000000002
139845.3870886153	1850	31.10998716588807	0.0	821631	2869.926388399974	1.85
139848.14923293111	1850	32.34784285008113	0.0	923170	2762.1443158069424	1.85
139852.09124160843	2850	32.40583417273637	0.0	1491626	3942.008677344758	1.85
139855.66107691804	2850	32.83599886315428	0.0	1358801	3569.8353095820944	2.85
139861.02814277844	2850	31.46893300275501	0.0	1537156	5367.065860399272	2.85
139865.88967874643	2850	30.607397034735847	0.0	1336050	4861.535968019163	2.85
139873.00079607803	2850	27.496279703145703	0.0	1415116	7111.117331590147	2.85
139881.1296660913	2850	23.36740968989133	0.0	1468126	8128.8700132543745	2.85
139888.1908293008	2850	20.30624648040542	0.0	1505760	7061.163209485904	2.85
139892.44436063487	1850	20.05271514632331	0.0	874175	4253.531334082109	0.8500000000000001
139899.24110814545	1850	17.255967635750693	0.0	897976	6796.74751057262	1.85
139903.30097174062	1850	17.196104040572084	0.0	905935	4059.863595178611	1.85
139906.9693809439	1200	17.527694837314623	0.0	696376	3668.4092032574645	0.5499999999999999
139909.825011825	1200	18.672063956187966	0.0	487160	2855.630881126658	1.2
139913.4261286018	1200	19.07094717941626	0.0	622896	3601.1167767717043	1.2
139916.68958894815	1200	19.807486833035618	0.0	641447	3263.4603463806416	1.2
139919.26512047354	1200	21.231955307647482	0.0	570392	2575.5315253881395	1.2
139922.3452218737	1200	22.151853907471253	0.0	620283	3080.101400176228	1.2
139925.23787807912	1200	23.2591977020605	0.0	584349	2892.656205410753	1.2
139928.30949875395	1200	24.187577027219604	0.0	670129	3071.6206748409004	1.2
139930.90261168452	1200	25.594464096657603	0.0	690253	2593.112930561996	1.2
139934.32334601216	1850	26.173729769032317	0.0	943942	3420.7343276252855	1.2000000000000002
139936.74006501932	1850	27.757010761867033	0.0	728962	2416.719007165285	1.85
139940.63298068527	1850	27.864095095904315	0.0	938587	3892.9156659627183	1.85
139946.27340570235	2850	26.223670078827382	0.0	1427478	5640.425017076933	1.85
139956.46407895515	2850	20.032996826037	0.0	1402287	10190.673252790382	2.85
139964.081974047	2850	16.4151017341677	0.0	1339500	7617.895091869302	2.85
139969.8902095562	1850	14.606866224965298	0.0	1025005	5808.235509202402	0.8500000000000001
139973.12541016802	1200	15.371665613155933	0.0	599477	3235.2006118093645	0.5499999999999999
139977.484666918	1200	15.012408863171247	0.0	634861	4359.256749984686	1.2
139981.2976550203	1200	15.199420760879908	0.0	630203	3812.9881022913387	1.2
139988.4244752168	1200	12.072600564385377	0.0	638661	7126.820196494531	1.2
139993.9048804438	1200	10.592195337424094	0.0	538612	5480.405226961283	1.2
140003.1260711482	1850	5.371004632992394	0.0	846370	9221.190704431701	1.2000000000000002
140006.37736498643	750	6.119710794798417	0.0	450283	3251.293838193977	0.75
140007.90117832588	300	8.595897455366714	0.0	155580	1523.8133394317028	-0.15000000000000002
140009.48720358653	300	11.009872194712509	0.0	139857	1586.025260654206	0.3
140011.4221509099	300	13.074924871321482	0.0	155432	1934.9473233910269	0.3
140014.24460298783	300	14.252472793397697	0.0	163442	2822.452077923784	0.3
140015.57952159128	300	16.917554189934414	0.0	126289	1334.9186034632846	0.3
140016.90914521087	300	19.58793057033701	0.0	153295	1329.6236195974022	0.3
140018.12091046345	300	22.376165317745965	0.0	173849	1211.7652525910448	0.3
140019.120588571	300	25.376487210172723	0.0	150710	999.6781075732445	0.3
140021.84683989472	750	26.650235886485333	0.0	362795	2726.2513236873883	0.3
140023.84405566237	750	28.653020118842353	0.0	353220	1997.215767642983	0.75
140027.3810196032	1200	29.11605617802635	0.0	594078	3536.963940816	0.75
140036.6641135044	1200	23.8329622768044	0.0	624282	9283.093901221953	1.2
140045.64848383868	1200	18.84859194252852	0.0	687371	8984.370334275878	1.2
140048.41289668367	750	20.084179097536925	0.0	337059	2764.4128449915943	0.3
140051.02065067887	750	21.476425102333454	0.0	366214	2607.7539952034726	0.75
140053.26399400193	750	23.233081779280088	0.0	360831	2243.3433230533683	0.75
140057.9426681819	750	22.554407599300642	0.0	372963	4678.674179979447	0.75
140061.40931098655	750	23.087764794635312	0.0	405596	3466.6428046653286	0.75
140064.0447392491	750	24.452336532069133	0.0	350713	2635.4282625661804	0.75
140066.52972962492	750	25.967346156247647	0.0	386472	2484.990375821486	0.75
140069.57941100287	750	26.917664778301123	0.0	399894	3049.681377946524	0.75
140074.45886824065	750	26.038207540528365	0.0	401853	4879.457237772759	0.75
140076.86887833016	750	27.628197451011854	0.0	343800	2410.010089516514	0.75
140079.2045216947	750	29.292554086489986	0.0	359903	2335.6433645218663	0.75
140081.40477693934	750	31.09229884185126	0.0	379700	2200.2552446387244	0.75
140085.84502449556	1200	30.652051285597068	0.0	696376	4440.247556254196	0.75
140088.4442491477	1200	32.0528266334735	0.0	487160	2599.224652123563	1.2
140091.5531910065	1200	32.94388477465806	0.0	622896	3108.9418588154435	1.2
140095.2604819008	1200	33.23659388036351	0.0	641447	3707.2908942945496	1.2
140098.83712330135	1200	33.65995247982723	0.0	570392	3576.6414005362763	1.2
140102.48215369534	1200	34.0149220858396	0.0	620283	3645.0303939876308	1.2
140105.76542364957	1200	34.73165213160208	0.0	584349	3283.26995423752	1.2
140109.07346910363	1200	35.42360667754429	0.0	670129	3308.045454057788	1.2
140114.37974660215	1850	34.11732917902255	0.0	1026056	5306.277498521736	1.2000000000000002
140118.19592686524	1850	34.3011489159147	0.0	943942	3816.1802631078426	1.85
140121.6664971566	1850	34.83057862455235	0.0	728962	3470.5702913623586	1.85
140125.36112459804	1850	35.13595118310426	0.0	938587	3694.627441448086	1.85
140128.8619258294	1850	35.6351499517634	0.0	908665	3500.801231340862	1.85
140132.42039323386	1850	36.076682547295924	0.0	930577	3558.467404467474	1.85
140136.04961621214	1850	36.44745956901695	0.0	858450	3629.222978278974	1.85
140139.51141054224	1850	36.98566523890881	0.0	1025005	3461.794330108146	1.85
140142.5253565043	1850	37.97171927682592	0.0	886255	3013.9459620828848	1.85
140149.36862204454	2850	35.12845373661008	0.0	1587250	6843.265540215837	1.85
140157.14392249245	2850	31.353153288691246	0.0	1464921	7775.300447918839	2.85
140165.09421684372	2850	27.402858937413164	0.0	1483527	7950.294351278085	2.85
140175.26067256974	4300	21.23640321138483	0.0	1961140	10166.455726028335	2.8499999999999996
140185.90600722303	4300	14.591068558093669	0.0	2155012	10645.33465329116	4.3
140188.124745549	750	16.37233023215152	0.0	450283	2218.7383259421517	0.75
140191.1078586568	1200	17.389217124350846	0.0	611087	2983.113107800672	0.75
140194.07211088634	1200	18.424964894813208	0.0	571051	2964.252229537639	1.2
140197.40966967092	1200	19.087406110229054	0.0	617681	3337.5587845841537	1.2
140200.80374004677	1200	19.693335734360698	0.0	652874	3394.0703758683553	1.2
140203.53127041174	1200	20.965805369407757	0.0	520315	2727.5303649529424	1.2
140206.33493844734	1200	22.162137333796437	0.0	561791	2803.66803561132	1.2
140209.00373935758	1200	23.493336423536245	0.0	709534	2668.8009102601886	1.2
140210.80292225262	1200	25.694153528487384	0.0	584846	1799.182895048863	1.2
140213.5125913715	1850	26.984484409644256	0.0	913888	2709.6691188431246	1.2000000000000002
140216.62661439666	1850	27.870461384449335	0.0	939819	3114.023025194923	1.85
140220.1692083097	1850	28.327867471403998	0.0	917428	3542.593913045337	1.85
140222.81268389575	1850	29.684391885359585	0.0	946851	2643.4755860444125	1.85
140229.4747864086	2850	27.022289372531073	0.0	1578343	6662.102512828512	1.85
140234.48022584952	2850	26.016849931620584	0.0	1231445	5005.43944091049	2.85
140239.25818347294	2850	25.238892308197435	0.0	1471065	4777.957623423151	2.85
140247.94542975046	2850	20.551646030676444	0.0	1491626	8687.24627752099	2.85
140253.4640200884	1850	19.033055692713805	0.0	885714	5518.59033796264	0.8500000000000001
140257.48861570354	1850	19.00846007760001	0.0	987708	4024.595615113798	1.85
140263.64623546813	1850	16.85084031300936	0.0	923755	6157.619764590648	1.85
140268.13810732952	1200	16.358968451615194	0.0	601738	4491.871861394168	0.5499999999999999
140275.25378190467	1200	13.243293876465595	0.0	616206	7115.674575149598	1.2
140280.22125044375	1200	12.275825337381796	0.0	656471	4967.468539083799	1.2
140283.1553638223	750	13.341711958816246	0.0	343800	2934.1133785655516	0.3
140286.76490472836	750	13.732171052777987	0.0	359903	3609.5409060382585	0.75
140295.26034005385	750	9.236735727270094	0.0	379700	8495.435325507893	0.75
140300.8330427592	750	7.664033021953057	0.0	425781	5572.702705317037	0.75
140302.04739119994	300	10.449684581193953	0.0	111155	1214.348440759104	-0.15000000000000002
140304.354863722	300	12.142212059146479	0.0	153605	2307.472522047474	0.3
140306.61965876044	300	13.877417020727012	0.0	149029	2264.7950384194664	0.3
140308.97663442837	300	15.520441352767817	0.0	157421	2356.975667959195	0.3
140310.72529636783	300	17.7717794133336	0.0	157488	1748.661939434218	0.3
140312.56540253115	300	19.93167325000607	0.0	143881	1840.1061633275276	0.3
140314.4023656343	300	22.09471014687532	0.0	163444	1836.9631031307508	0.3
140316.7245884781	300	23.772487303089395	0.0	179328	2322.222843785927	0.3
140320.53046735548	300	23.966608425674618	0.0	159914	3805.8788774147747	0.3
140321.76490123195	300	26.732174549229324	0.0	131610	1234.4338764452941	0.3
140322.9957604102	300	29.50131537095716	0.0	124011	1230.8591782721646	0.3
140324.22837438108	300	32.26870140006929	0.0	144254	1232.6139708878713	0.3
140325.70294851874	300	34.79412726243792	0.0	149991	1474.574137631369	0.3
140329.31047932844	750	35.186596452711015	0.0	345516	3607.530809726909	0.3
140332.73264646163	750	35.76442931953535	0.0	384505	3422.1671331756575	0.75
140335.5120599543	750	36.985015826880286	0.0	372093	2779.413492655071	0.75
140340.317576288	1200	36.179499493163746	0.0	634861	4805.5163337165395	0.75
140353.94121833958	1200	26.555857441623463	0.0	630203	13623.642051540288	1.2
140364.0615835216	1200	20.435492259584695	0.0	638661	10120.36518203877	1.2
140368.93609267828	1200	19.560983102922282	0.0	538612	4874.5091566624105	1.2
140374.36865568405	1850	18.12842009714031	0.0	846370	5432.563005781973	1.2000000000000002
140377.5657883718	750	18.93128740939495	0.0	450283	3197.132687745359	0.75
140381.99171011732	750	18.505365663893063	0.0	398865	4425.921745501889	0.75
140384.94099028117	750	19.556085500037092	0.0	350812	2949.2801638559695	0.75
140388.18666904414	750	20.310406737052872	0.0	382355	3245.6787629842233	0.75
140391.64460108642	750	20.852474694783535	0.0	411561	3457.9320422693395	0.75
140395.42417038785	750	21.072905393317605	0.0	318564	3779.569301465929	0.75
140397.58819584458	750	22.908879936586565	0.0	352642	2164.0254567310376	0.75
140400.09455454804	750	24.40252123314402	0.0	437162	2506.358703442548	0.75
140402.7875633789	750	25.70951240225466	0.0	374758	2693.008830889363	0.75
140406.47179184813	750	26.025283933018848	0.0	362795	3684.2284692358107	0.75
140409.21261236837	750	27.284463412758715	0.0	353220	2740.8205202601303	0.75
140411.90844965627	750	28.58862612486371	0.0	405134	2695.8372878950063	0.75
140415.26796121415	750	29.229114566978975	0.0	386351	3359.511557884733	0.75
140421.1094088132	750	27.387666967910935	0.0	434409	5841.44759906804	0.75
140424.2931841148	750	28.2038916663225	0.0	337059	3183.7753015884346	0.75
140429.57045316853	750	26.9266226125792	0.0	366214	5277.269053743301	0.75
140433.61863990038	750	26.878435880730866	0.0	360831	4048.1867318483346	0.75
140436.62570129408	750	27.871374487054826	0.0	372963	3007.0613936760437	0.75
140439.38184789018	750	29.115227890945082	0.0	405596	2756.146596109741	0.75
140441.45499759572	750	31.042078185383186	0.0	350713	2073.1497055618956	0.75
140443.77396964	750	32.72310614112948	0.0	386472	2318.972044253708	0.75
140447.6290907218	1200	32.867985059286795	0.0	616206	3855.1210818426835	0.75
140454.0913535169	1200	30.405722264184394	0.0	656471	6462.262795102401	1.2
140462.41953845503	1200	26.077537326065542	0.0	536667	8328.184938118851	1.2
140469.18545172014	1200	23.31162406097131	0.0	587236	6765.913265094229	1.2
140472.02865403934	750	24.468421741773987	0.0	379700	2843.2023191973294	0.3
140475.12585532136	750	25.37122045978717	0.0	425781	3097.201281986814	0.75
140477.23777862106	750	27.259297160098495	0.0	277716	2111.9232996886794	0.75
140479.42700625616	750	29.070069524997294	0.0	400396	2189.2276351011988	0.75
140482.85844731415	1200	29.638628467032017	0.0	641447	3431.4410579652777	0.75
140487.11769437528	1200	29.37938140588998	0.0	570392	4259.247061142035	1.2
140496.11806545497	1200	24.379010326206064	0.0	620283	9000.371079683913	1.2
140503.91767489	1200	20.579400891187255	0.0	584349	7799.60943501881	1.2
140510.0954817633	750	18.401594017875446	0.0	412837	6177.806873311809	0.3
140517.19942710036	750	15.297648680824018	0.0	401088	7103.945337051427	0.75
140522.4364938216	750	14.060581959579732	0.0	365161	5237.066721244287	0.75
140527.4377443103	750	13.059331470872873	0.0	321064	5001.250488706859	0.75
140528.92500533408	300	15.572070447093195	0.0	124011	1487.26102377968	-0.15000000000000002
140530.83869269447	300	17.658383086731575	0.0	144254	1913.6873603616214	0.3
140532.42461160122	300	20.07246417996283	0.0	149991	1585.9189067687457	0.3
140534.17219244485	300	22.32488333632076	0.0	147968	1747.5808436420698	0.3
140535.86258497063	300	24.634490810570245	0.0	161857	1690.3925257505134	0.3
140537.08653737436	300	27.41053840685876	0.0	145210	1223.9524037114872	0.3
140543.307082544	750	25.189993237196614	0.0	438281	6220.545169662146	0.3
140549.41309500794	750	23.08398077323809	0.0	398987	6106.012463958523	0.75
140552.8176673577	750	23.679408423488983	0.0	393804	3404.5723497491094	0.75
140557.74951855664	1200	22.74755722458515	0.0	538612	4931.851198903832	0.75
140568.20220428996	2850	16.294871491243835	0.0	1364537	10452.685733341314	1.2000000000000002
140572.7097642581	750	15.787311523130803	0.0	450283	4507.559968113034	0.75
140577.5467558429	750	14.9503199383337	0.0	398865	4836.991584797102	0.75
140580.84053587948	750	15.656539901729067	0.0	350812	3293.7800366046336	0.75
140584.16847337998	750	16.328602401245718	0.0	382355	3327.937500483351	0.75
140587.09368463076	750	17.40339115046911	0.0	411561	2925.211250776607	0.75
140588.97645097988	750	19.520624801344336	0.0	318564	1882.7663491247722	0.75
140590.99479693497	750	21.50227884626943	0.0	352642	2018.3459550749071	0.75
140594.03112828662	750	22.46594749459832	0.0	437162	3036.3313516711087	0.75
140598.2593374431	750	22.23773833811941	0.0	374758	4228.209156478913	0.75
140604.09876529872	750	20.39831048251636	0.0	362795	5839.427855603049	0.75
140608.69329828813	750	19.80377749309495	0.0	353220	4594.5329894214065	0.75
140619.34958540913	750	13.147490372084679	0.0	405134	10656.287121010273	0.75
140621.97179798296	300	14.525277798257761	0.0	160746	2622.212573826918	-0.15000000000000002
140625.74291294353	300	14.754162837679283	0.0	179801	3771.114960578478	0.3
140628.24693508513	300	16.25014069609119	0.0	140051	2504.022141588091	0.3
140631.906496316	300	16.590579465233894	0.0	138313	3659.5612308572963	0.3
140633.81141480355	300	18.685660977657257	0.0	143509	1904.9184875766343	0.3
140635.5689013457	300	20.928174435534793	0.0	150616	1757.4865421224672	0.3
140637.08701470483	300	23.410061076421872	0.0	165384	1518.1133591129199	0.3
140638.32343302114	300	26.173642760107025	0.0	140881	1236.4183163148484	0.3
140639.76130974083	300	28.73576604040839	0.0	157671	1437.8767196986337	0.3
140643.67489876103	750	28.82217702020845	0.0	399894	3913.5890201999396	0.3
140654.62898062475	750	21.868095156490416	0.0	401853	10954.081863718033	0.75
140660.93966213884	750	19.55741364241855	0.0	343800	6310.681514071866	0.75
140666.18428369335	750	18.312792087919476	0.0	359903	5244.621554499073	0.75
140670.56293024516	750	17.934145536095958	0.0	379700	4378.646551823516	0.75
140674.44680177813	750	18.05027400312118	0.0	425781	3883.8715329747774	0.75
140676.56508786592	750	19.931987915340358	0.0	277716	2118.286087780823	0.75
140679.63162976102	750	20.865446020251788	0.0	400396	3066.5418950885673	0.75
140681.73362159773	750	22.763454183523447	0.0	400508	2101.9918367283435	0.75
140683.54607846137	750	24.95099731987157	0.0	358218	1812.4568636518777	0.75
140685.5390146043	750	26.958061176939527	0.0	400322	1992.936142932041	0.75
140687.3406827198	750	29.156393061454057	0.0	369834	1801.6681154854664	0.75
140689.69407082137	750	30.803004959874983	0.0	412837	2353.388101579075	0.75
140694.77777872008	1850	29.71929706115602	0.0	1026056	5083.707898718964	0.75
140699.7851664769	1850	28.711909304326984	0.0	943942	5007.387756829035	1.85
140703.75641228634	1850	28.74066349487725	0.0	728962	3971.245809449732	1.85
140709.57243370722	1850	26.924642074008137	0.0	938587	5816.021420869113	1.85
140721.47820909246	1850	19.01886668874984	0.0	908665	11905.7753852583	1.85
140730.17036063762	1850	14.32671514356895	0.0	930577	8692.15154518089	1.85
140733.61926210424	750	14.87781367696712	0.0	345516	3448.90146660183	-0.3500000000000001
140737.44083539167	750	15.056240389547593	0.0	384505	3821.5732874195273	0.75
140740.63633468654	750	15.86074109466926	0.0	372093	3195.499294878333	0.75
140743.6216384002	750	16.875437381021282	0.0	438281	2985.303713647979	0.75
140746.9719159658	750	17.52515981539191	0.0	398987	3350.277565629374	0.75
140752.03484992488	750	16.462225856330875	0.0	393804	5062.933959061033	0.75
140758.33548068636	1200	14.161595094867625	0.0	538612	6300.630761463251	0.75
140771.76173605077	1850	4.735339730444911	0.0	846370	13426.255364422714	1.2000000000000002
140775.12540382714	750	5.371671954097714	0.0	450283	3363.6677763471985	0.75
140776.2886877287	300	8.20838805253106	0.0	155580	1163.2839015666536	-0.15000000000000002
140777.25781835287	300	11.239257428349731	0.0	139857	969.1306241813288	0.3
140778.36052422813	300	14.13655155310896	0.0	155432	1102.7058752407706	0.3
140779.39073950966	300	17.106336271571855	0.0	163442	1030.215281537106	0.3
140781.13672968914	750	19.36034609208464	0.0	318564	1745.9901794872128	0.3
140783.00897240828	750	21.488103372971878	0.0	352642	1872.2427191127626	0.75
140786.61927174756	1200	21.877804033669406	0.0	709534	3610.2993393024713	0.75
140789.05628203374	1200	23.440793747479113	0.0	584846	2437.010286190293	1.2
140791.3834149619	1200	25.113660819318316	0.0	560821	2327.132928160797	1.2
140794.499691218	1200	25.997384563246417	0.0	607410	3116.276256071897	1.2
140802.29790646967	1200	22.19916931156817	0.0	594078	7798.21525167825	1.2
140808.32952178174	1200	20.167553999508527	0.0	624282	6031.615312059645	1.2
140814.7735053519	1200	17.723570429341606	0.0	687371	6443.983570166921	1.2
140822.3206418306	750	14.176433950662679	0.0	337059	7547.136478678928	0.3
140828.35022895696	750	12.14684682429743	0.0	366214	6029.587126365248	0.75
140831.82215163574	300	12.674924145541917	0.0	143509	3471.922678755513	-0.15000000000000002
140834.59416414006	300	13.902911641238441	0.0	150616	2772.0125043034764	0.3
140837.9602392038	300	14.536836577512627	0.0	165384	3366.0750637258134	0.3
140840.57533162413	300	15.921744157183035	0.0	140881	2615.092420329593	0.3
140843.7143597155	300	16.78271606580396	0.0	157671	3139.0280913790734	0.3
140844.94499201252	300	19.55208376877757	0.0	157812	1230.6322970263893	0.3
140845.988245586	300	22.50883019534214	0.0	163927	1043.2535734354333	0.3
140846.82641513742	300	25.67066064390589	0.0	137654	838.1695514362499	0.3
140847.7152667783	300	28.78180900300846	0.0	146754	888.8516408974327	0.3
140849.22847459113	750	31.26860119020668	0.0	379700	1513.207812801773	0.3
140850.6144980346	750	33.88257774670172	0.0	425781	1386.0234435049629	0.75
140852.80699908812	1850	35.69007669321229	0.0	758197	2192.5010534894286	0.75
140855.05212000464	1850	37.44495577668653	0.0	972798	2245.120916525766	1.85
140857.28815896847	1850	39.20891681283687	0.0	975811	2236.038963849654	1.85
140861.16951837714	1850	39.327557404193016	0.0	873429	3881.359408643854	1.85
140864.12599299639	1850	40.3710827849382	0.0	954453	2956.474619254809	1.85
140867.27300957256	2850	41.22406620877414	0.0	1358081	3147.016576164066	1.85
140870.96911319817	2850	41.52796258318355	0.0	1587293	3696.1036255905824	2.85
140874.69058098906	2850	41.806494792281015	0.0	1492672	3721.4677909025354	2.85
140877.6430883511	2850	42.853987430238526	0.0	1439896	2952.507362042485	2.85
140888.3026936776	4300	36.19438210372097	0.0	1919781	10659.605326517556	2.8499999999999996
140914.36684422914	4300	14.130231552199188	0.0	2147467	26064.150551521783	4.3
140918.3530433926	1200	14.14403238872082	0.0	605884	3986.199163478368	-1.9000000000000001
140923.43976785924	1200	13.05730792207236	0.0	587506	5086.72446664846	1.2
140926.65332685868	750	13.843748922639087	0.0	345516	3213.558999433272	0.3
140930.26721534535	750	14.229860435943625	0.0	384505	3613.8884866954604	0.75
140931.63777292141	300	16.85930285987231	0.0	145210	1370.5575760713143	-0.15000000000000002
140936.07569327505	750	16.421382506228767	0.0	438281	4437.920353643545	0.3
140938.4923630976	750	18.00471268369563	0.0	398987	2416.669822533135	0.75
140941.9554525327	750	18.541623248596466	0.0	393804	3463.0894350991653	0.75
140946.8184111901	1200	17.678664591198984	0.0	538612	4862.958657397482	0.75
140963.34855785896	2850	5.148517922312589	0.0	1364537	16530.146668886395	1.2000000000000002
140966.50210031404	750	5.994975467221739	0.0	450283	3153.5424550908506	0.75
140967.6900231496	300	8.807052631652173	0.0	155580	1187.922835569565	-0.15000000000000002
140968.5039840135	300	11.993091767720577	0.0	139857	813.9608639315984	0.3
140969.8506415455	300	14.64643423574037	0.0	155432	1346.657531980205	0.3
140973.00335131312	750	15.493724468135976	0.0	411561	3152.709767604394	0.3
140981.62547738358	750	10.871598397656026	0.0	318564	8622.126070479952	0.75
140986.56009016724	750	9.93698561398855	0.0	352642	4934.612783667475	0.75
140989.91926421024	750	10.577811570982645	0.0	437162	3359.174043005905	0.75
140991.78112622304	750	12.715949558204636	0.0	374758	1861.8620127780086	0.75
140993.4639089712	750	15.03316681003519	0.0	362795	1682.7827481694458	0.75
140994.92867216477	750	17.56840361646335	0.0	353220	1464.7631935718402	0.75
140996.82022972615	750	19.676846055099716	0.0	405134	1891.5575613636352	0.75
140998.46565914433	750	22.031416636902996	0.0	386351	1645.4294181967193	0.75
141000.05613735106	750	24.44093843017674	0.0	434409	1590.4782067262556	0.75
141002.65962451696	1850	25.83745126427287	0.0	821631	2603.4871659038645	0.75
141005.60703222165	1850	26.89004355958004	0.0	923170	2947.407704692833	1.85
141008.59166592834	1850	27.90540985287689	0.0	966699	2984.6337067031536	1.85
141011.72086455463	1850	28.77621122656782	0.0	885714	3129.1986263090685	1.85
141014.96604222048	1850	29.53103356073243	0.0	987708	3245.177665835391	1.85
141018.41527294728	1850	30.081802833933118	0.0	923755	3449.2307267993097	1.85
141023.03582716957	1850	29.46124861164485	0.0	891604	4620.554222288266	1.85
141028.28451965473	1850	28.21255612649694	0.0	955231	5248.6924851479125	1.85
141033.7821732988	1850	26.7149024824086	0.0	968026	5497.653644088337	1.85
141044.3265294943	1850	20.170546286913943	0.0	874175	10544.356195494654	1.85
141051.4525522795	1200	17.0445235017587	0.0	587236	7126.0227851552445	0.5499999999999999

