142727.75484350548	750	4.0	3.577861463103849	450283	3577.861463103849	-14.63480429134655
142729.2427281231	300	6.51211538236463	0.0	155580	1487.8846176353702	-0.15000000000000002
142730.6207793031	300	9.134064202352965	0.0	139857	1378.051180011665	0.3
142732.06434880744	300	11.690494698005484	0.0	155432	1443.5695043474816	0.3
142733.4000933333	300	14.354750172147396	0.0	163442	1335.744525858089	0.3
142734.72257900197	300	17.0322645034982	0.0	126289	1322.4856686491958	0.3
142736.16077510559	300	19.594068399868892	0.0	153295	1438.1961036293103	0.3
142737.57293438856	300	22.181909116903835	0.0	173849	1412.1592829650556	0.3
142738.7923458748	300	24.9624976306548	0.0	150710	1219.4114862490385	0.3
142739.93636952585	300	27.81847397958051	0.0	139105	1144.0236510742884	0.3
142740.94262087214	300	30.81222263329068	0.0	141840	1006.2513462898322	0.3
142742.17528323256	300	33.579560272846784	0.0	156148	1232.6623604438955	0.3
142743.43104997277	300	36.32379353265608	0.0	160746	1255.766740190701	0.3
142744.6800878797	300	39.07475562572439	0.0	179801	1249.0379069316887	0.3
142745.9470392294	300	41.80780427605345	0.0	140051	1266.9513496709371	0.3
142747.01056498563	300	44.74427851980959	0.0	138313	1063.5257562438633	0.3
142748.2258002089	300	47.5290432965523	0.0	143509	1215.235223257288	0.3
142749.34175878734	300	50.41308471811025	0.0	150616	1115.9585784420476	0.3
142750.45238946014	300	53.30245404529992	0.0	165384	1110.6306728103273	0.3
142751.54526018977	300	56.20958331566299	0.0	140881	1092.8707296369344	0.3
142754.62597691538	750	57.12886659004567	0.0	386472	3080.7167256173193	0.3
142757.46110645295	750	58.29373705249981	0.0	399894	2835.129537545867	0.75
142760.65143549317	750	59.10340801225747	0.0	401853	3190.3290402423377	0.75
142763.7565687112	750	59.998274794229744	0.0	343800	2605.133218027726	0.75
142766.74109940673	750	59.75580278089353	0.0	359903	2242.4720133362157	0.75
142769.91562269264	750	59.844570479036385	0.0	379700	2911.232301857149	0.75
142773.69491258104	750	59.6565710268782	0.0	425781	3687.999452158183	0.75
142776.480862037	750	59.89924151701261	0.0	277716	2257.329509865586	0.75
142781.37225183495	750	59.00785171901325	0.0	400396	4891.38979799936	0.75
142786.319692639	750	58.06041091497017	0.0	400508	4947.4408040430835	0.75
142789.9239734048	750	58.45613014917877	0.0	358218	3604.280765791402	0.75
142794.66554504036	750	57.71455851359008	0.0	400322	4741.571635588691	0.75
142798.66090448058	750	57.71919907336795	0.0	369834	3995.3594402221242	0.75
142802.52317904422	750	57.856924509728856	0.0	412837	3862.274563639095	0.75
142806.89900225867	750	57.481101295302196	0.0	401088	4375.823214426664	0.75
142810.64023436393	750	57.73986919002352	0.0	365161	3741.232105278673	0.75
142813.81040354565	750	58.56970000832674	0.0	321064	3170.1691816967777	0.75
142817.31261483286	750	59.067488721130104	0.0	361565	3502.2112871966415	0.75
142821.06576380014	750	59.314339753827	0.0	378327	3753.1489673031047	0.75
142825.0075778699	750	59.37252568409212	0.0	390680	3941.814069734882	0.75
142828.75239790254	750	59.62770565142869	0.0	345516	3244.8200326634333	0.75
142832.44326152795	750	59.936842026025396	0.0	384505	3690.863625403292	0.75
142836.21208241134	750	59.88344130286015	0.0	372093	3553.4007231652504	0.75
142840.92729605356	750	59.168227660659234	0.0	438281	4715.2136422009135	0.75
142844.8325530473	750	59.262970666921994	0.0	398987	3905.256993737239	0.75
142850.0498033559	750	58.04572035832699	0.0	393804	5217.25030859501	0.75
142856.80989853517	1200	55.28562517906583	0.0	538612	6760.095179261151	0.75
142874.9012718659	2850	41.194251848323084	0.0	1364537	18091.37333074275	1.2000000000000002
142879.9954399094	750	40.100083804837475	0.0	450283	5094.168043485607	0.75
142881.665293993	300	42.430229721247436	0.0	155580	1669.8540835900385	-0.15000000000000002
142883.35694329333	300	44.738580420922936	0.0	139857	1691.6493003244964	0.3
142885.36724839796	300	46.72827531630313	0.0	155432	2010.3051046198063	0.3
142888.05966576043	300	48.03585795382821	0.0	163442	2692.417362474915	0.3
142890.3752402029	300	49.720283511362496	0.0	126289	2315.5744424657173	0.3
142893.15119211745	300	50.94433159682048	0.0	153295	2775.9519145420145	0.3
142897.77379746982	300	50.321726244442424	0.0	173849	4622.605352378057	0.3
142901.9824932474	300	50.1130304668778	0.0	150710	4208.695777564625	0.3
142905.18216904174	300	50.91335467251866	0.0	139105	3199.6757943591438	0.3
142907.0408123293	300	53.054711384989176	0.0	141840	1858.6432875294813	0.3
142909.00337403174	300	55.092149682521196	0.0	156148	1962.5617024679814	0.3
142910.62202460354	300	57.473499110733044	0.0	160746	1618.650571788152	0.3
142912.56112657758	300	59.534397136688334	0.0	179801	1939.1019740447093	0.3
142915.13702575158	300	59.96417971288924	0.0	140051	1570.21742379909	0.3
142916.3916848533	300	59.71419103714163	0.0	138313	1249.9886757476154	0.3
142918.657687131	300	59.72902511127198	0.0	143509	1485.1659258696498	0.3
142923.17320834228	750	59.21350389997779	0.0	372963	4515.521211294191	0.3
142930.92024672907	750	55.4664655131984	0.0	405596	7747.03838677939	0.75
142942.1251199808	750	48.26159226147273	0.0	350713	11204.873251725676	0.75
142948.2081122295	300	46.17860001279348	0.0	157671	6082.9922486792475	-0.15000000000000002
142953.81362083153	300	44.57309141075847	0.0	157812	5605.508602035009	0.3
142957.74634838215	300	44.64036386014452	0.0	163927	3932.7275506139554	0.3
142959.49553389451	300	46.89117834777142	0.0	137654	1749.1855123730984	0.3
142961.61632033144	300	48.77039191085671	0.0	146754	2120.78643691471	0.3
142964.01070844464	300	50.3760037976574	0.0	153938	2394.388113199313	0.3
142967.47930157787	300	50.907410664426486	0.0	181901	3468.5931332309087	0.3
142975.9841766847	300	46.40253555757573	0.0	111155	8504.87510685075	0.3
142977.81673334658	300	48.56997889569176	0.0	153605	1832.556661883973	0.3
142979.14048572863	300	51.24622651365748	0.0	149029	1323.7523820342728	0.3
142980.29333559767	300	54.09337664460945	0.0	157421	1152.8498690480324	0.3
142981.47026074654	300	56.91645149574828	0.0	157488	1176.9251488611756	0.3
142982.43426474047	300	59.952447501819094	0.0	143881	964.0039939291784	0.3
142984.38530152474	300	59.90163609032133	0.0	163444	1050.8114114977616	0.3
142989.42754334898	750	58.85939426610134	0.0	401088	5042.241824219992	0.3
142992.31339872224	750	59.75670017798078	0.0	365161	2102.6940881205564	0.75
142995.8047804983	750	59.721089932510935	0.0	321064	3035.61024546985	0.75
142998.83553443098	750	59.620598731470835	0.0	361565	2600.4912010401054	0.75
143003.73954782163	750	58.71658534080204	0.0	378327	4904.01339066879	0.75
143010.02939493078	750	56.426738231669944	0.0	390680	6289.847109132099	0.75
143019.19691219277	750	51.25922096967329	0.0	345516	9167.517261996656	0.75
143021.787475434	300	52.668657728471416	0.0	161857	2590.5632412018767	-0.15000000000000002
143024.08936902936	300	54.36676413307426	0.0	145210	2301.893595397153	0.3
143027.1711419176	300	55.28499124483833	0.0	172312	3081.7728882359297	0.3
143030.03007116725	300	56.426061995207775	0.0	167025	2858.929249630556	0.3
143035.9137767341	300	54.54235642839674	0.0	160064	5883.7055668110415	0.3
143039.1241984207	300	55.331934741771356	0.0	137507	3210.4216866253805	0.3
143047.72362527536	750	50.732507887093554	0.0	314107	8599.426854677802	0.3
143056.45530480405	750	46.00082835839881	0.0	450283	8731.67952869474	0.75
143058.19859428774	300	48.25753887474692	0.0	155580	1743.2894836518938	-0.15000000000000002
143062.03406480345	300	48.422068359023235	0.0	139857	3835.470515723683	0.3
143065.68293104644	300	48.773202116053845	0.0	155432	3648.866242969391	0.3
143069.33674315485	300	49.11939000762241	0.0	163442	3653.812108431435	0.3
143076.3421216682	300	46.11401149429544	0.0	126289	7005.378513326971	0.3
143079.47662089914	300	46.97951226334489	0.0	153295	3134.4992309505574	0.3
143086.90928999602	300	43.54684316645617	0.0	173849	7432.66909688871	0.3
143093.5710855911	300	40.885047571382216	0.0	150710	6661.795595073955	0.3
143101.2233092476	300	37.23282391486997	0.0	139105	7652.223656512252	0.3
143107.3004201572	300	35.15571300528886	0.0	141840	6077.110909581105	0.3
143115.22931598182	300	31.226817180662177	0.0	156148	7928.895824626685	0.3
143120.5985307629	300	29.85760239960246	0.0	160746	5369.214781059718	0.3
143126.49016374612	300	27.965969416361144	0.0	179801	5891.632983241313	0.3
143129.91010145724	300	28.54603170524613	0.0	140051	3419.937711115017	0.3
143132.8145836847	300	29.641549477791095	0.0	138313	2904.4822274550343	0.3
143135.58052034993	300	30.875612812546585	0.0	143509	2765.9366652445096	0.3
143137.93731673085	300	32.518816431620216	0.0	150616	2356.7963809263715	0.3
143139.92694644214	300	34.52918672033546	0.0	165384	1989.6297112847517	0.3
143141.1757615719	300	37.28037159054344	0.0	140881	1248.8151297920278	0.3
143142.7173848198	300	39.73874834266252	0.0	157671	1541.623247880916	0.3
143145.03397286576	300	41.42216029670647	0.0	157812	2316.58804595604	0.3
143147.29647951678	300	43.15965364570661	0.0	163927	2262.5066509998637	0.3
143148.47091046092	300	45.985222701564204	0.0	137654	1174.4309441424061	0.3
143149.7619594899	300	48.69417367257507	0.0	146754	1291.049028989138	0.3
143153.21478245634	750	49.24135070615498	0.0	379700	3452.822966420087	0.3
143162.21920379443	750	44.23692936807312	0.0	425781	9004.421338081862	0.75
143166.6213028207	300	43.83483034177673	0.0	111155	4402.099026296393	-0.15000000000000002
143170.04014889008	300	44.41598427242153	0.0	153605	3418.8460693551956	0.3
143175.34759288997	300	43.10854027252553	0.0	149029	5307.443999895998	0.3
143180.39723586017	300	42.05889730232189	0.0	157421	5049.642970203645	0.3
143184.4844506489	300	41.97168251360224	0.0	157488	4087.2147887196506	0.3
143189.94706251004	300	40.50907065244398	0.0	143881	5462.611861158256	0.3
143195.2891235992	300	39.16700956327384	0.0	163444	5342.061089170146	0.3
143199.37439671517	300	39.081736447312295	0.0	179328	4085.273115961546	0.3
143202.56406904574	300	39.89206411676093	0.0	159914	3189.6723305513638	0.3
143205.80553295597	300	40.65060020649436	0.0	131610	3241.4639102665683	0.3
143208.76360835257	300	41.69252480990377	0.0	124011	2958.075396590586	0.3
143212.4257642797	300	42.0303688827796	0.0	144254	3662.155927124172	0.3
143215.35650661198	300	43.0996265505089	0.0	149991	2930.742332270698	0.3
143218.57568611155	300	43.880447050934364	0.0	147968	3219.179499574538	0.3
143221.6345407483	300	44.82159241416743	0.0	161857	3058.8546367669423	0.3
143225.57606234655	300	44.88007081590856	0.0	145210	3941.5215982588606	0.3
143228.13318825894	300	46.32294490349946	0.0	172312	2557.125912409103	0.3
143231.336688498	300	47.119444664428215	0.0	167025	3203.5002390712466	0.3
143233.79901226962	300	48.65712089283896	0.0	160064	2462.3237715892524	0.3
143236.27523616923	300	50.18089699323781	0.0	137507	2476.2238996011542	0.3
143241.297185981	750	49.15894718145266	0.0	314107	5021.949811785144	0.3
143247.94253821232	750	46.51359495011589	0.0	450283	6645.35223133677	0.75
143250.9559454781	300	47.50018768432396	0.0	155580	3013.4072657919287	-0.15000000000000002
143252.84705541292	300	49.60907774952514	0.0	139857	1891.1099347988222	0.3
143255.2555532063	300	51.20057995610854	0.0	155432	2408.497793416594	0.3
143258.1051199388	300	52.35101322363132	0.0	163442	2849.5667324772194	0.3
143259.52942256263	300	54.92671059977977	0.0	126289	1424.3026238515492	0.3
143260.9826951646	300	57.47343799781041	0.0	153295	1453.2726019693634	0.3
143263.00525778538	300	59.45087537703385	0.0	173849	2022.5626207765515	0.3
143265.73317055113	300	59.72891203719748	0.0	150710	2221.9633398363753	0.3
143268.7619735324	300	59.62148525952005	0.0	139105	2607.426777677426	0.3
143270.9712963063	300	59.56851197437309	0.0	141840	2052.973285146956	0.3
143273.85159706094	300	59.767036341395894	0.0	156148	2301.4756329772017	0.3
143276.07577436807	300	59.75386024867602	0.0	160746	2013.1760927198677	0.3
143279.2287780654	300	59.68785900723148	0.0	179801	3066.001241444537	0.3
143283.28883947816	300	59.60132952877223	0.0	140051	3086.5294784592506	0.3
143285.2959096113	300	59.72456042937112	0.0	138313	1376.769099401121	0.3
143286.91119794842	300	59.92206677766835	0.0	143509	1302.4936517027652	0.3
143288.70039258729	300	59.56436680096832	0.0	150616	1357.6999767000227	0.3
143290.62543983656	300	59.70259050740351	0.0	165384	1861.7762935648186	0.3
143291.8172845292	300	59.55330363892988	0.0	140881	1149.286868473622	0.3
143294.77819843212	300	59.733625599555566	0.0	157671	2319.678039374311	0.3
143300.97662661114	750	57.53519742054435	0.0	399894	6198.428179011222	0.3
143305.61767743123	750	56.89414660045496	0.0	401853	4641.050820089389	0.75
143309.40638777957	750	57.10543625211741	0.0	343800	3788.7103483375554	0.75
143312.86016560995	750	57.651658421716135	0.0	359903	3453.777830401267	0.75
143316.10061206284	750	58.411211968815884	0.0	379700	3240.4464529002503	0.75
143320.36576222986	750	58.14606180180417	0.0	425781	4265.150167011713	0.75
143322.9665578716	750	59.545266160046644	0.0	277716	2600.795641757526	0.75
143326.83074107626	750	59.503472209259115	0.0	400396	3041.7939507875262	0.75
143330.46263882707	750	59.69871796078003	0.0	400508	3304.7542484790874	0.75
143333.41682992893	750	59.5796941610085	0.0	358218	2619.0237997715294	0.75
143336.93689072033	750	59.66274741635763	0.0	400322	3416.946744650862	0.75
143340.4705117757	750	59.89749391205272	0.0	369834	2765.253504304916	0.75
143344.68264058424	750	59.68536510352829	0.0	412837	3712.1288085244305	0.75
143348.50543579925	750	59.54921567581814	0.0	401088	3636.149427710149	0.75
143352.2886685743	750	59.68992218192485	0.0	365161	2859.2934938932917	0.75
143355.74488883745	750	59.54978169093497	0.0	321064	2640.1404909898743	0.75
143358.3726599002	750	59.789436045655734	0.0	361565	2260.345645279236	0.75
143361.8565895739	750	59.58118391753986	0.0	378327	3208.2521281158733	0.75
143367.39408256736	750	58.0436909240749	0.0	390680	5537.492993464961	0.75
143372.85168444767	750	56.586089043760765	0.0	345516	5457.601880314133	0.75
143376.06912211233	750	57.36865137908854	0.0	384505	3217.437664672231	0.75
143377.3534807952	300	59.75007707965065	0.0	145210	1118.5742994378838	-0.15000000000000002
143379.81779214725	300	59.791313595353735	0.0	172312	1458.7634842969196	0.3
143383.78768793016	750	59.65813963777268	0.0	398987	3133.1739575810593	0.3
143387.22651955846	750	59.95808473628664	0.0	393804	3200.0549014860444	0.75
143395.05446978236	1850	56.13013451238674	0.0	830730	7827.950223899896	0.75
143428.5728675299	2850	26.611736764835513	0.0	1364537	33518.39774755122	1.85
143431.86636504176	750	27.318239252979065	0.0	450283	3293.4975118564485	0.75
143432.91796581083	300	30.266638483919778	0.0	155580	1051.6007690592892	-0.15000000000000002
143434.40982591343	300	32.77477838133498	0.0	139857	1491.8601025847977	0.3
143436.22536926152	300	34.95923503322819	0.0	155432	1815.5433481067898	0.3
143437.62492497996	300	37.559679314810936	0.0	163442	1399.5557184172544	0.3
143438.43360349163	300	40.75100080313343	0.0	126289	808.6785116775034	0.3
143439.51217349176	300	43.6724308029861	0.0	153295	1078.5700001473317	0.3
143440.72732081765	300	46.45728347712653	0.0	173849	1215.1473258595663	0.3
143441.72896690364	300	49.455637391158014	0.0	150710	1001.6460859685142	0.3
143442.80426392687	300	52.38034036792257	0.0	139105	1075.2970232354419	0.3
143444.92342797466	750	54.26117632011421	0.0	353220	2119.1640478083655	0.3
143447.5337943612	750	55.65080993358333	0.0	405134	2610.366386530878	0.75
143449.55821795168	750	57.62638634308771	0.0	386351	2024.4235904956195	0.75
143452.14177663458	750	59.04282766019399	0.0	434409	2583.5586828937176	0.75
143455.16138222194	750	59.94904176796892	0.0	337059	2093.7858922250753	0.75
143458.6495843819	750	59.91435053556035	0.0	366214	3034.6912324085642	0.75
143461.5269641406	750	59.817416119992096	0.0	360831	2596.934415568266	0.75
143464.94060621836	750	59.90581775266393	0.0	372963	3411.598367328168	0.75
143468.27045421803	750	59.69191560805264	0.0	405596	3213.9021446112897	0.75
143471.50627109848	750	59.50148009537277	0.0	350713	3190.4355126798678	0.75
143474.57037865254	750	59.887617002194126	0.0	386472	2613.8630931786383	0.75
143477.52440086548	750	59.76522812615861	0.0	399894	2622.3888760355185	0.75
143481.48518550507	750	59.804443486604605	0.0	401853	2960.784639554007	0.75
143484.28019739655	750	59.743646529111466	0.0	343800	2060.7969574931385	0.75
143487.21763285843	750	59.95103626515751	0.0	359903	2792.610263953953	0.75
143489.9603349958	750	59.592597795447	0.0	379700	2358.43846971051	0.75
143493.31118771047	750	59.769303271932976	0.0	425781	2323.294523514024	0.75
143495.86708064325	750	59.67463590113503	0.0	277716	1594.6673707979526	0.75
143499.3367981535	750	59.550889926994444	0.0	400396	2623.745974140584	0.75
143503.86887362332	1200	59.018814457172596	0.0	641447	4532.0754698218525	0.75
143508.08659473356	1200	58.8010933469299	0.0	570392	4217.721110242691	1.2
143512.49203143406	1200	58.39565664645155	0.0	620283	4405.436700478354	1.2
143517.96640070947	1200	56.921287371031866	0.0	584349	5474.36927541968	1.2
143528.9704885966	750	49.91719948391834	0.0	412837	11004.087887113528	0.3
143537.71181158008	750	45.175876500411896	0.0	401088	8741.322983506443	0.75
143540.72193880845	300	46.165749272058775	0.0	159914	3010.1272283531202	-0.15000000000000002
143545.53987807207	300	45.347810008412644	0.0	131610	4817.939263646135	0.3
143551.37069173797	300	43.51699634252389	0.0	124011	5830.813665888754	0.3
143557.15478064516	300	41.732907435340266	0.0	144254	5784.088907183619	0.3
143559.90739051183	300	42.98029756864725	0.0	149991	2752.609866693022	0.3
143562.26801447128	300	44.61967360920502	0.0	147968	2360.6239594422327	0.3
143564.682946656	300	46.20474142451081	0.0	161857	2414.932184694211	0.3
143567.6329562565	300	47.25473182398457	0.0	145210	2950.009600526236	0.3
143575.64617569078	300	43.24151238972557	0.0	172312	8013.219434259001	0.3
143584.30250188577	300	38.5851861947139	0.0	167025	8656.32619501167	0.3
143588.9049190271	300	37.98276905340607	0.0	160064	4602.417141307828	0.3
143590.49173337797	300	40.39595470254238	0.0	137507	1586.8143508636892	0.3
143592.14186785626	300	42.74582022424742	0.0	118421	1650.1344782949645	0.3
143597.27333124637	750	41.614356834137254	0.0	450283	5131.463390110162	0.75
143598.59019773768	300	44.29749034283924	0.0	155580	1316.8664912980107	-0.15000000000000002
143599.6911151177	300	47.19657296281638	0.0	139857	1100.9173800228623	0.3
143601.15685013088	300	49.730837949633894	0.0	155432	1465.7350131824885	0.3
143602.6308834431	300	52.256804637400194	0.0	163442	1474.0333122337067	0.3
143603.74482967792	300	55.14285840261284	0.0	126289	1113.946234787354	0.3
143604.95887739497	300	57.928810685550076	0.0	153295	1214.047717062766	0.3
143607.03036849468	300	59.59259052445688	0.0	173849	1336.2201610931934	0.3
143608.33931217977	300	59.575754151241874	0.0	150710	1016.8363732150045	0.3
143610.14798075307	300	59.69247352052501	0.0	139105	883.2806307168667	0.3
143613.26920981292	750	59.679552961898686	0.0	353220	2512.92055862633	0.3
143616.02786176497	750	59.979881236481646	0.0	405134	2699.671725417033	0.75
143621.03280918548	750	58.97493381596151	0.0	386351	5004.947420520133	0.75
143625.3843206278	750	58.62342237362829	0.0	434409	4351.51144233323	0.75
143629.37474017235	750	58.633002829091666	0.0	337059	3990.4195445366213	0.75
143633.7104622537	750	58.29728074774611	0.0	366214	4335.722081345554	0.75
143638.11347758264	750	57.89426541881632	0.0	360831	4403.015328929794	0.75
143642.4802216253	750	57.52752137616159	0.0	372963	4366.7440426547255	0.75
143648.30274501958	750	55.70499798188186	0.0	405596	5822.5233942797295	0.75
143651.532573985	750	56.47516901648073	0.0	350713	3229.828965401132	0.75
143654.28838994616	750	57.71935305529921	0.0	386472	2755.815961181519	0.75
143657.07737111897	750	58.9303718825114	0.0	399894	2788.9811727878023	0.75
143661.0491632968	750	58.95857970467696	0.0	401853	3971.7921778344426	0.75
143664.1522648038	750	59.85547819767236	0.0	343800	3103.1015070045955	0.75
143668.17688114592	750	59.83086185555528	0.0	359903	4024.616342117087	0.75
143672.01160126997	750	59.92550159731664	0.0	379700	2905.36025823864	0.75
143675.2761300307	750	59.5979171498511	0.0	425781	2327.584447465541	0.75
143677.38201988657	750	59.532944378540506	0.0	277716	1564.9727713105926	0.75
143679.62655498003	750	59.83663537409514	0.0	400396	2196.3090044453706	0.75
143682.34343699575	750	59.827807410750594	0.0	400508	2008.8279633445397	0.75
143684.92548665023	750	59.695309609683015	0.0	358218	2132.4978010675877	0.75
143688.56159634137	750	59.66703069083479	0.0	400322	2528.278918848223	0.75
143691.6711332044	750	59.77617764546256	0.0	369834	2390.8530453722333	0.75
143695.6761709104	750	59.51300070129157	0.0	412837	3263.1769441709916	0.75
143698.4601317453	750	59.92695066474797	0.0	401088	2586.050036543595	0.75
143700.8024835589	750	59.780230157116584	0.0	365161	2146.7205076313894	0.75
143704.5168950762	750	59.954840051437515	0.0	321064	2825.390105679065	0.75
143708.56900196345	750	59.90273316422098	0.0	361565	3552.1068872165324	0.75
143712.98023852668	750	59.49149660099536	0.0	378327	4411.236563225616	0.75
143716.74467368174	750	59.72706144592982	0.0	390680	3764.4351550655388	0.75
143720.78445762175	750	59.62156948449742	0.0	345516	3605.4919614324017	0.75
143726.97655176843	750	57.429475337834766	0.0	384505	6192.094146662656	0.75
143730.47383474675	750	57.932192359508555	0.0	372093	3497.2829783262164	0.75
143740.98849724504	750	51.417529861223684	0.0	438281	10514.662498284866	0.75
143745.75125752497	750	50.65476958129862	0.0	398987	4762.76027992507	0.75
143750.16115144722	750	50.24487565906855	0.0	393804	4409.893922230077	0.75
143753.58626872153	750	50.819758384747374	0.0	331053	3425.117274321173	0.75
143761.97649878875	1850	46.42952831752755	0.0	846370	8390.230067219825	0.75
143767.40141334603	750	45.00461376025961	0.0	450283	5424.914557267941	0.75
143770.06887684405	750	46.33715026224701	0.0	398865	2667.4634980126007	0.75
143772.8807454039	750	47.52528170237683	0.0	350812	2811.86855987018	0.75
143776.70842536868	750	47.69760173763218	0.0	382355	3827.679964744647	0.75
143780.35941400722	750	48.04661309909336	0.0	411561	3650.988638538817	0.75
143784.38320886358	750	48.02281824271911	0.0	318564	4023.7948563742525	0.75
143787.91744840753	750	48.4885786987694	0.0	352642	3534.23954394971	0.75
143790.75169969743	750	49.6543274088527	0.0	437162	2834.2512899166995	0.75
143796.96727855853	750	47.438748547756674	0.0	374758	6215.578861096033	0.75
143801.47678188837	750	46.929245217903194	0.0	362795	4509.503329853473	0.75
143809.95778471392	750	42.448242392350934	0.0	353220	8481.002825552267	0.75
143812.62736737676	300	43.77865972953227	0.0	156148	2669.582662818662	-0.15000000000000002
143813.9513842098	300	46.45464289648914	0.0	160746	1324.016833043133	0.3
143815.2825204309	300	49.123506675363664	0.0	179801	1331.1362211254768	0.3
143816.43224081467	300	51.973786291606736	0.0	140051	1149.7203837569227	0.3
143817.47266926712	300	54.933357839147	0.0	138313	1040.4284524597374	0.3
143818.42540573393	300	57.98062137236559	0.0	143509	952.7364667814135	0.3
143821.41736620653	750	58.98866089976197	0.0	372963	2991.9604726036223	0.3
143824.29794764105	750	59.66547046417268	0.0	405596	2823.190435589293	0.75
143827.14834973495	750	59.879964916670836	0.0	350713	2285.5055475018476	0.75
143830.42180686988	750	59.55468462242553	0.0	386472	2825.2802942452977	0.75
143833.71830463374	750	59.76002416084094	0.0	399894	3294.660461584593	0.75
143837.13004471007	750	59.855572773806415	0.0	401853	2904.451387034525	0.75
143840.00578614915	750	59.8668463989177	0.0	343800	2488.7263748887135	0.75
143842.9648519163	750	59.72132104742476	0.0	359903	2645.5253514929414	0.75
143846.4206498385	750	59.5651922941887	0.0	379700	3156.1287532360684	0.75
143850.32493769348	750	59.642882951147165	0.0	425781	2922.3093430415297	0.75
143852.86288047198	750	59.599900817869106	0.0	277716	2042.9821332780555	0.75
143855.969412709	750	59.74411502196633	0.0	400396	2855.7857959027724	0.75
143860.13328780574	750	59.58023992523504	0.0	400508	3163.8750967312894	0.75
143863.38516605788	750	59.556611568095704	0.0	358218	2523.6283571393396	0.75
143867.19255969796	750	59.646039695577876	0.0	400322	3410.5718725178253	0.75
143870.57405325442	750	59.595203801106756	0.0	369834	3050.8358944711213	0.75
143874.1982357234	750	59.547941397607936	0.0	412837	3547.262403498817	0.75
143880.081119481	750	57.66505764002296	0.0	401088	5882.883757584981	0.75
143885.89047513265	750	55.855701988379934	0.0	365161	5809.355651643021	0.75
143888.56790027817	750	57.178276842837825	0.0	321064	2677.4251455421077	0.75
143891.22398316298	750	58.52219395803199	0.0	361565	2656.0828848058386	0.75
143894.6703849422	750	59.07579217883606	0.0	378327	3446.40177919593	0.75
143897.8239061745	750	59.92227094652636	0.0	390680	2653.521232309699	0.75
143902.02813970545	750	59.71194943933962	0.0	345516	3210.3215071867453	0.75
143905.0839452817	750	59.8010026631007	0.0	384505	2410.9467762389195	0.75
143907.5702243808	750	59.57529251355509	0.0	372093	1725.7101495456066	0.75
143912.54483027753	750	58.60068661682369	0.0	438281	4974.605896731404	0.75
143915.7338169848	750	59.41169990955172	0.0	398987	3188.9867072719635	0.75
143924.4772887945	1200	54.66822809987564	0.0	638661	8743.471809676086	0.75
143933.68507546932	1200	49.460441425056196	0.0	538612	9207.786674819446	1.2
143946.1121528604	2850	41.03336403397796	0.0	1364537	12427.077391078237	1.2000000000000002
143950.45451221528	750	40.691004679096864	0.0	450283	4342.3593548810995	0.75
143954.19766300955	750	40.94785388483511	0.0	398865	3743.1507942617545	0.75
143955.3537675119	300	43.79174938247336	0.0	139857	1156.1045023617487	-0.15000000000000002
143956.6385181055	300	46.50699878888069	0.0	155432	1284.7505935926695	0.3
143959.82647903005	750	47.319037864349035	0.0	411561	3187.9609245316574	0.3
143962.32284019023	750	48.82267670417117	0.0	318564	2496.3611601778593	0.75
143965.13451987458	750	50.01099701984129	0.0	352642	2811.679684329877	0.75
143967.98377840122	750	51.16173849319198	0.0	437162	2849.2585266493143	0.75
143970.01883703313	750	53.12667986129109	0.0	374758	2035.0586319008946	0.75
143972.09682785132	750	55.04868904309359	0.0	362795	2077.990818197495	0.75
143974.18589851112	750	56.959618383314755	0.0	353220	2089.070659778834	0.75
143976.6080451165	750	58.53747177790942	0.0	405134	2422.146605405337	0.75
143979.29419134758	750	59.85132554686039	0.0	386351	2686.1462310490215	0.75
143982.76908125568	750	59.81164855093195	0.0	434409	3039.6769959284425	0.75
143985.50400734018	750	59.71729196476476	0.0	337059	2594.3565861671837	0.75
143989.0280105244	750	59.965075121822956	0.0	366214	2752.21684294181	0.75
143991.84241234997	750	59.9792673796742	0.0	360831	2485.807742148759	0.75
143995.21833438304	750	59.59560340485136	0.0	372963	2883.6639748228354	0.75
143998.9956876737	750	59.55755578864613	0.0	405596	3538.047616205234	0.75
144002.6399574278	750	59.810073748842996	0.0	350713	2747.4820398031275	0.75
144006.69476891795	750	59.67556186090208	0.0	386472	3134.5118879409147	0.75
144010.77781608296	750	59.59251469588655	0.0	399894	3583.0471650155296	0.75
144014.0291750556	750	59.589008593171904	0.0	401853	3003.5061027146407	0.75
144017.20930577526	750	59.55336966829963	0.0	343800	3035.6389248722803	0.75
144020.77912645685	750	59.94570522490564	0.0	359903	3107.664443393997	0.75
144023.89395182295	750	59.933870660962654	0.0	379700	3011.8345639429804	0.75
144027.10222125228	750	59.73673134735128	0.0	425781	3197.1393136113684	0.75
144030.09380346187	750	59.6965053004462	0.0	277716	2040.2260469050882	0.75
144034.08787932622	750	59.70242943610017	0.0	400396	3494.075864346025	0.75
144037.70303323897	750	59.64156849323325	0.0	400508	3060.860942866917	0.75
144041.19156437143	750	59.52044941194569	0.0	358218	3121.1190812875548	0.75
144044.90674275026	750	59.805271033134396	0.0	400322	3215.1783788112925	0.75
144048.39727359448	750	59.8463008259968	0.0	369834	2958.9702071375987	0.75
144052.25814120745	750	59.76164733806447	0.0	412837	3584.6534879323267	0.75
144056.0281400721	750	59.99164847340241	0.0	401088	3269.998864662063	0.75
144060.0441588367	750	59.75174558594526	0.0	365161	3239.9028874571477	0.75
144063.02861078095	750	59.763077552401704	0.0	321064	2488.668033543559	0.75
144067.17738735845	750	59.614300974909725	0.0	361565	4148.776577491972	0.75
144070.17550745272	750	59.72152117188326	0.0	378327	2892.7798030264694	0.75
144073.91432169752	750	59.83528419509423	0.0	390680	2886.236976789027	0.75
144076.7715391573	750	59.52296409923119	0.0	345516	2812.3200958630405	0.75
144080.5504820767	750	59.744021179811796	0.0	384505	3278.942919419395	0.75
144084.56566089866	750	59.72884235786789	0.0	372093	3515.178821943903	0.75
144088.41502859615	750	59.87947466035077	0.0	438281	3349.3676975171206	0.75
144092.62445171247	750	59.670051544041385	0.0	398987	4209.423116309388	0.75
144099.78263139003	1200	56.51187186645273	0.0	638661	7158.179677588659	0.75
144103.7118379912	1200	56.5826652652832	0.0	538612	3929.206601169529	1.2
144114.34649275074	2850	49.948010505755484	0.0	1364537	10634.654759527713	1.2000000000000002
144117.99988545026	750	50.294617806209665	0.0	450283	3653.3926995458187	0.75
144120.98262262897	750	51.31188062748704	0.0	398865	2982.7371787226216	0.75
144124.17944653073	750	52.11505672575516	0.0	350812	3196.8239017318874	0.75
144127.27219102916	750	53.02231222731848	0.0	382355	3092.7444984366784	0.75
144130.27586332124	750	54.0186399352309	0.0	411561	3003.672292087578	0.75
144132.5976417036	750	55.69686155285941	0.0	318564	2321.7783823714944	0.75
144135.19968822508	750	57.09481503136588	0.0	352642	2602.0465214935225	0.75
144138.73499531075	750	57.55950794570215	0.0	437162	3535.3070856637355	0.75
144141.5881179806	750	58.70638527584177	0.0	374758	2853.122669860379	0.75
144144.82794325403	750	59.46656000240698	0.0	362795	3239.8252734347902	0.75
144148.546240007	750	59.74826324942997	0.0	353220	3718.29675297701	0.75
144152.7088817071	750	59.58562154933062	0.0	405134	3662.6417000993515	0.75
144156.57377203647	750	59.53479634153808	0.0	386351	3550.8252077925363	0.75
144160.31551818468	750	59.793050193318656	0.0	434409	3741.7461482194276	0.75
144163.6201558017	750	59.52863701970072	0.0	337059	2764.4131736179334	0.75
144165.99636202917	750	59.724646127676074	0.0	366214	2303.9908920246467	0.75
144168.8203074561	750	59.504281081908815	0.0	360831	2720.36504576726	0.75
144172.75030683758	750	59.50157158177019	0.0	372963	3002.709500138622	0.75
144176.34041610904	750	59.86516188671099	0.0	405596	3136.4096950591984	0.75
144179.44716175064	750	59.96863885410768	0.0	350713	2896.523032603313	0.75
144183.13329961474	750	59.775681226567286	0.0	386472	3192.957627540393	0.75

