12393.362051177177	750	4.0	7.440727505900059	450283	7440.7275059000585	-31.245128275370252
12395.988229490531	300	5.373821686645989	0.0	155580	2626.1783133540107	-0.15000000000000002
12397.55251044398	300	7.809540733197551	0.0	139857	1564.2809534484381	0.3
12399.719946361689	300	9.64210481548831	0.0	155432	2167.435917709242	0.3
12400.63614745464	300	12.725903722537376	0.0	163442	916.2010929509345	0.3
12401.350213163245	300	16.01183801393238	0.0	126289	714.0657086049978	0.3
12402.18358831763	300	19.17846285954621	0.0	153295	833.3751543861667	0.3
12403.060849164818	300	22.30120201235951	0.0	173849	877.2608471867032	0.3
12403.707733710324	300	25.654317466853303	0.0	150710	646.884545506208	0.3
12404.39077971463	300	28.97127146254845	0.0	139105	683.0460043048497	0.3
12405.19577822874	300	32.166272948437246	0.0	141840	804.9985141112037	0.3
12406.002473523307	300	35.35957765387098	0.0	156148	806.6952945662671	0.3
12406.94068818171	300	38.4213629954697	0.0	160746	938.2146584012759	0.3
12407.994867588985	300	41.36718358819555	0.0	179801	1054.1794072741504	0.3
12408.940750036021	300	44.42130114115796	0.0	140051	945.882447037587	0.3
12410.334269327777	300	47.027781849403176	0.0	138313	1393.519291754787	0.3
12411.823780271487	300	49.538270905692514	0.0	143509	1489.510943710657	0.3
12412.855120183953	300	52.506930993227996	0.0	150616	1031.3399124645205	0.3
12413.848700875322	300	55.513350301858544	0.0	165384	993.5806913694483	0.3
12414.696414101052	300	58.66563707612632	0.0	140881	847.7132257322262	0.3
12415.861209439336	300	59.774784621872136	0.0	157671	890.8524542541873	0.3
12417.701181771037	300	59.93176989803497	0.0	157812	843.0147238371613	0.3
12421.66144390821	750	59.9715077608639	0.0	401853	3460.2621371710716	0.3
12424.465908991935	750	59.9398850915194	0.0	343800	2031.6226693445053	0.75
12426.331825209405	750	59.58084818997459	0.0	359903	1859.036901544809	0.75
12428.890164088314	750	59.751618408482756	0.0	379700	1829.2297814918354	0.75
12431.63548997814	750	59.62901001227783	0.0	425781	2122.6083962049215	0.75
12433.888961683542	750	59.714132906388535	0.0	277716	1914.8771058892987	0.75
12436.293795008714	750	59.84501354355688	0.0	400396	2369.1193628316523	0.75
12439.796624680494	750	59.80745568883912	0.0	400508	2537.5578547177583	0.75
12443.242158404628	750	59.98082473530208	0.0	358218	2826.630953537043	0.75
12448.659174195689	750	58.56380894424165	0.0	400322	5417.0157910604285	0.75
12451.353661823789	750	59.72052441102061	0.0	369834	2343.2845332210436	0.75
12457.861400083753	750	57.21278615105561	0.0	412837	6507.738259964997	0.75
12461.937268573269	750	57.136917661541304	0.0	401088	4075.8684895143056	0.75
12466.462225642823	750	56.61196059198824	0.0	365161	4524.957069553057	0.75
12469.296334128978	750	57.77785210583411	0.0	321064	2834.108486154139	0.75
12472.660368623676	750	58.413817611135755	0.0	361565	3364.0344946983564	0.75
12477.206997863124	750	57.867188371685685	0.0	378327	4546.629239450069	0.75
12481.3380430831	750	57.73614315171151	0.0	390680	4131.045219974167	0.75
12484.205957391532	750	58.86822884327849	0.0	345516	2867.914308433028	0.75
12487.051238430213	750	59.74383765524861	0.0	384505	2624.3911880298656	0.75
12489.355968406202	750	59.625417592580376	0.0	372093	2118.420062668237	0.75
12493.003370934422	750	59.97801506435886	0.0	438281	3647.4025282215202	0.75
12496.261104653348	750	59.64650442566678	0.0	398987	2331.5106386920816	0.75
12500.044235393396	1200	59.863373685618924	0.0	638661	3783.130740047846	0.75
12504.263133303248	1850	59.644475775767745	0.0	830730	4218.897909851181	1.2000000000000002
12511.798832780181	2850	56.1087762988351	0.0	1364537	7535.699476932639	1.85
12514.222406270303	750	57.68520280871268	0.0	450283	2423.5734901224223	0.75
12516.513201369973	750	59.394407709042994	0.0	398865	2290.7950996696914	0.75
12518.924427529042	750	59.96795452793712	0.0	350812	1926.4531811058764	0.75
12521.626979875995	750	59.55506484344254	0.0	382355	1912.8896844945778	0.75
12524.773123246467	750	59.8068244894355	0.0	411561	2748.2403540070404	0.75
12527.442856149155	750	59.61490954632349	0.0	318564	2191.914943112008	0.75
12529.700703825667	750	59.55039468785635	0.0	352642	2064.514858467151	0.75
12532.53872698252	750	59.67854951845115	0.0	437162	1871.845169405195	0.75
12535.111812352834	750	59.533095827018336	0.0	374758	1645.45369143281	0.75
12537.513378452197	750	59.7281286167775	0.0	362795	1804.9672102408388	0.75
12540.612348373967	750	59.660443100454486	0.0	353220	2567.6855163230075	0.75
12542.704537058145	750	59.82649096108782	0.0	405134	1833.9521393666648	0.75
12545.093280796518	750	59.950737364307294	0.0	386351	2375.7535967805284	0.75
12548.417190641348	750	59.71927751268775	0.0	434409	3231.4598516195397	0.75
12552.452112575787	750	59.684355578249374	0.0	337059	4034.921934438382	0.75
12556.526831399822	750	59.54068213005784	0.0	366214	3143.6734481915323	0.75
12559.40988082557	750	59.75118010510511	0.0	360831	2289.5020249527315	0.75
12561.697175060102	750	59.81830668823703	0.0	372963	1932.8734168680771	0.75
12564.23357943375	750	59.67281491024424	0.0	405596	2145.4917779927946	0.75
12566.412432247947	750	59.72334480097313	0.0	350713	1949.4701092711114	0.75
12569.81437042762	750	59.53306706359943	0.0	386472	3190.277737373698	0.75
12572.920670496287	750	59.51924725041647	0.0	399894	3013.8198131829627	0.75
12577.47571619842	750	58.9642015482833	0.0	401853	4555.045702133167	0.75
12580.931797110936	750	59.50812063576856	0.0	343800	2956.080912514738	0.75
12585.10248321247	750	59.33743453423463	0.0	359903	4170.686101533933	0.75
12587.73329885732	750	59.549673197641745	0.0	379700	2287.7613365928946	0.75
12592.582656403356	750	58.70031565160622	0.0	425781	4849.357546035529	0.75
12595.371618135228	750	59.91135391973278	0.0	277716	2788.961731873431	0.75
12598.174064458473	750	59.7868175511947	0.0	400396	2624.536368538076	0.75
12601.9377124217	750	59.93794854693323	0.0	400508	2848.8690042614735	0.75
12605.583639037499	750	59.97787471851802	0.0	358218	2960.073828415211	0.75
12611.341153665073	750	58.22036009094384	0.0	400322	5757.514627574176	0.75
12615.823716477733	750	57.73779727828423	0.0	369834	4482.562812659606	0.75
12617.853891387998	750	59.645674936958905	0.0	412837	1592.1223413253322	0.75
12621.279970427711	750	59.58566170157338	0.0	401088	3060.013235385523	0.75
12623.695578997815	750	59.94289031868476	0.0	365161	1642.7713828886183	0.75
12626.021880067532	750	59.86365837743385	0.0	321064	1579.2319412509069	0.75
12632.519791248023	750	57.36574719694359	0.0	361565	6497.911180490263	0.75
12636.13326609559	750	57.75227234937744	0.0	378327	3613.474847566145	0.75
12640.06087578827	750	57.82466265669839	0.0	390680	3927.6096926790483	0.75
12642.118824359855	750	59.76671408511257	0.0	345516	1557.9485715858223	0.75
12646.20085450782	750	59.68468393714608	0.0	384505	3582.0301479664827	0.75
12648.998767650553	750	59.90324915015649	0.0	372093	2281.4347869895905	0.75
12652.42534903643	750	59.644197635090904	0.0	438281	2759.0515150655838	0.75
12654.958282514403	750	59.657495831508925	0.0	398987	1986.70180358198	0.75
12656.924216436466	750	59.8376447076723	0.0	393804	1819.8511238366245	0.75
12660.826053843268	1850	59.93580730087174	0.0	830730	3901.8374068005555	0.75
12667.85060890811	2850	56.9112522360303	0.0	1364537	7024.555064841445	1.85
12669.929097637885	750	58.83276350625605	0.0	450283	2078.488729774249	0.75
12672.207868338839	750	59.98686015560099	0.0	398865	1845.9033506550563	0.75
12674.503515265402	750	59.70547036746835	0.0	350812	1781.3897881326516	0.75
12677.005217364456	750	59.6472478871571	0.0	382355	2058.222480311246	0.75
12679.265790540927	750	59.92520110829337	0.0	411561	2222.046778863727	0.75
12681.340196518611	750	59.597261318254084	0.0	318564	1827.939790039296	0.75
12683.902516156732	750	59.63333459301656	0.0	352642	2463.9267252375175	0.75
12688.572333806818	750	58.96351694292947	0.0	437162	4669.817650087087	0.75
12693.684202677729	750	57.85164807201898	0.0	374758	5111.868870910497	0.75
12697.398637582157	750	58.13721316758993	0.0	362795	3714.434904429052	0.75
12699.650048717467	750	59.53476476908987	0.0	353220	1602.4483985000602	0.75
12701.81963910339	750	59.682450944533606	0.0	405134	1852.3138245562586	0.75
12705.052806826652	750	59.92050536358493	0.0	386351	2261.9455809486785	0.75
12708.09629570765	750	59.83037199424421	0.0	434409	2090.13336934072	0.75
12709.770513959678	750	59.66344062405901	0.0	337059	1666.9313701852097	0.75
12712.031523489653	750	59.63707929999139	0.0	366214	1526.3613240676118	0.75
12714.75548762702	750	59.83242133426245	0.0	360831	2304.6579657289435	0.75
12717.341345993349	750	59.68914523691622	0.0	372963	2143.27609734623	0.75
12719.678101169404	750	59.64555878338088	0.0	405596	2043.5864535353471	0.75
12721.55768300818	750	59.55485222525173	0.0	350713	1590.706558129149	0.75
12723.389505341276	750	59.72687869902816	0.0	386472	1827.9735262235652	0.75
12728.79570305008	1200	58.320680990224396	0.0	616206	5406.197708803765	0.75
12732.43238806065	1200	58.683995979655336	0.0	656471	3636.6850105690582	1.2
12735.187512913097	1200	59.928871127207714	0.0	536667	2755.124852447624	1.2
12738.781955101382	1200	59.793078222411154	0.0	587236	3135.7929047965595	1.2
12744.72678616508	1200	57.848247158714415	0.0	590335	5944.831063696739	1.2
12754.434137636768	1200	52.140895687025264	0.0	696376	9707.351471689153	1.2
12760.467429487135	1200	50.10760383665793	0.0	487160	6033.291850367336	1.2
12766.70573106128	750	47.86930226251261	0.0	400396	6238.30157414532	0.3
12769.287154933592	300	49.28787839020048	0.0	149029	2581.4238723121325	-0.15000000000000002
12770.184381013412	300	52.390652310380155	0.0	157421	897.2260798203276	0.3
12771.065583224161	300	55.50945009963211	0.0	157488	881.2022107480401	0.3
12771.845893186171	300	58.729140137621364	0.0	143881	780.3099620107514	0.3
12772.742748467188	300	59.87150618125162	0.0	163444	857.633956369739	0.3
12773.906001795813	300	59.74599017926407	0.0	179328	1125.5160019875568	0.3
12777.981389421595	750	59.67060255348305	0.0	365161	3075.38762578102	0.3
12781.032069740633	750	59.84582487017268	0.0	321064	2324.777683310371	0.75
12784.119074978405	750	59.611273569150214	0.0	361565	2234.5513010224586	0.75
12786.971323106702	750	59.80937647337595	0.0	378327	2301.897095774273	0.75
12790.211017683408	750	59.90670470128498	0.0	390680	2902.6717720909674	0.75
12793.124080701782	750	59.80268459440616	0.0	345516	2604.0201068788247	0.75
12795.783962853608	750	59.8172649742404	0.0	384505	2485.4196201657546	0.75
12798.580877683025	750	59.70003882536094	0.0	372093	2617.2261488794575	0.75
12802.16234473226	750	59.94864964101213	0.0	438281	2751.389184348806	0.75
12804.553905611452	750	59.60790813386053	0.0	398987	2340.741507151603	0.75
12808.35156032022	1200	59.810253425093265	0.0	638661	3797.6547087672657	0.75
12813.116468366461	1850	59.04534537885099	0.0	830730	4764.908046242282	1.2000000000000002
12821.204707520728	2850	54.957106224582866	0.0	1364537	8088.2391542681235	1.85
12823.520809099145	750	56.64100464616659	0.0	450283	2316.1015784162755	0.75
12825.631007136242	750	58.53080660906852	0.0	398865	2110.1980370980746	0.75
12827.605281887698	750	59.700129681757375	0.0	350812	1830.6769273111397	0.75
12829.985404058305	750	59.52936750852473	0.0	382355	2170.7621732326447	0.75
12833.483464381114	750	59.57501734580791	0.0	411561	3454.3501627168243	0.75
12837.605858514695	750	59.45262321222695	0.0	318564	4122.394133580956	0.75
12844.571089425588	750	56.487392301333195	0.0	352642	6965.230910893757	0.75
12851.10522225769	750	53.95325946923213	0.0	437162	6534.132832101065	0.75
12853.672678425932	300	55.38580330098849	0.0	150710	2567.4561682436383	-0.15000000000000002
12854.812049132583	300	58.246432594339886	0.0	139105	1139.370706648603	0.3
12856.104245418697	300	59.66698190706162	0.0	141840	1079.4506872782642	0.3
12857.708318806475	300	59.65331801259217	0.0	156148	1513.663894469449	0.3
12859.907378412878	300	59.5289929560443	0.0	160746	2124.3250565478766	0.3
12863.727250161932	300	59.56992435644495	0.0	179801	2959.068599599346	0.3
12865.564157583614	300	59.76237222033021	0.0	140051	1307.5521361147382	0.3
12870.291768360743	300	59.03476144320259	0.0	138313	4727.610777127626	0.3
12872.637712904181	300	59.56427220283264	0.0	143509	1970.4892403699512	0.3
12874.045442079085	300	59.74813526691515	0.0	150616	1316.1369359174898	0.3
12875.39045301144	300	59.56342592022996	0.0	165384	1184.7093466851857	0.3
12877.22315412745	300	59.67722615505974	0.0	140881	886.1997651702155	0.3
12878.797445974746	300	59.813330906832334	0.0	157671	863.895248227404	0.3
12880.573514932616	300	59.71399472743081	0.0	157812	1099.3361794015257	0.3
12884.521119136694	750	59.766390523350935	0.0	401853	3947.6042040798698	0.3
12888.440367439573	750	59.84714222047454	0.0	343800	3919.2483028763954	0.75
12891.108735553415	750	59.82525080626542	0.0	359903	2521.891414209119	0.75
12895.195699540001	750	59.738286819678365	0.0	379700	4086.963986587059	0.75
12900.389031920391	750	58.544954439289846	0.0	425781	5193.33238038852	0.75
12914.331874263751	750	48.60211209592938	0.0	277716	13942.842343360471	0.75
12922.705910556275	300	44.22807580340425	0.0	153605	8374.036292525128	-0.15000000000000002
12930.515634529294	300	40.4183518303848	0.0	149029	7809.723973019446	0.3
12939.200974698862	300	35.73301166081663	0.0	157421	8685.340169568175	0.3
12945.951851180516	300	32.982135179163386	0.0	157488	6750.876481653243	0.3
12947.778778933936	300	35.15520742574216	0.0	143881	1826.9277534212213	0.3
12956.037091339293	300	30.89689502038639	0.0	163444	8258.312405355773	0.3
12967.610139312666	300	23.323847047012467	0.0	179328	11573.047973373925	0.3
12973.458402737828	300	21.475583621850006	0.0	159914	5848.263425162458	0.3
12981.50219334043	300	17.431793019248047	0.0	131610	8043.790602601959	0.3
12985.350309466143	300	17.58367689353625	0.0	124011	3848.1161257117983	0.3
12991.981663728528	300	14.952322631151278	0.0	144254	6631.354262384973	0.3
13000.927736885646	300	10.006249474031856	0.0	149991	8946.073157119421	0.3
13005.554631477196	300	9.379354882482785	0.0	147968	4626.894591549072	0.3
13015.048369913842	300	4.0	0.11438355416435843	161857	9493.738436647143	-0.19184928290674125
13020.36404041411	300	4.0	1.3156705002679319	145210	5315.670500267932	-5.357383151152107
13031.010469233748	300	4.0	6.646428819638155	172312	10646.428819638155	-28.279643924444063
13038.113862899763	300	4.0	3.103393666015795	167025	7103.393666015795	-13.044592763867918
13043.47055484493	300	4.0	1.3566919451660406	160064	5356.691945166041	-5.533775364213975

