13428.411641783836	750	4.0	3.624169441458112	450283	3624.169441458112	-14.833928598269882
13429.760082010094	300	6.6515597737405585	0.0	155580	1348.4402262594408	-0.15000000000000002
13430.997848846884	300	9.413792936949752	0.0	139857	1237.766836790806	0.3
13432.408244381288	300	12.00339740254698	0.0	155432	1410.3955344027718	0.3
13434.07763896338	300	14.33400282045591	0.0	163442	1669.3945820910699	0.3
13435.405693069348	300	17.005948714486323	0.0	126289	1328.054105969584	0.3
13436.753122381511	300	19.658519402322405	0.0	153295	1347.4293121639225	0.3
13438.039288789118	300	22.372352994717648	0.0	173849	1286.166407604755	0.3
13439.184567461389	300	25.227074322446395	0.0	150710	1145.2786722712501	0.3
13440.34709967337	300	28.064542110463762	0.0	139105	1162.5322119826337	0.3
13441.31194932821	300	31.099692455624204	0.0	141840	964.8496548395555	0.3
13442.276855700298	300	34.13478608353606	0.0	156148	964.9063720881373	0.3
13444.961752075098	300	35.44988970873691	0.0	160746	2684.896374799151	0.3
13452.387850202744	750	32.023791581093036	0.0	434409	7426.098127643874	0.3
13453.794768924246	750	34.616872859591126	0.0	337059	1406.9187215019147	0.75
13455.583654113005	750	36.82798767083189	0.0	366214	1788.88518875923	0.75
13460.289350427513	750	36.12229135632329	0.0	360831	4705.6963145086065	0.75
13467.624320694795	750	32.787321089040155	0.0	372963	7334.970267283131	0.75
13473.217829724728	750	31.193812059105408	0.0	405596	5593.509029934748	0.75
13475.168527619708	750	33.24311416412631	0.0	350713	1950.6978949791005	0.75
13480.99522510275	750	31.41641668108448	0.0	386472	5826.6974830418285	0.75
13482.424281064012	300	33.987360719823656	0.0	157812	1429.0559612608224	-0.15000000000000002
13484.112703432133	300	36.29893835170212	0.0	163927	1688.422368121532	0.3
13485.51085314719	300	38.900788636645565	0.0	137654	1398.1497150565567	0.3
13487.261933479149	300	41.14970830468589	0.0	146754	1751.0803319596755	0.3
13488.752039891688	300	43.659601892147435	0.0	153938	1490.106412538454	0.3
13490.156342037266	300	46.25529974656961	0.0	181901	1404.3021455778292	0.3
13491.072589805126	300	49.33905197870867	0.0	111155	916.2477678609424	0.3
13492.15144498484	300	52.26019679899418	0.0	153605	1078.8551797144864	0.3
13493.17489315531	300	55.236748628524346	0.0	149029	1023.448170469834	0.3
13495.885778963026	750	56.525862820808506	0.0	358218	2710.8858077158357	0.3
13498.373873918506	750	58.03776786532683	0.0	400322	2488.094955481675	0.75
13500.67841418304	750	59.73322760079446	0.0	369834	2304.5402645323675	0.75
13504.21822930668	750	59.632290959305834	0.0	412837	2600.9366414886263	0.75
13507.569868874501	750	59.61241041647055	0.0	401088	2519.8805428352875	0.75
13511.606722173326	1200	59.57555711764701	0.0	598727	3536.85329882354	0.75
13514.353301207879	1200	59.960573762274805	0.0	487812	2614.983355372207	1.2
13518.032457127276	1200	59.8297936421685	0.0	575591	3630.780120106315	1.2
13522.632804151519	1200	59.22944661792462	0.0	605884	4600.34702424387	1.2
13525.933925632206	1200	59.92832513723838	0.0	587506	3301.12148068624	1.2
13529.81469372855	1200	59.54936324117624	0.0	566904	2878.9618960621465	1.2
13534.606478913061	1200	58.757578056664045	0.0	641452	4791.78518451219	1.2
13540.647868926308	1200	56.71618804341783	0.0	599477	6041.390013246217	1.2
13545.719508128464	1200	55.64454884126065	0.0	634861	5071.639202157185	1.2
13549.992954380183	1200	55.37110258954277	0.0	630203	4273.446251717873	1.2
13554.465014590965	1200	54.89904237875888	0.0	638661	4472.060210783891	1.2
13562.211347872892	1850	51.15270909683159	0.0	830730	7746.333281927288	1.2000000000000002
13569.60079837851	2850	47.763258591215354	0.0	1364537	7389.450505616239	1.85
13572.161795014285	750	49.20226195543896	0.0	450283	2560.996635776393	0.75
13574.088227881797	750	51.275829087927164	0.0	398865	1926.4328675117922	0.75
13576.023969704534	750	53.3400872651898	0.0	350812	1935.7418227373662	0.75
13577.699290267634	750	55.66476670209155	0.0	382355	1675.3205630982573	0.75
13579.80183053818	750	57.56222643154474	0.0	411561	2102.5402705468114	0.75
13581.458261515418	750	59.905795454306094	0.0	318564	1656.4309772386466	0.75
13584.830731817916	1200	59.72724729663343	0.0	561791	2678.548157672663	0.75
13591.012955180333	1200	57.545023934217	0.0	709534	6182.22336241643	1.2
13596.91323725905	1200	55.64474185549898	0.0	584846	5900.282078718026	1.2
13603.604015276978	1200	52.953963837572736	0.0	560821	6690.778017926239	1.2
13609.181673560393	1200	51.376305554157184	0.0	607410	5577.658283415557	1.2
13612.537761042342	750	52.02021807220883	0.0	405134	3356.087481948351	0.3
13615.383493796196	750	53.174485318354634	0.0	386351	2845.7327538541954	0.75
13619.07788516939	750	53.48009394515965	0.0	434409	3694.3913731949865	0.75
13621.982933002448	750	54.575046112101624	0.0	337059	2905.047833058022	0.75
13624.628908588571	750	55.92907052597829	0.0	366214	2645.9755861233375	0.75
13627.753355912708	750	56.80462320184257	0.0	360831	3124.4473241357236	0.75
13630.484126299765	750	58.07385281478517	0.0	372963	2730.7703870573973	0.75
13638.435063768253	750	54.12291534629809	0.0	405596	7950.937468487079	0.75
13655.364631922306	750	41.19334719224366	0.0	350713	16929.568154054432	0.75
13664.001418154192	300	36.55656096035844	0.0	157671	8636.786231885219	-0.15000000000000002
13672.117753354272	300	32.44022576027747	0.0	157812	8116.33520008097	0.3
13679.712177191263	300	28.845801923285478	0.0	163927	7594.423836991989	0.3
13685.75681379073	300	26.801165323818815	0.0	137654	6044.636599466661	0.3
13691.292345414464	300	25.26563370008531	0.0	146754	5535.531623733505	0.3
13696.753646282841	300	23.80433283170819	0.0	153938	5461.30086837712	0.3
13705.126636688641	300	19.43134242590875	0.0	181901	8372.99040579944	0.3
13706.908499835336	300	21.649479279214663	0.0	111155	1781.8631466940876	0.3
13714.579632996603	300	17.978346117945204	0.0	153605	7671.133161269459	0.3
13720.54391727741	300	16.01406183713985	0.0	149029	5964.284280805353	0.3
13727.260911315947	300	13.297067798600747	0.0	157421	6716.994038539102	0.3
13735.722923693973	300	8.835055420575308	0.0	157488	8462.012378025438	0.3
13741.441704856918	300	7.116274257631627	0.0	143881	5718.781162943682	0.3
13752.271497202204	300	4.0	3.713518087656279	163444	10829.792345287906	-15.668127776921999
13760.72521248734	300	4.0	4.453715285136206	179328	8453.715285136206	-18.850975726085686
13769.3633929987	300	4.0	4.6381805113605585	159914	8638.180511360559	-19.6441761988504
13776.504949948141	300	4.0	3.1415569494408864	131610	7141.5569494408865	-13.20869488259581
13782.684703558465	300	4.0	2.1797536103243083	124011	6179.753610324308	-9.072940524394525

