128446.03085566938	750	4.0	3.4980688891167078	450283	3498.068889116708	-14.291696223201843
128446.97748236964	300	7.053373299748757	0.0	155580	946.6267002512437	-0.15000000000000002
128447.91368418178	300	10.117171487594938	0.0	139857	936.2018121538183	0.3
128448.98722669843	300	13.043628970939066	0.0	155432	1073.542516655872	0.3
128449.82128582646	300	16.209569842912902	0.0	163442	834.0591280261629	0.3
128450.41987938405	300	19.610976285326778	0.0	126289	598.5935575861239	0.3
128451.122121502	300	22.90873416736106	0.0	153295	702.2421179657164	0.3
128451.87242617508	300	26.15842949429552	0.0	173849	750.304673065545	0.3
128452.47249779059	300	29.558357878778164	0.0	150710	600.071615517354	0.3
128453.8288446794	750	32.2020109899676	0.0	362795	1356.3468888105685	0.3
128455.16465357205	750	34.86620209731864	0.0	353220	1335.808892648953	0.75
128456.71863689066	750	37.312218778719206	0.0	405134	1553.983318599438	0.75
128458.26476349353	750	39.7660921758519	0.0	386351	1546.126602867308	0.75
128460.07051008262	750	41.96034558675032	0.0	434409	1805.7465891015825	0.75
128461.64467400247	750	44.3861816669004	0.0	337059	1574.1639198499252	0.75
128462.86757242677	750	47.163283242606056	0.0	366214	1222.8984242943397	0.75
128464.93520637989	1200	49.095649289478146	0.0	617242	2067.6339531279073	0.75
128466.9153321675	1200	51.11552350188044	0.0	581493	1980.1257875977117	1.2
128469.43862173174	1200	52.59223393762512	0.0	639204	2523.289564255318	1.2
128471.80846816399	1200	54.22238750538071	0.0	586839	2369.846432244414	1.2
128473.50338992312	1200	56.52746574623807	0.0	601738	1694.9217591426325	1.2
128475.5961429169	1200	58.434712752454935	0.0	616206	2092.7529937831323	1.2
128477.41864283563	1200	59.83964086142133	0.0	656471	1595.0718910336066	1.2
128479.21914853838	1200	59.5031020238918	0.0	536667	1336.5388375295304	1.2
128482.42102180397	1850	59.58864882371157	0.0	897976	2914.453200180232	1.2000000000000002
128486.12219607136	1850	59.83277172271532	0.0	905935	2755.877100996251	1.85
128490.22026176772	1850	59.68588745772934	0.0	1076599	3146.884264985969	1.85
128492.53379818406	1850	59.89870996525688	0.0	758197	1787.1774924724682	1.85
128495.83742131169	1850	59.70107786336703	0.0	972798	2697.6321018898448	1.85
128499.37142377692	1850	59.682072143632176	0.0	975811	3019.0057197348583	1.85
128501.57187552565	1850	59.98934464200623	0.0	873429	2192.727501625945	1.85
128504.82340285502	1850	59.75744310087513	0.0	954453	3231.901541131108	1.85
128508.51675639988	1850	59.59557922257235	0.0	885062	3661.8638783027764	1.85
128511.5549361736	1850	59.972234168988436	0.0	1035329	2623.3450535839165	1.85
128514.82667257155	1850	59.73778333007296	0.0	1026056	2734.4508389154767	1.85
128518.04235362244	1850	59.58908558414947	0.0	943942	2648.697745923486	1.85
128520.32263321872	1850	59.85293743849003	0.0	728962	2236.1481456594443	1.85
128524.95350794302	1850	59.22206271418587	0.0	938587	4630.874724304168	1.85
128527.194086276	1850	59.53827663516364	0.0	908665	2183.7860790222235	1.85
128530.39118996247	1850	59.89812091890309	0.0	930577	2640.155716260544	1.85
128533.91950369901	1850	59.58243803572649	0.0	858450	2815.6828831766	1.85
128536.29489950926	1850	59.950555557293846	0.0	1025005	2131.8824784326416	1.85
128538.9557430444	1850	59.892890455642345	0.0	886255	2557.6651016515	1.85
128541.21407815097	1850	59.71781211909046	0.0	973972	2175.0783365518814	1.85
128544.96186584428	2850	59.75254665744615	0.0	1464921	2965.265461644312	1.85
128549.07228660255	2850	59.642125899187086	0.0	1483527	4110.420758259066	2.85
128554.60744842154	4300	58.10696408018741	0.0	1961140	5535.161818999671	2.8499999999999996
128560.01097647611	4300	56.70343602560164	0.0	2155012	5403.528054585771	4.3
128561.27303227632	750	59.44138022539775	0.0	450283	1262.0558002038877	0.75
128563.41541623152	1200	59.7410325796552	0.0	611087	1700.3476457425472	0.75
128565.65317058508	1200	59.8691735576096	0.0	571051	1871.8590220456015	1.2
128567.76367717348	1200	59.93186792916309	0.0	617681	1937.3056284465029	1.2
128570.50350677832	1850	59.77855360672075	0.0	996749	2653.314322442342	1.2000000000000002
128572.73761634513	1850	59.579756464517196	0.0	801058	2198.797142203552	1.85
128575.63482746623	1850	59.788307116257826	0.0	905515	2291.4493482593703	1.85
128578.52490161297	1850	59.7966509293168	0.0	1060487	2491.656186941028	1.85
128582.44511813982	1850	59.87643440247214	0.0	852833	3920.216526844653	1.85
128586.84508352213	1850	59.47646902017167	0.0	913888	4399.965382300469	1.85
128591.15073724871	1850	59.17081529358899	0.0	939819	4305.653726582687	1.85
128594.4814614816	1850	59.84009106069473	0.0	917428	2830.7242328942602	1.85
128598.5203684594	1850	59.80118408289896	0.0	946851	4038.906977795762	1.85
128607.13527623884	1850	55.186276303457895	0.0	1036454	8614.907779441073	1.85
128609.48959080297	1200	56.831961739329095	0.0	526950	2354.314564128802	0.5499999999999999
128611.78716633398	1200	58.53438620832968	0.0	587876	2297.575530999421	1.2
128614.91814726226	1200	59.4034052800428	0.0	617242	3130.9809282868805	1.2
128620.46705601562	1200	57.854496526681935	0.0	581493	5548.908753360864	1.2
128623.26356363573	1200	59.05798890656541	0.0	639204	2796.507620116522	1.2
128626.2159759965	1200	59.59882271746142	0.0	586839	2459.166189104	1.2
128628.65725853821	1200	59.7803045324251	0.0	601738	2318.518185036313	1.2
128632.09492528651	1200	59.81285333661836	0.0	616206	2467.451195806739	1.2
128636.00096572208	1200	59.53494089508295	0.0	656471	3777.912441535415	1.2
128640.20284858477	1200	59.333058032389125	0.0	536667	4201.882862693822	1.2
128643.97489103016	1200	59.56101558700404	0.0	587236	3272.0424453850887	1.2
128648.08299965922	1200	59.452906957945075	0.0	590335	4108.108629058964	1.2
128652.23829543052	1200	59.29761118664463	0.0	696376	4155.2957713004425	1.2
128655.15492655066	1200	59.6565244778105	0.0	487160	2641.0867088341306	1.2
128659.11778397288	1200	59.693667055596215	0.0	622896	3962.8574222142875	1.2
128667.41756896405	1200	55.393882064423885	0.0	641447	8299.78499117232	1.2
128672.92872102809	1200	53.88273000038159	0.0	570392	5511.152064042295	1.2
128679.86581264506	1200	50.94563838340799	0.0	620283	6937.0916169736	1.2
128684.18509914214	750	50.62635188633946	0.0	369834	4319.286497068537	0.3
128686.93483255312	750	51.876618475348614	0.0	412837	2749.7334109908434	0.75
128689.0816287498	750	53.72982227865723	0.0	401088	2146.796196691386	0.75
128690.82644664428	750	55.98500438418962	0.0	365161	1744.8178944676051	0.75
128692.35923388784	750	58.452217140635675	0.0	321064	1532.787243553954	0.75
128695.06278872184	750	59.74866230662103	0.0	361565	2703.5548340146443	0.75
128696.96149346798	750	59.65501322479677	0.0	378327	1593.649081824257	0.75
128702.06698673901	1200	58.54951995377817	0.0	587506	5105.493271018598	0.75
128709.49624268408	1200	55.120264008708624	0.0	566904	7429.255945069549	1.2
128712.70753000992	1200	55.908976682869294	0.0	641452	3211.2873258393315	1.2
128716.27013063	1200	56.34637606279388	0.0	599477	3562.600620075415	1.2
128719.3918634628	1200	57.22464322999316	0.0	634861	3121.7328328007184	1.2
128723.01990011576	1200	57.596606577043836	0.0	630203	3628.036652949329	1.2
128726.38706952837	1200	58.22943716443624	0.0	638661	3367.1694126075963	1.2
128730.51672117379	2850	58.09978551901397	0.0	1231456	4129.65164542227	1.2000000000000002
128735.91458529132	2850	56.701921401479716	0.0	1364537	5397.864117534249	2.85
128737.81393206316	750	58.80257462965083	0.0	450283	1899.3467718288878	0.75
128741.09749714489	1200	59.519009547922295	0.0	611087	2783.5650817285386	0.75
128744.05085041169	1200	59.998362585123814	0.0	571051	2020.6469627984804	1.2
128747.3978822804	1200	59.58119980275561	0.0	617681	2417.1627823682034	1.2
128749.94514336917	1200	59.8515038015602	0.0	652874	2229.696001195412	1.2
128751.6954667131	1200	59.71562467337419	0.0	520315	1635.879128186014	1.2
128754.52105346262	1200	59.754553406481556	0.0	561791	1961.0712668926276	1.2
128757.62653752214	1200	59.83856911804626	0.0	709534	2415.984288435295	1.2
128760.33993537058	1200	59.50762007935611	0.0	584846	1830.9490386901493	1.2
128762.70345828889	1200	59.67158302508044	0.0	560821	1836.0370542756737	1.2
128765.0350543098	1200	59.934527946644856	0.0	607410	2237.055078435579	1.2
128767.25837246061	1200	59.810139342484426	0.0	594078	2124.38860416043	1.2
128770.10292634123	1200	59.832327175482725	0.0	624282	1977.8121670017063	1.2
128773.46795157134	1200	59.58818541725105	0.0	687371	3244.1417582316726	1.2
128776.19593035748	1200	59.98913776010416	0.0	526950	2099.047657146886	1.2
128779.00972199597	1200	59.58670750536948	0.0	587876	1902.4302547346817	1.2
128781.51139779687	1200	59.93205029679417	0.0	617242	2154.6572085753055	1.2
128783.8713325086	1200	59.869592237092554	0.0	581493	2062.4580597016184	1.2
128793.34118351208	1200	54.39974123361678	0.0	639204	9469.851003475778	1.2
128795.79256364462	1200	55.948361101068265	0.0	586839	2451.38013254851	1.2
128797.77200049024	1200	57.96892425544932	0.0	601738	1979.4368456189395	1.2
128799.91521193623	1200	59.82571280946455	0.0	616206	1643.2114459847774	1.2
128801.84184019046	1200	59.859076722165184	0.0	656471	1466.6360872993591	1.2
128803.72522546227	1200	59.55288016974567	0.0	536667	1306.1965524195111	1.2
128806.19362371317	1850	59.79177540397737	0.0	897976	2261.1047657683043	1.2000000000000002
128809.09268384615	1850	59.896892080066195	0.0	905935	2894.8833239111796	1.85
128812.3193650835	1850	59.984639865910346	0.0	1076599	2412.252214155851	1.85
128815.88199601085	1850	59.50153891384203	0.0	758197	2483.1009520683047	1.85
128821.35039531662	1850	58.03313960808522	0.0	972798	5468.399305756814	1.85
128824.4494596484	1850	58.934075276303055	0.0	975811	3099.0643317821646	1.85
128828.79624712531	1850	58.58728779939074	0.0	873429	4346.7874769123155	1.85
128840.35944949482	1850	51.024085429874724	0.0	954453	11563.202369516017	1.85
128844.49870544723	750	50.88482947747399	0.0	369834	4139.25595240073	-0.3500000000000001
128851.85507325082	750	47.52846167388793	0.0	412837	7356.367803586059	0.75
128859.38655137614	750	43.99698354856321	0.0	401088	7531.47812532473	0.75
128865.56740017676	750	41.816134747937504	0.0	365161	6180.848800625702	0.75
128867.45302288509	300	43.930512039597495	0.0	131610	1885.622708340011	-0.15000000000000002
128871.84776802281	300	43.535766901895535	0.0	124011	4394.745137701963	0.3
128875.72470349472	300	43.65883142997878	0.0	144254	3876.9354719167536	0.3
128878.83789092592	300	44.545643998788904	0.0	149991	3113.1874311898764	0.3
128883.79939283353	300	43.584142091169	0.0	147968	4961.501907619901	0.3
128885.6317207107	300	45.751814213987046	0.0	161857	1832.3278771819562	0.3
128886.8759106265	300	48.507624298199055	0.0	145210	1244.1899157879902	0.3
128888.46425925694	300	50.919275667752565	0.0	172312	1588.3486304464925	0.3
128890.27859053914	300	53.10494438555723	0.0	167025	1814.3312821953396	0.3
128891.86972134715	300	55.51381357754252	0.0	160064	1591.1308080147164	0.3
128895.46146364325	1200	55.922071281435784	0.0	538612	3591.742296106734	0.29999999999999993
128903.17359194663	2850	52.209942978061164	0.0	1364537	7712.128303374625	1.2000000000000002
128905.74507951483	750	53.638455409867554	0.0	450283	2571.4875681936073	0.75
128907.94953903515	750	55.433995889540334	0.0	398865	2204.459520327218	0.75
128909.93311112841	750	57.45042379629474	0.0	350812	1983.5720932455852	0.75
128912.4724047749	750	58.911130149799035	0.0	382355	2539.2936464957083	0.75
128915.80501576501	750	59.578519159692945	0.0	411561	2832.610990106089	0.75
128918.87013925792	750	59.84873227795059	0.0	318564	2229.7868817423478	0.75
128921.23401923264	750	59.51896059617346	0.0	352642	2329.7716817771357	0.75
128925.46877526672	1200	59.284204562088775	0.0	709534	4234.756034084684	0.75
128929.41530236257	1200	59.33767746623008	0.0	584846	3946.5270958586902	1.2
128932.89253018078	1200	59.58675926856825	0.0	560821	3250.91819766183	1.2
128936.63816778977	1200	59.84112165957626	0.0	607410	3745.6376089919913	1.2
128940.7022010776	1200	59.77708837175504	0.0	594078	4064.03328782122	1.2
128944.59930485414	1200	59.87998459521701	0.0	624282	3897.1037765380297	1.2
128949.45842695299	1200	59.020862496368366	0.0	687371	4859.122098848639	1.2
128953.47079615717	1200	59.008493292187694	0.0	526950	4012.3692041806703	1.2
128957.46730506458	1200	59.01198438478738	0.0	587876	3996.508907400315	1.2
128961.81936032111	1200	58.659929128258106	0.0	617242	4352.055256529283	1.2
128964.55000096788	750	59.929288481483795	0.0	372963	2730.640646774308	0.3
128968.70849529743	750	59.77079415191961	0.0	405596	3158.4943295641865	0.75
128972.15999098902	750	59.96268367472813	0.0	350713	2808.110477191473	0.75
128976.10275420039	750	59.710994676243246	0.0	386472	3251.68899848489	0.75
128979.03555050219	750	59.99963363178097	0.0	399894	2711.361044462266	0.75
128982.79771478868	750	59.704769117193216	0.0	401853	2794.864514587757	0.75
128985.82980227163	750	59.6173752616841	0.0	343800	2087.3938555091177	0.75
128987.64583430173	750	59.945206060355105	0.0	359903	1672.1692013289912	0.75
128989.42822827579	750	59.73694048770418	0.0	379700	1708.265572650926	0.75
128993.08954830849	750	59.627844672058956	0.0	425781	3609.0958156452257	0.75
128995.09084385657	750	59.603809006550634	0.0	277716	1024.0356655083224	0.75
128997.82705863935	750	59.67383155645197	0.0	400396	1929.9774500986598	0.75
129001.13914181631	1200	59.80140863429543	0.0	641447	2872.422922156549	0.75
129004.43207576341	1200	59.744771788151894	0.0	570392	3056.6368461435363	1.2
129008.25810908855	1200	59.91873846301621	0.0	620283	3326.0333251356756	1.2
129012.0869159365	1200	59.515500252094796	0.0	584349	2903.2382109214154	1.2
129015.21019209236	1200	59.81114649267348	0.0	670129	2704.3537594213203	1.2
129018.69015914689	1200	59.72562416363107	0.0	690253	3085.522329042413	1.2
129021.93314615996	1200	59.716853019841544	0.0	598727	3008.7711437895223	1.2
129024.75820783047	1200	59.61643011922326	0.0	487812	2600.4229006182845	1.2
129027.40718875329	1200	59.59875904276287	0.0	575591	2517.6710764603818	1.2
129030.87825730063	1200	59.623879692269725	0.0	605884	2474.8793504931505	1.2
129033.81964783465	1200	59.6057790236865	0.0	587506	2018.1006685832194	1.2
129036.18336308221	1200	59.991066332621635	0.0	566904	2114.7126910648676	1.2
129038.78397319684	1200	59.74976255355431	0.0	641452	2241.303779067323	1.2
129041.09567667877	1200	59.57356398036626	0.0	599477	2176.198573188053	1.2
129044.79583803345	1200	59.87340262569689	0.0	634861	3200.16135466936	1.2
129049.60030328932	1850	59.068937369824354	0.0	958994	4804.465255872545	1.2000000000000002
129053.69069993359	1850	58.978540725563995	0.0	982064	4090.3966442603537	1.85
129058.7952372966	2850	57.87400336256071	0.0	1231456	5104.5373630032855	1.85
129070.670428724	2850	49.99881193515623	0.0	1364537	11875.191427404474	2.85
129072.9831051533	750	51.686135505871974	0.0	450283	2312.676429284263	0.75
129075.41085427387	750	53.258386385298245	0.0	398865	2427.7491205737224	0.75
129077.65280111025	750	55.01643954891095	0.0	350812	2241.9468363872975	0.75
129079.71181369398	750	56.95742696518438	0.0	382355	2059.012583726575	0.75
129081.99010167026	750	58.679138988903695	0.0	411561	2278.2879762806856	0.75
129084.54063662724	750	59.88383646052724	0.0	318564	1795.302528376454	0.75
129087.2622385882	750	59.505651694344046	0.0	352642	1878.1847661832014	0.75
129090.91736138993	750	59.53929889085698	0.0	437162	2966.3528034870624	0.75
129094.84090943409	750	59.52590986790997	0.0	374758	3513.389022947013	0.75
129100.91087092613	750	57.45594837586175	0.0	362795	6069.961492048219	0.75
129103.7696075473	750	58.59721175469034	0.0	353220	2858.736621171412	0.75
129106.8063190603	750	59.560500241707835	0.0	405134	3036.7115129825024	0.75
129109.8804304117	750	59.761728889708515	0.0	386351	2798.7713519993176	0.75
129115.61000614794	750	58.03215315346464	0.0	434409	5729.575736243874	0.75
129119.3670138676	750	58.27514543379453	0.0	337059	3757.007719670114	0.75
129123.49913557198	750	58.14302372940779	0.0	366214	4132.121704386738	0.75
129126.3057730047	750	59.3363862966993	0.0	360831	2806.6374327084886	0.75
129129.3704997516	750	59.71636421945784	0.0	372963	2620.0220772414714	0.75
129132.00569060778	750	59.79962112619705	0.0	405596	2416.743093260785	0.75
129134.57769938017	750	59.54734062146343	0.0	350713	2252.280504733631	0.75
129138.18540982295	750	59.93963017868751	0.0	386472	3107.710442775908	0.75
129143.12641269702	750	58.99862730462106	0.0	399894	4941.0028740664475	0.75
129146.55525736434	750	59.56978263730847	0.0	401853	3428.844667312591	0.75
129149.60878799221	750	59.50566044927577	0.0	343800	2564.1221880326952	0.75
129152.75316386022	750	59.748676735193946	0.0	359903	2256.98371408183	0.75
129156.18321844007	750	59.92184552222319	0.0	379700	2826.8312129707633	0.75
129160.51280911775	750	59.592254844551995	0.0	425781	3829.5906776711945	0.75
129163.642328604	750	59.73490212370471	0.0	277716	2857.352720847289	0.75
129174.48494779512	750	52.89228293257923	0.0	400396	10842.619191125475	0.75
129177.97388942594	750	53.403341301772784	0.0	400508	3488.941630806438	0.75
129184.58915750925	750	50.78807321845382	0.0	358218	6615.268083318964	0.75
129185.97893435265	300	53.3982963750566	0.0	157488	1389.7768433972128	-0.15000000000000002
129187.1209222246	300	56.25630850310687	0.0	143881	1141.9878719497362	0.3
129188.59048245003	300	58.78674827766546	0.0	163444	1469.56022544141	0.3
129191.89436374929	750	59.48286697841175	0.0	401088	3303.8812992537046	0.3
129195.05513261659	750	59.95908350011483	0.0	365161	2523.7834782969203	0.75
129198.62895309449	750	59.55616595566552	0.0	321064	2902.917544449309	0.75
129202.15874462629	750	59.816721656497336	0.0	361565	3239.4442991681867	0.75
129205.19507340174	750	59.87823088507404	0.0	378327	2938.490771423296	0.75
129208.91545446767	750	59.50195935413082	0.0	390680	3376.271530943217	0.75
129213.12475214744	750	59.292661674363345	0.0	345516	4209.297679767481	0.75
129216.62530709141	750	59.62908780975316	0.0	384505	2663.5738646101827	0.75
129220.92136584263	750	59.33302905853856	0.0	372093	4296.058751214599	0.75
129224.39368686418	750	59.86070803697714	0.0	438281	3472.3210215614217	0.75
129228.61641293338	750	59.63798196777724	0.0	398987	3222.726069199888	0.75
129232.67084667114	750	59.58354823001213	0.0	393804	3554.433737765117	0.75
129239.16080283113	1850	57.09359207003129	0.0	830730	6489.956159980834	0.75
129252.36900479882	2850	47.88539010234497	0.0	1364537	13208.201967686322	1.85
129255.57233669225	750	48.68205820891575	0.0	450283	3203.331893429226	0.75
129257.89244046103	750	50.36195444013915	0.0	398865	2320.103768776594	0.75
129259.8134739601	750	52.44092094106995	0.0	350812	1921.0334990692031	0.75
129261.8955353686	750	54.358859532556906	0.0	382355	2082.061408513041	0.75
129264.36096193083	750	55.893432970336605	0.0	411561	2465.4265622203	0.75
129266.63363163966	750	57.62076326150407	0.0	318564	2272.6697088325395	0.75
129268.94254607844	750	59.31184882271938	0.0	352642	2308.9144387846895	0.75
129271.79634176516	750	59.51156101255895	0.0	437162	2800.2878101604188	0.75
129278.2020944545	1200	57.10580832323145	0.0	584846	6405.752689327495	0.75
129281.78943089723	750	57.518471880497906	0.0	362795	3587.336442733551	0.3
129288.04680883337	750	55.26109394435311	0.0	353220	6257.377936144796	0.75
129295.05473113297	750	52.25317164476184	0.0	405134	7007.922299591262	0.75
129298.45490628535	750	52.852996492385095	0.0	386351	3400.175152376756	0.75
129302.68724985314	750	52.620652924582515	0.0	434409	4232.343567802578	0.75
129304.99281437269	750	54.315088405047995	0.0	337059	2305.5645195345196	0.75
129308.10190771295	750	55.20599506477857	0.0	366214	3109.093340269431	0.75
129311.34015438906	750	55.96774838865472	0.0	360831	3238.2466761238484	0.75
129314.78806291425	750	56.51983986347	0.0	372963	3447.9085251847214	0.75
129321.84117263962	750	53.46673013810709	0.0	405596	7053.109725362913	0.75
129330.73503403986	750	48.572868737859686	0.0	350713	8893.861400247399	0.75
129334.97320476288	300	48.33469801483375	0.0	157671	4238.170723025944	-0.15000000000000002
129336.89064936253	300	50.41725341519619	0.0	157812	1917.4445996375482	0.3
129338.72068028295	300	52.587222494763466	0.0	163927	1830.0309204327248	0.3
129340.52183130459	300	54.786071473124345	0.0	137654	1801.1510216391277	0.3
129341.89696311853	300	57.41093965917623	0.0	146754	1375.1318139481161	0.3
129343.7890683234	300	59.51883445431224	0.0	153938	1892.1052048639806	0.3
129346.87554339354	300	59.714714136645355	0.0	181901	2804.120317666888	0.3
129348.97075170951	300	59.74378735489437	0.0	111155	1970.9267817509813	0.3
129350.69899290406	300	59.59680752473315	0.0	153605	1646.9798301612211	0.3
129354.58619332146	300	59.61883799822436	0.0	149029	2977.9695265087944	0.3
129356.31415741054	300	59.82397139913795	0.0	157421	1294.8665990863992	0.3
129357.52857707863	300	59.86831031007997	0.0	157488	955.661089057983	0.3
129359.38911947493	300	59.99191840144365	0.0	143881	876.3919086363203	0.3
129360.78175737406	300	59.688174695716405	0.0	163444	1303.7437057272368	0.3
129362.91329155161	300	59.811854703646674	0.0	179328	1376.3199920697268	0.3
129365.61913623672	750	59.61603945382215	0.0	365161	2195.815249824536	0.3
129371.74933531844	750	57.48584037209801	0.0	321064	6130.19908172413	0.75
129377.27207533804	750	55.9631003525025	0.0	361565	5522.740019595509	0.75
129381.69499161883	750	55.540184071705916	0.0	378327	4422.916280796585	0.75
129384.85530995767	750	56.37986573286167	0.0	390680	3160.31833884425	0.75
129388.86733953875	750	56.36783615178798	0.0	345516	4012.0295810736943	0.75
129392.23774023869	750	56.99743545183173	0.0	384505	3370.400699956245	0.75
129397.38748107725	750	55.847694613268494	0.0	372093	5149.740838563228	0.75
129404.37877504023	750	52.856400650299385	0.0	438281	6991.293962969113	0.75
129408.55515372979	750	52.6800219607378	0.0	398987	4176.37868956159	0.75
129412.73152933033	750	52.503646360186984	0.0	393804	4176.375600550809	0.75
129417.11148924695	1200	52.123686443569106	0.0	538612	4379.959916617876	0.75
129422.9058117863	1850	50.329363904211526	0.0	846370	5794.322539357581	1.2000000000000002
129426.37426792257	750	50.86090776795513	0.0	450283	3468.456136256391	0.75
129429.09635142278	750	52.13882426774466	0.0	398865	2722.083500210472	0.75
129431.73835409335	750	53.49682159715363	0.0	350812	2642.002670591037	0.75
129434.27878289888	750	54.95639279164157	0.0	382355	2540.4288055120523	0.75
129436.8537373718	750	56.381438318715745	0.0	411561	2574.9544729258246	0.75
129439.01240497768	750	58.2227707128446	0.0	318564	2158.6676058711478	0.75
129441.3002371556	750	59.934938534917116	0.0	352642	2287.8321779274843	0.75
129444.38261983581	750	59.98381237191409	0.0	437162	2951.126163003023	0.75
129447.0072570117	750	59.90212204256422	0.0	374758	2581.6903293498726	0.75
129449.21883049511	750	59.752808724139115	0.0	362795	2149.3133184251137	0.75
129451.5652777827	750	59.545715162835876	0.0	353220	2207.093561303231	0.75
129454.9826083502	750	59.826726742229106	0.0	405134	2718.9884206067704	0.75
129459.04517448835	1200	59.764160604082186	0.0	624282	4062.5661381469195	0.75
129465.2673082681	1200	57.54202682433173	0.0	687371	6222.133779750463	1.2
129475.67298662933	1200	51.13634846309348	0.0	526950	10405.67836123824	1.2
129481.23334312464	1200	49.575991967789754	0.0	587876	5560.356495303729	1.2
129486.19645714796	1200	48.61287794447467	0.0	617242	4963.11402331509	1.2
129489.059640051	750	49.74969504143882	0.0	372963	2863.1829030358463	0.3
129492.35395582412	750	50.45537926830558	0.0	405596	3294.3157731332367	0.75
129494.88707006442	750	51.922265027996076	0.0	350713	2533.1142403095055	0.75
129498.07508142774	750	52.734253664685504	0.0	386472	3188.011363310571	0.75
129502.08895102167	750	52.720384070751216	0.0	399894	4013.8695939342865	0.75
129505.6752330103	750	53.13410208211761	0.0	401853	3586.2819886336056	0.75
129508.34997348695	750	54.45936160545846	0.0	343800	2674.740476659143	0.75
129511.78557171181	750	55.02376338060755	0.0	359903	3435.5982248509154	0.75
129515.09702282956	750	55.71231226286042	0.0	379700	3311.451117747121	0.75
129520.74458596429	750	54.06474912813004	0.0	425781	5647.563134730384	0.75
129521.67113037208	300	57.138204720344895	0.0	111155	926.5444077851452	-0.15000000000000002
129524.29516545536	300	58.514169637068974	0.0	153605	2624.035083275918	0.3
129526.94961490204	300	59.85972019039165	0.0	149029	2654.4494466773235	0.3
129530.68064394372	300	59.963880018905314	0.0	157421	2895.8401714863367	0.3
129533.16329614453	300	59.97014835361095	0.0	157488	1993.7316652943662	0.3
129535.08663190587	300	59.625940740695356	0.0	143881	1344.2076129155946	0.3
129536.58334261387	300	59.853649460899426	0.0	163444	1272.2912797959314	0.3
129539.83860095474	750	59.78323000457575	0.0	401088	3070.419456323674	0.3
129543.14260334804	750	59.65414825020071	0.0	365161	3129.081754375039	0.75
129546.29974717458	750	59.85753665638613	0.0	321064	2296.6115938145813	0.75
129549.64357757829	750	59.80638757088777	0.0	361565	2551.1490854983563	0.75
129552.91280363036	750	59.63261520397139	0.0	378327	2673.7723669163856	0.75
129556.05888620696	750	59.54230075824436	0.0	390680	2590.314445727033	0.75
129559.32673169706	750	59.836262078633894	0.0	345516	2206.0386796104676	0.75
129562.06649807034	750	59.64178229722989	0.0	384505	2694.479781404004	0.75
129565.19227612256	750	59.785536567064575	0.0	372093	2356.2457301653126	0.75
129568.50167561561	750	59.71660298156479	0.0	438281	2568.933585499784	0.75
129573.85476422658	1200	58.363514370601244	0.0	630203	5353.088610963546	0.75
129578.33316795097	1200	57.88511064619192	0.0	638661	4478.403724409329	1.2
129583.95865055335	1850	56.259628043821316	0.0	830730	5625.482602370602	1.2000000000000002
129591.65531200563	2850	52.562966591524834	0.0	1364537	7696.661452296479	1.85
129593.63181175082	750	54.586466846355115	0.0	450283	1976.4997451697195	0.75
129595.55983584764	750	56.658442749516986	0.0	398865	1928.0240968381265	0.75
129597.34331683682	750	58.87496176034222	0.0	350812	1783.480989174774	0.75
129599.31160460903	750	59.581371438621666	0.0	382355	1793.5903217205462	0.75
129602.94626784258	1200	59.94670820507763	0.0	652874	3134.6632335440363	0.75
129606.05786075897	1200	59.94009208890394	0.0	520315	2506.616116173692	1.2
129609.1673713912	1200	59.788325172899484	0.0	561791	2651.7669160044625	1.2
129612.99655325682	1200	59.79810609820524	0.0	709534	3490.219074694243	1.2
129623.20016952623	1200	53.59448982877805	0.0	584846	10203.61626942718	1.2
129629.19087044704	1200	51.60378890797442	0.0	560821	5990.700920803635	1.2
129633.5122991402	1200	51.282360214808286	0.0	607410	4321.428693166134	1.2
129637.35200770109	1200	51.44265165392554	0.0	594078	3839.708560882744	1.2
129639.75186575993	750	53.042793595092895	0.0	386351	2399.858058832647	0.3
129642.30254374997	750	54.4921156050476	0.0	434409	2550.677990045293	0.75
129644.32965528783	750	56.465004067181745	0.0	337059	2027.1115378658528	0.75
129646.7440363306	750	58.05062302441686	0.0	366214	2414.381042764891	0.75
129649.10685633366	750	59.687803021356515	0.0	360831	2362.8200030603407	0.75
129651.84523337298	750	59.58724743557485	0.0	372963	2100.5555857816626	0.75
129654.18945358205	750	59.91404805781892	0.0	405596	2173.1993777559323	0.75
129657.16832929905	750	59.66012061496935	0.0	350713	1753.9274428495617	0.75
129659.53877317646	750	59.657372813335634	0.0	386472	1502.747801633722	0.75
129663.30435534609	750	59.89179064371315	0.0	399894	3765.5821696224784	0.75
129666.10790346231	750	59.52665570830047	0.0	401853	1865.1349354126842	0.75
129668.8788769908	750	59.67537553446685	0.0	343800	1851.2801738336132	0.75
129671.85672894838	750	59.59579623299947	0.0	359903	2079.579301467386	0.75
129674.78751991983	750	59.52503707533255	0.0	379700	2070.7591576669206	0.75
129677.5672642693	750	59.764680807487245	0.0	425781	2260.3562678453004	0.75
129679.29918723334	750	59.773413366277794	0.0	277716	1491.2674412094473	0.75
129682.17831931284	750	59.88917508795398	0.0	400396	1884.2382783238118	0.75
129686.23856958677	1200	59.78149685157586	0.0	641447	3107.6782363781267	0.75
129690.04812979362	1200	59.80200276692581	0.0	570392	3479.494084650043	1.2
129693.25488994675	1200	59.564155751454656	0.0	620283	2737.8470154711545	1.2
129696.37288635346	1200	59.670114116928715	0.0	584349	2894.041634525941	1.2
129700.08109187163	1200	59.622988743942315	0.0	670129	3547.1253729863943	1.2
129703.71877816776	1200	59.98530244780704	0.0	690253	3637.686296135283	1.2
129707.58689871679	1200	59.7796253939544	0.0	598727	3205.6770538526425	1.2
129710.85274141768	1200	59.6234257910906	0.0	487812	2656.199602863804	1.2
129719.43929039841	1200	55.03687681035444	0.0	575591	8586.54898073615	1.2
129735.2175980302	750	43.25856917857934	0.0	378327	15778.307631775095	0.3
129739.42659099036	300	43.04957621841099	0.0	149991	4208.992960168354	-0.15000000000000002
129741.16708274875	300	45.30908446001295	0.0	147968	1740.4917583980398	0.3
129742.5002481811	300	47.97591902767448	0.0	161857	1333.1654323384744	0.3
129743.66552918778	300	50.810638020986964	0.0	145210	1165.2810066875127	0.3
129744.9191243899	300	53.55704281886954	0.0	172312	1253.5952021174296	0.3
129745.9430861332	300	56.5330810755744	0.0	167025	1023.9617432951362	0.3
129749.42841644945	1200	57.04775075932433	0.0	638661	3485.3303162500747	0.29999999999999993
129753.62259580704	1850	56.85357140171733	0.0	830730	4194.179357606997	1.2000000000000002
129761.66559184607	2850	52.810575362678755	0.0	1364537	8042.996039038574	1.85
129763.97115954504	750	54.50500766371867	0.0	450283	2305.5676989600815	0.75
129765.78987714376	750	56.68629006499965	0.0	398865	1818.717598719023	0.75
129767.58697169437	750	58.88919551438263	0.0	350812	1797.0945506170226	0.75
129770.09664463697	750	59.834795730441556	0.0	382355	2054.399783941075	0.75
129772.83275641905	750	59.58937641873894	0.0	411561	2245.419311702616	0.75
129775.46172778384	750	59.95973697153065	0.0	318564	1629.6394472082811	0.75
129778.16757554661	750	59.891979048935895	0.0	352642	2067.757922594765	0.75
129780.91069544958	750	59.96346401754162	0.0	437162	2428.5150313942745	0.75
129784.66240852285	750	59.71990991668683	0.0	374758	3743.554100854791	0.75
129787.0245463473	750	59.99342049068753	0.0	362795	1726.489425999306	0.75
129789.91026404477	750	59.558385841165446	0.0	353220	1935.0346495220788	0.75
129792.97141926894	750	59.94314975306046	0.0	405134	2615.23608810498	0.75
129796.07324514228	750	59.78569638441855	0.0	386351	2657.4533686419118	0.75
129806.57759573507	1200	53.28134579162306	0.0	687371	10504.350592795488	0.75
129813.8612181785	1200	49.997723348207536	0.0	526950	7283.622443415522	1.2
129820.64991405745	1200	47.20902746925482	0.0	587876	6788.695878952719	1.2
129826.03407813478	750	45.824863391935146	0.0	360831	5384.164077319669	0.3
129827.18485510562	300	48.67408642109136	0.0	150616	1150.776970843789	-0.15000000000000002
129828.91890228075	300	50.94003924596419	0.0	165384	1734.0471751271627	0.3
129830.60938358936	300	53.2495579373481	0.0	140881	1690.4813086160968	0.3
129832.69383524657	300	55.165106280141835	0.0	157671	2084.4516572062657	0.3
129835.14295125865	300	56.715990268058455	0.0	157812	2449.116012083379	0.3
129837.30413329716	300	58.5548082295365	0.0	163927	2161.1820385219626	0.3
129838.63854807377	300	59.91873117102496	0.0	137654	1136.0770585115383	0.3
129841.92471163117	750	59.63031825136616	0.0	359903	2288.4129196587933	0.3
129846.61936695034	750	58.935662932195314	0.0	379700	4694.6553191708435	0.75
129854.34527837274	750	55.20975150980376	0.0	425781	7725.911422391551	0.75
129858.6053235059	750	54.949706376639085	0.0	277716	4260.045133164679	0.75
129861.31585218121	750	56.23917770132781	0.0	400396	2710.5286753112737	0.75
129864.13237634847	750	57.42265353407982	0.0	400508	2816.524167247993	0.75
129866.9002200983	750	58.65480978426141	0.0	358218	2767.843749818415	0.75
129869.89949183	750	59.65553805254837	0.0	400322	2999.271731713039	0.75
129875.47215331193	750	58.08287657063426	0.0	369834	5572.66148191411	0.75
129881.14504891989	750	56.4099809626729	0.0	412837	5672.895607961365	0.75
129885.57287845651	750	55.98215142603697	0.0	401088	4427.8295366359225	0.75
129888.06377127586	750	57.49125860668652	0.0	365161	2490.892819350451	0.75
129889.90138571677	750	59.65364416577559	0.0	321064	1837.6144409109324	0.75
129892.41260599803	750	59.80474638681856	0.0	361565	1848.8977789570308	0.75
129894.77035436564	750	59.60203345416542	0.0	378327	1702.7129326531365	0.75
129896.6307560266	750	59.9243503411628	0.0	390680	1677.6831130026267	0.75
129898.42190985684	750	59.56913270001496	0.0	345516	1355.2176411478354	0.75
129901.04941032961	1200	59.57835055817987	0.0	641452	2490.7821418350977	0.75
129904.94722887744	1200	59.64380044973043	0.0	599477	2934.5501084494363	1.2
129907.64039380461	1200	59.72785220583813	0.0	634861	1915.9482438922948	1.2
129910.56176143585	1850	59.85127673186023	0.0	958994	2376.5754739779018	1.2000000000000002
129915.51226291466	2850	58.90077525305779	0.0	1483527	4950.501478802453	1.85
129922.44738866699	4300	55.965649500729235	0.0	1961140	6935.125752328554	2.8499999999999996
129942.9422893101	4300	39.47074885761162	0.0	2155012	20494.90064311762	4.3
129944.80441630237	750	41.60862186533774	0.0	450283	1862.1269922738777	0.75
129946.56158053763	750	43.851457630072105	0.0	398865	1757.164235265638	0.75
129948.13036357718	750	46.282674590539436	0.0	350812	1568.783039532667	0.75
129949.7025875696	750	48.71045059811777	0.0	382355	1572.2239924216708	0.75
129950.94732673475	750	51.46571143296307	0.0	411561	1244.739165154696	0.75
129952.12938880899	1200	54.283649358740725	0.0	520315	1182.0620742223452	0.75
129953.5591925496	1200	56.853845618116985	0.0	561791	1429.8037406237413	1.2
129956.23236631209	1200	58.1806718556344	0.0	709534	2673.1737624825832	1.2
129959.37725023535	1200	59.03578793237512	0.0	584846	3144.883923259282	1.2
129962.30674204379	1200	59.80218250652161	0.0	560821	2233.605425853511	1.2
129966.348271911	1200	59.760652639310024	0.0	607410	4041.529867211593	1.2
129973.22513169225	1200	56.883792858070485	0.0	594078	6876.859781239537	1.2
129979.45948147296	1200	54.64944307735315	0.0	624282	6234.349780717332	1.2
129982.8518597684	750	55.25706478191786	0.0	434409	3392.378295435289	0.3
129986.22545385301	750	55.88347069730731	0.0	337059	3373.59408461055	0.75
129990.52053932963	750	55.58838522068745	0.0	366214	4295.085476619862	0.75
129995.15366820394	750	54.95525634637366	0.0	360831	4633.12887431379	0.75
129999.49058207989	750	54.618342470440595	0.0	372963	4336.913875933064	0.75
130002.73304391441	750	55.375880635914115	0.0	405596	3242.461834526473	0.75
130004.7407072703	750	57.36821728000857	0.0	350713	2007.6633559055376	0.75
130007.07996417557	750	59.028960374744734	0.0	386472	2339.256905263843	0.75
130009.49490079396	750	59.67554632273836	0.0	399894	2353.4140520063697	0.75
130012.71280574538	750	59.98685513020997	0.0	401853	2688.6911925284035	0.75
130014.5899091883	750	59.93291028820148	0.0	343800	1553.9448420084875	0.75
130017.00337652113	750	59.78775592225089	0.0	359903	2145.1543659505905	0.75
130020.32938574479	750	59.74840779385789	0.0	379700	2539.3481283929937	0.75
130023.28921343091	750	59.84232449841607	0.0	425781	2406.0832954418224	0.75
130025.06433879094	750	59.89363401375521	0.0	277716	1448.690484660863	0.75
130027.75519141735	750	59.65392513823313	0.0	400396	2239.7088755220816	0.75
130029.9644488415	750	59.969868301596655	0.0	400508	2184.0568366364737	0.75
130033.18746230227	750	59.991461864980124	0.0	358218	2478.4064366165226	0.75
130040.55063851533	750	56.62828565193138	0.0	400322	7363.1762130487505	0.75
130050.93031449236	750	50.24860967489905	0.0	369834	10379.67597703233	0.75
130058.6396484776	750	46.53927568965306	0.0	412837	7709.3339852459885	0.75

