143424.83044632382	750	4.0	2.498490134264002	450283	2498.490134264002	-9.993507577335208
143427.57521825674	750	5.255228067068664	0.0	398865	2744.771932931336	0.75
143429.80879732422	750	7.021648999612875	0.0	350812	2233.5790674557893	0.75
143432.1123583073	750	8.718088016528837	0.0	382355	2303.5609830840394	0.75
143434.8047170215	750	10.025729302324985	0.0	411561	2692.3587142038527	0.75
143436.86767281633	750	11.962773507490708	0.0	318564	2062.955794834278	0.75
143438.9760379372	750	13.854408386637868	0.0	352642	2108.365120852839	0.75
143442.30465927877	750	14.525787045047448	0.0	437162	3328.621341590421	0.75
143444.56313215478	750	16.26731416903596	0.0	374758	2258.472876011487	0.75
143446.8815502439	750	17.948896079903264	0.0	362795	2318.4180891326955	0.75
143449.0151956222	750	19.815250701607322	0.0	353220	2133.6453782959443	0.75
143452.19128212656	1200	20.63916419725576	0.0	594078	3176.086504351563	0.75
143455.46218519754	1200	21.368261126260116	0.0	624282	3270.9030709956432	1.2
143459.35921191465	1200	21.471234409129472	0.0	687371	3897.026717130644	1.2
143462.4997099976	1200	22.330736326208022	0.0	526950	3140.4980829214524	1.2
143466.1170064299	1200	22.713439893892087	0.0	587876	3617.296432315934	1.2
143469.90156798525	1200	22.928878338554295	0.0	617242	3784.5615553377916	1.2
143473.25278118573	1200	23.57766513806786	0.0	581493	3351.2132004864366	1.2
143477.76929557842	1200	23.061150745374913	0.0	639204	4516.514392692943	1.2
143481.44465963056	1200	23.385786693227573	0.0	586839	3675.3640521473435	1.2
143484.7767809233	1200	24.05366540047592	0.0	601738	3332.121292751651	1.2
143487.99908191734	1200	24.831364406429756	0.0	616206	3222.3009940461675	1.2
143491.83201738578	1200	24.998428938008445	0.0	656471	3832.9354684213113	1.2
143495.3451729137	1200	25.485273410076843	0.0	536667	3513.1555279316017	1.2
143499.6567848801	1200	25.173661443671428	0.0	587236	4311.611966405416	1.2
143506.5161055358	1200	22.314340788005307	0.0	590335	6859.320655666123	1.2
143512.8157212013	1200	20.01472512248293	0.0	696376	6299.615665522375	1.2
143516.57532387858	1200	20.255122445207622	0.0	487160	3759.602677275308	1.2
143519.14096191598	750	21.68948440783793	0.0	400396	2565.6380373696875	0.3
143521.98695051443	750	22.84349580937544	0.0	400508	2845.9885984624934	0.75
143524.51994856118	750	24.310497762629797	0.0	358218	2532.998046745639	0.75
143527.31175862547	750	25.518687698333707	0.0	400322	2791.8100642960912	0.75
143529.97916742865	750	26.85127889517288	0.0	369834	2667.408803160825	0.75
143537.89741588064	1200	22.933030443170818	0.0	670129	7918.248452002062	0.75
143542.3781404835	1200	22.452305840311006	0.0	690253	4480.724602859812	1.2
143546.29465206547	1200	22.53579425835429	0.0	598727	3916.5115819567163	1.2
143549.75220357504	1200	23.078242748756225	0.0	487812	3457.551509598068	1.2
143553.343587022	1200	23.486859301797367	0.0	575591	3591.3834469588583	1.2
143557.3314223188	1200	23.499024005017223	0.0	605884	3987.835296780145	1.2
143561.22705884886	1200	23.60338747495313	0.0	587506	3895.6365300640887	1.2
143565.0393625742	1200	23.79108374963447	0.0	566904	3812.303725318659	1.2
143569.27895610416	1200	23.55149021965528	0.0	641452	4239.593529979193	1.2
143574.40958339866	1200	22.42086292515807	0.0	599477	5130.6272944972125	1.2
143579.2990671597	1200	21.5313791641048	0.0	634861	4889.4837610532695	1.2
143584.3386004833	1200	20.491845840523318	0.0	630203	5039.533323581479	1.2
143588.70700745884	1200	20.123438864984585	0.0	638661	4368.40697553873	1.2
143594.3060953515	1850	18.52435097234381	0.0	830730	5599.087892640774	1.2000000000000002
143607.0765035104	2850	9.753942813411667	0.0	1364537	12770.408158932143	1.85
143612.43110680772	750	8.399339516129036	0.0	450283	5354.6032972826315	0.75
143617.4432324363	750	7.387213887536903	0.0	398865	5012.125628592133	0.75
143620.27515094937	750	8.55529537447823	0.0	350812	2831.9185130586725	0.75
143623.76414402158	750	9.06630230225847	0.0	382355	3488.993072219761	0.75
143626.45835091572	750	10.372095408102732	0.0	411561	2694.2068941557377	0.75
143628.70896548577	750	12.121480838050884	0.0	318564	2250.6145700518487	0.75
143635.0190054788	750	9.811440845032113	0.0	352642	6310.0399930187705	0.75
143638.7936936418	750	10.036752682023282	0.0	437162	3774.6881630088324	0.75
143641.65922888092	750	11.171217442910686	0.0	374758	2865.535239112594	0.75
143643.98236699688	750	12.848079326923635	0.0	362795	2323.138115987053	0.75
143646.38775301393	750	14.442693309881786	0.0	353220	2405.3860170418475	0.75
143649.57911121738	750	15.251335106434233	0.0	405134	3191.3582034475526	0.75
143652.0502737959	750	16.780172527911976	0.0	386351	2471.162578522258	0.75
143655.48223553016	750	17.348210793644164	0.0	434409	3431.9617342678102	0.75
143658.19467537221	750	18.635770951609373	0.0	337059	2712.43984203479	0.75
143660.7103876197	750	20.120058704120435	0.0	366214	2515.7122474889397	0.75
143663.9201715264	750	20.910274797414697	0.0	360831	3209.783906705737	0.75
143668.64141658694	750	20.189029736894742	0.0	372963	4721.245060519957	0.75
143674.50591612936	750	18.324530194482108	0.0	405596	5864.499542412636	0.75
143680.3312176344	750	16.499228689409232	0.0	350713	5825.3015050728745	0.75
143683.53624443323	750	17.294201890584077	0.0	386472	3205.026798825154	0.75
143688.19634723073	750	16.634099093074973	0.0	399894	4660.102797509105	0.75
143692.6427128811	750	16.18773344270876	0.0	401853	4446.365650366215	0.75
143699.18526376726	750	13.64518255655998	0.0	343800	6542.550886148776	0.75
143703.8635961367	750	12.96685018709446	0.0	359903	4678.332369465522	0.75
143706.84911237608	750	13.981333947740652	0.0	379700	2985.5162393538085	0.75
143711.91781197456	750	12.912634349254464	0.0	425781	5068.699598486188	0.75
143717.50252073124	750	11.327925592574164	0.0	277716	5584.708756680301	0.75
143719.3184503451	300	13.511995978724293	0.0	153605	1815.9296138498696	-0.15000000000000002
143720.55591178278	300	16.274534541037855	0.0	149029	1237.4614376864401	0.3
143722.028273847	300	18.80217247678538	0.0	157421	1472.362064252472	0.3
143723.56527834293	300	21.265167980864874	0.0	157488	1537.0044959205081	0.3
143724.8704312381	300	23.960015085707706	0.0	143881	1305.1528951571663	0.3
143729.27458797855	750	23.555858345241873	0.0	412837	4404.156740465834	0.3
143732.37560806103	750	24.45483826274378	0.0	401088	3101.0200824980893	0.75
143734.78495663125	750	26.045489692535728	0.0	365161	2409.348570208054	0.75
143736.77698770567	750	28.05345861810683	0.0	321064	1992.0310744288977	0.75
143738.94194092188	750	29.8885054018989	0.0	361565	2164.9532162079295	0.75
143742.58541130676	1200	30.245035017004454	0.0	605884	3643.470384894445	0.75
143746.58944956888	1200	30.24099675486701	0.0	587506	4004.038262137446	1.2
143749.9414800142	1200	30.888966309549293	0.0	566904	3352.030445317716	1.2
143753.755622865	1200	31.07482345875139	0.0	641452	3814.1428507979026	1.2
143758.01321210316	1200	30.817234220597797	0.0	599477	4257.589238153593	1.2
143761.46166694435	1200	31.368779379406334	0.0	634861	3448.4548411914643	1.2
143768.21647270233	1850	28.613973621423746	0.0	958994	6754.805757982588	1.2000000000000002
143773.72130757908	1850	27.10913874466379	0.0	982064	5504.834876759952	1.85
143780.61249940537	2850	24.217946918368188	0.0	1231456	6891.191826295606	1.85
143788.7259993862	2850	20.10444693753235	0.0	1364537	8113.499980835834	2.85
143793.49090173398	750	19.339544589737685	0.0	450283	4764.902347794667	0.75
143797.37333754628	750	19.457108777441615	0.0	398865	3882.4358122960684	0.75
143800.71511775852	750	20.115328565209136	0.0	350812	3341.7802122324792	0.75
143804.25529650727	750	20.575149816458172	0.0	382355	3540.178748750965	0.75
143807.90674946381	750	20.923696859910404	0.0	411561	3651.452956547768	0.75
143810.8720284302	750	21.958417893549854	0.0	318564	2965.2789663605504	0.75
143813.6802004169	750	23.15024590686338	0.0	352642	2808.1719866864723	0.75
143816.33002477736	750	24.50042154641333	0.0	437162	2649.824360450049	0.75
143818.67999791604	750	26.15044840773488	0.0	374758	2349.973138678447	0.75
143820.73071140537	750	28.099734918411027	0.0	362795	2050.7134893238563	0.75
143824.60135627768	1200	28.22909004609366	0.0	607410	3870.644872317366	0.75
143828.07183609836	1200	28.758610225408933	0.0	594078	3470.4798206847277	1.2
143831.99478813252	1200	28.83565819126876	0.0	624282	3922.9520341401762	1.2
143836.85367558256	1200	27.976770741222758	0.0	687371	4858.8874500460015	1.2
143840.58772534557	1200	28.24272097821269	0.0	526950	3734.0497630100654	1.2
143845.89442734112	1200	26.93601898269246	0.0	587876	5306.701995520235	1.2
143853.02608734506	1200	23.804358978739216	0.0	617242	7131.660003953241	1.2
143869.8889374617	1200	10.941508862090952	0.0	581493	16862.850116648264	1.2
143879.34189933134	750	5.488546992456566	0.0	405596	9452.961869634386	0.3
143881.31554140424	300	7.51490491954121	0.0	140881	1973.6420729153563	-0.15000000000000002
143884.29188745288	300	8.538558870914517	0.0	157671	2976.346048626692	0.3
143886.37256635234	300	10.457879971461342	0.0	157812	2080.678899453177	0.3
143888.26226654043	300	12.568179783364785	0.0	163927	1889.7001880965556	0.3
143889.959788608	300	14.87065771583209	0.0	137654	1697.522067532695	0.3
143891.75306493026	300	17.077381393564856	0.0	146754	1793.276322267231	0.3
143893.50743104945	300	19.323015274370633	0.0	153938	1754.3661191942258	0.3
143895.92123000685	300	20.909216317002855	0.0	181901	2413.7989573677764	0.3
143897.2416902576	300	23.588756066265063	0.0	111155	1320.4602507377947	0.3
143899.2890216603	300	25.54142466354672	0.0	153605	2047.331402718339	0.3
143901.22712364414	300	27.603322679695207	0.0	149029	1938.1019838515135	0.3
143904.34807048278	300	28.48237584103632	0.0	157421	3120.9468386588874	0.3
143908.1385053301	300	28.69194099369913	0.0	157488	3790.4348473371874	0.3
143910.07951821663	300	30.750928107172204	0.0	143881	1941.0128865269296	0.3
143914.70926142196	750	30.121184901861042	0.0	412837	4629.7432053111625	0.3
143925.32493528858	750	23.50551103522178	0.0	401088	10615.673866639263	0.75
143933.0713748276	750	19.759071496198334	0.0	365161	7746.439539023441	0.75
143935.14818613598	300	21.68226018781199	0.0	131610	2076.811308386348	-0.15000000000000002
143936.80091123216	300	24.029535091614804	0.0	124011	1652.7250961971827	0.3
143939.0940884728	300	25.736357850977875	0.0	144254	2293.17724063693	0.3
143941.52479448405	300	27.305651839738577	0.0	149991	2430.7060112392987	0.3
143943.5530539837	300	29.277392340091055	0.0	147968	2028.2594996475248	0.3
143946.36966875268	300	30.4607775711214	0.0	161857	2816.614768969653	0.3
143948.88647225866	300	31.94397406514568	0.0	145210	2516.803505975719	0.3
143951.3839880876	300	33.446458236194665	0.0	172312	2497.515828951016	0.3
143956.0263766175	750	32.80406970629258	0.0	398987	4642.388529902084	0.3
143960.12609897333	750	32.70434735045831	0.0	393804	4099.722355834265	0.75
143965.4383717742	1200	31.392074549582183	0.0	538612	5312.272800876131	0.75
143978.11420296287	2850	22.716243360904613	0.0	1364537	12675.831188677572	1.2000000000000002
143981.40312869684	750	23.427317626937548	0.0	450283	3288.9257339670667	0.75
143983.94274012122	750	24.887706202551353	0.0	398865	2539.611424386197	0.75
143987.55334884216	750	25.277097481582285	0.0	350812	3610.608720969066	0.75
143991.73625414103	750	25.094192182733064	0.0	382355	4182.905298849221	0.75
143997.31002355646	750	23.520422767294892	0.0	411561	5573.769415438173	0.75
144001.22423701026	750	23.60620931348559	0.0	318564	3914.213453809302	0.75
144003.56086925516	750	25.269577068593136	0.0	352642	2336.6322448924543	0.75
144006.25062943096	750	26.579816892799993	0.0	437162	2689.7601757931407	0.75
144010.23409445427	750	26.596351869484405	0.0	374758	3983.4650233155894	0.75
144014.0749341623	750	26.75551216146087	0.0	362795	3840.8397080235354	0.75
144017.31636076065	750	27.51408556308551	0.0	353220	3241.426598375364	0.75
144020.77071105523	750	28.0597352685173	0.0	405134	3454.35029456821	0.75
144024.37058986732	750	28.459856456410034	0.0	386351	3599.878812107264	0.75
144028.60046221974	750	28.229984103983814	0.0	434409	4229.872352426221	0.75
144031.84650497738	750	28.983941346363615	0.0	337059	3246.0427576201964	0.75
144035.09508133354	750	29.735364990181594	0.0	366214	3248.57635618202	0.75
144038.43184357212	750	30.398602751605015	0.0	360831	3336.7622385765776	0.75
144041.2077237769	750	31.622722546805733	0.0	372963	2775.8802047992845	0.75
144044.5320966592	750	32.298349664486764	0.0	405596	3324.3728823189704	0.75
144047.3828837239	750	33.447562599792704	0.0	350713	2850.7870646940582	0.75
144051.15308418975	750	33.67736213395746	0.0	386472	3770.200465835247	0.75
144054.62316444266	750	34.20728188102716	0.0	399894	3470.0802529303032	0.75
144062.75869067042	1200	30.07175565324123	0.0	656471	8135.526227785926	0.75
144081.68773786575	1200	15.142708457924288	0.0	536667	18929.047195316944	1.2
144088.15863355598	750	12.671812767702155	0.0	359903	6470.895690222133	0.3
144089.66151585433	300	15.168930469347684	0.0	153938	1502.8822983544703	-0.15000000000000002
144092.00522530504	300	16.825221018618148	0.0	181901	2343.709450729537	0.3
144093.6645529687	300	19.165893354998246	0.0	111155	1659.3276636199018	0.3
144096.44177732506	300	20.388668998622567	0.0	153605	2777.224356375679	0.3
144099.55296248256	300	21.277483841125257	0.0	149029	3111.1851574973102	0.3
144106.5262228171	300	18.30422350659461	0.0	157421	6973.260334530645	0.3
144108.8109986599	300	20.019447663787506	0.0	157488	2284.775842807106	0.3
144110.69879111022	300	22.131655213467656	0.0	143881	1887.792450319849	0.3
144112.6331209161	300	24.19732540757084	0.0	163444	1934.329805896817	0.3
144114.69086906532	300	26.13957725838325	0.0	179328	2057.748149187587	0.3
144116.5280600752	300	28.30238624849148	0.0	159914	1837.1910098917706	0.3
144119.5794047785	300	29.25104154521614	0.0	131610	3051.34470327534	0.3
144121.6207113362	300	31.209734987506355	0.0	124011	2041.3065577097825	0.3
144126.2290830368	300	30.60136328688649	0.0	144254	4608.371700619868	0.3
144129.82853971515	750	31.00190660854879	0.0	390680	3599.4566783376986	0.3
144132.5794952277	750	32.25095109598117	0.0	345516	2750.955512567621	0.75
144136.27483878576	750	32.55560753791475	0.0	384505	3695.3435580664163	0.75
144139.03321159683	750	33.7972347268293	0.0	372093	2758.3728110854527	0.75
144143.1581649276	750	33.672281396080365	0.0	438281	4124.953330748942	0.75
144148.98764933815	1200	31.842796985512287	0.0	630203	5829.484410568076	0.75
144157.3026573584	1850	27.527788965272453	0.0	982064	8315.008020239835	1.2000000000000002
144165.39022627764	1850	23.44022004604373	0.0	830730	8087.568919228723	1.85
144179.47910387817	2850	13.351342445529069	0.0	1364537	14088.877600514663	1.85
144183.77729634746	750	13.053149976238808	0.0	450283	4298.192469290259	0.75
144187.5290064249	750	13.30143989879233	0.0	398865	3751.7100774464775	0.75
144192.0572271617	750	12.773219161995518	0.0	350812	4528.220736796812	0.75
144197.1181197789	750	11.71232654480053	0.0	382355	5060.892617194989	0.75
144203.49030979554	750	9.340136528178947	0.0	411561	6372.190016621583	0.75
144207.65753984306	750	9.172906480649832	0.0	318564	4167.230047529117	0.75
144209.56601455848	300	11.264431765213422	0.0	153295	1908.4747154364109	-0.15000000000000002
144211.64025585054	300	13.190190473170077	0.0	173849	2074.2412920433453	0.3
144212.99084650184	300	15.839599821868797	0.0	150710	1350.590651301279	0.3
144215.4541683622	300	17.376277961499493	0.0	139105	2463.3218603693044	0.3
144217.4877880093	300	19.342658314381218	0.0	141840	2033.6196471182761	0.3
144219.94885641345	300	20.88158991024886	0.0	156148	2461.0684041323593	0.3
144222.60517259786	300	22.22527372586185	0.0	160746	2656.316184387009	0.3
144224.87305384525	300	23.957392478451982	0.0	179801	2267.881247409866	0.3
144226.12107165463	300	26.709374669072144	0.0	140051	1248.0178093798386	0.3
144227.5100827991	300	29.320363524613356	0.0	138313	1389.0111444587874	0.3
144229.55521934188	300	31.27522698185477	0.0	143509	2045.1365427585858	0.3
144231.06792305506	300	33.76252326868923	0.0	150616	1512.703713165549	0.3
144236.4411025778	750	32.389343745942654	0.0	405596	5373.17952274657	0.3
144240.3868419357	750	32.44360438806259	0.0	350713	3945.739357880069	0.75
144245.97931338515	750	30.85113293859789	0.0	386472	5592.471449464696	0.75
144250.14184614716	750	30.688600176593557	0.0	399894	4162.53276200433	0.75
144254.14523606954	750	30.68521025421404	0.0	401853	4003.389922379517	0.75
144257.45729449127	750	31.37315183246984	0.0	343800	3312.058421744199	0.75
144261.42330086007	750	31.407145463657805	0.0	359903	3966.0063688120345	0.75
144266.41920162318	750	30.411244700571054	0.0	379700	4995.900763086754	0.75
144272.57502679003	750	28.255419533714548	0.0	425781	6155.825166856507	0.75
144276.04373079102	750	28.786715532712932	0.0	277716	3468.7040010016126	0.75
144281.56761033504	750	27.262835988682216	0.0	400396	5523.8795440307185	0.75
144288.14481537766	750	24.685630946085936	0.0	400508	6577.205042596278	0.75
144292.946704355	750	23.883741968733045	0.0	358218	4801.888977352894	0.75
144298.20712174498	750	22.6233245787527	0.0	400322	5260.417389980344	0.75
144300.0488359498	300	24.781610373933106	0.0	143881	1841.714204819597	-0.15000000000000002
144302.01231094284	300	26.818135380916008	0.0	163444	1963.4749930170979	0.3
144307.77658920828	750	25.053857115466805	0.0	401088	5764.278265449199	0.3
144314.27748105192	750	22.55296527181543	0.0	365161	6500.891843651373	0.75
144319.48308118913	750	21.347365134613618	0.0	321064	5205.600137201813	0.75
144328.1797330718	750	16.650713251927176	0.0	361565	8696.65188268644	0.75
144330.27672517786	300	18.553721145887334	0.0	144254	2096.9921060398415	-0.15000000000000002
144332.91196295802	300	19.918483365704247	0.0	149991	2635.237780183088	0.3
144336.70572495813	300	20.124721365612174	0.0	147968	3793.7620000920706	0.3
144339.20539990705	300	21.625046416669488	0.0	161857	2499.6749489426893	0.3
144341.64152999892	300	23.18891632479332	0.0	145210	2436.1300918761713	0.3
144345.6547295262	300	23.175716797529333	0.0	172312	4013.199527263983	0.3
144350.83317786225	300	21.997268461455022	0.0	167025	5178.4483360743125	0.3
144355.637791329	300	21.192654994722876	0.0	160064	4804.61346673215	0.3
144359.697973207	300	21.132473116708432	0.0	137507	4060.1818780144436	0.3
144375.55831347374	750	9.272132849976577	0.0	314107	15860.340266731855	0.3
144393.58320457477	750	4.0	8.75275825105637	450283	18024.891101032947	-36.88686047954239
144397.2008162455	300	4.3823883292675	0.0	155580	3617.6116707325004	-0.15000000000000002
144398.92757930758	300	6.65562526717271	0.0	139857	1726.763062094789	0.3
144400.25875002387	300	9.324454550892932	0.0	155432	1331.1707162797777	0.3
144402.46420941644	300	11.118995158329845	0.0	163442	2205.459392563089	0.3
144405.15756112075	300	12.425643454027535	0.0	126289	2693.3517043023094	0.3
144408.2219128195	300	13.361291755259357	0.0	153295	3064.351698768177	0.3
144411.53769927894	300	14.045505295810672	0.0	173849	3315.7864594486864	0.3
144414.6053294123	300	14.977875162464535	0.0	150710	3067.630133346136	0.3
144416.89003605628	300	16.693168518497572	0.0	139105	2284.7066439669625	0.3
144418.5307277205	300	19.052476854278048	0.0	141840	1640.6916642195254	0.3
144420.35768497013	300	21.225519604625852	0.0	156148	1826.9572496521955	0.3
144421.8677265304	300	23.715478044371476	0.0	160746	1510.0415602543767	0.3
144423.45715146587	300	26.12605310890484	0.0	179801	1589.424935466635	0.3
144424.7337136314	300	28.84949094338331	0.0	140051	1276.5621655215336	0.3
144427.961229963	750	29.62197461177124	0.0	366214	3227.5163316120716	0.3
144431.5450805386	750	30.03812403618801	0.0	360831	3583.850575583229	0.75
144435.74702386424	750	29.836180710537974	0.0	372963	4201.943325650033	0.75
144440.3155051609	750	29.267699413884692	0.0	405596	4568.481296653279	0.75
144445.15963848392	750	28.423566090864433	0.0	350713	4844.13332302026	0.75
144451.7184864662	750	25.864718108563185	0.0	386472	6558.84798230125	0.75
144456.3053733561	750	25.277831218657003	0.0	399894	4586.886889906183	0.75
144459.75093744273	750	25.83226713204262	0.0	401853	3445.5640866143854	0.75
144462.55818163848	750	27.025022936275327	0.0	343800	2807.2441957672936	0.75
144465.80905667183	750	27.77414790292886	0.0	359903	3250.875033346467	0.75
144474.81654283707	750	22.76666173767737	0.0	379700	9007.486165251486	0.75
144479.68994571076	750	21.893258863976328	0.0	425781	4873.402873701045	0.75
144483.09379052962	750	22.489414045149466	0.0	277716	3403.8448188268576	0.75
144486.60276218588	750	22.980442388874742	0.0	400396	3508.971656274728	0.75
144490.3757267764	750	23.20747779836737	0.0	400508	3772.964590507371	0.75
144492.74309033316	750	24.840114241601963	0.0	358218	2367.363556765405	0.75
144495.39429303812	750	26.188911536635864	0.0	400322	2651.2027049661006	0.75
144497.85897346784	750	27.724231106933694	0.0	369834	2464.6804297021686	0.75
144501.22692238813	750	28.35628218661718	0.0	412837	3367.9489203165144	0.75
144506.28065224836	1200	27.302552326391826	0.0	690253	5053.729860225353	0.75
144510.886125634	1200	26.69707894075223	0.0	598727	4605.473385639593	1.2
144515.08897267532	1200	26.49423189940917	0.0	487812	4202.847041343061	1.2
144520.6573166599	1200	24.925887914843347	0.0	575591	5568.343984565822	1.2
144527.5883194448	1200	21.994885129938023	0.0	605884	6931.002784905327	1.2
144534.3841480328	750	19.199056541929895	0.0	390680	6795.8285880081285	0.3
144537.8339136304	750	19.749290944351998	0.0	345516	3449.7655975779003	0.75
144541.33261768214	750	20.250586892624778	0.0	384505	3498.704051727218	0.75
144553.5246154944	750	12.058589080340921	0.0	372093	12191.997812283858	0.75
144556.51918050204	300	13.064024072695522	0.0	172312	2994.565007645399	-0.15000000000000002
144560.45717539758	300	13.12602917717564	0.0	167025	3937.994895519881	0.3
144561.9988815458	300	15.584323028961993	0.0	160064	1541.7061482136469	0.3
144563.41031461654	300	18.172889958214732	0.0	137507	1411.4330707472618	0.3
144566.1353680284	750	19.447836546344927	0.0	314107	2725.0534118698056	0.3
144569.69766665142	750	19.885537923311823	0.0	450283	3562.2986230331067	0.75
144572.5644337148	750	21.018770859946063	0.0	398865	2866.767063365759	0.75
144575.89218384412	750	21.69102073064174	0.0	350812	3327.7501293043256	0.75
144580.25092582504	750	21.33227874972191	0.0	382355	4358.741980919829	0.75
144584.58963509445	750	20.993569480278836	0.0	411561	4338.709269443077	0.75
144587.82288142527	750	21.76032314947406	0.0	318564	3233.2463308047736	0.75
144591.40754025365	750	22.17566432107697	0.0	352642	3584.6588283970923	0.75
144594.84750929993	750	22.735695274811768	0.0	437162	3439.9690462651984	0.75
144597.71353295588	750	23.86967161887446	0.0	374758	2866.0236559373097	0.75
144600.31935904626	750	25.263845528506675	0.0	362795	2605.826090367789	0.75
144604.01252464592	750	25.570679928837492	0.0	353220	3693.1655996691798	0.75
144607.0700563061	750	26.513148268626978	0.0	405134	3057.531660210516	0.75
144609.99999597654	750	27.58320859822104	0.0	386351	2929.9396704059377	0.75
144613.66641187362	750	27.916792701136576	0.0	434409	3666.4158970844637	0.75
144616.43634166164	750	29.146862913113896	0.0	337059	2769.929788022682	0.75
144619.7163635344	750	29.866841040350515	0.0	366214	3280.0218727633787	0.75
144622.63910820504	750	30.944096369705395	0.0	360831	2922.7446706451187	0.75
144625.52276413044	750	32.06044044430649	0.0	372963	2883.655925398906	0.75
144628.77257442797	750	32.81063014678008	0.0	405596	3249.8102975264055	0.75
144631.8623901154	750	33.7208144593498	0.0	350713	3089.8156874302795	0.75
144636.92519033467	1200	32.65801424004969	0.0	601738	5062.800219300107	0.75
144643.18210727445	1200	30.40109730028533	0.0	616206	6256.916939764364	1.2
144651.98490316686	1200	25.59830140785442	0.0	656471	8802.795892430906	1.2
144657.68535768846	1200	23.89784688625577	0.0	536667	5700.454521598649	1.2
144661.36898130958	750	24.214223265130087	0.0	359903	3683.6236211256846	0.3
144666.04068557118	750	23.542519003565186	0.0	379700	4671.704261564902	0.75
144671.23357333386	750	22.349631240855036	0.0	425781	5192.88776271015	0.75
144673.38968838126	750	24.193516193457764	0.0	277716	2156.1150473972752	0.75
144676.7325762083	750	24.850628366417517	0.0	400396	3342.8878270402442	0.75
144679.95681191067	750	25.62639266404983	0.0	400508	3224.235702367686	0.75
144683.33408515836	750	26.249119416318578	0.0	358218	3377.2732477312547	0.75
144686.86395940074	750	26.71924517396265	0.0	400322	3529.8742423559265	0.75
144690.04331129286	750	27.53989328183592	0.0	369834	3179.351892126731	0.75
144693.7508866167	750	27.832317957971803	0.0	412837	3707.5753238641205	0.75
144697.20126484454	750	28.381939730129798	0.0	401088	3450.3782278420026	0.75
144700.67787907593	750	28.90532549876288	0.0	365161	3476.614231366914	0.75
144703.37470390103	750	30.20850067366294	0.0	321064	2696.8248250999413	0.75
144706.5760427989	750	31.007161775764942	0.0	361565	3201.3388978979965	0.75
144709.69294373775	750	31.890260836914177	0.0	378327	3116.9009388507643	0.75
144713.24851043	750	32.33469414464006	0.0	390680	3555.5666922741184	0.75
144715.958994368	750	33.624210206618834	0.0	345516	2710.4839380212275	0.75
144719.9963230157	750	33.58688155893962	0.0	384505	4037.328647679205	0.75
144725.74414156083	1200	31.839063013809472	0.0	599477	5747.818545130156	0.75
144735.09389801565	1200	26.489306558991643	0.0	634861	9349.756454817827	1.2
144739.05617814645	1200	26.527026428182857	0.0	630203	3962.2801308087883	1.2

