149927.9362271003	750	4.0	6.607758736420716	450283	6607.758736420716	0.8	-27.663362566609077
149932.90591568587	1200	4.0	0.9696885855842602	611087	4969.68858558426	0.8	-3.419660918012319
149939.29829538448	1850	4.0	2.3923796986081762	877771	6392.379698608176	0.8	-9.087232704015157
149943.74935819514	1200	4.0	0.4510628107028597	617681	4451.06281070286	0.8	-1.3895700860222968
149948.3550376887	1200	4.0	0.6056794935323915	652874	4605.6794935323915	0.8	-1.4044218221892832
149952.47781200398	1200	4.0	0.12277431525778956	520315	4122.77431525779	0.8	0.6720704443915049
149955.47325719742	750	5.00455480657309	0.0	352642	2995.44519342691	0.7	0.3
149958.53561710444	750	5.942194899552793	0.0	437162	3062.3599070202968	0.7	0.75
149961.01794729626	750	7.459864707719204	0.0	374758	2482.3301918335897	0.7	0.75
149963.6579018068	750	8.819910197200999	0.0	362795	2639.954510518205	0.7	0.75
149966.1688025787	750	10.309009425298537	0.0	353220	2510.900771902461	0.7	0.75
149969.34474209964	750	11.133069904337978	0.0	405134	3175.939520960561	0.7	0.75
149972.85268723988	750	11.625124764106676	0.0	386351	3507.9451402313002	0.7	0.75
149976.20524366893	750	12.272568335081443	0.0	434409	3352.556429025234	0.7	0.75
149979.42209387344	750	13.055718130540784	0.0	337059	3216.850204540659	0.7	0.75
149981.91320094047	750	14.564611063535354	0.0	366214	2491.1070670054314	0.7	0.75
149984.53276186204	750	15.94505014195845	0.0	360831	2619.5609215769036	0.7	0.75
149986.5709907421	750	17.90682126190498	0.0	372963	2038.228880053472	0.7	0.75
149992.65717771367	1200	15.820634290324593	0.0	639204	6086.186971580387	0.7	0.75
149997.66980104425	1200	14.808010959738175	0.0	586839	5012.623330586418	0.7	1.2
150002.66318777215	1200	13.814624231828642	0.0	601738	4993.386727909531	0.7	1.2
150009.21333783184	1200	11.264474172149995	0.0	616206	6550.150059678645	0.7	1.2
150015.67192833303	1200	8.805883670942771	0.0	656471	6458.590501207226	0.7	1.2
150018.81472083364	750	9.663091170337779	0.0	343800	3142.7925006049927	0.7	0.3
150021.88413188217	750	10.593680121842812	0.0	359903	3069.4110484949674	0.7	0.75
150025.38172591323	750	11.096086090766141	0.0	379700	3497.594031076672	0.7	0.75
150028.8231214538	750	11.654690550176262	0.0	425781	3441.3955405898773	0.7	0.75
150031.48354246106	750	12.994269542919906	0.0	277716	2660.4210072563574	0.7	0.75
150034.96941725278	750	13.508394751222164	0.0	400396	3485.87479169774	0.7	0.75
150038.62692903334	750	13.850882970664054	0.0	400508	3657.511780558111	0.7	0.75
150041.15334732647	750	15.324464677559478	0.0	358218	2526.418293104576	0.7	0.75
150043.82390940367	750	16.65390260034123	0.0	400322	2670.5620772182483	0.7	0.75
150047.05034847773	750	17.427463526294936	0.0	369834	3226.439074046289	0.7	0.75
150050.45035032716	750	18.027461676860703	0.0	412837	3400.001849434234	0.7	0.75
150055.99379456128	1200	16.484017442762617	0.0	690253	5543.444234098085	0.7	0.75
150061.56630656042	1200	14.911505443610345	0.0	598727	5572.511999152274	0.7	1.2
150066.3476610318	1200	14.13015097224676	0.0	487812	4781.354471363586	0.7	1.2
150071.9533564856	1200	12.524455518433717	0.0	575591	5605.695453813043	0.7	1.2
150077.73503641726	1200	10.742775586787019	0.0	605884	5781.679931646699	0.7	1.2
150081.50698200677	750	10.97082999727211	0.0	390680	3771.9455895149076	0.7	0.3
150084.49212407376	750	11.985687930243143	0.0	345516	2985.142067028968	0.7	0.75
150087.92239033195	750	12.55542167206347	0.0	384505	3430.266258179672	0.7	0.75
150091.0161016778	750	13.46171032623705	0.0	372093	3093.7113458264207	0.7	0.75
150095.0822361078	750	13.395575896211643	0.0	438281	4066.1344300254063	0.7	0.75
150098.81899487347	750	13.65881713053576	0.0	398987	3736.758765675882	0.7	0.75
150105.03654183084	1200	11.441270173163492	0.0	638661	6217.546957372269	0.7	0.75
150115.5375226181	1200	4.940289385881199	0.0	538612	10500.980787282293	0.7	1.2
150119.13303470935	750	5.344777294652688	0.0	314107	3595.5120912285115	0.7	0.3
150123.56563286114	750	4.912179142841586	0.0	450283	4432.598151811102	0.7	0.75
150124.8921977197	300	7.585614284278403	0.0	155580	1326.5648585631827	0.7	-0.15000000000000002
150126.3080593225	300	10.1697526814608	0.0	139857	1415.8616028176045	0.7	0.3
150128.16331317596	300	12.314498828019367	0.0	155432	1855.2538534414323	0.7	0.3
150130.04373130275	300	14.434080701236173	0.0	163442	1880.418126783194	0.7	0.3
150131.61625605336	300	16.86155595062243	0.0	126289	1572.5247506137443	0.7	0.3
150133.9657950124	300	18.512016991600934	0.0	153295	2349.538959021497	0.7	0.3
150138.70099886606	750	17.776813137919504	0.0	437162	4735.20385368143	0.7	0.3
150144.9032482101	750	15.574563793863046	0.0	374758	6202.249344056458	0.7	0.75
150153.6466053132	750	10.831206690744905	0.0	362795	8743.357103118142	0.7	0.75
150159.7302225379	750	8.747589466050966	0.0	353220	6083.617224693938	0.7	0.75
150165.45110013138	750	7.0267118725711395	0.0	405134	5720.877593479826	0.7	0.75
150168.73436230226	300	7.7434497016851855	0.0	160746	3283.262170885954	0.7	-0.15000000000000002
150172.09390221076	300	8.383909793197551	0.0	179801	3359.5399084876344	0.7	0.3
150173.61222080002	300	10.865591203965819	0.0	140051	1518.3185892317351	0.75	0.3
150174.91829458307	300	13.559517420881669	0.0	138313	1306.0737830841504	0.75	0.3
150176.2852945441	300	16.192517459858863	0.0	143509	1366.999961022804	0.75	0.3
150177.50717925548	300	18.970632748477005	0.0	150616	1221.8847113818583	0.75	0.3
150179.1367708812	300	21.34104112279041	0.0	165384	1629.591625686593	0.75	0.3
150182.79316729633	750	21.684644707652545	0.0	350713	3656.3964151378696	0.75	0.3
150189.61695787846	750	18.86085412549085	0.0	386472	6823.790582161693	0.75	0.75
150194.86396187413	750	17.61385012983924	0.0	399894	5247.003995651608	0.75	0.75
150209.6770170197	750	6.8007949842501825	0.0	401853	14813.055145589058	0.75	0.75
150215.26087890685	300	5.216933097134801	0.0	137654	5583.861887115381	0.75	-0.15000000000000002
150221.19505535372	300	4.0	0.7172433497392385	146754	5934.176446874039	0.75	-2.784146403878726
150224.1231992237	300	5.071856130025703	0.0	153938	2928.1438699742976	0.75	0.3
150229.27906064846	300	4.0	0.08400529473726055	181901	5155.861424762963	0.75	-0.061222767370220366
150232.2864806974	300	4.99257995108188	0.0	111155	3007.4200489181203	0.75	0.3
150235.54083510453	300	5.7382255439539245	0.0	153605	3254.354407127955	0.75	0.3
150237.50140878846	300	7.777651860014197	0.0	149029	1960.573683939728	0.75	0.3
150239.2725780009	300	10.00648264759557	0.0	157421	1771.1692124186266	0.75	0.3
150241.43587394696	300	11.843186701522155	0.0	157488	2163.295946073415	0.75	0.3
150243.57305077455	300	13.706009873938095	0.0	143881	2137.1768275840614	0.75	0.3
150245.59666954193	300	15.68239110656005	0.0	163444	2023.6187673780448	0.75	0.3
150247.57551129398	300	17.7035493545115	0.0	179328	1978.8417520485475	0.75	0.3
150249.15455511157	300	20.124505536937	0.0	159914	1579.0438175745019	0.75	0.3
150256.18453271993	750	17.0945279285635	0.0	321064	7029.977608373501	0.75	0.3
150260.1260352419	750	17.153025406595397	0.0	361565	3941.5025219681056	0.75	0.75
150263.50859910238	750	17.770461546117744	0.0	378327	3382.56386047765	0.75	0.75
150269.96876813067	750	15.310292517849623	0.0	390680	6460.169028268123	0.75	0.75
150280.76984836755	750	8.509212280963592	0.0	345516	10801.080236886031	0.75	0.75
150291.78485233762	750	4.0	2.5057916891268435	384505	11015.003970090434	0.75	-10.024904263245427
150296.08247864942	300	4.0	0.29762631177525783	145210	4297.626311775258	0.75	-1.4297931406336086
150302.49586319795	300	4.0	2.413384548531385	172312	6413.384548531385	0.75	-10.077553558684954
150308.5543152543	300	4.0	2.058452056359609	167025	6058.452056359609	0.75	-8.551343842346318
150313.36804414078	300	4.0	0.8137288864920692	160064	4813.728886492069	0.75	-3.1990342119158974
150316.99662699105	300	4.371417149721251	0.0	137507	3628.582850278749	0.75	0.3
150319.8006369991	300	5.5674071416709685	0.0	118421	2804.010008050283	0.75	0.3
150332.20331986086	750	4.0	6.835275720067848	450283	12402.682861738816	0.75	-28.641685596291747
150333.7263554288	300	6.476964432034965	0.0	155580	1523.0355679650343	0.75	-0.15000000000000002
150334.87472601412	300	9.328593846713407	0.0	139857	1148.370585321557	0.75	0.3
150336.42816785493	300	11.775152005903548	0.0	155432	1553.4418408098586	0.75	0.3
150338.06376397214	300	14.139555888706495	0.0	163442	1635.596117197054	0.75	0.3
150339.22369544712	300	16.97962441373399	0.0	126289	1159.9314749725065	0.75	0.3
150340.5776061332	300	19.625713727635738	0.0	153295	1353.9106860982477	0.75	0.3
150342.04727708397	300	22.156042776893017	0.0	173849	1469.670950742721	0.75	0.3
150345.12711531288	750	23.076204547987512	0.0	374758	3079.8382289055044	0.75	0.3
150350.54481907425	1200	21.658500786624433	0.0	560821	5417.703761363076	0.75	0.75
150356.31741590073	1200	19.88590396013916	0.0	607410	5772.596826485274	0.75	1.2
150361.15801332684	1200	19.04530653402218	0.0	594078	4840.597426116981	0.75	1.2
150366.02737093528	1200	18.17594892559767	0.0	624282	4869.35760842451	0.75	1.2
150372.87098191355	1200	15.332337947308883	0.0	687371	6843.610978288787	0.75	1.2
150377.0503359224	1200	15.152983938490499	0.0	526950	4179.354008818383	0.75	1.2
150381.84623703628	1200	14.357082824578132	0.0	587876	4795.901113912367	0.75	1.2
150386.73941750434	1200	13.46390235653728	0.0	617242	4893.180468040852	0.75	1.2
150391.74947618222	1200	12.453843678641018	0.0	581493	5010.058677896262	0.75	1.2
150396.36572809544	1200	11.837591765432192	0.0	639204	4616.251913208825	0.75	1.2
150400.5212752238	1200	11.682044637076153	0.0	586839	4155.54712835604	0.75	1.2
150405.2029414582	1200	11.000378402674082	0.0	601738	4681.6662344020715	0.75	1.2
150409.6268107325	1200	10.576509128358635	0.0	616206	4423.869274315446	0.75	1.2
150414.40348706534	1200	9.799832795537501	0.0	656471	4776.676332821135	0.75	1.2
150417.97664836815	1200	10.226671492721621	0.0	536667	3573.1613028158786	0.75	1.2
150422.04326152848	1200	10.160058332389015	0.0	587236	4066.6131603326066	0.75	1.2
150425.9211895697	1200	10.282130291198264	0.0	590335	3877.9280411907507	0.75	1.2
150431.08770180662	1200	9.115618054256721	0.0	696376	5166.512236941542	0.75	1.2
150434.76585657292	1200	9.43746328797529	0.0	487160	3678.1547662814296	0.75	1.2
150440.93554805586	1200	7.267771805031068	0.0	622896	6169.691482944223	0.75	1.2
150454.11329209604	1200	4.0	5.909972235172245	641447	13177.744040203313	0.75	-24.212880611240653
150456.2692442435	300	5.844047852551148	0.0	157421	2155.9521474488524	0.75	-0.6000000000000001
150458.36051902804	300	7.752773068002339	0.0	157488	2091.2747845488084	0.75	0.3
150461.19970972164	300	8.913582374413508	0.0	143881	2839.1906935888305	0.75	0.3
150463.18689796707	300	10.926394128977295	0.0	163444	1987.1882454362133	0.75	0.3
150464.8246087182	300	13.28868337786816	0.0	179328	1637.7107511091347	0.75	0.3
150466.06991369082	300	16.043378405219066	0.0	159914	1245.3049726490929	0.75	0.3
150467.3594557759	300	18.7538363201503	0.0	131610	1289.5420850687706	0.75	0.3
150468.52044022948	300	21.592851866585246	0.0	124011	1160.9844535650504	0.75	0.3
150471.8139875005	750	22.299304595563516	0.0	378327	3293.5472710217286	0.75	0.3
150475.1866409188	750	22.926651177225683	0.0	390680	3372.6534183378362	0.75	0.75
150479.4875984605	750	22.625693635560253	0.0	345516	4300.957541665428	0.75	0.75
150487.28057373525	750	18.8327183608325	0.0	384505	7792.975274727749	0.75	0.75
150493.14940025174	750	16.963891844313263	0.0	372093	5868.826516519238	0.75	0.75
150497.7084583417	750	16.404833754360787	0.0	438281	4559.058089952477	0.75	0.75
150502.8028757728	750	15.310416323259975	0.0	398987	5094.417431100815	0.75	0.75
150510.1673209196	750	11.945971176435869	0.0	393804	7364.445146824105	0.75	0.75
150514.24054121005	750	11.872750885982514	0.0	331053	4073.2202904533556	0.75	0.75
150534.21682482384	1850	4.0	8.103532727815221	846370	19976.283613797736	0.75	-34.09519072960545
150539.82513266857	750	4.0	1.60830784473096	450283	5608.30784473096	0.75	-6.165723732343127
150541.5063162753	300	6.3188163932898025	0.0	155580	1681.1836067101979	0.75	-0.15000000000000002
150542.89197109448	300	8.93316157411215	0.0	139857	1385.6548191776521	0.75	0.3
150544.62040776332	300	11.2047249053042	0.0	155432	1728.4366688079488	0.75	0.3
150547.19022820337	300	12.634904465244686	0.0	163442	2569.820440059514	0.75	0.3
150548.7069044723	300	15.118228196298402	0.0	126289	1516.6762689462846	0.75	0.3
150550.37531720864	300	17.449815459950432	0.0	153295	1668.4127363479654	0.75	0.3
150551.8789097827	300	19.946222885893317	0.0	173849	1503.5925740571195	0.75	0.3
150555.80145092803	750	20.0236817405602	0.0	374758	3922.541145333114	0.75	0.3
150560.14796139524	750	19.677171273369087	0.0	362795	4346.510467191116	0.75	0.75
150564.85880784484	750	18.9663248237681	0.0	353220	4710.8464496009865	0.75	0.75
150569.27134857234	750	18.553784096286606	0.0	405134	4412.540727481493	0.75	0.75
150575.25378394936	750	16.571348719291606	0.0	386351	5982.435376995001	0.75	0.75
150579.53168350848	750	16.29344916015282	0.0	434409	4277.899559138785	0.75	0.75
150583.38896877656	750	16.43616389209811	0.0	337059	3857.285268054707	0.75	0.75
150586.05647128576	750	17.768661382893235	0.0	366214	2667.5025092048772	0.75	0.75
150588.28561331137	750	19.539519357259806	0.0	360831	2229.1420256334295	0.75	0.75
150591.34650897543	750	20.4786236932074	0.0	372963	3060.8956640524098	0.75	0.75
150594.7220271555	750	21.103105513128178	0.0	405596	3375.5181800792184	0.75	0.75
150597.3667247946	750	22.458407874013243	0.0	350713	2644.697639114937	0.75	0.75
150601.99615751626	1200	21.828975152382093	0.0	601738	4629.432721631151	0.75	0.75
150607.59107356018	1200	20.23405910846955	0.0	616206	5594.9160439125435	0.75	1.2
150613.63387662085	1200	18.191256047798987	0.0	656471	6042.803060670561	0.75	1.2
150617.9772538972	1200	17.847878771474882	0.0	536667	4343.377276324103	0.75	1.2
150622.60646957104	1200	17.218663097634746	0.0	587236	4629.215673840139	0.75	1.2
150627.30120149045	1200	16.523931178183332	0.0	590335	4694.731919451414	0.75	1.2
150632.65969913182	1200	15.165433536840432	0.0	696376	5358.4976413428985	0.75	1.2
150636.067532107	1200	15.757600561669845	0.0	487160	3407.832975170585	0.75	1.2
150641.09832904456	1200	14.726803624102896	0.0	622896	5030.79693756695	0.75	1.2
150648.5022007752	1200	11.322931893443888	0.0	641447	7403.871730659007	0.75	1.2
150658.87933927093	1200	4.945793397724514	0.0	570392	10377.138495719375	0.75	1.2
150663.04446230858	750	4.780670360047456	0.0	400322	4165.123037677058	0.75	0.3
150666.13802841055	300	5.687104258074313	0.0	143881	3093.5661019731438	0.75	-0.15000000000000002
150668.84034736062	300	6.984785308020037	0.0	163444	2702.3189500542753	0.75	0.3
150671.21340383586	300	8.611728832775528	0.0	179328	2373.0564752445075	0.75	0.3
150672.8151549995	300	11.00997766915546	0.0	159914	1601.7511636200684	0.75	0.3
150673.8410547715	300	13.984077897135375	0.0	131610	1025.8997720200846	0.75	0.3
150674.6674967379	300	17.1576359307428	0.0	124011	826.4419663925759	0.75	0.3
150675.5507027559	300	20.27442991273908	0.0	144254	883.2060180037187	0.75	0.3
150678.36408200295	750	21.461050665664487	0.0	390680	2813.3792470745934	0.75	0.3
150681.18751314873	750	22.637619519897175	0.0	345516	2823.43114576731	0.75	0.75
150688.2806628043	1200	19.544469864335912	0.0	641452	7093.149655561265	0.75	0.75
150709.8484408708	1200	4.0	2.023308202174092	599477	21567.778066510004	0.75	-7.5002252693485945
150713.1758077445	300	4.672633126289143	0.0	172312	3327.3668737108574	0.75	-0.6000000000000001
150716.0587516911	300	5.78968917969109	0.0	167025	2882.9439465980536	0.75	0.3
150719.12114164652	300	6.727299224251798	0.0	160064	3062.3899554392924	0.75	0.3
150722.3577670316	300	7.4906738392171395	0.0	137507	3236.625385034658	0.75	0.3
150725.34061030418	750	8.507830566607034	0.0	314107	2982.843272610105	0.75	0.3
150728.74617664018	750	9.10226423059077	0.0	450283	3405.566336016264	0.75	0.75
150732.23804168735	750	9.610399183426866	0.0	398865	3491.8650471639053	0.75	0.75
150734.61894343325	750	11.229497437513789	0.0	350812	2380.9017459130746	0.75	0.75
150737.1476432174	750	12.700797653364337	0.0	382355	2528.6997841494535	0.75	0.75
150740.90619551754	750	12.942245353243889	0.0	411561	3758.552300120448	0.75	0.75
150743.04290350268	750	14.805537368119404	0.0	318564	2136.707985124484	0.75	0.75
150745.48364309713	750	16.364797773646515	0.0	352642	2440.7395944728905	0.75	0.75
150749.85701057565	1200	15.99143029512963	0.0	709534	4373.367478516883	0.75	0.75
150753.7321780035	1200	16.11626286728456	0.0	584846	3875.167427845068	0.75	1.2
150759.2295209375	1200	14.618919933314068	0.0	560821	5497.3429339704935	0.75	1.2
150764.59245590444	1200	13.255984966359975	0.0	607410	5362.9349669540925	0.75	1.2
150770.91920194795	1200	10.929238922833262	0.0	594078	6326.746043526712	0.75	1.2
150777.43089632574	1200	8.41754454505064	0.0	624282	6511.694377782619	0.75	1.2
150785.27370626488	1200	4.574734605892939	0.0	687371	7842.8099391577025	0.75	1.2
150787.50691643512	750	6.341524435664598	0.0	337059	2233.210170228341	0.75	0.3
150790.0665125476	750	7.7819283231793035	0.0	366214	2559.596112485295	0.75	0.75
150792.21187249597	750	9.636568374806044	0.0	360831	2145.3599483732596	0.75	0.75
150794.3127259236	750	11.535714947193652	0.0	372963	2100.853427612392	0.75	0.75
150798.32007682062	750	11.528364050189282	0.0	405596	4007.35089700437	0.75	0.75
150802.7914314549	750	11.057009415859783	0.0	350713	4471.354634329499	0.75	0.75
150806.74678559057	750	11.10165528021277	0.0	386472	3955.3541356470114	0.75	0.75
150810.0769096732	750	11.771531197596543	0.0	399894	3330.1240826162266	0.75	0.75
150812.2638447735	750	13.584596097292724	0.0	401853	2186.9351003038187	0.75	0.75
150815.07956234302	750	14.768878527766294	0.0	343800	2815.7175695264295	0.75	0.75
150817.85250215643	750	15.995938714356615	0.0	359903	2772.9398134096787	0.75	0.75
150821.68959495277	750	16.158845918016844	0.0	379700	3837.0927963397717	0.75	0.75
150825.92225441022	750	15.926186460555751	0.0	425781	4232.659457461092	0.75	0.75
150828.3011254532	750	17.547315417593992	0.0	277716	2378.8710429617604	0.75	0.75
150832.07140431102	750	17.77703655977648	0.0	400396	3770.2788578175137	0.75	0.75
150834.40742333257	750	19.441017538244886	0.0	400508	2336.0190215315915	0.75	0.75
150837.5531883758	1200	20.295252495016957	0.0	570392	3145.765043227929	0.75	0.75
150842.54919180978	1200	19.29924906105622	0.0	620283	4996.003433960736	0.75	1.2
150848.19985142702	1200	17.64858944381222	0.0	584349	5650.6596172439995	0.75	1.2
150857.05537827403	1200	12.793062596806475	0.0	670129	8855.526847005744	0.75	1.2
150864.48424756769	1200	9.364193303151321	0.0	690253	7428.869293655153	0.75	1.2
150873.60888038963	1200	4.239560481190183	0.0	598727	9124.632821961139	0.75	1.2
150875.4525263917	300	6.395914479121368	0.0	131610	1843.6460020688157	0.75	-0.6000000000000001
150876.92331009885	300	8.925130771958987	0.0	124011	1470.7837071623828	0.75	0.3
150878.4553013201	300	11.393139550713922	0.0	144254	1531.991221245064	0.75	0.3
150879.76949822129	300	14.078942649546072	0.0	149991	1314.1969011678493	0.75	0.3
150881.05122436423	300	16.797216506599174	0.0	147968	1281.7261429469	0.75	0.3
150885.67425634974	750	16.174184521078665	0.0	384505	4623.031985520507	0.75	0.3
150888.866550026	750	16.98189084483011	0.0	372093	3192.2936762485538	0.75	0.75
150894.32728638253	750	15.521154488303907	0.0	438281	5460.736356526207	0.75	0.75
150900.62618341495	750	13.22225745589595	0.0	398987	6298.8970324079555	0.75	0.75
150904.60255201868	750	13.245888852154923	0.0	393804	3976.368603741027	0.75	0.75
150911.21030991507	1200	10.638130955772182	0.0	538612	6607.757896382742	0.75	0.75
150920.44694229405	1850	5.4014985768072314	0.0	846370	9236.63237896495	0.75	1.2000000000000002
150927.72735611745	750	4.0	1.8789152466283277	450283	7280.413823435559	0.75	-7.329335560501809
150929.18284015465	300	6.54451596280173	0.0	155580	1455.4840371982705	0.75	-0.15000000000000002
150930.62368782295	300	9.103668294472376	0.0	139857	1440.8476683293527	0.75	0.3
150932.37468445173	300	11.352671665704678	0.0	155432	1750.9966287676975	0.75	0.3
150934.0777482469	300	13.649607870534064	0.0	163442	1703.0637951706135	0.75	0.3
150936.3851661992	750	15.34218991822303	0.0	318564	2307.4179523110333	0.75	0.3
150938.82655015416	750	16.900805963279144	0.0	352642	2441.383954943885	0.75	0.75
150941.59516002954	750	18.132196087889927	0.0	437162	2768.6098753892193	0.75	0.75
150944.10473560326	750	19.6226205141435	0.0	374758	2509.5755737464265	0.75	0.75
150946.98998102927	1200	20.73737508814259	0.0	560821	2885.245426000911	0.75	0.75
150950.246083458	1200	21.4812726594013	0.0	607410	3256.1024287412865	0.75	1.2
150953.8037862744	1200	21.92356984299332	0.0	594078	3557.7028164079775	0.75	1.2
150958.28317405356	1200	21.44418206384827	0.0	624282	4479.387779145051	0.75	1.2
150964.23547515873	1200	19.491880958662673	0.0	687371	5952.301105185597	0.75	1.2
150967.37212937913	1200	20.355226738272364	0.0	526950	3136.6542203903105	0.75	1.2
150971.36326200987	1200	20.364094107524178	0.0	587876	3991.1326307481886	0.75	1.2
150975.78441541275	1200	19.942940704617232	0.0	617242	4421.153402906949	0.75	1.2
150979.68371540942	1200	20.043640707946214	0.0	581493	3899.2999966710177	0.75	1.2
150984.14267646242	1200	19.58467965497308	0.0	639204	4458.961052973134	0.75	1.2
150992.43417921232	1200	15.293176905093757	0.0	586839	8291.502749879322	0.75	1.2
150997.7722156019	1200	13.955140515509605	0.0	601738	5338.036389584151	0.75	1.2
151003.15383816036	1200	12.57351795703821	0.0	616206	5381.622558471397	0.75	1.2
151010.51138343467	1200	9.215972682722233	0.0	656471	7357.545274315978	0.75	1.2
151018.31635639537	1200	5.410999722054706	0.0	536667	7804.972960667526	0.75	1.2
151022.377607155	750	5.34974896241303	0.0	359903	4061.2507596416767	0.75	0.3
151023.63181389496	300	8.09554222245057	0.0	153938	1254.2067399624614	0.75	-0.15000000000000002
151025.1034465507	300	10.623909566699332	0.0	181901	1471.6326557512364	0.75	0.3
151026.1028700846	300	13.624486032793365	0.0	111155	999.4235339059662	0.75	0.3
151030.06470028337	750	13.662655834025673	0.0	400396	3961.8301987676937	0.75	0.3
151034.00519962178	750	13.722156495641716	0.0	400508	3940.4993383839565	0.75	0.75
151036.98608624583	750	14.741269871574714	0.0	358218	2980.886624067003	0.75	0.75
151041.1767089544	750	14.550647163013805	0.0	400322	4190.622708560909	0.75	0.75
151043.95738547514	750	15.769970642267086	0.0	369834	2780.6765207467174	0.75	0.75
151047.4954119642	750	16.231944153208044	0.0	412837	3538.0264890590424	0.75	0.75
151050.5372532679	750	17.19010284949305	0.0	401088	3041.841303714994	0.75	0.75
151053.53854287814	750	18.188813239213413	0.0	365161	3001.2896102796353	0.75	0.75
151056.33067515783	750	19.396680959533334	0.0	321064	2792.1322796800778	0.75	0.75
151060.5226355574	1200	19.20472055999522	0.0	575591	4191.960399538115	0.75	0.75
151065.16172259412	1200	18.56563352325382	0.0	605884	4639.0870367414045	0.75	1.2
151069.98395610478	1200	17.74340001258058	0.0	587506	4822.233510673238	0.75	1.2
151074.3274716356	1200	17.399884481751787	0.0	566904	4343.515530828794	0.75	1.2
151079.3195532042	1200	16.40780291315038	0.0	641452	4992.081568601407	0.75	1.2
151088.484077733	1200	11.243278384339755	0.0	599477	9164.524528810623	0.75	1.2
151092.9219520067	1200	10.805404110640811	0.0	634861	4437.874273698944	0.75	1.2
151097.40388680965	1200	10.323469307677762	0.0	630203	4481.934802963048	0.75	1.2
151102.53068026926	1200	9.196675848042913	0.0	638661	5126.79345963485	0.75	1.2
151106.93564876085	1200	8.791707356456328	0.0	538612	4404.968491586584	0.75	1.2
151113.95869508036	1850	5.768661036931608	0.0	846370	7023.046319524721	0.75	1.2000000000000002
151117.90675047104	750	5.820605646263541	0.0	450283	3948.055390668067	0.75	0.75
151121.2683177815	750	6.459038335777565	0.0	398865	3361.567310485975	0.75	0.75
151125.2275266114	750	6.499829505906192	0.0	350812	3959.2088298713734	0.75	0.75
151128.5702945649	750	7.157061552379923	0.0	382355	3342.7679535262696	0.75	0.75
151131.77652899336	750	7.950827123907536	0.0	411561	3206.2344284723868	0.75	0.75
151134.1422420469	750	9.585114070392132	0.0	318564	2365.713053515404	0.75	0.75
151137.036781939	750	10.690574178292515	0.0	352642	2894.539892099617	0.75	0.75
151140.61534439714	750	11.112011720157149	0.0	437162	3578.562458135367	0.75	0.75
151144.1339383735	750	11.593417743774099	0.0	374758	3518.59397638305	0.75	0.75
151148.01161567293	750	11.715740444328773	0.0	362795	3877.6772994453263	0.75	0.75
151150.7459365553	750	12.981419561966584	0.0	353220	2734.320882362188	0.75	0.75
151153.8949271058	750	13.832429011445303	0.0	405134	3148.9905505212805	0.75	0.75
151158.0447173794	750	13.68263873784223	0.0	386351	4149.790273603072	0.75	0.75
151164.14400107885	750	11.58335503842931	0.0	434409	6099.283699412921	0.75	0.75
151168.4006691106	750	11.326687006683343	0.0	337059	4256.668031745967	0.75	0.75
151173.1571798725	750	10.570176244752316	0.0	366214	4756.510761931027	0.75	0.75
151177.04192351352	750	10.685432603747449	0.0	360831	3884.743641004867	0.75	0.75
151180.19731123757	750	11.53004487970647	0.0	372963	3155.3877240409806	0.75	0.75
151184.21296791144	750	11.514388205831	0.0	405596	4015.6566738754677	0.75	0.75
151189.0663508377	750	10.661005279562197	0.0	350713	4853.382926268804	0.75	0.75
151192.46184772006	750	11.265508397217342	0.0	386472	3395.4968823448535	0.75	0.75
151195.56276679522	750	12.164589322067624	0.0	399894	3100.9190751497167	0.75	0.75
151198.88367372152	750	12.843682395758242	0.0	401853	3320.9069263093825	0.75	0.75
151200.9297203174	750	14.797635799873609	0.0	343800	2046.0465958846319	0.75	0.75

