144185.87367909736	750	4.0	2.740379482619269	450283	2740.379482619269	-11.033631775262856
144187.02801363938	300	6.845665457959466	0.0	155580	1154.3345420405337	-0.15000000000000002
144188.10598566534	300	9.767693432010608	0.0	139857	1077.9720259488574	0.3
144189.38390207934	300	12.48977701802529	0.0	155432	1277.9164139853176	0.3
144190.54298179445	300	15.33069730292451	0.0	163442	1159.0797151007807	0.3
144191.46001262046	300	18.413666476936385	0.0	126289	917.0308259881224	0.3
144192.51814132297	300	21.35553777441035	0.0	153295	1058.1287025260344	0.3
144193.51826719503	300	24.355411902345033	0.0	173849	1000.125872065318	0.3
144194.3294370548	300	27.544242042584095	0.0	150710	811.1698597609393	0.3
144195.03866394964	300	30.835015147769635	0.0	139105	709.2268948144574	0.3
144196.68846298996	300	33.185216107437284	0.0	141840	1649.7990403323493	0.3
144198.06483934776	300	35.80883974963437	0.0	156148	1376.3763578029084	0.3
144199.9167241196	300	37.95695497776605	0.0	160746	1851.8847718683242	0.3
144201.62531214167	300	40.24836695571252	0.0	179801	1708.5880220535328	0.3
144202.93558988688	300	42.938089210487576	0.0	140051	1310.2777452249434	0.3
144204.13720507463	300	45.73647402270928	0.0	138313	1201.6151877782927	0.3
144205.15099366565	300	48.72268543168235	0.0	143509	1013.7885910269353	0.3
144206.483108991	300	51.39057010633803	0.0	150616	1332.11532534432	0.3
144207.73567960347	300	54.13799949384424	0.0	165384	1252.5706124937929	0.3
144208.86660289465	300	57.00707620268925	0.0	140881	1130.9232911549902	0.3
144209.94474761916	300	59.92893147817409	0.0	157671	1078.144724515159	0.3
144213.60718659268	750	59.878435993644494	0.0	399894	2550.495484529591	0.3
144216.08667521982	750	59.54966342454298	0.0	401853	2328.77256910152	0.75
144218.66570399486	750	59.99100706605568	0.0	343800	2058.6563584872893	0.75
144221.5182622003	750	59.63991417163086	0.0	359903	2351.0928944248144	0.75
144224.35247248912	750	59.958541682705516	0.0	379700	2181.37248892535	0.75
144227.01972404416	750	59.776334805131306	0.0	425781	2182.206877574207	0.75
144230.1108911889	750	59.56377357150737	0.0	277716	2712.5612336239387	0.75
144236.10924763553	750	57.565417124869	0.0	400396	5998.356446638371	0.75
144240.67933950297	750	56.995325257434594	0.0	400508	4570.09186743441	0.75
144247.61208246942	750	54.06258229097099	0.0	358218	6932.742966463608	0.75
144253.10762298733	750	52.56704177306378	0.0	400322	5495.540517907211	0.75
144254.60925553643	300	55.065409223963805	0.0	143881	1501.6325490999754	-0.15000000000000002
144255.99612642676	300	57.67853833365108	0.0	163444	1386.8708903127206	0.3
144259.70811603018	750	57.96654873021601	0.0	401088	3711.9896034350727	0.3
144263.49322310346	750	58.18144165694749	0.0	365161	3785.1070732685153	0.75
144266.5746018668	750	59.10006289360487	0.0	321064	3081.378763342622	0.75
144269.91511074154	750	59.7595540188953	0.0	361565	2840.508874709575	0.75
144272.6410635375	750	59.838490352761895	0.0	378327	2421.063666133404	0.75
144276.07169473023	750	59.87411932132417	0.0	390680	2464.3710314377254	0.75
144278.66063611367	750	59.63927871025053	0.0	345516	2234.840611073642	0.75
144281.62215610722	750	59.92506909966613	0.0	384505	2214.209610584405	0.75
144285.45550702605	1200	59.5420488317303	0.0	599477	2883.020267935837	0.75
144292.68804550645	1200	56.30951035133022	0.0	634861	7232.538480400081	1.2
144297.16912315247	1200	55.82843270532554	0.0	630203	4481.077646004679	1.2
144301.47723776472	1200	55.52031809307095	0.0	638661	4308.1146122545915	1.2
144308.5112170945	1850	52.48633876331601	0.0	830730	7033.979329754935	1.2000000000000002
144318.01744167972	2850	46.980114178094325	0.0	1364537	9506.224585221686	1.85
144321.0440095059	750	47.95354635191297	0.0	450283	3026.567826181357	0.75
144323.99560748533	750	49.001948372482204	0.0	398865	2951.5979794307655	0.75
144326.4184782523	750	50.57907760547201	0.0	350812	2422.8707670101935	0.75
144328.58451453722	750	52.413041320574095	0.0	382355	2166.036284897923	0.75
144331.1236956649	750	53.873860192901525	0.0	411561	2539.1811276725607	0.75
144333.82464337518	750	55.17291248260463	0.0	318564	2700.9477102968945	0.75
144336.99935700555	750	55.998198852232726	0.0	352642	3174.713630371906	0.75
144341.4889528739	750	55.508602983918856	0.0	437162	4489.59586831387	0.75
144347.85192086973	750	53.14563498806137	0.0	374758	6362.967995857486	0.75
144349.87419435088	750	55.12336150691976	0.0	362795	2022.2734811416121	0.75
144351.92943042272	750	57.06812543506548	0.0	353220	2055.2360718542677	0.75
144354.30906435393	750	58.68849150386005	0.0	405134	2379.6339312054347	0.75
144356.55971453746	750	59.56111040147843	0.0	386351	2127.381102381625	0.75
144359.6851816807	750	59.689011370449535	0.0	434409	2372.0990310288885	0.75
144362.08142490455	750	59.79307381459214	0.0	337059	1895.9375558573981	0.75
144364.76955715715	750	59.53466052231762	0.0	366214	2258.4132922745166	0.75
144368.59183406745	750	59.64788154731333	0.0	360831	2886.778975004295	0.75
144372.32697851802	750	59.91273709675782	0.0	372963	3735.1444505555014	0.75
144378.3300906239	750	57.90962499085719	0.0	405596	6003.112105900633	0.75
144380.925754738	750	59.31396087678094	0.0	350713	2595.664114076254	0.75
144387.83875082844	750	56.40096478633743	0.0	386472	6912.9960904435075	0.75
144390.8884328408	750	57.35128277399033	0.0	399894	3049.682012347103	0.75
144394.389187603	750	57.850528011797934	0.0	401853	3500.754762192398	0.75
144397.32364811798	750	58.916067496798306	0.0	343800	2934.460514999626	0.75
144400.26908867678	750	59.97062693799892	0.0	359903	2945.440558799385	0.75
144404.03278035962	750	59.62815736887837	0.0	379700	3342.469569120558	0.75
144408.0245806893	750	59.636357039217465	0.0	425781	3991.8003296608995	0.75
144412.54890041583	750	59.11203731264702	0.0	277716	4524.31972657045	0.75
144424.00947082147	750	51.65146690701944	0.0	400396	11460.570405627574	0.75
144426.19160169023	300	53.46933603826449	0.0	149029	2182.1308687549526	-0.15000000000000002
144429.41752109816	300	54.24341663033788	0.0	157421	3225.9194079266085	0.3
144434.87099054223	300	52.7899471862569	0.0	157488	5453.469444080978	0.3
144436.2211559509	300	55.43978177761364	0.0	143881	1350.165408643267	0.3
144439.30827724328	300	56.3526604851925	0.0	163444	3087.121292421133	0.3
144445.63975776677	300	54.02117996172112	0.0	179328	6331.480523471386	0.3
144451.68767991866	300	51.97325780981858	0.0	159914	6047.922151902537	0.3
144455.51111002782	300	52.149827700656814	0.0	131610	3823.430109161758	0.3
144459.94993311164	300	51.7110046168386	0.0	124011	4438.823083818211	0.3
144464.77317918924	300	50.88775853924276	0.0	144254	4823.246077595844	0.3
144469.39107999083	300	50.26985773763344	0.0	149991	4617.90080160932	0.3
144471.61216915192	300	52.04876857652575	0.0	147968	2221.0891611076777	0.3
144474.02362511482	300	53.63731261363327	0.0	161857	2411.4559628924844	0.3
144475.98931169798	300	55.6716260304825	0.0	145210	1965.6865831507764	0.3
144477.8577210135	300	57.80321671496387	0.0	172312	1868.4093155186272	0.3
144479.4502216371	300	59.75054778699065	0.0	167025	1552.6689279732134	0.3
144483.09551608594	750	59.597816410384816	0.0	393804	2652.731376605835	0.3
144489.6443668701	1200	57.04896562622053	0.0	538612	6548.850784164283	0.75
144533.55022356502	2850	17.14310893130304	0.0	1364537	43905.85669491749	1.2000000000000002
144543.89067566273	750	10.802656833599636	0.0	450283	10340.452097703403	0.75
144546.23759600823	300	12.455736488098228	0.0	155580	2346.9203455014085	-0.15000000000000002
144548.47993939795	300	14.213393098372334	0.0	139857	2242.3433897258933	0.3
144551.20832747515	300	15.485005021185305	0.0	155432	2728.3880771870295	0.3
144554.70879076188	300	15.984541734443088	0.0	163442	3500.463286742217	0.3
144559.4386835515	300	15.254648944841461	0.0	126289	4729.892789601627	0.3
144561.27551902225	300	17.41781347408115	0.0	153295	1836.8354707603098	0.3
144562.56211017884	300	20.131222317523935	0.0	173849	1286.591156557218	0.3
144563.62407065267	300	23.069261843697905	0.0	150710	1061.9604738260264	0.3
144564.44813521305	300	26.24519728332844	0.0	139105	824.0645603694636	0.3
144565.28521987595	300	29.408112620428103	0.0	141840	837.084662900338	0.3
144566.43425281259	300	32.25907968380899	0.0	156148	1149.0329366191093	0.3
144567.5468546616	300	35.146477834777144	0.0	160746	1112.601849031851	0.3
144568.7180363118	300	37.97529618459484	0.0	179801	1171.1816501823023	0.3
144569.5883806763	300	41.10495182010705	0.0	140051	870.3443644877888	0.3
144570.3238174805	300	44.36951501591049	0.0	138313	735.4368041965552	0.3
144571.25381063457	300	47.43952186183169	0.0	143509	929.9931540787917	0.3
144573.6922573463	750	49.00107515012054	0.0	372963	2438.4467117111476	0.3
144576.4168494696	750	50.27648302681407	0.0	405596	2724.5921233064714	0.75
144578.76164341602	750	51.931689080396495	0.0	350713	2344.7939464175824	0.75
144581.61611438365	750	53.0772181127684	0.0	386472	2854.4709676280913	0.75
144583.80195011297	750	54.891382383429736	0.0	399894	2185.8357293386675	0.75
144585.73472228862	750	56.958610207791935	0.0	401853	1932.772175637801	0.75
144587.9075195936	750	58.78581290281556	0.0	343800	2172.797304976378	0.75
144590.71436146408	750	59.978971032341946	0.0	359903	2306.8418704736155	0.75
144593.40791329317	750	59.5718993429356	0.0	379700	1907.0716894063407	0.75
144595.68779606654	750	59.985698026076165	0.0	425781	2086.2013168594444	0.75
144597.5563400261	750	59.572266774577024	0.0	277716	1413.4312514991423	0.75
144601.0747084673	750	59.99163890799314	0.0	400396	2580.627866583882	0.75
144605.10903311474	750	59.56334687159255	0.0	400508	2928.292036400592	0.75
144609.10980293297	750	59.5625770533582	0.0	358218	4000.769818234353	0.75
144612.5817401176	750	59.99000967567787	0.0	400322	2572.5673776803324	0.75
144615.53893001395	750	59.908099630967584	0.0	369834	2081.910044710281	0.75
144618.71436712716	750	59.70152100019298	0.0	412837	2206.578630774604	0.75
144621.40716883133	750	59.53404938931618	0.0	401088	2667.471610876797	0.75
144624.66067718118	750	59.62046026103843	0.0	365161	2413.589128277754	0.75
144626.93877077405	750	59.835873075382246	0.0	321064	1784.5871856561855	0.75
144629.36514893052	750	59.74443720077241	0.0	361565	2091.435874609834	0.75
144631.85745854003	750	59.79625353694451	0.0	378327	2448.1836638279015	0.75
144634.60724335958	750	59.63342409999263	0.0	390680	2662.8294369518785	0.75
144637.5305765426	750	59.639735199802	0.0	345516	1993.6889001906363	0.75
144640.36557233686	750	59.87255944408801	0.0	384505	2267.1757557139895	0.75
144643.28380092618	750	59.887355168699806	0.0	372093	2485.204275388203	0.75
144647.42544940984	750	59.745706685049186	0.0	438281	4141.64848365062	0.75
144650.50856957448	750	59.51648300151248	0.0	398987	2729.2236835366975	0.75
144652.88689924337	750	59.70376640761216	0.0	393804	2312.716593900327	0.75
144659.01877551066	1850	57.571890140323475	0.0	830730	6131.876267288684	0.75
144669.61767522924	2850	50.97299042172841	0.0	1364537	10598.899718595065	1.85
144672.2279879901	750	52.36267766087847	0.0	450283	2610.3127608499417	0.75
144674.59994759335	750	53.990718057613954	0.0	398865	2371.9596032645168	0.75
144677.0418355995	750	55.54883005148365	0.0	350812	2441.8880061303075	0.75
144682.31476410915	750	54.2759015418375	0.0	382355	5272.928509646146	0.75
144686.47569506688	750	54.11497058411778	0.0	411561	4160.930957719723	0.75
144688.10256158042	750	56.48810407058148	0.0	318564	1626.8665135362974	0.75
144689.6474918294	750	58.943173821561444	0.0	352642	1544.9302490200323	0.75
144692.0251819878	750	59.947931572918144	0.0	437162	1995.2422486432963	0.75
144694.38859654972	750	59.65294824680161	0.0	374758	1794.9833261165381	0.75
144696.8919043964	750	59.806009941362795	0.0	362795	2346.9383054388068	0.75
144700.69907902545	750	59.99883531232013	0.0	353220	3807.17462904267	0.75
144711.18681174258	750	53.51110259519221	0.0	405134	10487.732717127916	0.75
144718.37592255312	750	50.321991784640815	0.0	386351	7189.1108105513995	0.75
144725.7461115622	750	46.95180277555284	0.0	434409	7370.189009087965	0.75
144726.95250579584	300	49.745408541939874	0.0	140051	1206.3942336129714	-0.15000000000000002
144727.69183949468	300	53.006074843099555	0.0	138313	739.3336988403229	0.3
144728.36948654393	300	56.32842779385097	0.0	143509	677.647049248581	0.3
144729.01369018064	300	59.6842241571528	0.0	150616	644.2036366981712	0.3
144731.03116976365	750	59.77406202837019	0.0	405596	1910.1621287826142	0.3
144732.9013059196	750	59.58815267751608	0.0	350713	1685.909350854109	0.75
144736.78487445496	1200	59.691981812382785	0.0	601738	2896.170865133285	0.75
144739.99536570156	1200	59.680935024186425	0.0	616206	2511.04678819636	1.2
144743.27574519534	1200	59.74596750650822	0.0	656471	2934.9675176782034	1.2
144745.8840730664	1200	59.56500955901496	0.0	536667	2180.9579474932584	1.2
144749.15336427986	1200	59.55404891409696	0.0	587236	3010.960644917997	1.2
144752.52271305665	1200	59.69303980997334	0.0	590335	3361.009104123619	1.2
144756.4675201821	1200	59.748232684526634	0.0	696376	3944.807125446704	1.2
144760.3320426534	1200	59.8837102132134	0.0	487160	3364.522471313243	1.2
144764.5854614229	1200	59.63029144374015	0.0	622896	3753.418769473243	1.2
144767.96829960094	1200	59.95941637416398	0.0	641447	3170.8750695761714	1.2
144771.11384637307	1200	59.858124542322024	0.0	570392	3101.2918318419574	1.2
144774.5947925701	1200	59.980278913952546	0.0	620283	2877.8456283694773	1.2
144777.88461156545	1200	59.836919700628954	0.0	584349	2643.3592133235975	1.2
144782.2156397903	1200	59.50589147577222	0.0	670129	4331.028224856734	1.2
144786.5589904625	1200	59.16254080357136	0.0	690253	4343.350672200857	1.2
144790.66729441722	1200	59.05423684889382	0.0	598727	4108.30395467754	1.2
144800.16452190804	1200	53.557009358057186	0.0	487812	9497.227490836636	1.2
144806.1325223142	1200	51.589008951924335	0.0	575591	5968.000406132852	1.2
144812.64949730065	1200	49.072033965467966	0.0	605884	6516.97498645637	1.2
144819.60661639896	750	46.11491486715865	0.0	390680	6957.119098309311	0.3
144820.80119960505	300	48.92033166107309	0.0	147968	1194.5832060855635	-0.15000000000000002
144822.608425635	300	51.11310563110559	0.0	161857	1807.226029967506	0.3
144823.9708796588	300	53.7506516073142	0.0	145210	1362.454023791387	0.3
144825.39237971776	300	56.329151548345585	0.0	172312	1421.500058968613	0.3
144826.7056173924	300	59.01591387368971	0.0	167025	1313.237674655875	0.3
144831.313136551	1200	58.408394715117716	0.0	638661	4607.519158572002	0.29999999999999993
144837.4671412449	1200	56.25439002120224	0.0	538612	6154.004693915472	1.2
144860.44415228438	2850	37.277378981744626	0.0	1364537	22977.011039457615	1.2000000000000002
144862.39444417963	750	39.327087086494174	0.0	450283	1950.2918952504458	0.75
144863.91172556666	750	41.809805699472484	0.0	398865	1517.2813870216926	0.75
144865.0012279389	750	44.720303327231726	0.0	350812	1089.5023722407545	0.75
144866.26395909322	750	47.45757217290511	0.0	382355	1262.7311543266178	0.75
144867.71870269044	750	50.00282857566246	0.0	411561	1454.7435972426483	0.75
144868.72053164564	750	53.00099962049737	0.0	318564	1001.8289551650988	0.75
144869.85643621683	750	55.86509504928223	0.0	352642	1135.9045712151383	0.75
144872.46521770654	1200	57.25631355958082	0.0	709534	2608.781489701411	0.75
144874.38479257555	1200	59.33673869055555	0.0	584846	1919.5748690252722	1.2
144876.33211136304	1200	59.98889969285388	0.0	560821	1847.8389977016739	1.2
144879.55793788558	1200	59.92622632646896	0.0	607410	2562.673366384923	1.2
144883.6155212269	1200	59.514011233897044	0.0	594078	3412.2150925719134	1.2
144886.74850308232	1200	59.895204430539366	0.0	624282	3118.8068033576806	1.2
144890.70282301743	1200	59.940884495434695	0.0	687371	3954.3199351046683	1.2
144894.60077874456	1200	59.85615412546177	0.0	526950	3084.7303699729246	1.2
144898.04899610335	1200	59.74165812464422	0.0	587876	2614.4960008175553	1.2
144901.79475989295	1200	59.995894335055276	0.0	617242	3745.763789588939	1.2
144904.44427798185	1200	59.75787786438361	0.0	581493	2238.016470671662	1.2
144906.34304046672	1200	59.968247431070765	0.0	639204	1789.6304333128476	1.2
144908.5811716668	1200	59.577747856805786	0.0	586839	1890.4995742649805	1.2
144910.60920859393	1200	59.674545206144636	0.0	601738	1903.2026506611494	1.2
144912.73206677934	1200	59.63003325167657	0.0	616206	2044.5119544680647	1.2
144915.44863001007	1850	59.905924751788476	0.0	968026	2224.1084998880956	1.2000000000000002
144917.7222915254	1850	59.58082135954209	0.0	874175	1825.1033922463796	1.85
144919.8657697781	1850	59.65336129474487	0.0	897976	1927.4600647972195	1.85
144921.74964883644	1850	59.774430859493584	0.0	905935	1878.9304352512866	1.85
144925.07768597535	1850	59.81288660160131	0.0	1076599	2461.5442578922757	1.85
144928.07563056404	1850	59.94916074776787	0.0	758197	2363.725853833446	1.85
144932.33739001822	1850	59.68740129356971	0.0	972798	3761.7594541981593	1.85
144937.5280272771	1850	58.496764034707184	0.0	975811	5190.637258862527	1.85
144941.39705213194	1850	58.62773917984105	0.0	873429	3869.02485486613	1.85
144946.53795811147	1850	57.48683320032229	0.0	954453	5140.905979518765	1.85
144949.285275439	1200	58.739515872778846	0.0	584349	2747.3173275434483	0.5499999999999999
144953.8756065947	1200	58.14918471708434	0.0	670129	4590.331155694507	1.2
144958.14869944256	1200	57.87609186920912	0.0	690253	4273.092847875221	1.2
144960.94290005494	1200	59.081891256839384	0.0	598727	2794.2006123697374	1.2
144963.38683793644	1200	59.82816642898034	0.0	487812	2253.724827859052	1.2
144966.37253803512	1200	59.73692290644828	0.0	575591	2091.243522532056	1.2
144971.12325951125	1200	58.98620143031881	0.0	605884	4750.721476129473	1.2
144975.16526843392	1200	58.944192507638014	0.0	587506	4042.008922680793	1.2
144979.32391506468	1200	58.78554587687371	0.0	566904	4158.646630764295	1.2
144982.98374658768	1200	59.125714353893045	0.0	641452	3659.8315229806676	1.2
144986.55410726985	1200	59.5553536717039	0.0	599477	3570.360682189151	1.2
144990.3494348203	1200	59.56970280194033	0.0	634861	3485.650869763568	1.2
144995.7606770561	1200	58.15846056613178	0.0	630203	5411.242235808556	1.2
145001.78965832407	1200	56.129479298176015	0.0	638661	6028.981267955756	1.2
145011.30701306908	1850	50.612124553178376	0.0	830730	9517.354744997636	1.2000000000000002
145017.80191622954	2850	48.117221392687455	0.0	1364537	6494.903160490923	1.85
145020.55762574493	750	49.361511877301965	0.0	450283	2755.709515385489	0.75
145024.06053195192	750	49.85860567031871	0.0	398865	3502.9062069832516	0.75
145026.44322313264	750	51.47591448960373	0.0	350812	2382.6911807149845	0.75
145029.0204933936	750	52.898644228633025	0.0	382355	2577.2702609707057	0.75
145032.57522706068	750	53.3439105615618	0.0	411561	3554.733667071234	0.75
145035.15678167416	750	54.76235594809868	0.0	318564	2581.5546134631127	0.75
145038.87447807158	750	55.04465955067004	0.0	352642	3717.696397428641	0.75
145040.53100973633	750	57.38812788590836	0.0	437162	1656.53166476168	0.75
145042.1635289228	750	59.755608699436266	0.0	374758	1632.5191864720998	0.75
145046.1404443745	750	59.6595363651779	0.0	362795	3096.072334258367	0.75
145049.9402292316	750	59.85975150809386	0.0	353220	3299.7848570840397	0.75
145053.20522339037	750	59.92256841596605	0.0	405134	2937.183092127819	0.75
145057.27744772672	750	59.649861781113984	0.0	386351	3772.70663485206	0.75
145062.6753468343	750	58.25196267353835	0.0	434409	5397.8991075756385	0.75
145065.24316573073	750	59.6841437770864	0.0	337059	2067.8188964519477	0.75
145068.1371376626	750	59.549775663925594	0.0	366214	2134.3681131608	0.75
145072.8104184675	750	58.87649485901248	0.0	360831	4673.280804913115	0.75
145075.34521293975	750	59.920539934691156	0.0	372963	2455.9549243213264	0.75
145077.52564385772	750	59.80024424967218	0.0	405596	2120.295685018971	0.75
145080.43874660358	750	59.7337604932227	0.0	350713	2066.483756449492	0.75
145083.03798928912	750	59.991948645141576	0.0	386472	2241.811848081119	0.75
145085.86263366937	750	59.69384187377031	0.0	399894	2298.1067713712723	0.75
145087.55080013096	750	59.55402744739514	0.0	401853	1139.8144263751708	0.75
145089.8307137533	750	59.62024665383729	0.0	343800	1933.7807935578533	0.75
145094.27281715124	750	59.17814325588453	0.0	359903	4442.103397952764	0.75
145097.22485930502	750	59.690240292359306	0.0	379700	1987.9029635252236	0.75
145100.23109372586	750	59.61369267706918	0.0	425781	2076.5476152901238	0.75
145103.19302918648	750	59.787568349520974	0.0	277716	2326.1243275482075	0.75
145106.99757570948	750	59.60320065456212	0.0	400396	3184.3676949588516	0.75
145109.5897667937	750	59.801694526490394	0.0	400508	2301.506128071734	0.75
145112.13921826647	750	59.55781126816882	0.0	358218	2243.883258321571	0.75
145118.3989743925	750	57.298055142130146	0.0	400322	6259.756126038677	0.75
145119.11785656662	750	59.596776225335084	0.0	369834	701.2789167950597	0.75
145124.98394873264	750	57.7306840592989	0.0	412837	5866.09216603618	0.75
145130.59866190152	750	56.11597089044582	0.0	401088	5614.713168853083	0.75
145133.3276005473	750	57.387032244663764	0.0	365161	2728.9386457820588	0.75
145135.13770991575	750	59.576922876196654	0.0	321064	1810.109368467113	0.75
145137.89363199993	750	59.87819013731523	0.0	361565	2198.732738881421	0.75
145140.86765661815	750	59.599272500854184	0.0	378327	2278.9176364610444	0.75
145143.6927909668	750	59.65375881740837	0.0	390680	2445.513683445817	0.75
145145.9066766034	750	59.62712633171049	0.0	345516	2026.6324856978774	0.75
145149.8037005266	750	59.72224094556585	0.0	384505	2904.885386144637	0.75
145152.90233604008	750	59.858992457349466	0.0	372093	2363.2484882163853	0.75
145156.46188117316	750	59.88191340343055	0.0	438281	2977.079053918912	0.75
145161.09475474595	1200	59.24903983063161	0.0	630203	4632.8735727989415	0.75
145165.6629210544	1200	58.68087352221366	0.0	638661	4568.166308417953	1.2
145170.33194164012	1850	58.0118529365029	0.0	830730	4669.020585710766	1.2000000000000002
145178.22288030494	2850	54.1209142716646	0.0	1364537	7890.93866483829	1.85
145181.0390698027	750	55.304724773883336	0.0	450283	2816.1894977812663	0.75
145183.41270038026	750	56.93109419632965	0.0	398865	2373.6305775536907	0.75
145185.62901384145	750	58.714780735135164	0.0	350812	2216.3134611944856	0.75
145188.44760588295	750	59.8807840881323	0.0	382355	2333.9966470028635	0.75
145191.0043128994	750	59.71972827713957	0.0	411561	2161.0558109927224	0.75
145192.80246970695	750	59.938475476118704	0.0	318564	1781.2528010208682	0.75
145195.73043660502	750	59.93294403032244	0.0	352642	2005.5314457962695	0.75
145199.30388217384	750	59.79743897207382	0.0	437162	2635.505058248625	0.75
145202.1318486068	750	59.70242601086685	0.0	374758	2095.012961206966	0.75
145204.77729169346	750	59.93618120341578	0.0	362795	2266.244807451073	0.75
145207.43549430746	750	59.686679035999056	0.0	353220	2249.502167416719	0.75
145209.8881974279	750	59.50467769909019	0.0	405134	2182.0013369088665	0.75
145212.25110664824	750	59.71707398068177	0.0	386351	1787.6037184084205	0.75

