6970.089131021088	750	4.0	2.8173561793236095	450283	2817.3561793236095	-11.36463157109152
6971.233121464416	300	6.856009556671636	0.0	155580	1143.9904433283639	-0.15000000000000002
6972.185597864237	300	9.903533156851038	0.0	139857	952.4763998205976	0.3
6973.338254293122	300	12.750876727965746	0.0	155432	1152.656428885294	0.3
6974.824596371292	300	15.264534649796717	0.0	163442	1486.3420781690295	0.3
6976.971089444144	300	17.118041576944456	0.0	126289	2146.4930728522613	0.3
6977.760491075186	300	20.3286399459017	0.0	153295	789.4016310427596	0.3
6978.954387460263	300	23.134743560824482	0.0	173849	1193.8963850772172	0.3
6980.226325534144	300	25.862805486943916	0.0	150710	1271.9380738805685	0.3
6981.417142967559	300	28.67198805352967	0.0	139105	1190.817433414246	0.3
6982.4099806521435	300	31.67915036894509	0.0	141840	992.8376845845788	0.3
6983.665234724849	300	34.423896296239	0.0	156148	1255.2540727060907	0.3
6985.257930917419	300	36.83120010366976	0.0	160746	1592.6961925692428	0.3
6986.686626867533	300	39.402504153555284	0.0	179801	1428.6959501144738	0.3
6988.230230323881	300	41.858900697206884	0.0	140051	1543.6034563484018	0.3
6989.910301919447	300	44.17882910164045	0.0	138313	1680.0715955664293	0.3
6991.244029168425	300	46.84510185266236	0.0	143509	1333.727248978095	0.3
6992.839159247628	300	49.24997177345913	0.0	150616	1595.1300792032275	0.3
6994.347778102627	300	51.74135291846074	0.0	165384	1508.618854998394	0.3
6995.542895561818	300	54.546235459269575	0.0	140881	1195.1174591911654	0.3
6996.5568239931345	300	57.53230702795324	0.0	157671	1013.9284313163399	0.3
6997.711144343119	300	59.51767142864658	0.0	157812	1014.6355993066624	0.3
6999.377814580206	300	59.953678685440934	0.0	163927	1063.9927432056463	0.3
7001.170560278508	300	59.80414458323108	0.0	137654	1149.5341022098605	0.3
7002.436925034362	300	59.92756800335047	0.0	146754	876.5765798806057	0.3
7006.130862552312	750	59.9059933323621	0.0	379700	3521.5746709883742	0.3
7010.079327759368	750	59.95752812530503	0.0	425781	2948.465207057066	0.75
7012.932539009784	750	59.970836527106954	0.0	277716	1986.6915981980808	0.75
7016.297185970378	750	59.5822728729175	0.0	400396	2388.5636541894564	0.75
7019.112383885376	750	59.80921556862146	0.0	400508	2273.057304296041	0.75
7021.617384337082	750	59.77628564811981	0.0	358218	2032.9299205016505	0.75
7024.012808528874	750	59.764108817825395	0.0	400322	2012.1768302944217	0.75
7026.446155817586	750	59.68455885421854	0.0	369834	2079.5499636068535	0.75
7029.556183107081	750	59.746443872023704	0.0	412837	2938.1149821948316	0.75
7033.073139422598	750	59.76392186791533	0.0	401088	3482.5220041083735	0.75
7036.646750255854	750	59.944333606990504	0.0	365161	2819.5882609248206	0.75
7040.884577978983	750	59.706505883863024	0.0	321064	4237.827723127485	0.75
7046.128666224397	750	58.462417638448166	0.0	361565	5244.088245414853	0.75
7051.733812706755	750	56.85727115609015	0.0	378327	5605.146482358014	0.75
7057.466418965375	750	55.12466489747085	0.0	390680	5732.606258619298	0.75
7060.130496163902	300	56.46058769894442	0.0	147968	2664.077198526426	-0.15000000000000002
7061.348193971752	300	59.24288989109392	0.0	161857	1217.6978078505058	0.3
7062.58491224528	300	59.92626389844488	0.0	145210	816.6259926490376	0.3
7065.521985908855	300	59.77677320709716	0.0	172312	2149.4906913477207	0.3
7068.041873373566	300	59.60662096085446	0.0	167025	1670.1522462426974	0.3
7072.2306206361145	750	59.4178736983055	0.0	393804	4188.7472625489645	0.3
7076.758624619015	1200	58.88986971540533	0.0	538612	4528.003982900166	0.75
7092.150811343816	2850	47.49768299060399	0.0	1364537	15392.186724801335	1.2000000000000002
7102.212711517911	750	41.435782816508386	0.0	450283	10061.900174095606	0.75
7104.367994876756	300	43.28049945766441	0.0	155580	2155.2833588439767	-0.15000000000000002
7106.588792525741	300	45.05970180867891	0.0	139857	2220.797648985496	0.3
7108.736331644156	300	46.91216269026438	0.0	155432	2147.5391184145255	0.3
7112.36455661587	300	47.28393771855013	0.0	163442	3628.224971714258	0.3
7114.367236478367	300	49.281257856053685	0.0	126289	2002.6798624964406	0.3
7117.026455748499	300	50.62203858592242	0.0	153295	2659.2192701312706	0.3
7118.778487344103	300	52.87000699031759	0.0	173849	1752.0315956048296	0.3
7122.501770350717	300	53.14672398370305	0.0	150710	3723.2830066145384	0.3
7124.294474428839	300	55.354019905581325	0.0	139105	1792.7040781217243	0.3
7125.921290409625	300	57.72720392479615	0.0	141840	1626.8159807851803	0.3
7127.895324440507	300	59.753169893914716	0.0	156148	1974.0340308814366	0.3
7129.322929244073	300	59.83796063483551	0.0	160746	1415.2092590792056	0.3
7131.635254531551	300	59.87299576334079	0.0	179801	1464.9648714947173	0.3
7133.6971276702	300	59.710739402008265	0.0	140051	1162.2563613325265	0.3
7135.700014499159	300	59.844104376186685	0.0	138313	1366.6350258215832	0.3
7138.124139354342	300	59.64016785016336	0.0	143509	1703.9365260233233	0.3
7140.424948849932	300	59.54435726694903	0.0	150616	1595.810583214324	0.3
7142.4057195129035	300	59.591971391650176	0.0	165384	1452.3858752988563	0.3
7144.240892430511	300	59.61907732668262	0.0	140881	1472.894064967558	0.3
7145.659629501242	300	59.78034821763779	0.0	157671	1338.729109044834	0.3
7146.724055887259	300	59.7386390054726	0.0	157812	1041.7092121651895	0.3
7148.8174845250305	300	59.652783273512426	0.0	163927	1085.8557319601748	0.3
7150.538604163704	300	59.99100990708167	0.0	137654	1161.773366430759	0.3
7152.225160283209	300	59.81740498344951	0.0	146754	1173.6049236321571	0.3
7153.887110725572	300	59.68840536020575	0.0	153938	1128.9996232437643	0.3
7155.502327909921	300	59.59227217758986	0.0	181901	1096.1331826158828	0.3
7156.706249906461	300	59.6898531801863	0.0	111155	902.4189974035618	0.3
7157.855618960854	300	59.705920152558875	0.0	153605	983.9330276274288	0.3
7159.711590823119	300	59.550652234809526	0.0	149029	1655.267917749346	0.3
7161.680232642341	300	59.611183297455035	0.0	157421	1939.4689373544925	0.3
7163.970249317796	300	59.92626140066211	0.0	157488	1684.9218967929205	0.3
7166.686578996742	300	59.79564395051978	0.0	143881	2130.6174501423307	0.3
7168.490167476202	300	59.876205825191484	0.0	163444	1419.4381253282984	0.3
7170.470286484933	300	59.51872149789204	0.0	179328	1357.4843272994494	0.3
7172.22500145094	300	59.63268135560419	0.0	159914	1386.0401422878467	0.3
7174.3088898637225	300	59.97957456107308	0.0	131610	1153.106794531111	0.3
7176.179744843459	300	59.94503788032983	0.0	124011	1034.536680743249	0.3
7178.344950355686	300	59.710594273712736	0.0	144254	1234.4436066170979	0.3
7182.9447434931	750	59.1108011362991	0.0	390680	4599.793137413634	0.3
7186.386738036328	750	59.66880659307099	0.0	345516	2941.994543228108	0.75
7190.220239253197	750	59.55883077776307	0.0	384505	3109.975815307925	0.75
7191.594533299928	300	59.92294645517712	0.0	145210	1135.8843225859555	-0.15000000000000002
7193.377911656374	300	59.590462139027714	0.0	172312	1332.4843161493964	0.3
7196.273140386065	750	59.808794794330055	0.0	398987	2781.6673446976647	0.3
7200.112810393526	750	59.64024048309616	0.0	393804	3668.5543112338896	0.75
7205.505857771337	1200	58.247193105285795	0.0	538612	5393.047377810364	0.75
7228.947366467368	2850	38.80568440925507	0.0	1364537	23441.50869603072	1.2000000000000002
7236.03278745739	750	35.72026341923241	0.0	450283	7085.420990022662	0.75
7237.037897153494	300	38.71515372312927	0.0	155580	1005.1096961031468	-0.15000000000000002
7238.156151802208	300	41.5968990744148	0.0	139857	1118.2546487144677	0.3
7239.565736367987	300	44.187314508636526	0.0	155432	1409.5845657782806	0.3
7242.25260024607	300	45.5004506305535	0.0	163442	2686.86387808302	0.3
7244.332837657972	300	47.42021321865086	0.0	126289	2080.237411902641	0.3
7245.303878150233	300	50.449172726390366	0.0	153295	971.0404922604938	0.3
7248.3354281662705	300	51.41762271035358	0.0	173849	3031.550016036786	0.3
7251.341109185579	300	52.41194169104518	0.0	150710	3005.6810193084007	0.3
7254.104419432368	300	53.648631444256644	0.0	139105	2763.31024678853	0.3
7257.430660308222	300	54.322390568401744	0.0	141840	3326.240875854901	0.3
7261.339846859574	300	54.4132040170494	0.0	156148	3909.186551352347	0.3
7263.758090322443	300	55.9949605541804	0.0	160746	2418.2434628689916	0.3
7266.143797625921	300	57.609253250702075	0.0	179801	2385.70730347833	0.3
7268.405317088367	300	59.347733788256754	0.0	140051	2261.5194624453247	0.3
7271.193369382955	300	59.98301883649617	0.0	138313	1864.714951760582	0.3
7272.55193328246	300	59.70590555815761	0.0	143509	1277.1132783385608	0.3
7274.305517259342	300	59.55983888029943	0.0	150616	1646.0666778581804	0.3
7276.833629442867	300	59.53454143804908	0.0	165384	1525.2974422503457	0.3
7278.6539298121215	300	59.81729862405913	0.0	140881	1217.2428139899548	0.3
7280.59532312345	300	59.83163074602756	0.0	157671	1485.66787803157	0.3
7283.495838228718	300	59.79423591004178	0.0	157812	2537.3948359857814	0.3
7286.462647604127	300	59.91739135697818	0.0	163927	2876.844553063594	0.3
7288.62459987237	300	59.75139763402931	0.0	137654	1165.9937229488708	0.3
7290.976867086069	300	59.753243299826835	0.0	146754	1498.1543342024722	0.3
7293.204141209214	300	59.7621626780034	0.0	153938	1491.080621823439	0.3
7296.556146335626	300	59.62425686545785	0.0	181901	2637.9058125455454	0.3
7299.456729465813	300	59.92651495729759	0.0	111155	2697.7419081602557	0.3
7301.171081085098	300	59.60575975866787	0.0	153605	1320.7551986297208	0.3
7303.2328070693575	300	59.69669497686573	0.0	149029	1909.0647818021469	0.3
7305.379646683705	300	59.90460577092104	0.0	157421	1292.0892059446903	0.3
7306.933329171179	300	59.750139731385886	0.0	157488	654.4660395351505	0.3
7308.258988291363	300	59.72191839526318	0.0	143881	528.2213361227061	0.3
7309.551265326226	300	59.67899876986152	0.0	163444	542.9196254016565	0.3
7311.384710217307	750	59.806955029052354	0.0	401088	1372.0437408091677	0.3
7313.170350875076	750	59.590335275303104	0.0	365161	1216.619753749251	0.75
7315.499962814969	750	59.65453975736676	0.0	321064	1935.7955179363419	0.75
7318.662968256699	1200	59.97044524748038	0.0	575591	2184.0945098863854	0.75
7321.283817710885	1200	59.59897598630948	0.0	605884	2371.4692611708933	1.2
7324.351962044831	1200	59.880093915843425	0.0	587506	2218.8820704660566	1.2
7327.5286349474445	1200	59.9113885962771	0.0	566904	2468.705319566324	1.2
7331.534489332672	1200	59.90553421104907	0.0	641452	3505.8543852280286	1.2
7335.001715249858	1200	59.91883223659338	0.0	599477	2986.7019744556956	1.2
7339.193081420662	1200	59.503911122556296	0.0	634861	3414.921114037084	1.2
7346.318614633695	1200	56.37837790952276	0.0	630203	7125.53321303354	1.2
7351.681689669676	1200	55.01530287354215	0.0	638661	5363.075035980611	1.2
7356.380147386336	1200	54.316845156882565	0.0	538612	4698.457716659583	1.2
7368.256698136128	2850	46.44029440709102	0.0	1364537	11876.550749791546	1.2000000000000002
7371.002589335597	750	47.69440320762158	0.0	450283	2745.8911994694336	0.75
7373.020784598163	750	49.67620794505522	0.0	398865	2018.195262566365	0.75
7374.802368668915	750	51.894623874303896	0.0	350812	1781.5840707513207	0.75
7376.556793449955	750	54.14019909326391	0.0	382355	1754.4247810399931	0.75
7378.477572584509	750	56.21941995871048	0.0	411561	1920.779134553429	0.75
7380.149133437896	750	58.54785910532329	0.0	318564	1671.5608533871957	0.75
7383.07697713777	750	59.6200154054501	0.0	352642	2427.8436998731895	0.75
7385.927087684707	750	59.81263051891833	0.0	437162	2307.384886531763	0.75
7388.567643346492	750	59.70421551822864	0.0	374758	2108.4150006896957	0.75
7390.941701947968	750	59.977756548038805	0.0	362795	2226.458970189829	0.75
7393.1663102166385	750	59.85925222934579	0.0	353220	2118.50431869301	0.75
7396.2256493058685	750	59.82313465971991	0.0	405134	3036.1175696258815	0.75
7401.988182284862	750	58.060601680727075	0.0	386351	5762.532978992846	0.75
7405.703707736712	750	58.345076228876955	0.0	434409	3715.5254518501147	0.75
7408.367555116358	750	59.68122884923075	0.0	337059	2163.847379646203	0.75
7411.217398323259	750	59.59387091082731	0.0	366214	2087.357938403439	0.75
7415.056505972799	750	59.50005972030522	0.0	360831	3093.8111905220935	0.75
7417.960622570797	750	59.86114965081551	0.0	372963	2638.9100694897074	0.75
7421.630884340881	750	59.58362203002806	0.0	405596	3277.5276207874476	0.75
7424.381745763015	750	59.84455839360827	0.0	350713	2739.063636419793	0.75
7428.4192561023265	750	59.807048054296835	0.0	386472	4037.5103393114346	0.75
7432.329948455008	750	59.89635570161578	0.0	399894	3910.692352681059	0.75
7441.431329518896	750	54.7949746377282	0.0	401853	9101.38106388758	0.75
7443.652828112057	750	56.573476044565936	0.0	343800	2221.4985931622646	0.75
7446.047060613558	750	58.1792435430655	0.0	359903	2394.2325015004303	0.75
7449.328904848026	750	58.897399308598075	0.0	379700	3281.844234467429	0.75
7454.036995976132	750	58.18930818049118	0.0	425781	4708.0911281069	0.75
7457.800319972861	750	58.425984183762786	0.0	277716	3763.3239967283944	0.75
7462.135475760689	750	58.090828395934395	0.0	400396	4335.155787828387	0.75
7465.689255682009	750	58.5370484746145	0.0	400508	3553.7799213198928	0.75
7470.100804103719	750	58.12550005290478	0.0	358218	4411.548421709715	0.75
7475.488109373766	750	56.738194782857505	0.0	400322	5387.305270047276	0.75
7481.840274082535	750	54.38603007408817	0.0	369834	6352.164708769338	0.75
7483.380594647284	300	56.845709509339756	0.0	163444	1540.3205647484033	-0.15000000000000002
7484.549938461438	300	59.676365695185304	0.0	179328	1169.3438141544557	0.3
7485.50631830771	300	59.769171014118704	0.0	159914	907.1946810665986	0.3
7487.085646821372	300	59.95459933988961	0.0	131610	814.5716742290974	0.3
7489.034114472971	300	59.79724393380705	0.0	124011	1157.3554060825534	0.3
7490.426009395301	300	59.89085259540074	0.0	144254	906.3913384063211	0.3
7491.808726954491	300	59.88874560776679	0.0	149991	1002.1069876339376	0.3
7492.988193495887	300	59.92881762284744	0.0	147968	959.9279849193555	0.3
7494.453389241667	300	59.7354890281959	0.0	161857	1193.3285946515407	0.3
7496.238961001205	300	59.924136723990415	0.0	145210	811.3523042054898	0.3
7499.215323803981	750	59.578565050268914	0.0	438281	2845.5716737214957	0.3
7502.985391194568	750	59.70892691950263	0.0	398987	2869.6381307662878	0.75
7506.93038133501	1200	59.76393677906078	0.0	638661	3944.990140441847	0.75
7512.047902924668	1850	58.64641518940219	0.0	830730	5117.521589658586	1.2000000000000002
7522.5926187842615	2850	52.10169932980879	0.0	1364537	10544.715859593403	1.85
7525.944919105996	750	52.749399008075436	0.0	450283	3352.3003217333508	0.75
7528.320840521633	750	54.3734775924383	0.0	398865	2375.9214156371413	0.75
7530.476823069454	750	56.21749504461673	0.0	350812	2155.9825478215657	0.75
7533.46815038652	750	57.226167727549985	0.0	382355	2991.3273170667508	0.75
7536.50549779589	750	58.18882031818034	0.0	411561	3037.3474093696445	0.75
7539.137487085928	750	59.55683102814214	0.0	318564	2131.989290038196	0.75
7542.484763827559	750	59.81895523291785	0.0	352642	2737.8757952242972	0.75
7546.222668632727	750	59.699703303536694	0.0	437162	3119.2519293811547	0.75
7550.023201680564	750	59.80426321751177	0.0	374758	3395.4400860249257	0.75
7554.380577361574	750	59.446887536501485	0.0	362795	4357.375681010282	0.75
7558.04499807797	750	59.78246682010608	0.0	353220	3664.4207163954065	0.75
7563.263507370827	750	58.5639575272493	0.0	405134	5218.5092928567765	0.75
7567.081218066842	750	58.74624683123431	0.0	386351	3817.710696014993	0.75
7571.2650814757635	750	58.56238342231245	0.0	434409	4183.86340892186	0.75
7578.573251311892	750	55.25421358618458	0.0	337059	7308.169836127872	0.75
7580.378100023613	300	57.44936487446264	0.0	138313	1804.8487117219304	-0.15000000000000002
7581.970202539812	300	59.85726235826448	0.0	143509	1592.1025161981577	0.3
7583.14013095182	300	59.53834506279026	0.0	150616	818.9172954742198	0.3
7584.467548086575	300	59.745642053679674	0.0	165384	1292.7030091105912	0.3
7587.359704407056	300	59.76192095626124	0.0	140881	1983.7210974184268	0.3
7590.042122972541	300	59.55492928505033	0.0	157671	1706.9916712109205	0.3
7591.923940568676	300	59.53223393411904	0.0	157812	1022.6953509312849	0.3
7593.734409006944	300	59.916060837587736	0.0	163927	1616.1730965313047	0.3
7594.795536061867	300	59.67264498099399	0.0	137654	743.4158565937464	0.3
7597.134023060604	300	59.58225708079052	0.0	146754	2090.3879002034696	0.3
7600.803317076619	300	59.63215962204938	0.0	153938	2450.097458741142	0.3
7604.344064074732	300	59.76638440163005	0.0	181901	3365.7752204193284	0.3
7607.552124432179	300	59.7448401117538	0.0	111155	2521.5442898762503	0.3
7609.996128883236	300	59.55609592001037	0.0	153605	1688.7441917434355	0.3
7614.005387611174	300	59.5468371920727	0.0	149029	4009.2587279376685	0.3
7617.151349847366	300	59.561115567601924	0.0	157421	2985.721624470774	0.3
7620.915948349945	300	59.69893662217338	0.0	157488	2862.17894542855	0.3
7622.880632787566	300	59.602804181937856	0.0	143881	1096.1324402355217	0.3
7625.401343273189	300	59.606224937819796	0.0	163444	1996.579244118063	0.3
7627.56145263323	300	59.973735878551516	0.0	179328	2132.4890592682805	0.3
7631.564551048878	300	59.970637462903966	0.0	159914	3503.0984156475542	0.3
7633.411473139771	300	59.902535775667204	0.0	131610	1068.1016872367586	0.3
7636.849309257345	300	59.93802791870824	0.0	124011	2964.507856958971	0.3
7639.366651062918	300	59.60152114622967	0.0	144254	1836.5067724785645	0.3
7643.271517036609	300	59.69665517253809	0.0	149991	3404.8659736915874	0.3
7644.852980831319	300	59.71827377857603	0.0	147968	978.3813939620628	0.3
7645.851632503494	300	59.86498914286183	0.0	161857	853.2846357141998	0.3
7646.775579246756	300	59.66619928946247	0.0	145210	698.7898533993549	0.3
7649.7395075856275	300	59.99731356495702	0.0	172312	2168.885724505451	0.3
7652.571042617749	300	59.90856735607959	0.0	167025	2088.7462088774373	0.3
7656.40927111872	750	59.54634751721602	0.0	393804	2862.219838863563	0.3
7659.2820314759565	1200	59.63297166965168	0.0	538612	2413.375847564336	0.75
7664.340952532326	2850	58.574050613282274	0.0	1364537	5058.921056369406	1.2000000000000002
7667.166927085956	750	59.57421611948802	0.0	450283	1999.8344937942506	0.75
7669.489570797626	750	59.771964293570676	0.0	398865	1802.2518259173512	0.75
7671.327894878653	750	59.81749819593404	0.0	350812	1454.4660976366308	0.75
7672.600752887313	750	59.81799818329839	0.0	382355	999.5000126356534	0.75
7675.444756374083	1200	59.703175437925935	0.0	652874	2614.8227453724526	0.75
7678.02334721883	1200	59.9829703862516	0.0	520315	1720.2050516743363	1.2
7680.3744988507115	1200	59.682087466846994	0.0	561791	2300.882919404612	1.2
7683.143286350599	1200	59.76182807314182	0.0	709534	1920.25939370517	1.2
7686.301038869586	1200	59.55721586673917	0.0	584846	2204.612206402649	1.2
7688.8496745466355	1200	59.95996818450661	0.0	560821	2097.247682232559	1.2
7691.480280906067	1200	59.82085900219993	0.0	607410	2139.1091823066768	1.2
7693.529346666742	1200	59.99157471042407	0.0	594078	1829.2842917758696	1.2
7695.69599114739	1200	59.95864320454991	0.0	624282	2032.9315058741588	1.2
7698.548738676436	1200	59.7941259274136	0.0	687371	2664.5172771363036	1.2
7700.180009451482	1200	59.522105665846176	0.0	526950	1272.020261567427	1.2
7702.604630608597	1200	59.9449203440273	0.0	587876	1577.1853218188667	1.2
7704.500812254552	1200	59.61554743869745	0.0	617242	1829.372905329859	1.2
7706.582588211782	1200	59.81256383039611	0.0	581493	1302.983608301336	1.2
7708.725076631018	1200	59.79121579524242	0.0	639204	1521.3480351536882	1.2
7711.804695666958	1850	59.51197646931342	0.0	923755	2279.239325929005	1.2000000000000002
7714.339220096176	1850	59.57990410970922	0.0	891604	1932.0723596042042	1.85
7716.881331053242	1850	59.56307466598369	0.0	955231	2016.829443725527	1.85
7719.613739436839	1850	59.90651123085571	0.0	968026	2656.5634351279814	1.85
7723.5913125908555	1850	59.91014712808186	0.0	874175	2996.364102773859	1.85
7727.269632206854	1850	59.89709184570366	0.0	897976	3013.0552823781986	1.85
7730.11371662826	1850	59.7526818018109	0.0	905935	2144.4100438927558	1.85
7734.067525430348	1850	59.7988729997233	0.0	1076599	3953.808802087599	1.85
7737.372835645502	1850	59.62245948194664	0.0	758197	2676.4135177766616	1.85
7740.8557609243735	1850	59.89094519119965	0.0	972798	3231.51429074699	1.85
7744.55398788439	1850	59.61803720525361	0.0	975811	3272.9079859460444	1.85
7747.852486320785	1850	59.88144747409086	0.0	873429	3236.589731162745	1.85
7751.2185658629305	1850	59.64436205563491	0.0	954453	3237.0854184559544	1.85
7754.670243957304	1850	59.93252007029269	0.0	885062	2711.841985342216	1.85
7758.8307835271025	1850	59.64816833990873	0.0	1035329	3284.351730383963	1.85
7762.147183605943	1850	59.627562220195976	0.0	1026056	2520.6061197127524	1.85
7764.9288090002165	1850	59.81464650262294	0.0	943942	2312.9157175730365	1.85
7768.1118122491325	1850	59.89699971651541	0.0	728962	2917.6467861075294	1.85
7771.606747387518	1850	59.70721037872704	0.0	938587	3189.789337788376	1.85
7774.36809994148	1850	59.60410700204471	0.0	908665	2603.1033766823334	1.85
7777.915530283832	1850	59.860016419508625	0.0	930577	2744.090582536086	1.85
7781.399145425462	1850	59.715378728600946	0.0	858450	2644.6376909076785	1.85
7785.169237819751	1850	59.9452863343116	0.0	1025005	3770.0923942893514	1.85
7789.639218162778	1850	59.475305991285445	0.0	886255	4469.980343026152	1.85
7792.0615484273685	1200	59.873665953009485	0.0	634861	2101.640038275961	0.5499999999999999
7796.642251110191	1850	59.29296327018766	0.0	958994	4580.702682821822	1.2000000000000002
7801.143548729735	1850	58.79166565064395	0.0	982064	4501.297619543711	1.85
7808.533584483565	2850	55.4016298968125	0.0	1231456	7390.035753831439	1.85

