92481.51132875617	750	4.0	2.5371802488901025	450283	2537.1802488901026	0.7	-10.159875070227441
92483.30486342285	300	6.206465333334675	0.0	155580	1793.5346666653252	0.7	-0.15000000000000002
92485.3691277444	300	8.142201011770707	0.0	139857	2064.264321563968	0.7	0.3
92488.12302323134	300	9.388305524828183	0.0	155432	2753.8954869425233	0.7	0.3
92493.81103276959	300	7.700295986580103	0.0	163442	5688.009538248081	0.7	0.3
92496.02578494312	300	9.485543813055822	0.0	126289	2214.752173524281	0.7	0.3
92498.36777222503	300	11.143556531147683	0.0	153295	2341.9872819081393	0.7	0.3
92501.1571219174	300	12.354206838777568	0.0	173849	2789.3496923701155	0.75	0.3
92505.2594737784	300	12.251854977773142	0.0	150710	4102.351861004424	0.75	0.3
92507.96009982926	300	13.551228926918247	0.0	139105	2700.626050854894	0.75	0.3
92511.04228633885	300	14.469042417324054	0.0	141840	3082.1865095941935	0.75	0.3
92513.76299831028	300	15.748330445898738	0.0	156148	2720.711971425317	0.75	0.3
92515.69168263412	300	17.819646122063258	0.0	160746	1928.6843238354775	0.75	0.3
92518.15207862345	300	19.35925013272763	0.0	179801	2460.39598933563	0.75	0.3
92520.72718248726	300	20.78414626890925	0.0	140051	2575.1038638183795	0.75	0.3
92522.93593726642	300	22.57539148975318	0.0	138313	2208.75477915607	0.75	0.3
92524.48088110758	300	25.030447648586545	0.0	143509	1544.9438411666358	0.75	0.3
92525.74359703825	300	27.767731717909363	0.0	150616	1262.7159306771844	0.75	0.3
92529.47492872967	750	28.03640002648819	0.0	405596	3731.331691421171	0.75	0.3
92533.23436848493	750	28.276960271222617	0.0	350713	3759.439755265575	0.75	0.75
92539.3508675798	750	26.160461176370934	0.0	386472	6116.499094851681	0.75	0.75
92543.17896169783	750	26.332367058325364	0.0	399894	3828.094118045571	0.75	0.75
92546.58010046069	750	26.931228295463917	0.0	401853	3401.138762861446	0.75	0.75
92552.55532716736	750	24.956001588795218	0.0	343800	5975.226706668698	0.75	0.75
92565.52337393256	750	15.987954823591098	0.0	359903	12968.04676520412	0.75	0.75
92578.18021419026	750	7.331114565896571	0.0	379700	12656.840257694526	0.75	0.75
92594.03573380802	750	4.0	8.524405051873103	425781	15855.519617769674	0.75	-35.90494172305434
92598.71949002061	300	4.0	0.6837562125814038	111155	4683.756212581404	0.75	-3.090151714100037
92602.13023029409	300	4.589259726511042	0.0	153605	3410.740273488958	0.75	0.3
92605.38608437557	300	5.333405645024069	0.0	149029	3255.854081486973	0.75	0.3
92608.25354887826	300	6.465941142347148	0.0	157421	2867.464502676921	0.75	0.3
92610.03180006241	300	8.687689958198485	0.0	157488	1778.251184148663	0.75	0.3
92611.17907044971	300	11.540419570894985	0.0	143881	1147.2703873035016	0.75	0.3
92612.95206995094	300	13.767420069663999	0.0	163444	1772.9995012309857	0.75	0.3
92614.98913206649	300	15.730357954115815	0.0	179328	2037.0621155481822	0.75	0.3
92616.34606448917	300	18.373425531431785	0.0	159914	1356.932422684029	0.75	0.3
92617.20062169727	300	21.518868323343234	0.0	131610	854.5572080885507	0.75	0.3
92629.98853133422	1200	12.730958686383538	0.0	575591	12787.909636959697	0.75	0.29999999999999993
92634.40391913413	1200	12.315570886477042	0.0	605884	4415.387799906496	0.75	1.2
92640.64912589983	1200	10.070364120781212	0.0	587506	6245.20676569583	0.75	1.2
92644.21847747118	750	10.501012549428724	0.0	345516	3569.351571352488	0.75	0.3
92647.98535357589	750	10.734136444711249	0.0	384505	3766.876104717476	0.75	0.75
92649.92796725326	750	12.79152276733675	0.0	372093	1942.6136773744988	0.75	0.75
92652.91548578846	750	13.804004232141821	0.0	438281	2987.518535194929	0.75	0.75
92655.4111987918	750	15.308291228795374	0.0	398987	2495.7130033464455	0.75	0.75
92660.36925367084	1200	14.350236349749766	0.0	638661	4958.054879045609	0.75	0.75
92664.54136899594	1850	14.17812102466255	0.0	830730	4172.115325087216	0.75	1.2000000000000002
92670.17402669971	2850	12.5454633208963	0.0	1364537	5632.657703766253	0.75	1.85
92671.87438523442	750	14.845104786186665	0.0	450283	1700.358534709634	0.7	0.75
92673.69191365148	750	17.027576369124503	0.0	398865	1817.528417062159	0.7	0.75
92675.75704377476	1200	18.962446245844212	0.0	571051	2065.1301232802903	0.7	0.75
92680.36796140963	1850	18.351528610980576	0.0	933276	4610.91763486364	0.7	1.2000000000000002
92685.87366614433	1850	16.845823876282708	0.0	996749	5505.704734697863	0.7	1.85
92690.05457109831	1850	16.664918922296355	0.0	801058	4180.904953986357	0.7	1.85
92698.37949021134	1850	12.33999980927807	0.0	905515	8324.919113018284	0.7	1.85
92714.485173565	1850	4.0	3.7656835443811416	1060487	16105.683353659211	0.7	-14.342439240838909
92718.03732877328	750	4.447844791722477	0.0	374758	3552.155208277523	0.7	-0.3500000000000001
92720.04219262002	750	6.442980944966484	0.0	362795	2004.8638467559922	0.7	0.75
92721.77865281775	750	8.706520747239837	0.0	353220	1736.4601977266468	0.7	0.75
92723.21636199337	750	11.268811571628929	0.0	405134	1437.70917561091	0.7	0.75
92724.74261791221	750	13.742555652779691	0.0	386351	1526.255918849238	0.7	0.75
92727.31241880199	750	15.172754763000079	0.0	434409	2569.800889779612	0.7	0.75
92729.29294175404	750	17.192231810946648	0.0	337059	1980.5229520534328	0.7	0.75
92730.9440462395	750	19.541127325494916	0.0	366214	1651.1044854517309	0.7	0.75
92736.33615227244	1200	18.14902129254736	0.0	617242	5392.106032947555	0.7	0.75
92740.58099624148	1200	17.90417732351333	0.0	581493	4244.843969034033	0.7	1.2
92744.83744085081	1200	17.64773271418901	0.0	639204	4256.444609324317	0.7	1.2
92749.16354624656	1200	17.321627318441987	0.0	586839	4326.105395747025	0.7	1.2
92753.91905455955	1200	16.56611900546202	0.0	601738	4755.508312979967	0.7	1.2
92758.14543948037	1200	16.33973408462	0.0	616206	4226.384920842019	0.7	1.2
92763.00812650484	1200	15.477047060165791	0.0	656471	4862.687024454212	0.7	1.2
92766.52324293199	1200	15.9619306330135	0.0	536667	3515.11642715229	0.7	1.2
92773.60604911843	1200	12.879124446575043	0.0	587236	7082.806186438457	0.7	1.2
92776.90311925365	1200	13.582054311353204	0.0	590335	3297.0701352218393	0.7	1.2
92780.07442500768	1200	14.410748557318353	0.0	696376	3171.305754034851	0.7	1.2
92782.3928014919	1200	16.09237207311341	0.0	487160	2318.3764842049445	0.7	1.2
92785.10342097732	1200	17.381752587677262	0.0	622896	2710.619485436145	0.7	1.2
92796.04532243835	1200	10.439851126638121	0.0	641447	10941.901461039142	0.7	1.2
92818.61003633903	1200	4.0	12.124862774029024	570392	22564.713900667146	0.7	-50.9369099283248
92823.6958820187	300	4.0	1.085845679674727	157488	5085.845679674727	0.7	-5.269136422601326
92824.97189536181	300	6.723986656896606	0.0	143881	1276.0133431033946	0.7	0.3
92826.06630988632	300	9.629572132387132	0.0	163444	1094.4145245094737	0.7	0.3
92827.24061598806	300	12.455266030654531	0.0	179328	1174.3061017326006	0.7	0.3
92828.1779019666	300	15.517980052112655	0.0	159914	937.2859785418774	0.7	0.3
92828.88672601635	300	18.809156002355717	0.0	131610	708.8240497569346	0.7	0.3
92829.54032683895	300	22.155555179762338	0.0	124011	653.6008225933786	0.7	0.3
92830.26039211522	300	25.43548990349198	0.0	144254	720.0652762703563	0.7	0.3
92831.53480718657	750	28.16107483213543	0.0	390680	1274.415071356552	0.7	0.3
92833.43418592385	1200	30.26169609485773	0.0	566904	1899.3787372776999	0.7	0.75
92837.21122024358	2850	30.48466177511029	0.0	1527299	3777.0343197474385	0.7	1.2000000000000002
92841.09830949863	2850	30.597572520074475	0.0	1343002	3887.0892550358135	0.7	2.85
92847.91630884883	4300	27.779573169863973	0.0	2219102	6817.999350210503	0.7	2.8499999999999996
92854.90105159504	4300	24.794830423665505	0.0	2124950	6984.742746198467	0.7	4.3
92874.48351012674	4300	9.212371891960823	0.0	2246506	19582.458531704684	0.7	4.3
92884.50514878852	2850	4.0	0.8092667698308833	1231456	10021.638661791705	0.7	-2.079847110272798
92888.20611497293	1850	4.299033815597076	0.0	846370	3700.9661844029242	0.7	0.8500000000000001
92890.47447559414	750	6.0306731944034055	0.0	450283	2268.36062119367	0.7	0.75
92893.07027428992	1200	7.434874498616667	0.0	611087	2595.798695786739	0.7	0.75
92894.85254091675	1200	9.652607871784927	0.0	571051	1782.266626831741	0.7	1.2
92897.59000789911	1200	10.91514088943668	0.0	617681	2737.466982348247	0.7	1.2
92900.94550382817	1200	11.559644960377517	0.0	652874	3355.495929059163	0.7	1.2
92904.68567178812	1200	11.819477000434476	0.0	520315	3740.167959943039	0.7	1.2
92915.81477654527	1200	4.690372243279944	0.0	561791	11129.104757154533	0.7	1.2
92923.34011749273	750	4.0	2.834968704164251	437162	7525.340947444195	0.7	-11.890365427906277
92927.31470770603	300	4.025409786678967	0.0	150710	3974.5902133210325	0.7	-0.15000000000000002
92931.38853088814	300	4.0	0.048413395420874625	139105	4073.823182099842	0.7	0.09182239969023911
92933.8890175111	300	5.499513377045628	0.0	141840	2500.4866229543723	0.7	0.3
92936.38535360394	300	7.003177284205976	0.0	156148	2496.3360928396514	0.75	0.3
92939.34649391175	300	8.042036976391898	0.0	160746	2961.140307814078	0.75	0.3
92942.08893386663	300	9.299597021508985	0.0	179801	2742.439954882913	0.75	0.3
92943.2213033391	300	12.167227549040001	0.0	140051	1132.369472468985	0.75	0.3
92944.21292236783	300	15.175608520305019	0.0	138313	991.6190287349826	0.75	0.3
92945.36222319487	300	18.026307693277147	0.0	143509	1149.3008270278717	0.75	0.3
92946.34101315834	300	21.04751772981308	0.0	150616	978.7899634640655	0.75	0.3
92948.84285804733	750	22.545672840822196	0.0	405596	2501.8448889908836	0.75	0.3
92950.95647781341	750	24.432053074738985	0.0	350713	2113.6197660832113	0.75	0.75
92952.90391562787	750	26.484615260273408	0.0	386472	1947.4378144655789	0.75	0.75
92956.20847145046	1200	27.180059437675364	0.0	616206	3304.5558225980435	0.75	0.75
92959.63074139798	1200	27.757789490167287	0.0	656471	3422.269947508078	0.75	1.2
92962.89775382423	1200	28.49077706391603	0.0	536667	3267.01242625126	0.75	1.2
92979.44113340942	1850	15.947397478717702	0.0	897976	16543.379585198327	0.75	1.2000000000000002
92984.28078391141	1200	15.107746976742307	0.0	590335	4839.650501975396	0.75	0.5499999999999999
92989.10326671116	1200	14.28526417698484	0.0	696376	4822.482799757466	0.75	1.2
92991.73178741866	1200	15.656743469491705	0.0	487160	2628.5207074931363	0.75	1.2
92995.10160484958	1200	16.28692603856237	0.0	622896	3369.8174309293354	0.75	1.2
92998.90417242717	1200	16.484358460981163	0.0	641447	3802.567577581207	0.75	1.2
93002.50111984918	1200	16.887411038947327	0.0	570392	3596.9474220338325	0.75	1.2
93006.97254700704	1200	16.415983881104264	0.0	620283	4471.4271578430635	0.75	1.2
93011.4359382807	1200	15.952592607443902	0.0	584349	4463.391273660362	0.75	1.2
93016.31408945487	1200	15.074441433277583	0.0	670129	4878.15117416632	0.75	1.2
93020.7994842163	1200	14.589046671846	0.0	690253	4485.394761431583	0.75	1.2
93024.44986662638	1200	14.938664261765718	0.0	598727	3650.382410080283	0.75	1.2
93028.93916543761	1200	14.4493654505366	0.0	487812	4489.298811229118	0.75	1.2
93033.84583562899	1200	13.5426952591639	0.0	575591	4906.670191372699	0.75	1.2
93038.62694338617	1200	12.761587501986218	0.0	605884	4781.107757177681	0.75	1.2
93042.28192555612	1200	13.106605332022852	0.0	587506	3654.9821699633662	0.75	1.2
93045.25435884303	1200	14.13417204511228	0.0	566904	2972.4332869105706	0.75	1.2
93048.12142435469	1200	15.267106533457467	0.0	641452	2867.0655116548123	0.75	1.2
93050.4621634535	1200	16.926367434641612	0.0	599477	2340.739098815855	0.75	1.2
93053.14193878589	1200	18.24659210225731	0.0	634861	2679.775332384302	0.75	1.2
93055.7922565691	1200	19.596274319049087	0.0	630203	2650.31778320822	0.75	1.2
93061.95940095729	2850	17.42912993086311	0.0	1483527	6167.144388185977	0.75	1.2000000000000002
93069.47916888699	2850	13.909362001163512	0.0	1231456	7519.7679296995975	0.75	2.85
93079.3118965232	2850	8.076634364962825	0.0	1364537	9832.727636200687	0.75	2.85
93082.41180477761	750	8.976726110548261	0.0	450283	3099.908254414565	0.75	0.75
93086.84723474359	1200	8.541296144567372	0.0	611087	4435.4299659808885	0.75	0.75
93092.4746821318	1200	6.9138487563688065	0.0	571051	5627.447388198565	0.75	1.2
93096.87301287854	1200	6.515518009625343	0.0	617681	4398.330746743463	0.75	1.2
93103.74217670974	1200	4.0	0.3536458215788225	652874	6869.163831204166	0.75	-0.3206770327889368
93110.25425991556	750	4.0	2.5120832058158737	318564	6512.083205815874	0.75	-10.501957785008257
93111.3812454995	300	6.873014416052142	0.0	153295	1126.9855839478591	0.75	-0.15000000000000002
93114.2884359928	750	7.965823922765195	0.0	437162	2907.190493286946	0.75	0.3
93116.7163721121	750	9.537887803453684	0.0	374758	2427.9361193115133	0.75	0.75
93119.21081278454	750	11.043447131020212	0.0	362795	2494.4406724334717	0.75	0.75
93122.45438797431	750	11.799871941255857	0.0	353220	3243.5751897643554	0.75	0.75
93125.71292387648	750	12.54133603908388	0.0	405134	3258.5359021719764	0.75	0.75
93128.57406417868	750	13.68019573686677	0.0	386351	2861.1403022171103	0.75	0.75
93131.22313811746	750	15.031121798093071	0.0	434409	2649.073938773699	0.75	0.75
93135.96575909527	1200	14.288500820296171	0.0	526950	4742.6209777969	0.75	0.75
93145.68239962083	1200	8.571860294736698	0.0	587876	9716.640525559473	0.75	1.2
93155.06638857479	750	4.0	0.8121286592334218	360831	9383.98895397012	0.75	-3.192153234703714
93158.2068804854	300	4.859508089393835	0.0	150616	3140.491910606164	0.75	-0.15000000000000002
93160.42453694418	300	6.64185163060823	0.0	165384	2217.6564587856064	0.75	0.3
93162.23683736661	300	8.829551208178671	0.0	140881	1812.3004224295585	0.75	0.3
93164.37936996476	300	10.687018610021964	0.0	157671	2142.5325981567075	0.75	0.3
93166.68340748308	300	12.382981091698799	0.0	157812	2304.037518323165	0.75	0.3
93168.65921815904	300	14.40717041575246	0.0	163927	1975.810675946339	0.75	0.3
93170.62474985742	300	16.441638717366605	0.0	137654	1965.5316983858563	0.75	0.3
93172.57949248861	300	18.48689608618348	0.0	146754	1954.7426311831225	0.75	0.3
93174.458272633	300	20.608115941789126	0.0	153938	1878.7801443943556	0.75	0.3
93181.21042438009	750	17.855964194714648	0.0	425781	6752.1517470744775	0.75	0.3
93184.48740136565	750	18.57898720913812	0.0	277716	3276.976985576528	0.75	0.75
93188.67404192274	750	18.392346652048214	0.0	400396	4186.640557089903	0.75	0.75
93192.28447216236	750	18.781916412452546	0.0	400508	3610.4302395956693	0.75	0.75
93194.59685373607	750	20.46953483872589	0.0	358218	2312.381573726653	0.75	0.75
93197.76406023218	750	21.302328342616832	0.0	400322	3167.2064961090614	0.75	0.75
93201.22385772626	750	21.84253084853701	0.0	369834	3459.797494079824	0.75	0.75
93206.6170823222	750	20.449306252584332	0.0	412837	5393.224595952678	0.75	0.75
93210.32703313141	750	20.73935544339553	0.0	401088	3709.9508091887983	0.75	0.75
93216.45891439228	1200	18.607474182530122	0.0	598727	6131.881260865412	0.75	0.75
93220.88462905317	1200	18.1817595216466	0.0	487812	4425.71466088352	0.75	1.2
93231.20951730691	1200	11.856871267898056	0.0	575591	10324.888253748544	0.75	1.2
93239.34614488437	750	7.720243690435456	0.0	378327	8136.627577462599	0.75	0.3
93249.81479627982	750	4.0	2.748407704998992	390680	10468.651395434448	0.75	-11.068153131495665
93251.6105081473	300	6.204288132504825	0.0	147968	1795.7118674951755	0.75	-0.15000000000000002
93254.2353086673	300	7.579487612514416	0.0	161857	2624.800519990408	0.75	0.3
93257.01339938646	300	8.801396893349105	0.0	145210	2778.0907191653114	0.75	0.3
93258.65313144555	300	11.161664834259255	0.0	172312	1639.7320590898498	0.75	0.3
93259.70364906972	300	14.111147210094122	0.0	167025	1050.517624165133	0.75	0.3
93262.62444326037	750	15.190353019442137	0.0	393804	2920.7941906519854	0.75	0.3
93265.11786172444	750	16.69693455535995	0.0	331053	2493.418464082189	0.75	0.75
93274.92698143661	2850	10.88781484319449	0.0	1364537	9809.119712165459	0.75	0.75
93278.39126058554	750	11.423535694252802	0.0	450283	3464.2791489416895	0.75	0.75
93281.31085005049	750	12.503946229298755	0.0	398865	2919.5894649540464	0.75	0.75
93283.83163438231	750	13.983161897489397	0.0	350812	2520.784331809359	0.75	0.75
93289.02564234613	1200	12.789153933671757	0.0	617681	5194.0079638176385	0.75	0.75
93300.75871734903	1200	5.056078930756259	0.0	652874	11733.075002915499	0.75	1.2
93306.40761522004	750	4.0	0.5928189402529588	318564	5648.897871009218	0.75	-2.2491214430877227
93309.29271057816	300	5.114904641874256	0.0	153295	2885.0953581257436	0.75	-0.15000000000000002
93312.23026473052	300	6.177350489515414	0.0	173849	2937.5541523588427	0.75	0.3
93315.71405089444	300	6.693564325590207	0.0	150710	3483.786163925207	0.75	0.3
93318.58217473644	300	7.825440483584749	0.0	139105	2868.123842005458	0.75	0.3
93324.87852509021	300	5.529090129808679	0.0	141840	6296.35035377607	0.75	0.3
93331.20396829153	300	4.0	0.7963530715163243	156148	6325.443201325003	0.75	-3.1243182075201945
93337.50753701114	300	4.0	2.303568719603342	160746	6303.568719603342	0.75	-9.60534549429437
93343.68213826737	300	4.0	2.174601256214256	179801	6174.601256214256	0.75	-9.0507854017213
93346.4921254796	300	5.190012787765074	0.0	140051	2809.987212234926	0.75	0.3
93349.49077231211	300	6.1913659552599585	0.0	138313	2998.6468325051155	0.75	0.3
93353.27457121761	300	6.407567049771687	0.0	143509	3783.798905488272	0.75	0.3
93355.89054139671	300	7.791596870659701	0.0	150616	2615.9701791119855	0.75	0.3
93357.93324563645	300	9.748892630927257	0.0	165384	2042.704239732443	0.75	0.3
93360.19208277621	300	11.490055491172981	0.0	140881	2258.837139754276	0.75	0.3
93361.85520647927	300	13.826931788099929	0.0	157671	1663.1237030730542	0.75	0.3
93363.80368858523	300	15.878449682143494	0.0	157812	1948.482105956434	0.75	0.3
93365.3290480812	300	18.353090186172448	0.0	163927	1525.3594959710458	0.75	0.3
93366.81113040443	300	20.871007862945998	0.0	137654	1482.0823232264524	0.75	0.3
93371.33810536526	750	20.34403290211538	0.0	359903	4526.974960830617	0.75	0.3
93375.95506448916	750	19.727073778220177	0.0	379700	4616.959123895206	0.75	0.75
93384.27128778523	750	15.410850482141765	0.0	425781	8316.223296078411	0.75	0.75
93391.31883233337	750	12.363305934008428	0.0	277716	7047.5445481333345	0.75	0.75
93399.36914211919	750	8.312996148194625	0.0	400396	8050.309785813804	0.75	0.75
93405.86363602371	750	5.818502243669249	0.0	400508	6494.493904525376	0.75	0.75
93408.46443544008	300	7.2177028272988535	0.0	157421	2600.799416370395	0.75	-0.15000000000000002
93410.78671761118	300	8.895420656191847	0.0	157488	2322.2821711070073	0.75	0.3
93412.6633681337	300	11.018770133669943	0.0	143881	1876.6505225219048	0.75	0.3
93414.6740055148	300	13.008132752565048	0.0	163444	2010.6373811048934	0.75	0.3
93417.30144521016	300	14.38069305720344	0.0	179328	2627.439695361609	0.75	0.3
93420.01080902973	300	15.671329237630413	0.0	159914	2709.3638195730277	0.75	0.3
93422.42818691916	300	17.25395134818941	0.0	131610	2417.3778894410048	0.75	0.3
93424.42671486347	300	19.255423403894174	0.0	124011	1998.527944295239	0.75	0.3
93426.68071718058	300	21.001421086772794	0.0	144254	2254.0023171213807	0.75	0.3
93429.20620475394	300	22.475933513410716	0.0	149991	2525.4875733620747	0.75	0.3
93430.77490686433	300	24.907231403014578	0.0	147968	1568.702110396137	0.75	0.3
93435.50571560366	750	24.176422663685234	0.0	384505	4730.808739329346	0.75	0.3
93438.26222905538	750	25.419909211964576	0.0	372093	2756.5134517206575	0.75	0.75
93443.56416344337	750	24.11797482397703	0.0	438281	5301.934387987545	0.75	0.75
93449.98646374702	1200	21.69567452033896	0.0	630203	6422.30030363807	0.75	0.75
93457.61138038753	1200	18.07075787982177	0.0	638661	7624.916640517194	0.75	1.2
93463.44173170882	1850	16.240406558525276	0.0	830730	5830.351321296494	0.75	1.2000000000000002
93482.96847745447	2850	4.0	3.286339187125079	1364537	19526.745745650354	0.75	-12.281258504637838
93489.9390280797	750	4.0	2.970550625224645	450283	6970.550625224645	0.75	-12.023367688465974
93492.26842926675	300	5.6705988129357845	0.0	155580	2329.401187064215	0.75	-0.15000000000000002
93494.35573943141	300	7.5832886482796	0.0	139857	2087.310164656185	0.75	0.3
93497.17046290362	300	8.7685651760772	0.0	155432	2814.723472202401	0.75	0.3
93499.20282286235	300	10.736205217340991	0.0	163442	2032.3599587362082	0.75	0.3
93501.93445593263	300	12.004572147060442	0.0	126289	2731.63307028055	0.75	0.3
93507.18728222648	300	10.751745853201992	0.0	153295	5252.826293858451	0.75	0.3
93511.18400125987	300	10.755026819832526	0.0	173849	3996.7190333694653	0.75	0.3
93516.5143694822	300	9.42465859749222	0.0	150710	5330.3682223403075	0.75	0.3
93519.37703671736	300	10.561991362340049	0.0	139105	2862.6672351521725	0.75	0.3
93521.75680411817	300	12.182223961523148	0.0	141840	2379.7674008168997	0.75	0.3
93523.67232652764	300	14.26670155204693	0.0	156148	1915.5224094762173	0.75	0.3
93525.74971460614	300	16.18931347355443	0.0	160746	2077.3880784924995	0.75	0.3
93527.83521247268	300	18.103815607014592	0.0	179801	2085.4978665398357	0.75	0.3
93529.45335713196	300	20.485670947732515	0.0	140051	1618.144659282076	0.75	0.3
93530.91472429279	300	23.024303786902774	0.0	138313	1461.3671608297454	0.75	0.3
93532.04212956414	300	25.896898515550472	0.0	143509	1127.4052713523006	0.75	0.3
93534.66377127245	750	27.275256807241306	0.0	372963	2621.6417083091674	0.75	0.3
93539.11516099093	1200	26.823867088766097	0.0	639204	4451.3897184752095	0.75	0.75
93546.52018558249	1200	23.41884249720635	0.0	586839	7405.024591559747	0.75	1.2
93551.2134477028	1200	22.725580376900382	0.0	601738	4693.262120305964	0.75	1.2
93556.62818195218	1200	21.310846127522197	0.0	616206	5414.734249378187	0.75	1.2
93565.90069789	1200	16.038330189707366	0.0	656471	9272.515937814831	0.75	1.2
93575.87747469022	1200	10.06155338948487	0.0	536667	9976.776800222497	0.75	1.2
93578.97998100429	750	10.959047075417624	0.0	359903	3102.506314067244	0.75	0.3
93581.76188876279	750	12.177139316919819	0.0	379700	2781.9077584978054	0.75	0.75
93587.41083439694	750	10.528193682762604	0.0	425781	5648.945634157215	0.75	0.75
93591.87484917503	750	10.064178904677386	0.0	277716	4464.0147780852185	0.75	0.75
93603.2632241013	750	4.0	1.3241960215868784	400396	11388.374926264263	0.75	-4.944042892823577
93604.89021896872	300	6.373005132579095	0.0	149029	1626.994867420905	0.75	-0.15000000000000002
93606.77302916632	300	8.490194934984899	0.0	157421	1882.8101975941972	0.75	0.3
93609.72400507866	300	9.539219022634072	0.0	157488	2950.9759123508265	0.75	0.3
93611.71312336154	300	11.550100739742362	0.0	143881	1989.1182828917097	0.75	0.3
93613.55136971726	300	13.711854384032414	0.0	163444	1838.2463557099497	0.75	0.3
93615.29183074932	300	15.971393351971935	0.0	179328	1740.4610320604772	0.75	0.3
93616.83944413348	300	18.4237799678129	0.0	159914	1547.6133841590322	0.75	0.3
93617.9676154405	300	21.295608660788417	0.0	131610	1128.1713070244843	0.75	0.3
93621.42763898625	750	21.83558511505281	0.0	361565	3460.023545735606	0.75	0.3
93625.93535735417	750	21.3278667471212	0.0	378327	4507.718367931611	0.75	0.75
93629.68809971152	750	21.575124389781834	0.0	390680	3752.742357339364	0.75	0.75
93632.35140003958	750	22.911824061715468	0.0	345516	2663.300328066368	0.75	0.75
93634.51876797638	750	24.744456124929084	0.0	384505	2167.367936786385	0.75	0.75
93636.31324803593	750	26.949976065357923	0.0	372093	1794.4800595711608	0.75	0.75
93639.04526182788	750	28.21796227340196	0.0	438281	2732.013791955965	0.75	0.75
93650.75011634117	1850	20.513107760133636	0.0	958994	11704.854513268321	0.7	0.75
93666.8382625237	1850	8.424961577589752	0.0	982064	16088.146182543886	0.7	1.85
93671.15492192694	1200	8.108302174358434	0.0	538612	4316.659403231318	0.7	0.5499999999999999
93674.86298306848	1200	8.400241032815002	0.0	550906	3708.061141543431	0.7	1.2
93677.29383686685	750	9.969387234437905	0.0	450283	2430.8537983770957	0.7	0.75
93678.93376269705	750	12.3294614042367	0.0	398865	1639.9258302012058	0.7	0.75
93680.33579315565	750	14.92743094563148	0.0	350812	1402.0304586052196	0.7	0.75
93681.7920095888	750	17.47121451248948	0.0	382355	1456.216433142001	0.7	0.75
93683.52222382902	750	19.741000272259466	0.0	411561	1730.2142402300183	0.7	0.75
93685.41179079187	1200	21.851433309410613	0.0	520315	1889.5669628488522	0.7	0.75
93687.49929429492	1850	23.763929806348838	0.0	905515	2087.5035030617746	0.7	1.2000000000000002
93690.68115333722	1850	24.582070764051988	0.0	1060487	3181.8590422968514	0.7	1.85
93694.50965693024	2850	24.75356717103503	0.0	1348011	3828.5035930169583	0.7	1.85
93699.16721617593	2850	24.096007925340885	0.0	1429765	4657.559245694145	0.7	2.85
93704.35615746994	2850	22.907066631321094	0.0	1354548	5188.94129401979	0.7	2.85
93710.79831495397	2850	20.464909147293575	0.0	1519951	6442.157484027516	0.7	2.85
93716.1201422489	2850	19.14308185236175	0.0	1422919	5321.827294931828	0.7	2.85
93723.13107151048	2850	16.132152590784177	0.0	1578343	7010.929261577574	0.7	2.85
93728.82098832996	2850	14.442235771294497	0.0	1231445	5689.916819489678	0.7	2.85
93736.60431614253	2850	10.658907958719785	0.0	1471065	7783.327812574714	0.7	2.85
93741.24103525496	1850	10.022188846284978	0.0	966699	4636.719112434806	0.7	0.8500000000000001
93745.64808031687	1850	9.615143784390046	0.0	885714	4407.0450618949335	0.7	1.85
93750.79706899395	1850	8.46615510731251	0.0	987708	5148.988677077536	0.7	1.85
93755.4726078603	1850	7.790616240977141	0.0	923755	4675.538866335369	0.7	1.85
93759.42475065684	1850	7.838473444450903	0.0	891604	3952.1427965262383	0.7	1.85
93764.97005885182	1850	6.293165249459089	0.0	955231	5545.308194991814	0.7	1.85
93767.94899937979	1200	7.314224721494903	0.0	656471	2978.940527964186	0.7	0.5499999999999999
93770.24778827086	1200	9.015435830415491	0.0	536667	2298.7888910794127	0.7	1.2
93772.08575119519	1200	11.177472906080432	0.0	587236	1837.96292433506	0.7	1.2
93775.01465401262	1200	12.248570088653306	0.0	590335	2928.902817427125	0.7	1.2
93779.98625462622	1200	11.27696947506511	0.0	696376	4971.600613588196	0.7	1.2
93781.93956071406	1200	13.323663387218526	0.0	487160	1953.3060878465853	0.7	1.2
93785.01930464992	1200	14.243919451369337	0.0	622896	3079.743935849188	0.7	1.2
93789.40120171315	1200	13.862022388144203	0.0	641447	4381.897063225132	0.7	1.2
93793.2610326975	1200	14.002191403785233	0.0	570392	3859.8309843589714	0.7	1.2
93797.83320876541	1200	13.430015335862462	0.0	620283	4572.17606792277	0.7	1.2
93801.1492087961	1200	14.114015305183973	0.0	584349	3316.0000306784887	0.7	1.2
93804.91398490337	1200	14.349239197921657	0.0	670129	3764.7761072623166	0.7	1.2
93810.95641127687	1850	12.306812824408654	0.0	1026056	6042.426373513003	0.7	1.2000000000000002
93816.14034653478	1850	11.122877566496813	0.0	943942	5183.935257911843	0.7	1.85
93818.44203993196	1200	12.821184169323589	0.0	487812	2301.6933971732237	0.7	0.5499999999999999
93820.81509432776	1200	14.44812977352471	0.0	575591	2373.0543957988793	0.7	1.2
93822.83902221323	1200	16.424201888057514	0.0	605884	2023.9278854671995	0.7	1.2
93825.16764948807	1200	18.095574613236504	0.0	587506	2328.6272748210063	0.7	1.2
93827.47476782749	1200	19.788456273813832	0.0	566904	2307.1183394226723	0.7	1.2
93831.38560720824	1850	19.877616893060562	0.0	1025005	3910.83938075327	0.7	1.2000000000000002
93835.59086466921	1850	19.672359432071637	0.0	886255	4205.257460988928	0.7	1.85
93839.79846509451	1850	19.464759006773424	0.0	973972	4207.600425298212	0.7	1.85
93847.06148839809	2850	16.2017357032077	0.0	1464921	7263.023303565725	0.7	1.85
93852.9735267402	2850	14.289697361102597	0.0	1483527	5912.0383421051	0.7	2.85
93857.90112697914	2850	13.36209712214919	0.0	1231456	4927.600238953406	0.7	2.85
93863.95522897165	2850	11.307995129640407	0.0	1364537	6054.101992508783	0.7	2.85
93865.87237874944	750	13.390845351847464	0.0	450283	1917.1497777929444	0.7	0.75
93869.81963365442	1850	13.443590446871891	0.0	957685	3947.2549049755735	0.7	0.75
93875.54860728382	1850	11.714616817452349	0.0	877771	5728.973629419542	0.7	1.85
93878.29316979117	1850	12.970054310106756	0.0	933276	2744.562507345592	0.7	1.85
93883.50726281853	1850	11.755961282749585	0.0	996749	5214.093027357171	0.7	1.85
93887.99298234154	1850	11.27024175973668	0.0	801058	4485.7195230129055	0.7	1.85
93893.07512812872	1850	10.188095972554187	0.0	905515	5082.1457871824905	0.7	1.85
93897.88185633768	1850	9.381367763593015	0.0	1060487	4806.728208961171	0.7	1.85
93902.03599608272	1850	9.22722801855504	0.0	852833	4154.139745037975	0.7	1.85
93906.30756545946	1850	8.955658641811366	0.0	913888	4271.569376743676	0.7	1.85
93909.75393998461	1850	9.509284116647155	0.0	939819	3446.3745251642104	0.7	1.85
93913.87051258382	1850	9.392711517443262	0.0	917428	4116.572599203893	0.7	1.85
93919.2764261516	1850	7.986797949667745	0.0	946851	5405.913567775518	0.7	1.85
93927.0817627947	1850	4.181461306567992	0.0	1036454	7805.336643099752	0.7	1.85
93929.15410916903	750	6.109114932231357	0.0	337059	2072.3463743366356	0.7	-0.3500000000000001
93931.89997380461	750	7.363250296655152	0.0	366214	2745.864635576205	0.7	0.75
93937.58906033469	1200	5.674163766564748	0.0	617242	5689.086530090404	0.7	0.75
93951.98988167671	1200	4.0	8.726657575443816	581493	14400.821342008563	0.7	-36.3246275744084
93955.7368107042	750	4.253070972501336	0.0	405596	3746.9290274986643	0.7	0.3
93957.23673353884	300	6.753148137867078	0.0	140881	1499.9228346342577	0.7	-0.15000000000000002
93958.83550726705	300	9.154374409643976	0.0	157671	1598.7737282231012	0.7	0.3
93960.78366811149	300	11.206213565216409	0.0	157812	1948.1608444275685	0.75	0.3
93962.25259659908	300	13.73728507762777	0.0	163927	1468.9284875886383	0.75	0.3
93963.72125688373	300	16.268624792969298	0.0	137654	1468.6602846584717	0.75	0.3
93964.92765393274	300	19.062227743955034	0.0	146754	1206.397049014263	0.75	0.3
93966.32766353633	300	21.66221814036385	0.0	153938	1400.0096035911854	0.75	0.3
93970.47055544864	750	21.51932622804837	0.0	425781	4142.891912315477	0.75	0.3
93974.79027199358	750	21.19960968310847	0.0	277716	4319.716544939903	0.75	0.75
93977.95984459383	750	22.030037082854065	0.0	400396	3169.572600254404	0.75	0.75
93980.05917399339	750	23.93070768330005	0.0	400508	2099.329399554014	0.75	0.75
93982.36379167014	1200	25.626090006552666	0.0	570392	2304.617676747386	0.75	0.75
93984.72380291308	1200	27.266078763618744	0.0	620283	2360.0112429339215	0.75	1.2
93986.47922598184	1200	29.51065569487259	0.0	584349	1755.4230687461584	0.75	1.2
93988.47532411705	1200	31.514557559650413	0.0	670129	1996.098135222175	0.75	1.2
93990.4305728043	1200	33.559308872397764	0.0	690253	1955.2486872526513	0.7	1.2
93994.3301209476	2850	33.65976072909303	0.0	1439896	3899.548143304727	0.7	1.2000000000000002
93996.78829568753	2850	35.20158598916338	0.0	1139291	2458.1747399296632	0.7	2.85
94001.64208865669	4300	34.34779301999324	0.0	2147467	4853.792969170135	0.7	2.8499999999999996
94006.21802086136	4300	33.7718608153336	0.0	2133870	4575.932204659636	0.7	4.3
94011.12037060648	4300	32.86951107020388	0.0	2146120	4902.3497451297235	0.7	4.3
94016.13829744991	4300	31.85158422676299	0.0	2108491	5017.92684344089	0.7	4.3
94021.20831654745	4300	30.781565129225147	0.0	2184571	5070.019097537846	0.7	4.3
94025.8216356912	4300	30.168245985479842	0.0	2121928	4613.3191437453015	0.7	4.3
94030.75790847589	4300	29.231973200787362	0.0	2219102	4936.272784692483	0.7	4.3
94036.32458662857	4300	27.66529504811422	0.0	2124950	5566.678152673139	0.7	4.3
94044.57109636233	4300	23.41878531435826	0.0	2246506	8246.509733755962	0.7	4.3
94049.13633847449	4300	22.853543202180894	0.0	1961140	4565.242112177368	0.7	4.3
94054.93278492312	4300	21.057096753560902	0.0	2155012	5796.446448619992	0.7	4.3
94056.0973871847	750	23.892494491988433	0.0	450283	1164.602261572468	0.7	0.75
94061.16924734152	4300	22.82063433517545	0.0	2123065	5071.860156812984	0.7	0.75
94067.51859128142	4300	20.47129039526963	0.0	2177073	6349.343939905817	0.7	4.3
94074.10143330497	4300	17.88844837171164	0.0	2160877	6582.84202355799	0.7	4.3
94092.95950061166	4300	4.0	0.9696189349928646	2233056	18858.067306704503	0.7	0.13063857953068236
94095.64288725145	1200	5.316613360210857	0.0	520315	2683.3866397891434	0.7	-1.9000000000000001
94098.10187685952	1200	6.857623752135231	0.0	561791	2458.989608075626	0.7	1.2
94101.33639838113	1200	7.623102230538179	0.0	709534	3234.5215215970516	0.7	1.2
94103.35387990084	1200	9.605620710821348	0.0	584846	2017.4815197168293	0.7	1.2
94104.96706177169	1200	11.992438839975318	0.0	560821	1613.1818708460323	0.7	1.2
94106.87956357238	1200	14.079937039292947	0.0	607410	1912.5018006823705	0.7	1.2
94109.26221956365	1200	15.697281048020308	0.0	594078	2382.6559912726398	0.7	1.2
94111.17815493644	1200	17.781345675237027	0.0	624282	1915.935372783282	0.7	1.2
94115.89842004706	1850	17.061080564611075	0.0	1036454	4720.265110625952	0.7	1.2000000000000002
94117.40498864933	1850	19.554511962347984	0.0	821631	1506.56860226309	0.7	1.85
94123.4595573404	2850	17.49994327127963	0.0	1471065	6054.5686910683535	0.7	1.85
94130.29837599526	2850	14.661124616419208	0.0	1491626	6838.818654860422	0.7	2.85
94136.0934516317	2850	12.866048979969273	0.0	1358801	5795.075636449936	0.7	2.85
94146.7830687486	2850	6.176431863089585	0.0	1537156	10689.617116879688	0.7	2.85
94163.2004091907	1850	4.0	10.2409085790142	923755	16417.340442103785	0.7	-43.18590688976106
94167.53640821458	750	4.0	0.3359990238866467	386472	4335.999023886647	0.7	-1.7947958027125808

