10133.30004730989	750	4.0	1.3264856678000625	450283	1326.4856678000624	-4.953888371540269
10133.894654602678	300	7.405392707209327	0.0	155580	594.6072927906732	-0.15000000000000002
10134.602877943395	300	10.697169366492467	0.0	139857	708.22334071686	0.3
10135.61362002865	300	13.686427281238334	0.0	155432	1010.7420852541342	0.3
10136.589278078018	300	16.710769231869833	0.0	163442	975.6580493685017	0.3
10137.177005591939	300	20.123041717948684	0.0	126289	587.7275139211513	0.3
10137.869853044322	300	23.430194265565078	0.0	153295	692.8474523836055	0.3
10138.631514005825	300	26.668533304062148	0.0	173849	761.6609615029314	0.3
10140.017341876879	750	29.28270543300705	0.0	374758	1385.8278710551	0.3
10141.131474932594	750	32.168572377292804	0.0	362795	1114.1330557142476	0.75
10141.970407293122	750	35.32964001676554	0.0	353220	838.9323605272638	0.75
10143.033433221848	750	38.26661408803906	0.0	405134	1063.0259287264748	0.75
10144.318369695817	750	40.981677614071025	0.0	386351	1284.9364739680332	0.75
10147.00786953205	1850	42.29217777783726	0.0	1036454	2689.499836233762	0.75
10149.375227779285	1850	43.92481953060405	0.0	821631	2367.3582472332137	1.85
10152.159727398668	1850	45.14031991122107	0.0	923170	2784.4996193829757	1.85
10155.54679290523	1850	45.75325440465785	0.0	966699	3387.065506563216	1.85
10158.09800931655	1850	47.202037993338074	0.0	885714	2551.216411319782	1.85
10160.699247940367	1850	48.60079936952114	0.0	987708	2601.238623816932	1.85
10163.058727273345	1850	50.24132003654277	0.0	923755	2359.479332978369	1.85
10165.762197209242	1850	51.5378501006448	0.0	891604	2703.4699358979665	1.85
10168.647745812244	1850	52.652301497643066	0.0	955231	2885.5486030017387	1.85
10173.082752259264	1850	52.21729505062336	0.0	968026	4435.006447019702	1.85
10176.063172514605	1850	53.236874795282866	0.0	874175	2980.4202553404957	1.85
10179.355360279058	1850	53.94468703083028	0.0	897976	3292.1877644525825	1.85
10182.288874919159	1850	55.01117239072847	0.0	905935	2933.5146401018155	1.85
10185.507835606379	1850	55.7922117035079	0.0	1076599	3218.960687220569	1.85
10187.79233809084	1850	57.50770921904863	0.0	758197	2284.5024844592663	1.85
10190.865759452628	1850	58.43428785725982	0.0	972798	3073.421361788812	1.85
10193.813328211609	1850	59.486719098278336	0.0	975811	2947.568758981481	1.85
10196.808386497938	1850	59.92957323987472	0.0	873429	2557.145858403612	1.85
10199.943424179506	1850	59.74051061305362	0.0	954453	2689.062626821096	1.85
10202.506266694798	1850	59.58657688278157	0.0	885062	2153.933730272054	1.85
10205.764849548783	1850	59.992739848297575	0.0	1035329	2593.8370344839955	1.85
10209.54445155869	2850	59.79031175309558	0.0	1492672	3202.4280952019976	1.85
10213.137895034131	2850	59.56067697272847	0.0	1439896	3229.634780367112	2.85
10216.172909483535	2850	59.6765740955616	0.0	1139291	2884.102877166871	2.85
10219.721295825735	2850	59.935836710580226	0.0	1499009	2740.737384981375	2.85
10223.340247512955	2850	59.912185345579715	0.0	1427478	3023.6513650005095	2.85
10226.674753158422	2850	59.802582683956146	0.0	1402287	3109.602661623568	2.85
10230.739806061543	2850	59.73752978083456	0.0	1339500	3565.052903121591	2.85
10234.408165351988	2850	59.788328079094505	0.0	1527299	2949.20170174005	2.85
10237.894080484408	2850	59.60544930723791	0.0	1343002	2682.8787718565977	2.85
10241.983459134555	2850	59.51607065708986	0.0	1587250	4089.3786501480536	2.85
10247.667322782107	4300	57.83220700953684	0.0	2124950	5683.863647553018	2.8499999999999996
10257.524244242568	4300	51.9752855490754	0.0	2246506	9856.921460461437	4.3
10266.677679784156	4300	46.82185000748712	0.0	1961140	9153.435541588282	4.3
10279.414300363893	4300	38.08522942775143	0.0	2155012	12736.62057973569	4.3
10281.927047497844	750	39.57248229379933	0.0	450283	2512.747133952103	0.75
10285.1432243563	1200	40.35630543534474	0.0	611087	3216.1768584545957	0.75
10288.062833407703	1200	41.43669638394164	0.0	571051	2919.6090514031016	1.2
10291.503267660246	1200	41.99626213139863	0.0	617681	3440.4342525430075	1.2
10295.033535563127	1200	42.4659942285174	0.0	652874	3530.2679028812286	1.2
10297.69438782453	1200	43.80514196711312	0.0	520315	2660.852261404283	1.2
10300.971093575972	1200	44.5284362156695	0.0	561791	3276.705751443624	1.2
10304.218206433834	1200	45.28132335780741	0.0	709534	3247.1128578620915	1.2
10306.982732957442	1200	46.516796834200136	0.0	584846	2764.5265236072755	1.2
10311.340479216231	1200	46.15905057540991	0.0	560821	4357.746258790227	1.2
10315.096742320282	1200	46.402787471357996	0.0	607410	3756.263104051914	1.2
10318.165932515343	1200	47.33359727629585	0.0	594078	3069.190195062144	1.2
10321.286676977925	1200	48.21285281371388	0.0	624282	3120.744462581968	1.2
10325.001088209365	1200	48.498441582274125	0.0	687371	3714.411231439747	1.2
10327.912424985463	1200	49.58710480617636	0.0	526950	2911.3367760977667	1.2
10331.027729509527	1200	50.47180028211255	0.0	587876	3115.3045240638194	1.2
10333.548599871983	1200	51.950929919656524	0.0	617242	2520.8703624560258	1.2
10335.799899245658	1200	53.699630545983254	0.0	581493	2251.2993736732737	1.2
10338.193039410933	1200	55.306490380706734	0.0	639204	2393.14016527652	1.2
10341.081674655363	1200	56.41785513627801	0.0	586839	2888.6352444287245	1.2
10343.72250518564	1200	57.77702460600147	0.0	601738	2640.830530276537	1.2
10346.839578223024	1850	58.659951568616776	0.0	955231	3117.073037384687	1.2000000000000002
10349.774079046007	1850	59.72545074563347	0.0	968026	2934.500822983308	1.85
10353.724216562829	1850	59.77531322881242	0.0	874175	3450.1375168210425	1.85
10357.642727397157	1850	59.856802394484355	0.0	897976	3418.5108343280704	1.85
10361.86753354165	1850	59.63199624999108	0.0	905935	3724.8061444932687	1.85
10365.369107248776	1850	59.92445410533286	0.0	1076599	3207.542144658217	1.85
10367.8417220444	1850	59.95966248875421	0.0	758197	2464.791616578652	1.85
10371.514808561282	1850	59.707030819835595	0.0	972798	2752.6316689186237	1.85
10376.413125541203	1850	58.808713839914795	0.0	975811	4898.316979920794	1.85
10380.286775929027	1850	58.935063452089004	0.0	873429	3873.6503878257963	1.85
10386.231736221815	1850	56.99010315930322	0.0	954453	5944.960292785787	1.85
10390.828316183519	1850	56.393523197600025	0.0	885062	4596.579961703188	1.85
10396.965178734774	1850	54.25666064634564	0.0	1035329	6136.862551254397	1.85
10409.752927624248	1850	45.468911756871584	0.0	1026056	12787.748889474055	1.85
10437.036408524573	1850	22.185430856546866	0.0	943942	27283.480900324714	1.85
10442.371972851819	300	20.849866529300726	0.0	131610	5335.564327246143	-1.25
10444.628448459638	300	22.593390921481653	0.0	124011	2256.475607819073	0.3
10447.245706173975	300	23.976133207145583	0.0	144254	2617.2577143360672	0.3
10452.336933978228	300	22.884905402892265	0.0	149991	5091.227804253318	0.3
10456.962248847134	300	22.259590533986163	0.0	147968	4625.3148689061	0.3
10460.033099082124	300	23.188740298996805	0.0	161857	3070.8502349893556	0.3
10461.814241543618	300	25.407597837502713	0.0	145210	1781.1424614940945	0.3
10465.057012837076	300	26.16482654404235	0.0	172312	3242.771293460361	0.3
10469.3920110712	300	25.829828309916742	0.0	167025	4334.998234125606	0.3
10476.482511722077	300	22.739327659042115	0.0	160064	7090.5006508746255	0.3
10481.483470118921	300	21.73836926219783	0.0	137507	5000.958396844286	0.3
10483.237302921665	300	23.984536459453683	0.0	118421	1753.8328027441446	0.3
10490.97263694906	750	20.249202432058482	0.0	450283	7735.334027395203	0.75
10495.179696933992	300	20.04214244712657	0.0	155580	4207.059984931914	-0.15000000000000002

