1.9174375092063	750	4.0	1.9174375092063	450283	1917.4375092063	-7.4949812895870895
3.278287068827121	750	6.639150440379178	0.0	398865	1360.8495596208209	0.75
4.700439033292132	750	9.216998475914169	0.0	350812	1422.151964465011	0.75
7.23721204831971	1200	10.68022546088659	0.0	617681	2536.773015027578	0.75
9.55438018937595	1200	12.36305731983035	0.0	652874	2317.1681410562396	1.2
11.625221800667939	1200	14.292215708538361	0.0	520315	2070.8416112919895	1.2
13.57297227723686	1200	16.34446523196944	0.0	561791	1947.750476568919	1.2
16.43375143901927	1200	17.483686070187034	0.0	709534	2860.7791617824105	1.2
18.165069355122558	1200	19.752368154083744	0.0	584846	1731.3179161032886	1.2
20.75588543809709	1850	21.161552071109213	0.0	913888	2590.816082974529	1.2000000000000002
24.266154075223223	1850	21.651283433983078	0.0	939819	3510.2686371261357	1.85
27.6914681494105	1850	22.225969359795805	0.0	917428	3425.3140741872744	1.85
31.30088542920239	1850	22.616552080003913	0.0	946851	3609.4172797918895	1.85
35.73679300151925	1850	22.18064450768705	0.0	1036454	4435.907572316864	1.85
39.68802901658262	1850	22.229408492623687	0.0	821631	3951.23601506336	1.85
43.53426785547264	1850	22.383169653733653	0.0	923170	3846.238838890032	1.85
47.859055399270176	1850	22.058382109936122	0.0	966699	4324.787543797531	1.85
52.334556565345814	1850	21.582880943860488	0.0	885714	4475.501166075635	1.85
57.05110404262306	1850	20.86633346658324	0.0	987708	4716.547477277252	1.85
60.829818319101136	1850	21.087619190105162	0.0	923755	3778.714276478076	1.85
64.67341892864174	1850	21.244018580564553	0.0	891604	3843.600609540608	1.85
68.13507841409022	1850	21.782359095116078	0.0	955231	3461.6594854484742	1.85
71.3482203444286	1850	22.569217164777694	0.0	968026	3213.141930338386	1.85
74.35535322164425	1850	23.56208428756203	0.0	874175	3007.1328772156617	1.85
77.39569754487441	1850	24.52173996433188	0.0	897976	3040.3443232301506	1.85
83.43702593559664	2850	22.480411573609647	0.0	1480464	6041.328390722233	1.85
87.29815315803957	2850	22.619284351166716	0.0	1547572	3861.127222442931	2.85
90.71872034549143	2850	23.198717163714853	0.0	1141971	3420.567187451863	2.85
96.62910780876308	2850	21.288329700443207	0.0	1498470	5910.387463271646	2.85
103.12699149935368	2850	18.790446009852594	0.0	1561263	6497.883690590611	2.85
106.65868205146478	1850	19.258755457741493	0.0	873429	3531.690552111106	0.8500000000000001
111.07621328548524	1850	18.841224223721035	0.0	954453	4417.531234020458	1.85
115.0833335500781	1850	18.834103959128175	0.0	885062	4007.1202645928593	1.85
120.28436003384189	1850	17.63307747536437	0.0	1035329	5201.0264837638015	1.85
126.1627472656841	1850	15.75469024352217	0.0	1026056	5878.387231842202	1.85
134.99713673105612	1850	10.920300778150155	0.0	943942	8834.389465372014	1.85
149.41668787210398	1200	4.0	3.4992503628976954	487812	14419.55114104785	-14.496776560460091
151.17838992029735	300	6.238297951806636	0.0	124011	1761.7020481933632	-0.6000000000000001
153.2766372498777	300	8.14005062222627	0.0	144254	2098.247329580368	0.3
155.3847279830132	300	10.03195988909076	0.0	149991	2108.0907331355083	0.3
157.55644247178094	300	11.860245400323045	0.0	147968	2171.714488767714	0.3
160.3186861191732	300	13.098001752930752	0.0	161857	2762.2436473922944	0.3
161.79132199300147	300	15.6253658791025	0.0	145210	1472.6358738282522	0.3
164.0804385687405	300	17.33624930336346	0.0	172312	2289.116575739037	0.3
166.03087461888808	300	19.3858132532159	0.0	167025	1950.436050147561	0.3
169.5516364619975	750	19.865051410106474	0.0	393804	3520.761843109428	0.3
174.50468079703256	1200	18.91200707507139	0.0	538612	4953.044335035082	0.75
185.77756953542033	1850	11.639118336683616	0.0	846370	11272.888738387774	1.2000000000000002
198.99521321907247	750	4.0	1.5785253469685139	450283	13217.64368365213	-6.0376589919646095
204.4298526215775	300	4.0	1.4346394025050377	155580	5434.639402505038	-6.318949430771663
209.2160226434036	300	4.0	0.7861700218260749	139857	4786.170021826075	-3.080531093852122
210.01748278630598	300	7.19853985709762	0.0	155432	801.46014290238	0.3
210.4438884222824	300	10.772134221121174	0.0	163442	426.40563597644507	0.3
210.79155047586613	300	14.424472167537461	0.0	126289	347.6620535837133	0.3
211.17496618299538	300	18.041056460408196	0.0	153295	383.41570712926745	0.3
211.56320799883272	300	21.652814644570867	0.0	173849	388.2418158373311	0.3
211.9104233642639	300	25.30559927913969	0.0	150710	347.21536543117395	0.3
213.74895717039894	1850	27.467065473004666	0.0	913888	1838.533806135026	0.30000000000000004
215.6037531638067	1850	29.61226947959693	0.0	939819	1854.7959934077376	1.85
221.7595076258278	2850	27.456515017575807	0.0	1519951	6155.754462021124	1.85
224.42726401814818	2850	28.788758625255433	0.0	1422919	2667.756392320374	2.85
227.695280238863	2850	29.52074240454061	0.0	1578343	3268.016220714823	2.85
230.8071904919403	2850	30.408832151463287	0.0	1231445	3111.9102530773184	2.85
233.6511323310165	2850	31.5648903123871	0.0	1471065	2843.9418390761894	2.85
236.18172799237138	2850	33.03429465103223	0.0	1491626	2530.5956613548583	2.85
239.92787678188802	4300	33.2881458615156	0.0	2059512	3746.148789516637	2.8499999999999996
243.79057226027453	4300	33.42545038312909	0.0	2220726	3862.6954783865135	4.3
247.35093508332096	4300	33.86508756008264	0.0	2156729	3560.36282304645	4.3
251.12927572911246	4300	34.08674691429115	0.0	2039773	3778.34064579149	4.3
255.29571530565153	4300	33.92030733775208	0.0	2176469	4166.439576539071	4.3
259.43297926124075	4300	33.78304338216287	0.0	2221506	4137.263955589204	4.3
263.2217637511808	4300	33.99425889222283	0.0	2044075	3788.784489940042	4.3
267.30495402720067	4300	33.911068616202954	0.0	2186790	4083.190276019878	4.3
271.35882344682653	4300	33.85719919657706	0.0	2105231	4053.8694196258916	4.3
275.76701348761316	4300	33.449009155790414	0.0	2395588	4408.190040786641	4.3
279.6283547297498	4300	33.58766791365381	0.0	1972048	3861.3412421366074	4.3
283.6651639981767	4300	33.55085864522688	0.0	2134614	4036.809268426925	4.3
288.05670922522074	4300	33.15931341818287	0.0	2164140	4391.545227044007	4.3
292.6218336090491	4300	32.59418903435448	0.0	2113193	4565.124383828395	4.3
296.70560994032826	4300	32.51041270307526	0.0	2147852	4083.7763312792104	4.3
300.8658168186069	4300	32.35020582479665	0.0	2191074	4160.206878278608	4.3
305.2699092250016	4300	31.946113418401996	0.0	2286761	4404.0924063946595	4.3
309.9655801136368	4300	31.25044252976679	0.0	2307787	4695.670888635206	4.3
314.2688005676177	4300	30.947222075785888	0.0	2143948	4303.2204539809045	4.3
318.4019503972692	4300	30.814072246134398	0.0	1919781	4133.149829651491	4.3
322.5705620102511	4300	30.6454606331525	0.0	2147467	4168.611612981899	4.3
326.69772076804844	4300	30.518301875355196	0.0	2133870	4127.158757797304	4.3
330.51123737342317	4300	30.704785269980473	0.0	2146120	3813.5166053747243	4.3
334.10774187895646	4300	31.10828076444721	0.0	2108491	3596.5045055332644	4.3
338.01790594130824	4300	31.198116702095415	0.0	2184571	3910.1640623517924	4.3
342.04787034927153	4300	31.168152294132156	0.0	2121928	4029.9644079632603	4.3
346.4494996403269	4300	30.766523003076752	0.0	2219102	4401.629291055403	4.3
350.9491312327654	4300	30.266891410638227	0.0	2124950	4499.631592438526	4.3
355.6855822521639	4300	29.53044039123969	0.0	2246506	4736.451019398538	4.3
360.07621989906994	4300	29.139802744333657	0.0	1961140	4390.6376469060315	4.3
364.5550088996086	4300	28.661013743795035	0.0	2155012	4478.7890005386225	4.3
365.6322434574481	750	31.583779185955528	0.0	450283	1077.2345578395089	0.75
370.7342190976782	4300	30.48180354572539	0.0	2123065	5101.97564023014	0.75
376.4239391000688	4300	28.792083543334783	0.0	2177073	5689.720002390609	4.3
381.228511202976	4300	27.987511440427628	0.0	2160877	4804.572102907155	4.3
386.94022776112877	4300	26.275794882274873	0.0	2233056	5711.716558152753	4.3
394.07247983892654	4300	23.143542804477082	0.0	1941625	7132.2520777977925	4.3
401.40462040434795	2850	19.81140223905562	0.0	1388403	7332.1405654214595	1.4000000000000001
408.17508219202386	2850	17.040940451379733	0.0	1638769	6770.461787675887	2.85
413.22722195883875	2850	15.988800684564866	0.0	1348011	5052.1397668148675	2.85
418.94370620619196	2850	14.272316437211662	0.0	1429765	5716.4842473532035	2.85
422.2965334932486	1850	14.919489150154977	0.0	939819	3352.8272870566852	0.8500000000000001
425.3680797121278	1850	15.847942931275782	0.0	917428	3071.546218879196	1.85
428.3488295545512	1850	16.8671930888524	0.0	946851	2980.7498424233836	1.85
431.7847868692421	1850	17.431235774161497	0.0	1036454	3435.9573146909	1.85
434.2282970667424	1850	18.987725576661173	0.0	821631	2443.510197500324	1.85
436.75516729374425	1850	20.46085534965933	0.0	923170	2526.8702270018434	1.85
439.7793368142394	1850	21.43668582916421	0.0	966699	3024.169520495116	1.85
442.48752107758975	1850	22.728501565813826	0.0	885714	2708.184263350386	1.85
445.42833656548277	1850	23.787686077920835	0.0	987708	2940.8154878929895	1.85
447.8979107826659	1850	25.318111860737663	0.0	923755	2469.574217183174	1.85
450.55511098122054	1850	26.660911662183032	0.0	891604	2657.2001985546294	1.85
452.86577392645796	1850	28.350248716945597	0.0	955231	2310.6629452374355	1.85
455.80802500674275	2850	29.40799763666085	0.0	1505760	2942.251080284748	1.85
458.77868826097364	2850	30.437334382429945	0.0	1323990	2970.663254230905	2.85
462.1982455800615	2850	31.01777706334209	0.0	1383735	3419.5573190878526	2.85
465.48346721077377	2850	31.732555432629816	0.0	1480464	3285.221630712278	2.85
470.7926700846428	4300	30.423352558760822	0.0	2395588	5309.202873868993	2.8499999999999996
477.34123080236986	4300	27.874791841033694	0.0	1972048	6548.560717727129	4.3

