16052.340511766688	750	4.0	2.0826286555936395	450283	2082.6286555936395	-8.205303219052649
16053.821398554432	300	6.519113212257945	0.0	155580	1480.8867877420548	-0.15000000000000002
16055.073478253687	300	9.267033513003017	0.0	139857	1252.0796992549272	0.3
16056.52943459962	300	11.811077167068047	0.0	155432	1455.9563459349713	0.3
16057.947693576152	300	14.392818190536909	0.0	163442	1418.2589765311377	0.3
16059.06110611828	300	17.27940564840767	0.0	126289	1113.4125421292372	0.3
16060.16591488879	300	20.17459687789818	0.0	153295	1104.8087705094958	0.3
16061.569554982765	300	22.770956783922838	0.0	173849	1403.6400939753407	0.3
16062.777177909667	300	25.563333857020005	0.0	150710	1207.622926902829	0.3
16063.6654577844	300	28.67505398228808	0.0	139105	888.2798747319246	0.3
16064.577970538956	300	31.762541227732477	0.0	141840	912.5127545556077	0.3
16065.737929237253	300	34.6025825294333	0.0	156148	1159.9586982991798	0.3
16066.982405091483	300	37.35810667520468	0.0	160746	1244.4758542286163	0.3
16070.769756546706	750	37.57075521998229	0.0	434409	3787.3514552223915	0.3
16073.093005754044	750	39.24750601264478	0.0	337059	2323.2492073375083	0.75
16080.341016366106	750	35.9994954005817	0.0	366214	7248.01061206308	0.75
16087.95554617198	750	32.38496559470837	0.0	360831	7614.529805873328	0.75
16090.10848223306	300	34.23202953363047	0.0	150616	2152.936061077905	-0.15000000000000002
16092.256874650073	300	36.08363711661675	0.0	165384	2148.3924170137198	0.3
16094.171459795452	300	38.169051971236826	0.0	140881	1914.5851453799232	0.3
16096.376278081969	300	39.964233684721165	0.0	157671	2204.8182865156627	0.3
16098.447581360624	300	41.892930406066135	0.0	157812	2071.3032786550243	0.3
16100.258865549773	300	44.08164621691594	0.0	163927	1811.2841891501978	0.3
16101.765951618325	300	46.57456014836485	0.0	137654	1507.086068551093	0.3
16103.720905247606	300	48.61960651908292	0.0	146754	1954.9536292819234	0.3
16105.862304754939	300	50.478207011750975	0.0	153938	2141.3995073319543	0.3
16107.58625394579	300	52.754257820899994	0.0	181901	1723.949190850981	0.3
16108.567772104901	300	55.77273966178715	0.0	111155	981.5181591128426	0.3
16109.68894519994	300	58.651566566748464	0.0	153605	1121.1730950386855	0.3
16112.249978938484	300	59.73358074189892	0.0	149029	1917.9858248495427	0.3
16113.824921596843	300	59.772633369567636	0.0	157421	1460.9473723312872	0.3
16117.670988689737	750	59.92656627667201	0.0	400322	3846.0670928956256	0.3
16121.978057752152	750	59.61949721425653	0.0	369834	3807.0690624154827	0.75
16126.230252568495	750	59.36730239791541	0.0	412837	4252.194816341124	0.75
16130.283128938721	750	59.31442602768935	0.0	401088	4052.8763702260608	0.75
16134.274193879908	750	59.32336108650246	0.0	365161	3991.064941186886	0.75
16138.641668927756	750	58.95588603865465	0.0	321064	4367.475047847813	0.75
16145.653557710717	750	55.94399725569426	0.0	361565	7011.888782960379	0.75
16153.58565070711	750	52.01190425930197	0.0	378327	7932.0929963923	0.75
16157.037141179777	750	52.56041378663406	0.0	390680	3451.490472667908	0.75
16163.079017993603	750	50.518536972809635	0.0	345516	6041.876813824428	0.75
16167.457310951817	750	50.140244014595005	0.0	384505	4378.292958214633	0.75
16171.702576197627	750	49.894978768785194	0.0	372093	4245.26524580981	0.75
16175.855306557067	750	49.74224840934703	0.0	438281	4152.730359438166	0.75
16179.470218065202	750	50.127336901211656	0.0	398987	3614.9115081353766	0.75
16182.363646471977	750	51.23390849443757	0.0	393804	2893.4284067740778	0.75
16189.700099548487	1200	47.8974554179276	0.0	538612	7336.453076509971	0.75
16201.860691063335	2850	39.73686390307917	0.0	1364537	12160.591514848433	1.2000000000000002
16204.477333950013	750	41.120221016401146	0.0	450283	2616.642886678022	0.75
16207.095704904621	750	42.50185006179184	0.0	398865	2618.3709546093064	0.75
16210.22215987948	750	43.37539508693315	0.0	350812	3126.454974858686	0.75
16213.054647354547	750	44.54290761186524	0.0	382355	2832.4874750679173	0.75
16215.99767800903	750	45.59987695738358	0.0	411561	2943.030654481654	0.75
16218.489031571677	750	47.10852339473572	0.0	318564	2491.353562647865	0.75
16221.16633748967	750	48.43121747674243	0.0	352642	2677.305917993292	0.75
16224.847651711265	750	48.749903255147885	0.0	437162	3681.314221594545	0.75
16228.217665979626	750	49.379888986786796	0.0	374758	3370.014268361083	0.75
16231.031517146668	750	50.56603781974458	0.0	362795	2813.8511670422195	0.75
16233.576696235987	750	52.02085873042472	0.0	353220	2545.1790893198663	0.75
16236.313155035996	750	53.28439993041663	0.0	405134	2736.458800008083	0.75
16238.63749683252	750	54.960058133891465	0.0	386351	2324.341796525175	0.75
16242.091858611191	750	55.50569635522077	0.0	434409	3454.3617786706945	0.75
16244.416683039997	750	57.18087192641386	0.0	337059	2324.824428806909	0.75
16247.665262325503	750	57.93229264090716	0.0	366214	3248.579285506697	0.75
16252.477093039548	750	57.1204619268625	0.0	360831	4811.830714044667	0.75
16258.923359030394	750	54.67419593601698	0.0	372963	6446.26599084552	0.75
16264.94321441023	750	52.65434055618038	0.0	405596	6019.8553798366	0.75
16268.14300732884	750	53.454547637571416	0.0	350713	3199.792918608971	0.75
16270.658644708568	750	54.938910257844014	0.0	386472	2515.6373797273977	0.75
16272.845130938527	750	56.75242402788396	0.0	399894	2186.486229960053	0.75
16275.442851345679	750	58.154703620734	0.0	401853	2597.7204071499646	0.75
16277.818050280006	750	59.77950468640636	0.0	343800	1875.1989343276396	0.75
16280.776505290412	750	59.78383916579673	0.0	359903	1995.665520609633	0.75
16284.741306057675	1200	59.819038398535845	0.0	590335	3964.8007672608887	0.75
16289.886411311234	1200	58.67393314497703	0.0	696376	5145.105253558817	1.2
16294.658136620941	1200	57.902207835268925	0.0	487160	4771.725309708101	1.2
16299.109583942016	1200	57.450760514193234	0.0	622896	4451.44732107569	1.2
16305.896803205289	1200	54.66354125092172	0.0	641447	6787.219263271514	1.2
16309.203384553482	750	55.35695990272714	0.0	358218	3306.5813481945784	0.3
16312.05198089905	750	56.50836355715953	0.0	400322	2848.5963455676106	0.75
16314.71837522751	750	57.84196922869905	0.0	369834	2666.3943284604793	0.75
16318.128970167025	750	58.431374289185214	0.0	412837	3410.5949395138286	0.75
16321.04495981708	750	59.51538463912948	0.0	401088	2915.989650055739	0.75
16325.515035602417	750	59.04530885379322	0.0	365161	4470.075785336258	0.75
16328.923760095002	750	59.63658436120872	0.0	321064	3408.724492584502	0.75
16338.852106559816	750	53.70823789639473	0.0	361565	9928.346464813992	0.75
16349.192523076075	750	47.3678213801358	0.0	378327	10340.416516258929	0.75
16351.056307792653	300	49.50403666355876	0.0	149991	1863.7847165770402	-0.15000000000000002
16352.319979488133	300	52.24036496807812	0.0	147968	1263.671695480641	0.3
16353.653211992993	300	54.907132463219405	0.0	161857	1333.2325048587115	0.3
16354.817949732973	300	57.74239472324006	0.0	145210	1164.7377399793445	0.3
16357.003785733175	300	59.55655872303765	0.0	172312	2185.8360002024124	0.3
16359.986971718503	750	59.66050069665139	0.0	398987	2896.0580263862585	0.3
16364.024225664189	750	59.62324675096582	0.0	393804	3537.253945685573	0.75
16371.281566138836	1850	56.36590627631945	0.0	830730	7257.340474646366	0.75
16380.643139279948	2850	51.00433313520605	0.0	1364537	9361.573141113397	1.85
16384.128574864728	750	51.51889755042725	0.0	450283	3485.4355847788083	0.75
16387.186514128523	750	52.46095828663162	0.0	398865	3057.939263795626	0.75
16389.294498360265	750	54.35297405488895	0.0	350812	2107.9842317426665	0.75
16391.392581793116	750	56.254890622039106	0.0	382355	2098.0834328498486	0.75
16393.539991910187	750	58.10748050496862	0.0	411561	2147.4101170704907	0.75
16395.54381609739	750	59.820642486679105	0.0	318564	1786.8380182895123	0.75
16399.481938250512	1200	59.88252033355512	0.0	561791	3438.1221531239853	0.75
16404.532977447467	1200	58.83148113660161	0.0	709534	5051.039196953514	1.2
16408.202100682734	1200	59.16235790133455	0.0	584846	3669.1232352670577	1.2
16411.369126589016	1200	59.99533199505112	0.0	560821	3167.0259062834366	1.2
16415.61912093951	1200	59.7453376445576	0.0	607410	4249.994350493513	1.2
16421.459681600856	1200	57.90477698321073	0.0	594078	5840.560661346872	1.2
16429.02308446272	1200	54.34137412134856	0.0	624282	7563.402861862172	1.2
16433.808808007623	1200	53.55565057644634	0.0	687371	4785.723544902216	1.2
16437.792572203267	1200	53.57188638080067	0.0	526950	3983.7641956456614	1.2
16440.344625991904	750	55.01983259216349	0.0	366214	2552.0537886371817	0.3
16442.681341380492	750	56.683117203573964	0.0	360831	2336.7153885895236	0.75
16444.99647184129	750	58.367986742780076	0.0	372963	2315.130460793885	0.75
16447.467660235983	750	59.89679834808398	0.0	405596	2471.188394696092	0.75
16450.4681357962	750	59.54047572172939	0.0	350713	2356.3226263545844	0.75
16453.521463851535	750	59.775888160994214	0.0	386472	2764.587560735183	0.75
16456.19929161465	750	59.6063445267382	0.0	399894	2669.543634256014	0.75
16459.438512089866	750	59.9358763535565	0.0	401853	2670.4681731816945	0.75
16462.11329655919	750	59.95286026991285	0.0	343800	2483.0160836436585	0.75
16465.66423659318	750	59.918774445757954	0.0	359903	2534.085824154892	0.75
16469.93969570636	750	59.64331533257487	0.0	379700	3775.4591131830857	0.75
16473.973443118266	750	59.60956792067128	0.0	425781	3533.7474119035915	0.75
16476.599249953455	750	59.924694870535866	0.0	277716	2184.873050135416	0.75
16480.81701801538	750	59.706926808612565	0.0	400396	3717.7680619233033	0.75
16484.964501045313	750	59.55944377867714	0.0	400508	4147.483029935422	0.75
16488.830065610888	750	59.69387921310371	0.0	358218	3865.564565573436	0.75
16491.806360149305	750	59.58660666513909	0.0	400322	2107.272547964628	0.75
16494.56589051933	750	59.73535247535265	0.0	369834	2351.254189786437	0.75
16497.90537419981	750	59.855748725232786	0.0	412837	2379.6037501198684	0.75
16501.493676824204	750	59.745537378217755	0.0	401088	2610.211347015027	0.75
16504.58164409804	750	59.63159937998548	0.0	365161	2113.9379982322725	0.75
16508.321422091863	1200	59.89182138616541	0.0	487812	3239.77799382008	0.75
16512.537793122996	1200	59.67545035503134	0.0	575591	4216.371031134072	1.2
16516.09400324555	1200	59.607434444034325	0.0	605884	3068.015910997012	1.2
16519.48250684688	1200	59.77227974914904	0.0	587506	3335.154694885285	1.2
16524.05967613404	1200	59.195110461992265	0.0	566904	4577.169287156778	1.2
16528.19668809456	1200	59.05809850146891	0.0	641452	4137.011960523347	1.2
16532.498437417427	1200	58.756349178599784	0.0	599477	4301.749322869131	1.2
16536.53066828466	1200	58.72411831136844	0.0	634861	4032.2308672313357	1.2
16541.128894826474	1200	58.125891769555636	0.0	630203	4598.226541812806	1.2
16548.108772957603	1850	55.146013638424236	0.0	982064	6979.8781311314015	1.2000000000000002
16554.506848723566	1850	52.74793787246354	0.0	830730	6398.075765960698	1.85
16562.9397887682	2850	48.31499782783022	0.0	1364537	8432.940044633326	1.85
16565.54459834055	750	49.71018825547661	0.0	450283	2604.8095723536053	0.75
16567.716613801294	750	51.5381727947353	0.0	398865	2172.015460741315	0.75
16570.734686755637	750	52.52009984039176	0.0	350812	3018.072954343544	0.75
16572.91282747142	750	54.341959124608586	0.0	382355	2178.1407157831686	0.75
16575.26276647694	750	55.99202011908962	0.0	411561	2349.9390055189638	0.75
16577.59672918806	750	57.65805740797021	0.0	318564	2333.9627111194077	0.75
16579.290013656726	750	59.96477293930379	0.0	352642	1693.284468666414	0.75
16582.580810098825	750	59.63930257639782	0.0	437162	2325.470362905979	0.75
16585.935964905533	1200	59.62988821264054	0.0	584846	2509.414363757277	0.75
16588.8914523843	1200	59.76951469473281	0.0	560821	2360.373517907724	1.2
16592.08646350144	1200	59.91456611659296	0.0	607410	2854.9485781398544	1.2
16596.320432176122	1200	59.68059744191433	0.0	594078	4233.968674678627	1.2
16598.95890052884	1200	59.993378872393535	0.0	624282	1687.218569520797	1.2
16603.78889304932	1200	59.163386351914724	0.0	687371	4829.992520478806	1.2
16610.14742280573	1200	56.804856595504916	0.0	526950	6358.529756409815	1.2
16613.911183765278	1200	57.04109563595814	0.0	587876	3763.760959546767	1.2
16617.800460400398	1200	57.15181900083717	0.0	617242	3889.2766351209752	1.2
16621.678654210824	1200	57.273625190412	0.0	581493	3878.1938104251753	1.2
16625.962815676372	1200	56.989463724865466	0.0	639204	4284.161465546531	1.2
16628.88421665395	1200	58.06806274728489	0.0	586839	2921.400977580574	1.2
16631.866039353223	1200	59.08624004801326	0.0	601738	2981.8226992716386	1.2
16636.03923065809	1200	58.913048743142525	0.0	616206	4173.1913048707265	1.2
16641.13489437483	1200	57.81738502640163	0.0	656471	5095.663716740901	1.2
16644.596726203457	1200	58.35555319777637	0.0	536667	3461.8318286252525	1.2
16648.36919737072	1200	58.58308203051309	0.0	587236	3772.4711672632807	1.2
16653.826840155114	1200	57.125439246117914	0.0	590335	5457.642784395175	1.2
16659.596059737036	1200	55.35621966419911	0.0	696376	5769.219581918806	1.2
16664.574797468384	1200	54.377481932850024	0.0	487160	4978.737731349086	1.2
16675.120220858586	1200	47.832058542645825	0.0	622896	10545.423390204198	1.2
16711.503477478058	1200	15.44880192317332	0.0	641447	36383.25661947251	1.2
16715.02428385947	300	15.927995541760792	0.0	157421	3520.806381412528	-0.6000000000000001
16719.36323039429	300	15.589049006942739	0.0	157488	4338.946534818054	0.3
16727.334909252582	300	11.617370148648297	0.0	143881	7971.678858294443	0.3
16737.99122671286	300	4.9610526883722725	0.0	163444	10656.317460276025	0.3
16746.070872892218	300	4.0	3.1185934909873922	179328	8079.6461793596645	-13.109952011245785
16752.435489015224	300	4.0	2.3646161230035285	159914	6364.616123003529	-9.867849328915172
16760.739530553743	300	4.0	4.3040415385190975	131610	8304.041538519097	-18.207378615632116
16768.98184791994	300	4.0	4.24231736619561	124011	8242.31736619561	-17.94196467464112
16777.581424310803	300	4.0	4.599576390864633	144254	8599.576390864633	-19.47817848071792
16785.79373641903	300	4.0	4.212312108225778	149991	8212.312108225779	-17.812942065370844
16794.21794269191	300	4.0	4.424206272881103	147968	8424.206272881103	-18.724086973388744
16804.39856240522	300	4.0	6.180619713305212	161857	10180.619713305212	-26.27666476721241
16808.74395434684	300	4.0	0.3453919416235722	145210	4345.391941623572	-1.1851853489813602
16817.247673265632	300	4.0	4.503718918793229	172312	8503.718918793229	-19.065991350810883
16826.746777887864	300	4.0	5.499104622229068	167025	9499.104622229068	-23.34614987558499
16829.789954500364	300	4.9568233875002665	0.0	160064	3043.1766124997343	0.3
16839.38356632976	300	4.0	4.636788441900722	137507	9593.611829400988	-19.638190300173104
16847.04910162269	300	4.0	3.665535292930922	118421	7665.535292930922	-15.461801759602963
16862.889987945084	750	4.0	11.840886322391711	450283	15840.88632239171	-50.16581118628436
16871.628578314852	300	4.0	4.738590369769565	155580	8738.590369769565	-20.525938590009126
16879.812205088765	300	4.0	4.183626773911675	139857	8183.626773911675	-17.689595127820198
16889.5188125134	300	4.0	5.706607424636084	155432	9706.607424636084	-24.238411925935157
16897.802972043854	300	4.0	4.284159530452664	163442	8284.159530452664	-18.121885980946452

