1448.524602835655	750	4.0	1.661300867963679	450283	1661.300867963679	-6.393593732243819
1449.4137399022613	300	7.1108629333935545	0.0	155580	889.137066606446	-0.15000000000000002
1450.2460276085492	300	10.278575227105648	0.0	139857	832.2877062879054	0.3
1451.0614029477101	300	13.463199887944734	0.0	155432	815.3753391609127	0.3
1451.831937249809	300	16.692665585845912	0.0	163442	770.5343020988221	0.3
1452.431109109328	300	20.09349372632708	0.0	126289	599.1718595188321	0.3
1453.3002469408489	300	23.22435589480617	0.0	153295	869.1378315209109	0.3
1454.126083360648	300	26.398519475007006	0.0	173849	825.8364197991614	0.3
1455.6978362837094	750	28.826766551945518	0.0	374758	1571.752923061488	0.3
1457.5787284928506	750	30.945874342804327	0.0	362795	1880.8922091411919	0.75
1461.7460273703775	750	30.778575465277658	0.0	353220	4167.298877526668	0.75
1467.430580965662	750	29.09402186999302	0.0	405134	5684.553595284637	0.75
1469.8768113484591	750	30.647791487196056	0.0	386351	2446.230382796966	0.75
1472.393287358623	750	32.131315477032224	0.0	434409	2516.4760101638335	0.75
1474.5540182140803	750	33.970584621574865	0.0	337059	2160.730855457352	0.75
1477.2547646292767	750	35.269838206378466	0.0	366214	2700.746415196401	0.75
1480.2263016916675	750	36.298301143987786	0.0	360831	2971.537062390676	0.75
1482.484582765717	750	38.04002006993804	0.0	372963	2258.281074049751	0.75
1485.026457646326	750	39.49814518932908	0.0	405596	2541.8748806089534	0.75
1486.6331164640003	750	41.89148637165471	0.0	350713	1606.6588176743755	0.75
1488.255560707222	750	44.26904212843286	0.0	386472	1622.4442432218495	0.75
1490.121522843611	750	46.40307999204393	0.0	399894	1865.9621363889246	0.75
1492.5226565412322	750	48.0019462944226	0.0	401853	2401.1336976213283	0.75
1494.3067899507237	750	50.217812884931135	0.0	343800	1784.133409491472	0.75
1496.2281369263258	750	52.29646590932913	0.0	359903	1921.3469756020047	0.75
1498.6301691454144	750	53.894433690240554	0.0	379700	2402.03221908857	0.75
1501.4270851676504	750	55.09751766800452	0.0	425781	2796.916022236039	0.75
1503.0334791079679	750	57.49112372768714	0.0	277716	1606.39394031738	0.75
1508.682438206542	750	55.842164629112816	0.0	400396	5648.95909857433	0.75
1513.3779127481205	750	55.14669008753429	0.0	400508	4695.47454157852	0.75
1517.0139270085879	750	55.5106758270669	0.0	358218	3636.0142604673974	0.75
1519.6347042261873	750	56.88989860946767	0.0	400322	2620.777217599221	0.75
1522.127202130511	750	58.397400705143816	0.0	369834	2492.4979043238554	0.75
1524.583509705161	750	59.941093130493684	0.0	412837	2456.3075746501318	0.75
1527.5322527439496	750	59.7073254798343	0.0	401088	2233.7676506593793	0.75
1530.7108291355444	750	59.91502497810165	0.0	365161	2792.300501732655	0.75
1532.7599860385533	750	59.528084471528125	0.0	321064	1386.9405065735177	0.75
1534.4629748299137	750	59.61719827406567	0.0	361565	1410.8861974624558	0.75
1536.341281915609	750	59.76959602816711	0.0	378327	1847.6022458985688	0.75
1540.012249542255	750	59.89446463474237	0.0	390680	2875.1313934247387	0.75
1542.7243189928586	750	59.63084802605115	0.0	345516	1763.6166086912212	0.75
1545.3279443147162	750	59.898261786078585	0.0	384505	2232.58623997257	0.75
1547.81314488186	750	59.75568104344923	0.0	372093	2142.580742629357	0.75
1550.5982552671542	750	59.70943576305922	0.0	438281	2546.2452803900082	0.75
1552.525787696026	750	59.81410210107559	0.0	398987	1895.3336619836275	0.75
1556.392801771784	1850	59.597194446640636	0.0	982064	3716.9076544349573	0.75
1560.3483113705029	2850	59.641684847921674	0.0	1231456	3955.509598718964	1.85
1568.1442207953924	2850	55.84577542303226	0.0	1364537	7795.909424889414	2.85
1570.2375996398052	750	57.75239657861932	0.0	450283	2093.378844412936	0.75
1572.145323283653	750	59.6249869013676	0.0	398865	1627.4096772517235	0.75
1573.6527384226097	750	59.63593631518729	0.0	350812	1489.0505861803092	0.75
1576.0999689416442	750	59.62550333205815	0.0	382355	1510.4329831291407	0.75
1579.3346539418988	1200	59.537059599883655	0.0	652874	2588.443732174492	0.75
1581.5233624624527	1200	59.87082597364674	0.0	520315	2166.2336262369176	1.2
1583.9580850167297	1200	59.60420214366654	0.0	561791	2266.6238299801976	1.2
1595.4438605013809	1200	52.1184266590154	0.0	709534	11485.775484651142	1.2
1602.2777062732523	1200	49.284580887144	0.0	584846	6833.845771871397	1.2
1605.4485198241628	1200	50.11376733623359	0.0	560821	3170.8135509104136	1.2
1608.2852415304733	1200	51.27704562992298	0.0	607410	2836.7217063106177	1.2
1611.270529985586	1200	52.29175717481009	0.0	594078	2985.2884551128864	1.2
1615.6735212303154	1200	51.88876593008103	0.0	624282	4402.9912447290635	1.2
1617.8403232932817	750	53.72196386711472	0.0	434409	2166.80206296631	0.3
1619.5090016865568	750	56.05328547383966	0.0	337059	1668.6783932750654	0.75
1621.185475767651	750	58.37681139274519	0.0	366214	1676.474081094462	0.75
1622.9304384171292	750	59.75907480561543	0.0	360831	1617.7365871297652	0.75
1624.682275851081	750	59.63226911981375	0.0	372963	1626.8056858016753	0.75
1627.1574184952212	1200	59.657213671818575	0.0	639204	2475.0554479951743	0.75
1630.0093250382283	1200	59.9308039983876	0.0	586839	2226.409673430974	1.2
1633.178919849817	1200	59.54375502738134	0.0	601738	2387.048971006262	1.2
1637.606224957436	1200	59.11644991976221	0.0	616206	4427.305107619129	1.2
1642.2229730514618	1200	58.49970182573654	0.0	656471	4616.748094025682	1.2
1645.7512560146274	1200	58.971418862571035	0.0	536667	3528.282963165496	1.2
1650.482994817663	1200	58.2396800595354	0.0	587236	4731.738803035641	1.2
1655.26865320769	1200	57.454021669508414	0.0	590335	4785.6583900269825	1.2
1659.7778898040317	750	56.94478507316664	0.0	425781	4509.236596341772	0.3
1661.3104603698348	750	59.41221450736355	0.0	277716	1532.570565803096	0.75
1663.9472812778336	750	59.543847233664394	0.0	400396	2368.367273699151	0.75
1667.5776422962	750	59.902393541630815	0.0	400508	3141.4536920335845	0.75
1669.639181137782	750	59.86107778400626	0.0	358218	2041.3157576245533	0.75
1672.9451796457706	750	59.82269007199062	0.0	400322	2538.387712015649	0.75
1675.6242892905448	750	59.91694064759004	0.0	369834	2405.749424400576	0.75
1679.373716985707	750	59.96390691019571	0.0	412837	2953.033737394323	0.75
1683.4805176966415	750	59.857106199261054	0.0	401088	3606.800710934658	0.75
1688.116813604676	1200	59.22081029122648	0.0	598727	4636.295908034578	0.75
1691.1617482409467	750	59.64708826145979	0.0	321064	2573.7220297666872	0.3
1694.014453544259	750	59.57134191305566	0.0	361565	2575.7463484041273	0.75
1697.8278643655883	750	59.757931091725986	0.0	378327	3313.41082132968	0.75
1701.0472801795415	750	59.65290807286835	0.0	390680	2605.023018857638	0.75
1704.2256216122794	750	59.740433754047025	0.0	345516	2912.474318821328	0.75
1707.858129610913	750	59.95211331168845	0.0	384505	2788.3204423585735	0.75
1710.788373258275	750	59.6135852661452	0.0	372093	1838.5280455432496	0.75
1713.1370971745946	750	59.660081108894694	0.0	438281	1953.5041572505074	0.75
1716.1306573226907	1200	59.53991091438132	0.0	630203	2620.1701945133705	0.75
1720.5271757482496	1850	59.14339248882206	0.0	982064	4396.518425559269	1.2000000000000002
1725.863443395782	2850	57.80712484128976	0.0	1231456	5336.267647532297	1.85
1730.6190719195176	2850	57.05149631755426	0.0	1364537	4755.628523735503	2.85
1732.0872644713022	750	59.583303765769486	0.0	450283	1468.1925517847708	0.75
1734.1915087727634	750	59.840680166135996	0.0	398865	1742.6235996334974	0.75
1736.1673403838158	750	59.97307471152364	0.0	350812	1867.6054546123567	0.75
1742.7847122037936	1200	57.35570289154595	0.0	617681	6617.371819977685	0.75
1745.5289593082643	1200	58.611455787075016	0.0	652874	2744.2471044709396	1.2
1749.530805428767	1200	58.609609666572155	0.0	520315	4001.846120502855	1.2
1753.858691710121	1200	58.28172338521825	0.0	561791	4327.886281353907	1.2
1758.2945817273492	1200	57.845833367990025	0.0	709534	4435.890017228224	1.2
1760.3260860439425	750	59.81432905139672	0.0	374758	2031.5043165933057	0.3
1762.8681212639729	750	59.98629734966492	0.0	362795	1828.0317017318016	0.75
1765.855209805775	750	59.79375483791334	0.0	353220	2192.542511751584	0.75
1773.1723758437627	750	56.47658879992556	0.0	405134	7317.166037987779	0.75
1774.3329155994684	750	59.31604904421991	0.0	386351	1160.5397557056529	0.75
1775.8510911976734	750	59.83508715698927	0.0	434409	980.9618872306414	0.75
1777.1697855159432	750	59.5768468533416	0.0	337059	758.2403036476679	0.75
1778.1123059707443	750	59.80031363325217	0.0	366214	776.5332200894296	0.75
1779.9922101983727	750	59.58335513679363	0.0	360831	716.9584964585436	0.75
1782.3535644472406	1200	59.84715087794473	0.0	581493	1736.2042588489066	0.75
1784.3248502118488	1200	59.625082990650135	0.0	639204	1222.0678872945848	1.2
1786.4005978893906	1850	59.909818090535865	0.0	923755	1715.264900114269	1.2000000000000002
1789.8357870085786	1850	59.599964919655704	0.0	891604	3309.8531708801634	1.85
1793.5201714050147	1850	59.91558052321948	0.0	955231	3184.384396436223	1.85
1797.614633555828	1850	59.821118372406204	0.0	968026	4094.462150813279	1.85
1801.7302067682642	1850	59.7055451599701	0.0	874175	3615.5732124361093	1.85
1805.6697830339908	1850	59.76596889424352	0.0	897976	3939.5762657265764	1.85
1809.545919725606	1850	59.620566535296	0.0	905935	3645.4023589475223	1.85
1815.0354180427955	1850	58.1310682181065	0.0	1076599	5489.4983171895	1.85
1818.9432675878882	1850	58.223218673013974	0.0	758197	3907.8495450925275	1.85
1822.1158680775095	1200	59.050618183392544	0.0	622896	3172.600489621427	0.5499999999999999
1824.987473368607	1200	59.785156880129456	0.0	641447	2765.4613032630896	1.2
1828.2885544629235	1200	59.82168832688825	0.0	570392	2463.4685532412063	1.2
1831.8976557428387	1200	59.661443957468364	0.0	620283	3160.244369419888	1.2
1835.6553657641562	1200	59.90373393615089	0.0	584349	3757.710021317469	1.2
1839.039576870738	1200	59.86391184876638	0.0	670129	3039.822087384516	1.2
1842.8754993465702	1200	59.82264512044897	0.0	690253	3541.2667283174064	1.2
1846.7697830684865	1200	59.6733311332482	0.0	598727	3649.3139872007773	1.2
1850.5444622821765	1200	59.898651919558105	0.0	487812	3274.6792136900935	1.2
1856.17568176229	1200	58.26743243944482	0.0	575591	5631.219480113283	1.2
1860.7142638309783	1200	57.728850370756255	0.0	605884	4538.582068688566	1.2
1863.3139618092434	750	59.12915239249119	0.0	390680	2599.6979782650606	0.3
1866.5461479486967	750	59.57063356050083	0.0	345516	2558.5188319903677	0.75
1869.461948213165	750	59.50856708199805	0.0	384505	2562.0664785027793	0.75
1873.727014332178	750	59.243500962984896	0.0	372093	4265.066119013161	0.75
1877.0126611246253	750	59.95785417053779	0.0	438281	3285.646792447103	0.75
1879.0083184858083	750	59.61724883865926	0.0	398987	1340.6053318785366	0.75
1881.8415813469296	750	59.72314342275085	0.0	393804	2394.1054159084065	0.75
1884.6913481209451	1850	59.653338758349435	0.0	830730	2569.804664401418	0.75
1893.425834948772	2850	54.91885193052236	0.0	1364537	8734.486827827077	1.85
1895.8464888464034	750	56.49819803289114	0.0	450283	2420.6538976312254	0.75
1900.5894915067615	1200	55.755195372532896	0.0	611087	4743.002660358246	0.75
1905.1418507073754	1200	55.202836171918996	0.0	571051	4552.359200613903	1.2
1910.760611266118	1200	53.58407561317651	0.0	617681	5618.760558742483	1.2
1912.7336193167143	750	55.611067562580075	0.0	411561	1973.0080505964381	0.3
1914.4152678680982	750	57.929419011196124	0.0	318564	1681.6485513839532	0.75
1916.4802747055487	750	59.8644121737457	0.0	352642	2065.0068374504285	0.75
1921.1477519723194	1200	59.196934906975144	0.0	709534	4667.477266770548	0.75
1924.265382818723	1200	59.91880246426758	0.0	584846	2778.132442707567	1.2
1927.2997477084527	1200	59.696369221250905	0.0	560821	2722.4332430166774	1.2
1931.104604721982	1200	59.89151220772157	0.0	607410	3304.857013529331	1.2
1934.5420282616146	1200	59.59519476802621	0.0	594078	3296.3174396953614	1.2
1937.5174071504273	1200	59.63255837358865	0.0	624282	2962.6363944375585	1.2
1941.4870179694733	1200	59.66294755454267	0.0	687371	3469.6108190459827	1.2
1944.7831532046825	1200	59.8310565936486	0.0	526950	2831.8909608940726	1.2
1948.0828491615234	1200	59.861830752385636	0.0	587876	2969.2258412629594	1.2
1955.3190168175913	1200	56.62566309631756	0.0	617242	7236.167656068074	1.2
1959.8639474650035	1200	56.08073244890547	0.0	581493	4544.930647412091	1.2
1962.4325929036052	750	57.51208701030384	0.0	405596	2568.645438601637	0.3
1964.666633807661	750	59.278046106248	0.0	350713	2234.040904055841	0.75
1968.3161874178722	750	59.62849249603667	0.0	386472	3649.5536102113238	0.75
1972.264363262143	750	59.68031665176591	0.0	399894	3448.175844270765	0.75
1974.7177551166023	750	59.789112832635006	0.0	401853	2391.203819130894	0.75
1977.260360154744	750	59.75340433122861	0.0	343800	1535.7085014063991	0.75
1980.4251158755471	750	59.54447473919468	0.0	359903	2208.9295920339314	0.75
1983.1998128819996	750	59.82453930035289	0.0	379700	2219.935438841793	0.75
1987.4789964710324	750	59.545355711320255	0.0	425781	3779.183589032634	0.75
1989.785463736332	750	59.85409465699205	0.0	277716	2191.261054328203	0.75
1995.5021351860796	750	58.13742320724432	0.0	400396	5716.671449747728	0.75
2004.0506125674299	750	53.588945825893965	0.0	400508	8548.477381350356	0.75
2008.9882874786294	750	52.65127091469439	0.0	358218	4937.674911199564	0.75
2015.2778214279608	750	50.361736965362965	0.0	400322	6289.5339493314295	0.75
2017.3998457892264	300	52.23971260409731	0.0	143881	2122.0243612656514	-0.15000000000000002
2020.343311071137	300	53.29624732218677	0.0	163444	2943.465281910543	0.3
2022.6777464471659	300	54.961811946157766	0.0	179328	2334.435376029003	0.3
2023.4293152076282	300	58.210243185695695	0.0	159914	751.5687604620708	0.3
2024.1872492267166	300	59.5708050172854	0.0	131610	639.4381684103002	0.3
2026.9869066885967	300	59.79822421168453	0.0	124011	2272.5808056008686	0.3
2029.2165051881514	300	59.531463290046915	0.0	144254	1766.7609216376115	0.3
2030.7751403497107	300	59.94156449822571	0.0	149991	1089.898791821206	0.3

