2.905148303948766	750	4.0	2.905148303948766	450283	2905.148303948766	1	-11.742137706979694
3.9484402888854975	300	6.956708015063269	0.0	155580	1043.291984936731	0.815834296396847	-0.15000000000000002
6.474112454329572	750	8.431035849619194	0.0	350812	2525.672165444075	0.815834296396847	0.3
8.7041984780081	750	10.200949825940665	0.0	382355	2230.0860236785293	0.815834296396847	0.75
11.422320745715922	750	11.482827558232842	0.0	411561	2718.1222677078226	0.815834296396847	0.75
13.27221003962765	750	13.632938264321115	0.0	318564	1849.889293911726	0.815834296396847	0.75
15.705726194221745	750	15.19942210972702	0.0	352642	2433.516154594095	0.815834296396847	0.75
18.100911757987216	750	16.804236545961555	0.0	437162	2395.1855637654685	0.815834296396847	0.75
20.653904217749528	750	18.25124408619924	0.0	374758	2552.992459762314	0.815834296396847	0.75
22.51811501177306	750	20.387033292175712	0.0	362795	1864.2107940235303	0.815834296396847	0.75
25.286772361083315	1200	21.618375942865452	0.0	607410	2768.6573493102596	0.815834296396847	0.75
27.904447482059407	1200	23.00070082188936	0.0	594078	2617.675120976091	0.815834296396847	1.2
30.717754238011867	1200	24.1873940659369	0.0	624282	2813.306755952462	0.815834296396847	1.2
35.527336987549305	1200	23.37781131639946	0.0	687371	4809.58274953744	0.815834296396847	1.2
38.626713459569345	1200	24.278434844379422	0.0	526950	3099.376472020036	0.815834296396847	1.2
42.06463149088993	1200	24.840516813058834	0.0	587876	3437.918031320586	0.815834296396847	1.2
47.19860396758898	1200	23.70654433635979	0.0	617242	5133.972476699044	0.815834296396847	1.2
55.206918466193166	1200	19.698229837755605	0.0	581493	8008.314498604188	0.815834296396847	1.2
59.48417444162283	1200	19.420973862325944	0.0	639204	4277.255975429661	0.815834296396847	1.2
64.04797823249434	1200	18.85717007145442	0.0	586839	4563.803790871521	0.815834296396847	1.2
67.88841640059981	1200	19.016731903348962	0.0	601738	3840.4381681054574	0.6286727449399259	1.2
71.94839895246646	1200	18.9567493514823	0.0	616206	4059.9825518666607	0.6286727449399259	1.2
75.57024681815706	1200	19.3349014857917	0.0	656471	3621.847865690599	0.6286727449399259	1.2
78.79972621532785	1200	20.1054220886209	0.0	536667	3229.4793971707973	0.6286727449399259	1.2
82.12477951591384	1200	20.78036878803491	0.0	587236	3325.053300585991	0.6286727449399259	1.2
85.37829652073306	1200	21.526851783215697	0.0	590335	3253.5170048192117	0.6286727449399259	1.2
89.1266212108549	1200	21.77852709309384	0.0	696376	3748.3246901218577	0.6286727449399259	1.2
91.80272981487352	1200	23.102418489075237	0.0	487160	2676.1086040186033	0.6286727449399259	1.2
95.61473502429092	1200	23.290413279657834	0.0	622896	3812.0052094174043	0.6286727449399259	1.2
99.87921036308953	1200	23.025937940859222	0.0	641447	4264.475338798615	0.6286727449399259	1.2
104.21751553010026	1200	22.687632773848502	0.0	570392	4338.305167010721	0.6286727449399259	1.2
109.32592072421504	1200	21.57922757973372	0.0	620283	5108.405194114785	0.6286727449399259	1.2
114.26153834364779	1200	20.643609960300978	0.0	584349	4935.617619432739	0.6286727449399259	1.2
120.44630752352448	1200	18.45884078042429	0.0	670129	6184.76917987669	0.6286727449399259	1.2
125.56745068717358	1200	17.337697616775188	0.0	690253	5121.143163649099	0.6286727449399259	1.2
130.74910330402673	1200	16.156044999922052	0.0	598727	5181.652616853136	0.6286727449399259	1.2
134.83937969646107	1200	16.065768607487726	0.0	487812	4090.276392434327	0.6286727449399259	1.2
140.55218979572356	1200	14.352958508225202	0.0	575591	5712.810099262524	0.6286727449399259	1.2
145.01441260952936	1200	13.890735694419408	0.0	605884	4462.222813805793	0.6286727449399259	1.2
149.87034857294762	1200	13.03479973100116	0.0	587506	4855.935963418248	0.6286727449399259	1.2
153.24118870424238	750	13.663959599706406	0.0	345516	3370.840131294754	0.6286727449399259	0.3
158.8882093263681	750	12.016938977580711	0.0	384505	5647.020622125697	0.6286727449399259	0.75
162.40535667981143	750	12.49979162413736	0.0	372093	3517.1473534433508	0.6286727449399259	0.75
165.3265994704602	750	13.578548833488599	0.0	438281	2921.2427906487615	0.6286727449399259	0.75
167.64092091537242	750	15.264227388576405	0.0	398987	2314.3214449121956	0.6286727449399259	0.75
171.62474316001396	1200	15.280405143934873	0.0	638661	3983.822244641532	0.6286727449399259	0.75
174.37201097769355	1200	16.53313732625527	0.0	538612	2747.2678176795976	0.6286727449399259	1.2
181.85431106639746	2850	13.050837237551335	0.0	1364537	7482.300088703938	0.6286727449399259	1.2000000000000002
185.14072585751933	750	13.76442244642946	0.0	450283	3286.414791121876	0.6286727449399259	0.75
192.88633361719852	1200	10.01881468675028	0.0	611087	7745.60775967918	0.6286727449399259	0.75
200.72342848551483	1200	6.181719818433977	0.0	571051	7837.094868316303	0.6286727449399259	1.2
207.7855589382138	750	4.0	0.8804106342649866	382355	7062.130452698963	0.6286727449399259	-3.4857657273394422
209.50649378244833	300	6.279065155765469	0.0	163442	1720.9348442345306	0.6286727449399259	-0.15000000000000002
210.68894215634452	300	9.09661678186925	0.0	126289	1182.448373896219	0.6286727449399259	0.3
211.94042817491768	300	11.845130763296122	0.0	153295	1251.4860185731286	0.6286727449399259	0.3
213.83962243948437	300	13.945936498729406	0.0	173849	1899.194264566714	0.6286727449399259	0.3
215.73636007988276	300	16.049198858331035	0.0	150710	1896.7376403983733	0.6286727449399259	0.3
217.6545348537743	300	18.131024084439506	0.0	139105	1918.1747738915294	0.6286727449399259	0.3
219.36018725942938	300	20.425371678784447	0.0	141840	1705.6524056550586	0.6286727449399259	0.3
225.41224801741967	750	18.37331092079414	0.0	405134	6052.060757990306	0.6286727449399259	0.3
231.21407438042579	750	16.571484557788022	0.0	386351	5801.826363006116	0.6286727449399259	0.75
242.18321160453286	750	9.602347333680974	0.0	434409	10969.137224107048	0.6286727449399259	0.75
247.4310141661214	300	8.354544772092412	0.0	140051	5247.802561588564	0.6286727449399259	-0.15000000000000002
249.64645088526936	300	10.13910805294445	0.0	138313	2215.436719147959	0.6286727449399259	0.3
251.95063094480588	300	11.83492799340791	0.0	143509	2304.1800595365416	0.6286727449399259	0.3
254.3104276491949	300	13.475131289018893	0.0	150616	2359.7967043890158	0.6286727449399259	0.3
257.1202229164137	300	14.665336021800101	0.0	165384	2809.795267218791	0.6286727449399259	0.3
260.8286225424116	300	14.956936395802176	0.0	140881	3708.3996259979263	0.6286727449399259	0.3
264.2141100971048	300	15.571448841108971	0.0	157671	3385.4875546932035	0.6286727449399259	0.3
267.73669650061134	300	16.048862437602445	0.0	157812	3522.586403506528	0.6286727449399259	0.3
274.47462855970866	300	13.31093037850512	0.0	163927	6737.932059097323	0.6286727449399259	0.3
279.7650802312658	300	12.02047870694796	0.0	137654	5290.45167155716	0.6286727449399259	0.3
283.777674195021	300	12.00788474319278	0.0	146754	4012.5939637551796	0.6286727449399259	0.3
287.82138242560245	300	11.964176512611276	0.0	153938	4043.708230581504	0.6286727449399259	0.3
291.69158260810525	300	12.093976330108468	0.0	181901	3870.2001825028096	0.6286727449399259	0.3
294.10605024250367	300	13.679508695710012	0.0	111155	2414.4676343984556	0.6286727449399259	0.3
299.49373576244693	300	12.291823175766739	0.0	153605	5387.685519943274	0.6286727449399259	0.3
302.313086047561	300	13.472472890652682	0.0	149029	2819.350285114056	0.6286727449399259	0.3
305.0833700439105	300	14.702188894303216	0.0	157421	2770.2839963494666	0.6286727449399259	0.3
308.02969582446343	300	15.755863113750301	0.0	157488	2946.325780552914	0.6286727449399259	0.3
310.9371457451389	300	16.848413193074883	0.0	143881	2907.4499206754163	0.6286727449399259	0.3
313.16499890890714	300	18.620560029306628	0.0	163444	2227.853163768257	0.6286727449399259	0.3
315.48914042955744	300	20.29641850865631	0.0	179328	2324.1415206503184	0.6286727449399259	0.3
317.70478654939814	300	22.080772388815554	0.0	159914	2215.6461198407546	0.6286727449399259	0.3
319.6661690273973	300	24.11938991081642	0.0	131610	1961.3824779991319	0.6286727449399259	0.3
321.8194139769595	300	25.966144961254237	0.0	124011	2153.2449495621804	0.6286727449399259	0.3
323.1456575686814	300	28.639901369532396	0.0	144254	1326.2435917218434	0.6286727449399259	0.3
333.39303967252476	750	22.392519265688964	0.0	390680	10247.382103843434	0.6286727449399259	0.3
345.04683806190997	750	14.73872087630382	0.0	345516	11653.798389385143	0.6286727449399259	0.75
351.1016617389651	300	12.683897199248696	0.0	161857	6054.823677055125	0.6286727449399259	-0.15000000000000002
358.4553387713021	300	9.330220166911676	0.0	145210	7353.677032337018	0.6286727449399259	0.3
363.8274772216341	300	7.958081716579655	0.0	172312	5372.138450332021	0.6286727449399259	0.3
368.8711045680054	300	6.9144543702083405	0.0	167025	5043.627346371315	0.6286727449399259	0.3
373.32759437808016	300	6.457964560133606	0.0	160064	4456.489810074734	0.6286727449399259	0.3
376.28551075117554	300	7.5000481870382725	0.0	137507	2957.9163730953333	0.6286727449399259	0.3
380.22616675473284	300	7.5593921834809565	0.0	118421	3940.6560035573166	0.6286727449399259	0.3
390.68523432093957	750	4.0	2.8996753827257806	450283	10459.067566206737	0.6286727449399259	-11.718604145720857
392.30378998954217	300	6.381444331397397	0.0	155580	1618.5556686026034	0.6286727449399259	-0.15000000000000002
393.5257616161867	300	9.159472704752824	0.0	139857	1221.9716266445712	0.6286727449399259	0.3
394.78450275191443	300	11.900731569025124	0.0	155432	1258.7411357277024	0.6286727449399259	0.3
395.92116873350085	300	14.764065587438678	0.0	163442	1136.6659815864462	0.6286727449399259	0.3
396.84894310969895	300	17.83629121124058	0.0	126289	927.7743761980931	0.6286727449399259	0.3
399.51585369439505	750	19.169380626544474	0.0	352642	2666.9105846961097	0.6286727449399259	0.3
402.19353446620227	750	20.491699854737263	0.0	437162	2677.6807718072096	0.6286727449399259	0.75
406.0134494471678	1200	20.671784873771802	0.0	584846	3819.914980965463	0.6286727449399259	0.75
408.9367080980186	1200	21.748526222920972	0.0	560821	2923.258650850828	0.6286727449399259	1.2
412.08074994909305	1200	22.604484371846514	0.0	607410	3144.0418510744585	0.6286727449399259	1.2
415.81184214957784	1200	22.87339217136166	0.0	594078	3731.0922004848503	0.6286727449399259	1.2
419.6863148898339	1200	22.998919431105598	0.0	624282	3874.472740256064	0.6286727449399259	1.2
423.6256630801677	1200	23.059571240771763	0.0	687371	3939.3481903338375	0.6286727449399259	1.2
426.3492007494872	1200	24.33603357145229	0.0	526950	2723.53766931947	0.6286727449399259	1.2
429.3504605194905	1200	25.33477380144899	0.0	587876	3001.2597700033034	0.6286727449399259	1.2
431.9990778386329	1200	26.686156482306625	0.0	617242	2648.6173191423622	0.6286727449399259	1.2
436.83247195353874	1850	25.852762367400796	0.0	885714	4833.394114905831	0.6286727449399259	1.2000000000000002
444.172881769201	1850	22.512352551738534	0.0	987708	7340.409815662261	0.6286727449399259	1.85
451.940544173935	1850	18.744690147004516	0.0	923755	7767.662404734018	0.6286727449399259	1.85
457.4906854987566	1850	17.19454882218296	0.0	891604	5550.1413248215595	0.6286727449399259	1.85
461.53107236855885	1200	17.154161952380694	0.0	616206	4040.3868698022616	0.6286727449399259	0.5499999999999999
465.8472659405531	1200	16.837968380386428	0.0	656471	4316.193571994267	0.6286727449399259	1.2
471.6772542767549	1200	15.007980044184617	0.0	536667	5829.988336201813	0.6286727449399259	1.2
475.2684410785935	1200	15.416793242346005	0.0	587236	3591.1868018386112	0.6286727449399259	1.2
478.32499596832577	1200	16.360238352613763	0.0	590335	3056.554889732242	0.6286727449399259	1.2
481.38498350386567	1200	17.300250817073877	0.0	696376	3059.987535539886	0.6286727449399259	1.2
483.64867831930803	1200	19.036556001631492	0.0	487160	2263.694815442383	0.6286727449399259	1.2
486.40064610836174	1200	20.284588212577788	0.0	622896	2751.9677890537055	0.6286727449399259	1.2
489.7763851963558	1200	20.90884912458372	0.0	641447	3375.7390879940667	0.6286727449399259	1.2
492.4706305738507	1200	22.214603747088837	0.0	570392	2694.2453774948854	0.6286727449399259	1.2
497.15616760311786	1850	21.529066717821664	0.0	954453	4685.537029267172	0.6286727449399259	1.2000000000000002
501.82324323972273	1850	20.861991081216797	0.0	885062	4667.075636604867	0.6286727449399259	1.85
509.16351591209684	1850	17.52171840884271	0.0	1035329	7340.272672374089	0.6286727449399259	1.85
521.6493537212799	1850	9.03588059965958	0.0	1026056	12485.83780918313	0.6286727449399259	1.85
533.1224234533559	1850	4.0	2.437189132416437	943942	11473.069732076017	0.6286727449399259	-8.629913269390679
534.1010455946198	300	7.021377858736131	0.0	131610	978.6221412638687	0.6286727449399259	-1.25
534.9793638937462	300	10.143059559609789	0.0	124011	878.318299126343	0.6286727449399259	0.3
536.1638021829231	300	12.958621270432879	0.0	144254	1184.4382891769098	0.6286727449399259	0.3
537.2488640358813	300	15.873559417474704	0.0	149991	1085.0618529581757	0.6286727449399259	0.3
540.7186549592492	750	16.403768494106743	0.0	345516	3469.7909233679616	0.6286727449399259	0.3
544.9698198179095	750	16.15260363544642	0.0	384505	4251.1648586603205	0.6286727449399259	0.75
549.8735473736309	750	15.248876079725058	0.0	372093	4903.727555721363	0.6286727449399259	0.75
562.2068953548887	750	6.915528098467173	0.0	438281	12333.347981257884	0.6286727449399259	0.75
566.6190601319774	300	6.503363321378499	0.0	167025	4412.164777088675	0.6286727449399259	-0.15000000000000002
568.9571464627815	300	8.165276990574483	0.0	160064	2338.0863308040157	0.6286727449399259	0.3
570.8342530531777	300	10.288170400178183	0.0	137507	1877.1065903963001	0.6286727449399259	0.3
576.1336110381549	750	8.988812415200973	0.0	314107	5299.357984977211	0.6286727449399259	0.3
585.0521277161249	750	4.0702957372310085	0.0	450283	8918.516677969965	0.6286727449399259	0.75
586.3795731308296	300	6.742850322526307	0.0	155580	1327.4454147047015	0.6286727449399259	-0.15000000000000002
587.4842604446521	300	9.638163008703785	0.0	139857	1104.6873138225226	0.6286727449399259	0.3
588.4992620982838	300	12.623161355072213	0.0	155432	1015.0016536315728	0.6286727449399259	0.3
589.9453094502782	300	15.177114003077797	0.0	163442	1446.047351994415	0.6286727449399259	0.3
591.2195530579489	300	17.90287039540697	0.0	126289	1274.2436076708248	0.6286727449399259	0.3
604.927071068078	750	8.195352385277877	0.0	352642	13707.518010129095	0.6286727449399259	0.3
606.6560983436225	300	10.466325109733422	0.0	173849	1729.0272755444537	0.6286727449399259	-0.15000000000000002
607.7329412603902	300	13.389482192965685	0.0	150710	1076.8429167677364	0.6286727449399259	0.3
608.5163623657747	300	16.606061087581168	0.0	139105	783.4211053845173	0.6286727449399259	0.3
609.1908492402642	300	19.93157421309162	0.0	141840	674.4868744895508	0.6286727449399259	0.3
609.7920567156536	300	23.330366737702228	0.0	156148	601.2074753893895	0.6286727449399259	0.3
610.4492786190424	300	26.6731448343135	0.0	160746	657.2219033887267	0.6286727449399259	0.3
615.2303220693561	1850	25.892101383999734	0.0	1036454	4781.043450313769	0.6286727449399259	0.30000000000000004
618.4893652303729	1850	26.633058222982953	0.0	821631	3259.0431610167802	0.6286727449399259	1.85
621.20187770721	1850	27.920545746145844	0.0	923170	2712.5124768371097	0.6286727449399259	1.85
623.9574066094436	1850	29.165016843912298	0.0	966699	2755.528902233547	0.6286727449399259	1.85
627.5602391464287	2850	29.562184306927286	0.0	1358801	3602.8325369850113	0.6286727449399259	1.85
632.8066803229275	2850	28.315743130428352	0.0	1537156	5246.441176498933	0.6286727449399259	2.85
637.2362447695001	2850	27.886178683855825	0.0	1336050	4429.564446572528	0.6286727449399259	2.85
640.9778851398038	2850	28.14453831355219	0.0	1415116	3741.6403703036385	0.6286727449399259	2.85
644.6696766957085	2850	28.452746757647358	0.0	1468126	3691.7915559048324	0.6286727449399259	2.85
647.8897690578332	2850	29.232654395522726	0.0	1505760	3220.092362124634	0.6286727449399259	2.85
650.6199503314323	2850	30.50247312192356	0.0	1323990	2730.1812735991643	0.6286727449399259	2.85
656.6737220889609	4300	28.448701364395056	0.0	2186790	6053.771757528505	0.6286727449399259	2.8499999999999996
662.7189546918638	4300	26.403468761491972	0.0	2105231	6045.232602903085	0.6286727449399259	4.3
671.7400493098951	4300	21.382374143460627	0.0	2395588	9021.094618031342	0.6286727449399259	4.3
687.5082817268861	4300	9.61414172646958	0.0	1972048	15768.232416991048	0.6286727449399259	4.3
696.7610490761206	1850	4.361374377235114	0.0	972798	9252.767349234466	0.6286727449399259	-0.6000000000000001
702.1924959512481	750	4.0	1.0700724978924354	400508	5431.446875127549	0.6286727449399259	-4.951311740937472
703.5995911083451	300	6.592904842903014	0.0	157421	1407.0951570969867	0.6286727449399259	-0.15000000000000002
707.620307318556	300	6.57218863269208	0.0	157488	4020.7162102109337	0.6286727449399259	0.3
713.3608222329838	300	4.831673718264341	0.0	143881	5740.514914427738	0.6286727449399259	0.3
718.6178220734238	300	4.0	0.4253261221756184	163444	5256.999840439959	0.6286727449399259	-1.528902325355159
722.2545602980949	300	4.363261775328935	0.0	179328	3636.738224671065	0.6286727449399259	0.3
724.2336709925435	300	6.384151080880405	0.0	159914	1979.11069444853	0.6286727449399259	0.3
727.8058584485251	300	6.811963624898732	0.0	131610	3572.1874559816724	0.6286727449399259	0.3
729.761188982734	300	8.856633090689858	0.0	124011	1955.3305342088736	0.6286727449399259	0.3
731.4041289839456	300	11.213693089478257	0.0	144254	1642.940001211603	0.6286727449399259	0.3
733.088684204599	300	13.529137868824872	0.0	149991	1684.5552206533848	0.6286727449399259	0.3
734.554371233039	300	16.063450840384892	0.0	147968	1465.6870284399793	0.6286727449399259	0.3
736.068954695843	300	18.54886737758075	0.0	161857	1514.5834628041437	0.6286727449399259	0.3
737.9113230499798	300	20.706499023443957	0.0	145210	1842.368354136791	0.6286727449399259	0.3
745.4992805020022	300	17.118541571421645	0.0	172312	7587.957452022316	0.6286727449399259	0.3
754.08347925571	300	12.53434281771386	0.0	167025	8584.198753707784	0.6286727449399259	0.3
759.0516155292382	300	11.56620654418565	0.0	160064	4968.136273528209	0.6286727449399259	0.3
763.3589493497093	300	11.258872723714573	0.0	137507	4307.333820471077	0.6286727449399259	0.3
765.2756627085174	300	13.34215936490654	0.0	118421	1916.7133588080314	0.6286727449399259	0.3
770.1878117703344	750	12.430010303089574	0.0	450283	4912.1490618169655	0.6286727449399259	0.75
771.5975681104135	300	15.020253963010447	0.0	155580	1409.7563400791264	0.6286727449399259	-0.15000000000000002
772.4930526664448	300	18.124769406979198	0.0	139857	895.4845560312522	0.6286727449399259	0.3
773.4472761097567	300	21.17054596366728	0.0	155432	954.2234433119203	0.6286727449399259	0.3
776.0013839324803	750	22.616438140943654	0.0	411561	2554.1078227236244	0.6286727449399259	0.3
778.8781207999947	1200	23.739701273429173	0.0	520315	2876.736867514481	0.6286727449399259	0.75
781.5270034992459	1200	25.090818574177952	0.0	561791	2648.882699251217	0.6286727449399259	1.2
784.0898732645923	1200	26.527948808831518	0.0	709534	2562.8697653464314	0.6286727449399259	1.2
787.145809996233	1850	27.472012077190783	0.0	852833	3055.9367316407356	0.6286727449399259	1.2000000000000002
790.9737088059661	1850	27.644113267457662	0.0	913888	3827.8988097331194	0.6286727449399259	1.85
794.488496582556	1850	28.12932549086784	0.0	939819	3514.7877765898243	0.6286727449399259	1.85
798.2189107495363	1850	28.398911323887404	0.0	917428	3730.414166980435	0.6286727449399259	1.85
808.6567050552696	2850	21.96111701815416	0.0	1422919	10437.794305733243	0.6286727449399259	1.85
820.2822426646355	2850	14.335579408788236	0.0	1578343	11625.537609365923	0.6286727449399259	2.85
826.8450221510325	1850	11.772799922391304	0.0	821631	6562.779486396935	0.6286727449399259	0.8500000000000001
830.1957899056125	1850	12.422032167811299	0.0	923170	3350.7677545800025	0.6286727449399259	1.85
832.6849657398418	1200	13.932856333581986	0.0	617242	2489.1758342293147	0.6286727449399259	0.5499999999999999
835.1480593625353	1200	15.469762710888576	0.0	581493	2463.09362269341	0.6286727449399259	1.2
837.5914552619032	1200	17.026366811520628	0.0	639204	2443.395899367949	0.6286727449399259	1.2
842.3187546061408	1850	16.29906746728305	0.0	923755	4727.299344237579	0.6286727449399259	1.2000000000000002
846.1655567808853	1850	16.452265292538595	0.0	891604	3846.802174744453	0.6286727449399259	1.85
848.776766328813	1850	17.841055744610877	0.0	955231	2611.20954792772	0.6286727449399259	1.85
851.4787643688395	1850	19.139057704584246	0.0	968026	2701.9980400266277	0.6286727449399259	1.85
854.0297980269742	1850	20.588024046449657	0.0	874175	2551.0336581345905	0.6286727449399259	1.85
856.4616566046432	1850	22.156165468780586	0.0	897976	2431.8585776690716	0.6286727449399259	1.85
860.2247229926637	2850	22.393099080760024	0.0	1480464	3763.0663880205598	0.6286727449399259	1.85
864.4203379639156	2850	22.19748410950824	0.0	1547572	4195.614971251788	0.6286727449399259	2.85
869.4948685398381	2850	21.122953533585623	0.0	1141971	5074.530575922614	0.6286727449399259	2.85
879.3160646495503	2850	15.301757423873543	0.0	1498470	9821.19610971208	0.6286727449399259	2.85
889.403095303409	1850	9.2147267700147	0.0	975811	10087.030653858843	0.6286727449399259	0.8500000000000001
894.7030708485232	1200	7.9147512249005505	0.0	570392	5299.97554511415	0.6286727449399259	0.5499999999999999
898.5525006177207	1200	8.065321455702954	0.0	620283	3849.429769197596	0.6286727449399259	1.2
900.788865513349	750	9.828956560074642	0.0	369834	2236.364895628312	0.6286727449399259	0.3
903.186186292456	750	11.431635780967708	0.0	412837	2397.320779106934	0.6286727449399259	0.75
905.9901878969221	750	12.627634176501639	0.0	401088	2804.0016044660697	0.6286727449399259	0.75
911.5383282362426	750	11.079493837181147	0.0	365161	5548.140339320491	0.6286727449399259	0.75
915.4886411813736	750	11.129180892050147	0.0	321064	3950.312945131	0.6286727449399259	0.75
920.5171280903363	750	10.100693983087382	0.0	361565	5028.486908962766	0.6286727449399259	0.75
925.6734742911801	750	8.94434778224356	0.0	378327	5156.346200843821	0.6286727449399259	0.75
929.5512457490239	750	9.066576324399815	0.0	390680	3877.771457843745	0.6286727449399259	0.75
934.377488390086	750	8.240333683337669	0.0	345516	4826.2426410621465	0.6286727449399259	0.75
940.6117725235443	750	6.00604954987931	0.0	384505	6234.284133458359	0.6286727449399259	0.75
942.1628043641891	300	8.455017709234522	0.0	145210	1551.0318406447868	0.6286727449399259	-0.15000000000000002
944.0266698968455	300	10.591152176578094	0.0	172312	1863.8655326564271	0.6286727449399259	0.3
947.1770116189994	300	11.440810454424243	0.0	167025	3150.341722153851	0.6286727449399259	0.3
951.2169812897491	300	11.40084078367446	0.0	160064	4039.9696707497833	0.6286727449399259	0.3
961.284249834719	750	5.3335722387046465	0.0	331053	10067.268544969813	0.6286727449399259	0.3
964.8045102490644	300	5.8133118243592	0.0	118421	3520.260414345447	0.6286727449399259	-0.15000000000000002
969.8915522031393	750	4.726269870284341	0.0	450283	5087.041954074859	0.6286727449399259	0.75
971.2228280243103	300	7.394994049113318	0.0	155580	1331.2758211710225	0.6286727449399259	-0.15000000000000002
972.2948995868169	300	10.322922486606677	0.0	139857	1072.071562506642	0.6286727449399259	0.3
973.4952853109776	300	13.122536762446028	0.0	155432	1200.385724160648	0.6286727449399259	0.3
975.3176526867048	300	15.30016938671871	0.0	163442	1822.3673757273173	0.6286727449399259	0.3
978.9923943147236	750	15.625427758700075	0.0	318564	3674.7416280186344	0.6286727449399259	0.3
981.1277160809628	750	17.490105992460855	0.0	352642	2135.3217662392217	0.6286727449399259	0.75
983.1405744158822	750	19.477247657541476	0.0	437162	2012.8583349193777	0.6286727449399259	0.75
984.8523213402806	750	21.76550073314301	0.0	374758	1711.7469243984672	0.6286727449399259	0.75
987.1174834203499	1200	23.500338653073666	0.0	560821	2265.1620800693468	0.6286727449399259	0.75
989.7171629470375	1200	24.900659126386056	0.0	607410	2599.6795266876065	0.6286727449399259	1.2
993.6689686917567	1850	24.948853381666776	0.0	917428	3951.8057447192814	0.6286727449399259	1.2000000000000002
997.7464152984023	1850	24.871406775021157	0.0	946851	4077.44660664562	0.6286727449399259	1.85
1004.2669446250945	1850	22.350877448328966	0.0	1036454	6520.529326692192	0.6286727449399259	1.85
1009.3316386756112	1850	21.2861833978123	0.0	821631	5064.694050516663	0.6286727449399259	1.85
1014.1755764141755	1850	20.442245659248126	0.0	923170	4843.9377385641765	0.6286727449399259	1.85
1018.7092141680223	1850	19.90860790540132	0.0	966699	4533.637753846808	0.6286727449399259	1.85
1026.9234860019621	1850	15.694336071461512	0.0	885714	8214.271833939805	0.6286727449399259	1.85
1033.9327768167916	1200	12.685045256632081	0.0	639204	7009.29081482943	0.6286727449399259	0.5499999999999999
1043.3456618391474	1200	7.272160234276212	0.0	586839	9412.88502235587	0.6286727449399259	1.2
1045.8092665537215	750	8.808555519702132	0.0	386472	2463.6047145740818	0.6286727449399259	0.3
1048.6644580821091	750	9.953363991314388	0.0	399894	2855.1915283877424	0.6286727449399259	0.75
1051.6583287302965	750	10.959493343127079	0.0	401853	2993.8706481873105	0.6286727449399259	0.75
1055.0282063064449	750	11.589615766978653	0.0	343800	3369.877576148425	0.6286727449399259	0.75
1059.180374725538	750	11.43744734788554	0.0	359903	4152.168419093113	0.6286727449399259	0.75
1063.2832128111736	750	11.334609262249899	0.0	379700	4102.838085635641	0.6286727449399259	0.75
1066.366190321305	750	12.251631752118396	0.0	425781	3082.9775101315035	0.6286727449399259	0.75
1068.1573036172113	750	14.460518456212116	0.0	277716	1791.1132959062804	0.6286727449399259	0.75
1071.3440781300974	750	15.273743943326078	0.0	400396	3186.774512886037	0.6286727449399259	0.75
1073.9875326459312	750	16.630289427492297	0.0	400508	2643.4545158337805	0.6286727449399259	0.75
1076.174632690118	750	18.443189383305622	0.0	358218	2187.100044186674	0.6286727449399259	0.75
1080.401443228145	1200	18.216378845278726	0.0	620283	4226.810538026898	0.6286727449399259	0.75
1084.6048873236934	1200	18.012934749730164	0.0	584349	4203.444095548561	0.6286727449399259	1.2
1088.7243517653567	1200	17.893470308066764	0.0	670129	4119.4644416634	0.6286727449399259	1.2
1093.1996343891992	1200	17.418187684224186	0.0	690253	4475.282623842578	0.6286727449399259	1.2
1096.761834587946	1200	17.85598748547768	0.0	598727	3562.200198746509	0.6286727449399259	1.2
1099.5951182958302	1200	19.02270377759337	0.0	487812	2833.2837078843086	0.6286727449399259	1.2
1103.294437282177	1200	19.323384791246585	0.0	575591	3699.3189863467874	0.6286727449399259	1.2
1107.2258650871415	1200	19.391956986281944	0.0	605884	3931.4278049646414	0.6286727449399259	1.2
1110.8186285227735	1200	19.799193550649928	0.0	587506	3592.763435632015	0.6286727449399259	1.2
1113.7072207188387	1200	20.910601354584706	0.0	566904	2888.592196065223	0.6286727449399259	1.2
1116.6729550875507	1200	21.944866985872746	0.0	641452	2965.734368711956	0.6286727449399259	1.2
1119.2590266700777	1200	23.358795403345876	0.0	599477	2586.07158252687	0.6286727449399259	1.2
1124.7064628929963	1850	21.911359180427084	0.0	973972	5447.4362229187955	0.6286727449399259	1.2000000000000002
1129.714860585292	1850	20.9029614881317	0.0	958994	5008.397692295379	0.6286727449399259	1.85
1139.311318241355	2850	15.30650383206846	0.0	1483527	9596.457656063243	0.6286727449399259	1.85
1146.723829089359	2850	11.893992984064592	0.0	1231456	7412.510848003867	0.6286727449399259	2.85
1154.9085655222802	2850	7.7092565511431195	0.0	1364537	8184.736432921473	0.6286727449399259	2.85
1157.616666566939	750	9.001155506484213	0.0	450283	2708.1010446589053	0.6286727449399259	0.75
1159.8479602173957	750	10.769861856027697	0.0	398865	2231.293650456517	0.6286727449399259	0.75
1161.6904704649032	750	12.927351608520018	0.0	350812	1842.5102475076785	0.6286727449399259	0.75
1164.2008886808344	1200	14.416933392588847	0.0	617681	2510.4182159311713	0.6286727449399259	0.75
1167.6695127468972	1200	14.948309326525841	0.0	652874	3468.624066063006	0.6286727449399259	1.2
1170.172411074718	1200	16.445410998705192	0.0	520315	2502.8983278206492	0.6286727449399259	1.2
1174.9434950844893	1200	15.674326988933954	0.0	561791	4771.08400977124	0.6286727449399259	1.2
1177.501758168446	1200	17.116063904977096	0.0	709534	2558.2630839568533	0.6286727449399259	1.2
1181.3185791907074	1200	17.299242882715944	0.0	584846	3816.8210222611538	0.6286727449399259	1.2
1184.7624047834217	1200	17.85541729000164	0.0	560821	3443.825592714307	0.6286727449399259	1.2
1188.2717403633399	1200	18.34608171008342	0.0	607410	3509.3355799182164	0.6286727449399259	1.2
1191.6733511467478	1200	18.944470926675493	0.0	594078	3401.610783407929	0.6286727449399259	1.2
1194.6354822516555	1200	19.982339821767834	0.0	624282	2962.1311049076617	0.6286727449399259	1.2
1197.652743772188	1200	20.965078301235522	0.0	687371	3017.261520532313	0.6286727449399259	1.2
1200.2399685401447	1200	22.377853533278937	0.0	526950	2587.2247679565835	0.6286727449399259	1.2
1203.4492922313084	1200	23.168529842115348	0.0	587876	3209.3236911635854	0.6286727449399259	1.2
1208.376815557532	1850	22.24100651589166	0.0	966699	4927.523326223692	0.6286727449399259	1.2000000000000002
1214.1212930825252	1850	20.496528990898387	0.0	885714	5744.477524993272	0.6286727449399259	1.85
1219.9472645490475	1850	18.6705575243763	0.0	987708	5825.971466522088	0.6286727449399259	1.85
1225.3974862736982	1850	17.22033579972556	0.0	923755	5450.221724650736	0.6286727449399259	1.85
1231.9049938591722	1850	14.712828214251502	0.0	891604	6507.507585474061	0.6286727449399259	1.85
1237.9981741022552	1200	12.619647971168732	0.0	616206	6093.180243082769	0.6286727449399259	0.5499999999999999
1250.7837794003824	1200	4.0	0.16595732695847074	656471	12785.605298127202	0.6286727449399259	0.48638349407857584

