145856.55854793725	750	4.0	2.5826148246442413	450283	2582.6148246442413	-10.355243745970236
145859.46958222415	750	5.0889657130845265	0.0	398865	2911.0342869154742	0.75
145862.2784500054	750	6.280097931875214	0.0	350812	2808.8677812093124	0.75
145864.82224922377	750	7.736298713500599	0.0	382355	2543.799218374615	0.75
145867.62669271816	750	8.931855219106657	0.0	411561	2804.4434943939414	0.75
145869.83254918942	750	10.725998747840789	0.0	318564	2205.8564712658676	0.75
145872.46317024904	750	12.095377688225698	0.0	352642	2630.6210596150922	0.75
145875.4145739657	750	13.14397397155751	0.0	437162	2951.403716668186	0.75
145878.25281996804	750	14.30572796920184	0.0	374758	2838.246002355671	0.75
145881.70878971912	750	14.849758218111043	0.0	362795	3455.9697510907977	0.75
145884.80005698846	750	15.758490948788758	0.0	353220	3091.2672693222844	0.75
145888.22444055378	750	16.334107383444003	0.0	405134	3424.383565344754	0.75
145891.60076101884	750	16.957786918398675	0.0	386351	3376.320465045329	0.75
145895.70468441967	750	16.853863517577476	0.0	434409	4103.923400821195	0.75
145899.0005922457	750	17.557955691553005	0.0	337059	3295.9078260244723	0.75
145903.9796479527	750	16.57889998455905	0.0	366214	4979.055706993953	0.75
145907.0343941994	750	17.52415373786793	0.0	360831	3054.7462466911197	0.75
145909.9703050305	750	18.588242906784135	0.0	372963	2935.9108310837937	0.75
145913.8530744528	750	18.705473484463184	0.0	405596	3882.769422320956	0.75
145916.8247194562	750	19.733828481095635	0.0	350713	2971.6450033675465	0.75
145919.57635550934	750	20.982192427957262	0.0	386472	2751.6360531383707	0.75
145922.57385084286	750	21.984697094423083	0.0	399894	2997.4953335341816	0.75
145927.8436802391	1200	20.714867698181216	0.0	656471	5269.829396241866	0.75
145931.64892368126	1200	20.909624256040484	0.0	536667	3805.2434421407334	1.2
145935.88588971275	1200	20.672658224541884	0.0	587236	4236.9660314985995	1.2
145939.7102726605	1200	20.848275276809815	0.0	590335	3824.3829477320687	1.2
145945.31497155665	1200	19.24357638063008	0.0	696376	5604.698896179732	1.2
145949.49794255625	1200	19.060605381041896	0.0	487160	4182.970999588188	1.2
145955.47421011206	1200	17.084337825242706	0.0	622896	5976.267555799191	1.2
145962.76167165232	1200	13.796876284994362	0.0	641447	7287.461540248345	1.2
145969.0592243308	1200	11.499323606533206	0.0	570392	6297.552678461156	1.2
145972.89281411763	750	11.665733819687695	0.0	400322	3833.58978684551	0.3
145976.142553322	750	12.415994615326392	0.0	369834	3249.7392043613045	0.75
145979.93211204663	750	12.626435890688397	0.0	412837	3789.5587246379955	0.75
145983.84141481703	750	12.717133120289473	0.0	401088	3909.302770398924	0.75
145986.86032432268	750	13.698223614663624	0.0	365161	3018.9095056258475	0.75
145989.72962860693	750	14.828919330389859	0.0	321064	2869.304284273765	0.75
145993.89093285223	750	14.667615085109068	0.0	361565	4161.304245280792	0.75
145998.72280931944	750	13.835738617899096	0.0	378327	4831.876467209971	0.75
146005.3934620182	750	11.165085919145866	0.0	390680	6670.652698753232	0.75
146008.70915823357	750	11.849389703746095	0.0	345516	3315.696215399772	0.75
146011.99854631134	750	12.560001625994351	0.0	384505	3289.3880777517415	0.75
146015.13643428916	750	13.422113648176923	0.0	372093	3137.887977817429	0.75
146019.00320600072	750	13.555341936625592	0.0	438281	3866.7717115513324	0.75
146022.3948848297	750	14.163663107635132	0.0	398987	3391.678828990458	0.75
146027.29445068506	1200	13.26409725227403	0.0	638661	4899.565855361104	0.75
146032.02326036725	1200	12.53528757009262	0.0	538612	4728.80968218141	1.2
146054.58366608626	2850	4.0	10.025118148927533	1364537	22560.405719020153	-41.90800804038839
146059.66768916417	750	4.0	1.0840230779151707	450283	5084.023077915171	-3.9112992350352336
146061.5838815741	300	6.083807590064515	0.0	155580	1916.1924099354856	-0.15000000000000002
146062.94590083722	300	8.721788326950167	0.0	139857	1362.0192631143468	0.3
146064.46350167677	300	11.204187487380837	0.0	155432	1517.6008395693307	0.3
146066.17019665492	300	13.497492509244996	0.0	163442	1706.6949781358426	0.3
146067.27973193515	300	16.387957229023915	0.0	126289	1109.5352802210782	0.3
146068.5009150331	300	19.166774131078498	0.0	153295	1221.1830979454187	0.3
146073.20829426503	750	18.45939489913927	0.0	437162	4707.379231939232	0.3
146080.3178937508	1200	15.349795413379539	0.0	584846	7109.599485759728	0.75
146086.75376212268	750	12.913927041474441	0.0	362795	6435.868371905099	0.3
146092.48597769212	750	11.181711472044663	0.0	353220	5732.215569429778	0.75
146098.02851991903	750	9.639169245137523	0.0	405134	5542.542226907138	0.75
146106.24843629485	750	5.419252869332349	0.0	386351	8219.916375805175	0.75
146111.72468169933	300	4.0	0.05699253514106385	179801	5476.245404473413	-0.3950679011065746
146114.86632316172	300	4.85835853759987	0.0	140051	3141.6414624001304	0.3
146119.39112851652	300	4.333553182792569	0.0	138313	4524.805354807301	0.3
146124.23500406914	300	4.0	0.5103223698255642	143509	4843.875552618133	-1.8943861902499262
146127.32665188212	300	4.908352187028196	0.0	150616	3091.647812971803	0.3
146130.56998727386	300	5.6650167952701	0.0	165384	3243.335391758096	0.3
146133.28699601264	300	6.948008056524184	0.0	140881	2717.0087387459157	0.3
146137.35075232838	300	6.884251740784126	0.0	157671	4063.7563157400577	0.3
146140.31526674627	300	7.919737322858952	0.0	157812	2964.5144179251743	0.3
146144.86156066536	300	7.373443403785807	0.0	163927	4546.293919073144	0.3
146149.88581951434	300	6.349184554825633	0.0	137654	5024.258848960175	0.3
146152.9919740647	300	7.243030004456759	0.0	146754	3106.154550368874	0.3
146155.57989635196	300	8.65510771721078	0.0	153938	2587.922287245979	0.3
146159.2582515356	300	8.976752533592364	0.0	181901	3678.3551836184156	0.3
146160.85667053488	300	11.378333534308021	0.0	111155	1598.4189992843415	0.3
146163.28451146584	300	12.950492603344642	0.0	153605	2427.84093096338	0.3
146165.30183011646	300	14.933173952754236	0.0	149029	2017.3186505904066	0.3
146168.06969332372	300	16.165310745487364	0.0	157421	2767.863207266871	0.3
146170.80847883617	300	17.42652523302724	0.0	157488	2738.7855124601224	0.3
146176.05517295707	300	16.1798311121437	0.0	143881	5246.6941208835415	0.3
146183.17472437053	300	13.060279698664282	0.0	163444	7119.551413479419	0.3
146187.785091998	300	12.449912071180147	0.0	179328	4610.367627484132	0.3
146190.2570401725	300	13.9779638966993	0.0	159914	2471.9481744808472	0.3
146192.01743828153	300	16.21756578765734	0.0	131610	1760.3981090419625	0.3
146193.67079504693	300	18.564209022276415	0.0	124011	1653.3567653809214	0.3
146198.5201508851	300	17.71485318408932	0.0	144254	4849.355838187094	0.3
146206.66405807852	300	13.570945990673174	0.0	149991	8143.907193416149	0.3
146212.70885732924	300	11.526146739945915	0.0	147968	6044.79925072726	0.3
146217.35873470185	300	10.876269367349893	0.0	161857	4649.877372596022	0.3
146221.88409782038	300	10.350906248814473	0.0	145210	4525.363118535419	0.3
146226.4939114041	300	9.741092665077824	0.0	172312	4609.81358373665	0.3
146231.1113083897	300	9.123695679485158	0.0	167025	4617.396985592667	0.3
146235.3466259339	300	8.888378135304983	0.0	160064	4235.317544180174	0.3
146240.27294932242	300	7.962054746755665	0.0	137507	4926.323388549319	0.3
146243.9356152838	300	8.299388785391358	0.0	118421	3662.665961364305	0.3
146248.4816730883	750	7.753330980860728	0.0	450283	4546.05780453063	0.75
146250.03733621884	300	10.197667850329173	0.0	155580	1555.6631305315543	-0.15000000000000002
146251.35958814697	300	12.87541592219913	0.0	139857	1322.2519281300429	0.3
146252.8270493049	300	15.407954764260129	0.0	155432	1467.4611579390023	0.3
146254.30177247978	300	17.933231589395227	0.0	163442	1474.7231748649017	0.3
146257.01246903907	750	19.22253503011389	0.0	318564	2710.696559281338	0.3
146260.0839574723	750	20.151046596876657	0.0	352642	3071.4884332372303	0.75
146263.8896656174	750	20.345338451757925	0.0	437162	3805.708145118734	0.75
146266.9471510522	750	21.287853016964842	0.0	374758	3057.4854347930795	0.75
146269.91515730027	750	22.319846768905396	0.0	362795	2968.0062480594447	0.75
146275.52802098473	1200	20.706983084427645	0.0	607410	5612.863684477752	0.75
146279.5710212486	1200	20.663982820600534	0.0	594078	4043.00026382711	1.2
146284.07843145102	1200	20.15657261816945	0.0	624282	4507.410202431085	1.2
146288.9625904416	1200	19.272413627585724	0.0	687371	4884.1589905837245	1.2
146293.6916532842	1200	18.543350785000236	0.0	526950	4729.062842585487	1.2
146299.0799235485	1200	17.155080520702512	0.0	587876	5388.270264297724	1.2
146305.40018207557	1200	14.834821993646921	0.0	617242	6320.258527055591	1.2
146309.50931785553	1200	14.725686213658697	0.0	581493	4109.135779988224	1.2
146313.81711972365	1200	14.417884345545081	0.0	639204	4307.801868113616	1.2
146317.91116712944	1200	14.32383693976741	0.0	586839	4094.0474057776705	1.2
146322.5610437799	1200	13.67396028930807	0.0	601738	4649.876650459341	1.2
146327.4617053451	1200	12.773298724078895	0.0	616206	4900.661565229175	1.2
146332.502469341	1200	11.73253472815259	0.0	656471	5040.763995926306	1.2
146336.51231691614	1200	11.722687153022054	0.0	536667	4009.847575130536	1.2
146341.10600101965	1200	11.12900304950133	0.0	587236	4593.684103520724	1.2
146348.62017007574	1200	7.614833993425039	0.0	590335	7514.169056076292	1.2
146355.83037168777	1200	4.404632381392391	0.0	696376	7210.201612032648	1.2
146356.8484810226	300	7.386523046553165	0.0	111155	1018.1093348392261	-0.6000000000000001
146358.14048239012	300	10.09452167899928	0.0	153605	1292.001367553884	0.3
146359.51062629625	300	12.724377772871183	0.0	149029	1370.1439061280976	0.3
146361.21181974732	300	15.023184321804589	0.0	157421	1701.193451066595	0.3
146365.0648248869	750	15.170179182209523	0.0	400322	3853.005139595065	0.3
146368.76640975027	750	15.46859431883347	0.0	369834	3701.5848633760547	0.75
146372.40501625653	750	15.829987812603985	0.0	412837	3638.6065062294833	0.75
146376.10708774006	750	16.127916329044716	0.0	401088	3702.071483559271	0.75
146379.24792130545	750	16.98708276366834	0.0	365161	3140.833565376375	0.75
146382.07352475554	750	18.161479313571274	0.0	321064	2825.603450097062	0.75
146387.41140589904	750	16.823598170067704	0.0	361565	5337.881143503572	0.75
146394.3659585076	750	13.869045561506228	0.0	378327	6954.552608561476	0.75
146398.36552377045	750	13.86948029865661	0.0	390680	3999.5652628496164	0.75
146401.83133644378	750	14.403667625327264	0.0	345516	3465.8126733293475	0.75
146405.9153665529	750	14.319637516213035	0.0	384505	4084.0301091142283	0.75
146410.1008548727	750	14.134149196387392	0.0	372093	4185.488319825642	0.75
146417.13699764802	750	11.098006421058694	0.0	438281	7036.1427753287	0.75
146428.42936826506	750	4.0	0.19436419596282395	398987	11292.370617021517	-0.08576604264014298
146431.62326626806	300	4.806101997027677	0.0	160064	3193.898002972323	-0.15000000000000002
146433.31527891385	300	7.114089351215706	0.0	137507	1692.0126458119712	0.3
146437.87480301838	750	6.554565246683794	0.0	314107	4559.524104531913	0.3
146440.78058868417	750	7.648779580895143	0.0	450283	2905.785665788651	0.75
146442.3221617855	300	10.10720647955095	0.0	155580	1541.573101344192	-0.15000000000000002
146444.65271339644	300	11.77665486862833	0.0	139857	2330.5516109226187	0.3
146445.84263121072	300	14.586737054335238	0.0	155432	1189.9178142930932	0.3
146448.5900955662	750	15.839272698843095	0.0	411561	2747.464355492142	0.3
146450.72931680983	750	17.70005145522661	0.0	318564	2139.2212436164846	0.75
146452.76788389037	750	19.66148437468776	0.0	352642	2038.5670805388493	0.75
146455.16431818888	750	21.265050076164954	0.0	437162	2396.4342985228072	0.75
146458.72481106597	1200	21.70455719905709	0.0	584846	3560.492877107862	0.75
146462.6754679494	1200	21.753900315652917	0.0	560821	3950.656883404173	1.2
146467.79497527465	1200	20.63439299040393	0.0	607410	5119.507325248985	1.2
146472.61589911798	1200	19.813469147085485	0.0	594078	4820.923843318446	1.2
146478.1138109541	1200	18.31555731096823	0.0	624282	5497.911836117257	1.2
146482.65517378048	1200	17.77419448459437	0.0	687371	4541.362826373859	1.2
146487.91187863494	1200	16.51748963014905	0.0	526950	5256.704854445323	1.2
146492.04024313952	1200	16.389125125562632	0.0	587876	4128.36450458642	1.2
146497.07322141284	1200	15.356146852236225	0.0	617242	5032.978273326409	1.2
146501.3822097059	1200	15.047158559198033	0.0	581493	4308.988293038192	1.2
146505.68321712204	1200	14.746151143046296	0.0	639204	4301.007416151737	1.2
146510.1495140736	1200	14.279854191520604	0.0	586839	4466.296951525692	1.2
146515.44893432167	1200	12.980433943421653	0.0	601738	5299.4202480989525	1.2
146520.1111201961	1200	12.318248069030371	0.0	616206	4662.185874391283	1.2
146525.6477899403	1200	10.78157832480837	0.0	656471	5536.669744222001	1.2
146530.66341809402	1200	9.76595017109214	0.0	536667	5015.62815371623	1.2
146536.4021425333	750	8.027225731801096	0.0	359903	5738.724439291044	0.3
146543.5896254304	750	4.8397428346964055	0.0	379700	7187.48289710469	0.75
146546.50192504312	300	5.927443221971355	0.0	181901	2912.29961272505	-0.15000000000000002
146548.17306853386	300	8.256299731237746	0.0	111155	1671.1434907336084	0.3
146550.03935272622	300	10.39001553887131	0.0	153605	1866.2841923664366	0.3
146551.85654503194	300	12.572823233162215	0.0	149029	1817.1923057090953	0.3
146553.27478837737	300	15.154579887736164	0.0	157421	1418.2433454260508	0.3
146554.93520034838	300	17.494167916747408	0.0	157488	1660.4119709887555	0.3
146562.95953284405	750	13.469835421095656	0.0	369834	8024.332495651751	0.3
146572.89848316758	750	7.530885097557846	0.0	412837	9938.95032353781	0.75
146575.40942103564	300	9.019947229502824	0.0	179328	2510.9378680550208	-0.15000000000000002
146576.69653319637	300	11.732835068791385	0.0	159914	1287.1121607114396	0.3
146577.74476595945	300	14.684602305697249	0.0	131610	1048.2327630941372	0.3
146578.76366680677	300	17.665701458371338	0.0	124011	1018.9008473259098	0.3
146579.934936885	300	20.49443138013281	0.0	144254	1171.2700782385289	0.3
146582.93338736767	750	21.495980897473842	0.0	390680	2998.4504826589687	0.3
146585.44657148744	750	22.982796777717706	0.0	345516	2513.1841197561344	0.75
146596.69553300174	1200	15.733835263394074	0.0	641452	11248.961514323633	0.75
146619.8464036157	1200	4.0	7.417035350535319	599477	23150.870613929394	-30.693252007301872
146625.02449525704	300	4.0	1.1780916413610676	172312	5178.091641361068	-5.665794057852591
146628.14123401057	300	4.883261246470541	0.0	167025	3116.7387535294592	0.3
146630.60059582136	300	6.423899435708494	0.0	160064	2459.3618107620464	0.3
146632.62846646286	300	8.396028794205675	0.0	137507	2027.8706415028203	0.3
146634.66160891717	300	10.362886339865785	0.0	118421	2033.1424543398887	0.3
146640.20604866155	750	8.81844659549027	0.0	450283	5544.439744375514	0.75
146647.84909032102	750	5.175404936053222	0.0	398865	7643.041659437048	0.75
146649.16969172892	300	7.854803528141331	0.0	139857	1320.6014079118902	-0.15000000000000002
146650.45290784485	300	10.571587412226279	0.0	155432	1283.216115915052	0.3
146651.73658380125	300	13.28791145583045	0.0	163442	1283.6759563958294	0.3
146652.881277304	300	16.143217953068174	0.0	126289	1144.6935027622746	0.3
146655.93353723412	750	17.090958022929016	0.0	352642	3052.259930139161	0.3
146659.66311416542	750	17.36138109162334	0.0	437162	3729.576931305672	0.75
146662.97411098977	750	18.05038426726592	0.0	374758	3310.9968243574217	0.75
146666.04291539284	750	18.98157986418702	0.0	362795	3068.8044030788983	0.75
146674.7780731352	750	14.246422121840137	0.0	353220	8735.157742346884	0.75
146685.83662380328	750	7.187871453735852	0.0	405134	11058.550668104284	0.75
146688.7157742864	300	8.308720970624679	0.0	160746	2879.1504831111747	-0.15000000000000002
146690.58283892393	300	10.441656333074071	0.0	179801	1867.064637550606	0.3
146691.64587369194	300	13.37862156506268	0.0	140051	1063.0347680113923	0.3
146692.9642353181	300	16.060259938923338	0.0	138313	1318.3616261393445	0.3
146694.0210675024	300	19.003427754597556	0.0	143509	1056.8321843257822	0.3
146697.8163826814	750	19.208112575596225	0.0	372963	3795.3151790013326	0.3
146704.49970484705	750	16.52479040992044	0.0	405596	6683.322165675787	0.75
146707.9566306115	750	17.067864645492826	0.0	350713	3456.9257644276145	0.75
146710.68762293528	750	18.336872321735566	0.0	386472	2730.9923237572602	0.75
146713.99161426644	750	19.032880990532032	0.0	399894	3303.9913312035337	0.75
146721.19775188438	1200	15.82674337261646	0.0	656471	7206.137617915571	0.75
146724.25890778	750	16.76558747700124	0.0	343800	3061.1558956152185	0.3
146734.47987744032	750	10.544617816677379	0.0	359903	10220.969660323863	0.75
146739.4974095555	750	9.527085701479683	0.0	379700	5017.532115197698	0.75
146743.73422992352	750	9.29026533345167	0.0	425781	4236.820368028014	0.75
146748.44399328288	750	8.580501974087309	0.0	277716	4709.76335936436	0.75
146749.87609090508	300	11.148404351896112	0.0	153605	1432.097622191196	-0.15000000000000002
146751.4918190865	300	13.532676170435309	0.0	149029	1615.7281814608036	0.3
146753.11114848554	300	15.913346771409815	0.0	157421	1619.3293990254936	0.3
146754.7601518872	300	18.264343369733734	0.0	157488	1649.0034016760799	0.3
146759.51996978445	750	17.504525472504334	0.0	369834	4759.817897229403	0.3
146765.5800548861	750	15.44444037085691	0.0	412837	6060.085101647424	0.75
146769.35979904266	750	15.664696214269227	0.0	401088	3779.7441565876825	0.75
146772.53054047568	750	16.493954781263056	0.0	365161	3170.7414330061733	0.75
146775.4713288126	750	17.553166444341123	0.0	321064	2940.788336921931	0.75
146778.35164117892	750	18.672854078046598	0.0	361565	2880.312366294524	0.75
146782.92899979872	750	18.095495458222832	0.0	378327	4577.358619823766	0.75
146787.56929853436	750	17.455196722575838	0.0	390680	4640.298735646992	0.75
146790.89543791537	750	18.129057341542524	0.0	345516	3326.139381033315	0.75
146794.7672570108	750	18.25723824612789	0.0	384505	3871.819095414634	0.75
146798.25251962108	750	18.771975635840267	0.0	372093	3485.2626102876243	0.75
146801.76233189422	750	19.262163362705277	0.0	438281	3509.81227313499	0.75
146807.33643894002	1200	17.68805631689829	0.0	630203	5574.1070458069835	0.75
146814.49065950353	1200	14.533835753410468	0.0	638661	7154.220563487824	1.2
146819.38249460314	1200	13.642000653809458	0.0	538612	4891.835099601012	1.2
146831.9234782007	2850	5.101017056230242	0.0	1364537	12540.983597579214	1.2000000000000002
146836.03178180064	750	4.992713456289315	0.0	450283	4108.303599940928	0.75
146837.3165362843	300	7.707958972626599	0.0	155580	1284.754483662716	-0.15000000000000002
146838.6439004241	300	10.380594832873346	0.0	139857	1327.3641397532526	0.3
146842.70394883936	750	10.320546417590439	0.0	382355	4060.0484152829076	0.3
146848.2230763844	750	8.80141887254948	0.0	411561	5519.127545040958	0.75
146851.9125053377	750	9.111989919241074	0.0	318564	3689.4289533084075	0.75
146854.92335646972	750	10.101138787230122	0.0	352642	3010.8511320109515	0.75
146858.51354186636	750	10.510953390587202	0.0	437162	3590.185396642919	0.75
146861.35088067967	750	11.673614577279743	0.0	374758	2837.338813307461	0.75
146863.80462702416	750	13.21986823278185	0.0	362795	2453.746344497891	0.75
146866.68439193763	750	14.340103319331702	0.0	353220	2879.7649134501503	0.75
146870.10042573788	750	14.924069519064446	0.0	405134	3416.0338002672565	0.75
146872.9258292653	750	16.09866599166094	0.0	386351	2825.4035274035054	0.75
146876.23671520085	750	16.787780056113846	0.0	434409	3310.885935547093	0.75
146879.08371760487	750	17.940777652073557	0.0	337059	2847.0024040402873	0.75
146881.65966806273	750	19.364827194221167	0.0	366214	2575.950457852389	0.75
146886.59572749693	1200	18.428767760024936	0.0	617242	4936.05943419623	0.75
146891.35788090865	1200	17.66661434829815	0.0	581493	4762.153411726788	1.2
146899.59129008566	1200	13.433205171260362	0.0	639204	8233.409177037789	1.2
146904.70820643907	1200	12.316288817849237	0.0	586839	5116.916353411123	1.2
146910.10461047458	1200	10.919884782355178	0.0	601738	5396.40403549406	1.2
146913.33144579444	750	11.69304946251393	0.0	399894	3226.8353198412487	0.3
146916.63769812134	750	12.386797135615417	0.0	401853	3306.252326898511	0.75
146920.4901738712	750	12.53432138577761	0.0	343800	3852.475749837808	0.75
146923.32204280654	750	13.7024524504171	0.0	359903	2831.868935360509	0.75
146926.45420874987	750	14.570286507106603	0.0	379700	3132.1659433104974	0.75
146929.87983577684	750	15.144659480129574	0.0	425781	3425.627026977029	0.75
146931.9398789819	750	17.08461627504784	0.0	277716	2060.0432050817344	0.75
146937.55802459677	750	15.466470660171112	0.0	400396	5618.145614876728	0.75
146942.85791624684	750	14.166579010134308	0.0	400508	5299.891650036803	0.75
146949.19445486265	750	11.830040394318104	0.0	358218	6336.538615816205	0.75
146954.71432864765	750	10.310166609315338	0.0	400322	5519.873785002766	0.75
146958.6470068073	750	10.377488449659776	0.0	369834	3932.6781596555625	0.75
146962.84494840418	750	10.179546852804261	0.0	412837	4197.941596855514	0.75
146966.69075018502	750	10.333745071953235	0.0	401088	3845.801780851027	0.75
146970.77332482446	750	10.251170432517295	0.0	365161	4082.5746394359417	0.75
146973.53862989048	750	11.48586536649206	0.0	321064	2765.3050660252343	0.75
146976.79391646135	750	12.230578795610976	0.0	361565	3255.286570881084	0.75
146980.64881621575	750	12.375679041210347	0.0	378327	3854.899754400628	0.75
146984.18873983552	750	12.835755421426546	0.0	390680	3539.9236197838013	0.75
146987.3244467026	750	13.700048554371714	0.0	345516	3135.706867054833	0.75
146991.24659999952	750	13.777895257446922	0.0	384505	3922.153296924791	0.75
146995.04703221397	750	13.977463042981347	0.0	372093	3800.432214465576	0.75
147000.03741427214	750	12.987080984835284	0.0	438281	4990.382058146063	0.75
147004.42104797286	750	12.603447284094436	0.0	398987	4383.6337007408465	0.75
147008.5265976377	750	12.497897619240334	0.0	393804	4105.549664854103	0.75
147017.03579745867	1200	7.988697798289591	0.0	538612	8509.199820950742	0.75
147022.1407637575	1200	6.883731499472684	0.0	550906	5104.9662988169075	1.2
147028.83149534295	750	4.19299991402671	0.0	450283	6690.731585445974	0.75
147030.88600697558	300	6.138488281396777	0.0	155580	2054.511632629933	-0.15000000000000002
147032.86271622498	300	8.161779031975854	0.0	139857	1976.7092494209232	0.3
147035.45417951743	300	9.570315739514779	0.0	155432	2591.463292461075	0.3
147037.99078334786	300	11.033711909065394	0.0	163442	2536.6038304493845	0.3
147039.37443178467	300	13.650063472290567	0.0	126289	1383.648436774827	0.3
147041.24236638847	300	15.78212886847146	0.0	153295	1867.9346038191077	0.3
147042.7513679503	300	18.273127306639967	0.0	173849	1509.001561831495	0.3
147043.94108816315	300	21.083407093781062	0.0	150710	1189.7202128589033	0.3
147046.57396356447	750	22.450531692425262	0.0	362795	2632.8754013557977	0.3
147049.9137991967	750	23.110696060193643	0.0	353220	3339.8356322316195	0.75
147054.28139006943	750	22.74310518749535	0.0	405134	4367.590872698295	0.75
147057.1868309271	750	23.837664329816402	0.0	386351	2905.4408576789456	0.75
147065.19402186593	1200	19.830473390978483	0.0	687371	8007.190938837916	0.75
147076.36823202996	1200	12.65626322696985	0.0	526950	11174.210164008635	1.2
147083.95470280058	750	9.069792456329523	0.0	366214	7586.470770640325	0.3
147091.16740674688	750	5.857088510009068	0.0	360831	7212.7039463204555	0.75
147095.14942802375	300	5.875067233159098	0.0	150616	3982.021276849971	-0.15000000000000002
147098.6893817299	300	6.335113527027078	0.0	165384	3539.9537061320198	0.3
147102.58271959843	300	6.441775658492605	0.0	140881	3893.3378685344724	0.3
147106.39035663675	300	6.634138620174576	0.0	157671	3807.63703831803	0.3
147108.69493375922	300	8.329561497730875	0.0	157812	2304.577122443699	0.3
147110.38689210988	300	10.637603147081062	0.0	163927	1691.9583506498127	0.3
147112.0665160132	300	12.957979243740706	0.0	137654	1679.6239033403579	0.3
147114.1111252519	300	14.913370005056358	0.0	146754	2044.6092386843463	0.3
147116.27771936447	300	16.746775892486774	0.0	153938	2166.594112569582	0.3
147117.9921014653	300	19.032393791655466	0.0	181901	1714.3821008313123	0.3
147121.21805328995	750	19.806441967000907	0.0	277716	3225.951824654558	0.3
147126.88318296545	750	18.141312291484674	0.0	400396	5665.129675516231	0.75
147130.4252898413	750	18.599205415626415	0.0	400508	3542.1068758582614	0.75

