1357.0797223264217	750	4.0	6.846109202827105	450283	6846.109202827105	-28.68826957215655
1359.1209999901898	300	5.958722336231715	0.0	155580	2041.2776637682844	-0.15000000000000002
1360.362184480485	300	8.717537845936512	0.0	139857	1241.1844902952027	0.3
1361.2010949781513	300	11.878627348270129	0.0	155432	838.910497666384	0.3
1361.9217600056443	300	15.157962320777262	0.0	163442	720.6650274928664	0.3
1362.5000305237072	300	18.57969180271442	0.0	126289	578.2705180628435	0.3
1364.0119956080637	750	21.067726718358013	0.0	352642	1511.9650843564043	0.3
1367.209068525834	1200	21.870653800587547	0.0	709534	3197.072917770468	0.75
1374.3280422646778	1200	18.751680061743706	0.0	584846	7118.973738843846	1.2
1376.8938033867041	1200	20.18591893971737	0.0	560821	2565.7611220263325	1.2
1378.9952412186663	1200	22.084481107755135	0.0	607410	2101.437831962237	1.2
1381.1286186733805	1200	23.951103653040953	0.0	594078	2133.3774547141848	1.2
1383.7451929155009	1200	25.334529410920613	0.0	624282	2616.574242120341	1.2
1386.7662422951028	1200	26.31348003131875	0.0	687371	3021.0493796018586	1.2
1390.1900523494912	1850	26.889669976930143	0.0	821631	3423.8100543886076	1.2000000000000002
1393.0235869861074	1850	28.05613534031407	0.0	923170	2833.5346366160734	1.85
1395.523790374949	1850	29.55593195147249	0.0	966699	2500.2033888415804	1.85
1397.948090975599	1850	31.1316313508225	0.0	885714	2424.300600649993	1.85
1401.7760618280504	1850	31.30366049837112	0.0	987708	3827.970852451381	1.85
1405.6325229717127	2850	31.447199354708697	0.0	1336050	3856.461143662423	1.85
1409.3617437097455	2850	31.7179786166759	0.0	1415116	3729.2207380327973	2.85
1414.0623506522138	2850	31.017371674207478	0.0	1468126	4700.606942468421	2.85
1417.3493381688427	2850	31.730384157578584	0.0	1505760	3286.9875166288966	2.85
1419.9311301035311	2850	33.14859222289015	0.0	1323990	2581.7919346884314	2.85
1424.1500196806257	2850	32.92970264579547	0.0	1383735	4218.889577094685	2.85
1429.175036181906	2850	31.904686144515164	0.0	1480464	5025.016501280309	2.85
1434.0979471826693	2850	30.9817751437519	0.0	1547572	4922.911000763263	2.85
1437.436693584084	2850	31.64302874233715	0.0	1141971	3338.746401414747	2.85
1442.4966217888211	2850	30.583100537600004	0.0	1498470	5059.928204737151	2.85
1448.6451199783064	2850	28.43460234811493	0.0	1561263	6148.498189485076	2.85
1454.4085244638418	2850	26.6711978625797	0.0	1341201	5763.404485535229	2.85
1459.6458720067465	2850	25.43385031967492	0.0	1497683	5237.347542904777	2.85
1463.8528985153105	2850	25.22682381111107	0.0	1358081	4207.026508563851	2.85
1471.0277120142132	2850	22.052010312208218	0.0	1587293	7174.813498902852	2.85
1475.8959467753964	2850	21.18377555102501	0.0	1492672	4868.234761183208	2.85
1480.0257979606104	2850	21.053924365810964	0.0	1439896	4129.851185214049	2.85
1483.161969986553	2850	21.917752339868187	0.0	1139291	3136.172025942776	2.85
1487.5590116761477	2850	21.520710650273557	0.0	1499009	4397.041689594628	2.85
1493.2514897441704	2850	19.82823258225104	0.0	1427478	5692.4780680225185	2.85
1501.16644456227	2850	15.913277764151207	0.0	1402287	7914.954818099833	2.85
1509.482443439703	2850	11.597278886718412	0.0	1339500	8315.998877432796	2.85
1513.914758475308	1200	11.164963851113251	0.0	641452	4432.31503560516	-0.44999999999999996
1523.041575625525	1200	6.038146700896505	0.0	599477	9126.817150216746	1.2
1524.4779891279395	300	8.601733198481847	0.0	172312	1436.4135024146583	-0.6000000000000001
1526.302917743863	300	10.776804582558444	0.0	167025	1824.9286159234025	0.3
1532.0051477705945	750	9.074574555826894	0.0	393804	5702.23002673155	0.3
1536.0343580349659	750	9.045364291455694	0.0	331053	4029.210264371199	0.75
1538.823244197035	750	10.256478129386577	0.0	314107	2788.886162069116	0.75
1546.225938604795	750	6.85378372162657	0.0	450283	7402.694407760008	0.75
1548.2167867152352	300	8.862935611186236	0.0	155580	1990.8481104403347	-0.15000000000000002
1549.1264933895147	300	11.953228936906722	0.0	139857	909.7066742795139	0.3
1550.561789785616	300	14.51793254080564	0.0	155432	1435.2963961010812	0.3
1552.6455782284715	300	16.43414409794994	0.0	163442	2083.7884428557045	0.3
1554.6238903759127	300	18.45583195050894	0.0	126289	1978.312147440996	0.3
1556.6143229599538	300	20.465399366467725	0.0	153295	1990.432584041216	0.3
1557.627090714061	300	23.452631612360445	0.0	173849	1012.7677541072794	0.3
1558.4578761864002	300	26.62184614002132	0.0	150710	830.7854723391243	0.3
1560.407079225699	750	28.672643100722482	0.0	362795	1949.2030392988365	0.3
1562.314121470136	750	30.765600856285456	0.0	353220	1907.0422444370274	0.75
1567.033853692155	1200	30.04586863426641	0.0	594078	4719.732222019046	0.75
1570.2415112801161	1200	30.83821104630523	0.0	624282	3207.6575879611773	1.2
1572.8599197300823	1200	32.21980259633905	0.0	687371	2618.4084499661817	1.2
1575.2750819830496	1200	33.80464034337172	0.0	526950	2415.162252967327	1.2
1577.789800901184	1200	35.289921425237246	0.0	587876	2514.7189181344706	1.2
1581.393919924663	1850	35.68580240175845	0.0	966699	3604.119023478792	1.2000000000000002
1584.5365298657887	1850	36.54319246063257	0.0	885714	3142.609941125882	1.85
1587.274693025794	1850	37.80502930062715	0.0	987708	2738.1631600054247	1.85
1591.119593142917	2850	37.96012918350429	0.0	1336050	3844.9001171228506	1.85
1598.6844446224125	2850	34.395277704008606	0.0	1415116	7564.851479495684	2.85
1619.3125826954229	2850	17.767139630998326	0.0	1468126	20628.138073010283	2.85
1627.062423209477	1200	14.017299116944377	0.0	656471	7749.840514053947	-0.44999999999999996
1629.5856550723856	750	15.49406725403573	0.0	343800	2523.231862908647	0.3
1636.1553125635226	750	12.92440976289882	0.0	359903	6569.65749113691	0.75

