477.2155985350336	750	4.0	1.786475576889145	450283	1786.475576889145	-6.931844980623323
478.5849582046942	750	6.630640330339427	0.0	398865	1369.3596696605737	0.75
479.7946567566514	750	9.42094177838221	0.0	350812	1209.6985519572174	0.75
484.49928245425247	2850	8.716316080781166	0.0	1520281	4704.625697601045	0.75
489.4953016030691	2850	7.72029693196454	0.0	1472558	4996.019148816626	2.85
493.4366466902239	2850	7.7789518448097565	0.0	1224260	3941.345087154783	2.85
497.9134070671312	2850	7.302191467902453	0.0	1388403	4476.760376907304	2.85
502.9825379180273	2850	6.233060617006411	0.0	1638769	5069.130850896042	2.85
509.5420581056075	2850	4.0	0.32645957057384295	1348011	6559.520187580254	1.4462238465324755
513.449144242289	1850	4.092913863318547	0.0	913888	3907.0861366814534	0.8500000000000001
517.5189291881068	1850	4.023128917500727	0.0	939819	4069.78494581782	1.85
520.7111305533846	1850	4.830927552222934	0.0	917428	3192.2013652777932	1.85
523.9703869031629	1850	5.571671202444693	0.0	946851	3259.2563497782407	1.85
527.6046864616055	1850	5.937371644002082	0.0	1036454	3634.299558442612	1.85
531.2094441677858	1850	6.332613937821787	0.0	821631	3604.757706180295	1.85
536.015643362691	1850	5.526414742916721	0.0	923170	4806.199194905066	1.85
540.4397304514356	1850	5.102327654172139	0.0	966699	4424.087088744581	1.85
544.1880369108101	1850	5.3540211947976974	0.0	885714	3748.306459374442	1.85
548.3952106438305	1850	5.146847461777232	0.0	987708	4207.173733020466	1.85
552.3900678318977	1850	5.151990273710022	0.0	923755	3994.8571880672102	1.85
556.2881600813272	1850	5.253898024280442	0.0	891604	3898.09224942958	1.85
559.7361941474167	1850	5.80586395819105	0.0	955231	3448.0340660893926	1.85
562.981485004446	1850	6.560573101161611	0.0	968026	3245.290857029437	1.85
565.9013929396007	1850	7.640665166006938	0.0	874175	2919.907935154673	1.85
570.1317237472379	1850	7.410334358369733	0.0	897976	4230.330807637206	1.85
573.78650574594	1850	7.755552359667683	0.0	905935	3654.7819987020493	1.85
577.7602978147453	1850	7.781760290862207	0.0	1076599	3973.7920688054755	1.85
580.9075600512947	1850	8.634498054312838	0.0	758197	3147.262236549371	1.85
584.3082425225206	1850	9.233815583086983	0.0	972798	3400.6824712258526	1.85
587.6973220342852	1850	9.84473607132238	0.0	975811	3389.0795117646035	1.85
590.963803978347	1850	10.578254127260616	0.0	873429	3266.4819440617644	1.85
596.228054463221	2850	9.314003642386632	0.0	1497683	5264.250484873984	1.85
600.9811173845743	2850	8.560940721033363	0.0	1358081	4753.062921353269	2.85
606.4931593922323	2850	7.048898713375317	0.0	1587293	5512.042007658046	2.85
611.0501435862744	2850	6.49191451933318	0.0	1492672	4556.984194042137	2.85
615.3706074264344	2850	6.171450679173242	0.0	1439896	4320.463840159939	2.85
620.2182315030819	2850	5.323826602525733	0.0	1139291	4847.624076647509	2.85
634.1206637782624	2850	4.0	8.578605672654579	1499009	13902.432275180312	-34.038004392414685
638.4967240446912	1200	4.0	0.37606026642886625	605884	4376.060266428866	-2.0670591456441247
643.2614816606363	1200	4.0	0.7647576159450273	587506	4764.757615945027	-2.0884577485636173
645.3540271632811	1200	5.907454497355146	0.0	566904	2092.5455026448544	1.2
647.9377478293258	1200	7.323733831310537	0.0	641452	2583.720666044609	1.2
650.2961589978091	1200	8.96532266282709	0.0	599477	2358.411168483447	1.2
655.6468821226615	1850	7.61459953797479	0.0	973972	5350.723124852299	1.2000000000000002
661.0296308893684	1850	6.231850771267852	0.0	958994	5382.748766706938	1.85
665.5832716847328	1850	5.678209975903367	0.0	982064	4553.640795364485	1.85
669.4919760317711	1850	5.7695056288651525	0.0	830730	3908.7043470382146	1.85
676.7337187602113	2850	4.0	1.472237099575137	1364537	7241.742728440289	-4.480619528173088
682.3031041208341	750	4.0	1.569385360622673	450283	5569.385360622673	-5.998357050677494
690.5204068250965	1200	4.0	4.2173027042625835	611087	8217.302704262584	-17.38440162832911
694.8530455289834	750	4.0	0.3326387038869361	350812	4332.638703886936	-1.1303464267138252
697.9161387821692	750	4.936906746814249	0.0	382355	3063.09325318575	0.75
701.452079916361	750	5.4009656126225964	0.0	411561	3535.9411341916525	0.75
703.9624038576974	750	6.890641671286064	0.0	318564	2510.3239413365327	0.75
706.2934840735703	750	8.559561455413139	0.0	352642	2331.080215872925	0.75
708.3023138888034	750	10.550731640180128	0.0	437162	2008.8298152330103	0.75
709.5519563026465	750	13.301089226336902	0.0	374758	1249.6424138432267	0.75
712.124896635703	1850	14.728148893280514	0.0	913888	2572.9403330563887	0.75
715.4760058587244	1850	15.377039670258956	0.0	939819	3351.109223021558	1.85
720.3408532959955	2850	14.512192232987935	0.0	1519951	4864.847437271019	1.85
724.7214208543959	2850	14.131624674587583	0.0	1422919	4380.567558400353	2.85
732.8415962575119	2850	10.011449271471493	0.0	1578343	8120.175403116091	2.85
737.8640255565177	2850	8.989019972465572	0.0	1231445	5022.429299005921	2.85
746.3941271848485	2850	4.458918344134909	0.0	1471065	8530.101628330664	2.85
751.7445438192292	1850	4.0	0.8914982902459633	966699	5350.416634380872	-2.983442648057642
754.1968604779812	1200	5.5476833412480895	0.0	581493	2452.316658751911	0.5499999999999999
756.6872753697265	1200	7.057268449502622	0.0	639204	2490.4148917454663	1.2
759.9267821348149	1850	7.817761684414352	0.0	923755	3239.5067650882697	1.2000000000000002
763.8204627253104	1850	7.924081093918716	0.0	891604	3893.680590495636	1.85
767.908087829914	1850	7.836455989315119	0.0	955231	4087.625104603597	1.85
771.9923557124937	1850	7.752188106735554	0.0	968026	4084.2678825795647	1.85
775.9206508135144	1850	7.823893005714817	0.0	874175	3928.2951010207375	1.85
784.5114477569758	1850	4.0	0.7669039377465761	897976	8590.796943461393	-1.447686932310277
788.5576924502935	1200	4.0	0.046244693317819836	590335	4046.24469331782	0.35114781873337464
791.2315560388033	1200	5.326136411490252	0.0	696376	2673.8635885097483	1.2
792.9655374970383	1200	7.592154953255224	0.0	487160	1733.9814582350277	1.2
795.4383662254805	1200	9.11932622481304	0.0	622896	2472.8287284421835	1.2
797.7987682889441	1200	10.758924161349542	0.0	641447	2360.4020634634976	1.2
799.8626506356302	1200	12.695041814663291	0.0	570392	2063.8823466862495	1.2
805.1759955515013	2850	11.381696898792296	0.0	1497683	5313.344915870996	1.2000000000000002
808.6293557413246	2850	11.928336708968926	0.0	1358081	3453.36018982337	2.85
813.0065073136186	2850	11.551185136674889	0.0	1587293	4377.151572294037	2.85
819.3437983135939	2850	9.213894136699706	0.0	1492672	6337.290999975182	2.85
823.499927220791	2850	9.057765229502566	0.0	1439896	4156.1289071971405	2.85
826.4338954569558	2850	10.123796993337665	0.0	1139291	2933.9682361649016	2.85
831.3975199397099	2850	9.160172510583646	0.0	1499009	4963.6244827540195	2.85
835.5105311204856	2850	9.047161329808048	0.0	1427478	4113.011180775597	2.85
839.6017492068793	2850	8.955943243414248	0.0	1402287	4091.2180863937992	2.85
844.1979189829807	2850	8.359773467312937	0.0	1339500	4596.169776101311	2.85
850.0017491221356	2850	6.555943328158011	0.0	1527299	5803.830139154927	2.85
855.5053343012501	2850	5.052358149043521	0.0	1343002	5503.58517911449	2.85
859.8252669094953	1850	4.732425540798216	0.0	973972	4319.932608245305	0.8500000000000001
870.5238064173121	1850	4.0	5.966113967018529	958994	10698.539507816746	-23.804290058179674
872.0637467578306	1200	6.460059659481507	0.0	638661	1539.9403405184933	0.5499999999999999
883.4265700931667	1850	4.0	4.902763675854602	830730	11362.823335336108	-19.881883806174784
889.8712618453759	1850	4.0	2.4446917522092297	846370	6444.69175220923	-8.662174534499687
893.9878620998401	750	4.0	0.11660025446415057	450283	4116.600254464151	0.24861890580415258
897.2039933641546	750	4.783868735685487	0.0	398865	3216.131264314513	0.75
900.1061635133	750	5.88169858654006	0.0	350812	2902.1701491454264	0.75
902.9110033042433	750	7.076858795596761	0.0	382355	2804.8397909432997	0.75
907.3685187567607	750	6.619343343079308	0.0	411561	4457.515452517453	0.75
909.812972221649	750	8.174889878190994	0.0	318564	2444.4534648883136	0.75
913.7206458856351	750	8.26721621420484	0.0	352642	3907.6736639861547	0.75
918.9644912650854	750	7.023370834754568	0.0	437162	5243.845379450272	0.75
922.0777982902711	750	7.910063809568944	0.0	374758	3113.3070251856234	0.75
925.0310619805118	750	8.956800119328205	0.0	362795	2953.26369024074	0.75
927.4923947997411	750	10.495467300099037	0.0	353220	2461.3328192291683	0.75
930.6358783038288	750	11.35198379601139	0.0	405134	3143.4835040876455	0.75
935.3015835073752	1200	10.686278592464973	0.0	624282	4665.705203546418	0.75
940.6713403426943	1200	9.316521757145868	0.0	687371	5369.756835319106	1.2
944.7930980615594	1200	9.194764038280766	0.0	526950	4121.757718865101	1.2
949.4096606816556	1200	8.57820141818452	0.0	587876	4616.562620096245	1.2
954.33277985399	1200	7.655082245850025	0.0	617242	4923.1191723344955	1.2
960.255365484317	1200	5.7324966155230435	0.0	581493	5922.585630326982	1.2
965.5538080941773	1200	4.434054005662787	0.0	639204	5298.442609860256	1.2
967.5050354874685	750	6.4828266123716025	0.0	350713	1951.2273932911849	0.3
970.0615771024699	750	7.9262849973702165	0.0	386472	2556.5416150013853	0.75
974.3858362863422	1200	7.602025813497947	0.0	616206	4324.25918387227	0.75
979.2280300966959	1200	6.759832003144245	0.0	656471	4842.193810353701	1.2
983.2006671373776	1200	6.78719496246243	0.0	536667	3972.637040681815	1.2
987.920867031601	1200	6.066995068239038	0.0	587236	4720.199894223392	1.2
992.6055375541602	1200	5.382324545680001	0.0	590335	4684.670522559037	1.2
1000.0052491478629	1200	4.0	2.0173870480227696	696376	7399.711593702771	-7.474764306497909
1003.373461881112	750	4.631787266750978	0.0	277716	3368.212733249022	0.3
1008.0367130555709	750	4.0	0.03146390770785547	400396	4663.251174458834	0.6147051968562215
1011.8755590487813	750	4.161154006789584	0.0	400508	3838.845993210416	0.75
1015.3599529585234	750	4.676760097047456	0.0	358218	3484.3939097421285	0.75
1019.6988269960392	750	4.337886059531567	0.0	400322	4338.874037515889	0.75
1021.366113078989	300	6.67059997658187	0.0	143881	1667.2860829496976	-0.15000000000000002
1026.7508181183352	750	5.285894937235585	0.0	412837	5384.705039346285	0.3
1031.910408312316	750	4.126304743254959	0.0	401088	5159.590193980625	0.75
1039.6212456242542	750	4.0	3.584532568683611	365161	7710.837311938571	-14.663490045339527
1045.7293931961344	300	4.0	2.1081475718800537	131610	6108.147571880054	-9.215034559084229
1051.1579048732942	300	4.0	1.428511677159906	124011	5428.511677159906	-5.8426002117875955
1056.0159144969077	300	4.0	0.8580096236134559	144254	4858.009623613456	-3.3894413815378606
1062.6780031561225	300	4.0	2.662088659214817	149991	6662.088659214817	-11.146981234623713
1067.7334481997882	300	4.0	1.055445043665476	147968	5055.445043665476	-4.238413687761547
1072.2719833449448	300	4.0	0.5385351451568786	161857	4538.535145156879	-2.015701124174578
1075.9806347906845	300	4.291348554260311	0.0	145210	3708.6514457396897	0.3
1081.7561267288356	300	4.0	1.4841433838907596	172312	5775.49193815107	-6.081816550730267
1086.1231699548723	300	4.0	0.36704322603678974	167025	4367.04322603679	-1.2782858719581958
1088.6639577042351	300	5.459212250637098	0.0	160064	2540.787749362902	0.3
1090.9606313765746	300	7.162538578297699	0.0	137507	2296.6736723393983	0.3
1096.7018872632275	750	5.42128269164472	0.0	314107	5741.255886652979	0.3
1108.3919534317579	750	4.0	6.268783476885689	450283	11690.06616853041	-26.205768950608462
1114.3850476643095	300	4.0	1.993094232551568	155580	5993.094232551568	-8.72030519997174
1117.8245950761527	300	4.5604525881564495	0.0	139857	3439.547411843551	0.3
1124.7655743244088	300	4.0	2.38052666009958	155432	6940.97924825603	-9.936264638428193
1126.0654996423575	300	6.700074682051399	0.0	163442	1299.9253179486	0.3
1126.582699870377	300	10.182874454031909	0.0	126289	517.2002280194896	0.3
1127.1888383754335	300	13.576735948975237	0.0	153295	606.1385050566714	0.3
1127.680140795615	300	17.085433528793853	0.0	173849	491.3024201813856	0.3
1128.587384810541	750	20.17818951386797	0.0	374758	907.2440149258857	0.3
1130.6673290497406	1850	22.09824527466811	0.0	913888	2079.9442391998596	0.75
1135.0545528426576	4300	21.711021481751143	0.0	2173522	4387.223792916966	1.8499999999999996
1139.6238831081625	4300	21.141691216246237	0.0	2102452	4569.330265504907	4.3
1144.3664574664017	4300	20.39911685800721	0.0	2209463	4742.574358239024	4.3
1148.9763436128417	4300	19.789230711567303	0.0	2275376	4609.88614643991	4.3
1152.9875619200186	4300	19.77801240439031	0.0	2005399	4011.218307176994	4.3
1157.3904168437134	4300	19.37515748069537	0.0	2152483	4402.854923694938	4.3
1162.6922370340528	4300	18.073337290355994	0.0	2289689	5301.820190339379	4.3
1167.4124742684282	4300	17.353100055980633	0.0	2059512	4720.237234375358	4.3
1172.2554655693166	4300	16.510108755092176	0.0	2220726	4842.991300888458	4.3
1176.6214170701112	4300	16.144157254297625	0.0	2156729	4365.951500794553	4.3
1181.4743113772813	4300	15.291262947127631	0.0	2039773	4852.894307169993	4.3
1186.8148724708656	4300	13.950701853543512	0.0	2176469	5340.561093584118	4.3
1191.6519925077384	4300	13.113581816670491	0.0	2221506	4837.120036873022	4.3
1196.0183991270821	4300	12.747175197326815	0.0	2044075	4366.4066193436765	4.3
1204.3925109718452	4300	8.373063352563781	0.0	2186790	8374.111844763034	4.3
1214.6118854644549	4300	4.0	1.846311140045873	2105231	10219.374492609653	-3.6391379021972536
1221.450861530627	2850	4.0	2.8389760661720693	1547572	6838.976066172069	-10.807597084539898
1224.3482052150637	1850	5.1026563155633395	0.0	758197	2897.343684436661	0.8500000000000001
1228.1268447165228	1850	5.324016814104076	0.0	972798	3778.639501459263	1.85
1231.181271374642	1850	6.269590155984996	0.0	975811	3054.4266581190805	1.85
1233.5654645774493	1850	7.885396953177621	0.0	873429	2384.1932028073743	1.85
1236.142062571996	1850	9.30879895863099	0.0	954453	2576.5979945466333	1.85
1240.606640589726	2850	8.844220940900739	0.0	1358081	4464.5780177302495	1.85
1246.086398610624	2850	7.364462920002806	0.0	1587293	5479.758020897933	2.85
1251.5814584316672	2850	5.86940309895963	0.0	1492672	5495.059821043175	2.85
1257.0271601662228	2850	4.423701364403896	0.0	1439896	5445.701734555734	2.85
1259.7498759826678	1850	5.700985547958944	0.0	728962	2722.715816444952	0.8500000000000001
1262.5215593914816	1850	6.929302139145245	0.0	938587	2771.683408813698	1.85
1265.0547879271633	1850	8.396073603463531	0.0	908665	2533.228535681716	1.85
1268.0277543733791	2850	9.423107157247777	0.0	1402287	2972.9664462157534	1.85
1270.8550840488112	2850	10.595777481815567	0.0	1339500	2827.329675432211	2.85
1274.8196273484718	2850	10.631234182154937	0.0	1527299	3964.5432996606282	2.85
1279.838831057392	4300	9.612030473234775	0.0	2121928	5019.203708920164	2.8499999999999996
1285.1636198643298	4300	8.287241666297033	0.0	2219102	5324.78880693774	4.3
1291.4023789051364	4300	6.048482625490464	0.0	2124950	6238.75904080657	4.3
1297.4363071932341	4300	4.014554337392693	0.0	2246506	6033.928288097771	4.3
1300.4480222738187	2850	5.002839256808032	0.0	1231456	3011.7150805846604	1.4000000000000001
1303.6263436482043	2850	5.82451788242249	0.0	1364537	3178.3213743855435	2.85
1304.8142836167303	750	8.636577913896526	0.0	450283	1187.9399685259625	0.75
1307.2162071754265	1850	10.234654355200332	0.0	957685	2401.923558696195	0.75
1310.007764769268	2850	11.443096761358715	0.0	1300868	2791.5575938416164	1.85
1313.7956283466879	4300	11.655233183938874	0.0	2160877	3787.8635774198415	2.8499999999999996
1318.640846958585	4300	10.810014572041975	0.0	2233056	4845.218611896898	4.3
1325.2407039390625	4300	8.210157591564368	0.0	1941625	6599.856980477607	4.3
1331.8752975144293	4300	5.5755640161976965	0.0	2157535	6634.593575366672	4.3
1339.472290771696	4300	4.0	2.0214292410690478	2290172	7596.993257266744	-4.3921457365969045
1344.6391115633985	2850	4.0	1.166820791702564	1348011	5166.820791702564	-3.6173294043210245

