131358.67870774952	750	4.0	2.543860366369958	450283	2543.860366369958	-10.18859957539082
131359.94130729465	300	6.737400454876918	0.0	155580	1262.5995451230822	-0.15000000000000002
131361.39017325148	300	9.288534498063877	0.0	139857	1448.8659568130427	0.3
131362.759934026	300	11.91877372354201	0.0	155432	1369.7607745218677	0.3
131363.91196938275	300	14.766738366776632	0.0	163442	1152.0353567653783	0.3
131364.87639458565	300	17.802313163878573	0.0	126289	964.4252028980571	0.3
131365.95375728095	300	20.72495046857402	0.0	153295	1077.3626953045568	0.3
131367.13935424684	300	23.53935350266576	0.0	173849	1185.596965908255	0.3
131368.13006112174	300	26.548646627776165	0.0	150710	990.7068748895979	0.3
131369.23725378717	300	29.441453962342493	0.0	139105	1107.192665433673	0.3
131370.34218361138	300	32.33652413813971	0.0	141840	1104.9298242027821	0.3
131371.4058039229	300	35.27290382659441	0.0	156148	1063.6203115453002	0.3
131372.73946851815	300	37.9392392313715	0.0	160746	1333.6645952229073	0.3
131374.13709789776	300	40.541609851748895	0.0	179801	1397.629379622612	0.3
131375.34400483727	300	43.33470291223376	0.0	140051	1206.9069395151416	0.3
131376.28622795487	300	46.39247979463412	0.0	138313	942.2231175996355	0.3
131377.31383337697	300	49.36487437254412	0.0	143509	1027.60542209	0.3
131378.3873877506	300	52.29131999889542	0.0	150616	1073.5543736487061	0.3
131379.62785316716	300	55.05085458236012	0.0	165384	1240.4654165352965	0.3
131381.42710164635	300	57.2516061031923	0.0	140881	1799.2484791678123	0.3
131383.80998476138	300	58.868722988157145	0.0	157671	2382.883115035155	0.3
131385.74084609942	300	59.97136100824688	0.0	157812	1897.361979910267	0.3
131387.38930203655	300	59.58938271874416	0.0	163927	1381.978289502714	0.3
131389.01860475412	300	59.917970183758875	0.0	137654	1171.412534985292	0.3
131390.55777242684	300	59.78183143872195	0.0	146754	1136.1387450369214	0.3
131392.0751293446	300	59.82966744366975	0.0	153938	1452.163995052199	0.3
131394.0554465823	300	59.56710528616799	0.0	181901	1762.5621575017653	0.3
131395.75827046004	300	59.66007088740159	0.0	111155	907.0343987663937	0.3
131398.31444120026	300	59.56988025676095	0.0	153605	2090.190630640635	0.3
131401.13060429908	300	59.74978876215901	0.0	149029	1820.0914946019498	0.3
131402.9709106478	300	59.50767138989853	0.0	157421	1742.1173722604697	0.3
131405.18536038537	300	59.57954100935265	0.0	157488	1428.1303805458845	0.3
131407.02703086328	300	59.72586544890199	0.0	143881	1353.6755604506604	0.3
131408.96465642803	300	59.59705012526774	0.0	163444	1628.815323634247	0.3
131411.46572382175	300	59.54392154895431	0.0	179328	1553.1285763134356	0.3
131412.9129890985	300	59.956258319287265	0.0	159914	1087.6632296670418	0.3
131414.59731719558	300	59.743395294288455	0.0	131610	1212.863024998807	0.3
131416.65532804982	300	59.80112240321128	0.0	124011	942.2728910771801	0.3
131418.7535716697	300	59.604369574854616	0.0	144254	1196.7528283566671	0.3
131420.0879692012	300	59.96841620484861	0.0	149991	1135.9533700060042	0.3
131421.38556602853	300	59.86383987194539	0.0	147968	1104.5763329032197	0.3
131423.12416585002	300	59.53955020842234	0.0	161857	1324.289663523051	0.3
131425.652415788	300	59.614080318395764	0.0	145210	1425.4698900265792	0.3
131427.99690199725	300	59.68272723777153	0.0	172312	1931.3530806242313	0.3
131432.0015786357	750	59.67805059929379	0.0	398987	4004.676638477735	0.3
131435.93417167335	750	59.74545756166916	0.0	393804	3432.5930376246247	0.75
131441.76813914996	1200	57.911490085042125	0.0	538612	5833.967476627038	0.75
131454.5005987467	2850	49.17903048831073	0.0	1364537	12732.459596731394	1.2000000000000002
131458.61596383378	750	49.063665401223275	0.0	450283	4115.365087087459	0.75
131462.87232014988	750	48.80730908514498	0.0	398865	4256.356316078291	0.75
131467.84596824436	750	47.83366099065671	0.0	350812	4973.6480944882705	0.75
131471.23548155022	300	48.44414768479285	0.0	155432	3389.5133058638626	-0.15000000000000002
131474.33971872946	300	49.33991050554656	0.0	163442	3104.237179246288	0.3
131475.88945100122	300	51.79017823378696	0.0	126289	1549.7322717596007	0.3
131477.61530204423	300	54.064327190791	0.0	153295	1725.8510429959645	0.3
131479.17971458205	300	56.4999146529732	0.0	173849	1564.4125378177923	0.3
131480.27387982933	300	59.40574940569925	0.0	150710	1094.1652472739586	0.3
131481.99077796907	300	59.93735581615418	0.0	139105	1468.393589545065	0.3
131483.41582331713	300	59.67908541723866	0.0	141840	1258.2703989155202	0.3
131485.34119549574	300	59.91078680249781	0.0	156148	1268.2986147408556	0.3
131487.89160050903	300	59.658621077788524	0.0	160746	1752.1657247092871	0.3
131489.9380362592	300	59.84952284698725	0.0	179801	1809.098230801273	0.3
131493.2976017773	300	59.97890884762404	0.0	140051	2370.613999363201	0.3
131496.36196468965	300	59.83520315082664	0.0	138313	2143.705696797399	0.3
131499.47087001856	300	59.9120790941413	0.0	143509	2923.1240566853467	0.3
131502.72436342036	300	59.85322302936117	0.0	150616	2558.8560647801332	0.3
131505.04830571226	300	59.94257055192067	0.0	165384	1910.652477440494	0.3
131506.675783653	300	59.92147648877527	0.0	140881	1521.0940631454014	0.3
131509.6332736183	300	59.890923444920986	0.0	157671	2030.5530438542837	0.3
131512.23632139835	300	59.942368015611855	0.0	157812	1948.5554293091266	0.3
131515.23008566114	300	59.65773205960581	0.0	163927	2284.6359560060464	0.3
131517.4613973967	300	59.53764034520228	0.0	137654	1620.0917144035366	0.3
131520.784566164	300	59.82616597213857	0.0	146754	3211.4743730637124	0.3
131524.88454375786	300	59.72618837824981	0.0	153938	4099.977593888755	0.3
131529.60169762452	300	59.00903451161236	0.0	181901	4717.153866637451	0.3
131532.1548911255	300	59.94735068848502	0.0	111155	2061.6838231273478	0.3
131536.40756277856	300	59.694679035424684	0.0	153605	3252.671653060332	0.3
131541.3790475571	300	58.723194256894985	0.0	149029	4971.4847785297	0.3
131545.13596013255	300	58.9662816814491	0.0	157421	3756.9125754458864	0.3
131548.45139970095	300	59.65084211303178	0.0	157488	2815.4395684173123	0.3
131553.09363760593	300	59.00860420804474	0.0	143881	4642.237904987042	0.3
131557.34186162654	300	58.7603801874412	0.0	163444	4248.224020603531	0.3
131561.1419670747	300	58.960274739258935	0.0	179328	3800.105448182262	0.3
131565.88274554495	300	58.21949626902305	0.0	159914	4740.778470235892	0.3
131570.70714307748	300	57.39509873650597	0.0	131610	4824.397532517075	0.3
131575.1084746333	300	56.9937671806767	0.0	124011	4401.331555829272	0.3
131580.1494684773	300	55.9527733366922	0.0	144254	5040.993843984491	0.3
131583.55852974654	300	56.543712067457264	0.0	149991	3409.0612692349414	0.3
131586.01706759832	300	58.08517421565759	0.0	147968	2458.5378517996764	0.3
131589.37735504677	300	58.72488676722188	0.0	161857	3360.287448435702	0.3
131591.69471222654	300	59.99219497690968	0.0	145210	1732.6917903122023	0.3
131593.70713880978	300	59.869314380014586	0.0	172312	1622.8805968951012	0.3
131596.23558619508	300	59.64836368054476	0.0	167025	2220.9506994698268	0.3
131598.59883493633	300	59.52698765283885	0.0	160064	2121.3760277059146	0.3
131610.30525406974	750	51.82056851943624	0.0	331053	11706.419133402602	0.3
131622.89464976708	1200	43.23117282209493	0.0	550906	12589.395697341315	0.75
131637.7217491103	750	32.40407347889102	0.0	450283	14827.099343203909	0.75
131642.715967315	300	31.40985527420639	0.0	155580	4994.218204684627	-0.15000000000000002
131650.64808685365	300	27.477735735526075	0.0	139857	7932.119538680317	0.3
131655.21552185217	300	26.910300737014484	0.0	155432	4567.434998511591	0.3
131661.35789632506	300	24.76792626411054	0.0	163442	6142.374472903948	0.3
131665.81630625276	300	24.309516336424085	0.0	126289	4458.40992768645	0.3
131667.5356786872	300	26.590143901961035	0.0	153295	1719.372434463055	0.3
131669.45159945922	300	28.674223129964812	0.0	173849	1915.9207719962221	0.3
131670.95310808864	300	31.172714500560428	0.0	150710	1501.5086294043817	0.3
131672.12865828213	300	33.997164307054874	0.0	139105	1175.5501935055545	0.3
131673.49119336417	300	36.634629225016205	0.0	141840	1362.5350820386716	0.3
131674.97897012264	300	39.146852466556126	0.0	156148	1487.7767584600804	0.3
131676.4358295862	300	41.68999300298915	0.0	160746	1456.8594635669785	0.3
131678.0404875112	300	44.08533507798833	0.0	179801	1604.6579250008135	0.3
131679.3000386826	300	46.82578390660994	0.0	140051	1259.5511713783942	0.3
131680.55867115676	300	49.56715143243364	0.0	138313	1258.6324741762994	0.3
131681.94218057362	300	52.1836420155517	0.0	143509	1383.5094168819414	0.3
131685.24352617795	750	52.88229641122997	0.0	372963	3301.345604321723	0.3
131688.71834088155	750	53.407481707617734	0.0	405596	3474.814703612242	0.75
131691.63347570554	750	54.49234688364432	0.0	350713	2915.134823973415	0.75
131694.80670597823	750	55.31911661094123	0.0	386472	3173.230272703092	0.75
131698.8942288487	750	55.2315937405022	0.0	399894	4087.522870439035	0.75
131702.05876589613	750	56.06705669304391	0.0	401853	3164.537047458286	0.75
131704.65567361697	750	57.470148972213465	0.0	343800	2596.907720830441	0.75
131707.18820550333	750	58.93761708586518	0.0	359903	2532.5318863482908	0.75
131710.32796153726	750	59.595360709151855	0.0	379700	2842.2563767133147	0.75
131714.1978706155	750	59.725451630920126	0.0	425781	2869.9090782317326	0.75
131717.20440035118	750	59.50539113079409	0.0	277716	2220.060500126038	0.75
131721.14134620273	750	59.56844527925592	0.0	400396	3436.945851538172	0.75
131725.41695782964	750	59.29283365233289	0.0	400508	4275.611626923025	0.75
131728.07505878797	750	59.70329653019043	0.0	358218	2589.537122142465	0.75
131731.5323671054	750	59.74442428957484	0.0	400322	2958.872240615585	0.75
131734.80833059046	750	59.54016058543039	0.0	369834	2704.263704144446	0.75
131738.35443658868	750	59.99405458723308	0.0	412837	3046.105998197317	0.75
131741.89047619118	750	59.66493767554713	0.0	401088	2829.116911685942	0.75
131745.5889477658	750	59.96646610093324	0.0	365161	3198.471574613887	0.75
131748.71366402577	750	59.57180510366503	0.0	321064	2394.6609972682104	0.75
131752.02063160748	750	59.62734894416146	0.0	361565	2944.456159503572	0.75
131755.02142268576	750	59.63970911612095	0.0	378327	2987.6398280405106	0.75
131759.01429231188	750	59.64683949000746	0.0	390680	3492.8696261134914	0.75
131762.361265863	750	59.87086315263702	0.0	345516	2775.976337370435	0.75
131765.44567023616	750	59.86415957292056	0.0	384505	3006.703579716456	0.75
131770.97943644066	750	58.3303933684329	0.0	372093	5533.766204487664	0.75
131776.9446109018	750	56.36521890728693	0.0	438281	5965.174461145975	0.75
131783.21704483964	750	54.092784969434135	0.0	398987	6272.433937852795	0.75
131787.0902348585	750	54.21959495056446	0.0	393804	3873.1900188696754	0.75
131790.55481639918	750	54.755013409884405	0.0	331053	3464.5815406800534	0.75
131797.864572469	1850	51.44525734004687	0.0	846370	7309.756069837528	0.75
131806.26539299983	750	47.04443680922755	0.0	450283	8400.820530819328	0.75
131808.60446011025	300	48.7053696987896	0.0	155580	2339.067110437941	-0.15000000000000002
131810.9805764866	300	50.32925332245554	0.0	139857	2376.1163763340587	0.3
131812.6691688585	300	52.64066095057079	0.0	155432	1688.5923718847541	0.3
131814.44550423662	300	54.86432557242489	0.0	163442	1776.335378145898	0.3
131815.36509879935	300	57.944731009708555	0.0	126289	919.5945627163346	0.3
131817.34116426867	300	59.77126295337883	0.0	153295	1173.468056329732	0.3
131819.0105662113	300	59.852860688541654	0.0	173849	1418.4022648371727	0.3
131821.35082367112	300	59.9577317975521	0.0	150710	1395.1288909895502	0.3
131822.3006151505	300	59.55090034226518	0.0	139105	906.8314552869213	0.3
131824.5494162562	300	59.56347980146997	0.0	141840	1487.4205407952077	0.3
131828.50122511078	300	59.61167094690552	0.0	156148	3951.8088545644514	0.3
131832.5089508868	300	59.549402768616204	0.0	160746	3062.2681782893233	0.3
131836.2933834344	300	59.76497022102922	0.0	179801	3784.4325475869787	0.3
131837.39517416162	300	59.75901993008082	0.0	140051	1005.9502909484049	0.3
131838.57955465344	300	59.88124990232698	0.0	138313	877.7700277538424	0.3
131842.0021263874	300	59.991769267347486	0.0	143509	3389.480634979492	0.3
131845.18879260105	300	59.83398171004874	0.0	150616	3157.787557298744	0.3
131847.40453505822	300	59.51054980962309	0.0	165384	1323.4319004256452	0.3
131848.51974654672	300	59.509599343748945	0.0	140881	1000.9504658741495	0.3
131850.39886896935	300	59.82316864375587	0.0	157671	1186.4306999930766	0.3
131851.49339752842	300	59.83625022553139	0.0	157812	986.9184182244776	0.3
131854.00513719665	300	59.82418546182743	0.0	163927	1512.0647637039588	0.3
131855.62367805914	300	59.875252482854826	0.0	137654	948.9329789726054	0.3
131857.55434916163	300	59.509720873364316	0.0	146754	1365.5316094905156	0.3
131859.8617389945	300	59.6735957034371	0.0	153938	1336.12516992721	0.3
131861.65107589553	300	59.89955958438806	0.0	181901	1274.0361190490414	0.3
131863.68064651662	300	59.946924664841625	0.0	111155	952.6349195464381	0.3
131865.71594415244	300	59.82774369769045	0.0	153605	1119.1809671511746	0.3
131867.41466193253	300	59.825943141980886	0.0	149029	1001.800555709563	0.3
131869.7017874	300	59.94183902044961	0.0	157421	1384.1041215312769	0.3
131871.41472374077	300	59.69638152301977	0.0	157488	1245.4574974298412	0.3
131873.34885492295	300	59.99405535360179	0.0	143881	1202.326169417975	0.3
131874.54667941478	300	59.925545614074586	0.0	163444	1068.5097395272053	0.3
131876.18145262112	300	59.84331638705478	0.0	179328	1582.2292270198086	0.3
131878.45911829558	300	59.855755539486886	0.0	159914	1487.5608475678973	0.3
131880.09451230464	300	59.83311094839437	0.0	131610	1022.6445910925105	0.3
131881.3842187641	300	59.86963242764424	0.0	124011	963.4785207501335	0.3
131883.25189579232	300	59.528907882911646	0.0	144254	1340.7245447325902	0.3
131887.3757063282	750	59.405097347015804	0.0	390680	4123.810535895842	0.3
131894.44661950352	750	56.33418417170741	0.0	345516	7070.913175308389	0.75
131899.2730395205	750	55.507764154696105	0.0	384505	4826.42001701131	0.75
131901.26724177165	300	57.51356190355793	0.0	145210	1994.2022511381738	-0.15000000000000002
131903.59230708555	300	59.18849658965063	0.0	172312	2325.065313907298	0.3
131906.33271264844	300	59.841975696575815	0.0	167025	1846.5208930748174	0.3
131909.09369890654	300	59.838424902417664	0.0	160064	2003.5507941581536	0.3
131916.87148019648	750	56.060643612487645	0.0	331053	7777.781289930019	0.3
131927.63949056753	1850	49.292633241435894	0.0	846370	10768.010371051749	0.75
131931.76529567482	750	49.16682813414458	0.0	450283	4125.805107291308	0.75
131935.8313756177	300	49.10074819128222	0.0	155580	4066.079942862362	-0.15000000000000002
131937.3046180291	300	51.6275057798703	0.0	139857	1473.2424114119178	0.3
131939.6410013828	300	53.29112242614514	0.0	155432	2336.383353725164	0.3
131941.25652939992	300	55.675594409053936	0.0	163442	1615.528017091202	0.3
131943.43081867296	300	57.501305136017535	0.0	126289	2174.289273036396	0.3
131945.99014727422	300	58.94197653475247	0.0	153295	2559.328601265064	0.3
131948.81085838474	300	59.89906289530996	0.0	173849	2542.9136394425154	0.3
131955.37091562286	300	57.339005657182014	0.0	150710	6560.057238127944	0.3
131963.76877595673	300	52.94114532331281	0.0	139105	8397.860333869205	0.3
131970.63878081398	300	50.07114046605081	0.0	141840	6870.004857262008	0.3
131978.74051789806	300	45.969403381976896	0.0	156148	8101.737084073909	0.3
131988.37872552636	300	40.331195753676816	0.0	160746	9638.207628300077	0.3
131999.5003579969	300	33.209563283127025	0.0	179801	11121.632470549788	0.3
132006.9176916214	300	29.792229658636824	0.0	140051	7417.333624490204	0.3
132011.68850022368	300	29.021421056361778	0.0	138313	4770.808602275048	0.3
132013.4758203666	300	31.234100913440912	0.0	143509	1787.3201429208661	0.3
132014.49843784637	300	34.21148343366991	0.0	150616	1022.6174797709939	0.3
132015.61681543465	300	37.093105845396686	0.0	165384	1118.3775882732266	0.3
132016.76298910694	300	39.94693217312456	0.0	140881	1146.1736722721223	0.3
132017.8140848749	300	42.895836405141296	0.0	157671	1051.0957679832673	0.3
132019.0204525048	300	45.689468775262014	0.0	157812	1206.3676298792761	0.3
132020.291067167	300	48.418854113056184	0.0	163927	1270.6146622058275	0.3
132021.29004656046	300	51.41987471959002	0.0	137654	998.979393466166	0.3
132022.29199371013	300	54.41792756994789	0.0	146754	1001.9471496421331	0.3
132023.32357148745	300	57.38634979261336	0.0	153938	1031.577777334536	0.3
132024.77769306258	300	59.661044291927574	0.0	181901	1225.3055006857808	0.3
132026.38637366635	300	59.923612027269975	0.0	111155	737.4322646575943	0.3
132028.5420597771	300	59.727393141438654	0.0	153605	1196.2188858313207	0.3
132030.6829892759	300	59.536662004507804	0.0	149029	1190.7311369308518	0.3
132032.47103746716	300	59.51173708980494	0.0	157421	1024.92491470286	0.3
132033.85852423403	300	59.56055534465031	0.0	157488	951.181745154629	0.3
132034.93867831776	300	59.68313081363954	0.0	143881	877.4245310107655	0.3
132042.18416272348	750	56.437646407913	0.0	412837	7245.484405726546	0.3
132045.7467802587	750	56.875028872710914	0.0	401088	3562.6175352020878	0.75
132048.15488833337	750	58.466920798026095	0.0	365161	2408.108074684816	0.75
132050.87782065512	750	59.743988476282205	0.0	321064	2222.932321743894	0.75
132054.90288000082	750	59.5828947484709	0.0	361565	3161.0937278113065	0.75
132058.03714044046	750	59.77274733760181	0.0	378327	2810.147410869092	0.75
132062.56454612364	750	59.24534165440888	0.0	390680	4527.405683192925	0.75
132067.06750406304	750	58.742383715021205	0.0	345516	4502.957939387676	0.75
132070.66179948673	750	59.148088291338105	0.0	384505	3594.295423683102	0.75
132073.87947403998	750	59.84363705222166	0.0	372093	2804.4512391164444	0.75
132083.81627288737	750	53.906838204838834	0.0	438281	9936.798847382823	0.75
132090.1532989109	750	51.569812181299746	0.0	398987	6337.026023539087	0.75
132093.50441170525	750	52.21869938694005	0.0	393804	3351.112794359692	0.75
132096.3358581246	750	53.387252967583905	0.0	331053	2831.4464193561503	0.75
132101.76896515937	1850	51.954145932831224	0.0	846370	5433.107034752674	0.75
132105.05117155556	750	52.671939536656325	0.0	450283	3282.2063961749036	0.75
132108.130255467	750	53.59285562520708	0.0	398865	3079.083911449245	0.75
132111.19634178773	750	54.52676930447449	0.0	350812	3066.08632073259	0.75
132114.20636776442	750	55.51674332777256	0.0	382355	3010.025976701929	0.75
132117.05788898765	750	56.665222104544846	0.0	411561	2851.5212232277145	0.75
132119.6155640077	750	58.10754708451566	0.0	318564	2557.6750200291885	0.75
132122.18394052083	750	59.53917057137659	0.0	352642	2568.376513139079	0.75
132128.1410032634	750	57.5821078288103	0.0	437162	5957.062742566284	0.75
132131.35675892283	750	58.36635216937063	0.0	374758	3215.755659439677	0.75
132134.1779564385	750	59.54515465368885	0.0	362795	2821.19751568178	0.75
132137.91177210497	750	59.811338987217795	0.0	353220	3733.8156664710586	0.75
132141.92224647567	750	59.80086461651317	0.0	405134	4010.474370704626	0.75
132146.47424036745	750	59.24887072473638	0.0	386351	4551.993891776789	0.75
132150.38298042805	750	59.34013066415993	0.0	434409	3908.7400605764515	0.75
132154.15646558945	750	59.56664550275426	0.0	337059	3273.4851614056656	0.75
132157.31746885902	750	59.9607512997757	0.0	366214	3105.8942029785594	0.75
132159.938318913	750	59.877380806080815	0.0	360831	2583.370493694883	0.75
132162.96054056508	750	59.50050976018399	0.0	372963	2876.871045896827	0.75
132166.7869195164	750	59.674130808870466	0.0	405596	3826.378951313519	0.75
132170.67701713214	750	59.78403319314013	0.0	350713	3390.0976157303407	0.75
132174.11123505727	750	59.78283781718426	0.0	386472	3001.1953759558774	0.75
132177.56227270412	750	59.63333026834906	0.0	399894	3149.5075488351936	0.75
132181.26568598213	750	59.929916990345795	0.0	401853	3203.41327800327	0.75
132184.5334210391	750	59.79352114987895	0.0	343800	2636.395840466842	0.75
132187.36778070166	750	59.7875109268392	0.0	359903	2506.0102230397556	0.75
132191.32391874996	750	59.59311662245589	0.0	379700	3694.3943043833087	0.75
132195.015349924	750	59.90168544840261	0.0	425781	3191.4311740532803	0.75
132197.85072588545	750	59.76558492666399	0.0	277716	2136.100521738619	0.75
132201.18812612054	750	59.89202252897811	0.0	400396	2873.562397685884	0.75
132205.11671637328	750	59.96343227625187	0.0	400508	2928.590252726234	0.75
132208.70666184011	750	59.73717358788721	0.0	358218	2726.2586883646595	0.75
132213.2917568229	750	59.15207860510526	0.0	400322	4585.094982781958	0.75
132216.87205895767	750	59.571776470327535	0.0	369834	3580.3021347777235	0.75
132220.9574383512	750	59.486397076804955	0.0	412837	4085.379393522575	0.75
132224.52236508738	750	59.921470340629114	0.0	401088	3064.92673617584	0.75
132227.71882568087	750	59.7554350567474	0.0	365161	2666.0352838817103	0.75
132230.64044156545	750	59.67483976927607	0.0	321064	2580.5952874713307	0.75
132234.31579031053	750	59.99949102421906	0.0	361565	3175.348745057011	0.75
132238.34797602266	750	59.96730531206422	0.0	378327	3532.1857121548396	0.75
132242.15222296084	750	59.76945937012679	0.0	390680	3197.8459419374312	0.75
132244.9769720973	750	59.71578530001518	0.0	345516	2553.674070111605	0.75
132248.82989803166	750	59.86285936565543	0.0	384505	2852.9259343597505	0.75
132252.21050404396	750	59.60455685986793	0.0	372093	3258.302505787504	0.75
132256.13986513493	750	59.67519576889774	0.0	438281	3929.3610909701897	0.75
132260.23278664507	750	59.582274258782455	0.0	398987	3592.9215101152836	0.75
132264.26520925167	750	59.54985165216621	0.0	393804	4032.422606616245	0.75
132269.39839975192	1200	58.41666115190088	0.0	538612	5133.19050026533	0.75
132280.5732167614	2850	51.24184414242812	0.0	1364537	11174.817009472757	1.2000000000000002
132283.9786287379	750	51.836432165942846	0.0	450283	3405.4119764852708	0.75
132286.9924021101	750	52.82265879373077	0.0	398865	3013.7733722120743	0.75
132289.2133938464	750	54.601667057444935	0.0	350812	2220.9917362858328	0.75
132291.98891503323	750	55.82614587061261	0.0	382355	2775.5211868323227	0.75
132295.3563587672	750	56.458702136652455	0.0	411561	3367.4437339601577	0.75
132297.76510763878	750	58.04995326506362	0.0	318564	2408.748871588835	0.75
132300.77984516489	750	59.03521573896281	0.0	352642	3014.73752610081	0.75
132305.07936278166	750	58.735698122184985	0.0	437162	4299.517616777826	0.75
132308.32775149227	750	59.487309411576284	0.0	374758	3248.3887106087	0.75
132311.4762221025	750	59.86834958386034	0.0	362795	2618.9598277159484	0.75
132315.81139104784	750	59.53318063852522	0.0	353220	4335.168945335126	0.75
132321.5076480365	750	57.83692364987977	0.0	405134	5696.256988645447	0.75
132328.85174368313	750	54.492828003225675	0.0	386351	7344.095646654092	0.75

