17368.56218765307	750	4.0	15.797987384245365	450283	15797.987384245365	-67.18134575225507
17372.323806227072	300	4.238381426000782	0.0	155580	3761.6185739992175	-0.15000000000000002
17373.85362211405	300	6.708565539023683	0.0	139857	1529.8158869770998	0.3
17375.83638412768	300	8.725803525393273	0.0	155432	1982.762013630411	0.3
17377.763757792818	300	10.798429860255215	0.0	163442	1927.3736651380568	0.3
17381.645741976623	300	10.916445676451254	0.0	126289	3881.984183803962	0.3
17383.83188305064	300	12.730304602435531	0.0	153295	2186.141074015722	0.3
17385.651278574696	300	14.910909078376621	0.0	173849	1819.3955240589114	0.3
17387.78445642757	300	16.777731225503825	0.0	150710	2133.177852872798	0.3
17389.380129796267	300	19.18205785680817	0.0	139105	1595.6733686956513	0.3
17390.911156719067	300	21.651030934008276	0.0	141840	1531.026922799897	0.3
17394.824201232892	750	21.737986420181308	0.0	405134	3913.0445138269693	0.3
17398.134053525577	750	22.42813412749275	0.0	386351	3309.8522926885553	0.75
17401.197614419347	750	23.364573233724254	0.0	434409	3063.5608937684947	0.75
17404.62251163698	750	23.93967601609325	0.0	337059	3424.897217631004	0.75
17409.458156606885	750	23.104031046189046	0.0	366214	4835.644969904201	0.75
17413.474112345553	750	23.088075307518928	0.0	360831	4015.9557386701213	0.75
17416.407991925156	750	24.154195727914818	0.0	372963	2933.8795796041086	0.75
17419.69947153361	750	24.862716119462487	0.0	405596	3291.479608452333	0.75
17422.01123579181	750	26.55095186126234	0.0	350713	2311.764258200147	0.75
17425.30346034204	1200	27.258727311035504	0.0	601738	3292.2245502268365	0.75
17429.04511404453	1200	27.517073608544184	0.0	616206	3741.653702491319	1.2
17432.98329405451	1200	27.578893598566093	0.0	656471	3938.180009978088	1.2
17436.22689785273	1200	28.33528980034391	0.0	536667	3243.6037982221824	1.2
17441.25989206783	1850	27.30229558524523	0.0	897976	5032.994215098681	1.2000000000000002
17445.536948443507	1850	27.02523920956518	0.0	905935	4277.05637568005	1.85
17450.03270893574	1850	26.52947871732948	0.0	1076599	4495.760492235698	1.85
17453.30566063615	1850	27.2565270169201	0.0	758197	3272.951700409379	1.85
17457.37479509828	1850	27.187392554791764	0.0	972798	4069.1344621283356	1.85
17463.103755453078	1850	25.458432199994846	0.0	975811	5728.960354796922	1.85
17469.279631433204	1850	23.282556219867807	0.0	873429	6175.87598012704	1.85
17477.57812367052	1850	18.984063982552325	0.0	954453	8298.492237315479	1.85
17483.296180140802	1850	17.266007512268633	0.0	885062	5718.056470283693	1.85
17488.81663656371	1850	15.745551089357246	0.0	1035329	5520.456422911385	1.85
17492.09562384115	1200	16.466563811920462	0.0	690253	3278.987277436784	0.5499999999999999
17494.635620465466	1200	17.92656718760272	0.0	598727	2539.9966243177405	1.2
17498.001341889645	1200	18.560845763422652	0.0	487812	3365.7214241800707	1.2
17501.62296645662	1200	18.93922119645164	0.0	575591	3621.6245669710092	1.2
17506.05559109257	1200	18.506596560501972	0.0	605884	4432.6246359496645	1.2
17510.955288823363	1200	17.606898829706303	0.0	587506	4899.697730795671	1.2
17514.663014757814	1200	17.899172895251397	0.0	566904	3707.725934454907	1.2
17518.814212858622	1200	17.747974794444993	0.0	641452	4151.198100806403	1.2
17522.61518118364	1200	17.94700646942751	0.0	599477	3800.968325017483	1.2
17526.651975777717	1200	17.910211875353834	0.0	634861	4036.7945940736754	1.2
17531.730276814764	1200	16.831910838305586	0.0	630203	5078.301037048247	1.2
17542.52431678405	1850	10.037870869016317	0.0	982064	10794.03996928927	1.2000000000000002
17545.960926108397	1200	10.601261544667908	0.0	538612	3436.6093243484092	0.5499999999999999
17560.875122346635	2850	4.0	4.312934693568813	1364537	14914.196238236722	-17.345619182345896
17564.263537661667	750	4.611584684969537	0.0	450283	3388.4153150304624	0.75
17565.20538191892	300	7.669740427714569	0.0	155580	941.8442572549678	-0.15000000000000002
17565.963320914696	300	10.911801431940422	0.0	139857	757.9389957741471	0.3
17567.955512205317	750	12.919610141319948	0.0	382355	1992.1912906204727	0.3
17570.332579694747	750	14.542542651890473	0.0	411561	2377.0674894294757	0.75
17574.583850980107	1200	14.291271366530957	0.0	520315	4251.271285359518	0.75
17577.72197111359	1200	15.153151233044953	0.0	561791	3138.120133486003	1.2
17581.291955582987	1200	15.58316676365063	0.0	709534	3569.984469394323	1.2
17583.891474379572	1200	16.983647967066375	0.0	584846	2599.5187965842542	1.2
17586.30763050591	1200	18.56749184072865	0.0	560821	2416.1561263377266	1.2
17588.869459165937	1200	20.00566318070139	0.0	607410	2561.828660027259	1.2
17593.070818228323	1850	19.804304118317752	0.0	917428	4201.359062383639	1.2000000000000002
17597.10062491201	1850	19.7744974346285	0.0	946851	4029.8066836892513	1.85
17601.332126824127	1850	19.5429955225156	0.0	1036454	4231.501912112902	1.85
17604.56791220157	1850	20.307210145069376	0.0	821631	3235.7853774462237	1.85
17608.87367984671	1850	20.001442499929922	0.0	923170	4305.767645139456	1.85
17613.818161508887	1850	19.0569608377539	0.0	966699	4944.481662176026	1.85
17617.65722635693	1850	19.2178959897158	0.0	885714	3839.064848038097	1.85
17622.06398436204	1850	18.81113798460231	0.0	987708	4406.758005113488	1.85
17627.25037287381	1850	17.62474947283428	0.0	923755	5186.388511768029	1.85
17636.14415135619	1850	12.730970990453326	0.0	891604	8893.778482380956	1.85
17645.657194832485	1200	7.217927514159692	0.0	616206	9513.043476293635	0.5499999999999999
17649.709386496816	750	7.165735849830347	0.0	401853	4052.191664329344	0.3
17653.842651797615	750	7.03247054902962	0.0	343800	4133.265300800727	0.75
17655.699853786147	300	9.175268560498232	0.0	146754	1857.2019885313873	-0.15000000000000002
17657.592438006777	300	11.282684339867213	0.0	153938	1892.584220631019	0.3
17659.547299305512	300	13.32782304113228	0.0	181901	1954.8612987349325	0.3
17660.620505325565	300	16.25461702107713	0.0	111155	1073.2060200551498	0.3
17662.10045749923	300	18.77466484741697	0.0	153605	1479.9521736601607	0.3
17665.417296279793	750	19.457826066852675	0.0	400508	3316.8387805642956	0.3
17669.929820421246	750	18.945301925397924	0.0	358218	4512.52414145475	0.75
17675.67775046939	750	17.197371877250845	0.0	400322	5747.930048147084	0.75
17680.647151317673	750	16.227971028967186	0.0	369834	4969.400848283657	0.75
17687.53142162524	750	13.343700721398605	0.0	412837	6884.27030756858	0.75
17691.82642182028	750	13.048700526361758	0.0	401088	4295.000195036847	0.75
17695.070095447973	750	13.80502689866766	0.0	365161	3243.6736276940997	0.75
17697.948504351018	750	14.926617995624486	0.0	321064	2878.408903043172	0.75
17701.069786238935	750	15.805336107704182	0.0	361565	3121.2818879203037	0.75
17704.653569373335	750	16.221552973304878	0.0	378327	3583.783134399306	0.75
17708.370752037372	750	16.504370309268023	0.0	390680	3717.182664036853	0.75
17710.63995981941	750	18.23516252722952	0.0	345516	2269.2077820385043	0.75
17712.814599169356	750	20.060523177284164	0.0	384505	2174.6393499453543	0.75
17716.18405456322	1200	20.691067783423673	0.0	599477	3369.4553938604927	0.75
17719.661720530356	1200	21.2134018162828	0.0	634861	3477.665967140875	1.2
17726.44956818639	1850	18.425554160251092	0.0	958994	6787.8476560317085	1.2000000000000002
17733.63464838097	1850	15.240473965668748	0.0	982064	7185.080194582345	1.85
17739.38259557596	1850	13.492526770678408	0.0	830730	5747.94719499034	1.85
17748.759162334987	2850	8.115960011650985	0.0	1364537	9376.566759027424	1.85
17751.436432318766	750	9.43869002787299	0.0	450283	2677.2699837779946	0.75
17754.244958927455	750	10.630163419181903	0.0	398865	2808.5266086910865	0.75
17756.95578192105	750	11.919340425591885	0.0	350812	2710.8229935900176	0.75
17759.536877246133	750	13.338245100506937	0.0	382355	2581.0953250849493	0.75
17762.38608300425	750	14.48903934239129	0.0	411561	2849.205758115646	0.75
17764.7060795707	750	16.16904277594276	0.0	318564	2319.996566448532	0.75
17766.82353220532	750	18.05159014132338	0.0	352642	2117.452634619379	0.75
17770.934414509513	1200	17.9407078371272	0.0	709534	4110.88230419618	0.75
17773.633723892628	1200	19.241398454011417	0.0	584846	2699.309383115781	1.2
17776.40898400768	1200	20.466138338957318	0.0	560821	2775.260115054102	1.2
17779.170666944836	1200	21.704455401806463	0.0	607410	2761.6829371508534	1.2
17783.13900753975	1850	21.73611480689121	0.0	917428	3968.340594915256	1.2000000000000002
17786.90029630818	1850	21.974826038463448	0.0	946851	3761.2887684277584	1.85
17791.781125308768	1850	21.09399703787311	0.0	1036454	4880.82900059034	1.85
17796.145294458813	1850	20.729827887824584	0.0	821631	4364.169150048524	1.85
17800.139401533554	1850	20.735720813083486	0.0	923170	3994.1070747411	1.85
17804.762144875614	1850	20.11297747102354	0.0	966699	4622.743342059944	1.85
17811.12252630072	1850	17.75259604592026	0.0	885714	6360.38142510328	1.85
17824.17908993679	1850	8.696032409848442	0.0	987708	13056.56363607182	1.85
17832.41427296716	1200	4.460849379482272	0.0	586839	8235.18303036617	0.5499999999999999
17833.67892880098	300	7.19619354566299	0.0	157671	1264.655833819281	-0.6000000000000001
17835.177075033986	300	9.69804731265649	0.0	157812	1498.1462330065006	0.3
17836.57799734209	300	12.297125004548962	0.0	163927	1400.9223081075293	0.3
17837.79259542462	300	15.08252692202119	0.0	137654	1214.5980825277704	0.3
17839.24118192146	300	17.633940425181027	0.0	146754	1448.5864968401618	0.3
17840.833157871064	300	20.041964475578464	0.0	153938	1591.9759496025624	0.3
17846.880883775644	750	17.99423857099756	0.0	425781	6047.725904580903	0.3
17849.70664145566	750	19.168480890978312	0.0	277716	2825.7576800192473	0.75
17854.2498280226	750	18.625294324040638	0.0	400396	4543.186566937677	0.75
17859.80570261895	750	17.06941972768888	0.0	400508	5555.874596351758	0.75
17865.11054322368	750	15.764579122959057	0.0	358218	5304.840604729823	0.75
17870.97522359708	750	13.899898749558776	0.0	400322	5864.680373400281	0.75
17876.3924681845	750	12.482654162141758	0.0	369834	5417.244587417019	0.75
17882.683173160392	750	10.191949186247372	0.0	412837	6290.704975894387	0.75
17888.136858769976	750	8.738263576664103	0.0	401088	5453.685609583269	0.75
17892.206151625003	750	8.668970721636104	0.0	365161	4069.2928550279994	0.75
17896.14383023856	750	8.73129210807713	0.0	321064	3937.678613558975	0.75
17900.049774502648	750	8.825347843991583	0.0	361565	3905.9442640855455	0.75
17911.922571193216	750	4.0	3.0474488465771703	378327	11872.796690568754	-12.354030040281831

