12184.742203795782	750	4.0	2.2204497569923474	450283	2220.4497569923474	-8.797933955067093
12185.592286925488	300	7.14991687029244	0.0	155580	850.0831297075605	-0.15000000000000002
12186.343369778137	300	10.39883401764509	0.0	139857	751.0828526473505	0.3
12187.11723952414	300	13.624964271640994	0.0	155432	773.8697460040954	0.3
12188.195599569284	300	16.546604226496676	0.0	163442	1078.3600451443194	0.3
12188.97456750997	300	19.767636285810585	0.0	126289	778.9679406860862	0.3
12190.246216204287	300	22.4959875914933	0.0	153295	1271.6486943172863	0.3
12192.295699625294	300	24.44650417048616	0.0	173849	2049.48342100714	0.3
12195.022837976907	300	25.71936581887452	0.0	150710	2727.1383516116443	0.3
12196.949301679173	300	27.792902116608268	0.0	139105	1926.4637022662519	0.3
12198.803480850282	300	29.938722945501244	0.0	141840	1854.1791711070248	0.3
12199.52007689443	300	33.222126901352354	0.0	156148	716.5960441488814	0.3
12200.21117807374	300	36.53102572204359	0.0	160746	691.1011793087634	0.3
12201.051445591742	300	39.6907582040412	0.0	179801	840.2675180023875	0.3
12201.791564065144	300	42.95063973063862	0.0	140051	740.1184734025788	0.3
12203.349837653413	750	45.392366142370875	0.0	366214	1558.2735882677416	0.3
12205.905393976042	1200	46.83680981974132	0.0	617242	2555.5563226295544	0.75
12212.385740960204	1200	44.35646283557798	0.0	581493	6480.346984163339	1.2
12219.21470114433	1200	41.52750265145309	0.0	639204	6828.960184124887	1.2
12223.658742980208	750	41.083460815575286	0.0	350713	4444.041835877802	0.3
12226.424579762532	750	42.31762403325232	0.0	386472	2765.8367823229655	0.75
12228.819970758359	750	43.922233037423204	0.0	399894	2395.3909958291174	0.75
12234.302008968367	750	42.44019482741731	0.0	401853	5482.038210005896	0.75
12236.697379572992	750	44.04482422279152	0.0	343800	2395.370604625789	0.75
12239.169356540928	750	45.572847254855674	0.0	359903	2471.976967935844	0.75
12241.347098492697	750	47.3951053030869	0.0	379700	2177.741951768772	0.75
12243.534728319015	750	49.20747547676828	0.0	425781	2187.629826318616	0.75
12244.850062322233	750	51.89214147355082	0.0	277716	1315.3340032174613	0.75
12246.921957141409	750	53.820246654374394	0.0	400396	2071.8948191764266	0.75
12249.805250204214	1200	54.936953591570976	0.0	641447	2883.2930628034164	0.75
12252.381675515415	1200	56.36052828036937	0.0	570392	2576.425311201611	1.2
12255.672014296772	1200	57.07018949901258	0.0	620283	3290.338781356787	1.2
12258.729466660425	1200	58.01273713536012	0.0	584349	3057.4523636524577	1.2
12262.443843681758	1200	58.298360114026686	0.0	670129	3714.3770213334333	1.2
12266.564358119913	1200	58.17784567587251	0.0	690253	4120.514438154173	1.2
12270.274396578805	1200	58.46780721698	0.0	598727	3710.0384588925062	1.2
12273.482772363619	1200	59.259431432164995	0.0	487812	3208.3757848150044	1.2
12276.828999107502	1200	59.67132722263699	0.0	575591	3088.1042095280027	1.2
12280.581432885921	1200	59.91889344421904	0.0	605884	3252.4337784179484	1.2
12287.110075407047	1200	57.39025092309251	0.0	587506	6528.64252112653	1.2
12296.829907873855	1200	51.6704184562854	0.0	566904	9719.832466807107	1.2
12300.632736004556	1200	51.86759032558448	0.0	641452	3802.828130700916	1.2
12302.652433776482	750	53.84789255365748	0.0	372093	2019.6977719269998	0.3
12304.879610409542	750	55.62071592060006	0.0	438281	2227.1766330574187	0.75
12306.975270870313	750	57.525055459827875	0.0	398987	2095.6604607721924	0.75
12310.22206969418	1200	58.2782566359614	0.0	638661	3246.79882386648	0.75
12315.488447749083	2850	57.011878581058085	0.0	1231456	5266.378054903316	1.2000000000000002
12321.968612483412	2850	54.53171384672914	0.0	1364537	6480.1647343289405	2.85
12324.594557651088	750	55.9057686790537	0.0	450283	2625.945167675443	0.75
12328.557533181885	1200	55.94279314825583	0.0	611087	3962.975530797863	0.75
12332.07245937334	1200	56.427866956801175	0.0	571051	3514.926191454658	1.2
12335.332169807432	1200	57.16815652270986	0.0	617681	3259.7104340913215	1.2
12339.264399715648	1200	57.23592661449305	0.0	652874	3932.2299082168015	1.2
12342.289549389614	1200	58.210776940529	0.0	520315	3025.149673964053	1.2
12347.237366686844	1200	57.26295964329717	0.0	561791	4947.817297231831	1.2
12350.770426266708	1200	57.72990006343228	0.0	709534	3533.0595798648933	1.2
12353.512964600848	1200	58.98736172929437	0.0	584846	2742.5383341379093	1.2
12357.800614829604	1200	58.69971150053863	0.0	560821	4287.6502287557305	1.2
12364.092629630111	1200	56.407696700031416	0.0	607410	6292.0148005072215	1.2
12369.093302437672	1200	55.40702389247061	0.0	594078	5000.672807560806	1.2
12374.571417153184	1200	53.928909176959216	0.0	624282	5478.114715511392	1.2
12379.819573927758	1200	52.68075240238438	0.0	687371	5248.1567745748425	1.2
12382.280460078577	750	54.2198662515667	0.0	337059	2460.886150817678	0.3
12385.110441293498	750	55.38988503664566	0.0	366214	2829.9812149210393	0.75
12390.319700011478	750	54.18062631866627	0.0	360831	5209.258717979389	0.75
12392.639435711235	750	55.86089061890994	0.0	372963	2319.735699756323	0.75
12396.095821544493	750	56.40450478565203	0.0	405596	3456.3858332579107	0.75
12399.218414700043	750	57.281911630101334	0.0	350713	3122.5931555506945	0.75
12402.748918849207	750	57.75140748093692	0.0	386472	3530.504149164413	0.75
12406.221246527202	750	58.279079802942846	0.0	399894	3472.327677994069	0.75
12411.590597829703	1200	56.90972850044277	0.0	656471	5369.351302500077	0.75
12416.017410066823	1200	56.48291626332405	0.0	536667	4426.812237118721	1.2
12421.174583153692	1200	55.32574317645475	0.0	587236	5157.173086869301	1.2
12424.2766733767	750	56.22365295344686	0.0	379700	3102.0902230078973	0.3
12427.707312513989	750	56.79301381615872	0.0	425781	3430.63913728814	0.75
12430.094611871911	750	58.40571445823547	0.0	277716	2387.29935792324	0.75
12433.337599630024	750	59.1627267001233	0.0	400396	3242.9877581121787	0.75
12436.814234641584	750	59.686091688564844	0.0	400508	3476.635011558457	0.75
12440.531816880251	750	59.80297960344381	0.0	358218	2883.1120851210276	0.75
12445.900813899325	750	58.43398258437157	0.0	400322	5368.997019072235	0.75
12450.078196882509	750	58.256599601187915	0.0	369834	4177.382983183657	0.75
12454.077889462289	750	58.25690702140751	0.0	412837	3999.6925797804124	0.75
12457.578298661494	750	58.75649782220217	0.0	401088	3500.409199205337	0.75
12460.335674067725	750	59.99912241597187	0.0	365161	2757.3754062302964	0.75
12463.373691836141	750	59.88327720227343	0.0	321064	2615.8452136984356	0.75
12466.801342610239	750	59.81603809258423	0.0	361565	3067.2391096892093	0.75
12469.88648637702	750	59.891672041397484	0.0	378327	2924.3660511867456	0.75
12473.664135429195	750	59.52973637310699	0.0	390680	3361.9356682904927	0.75
12476.449982596288	750	59.7826694815021	0.0	345516	2747.066891604895	0.75
12480.878455600712	750	59.35419647707952	0.0	384505	4428.473004422578	0.75
12484.261936451689	750	59.97071562610339	0.0	372093	2883.48085097613	0.75
12488.216424067634	750	59.99883888357556	0.0	438281	3471.8767425278265	0.75
12492.463503331275	750	59.5161046884631	0.0	398987	3482.7341951124627	0.75
12495.648126711576	750	59.99646553257723	0.0	393804	3019.6391558858663	0.75
12502.168483875173	1850	57.476108368978714	0.0	830730	6520.357163598522	0.75
12515.891314034674	2850	47.75327820947773	0.0	1364537	13722.830159500985	1.85
12517.923038280307	750	49.72155396384493	0.0	450283	2031.7242456327976	0.75
12519.773305977862	750	51.87128626628855	0.0	398865	1850.2676975563788	0.75
12521.425253192258	750	54.21933905189393	0.0	350812	1651.9472143946186	0.75
12523.04572929264	750	56.59886295150972	0.0	382355	1620.476100384216	0.75
12526.105969003622	1200	57.538623240529	0.0	652874	3060.2397109807202	0.75
12528.465994982018	1200	59.178597262134	0.0	520315	2360.025978395005	1.2
12531.662423689662	1200	59.98216855449035	0.0	561791	3196.428707643642	1.2
12536.537886768288	1200	59.106705475863286	0.0	709534	4875.463078627064	1.2
12541.116634051692	1200	58.52795819246087	0.0	584846	4578.7472834024165	1.2
12561.334912986154	1200	42.309679257998624	0.0	560821	20218.278934462254	1.2
12580.271642514059	750	27.372949730093136	0.0	353220	18936.729527905485	0.3
12589.056620441583	300	22.587971802569832	0.0	156148	8784.977927523307	-0.15000000000000002
12594.786051518035	300	20.85854072611851	0.0	160746	5729.431076451321	0.3
12604.434189630807	300	15.210402613345977	0.0	179801	9648.138112772533	0.3
12609.021361074456	300	14.623231169696727	0.0	140051	4587.171443649252	0.3
12614.923689983603	300	12.72090226054896	0.0	138313	5902.328909147765	0.3
12619.274651499272	300	12.36994074487951	0.0	143509	4350.961515669451	0.3
12626.183848392286	300	9.460743851865757	0.0	150616	6909.196893013752	0.3
12633.723533055094	300	5.921059189057357	0.0	165384	7539.684662808401	0.3
12640.497843462508	300	4.0	0.8532512183576764	140881	6774.310407415033	-3.3689802389380086
12647.156382113137	300	4.0	2.658538650627341	157671	6658.538650627341	-11.131716197697566
12657.687171003612	300	4.0	6.530788890474479	157812	10530.78889047448	-27.78239222904026
12665.032947217422	300	4.0	3.3457762138099563	163927	7345.776213809956	-14.08683771938281
12671.519995701894	300	4.0	2.4870484844720777	137654	6487.048484472078	-10.394308483229933
12677.221997523404	300	4.0	1.7020018215107158	146754	5702.001821510716	-7.018607832496078
12685.285329245944	300	4.0	4.063331722539021	153938	8063.331722539021	-17.17232640691779
12693.525449891033	300	4.0	4.240120645088729	181901	8240.12064508873	-17.932518773881533
12699.553651023993	300	4.0	2.028201132960671	111155	6028.201132960671	-8.421264871730884
12707.980556524388	300	4.0	4.426905500394831	153605	8426.90550039483	-18.735693651697773
12717.141963326816	300	4.0	5.161406802427491	149029	9161.406802427491	-21.89404925043821
12723.666493458533	300	4.0	2.5245301317176443	157421	6524.5301317176445	-10.55547956638587
12731.938590438896	300	4.0	4.272096980363527	157488	8272.096980363527	-18.070017015563163
12734.644591602351	300	5.293998836545006	0.0	143881	2706.0011634549937	0.3

