440.01822429640004	750	4.0	1.786475576889145	450283	1786.475576889145	-6.931844980623323
440.6164436056852	300	7.401780690714844	0.0	155580	598.2193092851558	-0.15000000000000002
441.1397482787272	300	10.878476017672838	0.0	139857	523.3046730420075	0.3
441.71531849582146	300	14.30290580057861	0.0	155432	575.5702170942279	0.3
443.11110317468064	750	16.907121121719467	0.0	411561	1395.7846788591432	0.3
444.1879837568365	750	19.830240539563597	0.0	318564	1076.880582155867	0.75
445.3222089770641	750	22.696015319335988	0.0	352642	1134.2252202276115	0.75
446.6897411930576	750	25.328483103342503	0.0	437162	1367.5322159934844	0.75
448.67454989782544	1200	27.343674398574645	0.0	584846	1984.808704767857	0.75
450.7203959123524	1200	29.297828384047747	0.0	560821	2045.8460145268987	1.2
452.71966709403563	1200	31.298557202364485	0.0	607410	1999.2711816832646	1.2
454.67191631362545	1200	33.34630798277467	0.0	594078	1952.2492195898174	1.2
456.71558598313595	1200	35.30263831326415	0.0	624282	2043.669669510521	1.2
458.982871435469	1200	37.03535286093112	0.0	687371	2267.285452333033	1.2
460.7469048616398	1200	39.27131943476035	0.0	526950	1764.033426170768	1.2
462.5647833047522	1200	41.453440991647945	0.0	587876	1817.878443112406	1.2
464.5108241160532	1200	43.50740018034694	0.0	617242	1946.0408113009973	1.2
466.418396210651	1200	45.59982808574913	0.0	581493	1907.57209459781	1.2
471.697522896903	1850	44.32070139949705	0.0	987708	5279.126686252084	1.2000000000000002
475.0748666462349	1850	44.94335765016514	0.0	923755	3377.34374933191	1.85
479.3249834441696	1850	44.69324085223046	0.0	891604	4250.116797934676	1.85
482.9172654474493	1850	45.100958848950754	0.0	955231	3592.282003279707	1.85
486.14484664878705	1850	45.87337764761305	0.0	968026	3227.581201337707	1.85
489.2903282326562	1850	46.72789606374388	0.0	874175	3145.4815838691675	1.85
492.54126764167	1850	47.476956654730074	0.0	897976	3250.939409013809	1.85
497.06653351398097	1850	46.951690782419114	0.0	905935	4525.265872310957	1.85
502.27846954926184	1850	45.73975474713827	0.0	1076599	5211.936035280846	1.85
505.6442440208468	1850	46.37398027555327	0.0	758197	3365.7744715849967	1.85
509.7493440627624	1850	46.26888023363771	0.0	972798	4105.100041915557	1.85
513.8883404082882	1850	46.129883888111976	0.0	975811	4138.996345525737	1.85
516.5302095744744	1200	47.488014721925666	0.0	570392	2641.8691661863063	0.5499999999999999
519.2712688682433	1200	48.74695542815676	0.0	620283	2741.05929376891	1.2
521.4921637356371	1200	50.52606056076302	0.0	584349	2220.894867393738	1.2
523.8764270735034	1200	52.14179722289672	0.0	670129	2384.2633378662986	1.2
526.2217557381684	1200	53.796468558231545	0.0	690253	2345.328664665173	1.2
529.3945752899219	1850	54.62364900647804	0.0	943942	3172.819551753507	1.2000000000000002
532.750542078257	1850	55.26768221814302	0.0	728962	3355.9667883350116	1.85
536.7612119929281	1850	55.25701230347198	0.0	938587	4010.6699146710475	1.85
540.2453663572759	1850	55.77285793912417	0.0	908665	3484.15436434781	1.85
543.7441852551239	1850	56.27403904127617	0.0	930577	3498.8188978480034	1.85
546.9648922774179	1850	57.053332018982125	0.0	858450	3220.707022294045	1.85
550.3821815921631	1850	57.63604270423698	0.0	1025005	3417.2893147451437	1.85
553.795516340796	1850	58.22270795560406	0.0	886255	3413.3347486329203	1.85
557.2021268201399	1850	58.8160974762602	0.0	973972	3406.610479343861	1.85
560.686496401065	1850	59.331727895335106	0.0	958994	3484.3695809250967	1.85
564.0858476467877	1850	59.93237664961247	0.0	982064	3399.3512457226316	1.85
570.8585352810019	4300	57.15968901539824	0.0	1961140	6772.68763421423	1.8499999999999996
577.3245288299847	4300	54.6936954664153	0.0	2155012	6465.99354898294	4.3
578.6593251737125	750	57.35889912268747	0.0	450283	1334.7963437278331	0.75
582.5579719490765	1850	57.460252347323575	0.0	957685	3898.6467753638904	0.75
593.5960353615154	1850	50.42218893488463	0.0	877771	11038.063412438949	1.85
596.1840854790914	1200	51.83413881730868	0.0	617681	2588.0501175759578	0.5499999999999999
600.4019970895497	1200	51.61622720685034	0.0	652874	4217.9116104583345	1.2
605.0778872490121	1200	50.94033704738795	0.0	520315	4675.890159462389	1.2
607.9459726763231	1200	52.07225162007685	0.0	561791	2868.085427311093	1.2
610.7033566458043	1200	53.31486765059559	0.0	709534	2757.383969481261	1.2
613.0071977242383	1200	55.0110265721617	0.0	584846	2303.8410784338953	1.2
615.357872763969	1200	56.66035153243091	0.0	560821	2350.675039730783	1.2
618.7637105613762	1200	57.25451373502376	0.0	607410	3405.837797407153	1.2
622.4725001874937	1200	57.545724108906356	0.0	594078	3708.789626117403	1.2
625.8392146014486	1200	58.17900969495141	0.0	624282	3366.7144139549414	1.2
628.7689154707907	1200	59.24930882560931	0.0	687371	2929.7008693420985	1.2
632.0363056784622	1200	59.98191861793778	0.0	526950	2767.3902076715294	1.2
635.4316301804815	1200	59.93403484640376	0.0	587876	2547.8837715340173	1.2
638.8685022832037	1200	59.56931916028539	0.0	617242	3364.7156861183703	1.2
645.9489028045174	1200	56.48891863897176	0.0	581493	7080.400521313631	1.2
654.5387274294475	1200	51.89909401404168	0.0	639204	8589.824624930081	1.2
658.4537364634575	750	51.98408498003168	0.0	350713	3915.009034009997	0.3
661.4509770350925	750	52.98684440839676	0.0	386472	2997.2405716349167	0.75
665.1343246291231	750	53.30349681436609	0.0	399894	3683.3475940306703	0.75
667.7391010788571	750	54.69872036463204	0.0	401853	2604.776449734051	0.75
669.8323517360759	750	56.605469707413164	0.0	343800	2093.2506572188786	0.75
671.2530567675813	750	59.18476467590779	0.0	359903	1420.7050315053684	0.75
673.3619315856869	750	59.95868271734563	0.0	379700	1226.081958562154	0.75
675.9890202340532	1200	59.53103482293419	0.0	696376	2427.647894411445	0.75
678.6371122513327	1200	59.75720919127196	0.0	487160	1773.8256316622292	1.2
681.3095212670241	1200	59.55813787623482	0.0	622896	1699.0713150371444	1.2
685.0860291022794	1200	59.78163004097943	0.0	641447	3276.507835255387	1.2
689.6043934410562	1850	59.263265702202645	0.0	873429	4518.364338776781	1.2000000000000002
693.8063594162393	1850	59.06129972701958	0.0	954453	4201.965975183068	1.85
697.2497649488374	1850	59.61789419442138	0.0	885062	3443.4055325981963	1.85
704.0177546106924	1850	56.849904532566434	0.0	1035329	6767.989661854944	1.85
709.7117435341745	1850	55.15591560908434	0.0	1026056	5693.988923482098	1.85
713.3993132379453	1850	55.46834590531354	0.0	943942	3687.5697037708046	1.85
715.742309967893	1850	57.12534917536589	0.0	728962	2342.996729947647	1.85
719.9588313973255	1850	56.90882774593327	0.0	938587	4216.5214294326115	1.85
723.6162033918372	1850	57.25145575142153	0.0	908665	3657.371994511741	1.85
727.4411478313101	1850	57.426511311948666	0.0	930577	3824.944439472869	1.85
731.6395220822747	1850	57.22813706098404	0.0	858450	4198.374250964626	1.85
739.2789157697665	1850	53.58874337349212	0.0	1025005	7639.3936874919145	1.85
745.8870688644422	1850	50.98059027881653	0.0	886255	6608.153094675599	1.85
748.3208878036316	1200	52.54677133962713	0.0	634861	2433.8189391893943	0.5499999999999999
750.547818843025	1200	54.31984030023368	0.0	630203	2226.93103939345	1.2
753.1882612798854	1200	55.679397863373325	0.0	638661	2640.4424368603513	1.2
757.5613642104693	2850	55.30629493278944	0.0	1231456	4373.102930583888	1.2000000000000002
762.2767731023933	2850	54.59088604086535	0.0	1364537	4715.408891924092	2.85
763.4676222219462	750	57.400036921312626	0.0	450283	1190.8491195527236	0.75
765.087688409739	1200	59.77997073351974	0.0	611087	1620.0661877928865	0.75
767.9865915667762	1850	59.52627157668589	0.0	877771	2253.6991568338444	1.2000000000000002
771.8021630593811	1850	59.62708783048507	0.0	933276	3399.1837462008266	1.85
775.6940934697699	1850	59.735157420096186	0.0	996749	3891.930410388885	1.85
779.0608027236598	1850	59.83046187154771	0.0	801058	2404.695548548469	1.85
782.1405118823606	1850	59.97161414486808	0.0	905515	2358.8477266796313	1.85
787.5194891827899	2850	58.59263684443866	0.0	1638769	5378.977300429421	1.85
791.0065741411538	2850	59.1055518860747	0.0	1348011	3487.0849583639597	2.85
795.7497368971209	2850	58.362389130107616	0.0	1429765	4743.162755967086	2.85
800.4538278124035	2850	57.658298214825116	0.0	1354548	4704.090915282499	2.85
806.7069497225459	2850	55.40517630468269	0.0	1519951	6253.121910142429	2.85
812.3479709500131	2850	53.76415507721562	0.0	1422919	5641.021227467068	2.85
825.2576265210937	2850	44.854499506135014	0.0	1578343	12909.655571080604	2.85
827.2131358307174	1200	46.898990196511306	0.0	526950	1955.5093096237017	-0.44999999999999996
836.7261533764831	1200	41.38597265074562	0.0	587876	9513.017545765686	1.2
839.6436407804528	750	42.46848524677594	0.0	360831	2917.487403969681	0.3
842.6965179378218	750	43.41560808940685	0.0	372963	3052.8771573690897	0.75
845.9156915809356	750	44.19643444629308	0.0	405596	3219.1736431137692	0.75
849.1175045581605	750	44.99462146906821	0.0	350713	3201.8129772248735	0.75
852.1879544002259	750	45.92417162700274	0.0	386472	3070.449842065474	0.75
855.5284216980513	750	46.583704329177316	0.0	399894	3340.4672978254207	0.75
858.9711645560787	750	47.140961471149915	0.0	401853	3442.7428580274013	0.75
862.4700632642534	750	47.642062762975264	0.0	343800	3498.8987081746545	0.75
865.3419137807457	750	48.77021224648298	0.0	359903	2871.8505164922885	0.75
870.0216435351998	750	48.090482492028855	0.0	379700	4679.729754454124	0.75
874.5447885815413	750	47.567337445687414	0.0	425781	4523.145046341435	0.75
876.8934075544084	750	49.21871847282029	0.0	277716	2348.6189728671216	0.75
879.9799134817328	750	50.13221254549596	0.0	400396	3086.5059273243346	0.75
882.8598073288098	750	51.25231869841898	0.0	400508	2879.8938470769826	0.75
885.6383011526506	750	52.47382487457812	0.0	358218	2778.4938238408563	0.75
888.7367802865083	750	53.3753457407205	0.0	400322	3098.479133857626	0.75
891.4963741272433	750	54.615751899985504	0.0	369834	2759.593840734995	0.75
894.8514414469149	750	55.260684580313914	0.0	412837	3355.0673196715866	0.75
897.9056437665864	750	56.2064822606424	0.0	401088	3054.2023196715063	0.75
900.7889498568802	750	57.3231761703486	0.0	365161	2883.306090293804	0.75
903.3918620838953	750	58.72026394333356	0.0	321064	2602.9122270150374	0.75
906.4056008238152	750	59.56600039015132	0.0	361565	2654.2635531822343	0.75
910.0964160677339	750	59.87518514623265	0.0	378327	3690.815243918675	0.75
914.0671672114081	750	59.90443400255836	0.0	390680	3970.7511436742907	0.75
918.3993629828794	750	59.56435690398807	0.0	345516	3340.0770985702916	0.75
921.7755957907016	750	59.56729983652746	0.0	384505	2497.0570674606083	0.75
925.110469830362	750	59.53945068687806	0.0	372093	2527.849149649405	0.75
928.4805368754292	750	59.94292960935	0.0	438281	3096.521077528059	0.75
933.2674901270595	1200	59.15597635771964	0.0	630203	4786.953251630363	0.75
937.8764909398759	1200	58.54697554490324	0.0	638661	4609.0008128163945	1.2
944.6680557309247	1850	55.75541075385443	0.0	830730	6791.5647910488115	1.2000000000000002
959.3383300932499	2850	45.08513639152939	0.0	1364537	14670.274362325032	1.85
964.0541352845196	750	44.3693312002595	0.0	450283	4715.805191269886	0.75
967.8109578971402	750	44.61250858763898	0.0	398865	3756.8226126205254	0.75
971.4898058548961	750	44.93366062988306	0.0	350812	3678.8479577559183	0.75
975.886362800771	750	44.537103684008095	0.0	382355	4396.556945874969	0.75
981.5867489802308	750	42.8367175045484	0.0	411561	5700.386179459691	0.75
985.560217181102	750	42.86324930367725	0.0	318564	3973.46820087115	0.75
994.4346620517624	750	37.98880443301669	0.0	352642	8874.444870660565	0.75
1003.0550757734028	300	33.368390711376364	0.0	173849	8620.413721640325	-0.15000000000000002
1008.2754677229452	300	32.1479987618339	0.0	150710	5220.391949542465	0.3
1014.5342199683125	300	29.889246516466592	0.0	139105	6258.752245367308	0.3
1019.446381360036	300	28.97708512474316	0.0	141840	4912.161391723433	0.3
1024.1858746175144	300	28.237591867264797	0.0	156148	4739.493257478363	0.3
1028.1194523900183	300	28.304014094760813	0.0	160746	3933.577772503983	0.3
1033.9286234077802	300	26.494843076998972	0.0	179801	5809.17101776184	0.3
1038.063046957012	300	26.360419527766968	0.0	140051	4134.423549232004	0.3
1040.4386089110028	300	27.984857573776228	0.0	138313	2375.56195399074	0.3
1042.6709110271383	300	29.752555457640664	0.0	143509	2232.3021161355664	0.3
1045.4076097817722	300	31.01585670300673	0.0	150616	2736.6987546339387	0.3
1048.329218017913	300	32.09424846686608	0.0	165384	2921.6082361406498	0.3
1052.069487045073	300	32.353979439706066	0.0	140881	3740.2690271600068	0.3
1056.5783069442084	300	31.84515954057049	0.0	157671	4508.8198991355775	0.3
1060.1216930131143	300	32.30177347166467	0.0	157812	3543.3860689058215	0.3
1065.6460404490372	300	30.777426035741847	0.0	163927	5524.347435922826	0.3
1070.1111334058728	300	30.312333078906274	0.0	137654	4465.09295683557	0.3
1076.9497745185015	300	27.473691966277663	0.0	146754	6838.641112628611	0.3
1078.5587223017574	300	29.864744183021774	0.0	153938	1608.9477832558919	0.3
1079.4610079739743	300	32.962458510804964	0.0	181901	902.2856722168099	0.3
1079.922513734303	300	36.50095275047635	0.0	111155	461.5057603286102	0.3
1080.4195343724964	300	40.003932112282946	0.0	153605	497.0206381934066	0.3
1080.8390649865607	300	43.58440149821867	0.0	149029	419.53061406427526	0.3
1081.6899235899912	750	46.73354289478822	0.0	358218	850.8586034304474	0.3
1083.1096970077383	1200	49.31376947704123	0.0	620283	1419.7734177469988	0.75
1084.4658297207977	1200	51.95763676398178	0.0	584349	1356.132713059447	1.2
1085.7591609771198	1200	54.66430550765963	0.0	670129	1293.3312563221577	1.2
1088.8839890985303	2850	55.53947738624907	0.0	1492672	3124.828121410556	1.2000000000000002
1092.1495442878247	2850	56.273922196954665	0.0	1439896	3265.555189294405	2.85
1094.4339207193048	2850	57.989545765474496	0.0	1139291	2284.376431480164	2.85
1097.798489697119	2850	58.624976787660366	0.0	1499009	3364.5689778141323	2.85
1100.6671256103987	2850	59.75634087438074	0.0	1427478	2868.635913279627	2.85
1103.8634787410986	2850	59.801231660284955	0.0	1402287	2955.109214095786	2.85
1106.801322903965	2850	59.65193153715394	0.0	1339500	2649.300123131009	2.85
1110.2957160180342	2850	59.75350699998703	0.0	1527299	3398.42453716691	2.85
1113.5984347444025	2850	59.60513192525399	0.0	1343002	3148.375074733044	2.85
1117.251727356855	2850	59.95183931280147	0.0	1587250	3653.2926124525243	2.85
1121.9224651072293	4300	59.281101562427104	0.0	2124950	4670.737750374361	2.8499999999999996
1126.4620614024532	4300	58.741505267203245	0.0	2246506	4539.596295223852	4.3
1131.100069164202	4300	58.1034975054543	0.0	1961140	4638.007761748945	4.3
1136.3037206939412	4300	56.89984597571523	0.0	2155012	5203.651529739072	4.3
1137.5054098136347	750	59.69815685602159	0.0	450283	1201.68911969364	0.75
1140.707492181442	1850	59.95727503255182	0.0	957685	2240.8818234697674	0.75
1144.2997829129054	2850	59.8477299389889	0.0	1300868	2609.545093562918	1.85
1149.6036488493723	2850	58.54386400252203	0.0	1520281	5303.865936466871	2.85
1155.7608466208494	2850	56.386666231044906	0.0	1472558	6157.197771477124	2.85
1162.2706648421488	2850	53.87684800974548	0.0	1224260	6509.818221299421	2.85
1166.3017570238317	1850	53.84575582806259	0.0	905515	4031.0921816828877	0.8500000000000001
1170.8675981002134	1850	53.27991475168088	0.0	1060487	4565.841076381714	1.85
1174.0361798032832	1850	54.11133304861098	0.0	852833	3168.5817030699045	1.85
1177.6511636104592	1850	54.49634924143482	0.0	913888	3614.983807176152	1.85
1180.530070600811	1850	55.61744225108285	0.0	939819	2878.906990351969	1.85
1183.0182871582508	1850	57.12922569364313	0.0	917428	2488.21655743972	1.85
1185.6344064376262	1850	58.51310641426765	0.0	946851	2616.119279375478	1.85
1188.9597529722378	1850	59.18775987965623	0.0	1036454	3325.3465346114226	1.85
1192.3550315591815	1850	59.79248129271249	0.0	821631	2895.278586943732	1.85
1196.1065756673545	1850	59.936206380714246	0.0	923170	3356.2749119982386	1.85
1200.0644386856422	1850	59.85990946965769	0.0	966699	3576.296911056564	1.85
1203.492584342522	1850	59.93811969483345	0.0	885714	3421.7897748242312	1.85
1207.1781862863443	1850	59.79799666395006	0.0	987708	3640.123030883398	1.85
1210.9459258630131	1850	59.89136633208506	0.0	923755	2906.630331864999	1.85
1214.1980318838648	1850	59.5403679440611	0.0	891604	2350.998388023963	1.85
1216.9620973214264	1850	59.563889041694104	0.0	955231	1976.478902366996	1.85
1220.2626927896865	1850	59.50788457516137	0.0	968026	2556.0044665327346	1.85
1222.6155943384651	1850	59.89372930163573	0.0	874175	2114.155273525641	1.85
1226.0532883982023	2850	59.994255409393716	0.0	1383735	3399.4738922420142	1.85
1230.1946567802868	2850	59.64268130209913	0.0	1480464	3851.574107294591	2.85
1234.8487538093223	2850	58.98858427306333	0.0	1547572	4654.097029035794	2.85
1237.8378635064337	2850	59.999474575951986	0.0	1141971	2989.109697111342	2.85
1241.9536665189962	2850	59.88367156338946	0.0	1498470	4115.803012562521	2.85
1245.8480316780424	2850	59.93589099061598	0.0	1561263	3447.7805727734785	2.85
1249.9871378105158	2850	59.53563021751556	0.0	1341201	3400.2607731004277	2.85
1253.2634156553931	2850	59.95641397476361	0.0	1497683	3079.2162427519434	2.85
1256.2023012899024	2850	59.53150195857152	0.0	1358081	2424.912016192091	2.85
1260.4243997331967	2850	59.309403515277026	0.0	1587293	4222.098443294499	2.85
1265.4528524804116	2850	58.280950768062304	0.0	1492672	5028.452747214719	2.85
1269.6722605473417	2850	58.06154270113194	0.0	1439896	4219.408066930362	2.85
1273.5472949038738	2850	58.18650834459997	0.0	1139291	3875.0343565319686	2.85
1278.46356080181	2850	57.270242446663865	0.0	1499009	4916.265897936111	2.85
1283.837605187736	2850	55.89619806073766	0.0	1427478	5374.044385926199	2.85

