138143.12712423786	750	4.0	2.543860366369958	450283	2543.860366369958	-10.18859957539082
138144.38972378298	300	6.737400454876918	0.0	155580	1262.5995451230822	-0.15000000000000002
138145.8385897398	300	9.288534498063877	0.0	139857	1448.8659568130427	0.3
138147.20835051432	300	11.91877372354201	0.0	155432	1369.7607745218677	0.3
138148.36038587108	300	14.766738366776632	0.0	163442	1152.0353567653783	0.3
138149.32481107398	300	17.802313163878573	0.0	126289	964.4252028980571	0.3
138150.40217376928	300	20.72495046857402	0.0	153295	1077.3626953045568	0.3
138151.5877707352	300	23.53935350266576	0.0	173849	1185.596965908255	0.3
138152.57847761008	300	26.548646627776165	0.0	150710	990.7068748895979	0.3
138153.6856702755	300	29.441453962342493	0.0	139105	1107.192665433673	0.3
138154.79060009972	300	32.33652413813971	0.0	141840	1104.9298242027821	0.3
138155.85422041127	300	35.27290382659441	0.0	156148	1063.6203115453002	0.3
138157.18788500648	300	37.9392392313715	0.0	160746	1333.6645952229073	0.3
138158.58551438613	300	40.541609851748895	0.0	179801	1397.629379622612	0.3
138159.79242132563	300	43.33470291223376	0.0	140051	1206.9069395151416	0.3
138160.7346444432	300	46.39247979463412	0.0	138313	942.2231175996355	0.3
138161.7622498653	300	49.36487437254412	0.0	143509	1027.60542209	0.3
138162.83580423894	300	52.29131999889542	0.0	150616	1073.5543736487061	0.3
138164.07626965546	300	55.05085458236012	0.0	165384	1240.4654165352965	0.3
138168.79882910626	750	54.32829513155154	0.0	350713	4722.559450808579	0.3
138172.51241154686	750	54.61471269096688	0.0	386472	3713.582440584659	0.75
138175.5890601591	750	55.5380640787189	0.0	399894	3076.648612247986	0.75
138178.57830329667	750	56.548820941163676	0.0	401853	2989.2431375552196	0.75
138181.1382273519	750	57.98889688594062	0.0	343800	2559.9240552230594	0.75
138184.32884628818	750	58.79827794966942	0.0	359903	3190.6189362711934	0.75
138187.35814076752	750	59.76898347032189	0.0	379700	3029.294479347527	0.75
138191.37178316995	750	59.75534106789173	0.0	425781	4013.6424024301655	0.75
138194.22691520673	750	59.678034698738394	0.0	277716	2077.3063691533316	0.75
138199.64151329352	750	58.26343661193533	0.0	400396	5414.598086803057	0.75
138203.8052428877	750	58.09970701777603	0.0	400508	4163.729594159301	0.75
138207.6321265151	750	58.27282339037711	0.0	358218	3826.8836273989245	0.75
138210.49144360048	750	59.413506304986726	0.0	400322	2859.317085390388	0.75
138213.9334749563	750	59.84266765775933	0.0	369834	3070.838647227391	0.75
138217.85998414434	750	59.91615846972562	0.0	412837	3926.509188033705	0.75
138221.79602523762	750	59.98011737643861	0.0	401088	3436.041093287014	0.75
138224.94556090105	750	59.823221039691724	0.0	365161	2656.8963367468928	0.75
138228.04712851747	750	59.718256894814495	0.0	321064	2604.9641448772213	0.75
138231.006366172	750	59.51743980333652	0.0	361565	2700.81709147798	0.75
138234.82387710316	750	59.60289461926919	0.0	378327	2914.54518406733	0.75
138238.37965843026	750	59.606986829278874	0.0	390680	2995.9077899903214	0.75
138241.11272218745	750	59.96539171923064	0.0	345516	2641.5951100482334	0.75
138244.59706525522	750	59.71745450892009	0.0	384505	3247.937210310547	0.75
138248.7094456164	750	59.60507414775857	0.0	372093	3612.380361161524	0.75
138253.41630594345	750	58.89821382070441	0.0	438281	4706.860327054154	0.75
138257.32179357286	750	58.99272619129107	0.0	398987	3905.487629413344	0.75
138260.6723004438	750	59.642219320361264	0.0	393804	3350.5068709298084	0.75
138266.50941603788	1200	57.80510372627773	0.0	538612	5837.115594083531	0.75
138279.2590621115	2850	49.05545765266971	0.0	1364537	12749.646073608023	1.2000000000000002
138283.35493461826	750	48.95958514591601	0.0	450283	4095.8725067536966	0.75
138287.68774358905	750	48.626776175130516	0.0	398865	4332.808970785495	0.75
138292.71712460724	750	47.59739515694036	0.0	350812	5029.381018190161	0.75
138299.83207401758	750	44.48244574657953	0.0	382355	7114.949410360833	0.75
138303.8012286373	750	44.513291126842816	0.0	411561	3969.154619736715	0.75
138306.58152511436	750	45.73299464979524	0.0	318564	2780.2964770475764	0.75
138307.77161839043	300	48.54290137371383	0.0	153295	1190.093276081412	-0.15000000000000002
138309.2738307689	300	51.04068899525442	0.0	173849	1502.212378459406	0.3
138312.17457736327	750	52.13994240088355	0.0	374758	2900.7465943708776	0.3
138315.04474677562	750	53.26977298852779	0.0	362795	2870.1694123557627	0.75
138318.62321851327	750	53.69130125088367	0.0	353220	3578.4717376441176	0.75
138322.5246864182	750	53.789833345965675	0.0	405134	3901.467904917992	0.75
138327.74948007354	750	52.56503969064296	0.0	386351	5224.793655322721	0.75
138335.36974558147	750	48.94477418270417	0.0	434409	7620.2655079387805	0.75
138340.38209312147	750	47.93242664272118	0.0	337059	5012.347539982988	0.75
138342.0422123001	300	50.27230746410793	0.0	138313	1660.1191786132558	-0.15000000000000002
138343.2945605191	300	53.01995924509659	0.0	143509	1252.348219011339	0.3
138344.9568823912	300	55.35763737298642	0.0	150616	1662.3218721101655	0.3
138346.82175024363	300	57.492769520577056	0.0	165384	1864.8678524093636	0.3
138348.4521147245	300	59.86240503972829	0.0	140881	1630.3644808487747	0.3
138351.46353025586	300	59.834424937378046	0.0	157671	2027.9801023502405	0.3
138354.12844590563	300	59.883184826984696	0.0	157812	1951.240110393355	0.3
138357.21104949026	300	59.58372080436239	0.0	163927	2299.4640226223028	0.3
138359.03065770405	300	59.95648647848471	0.0	137654	1627.2343258776725	0.3
138362.98375914592	300	59.98562270149823	0.0	146754	2970.863776986491	0.3
138367.08065274084	300	59.88872910657349	0.0	153938	4096.893594924737	0.3
138371.82826020167	300	59.14112164573889	0.0	181901	4747.607460834595	0.3
138374.829919674	300	59.539161269883266	0.0	111155	2101.960375855623	0.3
138378.89390020102	300	59.47518074287525	0.0	153605	4063.980527008021	0.3
138383.74779145984	300	58.62128948407153	0.0	149029	4853.891258803721	0.3
138387.53991543042	300	58.829165513466606	0.0	157421	3792.123970604924	0.3
138390.30460739354	300	59.58166695836648	0.0	157488	2747.4985551001205	0.3
138395.09133919195	300	58.7949351599425	0.0	143881	4786.731798423982	0.3
138399.1801593195	300	58.7061150323675	0.0	163444	4088.8201275749993	0.3
138403.1238084254	300	58.76246592650455	0.0	179328	3943.649105862951	0.3
138407.8353693754	300	58.05090497652793	0.0	159914	4711.560949976611	0.3
138412.59569587224	300	57.290578479672504	0.0	131610	4760.326496855431	0.3
138416.99010385855	300	56.89617049335868	0.0	124011	4394.407986313827	0.3
138422.07471354143	300	55.81156081050077	0.0	144254	5084.609682857913	0.3
138425.3937440841	300	56.49253026780678	0.0	149991	3319.0305426939954	0.3
138427.8802596144	300	58.00601473753066	0.0	147968	2486.515530276109	0.3
138431.2241936872	300	58.6620806647328	0.0	161857	3343.934072797864	0.3
138433.59346056532	300	59.934837076494496	0.0	145210	1727.2435882383031	0.3
138435.67997545146	300	59.803591278368	0.0	172312	1631.245798126497	0.3
138438.2734172035	300	59.58300494633919	0.0	167025	2220.5863320288217	0.3
138445.7105091923	750	56.14591295757215	0.0	393804	7437.0919887670325	0.3
138459.25090020814	750	46.605521941724625	0.0	331053	13540.391015847523	0.75
138471.5012904025	1200	38.3551317473632	0.0	550906	12250.390194361427	0.75
138487.2710009207	750	26.585421229165444	0.0	450283	15769.710518197757	0.75
138495.4427279624	300	22.41369418746422	0.0	155580	8171.727041701226	-0.15000000000000002
138499.2953366339	300	22.561085515978295	0.0	139857	3852.6086714859243	0.3
138505.39990787182	300	20.456514278043603	0.0	155432	6104.5712379346905	0.3
138510.17555435735	300	19.680867792501843	0.0	163442	4775.646485541761	0.3
138511.43004205995	300	22.4263800898913	0.0	126289	1254.4877026105437	0.3
138513.0761121332	300	24.780310016680197	0.0	153295	1646.0700732111034	0.3
138514.75269180583	300	27.103730344021525	0.0	173849	1676.579672658671	0.3
138516.06222264637	300	29.794199503461854	0.0	150710	1309.5308405596702	0.3
138517.40433374833	300	32.45208840149552	0.0	139105	1342.1111019663317	0.3
138518.75942381192	300	35.096998337913526	0.0	141840	1355.0900635819996	0.3
138520.17214175424	300	37.68428039559352	0.0	156148	1412.717942320006	0.3
138521.61701737565	300	40.2394047741891	0.0	160746	1444.8756214044163	0.3
138523.22113184797	300	42.63529030187217	0.0	179801	1604.1144723169286	0.3
138524.4783016213	300	45.3781205285361	0.0	140051	1257.1697733360672	0.3
138525.83319936358	300	48.02322278625314	0.0	138313	1354.897742282959	0.3
138527.1735756551	300	50.68284649474084	0.0	143509	1340.3762915123018	0.3
138528.54282855138	300	53.31359359847091	0.0	150616	1369.2528962699355	0.3
138529.98408100635	300	55.87234114349348	0.0	165384	1441.2524549774275	0.3
138531.16966664259	300	58.686755507251064	0.0	140881	1185.5856362424147	0.3
138533.22595648732	300	59.69566301443509	0.0	157671	1491.0924928159766	0.3
138535.5835313364	300	59.82497426586132	0.0	157812	1370.6887485737711	0.3
138537.4136310436	300	59.99836746250075	0.0	163927	1326.606803360572	0.3
138539.27360842735	300	59.73012522257068	0.0	137654	1268.242239930076	0.3
138541.02145328923	300	59.602070363516404	0.0	146754	1128.0548590542776	0.3
138542.26585190283	300	59.87526605813113	0.0	153938	1226.8043053852743	0.3
138544.77110310277	300	59.583937612281645	0.0	181901	1291.328445849484	0.3
138546.230284764	300	59.70830815872469	0.0	111155	875.6294535569543	0.3
138547.9354933928	300	59.81247994812137	0.0	153605	1395.828210603323	0.3
138550.3242287627	300	59.973302472300695	0.0	149029	1339.177475820672	0.3
138552.6993990003	300	59.93949630054638	0.0	157421	1533.8061717543196	0.3
138554.4999135602	300	59.69092105350628	0.0	157488	1248.5752470400962	0.3
138556.10617917843	300	59.598257900829374	0.0	143881	1092.663152676906	0.3
138558.40088629094	300	59.802205577353384	0.0	163444	1296.0523234759864	0.3
138560.34686063614	300	59.61404579926482	0.0	179328	1188.1597780885622	0.3
138564.0493636277	750	59.91154280771878	0.0	365161	3202.502991546037	0.3
138567.19178387342	750	59.53549146419245	0.0	321064	2376.051343526332	0.75
138570.51489079278	750	59.60112245559692	0.0	361565	2934.3690085955245	0.75
138573.55355968527	750	59.607656964736464	0.0	378327	2993.4654908604607	0.75
138577.54220297583	750	59.619013674157564	0.0	390680	3488.643290578907	0.75
138580.9068427832	750	59.848117116578074	0.0	345516	2770.8965575794896	0.75
138584.02496329218	750	59.83592848699284	0.0	384505	3012.188629585233	0.75
138589.5981627421	750	58.26272903706043	0.0	372093	5573.19944993241	0.75
138595.53270967703	750	56.32818210211898	0.0	438281	5934.546934941452	0.75
138601.80766387322	750	54.05322790592189	0.0	398987	6274.954196197095	0.75
138605.66608519465	750	54.194806584513735	0.0	393804	3858.4213214081547	0.75
138609.13093125448	750	54.7299605246978	0.0	331053	3464.846059815926	0.75
138616.4567250811	1850	51.40416669805962	0.0	846370	7325.793826638185	0.75
138624.86478782375	750	46.996103955408124	0.0	450283	8408.062742651502	0.75
138630.36434158267	750	45.49655019651103	0.0	398865	5499.553758897088	0.75
138633.75487122018	750	46.10602055899262	0.0	350812	3390.5296375184103	0.75
138636.66335114514	750	47.19754063402091	0.0	382355	2908.479924971713	0.75
138640.0617223367	750	47.79916944248821	0.0	411561	3398.3711915326994	0.75
138642.68781570153	750	49.17307607763519	0.0	318564	2626.093364853019	0.75
138645.0341839262	750	50.826707852949205	0.0	352642	2346.368224685985	0.75
138648.91711648335	750	50.94377529580793	0.0	437162	3882.932557141279	0.75
138656.08455672723	750	47.77633505192766	0.0	374758	7167.4402438802745	0.75
138663.58969681978	750	44.271194959373	0.0	362795	7505.140092554663	0.75
138664.63102680453	300	47.22986497462563	0.0	141840	1041.3299847473659	-0.15000000000000002
138665.66651682815	300	50.19437495100469	0.0	156148	1035.4900236209328	0.3
138666.921829458	300	52.939062321162915	0.0	160746	1255.3126298417742	0.3
138668.34296453698	300	55.51792724219055	0.0	179801	1421.1350789723558	0.3
138669.66424780275	300	58.196643976387506	0.0	140051	1321.283265803056	0.3
138677.86108188314	750	53.999809896024615	0.0	366214	8196.834080362885	0.3
138681.2442541656	750	54.616637613565935	0.0	360831	3383.172282458679	0.75
138683.77081226718	750	56.09007951196424	0.0	372963	2526.558101601695	0.75
138686.49651654862	750	57.36437523050572	0.0	405596	2725.7042814585216	0.75
138688.9739272609	750	58.88696451823288	0.0	350713	2477.4107122728365	0.75
138690.69906328578	300	59.83884442987633	0.0	157671	1048.120088356548	-0.15000000000000002
138693.40514208007	750	59.538313000984466	0.0	399894	2300.531428891864	0.3
138697.04689084456	750	59.89656423649889	0.0	401853	3141.748764485578	0.75
138700.83388214937	750	59.577216649018155	0.0	343800	2819.34758748073	0.75
138704.40269237658	750	59.79163339407495	0.0	359903	3285.5832549432093	0.75
138708.19918582254	750	59.82000015723763	0.0	379700	2971.6332368373196	0.75
138711.40673789932	750	59.76365422340555	0.0	425781	2556.3459338320745	0.75
138714.7005335482	750	59.99685947046151	0.0	277716	2266.7947529440453	0.75
138718.0217953202	750	59.9597290324091	0.0	400396	2537.1304380524093	0.75
138721.49364008286	750	59.75537231806349	0.0	400508	2704.356714345612	0.75
138725.54898363614	750	59.700028764787334	0.0	358218	3055.3435532761578	0.75
138728.9948324613	750	59.709020153003664	0.0	400322	2991.00861178367	0.75
138732.64433406162	750	59.64268945952095	0.0	369834	2566.3306934827147	0.75
138735.67684059805	750	59.832521644733575	0.0	412837	2810.167814787376	0.75
138739.35760664457	750	59.523807982299616	0.0	401088	3308.713662433963	0.75
138742.45160361863	750	59.537335687318105	0.0	365161	2986.4722949815146	0.75
138745.53860788367	750	59.94809589433014	0.0	321064	2589.2397929879644	0.75
138748.86133097636	750	59.9106165839839	0.0	361565	3037.4793103462393	0.75
138752.4315220878	750	59.94814291945954	0.0	378327	3462.4736645243606	0.75
138756.410102664	750	59.5227113548286	0.0	390680	3925.431564630938	0.75
138763.33137545202	750	56.601438566818835	0.0	345516	6921.2727880097655	0.75
138768.31743059808	750	55.615383420739356	0.0	384505	4986.055146079477	0.75
138773.17330474633	750	54.7595092725034	0.0	372093	4855.874148235964	0.75
138777.85164894408	750	54.08116507473847	0.0	438281	4678.34419776493	0.75
138786.33440402412	750	49.598409994687174	0.0	398987	8482.755080051294	0.75
138793.2235444664	750	46.709269552417716	0.0	393804	6889.140442269457	0.75
138796.9102254579	750	47.02258856095839	0.0	331053	3686.6809914593277	0.75
138807.38874173554	1850	40.54407228327804	0.0	846370	10478.516277680355	0.75
138813.37497899335	750	38.557835025483044	0.0	450283	5986.237257794996	0.75
138815.71511339227	300	40.217700626580076	0.0	155580	2340.134398902973	-0.15000000000000002
138817.75773532144	300	42.17507869741103	0.0	139857	2042.621929169042	0.3
138821.6732039667	300	42.2596100521283	0.0	155432	3915.4686452827304	0.3
138830.487170015	300	37.445644003836634	0.0	163442	8813.966048291666	0.3
138836.735761162	300	35.197052856840564	0.0	126289	6248.591146996069	0.3
138844.29193571862	300	31.640878300224518	0.0	153295	7556.174556616047	0.3
138854.70999323993	300	25.22282077892367	0.0	173849	10418.057521300849	0.3
138863.04613783225	300	20.886676186619344	0.0	150710	8336.144592304325	0.3
138871.36956156962	300	16.563252449227804	0.0	139105	8323.423737391542	0.3
138879.14417364288	300	12.788640375983421	0.0	141840	7774.612073244382	0.3
138883.33031624876	300	12.602497770104288	0.0	156148	4186.142605879134	0.3
138884.76143748165	300	15.171376537219981	0.0	160746	1431.1212328843071	0.3
138885.93020407943	300	18.002609939429398	0.0	179801	1168.7665977905795	0.3
138887.0390101146	300	20.893803904263663	0.0	140051	1108.8060351657373	0.3
138888.04077612638	300	23.892037892451363	0.0	138313	1001.7660118122982	0.3
138889.05468961818	300	26.87812440065188	0.0	143509	1013.9134917994816	0.3
138890.2167901397	300	29.716023879123128	0.0	150616	1162.1005215287548	0.3
138891.4717726518	300	32.46104136704864	0.0	165384	1254.9825120744936	0.3
138892.4784035243	300	35.454410494569856	0.0	140881	1006.6308724787764	0.3
138893.54241005838	300	38.39040396047172	0.0	157671	1064.0065340981346	0.3
138894.59366978236	300	41.339144236481665	0.0	157812	1051.2597239900565	0.3
138895.71687097388	300	44.21594304496612	0.0	163927	1123.2011915155563	0.3
138896.61146242273	300	47.321351596131464	0.0	137654	894.5914488346531	0.3
138897.55531507978	300	50.37749893907091	0.0	146754	943.8526570605538	0.3
138899.9042017391	750	52.02861227975221	0.0	379700	2348.886659318699	0.3
138902.8401448117	750	53.09266920715252	0.0	425781	2935.9430725996967	0.75
138904.58376272194	750	55.349051296883985	0.0	277716	1743.6179102685376	0.75
138907.48006518284	750	56.452748835990015	0.0	400396	2896.3024608939677	0.75
138910.05819740784	750	57.87461661097688	0.0	400508	2578.132225013136	0.75
138912.15965831268	750	59.773155706127504	0.0	358218	2101.4609048493794	0.75
138914.83146516958	750	59.54910460779673	0.0	400322	2224.051098330774	0.75
138917.42770042672	750	59.66936485850737	0.0	369834	2379.739749289351	0.75
138924.67921404765	750	56.41785123759473	0.0	412837	7251.513620912641	0.75
138928.23122032016	750	56.865844965075894	0.0	401088	3552.006272518837	0.75
138930.63730139533	750	58.459763889903655	0.0	365161	2406.0810751722374	0.75
138932.86544535082	750	59.73424015037867	0.0	321064	2225.523739524986	0.75
138936.8978103036	750	59.57436778198994	0.0	361565	3159.87236838873	0.75
138940.043724778	750	59.762656836982515	0.0	378327	2811.7109450074217	0.75
138944.57898478347	750	59.22739683151893	0.0	390680	4535.260005463583	0.75
138949.07838049813	750	58.72800111684195	0.0	345516	4499.395714676981	0.75
138952.66477991722	750	59.14160169775925	0.0	384505	3586.3994190827016	0.75
138955.901856528	750	59.830692726664225	0.0	372093	2810.9089710950284	0.75
138965.8339499535	750	53.898599301189954	0.0	438281	9932.093425474268	0.75
138972.1665129421	750	51.56603631259714	0.0	398987	6332.562988592813	0.75
138975.5186260702	750	52.213923184483875	0.0	393804	3352.113128113266	0.75
138978.3479788809	750	53.38457037378913	0.0	331053	2829.3528106947424	0.75
138983.78156327238	1850	51.950985982292686	0.0	846370	5433.5843914964435	0.75
138987.06460511847	750	52.66794413618377	0.0	450283	3283.0418461089225	0.75
138990.14500241217	750	53.587546842502014	0.0	398865	3080.3972936817504	0.75
138993.2092230656	750	54.52332618906794	0.0	350812	3064.220653434082	0.75
138996.21982360331	750	55.512725651383434	0.0	382355	3010.6005376845014	0.75
138999.0703992233	750	56.66215003139012	0.0	411561	2850.5756199933166	0.75
139001.6289595262	750	58.10358972849815	0.0	318564	2558.56030289197	0.75
139004.1961600121	750	59.5363892425879	0.0	352642	2567.2004859102462	0.75
139010.15635202822	750	57.57619722645955	0.0	437162	5960.192016128354	0.75
139013.37011925963	750	58.3624299950636	0.0	374758	3213.767231395951	0.75
139016.19113164835	750	59.54141760636742	0.0	362795	2821.01238869618	0.75
139019.9243277303	750	59.80822152441191	0.0	353220	3733.196081955506	0.75
139023.93664041828	750	59.79590883642336	0.0	405134	4012.3126879885567	0.75
139028.48877013754	750	59.24377911717957	0.0	386351	4552.1297192437905	0.75
139032.39636137593	750	59.336187878797546	0.0	434409	3907.591238382025	0.75
139036.17032720672	750	59.56222204800685	0.0	337059	3273.965830790693	0.75
139039.3347398361	750	59.956834892512894	0.0	366214	3105.3871554939524	0.75
139041.9599264684	750	59.87325431328116	0.0	360831	2583.580579231741	0.75
139045.60437598825	750	59.99633257989868	0.0	372963	2876.9217333824813	0.75
139049.8551672356	750	59.64520084946028	0.0	405596	3351.1317304383965	0.75
139053.7358917274	750	59.7644763576166	0.0	350713	3380.7244918436795	0.75
139057.18368444507	750	59.76627200316084	0.0	386472	2998.204354455759	0.75
139060.64325317612	750	59.62078181925149	0.0	399894	3145.490183909353	0.75
139064.34192675844	750	59.922108236936865	0.0	401853	3198.6735823146196	0.75
139067.616024936	750	59.78643521287112	0.0	343800	2635.6730240657507	0.75
139070.4547026723	750	59.78180892149007	0.0	359903	2504.6262913810465	0.75
139074.4164380064	750	59.5874669768662	0.0	379700	3694.34194462386	0.75
139078.10728896584	750	59.896616017425636	0.0	425781	3190.8509594405664	0.75
139080.948667339	750	59.76004900532922	0.0	277716	2136.5670120964105	0.75
139084.29195518314	750	59.88631076376406	0.0	400396	2873.738241565164	0.75
139088.22344124274	750	59.95482470418066	0.0	400508	2931.4860595833975	0.75
139091.81460450962	750	59.73226090182292	0.0	358218	2722.5638023577417	0.75
139096.3986950216	750	59.14817038985679	0.0	400322	4584.09051196613	0.75
139099.97833769757	750	59.568527713878126	0.0	369834	3579.642675978662	0.75
139104.06396094256	750	59.482904468888805	0.0	412837	4085.6232449893214	0.75
139107.62826435736	750	59.918601054099156	0.0	401088	3064.3034147896483	0.75
139110.8286452562	750	59.75204026081933	0.0	365161	2666.5607932798307	0.75
139113.75420538525	750	59.67117024908517	0.0	321064	2580.8700117341473	0.75
139117.42968584338	750	59.99568979094967	0.0	361565	3175.480458135508	0.75
139121.46216918886	750	59.96320644547088	0.0	378327	3532.4833454787895	0.75
139125.27275809884	750	59.764238950935514	0.0	390680	3198.967494535368	0.75
139128.10180545735	750	59.71102597940235	0.0	345516	2553.2129715331585	0.75
139131.95497092314	750	59.85786051362076	0.0	384505	2853.165465781594	0.75
139135.34212909976	750	59.59878135167448	0.0	372093	3259.0791619462757	0.75
139139.27113950948	750	59.669770941949274	0.0	438281	3929.010409725202	0.75
139143.363802019	750	59.57710843240823	0.0	398987	3592.6625095410395	0.75
139149.6816929179	1200	57.259217533539626	0.0	638661	6317.890898868609	0.75
139154.89687031767	1200	56.04404013375811	0.0	538612	5215.177399781521	1.2
139165.34125982027	2850	49.59965063114275	0.0	1364537	10444.389502615355	1.2000000000000002
139169.05147562077	750	49.88943483066358	0.0	450283	3710.2158004791677	0.75
139171.58221087782	750	51.3586995736166	0.0	398865	2530.735257046982	0.75
139174.0756892446	750	52.865221206865755	0.0	350812	2493.478366750848	0.75
139177.2908884548	750	53.650021996673324	0.0	382355	3215.199210192425	0.75
139180.23391539263	750	54.70699505882509	0.0	411561	2943.0269378482326	0.75
139182.8716669319	750	56.069243519554355	0.0	318564	2637.751539270737	0.75
139186.15380785617	750	56.78710259527787	0.0	352642	3282.140924276484	0.75
139190.41728527864	750	56.523625172803484	0.0	437162	4263.4774224743915	0.75
139193.08769664867	750	57.85321380279738	0.0	374758	2670.4113700061043	0.75
139196.45058320282	750	58.49032724864001	0.0	362795	3362.8865541573673	0.75
139200.3764881943	750	58.56442225714482	0.0	353220	3925.904991495187	0.75
139208.94903933533	750	53.99187111613202	0.0	405134	8572.5511410128	0.75
139212.96447978838	750	53.976430663068776	0.0	386351	4015.440453063239	0.75

