1637.816613431486	750	4.0	1.661300867963679	450283	1661.300867963679	-6.393593732243819
1639.9473737374672	750	5.86923969401893	0.0	398865	2130.7603059810704	0.75
1641.5298466309996	750	8.28676680048661	0.0	350812	1582.472893532321	0.75
1643.3456662682986	750	10.470947163187551	0.0	382355	1815.8196372990585	0.75
1645.0885638773823	750	12.728049554103947	0.0	411561	1742.8976090836047	0.75
1649.5231280753617	1200	12.293485356124515	0.0	520315	4434.564197979432	0.75
1656.7438705029408	1200	9.072742928545402	0.0	561791	7220.742427579113	1.2
1659.4549983030424	750	10.36161512844373	0.0	437162	2711.1278001016703	0.3
1661.5391571754114	750	12.277456256074682	0.0	374758	2084.158872369049	0.75
1663.9870245716168	750	13.82958885986956	0.0	362795	2447.8673962051207	0.75
1666.63520916632	750	15.181404265166238	0.0	353220	2648.184594703322	0.75
1669.78951333475	750	16.02710009673625	0.0	405134	3154.3041684299897	0.75
1672.2564421407258	750	17.560171290760472	0.0	386351	2466.9288059757773	0.75
1674.647058600412	750	19.169554831074244	0.0	434409	2390.6164596862263	0.75
1675.9947016963636	750	21.821911735122622	0.0	337059	1347.6430959516201	0.75
1678.6584549553174	1200	23.15815847616869	0.0	587876	2663.753258953933	0.75
1682.1535994331894	1200	23.663013998297014	0.0	617242	3495.1444778716755	1.2
1685.1478414324688	1200	24.66877199901755	0.0	581493	2994.2419992794626	1.2
1689.3225556160776	1200	24.494057815408773	0.0	639204	4174.714183608776	1.2
1694.297246582889	1200	23.519366848597194	0.0	586839	4974.690966811582	1.2
1701.795772133535	1200	20.02084129795118	0.0	601738	7498.525550646016	1.2
1706.951673369237	1200	18.86494006224917	0.0	616206	5155.901235702012	1.2
1711.3705770370752	1200	18.446036394410775	0.0	656471	4418.903667838393	1.2
1713.4426168909804	750	20.37399654050565	0.0	343800	2072.039853905122	0.3
1715.3556785097906	750	22.460934921695554	0.0	359903	1913.061618810099	0.75
1717.293287335476	750	24.52332609601016	0.0	379700	1937.6088256853939	0.75
1721.9015757733098	1200	23.9150376581764	0.0	696376	4608.2884378337585	0.75
1723.412760381979	1200	26.403853049507017	0.0	487160	1511.1846086693827	1.2
1726.2211313206067	1200	27.595482110879512	0.0	622896	2808.3709386275045	1.2
1728.7253656576122	1200	29.09124777387398	0.0	641447	2504.234337005531	1.2
1732.9464514712338	1850	28.870161960252393	0.0	873429	4221.085813621586	1.2000000000000002
1738.9358884478208	1850	26.880724983665278	0.0	954453	5989.436976587117	1.85
1743.8538779506675	1850	25.962735480818615	0.0	885062	4917.989502846664	1.85
1750.188230991297	1850	23.62838244018936	0.0	1035329	6334.353040629257	1.85
1755.7318076281092	1850	22.08480580337719	0.0	1026056	5543.576636812169	1.85
1759.467815649636	1850	22.34879778185053	0.0	943942	3736.008021526662	1.85
1762.1257214227023	1850	23.690892008784086	0.0	728962	2657.9057730664417	1.85
1764.9978692644447	1850	24.818744167041498	0.0	938587	2872.147841742587	1.85
1768.7188763203462	1850	25.09773711113997	0.0	908665	3721.007055901529	1.85
1774.9123676044348	1850	22.90424582705127	0.0	930577	6193.491284088702	1.85
1778.2826253050398	1850	23.533988126446367	0.0	858450	3370.2577006049023	1.85
1782.4481859331866	1850	23.36842749829969	0.0	1025005	4165.560628146681	1.85
1785.739198495783	1850	24.077414935703008	0.0	886255	3291.012562596678	1.85
1789.6344004780572	1850	24.182212953429072	0.0	973972	3895.2019822739358	1.85
1793.557853459933	1850	24.258759971552983	0.0	958994	3923.452981876089	1.85
1805.5675512436364	2850	16.249062187849646	0.0	1483527	12009.69778370334	1.85
1818.8106805369	2850	7.00593289458614	0.0	1231456	13243.129293263504	2.85
1821.4316641640748	1200	8.384949267411224	0.0	550906	2620.983627174916	-0.44999999999999996
1823.3505939966565	750	10.46601943482978	0.0	450283	1918.9298325814432	0.75
1825.941325799855	750	11.875287631631293	0.0	398865	2590.731803198487	0.75
1828.547590079932	750	13.269023351554319	0.0	350812	2606.2642800769763	0.75
1830.705545517393	750	15.111067914093491	0.0	382355	2157.955437460826	0.75
1832.7166978891769	750	17.099915542309407	0.0	411561	2011.1523717840823	0.75
1834.187069340868	750	19.629544090618438	0.0	318564	1470.3714516909693	0.75
1836.6751039164426	1200	21.1415095150438	0.0	561791	2488.0345755746403	0.75
1839.6074761096638	1200	22.209137321822617	0.0	709534	2932.3721932211824	1.2
1841.877991735471	1200	23.938621696015417	0.0	584846	2270.515625807202	1.2
1844.1466797415685	1200	25.669933689917926	0.0	560821	2268.6880060974904	1.2
1847.8526836818992	1850	25.963929749587056	0.0	939819	3706.0039403308674	1.2000000000000002
1851.4193568809528	1850	26.397256550533477	0.0	917428	3566.6731990535786	1.85
1854.6795341601457	1850	27.137079271340415	0.0	946851	3260.177279193064	1.85
1862.1220578693603	1850	23.694555562125935	0.0	1036454	7442.52370921448	1.85
1867.840038144618	1850	21.976575286868442	0.0	821631	5717.980275257489	1.85
1875.1937237970656	1850	18.62288963442055	0.0	923170	7353.685652447893	1.85
1882.6946931990058	1850	15.121920232480651	0.0	966699	7500.9694019398985	1.85
1887.605689268838	1200	14.210924162648338	0.0	581493	4910.996069832313	0.5499999999999999
1890.0559699052158	750	15.760643526270393	0.0	405596	2450.280636377945	0.3
1892.1072321781246	750	17.709381253361574	0.0	350713	2051.262272908817	0.75
1894.3951987712517	750	19.42141466023469	0.0	386472	2287.966593126887	0.75
1897.0282284667683	750	20.788384964718	0.0	399894	2633.0296955166873	0.75
1899.6596214203566	750	22.156992011129574	0.0	401853	2631.392953588424	0.75
1903.4612880759796	1200	22.355325355506615	0.0	536667	3801.6666556229625	0.75
1908.1530781794256	1200	21.663535252060683	0.0	587236	4691.790103445932	1.2
1912.821211369012	1200	20.99540206247424	0.0	590335	4668.133189586442	1.2
1918.0448775004088	1200	19.77173593107741	0.0	696376	5223.6661313968325	1.2
1921.525701490789	1200	20.29091194069715	0.0	487160	3480.823990380256	1.2
1926.4384619327006	1200	19.378151498785584	0.0	622896	4912.760441911565	1.2
1930.4764426076001	1200	19.340170823886105	0.0	641447	4037.980674899477	1.2
1935.2083255948767	1200	18.60828783660939	0.0	570392	4731.882987276716	1.2
1938.5507949001048	1200	19.26581853138113	0.0	620283	3342.469305228261	1.2
1941.490824215912	1200	20.325789215573895	0.0	584349	2940.0293158072336	1.2
1944.2630291263267	1200	21.553584305159216	0.0	670129	2772.204910414677	1.2
1947.150868031244	1200	22.665745400241864	0.0	690253	2887.8389049173534	1.2
1949.4441580998425	1200	24.37245533164338	0.0	598727	2293.290068598484	1.2
1951.5943591531236	1200	26.22225427836232	0.0	487812	2150.2010532810614	1.2
1955.802649693863	1850	26.01396373762284	0.0	938587	4208.290540739477	1.2000000000000002
1959.6695089914667	1850	26.147104440019028	0.0	908665	3866.8592976038126	1.85
1962.848847923062	1850	26.967765508423746	0.0	930577	3179.338931595284	1.85
1965.824356489829	1850	27.99225694165671	0.0	858450	2975.508566767036	1.85
1970.3859210172384	1850	27.430692414247364	0.0	1025005	4561.564527409344	1.85
1978.568701522734	1850	23.247911908751856	0.0	886255	8182.780505495508	1.85
1982.9063282593345	1850	22.91028517215143	0.0	973972	4337.626736600424	1.85
1990.5600963450674	1850	19.256517086418267	0.0	958994	7653.768085733164	1.85
1996.3955924526788	1850	17.421020978806997	0.0	982064	5835.49610761127	1.85
2000.6006943006425	1850	17.215919130843314	0.0	830730	4205.101847963682	1.85
2013.058508107648	2850	8.758105323837889	0.0	1364537	12457.813807005426	1.85
2014.1516144919956	750	11.66499893949024	0.0	450283	1093.1063843476493	0.75
2015.0290573098332	750	14.787556121652834	0.0	398865	877.4428178374053	0.75
2016.2086984763464	1200	17.60791495513953	0.0	571051	1179.6411665133019	0.75
2017.5125868836349	1200	20.30402654785107	0.0	617681	1303.8884072884607	1.2
2019.5614164640035	1850	22.255196967482252	0.0	996749	2048.829580368817	1.2000000000000002
2021.7991474743378	2850	24.01746595714785	0.0	1224260	2237.7310103344075	1.85
2024.3726938961058	2850	25.443919535379862	0.0	1388403	2573.5464217679846	2.85
2027.5457162182763	2850	26.270897213209118	0.0	1638769	3173.0223221707456	2.85
2031.7729591436023	2850	26.043654287883133	0.0	1348011	4227.242925325988	2.85
2034.3878935567102	2850	27.42871987477543	0.0	1429765	2614.9344131077023	2.85
2036.9127210404995	2850	28.903892390986183	0.0	1354548	2524.8274837892463	2.85
2039.7276799135052	2850	30.08893351798044	0.0	1519951	2814.9588730057444	2.85
2046.5237627026975	4300	27.29285072878834	0.0	2209463	6796.082789192102	2.8499999999999996
2055.6247742509304	4300	22.191839180555267	0.0	2275376	9101.011548233071	4.3
2061.143846632619	2850	20.67276679886649	0.0	1231445	5519.072381688775	1.4000000000000001
2067.149934817044	2850	18.666678614441476	0.0	1471065	6006.088184425014	2.85
2072.4638114060617	1850	17.35280202542375	0.0	966699	5313.876589017726	0.8500000000000001
2076.9306680679915	1850	16.885945363493914	0.0	885714	4466.856661929835	1.85
2081.3425015017506	1850	16.474111929734633	0.0	987708	4411.833433759278	1.85
2085.5042745705055	1850	16.31233886097974	0.0	923755	4161.773068754894	1.85
2090.654487796699	1850	15.162125634786202	0.0	891604	5150.2132261935385	1.85
2094.0900622642403	1200	15.72655116724512	0.0	616206	3435.574467541083	0.5499999999999999
2097.0103387838813	1200	16.806274647604084	0.0	656471	2920.2765196410323	1.2
2099.6949997470388	1200	18.12161368444668	0.0	536667	2684.660963157406	1.2
2102.9191874525354	1200	18.897425978949876	0.0	587236	3224.1877054968018	1.2
2107.022275518329	1200	18.79433791315681	0.0	590335	4103.088065793065	1.2
2112.4965049593347	1200	17.32010847215093	0.0	696376	5474.22944100588	1.2
2117.3960696294894	1200	16.42054380199597	0.0	487160	4899.564670154962	1.2
2121.2125429194143	1200	16.60407051207113	0.0	622896	3816.4732899248434	1.2
2126.0249909332115	1200	15.79162249827389	0.0	641447	4812.44801379724	1.2
2128.317115984016	750	17.499497447469754	0.0	358218	2292.1250508041394	0.3
2132.8400593221845	750	16.976554109300984	0.0	400322	4522.943338168768	0.75
2135.7043972988918	750	18.11221613259375	0.0	369834	2864.3379767072333	0.75
2137.866980158778	750	19.949633272707636	0.0	412837	2162.5828598861144	0.75
2139.1859698129524	750	22.630643618533302	0.0	401088	1318.9896541743358	0.75
2141.710287231113	1200	24.10632620037296	0.0	598727	2524.3174181603426	0.75
2144.4459253612804	1200	25.370688070205336	0.0	487812	2735.638130167624	1.2
2146.362485472582	1200	27.454127958903474	0.0	575591	1916.5601113018602	1.2
2149.7369291701434	1850	28.07968426134257	0.0	908665	3374.443697560901	1.2000000000000002
2155.348048522568	1850	26.468564908917564	0.0	930577	5611.119352425008	1.85
2160.776505722163	1850	25.040107709322754	0.0	858450	5428.45719959481	1.85
2168.952021654974	1850	20.86459177651199	0.0	1025005	8175.515932810767	1.85
2176.1222402934636	1850	17.69437313802235	0.0	886255	7170.218638489638	1.85
2181.2030661746976	1850	16.613547256788586	0.0	973972	5080.825881233766	1.85
2185.447549124934	1200	16.369064306551877	0.0	630203	4244.482950236708	0.5499999999999999
2188.4910202618726	1200	17.32559316961349	0.0	638661	3043.4711369383863	1.2
2192.746093154656	1850	17.07052027682999	0.0	830730	4255.072892783502	1.2000000000000002
2200.2530089210463	2850	13.563604510440006	0.0	1364537	7506.915766389983	1.85
2202.291256505999	750	15.525356925486879	0.0	450283	2038.24758495313	0.75
2205.6501273320246	1200	16.16648609946154	0.0	611087	3358.870826025337	0.75
2208.498128036985	1200	17.318485394501433	0.0	571051	2848.0007049601086	1.2
2211.8346800571135	1200	17.98193337437261	0.0	617681	3336.5520201288223	1.2
2215.1869795429525	1200	18.62963388853369	0.0	652874	3352.2994858389216	1.2
2218.8241280978423	1200	18.992485333643895	0.0	520315	3637.1485548897954	1.2
2224.981083418554	1200	16.83553001293226	0.0	561791	6156.955320711632	1.2
2230.2658559987535	1200	15.550757432733024	0.0	709534	5284.7725801992365	1.2
2233.8914174902193	1200	15.925195941267242	0.0	584846	3625.5614914657817	1.2
2239.1352070090747	1200	14.681406422411554	0.0	560821	5243.789518855689	1.2
2243.1131670016184	1200	14.703446429867848	0.0	607410	3977.959992543707	1.2
2245.6416204272937	750	16.174993004192626	0.0	405134	2528.453425675221	0.3
2247.302643979105	750	18.5139694523813	0.0	386351	1661.023551811322	0.75
2249.354929256725	750	20.461684174761512	0.0	434409	2052.2852776197915	0.75
2251.433083152038	750	22.383530279448458	0.0	337059	2078.1538953130553	0.75
2253.2782451761836	750	24.53836825530304	0.0	366214	1845.1620241454164	0.75
2255.4145347456383	750	26.402078685848316	0.0	360831	2136.2895694547256	0.75
2259.569350791005	1200	26.247262640481654	0.0	581493	4154.816045366661	0.75
2264.8000032144246	1200	25.016610217062347	0.0	639204	5230.652423419309	1.2
2273.6462974862407	1200	20.170315945246408	0.0	586839	8846.29427181594	1.2
2284.256586778236	1200	13.560026653250775	0.0	601738	10610.28929199563	1.2
2290.5433745188257	750	11.273238912661185	0.0	399894	6286.7877405895915	0.3
2297.269220904459	750	8.54739252702829	0.0	401853	6725.846385632897	0.75
2298.170938876974	300	11.645674554513246	0.0	137654	901.7179725150434	-0.15000000000000002
2298.8431232682988	300	14.973490163188451	0.0	146754	672.1843913247948	0.3
2299.6167282132888	300	18.199885218198396	0.0	153938	773.6049449900554	0.3
2300.9065723932863	300	20.91004103820077	0.0	181901	1289.8441799976279	0.3
2305.4995851943213	750	20.317028237165797	0.0	277716	4593.012801034973	0.3
2309.9869254320274	750	19.82968799945993	0.0	400396	4487.340237705863	0.75
2311.5618428954062	750	22.25477053608091	0.0	400508	1574.9174633790235	0.75

