1642.5028664966148	750	4.0	1.661300867963679	450283	1661.300867963679	-6.393593732243819
1644.633626802596	750	5.86923969401893	0.0	398865	2130.7603059810704	0.75
1646.2160996961284	750	8.28676680048661	0.0	350812	1582.472893532321	0.75
1648.0319193334274	750	10.470947163187551	0.0	382355	1815.8196372990585	0.75
1649.774816942511	750	12.728049554103947	0.0	411561	1742.8976090836047	0.75
1651.638528229031	750	14.86433826758396	0.0	318564	1863.7112865199865	0.75
1656.2759394405718	750	14.226927056043001	0.0	352642	4637.411211540959	0.75
1661.6884311293172	750	12.814435367297698	0.0	437162	5412.491688745303	0.75
1664.0058855949162	750	14.496980901698668	0.0	374758	2317.4544655990285	0.75
1666.077484405936	750	16.42538209067903	0.0	362795	2071.5988110196395	0.75
1668.3984381049022	750	18.10442839171276	0.0	353220	2320.9536989662706	0.75
1671.3587585149205	750	19.144107981694365	0.0	405134	2960.320410018395	0.75
1674.4063163666913	750	20.096550129923358	0.0	386351	3047.5578517710055	0.75
1677.1570356929726	750	21.345830803642038	0.0	434409	2750.71932628132	0.75
1679.0831534045315	750	23.419713092083047	0.0	337059	1926.1177115589937	0.75
1680.609777440108	750	25.89308905650644	0.0	366214	1526.6240355766065	0.75
1682.2274844415458	750	28.275382055068743	0.0	360831	1617.7070014376977	0.75
1683.9712308065896	750	30.531635690025006	0.0	372963	1743.746365043735	0.75
1687.5959901347244	1200	30.90687636189018	0.0	639204	3624.7593281348277	0.75
1690.7243616156106	1200	31.778504881004142	0.0	586839	3128.3714808860395	1.2
1694.7331455316246	1200	31.76972096499018	0.0	601738	4008.7839160139592	1.2
1700.85541857771	1200	29.647447918904884	0.0	616206	6122.273046085298	1.2
1708.664088219851	1200	25.838778276763904	0.0	656471	7808.66964214098	1.2
1712.369578865688	1200	26.133287630926866	0.0	536667	3705.4906458370397	1.2
1716.3564217292824	1200	26.14644476733254	0.0	587236	3986.842863594322	1.2
1719.7633098806782	1200	26.73955661593665	0.0	590335	3406.888151395893	1.2
1723.9513228683181	1200	26.551543628296898	0.0	696376	4188.0129876397505	1.2
1726.7298995296076	1200	27.772966967007363	0.0	487160	2778.5766612895345	1.2
1728.61539955542	1200	29.88746694119484	0.0	622896	1885.5000258125212	1.2
1731.5633363124768	1200	30.93953018413816	0.0	641447	2947.936757056682	1.2
1733.9106603463147	1200	32.59220615030019	0.0	570392	2347.324033837969	1.2
1736.821038478001	1200	33.68182801861417	0.0	620283	2910.378131686018	1.2
1740.872492346598	1200	33.6303741500172	0.0	584349	4051.4538685969737	1.2
1744.5525951360432	1200	33.95027136057193	0.0	670129	3680.1027894452664	1.2
1748.4500680572671	1200	34.05279843934775	0.0	690253	3897.472921224187	1.2
1751.806997089656	1200	34.695869406959	0.0	598727	3356.9290323887512	1.2
1755.1487998604523	1200	35.354066636162884	0.0	487812	3341.80277079612	1.2
1758.7267192212746	1200	35.776147275340584	0.0	575591	3577.9193608222986	1.2
1761.395238763831	1200	37.1076277327842	0.0	605884	2668.5195425563793	1.2
1763.6795092802122	1200	38.82335721640299	0.0	587506	2284.2705163812097	1.2
1765.8727286434214	1200	40.63013785319385	0.0	566904	2193.2193632091357	1.2
1768.1694655736515	1200	42.33340092296358	0.0	641452	2296.736930230273	1.2
1769.8924974766696	1200	44.610369019945274	0.0	599477	1723.0319030183034	1.2
1773.8672006163572	1850	44.63566588025787	0.0	973972	3974.7031396874086	1.2000000000000002
1782.1297049170996	2850	40.37316157951542	0.0	1464921	8262.504300742443	1.85
1788.0611679473047	2850	38.44169854931034	0.0	1483527	5931.4630302050855	2.85
1792.6397633984145	2850	37.863103098200476	0.0	1231456	4578.59545110986	2.85
1798.2112731357674	2850	36.29159336084739	0.0	1364537	5571.50973735308	2.85
1800.0162207097076	750	38.48664578690743	0.0	450283	1804.9475739399634	0.75
1803.2489795806466	1200	39.2538869159685	0.0	611087	3232.758870938932	0.75
1818.6141695916408	1850	27.888696904974292	0.0	877771	15365.190010994207	1.2000000000000002
1821.3457334360396	750	29.157133060575426	0.0	382355	2731.5638443988655	-0.3500000000000001
1823.7110281129696	750	30.79183838364543	0.0	411561	2365.2946769299942	0.75
1825.220914429024	750	33.281952067590915	0.0	318564	1509.8863160545122	0.75
1826.91324697495	750	35.58961952166513	0.0	352642	1692.3325459257956	0.75
1828.9017794580516	750	37.60108703856344	0.0	437162	1988.5324831016858	0.75
1832.874102512612	1200	37.62876398400292	0.0	584846	3972.323054560518	0.75
1836.151910544422	1200	38.35095595219288	0.0	560821	3277.8080318100497	1.2
1839.0054621837353	1200	39.49740431287944	0.0	607410	2853.55163931344	1.2
1841.6389387574632	1200	40.86392773915172	0.0	594078	2633.4765737277207	1.2
1844.322191132698	1200	42.18067536391692	0.0	624282	2683.252375234799	1.2
1846.9274875570684	1200	43.575378939546404	0.0	687371	2605.2964243705133	1.2
1849.04868370226	1200	45.45418279435476	0.0	526950	2121.196145191648	1.2
1852.726579169083	1850	45.77628732753193	0.0	923170	3677.8954668228266	1.2000000000000002
1856.4515478835685	1850	46.051318613046206	0.0	966699	3724.968714485723	1.85
1859.3140772738202	1850	47.18878922279447	0.0	885714	2862.529390251737	1.85
1870.0120174640201	2850	40.490849032594646	0.0	1537156	10697.940190199817	1.85
1880.3307892640858	2850	34.172077232528885	0.0	1336050	10318.771800065759	2.85
1885.9392337272977	1200	32.56363276931684	0.0	601738	5608.444463212046	-0.44999999999999996
1889.8428145961877	1200	32.660051900426716	0.0	616206	3903.5808688901207	1.2
1894.7538122549722	1200	31.749054241642305	0.0	656471	4910.997658784414	1.2
1897.7874142507387	1200	32.7154522458758	0.0	536667	3033.601995766505	1.2
1901.4608253977217	1200	33.042041098892696	0.0	587236	3673.4111469831046	1.2
1903.7489312343184	750	34.7539352622959	0.0	379700	2288.105836596802	0.3
1906.6654621531063	750	35.837404343508254	0.0	425781	2916.530918787636	0.75
1908.8862180922679	750	37.61664840434664	0.0	277716	2220.7559391616182	0.75
1912.0948286645698	750	38.408037832044705	0.0	400396	3208.6105723019327	0.75
1915.4531551854477	750	39.0497113111668	0.0	400508	3358.3265208779076	0.75
1919.8661343138865	1200	38.63673218272807	0.0	570392	4412.979128438733	0.75
1924.4871161828112	1200	38.01575031380348	0.0	620283	4620.981868924585	1.2
1927.3550705307728	750	39.14779596584184	0.0	369834	2867.9543479616373	0.3
1930.5046271035624	750	39.99823939305212	0.0	412837	3149.5565727897238	0.75
1933.166974876763	750	41.335891619851594	0.0	401088	2662.347773200521	0.75
1935.5153671855453	750	42.98749931106933	0.0	365161	2348.3923087822664	0.75
1939.5270602691253	1200	42.97580622748935	0.0	487812	4011.6930835799717	0.75
1943.0591956287378	1200	43.443670867876754	0.0	575591	3532.1353596126023	1.2
1946.001344244897	1200	44.50152225171774	0.0	605884	2942.1486161590174	1.2
1948.6943377223417	1200	45.80852877427282	0.0	587506	2692.9934774449143	1.2
1950.9093171840886	1200	47.59354931252585	0.0	566904	2214.9794617469774	1.2
1953.526836562645	1200	48.97602993396978	0.0	641452	2617.5193785560773	1.2
1957.3208992004684	1850	49.181967296146475	0.0	886255	3794.0626378233023	1.2000000000000002
1961.7140005325366	1850	48.788865964078305	0.0	973972	4393.101332068167	1.85
1965.5076565104316	1850	48.99520998618333	0.0	958994	3793.655977894974	1.85
1969.0220895934542	1850	49.48077690316057	0.0	982064	3514.4330830227677	1.85
1977.1957546526307	4300	45.307111843984146	0.0	1961140	8173.665059176418	1.8499999999999996
1993.0692440011087	4300	33.43362249550624	0.0	2155012	15873.489348477904	4.3
1996.487758347354	750	34.01510814926114	0.0	450283	3418.5143462451024	0.75
2000.1395100843476	1200	34.36335641226758	0.0	611087	3651.7517369935686	0.75
2003.0574066026918	1200	35.44545989392333	0.0	571051	2917.8965183442465	1.2
2006.0843935262449	1200	36.41847297037018	0.0	617681	3026.9869235531432	1.2
2010.466236482733	1200	36.03663001388216	0.0	652874	4381.8429564880225	1.2
2017.9631078288069	1200	32.53975866780815	0.0	520315	7496.871346074007	1.2
2018.9304430842706	750	35.57242341234462	0.0	352642	967.3352554635281	0.3
2019.9044892160446	750	38.59837728057047	0.0	437162	974.0461317741577	0.75
2020.7208567924001	750	41.78200970421478	0.0	374758	816.3675763556801	0.75
2021.8695913120062	1200	44.63327518460873	0.0	560821	1148.7345196060535	0.75
2023.1726699136848	1200	47.33019658293023	0.0	607410	1303.0786016784991	1.2
2025.0537144891023	1850	49.4491520075125	0.0	917428	1881.0445754177247	1.2000000000000002
2027.6243888486583	2850	50.878477647956544	0.0	1422919	2570.674359555957	1.85
2031.8139229059236	4300	50.68894359069149	0.0	2275376	4189.53405726505	2.8499999999999996
2037.346155757221	4300	49.15671073939423	0.0	2005399	5532.232851297262	4.3
2041.2768533698204	4300	49.226013126794825	0.0	2152483	3930.6976125994074	4.3
2045.5943026769344	4300	48.90856381968084	0.0	2289689	4317.449307113977	4.3
2052.290431976688	4300	46.212434519927264	0.0	2059512	6696.129299753581	4.3
2061.4764917799985	4300	41.02637471661638	0.0	2220726	9186.05980331088	4.3
2070.529508724415	4300	35.97335777220035	0.0	2156729	9053.016944416027	4.3
2077.843519701111	2850	32.65934679550436	0.0	1415116	7314.010976695991	1.4000000000000001
2082.6137254886276	1850	31.889141007987547	0.0	955231	4770.2057875168175	0.8500000000000001
2086.854353978248	1850	31.64851251836702	0.0	968026	4240.628489620526	1.85
2090.806472639186	1850	31.696393857429424	0.0	874175	3952.118660937599	1.85
2096.2083731803973	1850	30.29449331621775	0.0	897976	5401.900541211672	1.85
2099.2883102813935	1200	31.214556215221506	0.0	590335	3079.937100996246	0.5499999999999999
2102.4401809696383	1200	32.062685526976864	0.0	696376	3151.870688244641	1.2
2104.914590290346	1200	33.58827620626909	0.0	487160	2474.409320707768	1.2
2108.432275430175	1200	34.07059106644047	0.0	622896	3517.685139828623	1.2
2112.739127339318	1200	33.76373915729693	0.0	641447	4306.8519091435355	1.2
2117.493958264406	1200	33.00890823220955	0.0	570392	4754.830925087383	1.2
2123.272169171039	1200	31.230697325576205	0.0	620283	5778.210906633342	1.2
2125.2781473404207	750	33.22471915619476	0.0	369834	2005.978169381445	0.3
2128.4272660229863	750	34.07560047362931	0.0	412837	3149.118682565452	0.75
2133.219140537998	1200	33.283725958617445	0.0	690253	4791.874515011862	0.75
2139.0310816962265	1200	31.471784800389237	0.0	598727	5811.941158228213	1.2
2141.667445332058	750	32.835421164557616	0.0	321064	2636.3636358316166	0.3
2143.0794198042904	750	35.423446692325086	0.0	361565	1411.9744722325268	0.75
2144.430523197302	750	38.072343299313545	0.0	378327	1351.1033930115454	0.75
2145.822501508455	750	40.680364988160775	0.0	390680	1391.9783111527638	0.75
2149.153864475492	1200	41.34900202112386	0.0	566904	3331.362967036918	0.75
2151.3548633716523	1200	43.14800312496351	0.0	641452	2200.998896160349	1.2
2154.6072677057405	1850	43.895598790875	0.0	886255	3252.4043340885137	1.2000000000000002
2160.457761566563	1850	42.04510493005242	0.0	973972	5850.493860822576	1.85
2166.506903397944	1850	39.9959630986717	0.0	958994	6049.141831380716	1.85
2174.438379319349	1850	36.06448717726608	0.0	982064	7931.475921405627	1.85
2183.138298214486	2850	31.364568282129582	0.0	1231456	8699.918895136496	1.85
2191.1505535038464	2850	27.352312992769026	0.0	1364537	8012.255289360558	2.85
2193.373938247826	750	29.12892824878935	0.0	450283	2223.3847439796755	0.75
2195.406350935508	750	31.09651556110716	0.0	398865	2032.412687682192	0.75
2197.148923074166	750	33.353943422449376	0.0	350812	1742.5721386577848	0.75
2199.4487372596086	750	35.0541292370067	0.0	382355	2299.814185442675	0.75
2202.9254499187596	1200	35.57741657785572	0.0	652874	3476.7126591509723	0.75
2205.8654062728356	1200	36.63746022377985	0.0	520315	2939.9563540758736	1.2
2208.458717496895	1200	38.04414899972015	0.0	561791	2593.3112240596947	1.2
2212.372451065766	1200	38.1304154308491	0.0	709534	3913.7335688710496	1.2
2215.2302451029173	1200	39.27262139369792	0.0	584846	2857.794037151181	1.2
2218.407469341233	1200	40.0953971553824	0.0	560821	3177.2242383155162	1.2
2221.422909364508	1200	41.079957132107175	0.0	607410	3015.4400232752205	1.2
2228.1259138427117	1200	38.376952653903786	0.0	594078	6703.004478203396	1.2
2233.312132096078	1200	37.19073440053722	0.0	624282	5186.218253366571	1.2
2237.4517052936926	1200	37.051161202922586	0.0	687371	4139.57319761463	1.2
2241.566659111112	1200	36.936207385503096	0.0	526950	4114.953817419488	1.2
2246.503591375413	1200	35.99927512120206	0.0	587876	4936.932264301038	1.2
2248.6533772463813	750	37.849489250234015	0.0	360831	2149.785870968043	0.3
2250.9247744619515	750	39.57809203466368	0.0	372963	2271.397215570332	0.75
2252.6496273875364	750	41.85323910907896	0.0	405596	1724.8529255847232	0.75
2254.3210227003324	750	44.18184379628272	0.0	350713	1671.395312796236	0.75
2256.6732623516523	750	45.82960414496295	0.0	386472	2352.2396513197723	0.75
2259.9782638458664	1200	46.524602650748534	0.0	616206	3305.001494214408	0.75
2264.457542452624	1200	46.045324043991336	0.0	656471	4479.278606757203	1.2
2268.4705212970375	1200	46.032345199577165	0.0	536667	4012.978844414164	1.2
2276.229470353346	1200	42.27339614326834	0.0	587236	7758.949056308829	1.2
2287.929570768876	1200	34.57329572773873	0.0	590335	11700.100415529609	1.2
2297.8628982559885	1200	28.63996824062632	0.0	696376	9933.327487112412	1.2
2302.582078833464	750	27.920787663150698	0.0	277716	4719.180577475622	0.3
2303.461236778574	300	31.041629718040582	0.0	153605	879.157945110116	-0.15000000000000002
2304.142601290988	300	34.360265205627	0.0	149029	681.3645124135822	0.3
2304.9786814428735	300	37.524185053741135	0.0	157421	836.0801518858651	0.3
2310.4623565460647	750	36.04050995054965	0.0	400322	5483.6751031914855	0.3
2314.7629813348995	750	35.73988516171492	0.0	369834	4300.6247888347225	0.75
2316.503438148128	750	37.999428348486035	0.0	412837	1740.4568132288903	0.75

