17385.728258046667	750	4.0	15.797987384245365	450283	15797.987384245365	-67.18134575225507
17389.489876620668	300	4.238381426000782	0.0	155580	3761.6185739992175	-0.15000000000000002
17391.019692507645	300	6.708565539023683	0.0	139857	1529.8158869770998	0.3
17393.002454521276	300	8.725803525393273	0.0	155432	1982.762013630411	0.3
17394.929828186414	300	10.798429860255215	0.0	163442	1927.3736651380568	0.3
17398.81181237022	300	10.916445676451254	0.0	126289	3881.984183803962	0.3
17400.997953444235	300	12.730304602435531	0.0	153295	2186.141074015722	0.3
17402.817348968292	300	14.910909078376621	0.0	173849	1819.3955240589114	0.3
17404.950526821165	300	16.777731225503825	0.0	150710	2133.177852872798	0.3
17406.546200189863	300	19.18205785680817	0.0	139105	1595.6733686956513	0.3
17408.077227112663	300	21.651030934008276	0.0	141840	1531.026922799897	0.3
17409.81936468933	300	23.908893357337508	0.0	156148	1742.1375766707692	0.3
17411.36180058706	300	26.366457459612533	0.0	160746	1542.4358977249706	0.3
17412.917136894444	300	28.81112115222408	0.0	179801	1555.3363073884564	0.3
17414.424923773036	300	31.30333427363613	0.0	140051	1507.786878587947	0.3
17415.443974034384	300	34.284284012289476	0.0	138313	1019.0502613466516	0.3
17416.45972172065	300	37.26853632602081	0.0	143509	1015.7476862686653	0.3
17419.26975760935	750	38.45850043732301	0.0	372963	2810.035888697801	0.3
17423.589036758345	750	38.13922128832741	0.0	405596	4319.279148995603	0.75
17428.96891145812	750	36.759346588551054	0.0	350713	5379.874699776362	0.75
17431.965195323763	750	37.763062722909346	0.0	386472	2996.2838656417107	0.75
17435.195957968608	750	38.53230007806251	0.0	399894	3230.762644846828	0.75
17438.27742948385	750	39.45082856282063	0.0	401853	3081.4715152418757	0.75
17440.330399663875	750	41.39785838279166	0.0	343800	2052.9701800289804	0.75
17442.28225982603	750	43.445998220637655	0.0	359903	1951.8601621540074	0.75
17444.77065920148	750	44.957598845189565	0.0	379700	2488.3993754480807	0.75
17448.818032039235	1200	44.910226007433614	0.0	696376	4047.3728377559537	0.75
17451.68419745608	1200	46.04406059059001	0.0	487160	2866.165416843609	1.2
17455.243907398893	1200	46.48435064777782	0.0	622896	3559.7099428121846	1.2
17459.028922197187	1200	46.69933584948494	0.0	641447	3785.014798292882	1.2
17461.786803461742	1200	47.94145458492727	0.0	570392	2757.8812645576727	1.2
17464.491792580848	1200	49.23646546582061	0.0	620283	2704.989119106665	1.2
17466.851277416867	1200	50.87698062980078	0.0	584349	2359.48483601983	1.2
17469.88906604081	1200	51.83919200585733	0.0	670129	3037.7886239434424	1.2
17474.124177391215	1850	51.604080655452634	0.0	1026056	4235.111350404693	1.2000000000000002
17479.40091162526	1850	50.32734642140969	0.0	943942	5276.734234042941	1.85
17484.346307881817	1850	49.38195016485096	0.0	728962	4945.396256558733	1.85
17491.649111549727	1850	46.07914649693956	0.0	938587	7302.803667911404	1.85
17499.13567668246	1850	42.59258136420765	0.0	908665	7486.565132731908	1.85
17503.923183551433	1850	41.8050744952358	0.0	930577	4787.506868971855	1.85
17508.246806556293	1850	41.48145149037805	0.0	858450	4323.623004857751	1.85
17513.475951924993	1850	40.252306121676895	0.0	1025005	5229.1453687011535	1.85
17516.973491321154	1200	40.75476672551701	0.0	599477	3497.539396159891	0.5499999999999999
17521.3468320675	1200	40.38142597917229	0.0	634861	4373.340746344715	1.2
17526.49569584792	1200	39.23256219874782	0.0	630203	5148.863780424473	1.2
17533.17774646834	1850	36.5505115783303	0.0	982064	6682.050620417514	1.2000000000000002
17538.417495381324	1850	35.31076266534641	0.0	830730	5239.748912983894	1.85
17547.800468872803	2850	29.927789173863502	0.0	1364537	9382.97349148291	1.85
17553.38027477229	750	28.347983274375952	0.0	450283	5579.805899487549	0.75
17557.91352720203	750	27.81473084463821	0.0	398865	4533.252429737744	0.75
17560.34990100238	750	29.37835704428435	0.0	350812	2436.373800353862	0.75
17562.96111043088	750	30.76714761578886	0.0	382355	2611.209428495486	0.75
17565.117608352553	750	32.61064969411409	0.0	411561	2156.4979216747706	0.75
17566.97505789639	750	34.75320015027662	0.0	318564	1857.4495438374731	0.75
17572.47382273523	750	33.254435311434925	0.0	352642	5498.764838841698	0.75
17579.020393027713	750	30.707865018953264	0.0	437162	6546.57029248166	0.75
17581.85198115025	750	31.876276896418286	0.0	374758	2831.5881225349776	0.75
17583.894769990748	750	33.83348805591892	0.0	362795	2042.7888404993648	0.75
17585.724770006604	750	36.00348804006172	0.0	353220	1830.0000158571986	0.75
17588.091432122237	750	37.63682592442666	0.0	405134	2366.662115635062	0.75
17591.622766545777	750	38.105491500887965	0.0	386351	3531.3344235386976	0.75
17594.01035449387	750	39.71790355279785	0.0	434409	2387.587948090112	0.75
17595.869948844276	750	41.858309202387844	0.0	337059	1859.5943504100069	0.75
17598.906565395155	1200	42.821692651510254	0.0	587876	3036.616550877586	0.75
17601.648981789756	1200	44.07927625690849	0.0	617242	2742.4163946017557	1.2
17604.15139550254	1200	45.57686254412555	0.0	581493	2502.4137127829426	1.2
17606.834676686165	1200	46.89358136050198	0.0	639204	2683.2811836235624	1.2
17609.46002256655	1200	48.26823548011736	0.0	586839	2625.3458803846206	1.2
17613.399400034446	1850	48.32885801222004	0.0	891604	3939.3774678973273	1.2000000000000002
17617.439529474654	1850	48.28872857201281	0.0	955231	4040.1294402072276	1.85
17621.203300327972	1850	48.5249577186938	0.0	968026	3763.7708533190066	1.85
17625.04620043598	1850	48.682057610685355	0.0	874175	3842.9001080084436	1.85
17629.703723004208	1850	48.02453504246056	0.0	897976	4657.522568224789	1.85
17633.85442791726	1850	47.87383012940754	0.0	905935	4150.704913053025	1.85
17638.537440225547	1850	47.190817821117705	0.0	1076599	4683.012308289831	1.85
17642.148304617014	1850	47.57995342965121	0.0	758197	3610.864391466491	1.85
17649.07123259762	1850	44.657025449047325	0.0	972798	6922.927980603891	1.85
17663.318536452018	1850	34.40972159464813	0.0	975811	14247.30385439919	1.85
17669.477269420906	1200	32.25098862575867	0.0	570392	6158.7329688894615	0.5499999999999999
17674.228332543433	750	31.499925503232298	0.0	400322	4751.063122526371	0.3
17678.086757827332	750	31.6415002193352	0.0	369834	3858.4252838970974	0.75
17681.684006448722	750	32.04425159794093	0.0	412837	3597.2486213942702	0.75
17685.87457404901	750	31.853683997657768	0.0	401088	4190.567600283161	0.75
17690.9032232759	750	30.825034770766663	0.0	365161	5028.649226891106	0.75
17695.52350454827	750	30.20475349839806	0.0	321064	4620.281272368605	0.75
17700.86425226027	750	28.864005786398476	0.0	361565	5340.74771199958	0.75
17706.60444698504	750	27.12381106162973	0.0	378327	5740.194724768746	0.75
17710.46746267472	750	27.26079537195187	0.0	390680	3863.0156896778617	0.75
17713.298671139546	750	28.42958690712505	0.0	345516	2831.20846482682	0.75
17716.928599820796	750	28.799658225874	0.0	384505	3629.928681251048	0.75
17720.248373078393	750	29.479884968276348	0.0	372093	3319.7732575976543	0.75
17724.791685076096	750	28.93657297057485	0.0	438281	4543.311997701498	0.75
17727.448254207447	750	30.280003839223	0.0	398987	2656.569131351852	0.75
17729.89534473066	750	31.83291331600847	0.0	393804	2447.090523214529	0.75
17732.755088414273	1200	32.97316963239421	0.0	538612	2859.7436836142574	0.75
17740.200120281646	2850	29.528137765019494	0.0	1364537	7445.031867374712	1.2000000000000002
17745.33901135237	750	28.389246694294755	0.0	450283	5138.891070724741	0.75
17748.252168603438	750	29.47608944322717	0.0	398865	2913.157251067584	0.75
17750.08598107382	750	31.642276972847302	0.0	350812	1833.8124703798678	0.75
17752.576186640774	750	33.15207140589185	0.0	382355	2490.2055669554456	0.75
17755.706795475864	750	34.021462570802264	0.0	411561	3130.6088350895875	0.75
17757.87742139853	750	35.85083664813398	0.0	318564	2170.6259226682937	0.75
17760.114418169924	750	37.61383987674343	0.0	352642	2236.996771390552	0.75
17765.47464292607	1200	36.25361512059736	0.0	709534	5360.224756146073	0.75
17768.96466721912	1200	36.76359082754802	0.0	584846	3490.0242930493337	1.2
17772.818249642467	1200	36.91000840420193	0.0	560821	3853.5824233460976	1.2
17777.17002050269	1200	36.55823754397582	0.0	607410	4351.770860226107	1.2
17781.294268530273	1200	36.43398951639478	0.0	594078	4124.248027581033	1.2
17785.177681889963	1200	36.55057615670438	0.0	624282	3883.4133596903966	1.2
17789.114830162926	1200	36.61342788374306	0.0	687371	3937.148272961326	1.2
17791.4960098938	1200	38.23224815287036	0.0	526950	2381.1797308726927	1.2
17794.35620262624	1200	39.372055420426655	0.0	587876	2860.192732443715	1.2
17797.1795082467	1200	40.54874979996627	0.0	617242	2823.3056204603827	1.2
17799.732899111495	1200	41.995358935172305	0.0	581493	2553.3908647939616	1.2
17802.434847318596	1200	43.293410728069574	0.0	639204	2701.9482071027337	1.2
17804.73466169501	1200	44.99359635166088	0.0	586839	2299.8143764086967	1.2
17808.936069902695	1850	44.79218814397303	0.0	891604	4201.408207687848	1.2000000000000002
17813.940784827486	1850	43.78747321918491	0.0	955231	5004.714924788119	1.85
17818.071139269243	1850	43.6571187774265	0.0	968026	4130.354441758411	1.85
17822.272633462504	1850	43.455624584166635	0.0	874175	4201.494193259859	1.85
17828.739901711248	1850	40.98835633542339	0.0	897976	6467.268248743243	1.85
17838.901128489983	1850	34.82712955669039	0.0	905935	10161.226778733002	1.85
17853.32523520191	1850	24.40302284476316	0.0	1076599	14424.106711927227	1.85
17861.88245155086	1850	19.84580649581176	0.0	758197	8557.216348951397	1.85
17866.142191120125	750	19.586066926544795	0.0	400396	4259.739569266965	-0.3500000000000001
17870.358981096982	750	19.369276949685773	0.0	400508	4216.789976859021	0.75
17872.603835835875	300	21.12442221079557	0.0	157421	2244.854738890205	-0.15000000000000002
17875.044856198543	300	22.68340184812882	0.0	157488	2441.0203626667458	0.3
17876.947271367993	300	24.78098667867738	0.0	143881	1902.4151694514435	0.3
17879.28641362956	300	26.441844417108122	0.0	163444	2339.142261569258	0.3
17882.1196458115	300	27.608612235168184	0.0	179328	2833.2321819399385	0.3
17884.447936200882	300	29.280321845786666	0.0	159914	2328.2903893815164	0.3
17886.06859415064	300	31.65966389603167	0.0	131610	1620.657949754999	0.3
17888.353302247862	300	33.37495579880728	0.0	124011	2284.7080972243884	0.3
17890.60153957343	300	35.12671847324222	0.0	144254	2248.2373255650564	0.3
17892.73206211082	300	36.99619593585192	0.0	149991	2130.522537390295	0.3
17895.03852788349	300	38.68973016317888	0.0	147968	2306.4657726730416	0.3
17897.57013777607	300	40.15812027060149	0.0	161857	2531.6098925773854	0.3
17899.915403422474	300	41.8128546241968	0.0	145210	2345.2656464046954	0.3
17902.318149687846	300	43.41010835882517	0.0	172312	2402.746265371631	0.3
17904.779828137187	300	44.94842990948588	0.0	167025	2461.6784493392884	0.3
17909.212629744485	750	44.51562830218704	0.0	393804	4432.801607298842	0.3
17915.475105467554	1200	42.25315257911917	0.0	538612	6262.475723067872	0.75
17944.313861275987	2850	17.41439677068797	0.0	1364537	28838.755808431197	1.2000000000000002

