10826.638458351561	750	4.0	1.932744951541337	450283	1932.744951541337	-7.5608032916277494
10829.716981917165	1200	4.921476434397357	0.0	611087	3078.5235656026425	0.75
10831.74469206067	1200	6.893766290893255	0.0	571051	2027.7101435041027	1.2
10833.680618061362	1200	8.95784029020107	0.0	617681	1935.9260006921845	1.2
10835.921114931893	1200	10.717343419670527	0.0	652874	2240.4968705305428	1.2
10837.567922522689	1200	13.070535828874803	0.0	520315	1646.807590795725	1.2
10840.401067899726	1850	14.23739045183617	0.0	905515	2833.1453770386333	1.2000000000000002
10843.624870236034	1850	15.013588115529252	0.0	1060487	3223.8023363069183	1.85
10845.822957056405	1850	16.815501295158615	0.0	852833	2198.086820370638	1.85
10849.479072014972	2850	17.159386336590952	0.0	1429765	3656.114958567661	1.85
10852.782415197076	2850	17.85604315448668	0.0	1354548	3303.3431821042745	2.85
10856.523872714486	2850	18.114585637076154	0.0	1519951	3741.457517410529	2.85
10860.16681252824	2850	18.47164582332251	0.0	1422919	3642.9398137536446	2.85
10864.077042241657	2850	18.56141610990538	0.0	1578343	3910.2297134171276	2.85
10867.524009432555	2850	19.114448919007557	0.0	1231445	3446.9671908978235	2.85
10872.427551594594	2850	18.210906756967045	0.0	1471065	4903.542162040513	2.85
10876.52296043844	2850	18.115497913122493	0.0	1491626	4095.4088438445497	2.85
10880.819144914343	2850	17.81931343721729	0.0	1358801	4296.184475905205	2.85
10885.28557324186	2850	17.35288510970146	0.0	1537156	4466.428327515831	2.85
10889.581620086694	2850	17.056838264866663	0.0	1336050	4296.046844834796	2.85
10893.474313341354	2850	17.164145010208056	0.0	1415116	3892.6932546586054	2.85
10897.680220291259	2850	16.95823806030253	0.0	1468126	4205.906949905524	2.85
10901.326792947555	2850	17.311665404006455	0.0	1505760	3646.5726562960767	2.85
10904.768121471781	2850	17.870336879779344	0.0	1323990	3441.3285242271063	2.85
10908.336365871428	2850	18.302092480132647	0.0	1383735	3568.244399646696	2.85
10911.80007028495	2850	18.83838806661086	0.0	1480464	3463.7044135217875	2.85
10915.929699451974	2850	18.708758899586446	0.0	1547572	4129.629167024414	2.85
10919.04980061344	2850	19.58865773811998	0.0	1141971	3120.1011614664662	2.85
10925.581885097043	2850	17.056573254516188	0.0	1498470	6532.084483603793	2.85
10929.02000162497	2850	17.61845672659009	0.0	1561263	3438.116527926101	2.85
10932.494222147006	2850	18.14423620455303	0.0	1341201	3474.2205220370547	2.85
10936.473236756807	2850	18.16522159475247	0.0	1497683	3979.0146098005603	2.85
10940.549661168941	2850	18.08879718261825	0.0	1358081	4076.4244121342203	2.85
10944.502461051761	2850	18.135997299797477	0.0	1587293	3952.7998828207733	2.85
10947.724883191433	2850	18.9135751601268	0.0	1492672	3222.422139670674	2.85
10951.251413027867	2850	19.387045323691744	0.0	1439896	3526.529836435057	2.85
10953.695090596295	2850	20.94336775526499	0.0	1139291	2443.677568426755	2.85
10958.067389343842	2850	20.571069007718478	0.0	1499009	4372.2987475465125	2.85
10962.649120656246	2850	19.98933769531324	0.0	1427478	4581.731312405239	2.85
10965.952131802824	2850	20.686326548735256	0.0	1402287	3303.011146577984	2.85
10969.38913778304	2850	21.249320568516616	0.0	1339500	3437.0059802186365	2.85
10973.173534860518	2850	21.464923491040498	0.0	1527299	3784.3970774761196	2.85
10978.937315248999	4300	19.70114310255816	0.0	2121928	5763.78038848234	2.8499999999999996
10983.90895058897	4300	18.729507762587854	0.0	2219102	4971.635339970302	4.3
10990.231133105899	4300	16.407325245658964	0.0	2124950	6322.1825169288895	4.3
10995.270028292276	4300	15.368430059281739	0.0	2246506	5038.895186377226	4.3
10999.742603682063	4300	14.895854669494565	0.0	1961140	4472.575389787172	4.3
11005.806381345585	4300	12.832077005972947	0.0	2155012	6063.77766352162	4.3
11007.351392378754	750	15.28706597280294	0.0	450283	1545.0110331700055	0.75
11012.233978699185	2850	14.404479652372029	0.0	1431809	4882.586320430912	0.75
11016.315134689805	2850	14.323323661751918	0.0	1300868	4081.155990620111	2.85
11021.300973745276	2850	13.337484606280713	0.0	1520281	4985.839055471205	2.85
11026.423406305248	2850	12.215052046307543	0.0	1472558	5122.432559973169	2.85
11033.139497905056	2850	9.498960446498312	0.0	1224260	6716.0915998092305	2.85
11036.709082467125	1850	9.929375884428897	0.0	905515	3569.584562069417	0.8500000000000001
11042.532066077418	1850	8.106392274136445	0.0	1060487	5822.983610292452	1.85
11047.176337470532	1850	7.462120881023543	0.0	852833	4644.271393112902	1.85
11049.30147520156	1200	9.336983149994401	0.0	560821	2125.137731029142	0.5499999999999999
11051.04543913519	1200	11.593019216363912	0.0	607410	1743.9639336304888	1.2
11052.9281107193	1200	13.710347632253658	0.0	594078	1882.6715841102546	1.2
11055.620856139554	1850	15.01760221200013	0.0	946851	2692.7454202535287	1.2000000000000002
11058.542808724222	1850	16.095649627333817	0.0	1036454	2921.9525846663105	1.85
11061.134069332613	1850	17.504389018942792	0.0	821631	2591.260608391025	1.85
11068.724770631987	2850	13.913687719568061	0.0	1471065	7590.701299374729	1.85
11076.755637855691	2850	9.88282049586407	0.0	1491626	8030.867223703989	2.85
11081.787609881245	1850	8.850848470311252	0.0	885714	5031.972025552818	0.8500000000000001
11083.930812103785	1850	10.707646247770441	0.0	987708	2143.20222254081	1.85
11086.664485134808	1850	11.973973216747071	0.0	923755	2733.67303102337	1.85
11089.181605968815	1850	13.456852382738655	0.0	891604	2517.120834008416	1.85
11092.457220270675	1850	14.181238080880519	0.0	955231	3275.614301858135	1.85
11095.353360839094	1850	15.285097512461544	0.0	968026	2896.140568418976	1.85
11099.129802199473	2850	15.508656152081468	0.0	1323990	3776.441360380076	1.85
11102.490657422935	2850	16.14780092862014	0.0	1383735	3360.8552234613303	2.85
11107.24526461654	2850	15.393193735015716	0.0	1480464	4754.60719360442	2.85
11111.230429172047	2850	15.40802917950948	0.0	1547572	3985.1645555062364	2.85
11114.203744118922	2850	16.434714232634356	0.0	1141971	2973.3149468751244	2.85
11118.907021722596	2850	15.731436628960033	0.0	1498470	4703.277603674324	2.85
11129.412898228878	2850	9.225560122677646	0.0	1561263	10505.876506282388	2.85
11160.866275180537	2850	4.0	22.227816828981794	1341201	31453.37695165944	-92.72961236462172
11168.737875541583	300	4.0	3.8716003610452834	157488	7871.6003610452835	-18.897881552494717
11175.93916750294	300	4.0	3.201291961357544	143881	7201.291961357544	-13.465555433837439
11182.382923299227	300	4.0	2.443755796288018	163444	6443.755796288018	-10.208149924038477
11189.584935462944	300	4.0	3.202012163716908	179328	7202.012163716908	-13.468652303982703
11198.133184527267	300	4.0	4.548249064322486	159914	8548.249064322486	-19.25747097658669

