1.9174375092063	750	4.0	1.9174375092063	450283	1917.4375092063	-7.4949812895870895
4.0231813386002315	1200	5.894256170606068	0.0	611087	2105.7438293939313	0.75
6.442539173403713	1200	7.474898335802587	0.0	571051	2419.3578348034816	1.2
8.710889455600613	1200	9.206548053605687	0.0	617681	2268.3502821969	1.2
11.222173321282666	1200	10.695264187923634	0.0	652874	2511.283865682053	1.2
12.998824142852483	1200	12.918613366353817	0.0	520315	1776.6508215698184	1.2
16.63738163802583	1850	13.280055871180473	0.0	905515	3638.5574951733443	1.2000000000000002
19.460450910650405	1850	14.456986598555899	0.0	1060487	2823.0692726245748	1.85
22.308045217407155	1850	15.609392291799152	0.0	852833	2847.594306756748	1.85
26.127040768395158	1850	15.790396740811145	0.0	913888	3818.995550988006	1.85
29.26564735282747	1850	16.651790156378834	0.0	939819	3138.6065844323116	1.85
32.94337188004655	1850	16.974065629159753	0.0	917428	3677.7245272190808	1.85
37.368261044432685	1850	16.549176464773616	0.0	946851	4424.889164386136	1.85
44.175672531878654	2850	13.741764977327646	0.0	1578343	6807.41148744597	1.85
47.92662876632644	1850	13.990808742879864	0.0	821631	3750.956234447782	0.8500000000000001
52.54847323631952	1850	13.36896427288678	0.0	923170	4621.844469993085	1.85
57.134558716816585	1850	12.782878792389717	0.0	966699	4586.085480497064	1.85
60.76910467644191	1850	13.148332832764387	0.0	885714	3634.5459596253286	1.85
65.00703958975647	1850	12.91039791944983	0.0	987708	4237.934913314557	1.85
68.29433522924047	1850	13.623102279965831	0.0	923755	3287.2956394839985	1.85
71.23203974758835	1850	14.685397761617958	0.0	891604	2937.704518347873	1.85
74.51716128212364	1850	15.40027622708268	0.0	955231	3285.1215345352784	1.85
77.85269096482088	1850	16.06474654438543	0.0	968026	3335.529682697251	1.85
81.50640093355408	1850	16.411036575652236	0.0	874175	3653.709968733189	1.85
84.52357761503542	1850	17.393859894170895	0.0	897976	3017.1766814813423	1.85
86.69050054249725	1850	19.226936966709072	0.0	905935	2166.922927461821	1.85
89.8978708569124	1850	20.01956665229392	0.0	1076599	3207.3703144151496	1.85
93.92474005182109	2850	19.992697457385223	0.0	1141971	4026.8691949086974	1.85
100.53473618238151	2850	17.382701326824815	0.0	1498470	6609.996130560407	2.85
106.6575557023031	2850	15.259881806903216	0.0	1561263	6122.819519921598	2.85
112.85635632984793	2850	13.061081179358391	0.0	1341201	6198.800627544826	2.85
117.08426869467367	1850	12.833168814532659	0.0	954453	4227.912364825731	0.8500000000000001
121.89803812885361	1850	12.019399380352707	0.0	885062	4813.76943417995	1.85
128.59065654194336	1850	9.326780967262962	0.0	1035329	6692.6184130897445	1.85
148.4859319598528	1850	4.0	10.56849445064646	1026056	19895.275417909423	-43.59452613777977
153.3947866804721	750	4.0	0.9088547206192906	365161	4908.854720619291	-4.25807529866295
155.2204262747954	300	6.174360405676697	0.0	131610	1825.639594323303	-0.15000000000000002
157.15355598922693	300	8.241230691245129	0.0	124011	1933.12971443157	0.3
159.72023266896062	300	9.674554011511445	0.0	144254	2566.6766797336827	0.3
161.266691612225	300	12.12809506824705	0.0	149991	1546.458943264395	0.3
162.98434777157246	300	14.410438908899582	0.0	147968	1717.6561593474669	0.3
165.29802289122915	300	16.096763789242893	0.0	161857	2313.675119656691	0.3
166.6210802124913	300	18.773706467980762	0.0	145210	1323.0573212621284	0.3
170.52627915352042	750	18.868507526951657	0.0	438281	3905.1989410291058	0.3
174.21727842012265	750	19.177508260349423	0.0	398987	3690.999266602235	0.75
181.52778954638165	1200	15.866997134090424	0.0	638661	7310.511126259001	0.75
194.07128789597883	1200	7.323498784493226	0.0	538612	12543.498349597197	1.2
209.63490205911546	1200	4.0	8.240115378643413	550906	15563.614163136639	-34.23249612816667
210.65548050727284	750	6.97942155184263	0.0	450283	1020.5784481573696	0.75
211.0113305938881	300	10.623571465227396	0.0	155580	355.85008661523483	-0.15000000000000002
211.3393031196867	300	14.295598939428793	0.0	139857	327.97252579860464	0.3
211.69489079588402	300	17.94001126323147	0.0	155432	355.58767619732095	0.3
213.06446341635615	1200	20.57043864275932	0.0	652874	1369.5726204721523	0.29999999999999993
216.66645129270356	4300	20.968450766411912	0.0	1941625	3601.987876347408	1.1999999999999997
224.0584446214794	4300	17.57645743763609	0.0	2157535	7391.9933287758195	4.3
229.18240485620632	4300	16.45249720290915	0.0	2290172	5123.960234726938	4.3
233.29976863985883	4300	16.335133419256664	0.0	2055469	4117.363783652488	4.3
237.10821087870218	4300	16.526691180413298	0.0	2169201	3808.442238843366	4.3
240.8867612015563	4300	16.748140857559164	0.0	2173522	3778.5503228541324	4.3
244.48949784708574	4300	17.145404212029742	0.0	2102452	3602.7366455294223	4.3
248.31779584375496	4300	17.317106215360504	0.0	2209463	3828.2979966692365	4.3
252.74854693873908	4300	16.886355120376393	0.0	2275376	4430.751094984113	4.3
256.3141532196311	4300	17.32074883948433	0.0	2005399	3565.6062808920624	4.3
260.3953954659042	4300	17.239506593211306	0.0	2152483	4081.2422462730265	4.3
264.6717251763664	4300	16.963176882749103	0.0	2289689	4276.329710462203	4.3
268.57347751188485	4300	17.06142454723067	0.0	2059512	3901.7523355184358	4.3
272.77045970245615	4300	16.864442356659374	0.0	2220726	4196.982190571291	4.3
276.74452792620485	4300	16.890374132910654	0.0	2156729	3974.0682237487204	4.3
280.6785741559428	4300	16.956327903172703	0.0	2039773	3934.046229737952	4.3
284.81065822408266	4300	16.824243835032785	0.0	2176469	4132.084068139919	4.3
289.67973100494606	4300	15.955171054169394	0.0	2221506	4869.072780863392	4.3
293.8058061356146	4300	15.829095923500878	0.0	2044075	4126.075130668517	4.3
297.938108803799	4300	15.696793255316422	0.0	2186790	4132.302668184457	4.3
301.92507062733466	4300	15.70983143178083	0.0	2105231	3986.961823535593	4.3
306.722395286217	4300	14.912506772898448	0.0	2395588	4797.32465888238	4.3
310.7063532254447	4300	14.928548833670797	0.0	1972048	3983.957939227651	4.3
315.13583739302163	4300	14.499064666093876	0.0	2134614	4429.48416757692	4.3
319.5541268503224	4300	14.080775208793078	0.0	2164140	4418.289457300798	4.3
323.6014590281349	4300	14.033443030980532	0.0	2113193	4047.332177812547	4.3
327.7539769933109	4300	13.880925065804552	0.0	2147852	4152.517965175979	4.3
331.4945407139431	4300	14.140361345172407	0.0	2191074	3740.5637206321458	4.3
335.44779688953577	4300	14.187105169579663	0.0	2286761	3953.2561755927445	4.3
339.6850896690528	4300	13.949812390062643	0.0	2307787	4237.29277951702	4.3
343.8698778392126	4300	13.765024219902863	0.0	2143948	4184.788170159781	4.3
347.893212201413	4300	13.741689857702468	0.0	1919781	4023.334362200394	4.3
352.3033974006806	4300	13.331504658434898	0.0	2147467	4410.185199267569	4.3
356.97973871837115	4300	12.655163340744345	0.0	2133870	4676.341317690553	4.3
361.6356481081285	4300	11.99925395098695	0.0	2146120	4655.909389757394	4.3
366.4685130632073	4300	11.1663889959082	0.0	2108491	4832.864955078748	4.3
371.66282717374787	4300	9.972074885367567	0.0	2184571	5194.314110540634	4.3
376.9736949084976	4300	8.66120715061786	0.0	2121928	5310.867734749707	4.3
380.54863560383905	2850	9.086266455276386	0.0	1587250	3574.9406953414755	1.4000000000000001
384.15902405366995	2850	9.475878005445516	0.0	1464921	3610.388449830868	2.85
388.7959609578123	2850	8.838941101303117	0.0	1483527	4636.936904142401	2.85
393.4538843468578	2850	8.181017712257596	0.0	1231456	4657.923389045521	2.85
400.69850631309515	2850	4.93639574602029	0.0	1364537	7244.621966237306	2.85
402.3235210319046	750	7.31138102721083	0.0	450283	1625.0147188094595	0.75
405.0171775515295	1200	8.617724507585887	0.0	611087	2693.6565196249444	0.75
407.59895337542616	1200	10.03594868368924	0.0	571051	2581.775823896646	1.2
410.1674578794871	1200	11.46744417962835	0.0	617681	2568.5045040608898	1.2
412.40983987517006	1200	13.225062183945335	0.0	652874	2242.3819956830152	1.2
415.7487514972135	1850	13.886150561901905	0.0	801058	3338.9116220434307	1.2000000000000002
419.3393767317151	1850	14.295525327400306	0.0	905515	3590.625234501598	1.85
422.9657950173271	1850	14.66910704178835	0.0	1060487	3626.418285611958	1.85
425.7997324526434	1850	15.835169606472009	0.0	852833	2833.93743531634	1.85
428.7161806843291	1850	16.9187213747863	0.0	913888	2916.448231685707	1.85
431.8229467013546	1850	17.811955357760777	0.0	939819	3106.766017025525	1.85
434.4434140532713	1850	19.191488005844143	0.0	917428	2620.4673519166345	1.85
438.68578619635764	2850	18.949115862757825	0.0	1422919	4242.372143086315	1.85
443.3849089262966	2850	18.24999313281889	0.0	1578343	4699.122729938937	2.85
446.83477672281026	2850	18.800125336305193	0.0	1231445	3449.867796513695	2.85
450.9572509342017	2850	18.677651124913794	0.0	1471065	4122.474211391401	2.85
454.11994420664973	2850	19.51495785246577	0.0	1491626	3162.693272448025	2.85
456.7762925324498	2850	20.858609526665678	0.0	1358801	2656.348325800091	2.85
460.56096131357253	2850	21.07394074554294	0.0	1537156	3784.6687811227343	2.85
463.77669564090166	2850	21.858206418213804	0.0	1336050	3215.734327329139	2.85
467.9901011636003	4300	21.644800895515225	0.0	2039773	4213.405522698582	2.8499999999999996
473.8902864861044	4300	19.744615573011107	0.0	2176469	5900.185322504118	4.3

