10824.263342726268	750	4.0	1.932744951541337	450283	1932.744951541337	-7.5608032916277494
10826.428561756577	750	5.834780969690291	0.0	398865	2165.2190303097086	0.75
10827.96495687517	750	8.29838585109802	0.0	350812	1536.3951185922704	0.75
10829.300451191759	750	10.962891534509644	0.0	382355	1335.494316588376	0.75
10831.342188591605	1200	12.921154134663691	0.0	652874	2041.7373998459536	0.75
10833.089109643151	1200	15.174233083117421	0.0	520315	1746.9210515462698	1.2
10834.925617322226	1200	17.33772540404345	0.0	561791	1836.5076790739736	1.2
10838.27100394798	1850	17.992338778287515	0.0	1060487	3345.3866257559357	1.2000000000000002
10840.881021952015	1850	19.38232077425304	0.0	852833	2610.018004034476	1.85
10843.27561582165	1850	20.987726904618018	0.0	913888	2394.59386963502	1.85
10845.648519307815	1850	22.614823418453422	0.0	939819	2372.9034861645946	1.85
10848.084057176991	1850	24.179285549277417	0.0	917428	2435.5378691760066	1.85
10851.464322261649	2850	24.799020464618835	0.0	1422919	3380.2650846585825	1.85
10855.541011801373	2850	24.72233092489382	0.0	1578343	4076.689539725015	2.85
10858.641462787738	2850	25.62187993852975	0.0	1231445	3100.45098636407	2.85
10862.30804874202	2850	25.955293984249074	0.0	1471065	3666.585954280675	2.85
10866.550134645864	2850	25.713208080403266	0.0	1491626	4242.085903845806	2.85
10871.141867688732	2850	25.121475037535127	0.0	1358801	4591.733042868136	2.85
10875.279421649702	2850	24.98392107656521	0.0	1537156	4137.553960969919	2.85
10879.467118628037	2850	24.796224098228482	0.0	1336050	4187.696978336727	2.85
10883.557085402294	2850	24.706257323973034	0.0	1415116	4089.9667742554466	2.85
10888.311963806264	2850	23.951378920002053	0.0	1468126	4754.878403970978	2.85
10892.59061837685	2850	23.67272434941697	0.0	1505760	4278.654570585084	2.85
10896.155604984215	2850	24.10773774205096	0.0	1323990	3564.9866073660073	2.85
10899.513199331746	2850	24.750143394520315	0.0	1383735	3357.59434753065	2.85
10903.222688323409	2850	25.040654402858035	0.0	1480464	3709.488991662277	2.85
10907.154247629442	2850	25.109095096825886	0.0	1547572	3931.5593060321467	2.85
10909.979255327884	2850	26.28408739838221	0.0	1141971	2825.0076984436773	2.85
10913.94336506313	2850	26.319977663136246	0.0	1498470	3964.1097352459633	2.85
10918.723652633278	2850	25.539690092989012	0.0	1561263	4780.2875701472385	2.85
10924.122978052344	2850	24.140364673921713	0.0	1341201	5399.325419067296	2.85
10927.424019239503	2850	24.83932348676314	0.0	1497683	3301.041187158576	2.85
10930.984682541102	2850	25.278660185162472	0.0	1358081	3560.663301600666	2.85
10935.476434197906	2850	24.78690852835847	0.0	1587293	4491.751656804	2.85
10939.709331425773	2850	24.55401130049178	0.0	1492672	4232.8972278666915	2.85
10942.968082945425	2850	25.295259780839732	0.0	1439896	3258.7515196520453	2.85
10945.581753519184	2850	26.681589207081775	0.0	1139291	2613.6705737579578	2.85
10949.315696611995	2850	26.94764611427016	0.0	1499009	3733.9430928116144	2.85
10952.489778538948	2850	27.773564187318005	0.0	1427478	3174.0819269521526	2.85
10956.843660663731	2850	27.419682062534505	0.0	1402287	4353.882124783502	2.85
10960.910695358925	2850	27.352647367340847	0.0	1339500	4067.034695193661	2.85
10964.55699341681	2850	27.7063493094552	0.0	1527299	3646.2980578856464	2.85
10968.33525564213	2850	27.928087084135058	0.0	1343002	3778.2622253201416	2.85
10971.767767927644	2850	28.495574798621995	0.0	1587250	3432.512285513064	2.85
10976.0522704064	2850	28.211072319866787	0.0	1464921	4284.5024787552065	2.85
10981.134093527375	4300	27.129249198892165	0.0	2246506	5081.823120974622	2.8499999999999996
10986.637283016824	4300	25.626059709444437	0.0	1961140	5503.189489447728	4.3
10991.963787516146	4300	24.29955521012117	0.0	2155012	5326.50449932327	4.3
10993.026026529664	750	27.237316196604553	0.0	450283	1062.2390135166183	0.75
10996.20688783562	2850	28.056454890649555	0.0	1431809	3180.8613059549984	0.75
10999.606740151163	2850	28.65660257510657	0.0	1300868	3399.852315542984	2.85
11004.017789855126	2850	28.24555287114346	0.0	1520281	4411.049703963112	2.85
11008.983132282445	2850	27.280210443825148	0.0	1472558	4965.342427318311	2.85
11013.102419490519	2850	27.160923235753128	0.0	1224260	4119.287208072019	2.85
11017.159813298613	2850	27.10352942765892	0.0	1388403	4057.3938080942107	2.85
11023.005272807717	2850	25.25806991855515	0.0	1638769	5845.459509103771	2.85
11029.421212668303	2850	22.842130057969218	0.0	1348011	6415.9398605859315	2.85
11035.687449757736	2850	20.57589296853671	0.0	1429765	6266.237089432505	2.85
11041.713877535743	1850	18.549465190529336	0.0	939819	6026.427778007376	0.8500000000000001
11045.926322471803	1850	18.33702025446968	0.0	917428	4212.444936059656	1.85
11048.85168016241	1850	19.4116625638631	0.0	946851	2925.357690606578	1.85
11051.84768258117	1850	20.415660145102965	0.0	1036454	2996.0024187601366	1.85
11054.246086165625	1850	22.01725656064633	0.0	821631	2398.40358445663	1.85
11056.96666242995	1850	23.296680296321874	0.0	923170	2720.576264324459	1.85
11060.230005962734	1850	24.033336763536482	0.0	966699	3263.3435327853917	1.85
11065.16483940637	1850	23.09850331990086	0.0	885714	4934.833443635622	1.85
11070.224538768236	1850	22.0388039580363	0.0	987708	5059.699361864561	1.85
11075.70532739781	1850	20.558015328460787	0.0	923755	5480.788629575514	1.85
11079.93822182923	1850	20.325120897041792	0.0	891604	4232.894431418994	1.85
11082.363158245478	1850	21.900184480793516	0.0	955231	2424.9364162482766	1.85
11085.058190471738	1850	23.205152254533296	0.0	968026	2695.03222626022	1.85
11087.81240878073	1850	24.450933945542925	0.0	874175	2754.21830899037	1.85
11090.651680318153	1850	25.611662408120043	0.0	897976	2839.271537422882	1.85
11093.429338649377	1850	26.83400407689571	0.0	905935	2777.658331224334	1.85
11097.667910387225	2850	26.595432339047626	0.0	1547572	4238.57173784808	1.85
11100.474198833825	2850	27.789143892447136	0.0	1141971	2806.2884466004903	2.85
11105.28636126867	2850	26.976981457601156	0.0	1498470	4812.162434845981	2.85
11109.296536173491	2850	26.966806552780795	0.0	1561263	4010.174904820359	2.85
11112.67328817813	2850	27.590054548143385	0.0	1341201	3376.752004637413	2.85
11117.162765367042	2850	27.100577359230382	0.0	1497683	4489.477188913004	2.85
11127.674706973421	2850	20.588635752852927	0.0	1358081	10511.941606377453	2.85
11144.296038922354	1850	7.967303803921434	0.0	1035329	16621.331948931493	0.8500000000000001
11167.535522199923	750	4.0	15.272179473649478	401088	23239.48327757091	-66.02037173669275
11174.231886068894	300	4.0	2.6963638689710905	159914	6696.363868971091	-11.744364636575687
11180.266298557095	300	4.0	2.034412488202389	131610	6034.412488202389	-8.447973699270271
11184.371773040248	300	4.0	0.10547448315288238	124011	4105.474483152882	-0.15354027755739424
11192.597965021163	300	4.0	4.226191980915713	144254	8226.191980915713	-17.872625517937564
11196.359736347706	300	4.238228673458009	0.0	149991	3761.771326541992	0.3

