2908.374896604833	750	4.0	1.7374266910245146	450283	1737.4266910245146	-6.720934771405413
2910.769297622926	750	5.605598981906802	0.0	398865	2394.4010180931978	0.75
2913.1180292852005	750	7.256867319632291	0.0	350812	2348.731662274511	0.75
2915.0458359919785	750	9.329060612854212	0.0	382355	1927.8067067780792	0.75
2917.519078865484	1200	10.855817739348995	0.0	652874	2473.2428735052163	0.75
2919.328715730861	1200	13.046180873972	0.0	520315	1809.6368653769948	1.2
2921.6448286620334	1200	14.730067942799199	0.0	561791	2316.112931172802	1.2
2924.0148820227255	1200	16.360014582107354	0.0	709534	2370.0533606918434	1.2
2926.6823695409835	1200	17.69252706384935	0.0	584846	2667.487518258006	1.2
2929.488759899091	1200	18.886136705741656	0.0	560821	2806.390358107693	1.2
2936.131685819042	1850	16.243210785790527	0.0	939819	6642.92591995113	1.2000000000000002
2941.6918981553663	1850	14.682998449466359	0.0	917428	5560.212336324169	1.85
2946.038386428245	1850	14.336510176587545	0.0	946851	4346.488272878814	1.85
2951.4551732002283	1850	12.919723404603983	0.0	1036454	5416.786771983561	1.85
2957.212841478485	1850	11.162055126346988	0.0	821631	5757.668278256995	1.85
2960.350749826698	1200	12.024146778133916	0.0	587876	3137.908348213071	0.5499999999999999
2963.2462323733066	1200	13.128664231525285	0.0	617242	2895.4825466086318	1.2
2965.213065804373	1200	15.161830800458711	0.0	581493	1966.8334310665741	1.2
2967.0694287985125	1200	17.305467806319378	0.0	639204	1856.3629941393335	1.2
2970.292531460481	1850	18.082365144351037	0.0	923755	3223.102661968341	1.2000000000000002
2974.693376994973	1850	17.681519609858682	0.0	891604	4400.845534492357	1.85
2978.849149805863	1850	17.525746798968584	0.0	955231	4155.772810890099	1.85
2982.8513089213793	1850	17.523587683452146	0.0	968026	4002.1591155164397	1.85
2986.5154923745545	1850	17.859404230277192	0.0	874175	3664.183453174953	1.85
2990.444539661018	1850	17.930356943813262	0.0	897976	3929.0472864639323	1.85
2994.2404297128014	1850	18.134466892030108	0.0	905935	3795.890051783153	1.85
2998.0787452663844	1850	18.29615133844698	0.0	1076599	3838.315553583127	1.85
3001.274975069965	1850	19.09992153486647	0.0	758197	3196.2298035805075	1.85
3005.3751531619005	1850	18.999743442930583	0.0	972798	4100.17809193589	1.85
3009.214018395186	1850	19.160878209645286	0.0	975811	3838.865233285299	1.85
3012.61732056164	1850	19.757576043191335	0.0	873429	3403.302166453949	1.85
3015.8348300428624	1850	20.54006656196885	0.0	954453	3217.5094812224893	1.85
3018.987164434697	1850	21.387732170134097	0.0	885062	3152.3343918347514	1.85
3023.298170018759	1850	21.076726586072308	0.0	1035329	4311.005584061785	1.85
3028.584083236419	1850	19.790813368412238	0.0	1026056	5285.913217660073	1.85
3032.5932645574826	1850	19.781632047348335	0.0	943942	4009.1813210639034	1.85
3035.4763863452768	1850	20.898510259554516	0.0	728962	2883.121787793816	1.85
3041.4586889941625	1850	18.91620761066889	0.0	938587	5982.3026488856285	1.85
3048.6659621408608	1850	15.708934463970108	0.0	908665	7207.273146698782	1.85
3056.5624863143853	1850	11.812410290445873	0.0	930577	7896.524173524233	1.85
3059.261576296162	1200	13.113320308669186	0.0	566904	2699.0899817766876	0.5499999999999999
3061.865867258512	1200	14.509029346319098	0.0	641452	2604.2909623500886	1.2
3064.079193486373	1200	16.29570311845802	0.0	599477	2213.326227861074	1.2
3066.073913408167	1200	18.30098319666418	0.0	634861	1994.7199217938419	1.2
3068.472904426082	1200	19.901992178748813	0.0	630203	2398.9910179153644	1.2
3072.746705941753	1850	19.62819066307795	0.0	982064	4273.801515670861	1.2000000000000002
3081.3723639577433	4300	15.002532647087698	0.0	1961140	8625.658015990255	1.8499999999999996
3107.6626717234235	4300	4.0	11.28777511859289	2155012	26290.307765680587	-44.23743300994943
3109.9728888924933	750	5.689782830930327	0.0	450283	2310.217169069672	0.75
3111.8355214803464	750	7.827150243076972	0.0	398865	1862.6325878533553	0.75
3113.4089391762764	750	10.253732547147035	0.0	350812	1573.4176959299382	0.75
3115.3475673315547	750	12.315104391868376	0.0	382355	1938.6281552786584	0.75
3118.454740091587	1200	13.207931631836255	0.0	652874	3107.172760032121	0.75
3120.899643235051	1200	14.763028488372026	0.0	520315	2444.9031434642293	1.2
3123.1202546455997	1200	16.542417077823696	0.0	561791	2220.6114105483284	1.2
3127.6868633811328	1850	15.975808342290252	0.0	1060487	4566.608735533442	1.2000000000000002
3131.148020502923	1850	16.514651220500134	0.0	852833	3461.1571217901205	1.85
3134.6458452595343	1850	17.016826463888915	0.0	913888	3497.8247566112163	1.85
3138.4971560573476	1850	17.165515666075574	0.0	939819	3851.3107978133403	1.85
3141.787147545689	1850	17.875524177733798	0.0	917428	3289.9914883417764	1.85
3145.309111801172	1850	18.353559922250803	0.0	946851	3521.964255482996	1.85
3149.4170206774174	1850	18.245651046005456	0.0	1036454	4107.908876245348	1.85
3152.4339387651635	1850	19.22873295825927	0.0	821631	3016.9180877461868	1.85
3155.835980979956	1850	19.826690743466816	0.0	923170	3402.0422147924487	1.85
3159.6716713696374	1850	19.991000353785168	0.0	966699	3835.690389681649	1.85
3163.3218207397235	1850	20.340850983698992	0.0	885714	3650.1493700861774	1.85
3169.8103468987133	1850	17.852324824709534	0.0	987708	6488.526158989456	1.85
3172.78826527608	1850	18.874406447342814	0.0	923755	2977.9183773667155	1.85
3175.56526256056	1850	20.097409162862885	0.0	891604	2776.9972844799295	1.85
3181.7465639082666	2850	17.91610781515645	0.0	1468126	6181.301347706436	1.85
3188.6684124577837	2850	14.994259265639329	0.0	1505760	6921.848549517122	2.85
3192.3833571901127	1850	15.279314533310302	0.0	874175	3714.944732329026	0.8500000000000001
3195.447688492143	1850	16.21498323128016	0.0	897976	3064.3313020301403	1.85
3198.9461027735397	1850	16.716568949883207	0.0	905935	3498.4142813969565	1.85
3203.174156743099	1850	16.488514980323934	0.0	1076599	4228.053969559274	1.85
3205.816140007081	1850	17.846531716342064	0.0	758197	2641.9832639818724	1.85
3209.224745847114	1850	18.437925876309215	0.0	972798	3408.6058400328493	1.85
3212.0694341979965	1850	19.593237525426346	0.0	975811	2844.6883508828682	1.85
3215.663957933934	1850	19.998713789489074	0.0	873429	3594.5237359372727	1.85
3218.1049406714756	1850	21.557731051947204	0.0	954453	2440.9827375418695	1.85
3222.3294707552036	2850	21.333200968219025	0.0	1358081	4224.530083728179	1.85
3227.39043145359	2850	20.272240269832846	0.0	1587293	5060.960698386182	2.85
3234.08409231448	2850	17.578579408942275	0.0	1492672	6693.66086089057	2.85
3240.0069374053473	2850	15.65573431807544	0.0	1439896	5922.845090866835	2.85
3243.655659842071	2850	16.00701188135149	0.0	1139291	3648.7224367239464	2.85
3248.238794135976	2850	15.423877587446503	0.0	1499009	4583.134293904991	2.85
3254.3301493431186	2850	13.332522380304002	0.0	1427478	6091.3552071425	2.85
3257.124935568648	1850	14.537736154774159	0.0	930577	2794.7862255298446	0.8500000000000001
3259.428680878219	1850	16.23399084520335	0.0	858450	2303.7453095708056	1.85
3263.2614327074716	1850	16.401239015950697	0.0	1025005	3832.7518292526556	1.85
3266.5663894807362	1850	17.096282242686208	0.0	886255	3304.956773264491	1.85
3270.3353533754566	1850	17.32731834796536	0.0	973972	3768.9638947208473	1.85
3275.4062747399103	2850	16.256396983511515	0.0	1464921	5070.921364453848	1.85
3280.9410505478213	2850	14.721621175600372	0.0	1483527	5534.77580791114	2.85
3290.0319111641975	2850	9.630760559224374	0.0	1231456	9090.860616375998	2.85
3296.655166772953	2850	7.007504950468812	0.0	1364537	6623.255608755562	2.85
3298.213025771414	750	9.4496459520079	0.0	450283	1557.858998460912	0.75
3301.5378741975237	750	10.1247975258984	0.0	398865	3324.8484261095023	0.75
3304.456676932371	1200	11.205994791050609	0.0	571051	2918.802734847789	0.75
3306.8162625806003	1200	12.846409142821809	0.0	617681	2359.5856482287995	1.2
3309.2786575139958	1200	14.384014209426121	0.0	652874	2462.394933395687	1.2
3311.819090616939	1200	15.843581106483127	0.0	520315	2540.433102942994	1.2
3314.1465639479948	1200	17.51610777542688	0.0	561791	2327.473331056247	1.2
3318.5213094218943	1850	17.14136230152732	0.0	1060487	4374.74547389956	1.2000000000000002
3329.2813198449026	1850	10.381351878518764	0.0	852833	10760.010423008554	1.85
3339.3848812333667	1200	4.277790490054395	0.0	560821	10103.56138846437	0.5499999999999999
3340.789982862378	300	6.872688861043014	0.0	141840	1405.10162901138	-0.6000000000000001
3342.0266126259703	300	9.636059097450325	0.0	156148	1236.6297635926894	0.3
3343.3849603685035	300	12.277711354917592	0.0	160746	1358.3477425327321	0.3
3344.9570570696824	300	14.70561465373834	0.0	179801	1572.0967011792507	0.3
3348.663268743894	750	14.999402979526707	0.0	337059	3706.211674211634	0.3
3352.0738016537975	750	15.5888700696229	0.0	366214	3410.532909903808	0.75
3354.6169148431927	750	17.045756880227884	0.0	360831	2543.113189395014	0.75
3357.189158713146	750	18.473513010274804	0.0	372963	2572.24386995308	0.75
3360.493408703577	750	19.16926301984339	0.0	405596	3304.2499904314136	0.75
3362.9140876667457	750	20.748584056674982	0.0	350713	2420.678963168409	0.75
3367.273629616342	1200	20.389042107078595	0.0	601738	4359.541949596386	0.75
3372.386290916837	1200	19.276380806583585	0.0	616206	5112.661300495012	1.2
3377.8438728799583	1200	17.818798843462186	0.0	656471	5457.581963121398	1.2
3381.555605752405	1200	18.107065971015686	0.0	536667	3711.732872446501	1.2
3385.494142412397	1200	18.16852931102333	0.0	587236	3938.5366599923536	1.2
3390.13503811219	1200	17.527633611230193	0.0	590335	4640.895699793137	1.2
3395.711784162469	1200	15.9508875609513	0.0	696376	5576.7460502788945	1.2
3400.1229724568484	1200	15.539699266572265	0.0	487160	4411.188294379034	1.2
3404.9083009442083	1200	14.754370779212282	0.0	622896	4785.328487359982	1.2
3408.464068987227	1200	15.198602736193251	0.0	641447	3555.7680430190303	1.2
3411.3596105616093	1200	16.303061161810962	0.0	570392	2895.5415743822896	1.2
3416.245687012573	1200	15.416984710847613	0.0	620283	4886.076450963347	1.2
3419.8049099892896	1200	15.85776173413106	0.0	584349	3559.222976716553	1.2
3422.3309339615325	1200	17.331737761888068	0.0	670129	2526.023972242993	1.2
3424.4774073508675	1200	19.185264372553313	0.0	690253	2146.4733893347525	1.2
3427.6297560550897	1850	20.03291566833096	0.0	943942	3152.348704222349	1.2000000000000002
3429.7640198939794	1850	21.898651829441533	0.0	728962	2134.2638388894316	1.85
3433.0212892768013	1850	22.641382446619417	0.0	938587	3257.2693828221163	1.85
3439.9020691189053	2850	19.760602604515704	0.0	1427478	6880.779842103713	1.85
3451.949853103206	2850	11.712818620214824	0.0	1402287	12047.78398430088	2.85
3457.268307494037	1850	10.394364229383838	0.0	858450	5318.454390830985	0.8500000000000001
3467.3731505012865	1850	4.289521222134084	0.0	1025005	10104.843007249754	1.85
3469.9250495730753	750	5.737622150345065	0.0	372093	2551.8990717890197	-0.3500000000000001
3475.2223843940483	750	4.440287329372303	0.0	438281	5297.334820972762	0.75
3476.130536472373	300	7.532135251047335	0.0	167025	908.1520783249676	-0.15000000000000002
3477.928516258045	750	9.734155465375613	0.0	393804	1797.9797856717203	0.3
3480.44171649932	1200	11.220955224100617	0.0	538612	2513.2002412749966	0.75
3486.800074482624	2850	8.862597240796962	0.0	1364537	6358.357983303655	1.2000000000000002
3489.637219540773	750	10.025452182647978	0.0	450283	2837.145058148984	0.75
3491.051398597585	750	12.611273125835748	0.0	398865	1414.17905681223	0.75
3492.3311148014072	750	15.331556922013421	0.0	350812	1279.7162038223266	0.75
3494.9735394519785	1200	16.689132271442308	0.0	617681	2642.4246505711103	0.75
3498.328928644697	1850	17.333743078723632	0.0	996749	3355.3891927186733	1.2000000000000002
3501.906130533575	1850	17.756541189845766	0.0	801058	3577.201888877865	1.85
3505.206875895254	1850	18.455795828166412	0.0	905515	3300.745361679358	1.85
3508.1484084548415	1850	19.514263268579267	0.0	1060487	2941.532559587144	1.85
3510.234416451067	1850	21.42825527235411	0.0	852833	2086.0079962251534	1.85
3519.393155868304	2850	16.26951585511676	0.0	1429765	9158.73941723735	1.85
3532.346657611236	2850	7.316014112184981	0.0	1354548	12953.501742931781	2.85
3538.1987257830338	1200	5.463945940387352	0.0	594078	5852.0681717976295	-0.44999999999999996
3541.3281106504805	750	6.334561072940434	0.0	386351	3129.3848674469177	0.3
3545.2159076186686	750	6.446764104752822	0.0	434409	3887.796968187612	0.75
3549.9348026301204	750	5.727869093300885	0.0	337059	4718.895011451937	0.75
3554.977684105241	750	4.684987618180208	0.0	366214	5042.881475120677	0.75
3559.906912163249	300	4.0	0.24424043982774946	143509	4929.228058007958	-1.2002338912593224
3561.7913099274715	300	6.115602235777871	0.0	150616	1884.3977642221291	0.3
3564.1725178376537	300	7.734394325595258	0.0	165384	2381.2079101826125	0.3
3565.7574233426135	300	10.149488820635833	0.0	140881	1584.9055049594238	0.3
3567.640886395787	300	12.266025767461954	0.0	157671	1883.463053173878	0.3
3569.5387945031875	300	14.368117660061602	0.0	157812	1897.9081074003527	0.3
3571.7504850856476	300	16.15642707760163	0.0	163927	2211.6905824599703	0.3
3574.066543660314	300	17.84036850293552	0.0	137654	2316.0585746661104	0.3
3577.431580419977	300	18.475331743272736	0.0	146754	3365.036759662781	0.3
3581.3895220483955	300	18.517390114853722	0.0	153938	3957.941628419016	0.3
3584.7479373384326	300	19.1589748248166	0.0	181901	3358.4152900371214	0.3
3586.0370825644477	300	21.86982959880199	0.0	111155	1289.1452260146123	0.3
3587.6398864641897	300	24.267025699059772	0.0	153605	1602.803899742215	0.3
3589.55714573121	300	26.34976643203961	0.0	149029	1917.2592670201664	0.3
3591.0316216872784	300	28.875290475970658	0.0	157421	1474.4759560689497	0.3
3594.3901208077186	750	29.51679135553088	0.0	400322	3358.4991204397766	0.3
3598.269101301284	750	29.637810861965185	0.0	369834	3878.980493565695	0.75
3604.196509607456	750	27.710402555793255	0.0	412837	5927.408306171931	0.75
3609.6907772560767	750	26.216134907172687	0.0	401088	5494.2676486205655	0.75
3612.671242210387	750	27.235669952862775	0.0	365161	2980.4649543099104	0.75
3616.359700168843	750	27.547211994406474	0.0	321064	3688.4579584563016	0.75
3619.5593807344276	750	28.347531428822027	0.0	361565	3199.680565584453	0.75
3621.8097669849412	750	30.097145178307798	0.0	378327	2250.3862505142265	0.75
3625.525536664202	1200	30.381375499047305	0.0	587506	3715.7696792604925	0.75
3630.1511674074395	1200	29.75574475580983	0.0	566904	4625.630743237479	1.2
3635.632864089499	1200	28.27404807375067	0.0	641452	5481.696682059158	1.2
3642.591417042732	1200	25.315495120517845	0.0	599477	6958.552953232827	1.2
3647.59748544125	1200	24.309426721999632	0.0	634861	5006.0683985182095	1.2
3650.7564107060507	1200	25.15050145719895	0.0	630203	3158.9252648006827	1.2
3654.958803116511	1850	24.948109046739248	0.0	982064	4202.392410459702	1.2000000000000002
3659.1857893630618	2850	24.721122800188127	0.0	1231456	4226.986246551118	1.85
3663.219150851118	2850	24.68776131213177	0.0	1364537	4033.361488056358	2.85
3664.4145653001083	750	27.492346863141485	0.0	450283	1195.4144489902853	0.75
3665.9701099752556	1200	29.936802187994175	0.0	611087	1555.5446751473091	0.75
3668.2994840230676	1850	31.607428140182297	0.0	877771	2329.374047811877	1.2000000000000002
3680.99987246222	4300	22.907039701029994	0.0	2160877	12700.3884391523	1.8499999999999996
3692.67477488781	4300	15.232137275440069	0.0	2233056	11674.902425589924	4.3

