156137.43374136617	750	4.0	2.905148303948766	450283	2905.148303948766	-11.742137706979694
156140.28717506077	750	5.1465663053954085	0.0	398865	2853.433694604591	0.75
156142.15595671162	750	7.277784654566509	0.0	350812	1868.7816508288997	0.75
156144.9907440233	750	8.442997342902602	0.0	382355	2834.787311663905	0.75
156147.35651949115	750	10.077221875073004	0.0	411561	2365.775467829599	0.75
156149.21507809014	750	12.218663276090263	0.0	318564	1858.5585989827416	0.75
156151.69334748338	750	13.74039388285489	0.0	352642	2478.2693932353727	0.75
156155.72053660286	1200	13.713204763366496	0.0	709534	4027.1891194883938	0.75
156158.63229892793	1200	14.801442438286209	0.0	584846	2911.762325080289	1.2
156161.06822415424	1200	16.36551721199755	0.0	560821	2435.92522628866	1.2
156163.78442749515	1200	17.649313871073335	0.0	607410	2716.2033409242117	1.2
156167.24151924177	1200	18.192222124452197	0.0	594078	3457.0917466211395	1.2
156171.30996337126	1200	18.123777994980962	0.0	624282	4068.4441294712346	1.2
156175.00085807868	1200	18.432883287539497	0.0	687371	3690.8947074414637	1.2
156179.1366533827	1200	18.297087983518132	0.0	526950	4135.795304021367	1.2
156185.47079931776	1200	15.962942048502857	0.0	587876	6334.145935015276	1.2
156192.13313856415	1200	13.300602802105198	0.0	617242	6662.339246397659	1.2
156195.9753624525	1200	13.45837891372747	0.0	581493	3842.223888377726	1.2
156200.76830235776	1200	12.665439008485299	0.0	639204	4792.939905242172	1.2
156204.4199334699	1200	13.013807896312672	0.0	586839	3651.6311121726267	1.2
156208.072995135	1200	13.360746231238267	0.0	601738	3653.061665074405	1.2
156211.65329760444	1200	13.780443761792402	0.0	616206	3580.302469445865	1.2
156215.49369398545	1200	13.940047380757369	0.0	656471	3840.396381035033	1.2
156218.19470007607	1200	15.239041290153821	0.0	536667	2701.0060906035465	1.2
156221.58167224005	1200	15.852069126179734	0.0	587236	3386.97216397409	1.2
156224.66664431107	1200	16.767097055146102	0.0	590335	3084.9720710336287	1.2
156228.886569559	1200	16.547171807225155	0.0	696376	4219.925247920952	1.2
156231.86476802308	1200	17.568973343135294	0.0	487160	2978.1984640898568	1.2
156236.34305791542	1200	17.090683450780112	0.0	622896	4478.289892355182	1.2
156241.53652405736	1200	15.897217308830422	0.0	641447	5193.466141949688	1.2
156246.0182928533	1200	15.415448512890809	0.0	570392	4481.768795939614	1.2
156251.67635322746	1200	13.757388138729445	0.0	620283	5658.060374161365	1.2
156256.8858683639	1200	12.547873002295924	0.0	584349	5209.51513643352	1.2
156259.83255655217	750	13.6011848140223	0.0	412837	2946.6881882736225	0.3
156263.33088353352	750	14.102857832678646	0.0	401088	3498.3269813436546	0.75
156266.64147640695	750	14.79226495922033	0.0	365161	3310.592873458317	0.75
156269.20066075385	750	16.233080612325743	0.0	321064	2559.184346894586	0.75
156272.8091257472	750	16.624615618980137	0.0	361565	3608.4649933456058	0.75
156276.23365779818	750	17.200083568007056	0.0	378327	3424.53205097308	0.75
156279.20980697864	750	18.223934387541252	0.0	390680	2976.1491804658012	0.75
156281.80684467035	750	19.626896695841015	0.0	345516	2597.0376917002345	0.75
156285.0476559326	750	20.386085433587876	0.0	384505	3240.811262253142	0.75
156288.9638273803	750	20.469913985891424	0.0	372093	3916.171447696453	0.75
156296.8331077943	1200	16.600633571892736	0.0	634861	7869.2804139986865	0.75
156300.92766687035	1200	16.506074495817895	0.0	630203	4094.559076074842	1.2
156304.7706336858	1200	16.663107680382478	0.0	638661	3842.9668154354194	1.2
156309.18498865096	1850	16.248752715243032	0.0	830730	4414.354965139443	1.2000000000000002
156316.75720552643	2850	12.67653583975566	0.0	1364537	7572.216875487374	1.85
156320.34107016507	750	13.092671201127727	0.0	450283	3583.864638627933	0.75
156329.4848352247	1200	7.948906141512873	0.0	611087	9143.765059614854	0.75
156333.04679100498	750	8.386950361229525	0.0	350812	3561.9557802833483	0.3
156339.17109256878	750	6.262648797428103	0.0	382355	6124.301563801422	0.75
156344.86485102694	750	4.568890339263302	0.0	411561	5693.758458164801	0.75
156345.7975920025	300	7.636149363727001	0.0	126289	932.7409755363005	-0.15000000000000002
156347.3545055836	300	10.079235782619323	0.0	153295	1556.913581107679	0.3
156349.3234775213	300	12.110263844912435	0.0	173849	1968.9719377068875	0.3
156351.37265861945	300	14.061082746761265	0.0	150710	2049.18109815117	0.3
156353.22784746776	300	16.20589389846108	0.0	139105	1855.188848300186	0.3
156357.83263525384	750	15.601106112368099	0.0	353220	4604.787786092979	0.3
156364.61168790524	750	12.82205346096093	0.0	405134	6779.05265140717	0.75
156373.00934302405	750	8.424398342174667	0.0	386351	8397.655118786262	0.75
156384.2830993397	750	4.0	2.8493579734788583	434409	11273.756315653525	-11.50223928595909
156386.54860563908	300	5.734493700611028	0.0	140051	2265.506299388972	-0.15000000000000002
156388.75220161263	300	7.530897727049256	0.0	138313	2203.595973561772	0.3
156391.11218794735	300	9.170911392310542	0.0	143509	2359.986334738714	0.3
156394.9770196469	300	9.306079692745937	0.0	150616	3864.8316995646032	0.3
156398.55184299249	300	9.731256347162256	0.0	165384	3574.8233455836817	0.3
156401.75672744436	300	10.5263718952956	0.0	140881	3204.884451866656	0.3
156407.8940154109	300	8.389083928731827	0.0	157671	6137.287966563773	0.3
156413.98448775476	300	6.2986115848583974	0.0	157812	6090.472343873429	0.3
156418.48061621556	300	5.802483124073052	0.0	163927	4496.128460785346	0.3
156422.12810213608	300	6.15499720356047	0.0	137654	3647.485920512582	0.3
156425.37203987	300	6.911059469599335	0.0	146754	3243.937733961135	0.3
156428.58410553972	300	7.698993799902674	0.0	153938	3212.065669696662	0.3
156434.57224231662	300	5.710857023015329	0.0	181901	5988.136776887344	0.3
156436.58687182624	300	7.696227513394739	0.0	111155	2014.62950962059	0.3
156439.30420540794	300	8.97889393167789	0.0	153605	2717.333581716848	0.3
156442.0641530461	300	10.218946293528607	0.0	149029	2759.9476381492836	0.3
156445.25611055156	300	11.026988788069952	0.0	157421	3191.9575054586544	0.3
156447.40322904565	300	12.879870293963657	0.0	157488	2147.1184941062943	0.3
156449.31078946224	300	14.972309877395634	0.0	143881	1907.560416568021	0.3
156451.39398493143	300	16.88911440820877	0.0	163444	2083.195469186867	0.3
156456.98492367397	750	15.298175665702738	0.0	401088	5590.938742506032	0.3
156466.06891726726	750	10.214182072393653	0.0	365161	9083.993593309086	0.75
156476.35446576538	750	4.0	0.07136642573076096	321064	10285.548498124414	0.44312436935772787
156480.268305616	300	4.08616014940208	0.0	124011	3913.8398505979203	-0.15000000000000002
156486.26251465507	300	4.0	1.9080488896984815	144254	5994.209039100561	-7.904610225703471
156493.37708623605	300	4.0	3.114571580984277	149991	7114.571580984277	-13.09265779823239
156497.9959818886	300	4.0	0.6188956525641642	147968	4618.895652564164	-2.361251306025906
156502.90984475132	300	4.0	0.9138628627205462	161857	4913.862862720546	-3.6296103096983487
156507.04407703347	300	4.0	0.13423228213835772	145210	4134.232282138358	-0.27719881319493817
156510.88441377773	300	4.1596632557276365	0.0	172312	3840.336744272364	0.3
156517.6001567573	300	4.0	2.5560797238474495	167025	6715.742979575086	-10.691142812544031
156521.24372368318	300	4.356433074159741	0.0	160064	3643.5669258402595	0.3
156523.9835153673	300	5.6166413900508765	0.0	137507	2739.7916841088636	0.3
156525.4043585596	300	8.195798197742347	0.0	118421	1420.843192308531	0.3
156529.2377816676	750	8.362375089753995	0.0	450283	3833.423107988351	0.75
156530.31835035366	300	11.281806403681744	0.0	155580	1080.5686860722508	-0.15000000000000002
156531.40420913987	300	14.195947617465528	0.0	139857	1085.8587862162144	0.3
156532.70285130056	300	16.89730545679411	0.0	155432	1298.642160671417	0.3
156535.46651470743	750	18.133642049931915	0.0	411561	2763.663406862195	0.3
156537.33992481307	750	20.260231944295242	0.0	318564	1873.410105636669	0.75
156540.9336846381	1200	20.666472119288763	0.0	561791	3593.759825006479	0.75
156544.43631239125	1200	21.163844366109476	0.0	709534	3502.6277531792866	1.2
156547.92186552947	1200	21.678291227885474	0.0	584846	3485.553138224001	1.2
156551.34209758777	1200	22.258059169592848	0.0	560821	3420.2320582926245	1.2
156555.08035861264	1200	22.519798144700733	0.0	607410	3738.2610248921146	1.2
156560.0386989678	1850	21.561457789534085	0.0	917428	4958.340355166651	1.2000000000000002
156564.51475608637	1850	21.085400670977247	0.0	946851	4476.057118556836	1.85
156569.698933405	1850	19.901223352364386	0.0	1036454	5184.177318612861	1.85
156574.77579758715	1850	18.824359170202346	0.0	821631	5076.864182162043	1.85
156583.4673219445	1850	14.132834812844369	0.0	923170	8691.524357357976	1.85
156587.72593971252	1200	13.874217044832877	0.0	617242	4258.617768011493	0.5499999999999999
156591.19066282976	1200	14.409493927600666	0.0	581493	3464.72311723221	1.2
156595.4317655143	1200	14.168391243057652	0.0	639204	4241.102684543015	1.2
156599.31672559807	1200	14.283431159296713	0.0	586839	3884.9600837609373	1.2
156605.54073716365	1200	12.059419593700214	0.0	601738	6224.011565596498	1.2
156609.39787876737	1200	12.202277989981406	0.0	616206	3857.141603718811	1.2
156612.71306403342	1200	12.887092723932247	0.0	656471	3315.185266049159	1.2
156615.05492420873	1200	14.5452325486137	0.0	536667	2341.8601753185458	1.2
156617.82594475753	1200	15.774211999817508	0.0	587236	2771.0205487961935	1.2
156620.4041167321	1200	17.196040025241963	0.0	590335	2578.1719745755418	1.2
156624.03388812777	1200	17.566268629557648	0.0	696376	3629.7713956843163	1.2
156627.71995416944	1850	17.88020258789126	0.0	758197	3686.0660416663886	1.2000000000000002
156632.51301599215	1850	17.087140765191087	0.0	972798	4793.061822700171	1.85
156637.67909589648	1850	15.921060860886191	0.0	975811	5166.079904304896	1.85
156645.22322965934	1850	12.376927098008142	0.0	873429	7544.133762878048	1.85
156651.080079803	1200	10.520076954329113	0.0	620283	5856.850143679029	0.5499999999999999
156662.3463382909	1200	4.0	0.7461815335484043	584349	11266.258487877518	-2.008580594258139
156664.12280874277	300	6.2235295481254855	0.0	163444	1776.4704518745152	-0.6000000000000001
156665.5257424184	300	8.82059587246818	0.0	179328	1402.9336756573043	0.3
156666.69869849106	300	11.647639799799151	0.0	159914	1172.9560726690286	0.3
156667.70017061153	300	14.646167679349025	0.0	131610	1001.4721204501263	0.3
156670.31605325078	750	16.030285040102562	0.0	361565	2615.8826392464644	0.3
156673.16445404972	750	17.18188424116793	0.0	378327	2848.4007989346314	0.75
156677.44397442497	750	16.902363865955458	0.0	390680	4279.520375212473	0.75
156682.48586835605	750	15.860469934855423	0.0	345516	5041.893931100032	0.75
156689.28903450363	750	13.057303787278517	0.0	384505	6803.166147576907	0.75
156700.51846326227	750	5.827875028648805	0.0	372093	11229.428758629712	0.75
156703.14528040745	300	7.201057883452192	0.0	172312	2626.8171451966127	-0.15000000000000002
156705.44093161027	300	8.905406680644914	0.0	167025	2295.651202807279	0.3
156708.6065555658	300	9.739782725096221	0.0	160064	3165.623955548691	0.3
156710.54204248264	300	11.804295808241786	0.0	137507	1935.4869168544349	0.3
156717.8955961232	750	8.450742167662257	0.0	314107	7353.553640579529	0.3
156721.94039295445	750	8.405945336440132	0.0	450283	4044.796831222125	0.75
156725.0440525529	750	9.302285737962546	0.0	398865	3103.6595984775863	0.75
156738.6747282358	750	4.0	4.328389944946868	350812	13630.675682909414	-17.86207676327153
156740.45680753773	300	6.21792069807519	0.0	155432	1782.0793019248104	-0.15000000000000002
156741.68547447363	300	8.989253762177045	0.0	163442	1228.6669358981455	0.3
156742.4721393167	300	12.202588919081721	0.0	126289	786.6648430953219	0.3
156743.26567902422	300	15.40904921157053	0.0	153295	793.5397075111925	0.3
156743.92597078835	300	18.748757447417482	0.0	173849	660.291764153047	0.3
156746.42695457357	1200	20.247773662213397	0.0	584846	2500.983785204089	0.29999999999999993
156749.12089761518	1200	21.553830620598408	0.0	560821	2693.943041614989	1.2
156752.8158644619	1850	21.85886377388034	0.0	939819	3694.9668467180686	1.2000000000000002
156755.5302379493	1850	23.144490286469676	0.0	917428	2714.3734874106653	1.85
156758.21436049746	1850	24.46036773832723	0.0	946851	2684.122548142443	1.85
156762.49759529502	2850	24.17713294077108	0.0	1578343	4283.234797556151	1.85
156766.805511089	2850	23.869217146770232	0.0	1231445	4307.915794000848	2.85
156771.68080350728	2850	22.99392472853623	0.0	1471065	4875.292418234002	2.85
156775.57371357427	2850	23.10101466155148	0.0	1491626	3892.9100669847458	2.85
156778.94990490217	2850	23.72482333365288	0.0	1358801	3376.1913278986044	2.85
156782.23372390767	2850	24.44100432812179	0.0	1537156	3283.8190055310915	2.85
156784.9817465209	2850	25.692981714883892	0.0	1336050	2748.022613237897	2.85
156790.71538729878	4300	23.959340936996693	0.0	2039773	5733.640777887197	2.8499999999999996
156796.93082224557	4300	21.74390599020679	0.0	2176469	6215.4349467899065	4.3
156805.09155341942	4300	17.58317481635115	0.0	2221506	8160.731173855639	4.3
156821.20945647953	4300	5.465271756244739	0.0	2044075	16117.903060106411	4.3
156828.03989274212	1850	4.0	1.365164506352331	897976	6830.436262597071	-6.470207377315023
156835.15479997473	750	4.0	3.114907232618676	379700	7114.907232618676	-13.744101100260306
156838.63397087052	750	4.520829104216813	0.0	425781	3479.1708957831875	0.75
156843.80030543215	300	4.0	0.6455054574002216	111155	5166.3345616170345	-2.925673466820953
156848.66040456583	300	4.0	0.8600991337083169	153605	4860.099133708317	-3.3984262749457628
156853.5144656936	300	4.0	0.8540611277664566	149029	4854.061127766457	-3.3724628493957636
156856.46474416976	300	5.049721523826555	0.0	157421	2950.2784761734447	0.3
156858.40913508934	300	7.105330604269022	0.0	157488	1944.3909195575334	0.3
156862.25352107463	300	7.260944618987571	0.0	143881	3844.385985281451	0.3
156864.51040056362	300	9.004065129992235	0.0	163444	2256.8794889953365	0.3
156866.36058232782	300	11.153883365799759	0.0	179328	1850.1817641924754	0.3
156868.1788839414	300	13.33558175218616	0.0	159914	1818.3016136135986	0.3
156869.5511520556	300	15.963313638002681	0.0	131610	1372.268114183479	0.3
156870.58776308058	300	18.926702613019533	0.0	124011	1036.611024983147	0.3
156884.39760230205	750	9.116863391534693	0.0	378327	13809.83922148484	0.3
156897.90818083627	750	4.0	4.393715142695581	390680	13510.578534230273	-18.142975113590996
156899.83110120683	300	6.07707962941715	0.0	147968	1922.9203705828506	-0.15000000000000002
156901.65849824663	300	8.249682589604328	0.0	161857	1827.3970398128213	0.3
156903.2387584336	300	10.669422402633561	0.0	145210	1580.2601869707657	0.3
156905.1337209301	300	12.7744599061591	0.0	172312	1894.962496474462	0.3
156906.29397711708	300	15.614203719156698	0.0	167025	1160.256187002402	0.3
156910.09562395158	1200	15.81255688467735	0.0	638661	3801.646834479347	0.29999999999999993
156913.1268607175	1200	16.78132011879729	0.0	538612	3031.2367658800636	1.2
156918.40497117786	2850	15.503209658410295	0.0	1364537	5278.110460386993	1.2000000000000002
156920.0208603384	750	17.887320497875464	0.0	450283	1615.8891605348283	0.75
156922.37803179218	1200	19.530149044140636	0.0	611087	2357.171453734832	0.75
156925.93659972664	1850	19.971581109647303	0.0	877771	3558.567934493331	1.2000000000000002
156929.75899677	1850	20.14918406629585	0.0	933276	3822.3970433514546	1.85
156934.6921158001	1850	19.2160650361889	0.0	996749	4933.119030106946	1.85
156940.8496893063	1850	17.058491529975516	0.0	801058	6157.573506213385	1.85
156947.88025652533	1850	14.027924310966217	0.0	905515	7030.567219009298	1.85
156955.58230532866	1850	10.32587550762887	0.0	1060487	7702.048803337346	1.85
156960.58149070237	1200	9.326690133924945	0.0	584846	4999.185373703925	0.5499999999999999
156962.6145772312	1200	11.293603605100945	0.0	560821	2033.0865288240004	1.2
156964.9712032399	1200	12.93697759641977	0.0	607410	2356.6260086811762	1.2
156967.35580202364	1200	14.552378812665536	0.0	594078	2384.598783754232	1.2
156969.8697316059	1200	16.03844923043074	0.0	624282	2513.9295822347963	1.2
156972.661936151	1200	17.246244685308934	0.0	687371	2792.2045451218064	1.2
156977.23361019074	1850	16.67457064554375	0.0	821631	4571.674039765185	1.2000000000000002
156980.76327067884	1850	17.144910157438346	0.0	923170	3529.6604881054045	1.85
156983.36509021284	1850	18.543090623420323	0.0	966699	2601.819534018023	1.85
156987.20309577687	2850	18.705085059383432	0.0	1358801	3838.0055640368864	1.85
156991.34937124397	2850	18.55880959232478	0.0	1537156	4146.275467058651	2.85
156994.75236121585	2850	19.15581962041042	0.0	1336050	3402.9899719143605	2.85
156998.6582198105	2850	19.24996102576993	0.0	1415116	3905.8585946404914	2.85
157005.11642549734	2850	16.791755338907414	0.0	1468126	6458.205686862518	2.85
157015.97605485425	2850	9.932125982022576	0.0	1505760	10859.629356884836	2.85
157026.75738174905	1850	4.0	0.8492009127653036	874175	10781.32689478788	-2.8015639248908055
157029.1079367074	750	5.649445041641343	0.0	359903	2350.554958358657	-0.3500000000000001
157031.42253470956	750	7.334847039484773	0.0	379700	2314.59800215657	0.75
157034.29212343684	750	8.465258312213741	0.0	425781	2869.58872727103	0.75
157035.8932630186	750	10.86411873043129	0.0	277716	1601.1395817824518	0.75
157038.0731189042	750	12.684262844843863	0.0	400396	2179.855885587426	0.75
157045.7649697777	1200	8.99241197133281	0.0	641447	7691.850873511053	0.75
157053.55703897483	1200	5.200342774205783	0.0	570392	7792.069197127028	1.2
157058.73859799857	750	4.018783750472054	0.0	400322	5181.559023733728	0.3
157060.57174914848	300	6.185632600536396	0.0	143881	1833.151149935659	-0.15000000000000002
157062.02088027165	300	8.73650147739219	0.0	163444	1449.1311231442057	0.3
157064.05008149103	300	10.707300258018883	0.0	179328	2029.2012193733085	0.3
157066.27998370634	300	12.477398042702037	0.0	159914	2229.9022153168467	0.3
157068.22810488942	300	14.52927685960156	0.0	131610	1948.1211831004775	0.3
157070.23634973436	300	16.52103201465853	0.0	124011	2008.2448449430306	0.3
157073.43931140393	300	17.318070345082457	0.0	144254	3202.9616695760715	0.3
157075.07348033244	300	19.683901416564915	0.0	149991	1634.1689285175457	0.3
157076.6641007559	300	22.09328099311319	0.0	147968	1590.6204234517252	0.3
157078.49309214056	300	24.26428960845988	0.0	161857	1828.9913846533084	0.3
157087.4754213757	750	19.281960373302553	0.0	372093	8982.329235157325	0.3
157099.6254863442	750	11.131895404839002	0.0	438281	12150.064968463552	0.75
157103.9715509183	750	10.785830830710681	0.0	398987	4346.0645741283215	0.75
157107.00455990084	750	11.75282184815914	0.0	393804	3033.008982551542	0.75
157110.54922022257	750	12.208161526438898	0.0	331053	3544.6603217202405	0.75
157114.98240494722	1200	11.774976801765552	0.0	550906	4433.184724673346	0.75
157117.05571340205	750	13.701668346917494	0.0	450283	2073.3084548480574	0.75
157118.87204371867	750	15.885338030301643	0.0	398865	1816.3303166158496	0.75
157120.23951237564	750	18.51786937330573	0.0	350812	1367.4686569959117	0.75
157121.93787918193	750	20.8195025670234	0.0	382355	1698.366806282331	0.75
157126.2348115652	1850	20.522570183741568	0.0	996749	4296.932383281829	0.75
157129.5449692274	1850	21.212412521521806	0.0	801058	3310.1576622197636	1.85
157133.94189543845	1850	20.81548631050216	0.0	905515	4396.926211019649	1.85
157141.25614309584	1850	17.501238653081515	0.0	1060487	7314.24765742064	1.85
157145.646446305	1850	17.110935443924667	0.0	852833	4390.303209156851	1.85
157150.43615817642	1850	16.321223572514658	0.0	913888	4789.71187141001	1.85
157156.05554978564	1850	14.701831963282174	0.0	939819	5619.391609232482	1.85
157165.8513555394	1850	8.906026209505972	0.0	917428	9795.805753776203	1.85
157176.22746846036	1200	4.0	1.470086711427095	624282	10376.112920933067	-5.771372859136508
157177.60142118766	300	6.626047272695032	0.0	179801	1373.9527273049684	-0.6000000000000001
157178.32415939882	300	9.903309061527679	0.0	140051	722.7382111673527	0.3
157181.09924331546	750	11.128225144892452	0.0	366214	2775.083916635227	0.3
157183.58070465975	750	12.646763800577665	0.0	360831	2481.461344314789	0.75
157186.81706092	750	13.410407540324055	0.0	372963	3236.3562602536094	0.75
157191.45869961518	750	12.768768845139533	0.0	405596	4641.638695184521	0.75
157194.43448086685	750	13.79298759346703	0.0	350713	2975.781251672502	0.75
157198.68687644054	750	13.540592019777694	0.0	386472	4252.395573689337	0.75
157201.30278151433	750	14.92468694597775	0.0	399894	2615.9050737999437	0.75
157206.13449121427	1200	14.092977246018794	0.0	656471	4831.709699958956	0.75
157209.48003340358	1200	14.747435056729367	0.0	536667	3345.542189289427	1.2
157213.57026975846	1200	14.65719870182709	0.0	587236	4090.236354902277	1.2
157217.43773976847	1200	14.789728691801981	0.0	590335	3867.470010025109	1.2
157221.95517989018	1200	14.272288570105092	0.0	696376	4517.44012169689	1.2
157225.25844282217	1200	14.969025638100673	0.0	487160	3303.262932004419	1.2
157229.09651584964	1200	15.13095261064599	0.0	622896	3838.0730274546845	1.2
157232.72888916158	1200	15.498579298706941	0.0	641447	3632.3733119390467	1.2
157236.38470072934	1200	15.842767730967068	0.0	570392	3655.811567739872	1.2
157240.49654176462	1200	15.730926695681475	0.0	620283	4111.8410352855935	1.2
157244.09495462303	1200	16.132513837291008	0.0	584349	3598.4128583904685	1.2
157247.5545800907	1200	16.67288836960964	0.0	670129	3459.625467681366	1.2
157250.71407428433	1200	17.513394175960208	0.0	690253	3159.494193649431	1.2
157253.32153373567	1200	18.905934724655744	0.0	598727	2607.459451304467	1.2
157255.97795221338	1200	20.249516246945063	0.0	487812	2656.418477710683	1.2
157261.08083811548	1850	19.146630344847598	0.0	938587	5102.885902097462	1.2000000000000002
157266.2605881286	1850	17.966880331698192	0.0	908665	5179.750013149407	1.85
157272.48911923743	1850	15.7383492228976	0.0	930577	6228.531108800593	1.85
157277.704724601	1850	14.522743859331882	0.0	858450	5215.605363565719	1.85
157284.08118818447	1850	12.14628027584884	0.0	1025005	6376.463583483042	1.85
157287.73032489247	1200	12.497143567861889	0.0	599477	3649.13670798695	0.5499999999999999
157291.38283502526	1200	12.844633435086916	0.0	634861	3652.5101327749726	1.2
157294.87363278426	1200	13.353835676064053	0.0	630203	3490.797759022863	1.2
157299.09404598013	1850	13.133422480220782	0.0	982064	4220.413195843272	1.2000000000000002
157303.42982922797	1850	12.797639232374035	0.0	830730	4335.783247846746	1.85
157311.04036190285	2850	9.18710655748439	0.0	1364537	7610.532674889647	1.85
157313.9093101486	750	10.318158311741822	0.0	450283	2868.9482457425675	0.75
157317.83592503043	1200	10.39154342990207	0.0	611087	3926.6148818397514	0.75
157321.09302877446	1200	11.134439685871364	0.0	571051	3257.103744030706	1.2
157324.72134186013	1200	11.506126600195962	0.0	617681	3628.313085675401	1.2
157327.9204550984	1200	12.30701336190951	0.0	652874	3199.1132382864525	1.2
157330.23705179355	1200	13.9904166667941	0.0	520315	2316.596695115409	1.2
157332.91683537795	1200	15.310633082371686	0.0	561791	2679.7835844224155	1.2
157336.6456144608	1200	15.581853999530368	0.0	709534	3728.7790828413167	1.2
157339.7412766995	1200	16.486191760839574	0.0	584846	3095.6622386907948	1.2
157342.53837574206	1200	17.68909271825984	0.0	560821	2797.0990425797363	1.2
157346.6598901568	1200	17.5675783035434	0.0	607410	4121.514414716437	1.2
157350.60932361498	1200	17.61814484535683	0.0	594078	3949.4334581865696	1.2
157353.93307421004	1200	18.294394250281197	0.0	624282	3323.750595075633	1.2
157360.1576568182	1850	16.06981164214366	0.0	1036454	6224.58260813754	1.2000000000000002
157366.22290128373	1850	14.004567176591223	0.0	821631	6065.244465552436	1.85
157372.05706151007	1200	12.170406950238409	0.0	587876	5834.160226352815	0.5499999999999999
157384.57827202	1200	4.0	0.3508035596960453	617242	12521.210509934454	-0.3084553066929949

