2314.0685145431526	750	4.0	2.5066716477461757	450283	2506.6716477461755	-10.028688085308556
2316.501957394523	750	5.56655714862972	0.0	398865	2433.4428513702806	0.75
2318.4128061543006	750	7.655708388852073	0.0	350812	1910.8487597776468	0.75
2320.3126510083575	750	9.755863534794859	0.0	382355	1899.844854057215	0.75
2322.2232857345252	750	11.84522880862739	0.0	411561	1910.6347261674691	0.75
2323.482945804866	750	14.585568738286753	0.0	318564	1259.6600703406361	0.75
2325.4555593746863	750	16.612955168466417	0.0	352642	1972.6135698203361	0.75
2328.7633255759783	1200	17.305188967174356	0.0	709534	3307.766201292064	0.75
2331.407371481257	1200	18.66114306189586	0.0	584846	2644.0459052784977	1.2
2333.902377422279	1200	20.166137120873625	0.0	560821	2495.005941022234	1.2
2336.3086939225877	1200	21.75982062056518	0.0	607410	2406.3165003084414	1.2
2338.8559310796	1200	23.212583463552754	0.0	594078	2547.237157012427	1.2
2341.967940765741	1200	24.10057377741175	0.0	624282	3112.0096861410034	1.2
2345.2730428080904	1200	24.795471735062165	0.0	687371	3305.1020423495866	1.2
2347.470277580862	1200	26.598236962290347	0.0	526950	2197.2347727718175	1.2
2350.6930163338534	1850	27.375498209298886	0.0	923170	3222.7387529914595	1.2000000000000002
2353.9337375540126	1850	28.134776989139358	0.0	966699	3240.7212201595275	1.85
2356.8561862657302	1850	29.21232827742182	0.0	885714	2922.448711717541	1.85
2361.123117220389	1850	28.94539732276354	0.0	987708	4266.930954658276	1.85
2364.9092732417744	1850	29.15924130137801	0.0	923755	3786.156021385531	1.85
2368.638416268898	1850	29.430098274254515	0.0	891604	3729.1430271234944	1.85
2372.8972748926185	1850	29.17123965053368	0.0	955231	4258.858623720837	1.85
2376.5576119132043	1850	29.510902629947882	0.0	968026	3660.3370205857977	1.85
2380.241743260665	1850	29.826771282487247	0.0	874175	3684.1313474606363	1.85
2384.561388473856	1850	29.507126069296085	0.0	897976	4319.64521319116	1.85
2389.041245327822	1850	29.02726921533016	0.0	905935	4479.856853965924	1.85
2392.376228915362	1850	29.692285627789822	0.0	1076599	3334.983587540339	1.85
2395.1535413167185	1850	30.914973226433524	0.0	758197	2777.312401356295	1.85
2399.1861795178643	1850	30.882335025287446	0.0	972798	4032.638201146076	1.85
2403.262354164444	1850	30.806160378707922	0.0	975811	4076.1746465795254	1.85
2407.0852156897417	1850	30.98329885341052	0.0	873429	3822.8615252974	1.85
2416.0853266777103	1850	25.983187865441558	0.0	954453	9000.110987968967	1.85
2430.1706015132445	1850	15.897913029907077	0.0	885062	14085.27483553448	1.85
2433.0450740272468	750	17.023440515904802	0.0	412837	2874.4725140022742	-0.3500000000000001
2435.2955382779805	750	18.77297626517137	0.0	401088	2250.4642507334356	0.75
2437.1293042388124	750	20.939210304339362	0.0	365161	1833.7659608320073	0.75
2438.712217012817	750	23.35629753033486	0.0	321064	1582.9127740044994	0.75
2442.048345581297	750	24.020168961855273	0.0	361565	3336.128568479589	0.75
2445.0718994873273	1200	24.99661505582458	0.0	605884	3023.5539060306946	0.75
2447.3017893177607	1200	26.766725225391465	0.0	587506	2229.8898304331146	1.2
2449.4371143821	1200	28.631400161052436	0.0	566904	2135.325064339026	1.2
2452.1941912024017	1200	29.874323340750532	0.0	641452	2757.0768203019043	1.2
2454.306249213709	1200	31.76226532944308	0.0	599477	2112.058011307454	1.2
2456.106716459404	1200	33.961798083748015	0.0	634861	1800.4672456950675	1.2
2460.7293784141243	2850	33.33913612902776	0.0	1464921	4622.661954720257	1.2000000000000002
2467.852787592933	4300	30.215726950219032	0.0	2246506	7123.409178808723	2.8499999999999996
2475.260857470972	4300	26.807657072180106	0.0	1961140	7408.069878038925	4.3
2484.432195293228	4300	21.63631924992465	0.0	2155012	9171.337822255457	4.3
2486.0522160457776	750	24.016298497374546	0.0	450283	1620.0207525501057	0.75
2490.0295701217774	1850	24.038944421375135	0.0	957685	3977.3540759994107	0.75
2495.3913486319157	1850	22.67716591123675	0.0	877771	5361.778510138384	1.85
2498.638289680702	1850	23.430224862450228	0.0	933276	3246.9410487865202	1.85
2502.389812498925	1850	23.678702044227098	0.0	996749	3751.5228182231285	1.85
2505.8911734953003	1850	24.17734104785237	0.0	801058	3501.360996374728	1.85
2509.25008432756	1850	24.818430215592233	0.0	905515	3358.910832260136	1.85
2513.1946725307503	1850	24.873842012402466	0.0	1060487	3944.5882031897677	1.85
2516.392569632975	1850	25.675944910177204	0.0	852833	3197.897102225262	1.85
2521.6329591333388	1850	24.435555409813844	0.0	913888	5240.389500363361	1.85
2525.622420767551	1850	24.446093775601803	0.0	939819	3989.461634212042	1.85
2528.475607294373	1850	25.592907248779724	0.0	917428	2853.186526822078	1.85
2531.4493605577	1850	26.619153985452407	0.0	946851	2973.753263327319	1.85
2534.915170402312	1850	27.1533441408402	0.0	1036454	3465.8098446122076	1.85
2537.462227048631	1850	28.606287494521183	0.0	821631	2547.056646319014	1.85
2539.9301182083295	1850	30.13839633482295	0.0	923170	2467.8911596982316	1.85
2544.745011713935	2850	29.323502829217777	0.0	1491626	4814.893505605174	1.85
2552.523573031104	2850	25.544941512048677	0.0	1358801	7778.561317169099	2.85
2561.2680980869586	2850	20.800416456194274	0.0	1537156	8744.525055854403	2.85
2565.9506104871193	2850	20.11790405603363	0.0	1336050	4682.512400160646	2.85
2568.358809147846	1850	21.709705395306795	0.0	891604	2408.1986607268336	0.8500000000000001
2571.2338039751744	1850	22.83471056797856	0.0	955231	2874.9948273282366	1.85
2574.590224535107	1850	23.478290008045395	0.0	968026	3356.420559933165	1.85
2578.0998290330713	1850	23.968685510081364	0.0	874175	3509.60449796403	1.85
2586.7628518535025	1850	19.30566268965019	0.0	897976	8663.022820431173	1.85
2594.2759193156717	1850	15.79259522748095	0.0	905935	7513.067462169241	1.85
2599.7551261846393	1850	14.31338835851345	0.0	1076599	5479.206868967501	1.85
2602.0327789926832	1200	16.035735550469273	0.0	487160	2277.6528080441785	0.5499999999999999
2604.9039747797333	1200	17.164539763418997	0.0	622896	2871.1957870502733	1.2
2607.4141059097856	1200	18.654408633366526	0.0	641447	2510.131130052474	1.2
2609.812956279116	1200	20.2555582640366	0.0	570392	2398.8503693299244	1.2
2611.9863800384364	1200	22.082134504715945	0.0	620283	2173.4237593206567	1.2
2613.8808218031227	1200	24.187692740029785	0.0	584349	1894.4417646861598	1.2
2617.382381848039	1850	24.686132695113585	0.0	1035329	3501.560044916201	1.2000000000000002
2620.670666147701	1850	25.397848395451515	0.0	1026056	3288.28429966207	1.85
2622.967888017083	1850	27.100626526069654	0.0	943942	2297.2218693818613	1.85
2625.073682982914	1850	28.9948315602388	0.0	728962	2105.794965830852	1.85
2629.9706996153473	2850	28.097814927805285	0.0	1499009	4897.016632433515	1.85
2633.8580016908204	2850	28.210512852332016	0.0	1427478	3887.3020754732697	2.85
2637.7207977501616	2850	28.347716792990656	0.0	1402287	3862.7960593413604	2.85
2641.3046731392487	2850	28.763841403903516	0.0	1339500	3583.8753890871412	2.85
2645.8555458168657	2850	28.212968726286206	0.0	1527299	4550.872677617309	2.85
2649.9110258068868	2850	28.15748873626532	0.0	1343002	4055.479990020886	2.85
2655.532197431643	2850	26.53631711150908	0.0	1587250	5621.171624756239	2.85
2660.0834568740884	2850	25.985057669063863	0.0	1464921	4551.259442445218	2.85
2666.5703763077786	4300	23.498138235373922	0.0	2246506	6486.919433689942	2.8499999999999996
2673.804135813485	4300	20.264378729667513	0.0	1961140	7233.759505706407	4.3
2680.4521604221286	4300	17.61635412102374	0.0	2155012	6648.0246086437755	4.3
2683.149527291084	750	18.918987252068444	0.0	450283	2697.3668689552933	0.75
2686.882324618946	1850	19.186189924206293	0.0	957685	3732.7973278621503	0.75
2692.480412414387	1850	17.588102128765147	0.0	877771	5598.08779544115	1.85
2699.9757731474183	1850	14.092741395733963	0.0	933276	7495.3607330311825	1.85
2707.3617745246597	1200	10.706740018492502	0.0	652874	7386.001377241462	0.5499999999999999
2712.1361421028023	750	9.93237244035017	0.0	318564	4774.367578142332	0.3
2713.453703850856	300	12.614810692296365	0.0	153295	1317.5617480538042	-0.15000000000000002
2714.393486057759	300	15.675028485393016	0.0	173849	939.7822069033505	0.3
2715.103675261924	300	18.96483928122826	0.0	150710	710.1892041647508	0.3
2716.6931250121015	750	21.37538953105081	0.0	362795	1589.4497501774485	0.3
2720.8027047623737	750	21.265809780778792	0.0	353220	4109.579750272021	0.75
2724.091793514492	750	21.976721028660492	0.0	405134	3289.0887521182995	0.75
2726.448893774158	750	23.619620768994725	0.0	386351	2357.1002596657677	0.75
2729.4488547222195	750	24.619659820933002	0.0	434409	2999.960948061727	0.75
2732.0114376441343	750	26.057076899018245	0.0	337059	2562.5829219147568	0.75
2733.6030731577844	750	28.465441385367768	0.0	366214	1591.6355136504742	0.75
2735.902366848542	1200	30.16614769461041	0.0	617242	2299.2936907573617	0.75
2738.115504285225	1200	31.95301025792717	0.0	581493	2213.1374366832397	1.2
2740.8390423650126	1200	33.22947217813986	0.0	639204	2723.5380797873113	1.2
2743.8143559865925	1850	34.25415855656029	0.0	923755	2975.3136215795585	1.2000000000000002
2746.830846768114	1850	35.23766777503842	0.0	891604	3016.4907815218776	1.85
2749.7648533157353	1850	36.303661227417614	0.0	955231	2934.0065476208065	1.85
2754.8760360666697	2850	35.19247847648322	0.0	1505760	5111.182750934403	1.85
2764.675652375204	2850	29.39286216794861	0.0	1323990	9799.616308534607	2.85
2783.396779315643	2850	14.671735227509409	0.0	1383735	18721.1269404392	2.85
2791.4614664655232	1200	10.607048077628857	0.0	590335	8064.687149880551	-0.44999999999999996
2800.4519404970983	1200	5.616574046053938	0.0	696376	8990.474031574919	1.2
2801.36701108066	300	8.701503462492196	0.0	111155	915.0705835617424	-0.6000000000000001
2802.8040638681723	300	11.264450674980127	0.0	153605	1437.0527875120674	0.3
2804.198804659939	300	13.869709883213584	0.0	149029	1394.7407917665435	0.3
2805.6163728927754	300	16.452141650376795	0.0	157421	1417.5682328367895	0.3
2806.6487266916683	300	19.419787851484056	0.0	157488	1032.3537988927383	0.3
2812.131731300265	750	17.93678324288742	0.0	369834	5483.00460859664	0.3
2817.7670007567226	750	16.301513786430124	0.0	412837	5635.269456457293	0.75
2822.2710575047918	750	15.797457038360946	0.0	401088	4504.056748069178	0.75
2825.4194511391333	750	16.649063404019063	0.0	365161	3148.3936343418804	0.75
2830.2668034376875	750	15.801711105465209	0.0	321064	4847.352298553856	0.75
2832.3861724122635	750	17.68234213088917	0.0	361565	2119.3689745760394	0.75
2834.761868351097	750	19.30664619205625	0.0	378327	2375.695938832918	0.75
2837.152688443287	750	20.915826099866212	0.0	390680	2390.820092190038	0.75
2838.8408999331327	750	23.227614610020034	0.0	345516	1688.2114898461764	0.75
2840.502127623856	750	25.566386919297184	0.0	384505	1661.2276907228531	0.75
2842.3792524888795	750	27.689262054273488	0.0	372093	1877.1248650236953	0.75
2845.0479330177686	1200	29.02058152538433	0.0	634861	2668.6805288891596	0.75
2847.0436881689648	1200	31.024826374187786	0.0	630203	1995.7551511965426	1.2
2851.6006478060763	1850	30.467866737076307	0.0	982064	4556.959637111479	1.2000000000000002
2861.2990662632087	4300	24.769448279943898	0.0	1961140	9698.418457132408	1.8499999999999996
2875.5822801787167	4300	14.486234364435589	0.0	2155012	14283.21391550831	4.3
2878.3641511720452	750	15.704363371107249	0.0	450283	2781.870993328341	0.75
2880.6922027616374	1200	17.376311781514875	0.0	611087	2328.0515895923727	0.75
2882.764907987688	1200	19.303606555464427	0.0	571051	2072.7052260504497	1.2
2884.982616677326	1200	21.085897865826226	0.0	617681	2217.708689638198	1.2
2887.798932678155	1200	22.269581864997885	0.0	652874	2816.3160008283426	1.2
2890.6614391186176	1200	23.407075424534717	0.0	520315	2862.5064404631703	1.2
2895.8303727730217	1850	22.238141770130298	0.0	905515	5168.933654404419	1.2000000000000002
2903.4283897750097	1850	18.640124768142545	0.0	1060487	7598.0170019877505	1.85
2905.6386590205234	1200	20.429855522628767	0.0	584846	2210.269245513776	0.5499999999999999
2907.9141931816207	1200	22.154321361531526	0.0	560821	2275.5341610972423	1.2

