11226.029897024408	750	4.0	2.0479839975854306	450283	2047.9839975854306	-8.056331189617351
11229.729125776394	1200	4.3007712480145015	0.0	611087	3699.228751985498	0.75
11231.883441676728	1200	6.14645534767953	0.0	571051	2154.315900334972	1.2
11234.482531868667	1850	7.54736515574168	0.0	933276	2599.0901919378507	1.2000000000000002
11237.794438122604	1850	8.235458901803304	0.0	996749	3311.9062539383767	1.85
11240.906777296743	1850	9.123119727665557	0.0	801058	3112.3391741377472	1.85
11243.39083920273	1850	10.639057821677472	0.0	905515	2484.0619059880846	1.85
11246.446680923995	1850	11.583216100413356	0.0	1060487	3055.841721264116	1.85
11248.710492073289	1850	13.319404951120667	0.0	852833	2263.811149292689	1.85
11252.460711282427	2850	13.569185741982897	0.0	1429765	3750.2192091377688	1.85
11255.983427324709	2850	14.046469699700381	0.0	1354548	3522.716042282516	2.85
11262.354241327606	4300	11.67565569680253	0.0	2102452	6370.814002897851	2.8499999999999996
11268.633312479855	4300	9.39658454455253	0.0	2209463	6279.071152249999	4.3
11274.81645426619	4300	7.213442758216882	0.0	2275376	6183.141786335648	4.3
11281.960866921236	4300	4.069030103173347	0.0	2005399	7144.412655043535	4.3
11284.75027112384	1850	5.279625900569001	0.0	923170	2789.4042026043467	-0.6000000000000001
11287.830887757162	1850	6.1990092672477495	0.0	966699	3080.616633321252	1.85
11292.896126952317	2850	5.1337700720921	0.0	1358801	5065.23919515565	1.85
11297.691599854428	2850	4.338297169980575	0.0	1537156	4795.4729021115245	2.85
11300.799669478078	1850	5.230227546331636	0.0	923755	3108.0696236489384	0.8500000000000001
11303.77490679539	1850	6.25499022901981	0.0	891604	2975.2373173118262	1.85
11306.20075320544	1850	7.8291438189715965	0.0	955231	2425.8464100482133	1.85
11310.140480718135	2850	7.889416306274566	0.0	1505760	3939.72751269703	1.85
11313.974063249012	2850	8.055833775398696	0.0	1323990	3833.582530875871	2.85
11318.283335249915	2850	7.74656177449717	0.0	1383735	4309.272000901526	2.85
11322.477106051496	2850	7.55279097291487	0.0	1480464	4193.7708015823	2.85
11327.822793258012	2850	6.207103766399566	0.0	1547572	5345.687206515305	2.85
11331.578866317688	2850	6.4510307067229204	0.0	1141971	3756.073059676645	2.85
11335.197019529312	2850	6.832877495097416	0.0	1498470	3618.1532116255034	2.85
11339.782364774937	2850	6.24753224947391	0.0	1561263	4585.345245623507	2.85
11343.533674826154	2850	6.496222198256332	0.0	1341201	3751.3100512175783	2.85
11347.898949721193	2850	6.130947303217818	0.0	1497683	4365.274895038514	2.85
11351.834558391933	2850	6.195338632477509	0.0	1358081	3935.608670740308	2.85
11358.237322310919	2850	4.0	0.2074252865095941	1587293	6402.763918987103	1.9580712680087455
11362.249838393605	1850	4.0	0.012516082688105144	1026056	4012.516082688105	0.796180844441148
11365.691628497143	1850	4.5582098964640485	0.0	943942	3441.790103535952	1.85
11368.36626273019	1850	5.883575663417374	0.0	728962	2674.6342330466746	1.85
11371.698870594331	1850	6.550967799274836	0.0	938587	3332.6078641425383	1.85
11375.186684173777	1850	7.063154219829979	0.0	908665	3487.813579444856	1.85
11378.000304319217	1850	8.24953407439026	0.0	930577	2813.620145439719	1.85
11379.922622397176	1850	10.327215996430757	0.0	858450	1922.3180779595034	1.85
11383.628805364977	2850	10.621033028630967	0.0	1527299	3706.1829677997903	1.85
11387.236327019831	2850	11.013511373777812	0.0	1343002	3607.5216548531557	2.85
11391.834819360603	2850	10.415019033006727	0.0	1587250	4598.492340771085	2.85
11397.096131421415	4300	9.153706972193548	0.0	2124950	5261.31206081318	2.8499999999999996
11402.856054516418	4300	7.39378387719029	0.0	2246506	5759.923095003258	4.3
11407.930871285706	4300	6.318967107902487	0.0	1961140	5074.816769287803	4.3
11412.878722839156	4300	5.371115554451833	0.0	2155012	4947.851553450653	4.3
11414.179978002718	750	8.069860390890327	0.0	450283	1301.2551635615075	0.75
11417.157830838678	1850	9.092007554929756	0.0	957685	2977.8528359605702	0.75
11420.700412534039	2850	9.549425859569059	0.0	1300868	3542.581695360697	1.85
11424.408035992543	2850	9.841802401066113	0.0	1520281	3707.623458502946	2.85
11428.125520937987	2850	10.124317455621824	0.0	1472558	3717.4849454442897	2.85
11431.371838410052	2850	10.877999983557373	0.0	1224260	3246.3174720644506	2.85
11435.196447354972	2850	11.053391038637033	0.0	1388403	3824.6089449203396	2.85
11441.244539156358	2850	9.005299237251013	0.0	1638769	6048.091801386021	2.85
11444.38698074962	2850	9.862857643988807	0.0	1348011	3142.4415932622046	2.85
11448.294533697734	2850	9.955304695875984	0.0	1429765	3907.5529481128224	2.85
11452.983713145199	2850	9.266125248411674	0.0	1354548	4689.17944746431	2.85
11458.944369117848	2850	7.30546927576344	0.0	1519951	5960.655972648234	2.85
11463.870012870313	2850	6.379825523296433	0.0	1422919	4925.643752467007	2.85
11469.45399135565	2850	4.79584703796134	0.0	1578343	5583.978485335093	2.85
11471.804509568301	1850	6.445328825309177	0.0	821631	2350.5182126521627	0.8500000000000001
11474.87464528282	1850	7.3751931107901605	0.0	923170	3070.1357145190177	1.85
11478.327774243447	1850	7.922064150162576	0.0	966699	3453.128960627584	1.85
11481.08945646843	1850	9.160381925181522	0.0	885714	2761.682224981055	1.85
11484.961986435736	2850	9.28785195787472	0.0	1537156	3872.5299673068016	1.85
11488.495433261602	2850	9.754405132008138	0.0	1336050	3533.446825866581	2.85
11493.327229704775	2850	8.92260868883411	0.0	1415116	4831.796443174027	2.85
11497.143230017165	2850	9.106608376445134	0.0	1468126	3816.0003123889765	2.85
11500.510551850035	2850	9.73928654357344	0.0	1505760	3367.3218328716944	2.85
11503.37178086286	2850	10.878057530748372	0.0	1323990	2861.2290128250684	2.85
11507.615038035392	2850	10.634800358215198	0.0	1383735	4243.2571725331745	2.85
11513.89699876349	2850	8.352839630117723	0.0	1480464	6281.960728097474	2.85
11518.284868821218	2850	7.964969572390303	0.0	1547572	4387.87005772742	2.85
11520.8412145791	2850	9.408623814507289	0.0	1141971	2556.3457578830134	2.85
11525.46689290787	2850	8.782945485738914	0.0	1498470	4625.678328768376	2.85
11529.827802372878	2850	8.422036020732325	0.0	1561263	4360.909465006588	2.85
11534.195237657204	2850	8.054600736407105	0.0	1341201	4367.43528432522	2.85
11538.406975104208	2850	7.8428632894050825	0.0	1497683	4211.737447002022	2.85
11542.175876417332	2850	8.0739619762804	0.0	1358081	3768.901313124683	2.85
11546.600994623903	2850	7.648843769709505	0.0	1587293	4425.1182065708945	2.85
11551.466756957749	2850	6.78308143586324	0.0	1492672	4865.762333846265	2.85
11557.280272293452	2850	4.969566100160036	0.0	1439896	5813.515335703203	2.85
11564.846724020303	2850	4.0	2.596885626689722	1139291	7566.451726849758	-8.316608194765804
11567.698567189202	1850	5.148156831100999	0.0	938587	2851.8431688990013	0.8500000000000001
11571.777676759062	1850	5.06904726124051	0.0	908665	4079.109569860489	1.85
11578.975592620533	1850	4.0	2.1288686002310353	930577	7197.915861471545	-7.304134980993451
11585.10998591483	1200	4.0	2.1343932942978436	566904	6134.393294297844	-8.627891165480726
11587.896927717497	1200	5.213058197334584	0.0	641452	2786.9418026654157	1.2
11590.78524139769	1200	6.324744517140052	0.0	599477	2888.313680194533	1.2
11598.113177312605	1200	4.0	1.0031913977743134	634861	7327.935914914365	-3.1137230104295472
11601.895349999724	750	4.21782731288136	0.0	398987	3782.1726871186406	0.3
11608.700700515978	750	4.0	2.587523203373653	393804	6805.350516255013	-10.376349774506707
11616.055177397428	750	4.0	3.3544768814496804	331053	7354.47688144968	-13.674250590233624
11622.887177277707	750	4.0	2.8319998802783792	314107	6831.999880278379	-11.42759948519703
11628.341214138507	750	4.0	1.4540368608020118	450283	5454.036860802012	-5.502358501448651
11632.970392688756	300	4.0	0.6291785502493676	155580	4629.178550249368	-2.855467766072281
11636.465106678495	300	4.5052860102622985	0.0	139857	3494.7139897377015	0.3
11639.924526946248	300	5.0458657425096005	0.0	155432	3459.420267752698	0.3
11643.61434208449	300	5.3560506042686065	0.0	163442	3689.8151382409947	0.3
11645.111584922086	300	7.858807766671032	0.0	126289	1497.2428375975746	0.3
11646.255836705195	300	10.714555983562649	0.0	153295	1144.251783108384	0.3
11649.093203349204	300	11.877189339551782	0.0	173849	2837.366644010866	0.3
11650.885968093711	300	14.084424595045311	0.0	150710	1792.764744506471	0.3
11661.018163427743	750	7.952229261012964	0.0	362795	10132.195334032347	0.3
11671.410314751613	750	4.0	2.4399220628546225	353220	10392.151323867587	-9.741664870274876
11676.6703110651	300	4.0	1.2599963134890277	156148	5259.996313489028	-5.56798414800282
11683.67989655607	300	4.0	3.0095854909699455	160746	7009.585490969946	-12.641217611170765
11686.99274995875	300	4.687146597319483	0.0	179801	3312.853402680517	0.3
11693.768136542067	300	4.0	2.0882399859966925	140051	6775.386583316175	-8.679431939785777
11698.634433930029	300	4.0	0.8662973879613292	138313	4866.297387961329	-3.4250787682337154
11701.524466302597	300	5.109967627431599	0.0	143509	2890.0323725684007	0.3
11704.846546630239	300	5.787887299787741	0.0	150616	3322.0803276438587	0.3
11708.953689903074	300	5.6807440269547005	0.0	165384	4107.14327283304	0.3
11712.378517016785	300	6.25591691324327	0.0	140881	3424.8271137114293	0.3
11716.497606799647	300	6.136827130380498	0.0	157671	4119.089782862773	0.3
11720.084213099159	300	6.550220830868006	0.0	157812	3586.6062995124926	0.3
11723.961231974947	300	6.673201955080762	0.0	163927	3877.018875787244	0.3
11724.943713651306	300	9.690720278720619	0.0	137654	982.481676360142	0.3
11725.953691215787	300	12.680742714240358	0.0	146754	1009.9775644802614	0.3
11726.743683686987	300	15.890750243041555	0.0	153938	789.9924711988018	0.3
11729.587442750173	750	17.046991179855716	0.0	425781	2843.7590631858384	0.3
11744.359254812336	1200	6.275179117693191	0.0	487160	14771.812062162524	0.75
11747.43141037061	750	7.203023559420184	0.0	400396	3072.155558273007	0.3
11749.202235833136	750	9.432198096892604	0.0	400508	1770.8254625275808	0.75
11750.906393213045	750	11.72804071698447	0.0	358218	1704.157379908134	0.75
11752.69300434219	750	13.941429587838428	0.0	400322	1786.6111291460415	0.75
11754.226928472752	750	16.40750545727791	0.0	369834	1533.9241305605137	0.75
11756.947814195919	1200	17.68661973411073	0.0	670129	2720.885723167178	0.75
11763.240867952378	2850	15.39356597765123	0.0	1492672	6293.053756459503	1.2000000000000002
11770.9529988786	2850	11.681435051429737	0.0	1439896	7712.130926221494	2.85
11776.03531994922	2850	10.599113980809552	0.0	1139291	5082.321070620184	2.85
11807.47752649298	2850	4.0	20.843092562949742	1499009	31442.206543759297	-86.77529802068389
11808.873354589421	750	6.60417190355726	0.0	378327	1395.828096442739	-1.35
11810.148301193856	750	9.329225299123687	0.0	390680	1274.9466044335736	0.75
11818.526346594052	1200	4.951179898926425	0.0	566904	8378.045400197263	0.75
11819.769452790555	750	7.708073702424944	0.0	384505	1243.1061965014808	0.3
11821.008728629955	750	10.468797863024891	0.0	372093	1239.2758394000539	0.75
11822.923839383307	750	12.553687109670907	0.0	438281	1915.1107533539835	0.75
11826.20083685369	1200	13.276689639288849	0.0	630203	3276.997470382058	0.75
11831.34878342349	1850	12.128743069489435	0.0	982064	5147.946569799414	1.2000000000000002
11868.239603151125	4300	4.0	24.762076658146928	1961140	36890.819727636364	-104.6269296300318
11870.397577430547	1200	5.842025720577966	0.0	550906	2157.9742794220347	-1.9000000000000001
11872.568505425235	750	7.671097725891366	0.0	450283	2170.927994686599	0.75
11875.078137272623	1200	9.161465878504211	0.0	611087	2509.6318473871543	0.75
11877.42301170938	1200	10.81659144174851	0.0	571051	2344.874436755701	1.2
11880.633199969618	1200	11.606403181509688	0.0	617681	3210.1882602388227	1.2
11884.694776197484	1850	11.544826953643328	0.0	996749	4061.576227866359	1.2000000000000002
11888.79285140187	1850	11.446751749257702	0.0	801058	4098.0752043856255	1.85
11893.571206567507	1850	10.668396583619153	0.0	905515	4778.355165638551	1.85
11902.959053889772	1850	5.280549261354545	0.0	1060487	9387.847322264608	1.85
11910.775133296995	1850	4.0	2.535530145867393	852833	7816.079407221938	-9.05277962722979
11917.509058270098	1200	4.0	2.733924973103395	560821	6733.924973103395	-11.2058773843446
11922.37440178145	750	4.0	0.8653435113510377	353220	4865.343511351038	-3.420977098809462
11924.984576986142	750	5.38982479530694	0.0	405134	2610.175204693059	0.75
11927.639881710516	750	6.734520070932396	0.0	386351	2655.304724374545	0.75
11931.276931844917	750	7.097469936530951	0.0	434409	3637.0501344014447	0.75
11933.819796358484	750	8.554605422963363	0.0	337059	2542.864513567589	0.75
11936.08693804571	750	10.287463735738328	0.0	366214	2267.141687225035	0.75
11944.30455393374	1200	6.0698478477094415	0.0	617242	8217.615888028886	0.75
11950.249819600545	1200	4.124582180904585	0.0	581493	5945.265666804857	1.2
11956.828063936753	750	4.0	2.4536621553030638	405596	6578.244336207648	-10.250747267803172
11958.033932524722	300	6.7941314120311	0.0	140881	1205.8685879688996	-0.15000000000000002
11961.078110270639	300	7.74995366611608	0.0	157671	3044.1777459150203	0.3
11963.191382912164	300	9.63668102459033	0.0	157812	2113.2726415257503	0.3
11971.060031687548	750	5.768032249205663	0.0	401853	7868.648775384666	0.3
11978.451498256558	750	4.0	1.6234343198045509	343800	7391.466569010214	-6.230767575159568
11988.771032131519	300	4.0	6.319533874961188	146754	10319.533874961187	-27.323995662333104
11991.966402345379	300	4.8046297861410405	0.0	153938	3195.3702138589597	0.3
11993.039001912224	300	7.7320302192936685	0.0	181901	1072.599566847372	0.3
11993.537584250842	300	11.233447880677977	0.0	111155	498.58233861569266	0.3
11994.213157929918	300	14.557874201601779	0.0	153605	675.5736790761981	0.3
11995.004362231211	300	17.76666990030789	0.0	149029	791.2043012938894	0.3
11995.786239878056	300	20.984792253462377	0.0	157421	781.8776468455153	0.3
12002.664354164091	2850	18.106677967426286	0.0	1497683	6878.114286036088	0.30000000000000027
12006.490097636299	2850	18.280934495219363	0.0	1358081	3825.7434722069224	2.85
12011.441368588732	2850	17.329663542785475	0.0	1587293	4951.27095243389	2.85
12016.753904285875	2850	16.01712784564229	0.0	1492672	5312.535697143187	2.85
12021.349682871903	2850	15.421349259613972	0.0	1439896	4595.778586028315	2.85
12024.663613499953	2850	16.107418631563128	0.0	1139291	3313.930628050844	2.85
12028.13664758654	2850	16.634384544977248	0.0	1499009	3473.03408658588	2.85
12033.280668211193	4300	15.490363920322299	0.0	2133870	5144.020624654951	2.8499999999999996
12038.266257225854	4300	14.50477490566103	0.0	2146120	4985.589014661269	4.3
12043.109376068398	4300	13.661656063116384	0.0	2108491	4843.118842544645	4.3
12048.248526646003	4300	12.522505485512058	0.0	2184571	5139.150577604326	4.3
12053.968397475726	4300	10.802634655789035	0.0	2121928	5719.870829723021	4.3
12058.548731995112	4300	10.222300136405297	0.0	2219102	4580.3345193837395	4.3
12063.781150933264	4300	8.989881198253372	0.0	2124950	5232.4189381519245	4.3
12069.178964855482	4300	7.592067276033588	0.0	2246506	5397.813922219783	4.3
12073.819146767002	4300	6.951885364514193	0.0	1961140	4640.181911519396	4.3
12080.669939819358	4300	4.101092312157534	0.0	2155012	6850.793052356658	4.3
12081.897002694308	750	6.874029437207635	0.0	450283	1227.0628749498992	0.75
12085.482706957438	1850	7.288325174076694	0.0	957685	3585.7042631309414	0.75
12088.92718761259	1850	7.843844518925927	0.0	877771	3444.480655150767	1.85
12093.32677018535	2850	7.44426194616533	0.0	1520281	4399.582572760597	1.85
12098.76492237531	2850	6.006109756204527	0.0	1472558	5438.152189960803	2.85
12103.398136950984	2850	5.3728951805309295	0.0	1224260	4633.214575673597	2.85
12107.20595682617	1850	5.5650753053455215	0.0	905515	3807.819875185408	0.8500000000000001
12110.445771844606	1850	6.325260286909568	0.0	1060487	3239.8150184359533	1.85
12112.7594755701	1850	8.011556561417505	0.0	852833	2313.7037254920633	1.85
12114.700985298748	1850	10.070046832768245	0.0	913888	1941.5097286492603	1.85
12116.576158109656	1850	12.194874021860794	0.0	939819	1875.1728109074506	1.85
12119.200329787363	1850	13.570702344151643	0.0	917428	2624.1716777091524	1.85
12124.929283150199	4300	11.84174898131601	0.0	2209463	5728.953362835634	1.8499999999999996
12129.978587857115	4300	10.792444274401099	0.0	2275376	5049.304706914912	4.3
12134.12004918261	4300	10.650982948906815	0.0	2005399	4141.461325494283	4.3
12138.697886340478	4300	10.073145791037067	0.0	2152483	4577.83715786975	4.3
12143.871083621598	4300	8.899948509918321	0.0	2289689	5173.197281118746	4.3
12148.4442527463	4300	8.326779385216202	0.0	2059512	4573.169124702117	4.3
12153.235604162122	4300	7.535427969391364	0.0	2220726	4791.351415824839	4.3
12157.763380381091	4300	7.007651750424189	0.0	2156729	4527.776218967176	4.3
12162.356282713528	4300	6.414749417986562	0.0	2039773	4592.902332437626	4.3
12167.304753309754	4300	5.4662788217603575	0.0	2176469	4948.470596226205	4.3
12172.14143129986	4300	4.6296008316562345	0.0	2221506	4836.677990104123	4.3
12175.325143697657	2850	5.445888433859669	0.0	1323990	3183.7123977965657	1.4000000000000001
12178.231589957692	2850	6.53944217382466	0.0	1383735	2906.446260035009	2.85
12181.27239024564	2850	7.498641885875534	0.0	1480464	3040.800287949126	2.85
12187.001533723407	4300	5.769498408109284	0.0	2395588	5729.143477766251	2.8499999999999996
12191.179039200764	4300	5.591992930751185	0.0	1972048	4177.505477358099	4.3
12197.093782678554	4300	4.0	0.3227505470377819	2134614	5914.743477788967	2.912172647737538
12200.787254006724	2850	4.306528671829998	0.0	1561263	3693.4713281700024	1.4000000000000001
12204.452884360951	2850	4.640898317600216	0.0	1341201	3665.6303542297815	2.85
12208.785988462165	2850	4.30779421638831	0.0	1497683	4333.104101211907	2.85
12212.096054923351	2850	4.997727755201766	0.0	1358081	3310.066461186544	2.85
12216.659890613671	2850	4.433892064881524	0.0	1587293	4563.835690320241	2.85
12219.900337683915	2850	5.19344499463687	0.0	1492672	3240.4470702446542	2.85
12224.991218696947	2850	4.102563981606723	0.0	1439896	5090.881013030147	2.85
12227.842566598614	2850	5.251216079939169	0.0	1139291	2851.3479016675533	2.85
12233.974652717663	2850	4.0	0.8808700391093471	1499009	6132.086119048517	-0.9377411681701924
12236.117005301712	1850	5.857647415951304	0.0	908665	2142.3525840486964	0.8500000000000001
12239.808010539411	2850	6.166642178253597	0.0	1402287	3691.0052376977064	1.85
12245.011513741989	2850	4.9631389756761175	0.0	1339500	5203.50320257748	2.85
12255.888693563302	2850	4.0	5.914040845635491	1527299	10877.179821311609	-22.58037563623261
12261.231105893969	1850	4.0	1.3424123306665479	886255	5342.412330666548	-4.922373021866155
12266.364846230104	1200	4.0	1.1337403361376701	634861	5133.74033613767	-4.325083445391981
12267.863462656082	1200	6.5013835740245325	0.0	630203	1498.6164259754682	1.2
12272.469952745456	1850	5.8948934846493515	0.0	982064	4606.490089375181	1.2000000000000002
12275.540712193128	1850	6.824134036978336	0.0	830730	3070.759447671015	1.85
12281.29718327334	2850	5.067662956766005	0.0	1364537	5756.47108021233	1.85
12283.531745792427	750	6.833100437679844	0.0	450283	2234.562519086161	0.75
12286.803987290124	1200	7.560858939981555	0.0	611087	3272.2414976982895	0.75
12291.772544052272	1850	6.592302177835177	0.0	877771	4968.556762146379	1.2000000000000002
12296.460528845899	1850	5.9043173842070535	0.0	933276	4687.984793628123	1.85
12300.547367641148	1850	5.817478588958092	0.0	996749	4086.838795248962	1.85
12305.043999796768	1850	5.320846433337083	0.0	801058	4496.632155621009	1.85
12307.272997861615	1200	7.091848368490551	0.0	561791	2228.9980648465325	0.5499999999999999
12312.528717291238	1850	5.836128938866831	0.0	1060487	5255.719429623719	1.2000000000000002
12315.95735251903	1850	6.40749371107548	0.0	852833	3428.6352277913516	1.85
12319.145204694156	1850	7.219641535948927	0.0	913888	3187.852175126552	1.85
12323.732425574142	1850	6.63242065596276	0.0	939819	4587.220879986167	1.85
12328.421716820358	1850	5.9431294097481375	0.0	917428	4689.291246214622	1.85
12332.903701799913	1850	5.461144430193528	0.0	946851	4481.98497955461	1.85
12338.126697051734	1850	4.2381491783717635	0.0	1036454	5222.995251821764	1.85
12339.941145948842	1200	6.423700281262877	0.0	526950	1814.4488971088865	0.5499999999999999
12344.82456479829	1850	5.5402814318151625	0.0	923170	4883.418849447715	1.2000000000000002

