9182.663932560405	750	4.0	1.7642452313647095	450283	1764.2452313647095	-6.836254494868251
9183.23645137483	300	7.42748118557492	0.0	155580	572.5188144250797	-0.15000000000000002
9183.832497537353	300	10.831435023053865	0.0	139857	596.0461625210556	0.3
9184.526446494963	300	14.137486065442936	0.0	155432	693.9489576109298	0.3
9186.185796480804	750	16.478136079600468	0.0	411561	1659.3499858424682	0.3
9187.354661945792	750	19.3092706146131	0.0	318564	1168.8654649873647	0.75
9188.84547116951	750	21.8184613908939	0.0	352642	1490.8092237191993	0.75
9190.464771517218	750	24.19916104318853	0.0	437162	1619.3003477053737	0.75
9191.92242915054	750	26.74150340986486	0.0	374758	1457.6576333236706	0.75
9193.274978678555	750	29.388953881848362	0.0	362795	1352.5495280164926	0.75
9194.999488163196	750	31.664444397209746	0.0	353220	1724.5094846386164	0.75
9196.488411917298	750	34.17552064310679	0.0	405134	1488.9237541029522	0.75
9199.146311711633	1200	35.51762084877222	0.0	624282	2657.899794334578	0.75
9201.831280669103	1200	36.832651891303534	0.0	687371	2684.968957468683	1.2
9203.861534487885	1200	38.80239807252204	0.0	526950	2030.2538187814955	1.2
9206.0293241468	1200	40.63460841360496	0.0	587876	2167.7896589170746	1.2
9208.144640031716	1200	42.519292528690784	0.0	617242	2115.3158849141746	1.2
9210.397144116288	1200	44.26678844411819	0.0	581493	2252.5040845725944	1.2
9213.061347053399	1200	45.6025855070063	0.0	639204	2664.2029371118874	1.2
9215.343773263328	1200	47.32015929707712	0.0	586839	2282.4262099291873	1.2
9217.537204460543	1200	49.12672809986297	0.0	601738	2193.431197214147	1.2
9219.78112994358	1200	50.882802616825415	0.0	616206	2243.925483037558	1.2
9222.120809813621	1200	52.54312274678411	0.0	656471	2339.6798700413033	1.2
9224.187886924392	1200	54.47604563601355	0.0	536667	2067.0771107705564	1.2
9227.326119116797	1850	55.33781344360837	0.0	897976	3138.2321924051803	1.2000000000000002
9230.631508975004	1850	56.0324235854006	0.0	905935	3305.3898582077704	1.85
9234.788633338589	1850	55.87529922181697	0.0	1076599	4157.124363583637	1.85
9237.734867629948	1850	56.92906493045963	0.0	758197	2946.234291357336	1.85
9242.70494046094	1850	55.95899209946596	0.0	972798	4970.072830993665	1.85
9246.579401500694	1850	56.08453105971213	0.0	975811	3874.461039753835	1.85
9249.465883077715	1850	57.19804948269222	0.0	873429	2886.4815770199066	1.85
9252.702834986228	1850	57.96109757417765	0.0	954453	3236.951908514571	1.85
9255.76795726886	1850	58.89597529154615	0.0	885062	3065.1222826314975	1.85
9259.6057117737	1850	59.05822078670812	0.0	1035329	3837.7545048380366	1.85
9263.047841685247	1850	59.616090875160495	0.0	1026056	3442.1299115476218	1.85
9266.972627998455	1850	59.691304561953245	0.0	943942	3424.786313207251	1.85
9270.250159945748	1850	59.82450892301249	0.0	728962	2866.7956389407564	1.85
9274.505331635453	1850	59.56933723330908	0.0	938587	4255.171689703403	1.85
9278.264086179111	1850	59.66791396050809	0.0	908665	3401.423272800995	1.85
9282.25846165028	1850	59.539891860351105	0.0	930577	3628.022100156983	1.85
9285.881076121395	1850	59.91727738923554	0.0	858450	3622.614471115565	1.85
9290.190292411036	1850	59.608061099594565	0.0	1025005	4309.216289640974	1.85
9293.962485617736	1850	59.835867892894356	0.0	886255	3772.1932067002163	1.85
9298.089759044542	1850	59.708594466086915	0.0	973972	4127.273426807444	1.85
9304.178790861137	1850	57.61956264949326	0.0	958994	6089.031816593654	1.85
9310.15364819041	2850	55.644705320222364	0.0	1483527	5974.857329270899	1.85
9315.205673910048	2850	54.59267960058254	0.0	1231456	5052.025719639817	2.85
9321.122526805973	2850	52.67582670465786	0.0	1364537	5916.852895924691	2.85
9323.12515587651	750	54.67319763412035	0.0	450283	2002.6290705375072	0.75
9325.318405836657	750	56.47994767397331	0.0	398865	2193.2499601470395	0.75
9328.518049250411	1200	57.28030426021824	0.0	571051	3199.6434137550714	0.75
9331.549006862802	1200	58.249346647826044	0.0	617681	3030.957612392193	1.2
9334.60734349568	1200	59.19101001494835	0.0	652874	3058.3366328776974	1.2
9337.733883190678	1200	59.665857775657805	0.0	520315	2525.1522392905363	1.2
9344.746186689412	1850	56.653554276924844	0.0	905515	7012.3034987329675	1.2000000000000002
9353.005549260613	1850	52.3941917057252	0.0	1060487	8259.36257119964	1.85
9358.588870274085	1200	50.81087069225169	0.0	584846	5583.321013473513	0.5499999999999999
9365.577651886555	1200	47.82208907978367	0.0	560821	6988.781612468011	1.2
9370.395856927766	1200	47.00388403857287	0.0	607410	4818.205041210809	1.2
9373.27712750978	1200	48.12261345655897	0.0	594078	2881.2705820138954	1.2
9375.305604107234	750	50.094136859104516	0.0	386351	2028.4765974544578	0.3
9377.353483768904	750	52.046257197434166	0.0	434409	2047.8796616703567	0.75
9379.122572731983	750	54.27716823435554	0.0	337059	1769.0889630786191	0.75
9382.393568399719	1200	55.00617256662049	0.0	587876	3270.9956677350474	0.75
9385.518104840836	1200	55.881636125503604	0.0	617242	3124.5364411168957	1.2
9389.674131495578	1200	55.72560947076167	0.0	581493	4156.02665474194	1.2
9401.602683287123	1200	47.79705767921742	0.0	639204	11928.551791544245	1.2
9407.1729999066	750	46.2267410597416	0.0	350713	5570.316619475813	0.3
9414.860818450581	750	42.53892251576063	0.0	386472	7687.8185439809695	0.75
9421.576130592193	750	39.82361037414798	0.0	399894	6715.312141612651	0.75
9423.844894690319	300	41.55484627602159	0.0	163927	2268.764098126392	-0.15000000000000002
9425.943971535833	300	43.455769430507694	0.0	137654	2099.0768455138978	0.3
9428.52561956042	300	44.87412140592159	0.0	146754	2581.648024586099	0.3
9431.574173533998	300	45.825567432342915	0.0	153938	3048.5539735786806	0.3
9434.103497318329	300	47.296243648012634	0.0	181901	2529.323784330279	0.3
9435.694305970324	300	49.7054349960173	0.0	111155	1590.808651995328	0.3
9438.400370247666	300	50.99937071867647	0.0	153605	2706.0642773408404	0.3
9439.580510817834	300	53.81923014850905	0.0	149029	1180.1405701674166	0.3
9440.618067764142	300	56.78167320220042	0.0	157421	1037.5569463086254	0.3
9441.487811228018	300	59.91192973832491	0.0	157488	869.7434638755125	0.3
9442.503002124015	300	59.743992036846606	0.0	143881	667.9377014782991	0.3
9443.873359543915	300	59.66693992415523	0.0	163444	1077.052112691373	0.3
9453.182417289792	1200	54.35788217827876	0.0	690253	9309.057745876476	0.29999999999999993
9457.895626714131	1200	53.644672753938806	0.0	598727	4713.209424339949	1.2
9461.054994365872	1200	54.48530510219832	0.0	487812	3159.367651740487	1.2
9464.405310834265	1200	55.134988633804184	0.0	575591	3350.316468394139	1.2
9469.64414453407	1200	53.89615493399836	0.0	605884	5238.833699805823	1.2
9479.230839471607	750	48.309459996462216	0.0	390680	9586.69493753614	0.3
9482.868753771474	750	48.67154569659347	0.0	345516	3637.9142998687494	0.75
9486.559974684038	750	48.98032478403147	0.0	384505	3691.2209125620084	0.75
9490.595240688806	750	48.94505877926303	0.0	372093	4035.266004768433	0.75
9497.944697060535	300	45.595602407534884	0.0	172312	7349.456371728152	-0.15000000000000002
9500.317451665289	300	47.22284780277954	0.0	167025	2372.7546047553415	0.3
9501.569139108526	300	49.97116035954314	0.0	160064	1251.6874432363966	0.3
9503.91270264213	750	51.62759682593853	0.0	331053	2343.563533604608	0.3
9509.026431343906	1850	50.513868124163494	0.0	846370	5113.728701775046	0.75
9511.7452813402	750	51.79501812786819	0.0	450283	2718.8499962952988	0.75
9514.841393664588	750	52.69890580347991	0.0	398865	3096.112324388281	0.75
9517.966799616246	750	53.573499851824344	0.0	350812	3125.4059516555612	0.75
9521.365076421425	750	54.17522304664596	0.0	382355	3398.276805178388	0.75
9523.954134070655	750	55.58616539741495	0.0	411561	2589.0576492310097	0.75
9526.29414586336	750	57.246153604711175	0.0	318564	2340.0117927037777	0.75
9528.524661176189	750	59.01563829188344	0.0	352642	2230.515312827728	0.75
9531.888854529303	750	59.651444938768215	0.0	437162	3364.193353115227	0.75
9534.80212745753	750	59.68520862095265	0.0	374758	2466.2363178155674	0.75
9538.790521214441	750	59.60453004770271	0.0	362795	3580.6785732499443	0.75
9541.659725685719	750	59.55828540389471	0.0	353220	2546.2446438080046	0.75
9545.57469163025	750	59.64331945936436	0.0	405134	3914.9659445303423	0.75
9548.072735413389	750	59.648260453794215	0.0	386351	2495.0590055701496	0.75
9551.650196569466	750	59.80152226454116	0.0	434409	2846.738189253057	0.75
9556.514946641792	750	58.936772192215955	0.0	337059	4864.750072325205	0.75
9562.421415994091	750	57.03030283991601	0.0	366214	5906.469352299947	0.75
9571.808284065897	750	51.64343476811081	0.0	360831	9386.868071805202	0.75
9580.244504126342	750	47.20721470766494	0.0	372963	8436.220060445863	0.75
9583.904235666218	300	47.54748316778939	0.0	165384	3659.7315398755527	-0.15000000000000002
9590.200760228101	300	45.25095860590504	0.0	140881	6296.524561884346	0.3
9599.08584293086	300	40.36587590314691	0.0	157671	8885.08270275813	0.3
9605.72053180998	300	37.73118702402614	0.0	157812	6634.68887912077	0.3
9611.197008195513	300	36.25471063849269	0.0	163927	5476.476385533455	0.3
9615.049927721398	300	36.40179111260885	0.0	137654	3852.9195258838363	0.3
9621.584717674865	300	33.867001159142525	0.0	146754	6534.789953466324	0.3
9626.177774679969	300	33.27394415403833	0.0	153938	4593.057005104196	0.3
9631.63029705919	300	31.821421774817598	0.0	181901	5452.522379220735	0.3
9632.880396947048	300	34.571321886958245	0.0	111155	1250.0998878593564	0.3
9634.659421205588	300	36.79229762841938	0.0	153605	1779.0242585388605	0.3
9636.15026086211	300	39.30145797189667	0.0	149029	1490.8396565227058	0.3
9637.56344788485	300	41.888270949156215	0.0	157421	1413.187022740461	0.3
9639.246037909279	300	44.20568092472867	0.0	157488	1682.5900244275442	0.3
9640.124744159553	300	47.32697467445391	0.0	143881	878.7062502747577	0.3
9641.13392657563	300	50.317792258375796	0.0	163444	1009.1824160781075	0.3
9643.57508536916	750	51.87663346484553	0.0	401088	2441.15879353027	0.3
9646.135767602895	750	53.31595123111225	0.0	365161	2560.6822337332815	0.75
9648.61903755539	750	54.832681278615304	0.0	321064	2483.2699524969485	0.75
9650.593385744534	750	56.85833308947169	0.0	361565	1974.348189143607	0.75
9652.750224964242	750	58.70149386976287	0.0	378327	2156.839219708823	0.75
9655.725719003898	750	59.725999830106204	0.0	390680	2475.4940396566694	0.75
9660.248807568729	750	59.20291126527576	0.0	345516	4523.088564830437	0.75
9667.80169703067	750	55.650021803333566	0.0	384505	7552.889461942197	0.75
9671.617794517573	750	55.8339243164314	0.0	372093	3816.097486902161	0.75
9677.358358574234	750	54.09336025977055	0.0	438281	5740.564056660859	0.75
9681.619868750893	750	53.83185008311124	0.0	398987	4261.510176659305	0.75
9685.64050644672	750	53.811212387284414	0.0	393804	4020.637695826825	0.75
9689.960604100323	1200	53.49111473368162	0.0	538612	4320.097653602798	0.75
9699.207301662202	2850	48.244417171802496	0.0	1364537	9246.697561879124	1.2000000000000002
9701.528977486249	750	49.92274134775407	0.0	450283	2321.6758240484273	0.75
9704.013885092021	750	51.43783374198096	0.0	398865	2484.9076057731095	0.75
9705.592662896723	750	53.85905593727952	0.0	350812	1578.7778047014424	0.75
9707.357065759139	750	56.09465307486213	0.0	382355	1764.4028624173895	0.75
9710.302460077672	1200	57.149258756329	0.0	652874	2945.394318533128	0.75
9712.63675105221	1200	58.814967781790116	0.0	520315	2334.2909745388806	1.2
9715.212734636685	1200	59.83661471434037	0.0	561791	2478.353067449742	1.2
9720.028557210695	1200	59.02079214033018	0.0	709534	4815.822574010189	1.2
9724.507949288232	1200	58.54140006279342	0.0	584846	4479.392077536757	1.2
9727.50125996703	1200	59.54808938399677	0.0	560821	2493.3106787966535	1.2
9731.03157067941	1200	59.72101195149072	0.0	607410	2827.0774325060515	1.2
9734.174891025694	1200	59.94646841828542	0.0	594078	2774.5435332053007	1.2
9737.11596255319	1200	59.85532106107815	0.0	624282	2591.1473572072614	1.2
9740.372899121287	1200	59.831814862173005	0.0	687371	3023.506198905149	1.2
9743.970579647164	1200	59.58918978382959	0.0	526950	3242.6250783434143	1.2
9748.645135500437	1200	58.914633930558104	0.0	587876	4674.555853271485	1.2
9754.329369378003	1200	57.23040005299146	0.0	617242	5684.233877566645	1.2
9757.610732692217	1200	57.94903673877767	0.0	581493	3281.3633142137887	1.2
9761.368621153406	1200	58.191148277589015	0.0	639204	3757.888461188651	1.2
9765.251273833717	1200	58.308495597277236	0.0	586839	3882.6526803117786	1.2
9769.878904921088	1200	57.68086450990781	0.0	601738	4627.631087369425	1.2
9776.502868634976	1200	55.056900796019086	0.0	616206	6623.963713888727	1.2
9782.75275993699	1200	52.80700949400497	0.0	656471	6249.891302014113	1.2
9789.507128422425	1200	50.05264100857154	0.0	536667	6754.368485433435	1.2
9799.378625630703	1200	44.18114380029363	0.0	587236	9871.497208277902	1.2
9806.696229103798	1200	40.86354032719802	0.0	590335	7317.603473095616	1.2
9809.570947138467	1200	41.98882229252902	0.0	696376	2874.7180346689934	1.2
9813.558982924393	1200	42.00078650660406	0.0	487160	3988.035785924961	1.2
9816.244800007033	1200	43.31496942396362	0.0	622896	2685.8170826404453	1.2
9818.679103470186	1200	44.88066596080985	0.0	641447	2434.30346315377	1.2
9820.70999761202	1200	46.84977181897492	0.0	570392	2030.8941418349266	1.2
9822.963605337396	1200	48.59616409359851	0.0	620283	2253.607725376408	1.2
9824.949326376347	1200	50.61044305464829	0.0	584349	1985.721038950223	1.2
9827.321956607344	1200	52.23781282365096	0.0	670129	2372.630230997327	1.2
9831.040830393813	1850	52.51893903718104	0.0	1026056	3718.873786469918	1.2000000000000002
9834.573092609968	1850	52.98667682102692	0.0	943942	3532.2622161541235	1.85
9837.450103670946	1850	54.10966576005047	0.0	728962	2877.0110609764547	1.85
9840.636011660396	1850	54.923757770599956	0.0	938587	3185.9079894505094	1.85
9844.092445877757	1850	55.46732355323814	0.0	908665	3456.4342173618206	1.85
9847.115361206334	1850	56.44440822466161	0.0	930577	3022.91532857653	1.85
9850.196803421843	1850	57.36296600915378	0.0	858450	3081.442215507826	1.85
9853.630079644128	1850	57.929689786867385	0.0	1025005	3433.2762222863976	1.85
9857.005423421211	1850	58.554346009784474	0.0	886255	3375.343777082912	1.85
9861.077959313092	1850	58.48181011790288	0.0	973972	4072.535891881589	1.85
9864.670109979412	1850	58.889659451583896	0.0	958994	3592.15066631899	1.85
9869.53772089414	1850	58.02204853685516	0.0	982064	4867.610914728737	1.85
9879.708445474313	4300	51.85132395668379	0.0	1961140	10170.724580171363	1.8499999999999996
9892.21396142646	4300	43.345808004536416	0.0	2155012	12505.515952147374	4.3
9894.253598455676	750	45.3061709753182	0.0	450283	2039.637029218219	0.75
9896.309159361934	1200	47.25061006906063	0.0	611087	2055.560906257574	0.75
9898.27153892848	1200	49.28823050251429	0.0	571051	1962.3795665463376	1.2
9903.188510447446	1200	48.371258983548124	0.0	617681	4916.971518966159	1.2
9906.23545151768	1200	49.324317913315724	0.0	652874	3046.941070232405	1.2
9908.735943687287	1200	50.823825743708944	0.0	520315	2500.4921696067854	1.2
9910.985260384325	1200	52.57450904667116	0.0	561791	2249.31669703778	1.2
9914.689646532886	1200	52.87012289810958	0.0	709534	3704.3861485615876	1.2
9920.52629864797	1200	51.03347078302506	0.0	584846	5836.652115084514	1.2
9926.108867952747	1200	49.45090147824758	0.0	560821	5582.569304777484	1.2
9931.7191197194	1200	47.84064971159442	0.0	607410	5610.251766653156	1.2
9935.296036912261	750	48.2637325187345	0.0	405134	3576.917192859928	0.3
9939.599353984484	750	47.96041544650977	0.0	386351	4303.3170722247305	0.75
9944.014082719394	750	47.545686711601796	0.0	434409	4414.728734907972	0.75
9947.369405883375	750	48.19036354761884	0.0	337059	3355.323163982964	0.75
9950.765948771374	750	48.793820659620465	0.0	366214	3396.5428879983724	0.75
9953.500063825444	750	50.0597056055508	0.0	360831	2734.11505406966	0.75
9955.297528574372	750	52.26224085662322	0.0	372963	1797.4647489275824	0.75
9957.136592938177	750	54.423176492817085	0.0	405596	1839.0643638061406	0.75
9958.646529987038	750	56.91323944395759	0.0	350713	1509.937048859484	0.75
9961.554142794914	1200	58.00562663607995	0.0	601738	2907.6128078776424	0.75
9964.115217506322	1200	59.444551924674265	0.0	616206	2561.0747114056844	1.2
9966.953210958769	1200	59.9419018517959	0.0	656471	2502.650072878362	1.2
9969.778042684002	1200	59.64715767896426	0.0	536667	2294.7441728316303	1.2
9972.599990237935	1200	59.696727678198094	0.0	587236	2450.4300007661727	1.2
9975.22228460617	1200	59.7708392706642	0.0	590335	2425.888407533893	1.2
9979.110637827262	1850	59.8824860495713	0.0	1076599	3888.353221092897	1.2000000000000002
9983.06882364264	1850	59.924300234194725	0.0	758197	3958.1858153765775	1.85
9987.7297569315	1850	59.26336694533425	0.0	972798	4660.933288860478	1.85
9991.627122405056	1850	59.366001471779704	0.0	975811	3897.3654735545447	1.85
9995.323191800977	1850	59.66993207585923	0.0	873429	3696.0693959204727	1.85
9999.59649622641	1850	59.39662765042665	0.0	954453	4273.304425432581	1.85
10003.378543479146	1850	59.58691281452737	0.0	885062	3309.7148358992754	1.85
10009.937729634696	1850	57.02772665897838	0.0	1035329	6559.186155548992	1.85
10014.609772011188	1850	56.35568428248401	0.0	1026056	4672.042376494368	1.85
10018.013998506172	1850	56.9514577875003	0.0	943942	3404.2264949837117	1.85
10020.201948898293	1850	58.76350739537897	0.0	728962	2187.950392121325	1.85
10023.025857250992	1850	59.93959904268074	0.0	938587	2823.9083526982336	1.85
10026.9090391263	1850	59.527331199369485	0.0	908665	3412.2678433112496	1.85
10030.562552123527	1850	59.87381820214304	0.0	930577	3653.5129972264504	1.85
10034.178068787916	1850	59.96877338455912	0.0	858450	2905.044817583917	1.85
10037.912680313531	1850	59.91120354515425	0.0	1025005	3057.56983940487	1.85
10040.688367236708	1850	59.80738092667109	0.0	886255	2103.8226184831633	1.85
10044.195858629371	1850	59.5890673826855	0.0	973972	2718.3135439855873	1.85
10048.021217310674	2850	59.763708701382924	0.0	1464921	3825.358681302578	1.85
10052.835046437463	4300	58.94987957459453	0.0	2246506	4813.829126788389	2.8499999999999996
10056.681317560608	4300	59.10360845145059	0.0	1961140	3846.2711231439353	4.3
10062.822901901573	4300	56.96202411048449	0.0	2155012	6141.584340966099	4.3
10063.797632209224	750	59.98729380283522	0.0	450283	974.7303076492766	0.75
10066.404666528633	1850	59.774252357395284	0.0	957685	1713.041445439931	0.75
10069.519004868112	2850	59.82457962464066	0.0	1300868	2449.6727327546228	1.85
10073.117721823537	2850	59.781553950290935	0.0	1520281	3043.0256743497257	2.85
10076.680568823167	2850	59.72797609101474	0.0	1472558	3053.5778592761976	2.85
10079.352409506078	2850	59.602190319733886	0.0	1224260	2125.7857712808554	2.85
10082.031543041334	2850	59.7311510079223	0.0	1388403	2371.039311811584	2.85
10085.039359123155	2850	59.799790078733416	0.0	1638769	2931.3609291888865	2.85
10088.73057872093	2850	59.94790785616204	0.0	1348011	2851.8822225713757	2.85
10092.470026414421	2850	59.6938526970176	0.0	1429765	2754.055159144447	2.85
10095.822729610689	2850	59.70419736605721	0.0	1354548	2489.655330960386	2.85
10099.372806084913	2850	59.81168306159894	0.0	1519951	2892.514304458272	2.85
10102.349580761835	2850	59.83657680802138	0.0	1422919	2475.106253577563	2.85
10105.565176274149	2850	59.935113263536415	0.0	1578343	2901.46354448496	2.85
10108.293458631397	2850	59.92903806882742	0.0	1231445	2506.0751947089952	2.85
10112.267026233418	2850	59.95547046680534	0.0	1471065	3473.567602022078	2.85
10116.402716211525	2850	59.81978048869782	0.0	1491626	3635.6899781075113	2.85
10119.425593027143	2850	59.97357445222344	0.0	1358801	2346.2060364743916	2.85
10123.69280707712	2850	59.62830281680669	0.0	1537156	3345.2716354167474	2.85
10126.94371152492	2850	59.62232180018515	0.0	1336050	2505.9810166215375	2.85
10131.973561642088	2850	58.5924716830177	0.0	1415116	5029.850117167449	2.85

