94503.80910008698	750	4.0	3.577861463103849	450283	3577.861463103849	0.8	-14.63480429134655
94507.60628421766	750	4.20281586931544	0.0	398865	3797.1841306845604	0.75	0.75
94510.62912538816	750	5.179974698811374	0.0	350812	3022.841170504066	0.75	0.75
94513.7428541774	750	6.066245909577417	0.0	382355	3113.728789233956	0.75	0.75
94516.80260457478	750	7.006495512190982	0.0	411561	3059.7503973864345	0.75	0.75
94519.21549511288	750	8.593604974090923	0.0	318564	2412.8905381000595	0.7	0.75
94521.94029280938	750	9.868807277592607	0.0	352642	2724.797696498316	0.7	0.75
94525.12199035168	750	10.687109735299286	0.0	437162	3181.6975422933215	0.7	0.75
94527.98477666636	750	11.824323420623783	0.0	374758	2862.786314675503	0.7	0.75
94530.78857431893	750	13.020525768051701	0.0	362795	2803.797652572082	0.7	0.75
94533.31981580908	750	14.489284277894313	0.0	353220	2531.241490157387	0.7	0.75
94536.37044610812	750	15.438653978867391	0.0	405134	3050.6302990269223	0.7	0.75
94539.26253963253	750	16.54656045445655	0.0	386351	2892.0935244108427	0.7	0.75
94543.42072394978	1200	16.388376137216618	0.0	687371	4158.18431723993	0.7	0.75
94548.40216505495	1200	15.406935032024016	0.0	526950	4981.441105192604	0.7	1.2
94552.8182071953	1200	14.990892891668928	0.0	587876	4416.042140355088	0.7	1.2
94559.6683905796	1200	12.140709507390161	0.0	617242	6850.1833842787655	0.7	1.2
94566.37035484186	1200	9.438745245134797	0.0	581493	6701.964262255366	0.7	1.2
94571.35537400261	750	8.453726084385181	0.0	405596	4985.0191607496145	0.7	0.3
94574.70447986801	750	9.104620218981207	0.0	350713	3349.105865403976	0.7	0.75
94579.01806635318	750	8.791033733819631	0.0	386472	4313.586485161575	0.7	0.75
94583.09238924847	750	8.716710838509897	0.0	399894	4074.3228953097355	0.7	0.75
94586.99859140726	750	8.81050867973088	0.0	401853	3906.202158779016	0.7	0.75
94590.63322659764	750	9.17587348934681	0.0	343800	3634.6351903840687	0.7	0.75
94594.16127155955	750	9.647828527435427	0.0	359903	3528.044961911383	0.7	0.75
94597.72816824156	750	10.080931845424836	0.0	379700	3566.8966820105925	0.7	0.75
94602.06378866616	750	9.745311420828235	0.0	425781	4335.620424596601	0.7	0.75
94604.85047002307	750	10.95863006391882	0.0	277716	2786.6813569094147	0.7	0.75
94608.29377527427	750	11.515324812705487	0.0	400396	3443.305251213333	0.7	0.75
94612.39480481742	750	11.414295269561219	0.0	400508	4101.029543144268	0.7	0.75
94616.01900216116	750	11.79009792582706	0.0	358218	3624.1973437341594	0.7	0.75
94620.26966131537	750	11.539438771620873	0.0	400322	4250.659154206188	0.7	0.75
94623.87383316304	750	11.935266923954755	0.0	369834	3604.1718476661185	0.7	0.75
94629.36226207695	750	10.446838010042582	0.0	412837	5488.428913912173	0.7	0.75
94634.63533095711	750	9.173769129865907	0.0	401088	5273.0688801766755	0.7	0.75
94638.35584105017	750	9.453259036807681	0.0	365161	3720.510093058225	0.7	0.75
94642.37173088538	750	9.437369201601213	0.0	321064	4015.8898352064693	0.7	0.75
94647.10080717651	750	8.708292910477313	0.0	361565	4729.076291123899	0.7	0.75
94653.6091579995	750	6.199942087485742	0.0	378327	6508.3508229915715	0.7	0.75
94658.15212391506	750	5.656976171926991	0.0	390680	4542.9659155587515	0.7	0.75
94659.82402649886	300	7.985073588133855	0.0	147968	1671.9025837931363	0.7	-0.15000000000000002
94661.56724124044	300	10.241858846542323	0.0	161857	1743.2147415915308	0.7	0.3
94663.30184020792	300	12.507259879061364	0.0	145210	1734.59896748096	0.7	0.3
94666.0299032214	300	13.77919686558058	0.0	172312	2728.0630134807843	0.7	0.3
94673.09570203509	750	10.713398051892987	0.0	398987	7065.798813687592	0.7	0.3
94683.09082283913	750	4.718277247829849	0.0	393804	9995.120804063139	0.7	0.75
94685.58263089108	300	6.226469195903864	0.0	137507	2491.8080519259847	0.7	-0.15000000000000002
94688.99607736571	750	6.813022721257925	0.0	314107	3413.446474645939	0.7	0.3
94693.75933212506	750	6.049767961904357	0.0	450283	4763.254759353567	0.7	0.75
94695.01275799099	300	8.796342095989283	0.0	155580	1253.4258659150742	0.7	-0.15000000000000002
94696.30265294162	300	11.506447145346115	0.0	139857	1289.8949506431666	0.7	0.3
94698.23116463612	300	13.57793545085816	0.0	155432	1928.511694487955	0.7	0.3
94700.13336228914	300	15.675737797836451	0.0	163442	1902.1976530217087	0.7	0.3
94701.65302264865	300	18.1560774383357	0.0	126289	1519.6603595007532	0.7	0.3
94703.46473541902	300	20.34436466796151	0.0	153295	1811.7127703741846	0.7	0.3
94709.03174798649	750	18.7773521004926	0.0	437162	5567.012567468912	0.7	0.3
94717.26732188159	750	14.541778205392314	0.0	374758	8235.573895100288	0.7	0.75
94729.4773682425	750	6.331731844480368	0.0	362795	12210.046360911945	0.7	0.75
94735.33541743075	300	4.473682656237006	0.0	141840	5858.049188243362	0.7	-0.15000000000000002
94740.19236097322	300	4.0	0.3832608862478337	156148	4856.94354248484	0.7	-1.348021810865685
94742.83573254959	300	5.3566284236329595	0.0	160746	2643.3715763670407	0.7	0.3
94745.3078811521	300	6.884479821134528	0.0	179801	2472.1486024984315	0.75	0.3
94747.18855016693	300	9.003810806299178	0.0	140051	1880.66901483535	0.75	0.3
94749.60580491892	300	10.586556054312844	0.0	138313	2417.254751986335	0.75	0.3
94754.14345186757	300	10.048909105665032	0.0	143509	4537.646948647812	0.75	0.3
94761.59654173911	300	6.595819234128487	0.0	150616	7453.089871536546	0.75	0.3
94763.10803862967	300	9.08432234356128	0.0	165384	1511.4968905672065	0.75	0.3
94764.2133612861	300	11.978999687123677	0.0	140881	1105.3226564376046	0.75	0.3
94765.41475906518	300	14.777601908040722	0.0	157671	1201.3977790829542	0.75	0.3
94767.96338712762	750	16.228973845591607	0.0	399894	2548.628062449114	0.75	0.3
94770.09581649757	750	18.096544475630594	0.0	401853	2132.4293699610153	0.75	0.75
94774.37502964266	750	17.81733133055617	0.0	343800	4279.2131450744255	0.75	0.75
94777.24727890566	750	18.945082067553376	0.0	359903	2872.2492630027928	0.7	0.75
94779.69440482612	750	20.49795614708859	0.0	379700	2447.125920464787	0.7	0.75
94785.09793959997	1200	19.09442137323247	0.0	696376	5403.5347738561195	0.7	0.75
94790.1886871362	1200	18.003673837013807	0.0	487160	5090.747536218664	0.7	1.2
94800.58442046984	1200	11.607940503372586	0.0	622896	10395.733333641223	0.7	1.2
94809.99000852382	750	6.202352449389182	0.0	400508	9405.588053983403	0.7	0.3
94812.46075718949	300	7.7316037837333225	0.0	157421	2470.7486656558594	0.7	-0.15000000000000002
94815.24545278483	300	8.94690818837856	0.0	157488	2784.695595354762	0.7	0.3
94817.64478456693	300	10.54757640627509	0.0	143881	2399.3317821034707	0.7	0.3
94822.23602500473	300	9.956335968488013	0.0	163444	4591.240437787077	0.7	0.3
94827.65773896626	300	8.534622006963303	0.0	179328	5421.713961524709	0.7	0.3
94832.03052700436	300	8.16183396886349	0.0	159914	4372.788038099814	0.7	0.3
94835.78339763307	300	8.408963340141533	0.0	131610	3752.870628721957	0.7	0.3
94839.21637800954	300	8.975982963681156	0.0	124011	3432.9803764603757	0.7	0.3
94841.26122078844	300	10.93114018479321	0.0	144254	2044.8427788879474	0.75	0.3
94844.50056501737	300	11.691795955857284	0.0	149991	3239.3442289359255	0.75	0.3
94846.18287129376	300	14.00948967946995	0.0	147968	1682.3062763873324	0.75	0.3
94849.70034798486	300	14.49201298836091	0.0	161857	3517.4766911090414	0.75	0.3
94853.76713831542	300	14.425222657799438	0.0	145210	4066.7903305614736	0.75	0.3
94856.42891548578	300	15.76344548743777	0.0	172312	2661.777170361668	0.75	0.3
94865.06314852742	300	11.129212445810575	0.0	167025	8634.233041627194	0.75	0.3
94868.4052248922	300	11.787136081023315	0.0	160064	3342.0763647872604	0.75	0.3
94874.04994096578	300	10.142420007444677	0.0	137507	5644.716073578636	0.75	0.3
94889.7655279625	750	4.0	5.573166989286253	314107	15715.586996730932	0.75	-23.664618053930887
94908.69699802494	750	4.0	14.93147006243652	450283	18931.47006243652	0.75	-63.455321268477036
94914.03367406629	300	4.0	1.3366760413430392	155580	5336.676041343039	0.75	-5.897706977775068
94917.71043170555	300	4.3232423607472645	0.0	139857	3676.757639252735	0.75	0.3
94920.97024928835	300	5.063424777950972	0.0	155432	3259.8175827962937	0.75	0.3
94924.03283281322	300	6.000841253076388	0.0	163442	3062.5835248745834	0.75	0.3
94926.08714463569	300	7.946529430598688	0.0	126289	2054.3118224777	0.75	0.3
94928.04293409889	300	9.990739967387796	0.0	153295	1955.7894632108917	0.75	0.3
94929.57488045724	300	12.45879360904281	0.0	173849	1531.9463583449851	0.75	0.3
94931.06170840659	300	14.971965659698133	0.0	150710	1486.8279493446769	0.75	0.3
94932.82350583705	300	17.210168229231748	0.0	139105	1761.797430466382	0.75	0.3
94935.23769731467	300	18.795976751606585	0.0	141840	2414.1914776251674	0.75	0.3
94936.63173084444	300	21.401943221849344	0.0	156148	1394.0335297572433	0.75	0.3
94939.96938079785	750	22.06429326843937	0.0	386351	3337.6499534099707	0.75	0.3
94945.54309333727	750	20.49058072902517	0.0	434409	5573.712539414202	0.75	0.75
94956.68983090362	750	13.343843162668405	0.0	337059	11146.737566356764	0.75	0.75
94967.84508511217	750	6.188588954118417	0.0	366214	11155.254208549988	0.75	0.75
94971.29403940863	300	6.739634657644781	0.0	143509	3448.9542964736356	0.75	-0.15000000000000002
94975.98321043835	300	6.050463627935393	0.0	150616	4689.171029709388	0.75	0.3
94982.73347011312	300	4.0	0.6997960468153224	165384	6750.259674750716	0.75	-2.7091230013058865
94985.81065621077	300	4.922813902353848	0.0	140881	3077.1860976461526	0.75	0.3
94989.30300890449	300	5.430461208636458	0.0	157671	3492.3526937173897	0.75	0.3
94992.89900253258	300	5.83446758054589	0.0	157812	3595.993628090567	0.75	0.3
94996.71079636842	300	6.022673744691868	0.0	163927	3811.793835854021	0.75	0.3
95000.22580029714	300	6.507669815977324	0.0	137654	3515.0039287145446	0.75	0.3
95003.15525089197	300	7.578219221152742	0.0	146754	2929.450594824583	0.75	0.3
95006.44615417255	300	8.287315940574928	0.0	153938	3290.903280577813	0.75	0.3
95009.93547200684	300	8.797998106265837	0.0	181901	3489.317834309091	0.75	0.3
95013.16106758053	300	9.572402532590134	0.0	111155	3225.5955736757023	0.75	0.3
95015.57707927088	300	11.156390842228939	0.0	153605	2416.0116903611965	0.75	0.3
95018.30462893847	300	12.428841174651101	0.0	149029	2727.5496675778377	0.75	0.3
95021.0754156741	300	13.65805443901386	0.0	157421	2770.786735637241	0.75	0.3
95023.67032598538	300	15.063144127730698	0.0	157488	2594.9103112831613	0.75	0.3
95026.18725765354	300	16.54621245958694	0.0	143881	2516.9316681437617	0.75	0.3
95028.78997608725	300	17.943494025863192	0.0	163444	2602.7184337237495	0.75	0.3
95034.2405917479	750	16.492878365204927	0.0	401088	5450.615660658263	0.75	0.3
95040.62726842838	750	14.106201684739789	0.0	365161	6386.67668046514	0.75	0.75
95045.83487250052	750	12.898597612589167	0.0	321064	5207.6040721506215	0.75	0.75
95049.62256996652	750	13.110900146593199	0.0	361565	3787.697465995967	0.75	0.75
95054.26545695295	750	12.468013160161506	0.0	378327	4642.886986431692	0.75	0.75
95060.54548964588	750	10.18798046723378	0.0	390680	6280.032692927727	0.75	0.75
95065.49074892691	750	9.242721186202461	0.0	345516	4945.259281031318	0.75	0.75
95071.58382884499	750	7.14964126811916	0.0	384505	6093.079918083302	0.75	0.75
95073.59686018084	300	9.13660993227669	0.0	145210	2013.0313358424703	0.75	-0.15000000000000002
95075.43922952548	300	11.29424058764071	0.0	172312	1842.3693446359794	0.75	0.3
95078.64577271153	300	12.087697401585158	0.0	167025	3206.543186055552	0.75	0.3
95082.36057108741	750	12.372899025712005	0.0	393804	3714.798375873154	0.75	0.3
95085.15101718246	750	13.58245293064716	0.0	331053	2790.446095064846	0.75	0.75
95093.74689624524	1850	8.986573867872128	0.0	846370	8595.879062775031	0.75	0.75
95098.1004160004	750	8.633054112712298	0.0	450283	4353.51975515983	0.75	0.75
95103.77471737613	750	6.958752736987256	0.0	398865	5674.301375725042	0.75	0.75
95109.05306070345	750	5.680409409671107	0.0	350812	5278.343327316149	0.75	0.75
95110.95524346697	300	7.778226646138562	0.0	155432	1902.1827635325446	0.75	-0.15000000000000002
95112.94858374792	300	9.78488636520037	0.0	163442	1993.340280938193	0.75	0.3
95114.22072207807	300	12.512748035033221	0.0	126289	1272.1383301671492	0.75	0.3
95116.12145598033	300	14.612014132767106	0.0	153295	1900.7339022661145	0.75	0.3
95120.24488725314	750	14.488582859958237	0.0	437162	4123.43127280887	0.75	0.3
95123.56922313465	750	15.164246978435015	0.0	374758	3324.3358815232205	0.75	0.75
95127.17598382517	750	15.557486287903915	0.0	362795	3606.760690531101	0.75	0.75
95130.484561895	750	16.2489082180612	0.0	353220	3308.578069842717	0.75	0.75
95133.72563524729	750	17.007834865777358	0.0	405134	3241.0733522838414	0.75	0.75
95136.75524238391	750	17.978227729148433	0.0	386351	3029.6071366289257	0.75	0.75
95140.18628011651	750	18.547189996542397	0.0	434409	3431.0377326060334	0.75	0.75
95142.46287933567	750	20.270590777387305	0.0	337059	2276.599219155096	0.75	0.75
95147.37927232137	1200	19.35419779169002	0.0	587876	4916.392985697285	0.75	0.75
95152.2864996859	1200	18.44697042716947	0.0	617242	4907.227364520546	0.75	1.2
95157.72015605085	1200	17.013314062203104	0.0	581493	5433.656364966368	0.75	1.2
95162.77576311067	1200	15.957707002399202	0.0	639204	5055.607059803903	0.75	1.2
95167.28626777323	1200	15.447202339832169	0.0	586839	4510.504662567034	0.75	1.2
95170.9714238031	1200	15.762046309964843	0.0	601738	3685.156029867327	0.75	1.2
95178.98741289187	1200	11.74605722119423	0.0	616206	8015.989088770613	0.75	1.2
95186.97623814394	1200	7.757231969142165	0.0	656471	7988.825252052065	0.75	1.2
95189.86874890675	750	8.864721206325218	0.0	343800	2892.5107628169467	0.75	0.3
95192.7091613519	750	10.024308761174463	0.0	359903	2840.412445150755	0.75	0.75
95195.93198085166	750	10.80148926140803	0.0	379700	3222.819499766434	0.75	0.75
95199.19747577574	750	11.535994337323908	0.0	425781	3265.4949240841215	0.75	0.75
95201.51466526299	750	13.218804850080142	0.0	277716	2317.1894872437656	0.75	0.75
95204.44055213228	750	14.292917980801429	0.0	400396	2925.886869278713	0.75	0.75
95208.49675968112	750	14.236710431960695	0.0	400508	4056.207548840734	0.75	0.75
95216.2359200698	750	10.49755004327597	0.0	358218	7739.160388684726	0.75	0.75
95228.19704661609	750	4.0	1.4635765030184702	400322	11961.12654629444	0.75	-5.543378962979421
95231.42784017578	300	4.769206440315696	0.0	143881	3230.793559684304	0.75	-0.15000000000000002
95236.0098686109	300	4.187178005196937	0.0	163444	4582.028435118759	0.75	0.3
95241.0576240857	300	4.0	0.8605774696137769	179328	5047.755474810714	0.75	-3.4004831193392406
95243.07773240018	300	5.979891685526363	0.0	159914	2020.1083144736365	0.75	0.3
95244.33143097178	300	8.726193113921767	0.0	131610	1253.6985716045974	0.75	0.3
95245.26910959133	300	11.788514494378523	0.0	124011	937.6786195432445	0.75	0.3
95246.3542926397	300	14.703331446015902	0.0	144254	1085.1830483626218	0.75	0.3
95247.55917612057	300	17.498447965142255	0.0	149991	1204.8834808736472	0.75	0.3
95248.58547984858	300	20.47214423714646	0.0	147968	1026.303727995798	0.75	0.3
95250.09603480202	300	22.961589283708822	0.0	161857	1510.5549534376378	0.75	0.3
95253.66695282652	750	23.390671259221012	0.0	372093	3570.918024487809	0.75	0.3
95257.7653775257	1200	23.292246560027504	0.0	634861	4098.42469919351	0.75	0.75
95263.66256004806	1850	21.395064037671364	0.0	958994	5897.182522356138	0.75	1.2000000000000002
95269.21293028547	1850	19.844693800265222	0.0	982064	5550.37023740614	0.75	1.85
95279.00820480661	2850	14.04941927911832	0.0	1231456	9795.274521146905	0.75	1.85
95290.21161846038	2850	6.846005625349233	0.0	1364537	11203.413653769087	0.75	2.85
95293.26866726657	750	7.788956819156305	0.0	450283	3057.0488061929277	0.75	0.75
95295.76902675648	750	9.288597329254102	0.0	398865	2500.359489902203	0.75	0.75
95298.26718836294	750	10.790435722795152	0.0	350812	2498.1616064589516	0.75	0.75
95301.05529883022	750	12.002325255516405	0.0	382355	2788.110467278746	0.75	0.75
95305.07100525104	1200	11.986618834714744	0.0	652874	4015.7064208016627	0.75	0.75
95308.81370731792	1200	12.243916767833074	0.0	520315	3742.7020668816695	0.75	1.2
95312.43226150621	1200	12.625362579531929	0.0	561791	3618.554188301145	0.75	1.2
95316.31393571013	1200	12.743688375611526	0.0	709534	3881.674203920403	0.75	1.2
95319.70780156448	1200	13.349822521260613	0.0	584846	3393.865854350914	0.75	1.2
95323.15448506815	1200	13.903139017591402	0.0	560821	3446.683503669211	0.75	1.2
95327.07984310033	1200	13.977780985411071	0.0	607410	3925.358032180332	0.75	1.2
95331.30193257224	1200	13.755691513511549	0.0	594078	4222.089471899521	0.75	1.2
95335.85390523022	1200	13.203718855537733	0.0	624282	4551.972657973814	0.75	1.2
95340.96610717553	1200	12.09151691023165	0.0	687371	5112.201945306084	0.75	1.2
95346.19000839669	1200	10.867615689070998	0.0	526950	5223.901221160651	0.75	1.2
95360.88006424186	1200	4.0	3.822440156116103	587876	14690.055845187102	0.75	-15.236492671299242
95364.64407496278	300	4.235989279092467	0.0	143509	3764.0107209075322	0.75	-0.6000000000000001
95367.66064152072	300	5.219422721146568	0.0	150616	3016.5665579459005	0.75	0.3
95372.97170233556	300	4.0	0.09163809369747014	165384	5311.060814844038	0.75	-0.09404380289912162
95380.13533155297	300	4.0	3.1636292173955063	140881	7163.629217395506	0.75	-13.303605634800675
95385.241303861	300	4.0	1.1059723080178345	157671	5105.972308017835	0.75	-4.455680924476688
95388.00905167435	300	5.232252186647311	0.0	157812	2767.747813352689	0.75	0.3
95390.6272474465	300	6.614056414504403	0.0	163927	2618.1957721429076	0.75	0.3
95392.53619671614	300	8.705107144847412	0.0	137654	1908.94926965699	0.75	0.3
95396.84314377549	300	8.398160085503962	0.0	146754	4306.94705934345	0.75	0.3
95403.73645440779	300	5.504849453210895	0.0	153938	6893.310632293067	0.75	0.3
95412.7431420742	300	4.0	3.501838213213845	181901	9006.68766642474	0.75	-14.757904316819532
95416.02890084632	300	4.71424122788782	0.0	111155	3285.7587721121795	0.75	0.3
95417.9028858634	300	6.8402562108057205	0.0	153605	1873.985017082099	0.75	0.3
95419.97684223717	300	8.766299837017629	0.0	149029	2073.9563737880935	0.75	0.3
95421.99736190632	300	10.745780167873843	0.0	157421	2020.5196691437845	0.75	0.3
95423.93001847879	300	12.81312359541277	0.0	157488	1932.6565724610712	0.75	0.3
95425.17757055056	300	15.565571523629677	0.0	143881	1247.5520717830948	0.75	0.3
95426.54860921495	300	18.19453285924074	0.0	163444	1371.0386643889333	0.75	0.3
95429.98140040193	750	18.76174167225494	0.0	401088	3432.791186985803	0.75	0.3
95432.81024169445	750	19.93290037974655	0.0	365161	2828.841292508388	0.75	0.75
95434.73801525774	750	22.00512681644935	0.0	321064	1927.7735632971958	0.75	0.75
95437.29960501527	750	23.443537058923688	0.0	361565	2561.589757525665	0.7	0.75
95441.08681228614	1200	23.656329788067346	0.0	605884	3787.2072708563437	0.7	0.75
95445.22145814422	1200	23.5216839299915	0.0	587506	4134.645858075843	0.7	1.2
95448.94004678774	1200	23.80309528646744	0.0	566904	3718.588643524059	0.7	1.2
95455.89538391952	1200	20.847758154689867	0.0	641452	6955.337131777573	0.7	1.2
95462.064943134	1200	18.67819894022084	0.0	599477	6169.559214469024	0.7	1.2
95469.61730913959	1200	15.125832934617819	0.0	634861	7552.366005603023	0.7	1.2
95477.13375875044	1200	11.609383323776328	0.0	630203	7516.449610841489	0.7	1.2
95485.00501949732	1200	7.738122576892596	0.0	638661	7871.260746883732	0.7	1.2
95488.82968256128	1200	7.913459512930066	0.0	538612	3824.66306396253	0.7	1.2
95493.18756355041	1200	7.555578523791521	0.0	550906	4357.880989138545	0.7	1.2
95497.60351303793	750	7.139629036268501	0.0	450283	4415.949487523019	0.7	0.75
95501.86638643905	750	6.87675563514881	0.0	398865	4262.873401119691	0.7	0.75
95504.65679400029	750	8.086348073919885	0.0	350812	2790.4075612289257	0.7	0.75
95506.91450980063	750	9.828632273578176	0.0	382355	2257.715800341708	0.7	0.75
95509.313117928	750	11.430024146208543	0.0	411561	2398.608127369633	0.7	0.75
95511.04741936827	750	13.695722705928942	0.0	318564	1734.301440279601	0.7	0.75
95512.99450545148	750	15.748636622728947	0.0	352642	1947.0860831999944	0.7	0.75
95515.16615970654	750	17.576982367682174	0.0	437162	2171.6542550467752	0.7	0.75
95518.24060061153	1200	18.502541462680462	0.0	584846	3074.4409050017102	0.7	0.75
95520.93517406272	1200	19.807968011502986	0.0	560821	2694.5734511774813	0.7	1.2
95524.08833693148	1200	20.654805142736336	0.0	607410	3153.162868766649	0.7	1.2
95529.38767538537	1850	19.35546668884363	0.0	917428	5299.338453892707	0.7	1.2000000000000002
95536.03593428078	1850	16.707207793436368	0.0	946851	6648.2588954072635	0.7	1.85
95542.58778961809	1850	14.15535245613577	0.0	1036454	6551.855337300597	0.7	1.85
95548.4743622219	1850	12.268779852326617	0.0	821631	5886.572603809153	0.7	1.85
95553.21078826395	1200	11.532353810281395	0.0	587876	4736.426042045222	0.7	0.5499999999999999
95560.20093504958	1200	8.542207024650063	0.0	617242	6990.146785631332	0.7	1.2
95566.16897357452	1200	6.5741684997100425	0.0	581493	5968.03852494002	0.7	1.2
95572.65609103948	750	4.087051034748665	0.0	405596	6487.117464961378	0.7	0.3
95574.16062074243	300	6.582521331781566	0.0	140881	1504.5297029670994	0.7	-0.15000000000000002
95575.59056926933	300	9.152572804890326	0.0	157671	1429.9485268912406	0.7	0.3
95584.209626227	750	4.5335158472201	0.0	399894	8619.056957670226	0.7	0.3
95587.71411192283	300	5.029030151394846	0.0	163927	3504.4856958252544	0.7	-0.15000000000000002
95589.52399734173	300	7.219144732481916	0.0	137654	1809.8854189129288	0.7	0.3
95590.97489327945	300	9.768248794773422	0.0	146754	1450.895937708495	0.7	0.3
95592.59372733544	300	12.149414738790517	0.0	153938	1618.8340559829037	0.7	0.3
95594.59797795175	300	14.145164122479539	0.0	181901	2004.2506163109783	0.7	0.3
95596.1516505969	300	16.591491477334042	0.0	111155	1553.6726451454952	0.7	0.3
95597.86965692957	300	18.873485144663842	0.0	153605	1718.0063326701984	0.7	0.3
95599.3757724199	300	21.367369654332016	0.0	149029	1506.1154903318265	0.7	0.3
95602.89095085498	750	21.852191219246734	0.0	358218	3515.1784350852813	0.7	0.3
95606.85418324561	750	21.888958828620684	0.0	400322	3963.2323906260494	0.7	0.75
95611.21668338128	750	21.5264586929672	0.0	369834	4362.500135653484	0.7	0.75
95615.05756818966	750	21.685573884569333	0.0	412837	3840.8848083978664	0.7	0.75
95617.92496136202	750	22.818180712211205	0.0	401088	2867.3931723581286	0.7	0.75
95621.2742112085	750	23.468930865742077	0.0	365161	3349.249846469128	0.7	0.75
95624.38197235785	750	24.361169716377457	0.0	321064	3107.7611493646186	0.7	0.75
95627.85218433611	750	24.890957738121788	0.0	361565	3470.2119782556692	0.7	0.75
95632.70995810795	750	24.033183966281616	0.0	378327	4857.773771840172	0.7	0.75
95635.54555912707	750	25.197582947154473	0.0	390680	2835.601019127144	0.7	0.75
95637.93947564965	750	26.80366642457398	0.0	345516	2393.916522580495	0.7	0.75
95648.2323479397	1200	20.510794134534343	0.0	641452	10292.872290039633	0.7	0.75
95659.64138301517	1200	13.101759059059207	0.0	599477	11409.035075475136	0.7	1.2
95662.92404798478	750	13.819094089444267	0.0	438281	3282.6649696149398	0.7	0.3
95665.91516706994	750	14.82797500428784	0.0	398987	2991.1190851564256	0.7	0.75
95668.86510216695	750	15.878039907282597	0.0	393804	2949.9350970052433	0.7	0.75
95672.14041950449	1200	16.60272256973931	0.0	538612	3275.3173375432852	0.7	0.75
95681.90736981436	2850	10.835772259872579	0.0	1364537	9766.950309866732	0.7	1.2000000000000002
95685.14428501322	750	11.59885706102215	0.0	450283	3236.91519885043	0.7	0.75
95687.80999080522	750	12.933151269013447	0.0	398865	2665.7057920087045	0.7	0.75
95690.3814505709	750	14.361691503345293	0.0	350812	2571.4597656681535	0.7	0.75
95693.26776551826	750	15.475376555971494	0.0	382355	2886.3149473737994	0.7	0.75
95698.49851760708	1200	14.244624467155338	0.0	652874	5230.752088816156	0.7	0.75
95702.04833541236	1200	14.694806661881088	0.0	520315	3549.817805274249	0.7	1.2
95705.97633790353	1200	14.766804170712069	0.0	561791	3928.0024911690193	0.7	1.2
95710.99556179144	1200	13.74758028280235	0.0	709534	5019.2238879097185	0.7	1.2
95715.48648154596	1200	13.256660528279935	0.0	584846	4490.919754522414	0.7	1.2
95719.95759735437	1200	12.785544719868488	0.0	560821	4471.115808411448	0.7	1.2
95724.69166814217	1200	12.05147393207044	0.0	607410	4734.07078779805	0.7	1.2
95729.79171541147	1200	10.951426662776178	0.0	594078	5100.04726929426	0.7	1.2
95740.33457949513	1200	4.408562579118295	0.0	624282	10542.864083657883	0.7	1.2
95743.91224690883	750	4.8308951654265	0.0	434409	3577.6674136917954	0.7	0.3
95745.0102702543	300	7.732871819955909	0.0	140051	1098.0233454705913	0.7	-0.15000000000000002
95745.92561460935	300	10.817527464898154	0.0	138313	915.3443550577539	0.7	0.3
95748.89657933818	750	11.846562736083463	0.0	360831	2970.9647288146925	0.7	0.3
95752.06283157034	750	12.680310503916948	0.0	372963	3166.2522321665147	0.7	0.75
95755.22422873364	750	13.518913340616864	0.0	405596	3161.397163300084	0.7	0.75
95758.53657590316	750	14.206566171103526	0.0	350713	3312.347169513337	0.7	0.75
95760.91923768981	750	15.823904384454073	0.0	386472	2382.6617866494535	0.7	0.75
95763.86781878753	1200	16.875323286728133	0.0	616206	2948.5810977259403	0.7	0.75
95769.10197346847	1200	15.64116860578342	0.0	656471	5234.154680944714	0.7	1.2
95773.86507627495	1200	14.878065799305721	0.0	536667	4763.102806477698	0.7	1.2
95779.47847806504	1200	13.264664009202871	0.0	587236	5613.401790102849	0.7	1.2
95791.60925672366	1200	5.133885350586603	0.0	590335	12130.77865861627	0.7	1.2
95795.15242879475	750	5.590713279480838	0.0	425781	3543.172071105765	0.7	0.3
95797.54431594476	750	7.198826129482415	0.0	277716	2391.887149998422	0.7	0.75
95799.0065906281	300	9.736551446149715	0.0	153605	1462.2746833327003	0.7	-0.15000000000000002
95800.60382791818	300	12.139314156057887	0.0	149029	1597.2372900918267	0.7	0.3
95802.30046019117	300	14.442681883077748	0.0	157421	1696.6322729801393	0.7	0.3
95803.88906527686	300	16.85407679737633	0.0	157488	1588.6050857014213	0.7	0.3
95807.8661379318	750	16.877004142444793	0.0	369834	3977.0726549315373	0.7	0.3
95811.42724882263	750	17.31589325160828	0.0	412837	3561.110890836515	0.7	0.75
95815.03837043185	750	17.70477164237928	0.0	401088	3611.1216092289997	0.7	0.75
95817.91109650956	750	18.832045564670807	0.0	365161	2872.726077708473	0.7	0.75
95820.43163256902	750	20.311509505215103	0.0	321064	2520.5360594557037	0.7	0.75
95823.20582760613	750	21.537314468096156	0.0	361565	2774.195037118943	0.7	0.75
95826.12565661278	750	22.617485461435493	0.0	378327	2919.829006660663	0.7	0.75
95829.34161863252	1200	23.401523441689708	0.0	587506	3215.9620197457857	0.7	0.75
95832.67804933434	1200	24.065092739876075	0.0	566904	3336.4307018136315	0.7	1.2
95836.44956222855	1200	24.293579845660858	0.0	641452	3771.5128942152196	0.7	1.2
95840.62041858069	1200	24.122723493531485	0.0	599477	4170.856352129371	0.7	1.2
95845.21344681962	1200	23.529695254597634	0.0	634861	4593.028238933849	0.7	1.2
95849.87632922115	1200	22.866812853071114	0.0	630203	4662.882401526519	0.7	1.2
95857.39966461706	1850	19.343477457152613	0.0	982064	7523.3353959185	0.7	1.2000000000000002
95867.51813921958	2850	13.225002854631413	0.0	1231456	10118.4746025212	0.7	1.85
95878.24114788277	2850	6.501994191432206	0.0	1364537	10723.008663199207	0.7	2.85
95882.15887409514	750	6.584267979067818	0.0	450283	3917.726212364389	0.7	0.75
95885.61889860104	750	7.124243473162263	0.0	398865	3460.0245059055546	0.7	0.75
95888.38782227495	750	8.355319799243988	0.0	350812	2768.923673918276	0.7	0.75
95891.32610712004	750	9.417034954162297	0.0	382355	2938.28484508169	0.7	0.75
95894.40816505617	750	10.33497701803452	0.0	411561	3082.0579361277755	0.7	0.75
95896.81282581753	750	11.930316256671263	0.0	318564	2404.6607613632564	0.7	0.75
95899.52798303922	750	13.21515903495977	0.0	352642	2715.157221711493	0.7	0.75
95903.41707681549	750	13.326065258702577	0.0	437162	3889.093776257192	0.7	0.75
95906.11759151252	750	14.625550561670547	0.0	374758	2700.5146970320316	0.7	0.75
95909.19963729984	750	15.543504774347285	0.0	362795	3082.04578732326	0.7	0.75
95914.13335218964	1200	14.609789884535447	0.0	607410	4933.7148898118385	0.7	0.75
95918.82688907185	1200	13.916253002332367	0.0	594078	4693.53688220308	0.7	1.2
95924.20354071836	1200	12.53960135582331	0.0	624282	5376.651646509056	0.7	1.2
95930.02736099846	1200	10.715781075730403	0.0	687371	5823.8202800929075	0.7	1.2
95934.40723917513	1200	10.33590289906154	0.0	526950	4379.878176668862	0.7	1.2
95940.23525662816	1200	8.507885446030501	0.0	587876	5828.017453031039	0.7	1.2
95942.9572057256	750	9.785936348583634	0.0	360831	2721.949097446866	0.7	0.3
95945.69736893954	750	11.045773134641658	0.0	372963	2740.1632139419753	0.7	0.75
95948.95950817452	750	11.78363389964939	0.0	405596	3262.1392349922676	0.7	0.75
95951.80427053568	750	12.938871538495	0.0	350713	2844.7623611543895	0.7	0.75
95955.5210873398	750	13.222054734364754	0.0	386472	3716.8168041302474	0.7	0.75
95959.26023982526	750	13.48290224890721	0.0	399894	3739.1524854575437	0.7	0.75
95962.08467496432	750	14.658467109848415	0.0	401853	2824.4351390587967	0.7	0.75
95965.21716178823	750	15.52598028593957	0.0	343800	3132.486823908845	0.7	0.75
95970.5372082408	750	14.205933833374836	0.0	359903	5320.046452564733	0.7	0.75
95973.84200141282	750	14.901140661348364	0.0	379700	3304.793172026471	0.7	0.75
95976.88715857432	750	15.855983499863775	0.0	425781	3045.157161484589	0.7	0.75
95979.1094022125	750	17.63373986167579	0.0	277716	2222.243638187986	0.7	0.75
95982.12509672169	750	18.61804535248159	0.0	400396	3015.694509194199	0.7	0.75
95985.00869489387	750	19.734447180307846	0.0	400508	2883.598172173745	0.7	0.75
95988.23895813015	750	20.504183944016464	0.0	358218	3230.263236291379	0.7	0.75
95991.59283705031	750	21.150305023870704	0.0	400322	3353.8789201457625	0.7	0.75
95994.38817182554	750	22.354970248637095	0.0	369834	2795.3347752336076	0.7	0.75
95997.94096093722	750	22.802181136969192	0.0	412837	3552.789111667901	0.7	0.75
96001.26453536795	750	23.478606706235656	0.0	401088	3323.5744307335367	0.7	0.75
96004.03943652619	750	24.70370554798746	0.0	365161	2774.9011582481953	0.7	0.75
96006.34153437678	750	26.40160769739924	0.0	321064	2302.0978505882217	0.7	0.75
96010.57004859457	1200	26.173093479619574	0.0	575591	4228.514217779667	0.7	0.75
96015.28701434427	1200	25.45612772991342	0.0	605884	4716.965749706153	0.7	1.2
96020.54641215192	1200	24.196729922277786	0.0	587506	5259.397807635632	0.7	1.2
96026.09962026811	1200	22.643521806093297	0.0	566904	5553.20811618449	0.7	1.2
96031.74594924181	1200	20.997192832379522	0.0	641452	5646.328973713776	0.7	1.2
96036.74373866346	1200	19.9994034107463	0.0	599477	4997.78942163322	0.7	1.2
96040.94823360548	1200	19.79490846872781	0.0	634861	4204.4949420184885	0.7	1.2
96045.41914986211	1200	19.323992212091472	0.0	630203	4470.916256636343	0.7	1.2
96052.54582806742	1850	16.197314006775372	0.0	982064	7126.6782053161	0.7	1.2000000000000002
96059.76850155882	1850	12.974640515379171	0.0	830730	7222.6734913962	0.7	1.85
96071.45573478287	2850	5.287407291351559	0.0	1364537	11687.233224027612	0.7	1.85

