13102.927884591381	750	4.0	2.4747613827285355	450283	2474.7613827285354	-9.891473945732702
13105.701254511869	1200	5.226630079513629	0.0	611087	2773.369920486372	0.75
13108.800300721825	1200	6.127583869558828	0.0	571051	3099.0462099548	1.2
13111.927258723368	1200	7.000625868014037	0.0	617681	3126.958001544791	1.2
13116.965739737841	1200	5.9621448535411785	0.0	652874	5038.481014472859	1.2
13120.682249538253	1200	6.245635053130756	0.0	520315	3716.5098004104225	1.2
13124.494471019922	1200	6.433413571461744	0.0	561791	3812.2214816690116	1.2
13128.420581337774	1200	6.507303253609139	0.0	709534	3926.110317852604	1.2
13132.175982824707	1200	6.751901766675226	0.0	584846	3755.4014869339135	1.2
13135.42706198058	1200	7.50082261080371	0.0	560821	3251.0791558715164	1.2
13139.634531693186	1200	7.293352898197979	0.0	607410	4207.469712605731	1.2
13143.222163268309	1200	7.705721323073693	0.0	594078	3587.631575124287	1.2
13146.764130162463	1200	8.163754428920686	0.0	624282	3541.966894153006	1.2
13150.615401917885	1200	8.312482673500027	0.0	687371	3851.2717554206606	1.2
13153.183100649672	1200	9.744783941712763	0.0	526950	2567.698731787263	1.2
13156.106633025789	1200	10.821251565595254	0.0	587876	2923.5323761175096	1.2
13161.272353461884	1850	9.655531129501442	0.0	966699	5165.720436093812	1.2000000000000002
13167.17187523131	1850	7.756009360073898	0.0	885714	5899.521769427543	1.85
13172.306620862033	1850	6.621263729352195	0.0	987708	5134.745630721703	1.85
13177.474615391504	1850	5.453269199881621	0.0	923755	5167.994529470575	1.85
13182.429311187796	1850	4.498573403589782	0.0	891604	4954.695796291839	1.85
13189.105933068722	1200	4.0	2.1780484773365307	616206	6676.621880926313	-8.815608452547083
13195.543590004892	1200	4.0	2.437656936169983	656471	6437.656936169983	-9.281924825530927
13197.390767098612	750	6.152822906282634	0.0	343800	1847.177093717366	0.3
13198.962733666873	750	8.580856338021562	0.0	359903	1571.9665682610723	0.75
13200.791539439462	750	10.752050565431528	0.0	379700	1828.8057725900348	0.75
13202.662094553218	750	12.881495451676791	0.0	425781	1870.5551137547354	0.75
13205.909003241064	1850	13.634586763829732	0.0	758197	3246.9086878470594	0.75
13210.304752778095	1850	13.23883722679919	0.0	972798	4395.749537030544	1.85
13215.655037222708	1850	11.888552782186343	0.0	975811	5350.2844446128465	1.85
13221.487506674495	1850	10.05608333039939	0.0	873429	5832.469451786952	1.85
13229.63267781064	1850	5.91091219425513	0.0	954453	8145.171136144261	1.85
13233.295355122455	1200	6.248234882440408	0.0	584349	3662.677311814722	0.5499999999999999
13237.217403904331	1200	6.3261861005639055	0.0	670129	3922.0487818765023	1.2
13241.443383083013	1200	6.100206921881212	0.0	690253	4225.979178682694	1.2
13247.461051867278	1200	4.0825381376175915	0.0	598727	6017.66878426362	1.2
13250.331576786515	750	5.212013218380711	0.0	321064	2870.5249192368815	0.3
13253.734740141346	750	5.808849863548227	0.0	361565	3403.1633548324835	0.75
13256.332191569976	750	7.211398434919493	0.0	378327	2597.451428628734	0.75
13259.06664058661	750	8.476949418284587	0.0	390680	2734.4490166349074	0.75
13261.506693099376	750	10.036896905519988	0.0	345516	2440.0525127645983	0.75
13271.23894773333	1200	4.3046422715634325	0.0	641452	9732.254633956556	0.75
13274.5052628592	750	5.038327145694127	0.0	372093	3266.315125869306	0.3
13279.873709973075	750	4.0	0.33011996818016814	438281	5368.447113874295	-0.6695158631747229
13281.949289264647	750	5.924420708427833	0.0	398987	2075.5792915721668	0.75
13284.215508767458	750	7.658201205617463	0.0	393804	2266.219502810371	0.75
13289.265043366728	1200	6.608666606346547	0.0	538612	5049.534599270916	0.75
13295.512559250397	1850	4.361150722677249	0.0	846370	6247.515883669297	1.2000000000000002
13298.0997921764	750	5.773917796674587	0.0	450283	2587.232926002663	0.75
13301.612781975165	1200	6.260927997908533	0.0	611087	3512.9897987660534	0.75
13304.533861680138	1200	7.3398482929337865	0.0	571051	2921.0797049747466	1.2
13307.630774820767	1200	8.242935152305536	0.0	617681	3096.91314062825	1.2
13310.648481745427	1200	9.225228227646138	0.0	652874	3017.7069246593983	1.2
13314.42299671114	1850	9.450713261933787	0.0	801058	3774.514965712351	1.2000000000000002
13319.812281609386	1850	8.061428363687321	0.0	905515	5389.284898246465	1.85
13325.996822523915	1850	5.876887449157545	0.0	1060487	6184.540914529776	1.85
13331.167024961183	1850	4.7066850118900385	0.0	852833	5170.202437267507	1.85
13334.07792271975	1200	5.795787253321728	0.0	560821	2910.8977585683106	0.5499999999999999
13338.073849531287	1200	5.7998604417842685	0.0	607410	3995.9268115374593	1.2
13346.165811733208	1200	4.0	2.292101760137395	594078	8091.962201921664	-8.656037568590799
13351.1859972603	750	4.0	1.020185527091412	386351	5020.185527091412	-4.0867977664930715
13353.338301459162	750	5.8476958011379985	0.0	434409	2152.3041988620016	0.75
13354.96006343833	750	8.225933821969813	0.0	337059	1621.761979168186	0.75
13356.798700920386	750	10.387296339913316	0.0	366214	1838.6374820564956	0.75
13359.87591805292	1200	11.310079207381026	0.0	617242	3077.21713253229	0.75
13362.974924232887	1200	12.211073027413693	0.0	581493	3099.0061799673335	1.2
13367.754927015172	1850	11.431070245127886	0.0	987708	4780.0027822858065	1.2000000000000002
13371.732775322997	1850	11.453221937303868	0.0	923755	3977.8483078240192	1.85
13375.465026513011	1850	11.720970747287138	0.0	891604	3732.2511900167297	1.85
13379.542742284311	1850	11.643254975988041	0.0	955231	4077.715771299096	1.85
13383.704997769648	1850	11.480999490650419	0.0	968026	4162.255485337623	1.85
13387.450067326494	1850	11.735929933804872	0.0	874175	3745.0695568455467	1.85
13391.298962271912	1850	11.887034988385796	0.0	897976	3848.8949454190742	1.85
13396.083792112042	1850	11.102205148256031	0.0	905935	4784.829840129765	1.85
13405.190932713338	2850	5.995064546960715	0.0	1547572	9107.140601295316	1.85
13409.294847169913	1850	5.891150090383937	0.0	758197	4103.914456576778	0.8500000000000001
13417.015047727196	1850	4.0	1.8290504668980638	972798	7720.200557282001	-6.0149170076616745
13424.017596339885	1200	4.0	3.002548612689695	641447	7002.548612689695	-12.360959034565688
13427.707115666628	750	4.310480673257487	0.0	358218	3689.519326742513	0.3
13431.095041072413	750	4.9225552674721165	0.0	400322	3387.92540578537	0.75
13435.069956566997	750	4.947639772888471	0.0	369834	3974.915494583645	0.75
13439.550253725165	750	4.467342614719432	0.0	412837	4480.297158169039	0.75
13444.820503796185	750	4.0	0.8029074563003078	401088	5270.25007101974	-2.7025020620913236
13448.185349460464	750	4.635154335719597	0.0	365161	3364.845664280403	0.75
13451.0351824537	750	5.785321342483598	0.0	321064	2849.832993235999	0.75
13455.402361506282	750	5.418142289902025	0.0	361565	4367.179052581573	0.75
13458.497011487201	750	6.323492308983318	0.0	378327	3094.649980918706	0.75
13461.316818715983	750	7.503685080201249	0.0	390680	2819.8072287820687	0.75
13463.948390058542	750	8.872113737642426	0.0	345516	2631.571342558822	0.75
13466.774306395428	750	10.046197400756304	0.0	384505	2825.916336886122	0.75
13471.604705609128	1200	9.215798187057437	0.0	599477	4830.399213698867	0.75
13476.383668954859	1200	8.436834841327626	0.0	634861	4778.963345729812	1.2
13480.476989208853	1200	8.343514587333779	0.0	630203	4093.3202539938457	1.2
13484.04774086411	1200	8.772762932074931	0.0	638661	3570.7516552588477	1.2
13487.848923203295	1850	8.971580592890671	0.0	830730	3801.18233918426	1.2000000000000002
13494.50697099473	2850	6.3135328014555325	0.0	1364537	6658.047791435138	1.85
13496.85405320902	750	7.966450587165455	0.0	450283	2347.082214290078	0.75
13499.869053928322	1200	8.951449867863518	0.0	611087	3015.000719301937	0.75
13503.82860713476	1850	8.991896661424812	0.0	877771	3959.5532064387044	1.2000000000000002
13508.739730244064	1850	8.080773552119778	0.0	933276	4911.123109305035	1.85
13514.079122941701	1850	6.7413808544839116	0.0	996749	5339.392697635867	1.85
13518.24166211258	1850	6.578841683606649	0.0	801058	4162.539170877262	1.85
13525.527170279467	1850	4.0	0.7066664832815531	905515	7285.508166888202	-1.1886658781106783
13536.981201568446	1200	4.0	7.454031288977394	709534	11454.031288977394	-31.502334542602792
13539.743376465412	750	5.237825103033557	0.0	374758	2762.174896966443	0.3
13542.315602398774	750	6.6655991696717525	0.0	362795	2572.225933361804	0.75
13545.084356046009	750	7.896845522435311	0.0	353220	2768.7536472364413	0.75
13548.205775309649	750	8.775426258797687	0.0	405134	3121.4192636376247	0.75
13550.771988785467	750	10.209212782977682	0.0	386351	2566.213475820005	0.75
13554.441887267729	750	10.539314300716148	0.0	434409	3669.898482261534	0.75
13556.777660884385	750	12.2035406840586	0.0	337059	2335.773616657548	0.75
13559.551353451488	750	13.429848116956556	0.0	366214	2773.692567102044	0.75
13566.13255188396	750	10.84864968448495	0.0	360831	6581.198432471607	0.75
13569.345882546204	750	11.63531902224232	0.0	372963	3213.33066224263	0.75
13573.870250129477	750	11.110951438967044	0.0	405596	4524.367583275277	0.75
13576.79600737625	750	12.18519419219438	0.0	350713	2925.757246772663	0.75
13579.719389562497	750	13.261812005946787	0.0	386472	2923.382186247592	0.75
13582.87762734778	750	14.103574220663743	0.0	399894	3158.237785283043	0.75
13585.788643406793	750	15.192558161649977	0.0	401853	2911.0160590137684	0.75
13589.013917675156	1200	15.967283893287616	0.0	536667	3225.2742683623605	0.75
13593.197735242824	1200	15.783466325621017	0.0	587236	4183.8175676666	1.2
13599.178766971789	1200	13.80243459665505	0.0	590335	5981.031728965966	1.2
13620.52529470913	1200	4.0	7.544093140685913	696376	21346.527737340963	-31.239600504949426
13627.250755174986	300	4.0	2.725460465854121	111155	6725.460465854121	-12.31948000317272
13634.316924526873	300	4.0	3.066169351886692	153605	7066.169351886692	-12.884528213112775
13644.17729139827	300	4.0	5.8603668713978445	149029	9860.366871397844	-24.89957754701073
13653.980833891565	300	4.0	5.8035424932954305	157421	9803.54249329543	-24.65523272117035
13661.48640281095	300	4.0	3.5055689193854715	157488	7505.568919385471	-14.773946353357527
13670.685380945957	300	4.0	5.19897813500606	143881	9198.97813500606	-22.055605980526057
13679.096721870968	300	4.0	4.41134092501216	163444	8411.34092501216	-18.668765977552287
13688.86884938181	300	4.0	5.772127510842245	179328	9772.127510842245	-24.520148296621652
13695.213486173327	300	4.0	2.344636791516502	159914	6344.636791516502	-9.781938203520959
13702.462396463145	300	4.0	3.248910289817698	131610	7248.910289817698	-13.6703142462161
13708.372930689251	300	4.0	1.9105342261061933	124011	5910.534226106193	-7.91529717225663
13715.026392711517	300	4.0	2.6534620222679015	144254	6653.462022267901	-11.109886695751975
13719.212018791346	300	4.0	0.18562607982727694	149991	4185.626079827277	-0.49819214325729083
13724.58779006347	300	4.0	1.3757712721227853	147968	5375.771272122785	-5.615816470127976
13730.678269407777	300	4.0	2.090479344308312	161857	6090.479344308312	-8.689061180525739
13737.212173720302	300	4.0	2.5339043125247565	145210	6533.904312524756	-10.595788543856452
13746.528091646163	300	4.0	5.315917925861439	172312	9315.917925861439	-22.558447081204186
13755.322362838828	300	4.0	4.7942711926636115	167025	8794.271192663611	-20.315366128453526
13764.334118862585	300	4.0	5.011756023759541	160064	9011.75602375954	-21.250550902166026
13770.217215669578	300	4.0	1.8830968069918517	137507	5883.096806991852	-7.797316270064962
13777.475565606212	300	4.0	3.2583499366350854	118421	7258.349936635085	-13.710904727530867
13798.269352325971	750	4.0	16.793786719759108	450283	20793.786719759108	-71.46328289496417
13806.130283500524	300	4.0	3.8609311745521255	155580	7860.931174552125	-16.752004050574136

