13809.754452941983	750	4.0	3.624169441458112	450283	3624.169441458112	-14.833928598269882
13813.132058836296	750	4.622394105686674	0.0	398865	3377.6058943133257	0.75
13816.604138536199	750	5.15031440578467	0.0	350812	3472.079699902005	0.75
13819.505118874804	750	6.249334067178941	0.0	382355	2900.980338605729	0.75
13822.425212315444	750	7.329240626538579	0.0	411561	2920.093440640362	0.75
13827.167607104773	750	6.586845837210236	0.0	318564	4742.394789328343	0.75
13833.013589590293	750	4.7408633516898995	0.0	352642	5845.982485520336	0.75
13834.803696509824	750	6.950756432159256	0.0	437162	1790.1069195306434	0.75
13836.714403326165	750	9.040049615816855	0.0	374758	1910.7068163424005	0.75
13842.324398084043	750	7.430054857938574	0.0	362795	5609.994757878281	0.75
13849.345259527505	750	4.4091934144758085	0.0	353220	7020.861443462765	0.75
13852.217942760888	300	5.536510181092395	0.0	156148	2872.683233383413	-0.15000000000000002
13853.831756637821	300	7.922696304160596	0.0	160746	1613.8138769317993	0.3
13854.796688897648	300	10.95776404433295	0.0	179801	964.9322598276461	0.3
13857.5276031845	750	12.226849757480466	0.0	337059	2730.914286852485	0.3
13862.905152866128	750	10.849300075853888	0.0	366214	5377.549681626579	0.75
13866.42529259481	750	11.32916034717187	0.0	360831	3520.139728682018	0.75
13870.086676807523	750	11.66777613445808	0.0	372963	3661.384212713791	0.75
13872.977163177597	750	12.777289764384964	0.0	405596	2890.486370073114	0.75
13875.58732426632	750	14.167128675661523	0.0	350713	2610.1610887234424	0.75
13879.378468087409	1200	14.375984854573531	0.0	601738	3791.143821087991	0.75
13883.258546852658	1200	14.495906089325453	0.0	616206	3880.0787652480785	1.2
13887.29593173933	1200	14.458521202653014	0.0	656471	4037.384886672441	1.2
13890.748364680985	1200	15.006088260997588	0.0	536667	3452.4329416554247	1.2
13895.5821935475	1850	14.172259394482015	0.0	897976	4833.828866515575	1.2000000000000002
13901.03065170122	1850	12.723801240763478	0.0	905935	5448.458153718537	1.85
13908.32463589747	1850	9.42981704451179	0.0	1076599	7293.9841962516875	1.85
13912.183013411235	1850	9.571439530747416	0.0	758197	3858.3775137643743	1.85
13918.869901863138	1850	6.884551078846123	0.0	972798	6686.888451901293	1.85
13927.833186005793	1850	4.0	2.0787330638108226	975811	8963.284142656945	-7.088552174386537
13930.784262956571	750	5.048923049221787	0.0	358218	2951.076950778214	-0.3500000000000001
13933.22679189694	750	6.606394108854187	0.0	400322	2442.5289403675993	0.75
13937.405912471833	1200	6.427273533961039	0.0	584349	4179.120574893148	0.75
13942.674144518449	1200	5.159041487345485	0.0	670129	5268.232046615554	1.2
13948.117289571757	1200	4.0	0.2841035659635118	690253	5443.1450533089965	-0.021645333643100617
13951.165827566836	1200	4.951462004920277	0.0	598727	3048.5379950797233	1.2
13954.147402263001	1200	5.969887308756382	0.0	487812	2981.5746961638947	1.2
13957.132284185938	1200	6.985005385818876	0.0	575591	2984.8819229375067	1.2
13960.136034426443	1200	7.981255145314503	0.0	605884	3003.7502405043733	1.2
13962.944869256971	1200	9.172420314786404	0.0	587506	2808.8348305280974	1.2
13967.088160876028	1850	9.029128695730016	0.0	858450	4143.291619056388	1.2000000000000002
13974.944136432016	1850	5.173153139742206	0.0	1025005	7855.9755559878095	1.85
13980.94231228142	1200	4.0	0.8250227096628933	599477	5998.1758494051	-2.9975976515504406
13986.722476486302	750	4.0	1.7801642048825042	438281	5780.164204882504	-7.3547060809947675
13990.531867060285	750	4.190609426017852	0.0	398987	3809.390573982148	0.75
13993.77013040588	750	4.952346080423671	0.0	393804	3238.2633455941814	0.75
13996.56666733282	750	6.155809153483436	0.0	331053	2796.5369269402345	0.75
14003.236639060666	1850	4.0	0.5141625743622844	846370	6669.971727845721	-1.460899069757823
14006.874004603986	750	4.362634456680033	0.0	450283	3637.3655433199665	0.75
14010.073111414653	750	5.163527646014267	0.0	398865	3199.1068106657667	0.75
14012.79070357228	750	6.445935488384981	0.0	350812	2717.5921576292862	0.75
14015.946021517531	750	7.290617543133567	0.0	382355	3155.317945251414	0.75
14029.843385752132	750	4.0	6.606746691466846	411561	13897.364234600413	-27.659010773307436
14034.699670778646	300	4.0	0.8562850265128036	126289	4856.285026512804	-3.8320256140050555
14044.543987579302	300	4.0	5.844316800655566	153295	9844.316800655566	-24.83056224281893
14052.596340761145	300	4.0	4.052353181845213	173849	8052.353181845213	-17.125118681934413
14062.094773287447	300	4.0	5.498432526301751	150710	9498.43252630175	-23.343259863097526
14066.454559026086	300	4.0	0.35978573863941893	139105	4359.785738639419	-1.2470786761495012
14072.869153831987	300	4.0	2.4145948059006503	141840	6414.5948059006505	-10.082757665372796
14077.499949057243	300	4.0	0.6307952252549066	156148	4630.795225254907	-2.4124194685960987
14085.217952670138	300	4.0	3.7180036128955916	160746	7718.003612895592	-15.687415535451043
14090.6129212681	300	4.0	1.3949685979607012	179801	5394.968597960701	-5.6983649712310145
14097.239091542056	300	4.0	2.6261702739558603	140051	6626.1702739558605	-10.992532178010197
14104.021897350283	300	4.0	2.7828058082269433	138313	6782.805808226944	-11.666064975375855
14107.616861314826	300	4.4050360354575275	0.0	143509	3594.9639645424727	0.3
14117.60336844413	300	4.0	5.581471093846261	150616	9986.507129303789	-23.700325703538923
14123.50575241555	300	4.0	1.9023839714205997	165384	5902.3839714206	-7.880251077108578
14131.873332546262	300	4.0	4.367580130710494	140881	8367.580130710494	-18.480594562055124
14139.272089081853	300	4.0	3.398756535590732	157671	7398.756535590732	-14.314653103040145
14149.421594332005	300	4.0	6.149505250152952	157812	10149.505250152952	-26.14287257565769
14156.759789227763	300	4.0	3.3381948957577934	163927	7338.194895757793	-14.05423805175851
14166.21349613267	300	4.0	5.453706904906523	137654	9453.706904906523	-23.15093969109805
14167.543066939163	300	6.6704291935070525	0.0	146754	1329.5708064929477	0.3

