2307.793131318066	750	4.0	2.5066716477461757	450283	2506.6716477461755	-10.028688085308556
2311.395544126869	1200	4.397587191196987	0.0	611087	3602.412808803013	0.75
2314.194301238531	1200	5.5988300795355705	0.0	571051	2798.7571116614163	1.2
2316.800012035508	1200	6.993119282558193	0.0	617681	2605.7107969773783	1.2
2320.0646804795724	1200	7.728450838493782	0.0	652874	3264.6684440644117	1.2
2322.517292279075	1200	9.275839038991561	0.0	520315	2452.611799502219	1.2
2326.507743292075	1850	9.285388025991962	0.0	905515	3990.4510129995992	1.2000000000000002
2330.7853883880894	1850	9.007742929977015	0.0	1060487	4277.645096014947	1.85
2334.733073397886	1850	9.060057920180517	0.0	852833	3947.6850097964975	1.85
2339.180662410865	1850	8.612468907201592	0.0	913888	4447.589012978926	1.85
2342.7756390303452	1850	9.017492287721263	0.0	939819	3594.9766194803296	1.85
2345.8910843916137	1850	9.90204692645276	0.0	917428	3115.445361268504	1.85
2348.8987208335016	1850	10.894410484565112	0.0	946851	3007.636441887648	1.85
2352.9966297257524	1850	10.796501592314515	0.0	1036454	4097.908892250599	1.85
2356.5201885345564	1850	11.272942783510675	0.0	821631	3523.5588088038385	1.85
2362.656314581676	2850	9.136816736391044	0.0	1471065	6136.126047119632	1.85
2368.925745953406	2850	6.867385364660557	0.0	1491626	6269.431371730486	2.85
2374.2108784124403	2850	5.5822529056261425	0.0	1358801	5285.132459034415	2.85
2382.041517915565	2850	4.0	2.2483865974981674	1537156	7830.63950312431	-6.818062369242119
2384.975919934763	1850	5.065597980801592	0.0	923755	2934.402019198407	0.8500000000000001
2388.02873761558	1850	6.012780299984366	0.0	891604	3052.8176808172275	1.85
2391.977281068189	1850	6.0642368473756125	0.0	955231	3948.543452608753	1.85
2396.0040862612545	1850	6.037431654310018	0.0	968026	4026.805193065594	1.85
2399.496271244227	1850	6.545246671337847	0.0	874175	3492.184982972172	1.85
2407.283288919943	1850	4.0	1.241771004378188	897976	7787.017675716035	-3.4896153188262082
2415.7858498762357	1200	4.0	4.5025609562926325	590335	8502.560956292633	-18.811012112058318
2425.1190038135755	1200	4.0	5.3331539373396355	696376	9333.153937339635	-21.732561930560433
2427.036063437879	750	6.082940375696535	0.0	277716	1917.0596243034647	0.3
2429.082730810096	750	8.036273003479655	0.0	400396	2046.6673722168798	0.75
2430.949558466395	750	10.169445347180844	0.0	400508	1866.827656298812	0.75
2433.3308150419894	750	11.788188771586015	0.0	358218	2381.256575594828	0.75
2436.3238004674695	750	12.795203346106428	0.0	400322	2992.9854254795855	0.75
2440.103290009067	1850	13.015713804508296	0.0	885062	3779.489541598132	0.75
2444.283560005865	1850	12.83544380771047	0.0	1035329	4180.269996797823	1.85
2447.841522252721	1850	13.27748156085479	0.0	1026056	3557.962246855681	1.85
2450.5807522278105	1850	14.538251585765014	0.0	943942	2739.229975089776	1.85
2452.8730974902473	1850	16.245906323328118	0.0	728962	2292.3452624368947	1.85
2455.9660669583727	1850	17.15293685520265	0.0	938587	3092.9694681254673	1.85
2459.1085203734947	1850	18.010483440080623	0.0	908665	3142.453415122025	1.85
2463.5667061741806	2850	17.552297639394922	0.0	1402287	4458.185800685704	1.85
2469.0595190581967	2850	16.059484755378612	0.0	1339500	5492.812884016308	2.85
2475.9742168648786	2850	13.144786948696849	0.0	1527299	6914.6978066817655	2.85
2480.820946421174	2850	12.29805739240197	0.0	1343002	4846.7295562948775	2.85
2488.7599897594137	2850	8.359014054162493	0.0	1587250	7939.043338239477	2.85
2494.469043770142	2850	6.64996004343434	0.0	1464921	5709.054010728153	2.85
2500.443642842095	2850	4.675360971481506	0.0	1483527	5974.599071952834	2.85
2503.3754790611583	1850	5.743524752417859	0.0	830730	2931.8362190636467	0.8500000000000001
2508.3642292161844	2850	4.754774597391725	0.0	1364537	4988.750155026135	1.85
2510.163040898649	750	6.955962914927055	0.0	450283	1798.8116824646686	0.75
2516.0034174379352	1850	5.115586375640744	0.0	957685	5840.376539286312	0.75
2519.103574938588	1850	6.015428874988362	0.0	877771	3100.1575006523813	1.85
2522.055582193779	1850	7.06342161979674	0.0	933276	2952.0072551916223	1.85
2525.1966028359857	1850	7.9224009775904065	0.0	996749	3141.0206422063325	1.85
2527.94926021585	1850	9.169743597726447	0.0	801058	2752.657379863961	1.85
2530.7300811274663	1850	10.388922686110032	0.0	905515	2780.8209116164135	1.85
2533.564503054196	1850	11.554500759380337	0.0	1060487	2834.4219267296953	1.85
2536.0156646956093	1850	13.103339117966987	0.0	852833	2451.16164141335	1.85
2541.1320066700596	1850	11.986997143516852	0.0	913888	5116.341974450136	1.85
2547.900150965283	2850	9.218852848293098	0.0	1354548	6768.144295223754	1.85
2556.189416333351	2850	4.929587480225602	0.0	1519951	8289.265368067496	2.85
2559.2857142024354	1850	5.833289611141375	0.0	946851	3096.2978690842274	0.8500000000000001
2562.039725682897	1850	7.079278130679419	0.0	1036454	2754.0114804619557	1.85
2564.70827891811	1850	8.41072489546672	0.0	821631	2668.5532352126997	1.85
2567.8570071667236	1850	9.261996646853026	0.0	923170	3148.728248613694	1.85
2572.0729240278783	1850	9.046079785698328	0.0	966699	4215.9168611546975	1.85
2586.1165233646375	2850	4.0	4.997519551060877	1358801	14043.599336759205	-19.63933406956177
2588.8735925060055	1200	5.242930858632175	0.0	639204	2757.0691413678255	-0.44999999999999996
2592.09353412874	1200	6.022989235897469	0.0	586839	3219.941622734707	1.2
2594.929869727848	1200	7.186653636789473	0.0	601738	2836.3355991079948	1.2
2597.8589969753903	1200	8.257526389247234	0.0	616206	2929.127247542239	1.2
2600.4066636345033	1200	9.709859730134232	0.0	656471	2547.6666591130015	1.2
2603.8399983885047	1850	10.276524976132814	0.0	874175	3433.3347540014183	1.2000000000000002
2606.8157494826396	1850	11.300773881997598	0.0	897976	2975.751094135216	1.85
2609.842533220285	1850	12.273990144352268	0.0	905935	3026.7837376453294	1.85
2614.6625265131975	2850	11.453996851440014	0.0	1547572	4819.993292912254	1.85
2617.543847294462	2850	12.572676070175376	0.0	1141971	2881.3207812646374	2.85
2622.447634242669	2850	11.668889121968274	0.0	1498470	4903.786948207103	2.85
2626.751942196638	2850	11.364581167999644	0.0	1561263	4304.3079539686305	2.85
2630.413596542421	2850	11.702926822216108	0.0	1341201	3661.6543457835355	2.85
2634.418700740276	2850	11.69782262436167	0.0	1497683	4005.104197854438	2.85
2638.3869931625995	2850	11.729530202038033	0.0	1358081	3968.292422323637	2.85
2643.2853432136712	2850	10.831180150966095	0.0	1587293	4898.35005107194	2.85
2648.6123839427655	2850	9.50413942187199	0.0	1492672	5327.040729094104	2.85
2653.0938054019084	2850	9.022717962729338	0.0	1439896	4481.421459142652	2.85
2656.3202204019162	2850	9.796302962721425	0.0	1139291	3226.415000007914	2.85
2661.1946516462244	2850	8.921871718413364	0.0	1499009	4874.431244308063	2.85
2666.450150857393	2850	7.666372507244459	0.0	1427478	5255.499211168905	2.85
2670.684510562615	2850	7.4320128020227205	0.0	1402287	4234.359705221738	2.85
2676.2142960037754	2850	5.902227360862352	0.0	1339500	5529.785441160368	2.85
2683.2435330507456	2850	4.0	1.1270096861080592	1527299	7029.237046970412	-1.9961416502646538
2690.060865517448	1850	4.0	2.8173324667019495	886255	6817.33246670195	-11.264529606818382
2695.8334697228547	1200	4.0	1.7726042054072322	634861	5772.604205407232	-7.072198083251099
2703.97941373954	1200	4.0	4.145944016685251	630203	8145.944016685251	-16.627559271746577
2707.3240990593276	750	4.6553146802128085	0.0	393804	3344.685319787191	0.3
2709.7159581020965	1200	6.2634556374439	0.0	538612	2391.8590427689087	0.75
2717.4865004073013	1850	4.0	1.5070866677613195	846370	7770.542305205219	-5.2804726713736745
2720.399911756632	750	5.086588650669501	0.0	450283	2913.4113493304985	0.75
2723.455768148497	750	6.030732258804406	0.0	398865	3055.8563918650952	0.75
2725.4763822717878	750	8.010118135514059	0.0	350812	2020.6141232903472	0.75
2727.084966212274	750	10.401534195027796	0.0	382355	1608.583940486263	0.75
2729.535164643698	1200	11.9513357636038	0.0	652874	2450.198431423996	0.75
2732.648799288976	1850	12.837701118325684	0.0	801058	3113.6346452781163	1.2000000000000002
2735.909609223614	1850	13.576891183687682	0.0	905515	3260.8099346380022	1.85
2739.3176443027364	1850	14.168856104565181	0.0	1060487	3408.035079122502	1.85
2743.2523758570146	2850	14.234124550287197	0.0	1348011	3934.731554277983	1.85
2749.048170004245	2850	12.43833040305694	0.0	1429765	5795.794147230257	2.85
2761.6826049900787	2850	4.0	0.19610458277677573	1354548	12634.434985833715	2.0067502940598647
2770.255879527574	1200	4.0	4.573274537495126	594078	8573.274537495126	-20.115080511229042
2774.782003457029	750	4.0	0.5261239294549869	386351	4526.123929454987	-1.9623328966564435
2780.6684772272206	750	4.0	1.8864737701917411	434409	5886.473770191741	-7.361837211824486
2785.0639158802596	750	4.0	0.3954386530389129	337059	4395.438653038913	-0.9503862080673253
2786.8506535836605	300	6.21326229659928	0.0	138313	1786.7377034007206	-0.15000000000000002
2790.6667829836033	300	6.397132896656297	0.0	143509	3816.1293999429827	0.3
2791.9677502317895	300	9.096165648470498	0.0	150616	1300.9672481857988	0.3
2793.2897709330414	300	11.77414494721852	0.0	165384	1322.0207012519782	0.3
2796.310653606361	750	12.753262273898448	0.0	350713	3020.8826733200713	0.3
2799.3305027723136	750	13.733413107946054	0.0	386472	3019.8491659523934	0.75
2805.0378792819365	750	12.02603659832304	0.0	399894	5707.376509623015	0.75
2813.4038296315434	1200	7.660086248716265	0.0	656471	8365.950349606775	0.75
2818.4275915836874	1200	6.636324296572358	0.0	536667	5023.761952143907	1.2
2824.6477373979515	1200	4.416178482308238	0.0	587236	6220.1458142641195	1.2
2826.997590302551	750	6.0663255777085014	0.0	379700	2349.852904599736	0.3
2829.6122650478724	750	7.4516508323874175	0.0	425781	2614.6747453210837	0.75
2831.0660697165986	750	9.997846163661508	0.0	277716	1453.8046687259096	0.75
2833.733609096525	1200	11.330306783734466	0.0	622896	2667.539379927042	0.75
2836.8485833361874	1200	12.21533254407225	0.0	641447	3114.974239662215	1.2
2839.677456707763	1850	13.386459172496723	0.0	873429	2828.873371575528	1.2000000000000002
2844.133600110745	1850	12.930315769514756	0.0	954453	4456.143402981966	1.85
2848.886476059948	1850	12.177439820311731	0.0	885062	4752.875949203026	1.85
2853.7462897986807	1850	11.317626081578972	0.0	1035329	4859.81373873276	1.85
2860.641573084627	1850	8.422342795632833	0.0	1026056	6895.28328594614	1.85
2866.1940948705524	1850	6.869821009707011	0.0	943942	5552.521785925821	1.85
2871.2813032470713	1850	5.782612633188152	0.0	728962	5087.208376518859	1.85
2874.731677388901	1850	6.332238491358488	0.0	938587	3450.3741418296636	1.85
2877.993231050494	1850	7.070684829765456	0.0	908665	3261.5536615930323	1.85
2882.244931568228	1850	6.81898431203193	0.0	930577	4251.700517733527	1.85
2887.4410974242064	1850	5.622818456053504	0.0	858450	5196.1658559784255	1.85
2895.1104006371206	1850	4.0	2.046484756860662	1025005	7669.303212914166	-6.949884454500847
2897.368748960944	1200	5.741651676176425	0.0	599477	2258.348323823575	0.5499999999999999
2899.7453313405385	1200	7.3650692965821305	0.0	634861	2376.5823795942947	1.2
2903.2026827108584	1200	7.90771792626176	0.0	630203	3457.351370320372	1.2

