1.786475576889145	750	4.0	1.786475576889145	450283	1786.475576889145	1	-6.931844980623323
3.1558352465497186	750	6.630640330339427	0.0	398865	1369.3596696605737	0.47405640339536215	0.75
4.365533798506936	750	9.42094177838221	0.0	350812	1209.6985519572174	0.47405640339536215	0.75
7.277163469517925	1850	10.50931210737122	0.0	933276	2911.629671010988	0.47405640339536215	0.75
10.558269257729433	1850	11.228206319159712	0.0	996749	3281.105788211509	0.47405640339536215	1.85
13.335904127962777	1850	12.450571448926366	0.0	801058	2777.6348702333444	0.47405640339536215	1.85
16.244600475638855	1850	13.541875101250291	0.0	905515	2908.696347676075	0.47405640339536215	1.85
19.673161883486504	1850	14.11331369340264	0.0	1060487	3428.56140784765	0.47405640339536215	1.85
22.473821630271594	1850	15.31265394661755	0.0	852833	2800.6597467850925	0.47405640339536215	1.85
25.297212963807294	1850	16.48926261308185	0.0	913888	2823.3913335356992	0.47405640339536215	1.85
28.357480655807954	1850	17.42899492108119	0.0	939819	3060.2676920006606	0.47405640339536215	1.85
33.47515947440524	1850	16.311316102483904	0.0	917428	5117.6788185972855	0.47405640339536215	1.85
36.95743416631786	1850	16.829041410571293	0.0	946851	3482.2746919126143	0.47405640339536215	1.85
41.83618887258579	1850	15.950286704303364	0.0	1036454	4878.754706267928	0.47405640339536215	1.85
44.69154792571208	1850	17.09492765117707	0.0	821631	2855.3590531262935	0.47405640339536215	1.85
47.808252517346006	1850	17.978223059543144	0.0	923170	3116.7045916339266	0.47405640339536215	1.85
51.24788663639996	1850	18.538588940489195	0.0	966699	3439.6341190539515	0.47405640339536215	1.85
56.97425920643686	2850	16.81221637045229	0.0	1358801	5726.372570036904	0.47405640339536215	1.85
64.51758786795634	2850	13.26888770893282	0.0	1537156	7543.328661519471	0.47405640339536215	2.85
70.14778377297868	2850	11.638691803910476	0.0	1336050	5630.195905022344	0.47405640339536215	2.85
76.17884260499775	2850	9.607632971891395	0.0	1415116	6031.058832019079	0.7260415653287655	2.85
80.43473192870304	1850	9.351743648186114	0.0	955231	4255.889323705282	0.7260415653287655	0.8500000000000001
84.03447490611478	1850	9.75200067077438	0.0	968026	3599.7429774117313	0.7260415653287655	1.85
86.91848806805363	1850	10.867987508835524	0.0	874175	2884.013161938858	0.7260415653287655	1.85
89.95571083002913	1850	11.830764746860023	0.0	897976	3037.222761975502	0.7260415653287655	1.85
93.96433290246077	1850	11.822142674428394	0.0	905935	4008.622072431631	0.7260415653287655	1.85
98.41202555604161	1850	11.374450020847544	0.0	1076599	4447.692653580849	0.7260415653287655	1.85
101.34633427229866	1850	12.440141304590497	0.0	758197	2934.308716257047	0.7260415653287655	1.85
105.08094779787845	1850	12.705527779010694	0.0	972798	3734.6135255798035	0.7260415653287655	1.85
108.60119150089707	1850	13.185284075992083	0.0	975811	3520.2437030186093	0.7260415653287655	1.85
111.52400468907217	1850	14.262470887816976	0.0	873429	2922.813188175108	0.7260415653287655	1.85
115.1598968524901	1850	14.626578724399042	0.0	954453	3635.892163417936	0.7260415653287655	1.85
118.24426089272878	1850	15.542214684160372	0.0	885062	3084.3640402386695	0.7260415653287655	1.85
122.02733086423372	1850	15.759144712655429	0.0	1035329	3783.0699715049427	0.7260415653287655	1.85
125.57548868212476	1850	16.210986894764382	0.0	1026056	3548.1578178910486	0.7260415653287655	1.85
128.85054621180532	1850	16.93592936508382	0.0	943942	3275.057529680562	0.7260415653287655	1.85
131.4485718703852	1850	18.33790370650393	0.0	728962	2598.0256585798875	0.7260415653287655	1.85
134.35670061829694	1850	19.429774958592184	0.0	938587	2908.1287479117454	0.7260415653287655	1.85
137.12067344002836	1850	20.66580213686078	0.0	908665	2763.9728217314046	0.7260415653287655	1.85
139.85296070001087	1850	21.933514876878256	0.0	930577	2732.2872599825228	0.7260415653287655	1.85
143.38232389407682	1850	22.40415168281233	0.0	858450	3529.363194065925	0.7260415653287655	1.85
155.0812447319284	1850	14.705230844960727	0.0	1025005	11698.920837851603	0.7260415653287655	1.85
159.253444980977	1850	14.533030595912098	0.0	886255	4172.20024904863	0.7260415653287655	1.85
167.42263008780532	1850	10.363845489083783	0.0	973972	8169.185106828316	0.7260415653287655	1.85
169.76084361577074	1200	12.02563196111836	0.0	630203	2338.2135279654212	0.7260415653287655	0.5499999999999999
172.30256691889434	1200	13.483908657994784	0.0	638661	2541.7233031235774	0.7260415653287655	1.2
175.59067185853692	1850	14.195803718352188	0.0	830730	3288.104939642594	0.7260415653287655	1.2000000000000002
183.3525610684419	2850	10.433914508447208	0.0	1364537	7761.889209904981	0.7260415653287655	1.85
185.79932213221863	750	11.987153444670462	0.0	450283	2446.761063776747	0.7260415653287655	0.75
188.64308371151446	1200	13.143391865374634	0.0	611087	2843.7615792958286	0.7260415653287655	0.75
191.473023057196	1200	14.3134525196931	0.0	571051	2829.9393456815324	0.7260415653287655	1.2
194.32451538127864	1200	15.461960195610455	0.0	617681	2851.4923240826442	0.7260415653287655	1.2
197.10831754153344	1200	16.678158035355658	0.0	652874	2783.802160254801	0.7260415653287655	1.2
199.938918240986	1200	17.847557335903097	0.0	520315	2830.6006994525574	0.7260415653287655	1.2
206.12751359318955	1200	15.658961983699566	0.0	561791	6188.595352203531	0.7260415653287655	1.2
215.40832266735208	1200	10.378152909537022	0.0	709534	9280.809074162544	0.7260415653287655	1.2
219.95910108730538	750	9.827374489583715	0.0	374758	4550.778419953308	0.7260415653287655	0.3
222.8761831585308	750	10.910292418358306	0.0	362795	2917.082071225409	0.7260415653287655	0.75
225.8543990686094	750	11.93207650827969	0.0	353220	2978.2159100786143	0.7260415653287655	0.75
229.09581822130997	750	12.690657355579125	0.0	405134	3241.419152700567	0.7260415653287655	0.75
231.621394281136	750	14.165081295753106	0.0	386351	2525.576059826018	0.7260415653287655	0.75
233.507140398813	750	16.279335178076096	0.0	434409	1885.746117677012	0.7260415653287655	0.75
234.62966363468075	750	19.156811942208346	0.0	337059	1122.5232358677465	0.7260415653287655	0.75
236.23512718840436	1200	21.551348388484772	0.0	587876	1605.463553723574	0.7260415653287655	0.75
238.25536081358098	1200	23.531114763308143	0.0	617242	2020.23362517663	0.7260415653287655	1.2
240.37805166849233	1200	25.4084239083968	0.0	581493	2122.6908549113423	0.7260415653287655	1.2
243.87384826557786	1850	25.912627311311265	0.0	987708	3495.7965970855316	0.7260415653287655	1.2000000000000002
247.5376682368644	2850	26.248807340024758	0.0	1336050	3663.819971286508	0.7260415653287655	1.85
253.69507631144222	2850	24.091399265446935	0.0	1415116	6157.408074577825	0.7260415653287655	2.85
260.9976570522657	2850	20.788818524623476	0.0	1468126	7302.580740823459	0.7260415653287655	2.85
267.0468042243246	2850	18.73967135256456	0.0	1505760	6049.147172058914	0.7260415653287655	2.85
275.67462467412884	2850	14.111850902760288	0.0	1323990	8627.820449804272	0.7260415653287655	2.85
279.75009564489926	1850	14.036379931989913	0.0	897976	4075.4709707703755	0.7260415653287655	0.8500000000000001
282.9544604960206	1850	14.832015080868503	0.0	905935	3204.36485112141	0.7260415653287655	1.85
287.51231315916914	1850	14.274162417719948	0.0	1076599	4557.852663148554	0.7260415653287655	1.85
290.4790990901696	1850	15.307376486719534	0.0	758197	2966.7859310004155	0.7260415653287655	1.85
294.5470019095515	1850	15.23947366733764	0.0	972798	4067.902819381895	0.7260415653287655	1.85
299.3087325858816	1850	14.47774299100756	0.0	975811	4761.73067633008	0.7260415653287655	1.85
304.26144095905806	1850	13.525034617831105	0.0	873429	4952.708373176453	0.7260415653287655	1.85
313.1333404204976	1850	8.653135156391567	0.0	954453	8871.899461439538	0.7260415653287655	1.85
315.35406364033594	1200	10.43241193655324	0.0	584349	2220.7232198383263	0.7260415653287655	0.5499999999999999
317.86700750192426	1200	11.919468074964922	0.0	670129	2512.9438615883187	0.7260415653287655	1.2
320.5728210936139	1200	13.213654483275214	0.0	690253	2705.8135916897077	0.7260415653287655	1.2
322.77694199170105	1200	15.009533585188098	0.0	598727	2204.120898087115	0.7260415653287655	1.2
324.5162725333772	1200	17.27020304351188	0.0	487812	1739.3305416762214	0.7260415653287655	1.2
328.21822627302225	1850	17.568249303866867	0.0	938587	3701.9537396450123	0.7260415653287655	1.2000000000000002
330.9182337825577	1850	18.868241794331382	0.0	908665	2700.0075095354878	0.7260415653287655	1.85
333.3231483904863	1850	20.46332718640276	0.0	930577	2404.9146079286165	0.7260415653287655	1.85
335.54263905809756	1850	22.243836518791507	0.0	858450	2219.4906676112564	0.7260415653287655	1.85
340.38201389009686	2850	21.404461686792203	0.0	1527299	4839.374831999306	0.7260415653287655	1.85
345.84537274562683	2850	19.941102831262235	0.0	1343002	5463.358855529966	0.7260415653287655	2.85
350.1929375677378	2850	19.59353800915128	0.0	1587250	4347.564822110955	0.7260415653287655	2.85
354.70972762905967	2850	19.076747947829354	0.0	1464921	4516.79006132193	0.7260415653287655	2.85
359.3143690602754	2850	18.472106516613657	0.0	1483527	4604.641431215696	0.7260415653287655	2.85
364.9284386540838	4300	16.858036922805276	0.0	1961140	5614.069593808381	0.7260415653287655	2.8499999999999996
372.54697812907676	4300	13.239497447812285	0.0	2155012	7618.539474992991	0.7260415653287655	4.3
374.37481688797686	750	15.411658688912224	0.0	450283	1827.8387589000613	0.7260415653287655	0.75
378.4300089627189	1850	15.356466614170179	0.0	957685	4055.1920747420454	0.7260415653287655	0.75
381.8736920219736	1850	15.912783554915432	0.0	877771	3443.6830592547467	0.7260415653287655	1.85
386.6386365752762	1850	15.14783900161282	0.0	933276	4764.944553302612	0.7260415653287655	1.85
396.2573997568607	1850	9.529075820028341	0.0	996749	9618.763181584478	0.7260415653287655	1.85
398.32416829457884	1200	11.462307282310185	0.0	520315	2066.768537718157	0.7260415653287655	0.5499999999999999
407.59770199197004	1200	6.188773584918986	0.0	561791	9273.533697391198	0.7260415653287655	1.2
411.15192759492874	750	6.634547981960346	0.0	437162	3554.225602958641	0.7260415653287655	0.3
414.14626765444734	750	7.640207922441701	0.0	374758	2994.3400595186445	0.7260415653287655	0.75
417.1959751018549	750	8.590500475034185	0.0	362795	3049.7074474075157	0.7260415653287655	0.75
420.3291599726754	750	9.457315604213646	0.0	353220	3133.1848708205403	0.7260415653287655	0.75
423.54186358074656	750	10.244611996142497	0.0	405134	3212.703608071148	0.7260415653287655	0.75
426.75357513666387	750	11.032900440225193	0.0	386351	3211.711555917306	0.7260415653287655	0.75
430.7578099220078	750	11.02866565488122	0.0	434409	4004.2347853439733	0.7260415653287655	0.75
433.85910006467265	750	11.92737551221643	0.0	337059	3101.2901426647873	0.7260415653287655	0.75
437.0218045621677	750	12.764671014721403	0.0	366214	3162.704497495028	0.7260415653287655	0.75
441.5750432155365	750	12.211432361352614	0.0	360831	4553.23865336879	0.7260415653287655	0.75
445.4635682920044	750	12.322907284884652	0.0	372963	3888.525076467962	0.7260415653287655	0.75
448.8553100847224	750	12.931165492166624	0.0	405596	3391.7417927180277	0.7260415653287655	0.75
451.4199646944287	750	14.366510882460288	0.0	350713	2564.654609706334	0.7260415653287655	0.75
454.25754267951436	750	15.528932897374608	0.0	386472	2837.5779850856816	0.7260415653287655	0.75
457.2508985299395	750	16.53557704694955	0.0	399894	2993.355850425056	0.7260415653287655	0.75
460.393964242579	750	17.392511334310004	0.0	401853	3143.065712639546	0.7260415653287655	0.75
463.0579938923142	750	18.7284816845748	0.0	343800	2664.0296497352083	0.7260415653287655	0.75
465.9718286110807	750	19.8146469658083	0.0	359903	2913.8347187664967	0.7260415653287655	0.75
468.8815988032526	750	20.90487677363647	0.0	379700	2909.770192171829	0.7260415653287655	0.75
472.154502730987	750	21.631972845901995	0.0	425781	3272.9039277344773	0.7260415653287655	0.75
474.5081013910006	750	23.278374185888406	0.0	277716	2353.598660013586	0.7260415653287655	0.75
477.42341631188236	750	24.363059265006626	0.0	400396	2915.3149208817795	0.7260415653287655	0.75
481.3208916950553	750	24.4655838818337	0.0	400508	3897.475383172922	0.7260415653287655	0.75
484.96214690304396	750	24.824328673845038	0.0	358218	3641.255207988665	0.7260415653287655	0.75
488.7861021309431	750	25.00037344594593	0.0	400322	3823.9552278991086	0.7260415653287655	0.75
491.4752531952838	750	26.311222381605177	0.0	369834	2689.151064340751	0.7260415653287655	0.75
493.778223288032	750	28.008252288856998	0.0	412837	2302.97009274818	0.7260415653287655	0.75
498.5594739041708	1200	27.227001672718185	0.0	690253	4781.250616138813	0.7260415653287655	0.75
502.7630502819906	1200	27.02342529489838	0.0	598727	4203.576377819806	0.7260415653287655	1.2
506.6536948805068	1200	27.13278069638221	0.0	487812	3890.6445985161718	0.7260415653287655	1.2
510.7432110268577	1200	27.04326455003132	0.0	575591	4089.5161463508894	0.7260415653287655	1.2
515.9493728701109	1200	25.837102706778104	0.0	605884	5206.161843253215	0.7260415653287655	1.2
520.6848429111873	1200	25.1016326657017	0.0	587506	4735.470041076401	0.7260415653287655	1.2
527.4668127262349	1200	22.319662850654083	0.0	566904	6781.969815047617	0.7260415653287655	1.2
534.7375116400883	1200	19.04896393680069	0.0	641452	7270.698913853395	0.7260415653287655	1.2
540.3887406051431	1200	17.39773497174584	0.0	599477	5651.228965054849	0.7260415653287655	1.2
547.1886301924675	1200	14.597845384421484	0.0	634861	6799.889587324358	0.7260415653287655	1.2
552.4860050070081	750	13.300470569880837	0.0	398987	5297.374814540647	0.7260415653287655	0.3
557.5615867690303	750	12.224888807858663	0.0	393804	5075.581762022171	0.7260415653287655	0.75
564.5682551849097	750	9.218220391979349	0.0	331053	7006.668415879316	0.7260415653287655	0.75
587.3362768328436	1200	4.0	13.549801255954693	550906	22768.02164793404	0.7260415653287655	-57.51414540060517
600.46334828362	750	4.0	9.127071450776343	450283	13127.071450776344	0.7260415653287655	-38.49640723833827
605.251887253455	300	4.0	0.7885389698350337	155580	4788.538969835034	0.7260415653287655	-3.5407175702906453
609.9365646433147	300	4.0	0.6846773898596357	139857	4684.677389859636	0.7260415653287655	-2.6441127763964336
612.6979038227328	300	5.238660820581988	0.0	155432	2761.3391794180125	0.7260415653287655	0.3
615.2459938253069	300	6.690570818007833	0.0	163442	2548.0900025741544	0.7260415653287655	0.3
617.615586757699	300	8.320977885615655	0.0	126289	2369.5929323921764	0.7260415653287655	0.3
620.1619049649561	300	9.774659678358562	0.0	153295	2546.3182072570917	0.7260415653287655	0.3
624.7404431579162	300	9.19612148539846	0.0	173849	4578.538192960102	0.7260415653287655	0.3
628.9813653943594	300	8.955199248955308	0.0	150710	4240.922236443152	0.7260415653287655	0.3
632.1372069709146	300	9.799357672399985	0.0	139105	3155.841576555323	0.7260415653287655	0.3
636.0549831297017	300	9.88158151361285	0.0	141840	3917.776158787134	0.7260415653287655	0.3
642.268005778508	300	7.668558864806502	0.0	156148	6213.022648806349	0.7260415653287655	0.3
649.1337377815956	300	4.802826861718815	0.0	160746	6865.732003087687	0.7260415653287655	0.3
651.0803827328967	300	6.8561819104177575	0.0	179801	1946.6449513010575	0.7260415653287655	0.3
651.7806399055462	300	10.155924737768295	0.0	140051	700.2571726494623	0.7260415653287655	0.3
652.3353572482508	300	13.601207395063684	0.0	138313	554.7173427046113	0.7260415653287655	0.3
652.8060699651885	300	17.130494678125984	0.0	143509	470.7127169376974	0.7260415653287655	0.3
653.2292162183869	300	20.70734842492758	0.0	150616	423.1462531984036	0.7260415653287655	0.3
654.1764209085824	750	23.76014373473204	0.0	405596	947.2046901955425	0.7260415653287655	0.3
656.2875081145789	1850	25.64905652873559	0.0	923755	2111.0872059964486	0.7260415653287655	0.75
658.0492988038177	1850	27.887265839496777	0.0	891604	1761.790689238814	0.7260415653287655	1.85
660.0826999870199	1850	29.853864656294622	0.0	955231	2033.4011832021542	0.7260415653287655	1.85
664.9052782164608	4300	29.031286426853676	0.0	2221506	4822.578229440948	0.7260415653287655	1.8499999999999996
669.3062463650862	4300	28.63031827822834	0.0	2044075	4400.968148625335	0.7260415653287655	4.3
673.675254863519	4300	28.26130977979548	0.0	2186790	4369.00849843286	0.7260415653287655	4.3
677.9632987581045	4300	27.973265885209905	0.0	2105231	4288.043894585575	0.7260415653287655	4.3
682.8418640504277	4300	27.094700592886834	0.0	2395588	4878.56529232307	0.7260415653287655	4.3
687.4507477657864	4300	26.485816877528023	0.0	1972048	4608.883715358809	0.7260415653287655	4.3
692.3526468324804	4300	25.58391781083406	0.0	2134614	4901.8990666939635	0.7260415653287655	4.3
697.117250845878	4300	24.819313797436596	0.0	2164140	4764.604013397465	0.7260415653287655	4.3
701.392521211056	4300	24.544043432258626	0.0	2113193	4275.27036517797	0.7260415653287655	4.3
706.3866447960547	4300	23.549919847259808	0.0	2147852	4994.123584998817	0.7260415653287655	4.3
711.6727849775139	4300	22.263779665800705	0.0	2191074	5286.1401814591	0.7260415653287655	4.3
716.8209238759803	4300	21.11564076733418	0.0	2286761	5148.138898466523	0.7260415653287655	4.3
721.7950287889242	4300	20.1415358543903	0.0	2307787	4974.1049129438825	0.7260415653287655	4.3
730.1228577748878	4300	15.81370686842667	0.0	2143948	8327.828985963628	0.7260415653287655	4.3
739.5771739142302	4300	10.359390729084248	0.0	1919781	9454.316139342422	0.7260415653287655	4.3
743.8964241864776	1850	10.040140456836872	0.0	938587	4319.250272247377	0.7260415653287655	-0.6000000000000001
747.7178599345032	1850	10.218704708811229	0.0	908665	3821.4357480256426	0.7260415653287655	1.85
751.2162607850142	1850	10.720303858300161	0.0	930577	3498.400850511067	0.7260415653287655	1.85
754.5026752788709	1850	11.433889364443468	0.0	858450	3286.4144938566933	0.7260415653287655	1.85
757.4121898236378	1850	12.524374819676646	0.0	1025005	2909.5145447668215	0.7260415653287655	1.85
759.8312398647074	1850	14.10532477860707	0.0	886255	2419.0500410695763	0.7260415653287655	1.85
762.7102106322271	1850	15.226354011087412	0.0	973972	2878.970767519656	0.7260415653287655	1.85
765.8333045444331	1850	16.103260098881535	0.0	958994	3123.0939122058767	0.7260415653287655	1.85
769.1050996256001	1850	16.83146501771445	0.0	982064	3271.7950811670867	0.7260415653287655	1.85
776.3028217912447	4300	13.633742852069933	0.0	1961140	7197.722165644518	0.7260415653287655	1.8499999999999996
784.2894940513797	4300	9.647070591934867	0.0	2155012	7986.672260135065	0.7260415653287655	4.3
785.9829130003247	750	11.953651642989835	0.0	450283	1693.4189489450328	0.7260415653287655	0.75
788.8097341096361	1850	13.126830533678403	0.0	957685	2826.8211093114314	0.7260415653287655	0.75
791.0060718847698	1850	14.930492758544894	0.0	877771	2196.33777513351	0.7260415653287655	1.85
793.0271576321932	1850	16.909407011121445	0.0	933276	2021.0857474234458	0.7260415653287655	1.85
795.0675951584516	1850	18.868969484863083	0.0	996749	2040.4375262583615	0.7260415653287655	1.85
798.0631935549486	2850	19.873371088366017	0.0	1224260	2995.5983964970665	0.7260415653287655	1.85
801.5779546093164	2850	20.358610033998264	0.0	1388403	3514.7610543677492	0.7260415653287655	2.85
805.4484167971309	2850	20.488147846183693	0.0	1638769	3870.4621878145736	0.7260415653287655	2.85
808.6784812136474	2850	21.258083429667217	0.0	1348011	3230.064416516474	0.7260415653287655	2.85
812.4299475222876	2850	21.50661712102698	0.0	1429765	3751.466308640237	0.7260415653287655	2.85
816.4312320083849	2850	21.50533263492975	0.0	1354548	4001.2844860972327	0.7260415653287655	2.85
820.5688360323179	2850	21.36772861099668	0.0	1519951	4137.604023933072	0.7260415653287655	2.85
824.4867639276807	2850	21.449800715633987	0.0	1422919	3917.9278953626904	0.7260415653287655	2.85
827.9907750029234	2850	21.945789640391165	0.0	1578343	3504.011075242821	0.7260415653287655	2.85
831.105671883536	2850	22.830892759778564	0.0	1231445	3114.8968806126045	0.7260415653287655	2.85
834.6220690080582	2850	23.31449563525626	0.0	1471065	3516.3971245223006	0.7260415653287655	2.85
837.3412876592902	2850	24.595276984024405	0.0	1491626	2719.218651231858	0.7260415653287655	2.85
839.7432656751726	2850	26.19329896814198	0.0	1358801	2401.9780158824215	0.7260415653287655	2.85
844.7932971825779	4300	25.14326746073666	0.0	2220726	5050.0315074053215	0.7260415653287655	2.8499999999999996
851.9474810389148	4300	21.9890836043998	0.0	2156729	7154.18385633686	0.7260415653287655	4.3
858.300980867361	4300	19.635583775953585	0.0	2039773	6353.499828446214	0.7260415653287655	4.3
865.6196348429476	4300	16.316929800366967	0.0	2176469	7318.653975586617	0.7260415653287655	4.3
871.2133965547697	2850	14.723168088544785	0.0	1505760	5593.761711822182	0.7260415653287655	1.4000000000000001

