10216.56362150951	750	4.0	2.239539958395732	450283	2239.539958395732	-8.880021821101646
10217.373128016352	300	7.190493493155928	0.0	155580	809.5065068440732	-0.15000000000000002
10218.017228164388	300	10.546393345120212	0.0	139857	644.1001480357153	0.3
10218.698958868797	300	13.864662640710197	0.0	155432	681.7307044100145	0.3
10219.50506331138	300	17.058558198127407	0.0	163442	806.104442582788	0.3
10220.09970360346	300	20.463917906047364	0.0	126289	594.6402920800433	0.3
10220.753602599012	300	23.8100189104973	0.0	153295	653.8989955500659	0.3
10221.607520039272	300	26.956101470237083	0.0	173849	853.9174402602149	0.3
10222.425729452792	300	30.13789205671611	0.0	150710	818.2094135209745	0.3
10223.214365682496	300	33.34925582701346	0.0	139105	788.636229702652	0.3
10223.855663664293	300	36.70795784521687	0.0	141840	641.2979817965969	0.3
10224.559164571861	300	40.00445693764893	0.0	156148	703.5009075679354	0.3
10225.294843545305	300	43.26877796420569	0.0	160746	735.6789734432415	0.3
10227.295754716928	750	45.26786679258341	0.0	434409	2000.9111716222842	0.3
10228.885345178654	750	47.67827633085691	0.0	337059	1589.5904617264978	0.75
10230.527502974992	750	50.036118534519346	0.0	366214	1642.1577963375692	0.75
10232.024008880722	750	52.53961262879023	0.0	360831	1496.5059057291135	0.75
10233.967198014747	750	54.59642349476518	0.0	372963	1943.1891340250454	0.75
10235.74941935501	750	56.81420215450193	0.0	405596	1782.2213402632553	0.75
10237.515798443323	750	59.047823066189316	0.0	350713	1766.37908831261	0.75
10239.785045727203	750	59.79905787035267	0.0	386472	1748.765195836646	0.75
10241.985628508011	750	59.59950752397006	0.0	399894	1699.550346382613	0.75
10244.848543372427	1200	59.85806630897381	0.0	656471	2741.441214996253	0.75
10247.176807183454	1200	59.69467122817178	0.0	536667	2163.3950808020286	1.2
10251.117119430566	1200	59.752949469727746	0.0	587236	2941.72175844403	1.2
10254.644516117542	1200	59.92304637057461	0.0	590335	2829.903099153137	1.2
10259.04455088718	1200	59.523011600934886	0.0	696376	3900.034769639724	1.2
10262.575793796534	1200	59.99176869158172	0.0	487160	3531.2429093531678	1.2
10266.22908710478	1200	59.509007670865735	0.0	622896	2982.7610207159805	1.2
10270.325418449964	1200	59.41267632568162	0.0	641447	4096.331345184108	1.2
10275.045378828412	1200	58.69271594723488	0.0	570392	4719.960378446749	1.2
10279.195738750808	750	58.542356024839194	0.0	400322	4150.359922395683	0.3
10281.874410165667	750	59.53211228418727	0.0	369834	2510.243740651921	0.75
10284.640928208551	750	59.938567099849074	0.0	412837	2093.545184338198	0.75
10288.013297256159	750	59.52686900531977	0.0	401088	2411.6980945293144	0.75
10290.198703689044	750	59.98050126541552	0.0	365161	2046.3677399042401	0.75
10291.877032587974	750	59.81085616244148	0.0	321064	1669.6451029740408	0.75
10295.779362952258	750	59.90852579815699	0.0	361565	3402.330364284493	0.75
10301.678641356879	750	58.00924739353764	0.0	378327	5899.2784046193465	0.75
10304.131969741395	750	59.55591900902122	0.0	390680	2453.3283845164256	0.75
10307.113998863764	750	59.942714922523606	0.0	345516	2113.204086497609	0.75
10309.724030363112	750	59.50661169078688	0.0	384505	2436.103231736717	0.75
10313.35899017744	750	59.726095917427614	0.0	372093	2780.515773359274	0.75
10316.751003664176	750	59.90281119454297	0.0	438281	2823.284722884644	0.75
10320.123649804902	750	59.93085250610723	0.0	398987	2971.958688435745	0.75
10324.119055419047	1200	59.93544689196146	0.0	638661	3995.4056141457677	0.75
10328.392629646374	1850	59.66187266463467	0.0	830730	4273.5742273267915	1.2000000000000002
10337.718145493247	2850	54.336356817761086	0.0	1364537	9325.515846873586	1.85
10340.746891650148	750	55.30761066086024	0.0	450283	3028.7461569008415	0.75
10343.392515066624	750	56.661987244385095	0.0	398865	2645.6234164751413	0.75
10345.735732862868	750	58.318769448141445	0.0	350812	2343.217796243657	0.75
10348.419788989662	750	59.63471332134665	0.0	382355	2184.0561267947955	0.75
10351.034014789444	750	59.84001373998067	0.0	411561	2294.699581365978	0.75
10353.224248868299	750	59.59465980976154	0.0	318564	1745.3539302191368	0.75
10355.50806250698	750	59.61519306473717	0.0	352642	1979.466745024366	0.75
10358.998767571878	750	59.71251397911807	0.0	437162	2402.679085619099	0.75
10362.416161083129	750	59.927330213131846	0.0	374758	2785.1837659862204	0.75
10366.15641379364	750	59.55930873050741	0.0	362795	2868.0214826244437	0.75
10369.0178640603	750	59.74869921112166	0.0	353220	2310.6095193857464	0.75
10371.915650656792	750	59.971226286512724	0.0	405134	2777.472924608931	0.75
10374.526295358426	750	59.66006077163759	0.0	386351	2311.1655148751406	0.75
10378.139048015222	750	59.94942403661875	0.0	434409	2710.6367350188366	0.75
10381.343074894585	750	59.73896855782601	0.0	337059	2210.4554787927427	0.75
10385.404016226612	750	59.67802722579889	0.0	366214	4060.941332027122	0.75
10388.087183322948	750	59.98370004392823	0.0	360831	2194.327181870662	0.75

