16486.746160166418	750	4.0	2.0826286555936395	450283	2082.6286555936395	-8.205303219052649
16490.289740265885	750	4.456419900529251	0.0	398865	3543.58009947075	0.75
16493.30156789373	750	5.444592272686176	0.0	350812	3011.827627843074	0.75
16496.171499834567	750	6.574660331850418	0.0	382355	2869.9319408357587	0.75
16498.78506444784	750	7.961095718578647	0.0	411561	2613.5646132717707	0.75
16501.187602330094	750	9.558557836321304	0.0	318564	2402.5378822573425	0.75
16504.352016906258	750	10.394143260159101	0.0	352642	3164.414576162203	0.75
16507.44727435728	750	11.298885809134536	0.0	437162	3095.257451024566	0.75
16515.962661462847	750	6.783498703566702	0.0	374758	8515.387105567834	0.75
16522.80799446817	750	4.0	0.06183430175703415	362795	6845.333005323736	0.4841125024447532
16524.85641302712	300	5.951581441053176	0.0	141840	2048.4185589468234	-0.15000000000000002
16526.737859482808	300	8.070134985363197	0.0	156148	1881.446455689979	0.3
16529.045445895423	300	9.762548572748061	0.0	160746	2307.586412615136	0.3
16531.647969400598	300	11.160025067574603	0.0	179801	2602.523505173458	0.3
16533.062328129887	300	13.745666338285687	0.0	140051	1414.3587292889156	0.3
16534.673249497337	300	16.134744970836504	0.0	138313	1610.9213674491828	0.3
16536.310807181908	300	18.497187286263735	0.0	143509	1637.557684572771	0.3
16538.45742098677	300	20.35057348140245	0.0	150616	2146.613804861284	0.3
16542.417476263436	750	20.3905182047372	0.0	405596	3960.0552766652504	0.3
16546.09373794694	750	20.714256521232567	0.0	350713	3676.2616835046324	0.75
16549.284807965327	750	21.52318650284842	0.0	386472	3191.070018384146	0.75
16552.687579207195	750	22.120415260976916	0.0	399894	3402.7712418715037	0.75
16557.017975691146	750	21.790018777027814	0.0	401853	4330.396483949102	0.75
16560.567810785757	750	22.2401836824161	0.0	343800	3549.835094611713	0.75
16564.3570607704	750	22.450933697775202	0.0	359903	3789.249984640896	0.75
16567.938166417	750	22.869828051173435	0.0	379700	3581.1056466017694	0.75
16572.882313666993	750	21.92568080117777	0.0	425781	4944.147249995664	0.75
16577.475403068773	750	21.332591399398332	0.0	277716	4593.089401779439	0.75
16585.34952086433	750	17.458473603844126	0.0	400396	7874.1177955542025	0.75
16591.67204721287	750	15.135947255301028	0.0	400508	6322.526348543098	0.75
16595.32740298142	750	15.480591486751694	0.0	358218	3655.355768549334	0.75
16602.264961977653	750	12.543032490520996	0.0	400322	6937.558996230696	0.75
16605.951516076784	750	12.856478391389345	0.0	369834	3686.554099131652	0.75
16610.558360681578	750	12.249633786593305	0.0	412837	4606.844604796038	0.75
16614.003260382287	750	12.804734085882268	0.0	401088	3444.899700711038	0.75
16617.437187322874	750	13.370807145296464	0.0	365161	3433.926940585805	0.75
16619.72132093998	750	15.086673528189156	0.0	321064	2284.1336171073062	0.75
16624.671233354544	750	14.136761113629714	0.0	361565	4949.912414559442	0.75
16630.408388211446	750	12.399606256725995	0.0	378327	5737.154856903717	0.75
16633.551217741082	750	13.256776727090433	0.0	390680	3142.8295296355623	0.75
16636.268374205327	750	14.539620262845235	0.0	345516	2717.1564642452004	0.75
16638.93859675469	750	15.869397713481522	0.0	384505	2670.2225493637125	0.75
16641.055716213497	750	17.752278254673815	0.0	372093	2117.1194588077033	0.75
16643.896823740106	750	18.911170728065304	0.0	438281	2841.107526608514	0.75
16649.059366923782	1200	17.748627544388217	0.0	630203	5162.543183677086	0.75
16656.445577146354	1850	14.362417321818594	0.0	982064	7386.210222569625	1.2000000000000002
16663.323630264276	1850	11.484364203896526	0.0	830730	6878.053117922068	1.85
16672.99767565599	2850	5.81031881217901	0.0	1364537	9674.045391717516	1.85
16675.938646731665	750	6.869347736506903	0.0	450283	2940.9710756721074	0.75
16679.01494136356	750	7.793053104613961	0.0	398865	3076.294631892943	0.75
16681.709646106894	750	9.098348361277404	0.0	350812	2694.7047433365565	0.75
16685.759238895316	750	9.048755572857429	0.0	382355	4049.5927884199746	0.75
16691.278130673763	750	7.529863794408681	0.0	411561	5518.891778448749	0.75
16697.456595750107	750	5.351398718065503	0.0	318564	6178.465076343177	0.75
16700.085954775164	300	6.722039693009334	0.0	153295	2629.359025056169	-0.15000000000000002
16701.8443672576	300	8.963627210572895	0.0	173849	1758.4124824364394	0.3
16703.373764097945	300	11.4342303702294	0.0	150710	1529.3968403434944	0.3
16704.4837245388	300	14.324269929373441	0.0	139105	1109.9604408559585	0.3
16705.508868741385	300	17.299125726788503	0.0	141840	1025.1442025849383	0.3
16706.613161972087	300	20.194832496082984	0.0	156148	1104.2932307055185	0.3
16708.783173744603	750	22.024820723567053	0.0	386351	2170.011772515933	0.3
16712.93857223417	1200	21.869422234003025	0.0	687371	4155.398489564028	0.75
16715.757146537722	1200	23.05084793045006	0.0	526950	2818.574303552963	1.2
16719.64619778227	1200	23.161796685901972	0.0	587876	3889.0512445480886	1.2
16723.713247938635	1200	23.094746529535506	0.0	617242	4067.050156366466	1.2
16728.20406770414	1200	22.603926764030774	0.0	581493	4490.819765504734	1.2
16734.202540034228	1200	20.605454433942477	0.0	639204	5998.472330088299	1.2
16739.012710169864	1200	19.79528429830532	0.0	586839	4810.170135637158	1.2
16745.633618006817	1200	17.174376461351653	0.0	601738	6620.907836953666	1.2
16749.808919381576	1200	16.99907508659297	0.0	616206	4175.301374758685	1.2
16754.785722126493	1200	16.022272341678107	0.0	656471	4976.802744914863	1.2
16758.76885654116	1200	16.03913792701091	0.0	536667	3983.1344146671963	1.2
16765.630343136316	1200	13.177651331855559	0.0	587236	6861.486595155352	1.2
16781.417490137028	1200	4.0	2.6094956688584934	590335	15787.147000714052	-10.020831376091522
16786.17472302581	300	4.0	0.7572328887811327	181901	4757.232888781133	-3.8561014217588707
16787.769499062837	300	6.405223962973007	0.0	111155	1594.7760370269932	0.3
16789.194220837737	300	8.980502188070256	0.0	153605	1424.7217749027507	0.3
16790.514645243682	300	11.660077782128461	0.0	149029	1320.4244059417945	0.3
16791.57269239816	300	14.602030627651029	0.0	157421	1058.0471544774318	0.3
16793.56639897479	300	16.608324051020762	0.0	157488	1993.7065766302696	0.3
16796.51012648714	750	17.664596538672967	0.0	369834	2943.7275123477934	0.3
16799.91640820212	750	18.258314823693148	0.0	412837	3406.2817149798166	0.75
16803.68212634683	750	18.492596678981922	0.0	401088	3765.7181447112257	0.75
16806.86913329949	750	19.30558972632335	0.0	365161	3187.0069526585676	0.75
16809.719940890714	750	20.454782135096604	0.0	321064	2850.80759122675	0.75
16812.510214239046	750	21.664508786766408	0.0	361565	2790.2733483301968	0.75
16814.832365227678	750	23.342357798133737	0.0	378327	2322.1509886326694	0.75
16818.987270325517	1200	23.187452700293793	0.0	587506	4154.905097839944	0.75
16823.461971181976	1200	22.71275184383057	0.0	566904	4474.700856463222	1.2
16827.612936050926	1200	22.56178697488257	0.0	641452	4150.964868948004	1.2
16830.750156797534	1200	23.424566228274003	0.0	599477	3137.220746608568	1.2
16834.183160035085	1200	23.991562990726546	0.0	634861	3433.003237547454	1.2
16838.06925897827	1200	24.105464047541155	0.0	630203	3886.0989431853936	1.2
16844.867711905074	1850	21.30701112073718	0.0	982064	6798.452926803971	1.2000000000000002
16852.039120906546	2850	18.135602119263954	0.0	1231456	7171.409001473226	1.85
16866.51664605293	2850	7.6580769728794165	0.0	1364537	14477.525146384536	2.85
16870.013981859604	750	8.160741166209002	0.0	450283	3497.335806670415	0.75
16872.611758900937	750	9.562964124872707	0.0	398865	2597.7770413362937	0.75
16875.36282673715	750	10.811896288659652	0.0	350812	2751.0678362130566	0.75
16878.130826788067	750	12.043896237740599	0.0	382355	2768.000050919052	0.75
16880.7965964715	750	13.378126554307713	0.0	411561	2665.7696834328854	0.75
16882.783516960128	750	15.39120606567683	0.0	318564	1986.9204886308833	0.75
16886.211489360463	1200	15.96323366534395	0.0	561791	3427.972400332882	0.75
16891.62092040244	1200	14.553802623366767	0.0	709534	5409.431041977181	1.2
16895.64857047732	1200	14.526152548490838	0.0	584846	4027.65007487593	1.2
16899.447908111102	1200	14.726814914705978	0.0	560821	3799.3376337848613	1.2
16903.40394622111	1200	14.77077680469975	0.0	607410	3956.0381100062277	1.2
16907.87307401702	1200	14.301649008785702	0.0	594078	4469.127795914047	1.2
16914.13626858524	1200	12.038454440567333	0.0	624282	6263.194568218369	1.2
16919.662996275103	1200	10.511726750703044	0.0	687371	5526.727689864288	1.2
16924.175645823565	1200	9.999077202243948	0.0	526950	4512.649548459098	1.2
16930.12371199462	1200	8.051011031189628	0.0	587876	5948.066171054319	1.2
16934.009681517688	750	8.165041508122709	0.0	360831	3885.969523066918	0.3
16935.953474314792	750	10.221248711016905	0.0	372963	1943.792797105804	0.75
16938.180034487108	750	11.994688538699707	0.0	405596	2226.560172317199	0.75
16940.4232020158	750	13.751521010005492	0.0	350713	2243.167528694216	0.75
16942.714836382565	750	15.459886643242216	0.0	386472	2291.634366763275	0.75
16946.3057542419	1200	15.868968783904965	0.0	616206	3590.917859337252	0.75
16950.24256922498	1200	15.932153800825342	0.0	656471	3936.8149830796224	1.2
16953.354239810655	1200	16.82048321515629	0.0	536667	3111.670585669049	1.2
16958.59686077627	1200	15.577862249543013	0.0	587236	5242.620965613279	1.2
16962.41888779966	1200	15.755835226148632	0.0	590335	3822.0270233943806	1.2
16965.92338397548	1200	16.251339050331957	0.0	696376	3504.496175816674	1.2
16968.62082207144	1200	17.553900954372654	0.0	487160	2697.4380959593063	1.2
16973.412981105143	1200	16.761741920671867	0.0	622896	4792.159033700787	1.2
16977.684146508327	1200	16.49057651748501	0.0	641447	4271.165403186857	1.2
16981.386712533462	1200	16.788010492352104	0.0	570392	3702.566025132906	1.2
16985.8688018716	1200	16.305921154217476	0.0	620283	4482.089338134629	1.2
16989.605057696954	1200	16.569665328863177	0.0	584349	3736.2558253542975	1.2
16994.374542580903	1200	15.800180444914966	0.0	670129	4769.484883948213	1.2
16999.573344800225	1200	14.60137822559207	0.0	690253	5198.802219322896	1.2
17004.38711807293	1200	13.787604952888083	0.0	598727	4813.773272703987	1.2
17007.939160162783	1200	14.235562863036092	0.0	487812	3552.042089851992	1.2
17011.36116223125	1200	14.813560794573299	0.0	575591	3422.002068462792	1.2
17014.792436814354	1200	15.382286211468086	0.0	605884	3431.274583105212	1.2
17018.03350687732	1200	16.141216148498824	0.0	587506	3241.070062969264	1.2
17022.114583753108	1200	16.060139272713283	0.0	566904	4081.0768757855403	1.2
17025.843988784472	1200	16.330734241349596	0.0	641452	3729.405031363687	1.2
17029.492413779983	1200	16.68230924584005	0.0	599477	3648.4249955095434	1.2
17032.673492629387	1200	17.50123039643397	0.0	634861	3181.078849406079	1.2
17037.02217589618	1850	17.152547129637366	0.0	958994	4348.6832667966055	1.2000000000000002
17041.204549613452	1850	16.970173412365657	0.0	982064	4182.373717271708	1.85
17047.006383474298	2850	15.168339551521207	0.0	1231456	5801.83386084445	1.85
17054.192933328704	2850	11.981789697114198	0.0	1364537	7186.549854407009	2.85
17057.275469045333	750	12.899253980483481	0.0	450283	3082.535716630717	0.75
17061.942145057954	750	12.23257796786309	0.0	398865	4666.676012620393	0.75
17065.330043550366	750	12.844679475451045	0.0	350812	3387.8984924120455	0.75
17067.856410667988	750	14.31831235782685	0.0	382355	2526.367117624196	0.75
17070.425493901388	750	15.74922912442922	0.0	411561	2569.0832333976286	0.75
17072.446569827916	750	17.72815319789911	0.0	318564	2021.0759265301092	0.75
17074.957047453478	750	19.217675572337793	0.0	352642	2510.4776255613187	0.75
17079.394078631234	1200	18.780644394582815	0.0	709534	4437.031177754978	0.75
17083.391603170032	1200	18.783119855781155	0.0	584846	3997.52453880166	1.2
17085.11533375189	1200	21.059389273925103	0.0	560821	1723.7305818560517	1.2
17089.214601391202	1200	20.96012163461104	0.0	607410	4099.267639314063	1.2
17093.379597533523	1200	20.795125492288957	0.0	594078	4164.996142322083	1.2
17098.22270440341	1200	19.95201862240216	0.0	624282	4843.106869886796	1.2
17102.528133422926	1200	19.64658960288591	0.0	687371	4305.42901951625	1.2
17107.344819498678	1200	18.82990352713581	0.0	526950	4816.686075750102	1.2
17112.229928301793	1200	17.944794724021655	0.0	587876	4885.108803114152	1.2
17119.17638964219	1200	14.99833338362247	0.0	617242	6946.461340399187	1.2
17122.304085615895	1200	15.870637409918778	0.0	581493	3127.695973703693	1.2
17154.63225970687	1200	4.0	16.457536681056254	639204	32328.174090975033	-69.56740772854188
17162.358416917014	300	4.0	3.7261572101466673	140881	7726.157210146667	-16.622476003630666
17169.628217917423	300	4.0	3.26980100041015	157671	7269.80100041015	-13.760144301763644
17170.568079266835	300	7.060138650589224	0.0	157812	939.8613494107766	0.3
17179.611544998555	300	4.0	1.983327081132721	163927	9043.465731721944	-8.228306448870699
17187.675038374935	300	4.0	4.0634933763772025	137654	8063.493376377202	-17.17302151842197
17197.0688126065	300	4.0	5.393774231564406	146754	9393.774231564406	-22.893229195726946
17203.729887237347	300	4.0	2.661074630849998	153938	6661.074630849998	-11.14262091265499
17211.742096373677	300	4.0	4.012209136328755	181901	8012.2091363287545	-16.952499286213644
17218.8685952523	300	4.0	3.1264988786241545	111155	7126.498878624155	-13.143945178083863
17228.667523989912	300	4.0	5.798928737612388	153605	9798.928737612388	-24.635393571733267
17237.062352182853	300	4.0	4.394828192942497	149029	8394.828192942497	-18.597761229652736
17245.700797655485	300	4.0	4.638445472632235	157421	8638.445472632235	-19.64531553231861
17255.57090161059	300	4.0	5.870103955104427	157488	9870.103955104427	-24.941447006949033
17263.05977434239	300	4.0	3.4888727317969153	143881	7488.872731796915	-14.702152746726734
17267.92106262618	300	4.0	0.8612882837902789	163444	4861.288283790279	-3.4035396202981993
17278.038906550508	300	4.0	6.117843924326824	179328	10117.843924326824	-26.00672887460534
17282.598520293992	300	4.0	0.5596137434831817	159914	4559.613743483182	-2.1063390969776816
17289.47348302151	300	4.0	2.8749627275165723	131610	6874.962727516572	-12.062339728321259
17298.699531126604	300	4.0	5.226048105096084	124011	9226.048105096084	-22.17200685191316
17306.63535919174	300	4.0	3.935828065135118	144254	7935.828065135118	-16.624060680081005
17314.66331992072	300	4.0	4.027960728982508	149991	8027.960728982508	-17.020231134624783
17315.554614797125	300	7.108705123594789	0.0	147968	891.2948764052104	0.3
17323.155406365346	300	4.0	0.4920864446238238	161857	7600.791568218613	-1.8159717118824423
17331.51935998644	300	4.0	4.363953621094475	145210	8363.953621094475	-18.46500057070624
17342.065856630885	300	4.0	6.546496644444069	172312	10546.496644444069	-27.849935571109494
17352.764200268826	300	4.0	6.6983436379447046	167025	10698.343637944705	-28.50287764316223

