65454.912745118214	750	4.0	2.543860366369958	450283	2543.860366369958	0.7	-10.18859957539082
65456.17534466334	300	6.737400454876918	0.0	155580	1262.5995451230822	0.7	-0.15000000000000002
65459.278153300875	750	7.6345918173386815	0.0	350812	3102.808637538237	0.7	0.3
65461.915938066886	750	8.996807051331146	0.0	382355	2637.7847660075354	0.7	0.75
65464.560247316134	750	10.352497802076083	0.0	411561	2644.309249255063	0.7	0.75
65466.920535759935	750	11.992209358276616	0.0	318564	2360.288443799467	0.7	0.75
65469.646367231406	750	13.266377886806845	0.0	352642	2725.83147146977	0.7	0.75
65472.76506823639	750	14.147676881827454	0.0	437162	3118.7010049793917	0.7	0.75
65475.52902899059	750	15.383716127623652	0.0	374758	2763.960754203802	0.7	0.75
65480.49559518428	750	14.417149933931755	0.0	362795	4966.566193691895	0.7	0.75
65483.81915146019	750	15.093593658016676	0.0	353220	3323.5562759150794	0.7	0.75
65486.8525830429	750	16.060162075316125	0.0	405134	3033.431582700552	0.7	0.75
65489.69249473538	750	17.220250382841257	0.0	386351	2839.9116924748632	0.7	0.75
65492.89790249643	750	18.014842621786187	0.0	434409	3205.407761055076	0.7	0.75
65495.991269657665	750	18.921475460551747	0.0	337059	3093.367161234438	0.7	0.75
65499.01009855203	750	19.90264656618351	0.0	366214	3018.828894368239	0.7	0.75
65502.41219493974	750	20.5005501784804	0.0	360831	3402.0963877031113	0.7	0.75
65508.47765276329	1200	18.435092354926866	0.0	581493	6065.457823553533	0.7	0.75
65515.88330148895	1200	15.029443629268494	0.0	639204	7405.648725658373	0.7	1.2
65521.43779353943	1200	13.474951578791776	0.0	586839	5554.492050476718	0.7	1.2
65526.0612152037	1200	12.851529914516227	0.0	601738	4623.421664275548	0.7	1.2
65531.673835527836	1200	11.238909590381848	0.0	616206	5612.620324134381	0.7	1.2
65536.70719159995	1200	10.205553518265	0.0	656471	5033.356072116847	0.7	1.2
65539.6892341358	750	11.22351098241447	0.0	343800	2982.04253585053	0.7	0.3
65542.2985832516	750	12.614161866621368	0.0	359903	2609.3491157931035	0.7	0.75
65545.1565443416	750	13.75620077662253	0.0	379700	2857.961089998839	0.7	0.75
65548.6693188156	750	14.24342630262251	0.0	425781	3512.7744740000207	0.7	0.75
65550.72293800481	750	16.18980711341055	0.0	277716	2053.6191892119587	0.7	0.75
65553.7317630914	750	17.180982026818196	0.0	400396	3008.825086592353	0.7	0.75
65558.55355675575	1200	16.359188362466508	0.0	641447	4821.79366435169	0.7	0.75
65563.71082394167	1200	15.201921176553443	0.0	570392	5157.267185913065	0.7	1.2
65570.13863082383	1200	12.774114294392412	0.0	620283	6427.80688216103	0.7	1.2
65575.82084556663	1200	11.091899551580386	0.0	584349	5682.214742812025	0.7	1.2
65582.38884129784	1200	8.523903820381507	0.0	670129	6567.995731198881	0.7	1.2
65586.13317793242	750	8.779567185792569	0.0	401088	3744.3366345889394	0.7	0.3
65589.73338901435	750	9.17935610386579	0.0	365161	3600.211081926779	0.7	0.75
65592.62057695072	750	10.292168167497502	0.0	321064	2887.1879363682874	0.7	0.75
65596.27852189507	750	10.634223223141344	0.0	361565	3657.9449443561593	0.7	0.75
65599.85580748098	750	11.056937637228593	0.0	378327	3577.285585912751	0.7	0.75
65603.72066738165	750	11.192077736562949	0.0	390680	3864.8599006656445	0.7	0.75
65608.15137557127	750	10.761369546953553	0.0	345516	4430.708189609398	0.7	0.75
65615.20662338333	750	7.7061217348865085	0.0	384505	7055.247812067044	0.7	0.75
65619.91944444767	750	6.993300670537915	0.0	372093	4712.821064348594	0.7	0.75
65623.67236561512	750	7.240379503106795	0.0	438281	3752.9211674311196	0.7	0.75
65626.87745818845	750	8.035286929770736	0.0	398987	3205.092573336058	0.7	0.75
65629.9297698654	750	8.982975252826247	0.0	393804	3052.3116769444887	0.7	0.75
65632.53726828909	750	10.375476829138723	0.0	331053	2607.4984236875243	0.7	0.75
65640.78644535589	1850	6.126299762338768	0.0	846370	8249.177066799955	0.7	0.75
65647.14344232375	750	4.0	0.23069720553049775	450283	6356.996967869265	0.7	-0.24199798378114024
65649.96813088404	300	5.175311439715793	0.0	155580	2824.6885602842067	0.7	-0.15000000000000002
65652.81894254936	300	6.324499774394654	0.0	139857	2850.8116653211396	0.7	0.3
65655.88614059985	300	7.257301723902009	0.0	155432	3067.198050492645	0.7	0.3
65657.83173479247	300	9.311707531272598	0.0	163442	1945.5941926294117	0.7	0.3
65659.52575399668	300	11.617688327073669	0.0	126289	1694.0192041989283	0.75	0.3
65660.7538598976	300	14.389582426151755	0.0	153295	1228.105900921913	0.75	0.3
65662.64018305247	300	16.503259271279667	0.0	173849	1886.3231548720848	0.75	0.3
65664.2826201857	300	18.860822138055642	0.0	150710	1642.4371332240237	0.75	0.3
65665.94260881582	300	21.200833507925825	0.0	139105	1659.9886301298193	0.75	0.3
65667.75890442215	300	23.38453790159491	0.0	141840	1816.2956063309136	0.75	0.3
65672.42419401467	750	22.71924830907355	0.0	405134	4665.2895925213625	0.75	0.3
65677.30270724087	750	21.84073508287518	0.0	386351	4878.513226198368	0.75	0.75
65682.34715618145	750	20.796286142297966	0.0	434409	5044.448940577216	0.75	0.75
65690.08203463203	750	17.06140769171699	0.0	337059	7734.878450580975	0.75	0.75
65697.7983972491	750	13.345045074640955	0.0	366214	7716.362617076035	0.75	0.75
65707.61459278114	750	7.528849542594113	0.0	360831	9816.195532046842	0.75	0.75
65711.2894935985	300	7.853948725247672	0.0	150616	3674.9008173464413	0.75	-0.15000000000000002
65714.05306312144	300	9.090379202307929	0.0	165384	2763.5695229397415	0.75	0.3
65718.11775580814	300	9.025686515606578	0.0	140881	4064.6926867013512	0.75	0.3
65722.85734746188	300	8.286094861869428	0.0	157671	4739.5916537371495	0.75	0.3
65725.9481314814	300	9.195310842335108	0.0	157812	3090.78401953432	0.75	0.3
65730.48116852334	300	8.662273800399165	0.0	163927	4533.037041935942	0.75	0.3
65735.70090249908	300	7.442539824660286	0.0	137654	5219.733975738879	0.75	0.3
65740.67067559656	300	6.472766727192866	0.0	146754	4969.7730974674205	0.75	0.3
65745.92944885447	300	5.213993469267804	0.0	153938	5258.773257925062	0.75	0.3
65749.7037401688	300	5.439702154943453	0.0	181901	3774.2913143243504	0.75	0.3
65751.70465374595	300	7.4387885777948775	0.0	111155	2000.9135771485749	0.75	0.3
65754.78615403181	300	8.357288291938916	0.0	153605	3081.5002858559624	0.75	0.3
65756.7626677189	300	10.380774604851569	0.0	149029	1976.5136870873475	0.75	0.3
65758.3577171324	300	12.785725191344437	0.0	157421	1595.0494135071333	0.75	0.3
65759.89540108104	300	15.248041242702875	0.0	157488	1537.6839486415618	0.75	0.3
65761.24550771268	300	17.89793461106638	0.0	143881	1350.1066316364966	0.75	0.3
65762.87452626377	300	20.268916059980985	0.0	163444	1629.0185510853935	0.75	0.3
65768.01287171718	750	19.130570606573745	0.0	401088	5138.345453407242	0.75	0.3
65779.21473261746	750	11.928709706293064	0.0	365161	11201.860900280679	0.75	0.75
65788.88271392221	750	6.260728401535591	0.0	321064	9667.981304757473	0.75	0.75
65791.3388319418	300	7.804610381948107	0.0	124011	2456.1180195874845	0.75	-0.15000000000000002
65794.45839793375	300	8.68504439000282	0.0	144254	3119.565991945287	0.75	0.3
65798.69712947887	300	8.446312844891706	0.0	149991	4238.731545111115	0.75	0.3
65802.80738974587	300	8.336052577893557	0.0	147968	4110.260266998148	0.75	0.3
65809.59769269906	300	5.545749624697779	0.0	161857	6790.302953195778	0.75	0.3
65813.71107475694	300	5.432367566815311	0.0	145210	4113.382057882468	0.75	0.3
65823.13456584768	300	4.0	3.9911235239201623	172312	9423.491090735473	0.75	-16.8618311528567
65827.98401306335	300	4.0	0.8494472156710381	167025	4849.447215671038	0.75	-3.352623027385464
65834.25883993632	300	4.0	2.2748268729621457	160064	6274.826872962146	0.75	-9.481755553737225
65838.51695275483	300	4.0	0.25811281852774753	137507	4258.112818527748	0.75	-0.8098851196693142
65839.68998699011	300	6.826965764722974	0.0	118421	1173.0342352770253	0.75	0.3
65843.99984997838	750	6.517102776444705	0.0	450283	4309.862988278269	0.75	0.75
65845.48454644115	300	9.03240631368152	0.0	155580	1484.6964627631842	0.75	-0.15000000000000002
65846.8275181085	300	11.689434646323672	0.0	139857	1342.971667357849	0.75	0.3
65848.24878580365	300	14.268166951187087	0.0	155432	1421.2676951365847	0.75	0.3
65849.73550384979	300	16.781448905036218	0.0	163442	1486.7180461508729	0.75	0.3
65850.83808902347	300	19.678863731371298	0.0	126289	1102.5851736649186	0.75	0.3
65852.25257701683	300	22.264375738009697	0.0	153295	1414.4879933616	0.75	0.3
65858.44201357814	1200	20.0749391766965	0.0	709534	6189.436561313198	0.75	0.29999999999999993
65863.35418842194	1200	19.162764332892866	0.0	584846	4912.17484380363	0.75	1.2
65868.26425183933	1200	18.25270091551002	0.0	560821	4910.063417382847	0.75	1.2
65873.59267407139	1200	16.924278683449426	0.0	607410	5328.422232060593	0.75	1.2
65877.82859070196	1200	16.688362052878265	0.0	594078	4235.916630571158	0.75	1.2
65882.40788521322	1200	16.10906754162054	0.0	624282	4579.294511257727	0.75	1.2
65887.30991310226	1200	15.207039652583822	0.0	687371	4902.027889036718	0.75	1.2
65892.01085182233	1200	14.506100932506975	0.0	526950	4700.938720076848	0.75	1.2
65897.55161246011	1200	12.965340294723807	0.0	587876	5540.760637783167	0.75	1.2
65902.29200852131	1200	12.224944233529753	0.0	617242	4740.396061194054	0.75	1.2
65906.57594872224	1200	11.941004032603582	0.0	581493	4283.940200926173	0.75	1.2
65910.97501929788	1200	11.541933456954304	0.0	639204	4399.070575649277	0.75	1.2
65915.13850692144	1200	11.378445833396414	0.0	586839	4163.487623557891	0.75	1.2
65919.89410255522	1200	10.622850199615979	0.0	601738	4755.595633780435	0.75	1.2
65924.71793471086	1200	9.799018043968378	0.0	616206	4823.832155647602	0.75	1.2
65929.97639686894	1200	8.540555885901576	0.0	656471	5258.462158066802	0.75	1.2
65934.38026029701	1200	8.136692457828005	0.0	536667	4403.863428073571	0.75	1.2
65939.43051038885	1200	7.0864423659828955	0.0	587236	5050.25009184511	0.75	1.2
65943.8813098443	1200	6.635642910527918	0.0	590335	4450.799455454978	0.75	1.2
65953.20890266428	1200	4.0	2.691949909435508	696376	9327.592819963425	0.75	-10.375384610572684
65954.80127482318	300	6.4076278410876695	0.0	111155	1592.3721589123309	0.75	-0.6000000000000001
65956.49907053234	300	8.709832131941766	0.0	153605	1697.7957091459034	0.75	0.3
65962.58868519314	750	6.620217471133074	0.0	400508	6089.614660808692	0.75	0.3
65966.51698699185	750	6.69191567242772	0.0	358218	3928.3017987053545	0.75	0.75
65970.61994456346	750	6.588958100825374	0.0	400322	4102.957571602346	0.75	0.75
65974.02779866691	750	7.18110399736261	0.0	369834	3407.854103462764	0.75	0.75
65977.33980699407	750	7.869095670209528	0.0	412837	3312.008327153082	0.75	0.75
65983.93118184138	750	5.277720822902079	0.0	401088	6591.374847307448	0.75	0.75
65990.00501113797	750	4.0	0.7961084736865268	365161	6073.829296588606	0.75	-2.673266436852065
65991.87024987825	300	6.134761259711881	0.0	131610	1865.2387402881197	0.75	-0.15000000000000002
65993.40777462645	300	8.597236511519812	0.0	124011	1537.5247481920678	0.75	0.3
65994.89493992236	300	11.11007121560518	0.0	144254	1487.1652959146325	0.75	0.3
65995.97429097502	300	14.030720162951368	0.0	149991	1079.3510526538107	0.75	0.3
65997.12681838893	300	16.8781927490408	0.0	147968	1152.527413910569	0.75	0.3
66000.09734084466	750	17.907670293317327	0.0	384505	2970.522455723472	0.75	0.3
66003.36221497985	750	18.642796158117577	0.0	372093	3264.8741351997487	0.75	0.75
66006.4947408819	750	19.510270256064484	0.0	438281	3132.5259020530957	0.75	0.75
66009.65439509098	750	20.350616046986747	0.0	398987	3159.6542090777384	0.75	0.75
66026.31621956389	1850	7.688791574080024	0.0	982064	16661.824472906723	0.75	0.75
66028.54765044626	750	9.457360691709548	0.0	331053	2231.4308823704755	0.75	-0.3500000000000001
66041.11334333954	1850	4.0	3.1083322015791293	846370	12565.692893288677	0.75	-12.615828466790255
66044.46171404341	750	4.651629296135425	0.0	450283	3348.3707038645744	0.75	0.75
66045.51750152744	300	7.595841812101328	0.0	155580	1055.7874840340987	0.75	-0.15000000000000002
66046.50498774933	300	10.608355590218755	0.0	139857	987.4862218825722	0.75	0.3
66047.60595706038	300	13.507386279153144	0.0	155432	1100.9693110656108	0.75	0.3
66050.43199657548	750	14.681346764055329	0.0	411561	2826.0395150978147	0.75	0.3
66052.48017196335	750	16.633171376188443	0.0	318564	2048.175387866886	0.75	0.75
66054.53698895068	750	18.576354388856895	0.0	352642	2056.8169873315437	0.75	0.75
66056.9550834174	750	20.158259922141077	0.0	437162	2418.094466715818	0.75	0.75
66061.16210837047	1200	19.951234969075397	0.0	584846	4207.024953065678	0.75	0.75
66065.65461350579	1200	19.45872983376266	0.0	560821	4492.505135312738	0.75	1.2
66071.18308833921	1200	17.93025500032792	0.0	607410	5528.47483343474	0.75	1.2
66075.38234213884	1200	17.73100120071076	0.0	594078	4199.2537996171595	0.75	1.2
66079.37212301289	1200	17.741220326661754	0.0	624282	3989.7808740490077	0.75	1.2
66084.10330432479	1200	17.01003901475599	0.0	687371	4731.181311905765	0.75	1.2
66087.49292289458	1200	17.62042044495908	0.0	526950	3389.6185697969095	0.75	1.2
66092.12342568049	1200	16.989917659054647	0.0	587876	4630.502785904433	0.75	1.2
66096.8205222849	1200	16.292821054645334	0.0	617242	4697.096604409316	0.75	1.2
66100.85976683634	1200	16.253576503214433	0.0	581493	4039.2445514308993	0.75	1.2
66105.09562583624	1200	16.017717503309218	0.0	639204	4235.858999905216	0.75	1.2
66110.0252614414	1200	15.088081898135849	0.0	586839	4929.635605173367	0.75	1.2
66114.81789253553	1200	14.295450804006093	0.0	601738	4792.631094129758	0.75	1.2
66119.59966254333	1200	13.513680796220623	0.0	616206	4781.770007785471	0.75	1.2
66125.60804846483	1200	11.505294874729229	0.0	656471	6008.385921491393	0.75	1.2
66131.36054100284	1200	9.752802336717544	0.0	536667	5752.492538011686	0.75	1.2
66141.52394767616	1200	4.0	0.41060433660654233	587236	10163.406673324085	0.75	-0.565598647408132
66143.56694489348	300	5.957002782684533	0.0	153938	2042.9972173154665	0.75	-0.6000000000000001
66145.97123929003	300	7.552708386134344	0.0	181901	2404.294396550189	0.75	0.3
66147.33359355875	300	10.190354117407956	0.0	111155	1362.3542687263885	0.75	0.3
66148.9192541113	300	12.60469356485298	0.0	153605	1585.660552554977	0.75	0.3
66150.42388744027	300	15.10006023588389	0.0	149029	1504.6333289690906	0.75	0.3
66152.79713571756	300	16.7268119586014	0.0	157421	2373.248277282488	0.75	0.3
66156.10676853193	300	17.417179144232332	0.0	157488	3309.632814369069	0.75	0.3
66159.32578003676	300	18.198167639400776	0.0	143881	3219.0115048315533	0.75	0.3
66163.56113258055	300	17.962815095609596	0.0	163444	4235.352543791182	0.75	0.3
66166.1581315527	300	19.36581612346354	0.0	179328	2596.9989721460597	0.75	0.3
66168.38596594025	300	21.137981735912895	0.0	159914	2227.834387550643	0.75	0.3
66169.80643290136	300	23.71751477479797	0.0	131610	1420.466961114926	0.75	0.3
66171.10206638259	300	26.421881293567434	0.0	124011	1295.6334812305317	0.75	0.3
66172.6140434615	300	28.909904214670053	0.0	144254	1511.9770788973829	0.75	0.3
66176.26110023895	750	29.26284743720541	0.0	390680	3647.0567774646456	0.75	0.3
66182.05567404632	750	27.46827362984005	0.0	345516	5794.573807365361	0.75	0.75
66186.89595517775	750	26.627992498405202	0.0	384505	4840.281131434848	0.75	0.75
66192.5816817032	750	24.942265972943073	0.0	372093	5685.726525462127	0.75	0.75
66212.48149162934	750	9.04245604681201	0.0	438281	19899.809926131064	0.75	0.75
66221.10727479488	300	4.416672881264096	0.0	167025	8625.783165547915	0.75	-0.15000000000000002
66230.5801075442	300	4.0	5.056159868058821	160064	9472.832749322917	0.75	-21.44148743265293
66238.43549932366	300	4.0	3.8553917794571726	137507	7855.391779457173	0.75	-16.27818465166584
66245.43095394985	300	4.0	2.9954546261794786	118421	6995.4546261794785	0.75	-12.580454892571757
66258.70814598768	750	4.0	9.277192037827186	450283	13277.192037827186	0.75	-39.141925762656896
66259.73871565377	300	6.969430333900987	0.0	155580	1030.5696660990131	0.75	-0.15000000000000002
66260.76771051442	300	9.94043547326275	0.0	139857	1028.9948606382363	0.75	0.3
66261.94601508364	300	12.762130904044126	0.0	155432	1178.3045692186247	0.75	0.3
66263.08256360791	300	15.625582379774885	0.0	163442	1136.548524269241	0.75	0.3
66264.0670898555	300	18.641056132184364	0.0	126289	984.5262475905236	0.75	0.3
66265.25602539626	300	21.45212059142852	0.0	153295	1188.9355407558417	0.7	0.3
66268.11794108411	750	22.59020490357045	0.0	437162	2861.915687858073	0.7	0.3
66270.50183433274	750	24.206311654949932	0.0	374758	2383.893248620516	0.7	0.75
66273.97975168927	1200	24.728394298412955	0.0	560821	3477.9173565369797	0.7	0.75
66277.87532977117	1200	24.832816216524414	0.0	607410	3895.578081888541	0.7	1.2
66282.1585834584	1200	24.54956252928317	0.0	594078	4283.253687241246	0.7	1.2
66285.79398861974	1200	24.914157367945197	0.0	624282	3635.4051613379693	0.7	1.2
66289.4360231003	1200	25.272122887384924	0.0	687371	3642.0344805602745	0.7	1.2
66292.73842002361	1200	25.96972596407568	0.0	526950	3302.396923309248	0.7	1.2
66304.29008335908	1850	18.41806262860239	0.0	923170	11551.663335473291	0.7	1.2000000000000002
66308.33773135328	1200	18.370414634396685	0.0	617242	4047.647994205702	0.7	0.5499999999999999
66312.98129017882	1200	17.726855808858573	0.0	581493	4643.558825538111	0.7	1.2
66317.4848707278	1200	17.223275259878086	0.0	639204	4503.580548980489	0.7	1.2
66324.63069942113	1200	14.077446566539436	0.0	586839	7145.82869333865	0.7	1.2
66330.42780617143	1200	12.280339816248324	0.0	601738	5797.106750291112	0.7	1.2
66339.45419945846	1200	7.253946529215545	0.0	616206	9026.393287032779	0.7	1.2
66348.33579153095	750	4.0	1.6276455432658312	401853	8881.592072481377	0.7	-6.698875836043074
66349.54300410072	300	6.792787430222925	0.0	137654	1207.2125697770741	0.7	-0.15000000000000002
66350.75106833932	300	9.584723191625049	0.0	146754	1208.0642385978765	0.7	0.3
66352.04189599006	300	12.29389554089166	0.0	153938	1290.8276507333912	0.7	0.3
66353.88764810922	300	14.448143421731489	0.0	181901	1845.75211916017	0.7	0.3
66354.9479639336	300	17.387827597347673	0.0	111155	1060.3158243838157	0.7	0.3
66356.12488533625	300	20.210906194695905	0.0	153605	1176.9214026517684	0.7	0.3
66357.03030508693	300	23.305486444009567	0.0	149029	905.4197506863378	0.7	0.3
66359.33329461757	750	25.00249691336883	0.0	358218	2302.989530640733	0.7	0.3
66363.62459282682	1200	24.71119870412265	0.0	620283	4291.298209246177	0.7	0.75
66368.21717798592	1200	24.118613545023987	0.0	584349	4592.585159098669	0.7	1.2
66373.62780771936	1200	22.707983811581588	0.0	670129	5410.629733442397	0.7	1.2
66378.64099859555	1200	21.69479293538276	0.0	690253	5013.190876198828	0.7	1.2
66383.18897195693	1200	21.146819574009033	0.0	598727	4547.973361373726	0.7	1.2
66389.71939585826	1200	18.61639567268444	0.0	487812	6530.423901324593	0.7	1.2
66394.19455201148	1200	18.14123951946052	0.0	575591	4475.156153223923	0.7	1.2
66400.20223743771	1200	16.13355409323022	0.0	605884	6007.6854262303	0.7	1.2
66406.94351110309	1200	13.39228042785058	0.0	587506	6741.27366537964	0.7	1.2
66412.15368668301	1200	12.182104847926047	0.0	566904	5210.175579924534	0.7	1.2
66415.56875483193	750	12.767036699006887	0.0	384505	3415.06814891916	0.7	0.3
66418.451405743	750	13.884385787928982	0.0	372093	2882.6509110779034	0.7	0.75
66421.70441542823	750	14.631376102708412	0.0	438281	3253.0096852205716	0.7	0.75
66424.76634571205	750	15.569445818883509	0.0	398987	3061.9302838249023	0.7	0.75
66427.61761920709	750	16.71817232384252	0.0	393804	2851.27349504099	0.7	0.75
66435.48191352631	1850	12.85387800463255	0.0	830730	7864.294319209968	0.7	0.75
66445.82078272312	2850	6.515008807804401	0.0	1364537	10338.86919682815	0.7	1.85
66449.10316146641	750	7.232630064522629	0.0	450283	3282.3787432817717	0.7	0.75
66451.89227523188	750	8.443516299059102	0.0	398865	2789.1137654635268	0.7	0.75
66454.73120171964	750	9.60458981129598	0.0	350812	2838.9264877631217	0.7	0.75
66458.21115234893	750	10.124639181999553	0.0	382355	3479.9506292964275	0.7	0.75
66461.22971955653	750	11.106071974396121	0.0	411561	3018.567207603432	0.7	0.75
66463.71197088913	750	12.623820641812495	0.0	318564	2482.2513325836258	0.7	0.75
66466.64048199393	750	13.695309536995156	0.0	352642	2928.5111048173408	0.7	0.75
66469.7826218734	750	14.55316965753495	0.0	437162	3142.139879460206	0.7	0.75
66472.65420206048	750	15.68158947044808	0.0	374758	2871.580187086869	0.7	0.75
66475.67301488847	750	16.66277664245971	0.0	362795	3018.8128279883686	0.7	0.75
66478.82854948085	750	17.50724205008463	0.0	353220	3155.53459237508	0.7	0.75
66483.2601592278	750	17.0756323031462	0.0	405134	4431.609746938431	0.7	0.75
66487.5070382073	750	16.828753323632444	0.0	386351	4246.878979513755	0.7	0.75
66491.21802371443	750	17.117767816505022	0.0	434409	3710.9855071274237	0.7	0.75
66493.70396240194	750	18.63182912899542	0.0	337059	2485.938687509602	0.7	0.75
66496.4364767322	750	19.899314798732775	0.0	366214	2732.5143302626448	0.7	0.75
66499.33440040017	750	21.001391130756353	0.0	360831	2897.9236679764226	0.7	0.75
66502.28591537997	750	22.049876150968743	0.0	372963	2951.51497978761	0.7	0.75
66508.05738564837	1200	20.27840588257243	0.0	639204	5771.470268396314	0.7	0.75
66512.98697885284	1200	19.348812678091264	0.0	586839	4929.593204481163	0.7	1.2
66517.70625544399	1200	18.629536086938877	0.0	601738	4719.276591152387	0.7	1.2
66522.20670280568	1200	18.12908872525153	0.0	616206	4500.4473616873465	0.7	1.2
66528.46136075954	1200	15.874430771397925	0.0	656471	6254.657953853607	0.7	1.2
66533.21217327198	1200	15.12361825895634	0.0	536667	4750.8125124415865	0.7	1.2
66538.84171296537	1200	13.494078565570529	0.0	587236	5629.53969338581	0.7	1.2
66544.7677258907	1200	11.568065640230936	0.0	590335	5926.0129253395935	0.7	1.2
66550.41387449954	1200	9.92191703139133	0.0	696376	5646.148608839607	0.7	1.2
66552.70929488311	750	11.626496647829503	0.0	277716	2295.420383561827	0.7	0.3
66555.45720923656	750	12.878582294375462	0.0	400396	2747.91435345404	0.7	0.75
66558.71103722545	750	13.624754305479112	0.0	400508	3253.827988896352	0.7	0.75
66561.20461100806	750	15.131180522875125	0.0	358218	2493.573782603986	0.7	0.75
66563.89319255679	750	16.442598974140683	0.0	400322	2688.58154873444	0.7	0.75
66566.6836414413	750	17.65215008963735	0.0	369834	2790.4488845033356	0.7	0.75
66571.98264778055	1200	16.353143750385662	0.0	670129	5299.006339251685	0.7	0.75
66578.36819007211	1200	13.967601458815565	0.0	690253	6385.5422915700965	0.7	1.2
66583.17920242492	1200	13.156589106014525	0.0	598727	4811.012352801039	0.7	1.2
66588.35970060236	1200	11.976090928561284	0.0	487812	5180.4981774532425	0.7	1.2
66596.17787151408	1200	8.157920016847568	0.0	575591	7818.170911713715	0.7	1.2
66602.75768368541	750	5.578107845513132	0.0	378327	6579.812171334436	0.7	0.3

