148955.29427930934	750	4.0	6.607758736420716	450283	6607.758736420716	-27.663362566609077
148956.90538400377	300	6.3888953055802595	0.0	155580	1611.1046944197403	-0.15000000000000002
148958.02734759744	300	9.266931711882483	0.0	139857	1121.9635936977763	0.3
148959.27105193937	300	12.023227369959335	0.0	155432	1243.7043419231486	0.3
148960.5262268419	300	14.768052467430522	0.0	163442	1255.174902528814	0.3
148961.76222132443	300	17.53205798489559	0.0	126289	1235.9944825349344	0.3
148962.8825708999	300	20.411708409423714	0.0	153295	1120.3495754718733	0.3
148964.10028276194	300	23.193996547394562	0.0	173849	1217.7118620291524	0.3
148966.83652201336	750	24.457757295962768	0.0	374758	2736.2392514317958	0.3
148969.59745884396	750	25.696820465391635	0.0	362795	2760.936830571132	0.75
148971.99540216074	750	27.298877148608184	0.0	353220	2397.943316783449	0.75
148974.8623529121	750	28.43192639724623	0.0	405134	2866.9507513619574	0.75
148977.76112065514	750	29.533158654198893	0.0	386351	2898.7677430473377	0.75
148981.44338576816	750	29.850893541214276	0.0	434409	3682.2651129846154	0.75
148984.0406398453	750	31.253639464055528	0.0	337059	2597.2540771587483	0.75
148986.64721168482	750	32.64706762453345	0.0	366214	2606.5718395220765	0.75
148989.05542024533	750	34.238859063992635	0.0	360831	2408.2085605408192	0.75
148991.75576920825	750	35.538510101090566	0.0	372963	2700.3489629020683	0.75
148994.64736244085	750	36.64691686848824	0.0	405596	2891.5932326023244	0.75
148997.43637364614	750	37.8579056632143	0.0	350713	2789.011205273945	0.75
149000.97414863177	750	38.32013067760428	0.0	386472	3537.7749856100145	0.75
149004.0515050105	750	39.24277429888146	0.0	399894	3077.3563787228272	0.75
149007.72064396573	750	39.573635343655624	0.0	401853	3669.138955225832	0.75
149010.0414264542	750	41.252852855172165	0.0	343800	2320.782488483458	0.75
149012.6438719031	750	42.650407406292935	0.0	359903	2602.4454488792308	0.75
149014.81430726202	750	44.479972047377565	0.0	379700	2170.4353589153698	0.75
149018.55451174208	750	44.73976756729302	0.0	425781	3740.2044800845447	0.75
149021.55859721915	750	45.73568209025046	0.0	277716	3004.0854770425667	0.75
149025.00665901322	750	46.28762029616409	0.0	400396	3448.0617940863567	0.75
149027.8048188043	750	47.48946050507422	0.0	400508	2798.1597910898763	0.75
149031.39070372513	750	47.9035755842267	0.0	358218	3585.884920847513	0.75
149035.79361105556	750	47.500668253809216	0.0	400322	4402.907330417487	0.75
149040.16761900103	750	47.12666030833663	0.0	369834	4374.0079454725765	0.75
149043.67839986063	750	47.615879448746014	0.0	412837	3510.780859590625	0.75
149047.30911975348	750	47.98515955587529	0.0	401088	3630.7198928707185	0.75
149050.431666739	750	48.8626125703716	0.0	365161	3122.546985503685	0.75
149053.43756940498	750	49.85670990436196	0.0	321064	3005.902666009641	0.75
149056.18310513507	750	51.11117417426678	0.0	361565	2745.535730095179	0.75
149059.83137144306	750	51.46290786627707	0.0	378327	3648.2663079897115	0.75
149063.22259738756	750	52.07168192179528	0.0	390680	3391.22594448179	0.75
149066.50233513632	750	52.79194417303378	0.0	345516	3279.737748761498	0.75
149069.23098989105	750	54.06328941829999	0.0	384505	2728.6547547337914	0.75
149071.6817509753	750	55.6125283340817	0.0	372093	2450.761084218282	0.75
149075.39155271344	750	55.90272659595024	0.0	438281	3709.8017381314653	0.75
149078.685083455	750	56.60919585437237	0.0	398987	3293.530741577868	0.75
149083.82179306544	1200	55.47248624393281	0.0	638661	5136.709610439561	0.75
149091.5736074213	1850	51.720671888050155	0.0	830730	7751.814355882656	1.2000000000000002
149104.68528170517	2850	42.60899760420012	0.0	1364537	13111.674283850038	1.85
149108.933351994	750	42.360927315375825	0.0	450283	4248.0702888242995	0.75
149112.49181220226	750	42.802467107114964	0.0	398865	3558.460208260861	0.75
149115.6321480149	750	43.66213129449568	0.0	350812	3140.3358126192834	0.75
149118.86632088685	750	44.42795842254076	0.0	382355	3234.17287195492	0.75
149122.47076508784	750	44.823514221556366	0.0	411561	3604.4442009843883	0.75
149125.67568765188	750	45.6185916575284	0.0	318564	3204.9225640279715	0.75
149128.67123998702	750	46.62303932238413	0.0	352642	2995.5523351442707	0.75
149133.33613378258	750	45.95814552681999	0.0	437162	4664.893795564141	0.75
149140.93191879013	750	42.36236051925524	0.0	374758	7595.785007564748	0.75
149145.74828625473	750	41.54599305466501	0.0	362795	4816.36746459023	0.75
149150.03701265875	750	41.25726665064174	0.0	353220	4288.726404023279	0.75
149153.40028394118	750	41.89399536820516	0.0	405134	3363.2712824365713	0.75
149157.7457421263	750	41.54853718306574	0.0	386351	4345.458185139421	0.75
149163.23737726256	750	40.0569020468224	0.0	434409	5491.635136243336	0.75
149166.93780223225	750	40.35647707716157	0.0	337059	3700.424969660831	0.75
149173.20580834703	750	38.08847096233831	0.0	366214	6268.0061148232635	0.75
149181.86806345783	750	33.42621585153323	0.0	360831	8662.25511080508	0.75
149184.28863319237	300	35.00564611703306	0.0	150616	2420.5697345001704	-0.15000000000000002
149187.19497678438	300	36.09930252501357	0.0	165384	2906.343592019487	0.3
149190.55613167575	300	36.73814763365035	0.0	140881	3361.1548913632196	0.3
149192.2189138021	300	39.075365507323035	0.0	157671	1662.782126327317	0.3
149193.9810011155	300	41.31327819391668	0.0	157812	1762.087313406351	0.3
149197.8663609355	300	41.427918373908	0.0	163927	3885.359820008683	0.3
149200.18544392494	300	43.108835384498164	0.0	137654	2319.0829894098374	0.3
149201.76611933345	300	45.52815997597119	0.0	146754	1580.6754085269697	0.3
149203.20114168987	300	48.093137619543356	0.0	153938	1435.022356427837	0.3
149204.8352528562	300	50.4590264532003	0.0	181901	1634.1111663430577	0.3
149205.7998137187	300	53.49446559068278	0.0	111155	964.5608625175198	0.3
149207.3169664783	300	55.97731283106862	0.0	153605	1517.1527596141548	0.3
149208.8314414927	300	58.46283781669948	0.0	149029	1514.4750143691406	0.3
149213.888810559	750	57.4054687503863	0.0	358218	5057.369066313185	0.3
149220.09886212848	750	55.19541718093882	0.0	400322	6210.051569447478	0.75
149228.4380087969	750	50.85627051250944	0.0	369834	8339.146668429385	0.75
149243.9672389565	750	39.32704035290917	0.0	412837	15529.230159600265	0.75
149250.32984569753	300	36.964433611889845	0.0	179328	6362.60674101933	-0.15000000000000002
149253.87955237445	300	37.41472693495985	0.0	159914	3549.7066769299963	0.3
149257.5102167892	300	37.78406252019343	0.0	131610	3630.664414766416	0.3
149261.28742014102	300	38.00685916838471	0.0	124011	3777.2033518087246	0.3
149263.78103327382	300	39.51324603559161	0.0	144254	2493.6131327931	0.3
149265.7828015339	300	41.51147777550685	0.0	149991	2001.768260084751	0.3
149267.42325720488	300	43.87102210452877	0.0	147968	1640.4556709780802	0.3
149269.6555474248	300	45.63873188464056	0.0	161857	2232.2902198882107	0.3
149271.78027153085	300	47.51400777858629	0.0	145210	2124.7241060542715	0.3
149273.8989464266	300	49.39533288281469	0.0	172312	2118.674895771597	0.3
149275.7536260795	300	51.54065322992049	0.0	167025	1854.67965289421	0.3
149282.2621453356	750	49.03213397381627	0.0	393804	6508.519256104211	0.3
149288.87933592536	1200	46.41494338407237	0.0	538612	6617.190589743899	0.75
149301.84909637898	1850	37.44518293046501	0.0	846370	12969.760453607361	1.2000000000000002
149317.12103153428	750	26.173247775166995	0.0	450283	15271.935155298015	0.75
149320.7423342075	300	26.551945101940138	0.0	155580	3621.3026732268545	-0.15000000000000002
149325.73933118637	300	25.554948123052192	0.0	139857	4996.996978887946	0.3
149331.2909534201	300	24.003325889331055	0.0	155432	5551.622233721135	0.3
149337.04593779272	300	22.248341516712422	0.0	163442	5754.984372618635	0.3
149340.94859780636	300	22.34568150306037	0.0	126289	3902.660013652055	0.3
149345.012948558	300	22.281330751416622	0.0	153295	4064.3507516437458	0.3
149349.6541507292	300	21.6401285801975	0.0	173849	4641.202171219122	0.3
149355.55580708853	300	19.73847222086838	0.0	150710	5901.656359329123	0.3
149359.1496818357	300	20.144597473689107	0.0	139105	3593.874747179276	0.3
149360.73681160828	300	22.557467701108003	0.0	141840	1587.1297725811046	0.3
149362.1980643918	300	25.09621491759323	0.0	156148	1461.2527835147753	0.3
149363.62075712997	300	27.673522179411005	0.0	160746	1422.6927381822225	0.3
149365.21270814873	300	30.081571160650128	0.0	179801	1591.9510187608776	0.3
149366.7536604742	300	32.54061883516675	0.0	140051	1540.9523254833791	0.3
149367.98523488696	300	35.309044422417415	0.0	138313	1231.5744127493363	0.3
149369.2134440458	300	38.08083526358356	0.0	143509	1228.2091588338533	0.3
149370.54783680398	300	40.74644250543705	0.0	150616	1334.392758146512	0.3
149371.98957848258	300	43.304700826835514	0.0	165384	1441.7416786015374	0.3
149373.11841123409	300	46.17586807531468	0.0	140881	1128.8327515208312	0.3
149374.68472570105	300	48.60955360833028	0.0	157671	1566.3144669844012	0.3
149376.34261268994	300	50.95166661946133	0.0	157812	1657.886988868951	0.3
149379.86143628779	750	51.43284302161347	0.0	401853	3518.8235978478588	0.3
149383.2709204215	750	52.023358887912245	0.0	343800	3409.484133701225	0.75
149386.69446609865	750	52.599813210760864	0.0	359903	3423.5456771513846	0.75
149389.6962006965	750	53.598078612901816	0.0	379700	3001.7345978590447	0.75
149393.04011574533	750	54.254163564064704	0.0	425781	3343.915048837112	0.75
149395.23840016837	750	56.05587914103264	0.0	277716	2198.2844230320693	0.75
149399.20332167097	750	56.090957638419525	0.0	400396	3964.9215026131096	0.75
149403.06592202696	750	56.22835728244077	0.0	400508	3862.6003559787578	0.75
149405.93835952735	750	57.355919782046655	0.0	358218	2872.4375003941127	0.75
149409.16313426563	750	58.13114504376803	0.0	400322	3224.774738278623	0.75
149412.2545224446	750	59.03975686479611	0.0	369834	3091.3881789719208	0.75
149415.5652986089	750	59.728980700515656	0.0	412837	3310.7761642804517	0.75
149419.63659537223	750	59.51872133680124	0.0	401088	3710.2593637144064	0.75
149423.3313802548	750	59.7768475953291	0.0	365161	2741.873741472146	0.75
149426.40735809458	750	59.84481424598947	0.0	321064	2432.0333493396297	0.75
149430.46267583483	1200	59.7894965057315	0.0	575591	4055.3177402579686	0.75
149435.4404475183	1200	58.81172482225527	0.0	605884	4977.771683476226	1.2
149439.17728305337	1200	59.07488928721178	0.0	587506	3736.835535043495	1.2
149443.4399086834	1200	58.81226365719	0.0	566904	4262.6256300217765	1.2
149447.89144199414	1200	58.360730346458645	0.0	641452	4451.5333107313545	1.2
149451.88244170265	1200	58.36973063795003	0.0	599477	3990.9997085086125	1.2
149456.31166214752	1200	57.94051019305334	0.0	634861	4429.220444896689	1.2
149461.10483918013	1200	57.147333160419095	0.0	630203	4793.177032634244	1.2
149470.89846795876	1850	51.353704381799176	0.0	982064	9793.628778619926	1.2000000000000002
149486.44043860672	1850	39.81173373383091	0.0	830730	15541.970647968255	1.85
149499.88633813622	2850	30.365834204317615	0.0	1364537	13445.899529513299	1.85
149503.5860038575	750	30.666168483035303	0.0	450283	3699.6657212823106	0.75
149509.85864006932	750	28.39353227120906	0.0	398865	6272.636211826245	0.75
149514.20965326793	300	28.04251907258404	0.0	139857	4351.013198625019	-0.15000000000000002
149515.98630502273	300	30.26586731777887	0.0	155432	1776.6517548051722	0.3
149518.919166096	300	31.33300624447958	0.0	163442	2932.8610732992884	0.3
149520.91671026155	300	33.33546207893882	0.0	126289	1997.5441655407606	0.3
149522.4452028653	300	35.80696947519452	0.0	153295	1528.492603744298	0.3
149524.41881048816	300	37.83336185233059	0.0	173849	1973.6076228639256	0.3
149526.49179205866	300	39.76038028183826	0.0	150710	2072.981570492328	0.3
149528.53583128867	300	41.716341051813195	0.0	139105	2044.0392300250662	0.3
149530.07658875623	300	44.17558358423773	0.0	141840	1540.7574675754684	0.3
149532.73759426398	300	45.514578076490636	0.0	156148	2661.0055077470884	0.3
149536.7225067954	300	45.52966554504532	0.0	160746	3984.9125314453217	0.3
149538.71191495622	300	47.540257384238636	0.0	179801	1989.4081608066858	0.3
149540.45086581382	300	49.80130652664098	0.0	140051	1738.9508575976558	0.3
149542.53793834112	300	51.71423399936584	0.0	138313	2087.072527275135	0.3
149547.6217524005	300	50.63041993996352	0.0	143509	5083.814059402319	0.3
149552.52760881875	300	49.72456352175087	0.0	150616	4905.856418212642	0.3
149556.4925184431	300	49.7596538974202	0.0	165384	3964.909624330678	0.3
149559.77363222514	300	50.478540115327725	0.0	140881	3281.1137820924732	0.3
149561.79115832504	300	52.46101401543098	0.0	157671	2017.526099896741	0.3
149563.30785267564	300	54.94431966483974	0.0	157812	1516.6943505912388	0.3
149565.51701290856	300	56.735159431939934	0.0	163927	2209.160232899807	0.3
149567.53663025072	300	58.71554208976219	0.0	137654	2019.6173421777462	0.3
149569.48758128498	300	59.73067489597504	0.0	146754	1484.8671937871452	0.3
149571.00653335341	300	59.714240781980514	0.0	153938	1516.4341139945252	0.3
149575.5798548209	750	59.14091931449478	0.0	425781	4573.321467485738	0.3
149578.57234268606	750	59.95259509287567	0.0	277716	2688.324221619109	0.75
149583.03010303318	750	59.494834745736526	0.0	400396	4457.760347139147	0.75
149588.6013729729	750	57.9235648060343	0.0	400508	5571.269939702221	0.75
149592.5050554007	750	58.01988237820796	0.0	358218	3903.6824278263343	0.75
149597.49313194252	750	57.03180583640377	0.0	400322	4988.076541804188	0.75
149602.321800834	750	56.20313694490045	0.0	369834	4828.668891503321	0.75
149606.90865701123	750	55.61628076765135	0.0	412837	4586.856177249101	0.75
149609.9496014903	750	56.575336288576125	0.0	401088	3040.9444790752236	0.75
149612.1824859713	750	58.342451807584816	0.0	365161	2232.884480991305	0.75
149614.8423056876	750	59.68263209127329	0.0	321064	2659.819716311522	0.75
149618.39406092072	750	59.64881779729556	0.0	361565	3033.814293977733	0.75
149621.3135922007	750	59.768022626856876	0.0	378327	2880.7951704386837	0.75
149625.04880000892	750	59.86978677752372	0.0	390680	2898.2358493331512	0.75
149628.69161476122	750	59.941865380812885	0.0	345516	3427.9213967108403	0.75
149632.060631938	750	59.58480347024441	0.0	384505	3357.061910568475	0.75
149635.67527815935	750	59.970157248880795	0.0	372093	3614.6462213636178	0.75
149639.54497136903	750	59.80361138780394	0.0	438281	3666.545861076856	0.75
149643.3333511723	750	59.96299516048327	0.0	398987	2840.6162273206733	0.75
149647.63585143906	750	59.54412681507425	0.0	393804	3418.868345409019	0.75
149653.9636712688	1850	57.216306985316606	0.0	830730	6327.8198297576355	0.75
149664.75855332767	2850	50.42142492644301	0.0	1364537	10794.8820588736	1.85
149674.66544463654	750	44.51453361757328	0.0	450283	9906.891308869728	0.75
149678.87592602853	750	44.304052225596394	0.0	398865	4210.481391976883	0.75
149682.43413699657	750	44.74584125755041	0.0	350812	3558.210968045982	0.75
149689.20792853163	750	41.97204972249509	0.0	382355	6773.791535055317	0.75
149693.81926471204	750	41.36071354206201	0.0	411561	4611.336180433088	0.75
149695.79273462403	750	43.387243630076426	0.0	318564	1973.469911985588	0.75
149698.16318611652	750	45.01679213759696	0.0	352642	2370.451492479463	0.75
149701.7991831687	750	45.38079508541444	0.0	437162	3635.9970521825157	0.75
149705.83046444147	750	45.349513812642925	0.0	374758	4031.2812727715236	0.75
149713.47692852802	750	41.70304972612499	0.0	362795	7646.464086517934	0.75
149726.48285470338	750	32.69712355072733	0.0	353220	13005.926175397659	0.75
149730.8536083043	300	32.326369949798284	0.0	156148	4370.75360092905	-0.15000000000000002
149734.0141498658	300	33.16582838831236	0.0	160746	3160.5415614859185	0.3
149737.05835533544	300	34.121622918673964	0.0	179801	3044.205469638405	0.3
149739.9537226304	300	35.22625562375103	0.0	140051	2895.367294922932	0.3
149743.05384561577	300	36.126132638359714	0.0	138313	3100.122985391317	0.3
149744.48844025817	300	38.691537995962285	0.0	143509	1434.5946423974212	0.3
149745.90652199963	300	41.27345625451386	0.0	150616	1418.0817414484268	0.3
149747.3126743241	300	43.86730393004366	0.0	165384	1406.1523244701964	0.3
149748.5059462563	300	46.67403199782696	0.0	140881	1193.271932216702	0.3
149749.59338273233	300	49.58659552180182	0.0	157671	1087.436476025141	0.3
149750.93891514748	300	52.24106310664452	0.0	157812	1345.5324151572986	0.3
149754.14218129462	750	53.037796959493654	0.0	401853	3203.266147150872	0.3
149756.45154777626	750	54.72843047785856	0.0	343800	2309.366481635096	0.75
149759.072403735	750	56.10757451913709	0.0	359903	2620.8559587214672	0.75
149762.5304236202	750	56.64955463393338	0.0	379700	3458.0198852037156	0.75
149765.36373512016	750	57.81624313399011	0.0	425781	2833.311499943256	0.75
149767.25860913866	750	59.92136911548123	0.0	277716	1894.8740185088873	0.75
149770.05513920388	750	59.88629889334007	0.0	400396	2535.0702221411584	0.75
149773.54941649907	750	59.794890167271355	0.0	400508	2591.408726068719	0.75
149777.82229069897	750	59.52201596738441	0.0	358218	3772.8741998869423	0.75
149781.39437332583	750	59.94993334052978	0.0	400322	3572.0826268546316	0.75
149784.89937384095	750	59.685845780908764	0.0	369834	3264.0875596210203	0.75
149789.50266752337	750	59.08255209851471	0.0	412837	4603.2936823940545	0.75
149793.7565132594	750	58.828706362465645	0.0	401088	4253.845736049063	0.75
149798.09819333916	750	58.48702628271195	0.0	365161	4341.680079753693	0.75
149802.16252184607	750	58.422697775836355	0.0	321064	4064.3285068755968	0.75
149804.7163743413	750	59.868845280582875	0.0	361565	2553.852495253488	0.75
149807.98276914668	750	59.72560460582736	0.0	378327	2643.240674755516	0.75
149810.62948488456	750	59.51382380218184	0.0	390680	2211.7808036455135	0.75
149814.07210132875	750	59.65998304719607	0.0	345516	3353.840754985769	0.75
149818.84751720214	750	58.884567173811234	0.0	384505	4775.415873384837	0.75
149822.6042343849	750	59.12784999106755	0.0	372093	3756.717182743683	0.75
149826.04446105132	750	59.68762332465715	0.0	438281	3440.2266664104	0.75
149829.2903943187	750	59.90022439684968	0.0	398987	2287.3989278074764	0.75
149833.25534270596	750	59.82201737300494	0.0	393804	3078.207023844735	0.75
149841.3659132048	1850	55.711446874174975	0.0	830730	8110.57049882997	0.75
149850.80785500052	2850	50.26950507844575	0.0	1364537	9441.941795729223	1.85
149853.60282544995	750	51.4745346290219	0.0	450283	2794.970449423848	0.75
149857.47457504531	750	51.6027850336366	0.0	398865	3871.749595385299	0.75
149860.86166683576	750	52.21569324318844	0.0	350812	3387.091790448158	0.75
149864.46149367513	750	52.61586640379345	0.0	382355	3599.8268393949934	0.75
149870.01433787576	750	51.063022203182214	0.0	411561	5552.844200611236	0.75
149874.6065063995	750	50.47085367946238	0.0	318564	4592.168523719829	0.75
149876.2795878376	300	52.797772241343715	0.0	153295	1673.0814381186667	-0.15000000000000002
149878.1374450709	300	54.939915008068525	0.0	173849	1857.8572332751942	0.3
149879.72358816097	300	57.353771918003815	0.0	150710	1586.1430900647003	0.3
149881.3047606407	300	59.77259943827323	0.0	139105	1581.1724797305833	0.3
149883.59971689538	300	59.69420095999489	0.0	141840	1578.3984782783464	0.3
149887.51835872035	300	59.775559134998005	0.0	156148	3918.6418249968856	0.3
149890.4212296393	300	59.712223476254024	0.0	160746	2063.3356587439803	0.3
149892.5751630543	300	59.66002439881938	0.0	179801	1552.199077434645	0.3
149895.01177754955	300	59.602584320012674	0.0	140051	2057.4400788067073	0.3
149897.01037399666	300	59.93287330466006	0.0	138313	1169.7110153526187	0.3
149899.76265922937	300	59.86617340418849	0.0	143509	2066.6999004715763	0.3
149903.6594957051	300	59.95054783244319	0.0	150616	3415.625571745293	0.3
149906.26500239596	300	59.538399939003284	0.0	165384	1912.147893439907	0.3
149908.76658713853	300	59.99428696642808	0.0	140881	1544.1129725752	0.3
149912.37033293163	300	59.84614995488451	0.0	157671	2648.1370115435693	0.3
149916.30845784603	750	59.9080250405056	0.0	399894	3438.1249143789096	0.3
149921.15589563112	750	59.06058725540069	0.0	401853	4847.437785104906	0.75
149928.06993066322	750	56.14655222331861	0.0	343800	6914.035032082086	0.75
149931.38328102347	750	56.83320186307746	0.0	359903	3313.350360241147	0.75
149935.39549620805	750	56.820986678503445	0.0	379700	4012.215184574016	0.75
149938.55399114947	750	57.66249173705142	0.0	425781	3158.4949414520297	0.75
149940.542808867	750	59.67367401951464	0.0	277716	1988.8177175367762	0.75
149943.15809743854	750	59.585572092195	0.0	400396	2588.101927319647	0.75
149945.9644062376	750	59.89601101478107	0.0	400508	2189.5610774139254	0.75
149948.640691886	750	59.51024205142195	0.0	358218	1885.7689633591197	0.75
149951.57524663088	750	59.54872302146609	0.0	400322	2461.519029955857	0.75
149956.06790118394	1200	59.05606846841227	0.0	584349	4492.654553053817	0.75
149961.6552420164	1200	57.468727635944944	0.0	670129	5587.340832467322	1.2
149965.71800718774	1200	57.4059624646367	0.0	690253	4062.765171308247	1.2
149970.285652233	1200	56.83831741934669	0.0	598727	4567.645045290021	1.2
149973.5290477736	1200	57.59492187874576	0.0	487812	3243.3955406009263	1.2
149977.17950363297	1200	57.94446601939237	0.0	575591	3650.4558593533893	1.2
149982.40908567217	1200	56.71488398017946	0.0	605884	5229.582039212913	1.2
149990.19076578488	1200	52.93320386747258	0.0	587506	7781.680112706884	1.2
149993.44549011707	750	53.6784795352972	0.0	345516	3254.724332175381	0.3
149996.6749192031	750	54.44905044927263	0.0	384505	3229.429086024569	0.75
149999.8998603905	750	55.22410926188098	0.0	372093	3224.941187391644	0.75
150004.90490856156	750	54.21906109079526	0.0	438281	5005.048171085729	0.75
150011.1975835597	750	51.926386092656685	0.0	398987	6292.674998138569	0.75
150015.66648889065	750	51.45748076170493	0.0	393804	4468.905330951756	0.75
150020.8976736975	1200	50.226295954837276	0.0	538612	5231.184806867655	0.75
150033.17863276345	2850	41.94533688888458	0.0	1364537	12280.959065952697	1.2000000000000002
150037.85219244502	750	41.27177720733401	0.0	450283	4673.559681550573	0.75
150040.80616275413	750	42.31780689821805	0.0	398865	2953.9703091159586	0.75
150043.9067013162	750	43.21726833611923	0.0	350812	3100.538562098815	0.75
150046.84226714805	750	44.28170250428728	0.0	382355	2935.5658318319443	0.75
150050.16819551983	750	44.955774132503066	0.0	411561	3325.928371784221	0.75
150052.94001354862	750	46.18395610372875	0.0	318564	2771.818028774315	0.75
150055.68065942518	750	47.44331022717091	0.0	352642	2740.6458765578377	0.75
150058.61080025238	750	48.51316939995549	0.0	437162	2930.14082721543	0.75
150061.71620689137	750	49.407762760951904	0.0	374758	3105.4066390035837	0.75
150064.79433625634	750	50.329633396020235	0.0	362795	3078.129364931676	0.75
150067.6674615385	750	51.45650811382655	0.0	353220	2873.1252821936823	0.75
150070.73334207764	750	52.390627574694676	0.0	405134	3065.880539131876	0.75
150073.6504167631	750	53.47355288923734	0.0	386351	2917.074685457341	0.75
150077.17398567082	750	53.94998398153866	0.0	434409	3523.5689076986796	0.75
150084.21885373606	750	50.905115916256094	0.0	337059	7044.868065282566	0.75
150086.92576730857	750	52.198202343771435	0.0	366214	2706.9135724846556	0.75
150089.52629702238	750	53.59767262997438	0.0	360831	2600.5297137970547	0.75
150092.40131996808	750	54.72264968428503	0.0	372963	2875.0229456893467	0.75
150095.28954321422	750	55.83442643813363	0.0	405596	2888.2232461514027	0.75
150097.84225435267	750	57.2817152997211	0.0	350713	2552.7111384125296	0.75
150101.26645398798	750	57.857515664382845	0.0	386472	3424.199635338254	0.75
150104.52797681262	750	58.595992839724985	0.0	399894	3261.5228246578636	0.75
150108.0879874926	750	59.035982159755406	0.0	401853	3560.010679969579	0.75
150111.31830450473	750	59.80566514762109	0.0	343800	2730.3170121343155	0.75
150115.208234002	750	59.624747193387385	0.0	359903	3180.917954233706	0.75
150118.4481942781	750	59.934272826847014	0.0	379700	3190.4743665403635	0.75
150123.2119187602	750	59.17054834474418	0.0	425781	4763.724482102843	0.75
150126.26622863192	750	59.81549860474242	0.0	277716	2355.049740001749	0.75
150129.38822500414	750	59.88413048446812	0.0	400396	2931.3681202743055	0.75
150132.74474628188	750	59.61618397156491	0.0	400508	3267.946512903214	0.75
150136.2375424108	750	59.99907328954687	0.0	358218	3117.110682018046	0.75
150140.40902933065	750	59.82758636969454	0.0	400322	4171.48691985233	0.75
150143.75495424584	750	59.728210095452035	0.0	369834	3099.376274242502	0.75
150147.49209005418	750	59.99107428711469	0.0	412837	3237.1358083373425	0.75
150152.06395664328	750	59.41920769801339	0.0	401088	4571.866589101304	0.75
150157.3056440341	750	58.17752030720633	0.0	365161	5241.687390807056	0.75
150161.4175520462	750	58.06561229512339	0.0	321064	4111.908012082944	0.75
150166.07269250395	750	57.41047183734179	0.0	361565	4655.140457781598	0.75
150170.21398956078	750	57.26917478051534	0.0	378327	4141.297056826445	0.75
150173.53012461396	750	57.9530397273336	0.0	390680	3316.135053181739	0.75
150176.70209296257	750	58.78107137873791	0.0	345516	3171.96834859569	0.75
150182.00113256346	750	57.482031777845734	0.0	384505	5299.039600892179	0.75
150185.5050118861	750	57.97815245519864	0.0	372093	3503.8793226470953	0.75
150188.8741058212	750	58.60905852009295	0.0	438281	3369.093935105689	0.75
150192.17394972953	750	59.309214611756396	0.0	398987	3299.843908336549	0.75
150200.18461806263	1200	55.29854627863241	0.0	638661	8010.668333123995	0.75

