2.5371802488901025	750	4.0	2.5371802488901025	450283	2537.1802488901026	1	-10.159875070227441
4.330714915555428	300	6.206465333334675	0.0	155580	1793.5346666653252	3.0695846867718077	-0.15000000000000002
6.394979237119396	300	8.142201011770707	0.0	139857	2064.264321563968	3.0695846867718077	0.3
9.148874724061919	300	9.388305524828183	0.0	155432	2753.8954869425233	3.0695846867718077	0.3
14.83688426231	300	7.700295986580103	0.0	163442	5688.009538248081	3.0695846867718077	0.3
17.051636435834283	300	9.485543813055822	0.0	126289	2214.752173524281	3.0695846867718077	0.3
19.39362371774242	300	11.143556531147683	0.0	153295	2341.9872819081393	3.0695846867718077	0.3
22.182973410112538	300	12.354206838777568	0.0	173849	2789.3496923701155	3.0695846867718077	0.3
26.285325271116964	300	12.251854977773142	0.0	150710	4102.351861004424	3.0695846867718077	0.3
28.985951321971857	300	13.551228926918247	0.0	139105	2700.626050854894	3.0695846867718077	0.3
32.06813783156605	300	14.469042417324054	0.0	141840	3082.1865095941935	3.0695846867718077	0.3
34.788849802991365	300	15.748330445898738	0.0	156148	2720.711971425317	3.0695846867718077	0.3
36.71753412682685	300	17.819646122063258	0.0	160746	1928.6843238354775	3.0695846867718077	0.3
39.17793011616248	300	19.35925013272763	0.0	179801	2460.39598933563	3.0695846867718077	0.3
41.753033979980856	300	20.78414626890925	0.0	140051	2575.1038638183795	3.0695846867718077	0.3
43.96178875913693	300	22.57539148975318	0.0	138313	2208.75477915607	3.0695846867718077	0.3
45.506732600303565	300	25.030447648586545	0.0	143509	1544.9438411666358	3.0695846867718077	0.3
46.769448530980746	300	27.767731717909363	0.0	150616	1262.7159306771844	3.0695846867718077	0.3
48.44252048157406	300	30.094659767316056	0.0	165384	1673.0719505933055	3.0695846867718077	0.3
49.680792145566414	300	32.8563881033237	0.0	140881	1238.271663992351	3.0695846867718077	0.3
53.65981372336086	750	32.87736652552924	0.0	386472	3979.021577794457	1.2478979614643677	0.3
59.96428909375001	750	30.572891155140095	0.0	399894	6304.475370389148	1.2478979614643677	0.75
63.86205465104631	750	30.675125597843795	0.0	401853	3897.765557296301	1.2478979614643677	0.75
66.65526390064616	750	31.881916348243937	0.0	343800	2793.209249599858	1.2478979614643677	0.75
72.17501092937903	750	30.362169319511075	0.0	359903	5519.747028732862	1.2478979614643677	0.75
84.06582642903435	750	22.47135381985575	0.0	379700	11890.815499655326	1.2478979614643677	0.75
98.34036207969827	750	12.196818169191824	0.0	425781	14274.535650663927	1.2478979614643677	0.75
102.62031484148196	300	11.916865407408139	0.0	111155	4279.952761783685	1.2478979614643677	-0.15000000000000002
109.57734347597079	300	8.959836772919308	0.0	153605	6957.02863448883	1.2478979614643677	0.3
114.1318028702324	300	8.405377378657686	0.0	149029	4554.459394261623	1.2478979614643677	0.3
120.48532151796225	300	6.051858730927842	0.0	157421	6353.518647729844	1.2478979614643677	0.3
123.65241941799565	300	6.884760830894446	0.0	157488	3167.097900033397	1.2478979614643677	0.3
126.84472241995392	300	7.692457828936163	0.0	143881	3192.3030019582816	1.2478979614643677	0.3
129.68202210543998	300	8.855158143450094	0.0	163444	2837.2996854860703	1.2478979614643677	0.3
131.5612839291618	300	10.975896319728298	0.0	179328	1879.2618237217969	1.2478979614643677	0.3
132.89479369334003	300	13.642386555550042	0.0	159914	1333.5097641782565	1.2478979614643677	0.3
134.48040274188364	300	16.056777507006416	0.0	131610	1585.6090485436273	1.2478979614643677	0.3
135.9197449281117	300	18.617435320778377	0.0	124011	1439.3421862280393	1.2478979614643677	0.3
137.2335769752794	300	21.30360327361069	0.0	144254	1313.8320471676868	1.2478979614643677	0.3
138.27939299449403	300	24.25778725439605	0.0	149991	1045.8160192146388	1.2478979614643677	0.3
139.7848698734967	300	26.752310375393417	0.0	147968	1505.4768790026365	1.2478979614643677	0.3
143.46169491367965	300	27.075485335210455	0.0	161857	3676.8250401829623	1.2478979614643677	0.3
149.45556324370347	300	25.08161700518663	0.0	145210	5993.8683300238245	1.2478979614643677	0.3
151.65028422591917	300	26.886896022970944	0.0	172312	2194.720982215684	1.2478979614643677	0.3
153.05527724985984	300	29.48190299903025	0.0	167025	1404.993023940695	1.2478979614643677	0.3
154.26272249444364	300	32.274457754446466	0.0	160064	1207.4452445837835	1.2478979614643677	0.3
156.53038891425436	750	34.006791334635764	0.0	331053	2267.666419810695	1.2478979614643677	0.3
169.9339227873592	2850	24.603257461530927	0.0	1364537	13403.53387310484	1.2478979614643677	0.75
172.39365184215075	750	26.14352840673937	0.0	450283	2459.729054791559	1.2478979614643677	0.75
175.56539755797021	750	26.971782690919884	0.0	398865	3171.7457158194848	1.2478979614643677	0.75
177.51456164899332	750	29.0226185998968	0.0	350812	1949.1640910230838	1.2478979614643677	0.75
180.80056858062534	750	29.73661166826478	0.0	382355	3286.0069316320228	1.2478979614643677	0.75
183.5609546599398	750	30.97622558895032	0.0	411561	2760.3860793144563	1.2478979614643677	0.75
185.9411605513191	1200	32.59601969757104	0.0	520315	2380.205891379286	1.2478979614643677	0.75
188.06906435334895	1200	34.46811589554115	0.0	561791	2127.9038020298785	1.2478979614643677	1.2
191.31507510186634	1200	35.22210514702377	0.0	709534	3246.010748517385	1.2478979614643677	1.2
193.52408906041052	1200	37.01309118847958	0.0	584846	2209.013958544184	1.2478979614643677	1.2
197.13471616734753	1850	37.40246408154255	0.0	913888	3610.6271069370337	1.2478979614643677	1.2000000000000002
201.65721263257035	1850	36.87996761631971	0.0	939819	4522.496465222835	1.2478979614643677	1.85
206.84983784958973	1850	35.68734239930034	0.0	917428	5192.625217019374	1.2478979614643677	1.85
211.71410841220978	1850	34.823071836680285	0.0	946851	4864.270562620053	1.2478979614643677	1.85
222.4183074353557	1850	28.118872813534356	0.0	1036454	10704.199023145928	1.2478979614643677	1.85
231.92582879362564	1200	22.611351455264415	0.0	526950	9507.52135826994	1.2478979614643677	0.5499999999999999
235.87048600729162	750	22.666694241598424	0.0	366214	3944.657213665993	1.2478979614643677	0.3
239.40940314325326	750	23.127777105636792	0.0	360831	3538.9171359616316	1.2478979614643677	0.75
241.55698965120396	750	24.98019059768609	0.0	372963	2147.586507950702	1.2478979614643677	0.75
243.53036290763507	750	27.006817341254973	0.0	405596	1973.373256431119	1.2478979614643677	0.75
244.7856762099315	750	29.75150403895856	0.0	350713	1255.3133022964098	1.2478979614643677	0.75
246.29933223171085	750	32.23784801717923	0.0	386472	1513.6560217793308	1.2478979614643677	0.75
248.3151869150403	750	34.22199333384977	0.0	399894	2015.854683329463	1.2478979614643677	0.75
254.05854365303642	1850	32.47863659585365	0.0	968026	5743.356737996113	1.2478979614643677	0.75
261.44668073637786	1850	29.090499512512203	0.0	874175	7388.137083341448	1.2478979614643677	1.85
267.27752192013685	1850	27.259658328753194	0.0	897976	5830.841183759009	1.2478979614643677	1.85
271.84407435263455	1200	26.693105896255496	0.0	590335	4566.552432497698	1.2478979614643677	0.5499999999999999
276.9470670218476	1200	25.590113227042476	0.0	696376	5102.992669213022	1.2478979614643677	1.2
280.4324744606419	1200	26.104705788248175	0.0	487160	3485.407438794302	1.2478979614643677	1.2
284.87095012271845	1200	25.666230126171605	0.0	622896	4438.4756620765675	1.2478979614643677	1.2
289.71567413042686	1200	24.821506118463244	0.0	641447	4844.724007708364	1.2478979614643677	1.2
296.15254081669	1200	22.384639432200043	0.0	570392	6436.8666862632	1.2478979614643677	1.2
299.33837391160995	1200	23.198806337280114	0.0	620283	3185.8330949199267	1.2478979614643677	1.2
301.01221617078414	750	25.524964078105892	0.0	369834	1673.8422591742233	1.2478979614643677	0.3
303.00957808071036	750	27.527602168179655	0.0	412837	1997.3619099262376	1.2478979614643677	0.75
305.9548196187985	1200	28.582360630091532	0.0	690253	2945.241538088124	1.2478979614643677	0.75
310.22797395746545	1200	28.309206291424577	0.0	598727	4273.154338666954	1.2478979614643677	1.2
332.0332703611464	1200	10.503909887743662	0.0	487812	21805.296403680913	1.2478979614643677	1.2
336.93396226906384	300	9.60321797982616	0.0	124011	4900.691907917503	1.2478979614643677	-0.6000000000000001
340.24271627427754	300	10.294463974612503	0.0	144254	3308.7540052136574	1.2478979614643677	0.3
345.23746127021974	300	9.29971897867026	0.0	149991	4994.744995942243	1.2478979614643677	0.3
346.60611278157006	300	11.931067467319941	0.0	147968	1368.6515113503192	1.2478979614643677	0.3
347.68981124952865	300	14.847368999361363	0.0	161857	1083.698467958578	1.2478979614643677	0.3
348.6645994094651	300	17.872580839424934	0.0	145210	974.7881599364302	1.2478979614643677	0.3
349.70772869696236	300	20.829451551927693	0.0	172312	1043.1292874972403	1.2478979614643677	0.3
350.584714807502	300	23.952465441388053	0.0	167025	876.9861105396423	1.2478979614643677	0.3
352.9919606893296	1200	25.545219559560422	0.0	638661	2407.2458818276336	1.2478979614643677	0.29999999999999993
356.2734342318459	2850	26.26374601704412	0.0	1231456	3281.4735425163008	1.2478979614643677	1.2000000000000002
360.112856174067	2850	26.42432407482302	0.0	1364537	3839.4219422211004	1.2478979614643677	2.85
361.3030272523102	750	29.234152996579855	0.0	450283	1190.1710782431671	1.2478979614643677	0.75
363.30210348736125	1200	31.235076761528827	0.0	611087	1999.076235051028	1.2478979614643677	0.75
365.9729291121457	1850	32.56425113674434	0.0	877771	2670.825624784486	1.2478979614643677	1.2000000000000002
370.5243850227005	2850	32.012795226189574	0.0	1520281	4551.455910554768	1.2478979614643677	1.85
375.4340383420904	2850	31.103141906799696	0.0	1472558	4909.653319389879	1.2478979614643677	2.85
383.9731358010662	2850	26.56404444782389	0.0	1224260	8539.097458975804	1.2478979614643677	2.85
393.27704527124496	1850	21.260134977645116	0.0	905515	9303.90947017877	1.2478979614643677	0.8500000000000001
400.11335912387204	1200	18.42382112501801	0.0	709534	6836.313852627106	1.2478979614643677	0.5499999999999999
404.74436855513983	1200	17.792811693750252	0.0	584846	4631.009431267757	1.2478979614643677	1.2
406.6028289861621	750	19.934351262727958	0.0	362795	1858.4604310222928	1.2478979614643677	0.3
408.2857966320673	750	22.251383616822753	0.0	353220	1682.9676459052057	1.2478979614643677	0.75
410.00738979143017	750	24.529790457459914	0.0	405134	1721.59315936284	1.2478979614643677	0.75
411.76899008381434	750	26.768190165075715	0.0	386351	1761.6002923841959	1.2478979614643677	0.75
414.04163913463356	750	28.49554111425657	0.0	434409	2272.6490508191464	1.2478979614643677	0.75
415.29987027758204	750	31.237309971308054	0.0	337059	1258.2311429485155	1.2478979614643677	0.75
418.49474311452235	1850	32.04243713436772	0.0	923170	3194.8728369403393	1.2478979614643677	0.75
423.3933768666578	1850	31.143803382232324	0.0	966699	4898.633752135393	1.2478979614643677	1.85
436.50611922550553	1850	22.031061023384552	0.0	885714	13112.74235884777	1.2478979614643677	1.85
447.5945802009057	1200	14.942600047984376	0.0	639204	11088.460975400174	1.2478979614643677	0.5499999999999999
459.89843922872456	1200	6.638741020165505	0.0	586839	12303.859027818871	1.2478979614643677	1.2
462.7003163085022	300	7.836863940387884	0.0	157671	2801.877079777622	1.2478979614643677	-0.6000000000000001
464.3807068045124	300	10.156473444377676	0.0	157812	1680.3904960102093	1.2478979614643677	0.3
465.5446544971794	300	12.992525751710593	0.0	163927	1163.9476926670839	1.2478979614643677	0.3
466.64685827823257	300	15.890321970657435	0.0	137654	1102.2037810531579	1.2478979614643677	0.3
467.6555376867073	300	18.881642562182726	0.0	146754	1008.679408474709	1.2478979614643677	0.3
468.6045774084482	300	21.932602840441813	0.0	153938	949.0397217409103	1.2478979614643677	0.3
471.2291829513036	750	23.307997297586407	0.0	425781	2624.605542855405	1.2478979614643677	0.3
472.9491515047404	750	25.588028744149625	0.0	277716	1719.9685534367818	1.2478979614643677	0.75
474.99632571005594	750	27.540854538834115	0.0	400396	2047.1742053155112	1.2478979614643677	0.75
478.31429994721566	1200	28.22288030167443	0.0	641447	3317.9742371596885	1.2478979614643677	0.75
481.33989503559303	1200	29.19728521329707	0.0	570392	3025.5950883773544	1.2478979614643677	1.2
485.25867798099887	1200	29.27850226789118	0.0	620283	3918.782945405892	1.2478979614643677	1.2
499.1601719682342	1200	19.377008280655886	0.0	584349	13901.493987235297	1.2478979614643677	1.2
502.95582949762746	750	19.581350751262608	0.0	412837	3795.6575293932756	1.2478979614643677	0.3
506.041191142432	750	20.49598910645809	0.0	401088	3085.3616448045163	1.2478979614643677	0.75
508.55725046818895	750	21.97992978070111	0.0	365161	2516.05932575698	1.2478979614643677	0.75
510.8772545494907	750	23.659925699399384	0.0	321064	2320.0040813017245	1.2478979614643677	0.75
512.8980381480268	750	25.639142100863285	0.0	361565	2020.783598536099	1.2478979614643677	0.75
514.9095202642586	750	27.62765998463144	0.0	378327	2011.482116231846	1.2478979614643677	0.75
517.0679510296527	750	29.46922921923735	0.0	390680	2158.4307653940905	1.2478979614643677	0.75
520.4666570047696	1200	30.070523244120487	0.0	566904	3398.705975116864	1.2478979614643677	0.75
524.4612384443266	1200	30.075941804563538	0.0	641452	3994.581439556945	1.2478979614643677	1.2
528.7978179052966	1200	29.73936234359355	0.0	599477	4336.579460969988	1.2478979614643677	1.2
533.6190893934992	1200	28.918090855390936	0.0	634861	4821.271488202616	1.2478979614643677	1.2
538.2130214770696	1200	28.324158771820528	0.0	630203	4593.932083570409	1.2478979614643677	1.2
544.5536828644885	1850	25.983497384401684	0.0	982064	6340.661387418845	1.2478979614643677	1.2000000000000002
551.0852227583465	1850	23.45195749054363	0.0	830730	6531.539893858051	1.2478979614643677	1.85
561.4263553919923	2850	17.110824856897796	0.0	1364537	10341.132633645833	1.2478979614643677	1.85
564.5414898792674	750	17.99569036962261	0.0	450283	3115.134487275188	1.2478979614643677	0.75
566.6184600840136	750	19.918720164876518	0.0	398865	2076.9702047460914	1.2478979614643677	0.75
568.2600694004744	750	22.27711084841557	0.0	350812	1641.6093164609497	1.2478979614643677	0.75
569.9632100238111	750	24.57397022507887	0.0	382355	1703.140623336702	1.2478979614643677	0.75
572.500644620619	1200	26.03653562827096	0.0	652874	2537.4345968079074	1.2478979614643677	0.75
574.7149945733102	1200	27.822185675579902	0.0	520315	2214.349952691062	1.2478979614643677	1.2
577.0395922094513	1200	29.497588039438785	0.0	561791	2324.597636141117	1.2478979614643677	1.2
581.3729116458078	1850	29.16426860308224	0.0	1060487	4333.319436356551	1.2478979614643677	1.2000000000000002
585.3950016290742	1850	29.142178619815866	0.0	852833	4022.08998326637	1.2478979614643677	1.85
591.1963998790637	1850	27.340780369826213	0.0	913888	5801.398249989654	1.2478979614643677	1.85
598.802734588794	1850	23.734445660095844	0.0	939819	7606.334709730369	1.2478979614643677	1.85
602.3260441091594	1200	24.21113613973051	0.0	594078	3523.3095203653343	1.2478979614643677	0.5499999999999999
606.9236661771931	1200	23.613514071696766	0.0	624282	4597.622068033745	1.2478979614643677	1.2
613.4504704069265	1200	21.086709841963444	0.0	687371	6526.804229733321	1.2478979614643677	1.2
616.6146725512752	1200	21.922507697614652	0.0	526950	3164.2021443487884	1.2478979614643677	1.2
623.3617966515532	1200	19.17538359733672	0.0	587876	6747.124100277932	1.2478979614643677	1.2
626.578205325418	750	19.95897492347184	0.0	360831	3216.408673864879	1.2478979614643677	0.3
632.905033109284	750	17.632147139605873	0.0	372963	6326.827783865966	1.2478979614643677	0.75
635.5775393051781	750	18.959640943711733	0.0	405596	2672.5061958941383	1.2478979614643677	0.75
637.8569523588955	750	20.68022788999444	0.0	350713	2279.413053717292	1.2478979614643677	0.75
640.4059123882836	750	22.131267860606386	0.0	386472	2548.960029388052	1.2478979614643677	0.75
644.0776277637739	750	22.459552485116067	0.0	399894	3671.715375490319	1.2478979614643677	0.75
647.3012945854169	750	23.235885663473066	0.0	401853	3223.6668216429994	1.2478979614643677	0.75
649.8420288492283	750	24.695151399661718	0.0	343800	2540.734263811348	1.2478979614643677	0.75
652.2876369677675	750	26.24954328112254	0.0	359903	2445.608118539178	1.2478979614643677	0.75
654.8463428596124	750	27.69083738927756	0.0	379700	2558.7058918449807	1.2478979614643677	0.75
659.9767894124208	750	26.56039083646911	0.0	425781	5130.4465528084465	1.2478979614643677	0.75
663.4428064733661	750	27.094373775523856	0.0	277716	3466.017060945258	1.2478979614643677	0.75
672.5061548278303	750	22.03102542105963	0.0	400396	9063.34835446422	1.2478979614643677	0.75
681.526819371486	750	17.010360877403894	0.0	400508	9020.664543655736	1.2478979614643677	0.75
683.4608281427064	300	19.076352106183492	0.0	157421	1934.0087712204036	1.2478979614643677	-0.15000000000000002
685.5654065131944	300	20.971773735695628	0.0	157488	2104.578370487862	1.2478979614643677	0.3
687.7436820654547	300	22.79349818343528	0.0	143881	2178.2755522603456	1.2478979614643677	0.3
689.7837435138217	300	24.75343673506816	0.0	163444	2040.0614483671186	1.2478979614643677	0.3
691.9120703348443	300	26.625109914045662	0.0	179328	2128.326821022501	1.2478979614643677	0.3
694.3069916263402	300	28.2301886225497	0.0	159914	2394.9212914959626	1.2478979614643677	0.3
695.955810018047	300	30.581370230842953	0.0	131610	1648.8183917067468	1.2478979614643677	0.3
697.4997141900429	300	33.03746605884707	0.0	124011	1543.9041719958807	1.2478979614643677	0.3
699.5807570633805	300	34.95642318550957	0.0	144254	2081.0428733375047	1.2478979614643677	0.3
705.6212107023456	750	32.915969546544424	0.0	390680	6040.4536389651485	1.2478979614643677	0.3
709.4149531888122	750	33.12222706007776	0.0	345516	3793.7424864666596	1.2478979614643677	0.75
713.0819898764885	750	33.455190372401496	0.0	384505	3667.0366876762587	1.2478979614643677	0.75
715.6837547423053	750	34.85342550658464	0.0	372093	2601.7648658168546	1.2478979614643677	0.75
718.8271454548309	750	35.7100347940591	0.0	438281	3143.390712525549	1.2478979614643677	0.75
724.5697796425872	1200	33.9674006063028	0.0	630203	5742.634187756285	1.2478979614643677	0.75
732.1522399246694	1200	30.384940324220622	0.0	638661	7582.460282082185	1.2478979614643677	1.2
740.2768014608433	1850	26.26037878804673	0.0	830730	8124.561536173891	1.2478979614643677	1.2000000000000002
766.6091790416934	2850	4.0	0.07199879280347159	1364537	26332.3775808502	1.2478979614643677	1.5404051909450724
773.8799148196857	750	4.0	3.2707357779922694	450283	7270.7357779922695	1.2478979614643677	-13.314163845366759
776.9473531990118	300	4.932561620673931	0.0	155580	3067.43837932607	1.2478979614643677	-0.15000000000000002
779.1275046106152	300	6.752410209070446	0.0	139857	2180.1514116034846	1.2478979614643677	0.3
780.4462689616532	300	9.433645858032467	0.0	155432	1318.7643510379783	1.2478979614643677	0.3
781.5058288310928	300	12.374085988592862	0.0	163442	1059.5598694396042	1.2478979614643677	0.3
782.5014970640381	300	15.378417755647657	0.0	126289	995.6682329452055	1.2478979614643677	0.3
783.7334432994687	300	18.146471520216995	0.0	153295	1231.9462354306625	1.2478979614643677	0.3
784.9280735258263	300	20.951841293859435	0.0	173849	1194.6302263575606	1.2478979614643677	0.3
788.2274103484854	750	21.652504471200444	0.0	374758	3299.3368226589882	1.2478979614643677	0.3
790.7716804999283	750	23.108234319757443	0.0	362795	2544.270151443001	1.2478979614643677	0.75
793.0459164107377	750	24.833998408947927	0.0	353220	2274.2359108095206	1.2478979614643677	0.75
796.0949034311216	750	25.785011388564055	0.0	405134	3048.987020383871	1.2478979614643677	0.75
798.7213634852576	750	27.15855133442807	0.0	386351	2626.460054135982	1.2478979614643677	0.75
802.3413981037606	750	27.538516715924956	0.0	434409	3620.0346185031112	1.2478979614643677	0.75
804.7746641965994	750	29.105250623086217	0.0	337059	2433.2660928387418	1.2478979614643677	0.75
807.2831236211674	750	30.596791198518208	0.0	366214	2508.4594245680087	1.2478979614643677	0.75
810.4512388811245	750	31.42867593856105	0.0	360831	3168.1152599571574	1.2478979614643677	0.75
815.5745352758661	750	30.305379543819534	0.0	372963	5123.296394741515	1.2478979614643677	0.75
823.9787777062378	750	25.90113711344789	0.0	405596	8404.242430371645	1.2478979614643677	0.75
830.5425569678196	750	23.337357851866052	0.0	350713	6563.779261581839	1.2478979614643677	0.75
838.1037235955141	750	19.776191224171576	0.0	386472	7561.166627694475	1.2478979614643677	0.75
841.0906245670906	300	20.789290252595176	0.0	157812	2986.9009715764	1.2478979614643677	-0.15000000000000002
849.133531820627	300	16.746382999058646	0.0	163927	8042.9072535365285	1.2478979614643677	0.3
855.1133858246853	300	14.766528995000389	0.0	137654	5979.8540040582575	1.2478979614643677	0.3
860.1224116352236	300	13.757503184462145	0.0	146754	5009.025810538244	1.2478979614643677	0.3
865.5191908587286	300	12.36072396095706	0.0	153938	5396.779223505084	1.2478979614643677	0.3
869.174141390078	300	12.705773429607603	0.0	181901	3654.9505313494574	1.2478979614643677	0.3
871.763060092999	300	14.116854726686565	0.0	111155	2588.918702921038	1.2478979614643677	0.3
875.6612110815447	300	14.218703738140832	0.0	153605	3898.150988545733	1.2478979614643677	0.3
878.1206160628359	300	15.759298756849685	0.0	149029	2459.404981291147	1.2478979614643677	0.3
880.1362854871187	300	17.743629332566947	0.0	157421	2015.6694242827368	1.2478979614643677	0.3
882.4254831944489	300	19.454431625236577	0.0	157488	2289.1977073303706	1.2478979614643677	0.3
883.9883996764743	300	21.891515143211247	0.0	143881	1562.9164820253263	1.2478979614643677	0.3
885.9965790124035	300	23.883335807282023	0.0	163444	2008.1793359292237	1.2478979614643677	0.3
887.592665806357	300	26.287249013328534	0.0	179328	1596.0867939534883	1.2478979614643677	0.3
889.8206332918627	300	28.05928152782283	0.0	159914	2227.967485505704	1.2478979614643677	0.3
891.4180365861582	300	30.46187823352724	0.0	131610	1597.4032942955882	1.2478979614643677	0.3
892.8280874454798	300	33.051827374205686	0.0	124011	1410.0508593215568	1.2478979614643677	0.3
894.5402664473849	300	35.33964837230062	0.0	144254	1712.1790019050554	1.2478979614643677	0.3
899.2144214419703	750	34.665493377715194	0.0	390680	4674.154994585427	1.2478979614643677	0.3
907.1438182990422	750	30.736096520643244	0.0	345516	7929.396857071951	1.2478979614643677	0.75
915.9213272800512	750	25.958587539634266	0.0	384505	8777.50898100898	1.2478979614643677	0.75
923.2234090885914	750	22.656505731093972	0.0	372093	7302.081808540295	1.2478979614643677	0.75
930.3332795305895	750	19.54663528909597	0.0	438281	7109.870441998001	1.2478979614643677	0.75
932.7953950284679	300	21.08451979121753	0.0	167025	2462.1154978784393	1.2478979614643677	-0.15000000000000002
934.8704075629392	300	23.009507256746232	0.0	160064	2075.012534471298	1.2478979614643677	0.3
939.2881569063454	750	22.59175791334005	0.0	331053	4417.749343406185	1.2478979614643677	0.3
952.2370826061208	1850	13.642832213564624	0.0	846370	12948.925699775426	1.2478979614643677	0.75
957.4797535829673	750	12.400161236718203	0.0	450283	5242.6709768464225	1.2478979614643677	0.75
958.7090894080376	300	15.170825411647968	0.0	155580	1229.335825070235	1.2478979614643677	-0.15000000000000002
959.7743211180739	300	18.1055937016117	0.0	139857	1065.2317100362684	1.2478979614643677	0.3
961.7761284336118	300	20.10378638607374	0.0	155432	2001.8073155379614	1.2478979614643677	0.3
963.6157955962009	300	22.264119223484705	0.0	163442	1839.6671625890338	1.2478979614643677	0.3
965.2279420495362	300	24.651972770149346	0.0	126289	1612.1464533353555	1.2478979614643677	0.3
966.4665372314444	300	27.413377588241097	0.0	153295	1238.59518190825	1.2478979614643677	0.3
967.858126679351	300	30.021788140334465	0.0	173849	1391.5894479066303	1.2478979614643677	0.3
969.4236102935992	300	32.45630452608626	0.0	150710	1565.4836142482059	1.2478979614643677	0.3
974.0977442205833	750	31.78217059910211	0.0	362795	4674.133926984151	1.2478979614643677	0.3
978.9296816893884	750	30.95023313029694	0.0	353220	4831.937468805168	1.2478979614643677	0.75
981.797964739958	750	32.08195007972731	0.0	405134	2868.2830505696334	1.2478979614643677	0.75
984.7334743769311	750	33.14644044275429	0.0	386351	2935.5096369730145	1.2478979614643677	0.75
990.8584603876737	750	31.021454432011673	0.0	434409	6124.986010742617	1.2478979614643677	0.75
996.9021906931536	750	28.97772412653188	0.0	337059	6043.730305479796	1.2478979614643677	0.75
1000.7428693717887	750	29.137045447896767	0.0	366214	3840.678678635112	1.2478979614643677	0.75
1005.4219120358134	750	28.458002783871976	0.0	360831	4679.0426640247915	1.2478979614643677	0.75
1011.0509135961653	750	26.8290012235202	0.0	372963	5629.001560351776	1.2478979614643677	0.75
1017.3861564827625	750	24.49375833692296	0.0	405596	6335.242886597242	1.2478979614643677	0.75
1022.474249677951	750	23.40566514173452	0.0	350713	5088.093195188439	1.2478979614643677	0.75
1033.2862632869212	750	16.59365153276416	0.0	386472	10812.013608970361	1.2478979614643677	0.75
1038.759214986814	300	15.120699832871397	0.0	157812	5472.951699892764	1.2478979614643677	-0.15000000000000002
1042.14244034824	300	15.737474471445456	0.0	163927	3383.2253614259403	1.2478979614643677	0.3
1044.1684258711125	300	17.711488948572903	0.0	137654	2025.9855228725514	1.2478979614643677	0.3
1045.9758715723583	300	19.904043247327095	0.0	146754	1807.4457012458076	1.2478979614643677	0.3
1047.9410986267187	300	21.938816192966804	0.0	153938	1965.227054360289	1.2478979614643677	0.3
1050.0950893094675	300	23.784825510217892	0.0	181901	2153.9906827489153	1.2478979614643677	0.3
1051.4040845667475	300	26.475830252937797	0.0	111155	1308.9952572800958	1.2478979614643677	0.3
1053.0043348677239	300	28.875579951961544	0.0	153605	1600.250300976255	1.2478979614643677	0.3
1054.1587404621393	300	31.721174357545937	0.0	149029	1154.4055944156062	1.2478979614643677	0.3
1056.6816541343937	750	33.19826068529155	0.0	358218	2522.9136722543863	1.2478979614643677	0.3
1059.5896921417645	750	34.290222677920696	0.0	400322	2908.0380073708534	1.2478979614643677	0.75
1064.296468609405	750	33.58344621028003	0.0	369834	4706.776467640665	1.2478979614643677	0.75
1068.3214916680179	750	33.55842315166753	0.0	412837	4025.0230586125	1.2478979614643677	0.75
1071.1635473041927	750	34.716367515492855	0.0	401088	2842.0556361746803	1.2478979614643677	0.75
1074.4819093812735	750	35.39800543841207	0.0	365161	3318.3620770807793	1.2478979614643677	0.75
1077.1815789434163	750	36.69833587626922	0.0	321064	2699.669562142848	1.2478979614643677	0.75
1081.2162661580767	750	36.663648661608704	0.0	361565	4034.6872146605197	1.2478979614643677	0.75
1086.8297653452375	750	35.05014947444804	0.0	378327	5613.499187160664	1.2478979614643677	0.75
1092.4732169620404	750	33.40669785764518	0.0	390680	5643.451616802866	1.2478979614643677	0.75
1099.2456183350048	750	30.634296484680767	0.0	345516	6772.401372964415	1.2478979614643677	0.75
1102.2267338975405	750	31.65318092214523	0.0	384505	2981.1155625355386	1.2478979614643677	0.75
1105.7984949674712	750	32.08141985221426	0.0	372093	3571.7610699309644	1.2478979614643677	0.75
1111.7734581948255	750	30.106456624860062	0.0	438281	5974.963227354201	1.2478979614643677	0.75
1121.5101288455749	750	24.369785974110798	0.0	398987	9736.670650749264	1.2478979614643677	0.75
1128.2452965863972	750	21.63461823328858	0.0	393804	6735.167740822217	1.2478979614643677	0.75
1133.470634772716	750	20.4092800469697	0.0	331053	5225.338186318876	1.2478979614643677	0.75
1138.9681321286278	1200	18.911782691058004	0.0	550906	5497.497355911701	1.2478979614643677	0.75
1143.0903436837755	750	18.789571135910307	0.0	450283	4122.211555147698	1.2478979614643677	0.75
1147.793377695329	750	18.086537124357005	0.0	398865	4703.034011553303	1.2478979614643677	0.75
1151.2517476954413	750	18.628167124244335	0.0	350812	3458.370000112669	1.2478979614643677	0.75
1154.2118865899367	750	19.66802822974909	0.0	382355	2960.138894495241	1.2478979614643677	0.75
1156.5074785497084	750	21.37243626997741	0.0	411561	2295.5919597716806	1.2478979614643677	0.75
1158.0418422930609	750	23.83807252662494	0.0	318564	1534.3637433524684	1.2478979614643677	0.75
1160.3103918762706	750	25.569522943415304	0.0	352642	2268.549583209637	1.2478979614643677	0.75
1164.3611858435336	750	25.51872897615216	0.0	437162	4050.793967263144	1.2478979614643677	0.75
1168.4794667027447	750	25.40044811694083	0.0	374758	4118.280859211332	1.2478979614643677	0.75
1173.8039510162735	750	24.075963803412364	0.0	362795	5324.484313528463	1.2478979614643677	0.75
1177.826891596398	750	24.05302322328787	0.0	353220	4022.9405801244934	1.2478979614643677	0.75
1187.5555325718526	750	18.32438224783312	0.0	405134	9728.64097545475	1.2478979614643677	0.75
1191.4595567118322	750	18.420358107853495	0.0	386351	3904.024139979626	1.2478979614643677	0.75
1194.3469826804176	750	19.532932139268173	0.0	434409	2887.4259685853212	1.2478979614643677	0.75
1196.7220610946292	750	21.157853725056555	0.0	337059	2375.0784142116213	1.2478979614643677	0.75
1198.7420629144412	750	23.13785190524425	0.0	366214	2020.0018198123046	1.2478979614643677	0.75
1200.4374954009954	750	25.44241941869013	0.0	360831	1695.4324865541207	1.2478979614643677	0.75
1201.970256403622	750	27.9096584160636	0.0	372963	1532.7610026265284	1.2478979614643677	0.75
1203.5112125664707	750	30.368702253214778	0.0	405596	1540.956162848824	1.2478979614643677	0.75
1204.93164133414	750	32.94827348554552	0.0	350713	1420.4287676692536	1.2478979614643677	0.75
1208.280605553161	1850	33.59930926652455	0.0	891604	3348.964219020966	1.2478979614643677	0.75
1210.2161637991167	1850	35.66375102056886	0.0	955231	1935.5582459556947	1.2478979614643677	1.85
1213.3568650220068	1850	36.52304979767875	0.0	968026	3140.7012228901085	1.2478979614643677	1.85
1215.8970764033284	1850	37.982838416356984	0.0	874175	2540.2113813217647	1.2478979614643677	1.85
1219.4271379756433	2850	38.45277684404196	0.0	1383735	3530.061572315022	1.2478979614643677	1.85
1225.4724382098425	2850	36.40747660984287	0.0	1480464	6045.300234199093	1.2478979614643677	2.85
1232.1824252081428	2850	33.697489611542665	0.0	1547572	6709.986998300199	1.2478979614643677	2.85
1236.575106822284	2850	33.3048079974014	0.0	1141971	4392.68161414127	1.2478979614643677	2.85
1242.6960839374358	2850	31.183830882249566	0.0	1498470	6120.97711515183	1.2478979614643677	2.85
1249.7200408178253	2850	28.1598740018601	0.0	1561263	7023.956880389468	1.2478979614643677	2.85
1256.6380682397628	2850	25.241846579922814	0.0	1341201	6918.027421937285	1.2478979614643677	2.85
1264.0116811284443	2850	21.868233691241365	0.0	1497683	7373.61288868145	1.2478979614643677	2.85
1268.5189709205872	1850	21.36094389909834	0.0	885062	4507.289792143024	1.2478979614643677	0.8500000000000001
1274.1133074907343	1850	19.76660732895114	0.0	1035329	5594.336570147199	1.2478979614643677	1.85
1277.4895525259174	1200	20.39036229376822	0.0	690253	3376.2450351829225	1.2478979614643677	0.5499999999999999
1280.2342575882146	1200	21.645657231470878	0.0	598727	2744.705062297339	1.2478979614643677	1.2
1282.504970621333	1200	23.37494419835268	0.0	487812	2270.713033118202	1.2478979614643677	1.2
1285.8804277434333	1200	23.999487076252436	0.0	575591	3375.4571221002407	1.2478979614643677	1.2
1288.9648056038113	1200	24.915109215874487	0.0	605884	3084.377860377952	1.2478979614643677	1.2
1291.6805981426132	1200	26.199316677072567	0.0	587506	2715.792538801922	1.2478979614643677	1.2
1293.6266126568037	1200	28.253302162882118	0.0	566904	1946.0145141904477	1.2478979614643677	1.2
1295.992718918778	1200	29.887195900907802	0.0	641452	2366.1062619743175	1.2478979614643677	1.2
1300.4488728384279	1200	29.431041981257955	0.0	599477	4456.153919649846	1.2478979614643677	1.2
1303.6292008518292	1200	30.250713967856363	0.0	634861	3180.3280134015936	1.2478979614643677	1.2
1306.561872096806	1200	31.318042722879685	0.0	630203	2932.6712449766774	1.2478979614643677	1.2
1316.2679960937428	2850	25.611918725942825	0.0	1483527	9706.123996936858	1.2478979614643677	1.2000000000000002
1324.1606134264478	2850	21.71930139323779	0.0	1231456	7892.617332705037	1.2478979614643677	2.85
1332.0014206479093	2850	17.878494171776175	0.0	1364537	7840.807221461611	1.2478979614643677	2.85
1334.5200260078839	750	19.359888811801728	0.0	450283	2518.6053599744496	1.2478979614643677	0.75
1336.8325292117906	750	21.047385607895144	0.0	398865	2312.5032039065827	1.2478979614643677	0.75
1338.7083576464292	750	23.17155717325647	0.0	350812	1875.8284346386733	1.2478979614643677	0.75
1340.52268688084	750	25.35722793884566	0.0	382355	1814.329234410814	1.2478979614643677	0.75
1342.285623763452	750	27.59429105623379	0.0	411561	1762.9368826118694	1.2478979614643677	0.75
1344.128815719051	1200	29.75109910063461	0.0	520315	1843.1919555991788	1.2478979614643677	0.75
1346.1231633556004	1200	31.756751464085305	0.0	561791	1994.3476365493082	1.2478979614643677	1.2
1350.3242759844964	1850	31.555638835189228	0.0	1060487	4201.112628896077	1.2478979614643677	1.2000000000000002
1353.6747315037983	1850	32.205183315887275	0.0	852833	3350.4555193019555	1.2478979614643677	1.85
1357.9813672267207	1850	31.89854759296481	0.0	913888	4306.635722922461	1.2478979614643677	1.85
1362.087367039895	1850	31.79254777979041	0.0	939819	4105.999813174399	1.2478979614643677	1.85
1366.7970608770595	1850	31.08285394262596	0.0	917428	4709.693837164449	1.2478979614643677	1.85
1371.1465640976	1850	30.7333507220855	0.0	946851	4349.50322054046	1.2478979614643677	1.85
1375.1424950663743	1850	30.737419753311283	0.0	1036454	3995.9309687742175	1.2478979614643677	1.85
1378.5746309401404	1850	31.305283879545108	0.0	821631	3432.135873766172	1.2478979614643677	1.85
1382.3553640457983	1850	31.524550773887157	0.0	923170	3780.7331056579533	1.2478979614643677	1.85
1386.6644447656292	1850	31.215470054056244	0.0	966699	4309.080719830911	1.2478979614643677	1.85
1390.2927488516953	1850	31.587165967990227	0.0	885714	3628.3040860660185	1.2478979614643677	1.85
1394.646294768488	1850	31.233620051197786	0.0	987708	4353.545916792442	1.2478979614643677	1.85
1398.8620167977115	1850	31.01789802197429	0.0	923755	4215.722029223496	1.2478979614643677	1.85
1403.6543366699614	1850	30.225578149724225	0.0	891604	4792.319872250065	1.2478979614643677	1.85
1408.5044058280382	1850	29.375508991647497	0.0	955231	4850.069158076728	1.2478979614643677	1.85
1413.9404834290096	1850	27.939431390676088	0.0	968026	5436.07760097141	1.2478979614643677	1.85
1418.5575413427391	1850	27.32237347694665	0.0	874175	4617.057913729437	1.2478979614643677	1.85
1422.4785536494726	1850	27.401361170213015	0.0	897976	3921.012306733635	1.2478979614643677	1.85
1427.166837601047	1850	26.713077218638517	0.0	905935	4688.283951574496	1.2478979614643677	1.85
1431.264350289991	1850	26.61556452969472	0.0	1076599	4097.512688943798	1.2478979614643677	1.85
1434.324740933795	1850	27.555173885890568	0.0	758197	3060.3906438041536	1.2478979614643677	1.85
1439.2224281277324	1850	26.65748669195309	0.0	972798	4897.687193937477	1.2478979614643677	1.85
1445.3501001947668	1850	24.529814624918473	0.0	975811	6127.67206703462	1.2478979614643677	1.85
1452.0725021869616	1850	21.807412632723643	0.0	873429	6722.401992194827	1.2478979614643677	1.85
1457.227412479184	1200	20.652502340501357	0.0	620283	5154.910292222289	1.2478979614643677	0.5499999999999999
1467.9575335909935	1200	13.922381228691936	0.0	584349	10730.12111180942	1.2478979614643677	1.2
1475.5687376386334	750	10.311177181052164	0.0	412837	7611.2040476397715	1.2478979614643677	0.3
1479.5129629711025	750	10.366951848583119	0.0	401088	3944.2253324690446	1.2478979614643677	0.75
1483.3292682749304	750	10.550646544754965	0.0	365161	3816.3053038281537	1.2478979614643677	0.75
1484.7305509483203	300	13.149363871365122	0.0	131610	1401.2826733898437	1.2478979614643677	-0.15000000000000002
1485.9339361206041	300	15.945978699081449	0.0	124011	1203.3851722836735	1.2478979614643677	0.3
1487.1218797678403	300	18.758035051845386	0.0	144254	1187.9436472360605	1.2478979614643677	0.3
1488.4939338523675	300	21.385980967317987	0.0	149991	1372.0540845273965	1.2478979614643677	0.3
1489.7272960792468	300	24.152618740438793	0.0	147968	1233.362226879194	1.2478979614643677	0.3
1494.4033719932745	750	23.476542826411155	0.0	384505	4676.075914027638	1.2478979614643677	0.3
1498.8577020161501	750	23.02221280353539	0.0	372093	4454.330022875764	1.2478979614643677	0.75
1501.4534795469756	750	24.426435272709888	0.0	438281	2595.777530825499	1.2478979614643677	0.75
1503.2298467054563	750	26.650068114229306	0.0	398987	1776.3671584805807	1.2478979614643677	0.75
1504.8336315992547	750	29.046283220430887	0.0	393804	1603.7848937984209	1.2478979614643677	0.75
1507.7017512070083	1850	30.178163612677274	0.0	830730	2868.119607753613	1.2478979614643677	0.75
1511.6892110107462	2850	30.190703808939325	0.0	1364537	3987.4598037379496	1.2478979614643677	1.85
1512.9513357459623	750	32.92857907372311	0.0	450283	1262.124735216218	1.2478979614643677	0.75
1515.7303646228547	1850	34.14955019683076	0.0	957685	2779.028876892349	1.2478979614643677	0.75
1517.7006440552022	1850	36.17927076448333	0.0	877771	1970.2794323474332	1.2478979614643677	1.85
1519.688764650437	1850	38.19115016924853	0.0	933276	1988.1205952347987	1.2478979614643677	1.85
1523.1128451437935	2850	38.76706967589227	0.0	1472558	3424.0804933562627	1.2478979614643677	1.85
1525.5918707061078	2850	40.28804411357787	0.0	1224260	2479.025562314402	1.2478979614643677	2.85
1530.3577064857138	4300	39.52220833397171	0.0	2157535	4765.835779606154	1.2478979614643677	2.8499999999999996
1535.9827837823152	4300	37.89713103737041	0.0	2290172	5625.077296601307	1.2478979614643677	4.3
1540.2385957459792	4300	37.641319073706434	0.0	2055469	4255.811963663969	1.2478979614643677	4.3
1545.3772330017996	4300	36.50268181788592	0.0	2169201	5138.637255820514	1.2478979614643677	4.3
1550.4566704959573	4300	35.42324432372803	0.0	2173522	5079.437494157893	1.2478979614643677	4.3
1555.0993254277778	4300	34.780589391907604	0.0	2102452	4642.654931820424	1.2478979614643677	4.3
1561.3910189094815	4300	32.48889591020375	0.0	2209463	6291.693481703848	1.2478979614643677	4.3
1568.9237260686627	4300	28.95618875102261	0.0	2275376	7532.7071591811455	1.2478979614643677	4.3
1572.4261416069603	2850	29.453773212725046	0.0	1231445	3502.415538297563	1.2478979614643677	1.4000000000000001
1576.2262774291576	2850	29.6536373905276	0.0	1471065	3800.1358221974497	1.2478979614643677	2.85
1579.8263056477308	2850	30.053609171954406	0.0	1491626	3600.028218573191	1.2478979614643677	2.85
1583.2584371775938	2850	30.621477642091303	0.0	1358801	3432.1315298631	1.2478979614643677	2.85
1587.3959821214642	2850	30.483932698220976	0.0	1537156	4137.544943870327	1.2478979614643677	2.85
1591.536306220427	2850	30.34360859925821	0.0	1336050	4140.324098962764	1.2478979614643677	2.85
1595.9136517291213	2850	29.966263090563853	0.0	1415116	4377.345508694357	1.2478979614643677	2.85
1606.2070535617797	2850	23.67286125790544	0.0	1468126	10293.401832658414	1.2478979614643677	2.85
1615.847612207004	1850	18.032302612681182	0.0	968026	9640.558645224257	1.2478979614643677	0.8500000000000001
1619.784022978679	1850	18.09589184100603	0.0	874175	3936.4107716751532	1.2478979614643677	1.85
1623.8110806647783	1850	18.068834154906643	0.0	897976	4027.0576860993856	1.2478979614643677	1.85
1625.8500889978384	1200	20.029825821846735	0.0	590335	2039.008333059908	1.2478979614643677	0.5499999999999999
1627.8034850584813	1200	22.07642976120383	0.0	696376	1953.3960606429077	1.2478979614643677	1.2
1629.4658520936273	1200	24.414062726058003	0.0	487160	1662.3670351458238	1.2478979614643677	1.2
1632.9997707709988	1850	24.88014404868625	0.0	972798	3533.918677371752	1.2478979614643677	1.2000000000000002
1635.7986579699327	1850	26.081256849752318	0.0	975811	2798.887198933935	1.2478979614643677	1.85
1639.0629491617012	1850	26.81696565798405	0.0	873429	3264.291191768269	1.2478979614643677	1.85
1642.7616307788703	1850	27.118284040814864	0.0	954453	3698.6816171691858	1.2478979614643677	1.85
1646.435860888067	1850	27.44405393161807	0.0	885062	3674.2301091967915	1.2478979614643677	1.85
1651.5794473789288	1850	26.300467440756442	0.0	1035329	5143.586490861627	1.2478979614643677	1.85
1655.8460870461897	1850	26.03382777349549	0.0	1026056	4266.639667260951	1.2478979614643677	1.85
1659.9191438614346	1850	25.960770958250436	0.0	943942	4073.0568152450533	1.2478979614643677	1.85
1664.729424981557	1850	25.150489838128063	0.0	728962	4810.281120122374	1.2478979614643677	1.85
1675.1745689194431	1850	18.70534590024199	0.0	938587	10445.143937886069	1.2478979614643677	1.85
1690.220882705926	1850	7.659032113759129	0.0	908665	15046.313786482862	1.2478979614643677	1.85

