12547.037883011953	750	4.0	2.2204497569923474	450283	2220.4497569923474	-8.797933955067093
12549.01700087401	750	6.02088213794516	0.0	398865	1979.1178620548408	0.75
12552.985485517203	1200	6.05239749475045	0.0	571051	3968.484643194709	0.75
12560.899204387782	1200	4.0	1.8613213758279017	617681	7913.718870578352	-6.803681916059976
12563.681963638048	1200	5.217240749733117	0.0	652874	2782.759250266883	1.2
12565.944758986892	1200	6.954445400890079	0.0	520315	2262.7953488430376	1.2
12568.358973670029	1200	8.540230717754051	0.0	561791	2414.2146831360274	1.2
12577.466567410087	1200	4.0	0.5673630223058408	709534	9107.593740059892	-1.2396609959151152
12581.51635966053	750	4.0	0.04979225044328223	374758	4049.7922504432822	0.08589332309388648
12585.874977263094	750	4.0	0.3586176025650384	362795	4358.617602565038	-0.792055691029665
12588.199241680384	750	5.675735582711686	0.0	353220	2324.264417288314	0.75
12590.664707483764	750	7.210269779332111	0.0	405134	2465.4658033795745	0.75
12596.00604971069	750	5.868927552406501	0.0	386351	5341.34222692561	0.75
12599.12142375554	750	6.753553507556348	0.0	434409	3115.374044850153	0.75
12601.280258398263	750	8.594718864832396	0.0	337059	2158.8346427239535	0.75
12604.425040864997	1200	9.449936398099029	0.0	587876	3144.7824667333657	0.75
12607.320240634084	1200	10.554736629012597	0.0	617242	2895.199769086432	1.2
12610.10731333371	1200	11.767663929385932	0.0	581493	2787.0726996266662	1.2
12614.523875518824	1850	11.351101744274438	0.0	987708	4416.562185111493	1.2000000000000002
12619.491029610053	1850	10.38394765304567	0.0	923755	4967.154091228766	1.85
12624.4476858797	1850	9.42729138339854	0.0	891604	4956.656269647129	1.85
12630.174622950084	1850	7.700354313013105	0.0	955231	5726.937070385436	1.85
12636.124193785	1850	5.750783478096327	0.0	968026	5949.570834916777	1.85
12640.610974745221	1850	5.2640025178758	0.0	874175	4486.780960220528	1.85
12651.32091329926	1850	4.0	5.445936036161201	897976	10709.938554037	-21.567524955493163
12655.801135503403	750	4.0	0.48022220414425465	379700	4480.222204144255	-2.414955477820295
12660.482504629863	750	4.0	0.681369126459007	425781	4681.369126459007	-2.17988724377373
12661.87720208078	750	6.605302549083802	0.0	277716	1394.6974509161973	0.75
12664.05542340897	750	8.427081220892383	0.0	400396	2178.2213281914196	0.75
12666.085003999837	750	10.397500630026764	0.0	400508	2029.5805908656214	0.75
12669.074401996748	1200	11.408102633114463	0.0	570392	2989.3979969122984	0.75
12672.169113816653	1200	12.313390813208978	0.0	620283	3094.7118199054867	1.2
12674.710061820004	1200	13.772442809858779	0.0	584349	2540.948003350199	1.2
12677.464223807321	1200	15.01828082254131	0.0	670129	2754.1619873174686	1.2
12682.03503334573	1850	14.447471284133178	0.0	1026056	4570.809538408132	1.2000000000000002
12687.883139896036	1850	12.599364733827489	0.0	943942	5848.106550305689	1.85
12692.635623799544	1850	11.84688083031864	0.0	728962	4752.48390350885	1.85
12697.521736716113	1850	10.960767913749294	0.0	938587	4886.1129165693455	1.85
12702.937254630451	1850	9.54524999941148	0.0	908665	5415.517914337813	1.85
12710.041709759873	1850	6.440794869991266	0.0	930577	7104.455129420215	1.85
12713.974005176917	1850	6.508499452946674	0.0	858450	3932.2954170445914	1.85
12722.090905621832	1850	4.0	1.6084009919690179	1025005	8116.900444915693	-5.066124265466776
12727.840138269377	1200	4.0	1.7492326475450035	599477	5749.232647545004	-6.971700384443515
12731.34282321275	750	4.4973150566270945	0.0	438281	3502.6849433729053	0.3
12734.969959014972	750	4.87017925440459	0.0	398987	3627.135802222504	0.75
12740.056570832443	1200	4.0	0.2164325630645717	638661	5086.611817469162	-0.1806600211776584
12742.498502061128	750	5.558068771314979	0.0	331053	2441.9312286850222	0.3
12751.371732778056	1850	4.0	3.3151619456145998	846370	8873.230716929578	-13.505196366142778
12754.204483645024	750	5.1672491330321515	0.0	450283	2832.7508669678477	0.75
12757.615695538874	750	5.7560372391807855	0.0	398865	3411.211893851367	0.75
12760.68190378295	750	6.689828995104955	0.0	350812	3066.208244075829	0.75
12764.204356446706	750	7.167376331349338	0.0	382355	3522.452663755617	0.75
12767.753481786256	750	7.618250991797977	0.0	411561	3549.1253395513613	0.75
12770.443849126392	750	8.927883651663361	0.0	318564	2690.3673401346155	0.75
12773.295717140676	750	10.076015637378816	0.0	352642	2851.8680142845465	0.75
12779.402321254256	1200	7.969411523799118	0.0	709534	6106.604113579698	0.75
12784.211888879387	1200	7.159843898668254	0.0	584846	4809.567625130864	1.2
12788.78105052951	1200	6.590682248545615	0.0	560821	4569.161650122639	1.2
12793.72215855424	1200	5.649574223815352	0.0	607410	4941.1080247302625	1.2
12798.740831874022	1200	4.630900904032032	0.0	594078	5018.673319783321	1.2
12801.832823490971	750	5.538909287082873	0.0	386351	3091.9916169491576	0.3
12807.786377695422	750	4.0	0.414644917367179	434409	5953.554204450053	-1.0329731446788697
12811.396583613112	750	4.389794082309205	0.0	337059	3610.2059176907956	0.75
12814.9653079686	750	4.821069726821701	0.0	366214	3568.7243554875045	0.75
12818.247602165442	750	5.538775529980199	0.0	360831	3282.2941968415025	0.75
12821.079152606928	750	6.7072250884935345	0.0	372963	2831.5504414866637	0.75
12824.319201285694	750	7.467176409727746	0.0	405596	3240.048678765788	0.75
12827.29844452397	750	8.487933171449349	0.0	350713	2979.2432382783973	0.75
12830.527649329337	750	9.258728366084485	0.0	386472	3229.204805364865	0.75
12833.65507271038	750	10.131304985040355	0.0	399894	3127.42338104413	0.75
12839.264262054616	1200	8.522115640803241	0.0	656471	5609.189344237115	0.75
12844.823637513246	1200	6.962740182172729	0.0	536667	5559.375458630511	1.2
12849.800581601157	1200	5.985796094261797	0.0	587236	4976.944087910932	1.2
12852.82615886652	750	6.960218828901179	0.0	379700	3025.5772653606177	0.3
12856.456405441038	750	7.329972254381671	0.0	425781	3630.2465745195086	0.75
12858.597099207149	750	9.189278488272402	0.0	277716	2140.693766109268	0.75
12861.783119721884	750	10.003257973535947	0.0	400396	3186.0205147364563	0.75
12866.781227546431	1200	9.005150148989298	0.0	641447	4998.10782454665	0.75
12875.723897826208	1200	4.062479869212706	0.0	570392	8942.670279776592	1.2
12879.406453294863	750	4.379924400556416	0.0	400322	3682.5554686562896	0.3
12881.155181550157	750	6.631196145263965	0.0	369834	1748.728255292451	0.75
12883.05619363346	750	8.73018406196116	0.0	412837	1901.012083302806	0.75
12886.183577183949	1200	9.602800511472365	0.0	690253	3127.383550488794	0.75
12888.799630345782	1200	10.986747349639808	0.0	598727	2616.053161832556	1.2
12892.19769018687	1850	11.588687508552985	0.0	728962	3398.0598410868247	1.2000000000000002
12896.617928572803	1850	11.168449122618558	0.0	938587	4420.238385934426	1.85
12902.908059034673	1850	8.878318660749452	0.0	908665	6290.1304618691065	1.85
12919.482423097785	1850	4.0	7.696045402362908	930577	16574.36406311236	-31.242995230160503
12937.635332391948	750	4.0	14.152909294161535	345516	18152.909294161534	-61.2075099648946
12945.730138469764	300	4.0	4.094806077815258	161857	8094.8060778152585	-17.75766613460561
12954.66347318556	300	4.0	4.933334715796545	145210	8933.334715796545	-20.913339277925143
12960.355253207666	300	4.0	1.691780022107986	172312	5691.780022107986	-6.97465409506434
12969.712676576322	300	4.0	5.3574233686543105	167025	9357.42336865431	-22.736920485213535
12974.948957827188	300	4.0	1.236281250865878	160064	5236.281250865878	-5.016009378723275
12980.821754164457	300	4.0	1.8727963372685998	137507	5872.7963372686	-7.753024250254978
12983.81199772657	300	5.009756437886484	0.0	118421	2990.2435621135164	0.3
13004.725205658555	750	4.0	15.903451494097924	450283	20913.20793198441	-67.63484142462107
13011.505131418635	300	4.0	2.7799257600786578	155580	6779.925760078658	-12.103680768338226
13020.15784321237	300	4.0	4.652711793735038	139857	8652.711793735038	-19.70666071306066
13030.137347277096	300	4.0	5.979504064724908	155432	9979.504064724908	-25.411867478317102
13035.596874027744	300	4.0	1.4595267506480067	163442	5459.526750648007	-5.975965027786429
13041.604079572526	300	4.0	2.0072055447800814	126289	6007.205544780081	-8.33098384255435
13047.06531484393	300	4.0	1.4612352714047083	153295	5461.235271404708	-5.983311667040246
13057.890053105637	300	4.0	6.824738261707411	173849	10824.73826170741	-29.046374525341868
13063.719020686303	300	4.0	1.8289675806663281	150710	5828.967580666328	-7.564560596865211
13070.949197763257	300	4.0	3.2301770769520717	139105	7230.177076952072	-13.589761430893907
13080.30219148423	300	4.0	5.352993720973611	141840	9352.99372097361	-22.717873000186525
13086.287711973067	300	4.0	1.9855204888371583	156148	5985.520488837158	-8.23773810199978
13094.92873599793	300	4.0	4.641024024863074	160746	8641.024024863074	-19.656403306911216
13100.453123208654	300	4.0	1.5243872107225753	179801	5524.387210722575	-6.254865006107074

