126876.1607292255	750	4.0	2.5371802488901025	450283	2537.1802488901026	-10.159875070227441
126877.95426389217	300	6.206465333334675	0.0	155580	1793.5346666653252	-0.15000000000000002
126880.01852821374	300	8.142201011770707	0.0	139857	2064.264321563968	0.3
126882.77242370068	300	9.388305524828183	0.0	155432	2753.8954869425233	0.3
126888.46043323893	300	7.700295986580103	0.0	163442	5688.009538248081	0.3
126890.67518541244	300	9.485543813055822	0.0	126289	2214.752173524281	0.3
126893.01717269435	300	11.143556531147683	0.0	153295	2341.9872819081393	0.3
126895.80652238673	300	12.354206838777568	0.0	173849	2789.3496923701155	0.3
126899.90887424773	300	12.251854977773142	0.0	150710	4102.351861004424	0.3
126902.6095002986	300	13.551228926918247	0.0	139105	2700.626050854894	0.3
126905.69168680819	300	14.469042417324054	0.0	141840	3082.1865095941935	0.3
126908.41239877962	300	15.748330445898738	0.0	156148	2720.711971425317	0.3
126910.34108310344	300	17.819646122063258	0.0	160746	1928.6843238354775	0.3
126912.80147909277	300	19.35925013272763	0.0	179801	2460.39598933563	0.3
126915.3765829566	300	20.78414626890925	0.0	140051	2575.1038638183795	0.3
126917.58533773576	300	22.57539148975318	0.0	138313	2208.75477915607	0.3
126919.13028157692	300	25.030447648586545	0.0	143509	1544.9438411666358	0.3
126920.39299750759	300	27.767731717909363	0.0	150616	1262.7159306771844	0.3
126922.06606945819	300	30.094659767316056	0.0	165384	1673.0719505933055	0.3
126923.30434112217	300	32.8563881033237	0.0	140881	1238.271663992351	0.3
126924.82959356769	300	35.33113565782129	0.0	157671	1525.2524455024109	0.3
126926.54070288589	300	37.62002633960693	0.0	157812	1711.1093182143659	0.3
126928.39177019974	300	39.76895902575898	0.0	163927	1851.0673138479485	0.3
126930.0255118473	300	42.13521737820623	0.0	137654	1633.7416475527498	0.3
126933.6064360532	300	42.55429317231432	0.0	146754	3580.9242058919117	0.3
126935.25457294246	300	44.90615628304395	0.0	153938	1648.1368892703697	0.3
126936.83140542821	300	47.32932379730099	0.0	181901	1576.8324857429593	0.3
126938.08959704329	300	50.07113218222569	0.0	111155	1258.191615075299	0.3
126939.40480781504	300	52.755921410490984	0.0	153605	1315.2107717347012	0.3
126940.60819708515	300	55.55253214036698	0.0	149029	1203.3892701240034	0.3
126942.22638486895	300	57.93434435656761	0.0	157421	1618.1877837993716	0.3
126945.11837081419	300	59.04235841132979	0.0	157488	2891.985945237812	0.3
126948.10472218749	300	59.9910936434657	0.0	143881	2551.2647678640883	0.3
126963.6518490102	750	48.44396682075782	0.0	412837	15547.126822707885	0.3
126966.72584260804	300	49.36997322292654	0.0	179328	3073.993597831278	-0.15000000000000002
126974.29618886221	300	45.799626968763775	0.0	159914	7570.346254162768	0.3
126979.21163038573	300	44.88418544524847	0.0	131610	4915.441523515305	0.3
126984.80149811695	300	43.294317714018746	0.0	124011	5589.8677312297195	0.3
126989.32890778116	300	42.76690804981169	0.0	144254	4527.409664207058	0.3
126995.1112327083	300	40.98458312269734	0.0	149991	5782.3249271143495	0.3
126998.19465246411	300	41.90116336688075	0.0	147968	3083.4197558165806	0.3
127001.76773702343	300	42.32807880755232	0.0	161857	3573.084559328433	0.3
127004.09924993108	300	43.99656589989898	0.0	145210	2331.5129076533417	0.3
127005.88003569572	300	46.2157801352695	0.0	172312	1780.7857646294888	0.3
127007.28180533758	300	48.814010493403664	0.0	167025	1401.7696418658327	0.3
127009.23975026459	300	50.85606556639851	0.0	160064	1957.9449270051493	0.3
127012.12691111238	750	51.96890471860391	0.0	331053	2887.1608477946097	0.3
127030.4954674494	2850	37.600348381589356	0.0	1364537	18368.556337014554	0.75
127035.54899713189	750	36.54681869909995	0.0	450283	5053.5296824894	0.75
127039.82788457279	750	36.26793125819346	0.0	398865	4278.887440906496	0.75
127042.19409872743	300	37.901717103546424	0.0	139857	2366.214154647032	-0.15000000000000002
127043.11779306828	300	40.97802276270833	0.0	155432	923.6943408380995	0.3
127043.80464560764	300	44.2911702233412	0.0	163442	686.8525393671308	0.3
127044.45443551266	300	47.64138031831651	0.0	126289	649.7899050246933	0.3
127045.48673041254	300	50.60908541844127	0.0	153295	1032.2948998752424	0.3
127046.38054610352	300	53.715269727458676	0.0	173849	893.8156909825921	0.3
127049.3943551184	750	54.701460712571965	0.0	374758	3013.80901488671	0.3
127051.45557142259	750	56.64024440839488	0.0	362795	2061.216304177081	0.75
127054.45749274641	750	57.63832308457724	0.0	353220	3001.9213238176467	0.75
127057.36787949431	750	58.72793633667901	0.0	405134	2910.386747898229	0.75
127059.70393340565	750	59.90053133711296	0.0	386351	1827.4049995660455	0.75
127061.88257558916	750	59.76553470124243	0.0	434409	1634.9966358705278	0.75
127063.61630053434	750	59.82049500247745	0.0	337059	1445.0396987649788	0.75
127065.35202302621	750	59.766476379745235	0.0	366214	1554.0186227322215	0.75
127069.17339354091	1200	59.94510586503511	0.0	617242	3321.3705147101227	0.75
127073.30961479148	1200	59.71403243167459	0.0	581493	3231.073433360523	1.2
127076.94368315503	1200	59.879072158509764	0.0	639204	3334.9602731648265	1.2
127080.91035485614	1200	59.91240045739916	0.0	586839	3466.671701110605	1.2
127087.67622028287	1200	57.14653503066023	0.0	601738	6765.865426738925	1.2
127098.92597656592	1200	49.89677874759439	0.0	616206	11249.75628306584	1.2
127105.69078723755	1200	47.13196807597683	0.0	656471	6764.810671617558	1.2
127108.88140583651	1200	47.9413494770084	0.0	536667	3190.6185989684327	1.2
127111.25007757933	1200	49.572677734176416	0.0	587236	2368.6717428319794	1.2
127113.49960706013	1200	51.323148253374	0.0	590335	2249.529480802419	1.2
127117.69147887854	1200	51.131276434968484	0.0	696376	4191.871818405512	1.2
127120.36031495534	1200	52.4624403581797	0.0	487160	2668.836076788784	1.2
127126.20677245132	1200	50.61598286220804	0.0	622896	5846.457495971654	1.2
127130.20007663079	1200	50.622678682738545	0.0	641447	3993.304179469502	1.2
127132.67201677819	750	52.150738535339094	0.0	358218	2471.9401473994535	0.3
127135.46088980799	750	53.36186550553976	0.0	400322	2788.8730297993334	0.75
127138.54255880443	750	54.28019650908751	0.0	369834	3081.6689964522498	0.75
127141.91167233478	750	54.91108297872789	0.0	412837	3369.113530359615	0.75
127144.43007289762	750	56.39268241588738	0.0	401088	2518.4005628405102	0.75
127147.20961856833	750	57.61313674518815	0.0	365161	2779.545670699225	0.75
127149.71215140804	750	59.11060390548957	0.0	321064	2502.5328396985865	0.75
127153.03159724515	750	59.75416915862822	0.0	361565	2356.434746861338	0.75
127156.6867619637	750	59.838592344480034	0.0	378327	2915.5768141481913	0.75
127161.78360425206	750	58.74175005612666	0.0	390680	5096.842288353369	0.75
127164.3337801547	750	59.6198772011895	0.0	345516	2121.8728549371585	0.75
127166.4234376664	750	59.67869996918594	0.0	384505	1941.177232003563	0.75
127169.08152146131	750	59.86889821158261	0.0	372093	1809.8017576033349	0.75
127172.03861561025	750	59.9844921557672	0.0	438281	2384.4060558154106	0.75
127188.97316109142	750	47.049946674596434	0.0	398987	16934.545481170764	0.75
127202.6584797636	750	37.36462800242182	0.0	393804	13685.318672174617	0.75
127208.87306496128	750	35.15004280473618	0.0	331053	6214.585197685632	0.75
127210.88281344344	750	37.140294322582854	0.0	314107	2009.7484821533183	0.75
127213.1634903075	750	38.85961745850886	0.0	450283	2280.676864074	0.75
127213.83233762451	300	42.19077014150839	0.0	155580	668.8473170004758	-0.15000000000000002
127214.32305078083	300	45.700056985176374	0.0	139857	490.71315633201556	0.3
127214.88228405031	300	49.14082371569202	0.0	155432	559.2332694843475	0.3
127216.36032516249	750	51.66278260351569	0.0	411561	1478.0411121763327	0.3
127217.63183242307	1200	54.39127534294653	0.0	520315	1271.50726056916	0.75
127219.99852411008	1850	56.024583655927536	0.0	905515	2366.691687019	1.2000000000000002
127222.88409292857	1850	57.13901483744536	0.0	1060487	2885.568818482177	1.85
127225.60166578049	1850	58.42144198552636	0.0	852833	2717.5728519190016	1.85
127228.31300881597	1850	59.710098950038095	0.0	913888	2711.3430354882585	1.85
127232.01558120147	1850	59.672353406722955	0.0	939819	3037.745543315143	1.85
127235.25026820115	1850	59.76192332795802	0.0	917428	2910.430078764931	1.85
127239.20681604535	1850	59.805375483777006	0.0	946851	3956.547844181021	1.85
127250.3109341063	1850	52.70125742283506	0.0	1036454	11104.118060941937	1.85
127254.3967261766	1200	52.6154653525419	0.0	526950	4085.7920702931683	0.5499999999999999
127260.01087463922	1200	51.001316889898156	0.0	587876	5614.148462643746	1.2
127265.14570369048	1200	49.86648783865903	0.0	617242	5134.829051239116	1.2
127268.33045403371	1200	50.681737495416385	0.0	581493	3184.7503432426506	1.2
127271.08819947254	1200	51.92399205660129	0.0	639204	2757.7454388150845	1.2
127272.63676412491	750	54.37542740421341	0.0	350713	1548.5646523878838	0.3
127274.78735898025	750	56.22483254887809	0.0	386472	2150.5948553353196	0.75
127276.30352676922	750	58.70866475990625	0.0	399894	1516.1677889718433	0.75
127279.01880241904	1200	59.63478467949688	0.0	656471	2073.880080409368	0.75
127282.43193786503	1200	59.92341474120036	0.0	536667	3211.3699382965215	1.2
127285.78312343612	1200	59.52920470949518	0.0	587236	2894.2100317051736	1.2
127297.24327406296	1200	52.069054082653224	0.0	590335	11460.150626841965	1.2
127312.16810621886	1200	41.14422192675087	0.0	696376	14924.832155902353	1.2
127316.68737651534	750	40.624951630265585	0.0	277716	4519.270296485288	0.3
127319.49829204952	300	41.81403609608785	0.0	153605	2810.9155341777373	-0.15000000000000002
127322.14381470939	300	43.168513436229105	0.0	149029	2645.5226598587383	0.3
127323.84980767206	300	45.46252047355128	0.0	157421	1705.9929626778226	0.3
127324.9775319859	300	48.33479615969518	0.0	157488	1127.7243138561048	0.3
127326.11572752499	300	51.196600620627464	0.0	143881	1138.1955390677167	0.3
127327.22947691612	300	54.08285122948705	0.0	163444	1113.7493911404154	0.3
127329.71817461558	750	55.59415353002555	0.0	401088	2488.6976994614924	0.3
127331.9063887771	750	57.405939368501414	0.0	365161	2188.2141615241326	0.75
127333.56173877671	750	59.75058936888921	0.0	321064	1655.349999612203	0.75
127336.13048532743	750	59.79351153352782	0.0	361565	1957.0778353613903	0.75
127338.71179392783	750	59.75369159101835	0.0	378327	2039.819942509467	0.75
127341.94427506527	750	59.56719535122758	0.0	390680	2686.4962397907716	0.75
127352.60525808074	750	52.90621233575478	0.0	345516	10660.983015472797	0.75
127357.2389945716	750	52.272475844913835	0.0	384505	4633.736490840953	0.75
127360.65263851927	750	52.85883189723307	0.0	372093	3413.6439476807627	0.75
127363.57852138029	750	53.93294903621162	0.0	438281	2925.882861021447	0.75
127366.45157210383	750	55.05989831267203	0.0	398987	2873.0507235395867	0.75
127368.64167069511	750	56.86979972139081	0.0	393804	2190.098591281225	0.75
127373.02147379084	1850	56.48999662566677	0.0	830730	4379.803095724038	0.75
127381.55686020279	2850	51.95461021371518	0.0	1364537	8535.386411951593	1.85
127384.96796621708	750	52.54350419942536	0.0	450283	3411.1060142898214	0.75
127387.91437416001	750	53.59709625650919	0.0	398865	2946.407942916162	0.75
127390.57175798289	750	54.93971243362514	0.0	350812	2657.3838228840546	0.75
127393.48746517785	750	56.024005238664564	0.0	382355	2915.707194960577	0.75
127396.21120504475	750	57.30026537176187	0.0	411561	2723.7398669026916	0.75
127398.32437520027	750	59.18709521623752	0.0	318564	2113.170155524339	0.75
127401.4167755758	750	59.883437544795264	0.0	352642	2303.6576714422595	0.75
127405.27676662127	750	59.53831337410264	0.0	437162	3845.1241706926194	0.75
127409.19254766192	750	59.52735629117641	0.0	374758	3010.9570829262316	0.75
127413.13930300518	750	59.580600947899086	0.0	362795	3446.755343277322	0.75
127416.3651134999	750	59.52298535103734	0.0	353220	2557.6155968617436	0.75
127419.04798060191	750	59.91614924895832	0.0	405134	2606.8361020790253	0.75
127420.86365358051	750	59.61182825962238	0.0	386351	1804.3209893359356	0.75
127423.18484206774	750	59.87641001064238	0.0	434409	1735.4182489800007	0.75
127425.18363580616	750	59.78989826056195	0.0	337059	1586.5117500804365	0.75
127427.37183070862	750	59.58644180349124	0.0	366214	1703.4564570707098	0.75
127430.83461330408	1200	59.54691972846839	0.0	617242	3039.522075022849	0.75
127434.41742103772	1200	59.96411199483076	0.0	581493	3582.807733637632	1.2
127440.37137529267	1200	58.010157739869484	0.0	639204	5953.954254961274	1.2
127444.32652695334	1200	58.05500607920705	0.0	586839	3955.1516606624423	1.2
127447.9717762478	1200	58.40975678475092	0.0	601738	3645.249294456126	1.2
127452.39301455078	1200	57.988518481770335	0.0	616206	4421.238302980586	1.2
127458.71404452859	1200	55.66748850395685	0.0	656471	6321.029977813488	1.2
127460.72325432386	750	57.65827870867165	0.0	343800	2009.209795285196	0.3
127463.87461302285	750	58.50692000969763	0.0	359903	3151.3586989740197	0.75
127468.60271220955	750	57.77882082298854	0.0	379700	4728.099186709087	0.75
127475.67223101988	750	54.709302012651236	0.0	425781	7069.518810337309	0.75
127477.95837302641	750	56.42316000612603	0.0	277716	2286.142006525202	0.75
127480.61372271241	750	57.767810320131865	0.0	400396	2655.3496859941683	0.75
127483.2199362128	750	59.161596819735045	0.0	400508	2606.213500396819	0.75
127485.90993133167	750	59.71639097488632	0.0	358218	2445.2058448487255	0.75
127489.46401842561	750	59.75174206491922	0.0	400322	3464.6489099671	0.75
127493.05426738947	750	59.906336674981276	0.0	369834	2845.4053899379464	0.75
127496.5812225725	750	59.71028087042164	0.0	412837	2696.0558045596345	0.75
127500.7693978434	750	59.522105599522135	0.0	401088	4188.175270899513	0.75
127505.77605228421	750	58.51545115870418	0.0	365161	5006.654440817954	0.75
127512.69788572642	750	55.59361771649692	0.0	321064	6921.833442207258	0.75
127522.10478986967	750	50.186713573248355	0.0	361565	9406.90414324857	0.75
127524.22386505455	300	52.06763838837322	0.0	144254	2119.075184875129	-0.15000000000000002
127526.09383905357	300	54.1976643893429	0.0	149991	1869.9739990303233	0.3
127528.08171844442	300	56.20978499849335	0.0	147968	1987.8793908495502	0.3
127530.48025352103	300	57.811249921875735	0.0	161857	2398.53507661761	0.3
127532.79139378126	300	59.5001096616524	0.0	145210	1811.1402602233375	0.3
127535.36591057475	300	59.50688655852565	0.0	172312	2493.2231031267493	0.3
127537.89752108004	300	59.9722281510577	0.0	167025	2034.6584074679506	0.3
127544.37507530181	750	57.49467392929985	0.0	393804	6477.554221757845	0.3
127548.03279246418	750	57.83695676693659	0.0	331053	3657.717162363269	0.75
127555.25205013227	1850	54.61769909884448	0.0	846370	7219.257668092105	0.75
127558.42773278033	750	55.44201645080109	0.0	450283	3175.6826480433897	0.75
127562.06177115814	750	55.80797807297366	0.0	398865	3634.0383778274318	0.75
127565.43536406627	750	56.43438516484686	0.0	350812	3373.592908126805	0.75
127570.80921456355	750	55.06053466757162	0.0	382355	5373.850497275233	0.75
127573.83910890027	750	56.03064033085107	0.0	411561	3029.8943367205497	0.75
127577.93259841164	750	55.937150819471654	0.0	318564	4093.4895113794205	0.75
127581.28390423158	750	56.585844999547874	0.0	352642	3351.3058199237767	0.75
127585.53950890334	750	56.330240327789724	0.0	437162	4255.604671758152	0.75
127594.38751675202	750	51.48223247910714	0.0	374758	8848.00784868259	0.75
127602.90024519224	750	46.969504038887465	0.0	362795	8512.728440219673	0.75
127607.57307406487	300	46.29667516626128	0.0	141840	4672.82887262618	-0.15000000000000002
127611.32555958448	300	46.544189646649194	0.0	156148	3752.485519612087	0.3
127613.19255707516	300	48.67719215596771	0.0	160746	1866.997490681491	0.3
127615.88481996734	300	49.984929263774006	0.0	179801	2692.262892193696	0.3
127618.71714898797	300	51.15260024315906	0.0	140051	2832.3290206149463	0.3
127620.25819020647	300	53.611559024648855	0.0	138313	1541.0412185102034	0.3
127621.20507355407	300	56.66467567704595	0.0	143509	946.8833476029072	0.3
127622.27813679678	300	59.59161243432461	0.0	150616	1073.0632427213316	0.3
127623.87064626915	300	59.762641605429934	0.0	165384	1328.970828894682	0.3
127625.48838986446	300	59.76553912950468	0.0	140881	1497.102475925253	0.3
127626.82883192773	300	59.575638657559296	0.0	157671	1189.900471945383	0.3
127628.53597564349	300	59.962337595352274	0.0	157812	1113.3010622070196	0.3
127632.3568464879	750	59.79382349990436	0.0	401853	3168.5140954479116	0.3
127635.48597348407	750	59.72593837631892	0.0	343800	2567.8851235854395	0.75
127638.30017708102	750	59.748957514133025	0.0	359903	2476.9808621858942	0.75
127643.47139084102	750	58.57774375412823	0.0	379700	5171.213760004801	0.75
127652.11167764141	750	53.93745695374414	0.0	425781	8640.286800384085	0.75
127657.36649004174	750	52.68264455341188	0.0	277716	5254.812400332258	0.75
127664.40024809097	750	49.648886504177995	0.0	400396	7033.75804923389	0.75
127668.10867389909	300	49.94046069605552	0.0	149029	3708.425808122473	-0.15000000000000002
127673.7238006785	300	48.325333916635046	0.0	157421	5615.126779420469	0.3
127680.57757997698	300	45.471554618172085	0.0	157488	6853.779298462963	0.3
127686.30153291773	300	43.74760167741837	0.0	143881	5723.952940753714	0.3
127692.25365939707	300	41.795475198076076	0.0	163444	5952.126479342293	0.3
127696.35448382766	300	41.694650767485165	0.0	179328	4100.824430590908	0.3
127699.83204406529	300	42.21709052983703	0.0	159914	3477.5602376481434	0.3
127703.29620131916	300	42.75293327598244	0.0	131610	3464.157253854588	0.3
127705.58828003194	300	44.46085456320239	0.0	124011	2292.078712780052	0.3
127707.42567310897	300	46.62346148616811	0.0	144254	1837.3930770342743	0.3
127709.82981702412	300	48.21931757102005	0.0	149991	2404.1439151480567	0.3
127711.40064149404	300	50.648493101093926	0.0	147968	1570.8244699261281	0.3
127713.37679325497	300	52.67234134016197	0.0	161857	1976.1517609319571	0.3
127714.94961547546	300	55.09951911967757	0.0	145210	1572.8222204843987	0.3
127716.52409659332	300	57.52503800181096	0.0	172312	1574.481117866603	0.3
127718.86033030963	300	59.18880428550183	0.0	167025	2336.233716309138	0.3
127723.40345717731	750	58.64567741782699	0.0	393804	4543.126867674834	0.3
127732.53571889087	1200	53.513415704272425	0.0	538612	9132.261713554564	0.75
127750.59116114545	1850	39.457973449688005	0.0	846370	18055.44225458442	1.2000000000000002
127757.90377193874	750	36.145362656400955	0.0	450283	7312.610793287049	0.75
127760.21134868641	300	37.83778590873509	0.0	155580	2307.5767476658607	-0.15000000000000002
127762.10598760667	300	39.94314698846749	0.0	139857	1894.6389202676091	0.3
127763.99955906355	300	42.049575531580864	0.0	155432	1893.571456886622	0.3
127766.43940903315	300	43.60972556198103	0.0	163442	2439.8499695998307	0.3
127768.29068993535	300	45.75844465977801	0.0	126289	1851.2809022030242	0.3
127770.91484370035	300	47.13429089478878	0.0	153295	2624.153764989223	0.3
127773.89716525037	300	48.15196934477442	0.0	173849	2982.321550014366	0.3
127776.33328298555	300	49.71585160958949	0.0	150710	2436.117735184927	0.3
127778.85611301356	300	51.19302158157315	0.0	139105	2522.8300280163444	0.3
127780.3043555475	300	53.7447790476386	0.0	141840	1448.2425339345468	0.3
127782.3630986002	300	55.68603599494268	0.0	156148	2058.743052695925	0.3
127784.6245201694	300	57.42461442574855	0.0	160746	2261.4215691941254	0.3
127786.15065633914	300	59.89847825600253	0.0	179801	1526.1361697460266	0.3
127789.5514233488	750	59.76594574761582	0.0	337059	2632.5325083867147	0.3
127793.49465693624	750	59.82271216016868	0.0	366214	3943.233587447137	0.75
127796.86899639669	750	59.741276474303774	0.0	360831	3081.4356858648985	0.75
127801.55778625695	750	59.052486614034315	0.0	372963	4688.78986026946	0.75
127806.59096363353	750	58.01930923745906	0.0	405596	5033.177376575252	0.75
127809.04357260057	750	59.56670027040485	0.0	350713	2452.6089670542156	0.75
127812.48166045891	750	59.720896330482525	0.0	386472	2845.803939922328	0.75
127820.50142175914	750	55.70113503023954	0.0	399894	8019.761300242975	0.75
127825.57300372772	750	54.629553061667885	0.0	401853	5071.58196857166	0.75
127829.43970019223	750	54.76285659716408	0.0	343800	3866.696464503808	0.75
127834.83937444395	750	53.36318234543776	0.0	359903	5399.674251726322	0.75
127840.42185710449	750	51.78069968489411	0.0	379700	5582.482660543646	0.75
127846.72951155047	750	49.473045238911055	0.0	425781	6307.654445983056	0.75
127848.47214897121	300	51.73040781817323	0.0	111155	1742.6374207378317	-0.15000000000000002
127852.96210307402	300	51.24045371536559	0.0	153605	4489.954102807636	0.3
127856.73925677246	300	51.46330001693422	0.0	149029	3777.1536984313693	0.3
127862.24992127977	300	49.95263550961675	0.0	157421	5510.664507317473	0.3
127866.24356722468	300	49.95898956470853	0.0	157488	3993.64594490822	0.3
127869.17375984722	300	51.02879694217119	0.0	143881	2930.1926225373377	0.3
127871.32292520195	300	52.87963158744864	0.0	163444	2149.1653547225524	0.3
127873.60392455889	300	54.59863223050788	0.0	179328	2280.9993569407634	0.3
127875.36434896487	300	56.83820782453362	0.0	159914	1760.4244059742643	0.3
127877.13230821848	300	59.07024857091915	0.0	131610	1767.9592536144692	0.3
127879.16334973993	300	59.81269364918394	0.0	124011	1257.5549217352004	0.3
127882.46165991515	750	59.65528186142353	0.0	378327	2657.4117877604153	0.3
127885.40621486217	750	59.51245358165051	0.0	390680	2642.8282797730217	0.75
127890.3813686371	750	58.537299806723624	0.0	345516	4975.153774926885	0.75
127893.17220552974	750	59.74646291406897	0.0	384505	2790.836892654654	0.75
127897.06523098184	750	59.634808855427224	0.0	372093	3111.6540586417486	0.75
127900.91843841471	750	59.78160142256301	0.0	438281	3853.2074328642157	0.75
127905.80642206056	750	58.89361777670474	0.0	398987	4887.983645858275	0.75
127912.10317483712	750	56.59686500016231	0.0	393804	6296.752776542425	0.75
127921.57393287781	1200	51.126106959459214	0.0	538612	9470.758040703095	0.75
127928.88831917266	1850	47.81172066460762	0.0	846370	7314.386294851592	1.2000000000000002
127935.34157410145	750	45.35846573582025	0.0	450283	6453.254928787366	0.75
127938.37229299235	300	46.32774684492043	0.0	155580	3030.718890899818	-0.15000000000000002
127942.67869350148	300	46.0213463357877	0.0	139857	4306.400509132732	0.3
127947.81938665808	300	44.880653179185046	0.0	155432	5140.693156602658	0.3
127949.67202343368	300	47.02801640359358	0.0	163442	1852.6367755914598	0.3
127951.12014341752	300	49.57989641975636	0.0	126289	1448.1199838372172	0.3
127953.63045328259	300	51.069586554684086	0.0	153295	2510.309865072277	0.3
127956.38795627604	300	52.31208356123416	0.0	173849	2757.5029934499244	0.3
127958.21038907001	300	54.489650767274966	0.0	150710	1822.4327939591963	0.3
127959.6029683854	300	57.097071451886265	0.0	139105	1392.5793153887	0.3
127960.94736170133	300	59.75267813596623	0.0	141840	1344.3933159200396	0.3
127963.39176541014	300	59.79072733802601	0.0	156148	1461.9507979402174	0.3
127965.85866568459	300	59.993003656236695	0.0	160746	1797.7236817893142	0.3
127969.06651159147	300	59.65416899911182	0.0	179801	2338.834657124873	0.3
127970.81017649354	300	59.76084217297513	0.0	140051	1393.3268261366895	0.3
127972.66830494201	300	59.84744698669261	0.0	138313	913.3951862825166	0.3
127973.62251880289	300	59.52770668734983	0.0	143509	819.7402993427792	0.3
127975.70841689769	300	59.99699442072437	0.0	150616	1530.7122666254547	0.3
127978.38159695239	300	59.81749730746131	0.0	165384	2179.497113263061	0.3
127980.88172257807	300	59.99977596533324	0.0	140881	2317.721342128066	0.3
127982.7789776808	300	59.56235055574293	0.0	157671	1437.4254095903052	0.3
127985.47707887314	300	59.58821480614804	0.0	157812	2474.1357495948937	0.3
127990.6193765367	300	58.44591714258472	0.0	163927	5142.297663563326	0.3
127992.50912003755	300	59.79917694532383	0.0	137654	1646.7401972608861	0.3
127994.74014683155	300	59.94516520010128	0.0	146754	1354.0117452225518	0.3
127996.43377713159	300	59.85635757447693	0.0	153938	1088.8076256243467	0.3
127998.15496138985	300	59.74817678255236	0.0	181901	1108.1807919245725	0.3
127999.06926034628	300	59.752529037506726	0.0	111155	495.64774504563627	0.3
128000.92429119677	750	59.72633921794986	0.0	400396	1526.189819556872	0.3
128003.79865425157	1200	59.83807820601576	0.0	641447	1888.2610119340968	0.75
128005.55254921557	1200	59.649181745456765	0.0	570392	1688.8964605589938	1.2
128009.59655686926	1200	59.60517409176484	0.0	620283	2544.0076536919264	1.2
128011.32343062594	1200	59.81124029198398	0.0	584349	1293.9337997808516	1.2
128016.07404359532	1850	59.06062732261017	0.0	1035329	4750.612969373804	1.2000000000000002
128019.81387363921	1850	59.32079727871779	0.0	1026056	3739.830043892381	1.85
128023.43995583721	1850	59.69471508071753	0.0	943942	3626.0821980002665	1.85
128027.31274578677	1850	59.64805269002514	0.0	728962	3046.6623906923824	1.85
128031.58586366843	1850	59.37493480837116	0.0	938587	4273.117881653986	1.85
128035.87920664242	1850	59.08159183438151	0.0	908665	4293.342973989643	1.85
128040.58081918574	1850	58.3799792910621	0.0	930577	4701.612543319419	1.85
128043.8722114003	1200	59.088587076491	0.0	566904	3291.3922145710976	0.5499999999999999
128047.10566433832	1200	59.85513413847138	0.0	641452	3233.452938019615	1.2
128050.25411879689	1200	59.72992996440206	0.0	599477	2625.2041740693235	1.2
128053.71564324424	1200	59.950792882970056	0.0	634861	3279.137081432005	1.2
128057.55920714929	1200	59.55570461341306	0.0	630203	3395.0882695569853	1.2
128062.27766897855	1850	58.83724278413568	0.0	982064	4718.461829277383	1.2000000000000002
128068.47641022012	2850	56.63850154257602	0.0	1231456	6198.741241559659	1.85
128075.01108422937	2850	54.10382753332633	0.0	1364537	6534.674009249695	2.85
128076.60496343706	750	56.50994832563853	0.0	450283	1593.8792076877978	0.75
128078.67486278659	1200	58.44004897609567	0.0	611087	2069.8993495428685	0.75
128082.40854541108	1200	58.70636635161275	0.0	571051	3733.682624482923	1.2
128086.22446336469	1200	58.89044839799774	0.0	617681	3815.917953615015	1.2
128089.34822262672	1200	59.76668913597395	0.0	652874	2623.759262023789	1.2
128093.28338696447	1200	59.57235252355073	0.0	520315	3194.336612423218	1.2
128097.17022334982	1200	59.685516138192185	0.0	561791	3886.8363853585374	1.2
128102.36505337471	1200	58.49068611330791	0.0	709534	5194.830024884279	1.2
128105.8232286827	1200	59.03251080532079	0.0	584846	3458.175307987121	1.2
128108.90184343752	1200	59.953896050495935	0.0	560821	3078.6147548248528	1.2
128113.283237313	1200	59.572502175035176	0.0	607410	3881.3938754607616	1.2
128116.95159220879	1200	59.838163764063424	0.0	594078	3234.338410971753	1.2
128120.96199944036	1200	59.739968390692276	0.0	624282	3598.1953733711493	1.2
128124.54959090691	1200	59.5867785865141	0.0	687371	3153.189804178173	1.2
128126.48292269254	1200	59.7118135248924	0.0	526950	1874.965061621699	1.2
128129.66833380802	1200	59.813791329155286	0.0	587876	2398.022195737116	1.2
128132.43760578324	1200	59.87784980140895	0.0	617242	2435.941527746332	1.2
128135.5612173095	1200	59.677709262020365	0.0	581493	2700.140539388587	1.2
128140.11953564192	1850	59.11939092959744	0.0	987708	4558.318332422922	1.2000000000000002
128144.70288209361	1850	58.5360444779101	0.0	923755	4583.346451687337	1.85
128148.74087468149	1850	58.49805189003489	0.0	891604	4037.9925878752197	1.85
128151.56365567243	1200	59.67527089908941	0.0	616206	2322.7809909454754	0.5499999999999999
128154.61549184525	1200	59.947307487577156	0.0	656471	2727.963411512255	1.2
128156.86417784335	1200	59.87440086918515	0.0	536667	2072.9066183920095	1.2
128160.01610894644	1200	59.57682500749021	0.0	587236	2797.575861694942	1.2
128162.48845090545	1200	59.71783164867892	0.0	590335	2358.993358811291	1.2
128166.51610607175	1200	59.69017648238501	0.0	696376	3027.655166293911	1.2
128170.31690991388	1200	59.88937264025379	0.0	487160	3800.8038421312203	1.2
128172.07016958545	1200	59.52814660878803	0.0	622896	1361.226031465765	1.2
128175.6460691409	1200	59.95224705333915	0.0	641447	3575.8995554488733	1.2
128179.77003036848	1200	59.75423303732352	0.0	570392	3198.0140160156307	1.2
128183.67884428392	1200	59.8454191218737	0.0	620283	3408.813915449827	1.2
128187.85108145289	1200	59.50618110090061	0.0	584349	3339.2380209730804	1.2
128191.11723979325	1200	59.680101504711864	0.0	670129	2826.079596188746	1.2
128194.82754495625	1200	59.969796341714115	0.0	690253	3710.3051629977467	1.2
128198.11183563419	1200	59.89834295633439	0.0	598727	2571.453385379726	1.2
128200.85706770861	1200	59.58114556539947	0.0	487812	1817.1973909349258	1.2
128204.11926774302	1200	59.75906288993894	0.0	575591	2822.0826754605223	1.2
128207.97869057742	1200	59.74441015221757	0.0	605884	3514.6527377213743	1.2
128212.02846487309	1200	59.556408052719924	0.0	587506	3688.002099497646	1.2
128216.57083306437	1200	59.01403986145516	0.0	566904	4542.368191264769	1.2
128221.46222538667	1200	58.12264753915508	0.0	641452	4891.392322300074	1.2
128229.58626840956	1200	53.99860451624986	0.0	599477	8124.043022905223	1.2
128239.92194108816	750	47.66293183763871	0.0	438281	10335.672678611152	0.3
128243.65684350803	750	47.92802941779512	0.0	398987	3734.9024198435845	0.75
128247.83877279286	750	47.746100132952655	0.0	393804	4181.9292848424675	0.75
128251.21234959786	750	48.37252332796346	0.0	331053	3373.5768049892017	0.75
128259.52209790504	1850	44.06277502078568	0.0	846370	8309.748307177775	0.75
128264.66181517765	750	42.92305774817758	0.0	450283	5139.717272608105	0.75
128266.9521385486	750	44.63273437723354	0.0	398865	2290.323370944042	0.75
128268.55569206286	750	47.029180862970534	0.0	350812	1603.5535142630044	0.75
128270.10830073468	750	49.476572191163186	0.0	382355	1552.6086718073495	0.75
128271.76943403938	750	51.81543888644776	0.0	411561	1661.1333047154285	0.75
128272.85291537398	750	54.731957551849334	0.0	318564	1083.4813345984226	0.75
128274.55711867179	1200	57.02775425404007	0.0	561791	1704.2032978092657	0.75
128276.66505225899	1200	58.91982066682745	0.0	709534	2107.9335872126185	1.2
128278.48934753788	1200	59.77135281841704	0.0	584846	1648.467848410411	1.2
128281.80351675827	1850	59.87618192344694	0.0	913888	2395.170894970099	1.2000000000000002
128284.51922173683	1850	59.89782859688807	0.0	939819	1978.3533265588796	1.85
128287.45195569468	1850	59.7256374439707	0.0	917428	2172.191152917366	1.85
128290.26667652058	1850	59.86854843347311	0.0	946851	1857.0890104975888	1.85
128293.51325290202	1850	59.89907615046163	0.0	1036454	2469.4722830114783	1.85
128295.9934750551	1850	59.99801712313433	0.0	821631	1901.059027327299	1.85
128298.27821094819	1850	59.79973073946688	0.0	923170	1698.286383667453	1.85
128300.60349212398	1850	59.79531490629531	0.0	966699	2004.415833171571	1.85
128302.89651275089	1850	59.66923726414175	0.0	885714	2126.077642153561	1.85
128305.67045563583	1850	59.975737314042256	0.0	987708	2193.499950099486	1.85
128308.23801078157	1850	59.89168120859454	0.0	923755	2084.0561054477153	1.85
128310.8590565016	1850	59.90790786872281	0.0	891604	2483.773339871734	1.85
128315.36262280672	1850	59.40434156361904	0.0	955231	4503.566305103768	1.85
128317.43191769863	1850	59.95011346029381	0.0	968026	1954.2281033252384	1.85
128320.84181220707	1850	59.923199600376854	0.0	874175	2526.91385991695	1.85
128324.01552240312	1850	59.71733482660701	0.0	897976	2205.86477376984	1.85
128327.09166159596	1850	59.618187941334895	0.0	905935	2099.1468852721164	1.85
128330.96379130127	1850	59.7460582360299	0.0	1076599	2372.1297053049966	1.85
128332.70833502966	1850	59.92834737826244	0.0	758197	1317.7108577674658	1.85
128335.98167377207	1850	59.79509444237195	0.0	972798	3133.2529358904885	1.85
128339.8582075523	1850	59.91856066213276	0.0	975811	3376.533780239188	1.85
128347.06264454698	1850	56.71412366744091	0.0	873429	7204.436994691852	1.85
128356.30442158201	1850	51.47234663241483	0.0	954453	9241.77703502608	1.85
128361.23795956088	1850	50.53880865354277	0.0	885062	4933.537978872062	1.85
128364.37932991056	1200	51.3974383038736	0.0	670129	3141.370349669176	0.5499999999999999
128366.935916486	1200	52.84085172842304	0.0	690253	2556.5865754505576	1.2
128368.82199924438	1200	54.954768970054054	0.0	598727	1886.0827583689854	1.2
128370.18453584565	1200	57.59223236878554	0.0	487812	1362.5366012685183	1.2
128372.55876954837	1200	59.2179986660648	0.0	575591	2374.2337027207423	1.2
128374.8215074939	1200	59.6797204847113	0.0	605884	2038.2781813535041	1.2
128378.54265706663	1200	59.88137558044377	0.0	587506	1798.3449042675209	1.2
128380.16120164358	1200	59.95800562618994	0.0	566904	923.3699542538398	1.2
128384.5300439998	1850	59.589163269989584	0.0	1025005	4368.842356200348	1.2000000000000002
128388.96380986267	1850	59.15539740710913	0.0	886255	4433.765862880456	1.85
128393.0311058605	1850	59.08810140928676	0.0	973972	4067.295997822377	1.85
128397.20575544101	1850	58.913451828779024	0.0	958994	4174.649580507725	1.85
128403.1141441791	1850	57.0050630906957	0.0	982064	5908.388738083327	1.85
128418.40147311961	2850	45.71773415018217	0.0	1231456	15287.328940513533	1.85
128442.53278678027	2850	25.58642048952085	0.0	1364537	24131.313660661315	2.85

