147595.78279677776	750	4.0	2.0056947420318303	450283	2005.6947420318304	-7.874487390736871
147597.20495871123	300	6.577838066527234	0.0	155580	1422.1619334727661	-0.15000000000000002
147598.47815091614	300	9.304645861629531	0.0	139857	1273.192204897704	0.3
147599.774309416	300	12.008487361760013	0.0	155432	1296.1584998695178	0.3
147601.39754265326	300	14.385254124506286	0.0	163442	1623.2332372537276	0.3
147602.64606513182	300	17.136731645954175	0.0	126289	1248.5224785521095	0.3
147604.1061560599	300	19.67664071787238	0.0	153295	1460.0909280817925	0.3
147605.49479346015	300	22.28800331759957	0.0	173849	1388.6374002728135	0.3
147606.72727030952	300	25.05552646823848	0.0	150710	1232.4768493610895	0.3
147608.08414367313	300	27.698653104618778	0.0	139105	1356.873363619702	0.3
147609.35714472283	300	30.4256520549129	0.0	141840	1273.001049705879	0.3
147610.69271467414	300	33.090082103597055	0.0	156148	1335.5699513158438	0.3
147612.39991227732	300	35.3828845004447	0.0	160746	1707.1976031523513	0.3
147615.95891571292	750	35.8238810648392	0.0	434409	3559.003435605515	0.3
147618.91206596157	750	36.870730816202034	0.0	337059	2953.1502486371646	0.75
147622.13720233442	750	37.64559444337175	0.0	366214	3225.1363728302854	0.75
147625.5641190205	750	38.21867775729468	0.0	360831	3426.916686077068	0.75
147628.93643959874	750	38.8463571790434	0.0	372963	3372.320578251282	0.75
147632.32570955297	750	39.4570872248055	0.0	405596	3389.269954237907	0.75
147634.89057122706	750	40.89222555071531	0.0	350713	2564.8616740901834	0.75
147637.39001398277	750	42.3927827950091	0.0	386472	2499.442755706217	0.75
147640.19536333217	750	43.587433445597036	0.0	399894	2805.3493494120567	0.75
147643.04421631357	750	44.73858046421319	0.0	401853	2848.852981383844	0.75
147645.85092543278	750	45.931871345010954	0.0	343800	2806.709119202237	0.75
147648.4228816166	750	47.35991516119006	0.0	359903	2571.956183820897	0.75
147651.96632380175	750	47.81647297602941	0.0	379700	3543.4421851606503	0.75
147655.19581671443	750	48.58698006336122	0.0	425781	3229.492912668188	0.75
147657.24189433138	750	50.54090244638817	0.0	277716	2046.0776169730486	0.75
147660.0128880794	750	51.76990869838516	0.0	400396	2770.9937480030103	0.75
147662.8776568299	750	52.905139947888145	0.0	400508	2864.7687504970177	0.75
147665.52658158477	750	54.25621519298883	0.0	358218	2648.924754899305	0.75
147669.51541373393	750	54.2673830438305	0.0	400322	3988.832149158334	0.75
147672.70728062748	750	55.075516150281835	0.0	369834	3191.8668935486667	0.75
147676.02637911146	750	55.75641766628907	0.0	412837	3319.0984839927664	0.75
147679.21028337415	750	56.57251340359712	0.0	401088	3183.904262691948	0.75
147682.5760516856	750	57.20674509216084	0.0	365161	3365.768311436282	0.75
147686.10372692868	750	57.67906984907927	0.0	321064	3527.6752430815677	0.75
147691.97029533467	750	55.8125014430922	0.0	361565	5866.568405987069	0.75
147697.6860035649	750	54.096793212853456	0.0	378327	5715.708230238749	0.75
147701.48939975695	750	54.29339702079479	0.0	390680	3803.3961920586617	0.75
147706.588680755	750	53.19411602274058	0.0	345516	5099.280998054214	0.75
147710.70281644948	750	53.079980328228025	0.0	384505	4114.135694512549	0.75
147714.89656496682	750	52.886231810888546	0.0	372093	4193.748517339484	0.75
147719.45340572804	750	52.32939104966541	0.0	438281	4556.84076122313	0.75
147722.5865840197	750	53.19621275797662	0.0	398987	3133.1782916887973	0.75
147725.1569639101	750	54.62583286758893	0.0	393804	2570.3798903876836	0.75
147731.8977986887	1850	51.88499808898431	0.0	830730	6740.834778604621	0.75
147741.97894196477	2850	45.80385481290477	0.0	1364537	10081.143276079541	1.85
147747.56226645477	750	44.22053032291838	0.0	450283	5583.324489986396	0.75
147755.00266169786	750	40.78013507981015	0.0	398865	7440.395243108229	0.75
147761.52955380987	750	38.25324296779248	0.0	350812	6526.892112017671	0.75
147768.45789641223	750	35.32490036545083	0.0	382355	6928.3426023416505	0.75
147771.63206222726	300	36.150734550410675	0.0	163442	3174.1658150401513	-0.15000000000000002
147774.56173045354	300	37.2210663240994	0.0	126289	2929.6682263112803	0.3
147777.42541319676	300	38.35738358089085	0.0	153295	2863.68274320855	0.3
147780.60972120665	300	39.1730755710048	0.0	173849	3184.3080098860464	0.3
147783.12974396517	300	40.653052812493435	0.0	150710	2520.022758511366	0.3
147785.95141147217	300	41.831385305513116	0.0	139105	2821.667506980317	0.3
147789.18867405868	300	42.59412271899823	0.0	141840	3237.262586514886	0.3
147792.80977137713	300	42.973025400553986	0.0	156148	3621.0973184442514	0.3
147796.22731551251	300	43.555481265148494	0.0	160746	3417.5441354054888	0.3
147799.21806087103	300	44.56473590661488	0.0	179801	2990.745358533617	0.3
147801.94994450215	300	45.83285227550082	0.0	140051	2731.8836311140603	0.3
147804.45455618092	300	47.328240596728214	0.0	138313	2504.611678772597	0.3
147807.64374489925	300	48.139051878398924	0.0	143509	3189.1887183292915	0.3
147810.0416911421	300	49.74110563554155	0.0	150616	2397.946242857378	0.3
147812.26109139892	300	51.52170537873046	0.0	165384	2219.4002568110873	0.3
147814.00954086907	300	53.77325590860336	0.0	140881	1748.4494701271049	0.3
147816.1396971897	300	55.643099587951376	0.0	157671	2130.156320651979	0.3
147817.97944765678	300	57.80334912089601	0.0	157812	1839.7504670553674	0.3
147819.94708084434	300	59.83571593334065	0.0	163927	1967.6331875553558	0.3
147822.28295976185	300	59.64026587893227	0.0	137654	1695.450054408389	0.3
147825.0123754164	300	59.686272483218026	0.0	146754	2453.993395714243	0.3
147831.3582903063	750	57.34035759332305	0.0	379700	6345.914889894978	0.3
147838.31792363696	750	54.380724262650574	0.0	425781	6959.633330672469	0.75
147840.96583772363	750	55.73281017597768	0.0	277716	2647.9140866728926	0.75
147844.69876162006	750	55.9998862795537	0.0	400396	3732.9238964239844	0.75
147848.11790049673	750	56.58074740291926	0.0	400508	3419.138876634441	0.75
147850.79080457706	750	57.90784332259973	0.0	358218	2672.9040803195303	0.75
147853.7457937823	750	58.952854117351	0.0	400322	2954.9892052487235	0.75
147856.7832589548	750	59.73904184344218	0.0	369834	2713.812273908819	0.75
147859.78797387728	750	59.83901083148953	0.0	412837	2900.0310119526494	0.75
147863.80619257985	750	59.82079212890463	0.0	401088	4018.218702584902	0.75
147868.98646648967	750	58.640518219102056	0.0	365161	5180.273909802573	0.75
147877.08914462407	750	54.53784008468583	0.0	321064	8102.678134416221	0.75
147886.33484176552	750	49.292142943241984	0.0	361565	9245.697141443856	0.75
147890.31446051213	300	49.31252419662763	0.0	144254	3979.618746614354	-0.15000000000000002
147892.57907494536	300	51.04790976339462	0.0	149991	2264.6144332330114	0.3
147894.43527030383	300	53.191714404921775	0.0	147968	1856.1953584728496	0.3
147896.13342147495	300	55.49356323379644	0.0	161857	1698.151171125335	0.3
147898.06694982498	300	57.56003488375673	0.0	145210	1933.5283500397113	0.3
147900.59326233153	300	59.033722377202395	0.0	172312	2526.3125065543386	0.3
147905.12155771308	750	58.50542699565256	0.0	398987	4528.295381549835	0.3
147908.600468736	750	59.02651597274761	0.0	393804	3478.9110229049465	0.75
147914.25470200813	1200	57.37228270059955	0.0	538612	5654.233272148061	0.75
147945.7635206718	2850	29.863464036902315	0.0	1364537	31508.818663697235	1.2000000000000002
147956.62937300335	750	22.997611705343118	0.0	450283	10865.852331559196	0.75
147959.9777372126	300	23.649247496116352	0.0	155580	3348.364209226767	-0.15000000000000002
147965.8979021983	300	21.729082510414322	0.0	139857	5920.164985702031	0.3
147969.66404859992	300	21.962936108803802	0.0	155432	3766.146401610519	0.3
147975.57658389633	300	20.05040081238644	0.0	163442	5912.535296417363	0.3
147979.44833262722	300	20.17865208153202	0.0	126289	3871.7487308544178	0.3
147984.1719601366	300	19.455024572159928	0.0	153295	4723.627509372092	0.3
147991.63023197133	300	15.996752737435989	0.0	173849	7458.271834723939	0.3
147995.4830447861	300	16.143939922670796	0.0	150710	3852.812814765193	0.3
147998.72510474254	300	16.90187996622472	0.0	139105	3242.0599564460767	0.3
148003.6611603908	300	15.965824317958804	0.0	141840	4936.055648265914	0.3
148006.5428882721	300	17.08409643667176	0.0	156148	2881.7278812870454	0.3
148010.45169231092	300	17.175292397818165	0.0	160746	3908.804038853598	0.3
148018.57191747005	300	13.055067238705504	0.0	179801	8120.225159112661	0.3
148022.74064724977	300	12.88633745897209	0.0	140051	4168.729779733414	0.3
148026.72412457268	300	12.90286013605787	0.0	138313	3983.47732291422	0.3
148033.23454066733	300	10.392444041384831	0.0	143509	6510.416094673038	0.3
148040.00613442514	300	7.620850283590525	0.0	150616	6771.593757794306	0.3
148043.77131530485	300	7.855669403876351	0.0	165384	3765.1808797141753	0.3
148049.1390661848	300	6.487918523896672	0.0	140881	5367.750879979679	0.3
148055.1654247571	300	4.461559951584632	0.0	157671	6026.35857231204	0.3
148065.69007548603	300	4.0	6.063090777324019	157812	10524.650728908651	-25.77129034249328
148071.27967301768	300	4.0	1.5895975316411732	163927	5589.597531641173	-6.5352693860570445
148073.13054561155	300	6.1491274061067225	0.0	137654	1850.8725938932776	0.3
148074.48330068824	300	8.79637232942543	0.0	146754	1352.7550766812928	0.3
148076.04234450785	300	11.237328509808288	0.0	153938	1559.0438196171435	0.3
148077.70344973015	300	13.576223287495845	0.0	181901	1661.1052223124418	0.3
148078.6656278004	300	16.614045217253288	0.0	111155	962.1780702425575	0.3
148080.19537476107	300	19.084298256574044	0.0	153605	1529.746960679242	0.3
148081.63351233953	300	21.646160678114303	0.0	149029	1438.1375784597444	0.3
148083.05088427526	300	24.228788742399292	0.0	157421	1417.37193571501	0.3
148084.31849790976	300	26.961175107910417	0.0	157488	1267.6136344888732	0.3
148085.5410790083	300	29.738594009365666	0.0	143881	1222.5810985447492	0.3
148087.14143338002	300	32.13823963767933	0.0	163444	1600.354371686342	0.3
148088.83399968228	300	34.4456733354053	0.0	179328	1692.566302274031	0.3
148090.50802640326	300	36.77164661444315	0.0	159914	1674.0267209621552	0.3
148091.6673885345	300	39.61228448320148	0.0	131610	1159.36213124167	0.3
148092.72798343276	300	42.55168958493243	0.0	124011	1060.5948982690395	0.3
148093.94244472045	300	45.33722829726599	0.0	144254	1214.461287666448	0.3
148095.1850432771	300	48.09462974060496	0.0	149991	1242.598556661032	0.3
148096.4713371969	300	50.80833582079286	0.0	147968	1286.2939198120978	0.3
148099.4918064783	750	51.787866539407375	0.0	384505	3020.469281385489	0.3
148102.053369688	750	53.22630332971105	0.0	372093	2561.5632096963213	0.75
148109.06933752165	750	50.21033549605065	0.0	438281	7015.967833660402	0.75
148111.9071616281	750	51.37251138960248	0.0	398987	2837.8241064481713	0.75
148116.84184496995	1200	50.43782804773079	0.0	638661	4934.683341871686	0.75
148123.38676966573	1850	47.89290335198066	0.0	830730	6544.924695750135	1.2000000000000002
148136.7725781844	2850	38.507094833317275	0.0	1364537	13385.808518663376	1.85
148139.99474290985	750	39.28493010784975	0.0	450283	3222.1647254675295	0.75
148143.15462230632	750	40.12505071138981	0.0	398865	3159.8793964599367	0.75
148145.75532847596	750	41.52434454176129	0.0	350812	2600.7061696285205	0.75
148148.2954299176	750	42.98424310011992	0.0	382355	2540.10144164137	0.75
148151.17684434392	750	44.102828673800175	0.0	411561	2881.4144263197477	0.75
148153.56723745127	750	45.71243556646704	0.0	318564	2390.393107333133	0.75
148156.24485284492	750	47.03482017280305	0.0	352642	2677.6153936639907	0.75
148160.06592589352	750	47.21374712420854	0.0	437162	3821.073048594518	0.75
148164.36452468013	750	46.91514833758832	0.0	374758	4298.5987866202195	0.75
148167.56225913102	750	47.71741388671532	0.0	362795	3197.734450872998	0.75
148171.167087525	750	48.11258549273022	0.0	353220	3604.8283939851053	0.75
148174.81800656824	750	48.46166644949609	0.0	405134	3650.9190432341256	0.75
148177.87029621165	750	49.40937680609668	0.0	386351	3052.2896433994133	0.75
148182.66900842814	750	48.610664589605015	0.0	434409	4798.712216491668	0.75
148185.64577603727	750	49.633896980483186	0.0	337059	2976.767609121828	0.75
148188.75096669892	750	50.52870631883765	0.0	366214	3105.1906616455353	0.75
148193.4389659055	750	49.8407071122574	0.0	360831	4687.999206580247	0.75
148197.2496062663	750	50.03006675144202	0.0	372963	3810.6403608153782	0.75
148202.57400562864	750	48.70566738907527	0.0	405596	5324.399362366749	0.75
148206.7800570884	750	48.49961592931961	0.0	350713	4206.051459755662	0.75
148208.36340972327	300	50.91626329443331	0.0	157671	1583.3526348863	-0.15000000000000002
148209.83436200663	300	53.44531101108662	0.0	157812	1470.952283346682	0.3
148211.24883053565	300	56.03084248206067	0.0	163927	1414.4685290259606	0.3
148212.8647388953	300	58.41493412240496	0.0	137654	1615.908359655708	0.3
148215.3497927062	300	59.52713168126548	0.0	146754	1887.8024411394815	0.3
148220.48305304648	300	58.39387134097285	0.0	153938	5133.260340292622	0.3
148224.02591788946	300	58.85100649799545	0.0	181901	3542.864842977404	0.3
148225.92639871978	300	59.78195435934586	0.0	111155	1569.0521386495866	0.3
148227.55422955265	300	59.50925328872932	0.0	153605	1272.7010706165415	0.3
148230.16503013324	300	59.99141787956692	0.0	149029	1017.8354091624046	0.3
148232.4800687541	300	59.925381154852495	0.0	157421	1566.0367247144204	0.3
148236.53574909232	300	59.8697008166551	0.0	157488	4055.6803381974055	0.3
148240.20805996403	300	59.86588649797665	0.0	143881	3503.8143186784428	0.3
148243.9710870607	300	59.71862122616049	0.0	163444	3647.26527181616	0.3
148246.59207673662	300	59.846007300607255	0.0	179328	1872.6139255532325	0.3
148249.68402979913	300	59.51921864455188	0.0	159914	2326.78865605538	0.3
148251.08890193552	300	59.50436477959257	0.0	131610	1014.8538649593022	0.3
148252.32976107614	300	59.51894434498553	0.0	124011	985.4204346070441	0.3
148255.36987781164	300	59.74660533023248	0.0	144254	2272.3390147530445	0.3
148258.83467945136	300	59.55859337074391	0.0	149991	2688.011959488573	0.3
148262.71211091353	300	59.68116190857198	0.0	147968	3877.431462171924	0.3
148266.39879758243	300	59.78442914534373	0.0	161857	2896.7327632282486	0.3
148269.4351985578	300	59.72670561047778	0.0	145210	2557.7235348659497	0.3
148273.00787491028	300	59.53470615448671	0.0	172312	3191.9994559910688	0.3
148276.9865982814	300	59.55598278339523	0.0	167025	3978.7233710914775	0.3
148279.140020217	300	59.98847194937721	0.0	160064	1567.5108340180216	0.3
148282.43084098533	750	59.52651711602434	0.0	331053	2461.9548333528764	0.3
148295.43804140904	2850	50.51931669232089	0.0	1364537	13007.200423703438	0.75
148299.2213747168	750	50.735983384547204	0.0	450283	3783.333307773693	0.75
148303.07172568058	750	50.88563242076656	0.0	398865	3850.3509637806387	0.75
148306.5848343302	750	51.372523771154604	0.0	350812	3513.1086496119538	0.75
148309.83837612785	750	52.11898197350463	0.0	382355	3253.5417976499734	0.75
148312.81336749435	750	53.143990607000056	0.0	411561	2974.9913665045724	0.75
148315.34325999912	750	54.6140981022223	0.0	318564	2529.892504777761	0.75
148318.7019019226	750	55.255456178728	0.0	352642	3358.641923494304	0.75
148321.90938313128	750	56.047974970086436	0.0	437162	3207.481208641566	0.75
148325.04685925844	750	56.91049884290596	0.0	374758	3137.4761271804755	0.75
148327.9156616399	750	58.041696461435464	0.0	362795	2868.8023814704925	0.75
148330.50950075104	750	59.44785735029104	0.0	353220	2593.839111144428	0.75
148333.39777664354	750	59.76698225439389	0.0	405134	2680.8750958971536	0.75
148336.452319132	750	59.87391140847393	0.0	386351	2393.07084591996	0.75
148340.23813489007	750	59.716739350686424	0.0	434409	3157.1720577875035	0.75
148343.04054058925	750	59.7998583512572	0.0	337059	2416.8809994292255	0.75
148346.0105839763	750	59.947099007590936	0.0	366214	2852.7593436662673	0.75
148350.04799039016	750	59.909692593746904	0.0	360831	3037.406413844033	0.75
148353.43461874747	750	59.6997236437134	0.0	372963	2709.9689500335044	0.75
148357.42179690726	750	59.71254548391825	0.0	405596	3987.1781597951513	0.75
148361.2259962827	750	59.637364579741686	0.0	350713	3575.180904176565	0.75
148371.2972802357	750	53.566080626739115	0.0	386472	10071.283953002569	0.75
148377.70437507582	750	51.15898578662331	0.0	399894	6407.094840115804	0.75
148382.2034149362	750	50.659945926233114	0.0	401853	4499.0398603902	0.75
148391.6786212723	750	45.184739590154926	0.0	343800	9475.20633607819	0.75
148395.617820065	300	45.24554079745887	0.0	146754	3939.1987926960505	-0.15000000000000002
148398.53966124842	300	46.32369961403247	0.0	153938	2921.8411834264075	0.3
148402.4478708171	300	46.415490045354105	0.0	181901	3908.2095686783614	0.3
148408.23829171647	300	44.62506914599541	0.0	111155	5790.4208993586935	0.3
148412.07738313125	300	44.78597773117778	0.0	153605	3839.0914148176316	0.3
148415.22342468385	300	45.63993617861301	0.0	149029	3146.0415525647672	0.3
148421.08335505033	300	43.78000581211494	0.0	157421	5859.930366498069	0.3
148428.6595688184	300	40.20379204404062	0.0	157488	7576.213768074325	0.3
148434.78298387642	300	38.08037698603529	0.0	143881	6123.415058005324	0.3
148443.32887696315	300	33.5344838993182	0.0	163444	8545.893086717095	0.3
148448.54008031488	300	32.32328054759293	0.0	179328	5211.203351725267	0.3
148450.9601579519	300	33.9032029105684	0.0	159914	2420.077637024522	0.3
148452.48274368708	300	36.380617175362566	0.0	131610	1522.5857352058388	0.3
148453.6805423655	300	39.18281849695323	0.0	124011	1197.798678409339	0.3
148456.0170853472	300	40.846275515235064	0.0	144254	2336.542981718164	0.3
148459.39488796188	300	41.46847290055961	0.0	149991	3377.8026146754582	0.3
148461.26386581527	300	43.59949504716846	0.0	147968	1868.9778533911547	0.3
148462.52717717146	300	46.336183690994055	0.0	161857	1263.3113561744012	0.3
148463.54320362495	300	49.320157237513065	0.0	145210	1016.0264534809919	0.3
148465.08506351162	300	51.778297350860086	0.0	172312	1541.8598866529755	0.3
148468.55969325334	750	52.303667609136205	0.0	398987	3474.629741723881	0.3
148474.35159277046	1200	50.511768092006385	0.0	638661	5791.8995171298175	0.75
148485.9340584495	1850	42.92930241295458	0.0	830730	11582.465679051813	1.2000000000000002
148507.74884189834	2850	25.11451896411437	0.0	1364537	21814.783448840204	1.85
148514.12207809865	750	22.741282763816145	0.0	450283	6373.236200298225	0.75
148515.15551672556	300	25.70784413691545	0.0	155580	1033.4386269006927	-0.15000000000000002
148516.14306330454	300	28.720297557945972	0.0	139857	987.5465789694798	0.3
148517.36942198343	300	31.493938879078534	0.0	155432	1226.3586788674377	0.3
148519.8274217806	750	33.035939081927985	0.0	411561	2457.9997971505477	0.3
148522.1630115917	750	34.700349270822336	0.0	318564	2335.5898111056545	0.75
148524.39249181474	750	36.47086904780371	0.0	352642	2229.480223018625	0.75
148528.44848720008	750	36.41487366246885	0.0	437162	4055.995385334863	0.75
148534.2449952284	750	34.618365634173166	0.0	374758	5796.508028295673	0.75
148536.50078298306	750	36.36257787949462	0.0	362795	2255.7877546785444	0.75
148538.65080704074	750	38.21255382180138	0.0	353220	2150.024057693251	0.75
148540.74463997115	750	40.11872089142512	0.0	405134	2093.8329303762566	0.75
148542.77850482002	750	42.08485604252892	0.0	386351	2033.8648488961967	0.75
148545.76727205951	750	43.096088803056006	0.0	434409	2988.76723947291	0.75
148548.3495551362	750	44.51380572633829	0.0	337059	2582.2830767177247	0.75
148550.5489370639	750	46.314423798637584	0.0	366214	2199.3819277007024	0.75
148553.28294329616	750	47.58041756636393	0.0	360831	2734.0062322736558	0.75
148555.52516729373	750	49.338193568813566	0.0	372963	2242.223997550363	0.75
148558.26794977396	750	50.59541108857719	0.0	405596	2742.782480236378	0.75
148560.297881615	750	52.56547924753312	0.0	350713	2029.931841044072	0.75
148562.57361191802	750	54.289748944513455	0.0	386472	2275.73030301966	0.75
148565.70197301696	750	55.16138784560366	0.0	399894	3128.361098909791	0.75
148575.61265308637	750	49.25070777618839	0.0	401853	9910.680069415268	0.75
148580.2762319113	750	48.587128951259395	0.0	343800	4663.578824928998	0.75
148585.820813422	750	47.04254744055492	0.0	359903	5544.5815107044755	0.75
148590.9081677789	750	45.955193083663595	0.0	379700	5087.354356891323	0.75
148594.97574857651	750	45.88761228601955	0.0	425781	4067.5807976440447	0.75
148596.68788120055	750	48.17547966200344	0.0	277716	1712.1326240161045	0.75
148599.77978647774	750	49.0835743848212	0.0	400396	3091.9052771822394	0.75
148603.09703037678	750	49.766330485765124	0.0	400508	3317.2438990560745	0.75
148607.0349106646	750	49.82845019797128	0.0	358218	3937.880287793841	0.75
148611.69508198637	750	49.16827887620349	0.0	400322	4660.171321767792	0.75
148617.5464574767	750	47.31690338587451	0.0	369834	5851.375490328978	0.75
148622.4369234589	750	46.42643740367077	0.0	412837	4890.46598220374	0.75
148626.62029422738	750	46.24306663518078	0.0	401088	4183.370768489984	0.75
148630.3621051537	750	46.50125570884894	0.0	365161	3741.8109263318483	0.75
148634.65290550087	750	46.21045536168918	0.0	321064	4290.800347159751	0.75
148638.0828817873	750	46.780479075246355	0.0	361565	3429.976286442825	0.75
148641.44974181667	750	47.41361904586484	0.0	378327	3366.8600293815116	0.75
148644.69641299118	750	48.16694787135358	0.0	390680	3246.671174511264	0.75
148647.87288851006	750	48.99047235247861	0.0	345516	3176.4755188749705	0.75
148651.12784821403	750	49.735512648493795	0.0	384505	3254.9597039848163	0.75
148654.53692555235	750	50.32643531014384	0.0	372093	3409.077338349944	0.75
148660.3878583374	750	48.47550252510099	0.0	438281	5850.932785042854	0.75
148665.41518728816	750	47.44817357432404	0.0	398987	5027.32895077696	0.75
148671.600826201	750	45.26253466149026	0.0	393804	6185.638912833774	0.75
148680.41406167022	1200	40.44929919226538	0.0	538612	8813.235469224875	0.75
148689.25716541082	1850	35.606195451653534	0.0	846370	8843.10374061185	1.2000000000000002
148693.95452866104	750	34.908832201434095	0.0	450283	4697.363250219441	0.75
148698.12746415305	750	34.73589670941999	0.0	398865	4172.9354920141	0.75
148701.41541887957	750	35.44794198291597	0.0	350812	3287.954726504017	0.75
148704.64483114114	750	36.21852972133553	0.0	382355	3229.4122615804445	0.75
148707.65460248545	750	37.20875837704548	0.0	411561	3009.7713442900467	0.75
148710.00683528435	750	38.85652557813394	0.0	318564	2352.2327989115383	0.75
148712.85818167627	750	40.005179186205176	0.0	352642	2851.346391928769	0.75
148716.69628875167	750	40.16707211081081	0.0	437162	3838.1070753943736	0.75
148720.60113681338	750	40.26222404909483	0.0	374758	3904.8480617159703	0.75
148724.51323427501	750	40.35012658745792	0.0	362795	3912.0974616369163	0.75
148727.2076205999	750	41.65574026256394	0.0	353220	2694.3863248939806	0.75
148730.1402933257	750	42.72306753677503	0.0	405134	2932.672725788909	0.75
148733.2424914762	750	43.62086938625522	0.0	386351	3102.1981505198037	0.75
148740.05389981053	750	40.80946105194748	0.0	434409	6811.408334307747	0.75
148742.88502075887	750	41.97834010360687	0.0	337059	2831.120948340614	0.75
148747.2133431266	750	41.650017735853616	0.0	366214	4328.322367753254	0.75
148749.8166827997	750	43.04667806279333	0.0	360831	2603.339673060281	0.75
148752.79157663495	750	44.0717842275499	0.0	372963	2974.8938352434334	0.75
148755.8004513014	750	45.06290956109049	0.0	405596	3008.874666459405	0.75
148758.27802633098	750	46.58533453151445	0.0	350713	2477.575029576047	0.75
148762.1962380056	750	46.667122856927264	0.0	386472	3918.2116745871854	0.75
148767.55937017838	750	45.303990684146875	0.0	399894	5363.132172780387	0.75
148771.7771524077	750	45.08620845482379	0.0	401853	4217.782229323086	0.75
148775.85352352908	750	45.00983733345098	0.0	343800	4076.371121372808	0.75
148781.55115759143	750	43.3122032711014	0.0	359903	5697.634062349577	0.75
148786.62469854072	750	42.23866232180227	0.0	379700	5073.540949299131	0.75
148792.21805620776	750	40.64530465476435	0.0	425781	5593.357667037916	0.75
148794.8117971584	750	42.05156370408723	0.0	277716	2593.740950677124	0.75
148799.8006916094	750	41.062669253134715	0.0	400396	4988.894450952515	0.75
148803.9797108187	750	40.88365004380639	0.0	400508	4179.019209328325	0.75
148808.77549690046	750	40.087863962040224	0.0	358218	4795.786081766161	0.75
148812.27688381248	750	40.58647705002833	0.0	400322	3501.386912011898	0.75
148815.64325007293	750	41.2201107895755	0.0	369834	3366.3662604528326	0.75
148820.39660804882	750	40.46675281367423	0.0	412837	4753.357975901261	0.75
148825.75510550832	750	39.10825535416377	0.0	401088	5358.497459510466	0.75
148829.9419519718	750	38.921408890693755	0.0	365161	4186.84646347001	0.75
148833.20520207245	750	39.65815879005963	0.0	321064	3263.2501006341267	0.75
148836.85721648304	750	40.006144379464835	0.0	361565	3652.014410594791	0.75
148841.03879834825	750	39.8245625142434	0.0	378327	4181.581865221437	0.75
148844.07336444425	750	40.789996418242474	0.0	390680	3034.566096000925	0.75
148847.92332372896	750	40.940037133546845	0.0	345516	3849.959284695627	0.75
148851.76165851773	750	41.101702344786595	0.0	384505	3838.334788760251	0.75
148857.95960227778	750	38.903758584731484	0.0	372093	6197.943760055108	0.75
148862.17640980825	750	38.68695105426473	0.0	438281	4216.80753046675	0.75
148866.8804141144	750	37.9829467481142	0.0	398987	4704.004306150537	0.75
148873.5581080578	750	35.30525280469063	0.0	393804	6677.69394342357	0.75
148877.8759245737	750	34.987436288792416	0.0	331053	4317.816515898214	0.75
148886.64007987428	1850	30.223280988209417	0.0	846370	8764.155300582996	0.75
148890.38531186755	750	30.47804899493957	0.0	450283	3745.231993269849	0.75
148894.12281684324	750	30.74054401923261	0.0	398865	3737.504975706962	0.75
148897.49287272422	750	31.37048813823841	0.0	350812	3370.0558809941967	0.75
148902.77860994014	750	30.08475092233989	0.0	382355	5285.7372158985245	0.75
148909.1911902237	750	27.672170638794665	0.0	411561	6412.580283545223	0.75
148912.6619006129	750	28.201460249592238	0.0	318564	3470.710389202427	0.75
148914.19359389864	300	30.66976696383835	0.0	153295	1531.6932857538893	-0.15000000000000002
148916.67240609886	300	32.190954763616034	0.0	173849	2478.8122002223126	0.3
148918.20398913993	300	34.65937172255569	0.0	150710	1531.5830410603426	0.3
148920.10650396385	300	36.75685689863899	0.0	139105	1902.5148239166972	0.3
148922.20682287586	300	38.65653798662625	0.0	141840	2100.318912012751	0.3
148923.6668167211	300	41.19654414140472	0.0	156148	1459.9938452215204	0.3
148924.9801627655	300	43.8831980969738	0.0	160746	1313.3460444309228	0.3
148926.27973370286	300	46.58362715960318	0.0	179801	1299.5709373706186	0.3
148927.36167034	300	49.5016905224833	0.0	140051	1081.9366371198776	0.3
148928.70372602495	300	52.15963483753303	0.0	138313	1342.0556849502761	0.3
148931.8776235675	750	52.985737295005606	0.0	360831	3173.897542527421	0.3
148935.66725027235	750	53.19611059014698	0.0	372963	3789.6267048586333	0.75
148938.73969768302	750	54.12366317951425	0.0	405596	3072.4474106327266	0.75
148941.1675648226	750	55.695796039941605	0.0	350713	2427.867139572649	0.75
148944.32414547005	750	56.539215392479846	0.0	386472	3156.5806474617557	0.75
148946.92856523287	750	57.93479562967288	0.0	399894	2604.419762806974	0.75
148948.6865205729	750	59.96911167032287	0.0	401853	1465.6839593500033	0.75

