1290.6837143905632	750	4.0	6.846109202827105	450283	6846.109202827105	-28.68826957215655
1292.7249920543313	300	5.958722336231715	0.0	155580	2041.2776637682844	-0.15000000000000002
1293.9661765446265	300	8.717537845936512	0.0	139857	1241.1844902952027	0.3
1294.8050870422928	300	11.878627348270129	0.0	155432	838.910497666384	0.3
1295.5257520697858	300	15.157962320777262	0.0	163442	720.6650274928664	0.3
1296.1040225878487	300	18.57969180271442	0.0	126289	578.2705180628435	0.3
1296.7956845974886	300	21.888029793074377	0.0	153295	691.6620096400438	0.3
1297.5910646595732	300	25.092649730989848	0.0	173849	795.3800620845286	0.3
1298.3966711044893	300	28.287043286073743	0.0	150710	805.6064449161069	0.3
1299.8899745060316	750	30.793739884531334	0.0	362795	1493.3034015424078	0.3
1302.271125623751	750	32.41258876681204	0.0	353220	2381.151117719288	0.75
1307.8504168478546	750	30.83329754270844	0.0	405134	5579.291224103608	0.75
1309.8977500635788	750	32.78596432698422	0.0	386351	2047.333215724221	0.75
1311.5276799534945	750	35.15603443706855	0.0	434409	1629.9298899156745	0.75
1312.725707423286	750	37.958006967277036	0.0	337059	1198.027469791515	0.75
1314.0722992955414	750	40.61141509502176	0.0	366214	1346.5918722552717	0.75
1315.3967419891171	750	43.28697240144593	0.0	360831	1324.44269357583	0.75
1316.9371758627228	750	45.74653852784034	0.0	372963	1540.4338736055897	0.75
1318.8885187606288	750	47.795195629934426	0.0	405596	1951.3428979059188	0.75
1321.3272446207752	1200	49.356469769788056	0.0	586839	2438.725860146371	0.75
1323.9610089563394	1200	50.72270543422377	0.0	601738	2633.7643355642867	1.2
1326.0305367663002	1200	52.653177624263066	0.0	616206	2069.5278099606994	1.2
1327.7728217481163	1200	54.91089264244704	0.0	656471	1742.2849818160264	1.2
1329.2578870131545	1200	57.42582737740869	0.0	536667	1485.06526503836	1.2
1331.6829638034228	1850	59.00075058714043	0.0	897976	2425.076790268256	1.2000000000000002
1335.1194963820299	1850	59.5642180085334	0.0	905935	3436.532578607024	1.85
1338.8292970388075	1850	59.854417351755785	0.0	1076599	3209.8006567776147	1.85
1341.620614289995	1850	59.7101046516976	0.0	758197	2144.3127000581867	1.85
1345.0200599251395	1850	59.783884109690085	0.0	972798	2926.220542007511	1.85
1348.1870070416496	1850	59.84152309800364	0.0	975811	2942.361011686442	1.85
1350.1697181403056	1850	59.66746060108744	0.0	873429	1674.0624969162038	1.85
1353.626252358019	1850	59.52401779310067	0.0	954453	3143.4428079867744	1.85
1357.2004452640572	1850	59.94982488706222	0.0	885062	3074.1929060384527	1.85
1360.508211161317	1850	59.64858409631483	0.0	1035329	3301.2407907473903	1.85
1364.367033067867	1850	59.6769356962959	0.0	1026056	2971.648400018927	1.85
1368.0828077374617	1850	59.67313511476401	0.0	943942	3003.800581531892	1.85
1371.422300559112	1850	59.78537574797042	0.0	728962	2887.759366793589	1.85
1375.471647997979	1850	59.666568755965315	0.0	938587	3618.8069920051057	1.85
1379.4553020061983	1850	59.594511975286665	0.0	908665	3572.0567806786494	1.85
1383.5676626708012	1850	59.48215131068379	0.0	930577	4112.360664602879	1.85
1387.2489020488636	1850	59.74401056772429	0.0	858450	2738.1407429594965	1.85
1391.1828195917687	1850	59.668601113823	0.0	1025005	3075.409453901289	1.85
1394.9924755430018	1850	59.85894516259023	0.0	886255	3309.655951232775	1.85
1399.5914828994958	1850	59.25993780609604	0.0	973972	4599.007356494191	1.85
1402.9688954876651	1850	59.882525217926805	0.0	958994	3377.4125881692275	1.85
1406.0677076225566	1850	59.57591114293124	0.0	982064	2806.614074995566	1.85
1411.4091759801536	4300	58.23444278533428	0.0	1961140	5341.468357596965	1.8499999999999996
1419.8072131508104	4300	53.836405614677275	0.0	2155012	8398.037170656997	4.3
1422.9174222639533	750	54.72619650153447	0.0	450283	3110.2091131428097	0.75
1426.3041372943305	1200	55.33948147115726	0.0	611087	3386.7150303772164	0.75
1429.5432813062675	1200	56.10033745922047	0.0	571051	3239.144011936786	1.2
1434.0031524244741	1200	55.6404663410137	0.0	617681	4459.871118206769	1.2
1437.849907976956	1200	55.793710788531754	0.0	652874	3846.755552481947	1.2
1443.7131183146332	1200	53.930500450854616	0.0	520315	5863.210337677136	1.2
1451.0991282354782	1200	50.54449053000962	0.0	561791	7386.009920845	1.2
1457.407338764161	750	48.236280001326755	0.0	437162	6308.210528682864	0.3
1462.3350359968886	750	47.308582768599365	0.0	374758	4927.69723272739	0.75
1465.932983441573	750	47.710635323914715	0.0	362795	3597.9474446846502	0.75
1471.6032787125234	750	46.04034005296442	0.0	353220	5670.295270950294	0.75
1475.3761302780845	750	46.267488487403284	0.0	405134	3772.851565561137	0.75
1480.6121825205169	750	45.03143624497091	0.0	386351	5236.0522424323735	0.75
1483.4669043238032	750	46.1767144416845	0.0	434409	2854.7218032864134	0.75
1485.2806470567332	750	48.362971708754415	0.0	337059	1813.7427329300906	0.75
1487.2594598946957	750	50.38415887079197	0.0	366214	1978.812837962443	0.75
1489.1145459209547	750	52.529072844533026	0.0	360831	1855.0860262589483	0.75
1493.4046572469424	750	52.2389615185455	0.0	372963	4290.111325987522	0.75
1495.015783603613	750	54.62783516187479	0.0	405596	1611.1263566707148	0.75
1496.4712879904503	750	57.172330775037736	0.0	350713	1455.5043868370547	0.75
1498.6724106567965	1200	58.97120810869124	0.0	601738	2201.1226663464895	0.75
1501.9807424575592	1200	59.662876307928514	0.0	616206	2808.3318007627277	1.2
1505.4377834332333	1200	59.57297226754078	0.0	656471	2589.9040403877393	1.2
1509.0281968994157	1850	59.91133400209276	0.0	874175	3161.638265448016	1.2000000000000002
1511.8492253454722	1850	59.919207379431796	0.0	897976	2492.12662266096	1.85
1514.7650904590048	1850	59.78522573436315	0.0	905935	2633.9816450686467	1.85
1523.197955342732	1850	55.35236085063578	0.0	1076599	8432.864883727365	1.85
1535.3280832656683	1850	47.22223292769958	0.0	758197	12130.127922936206	1.85
1542.3727756562214	1200	44.177540537146456	0.0	622896	7044.692390553123	0.5499999999999999
1549.5148312905403	1200	41.03548490282753	0.0	641447	7142.055634318931	1.2
1557.0045156564026	1200	37.54580053696529	0.0	570392	7489.684365862241	1.2

