151533.3390308157	750	4.0	3.894172653669693	450283	3894.172653669693	0.75	-15.994942410779679
151537.69754876976	750	4.0	0.35851795407135706	398865	4358.517954071357	0.75	-0.7916272025068354
151540.91781085066	750	4.779737919129931	0.0	350812	3220.2620808700685	0.75	0.75
151543.9780923147	750	5.719456455095266	0.0	382355	3060.2814640346664	0.75	0.75
151546.93366066652	750	6.7638881032608005	0.0	411561	2955.568351834465	0.75	0.75
151549.40872642168	750	8.288822348092065	0.0	318564	2475.0657551687354	0.75	0.75
151551.83066698175	750	9.866881788027541	0.0	352642	2421.940560064522	0.7	0.75
151554.91934414813	750	10.778204621658206	0.0	437162	3088.677166369336	0.7	0.75
151557.6866668566	750	12.010881913176442	0.0	374758	2767.3227084817618	0.7	0.75
151560.74663260384	750	12.950916165940445	0.0	362795	3059.965747235997	0.7	0.75
151563.34239621463	750	14.355152555173852	0.0	353220	2595.763610766594	0.7	0.75
151566.33427979096	750	15.363268978843081	0.0	405134	2991.8835763307707	0.7	0.75
151568.84335509478	750	16.85419367502979	0.0	386351	2509.075303813291	0.7	0.75
151573.18267546716	1200	16.514873302655108	0.0	687371	4339.32037237468	0.7	0.75
151577.0612486404	1200	16.636300129390698	0.0	526950	3878.5731732644126	0.7	1.2
151581.4868915176	1200	16.210657252215693	0.0	587876	4425.642877175002	0.7	1.2
151587.3550768365	1200	14.342471933291506	0.0	617242	5868.185318924188	0.7	1.2
151592.24638119014	1200	13.451167579642025	0.0	581493	4891.3043536494815	0.7	1.2
151599.224761247	1200	10.47278752278598	0.0	639204	6978.380056856044	0.7	1.2
151605.81811406362	1200	7.8794347061859895	0.0	586839	6593.352816599991	0.7	1.2
151609.05673170486	750	8.6408170649454	0.0	386472	3238.6176412405885	0.7	0.3
151612.35859475812	750	9.338954011687296	0.0	399894	3301.8630532581046	0.7	0.75
151615.74298124044	750	9.954567529350557	0.0	401853	3384.386482336738	0.7	0.75
151618.44657032134	750	11.250978448493075	0.0	343800	2703.589080857482	0.7	0.75
151621.41564487226	750	12.28190389754227	0.0	359903	2969.074550950805	0.7	0.75
151624.5893477096	750	13.108201060238828	0.0	379700	3173.70283730344	0.7	0.75
151628.1254402522	750	13.5721085176391	0.0	425781	3536.09254259973	0.7	0.75
151630.14269816023	750	15.554850609607726	0.0	277716	2017.2579080313744	0.7	0.75
151633.02833106034	750	16.669217709490802	0.0	400396	2885.632900116926	0.7	0.75
151638.03443506252	1200	15.663113707313027	0.0	641447	5006.104002177773	0.7	0.75
151643.04459487923	1200	14.652953890597342	0.0	570392	5010.159816715684	0.7	1.2
151648.44426026483	1200	13.253288504979139	0.0	620283	5399.665385618204	0.7	1.2
151652.3341100477	1200	13.363438722111882	0.0	584349	3889.849782867258	0.7	1.2
151658.1578746757	1200	11.539674094109778	0.0	670129	5823.764628002103	0.7	1.2
151664.49278211952	1200	9.204766650298584	0.0	690253	6334.907443811194	0.7	1.2
151670.73085773192	1200	6.966691037907757	0.0	598727	6238.075612390828	0.7	1.2
151673.75483954113	750	7.942709228693705	0.0	321064	3023.981809214052	0.7	0.3
151677.27958330562	750	8.417965464203947	0.0	361565	3524.7437644897577	0.7	0.75
151680.97976925963	750	8.717779510186825	0.0	378327	3700.185954017123	0.7	0.75
151684.8602056597	750	8.837343110120464	0.0	390680	3880.4364000663613	0.7	0.75
151687.8682016961	750	9.82934707369692	0.0	345516	3007.996036423542	0.7	0.75
151691.45337305564	750	10.244175714151352	0.0	384505	3585.17135954557	0.7	0.75
151694.49775058613	750	11.199798183669735	0.0	372093	3044.3775304816177	0.7	0.75
151698.1858228067	750	11.511725963109185	0.0	438281	3688.072220560549	0.7	0.75
151701.46639735432	750	12.231151415447371	0.0	398987	3280.5745476618135	0.7	0.75
151707.47194163027	1200	10.225607139502884	0.0	638661	6005.544275944487	0.7	0.75
151712.4131791189	1200	9.284369650889179	0.0	538612	4941.237488613706	0.7	1.2
151725.894581124	1850	4.0	4.197032354214409	846370	13481.402005103588	0.7	-16.847239123121955
151729.99809294322	750	4.0	0.10351181921561692	450283	4103.511819215617	0.7	0.3048991773728473
151731.20440480657	300	6.793688136644578	0.0	155580	1206.3118633554227	0.7	-0.15000000000000002
151732.36190345103	300	9.63618949219054	0.0	139857	1157.498644454037	0.7	0.3
151733.65288993678	300	12.345203006455808	0.0	155432	1290.9864857347334	0.7	0.3
151737.33507804427	750	12.66301489896702	0.0	411561	3682.1881074887874	0.7	0.3
151739.5394977399	750	14.458595203332703	0.0	318564	2204.4196956343167	0.7	0.75
151742.36455806668	750	15.633534876588191	0.0	352642	2825.0603267445117	0.7	0.75
151746.1221442866	750	15.875948656659975	0.0	437162	3757.5862199282165	0.7	0.75
151749.62908692422	750	16.369006019052236	0.0	374758	3506.94263760774	0.7	0.75
151755.0376478271	750	14.960445116176698	0.0	362795	5408.560902875536	0.7	0.75
151760.42976161122	750	13.568331332038023	0.0	353220	5392.113784138676	0.7	0.75
151766.99872473662	750	10.9993682066363	0.0	405134	6568.963125401721	0.7	0.75
151771.37825089326	750	10.61984205001606	0.0	386351	4379.526156620239	0.7	0.75
151777.33174790305	750	8.666345040236898	0.0	434409	5953.497009779162	0.7	0.75
151780.6981467194	750	9.299946223891537	0.0	337059	3366.3988163453623	0.7	0.75
151784.14576686957	750	9.852326073706648	0.0	366214	3447.6201501848873	0.7	0.75
151789.1178411684	750	8.880251774871807	0.0	360831	4972.074298834841	0.7	0.75
151798.3071847572	750	4.0	0.30909181392118446	372963	9189.343588792992	0.7	-0.5790947998610931
151801.87674093162	300	4.430443825573544	0.0	165384	3569.556174426456	0.7	-0.15000000000000002
151804.267440359	300	6.039744398211117	0.0	140881	2390.699427362427	0.7	0.3
151806.57602306726	300	7.731161689946252	0.0	157671	2308.582708264865	0.7	0.3
151808.75417903383	300	9.553005723400176	0.0	157812	2178.155966546076	0.7	0.3
151811.49875891194	300	10.80842584527662	0.0	163927	2744.579878123555	0.75	0.3
151815.97646878744	300	10.330715969791529	0.0	137654	4477.709875485092	0.75	0.3
151819.58338144285	300	10.723803314392532	0.0	146754	3606.912655398997	0.75	0.3
151823.42123444876	300	10.885950308475467	0.0	153938	3837.853005917065	0.75	0.3
151830.1453538326	300	8.161830924619	0.0	181901	6724.119383856466	0.75	0.3
151833.92130726873	300	8.385877488477574	0.0	111155	3775.953436141427	0.75	0.3
151838.45263859435	300	7.854546162855257	0.0	153605	4531.331325622316	0.75	0.3
151845.7763453085	300	4.530839448718267	0.0	149029	7323.70671413699	0.75	0.3
151851.79700957926	300	4.0	1.4898248220496306	157421	6020.664270767898	0.75	-6.1062467348134115
151857.54544835995	300	4.0	1.7484387806970854	157488	5748.438780697085	0.75	-7.218286756997467
151862.86133656107	300	4.0	1.3158882011252044	143881	5315.888201125204	0.75	-5.358319264838379
151868.03660665292	300	4.0	1.1752700918587233	163444	5175.270091858723	0.75	-4.75366139499251
151873.18361610215	300	4.0	1.1470094492550198	179328	5147.00944925502	0.75	-4.632140631796585
151879.00533162695	300	4.0	1.821715524803054	159914	5821.715524803054	0.75	-7.533376756653133
151882.697494088	300	4.307837538969083	0.0	131610	3692.1624610309173	0.75	0.3
151887.1677330085	300	4.0	0.16240138155086425	124011	4470.238920519947	0.75	-0.39832594066871624
151892.41838088114	300	4.0	1.2506478726140213	144254	5250.647872614021	0.75	-5.077785852240291
151895.87538290935	300	4.542997971761377	0.0	149991	3457.002028238623	0.75	0.3
151900.68309218012	300	4.0	0.26471129897074297	147968	4807.70927073212	0.75	-0.8382585855741946
151904.50873654702	300	4.174355633080813	0.0	161857	3825.644366919187	0.75	0.3
151907.47661188815	300	5.2064802919535484	0.0	145210	2967.875341127265	0.75	0.3
151910.768192233	300	5.914899947088041	0.0	172312	3291.5803448655074	0.75	0.3
151918.74969636122	300	4.0	2.066604181135064	167025	7981.504128223105	0.75	-8.586397978880775
151923.00082993892	300	4.0	0.25113357769282996	160064	4251.13357769283	0.75	-0.7798743840791686
151929.010302473	300	4.0	2.009472534093511	137507	6009.472534093511	0.75	-8.340731896602096
151933.76176625266	300	4.0	0.7514637796537118	118421	4751.463779653712	0.75	-2.931294252510961
151944.5018226449	750	4.0	6.7400563922276415	450283	10740.056392227641	0.75	-28.23224248657886
151947.11916229487	300	5.382660350016382	0.0	155580	2617.3396499836185	0.75	-0.15000000000000002
151949.9783660847	300	6.523456560181637	0.0	139857	2859.203789834744	0.75	0.3
151952.27017509536	300	8.231647549529153	0.0	155432	2291.809010652483	0.75	0.3
151954.4209199638	300	10.080902681069912	0.0	163442	2150.7448684592414	0.75	0.3
151955.9382075159	300	12.56361512898081	0.0	126289	1517.2875520891014	0.75	0.3
151957.6746743561	300	14.827148288788075	0.0	153295	1736.4668401927354	0.75	0.3
151959.6112367677	300	16.890585877191988	0.0	173849	1936.562411596085	0.75	0.3
151961.0370874882	300	19.464735156703576	0.0	150710	1425.8507204884127	0.75	0.3
151964.67701867892	750	19.82480396596959	0.0	362795	3639.9311907339875	0.75	0.3
151968.00680006712	750	20.495022577762043	0.0	353220	3329.7813882075475	0.75	0.75
151972.71740960333	750	19.784413041550312	0.0	405134	4710.609536211731	0.75	0.75
151977.17173103645	750	19.33009160843051	0.0	386351	4454.321433119803	0.75	0.75
151983.05798501012	750	17.44383763476706	0.0	434409	5886.253973663451	0.75	0.75
151986.62609533328	750	17.875727311617986	0.0	337059	3568.110323149072	0.75	0.75
151990.43866556196	750	18.063157082927127	0.0	366214	3812.570228690859	0.75	0.75
151994.25943014375	750	18.242392501166336	0.0	360831	3820.7645817607918	0.75	0.75
151999.7515864794	750	16.75023616552002	0.0	372963	5492.156335646317	0.75	0.75
152004.04927105454	750	16.45255159037817	0.0	405596	4297.68457514185	0.75	0.75
152006.25054497665	750	18.25127766827163	0.0	350713	2201.2739221065435	0.75	0.75
152009.08065020305	750	19.421172441875164	0.0	386472	2830.1052263964625	0.75	0.75
152012.02009081756	750	20.481731827350874	0.0	399894	2939.4406145242892	0.75	0.75
152014.6126132206	750	21.889209424328538	0.0	401853	2592.522403022336	0.75	0.75
152018.64427238778	1200	21.857550257156607	0.0	536667	4031.6591671719325	0.75	0.75
152022.02048976242	1200	22.481332882490562	0.0	587236	3376.2173746660433	0.75	1.2
152025.95887698617	1200	22.542945658729057	0.0	590335	3938.387223761507	0.75	1.2
152030.96770123113	1200	21.534121413793436	0.0	696376	5008.824244935618	0.75	1.2
152034.41434963475	1200	22.08747301014363	0.0	487160	3446.6484036498096	0.75	1.2
152037.74115964049	1200	22.760663004412145	0.0	622896	3326.8100057314855	0.75	1.2
152041.82863437358	1200	22.67318827131409	0.0	641447	4087.4747330980554	0.75	1.2
152045.20218487122	1200	23.299637773666273	0.0	570392	3373.5504976478155	0.75	1.2
152049.13573415257	1200	23.36608849229344	0.0	620283	3933.5492813728356	0.75	1.2
152054.89245411556	1850	21.60936852929885	0.0	885062	5756.719962994586	0.75	1.2000000000000002
152063.31006246558	1850	17.19176017930373	0.0	1035329	8417.60834999512	0.75	1.85
152073.61255777816	1850	10.889264866731466	0.0	1026056	10302.495312572266	0.75	1.85
152080.06942964278	1850	8.432393002088949	0.0	943942	6456.871864642517	0.75	1.85
152082.98935929622	1200	9.512463348650941	0.0	487812	2919.9296534380073	0.75	0.5499999999999999
152086.00897362526	1200	10.492849019632304	0.0	575591	3019.6143290186383	0.75	1.2
152092.24999201938	1200	8.25183062548687	0.0	605884	6241.018394145435	0.75	1.2
152098.77774400456	750	5.724078640321059	0.0	390680	6527.751985165811	0.75	0.3
152104.58262570525	750	4.0	0.08080306038611798	345516	5804.881700707177	0.75	0.4025468403396927
152108.63063685715	300	4.0	0.048011151903861446	161857	4048.0111519038614	0.75	-0.35644795318660427
152110.2315207297	300	6.399116127472937	0.0	145210	1600.8838725270623	0.75	0.3
152111.5007586509	300	9.129878206266039	0.0	172312	1269.2379212068972	0.75	0.3
152114.64586830762	750	9.98476854955544	0.0	398987	3145.1096567106	0.75	0.3
152120.34971329552	750	8.280923561652042	0.0	393804	5703.844987903398	0.75	0.75
152125.1577444363	750	7.472892420887584	0.0	331053	4808.031140764458	0.75	0.75
152128.2776433342	1200	8.352993522972412	0.0	550906	3119.8988979151713	0.75	0.75
152131.07896320755	750	9.551673649628	0.0	450283	2801.3198733444115	0.75	0.75
152134.54339970514	750	10.087237152043606	0.0	398865	3464.436497584394	0.75	0.75
152139.3731846538	750	9.257452203365457	0.0	350812	4829.784948678149	0.75	0.75
152142.70620561123	750	9.924431245948904	0.0	382355	3333.0209574165524	0.75	0.75
152145.62083891517	750	11.00979794200593	0.0	411561	2914.633303942975	0.75	0.75
152147.5067123273	750	13.12392452988223	0.0	318564	1885.8734121236994	0.75	0.75
152149.27620638395	750	15.354430473249971	0.0	352642	1769.494056632259	0.75	0.75
152153.841732045	1200	14.78890481219864	0.0	709534	4565.525661051332	0.75	0.75
152157.69870343633	1200	14.931933420889306	0.0	584846	3856.971391309333	0.75	1.2
152161.10985615355	1200	15.520780703650942	0.0	560821	3411.152717238365	0.75	1.2
152165.1656542535	1200	15.464982603691588	0.0	607410	4055.798099959354	0.75	1.2
152169.1000991254	1200	15.53053773179744	0.0	594078	3934.4448718941476	0.75	1.2
152173.14553403822	1200	15.485102818984359	0.0	624282	4045.434912813082	0.75	1.2
152177.42243037594	1200	15.208206481263113	0.0	687371	4276.896337721245	0.75	1.2
152181.00398580235	1200	15.626651054836064	0.0	526950	3581.5554264270513	0.75	1.2
152184.46879520814	1200	16.161841649028275	0.0	587876	3464.809405807789	0.75	1.2
152187.9952563138	1200	16.63538054339122	0.0	617242	3526.461105637053	0.75	1.2
152190.99202590674	1200	17.63861095045905	0.0	581493	2996.76959293217	0.75	1.2
152194.89646175288	1200	17.734175104318908	0.0	639204	3904.435846140142	0.75	1.2
152198.61762004995	1200	18.013016807259625	0.0	586839	3721.1582970592817	0.75	1.2
152201.6874653862	1200	18.943171470994432	0.0	601738	3069.8453362651917	0.75	1.2
152205.46365779033	1200	19.166979066865395	0.0	616206	3776.1924041290367	0.75	1.2
152209.1704073128	1200	19.460229544386465	0.0	656471	3706.749522478933	0.75	1.2
152214.6294637729	1850	18.001173084304682	0.0	874175	5459.05646008178	0.75	1.2000000000000002
152223.3872299463	1850	13.243406910922705	0.0	897976	8757.766173381979	0.75	1.85
152227.92672921222	1200	12.703907644988824	0.0	590335	4539.4992659338795	0.75	0.5499999999999999
152233.35706304794	1200	11.27357380926991	0.0	696376	5430.333835718913	0.75	1.2
152238.03110904826	1200	10.599527808979362	0.0	487160	4674.04600029055	0.75	1.2
152246.02170537558	1200	6.608931481648757	0.0	622896	7990.596327330603	0.75	1.2
152249.35286639462	750	7.277770462626595	0.0	400508	3331.161019022163	0.75	0.3
152252.01788227505	750	8.612754582199186	0.0	358218	2665.0158804274092	0.75	0.75
152255.413366948	750	9.217269909278087	0.0	400322	3395.484672921098	0.75	0.75
152259.50120184926	750	9.12943500799033	0.0	369834	4087.834901287759	0.75	0.75
152263.2499307499	750	9.380706107305803	0.0	412837	3748.728900684525	0.75	0.75
152266.5029211946	750	10.12771566265294	0.0	401088	3252.9904446528612	0.75	0.75
152270.18766311614	750	10.442973741092093	0.0	365161	3684.741921560847	0.75	0.75
152274.20053053746	750	10.430106319786333	0.0	321064	4012.8674213057607	0.75	0.75
152286.28016698614	750	4.0	1.649530128890363	361565	12079.636448676696	0.75	-6.3429795542285605
152290.147865885	300	4.1323011011484265	0.0	144254	3867.6988988515727	0.75	-0.15000000000000002
152294.09366834268	300	4.1864986434555345	0.0	149991	3945.802457692892	0.75	0.3
152296.57436230427	300	5.705804681851821	0.0	147968	2480.6939616037143	0.75	0.3
152298.88164007853	300	7.398526907605129	0.0	161857	2307.2777742466915	0.75	0.3
152301.96753415957	300	8.312632826539785	0.0	145210	3085.8940810653453	0.75	0.3
152304.05766189366	300	10.222505092454682	0.0	172312	2090.127734085104	0.75	0.3
152305.6764614879	300	12.603705498236957	0.0	167025	1618.7995942177245	0.75	0.3
152307.51978858814	300	14.760378397996258	0.0	160064	1843.3271002406993	0.75	0.3
152310.32500927267	750	15.955157713462757	0.0	331053	2805.2206845335	0.75	0.3
152316.104803911	1850	14.175363075115154	0.0	846370	5779.794638347604	0.75	0.75
152319.12166631562	750	15.158500670494865	0.0	450283	3016.8624046202885	0.75	0.75
152321.3070526453	750	16.973114340800006	0.0	398865	2185.3863296948593	0.75	0.75
152323.16702890425	750	19.113138081841168	0.0	350812	1859.9762589588383	0.75	0.75
152325.4945671628	750	20.78559982330429	0.0	382355	2327.5382585368793	0.75	0.75
152329.25125084072	1200	21.028916145374396	0.0	652874	3756.6836779298956	0.75	0.75
152331.8992873866	1200	22.380879599491138	0.0	520315	2648.036545883257	0.75	1.2
152335.40151199492	1200	22.878654991160968	0.0	561791	3502.224608330169	0.75	1.2
152344.33611996842	1850	17.944047017674222	0.0	1060487	8934.607973486747	0.75	1.2000000000000002
152351.48484409333	1850	14.795322892765403	0.0	852833	7148.72412490882	0.75	1.85
152359.43346831037	1850	10.846698675721766	0.0	913888	7948.624217043636	0.75	1.85
152364.57442460695	1200	9.70574237911566	0.0	607410	5140.956296606108	0.75	0.5499999999999999
152370.64775128066	1200	7.632415705392801	0.0	594078	6073.326673722859	0.75	1.2
152373.58272549912	1200	8.697441486941297	0.0	624282	2934.974218451503	0.75	1.2
152377.01952040292	1200	9.260646583163606	0.0	687371	3436.794903777692	0.75	1.2
152379.7829029331	1200	10.497264052976785	0.0	526950	2763.3825301868205	0.75	1.2
152383.66177275445	1200	10.618394231612536	0.0	587876	3878.8698213642483	0.75	1.2
152388.34798273628	1200	9.932184249779892	0.0	617242	4686.209981832644	0.75	1.2
152392.79271097473	1200	9.487456011357088	0.0	581493	4444.728238422803	0.75	1.2
152397.53001010255	1200	8.750156883547687	0.0	639204	4737.299127809401	0.75	1.2
152401.0614445099	1200	9.21872247618917	0.0	586839	3531.434407358516	0.75	1.2
152405.18739947485	1200	9.092767511238025	0.0	601738	4125.954964951147	0.75	1.2
152409.50656920037	1200	8.77359778574187	0.0	616206	4319.169725496153	0.75	1.2
152414.0267104279	1200	8.253456558219325	0.0	656471	4520.1412275225475	0.75	1.2
152418.13406419562	1200	8.146102790455373	0.0	536667	4107.3537677639515	0.75	1.2
152421.43325206	1200	8.846914926084487	0.0	587236	3299.187864370885	0.75	1.2
152425.56444957328	1200	8.715717412805368	0.0	590335	4131.197513279119	0.75	1.2
152431.22751051327	1200	7.0526564728128065	0.0	696376	5663.0609399925615	0.75	1.2
152435.64098959262	1200	6.6391773934765	0.0	487160	4413.479079336306	0.75	1.2
152441.96026814365	1200	4.319898842433378	0.0	622896	6319.278551043122	0.75	1.2
152446.39425491326	750	4.0	0.11408792717305187	400508	4433.98676960643	0.75	-0.19057808684412303
152447.48398537262	300	6.910269540665755	0.0	157421	1089.7304593342456	0.75	-0.15000000000000002
152450.2705814971	750	8.12367341617186	0.0	400322	2786.5961244938944	0.75	0.3
152452.80733083579	750	9.586924077483001	0.0	369834	2536.749338688859	0.75	0.75
152456.5304867179	750	9.863768195363875	0.0	412837	3723.155882119127	0.75	0.75
152467.2154714007	1200	4.0	0.8212164874320989	690253	10684.984682795974	0.75	-2.781230895958025
152468.92156166554	300	6.293909735176395	0.0	159914	1706.0902648236054	0.75	-0.6000000000000001
152470.19994396818	300	9.015527432522093	0.0	131610	1278.382302654302	0.75	0.3
152471.35373307398	300	11.86173832671871	0.0	124011	1153.7891058033827	0.75	0.3
152475.4272092083	750	11.788262192392333	0.0	378327	4073.476134326379	0.75	0.3
152479.0021143039	750	12.213357096773581	0.0	390680	3574.905095618751	0.75	0.75
152482.9199245654	750	12.2955468353201	0.0	345516	3917.8102614534823	0.75	0.75
152488.82032131488	750	10.395150085835002	0.0	384505	5900.396749485097	0.75	0.75
152492.1176830898	750	11.097788310913215	0.0	372093	3297.361774921788	0.75	0.75
152495.1693585526	750	12.046112848113573	0.0	438281	3051.675462799641	0.75	0.75
152501.6855939056	750	9.529877495114574	0.0	398987	6516.235352999	0.75	0.75
152507.49184665867	750	7.723624742027628	0.0	393804	5806.252753086946	0.75	0.75
152515.16030628092	750	4.055165119798999	0.0	331053	7668.459622228629	0.75	0.75
152517.04601213153	300	6.169459269208531	0.0	118421	1885.705850590468	0.75	-0.15000000000000002
152521.07614361355	750	6.139327787163388	0.0	450283	4030.131482045143	0.75	0.75
152522.4805551301	300	8.73491627059217	0.0	155580	1404.4115165712183	0.75	-0.15000000000000002
152523.81526368245	300	11.400207718255661	0.0	139857	1334.7085523365101	0.75	0.3
152525.16436403568	300	14.051107365047283	0.0	155432	1349.100353208377	0.75	0.3
152526.4437133634	300	16.771758037290965	0.0	163442	1279.3493277563196	0.75	0.3
152528.71256312227	750	18.50290827842912	0.0	318564	2268.8497588618457	0.75	0.3
152531.1671111379	750	20.048360262818825	0.0	352642	2454.5480156102954	0.75	0.75
152536.37254405877	1200	18.84292734195443	0.0	709534	5205.432920864395	0.75	0.75
152541.32030230234	1200	17.89516909838996	0.0	584846	4947.758243564469	0.75	1.2
152545.56444492796	1200	17.651026472748647	0.0	560821	4244.142625641313	0.75	1.2
152548.95576936976	1200	18.259702030944933	0.0	607410	3391.324441803714	0.75	1.2
152552.3725975113	1200	18.842873889407564	0.0	594078	3416.8281415373676	0.75	1.2
152555.59865235613	1200	19.61681904457102	0.0	624282	3226.054844836546	0.75	1.2
152559.46481131646	1200	19.75066008422877	0.0	687371	3866.1589603422503	0.75	1.2
152562.66432760394	1200	20.551143796755706	0.0	526950	3199.5162874730645	0.75	1.2
152566.30727430654	1200	20.908197094163835	0.0	587876	3642.9467025918702	0.75	1.2
152569.75940500275	1200	21.456066397960704	0.0	617242	3452.1306962031317	0.75	1.2
152574.4264156546	1850	20.78905574609146	0.0	885714	4667.010651869245	0.75	1.2000000000000002
152581.20203894458	1850	18.01343245612176	0.0	987708	6775.623289969701	0.75	1.85
152592.7735316428	1850	10.44193975790509	0.0	923755	11571.492698216669	0.75	1.85
152600.44321877736	1200	6.7722526233440625	0.0	601738	7669.687134561027	0.75	0.5499999999999999
152608.93968365746	1200	4.0	1.7242122567603693	616206	8496.464880104431	0.75	-6.214112704069588
152613.91680571268	750	4.0	0.9771220552030782	401853	4977.122055203078	0.75	-3.9016248373732365
152615.3452182388	300	6.5715874738564075	0.0	137654	1428.4125261435925	0.75	-0.15000000000000002
152617.21399793524	300	8.702807777415734	0.0	146754	1868.7796964406737	0.75	0.3
152619.01602768255	300	10.900778030106142	0.0	153938	1802.0297473095911	0.75	0.3
152620.68462792452	300	13.232177788122334	0.0	181901	1668.6002419838098	0.75	0.3
152621.8346727458	300	16.082132966823092	0.0	111155	1150.04482129924	0.75	0.3
152625.98625151333	750	15.930554199315592	0.0	400396	4151.578767507502	0.75	0.3
152629.75633007896	750	16.160475633677937	0.0	400508	3770.0785656376556	0.75	0.75
152633.71176449425	750	16.205041218409335	0.0	358218	3955.434415268605	0.75	0.75
152638.9554453791	750	14.961360333533671	0.0	400322	5243.680884875663	0.75	0.75
152643.8366201635	750	14.080185549141099	0.0	369834	4881.174784392571	0.75	0.75
152649.45057895817	750	12.466226754462642	0.0	412837	5613.958794678456	0.75	0.75
152655.01149299246	750	10.905312720195424	0.0	401088	5560.914034267221	0.75	0.75
152658.7039480741	750	11.212857638567225	0.0	365161	3692.4550816281976	0.75	0.75
152661.76984034127	750	12.146965371405537	0.0	321064	3065.8922671616892	0.75	0.75
152665.39691736308	750	12.519888349589793	0.0	361565	3627.0770218157436	0.75	0.75
152668.79698094097	750	13.119824771692992	0.0	378327	3400.0635778968035	0.75	0.75
152672.7112602219	750	13.205545490759283	0.0	390680	3914.2792809337075	0.75	0.75
152676.11075865792	750	13.806047054746173	0.0	345516	3399.49843601311	0.75	0.75
152680.2613006919	750	13.65550502073214	0.0	384505	4150.542034014034	0.75	0.75
152684.7919126356	750	13.124893077007547	0.0	372093	4530.6119437245925	0.75	0.75
152689.59633938863	750	12.320466323990615	0.0	438281	4804.426753016932	0.75	0.75
152693.1979412428	750	12.718864469805167	0.0	398987	3601.6018541854487	0.75	0.75
152698.25111637087	1200	11.665689341762878	0.0	638661	5053.175128042289	0.75	0.75
152702.83726434925	1200	11.079541363363317	0.0	538612	4586.147978399559	0.75	1.2
152710.13352714916	1850	7.7832785634708275	0.0	846370	7296.262799892491	0.75	1.2000000000000002
152714.22062563742	750	7.69618007520257	0.0	450283	4087.098488268257	0.75	0.75
152717.8628780924	750	8.053927620228842	0.0	398865	3642.252454973728	0.75	0.75
152721.90932126675	750	8.007484445879642	0.0	350812	4046.4431743491996	0.75	0.75
152725.49268304542	750	8.424122667215503	0.0	382355	3583.36177866414	0.75	0.75
152728.91977119603	750	8.997034516585124	0.0	411561	3427.0881506303767	0.75	0.75
152731.56385581943	750	10.352949893197335	0.0	318564	2644.0846233877896	0.75	0.75
152734.41645616002	750	11.500349552620968	0.0	352642	2852.600340576368	0.75	0.75
152741.2502293214	1200	8.666576391233452	0.0	709534	6833.773161387518	0.75	0.75
152743.3517034644	750	10.565102248236682	0.0	374758	2101.474142996768	0.75	0.3
152745.6002604735	750	12.316545239146702	0.0	362795	2248.5570090899805	0.75	0.75
152747.78208114326	750	14.134724569364957	0.0	353220	2181.820669781745	0.75	0.75
152750.5186648897	750	15.398140822921944	0.0	405134	2736.5837464430133	0.75	0.75
152754.7533432076	1200	15.16346250501994	0.0	624282	4234.678317902003	0.75	0.75
152760.37121216583	1200	13.545593546793603	0.0	687371	5617.868958226336	0.75	1.2
152765.0051651159	1200	12.911640596718998	0.0	526950	4633.952950074605	0.75	1.2
152769.23523782997	1200	12.681567882616637	0.0	587876	4230.072714102362	0.75	1.2
152775.07562921045	1200	10.841176502159255	0.0	617242	5840.391380457383	0.75	1.2
152785.13581395714	1200	4.780991755478648	0.0	581493	10060.184746680607	0.75	1.2
152789.7038114934	750	4.212994219192162	0.0	405596	4567.997536286485	0.75	0.3

