155090.35709540534	750	4.0	2.740379482619269	450283	2740.379482619269	-11.033631775262856
155091.51142994736	300	6.845665457959466	0.0	155580	1154.3345420405337	-0.15000000000000002
155092.58940197332	300	9.767693432010608	0.0	139857	1077.9720259488574	0.3
155093.86731838732	300	12.48977701802529	0.0	155432	1277.9164139853176	0.3
155096.64112684163	750	13.715968563734958	0.0	411561	2773.8084542903334	0.3
155098.40340697713	750	15.953688428262177	0.0	318564	1762.2801354727796	0.75
155101.21808161843	750	17.139013786938225	0.0	352642	2814.6746413239553	0.75
155105.40324519374	750	16.95385021161511	0.0	437162	4185.163575323112	0.75
155108.49611126477	750	17.86098414059791	0.0	374758	3092.866071017203	0.75
155111.3004159358	750	19.05667946954597	0.0	362795	2804.304671051942	0.75
155113.81317613574	750	20.543919269614552	0.0	353220	2512.760199931419	0.75
155116.37735580406	750	21.979739601303095	0.0	405134	2564.1796683114544	0.75
155119.04381464873	750	23.31328075664529	0.0	386351	2666.4588446578045	0.75
155121.63804786935	750	24.719047535995244	0.0	434409	2594.233220650048	0.75
155123.67093033495	750	26.686165070393155	0.0	337059	2032.882465602087	0.75
155127.15502703958	1200	27.202068365766827	0.0	587876	3484.096704626329	0.75
155130.89016909286	1200	27.4669263124832	0.0	617242	3735.142053283627	1.2
155134.15642225393	1200	28.200673151404565	0.0	581493	3266.2531610786355	1.2
155137.64312845975	1200	28.71396694558263	0.0	639204	3486.706205821933	1.2
155144.01993809326	1200	26.337157312071064	0.0	586839	6376.809633511566	1.2
155152.0504467013	1200	22.306648704051913	0.0	601738	8030.5086080191495	1.2
155162.77187803393	1200	15.58521737140645	0.0	616206	10721.431332645463	1.2
155168.96372086613	1200	13.393374539184057	0.0	656471	6191.842832222394	1.2
155174.4317765953	1200	11.925318810040338	0.0	536667	5468.055729143718	1.2
155177.8967126314	750	12.460382773926769	0.0	359903	3464.93603611357	0.3
155180.9505796179	750	13.406515787434353	0.0	379700	3053.866986492417	0.75
155183.7025287279	750	14.654566677392145	0.0	425781	2751.9491100422074	0.75
155185.20907971234	750	17.14801569297339	0.0	277716	1506.550984418753	0.75
155187.81921403593	750	18.5378813693792	0.0	400396	2610.134323594194	0.75
155191.65348267092	1200	18.70361273436799	0.0	641447	3834.268635011211	0.75
155195.69004982262	1200	18.667045582660194	0.0	570392	4036.5671517077967	1.2
155198.5446947366	1200	19.81240066867995	0.0	620283	2854.644913980248	1.2
155201.6080717561	1200	20.749023649158914	0.0	584349	3063.3770195210336	1.2
155208.97519523688	1200	17.381900168402748	0.0	670129	7367.123480756167	1.2
155213.89561883087	1200	16.46147657444157	0.0	690253	4920.423593961174	1.2
155217.92437926828	1200	16.43271613699868	0.0	598727	4028.76043744289	1.2
155221.93002663838	1200	16.42706876688938	0.0	487812	4005.647370109296	1.2
155227.30232988665	1200	15.054765518619089	0.0	575591	5372.30324827029	1.2
155231.55465110566	1200	14.80244429960297	0.0	605884	4252.321219016119	1.2
155233.9951069795	750	16.361988425759996	0.0	390680	2440.4558738429755	0.3
155235.86579967284	750	18.49129573243976	0.0	345516	1870.6926933202344	0.75
155238.66235672234	750	19.694738682928882	0.0	384505	2796.5570495108827	0.75
155241.51557085392	750	20.84152455137043	0.0	372093	2853.2141315584536	0.75
155244.3830571315	750	21.97403827380201	0.0	438281	2867.4862775684205	0.75
155246.61734775652	750	23.739747648781908	0.0	398987	2234.2906250201027	0.75
155254.67541858996	1850	19.68167681535203	0.0	982064	8058.070833429876	0.75
155265.02899927314	1850	13.328096132164614	0.0	830730	10353.580683187418	1.85
155269.79981772834	1850	12.557277676988601	0.0	846370	4770.818455176013	1.85
155272.38398899804	750	13.973106407272574	0.0	450283	2584.1712697160247	0.75
155274.7602962084	750	15.596799196921996	0.0	398865	2376.3072103505783	0.75
155276.5977798896	750	17.759315515761386	0.0	350812	1837.4836811606117	0.75
155278.71470584802	750	19.64238955734698	0.0	382355	2116.9259584144047	0.75
155282.53394686687	1200	19.823148538470665	0.0	652874	3819.241018876317	0.75
155285.95106727924	1200	20.40602812609296	0.0	520315	3417.1204123777075	1.2
155290.60791011876	1200	19.749185286577607	0.0	561791	4656.842839515354	1.2
155299.6154669636	1200	14.741628441742009	0.0	709534	9007.556844835597	1.2
155302.3840501745	750	15.973045230840759	0.0	374758	2768.583210901251	0.3
155309.17021850141	750	13.18687690393516	0.0	362795	6786.168326905599	0.75
155311.77370077453	750	14.583394630832567	0.0	353220	2603.4822731025924	0.75
155315.29675070822	750	15.060344697123089	0.0	405134	3523.049933709477	0.75
155318.60871589536	750	15.748379509976223	0.0	386351	3311.965187146867	0.75
155322.08362888722	750	16.273466518094715	0.0	434409	3474.912991881507	0.75
155325.18272970352	750	17.174365701828922	0.0	337059	3099.1008162657927	0.75
155328.43223884632	750	17.92485655901198	0.0	366214	3249.509142816942	0.75
155332.76749117143	750	17.589604233924117	0.0	360831	4335.252325087867	0.75
155344.28107362983	750	10.07602177552263	0.0	372963	11513.582458401488	0.75
155347.10038838914	300	11.256707016204215	0.0	165384	2819.314759318415	-0.15000000000000002
155349.07541170492	300	13.281683700415353	0.0	140881	1975.0233157888615	0.3
155353.37983316454	300	12.977262240808697	0.0	157671	4304.421459606656	0.3
155357.4797704956	300	12.8773249097201	0.0	157812	4099.937331088597	0.3
155359.97596012487	300	14.381135280476077	0.0	163927	2496.1896292440238	0.3
155362.60436145906	300	15.752733946299719	0.0	137654	2628.401334176358	0.3
155369.57378993032	300	12.783305475042656	0.0	146754	6969.428471257062	0.3
155374.21432599967	300	12.142769405688913	0.0	153938	4640.536069353743	0.3
155380.03329139855	300	10.323804006811791	0.0	181901	5818.96539887712	0.3
155383.9096634263	300	10.447431979045598	0.0	111155	3876.3720277661946	0.3
155389.13838493207	300	9.218710473292784	0.0	153605	5228.721505752814	0.3
155391.937197905	300	10.419897500370658	0.0	149029	2798.8129729221255	0.3
155394.60324256317	300	11.753852842217283	0.0	157421	2666.0446581533765	0.3
155396.94288850654	300	13.414206898857673	0.0	157488	2339.6459433596096	0.3
155398.7705840113	300	15.58651139406901	0.0	143881	1827.6955047886618	0.3
155400.33296502763	300	18.024130377758826	0.0	163444	1562.3810163101855	0.3
155403.3160652764	750	19.041030129013606	0.0	401088	2983.100248745219	0.3
155406.40263457844	750	19.954460826947575	0.0	365161	3086.569302066029	0.75
155409.91086361086	750	20.446231794521644	0.0	321064	3508.2290324259293	0.75
155416.20819871555	750	18.148896689827716	0.0	361565	6297.3351046939315	0.75
155427.1196473807	750	11.237448024722445	0.0	378327	10911.448665105268	0.75
155430.97553892972	300	11.381556475679085	0.0	149991	3855.8915490433615	-0.15000000000000002
155437.9531584251	300	8.403936980296418	0.0	147968	6977.619495382667	0.3
155444.23434604352	300	6.122749361881429	0.0	161857	6281.187618414989	0.3
155451.68286636382	300	4.0	1.3257709584046862	145210	7448.520320286115	-5.40081512114015
155456.28267597588	300	4.0	0.599809612054527	172312	4599.809612054527	-2.279181331834466
155460.8980187866	300	4.0	0.6153428107211257	167025	4615.342810721126	-2.3459740861008407
155464.61124674845	300	4.286772038174614	0.0	160064	3713.227961825386	0.3
155467.19831141122	300	5.6997073753863905	0.0	137507	2587.0646627882234	0.3
155469.00764853088	300	7.89037025575279	0.0	118421	1809.3371196336007	0.3
155476.82846441868	750	4.069554367951535	0.0	450283	7820.8158878012555	0.75
155481.33005523105	300	4.0	0.4320364444359675	155580	4501.590812387502	-2.00775671107466
155484.18253799234	300	5.147517238733055	0.0	139857	2852.4827612669446	0.3
155485.53420043885	300	7.795854792199041	0.0	155432	1351.6624465340137	0.3
155486.66356227102	300	10.66649296003479	0.0	163442	1129.3618321642507	0.3
155487.50469243518	300	13.825362795899657	0.0	126289	841.1301641351328	0.3
155488.32729294023	300	17.002762290858957	0.0	153295	822.6005050406991	0.3
155489.58031563726	300	19.749739593837855	0.0	173849	1253.022697021104	0.3
155492.00613424205	750	21.323920989035066	0.0	374758	2425.8186048027883	0.3
155494.00835282714	750	23.321702403963933	0.0	362795	2002.2185850711307	0.75
155497.96449170882	1200	23.365563522273906	0.0	607410	3956.1388816900267	0.75
155501.89416404086	1200	23.435891190217806	0.0	594078	3929.6723320561036	1.2
155505.89190502875	1200	23.438150202306737	0.0	624282	3997.7409879110674	1.2
155509.54248459707	1200	23.78757063402336	0.0	687371	3650.579568283378	1.2
155512.86701790287	1200	24.463037328209744	0.0	526950	3324.533305813617	1.2
155515.80510957347	1200	25.524945657594145	0.0	587876	2938.0916706155986	1.2
155518.97907830426	1200	26.35097692681632	0.0	617242	3173.968730777827	1.2
155521.85816126427	1200	27.471893966794028	0.0	581493	2879.0829600222883	1.2
155525.26830862585	1200	28.061746605210324	0.0	639204	3410.147361583705	1.2
155528.8954745838	1200	28.434580647256606	0.0	586839	3627.165957953715	1.2
155533.35061500676	1200	27.97944022432691	0.0	601738	4455.140422929696	1.2
155539.29472204333	1200	26.035333187739138	0.0	616206	5944.107036587772	1.2
155542.69482721348	1200	26.635228017616598	0.0	656471	3400.105170122539	1.2
155545.7057438343	1200	27.624311396784087	0.0	536667	3010.9166208325105	1.2
155548.81290257516	1200	28.517152655904678	0.0	587236	3107.1587408794094	1.2
155552.3963516714	1200	28.93370355967409	0.0	590335	3583.4490962305877	1.2
155557.36171004229	1200	27.96834518876162	0.0	696376	4965.358370912469	1.2
155560.13664132028	1200	29.193413910762974	0.0	487160	2774.9312779986476	1.2
155563.10419469044	1200	30.225860540628254	0.0	622896	2967.5533701347204	1.2
155567.29034457856	1200	30.039710652505832	0.0	641447	4186.14988812242	1.2
155572.92612490483	1850	28.40393032624126	0.0	873429	5635.780326264576	1.2000000000000002
155577.9968567487	1850	27.333198482387623	0.0	954453	5070.731843853634	1.85
155583.5945804997	1850	25.73547473139466	0.0	885062	5597.723750992963	1.85
155592.23114829895	1850	21.098906932113962	0.0	1035329	8636.567799280698	1.85
155598.66373912894	1850	18.666316102121936	0.0	1026056	6432.5908299920275	1.85
155605.33927445253	1850	15.990780778534193	0.0	943942	6675.535323587743	1.85
155610.35456278652	1200	14.975492444553005	0.0	487812	5015.288333981187	0.5499999999999999
155612.67454463706	750	16.65551059403108	0.0	361565	2319.9818505219205	0.3
155615.1850579719	750	18.144997259179355	0.0	378327	2510.5133348517274	0.75
155617.3784529624	750	19.95160226866991	0.0	390680	2193.3949905094473	0.75
155619.49440117477	750	21.83565405628782	0.0	345516	2115.948212382089	0.75
155622.0872445031	750	23.242810727952218	0.0	384505	2592.8433283355985	0.75
155629.76274754357	1200	19.56730768750206	0.0	599477	7675.50304045016	0.75
155633.54446782012	1200	19.78558741098006	0.0	634861	3781.720276521999	1.2
155636.3551247769	1200	20.97493045419854	0.0	630203	2810.65695678152	1.2
155639.36727830858	1200	21.962776922518774	0.0	638661	3012.153531679766	1.2
155644.0060621611	1850	21.323993069999627	0.0	830730	4638.783852519147	1.2000000000000002
155667.88674907494	2850	4.0	2.5566938438491817	1364537	23880.686913848807	-9.14378352855148
155675.19762140943	750	4.0	3.3108723345000017	450283	7310.872334500002	-13.486751038350008
155676.1233491898	300	7.074272219660915	0.0	155580	925.727780339085	-0.15000000000000002
155676.78578738784	300	10.411834021591394	0.0	139857	662.4381980695202	0.3
155677.4647394677	300	13.732881941756007	0.0	155432	678.9520798353867	0.3
155678.12814149738	300	17.06947991207104	0.0	163442	663.4020296849692	0.3
155679.8069961821	750	19.390625227336145	0.0	318564	1678.8546847348912	0.3
155681.4598619053	750	21.737759504134957	0.0	352642	1652.8657232011908	0.75
155684.9249733946	1200	22.27264801484114	0.0	709534	3465.1114892938176	0.75
155687.87658962535	1200	23.32103178407506	0.0	584846	2951.616230766079	1.2
155690.85237054623	1200	24.345250863213483	0.0	560821	2975.7809208615786	1.2
155693.16216615328	1200	26.035455256154123	0.0	607410	2309.795607059356	1.2
155695.7893611959	1200	27.408260213554943	0.0	594078	2627.195042599182	1.2
155699.69015161908	1850	27.507469790380114	0.0	946851	3900.7904231748284	1.2000000000000002
155704.48365587989	1850	26.71396552956149	0.0	1036454	4793.504260818624	1.85
155709.64302104182	1850	25.55460036762332	0.0	821631	5159.365161938172	1.85
155715.53432998975	1850	23.66329141967073	0.0	923170	5891.308947952589	1.85
155721.00869646223	1850	22.188924947196465	0.0	966699	5474.366472474266	1.85
155725.5631011987	1850	21.634520210745617	0.0	885714	4554.404736450849	1.85
155730.92168248087	1850	20.275938928574295	0.0	987708	5358.5812821713225	1.85
155733.70804919963	1200	21.4895722098111	0.0	586839	2786.366718763194	0.5499999999999999
155736.36873681823	1200	22.828884591224114	0.0	601738	2660.6876185869883	1.2
155739.99553419938	1200	23.202087210066	0.0	616206	3626.797381158111	1.2
155744.4759250957	1200	22.721696313742395	0.0	656471	4480.390896323608	1.2
155747.7212981112	1200	23.476323298241436	0.0	536667	3245.373015500958	1.2
155753.79158146848	1200	21.40603994096166	0.0	587236	6070.283357279777	1.2
155762.816763443	1200	16.380857966465964	0.0	590335	9025.181974495696	1.2
155770.5162764624	1200	12.681344947051654	0.0	696376	7699.5130194143085	1.2
155778.94542548183	1200	8.252195927637901	0.0	487160	8429.149019413753	1.2
155779.7310402795	300	11.466581129955648	0.0	153605	785.6147976822517	-0.6000000000000001
155781.48951500643	300	13.708106403044676	0.0	149029	1758.4747269109725	0.3
155782.99995589154	300	16.19766551792121	0.0	157421	1510.4408851234682	0.3
155784.47575284264	300	18.72186856683699	0.0	157488	1475.7969510842215	0.3
155785.59409494954	300	21.603526459922698	0.0	143881	1118.3421069142883	0.3
155788.6451117529	750	22.55250965656762	0.0	412837	3051.016803355081	0.3
155791.52732405768	750	23.670297351795956	0.0	401088	2882.212304771663	0.75
155795.47881857157	750	23.718802837883505	0.0	365161	3951.4945139124507	0.75
155801.29157704662	750	21.906044362827465	0.0	321064	5812.758475056036	0.75
155812.94057427737	750	14.25704713208645	0.0	361565	11648.997230741015	0.75
155814.45560810232	300	16.7420133071243	0.0	144254	1515.0338249621504	-0.15000000000000002
155815.73096731465	300	19.466654094780818	0.0	149991	1275.3592123434805	0.3
155816.65874381826	300	22.53887759119176	0.0	147968	927.7765035890577	0.3
155818.17579763802	300	25.021823771405668	0.0	161857	1517.0538197860933	0.3
155820.33408883342	300	26.863532576013707	0.0	145210	2158.2911953919597	0.3
155822.41915688652	750	28.778464522928108	0.0	438281	2085.0680530855952	0.3
155824.67979364796	1200	30.51782776150983	0.0	630203	2260.6367614182786	0.75
155827.852181517	1850	31.34543989245601	0.0	982064	3172.387869053817	1.2000000000000002
155831.8890254204	2850	31.30859598905161	0.0	1231456	4036.8439034044004	1.85
155836.3745519533	2850	30.823069456125282	0.0	1364537	4485.526532926326	2.85
155837.6329589974	750	33.56466241204423	0.0	450283	1258.4070440810567	0.75
155844.60861136822	2850	30.589010041201966	0.0	1431809	6975.652370842259	0.75
155851.37566423236	2850	27.821957177098092	0.0	1300868	6767.052864103877	2.85
155859.53929852124	2850	23.658322888185253	0.0	1520281	8163.63428891284	2.85
155864.73334231606	1850	22.464279093361885	0.0	996749	5194.043794823366	0.8500000000000001
155867.93832659052	1850	23.259294818917734	0.0	801058	3204.9842744441526	1.85
155870.33127654705	1850	24.86634486238465	0.0	905515	2392.9499565330843	1.85
155873.35323371933	1850	25.844387690116783	0.0	1060487	3021.9571722678666	1.85
155876.00204308287	1850	27.19557832657617	0.0	852833	2648.809363540612	1.85
155878.34413565503	1850	28.85348575438076	0.0	913888	2342.09257219541	1.85
155883.3402554643	2850	27.85736594512464	0.0	1354548	4996.119809256115	1.85
155887.26155359644	2850	27.93606781298983	0.0	1519951	3921.2981321348107	2.85
155890.02222855348	2850	29.175392855963807	0.0	1422919	2760.67495702602	2.85
155893.39488093657	2850	29.802740472880703	0.0	1578343	3372.6523830831043	2.85
155895.9540567434	2850	31.24356466606088	0.0	1231445	2559.1758068198264	2.85
155899.0217987423	2850	32.17582266713844	0.0	1471065	3067.7419989224363	2.85
155903.44955541883	4300	31.74806599062357	0.0	2289689	4427.756676514873	2.8499999999999996
155909.78772714385	4300	29.40989426559402	0.0	2059512	6338.171725029551	4.3
155919.72876357828	4300	23.46885783115412	0.0	2220726	9941.0364344399	4.3
155926.12150798886	2850	21.07611342057365	0.0	1336050	6392.7444105804725	1.4000000000000001
155934.22722353056	2850	16.970397878878604	0.0	1415116	8105.715541695043	2.85
155939.94993064858	1850	15.247690760850306	0.0	955231	5722.707118028299	0.8500000000000001
155944.40463792175	1850	14.792983487691734	0.0	968026	4454.707273158571	1.85
155946.65868010875	1200	16.5389413006815	0.0	536667	2254.042187010234	0.5499999999999999
155949.5037805415	1200	17.6938408679228	0.0	587236	2845.100432758704	1.2
155954.23542678534	1200	16.96219462407617	0.0	590335	4731.646243846628	1.2
155958.98854418937	1200	16.209077220065407	0.0	696376	4753.117404010761	1.2
155962.50997510328	1200	16.687646306134422	0.0	487160	3521.430913930984	1.2
155966.07297258868	1200	17.124648820720818	0.0	622896	3562.997485413607	1.2
155969.86248274666	1200	17.335138662756908	0.0	641447	3789.510157963907	1.2
155972.9988513813	1200	18.198770028125498	0.0	570392	3136.3686346314107	1.2
155977.7070147921	1200	17.490606617315272	0.0	620283	4708.163410810226	1.2
155983.5902562423	1200	15.607365167122545	0.0	584349	5883.241450192728	1.2
155986.53613324303	750	16.661488166399128	0.0	412837	2945.877000723416	0.3
155992.22746686343	750	14.970154545997222	0.0	401088	5691.333620401908	0.75
155996.25302793182	750	14.94459347761415	0.0	365161	4025.5610683830723	0.75
155996.839780741	750	18.35784066842728	0.0	321064	586.7528091868732	0.75
155998.14564060615	750	21.051980803292416	0.0	361565	1305.8598651348614	0.75
156000.38967402594	750	22.80794738349362	0.0	378327	2244.0334197987963	0.75
156002.95747753233	750	24.240143877086524	0.0	390680	2567.803506407094	0.75
156007.5036802692	1200	23.693941140203272	0.0	566904	4546.202736883255	0.75
156011.65071586415	1200	23.54690554526719	0.0	641452	4147.035594936084	1.2
156016.7699654933	1200	22.427655916121186	0.0	599477	5119.249629146006	1.2
156022.6223062497	1200	20.575315159734863	0.0	634861	5852.340756386324	1.2
156024.5977495164	1200	22.599871893026805	0.0	630203	1975.4432667080566	1.2
156029.7023183585	1200	21.49530305090829	0.0	638661	5104.568842118515	1.2
156035.99835080272	1850	19.199270606686785	0.0	830730	6296.032444221504	1.2000000000000002
156049.23150906732	2850	9.966112342067133	0.0	1364537	13233.158264619651	1.85
156051.82656760208	750	11.371053807336427	0.0	450283	2595.0585347307047	0.75
156056.28958436957	750	10.908037039821687	0.0	398865	4463.0167675147395	0.75
156059.56798837247	750	11.629633036928261	0.0	350812	3278.404002893425	0.75
156061.72096557953	750	13.476655829853907	0.0	382355	2152.9772070743547	0.75
156063.57534472918	750	15.622276680204122	0.0	411561	1854.3791496497852	0.75
156064.16467342174	750	19.032947987648434	0.0	318564	589.3286925556874	0.75
156065.94565184525	750	21.251969564131205	0.0	352642	1780.9784235172262	0.75
156068.5214899194	750	22.67613148997807	0.0	437162	2575.838074153136	0.75
156070.6433670636	750	24.554254345752373	0.0	374758	2121.8771442256993	0.75
156073.81569072008	1200	25.381930689284584	0.0	560821	3172.3236564677873	0.75
156078.28989325318	1200	24.907728156201816	0.0	607410	4474.202533082769	1.2
156079.31511541325	1200	27.88250599614461	0.0	594078	1025.2221600572084	1.2
156082.5927915388	1200	28.604829870575102	0.0	624282	3277.6761255695046	1.2
156088.42362441187	1200	26.773996997529355	0.0	687371	5830.832873045745	1.2
156092.37369219124	1200	26.823929218136684	0.0	526950	3950.067779392674	1.2
156094.53497630506	1200	28.662645104315835	0.0	587876	2161.2841138208496	1.2
156097.92439128042	1200	29.27323012898255	0.0	617242	3389.4149753332813	1.2
156103.57122077176	1200	27.626400637625892	0.0	581493	5646.829491356662	1.2
156106.99055091006	1200	28.207070499336787	0.0	639204	3419.3301382891054	1.2
156110.5137821283	1200	28.68383928107737	0.0	586839	3523.231218259419	1.2
156115.8962502154	1200	27.30137119398918	0.0	601738	5382.468087088191	1.2
156120.68488028646	1200	26.512741122927544	0.0	616206	4788.630071061639	1.2
156128.0544354013	1200	23.143186008056798	0.0	656471	7369.555114870746	1.2
156134.62601449605	1200	20.57160691330838	0.0	536667	6571.579094748417	1.2
156136.92244160606	750	22.2751798032835	0.0	359903	2296.42711002488	0.3
156139.1145890485	750	24.083032360862326	0.0	379700	2192.1474424211724	0.75
156141.868944389	750	25.328677020369366	0.0	425781	2754.3553404929594	0.75
156143.53612186672	750	27.661499542626856	0.0	277716	1667.1774777425094	0.75
156146.06971428593	750	29.12790712340868	0.0	400396	2533.592419218176	0.75
156148.5541347206	750	30.6434866887587	0.0	400508	2484.420434649981	0.75
156150.62126477688	750	32.576356632470095	0.0	358218	2067.130056288605	0.75
156154.05672705686	1200	33.140894352494335	0.0	620283	3435.462279975752	0.75
156158.42797924587	1200	32.76964216347491	0.0	584349	4371.252189019424	1.2
156162.52270192417	1200	32.6749194851665	0.0	670129	4094.7226783084147	1.2
156166.96326092153	1200	32.23436048779084	0.0	690253	4440.558997375662	1.2
156171.83497722482	1200	31.362644184493913	0.0	598727	4871.716303296923	1.2
156175.02648533141	1200	32.17113607789101	0.0	487812	3191.5081066028965	1.2
156178.31370742284	1200	32.883913986440184	0.0	575591	3287.22209145083	1.2
156181.9850378108	1200	33.212583598504324	0.0	605884	3671.3303879358696	1.2
156185.04103721303	1200	34.15658419627366	0.0	587506	3055.9994022306664	1.2
156188.61293506905	1200	34.58468634025392	0.0	566904	3571.8978560197465	1.2
156192.52501876772	1200	34.6726026415909	0.0	641452	3912.083698663018	1.2
156196.22643623516	1200	34.971185174145916	0.0	599477	3701.4174674449832	1.2
156201.72882834147	1850	33.46879306783792	0.0	973972	5502.392106307998	1.2000000000000002
156206.8279785144	1850	32.369642894886994	0.0	958994	5099.150172950924	1.85
156212.68272421177	1850	30.514897197502542	0.0	982064	5854.745697384454	1.85
156219.64131867728	2850	27.556302732002038	0.0	1231456	6958.594465500504	1.85
156227.41671582987	2850	23.78090557940008	0.0	1364537	7775.397152601954	2.85
156229.81517266654	750	25.382448742727135	0.0	450283	2398.4568366729463	0.75
156231.61592964514	750	27.581691764127704	0.0	398865	1800.756978599431	0.75
156233.03150331532	750	30.166118093950363	0.0	350812	1415.5736701773387	0.75

