137804.55289177693	750	4.0	2.905148303948766	450283	2905.148303948766	-11.742137706979694
137805.59618376187	300	6.956708015063269	0.0	155580	1043.291984936731	-0.15000000000000002
137806.7471868397	300	9.805704937221734	0.0	139857	1151.003077841536	0.3
137807.88398886248	300	12.668902914424304	0.0	155432	1136.8020227974282	0.3
137808.75736607757	300	15.795525699346312	0.0	163442	873.3772150779934	0.3
137809.44932191249	300	19.103569864410463	0.0	126289	691.9558349358476	0.3
137810.62714757575	300	21.92574420114428	0.0	153295	1177.8256632661844	0.3
137811.94088358004	300	24.612008196884453	0.0	173849	1313.7360042598268	0.3
137812.97963961758	300	27.573252159309014	0.0	150710	1038.7560375754401	0.3
137813.77106945057	300	30.78182232633247	0.0	139105	791.4298329765445	0.3
137814.729253789	300	33.82363798787036	0.0	141840	958.1843384621014	0.3
137815.57742799315	300	36.975463783731236	0.0	156148	848.1742041391302	0.3
137816.59265287404	300	39.96023890283469	0.0	160746	1015.2248808965435	0.3
137818.1438499139	300	42.40904186297825	0.0	179801	1551.1970398564338	0.3
137819.026647222	300	45.52624455489699	0.0	140051	882.7973080812566	0.3
137819.79595096252	300	48.75694081435413	0.0	138313	769.30374054286	0.3
137821.73079801447	750	50.82209376240437	0.0	360831	1934.8470519497564	0.3
137824.02545859586	750	52.52743318099202	0.0	372963	2294.660581412351	0.75
137826.14125573245	750	54.411636044409136	0.0	405596	2115.7971365828826	0.75
137827.69888071532	750	56.85401106153304	0.0	350713	1557.6249828760922	0.75
137829.41806619978	750	59.134825577078544	0.0	386472	1719.1854844544978	0.75
137831.44210847077	750	59.82346580502977	0.0	399894	1811.3597720487728	0.75
137834.4208367543	750	59.630442912724206	0.0	401853	2693.022892305572	0.75
137836.48529725234	750	59.64606535932186	0.0	343800	1984.3775534023453	0.75
137838.94542551946	750	59.90604269806582	0.0	359903	1740.0226612560443	0.75
137842.23462924818	750	59.8919936366612	0.0	379700	3014.049061404618	0.75
137847.3468997634	750	58.77972312146164	0.0	425781	5112.270515199554	0.75
137851.54059376573	750	58.58602911909313	0.0	277716	4193.694002368513	0.75
137854.30681519545	750	59.81980768940204	0.0	400396	2766.2214296910897	0.75
137857.4763480745	750	59.65371155715265	0.0	400508	2666.0961322493945	0.75
137860.54443593472	750	59.76638600043592	0.0	358218	2887.325556716725	0.75
137863.07979623548	750	59.78408700181946	0.0	400322	2482.2989986164685	0.75
137866.21128674326	750	59.874872398995045	0.0	369834	2409.2146028244065	0.75
137868.96282245763	750	59.98524249427023	0.0	412837	2389.6299047248117	0.75
137871.93026496522	750	59.626974145314776	0.0	401088	2358.2683489554615	0.75
137874.53143916928	750	59.5364741226068	0.0	365161	2090.50002270797	0.75
137876.3344507107	750	59.835305442552574	0.0	321064	1701.1686800542252	0.75
137878.68428398133	750	59.65631023794427	0.0	361565	2178.995204608308	0.75
137881.97376657822	750	59.7919879724998	0.0	378327	2364.3222654444785	0.75
137885.48817113155	750	59.94286586156561	0.0	390680	2849.1221109341873	0.75
137889.2550130768	750	59.58658611014021	0.0	345516	2856.279751425396	0.75
137893.0421182794	750	59.79948090751251	0.0	384505	3287.105202627703	0.75
137896.93292731338	750	59.50841008874422	0.0	372093	3291.0708187682926	0.75
137900.82948836242	750	59.61184903971173	0.0	438281	3896.5610490324916	0.75
137904.50282535225	750	59.938512049891365	0.0	398987	3673.3369898203605	0.75
137908.1387835418	750	59.63485108214013	0.0	393804	2803.6609677512406	0.75
137912.79976348113	1200	58.973871142784574	0.0	538612	4660.979939355554	0.75
137924.6324355253	2850	51.14119909863505	0.0	1364537	11832.672044149525	1.2000000000000002
137928.00636067372	750	51.767273950214935	0.0	450283	3373.9251484201186	0.75
137931.42330844273	750	52.350326181228844	0.0	398865	3416.947768986088	0.75
137934.74144286657	750	53.032191757378754	0.0	350812	3318.134423850087	0.75
137940.11452303064	750	51.659111593317405	0.0	382355	5373.080164061348	0.75
137944.25364212113	750	51.51999250282818	0.0	411561	4139.11909048923	0.75
137946.40490100608	750	53.36873361789782	0.0	318564	2151.258884930367	0.75
137948.55542609942	750	55.21820852453985	0.0	352642	2150.525093357965	0.75
137951.29945189017	750	56.47418273378669	0.0	437162	2744.025790753154	0.75
137953.55670498346	750	58.216929640477304	0.0	374758	2257.253093309386	0.75
137955.91422495336	750	59.84377898726831	0.0	362795	1873.1506532090013	0.75
137957.90800901692	750	59.694071613841714	0.0	353220	1649.7073734265975	0.75
137960.23104710324	750	59.899590915735224	0.0	405134	2294.4806981064917	0.75
137963.23184388908	750	59.588471216922365	0.0	386351	2811.1196988128613	0.75
137968.18637066777	750	58.63394443825758	0.0	434409	4954.526778664784	0.75
137974.06194335554	750	56.75837175048536	0.0	337059	5875.572687772218	0.75
137979.58718507667	750	55.2331300293225	0.0	366214	5525.241721162865	0.75
137985.19711852548	750	53.623196580527456	0.0	360831	5609.933448795047	0.75
137986.7944295422	300	56.02588556378082	0.0	150616	1597.311016746636	-0.15000000000000002
137988.13924971828	300	58.681065387726875	0.0	165384	1344.8201760539403	0.3
137989.86093367398	300	59.80626486798269	0.0	140881	1374.8005197441873	0.3
137991.97448863948	300	59.75742910320998	0.0	157671	2048.8357647727107	0.3
137994.8808530575	300	59.78260649456367	0.0	157812	1974.8226086463071	0.3
137998.19935790962	300	59.66912497319165	0.0	163927	2613.48152137203	0.3
138000.92364463577	300	59.74899327549248	0.0	137654	2420.1316976991634	0.3
138002.8987555793	300	59.808515317951375	0.0	146754	1940.477957541111	0.3
138007.1999570754	300	59.5073138218715	0.0	153938	4301.201496079874	0.3
138012.9021659966	300	57.805104900664546	0.0	181901	5702.208921206947	0.3
138016.4239829291	300	58.28328796819894	0.0	111155	3521.8169324656064	0.3
138018.82590019077	300	59.8813707065005	0.0	153605	2401.9172616984397	0.3
138021.61076016776	300	59.983829516724064	0.0	149029	2397.541189776433	0.3
138024.64943527902	300	59.82815135472906	0.0	157421	2655.678161995003	0.3
138028.7662799799	300	59.57122747887713	0.0	157488	3756.9238758519373	0.3
138032.53176885386	300	59.80573860492439	0.0	143881	3765.488873952733	0.3
138036.78693751578	300	59.55056994302536	0.0	163444	4255.168661899035	0.3
138044.72788978266	300	55.60961767611174	0.0	179328	7940.952266913622	0.3
138049.1129791773	300	55.2245282814721	0.0	159914	4385.089394639635	0.3
138053.01036390595	300	55.32714355279561	0.0	131610	3897.384728676489	0.3
138055.81625995203	300	56.521247506726894	0.0	124011	2805.8960460687167	0.3
138058.67257108437	300	57.66493637437672	0.0	144254	2856.311132350171	0.3
138063.33337186676	300	57.00413559199692	0.0	149991	4660.800782379801	0.3
138067.20700740675	300	57.130500052019265	0.0	147968	3873.6355399776608	0.3
138070.14695507367	300	58.19055238510582	0.0	161857	2939.9476669134465	0.3
138072.79735612028	300	59.54015133845803	0.0	145210	2650.4010466477885	0.3
138076.42310358814	300	59.91440387060492	0.0	172312	3625.7474678531075	0.3
138078.92866705224	300	59.630494355222595	0.0	167025	2283.9095153823264	0.3
138081.03273204592	300	59.61978883274781	0.0	160064	2010.7055224747892	0.3
138085.2535280377	750	59.39899284096992	0.0	331053	4220.795991777889	0.3
138110.0536919867	1850	38.59882889200186	0.0	846370	24800.16394896806	0.75
138127.55894125765	750	25.09357962101142	0.0	450283	17505.249270990444	0.75
138132.05538744587	300	24.59713343279888	0.0	155580	4496.446188212536	-0.15000000000000002
138135.84869936534	300	24.80382151333052	0.0	139857	3793.311919468362	0.3
138139.5774352227	300	25.07508565599226	0.0	155432	3728.7358573382576	0.3
138146.2323039786	300	22.420216900067825	0.0	163442	6654.868755924434	0.3
138148.91853959602	300	23.733981282683008	0.0	126289	2686.235617384816	0.3
138151.93939686424	300	24.71312401447271	0.0	153295	3020.857268210296	0.3
138153.88040304635	300	26.772117832361918	0.0	173849	1941.0061821107945	0.3
138155.28382604866	300	29.368694830034705	0.0	150710	1403.4230023272114	0.3
138156.48454092408	300	32.16797995462052	0.0	139105	1200.7148754141858	0.3
138157.53583004215	300	35.116690836549985	0.0	141840	1051.2891180705346	0.3
138158.6087313248	300	38.04378955387496	0.0	156148	1072.9012826750236	0.3
138159.97711988073	300	40.67540099797284	0.0	160746	1368.3885559021235	0.3
138161.32964872234	300	43.32287215637038	0.0	179801	1352.528841602453	0.3
138162.30241966076	300	46.35010121796519	0.0	140051	972.7709384051889	0.3
138163.33809364896	300	49.3144272297476	0.0	138313	1035.6739882175932	0.3
138164.14632466325	300	52.50619621547918	0.0	143509	808.2310142684188	0.3
138165.09282424964	300	55.55969662906627	0.0	150616	946.4995864128998	0.3
138166.2394980246	300	58.41302285409595	0.0	165384	1146.673774970326	0.3
138167.25792892408	300	59.922870129284675	0.0	140881	990.1527248112793	0.3
138169.48060319648	750	59.70567208043043	0.0	386472	2217.1980488542395	0.3
138172.63037455917	750	59.8335245108389	0.0	399894	2372.1475695915337	0.75
138175.68309479667	750	59.89097628864416	0.0	401853	2442.5482221947364	0.75
138178.5354827398	750	59.69486832472095	0.0	343800	2196.1079639232094	0.75
138181.3143224165	750	59.50808847600794	0.0	359903	2186.779848713006	0.75
138184.32918931067	750	59.98218494288947	0.0	379700	2025.9035331184732	0.75
138187.18109399363	750	59.986214281942	0.0	425781	1995.9706609474752	0.75
138189.4656524203	750	59.96640207959898	0.0	277716	1519.8122023430215	0.75
138192.88995021378	750	59.512126295037106	0.0	400396	2454.2757845618708	0.75
138197.27695801156	750	59.125118497245275	0.0	400508	4387.007797791834	0.75
138200.46156273087	750	59.52633104094324	0.0	358218	3098.7874563020378	0.75
138203.76467304185	750	59.807684516960634	0.0	400322	2718.6465239826057	0.75
138206.72884602833	750	59.56282991721053	0.0	369834	2244.854599750107	0.75
138209.61664878874	750	59.858587730373785	0.0	412837	2704.2421868367405	0.75
138212.54595638666	750	59.634714218207925	0.0	401088	2723.873512165859	0.75
138217.10730239959	750	59.073368205278285	0.0	365161	4561.3460129296445	0.75
138219.7721132689	750	59.50035281993569	0.0	321064	2073.01538534259	0.75
138221.74443443888	750	59.590089976964286	0.0	361565	1910.262842971409	0.75
138224.2806380051	750	59.55301735736198	0.0	378327	1537.0726196022995	0.75
138226.5076474391	750	59.88407811364073	0.0	390680	1668.9392437212543	0.75
138228.7420584935	750	59.73490768160373	0.0	345516	1649.1704320370065	0.75
138230.9545962137	750	59.837259132668706	0.0	384505	1897.6485489350257	0.75
138233.02129624752	750	59.57985370140561	0.0	372093	1757.4054312630876	0.75
138236.46680639035	1200	59.713245931264076	0.0	634861	3366.6077701415343	0.75
138240.49563504214	1200	59.68441727949245	0.0	630203	3528.8286517716224	1.2
138247.80701743046	1200	56.373034891177674	0.0	638661	7311.382388314775	1.2
138260.812871039	1850	47.36718128262523	0.0	830730	13005.85360855244	1.2000000000000002
138271.8811109537	2850	40.29894136792551	0.0	1364537	11068.239914699723	1.85
138276.648807386	750	39.53124493564514	0.0	450283	4767.69643228037	0.75
138278.13416975117	300	42.04588257046492	0.0	155580	1485.362365180216	-0.15000000000000002
138280.57311752808	300	43.60693479353672	0.0	139857	2438.947776928193	0.3
138282.87197337527	300	45.308078946360126	0.0	155432	2298.8558471765996	0.3
138285.39827491582	300	46.78177740579465	0.0	163442	2526.301540565473	0.3
138288.56497001875	300	47.615082302869126	0.0	126289	3166.6951029255297	0.3
138292.47270735723	300	47.70734496437552	0.0	153295	3907.7373384935995	0.3
138297.91410252437	300	46.26594979722499	0.0	173849	5441.3951671505365	0.3
138301.57995653423	300	46.60009578736794	0.0	150710	3665.854009857041	0.3
138303.45337897784	300	48.726673343756616	0.0	139105	1873.4224436113327	0.3
138305.5888553141	300	50.591197007493065	0.0	141840	2135.4763362635526	0.3
138308.6460352529	300	51.53401706868675	0.0	156148	3057.1799388063187	0.3
138310.79826390283	300	53.381788418731304	0.0	160746	2152.2286499554457	0.3
138316.07499003995	300	52.10506228161514	0.0	179801	5276.726137116164	0.3
138318.26023819397	300	53.919814127586925	0.0	140051	2185.248154028213	0.3
138319.85954834925	300	56.320503972295676	0.0	138313	1599.3101552912503	0.3
138321.06316246686	300	59.116889854695216	0.0	143509	1203.614117600463	0.3
138323.06307247558	300	59.50256407496997	0.0	150616	1114.3257797252506	0.3
138326.76306660767	300	59.72585912341645	0.0	165384	2276.704951553521	0.3
138336.0367228808	300	54.452202850325925	0.0	140881	9273.65627309052	0.3
138338.34988090614	300	56.13904482496371	0.0	157671	2313.158025362213	0.3
138339.6606533058	300	58.82827242530978	0.0	157812	1310.7723996539344	0.3
138340.96343119646	300	59.74332141930015	0.0	163927	1084.9510060096252	0.3
138341.69143923695	300	59.63323084138247	0.0	137654	610.0905779176836	0.3
138343.11732161694	300	59.92174838266323	0.0	146754	711.4824587192429	0.3
138344.26842323164	300	59.900897535963075	0.0	153938	520.8508467001509	0.3
138346.23460280037	750	59.68243313559513	0.0	425781	1218.4644003679427	0.3
138347.2968238356	750	59.8851802021404	0.0	277716	797.2529334547327	0.75
138350.08057926988	1200	59.55128653591071	0.0	622896	2333.893666229688	0.75
138352.7102855266	1200	59.766364291561715	0.0	641447	1784.9222443489941	1.2
138354.87778337713	1200	59.77950737247959	0.0	570392	1486.8569190821252	1.2
138356.8964694571	1200	59.54098479824145	0.0	620283	1238.5225742381474	1.2
138358.60049175326	1200	59.78205540302689	0.0	584349	1258.9293952145567	1.2
138361.86447193948	1850	59.51461176038347	0.0	1035329	2767.443642643425	1.2000000000000002
138364.64450875716	1850	59.82186162330917	0.0	1026056	2692.7501370742975	1.85
138368.89214633056	1850	59.57422404993223	0.0	943942	3747.63757337693	1.85
138371.0733651027	1850	59.93257679087055	0.0	728962	2141.647259061687	1.85
138374.78825524423	1850	59.79341747664368	0.0	938587	3639.159314226858	1.85
138384.22981072747	1850	54.35186199339182	0.0	908665	9441.555483251865	1.85
138389.5785161976	1850	53.00315652327281	0.0	930577	5348.705470119016	1.85
138391.65394144726	750	54.927731273605765	0.0	345516	2075.425249667049	-0.3500000000000001
138393.74517247925	750	56.8365002416322	0.0	384505	2091.2310319735593	0.75
138396.52518571247	750	58.056487008411345	0.0	372093	2780.0132332208573	0.75
138404.6946699496	750	53.88700277127792	0.0	438281	8169.484237133421	0.75
138408.0602646662	750	54.52140805466136	0.0	398987	3365.5947166165624	0.75
138419.34662149876	750	47.235051222083555	0.0	393804	11286.356832577798	0.75
138427.25286045103	750	43.328812269818805	0.0	331053	7906.238952264759	0.75
138436.0181620318	1200	38.5635106890631	0.0	550906	8765.301580755699	0.75
138440.42319468324	750	38.15847803759826	0.0	450283	4405.032651464841	0.75
138442.70114697062	300	39.88052575020971	0.0	155580	2277.952287388542	-0.15000000000000002
138449.31492089079	300	37.26675183007594	0.0	139857	6613.773920133772	0.3
138457.10387948828	300	33.477793232560444	0.0	155432	7788.958597515498	0.3
138462.91926083766	300	31.662411883163156	0.0	163442	5815.381349397284	0.3
138467.02862348067	300	31.553049240158668	0.0	126289	4109.362643004491	0.3
138469.60122436605	300	32.980448354784535	0.0	153295	2572.600885374128	0.3
138471.524745854	300	35.05692686683031	0.0	173849	1923.5214879542295	0.3
138473.1511927994	300	37.430479921413436	0.0	150710	1626.446945416876	0.3
138474.79400676448	300	39.78766595636564	0.0	139105	1642.8139650477867	0.3
138476.04233250764	300	42.53934021319558	0.0	141840	1248.325743170063	0.3
138477.02764753398	300	45.5540251868651	0.0	156148	985.3150263304872	0.3
138478.021162243	300	48.560510477836395	0.0	160746	993.5147090286988	0.3
138479.2607141306	300	51.32095859026241	0.0	179801	1239.551887573987	0.3
138480.17013385173	300	54.41153886910599	0.0	140051	909.4197211564157	0.3
138480.8891754177	300	57.69249730316543	0.0	138313	719.0415659405593	0.3
138482.94614556996	750	59.63552715089654	0.0	360831	2056.970152268882	0.3
138485.4434574055	750	59.55568180964878	0.0	372963	2079.8453412477575	0.75
138486.98479031475	750	59.603748602178904	0.0	405596	1451.9332074698798	0.75
138489.29467163383	750	59.69400779351147	0.0	350713	1409.7408086674316	0.75
138491.4412629817	750	59.770282374790085	0.0	386472	1423.7254187213819	0.75
138494.8164278579	1200	59.628632901284185	0.0	616206	2641.6494735059014	0.75
138499.7285485578	1200	58.71651220140992	0.0	656471	4912.12069987426	1.2
138503.71253908513	1200	58.73252167408353	0.0	536667	3983.9905273263853	1.2
138508.0021060965	1200	58.44295466269484	0.0	587236	4289.567011388693	1.2
138511.41029099078	750	59.03476976842769	0.0	379700	3408.1848942671513	0.3
138514.45193933463	750	59.53363486425843	0.0	425781	3001.134904169252	0.75
138517.30951003468	750	59.569606234078144	0.0	277716	1964.02863018029	0.75
138520.9861367949	750	59.89297947386383	0.0	400396	3676.626760214315	0.75
138523.16188395952	750	59.6201903065849	0.0	400508	1772.7891672789228	0.75
138525.02237748614	750	59.59092254196989	0.0	358218	1529.2677646150196	0.75
138526.8687995699	750	59.52432438107209	0.0	400322	1566.5981608977959	0.75
138529.4742136023	750	59.811529326304594	0.0	369834	1712.7950547674927	0.75
138532.80107020936	750	59.79341051160655	0.0	412837	2518.1188146980426	0.75
138534.46537288965	750	59.98662806762152	0.0	401088	1306.7824439850403	0.75
138536.61264338938	1200	59.79175293592065	0.0	598727	1694.8751317008735	0.75
138538.12467526397	1200	59.90143468264488	0.0	487812	1390.3182532757648	1.2
138540.46771636035	1200	59.98627094510336	0.0	575591	1415.1637375415241	1.2
138542.18378502975	1200	59.78267528984508	0.0	605884	1703.59565525828	1.2
138545.69843125483	1200	59.98108868434157	0.0	587506	2801.586605503508	1.2
138549.59918545175	1200	59.832741395688515	0.0	566904	3148.347288653061	1.2
138554.7245768002	1200	58.70735004722688	0.0	641452	5125.391348461634	1.2
138558.94968835486	1200	58.48223849256413	0.0	599477	4225.111554662746	1.2
138568.04779054294	1200	53.38413630447726	0.0	634861	9098.102188086874	1.2
138570.67261078564	750	54.75931606178225	0.0	398987	2624.820242695006	0.3
138573.06852130117	750	56.363405546235676	0.0	393804	2395.9105155465727	0.75
138576.45971490006	1200	56.97221194735203	0.0	538612	3391.1935988836503	0.75
138588.70763273694	2850	48.72429411046626	0.0	1364537	12247.917836885767	1.2000000000000002
138595.55154150174	750	45.880385345684765	0.0	450283	6843.908764781493	0.75
138600.77718188058	750	44.654744966846216	0.0	398865	5225.6403788385505	0.75
138604.2489150486	750	45.18301179880679	0.0	350812	3471.7331680394263	0.75
138606.19185445315	300	47.24007239426607	0.0	155432	1942.9394045407164	-0.15000000000000002
138608.56223361145	300	48.86969323596689	0.0	163442	2370.3791582991753	0.3
138610.52911482868	300	50.90281201873088	0.0	126289	1966.8812172360228	0.3
138613.61020463883	300	51.82172220855871	0.0	153295	3081.0898101721605	0.3
138616.0787977815	300	53.353129065894684	0.0	173849	2468.5931426640327	0.3
138617.66561621582	300	55.7663106315668	0.0	150710	1586.8184343278767	0.3
138619.18641389633	300	58.24551295108114	0.0	139105	1520.797680485665	0.3
138621.57974025756	300	59.85218658983375	0.0	141840	2393.32636124739	0.3
138625.32118946055	300	59.98994284540813	0.0	156148	3362.243744425622	0.3
138630.40027738892	300	58.910854917021524	0.0	160746	5079.087928386602	0.3
138635.51159688056	300	57.79953542538702	0.0	179801	5111.319491634511	0.3
138640.0758525248	300	57.23527978113315	0.0	140051	4564.2556442538635	0.3
138642.19564505725	300	59.11548724867818	0.0	138313	2119.792532454977	0.3
138644.85430480517	300	59.92298790236905	0.0	143509	1692.499346309125	0.3
138646.2857807893	300	59.59533011108466	0.0	150616	1327.6577912843945	0.3
138649.13655702694	300	59.87185108869613	0.0	165384	2223.4790223885284	0.3
138650.89006343074	300	59.9737464944216	0.0	140881	1398.1045942745313	0.3
138651.9845809263	300	59.713688651398954	0.0	157671	760.0578430226449	0.3
138653.73667307495	300	59.95487240333391	0.0	157812	758.8162480650391	0.3
138654.75331529975	300	59.638189241243545	0.0	163927	816.6831620903625	0.3
138656.1429224405	300	59.948865202223445	0.0	137654	689.3240390200996	0.3
138658.72984833247	750	59.95554380710777	0.0	359903	1993.321395115673	0.3
138661.83984933866	750	59.88184555244491	0.0	379700	2573.698254662865	0.75
138665.2256173766	750	59.65261290923311	0.0	425781	2729.2326432118016	0.75
138667.14426099355	750	59.71655879812222	0.0	277716	1436.054111110892	0.75
138669.4377605444	750	59.67610377561324	0.0	400396	2040.455022508976	0.75
138672.4636627351	750	59.72017494442033	0.0	400508	2955.9288311929104	0.75
138676.62225288776	750	59.561584791760886	0.0	358218	4158.590152659448	0.75
138680.5177969893	750	59.6660406902299	0.0	400322	3895.544101530988	0.75
138684.87887869903	750	59.30495898049935	0.0	369834	4361.081709730548	0.75
138692.7702324919	750	55.41360518765122	0.0	412837	7891.353792848129	0.75
138695.42796151192	750	56.75587616761634	0.0	401088	2657.7290200348775	0.75
138698.1535291582	750	58.030308521320386	0.0	365161	2725.5676462959505	0.75
138700.2871147489	750	59.89672293062991	0.0	321064	2133.585590690479	0.75
138703.80542744708	750	59.61927926819091	0.0	361565	3277.443662439011	0.75
138708.30572119154	750	59.11898552371989	0.0	378327	4500.293744471015	0.75
138712.4849756685	750	58.93973104674262	0.0	390680	4179.254476977271	0.75
138715.28486044164	750	59.829497288790265	0.0	345516	2610.233757952358	0.75
138717.81896700955	750	59.817269512408274	0.0	384505	2512.227776381987	0.75
138720.08320345863	300	59.84209068363565	0.0	145210	1475.1788287726333	-0.15000000000000002
138721.9182285181	300	59.743106964061724	0.0	172312	1098.9837195739206	0.3
138725.41418004746	750	59.55315186932348	0.0	398987	2689.9550947382445	0.3
138729.53952042048	1200	59.427811496291746	0.0	638661	4125.3403730317295	0.75
138734.92637856066	1850	58.040953356126714	0.0	830730	5386.858140165028	1.2000000000000002
138742.9417209597	2850	54.025610957094806	0.0	1364537	8015.342399031917	1.85
138745.8815418342	750	55.08579008259514	0.0	450283	2939.8208744996678	0.75
138748.55764234488	750	56.409689571898895	0.0	398865	2676.1005106962384	0.75
138750.6990663897	750	58.26826552708004	0.0	350812	2141.4240448188607	0.75
138753.21649227198	750	59.75083964481076	0.0	382355	2517.425882269277	0.75
138755.71622905042	750	59.92062558515817	0.0	411561	2330.214059652586	0.75
138757.49340707777	750	59.80129793087577	0.0	318564	1619.3276542824044	0.75
138759.27531384103	750	59.68026973577348	0.0	352642	1621.0281951022885	0.75
138761.94568782992	750	59.621022025424594	0.0	437162	2559.2477103488864	0.75
138764.01253216236	750	59.592662998446606	0.0	374758	2028.3590269779882	0.75
138766.85473798035	750	59.88530274221701	0.0	362795	2207.3602562295996	0.75
138769.86268695677	750	59.81925103486536	0.0	353220	2566.051707351647	0.75
138772.6486375662	750	59.78222436469398	0.0	405134	2537.0266701713754	0.75
138775.27260803408	750	59.518701100374	0.0	386351	2263.5232643199815	0.75
138778.82152075088	750	59.96978838356355	0.0	434409	3048.9127168104574	0.75
138781.64185231828	750	59.83230256006199	0.0	337059	2137.4858235015563	0.75
138784.52283694726	750	59.64873311752122	0.0	366214	2183.5694425407687	0.75
138787.04195258662	750	59.687382891045395	0.0	360831	1961.350226475821	0.75
138788.94190256996	750	59.672290605831776	0.0	372963	1515.0922852136207	0.75
138791.50575341258	750	59.51579403356848	0.0	405596	2156.496572263291	0.75
138795.8340067283	750	59.1875407178286	0.0	350713	4328.253315739885	0.75
138797.1275440095	750	59.51007587030716	0.0	386472	677.4648475214345	0.75
138799.6910122959	750	59.97687794393396	0.0	399894	2533.197926373205	0.75
138802.52156940658	750	59.50173456859686	0.0	401853	2475.143375337094	0.75
138805.19578667503	750	59.99233280205242	0.0	343800	2009.4017665444467	0.75
138807.75490601562	750	59.98518088271748	0.0	359903	2007.1519193349272	0.75
138810.03992509964	750	59.808655051304136	0.0	379700	1676.525831413349	0.75
138812.59371835573	750	59.776505049588415	0.0	425781	2032.1500017157207	0.75
138814.49543086236	750	59.7609704234455	0.0	277716	1515.5346261429113	0.75
138816.64451539508	750	59.819517097346704	0.0	400396	1941.4533260987926	0.75
138819.55405106072	750	59.6335648678202	0.0	400508	2685.952229526506	0.75
138823.53062697203	1200	59.6569889565223	0.0	570392	3976.575911297901	0.75
138827.0037177594	1200	59.90602323654228	0.0	620283	2750.9657199800113	1.2
138830.96512001578	1200	59.944620980172	0.0	584349	3961.4022563702874	1.2
138835.84233007947	1200	59.0674109164827	0.0	670129	4877.210063689296	1.2
138839.2036677572	750	59.661610771359335	0.0	401088	2905.8001451233686	0.3
138843.4990795357	750	59.366198992858706	0.0	365161	4295.411778500633	0.75
138853.7702327192	750	53.09504580936963	0.0	321064	10271.153183489077	0.75
138854.96022196475	300	55.90505656380368	0.0	124011	1189.9892455659435	-0.15000000000000002

