28964.221632898105	750	4.0	1.932744951541337	450283	1932.744951541337	0.75	-7.5608032916277494
28965.1575963944	300	7.064036503701194	0.0	155580	935.9634962988063	0.75	-0.15000000000000002
28965.969545382177	300	10.252087515926648	0.0	139857	811.9489877745453	0.75	0.3
28967.739419086676	750	12.482213811427428	0.0	382355	1769.8737044992208	0.75	0.3
28969.211720322754	750	15.009912575349144	0.0	411561	1472.3012360782834	0.7	0.75
28970.241837490667	750	17.97979540743717	0.0	318564	1030.1171679119748	0.7	0.75
28971.38976447583	750	20.831868422273928	0.0	352642	1147.9269851632419	0.7	0.75
28974.813346001058	1850	21.40828689704509	0.0	1060487	3423.5815252288376	0.7	0.75
28977.538354130756	1850	22.6832787673488	0.0	852833	2725.0081296962935	0.7	1.85
28981.758379530456	2850	22.463253367648072	0.0	1429765	4220.025399700728	0.7	1.85
28985.127081038223	2850	23.094551859883182	0.0	1354548	3368.7015077648853	0.7	2.85
28989.072775680455	2850	23.148857217647826	0.0	1519951	3945.6946422353562	0.7	2.85
28992.481586607104	2850	23.740046291001494	0.0	1422919	3408.810926646332	0.7	2.85
28996.54597776501	2850	23.675655133095315	0.0	1578343	4064.391157906178	0.7	2.85
29001.425648732147	4300	22.79598416595622	0.0	2005399	4879.670967139096	0.7	2.8499999999999996
29007.602306563058	4300	20.6193263350464	0.0	2152483	6176.6578309098195	0.7	4.3
29014.454013631923	4300	17.767619266182855	0.0	2289689	6851.707068863548	0.7	4.3
29020.679258988697	4300	15.542373909407255	0.0	2059512	6225.245356775597	0.7	4.3
29027.622049111436	4300	12.599583786666955	0.0	2220726	6942.7901227403	0.7	4.3
29031.311804991903	2850	12.909827906200448	0.0	1336050	3689.7558804665073	0.7	1.4000000000000001
29035.304656780205	2850	12.916976117898567	0.0	1415116	3992.8517883018785	0.7	2.85
29038.859567694617	2850	13.362065203487507	0.0	1468126	3554.910914411061	0.7	2.85
29042.685890833807	2850	13.535742064295523	0.0	1505760	3826.3231391919844	0.7	2.85
29046.11559762776	2850	14.106035270342957	0.0	1323990	3429.7067939525637	0.7	2.85
29049.410152795117	2850	14.811480102984381	0.0	1383735	3294.555167358576	0.7	2.85
29053.36643738514	2850	14.855195512962553	0.0	1480464	3956.284590021828	0.7	2.85
29057.928354470427	2850	14.293278427672137	0.0	1547572	4561.917085290418	0.7	2.85
29063.130036031453	2850	13.091596866648938	0.0	1141971	5201.681561023198	0.7	2.85
29066.435830839342	2850	13.785802058758142	0.0	1498470	3305.7948078907966	0.7	2.85
29070.39486145885	2850	13.826771439249715	0.0	1561263	3959.0306195084268	0.7	2.85
29074.038283832422	2850	14.18334906567793	0.0	1341201	3643.4223735717837	0.7	2.85
29078.434315591185	2850	13.787317306914035	0.0	1497683	4396.031758763894	0.7	2.85
29081.88120748818	2850	14.340425409920023	0.0	1358081	3446.891896994013	0.7	2.85
29085.28448462333	2850	14.937148274768909	0.0	1587293	3403.2771351511155	0.7	2.85
29088.992807767314	2850	15.228825130785802	0.0	1492672	3708.3231439831047	0.7	2.85
29092.20406999052	2850	16.017562907579144	0.0	1439896	3211.2622232066597	0.7	2.85
29095.642687833926	2850	16.57894506417107	0.0	1139291	3438.6178434080757	0.7	2.85
29100.37540853103	2850	15.846224367069212	0.0	1499009	4732.720697101856	0.7	2.85
29103.789449469372	2850	16.432183428724223	0.0	1427478	3414.040938344989	0.7	2.85
29107.499393844544	2850	16.72223905355195	0.0	1402287	3709.9443751722756	0.7	2.85
29110.661712132733	2850	17.55992076536316	0.0	1339500	3162.3182881887856	0.7	2.85
29114.87388462077	2850	17.347748277325792	0.0	1527299	4212.172488037369	0.7	2.85
29118.160655334206	2850	18.06097756389387	0.0	1343002	3286.7707134319203	0.7	2.85
29121.743703494336	2850	18.477929403760033	0.0	1587250	3583.0481601338347	0.7	2.85
29128.09358793186	4300	16.128044966235958	0.0	2124950	6349.884437524076	0.7	2.8499999999999996
29133.08639651135	4300	15.13523638674512	0.0	2246506	4992.808579490837	0.7	4.3
29137.605816018695	4300	14.615816879402333	0.0	1961140	4519.419507342788	0.7	4.3
29143.720378056154	4300	12.50125484194226	0.0	2155012	6114.562037460074	0.7	4.3
29145.349066139024	750	14.872566759072757	0.0	450283	1628.6880828695028	0.7	0.75
29148.550947579548	1850	15.670685318548522	0.0	957685	3201.8814405242356	0.7	0.75
29151.640740631876	1850	16.58089226622321	0.0	877771	3089.7930523253112	0.7	1.85
29156.114165515744	2850	16.107467382353807	0.0	1520281	4473.424883869402	0.7	1.85
29161.323144608556	2850	14.898488289538129	0.0	1472558	5208.97909281568	0.7	2.85
29166.078717585515	2850	14.142915312581364	0.0	1224260	4755.572976956765	0.7	2.85
29173.21315307507	2850	11.008479823025587	0.0	1388403	7134.435489555778	0.7	2.85
29182.149152974387	2850	6.072479923708172	0.0	1638769	8935.999899317416	0.7	2.85
29185.818068960016	1850	6.403563938080483	0.0	852833	3668.9159856276888	0.7	0.8500000000000001
29188.609352485262	1850	7.612280412833347	0.0	913888	2791.283525247135	0.7	1.85
29191.35764061389	1850	8.863992284208686	0.0	939819	2748.2881286246607	0.7	1.85
29193.993597838555	1850	10.228035059543384	0.0	917428	2635.9572246653042	0.7	1.85
29196.790865844498	1850	11.430767053600285	0.0	946851	2797.268005943099	0.7	1.85
29200.314267386286	1850	11.907365511813682	0.0	1036454	3523.401541786604	0.7	1.85
29205.15718530655	1850	11.06444759155271	0.0	821631	4842.917920260969	0.7	1.85
29209.847637176066	1850	10.37399572203688	0.0	923170	4690.451869515829	0.7	1.85
29215.534633967498	1850	8.6869989306089	0.0	966699	5686.996791427982	0.7	1.85
29219.675591726787	1850	8.546041171318302	0.0	885714	4140.957759290597	0.7	1.85
29222.239680677398	1850	9.981952220708342	0.0	987708	2564.0889506099593	0.7	1.85
29224.779942883928	1850	11.441690014180185	0.0	923755	2540.2622065281585	0.7	1.85
29227.606048988393	1850	12.61558390971358	0.0	891604	2826.1061044666058	0.7	1.85
29230.55827819919	1850	13.663354698914416	0.0	955231	2952.229210799163	0.7	1.85
29233.507013776387	1850	14.714619121720213	0.0	968026	2948.7355771942016	0.7	1.85
29236.211514990642	1850	16.010117907466295	0.0	874175	2704.5012142539176	0.7	1.85
29238.450636331272	1850	17.770996566838782	0.0	897976	2239.121340627515	0.7	1.85
29243.819156037596	2850	16.402476860515364	0.0	1480464	5368.519706323419	0.7	1.85
29247.033438389077	2850	17.18819450903379	0.0	1547572	3214.282351481571	0.7	2.85
29249.883999725185	2850	18.33763317292669	0.0	1141971	2850.561336107102	0.7	2.85
29253.564886406177	2850	18.656746491935742	0.0	1498470	3680.8866809909496	0.7	2.85
29260.417188479703	2850	15.804444418407558	0.0	1561263	6852.302073528183	0.7	2.85
29271.357905264224	2850	8.86372763388653	0.0	1341201	10940.716784521028	0.7	2.85
29310.16178329395	1850	4.0	29.940150395835026	954453	38803.878029721556	0.7	-127.89264670209062
29324.473208860072	750	4.0	10.311425566124964	369834	14311.425566124964	0.7	-44.689129934337345
29333.61850550534	300	4.0	5.145296645265371	163444	9145.29664526537	0.7	-22.274775574641094
29336.112965488126	300	5.505540017214871	0.0	179328	2494.4599827851293	0.7	0.3

