149650.55709762138	750	4.0	2.7466765770630146	450283	2746.6765770630145	-11.060709281370963
149651.9173205045	300	6.639777116905003	0.0	155580	1360.222883094997	-0.15000000000000002
149653.08781078685	300	9.4692868345546	0.0	139857	1170.4902823504037	0.3
149654.35134800867	300	12.205749612724821	0.0	155432	1263.537221829778	0.3
149655.63665381251	300	14.92044380887056	0.0	163442	1285.3058038542597	0.3
149657.883618357	750	16.673479264399624	0.0	318564	2246.9645444709367	0.3
149660.0997830377	750	18.45731458371516	0.0	352642	2216.164680684467	0.75
149663.30475685978	750	19.252340761631388	0.0	437162	3204.9738220837708	0.75
149667.44221162915	1200	19.114885992269077	0.0	584846	4137.4547693623135	0.75
149671.63735466482	1200	18.919742956603404	0.0	560821	4195.143035665671	1.2
149676.15409763256	1200	18.402999988868338	0.0	607410	4516.742967735067	1.2
149680.29614673974	1200	18.260950881689023	0.0	594078	4142.049107179317	1.2
149685.9483122309	1200	16.608785390531892	0.0	624282	5652.165491157133	1.2
149691.14874399354	1200	15.408353627885123	0.0	687371	5200.431762646767	1.2
149694.42478568733	750	16.132311934113012	0.0	337059	3276.0416937721116	0.3
149698.19073273355	750	16.36636488788546	0.0	366214	3765.9470462275517	0.75
149702.17115053826	750	16.385947083169135	0.0	360831	3980.4178047163236	0.75
149706.86748903024	750	15.689608591196407	0.0	372963	4696.33849197273	0.75
149710.58591836432	750	15.971179257125735	0.0	405596	3718.429334070671	0.75
149713.46951492652	750	17.087582694907773	0.0	350713	2883.5965622179588	0.75
149716.45543256952	750	18.101665051885785	0.0	386472	2985.91764302199	0.75
149719.73825752063	750	18.8188401008003	0.0	399894	3282.824951085484	0.75
149723.37598962765	750	19.181107993768833	0.0	401853	3637.732107031469	0.75
149726.12573937853	750	20.43135824287319	0.0	343800	2749.7497508956435	0.75
149728.69992228755	750	21.857175333854066	0.0	359903	2574.1829090191236	0.75
149731.57411497965	750	22.98298264175914	0.0	379700	2874.192692094925	0.75
149734.53947817525	750	24.01761944616921	0.0	425781	2965.36319558993	0.75
149736.9005094494	750	25.656588172041847	0.0	277716	2361.031274127362	0.75
149739.86458581145	750	26.692511809986957	0.0	400396	2964.0763620548905	0.75
149743.04098009385	750	27.516117527578395	0.0	400508	3176.3942824085652	0.75
149745.58345632176	750	28.9736412996526	0.0	358218	2542.4762279257966	0.75
149748.5267919408	750	30.03030568065389	0.0	400322	2943.3356189987085	0.75
149751.17110124067	750	31.385996380769544	0.0	369834	2644.3092998843426	0.75
149757.52701889636	1200	29.030078725062655	0.0	670129	6355.917655706889	0.75
149765.06025842784	1200	25.496839193591594	0.0	690253	7533.239531471062	1.2
149770.1599043872	1200	24.39719323420406	0.0	598727	5099.6459593875325	1.2
149774.51666069138	1200	24.040436930029863	0.0	487812	4356.756304174196	1.2
149778.97733630947	1200	23.579761311940292	0.0	575591	4460.675618089573	1.2
149784.29322624946	1200	22.263871371935593	0.0	605884	5315.889940004697	1.2
149788.39654852104	750	22.160549100357827	0.0	390680	4103.322271577765	0.3
149791.33906066878	750	23.21803695264498	0.0	345516	2942.51214771285	0.75
149794.58211055683	750	23.97498706455972	0.0	384505	3243.049888085261	0.75
149797.7703898306	750	24.78670779079584	0.0	372093	3188.279273763878	0.75
149805.51093234288	750	21.04616527854085	0.0	438281	7740.5425122549905	0.75
149812.38719060467	750	18.169907016783103	0.0	398987	6876.25826175775	0.75
149816.02977908272	750	18.52731853872763	0.0	393804	3642.5884780554697	0.75
149819.04859392773	750	19.50850369370037	0.0	331053	3018.8148450272656	0.75
149826.63715801592	1850	15.919939605527016	0.0	846370	7588.564088173351	0.75
149830.56690704796	750	15.990190573477289	0.0	450283	3929.749032049729	0.75
149833.6107942362	750	16.946303385235158	0.0	398865	3043.887188242132	0.75
149836.3272481596	750	18.229849461852435	0.0	350812	2716.4539233827245	0.75
149839.84668370328	750	18.710413918176457	0.0	382355	3519.4355436759815	0.75
149843.52342208193	750	19.033675539523323	0.0	411561	3676.7383786531313	0.75
149847.17564555307	750	19.381452068368517	0.0	318564	3652.223471154805	0.75
149853.1433035633	750	17.413794058149488	0.0	352642	5967.658010219031	0.75
149861.17978458718	750	13.37731303426277	0.0	437162	8036.481023886717	0.75
149866.97995404736	750	11.577143574096782	0.0	374758	5800.169460165987	0.75
149868.6351998423	300	13.921897779143764	0.0	139105	1655.2457949530178	-0.15000000000000002
149870.51075629122	300	16.046341330232075	0.0	141840	1875.5564489116905	0.3
149873.30006709098	300	17.257030530442368	0.0	156148	2789.3107997897077	0.3
149875.45084620797	300	19.10625141346673	0.0	160746	2150.7791169756388	0.3
149877.69946472943	300	20.857632892008183	0.0	179801	2248.618521458545	0.3
149879.40020509734	300	23.156892524091404	0.0	140051	1700.740367916779	0.3
149881.172262775	300	25.384834846433417	0.0	138313	1772.0576776579887	0.3
149882.75119122848	300	27.805906392955656	0.0	143509	1578.9284534777603	0.3
149884.45635332837	300	30.100744293058725	0.0	150616	1705.1620998969286	0.3
149889.89173941803	750	28.665358203396064	0.0	405596	5435.386089662661	0.3
149895.54029889352	750	27.016798727904664	0.0	350713	5648.559475491398	0.75
149902.14152379826	750	24.41557382316	0.0	386472	6601.224904744663	0.75
149908.99055427383	750	21.566543347615138	0.0	399894	6849.030475544863	0.75
149914.87007676484	750	19.687020856585157	0.0	401853	5879.522491029981	0.75
149924.44070954216	750	14.116388079268198	0.0	343800	9570.63277731696	0.75
149927.63649747105	300	14.920600150393334	0.0	146754	3195.7879288748645	-0.15000000000000002
149931.01470348303	300	15.542394138398985	0.0	153938	3378.206011994349	0.3
149936.56166825362	300	13.995429367779385	0.0	181901	5546.964770619599	0.3
149938.55148325226	300	16.005614369153125	0.0	111155	1989.8149986262604	0.3
149940.49715176318	300	18.05994585824733	0.0	153605	1945.6685109057987	0.3
149942.7826318141	300	19.77446580732897	0.0	149029	2285.480050918359	0.3
149946.0221477196	300	20.53494990184119	0.0	157421	3239.515905487776	0.3
149948.6223293059	300	21.934768315554226	0.0	157488	2600.181586286968	0.3
149951.8206730065	300	22.736424614928854	0.0	143881	3198.3437006253694	0.3
149954.82991937178	300	23.727178249643305	0.0	163444	3009.2463652855513	0.3
149958.0990903705	300	24.458007250931225	0.0	179328	3269.170998712082	0.3
149961.34284190767	300	25.21425571374379	0.0	159914	3243.7515371874324	0.3
149964.8054318815	300	25.75166573990432	0.0	131610	3462.5899738394733	0.3
149967.15304076116	300	27.404056860282125	0.0	124011	2347.608879622191	0.3
149969.5974777365	300	28.959619884929598	0.0	144254	2444.4369753525275	0.3
149971.13845010084	300	31.418647520601343	0.0	149991	1540.9723643282564	0.3
149972.5363995345	300	34.020698086942794	0.0	147968	1397.9494336585478	0.3
149974.06884821257	300	36.488249408854884	0.0	161857	1532.4486780879067	0.3
149977.85610928168	750	36.70098833973975	0.0	372093	3787.261069115137	0.3
149986.37769401242	750	32.17940360898421	0.0	438281	8521.584730755541	0.75
150003.87349562676	750	18.683601994663654	0.0	398987	17495.801614320553	0.75
150018.54832788953	750	8.008769731872396	0.0	393804	14674.832262791258	0.75
150021.76096119286	300	8.796136428537167	0.0	137507	3212.6333033352284	-0.15000000000000002
150024.3501327392	300	10.206964882213063	0.0	118421	2589.1715463241053	0.3
150032.38694605898	750	6.170151562424937	0.0	450283	8036.813319788125	0.75
150034.63712654906	300	7.91997107235974	0.0	155580	2250.1804900651973	-0.15000000000000002
150036.6631368813	300	9.893960740108678	0.0	139857	2026.010332251062	0.3
150038.62802121145	300	11.929076409999476	0.0	155432	1964.8843301092015	0.3
150040.36208457052	300	14.195013050910658	0.0	163442	1734.0633590888174	0.3
150042.16674562136	300	16.39035200008387	0.0	126289	1804.6610508267893	0.3
150044.63462484904	300	17.92247277239451	0.0	153295	2467.8792276893587	0.3
150048.6030108704	300	17.954086751047523	0.0	173849	3968.38602134699	0.3
150052.23388940596	300	18.32320821547749	0.0	150710	3630.878535570033	0.3
150053.5981939927	300	20.958903628777605	0.0	139105	1364.304586699882	0.3
150054.80545841905	300	23.75163920240468	0.0	141840	1207.2644263729253	0.3
150056.3586653696	300	26.198432251846665	0.0	156148	1553.2069505580143	0.3
150057.73150825733	300	28.82558936410987	0.0	160746	1372.8428877367949	0.3
150061.77179888912	750	28.785298732294724	0.0	434409	4040.290631815147	0.3
150064.7768636714	750	29.780233950043208	0.0	337059	3005.064782251518	0.75
150067.99378125698	750	30.563316364453023	0.0	366214	3216.917585590185	0.75
150070.90878762148	750	31.648309999959306	0.0	360831	2915.006364493714	0.75
150074.07560796515	750	32.48148965627413	0.0	372963	3166.8203436851754	0.75
150077.6522189799	750	32.904878641523844	0.0	405596	3576.6110147502895	0.75
150080.15104211107	750	34.40605551036096	0.0	350713	2498.8231311628856	0.75
150084.50128273165	1200	34.05581488978808	0.0	601738	4350.240620572877	0.75
150089.1405884709	1200	33.41650915053351	0.0	616206	4639.305739254575	1.2
150093.54044104353	1200	33.01665657792166	0.0	656471	4399.852572611849	1.2
150097.53756131756	1200	33.01953630387322	0.0	536667	3997.1202740484396	1.2
150102.8016393571	1200	31.755458264333416	0.0	587236	5264.078039539801	1.2
150108.6028429416	1200	29.954254679830395	0.0	590335	5801.2035845030205	1.2
150113.33243716788	1200	29.224660453543322	0.0	696376	4729.594226287073	1.2
150116.8614370356	1200	29.69566058579766	0.0	487160	3528.9998677456592	1.2
150121.44718662076	1200	29.10991100066006	0.0	622896	4585.7495851376025	1.2
150126.35036977756	1200	28.206727843873843	0.0	641447	4903.183156786218	1.2
150130.2201644388	1200	28.336933182664055	0.0	570392	3869.794661209787	1.2
150134.66115250168	1200	27.895945119782454	0.0	620283	4440.988062881603	1.2
150139.21994902028	1200	27.337148601180076	0.0	584349	4558.796518602375	1.2
150144.27016174333	1200	26.286935878095647	0.0	670129	5050.212723084433	1.2
150150.5379946087	1200	24.019103012732085	0.0	690253	6267.832865363561	1.2
150159.04384741193	1200	19.5132502095147	0.0	598727	8505.852803217387	1.2
150163.45614231925	750	19.100955302189526	0.0	321064	4412.294907325174	0.3
150168.7518098711	750	17.805287750364155	0.0	361565	5295.667551825373	0.75
150172.88988258466	750	17.66721503679402	0.0	378327	4138.0727135701345	0.75
150177.68516879214	750	16.871928829283117	0.0	390680	4795.2862075109	0.75
150182.56979041093	750	15.987307210493613	0.0	345516	4884.621618789506	0.75
150187.6868310298	750	14.87026659161979	0.0	384505	5117.040618873821	0.75
150192.12924477315	750	14.427852848276235	0.0	372093	4442.413743343558	0.75
150198.78129956638	750	11.775798055039408	0.0	438281	6652.054793236826	0.75
150201.61083629922	300	12.94626132220667	0.0	167025	2829.5367328327375	-0.15000000000000002
150205.88160728503	300	12.675490336407442	0.0	160064	4270.7709857992295	0.3
150207.84590758663	300	14.711190034794383	0.0	137507	1964.300301613058	0.3
150212.5610257757	750	13.996071845739174	0.0	314107	4715.118189055209	0.3
150219.09153557644	750	11.465562045020032	0.0	450283	6530.50980071914	0.75
150221.59682320134	300	12.960274420134281	0.0	155580	2505.2876248857515	-0.15000000000000002
150225.4677259318	300	13.089371689646036	0.0	139857	3870.9027304882447	0.3
150230.5290090607	300	12.028088560744193	0.0	155432	5061.283128901844	0.3
150234.30892978222	300	12.24816783924753	0.0	163442	3779.9207214966605	0.3
150235.78604909912	300	14.771048522340093	0.0	126289	1477.1193169074386	0.3
150236.94688584955	300	17.610211771895234	0.0	153295	1160.8367504448624	0.3
150238.01472842193	300	20.54236919953361	0.0	173849	1067.8425723616253	0.3
150238.93690986146	300	23.62018776001012	0.0	150710	922.1814395234888	0.3
150240.18752990637	300	26.36956771510156	0.0	139105	1250.6200449085597	0.3
150242.7697921216	750	27.787305499868193	0.0	353220	2582.2622152333643	0.3
150245.5354683351	750	29.021629286355104	0.0	405134	2765.676213513093	0.75
150250.21337700964	1200	28.343720611805477	0.0	624282	4677.908674549624	0.75
150254.8085244141	1200	27.748573207309615	0.0	687371	4595.147404495862	1.2
150258.9964188671	1200	27.56067875433697	0.0	526950	4187.894452972646	1.2
150263.89573949433	1200	26.66135812708107	0.0	587876	4899.320627255901	1.2
150268.28042718486	1200	26.276670436565613	0.0	617242	4384.687690515459	1.2
150271.7213777229	1200	26.835719898525372	0.0	581493	3440.9505380402416	1.2
150275.99971963308	1200	26.557377988327836	0.0	639204	4278.341910197535	1.2
150279.7724054282	1200	26.78469219318773	0.0	586839	3772.685795140106	1.2
150283.94496898534	1200	26.612128636039316	0.0	601738	4172.563557148413	1.2
150288.78871222795	1200	25.768385393437054	0.0	616206	4843.743242602263	1.2
150293.94367268254	1200	24.61342493884908	0.0	656471	5154.960454587972	1.2
150297.8651336424	1200	24.691963978973405	0.0	536667	3921.460959875671	1.2
150302.27866036852	1200	24.278437252832045	0.0	587236	4413.52672614136	1.2
150306.14121192668	1200	24.41588569469553	0.0	590335	3862.551558136519	1.2
150311.18710905412	1200	23.369988567233978	0.0	696376	5045.897127461551	1.2
150315.11082925007	1200	23.446268371283352	0.0	487160	3923.7201959506256	1.2
150319.38022326826	1200	23.176874353083264	0.0	622896	4269.39401820009	1.2
150323.90218456154	1200	22.654913059824757	0.0	641447	4521.961293258506	1.2
150328.1958391324	1200	22.361258488951563	0.0	570392	4293.654570873192	1.2
150334.00129482822	1200	20.555802793114875	0.0	620283	5805.455695836687	1.2
150347.9846007991	1200	10.57249682223967	0.0	584349	13983.305970875206	1.2
150354.9045354121	750	7.652562209250766	0.0	412837	6919.934612988904	0.3
150357.75186734143	300	8.805230279928711	0.0	179328	2847.3319293220543	-0.15000000000000002
150362.23730389882	300	8.31979372254457	0.0	159914	4485.436557384141	0.3
150368.15462064784	300	6.40247697352185	0.0	131610	5917.3167490227215	0.3
150371.1644090527	300	7.392688568660926	0.0	124011	3009.788404860924	0.3
150373.43642674232	300	9.120670879052886	0.0	144254	2272.0176896080393	0.3
150375.22922895566	300	11.327868665701965	0.0	149991	1792.8022133509214	0.3
150377.1793073544	300	13.377790266949711	0.0	147968	1950.078398752253	0.3
150382.89033700523	300	11.666760616130945	0.0	161857	5711.029650818767	0.3
150389.79763717105	300	8.75946045031297	0.0	145210	6907.300165817974	0.3
150394.14721857492	300	8.409879046458347	0.0	172312	4349.581403854624	0.3
150398.82004547343	300	7.737052147940593	0.0	167025	4672.826898517754	0.3
150404.37857696673	300	6.178520654619695	0.0	160064	5558.531493320898	0.3
150405.42133041107	300	9.135767210289206	0.0	137507	1042.753444330489	0.3
150406.20395116875	300	12.353146452621782	0.0	118421	782.6207576674249	0.3
150408.8107651895	750	13.74633243186139	0.0	450283	2606.814020760392	0.75
150409.636771916	300	16.92032570536178	0.0	155580	826.0067264996137	-0.15000000000000002
150410.33113623873	300	20.2259613826497	0.0	139857	694.3643227120767	0.3
150412.249562628	750	22.30753499336931	0.0	382355	1918.4263892803885	0.3
150414.31175525225	750	24.245342369125964	0.0	411561	2062.1926242433465	0.75
150416.14121355268	750	26.415884068692883	0.0	318564	1829.4583004330811	0.75
150418.0886363942	750	28.4684612271811	0.0	352642	1947.4228415117832	0.75
150420.5648283183	750	29.992269303085667	0.0	437162	2476.191924095432	0.75
150422.48980584496	750	32.06729177641799	0.0	374758	1924.9775266676825	0.75
150425.37659329572	1200	33.180504325645046	0.0	560821	2886.7874507729466	0.75
150429.76949954615	1200	32.787598075225844	0.0	607410	4392.906250419193	1.2
150434.13238507422	1200	32.42471254712693	0.0	594078	4362.885528098917	1.2
150438.49233042088	1200	32.06476720047068	0.0	624282	4359.945346656249	1.2
150443.65013209777	1200	30.906965523565063	0.0	687371	5157.80167690562	1.2
150448.26066656166	1200	30.296431059678206	0.0	526950	4610.534463886859	1.2
150453.0770193718	1200	29.480078249560567	0.0	587876	4816.352810117639	1.2
150456.13936905586	1200	30.417728565484307	0.0	617242	3062.349684076259	1.2
150458.72122516934	1200	31.83587245201027	0.0	581493	2581.8561134740366	1.2
150461.75385835132	1200	32.803239270021734	0.0	639204	3032.633181988542	1.2
150464.6036895889	1200	33.953408032431305	0.0	586839	2849.8312375904275	1.2
150469.4320007594	1850	33.12509686195359	0.0	891604	4828.311170477716	1.2000000000000002
150474.2008889124	1850	32.35620870893	0.0	955231	4768.888153023585	1.85
150478.57205848699	1850	31.985039134348174	0.0	968026	4371.169574581823	1.85
150483.33174998718	1850	31.22534763416764	0.0	874175	4759.6915001805355	1.85
150487.6224660852	1850	30.93463153617029	0.0	897976	4290.71609799735	1.85
150491.83490328005	1850	30.72219434131321	0.0	905935	4212.43719485708	1.85
150496.48656808404	1850	30.070529537331726	0.0	1076599	4651.664803981482	1.85
150499.98391791517	1850	30.573179706191077	0.0	758197	3497.3498311406497	1.85
150505.93711258186	1850	28.61998503951208	0.0	972798	5953.194666678995	1.85
150512.11949430325	1850	26.437603318104205	0.0	975811	6182.381721407877	1.85
150518.74847711727	1850	23.80862050409999	0.0	873429	6628.982814004211	1.85
150527.0251447033	1850	19.531952918066203	0.0	954453	8276.66758603379	1.85
150533.56701536005	1200	16.990082261315372	0.0	584349	6541.870656750832	0.5499999999999999
150536.9177966404	750	17.639300980982828	0.0	412837	3350.781280332542	0.3
150540.17570379842	750	18.381393822976175	0.0	401088	3257.907158006654	0.75
150542.92720463514	750	19.62989298624514	0.0	365161	2751.5008367310343	0.75
150545.08770800696	750	21.469389614426632	0.0	321064	2160.503371818507	0.75
150548.14469989116	750	22.412397730211225	0.0	361565	3056.9918842154057	0.75
150551.12192423246	750	23.435173388893695	0.0	378327	2977.224341317531	0.75
150554.81306475442	750	23.744032866934546	0.0	390680	3691.1405219591466	0.75
150559.45832223832	750	23.098775383032212	0.0	345516	4645.257483902335	0.75
150564.84622617488	750	21.710871446456196	0.0	384505	5387.9039365760145	0.75
150568.08709526324	750	22.470002358112854	0.0	372093	3240.8690883433414	0.75
150571.78245389776	750	22.77464372360617	0.0	438281	3695.3586345066838	0.75
150573.96012596443	750	24.596971656919493	0.0	398987	2177.672066686677	0.75
150578.9752914584	1200	23.581806162966185	0.0	638661	5015.165493953306	0.75
150585.9321409854	1850	20.624956635966985	0.0	830730	6956.8495269992	1.2000000000000002
150600.63659357134	2850	9.920504050027546	0.0	1364537	14704.452585939438	1.85
150605.6899599616	750	8.867137659755725	0.0	450283	5053.366390271823	0.75
150611.25647526092	750	7.300622360449596	0.0	398865	5566.515299306128	0.75
150613.18159593592	300	9.37550168546176	0.0	139857	1925.1206749878356	-0.15000000000000002
150614.3364769169	300	12.220620704450416	0.0	155432	1154.880981011344	0.3
150615.47987209994	300	15.077225521435112	0.0	163442	1143.3951830153055	0.3
150616.4006703622	300	18.156427259175157	0.0	126289	920.7982622599535	0.3
150617.56121112528	300	20.99588649610088	0.0	153295	1160.5407630742775	0.3
150621.3188669199	750	21.238230701474713	0.0	437162	3757.655794626168	0.3
150623.48412632124	750	23.07297130013104	0.0	374758	2165.259401343673	0.75
150625.44449422281	750	25.112603398581474	0.0	362795	1960.3679015495682	0.75
150627.78164698512	750	26.775450636294735	0.0	353220	2337.1527622867343	0.75
150631.52130970152	1200	27.03578791986239	0.0	594078	3739.6627164323463	0.75
150636.0499970677	1200	26.50710055370786	0.0	624282	4528.687366154527	1.2
150641.08872687875	1200	25.468370742641163	0.0	687371	5038.729811066696	1.2
150644.59460559575	1200	25.96249202567053	0.0	526950	3505.8787169706325	1.2
150649.89093748704	1200	24.66616013436599	0.0	587876	5296.331891304537	1.2
150654.3388270364	1200	24.218270584995736	0.0	617242	4447.8895493702585	1.2
150658.6731586935	1200	23.88393892790241	0.0	581493	4334.331657093323	1.2
150663.63527517347	1200	22.921822447939544	0.0	639204	4962.116479962867	1.2
150671.64837889955	1200	18.908718721850203	0.0	586839	8013.103726089339	1.2
150674.54338026984	750	20.01371735155461	0.0	386472	2895.001370295597	0.3
150677.7564139841	750	20.80068363724752	0.0	399894	3213.03371430709	0.75
150682.37215987916	750	20.18493774222416	0.0	401853	4615.7458950233595	0.75
150685.98861335247	750	20.568484268904083	0.0	343800	3616.453473320079	0.75
150689.46101643276	750	21.09608118861386	0.0	359903	3472.4030802902244	0.75
150694.4960948361	750	20.0610027852919	0.0	379700	5035.078403321959	0.75
150697.93889240766	750	20.618205213722266	0.0	425781	3442.7975715696352	0.75
150700.39102035906	750	22.166077262309006	0.0	277716	2452.127951413261	0.75
150705.05004272948	750	21.507054891921875	0.0	400396	4659.022370387132	0.75
150710.44909057283	750	20.108007048555745	0.0	400508	5399.04784336613	0.75
150714.54099459905	750	20.016103022341	0.0	358218	4091.9040262147446	0.75
150718.10829471127	750	20.44880291011617	0.0	400322	3567.3001122248293	0.75
150720.856134885	750	21.70096273640748	0.0	369834	2747.840173708691	0.75
150723.97139494272	750	22.585702678661136	0.0	412837	3115.260057746344	0.75
150726.80465263856	750	23.752444982837705	0.0	401088	2833.257695823431	0.75
150729.42610999045	750	25.13098763093702	0.0	365161	2621.457351900683	0.75
150731.75221011578	750	26.804887505588983	0.0	321064	2326.100125348034	0.75
150734.69242839812	750	27.864669223241563	0.0	361565	2940.218282347422	0.75
150738.64429397415	750	27.91280364721036	0.0	378327	3951.8655760312026	0.75
150743.27801908288	750	27.279078538509705	0.0	390680	4633.725108700655	0.75
150747.7709496072	750	26.78614801418707	0.0	345516	4492.930524322632	0.75
150750.69673678602	750	27.860360835381357	0.0	384505	2925.7871788057123	0.75
150753.59232502128	750	28.964772600112642	0.0	372093	2895.588235268713	0.75
150756.80652262623	750	29.750574995170886	0.0	438281	3214.1976049417567	0.75
150762.46546962627	1200	28.09162799512226	0.0	630203	5658.947000048627	0.75
150767.04661335278	1200	27.510484268621784	0.0	638661	4581.143726500476	1.2
150773.16839429605	1850	25.388703325335438	0.0	830730	6121.780943286347	1.2000000000000002
150783.78967245662	2850	18.76742516476305	0.0	1364537	10621.278160572389	1.85
150788.1713371449	750	18.385760476509034	0.0	450283	4381.664688254018	0.75
150791.52529602556	750	19.031801595811338	0.0	398865	3353.9588806976917	0.75
150794.50251804467	750	20.05457957669202	0.0	350812	2977.2220191193214	0.75
150797.57000735262	750	20.98709026876547	0.0	382355	3067.4893079265494	0.75
150800.98187721742	750	21.575220403971525	0.0	411561	3411.869864793946	0.75
150803.51158992873	750	23.04550769262941	0.0	318564	2529.7127113421147	0.75
150806.83978935634	750	23.717308265022314	0.0	352642	3328.199427607093	0.75
150810.51706295527	750	24.040034666110866	0.0	437162	3677.2735989114467	0.75
150813.74440531764	750	24.812692303724607	0.0	374758	3227.3423623862623	0.75
150816.8088944885	750	25.74820313286738	0.0	362795	3064.4891708572245	0.75
150819.77247439188	750	26.78462322946264	0.0	353220	2963.5799034047404	0.75
150823.5955546601	750	26.96154296124097	0.0	405134	3823.0802682216695	0.75
150828.67719611144	750	25.879901509903387	0.0	386351	5081.641451337582	0.75
150833.48832756426	750	25.068770057072307	0.0	434409	4811.13145283108	0.75
150836.68293010516	750	25.874167516204412	0.0	337059	3194.6025408678934	0.75
150839.8979398983	750	26.659157723042675	0.0	366214	3215.009793161739	0.75
150842.80937791395	750	27.747719707395248	0.0	360831	2911.438015647425	0.75
150845.82564465207	750	28.731452969282117	0.0	372963	3016.2667381131314	0.75
150849.01659115162	750	29.540506469736652	0.0	405596	3190.9464995454655	0.75
150852.26460906494	750	30.29248855641709	0.0	350713	3248.0179133195606	0.75
150855.43752494527	750	31.11957267610452	0.0	386472	3172.9158803125665	0.75
150858.53777347214	750	32.01932414923875	0.0	399894	3100.2485268657756	0.75
150862.81423964174	1200	31.742857979655447	0.0	656471	4276.466169583297	0.75

