10813.277362841072	750	4.0	1.932744951541337	450283	1932.744951541337	-7.5608032916277494
10817.601864056387	1850	4.0	0.3245012153159887	957685	4324.501215315989	-0.6453552258587514
10819.425268471457	1200	6.17659558493145	0.0	571051	1823.4044150685506	0.5499999999999999
10821.349836553756	1200	8.25202750263315	0.0	617681	1924.5680822983002	1.2
10823.557817507786	1200	10.044046548602012	0.0	652874	2207.980954031138	1.2
10826.136384225012	1850	11.46547983137593	0.0	801058	2578.5667172260814	1.2000000000000002
10830.310976421535	2850	11.290887634853496	0.0	1388403	4174.592196522433	1.85
10834.405418828588	2850	11.19644522780112	0.0	1638769	4094.4424070523746	2.85
10837.8820448179	2850	11.719819238489725	0.0	1348011	3476.625989311396	2.85
10841.307177637009	2850	12.294686419381273	0.0	1429765	3425.132819108453	2.85
10844.837715769047	2850	12.764148287342467	0.0	1354548	3530.5381320388065	2.85
10849.96802137342	4300	11.63384268297119	0.0	2102452	5130.305604371277	2.8499999999999996
10856.210504771281	4300	9.391359285109978	0.0	2209463	6242.4833978612105	4.3
10863.064720867658	4300	6.5371431887325695	0.0	2275376	6854.216096377409	4.3
10869.12129891399	4300	4.480565142400644	0.0	2005399	6056.578046331926	4.3
10873.366912052803	2850	4.234952003587625	0.0	1471065	4245.613138813019	1.4000000000000001
10878.03896861534	2850	4.0	0.43710455895061207	1491626	4672.056562538237	0.9704503965123683
10880.696049934508	1850	5.342918680831221	0.0	885714	2657.08131916878	0.8500000000000001
10884.89519120855	2850	5.143777406788754	0.0	1537156	4199.141274042467	1.85
10888.12315908213	2850	5.915809533209027	0.0	1336050	3227.9678735797274	2.85
10891.6990628501	2850	6.339905765238122	0.0	1415116	3575.903767970905	2.85
10895.419540799367	2850	6.619427815973278	0.0	1468126	3720.4779492648427	2.85
10899.142449203091	2850	6.8965194122489635	0.0	1505760	3722.9084037243147	2.85
10902.660221031467	2850	7.378747583872943	0.0	1323990	3517.771828376022	2.85
10906.834830350868	2850	7.204138264471002	0.0	1383735	4174.60931940194	2.85
10912.747135923591	2850	5.291832691746288	0.0	1480464	5912.305572724714	2.85
10916.16225116602	2850	5.87671744931698	0.0	1547572	3415.1152424293077	2.85
10919.226367421314	2850	6.812601194024774	0.0	1141971	3064.1162552922074	2.85
10923.294045785848	2850	6.7449228294912045	0.0	1498470	4067.6783645335695	2.85
10927.799984726991	2850	6.238983888347707	0.0	1561263	4505.938941143498	2.85
10931.090142067012	2850	6.948826548324981	0.0	1341201	3290.1573400227253	2.85
10934.358388499582	2850	7.680580115756955	0.0	1497683	3268.246432568027	2.85
10937.74211713164	2850	8.296851483699003	0.0	1358081	3383.7286320579524	2.85
10941.382781500724	2850	8.65618711461308	0.0	1587293	3640.664369085922	2.85
10946.150209087677	2850	7.888759527660533	0.0	1492672	4767.427586952548	2.85
10950.212056431936	2850	7.8269121834010145	0.0	1439896	4061.8473442595186	2.85
10952.949272661483	2850	9.089695953853466	0.0	1139291	2737.2162295475487	2.85
10957.068851223636	2850	8.970117391700132	0.0	1499009	4119.578562153334	2.85
10960.14725820765	2850	9.891710407688066	0.0	1427478	3078.406984012066	2.85
10964.248428491675	2850	9.7905401236617	0.0	1402287	4101.170284026366	2.85
10967.40388049935	2850	10.635088115988392	0.0	1339500	3155.4520076733083	2.85
10972.585259842463	4300	9.45370877287637	0.0	2184571	5181.379343112023	2.8499999999999996
10978.725241716853	4300	7.313726898486354	0.0	2121928	6139.981874390015	4.3
10983.511756312722	4300	6.527212302616468	0.0	2219102	4786.514595869886	4.3
10988.94635003498	4300	5.092618580358003	0.0	2124950	5434.593722258465	4.3
10995.869236948529	4300	4.0	1.8302683331910756	2246506	6922.886913549079	-3.5701538327216253
11000.136383190147	2850	4.0	0.2671462416188906	1231456	4267.146241618891	0.25127116103877056
11004.169498097792	2850	4.0	0.03311490764406335	1364537	4033.1149076440634	2.7076058971305277
11005.588126406024	750	6.581371691766765	0.0	450283	1418.6283082332357	0.75
11010.726544800844	2850	5.442953296947104	0.0	1431809	5138.41839481966	0.75
11013.97406815516	1850	6.195429942630759	0.0	877771	3247.523354316346	0.8500000000000001
11019.520234043928	1850	4.6492640538632255	0.0	933276	5546.165888767533	1.85
11023.454874758412	1850	4.714623339377522	0.0	996749	3934.6407144857035	1.85
11028.223485965693	1850	4.0	0.05398786790292706	801058	4768.611207280449	1.6178521680174138
11031.60540099421	1200	4.618084971482011	0.0	561791	3381.91502851799	0.5499999999999999
11034.632716908573	1200	5.590769057122009	0.0	709534	3027.3159143600014	1.2
11036.590641088556	1200	7.63284487713827	0.0	584846	1957.9241799837394	1.2
11039.318070624706	1850	8.905415340989398	0.0	913888	2727.429536148872	1.2000000000000002
11041.997259579033	1850	10.226226386661668	0.0	939819	2679.18895432773	1.85
11044.539768481576	1850	11.6837174841166	0.0	917428	2542.5089025450675	1.85
11047.4838660482	1850	12.739619917492464	0.0	946851	2944.097566624138	1.85
11052.183665851013	1850	12.039820114677939	0.0	1036454	4699.799802814525	1.85
11057.12146231111	1850	11.102023654582117	0.0	821631	4937.796460095823	1.85
11061.928381645428	1850	10.295104320264004	0.0	923170	4806.919334318112	1.85
11068.077023926355	1850	8.146462039337978	0.0	966699	6148.642280926027	1.85
11069.778559258782	1850	10.444926706908827	0.0	885714	1701.5353324291516	1.85
11072.80628413436	1850	11.417201831331509	0.0	987708	3027.724875577318	1.85
11075.311103162547	1850	12.912382803143784	0.0	923755	2504.819028187724	1.85
11079.80996539587	2850	12.41352056982004	0.0	1415116	4498.8622333237445	1.85
11084.112036861774	2850	12.111449103918137	0.0	1468126	4302.071465901903	2.85
11088.110808105137	2850	12.112677860553983	0.0	1505760	3998.7712433641536	2.85
11092.943227278012	2850	11.280258687678547	0.0	1323990	4832.419172875437	2.85
11095.98264211141	2850	12.24084385428149	0.0	1383735	3039.4148333970566	2.85
11099.77786649424	2850	12.445619471450064	0.0	1480464	3795.2243828314254	2.85
11104.951534639842	2850	11.271951325847366	0.0	1547572	5173.668145602695	2.85
11109.176003391109	2850	11.047482574579968	0.0	1141971	4224.4687512674	2.85
11122.029528056271	2850	4.0	1.8060420905814025	1498470	12853.52466516137	-4.91598098950003
11165.165814796279	1850	4.0	39.13628674000628	975811	43136.286740006275	-167.436032982027
11170.450023191406	300	4.0	1.2842083951269916	157421	5284.2083951269915	-6.772096099046063
11179.935642695105	300	4.0	5.485619503699413	157488	9485.619503699412	-23.28816386590747
11184.721522913358	300	4.0	0.7858802182526888	143881	4785.880218252689	-3.079284938486562

