12472.785855625601	750	4.0	3.624169441458112	450283	3624.169441458112	-14.833928598269882
12474.13429585186	300	6.6515597737405585	0.0	155580	1348.4402262594408	-0.15000000000000002
12475.37206268865	300	9.413792936949752	0.0	139857	1237.766836790806	0.3
12476.782458223055	300	12.00339740254698	0.0	155432	1410.3955344027718	0.3
12478.451852805145	300	14.33400282045591	0.0	163442	1669.3945820910699	0.3
12479.779906911113	300	17.005948714486323	0.0	126289	1328.054105969584	0.3
12481.127336223279	300	19.658519402322405	0.0	153295	1347.4293121639225	0.3
12482.413502630883	300	22.372352994717648	0.0	173849	1286.166407604755	0.3
12483.558781303154	300	25.227074322446395	0.0	150710	1145.2786722712501	0.3
12484.721313515136	300	28.064542110463762	0.0	139105	1162.5322119826337	0.3
12485.686163169976	300	31.099692455624204	0.0	141840	964.8496548395555	0.3
12486.651069542066	300	34.13478608353606	0.0	156148	964.9063720881373	0.3
12489.335965916865	300	35.44988970873691	0.0	160746	2684.896374799151	0.3
12494.994736001121	300	33.791119624479755	0.0	179801	5658.770084257156	0.3
12496.306073810703	300	36.47978181489596	0.0	140051	1311.3378095837993	0.3
12497.02086661368	300	39.76498901192039	0.0	138313	714.792802975561	0.3
12497.697728791632	300	43.0881268339697	0.0	143509	676.8621779506834	0.3
12498.341436646926	300	46.44441897867661	0.0	150616	643.7078552930996	0.3
12499.00392946989	300	49.78192615571097	0.0	165384	662.4928229656339	0.3
12500.903036263919	750	51.882819361682785	0.0	350713	1899.1067940281832	0.3
12507.28717488422	750	49.498680741380994	0.0	386472	6384.138620301787	0.75
12515.725854643608	750	45.06000098199346	0.0	399894	8438.679759387534	0.75
12518.6938395209	750	46.09201610470075	0.0	401853	2967.9848772927144	0.75
12522.168697232324	750	46.61715839327481	0.0	343800	3474.8577114259374	0.75
12526.940124191213	750	45.845731434385954	0.0	359903	4771.426958888855	0.75
12528.521218504071	300	48.264637121528004	0.0	153938	1581.0943128579559	-0.15000000000000002
12530.342975249188	300	50.442880376411594	0.0	181901	1821.7567451164066	0.3
12531.721727884164	300	53.06412774143555	0.0	111155	1378.752634976045	0.3
12535.077672654192	750	53.708182971408306	0.0	400396	3355.94477002724	0.3
12537.791028057214	750	54.99482756838523	0.0	400508	2713.3554030230753	0.75
12540.486175861115	750	56.29967976448368	0.0	358218	2695.1478039015533	0.75
12542.969272780461	750	57.816582845137475	0.0	400322	2483.0969193462006	0.75
12545.31276648193	750	59.47308914367031	0.0	369834	2343.4937014671673	0.75
12548.493761277517	750	59.931631894770184	0.0	412837	2541.4572489001225	0.75
12551.680028119377	750	59.84476724718421	0.0	401088	2586.864647585978	0.75
12554.63885665807	750	59.549054074975736	0.0	365161	2295.7131722084778	0.75
12556.80121260054	750	59.73943378698188	0.0	321064	1809.620287993856	0.75
12559.34048943388	750	59.53916319754939	0.0	361565	2200.2705894324804	0.75
12562.627096004626	750	59.76136303413109	0.0	378327	3277.80016341831	0.75
12565.58965774403	750	59.98498536809256	0.0	390680	2276.377666038526	0.75
12568.155029100346	750	59.73539172661864	0.0	345516	1749.5936414739188	0.75
12571.263107135566	750	59.53274156642816	0.0	384505	2202.650160190481	0.75
12575.00075587517	750	59.7950928268235	0.0	372093	3237.648739604661	0.75
12579.919834081275	750	58.87601462071762	0.0	438281	4919.078206105878	0.75
12582.865574717705	750	59.93027398428656	0.0	398987	2945.7406364310655	0.75
12586.67979650364	750	59.98111081990492	0.0	393804	2949.1631643816395	0.75
12592.470900801423	1850	58.19000652212184	0.0	830730	5791.104297783084	0.75
12602.777813796043	2850	51.883093527502744	0.0	1364537	10306.912994619095	1.85
12605.16341424931	750	53.497493074235294	0.0	450283	2385.6004532674497	0.75
12607.606793181705	750	55.05411414184122	0.0	398865	2443.378932394081	0.75
12609.616776718029	750	57.04413060551747	0.0	350812	2009.9835363237419	0.75
12611.47625333105	750	59.18465399249489	0.0	382355	1859.476613022581	0.75
12614.312390464162	750	59.99134315042057	0.0	411561	2193.3108420743242	0.75
12617.482411751022	1200	59.92324565251074	0.0	520315	2568.097497909832	0.75
12620.835197997823	1200	59.7458144235831	0.0	561791	2677.4312289276354	1.2
12627.015263451281	1200	57.565748970125306	0.0	709534	6180.0654534577925	1.2
12632.911844630731	1200	55.669167790676596	0.0	584846	5896.581179448709	1.2
12637.906728740649	750	54.674283680759046	0.0	362795	4994.884109917557	0.3
12640.951145923174	750	55.62986649823353	0.0	353220	3044.417182525509	0.75
12644.905206983887	750	55.67580543752094	0.0	405134	3954.061060712596	0.75
12648.041843866484	750	56.53916855492364	0.0	386351	3136.6368825972995	0.75
12651.347018721457	750	57.23399369995068	0.0	434409	3305.1748549729614	0.75
12654.013600224403	750	58.56741219700536	0.0	337059	2666.581502945322	0.75
12657.371320164099	750	59.209692257309115	0.0	366214	3357.719939696244	0.75
12660.781680961212	750	59.71175045082778	0.0	360831	2497.9418064813362	0.75
12664.939780135788	750	59.51341035885516	0.0	372963	3198.3400919726205	0.75
12668.463174370461	750	59.99001612418061	0.0	405596	3523.394234674547	0.75
12681.844752187744	750	50.60843830689969	0.0	350713	13381.57781728092	0.75
12689.13358612485	300	47.31960436979318	0.0	157671	7288.833937106507	-0.15000000000000002
12697.984341613332	300	42.46884888131208	0.0	157812	8850.7554884811	0.3
12706.351401266389	300	38.10178922825478	0.0	163927	8367.059653057291	0.3
12714.553776762627	300	33.89941373201684	0.0	137654	8202.375496237946	0.3
12719.589875904476	300	32.863314590167484	0.0	146754	5036.099141849355	0.3
12726.152327685677	300	30.30086280896745	0.0	153938	6562.451781200035	0.3
12732.195451333659	300	28.257739160985054	0.0	181901	6043.1236479824	0.3
12737.634645880897	300	26.818544613747648	0.0	111155	5439.194547237405	0.3
12742.356851977505	300	26.0963385171393	0.0	153605	4722.206096608343	0.3
12748.838498694584	300	23.614691800060434	0.0	149029	6481.646717078866	0.3
12756.185554639856	300	20.26763585478749	0.0	157421	7347.055945272946	0.3
12761.415203516748	300	19.03798697789749	0.0	157488	5229.648876889998	0.3
12770.807551460359	300	13.645639034286306	0.0	143881	9392.347943611183	0.3
12776.679332252714	300	11.773858241932142	0.0	163444	5871.780792354163	0.3
12787.638505786688	300	4.8146847079557595	0.0	179328	10959.173533976384	0.3
12794.972351758459	300	4.0	2.519161263814045	159914	7333.845971769804	-10.532393434400392
12803.517192414745	300	4.0	4.544840656285616	131610	8544.840656285616	-19.242814822028148
12808.191372545296	300	4.0	0.6741801305507643	124011	4674.180130550764	-2.5989745613682866
12818.088520108815	300	4.0	5.897147563519076	144254	9897.147563519076	-25.057734523132027
12819.461197007993	300	6.627323100821948	0.0	149991	1372.6768991780518	0.3

