152835.8463764735	750	4.0	2.905148303948766	450283	2905.148303948766	-11.742137706979694
152836.88966845843	300	6.956708015063269	0.0	155580	1043.291984936731	-0.15000000000000002
152838.04067153626	300	9.805704937221734	0.0	139857	1151.003077841536	0.3
152839.17747355904	300	12.668902914424304	0.0	155432	1136.8020227974282	0.3
152840.05085077413	300	15.795525699346312	0.0	163442	873.3772150779934	0.3
152840.74280660905	300	19.103569864410463	0.0	126289	691.9558349358476	0.3
152841.92063227232	300	21.92574420114428	0.0	153295	1177.8256632661844	0.3
152843.2343682766	300	24.612008196884453	0.0	173849	1313.7360042598268	0.3
152844.27312431415	300	27.573252159309014	0.0	150710	1038.7560375754401	0.3
152845.06455414713	300	30.78182232633247	0.0	139105	791.4298329765445	0.3
152846.02273848557	300	33.82363798787036	0.0	141840	958.1843384621014	0.3
152846.87091268972	300	36.975463783731236	0.0	156148	848.1742041391302	0.3
152849.63148171347	750	38.21489475996145	0.0	386351	2760.569023769781	0.3
152851.8808942889	750	39.96548218453978	0.0	434409	2249.4125754216766	0.75
152854.20642610127	750	41.63995037218403	0.0	337059	2325.5318123557545	0.75
152856.1279769151	750	43.718399558351145	0.0	366214	1921.5508138328914	0.75
152857.8193201919	750	46.02705628156457	0.0	360831	1691.343276786576	0.75
152859.444775134	750	48.4016013394426	0.0	372963	1625.4549421219692	0.75
152862.29003753432	1200	49.55633893911847	0.0	639204	2845.2624003241262	0.75
152865.21464010878	1200	50.63173636466495	0.0	586839	2924.6025744535173	1.2
152869.44672443887	1200	50.399652034595604	0.0	601738	4232.08433006935	1.2
152872.80961650342	1200	51.036759970059286	0.0	616206	3362.892064536318	1.2
152877.41935688924	1200	50.42701958422754	0.0	656471	4609.740385831751	1.2
152883.06895037365	1200	48.777426099826286	0.0	536667	5649.593484401253	1.2
152889.99776186698	1200	45.848614606501044	0.0	587236	6928.811493325236	1.2
152893.7726134434	1200	46.07376303007985	0.0	590335	3774.85157642119	1.2
152897.1715234701	750	46.67485300338677	0.0	425781	3398.9100266930823	0.3
152899.28438290887	750	48.56199356460025	0.0	277716	2112.8594387865223	0.75
152901.66965295025	750	50.17672352322672	0.0	400396	2385.270041373528	0.75
152904.32877015084	750	51.51760632265741	0.0	400508	2659.1172005693147	0.75
152907.66164242456	1200	52.18473404895328	0.0	570392	3332.8722737041244	0.75
152911.41956551353	1200	52.42681095998006	0.0	620283	3757.9230889732216	1.2
152914.76271099597	1200	53.08366547753606	0.0	584349	3343.145482444001	1.2
152918.32498129207	1200	53.52139518142757	0.0	670129	3562.2702961084847	1.2
152922.04180914536	1200	53.80456732814261	0.0	690253	3716.827853284955	1.2
152925.35674502523	1200	54.489631448272334	0.0	598727	3314.9358798702815	1.2
152928.36573701559	1200	55.48063945790455	0.0	487812	3008.9919903677774	1.2
152932.00137116096	1200	55.84500531251682	0.0	575591	3635.634145387729	1.2
152936.39534139584	1200	55.45103507765637	0.0	605884	4393.970234860446	1.2
152941.351600037	1200	54.494776436512346	0.0	587506	4956.258641144029	1.2
152945.8418317094	1200	54.00454476406402	0.0	566904	4490.231672448328	1.2
152951.5581740761	1200	52.28820239736523	0.0	641452	5716.342366698788	1.2
152956.93052563784	1200	50.91585083564114	0.0	599477	5372.351561724093	1.2
152961.7466462985	1200	50.09973017498534	0.0	634861	4816.1206606558035	1.2
152967.291818771	1200	48.55455770249513	0.0	630203	5545.172472490202	1.2
152973.23331165282	1200	46.613064820667915	0.0	638661	5941.492881827218	1.2
152979.53557789838	1850	44.310798575085116	0.0	830730	6302.266245582804	1.2000000000000002
152994.38554472808	2850	33.46083174538941	0.0	1364537	14849.966829695704	1.85
152997.48354589543	750	34.362830578032316	0.0	450283	3098.0011673570984	0.75
152999.98525303314	750	35.86112344033015	0.0	398865	2501.707137702164	0.75
153002.07256938264	750	37.77380709082797	0.0	350812	2087.3163495021786	0.75
153004.51427030575	750	39.33210616771522	0.0	382355	2441.700923112754	0.75
153006.74533450755	750	41.10104196591974	0.0	411561	2231.064201795473	0.75
153008.35725927612	750	43.48911719735102	0.0	318564	1611.924768568723	0.75
153010.0538268112	750	45.79254966226412	0.0	352642	1696.5675350869014	0.75
153012.56884572498	750	47.27753074849487	0.0	437162	2515.018913769251	0.75
153014.79046397534	750	49.05591249812064	0.0	374758	2221.6182503742275	0.75
153017.321406361	750	50.52497011243261	0.0	362795	2530.942385688031	0.75
153020.50103208722	750	51.345344386202854	0.0	353220	3179.6257262297577	0.75
153025.57108345232	750	50.27529302112598	0.0	405134	5070.051365076867	0.75
153031.67494011723	750	48.17143635619499	0.0	386351	6103.856664930992	0.75
153038.20319792733	750	45.643178546099314	0.0	434409	6528.257810095676	0.75
153043.25108384882	750	44.59529262459958	0.0	337059	5047.885921499734	0.75
153046.4934807352	750	45.35289573825442	0.0	366214	3242.3968863451573	0.75
153050.92183119568	750	44.9245452777606	0.0	360831	4428.350460493817	0.75
153055.85516172697	750	43.99121474645987	0.0	372963	4933.330531300729	0.75
153062.4683026134	750	41.378073860063324	0.0	405596	6613.140886396542	0.75
153070.7325785198	750	37.11379795363643	0.0	350713	8264.275906426894	0.75
153072.74122291658	300	39.10515355686295	0.0	157671	2008.6443967734767	-0.15000000000000002
153078.83905473378	300	37.00732173964125	0.0	157812	6097.831817221701	0.3
153082.37639261558	300	37.46998385783383	0.0	163927	3537.33788180742	0.3
153084.53431236744	300	39.312064105975686	0.0	137654	2157.9197518581395	0.3
153086.72913332802	300	41.11724314540385	0.0	146754	2194.8209605718425	0.3
153089.27661334007	300	42.56976313335304	0.0	153938	2547.480012050804	0.3
153093.46429926017	300	42.382077213264765	0.0	181901	4187.68592008828	0.3
153095.78208481267	300	44.06429166075485	0.0	111155	2317.7855525099135	0.3
153099.7020084578	300	44.14436801561188	0.0	153605	3919.9236451429706	0.3
153103.2144886505	300	44.63188782291518	0.0	149029	3512.4801926967	0.3
153110.52393963918	300	41.32243683422654	0.0	157421	7309.450988688641	0.3
153115.4869246846	300	40.35945178880673	0.0	157488	4962.985045419812	0.3
153119.4180901761	300	40.42828629730064	0.0	143881	3931.165491506093	0.3
153123.2659335202	300	40.58044295319965	0.0	163444	3847.8433441009824	0.3
153126.9373314589	300	40.90904501451041	0.0	179328	3671.3979386892415	0.3
153132.47049340775	300	39.37588306566166	0.0	159914	5533.161948848749	0.3
153135.10250067257	300	40.74387580084596	0.0	131610	2632.0072648156975	0.3
153137.37869036954	300	42.46768610387999	0.0	124011	2276.1896969659724	0.3
153140.0159646501	300	43.83041182329193	0.0	144254	2637.2742805880525	0.3
153143.19406104012	300	44.65231543328608	0.0	149991	3178.0963900058537	0.3
153145.37107919346	300	46.475297279983955	0.0	147968	2177.018153302124	0.3
153147.5761489925	300	48.27022748095713	0.0	161857	2205.069799026824	0.3
153149.43441085433	300	50.41196561910921	0.0	145210	1858.2618618479278	0.3
153152.11246269572	300	51.73391377773804	0.0	172312	2678.051841371167	0.3
153154.40587409618	300	53.44050237726477	0.0	167025	2293.411400473267	0.3
153161.83044268645	750	50.01593378701713	0.0	393804	7424.568590247643	0.3
153171.7893678623	750	44.05700861115096	0.0	331053	9958.925175866172	0.75
153202.05002631343	1850	17.796350160041094	0.0	846370	30260.658451109866	0.75
153215.31206889125	750	8.534307582206626	0.0	450283	13262.042577834467	0.75
153219.41770320304	300	8.428673270397008	0.0	155580	4105.634311809618	-0.15000000000000002
153222.2485505933	300	9.597825880156515	0.0	139857	2830.8473902404926	0.3
153224.22865739302	300	11.617719080437954	0.0	155432	1980.1067997185617	0.3
153225.8347042411	300	14.01167223234244	0.0	163442	1606.0468480955142	0.3
153226.94005830548	300	16.906318167969708	0.0	126289	1105.35406437273	0.3
153228.14244697153	300	19.70392950189265	0.0	153295	1202.3886660770602	0.3
153229.33748125235	300	22.508895221082874	0.0	173849	1195.0342808097778	0.3
153230.56465048436	300	25.281725989076467	0.0	150710	1227.1692320064064	0.3
153231.70009358367	300	28.14628288974729	0.0	139105	1135.4430993291746	0.3
153232.71431496862	300	31.132061504795942	0.0	141840	1014.2213849513463	0.3
153233.83893272758	300	34.00744374582731	0.0	156148	1124.6177589686347	0.3
153234.8327668099	300	37.01360966349478	0.0	160746	993.8340823325284	0.3
153235.9191515718	300	39.92722490158362	0.0	179801	1086.3847619111618	0.3
153238.16959612904	750	41.67678034435351	0.0	337059	2250.4445572301124	0.3
153240.403190264	750	43.44318620937114	0.0	366214	2233.5941349823684	0.75
153242.3142958122	750	45.532080661207594	0.0	360831	1911.105548163539	0.75
153244.09261410355	750	47.75376236983016	0.0	372963	1778.3182913774347	0.75
153246.55144376017	750	49.294932713223666	0.0	405596	2458.8296566065	0.75
153248.7852558551	750	51.06112061828703	0.0	350713	2233.812094936633	0.75
153251.15413327806	750	52.69224319529921	0.0	386472	2368.8774229878213	0.75
153253.68208338966	750	54.164293083694254	0.0	399894	2527.9501116049573	0.75
153257.47019066382	1200	54.37618580955272	0.0	656471	3788.107274141533	0.75
153260.20588111322	1200	55.64049536015336	0.0	536667	2735.690449399365	1.2
153263.14026003832	1200	56.70611643505207	0.0	587236	2934.378925101288	1.2
153265.70361042806	1200	58.14276604530793	0.0	590335	2563.3503897441433	1.2
153269.39832469716	1200	58.44805177620043	0.0	696376	3694.7142691075005	1.2
153272.48681636772	1200	59.35956010565975	0.0	487160	3088.491670540676	1.2
153277.1427649875	1200	58.70361148588146	0.0	622896	4655.948619778292	1.2
153283.39523480632	1200	56.451141667059844	0.0	641447	6252.469818821618	1.2
153287.29245269106	1200	56.55392378231338	0.0	570392	3897.21788474646	1.2
153291.02576833311	1200	56.82060814029721	0.0	620283	3733.315642016168	1.2
153294.8918790214	1200	56.95449745200881	0.0	584349	3866.1106882884033	1.2
153299.30056928948	1200	56.54580718393611	0.0	670129	4408.6902680726935	1.2
153306.0743660142	1200	53.77201045922302	0.0	690253	6773.796724713096	1.2
153309.54496115356	1200	54.301415319835606	0.0	598727	3470.5951393874097	1.2
153312.15756598153	1200	55.68881049187378	0.0	487812	2612.6048279618276	1.2
153314.64967424326	1200	57.1967022301299	0.0	575591	2492.1082617438774	1.2
153317.47450965867	1200	58.37186681472634	0.0	605884	2824.8354154035624	1.2
153320.0675569239	1200	59.778819549504085	0.0	587506	2593.0472652222497	1.2
153323.52399634587	1200	59.82126421573175	0.0	566904	2957.5553337723304	1.2
153327.34313685805	1200	59.57713600375769	0.0	641452	3244.1282119740636	1.2
153330.6522006408	1200	59.578610262470576	0.0	599477	2998.525741287114	1.2
153334.09893136894	1200	59.71201391912744	0.0	634861	3366.5963433431302	1.2
153341.7737172158	1850	56.03722807226208	0.0	958994	7674.785846865363	1.2000000000000002
153352.8640113258	1850	48.94693396227719	0.0	982064	11090.294109984881	1.85
153364.01254377834	1850	41.79840150973779	0.0	830730	11148.5324525394	1.85
153375.57845450373	2850	34.23249078431829	0.0	1364537	11565.910725419502	1.85
153382.3290560918	750	31.481889196247213	0.0	450283	6750.601588071076	0.75
153393.4966456347	750	24.31429965335717	0.0	398865	11167.589542890039	0.75
153397.49782626927	300	24.313119018785518	0.0	139857	4001.1806345716527	-0.15000000000000002
153399.953125087	300	25.85782020106295	0.0	155432	2455.2988177225684	0.3
153402.03973661683	300	27.771208671240196	0.0	163442	2086.611529822756	0.3
153404.6555159584	300	29.155429329662763	0.0	126289	2615.779341577431	0.3
153407.09521284373	300	30.71573244430693	0.0	153295	2439.6968853558324	0.3
153410.84518815862	300	30.965757129407713	0.0	173849	3749.975314899218	0.3
153414.67887141305	300	31.132073874980588	0.0	150710	3833.6832544271288	0.3
153416.30262684004	300	33.508318447990156	0.0	139105	1623.755426990431	0.3
153417.6561328177	300	36.15481247033259	0.0	141840	1353.5059776575658	0.3
153418.9453512866	300	38.86559400147068	0.0	156148	1289.2184688619059	0.3
153419.95724638848	300	41.85369889956882	0.0	160746	1011.895101901859	0.3
153426.1279736766	750	39.68297161147792	0.0	434409	6170.727288090911	0.3
153437.57334512487	750	32.23760016318701	0.0	337059	11445.371448290907	0.75
153438.66795450775	300	35.14299078031479	0.0	138313	1094.6093828722228	-0.15000000000000002
153439.61004799622	300	38.20089729183564	0.0	143509	942.0934884791474	0.3
153440.42901346058	300	41.38193182749559	0.0	150616	818.9654643400438	0.3
153441.0648166537	300	44.74612863438	0.0	165384	635.8031931155965	0.3
153441.61587381095	300	48.19507147713744	0.0	140881	551.0571572425587	0.3
153443.3141154475	750	50.49682984057824	0.0	386472	1698.241636559202	0.3
153446.29645174457	1200	51.5144935435208	0.0	616206	2982.3362970574385	0.75
153449.21276931747	1200	52.598175970590205	0.0	656471	2916.3175729305954	1.2
153450.80753474624	1200	55.00341054184122	0.0	536667	1594.7654287489895	1.2
153452.5918080356	1200	57.21913725247491	0.0	587236	1784.273289366314	1.2
153455.23037462874	1850	58.58057065934895	0.0	905935	2638.566593125956	1.2000000000000002
153458.10214625724	1850	59.70879903081546	0.0	1076599	2871.771628533489	1.85
153460.49333924023	1850	59.983877175895174	0.0	758197	2224.921854920283	1.85
153464.40741996167	1850	59.78547237921176	0.0	972798	3698.4047966834196	1.85
153468.08007243054	1850	59.861984107126275	0.0	975811	2923.4882720854807	1.85
153471.16385509935	1850	59.61917487114627	0.0	873429	2242.809235980005	1.85
153473.2038932668	1850	59.950142503825916	0.0	954453	1669.0323673203554	1.85
153475.57163396841	1850	59.65477505307487	0.0	885062	1795.3674507510473	1.85
153480.05736372885	2850	59.169045292642956	0.0	1587293	4485.7297604319165	1.85
153483.86090606896	2850	59.3655029525524	0.0	1492672	3803.5423400905593	2.85
153488.08870721358	2850	59.13770180791975	0.0	1439896	4227.801144632658	2.85
153492.67248232896	2850	58.55392669253961	0.0	1139291	4583.775115380126	2.85
153503.71518381606	2850	51.5112252054039	0.0	1499009	11042.70148713571	2.85
153512.08110249625	2850	47.14530652523509	0.0	1427478	8365.918680168808	2.85
153519.20641076085	1850	44.01999826061699	0.0	930577	7125.308264618109	0.8500000000000001
153527.44241179485	1200	39.783997226625935	0.0	566904	8236.001033991051	0.5499999999999999
153544.3496759998	1200	26.87673302163504	0.0	641452	16907.264204990894	1.2
153547.100334218	300	28.126074803464718	0.0	145210	2750.6582181703234	-0.6000000000000001
153549.22315579996	300	30.00325322151363	0.0	172312	2122.8215819510897	0.3
153553.61640646373	300	29.610002557757724	0.0	167025	4393.250663755905	0.3
153555.5477510878	300	31.678657933653607	0.0	160064	1931.3446241041174	0.3
153556.95023853277	300	34.276170488709184	0.0	137507	1402.487444944427	0.3
153560.2604773484	750	34.96593167303856	0.0	314107	3310.2388156706234	0.3
153573.0565432818	750	26.169865739655773	0.0	450283	12796.06593338279	0.75
153579.61854112273	300	23.60786789871526	0.0	155580	6561.997840940512	-0.15000000000000002
153584.34215414905	300	22.884254872405254	0.0	139857	4723.613026310004	0.3
153588.93600910198	300	22.290399919478087	0.0	155432	4593.854952927167	0.3
153590.8787452611	300	24.347663760369787	0.0	163442	1942.7361591083006	0.3
153592.3308370791	300	26.89557194238908	0.0	126289	1452.0918179807086	0.3
153594.00163538154	300	29.22477363992267	0.0	153295	1670.7983024664104	0.3
153595.90939949127	300	31.3170095302051	0.0	173849	1907.7641097175704	0.3
153596.96543305245	300	34.26097596904292	0.0	150710	1056.0335611621836	0.3
153597.8385527419	300	37.387856279611675	0.0	139105	873.119689431248	0.3
153598.75841937793	300	40.467989643574924	0.0	141840	919.8666360367527	0.3
153599.83684284784	300	43.38956617363507	0.0	156148	1078.4234699398594	0.3
153601.83493269005	750	45.39147633143204	0.0	386351	1998.0898422030298	0.3
153604.51538088237	750	46.71102813912975	0.0	434409	2680.44819230228	0.75
153606.06925903348	750	49.15714998799687	0.0	337059	1553.8781511328884	0.75
153607.54595589568	750	51.68045312577419	0.0	366214	1476.6968622226802	0.75
153609.62905139136	1200	53.59735763011637	0.0	617242	2083.0954956578225	0.75
153611.76364585693	1200	55.462763164524425	0.0	581493	2134.594465591941	1.2
153614.46627637747	1200	56.76013264400207	0.0	639204	2702.630520522353	1.2
153616.78877156135	1200	58.43763746012414	0.0	586839	2322.495183877937	1.2
153620.27068216898	1850	58.955726852495744	0.0	891604	3481.9106076283824	1.2000000000000002
153624.41436215516	1850	58.81204686630397	0.0	955231	4143.679986191777	1.85
153631.7920229483	1850	55.43438607317361	0.0	968026	7377.66079313036	1.85
153638.41680613428	1850	52.809602887177896	0.0	874175	6624.783185995716	1.85
153642.93852497207	1200	52.287884049399594	0.0	587236	4521.718837778306	0.5499999999999999
153647.38159133244	1200	51.844817689016246	0.0	590335	4443.066360383356	1.2
153652.444081089	1200	50.78232793245355	0.0	696376	5062.489756562697	1.2
153654.18300572847	1200	53.04340329297936	0.0	487160	1738.924639474184	1.2
153656.66456723283	1200	54.56184178861096	0.0	622896	2481.561504368399	1.2
153659.2579321017	1200	55.96847691972199	0.0	641447	2593.3648688889716	1.2
153661.47335074857	1200	57.75305827283978	0.0	570392	2215.418646882205	1.2
153664.04911158804	1200	59.17729743338816	0.0	620283	2575.760839451612	1.2
153669.15840067025	1850	58.06800835115243	0.0	885062	5109.289082235733	1.2000000000000002
153672.6773486688	1850	58.549060352593244	0.0	1035329	3518.9479985591843	1.85
153675.34622525287	1850	59.880183768545606	0.0	1026056	2668.8765840476426	1.85
153678.61589999203	1850	59.67732866667199	0.0	943942	2702.8551018736152	1.85
153680.93478270495	1850	59.69079712883868	0.0	728962	1986.5315378333014	1.85
153683.4835787823	1850	59.77757467773164	0.0	938587	2413.222451107041	1.85
153688.5120710989	2850	58.74908236112016	0.0	1427478	5028.492316611489	1.85
153696.14710035388	2850	55.11405310615188	0.0	1402287	7635.029254968275	2.85
153706.55036638174	2850	48.71078707829458	0.0	1339500	10403.266027857293	2.85
153717.2414253915	1850	42.01972806853741	0.0	1025005	10691.059009757171	0.8500000000000001
153722.75485974565	1850	40.506293714381755	0.0	886255	5513.434354155659	1.85
153726.6663470959	1200	40.59480636415376	0.0	634861	3911.487350227996	0.5499999999999999
153734.71864785187	1200	36.542505608148105	0.0	630203	8052.300756005657	1.2
153743.92438587837	1200	31.336767581662528	0.0	638661	9205.738026485573	1.2
153749.8421353938	1200	29.419018066254946	0.0	538612	5917.74951540758	1.2
153762.06627139967	1850	21.194882060390164	0.0	846370	12224.136005864782	1.2000000000000002
153769.14009814977	750	18.121055310276056	0.0	450283	7073.826750114105	0.75
153772.9731798498	300	18.28797361024524	0.0	155580	3833.0817000308216	-0.15000000000000002
153776.63164343417	300	18.62951002589295	0.0	139857	3658.4635843522833	0.3
153781.77281608895	300	17.488337371119638	0.0	155432	5141.172654773315	0.3
153786.11728053866	300	17.14387292142809	0.0	163442	4344.464449691547	0.3
153787.85102706487	300	19.41012639522829	0.0	126289	1733.7465261997984	0.3
153789.51414707946	300	21.74700638062101	0.0	153295	1663.1200146072824	0.3
153791.11128655475	300	24.14986690532796	0.0	173849	1597.139475293047	0.3
153792.3615069103	300	26.899646549786723	0.0	150710	1250.2203555412368	0.3
153793.42315435168	300	29.837999108390953	0.0	139105	1061.6474413957726	0.3
153794.5394064935	300	32.72174696654888	0.0	141840	1116.2521418420724	0.3
153796.3568037528	300	34.90434970724152	0.0	156148	1817.3972593073645	0.3
153798.29091899458	300	36.97023446547033	0.0	160746	1934.1152417711899	0.3
153801.73926966722	750	37.52188379283179	0.0	434409	3448.350672638539	0.3
153803.31256047645	750	39.94859298357926	0.0	337059	1573.290809252524	0.75
153805.01937133	750	42.24178213001212	0.0	366214	1706.8108535671402	0.75
153806.50900922384	750	44.75214423619215	0.0	360831	1489.637893819974	0.75
153808.1042533482	750	47.156900111825095	0.0	372963	1595.2441243670567	0.75
153810.8308237773	1200	48.43032968275031	0.0	639204	2726.57042907478	0.75
153813.4586440936	1200	49.802509366435395	0.0	586839	2627.8203163149224	1.2
153815.90649094922	1200	51.35466251082408	0.0	601738	2447.8468556113144	1.2
153818.69095503938	1200	52.57019842065278	0.0	616206	2784.4640901712983	1.2
153822.53438167652	1200	52.72677178352292	0.0	656471	3843.4266371298595	1.2
153826.3039468243	1200	52.95720663573503	0.0	536667	3769.5651477878932	1.2
153830.06307320078	1200	53.198080259248904	0.0	587236	3759.1263764861196	1.2
153832.88735831	1200	54.373795150051855	0.0	590335	2824.285109197049	1.2
153836.73538036793	1200	54.52577309209079	0.0	696376	3848.022057961067	1.2
153838.8476358593	1200	56.41351760070634	0.0	487160	2112.2554913844406	1.2
153843.05846205857	1200	56.20269140143078	0.0	622896	4210.8261992755615	1.2
153849.12033859102	1200	54.140814868995335	0.0	641447	6061.876532435448	1.2
153856.12915542597	1200	51.13199803404322	0.0	570392	7008.816834952117	1.2
153865.21073336035	1200	46.050420099648285	0.0	620283	9081.577934394943	1.2
153867.8045186663	750	47.4566347937031	0.0	369834	2593.7853059451804	0.3
153870.70600749343	750	48.5551459665692	0.0	412837	2901.488827133902	0.75
153874.1938139558	750	49.0673395042261	0.0	401088	3487.8064623431037	0.75
153878.2893017657	750	48.97185169428827	0.0	365161	4095.487809937823	0.75
153881.14956117264	750	50.11159228737367	0.0	321064	2860.259406914601	0.75
153885.22871296815	750	50.03244049186064	0.0	361565	4079.151795513031	0.75
153887.8893835631	750	51.37176989688701	0.0	378327	2660.6705949736292	0.75
153890.4863469733	750	52.774806486700484	0.0	390680	2596.9634101865236	0.75
153893.2748901789	750	53.98626328109883	0.0	345516	2788.5432056016552	0.75
153895.7670175903	750	55.494135869714256	0.0	384505	2492.1274113845716	0.75
153898.16273878168	750	57.09841467830719	0.0	372093	2395.7211914070663	0.75
153901.20386538815	750	58.05728807185609	0.0	438281	3041.1266064511037	0.75
153903.97209128953	750	59.289062170500536	0.0	398987	2768.225901355556	0.75
153910.2746453395	1850	56.98650812052957	0.0	982064	6302.554049970964	0.75
153917.87633255284	2850	53.3848209071702	0.0	1231456	7601.6872133593715	1.85
153926.266133693	2850	48.99501976704417	0.0	1364537	8389.801140126028	2.85
153929.0859298311	750	50.17522362890626	0.0	450283	2819.796138137915	0.75
153931.61655053348	750	51.644602926547265	0.0	398865	2530.6207023589873	0.75
153933.63543289038	750	53.62572056963042	0.0	350812	2018.8823569168546	0.75
153935.40564957284	750	55.855503887178884	0.0	382355	1770.2166824515311	0.75
153938.35197725205	1200	56.9091762079725	0.0	652874	2946.327679206382	0.75
153940.65443265825	1200	58.606720801784085	0.0	520315	2302.4554061884205	1.2
153943.72690051846	1200	59.53425294155179	0.0	561791	3072.467860232292	1.2
153947.71887752492	1200	59.54227593510437	0.0	709534	3991.9770064474233	1.2
153950.87083160903	1200	59.510735077475374	0.0	584846	3031.540857629001	1.2
153954.68239995104	1200	59.699166735488134	0.0	560821	3311.5683419872394	1.2
153959.03887285275	1200	59.34269383377312	0.0	607410	4356.472901715019	1.2
153962.66097328364	1200	59.7205934028813	0.0	594078	3622.1004308918186	1.2
153966.2823877603	1200	59.73916361510433	0.0	624282	3481.4297877769677	1.2
153970.98592959475	1200	59.035621780637506	0.0	687371	4703.5418344668315	1.2
153974.11057653313	1200	59.91097484224273	0.0	526950	3124.646938394779	1.2
153978.3391735526	1200	59.51426306335489	0.0	587876	3396.711778887837	1.2
153982.07279296528	1200	59.762895977301426	0.0	617242	3251.3670860534617	1.2
153984.63484641563	1200	59.878995415449474	0.0	581493	2383.900561851953	1.2
153988.31610293343	1200	59.56044360079546	0.0	639204	3318.5518146540217	1.2
153993.0387956355	1200	58.83775089871324	0.0	586839	4722.692702082221	1.2
153995.70553589542	1200	59.64857947138732	0.0	601738	2189.171427325918	1.2
153999.65073503347	1200	59.70338033333561	0.0	616206	3945.199138051708	1.2
154003.57626315407	1200	59.77785221277073	0.0	656471	3925.5281205648776	1.2
154007.6025512488	1200	59.704356210988735	0.0	536667	3073.4960017819976	1.2
154011.35692046658	1200	59.74356764857118	0.0	587236	2960.7885624175537	1.2
154014.72775078556	1200	59.644942816767546	0.0	590335	2598.6248318036405	1.2
154018.65167070774	1200	59.721022894580834	0.0	696376	3423.919922186708	1.2
154022.0096372215	1200	59.50510234238032	0.0	487160	2715.9205522005145	1.2
154026.00029652365	1200	59.51444304021171	0.0	622896	3490.6593021686117	1.2
154030.23907345775	1200	59.275666106119246	0.0	641447	4238.776934092463	1.2
154034.03998840388	1200	59.47475115996876	0.0	570392	3800.91494615048	1.2
154037.73576327812	1200	59.70356229484243	0.0	620283	2771.188865126337	1.2
154041.73354713802	1200	59.70577843492902	0.0	584349	3997.783859913403	1.2
154046.60975901023	1200	58.82956656274113	0.0	670129	4876.211872187893	1.2
154053.14797288468	1200	56.29135268828738	0.0	690253	6538.213874453743	1.2
154065.7670656015	1200	47.67225997146031	0.0	598727	12619.092716827068	1.2

