10464.795191418823	750	4.0	1.3264856678000625	450283	1326.4856678000624	-4.953888371540269
10466.638292445366	750	6.156898973456267	0.0	398865	1843.1010265437337	0.75
10468.468642527992	750	8.326548890831019	0.0	350812	1830.3500826252475	0.75
10470.058731004989	750	10.736460413834989	0.0	382355	1590.0884769960298	0.75
10471.496448270693	750	13.298743148130693	0.0	411561	1437.7172657042938	0.75
10472.448618147537	750	16.346573271286584	0.0	318564	952.1698768441101	0.75
10473.262713763479	750	19.532477655343765	0.0	352642	814.0956159428176	0.75
10475.326993424052	1200	21.468197994769785	0.0	709534	2064.279660573983	0.75
10476.69282848279	1200	24.102362936032847	0.0	584846	1365.8350587369337	1.2
10479.436697884348	1850	25.358493534475087	0.0	913888	2743.8694015577594	1.2000000000000002
10482.05320785238	1850	26.741983566444038	0.0	939819	2616.509968031053	1.85
10485.42378855558	1850	27.371402863242963	0.0	917428	3370.580703201074	1.85
10488.097703662812	1850	28.697487756009803	0.0	946851	2673.9151072331583	1.85
10491.059282416876	1850	29.73590900194539	0.0	1036454	2961.5787540644114	1.85
10493.285102573638	1850	31.51008884518341	0.0	821631	2225.8201567619817	1.85
10495.697558346372	1850	33.097633072450435	0.0	923170	2412.455772732975	1.85
10498.712954064853	1850	34.08223735396888	0.0	966699	3015.3957184815595	1.85
10502.0800979003	1850	34.71509351852302	0.0	885714	3367.143835445854	1.85
10506.147320653097	1850	34.64787076572425	0.0	987708	4067.222752798768	1.85
10509.452615952527	1850	35.34257546629396	0.0	923755	3305.295299430292	1.85
10512.51033905171	1850	36.28485236711	0.0	891604	3057.7230991839588	1.85
10515.3524404211	1850	37.44275099771973	0.0	955231	2842.1013693902705	1.85
10517.972763899199	1850	38.82242751961993	0.0	968026	2620.323478099796	1.85
10521.230231361133	1850	39.56496005768703	0.0	874175	3257.467461932899	1.85
10523.83454517879	1850	40.960646240029575	0.0	897976	2604.3138176574494	1.85
10526.427327405198	1850	42.367864013621976	0.0	905935	2592.7822264076017	1.85
10529.441409517978	1850	43.35378190084146	0.0	1076599	3014.0821127805175	1.85
10531.57031006405	1850	45.22488135476876	0.0	758197	2128.9005460727017	1.85
10533.938057187006	1850	46.857134231811514	0.0	972798	2367.7471229572448	1.85
10537.537463700504	2850	47.257727718313056	0.0	1561263	3599.4065134984567	1.85
10540.701474959937	2850	48.09371645888116	0.0	1341201	3164.0112594318925	2.85
10543.901599147224	2850	48.893592271592375	0.0	1497683	3200.124187288794	2.85
10547.066495178295	2850	49.728696240521415	0.0	1358081	3164.8960310709595	2.85
10550.781341121561	2850	50.01385029725509	0.0	1587293	3714.8459432663226	2.85
10553.793094383553	2850	51.002097035264434	0.0	1492672	3011.7532619906597	2.85
10556.292519412666	2850	52.50267200615231	0.0	1439896	2499.4250291121293	2.85
10560.135992762747	4300	52.65919865606912	0.0	1919781	3843.4733500831862	2.8499999999999996
10564.831223909772	4300	51.96396750904366	0.0	2147467	4695.231147025458	4.3
10569.690845708885	4300	51.104345709931785	0.0	2133870	4859.62179911188	4.3
10573.901549722777	4300	50.893641696039246	0.0	2146120	4210.704013892539	4.3
10578.05922649965	4300	50.73596491916582	0.0	2108491	4157.676776873423	4.3
10583.216525545107	4300	49.57866587370843	0.0	2184571	5157.299045457397	4.3
10590.932399441532	4300	45.862791977285134	0.0	2121928	7715.873896423299	4.3
10600.893997990443	4300	39.90119342837435	0.0	2219102	9961.59854891078	4.3
10611.674081265613	4300	33.12111015320288	0.0	2124950	10780.083275171472	4.3
10620.861007004525	2850	27.934184414290524	0.0	1483527	9186.92573891235	1.4000000000000001
10627.200739529117	2850	25.594451889699048	0.0	1231456	6339.732524591474	2.85
10634.596610997414	2850	22.198580421400106	0.0	1364537	7395.87146829894	2.85
10636.915058766866	750	23.880132651947513	0.0	450283	2318.447769452596	0.75
10639.254202273549	750	25.540989145264582	0.0	398865	2339.143506682927	0.75
10641.189264758821	750	27.6059266599931	0.0	350812	1935.0624852714839	0.75
10642.823543490125	750	29.971647928689382	0.0	382355	1634.2787313037195	0.75
10644.874045261704	750	31.921146157111128	0.0	411561	2050.5017715782506	0.75
10647.741262948168	1200	33.05392847064571	0.0	520315	2867.217686465418	0.75
10652.372342595663	1200	32.422848823150574	0.0	561791	4631.0796474951385	1.2
10655.97644314267	1200	32.81874827614345	0.0	709534	3604.1005470071195	1.2
10658.880488164059	1200	33.914703254753434	0.0	584846	2904.04502139002	1.2
10661.903194382658	1200	34.89199703615486	0.0	560821	3022.7062185985687	1.2
10665.35745213955	1200	35.43773927926425	0.0	607410	3454.2577568906177	1.2
10668.604079808569	1200	36.191111610245365	0.0	594078	3246.627669018881	1.2
10671.37981157557	1200	37.415379843242526	0.0	624282	2775.731767002842	1.2
10674.069143230105	1200	38.72604818870855	0.0	687371	2689.3316545339685	1.2
10676.151848352623	1200	40.64334306618874	0.0	526950	2082.705122519813	1.2
10678.558163608983	1200	42.23702780982963	0.0	587876	2406.3152563591157	1.2
10681.585364406747	1200	43.209827012066235	0.0	617242	3027.2007977633934	1.2
10683.906324799671	1200	44.88886661914124	0.0	581493	2320.9603929249934	1.2
10686.710252307368	1850	46.084939111443695	0.0	987708	2803.927507697544	1.2000000000000002
10689.91253237189	1850	46.88265904692096	0.0	923755	3202.2800645227317	1.85
10693.409920330985	1850	47.385271087827405	0.0	891604	3497.3879590935503	1.85
10697.252772725607	1850	47.542418693203174	0.0	955231	3842.8523946242376	1.85
10701.250036700787	1850	47.54515471802359	0.0	968026	3997.2639751795864	1.85
10703.941808775524	1850	48.853382643286636	0.0	874175	2691.7720747369526	1.85
10706.446228836227	1850	50.348962582584015	0.0	897976	2504.420060702622	1.85
10710.381875752497	2850	50.413315666313906	0.0	1480464	3935.646916270102	1.85
10717.284654507188	2850	47.51053691162326	0.0	1547572	6902.778754690644	2.85
10722.216199835138	2850	46.57899158367266	0.0	1141971	4931.5453279506055	2.85
10730.927483180363	2850	41.867708238448714	0.0	1498470	8711.28334522394	2.85
10736.404432270903	1850	40.39075914790853	0.0	975811	5476.949090540185	0.8500000000000001
10745.670587932464	1850	35.12460348634883	0.0	873429	9266.1556615597	1.85
10763.405083353506	1850	21.390108065306375	0.0	954453	17734.495421042455	1.85
10784.93159705171	1200	4.0	0.1364056328968072	584349	21526.513698203184	-0.03654422145627101
10787.675227537607	300	5.256369514101971	0.0	163444	2743.6304858980297	-0.6000000000000001
10793.289054556391	300	4.0	0.3574575046817663	179328	5613.827018783737	-1.237067270131595
10798.2773575946	300	4.0	0.9883030382075595	159914	4988.303038207559	-3.949703064292506
10800.851128402384	300	5.42622919221637	0.0	131610	2573.7708077836296	0.3
10802.427277824205	300	7.8500797703967455	0.0	124011	1576.1494218196246	0.3
10804.710481475124	300	9.5668761194769	0.0	144254	2283.2036509198465	0.3
10807.936458529955	300	10.340899064645743	0.0	149991	3225.977054831155	0.3
10812.863791641399	300	9.413565953201443	0.0	147968	4927.333111444301	0.3
10819.610223277788	300	6.667134316812784	0.0	161857	6746.431636388659	0.3
10823.755017930465	300	6.5223396641371005	0.0	145210	4144.794652675683	0.3
10827.75348511545	300	6.523872479152626	0.0	172312	3998.467184984476	0.3
10829.963732231132	300	8.313625363469777	0.0	167025	2210.247115682849	0.3
10832.251150758473	300	10.026206836128884	0.0	160064	2287.418527340892	0.3
10836.456760637173	300	9.820596957427789	0.0	137507	4205.609878701096	0.3

