141580.54782599185	750	4.0	6.607758736420716	450283	6607.758736420716	-27.663362566609077
141582.15893068627	300	6.3888953055802595	0.0	155580	1611.1046944197403	-0.15000000000000002
141583.28089427995	300	9.266931711882483	0.0	139857	1121.9635936977763	0.3
141584.52459862188	300	12.023227369959335	0.0	155432	1243.7043419231486	0.3
141585.7797735244	300	14.768052467430522	0.0	163442	1255.174902528814	0.3
141587.01576800694	300	17.53205798489559	0.0	126289	1235.9944825349344	0.3
141588.1361175824	300	20.411708409423714	0.0	153295	1120.3495754718733	0.3
141589.35382944444	300	23.193996547394562	0.0	173849	1217.7118620291524	0.3
141590.38166768168	300	26.1661583101721	0.0	150710	1027.8382372224632	0.3
141591.62066658493	300	28.927159406911148	0.0	139105	1238.998903260951	0.3
141592.61807232077	300	31.929753671101036	0.0	141840	997.4057358101136	0.3
141593.99847511042	300	34.54935088144765	0.0	156148	1380.402789653389	0.3
141595.16535467142	300	37.38247132045039	0.0	160746	1166.8795609972592	0.3
141596.46236147598	300	40.0854645158922	0.0	179801	1297.0068045581922	0.3
141597.42822334284	300	43.11960264902273	0.0	140051	965.8618668694687	0.3
141598.37810291213	300	46.16972307974019	0.0	138313	949.8795692825433	0.3
141600.9977486992	750	47.55007729265888	0.0	360831	2619.645787081307	0.3
141603.89840489702	750	48.649421094884275	0.0	372963	2900.6561977746014	0.75
141607.38552168166	750	49.16230431021607	0.0	405596	3487.1167846681983	0.75
141609.97421752373	750	50.573608468146546	0.0	350713	2588.6958420695305	0.75
141612.69701198576	750	51.85081400610963	0.0	386472	2722.794462036915	0.75
141615.62652811603	750	52.921297875855394	0.0	399894	2929.5161302542324	0.75
141618.31343043517	750	54.23439555668928	0.0	401853	2686.902319166121	0.75
141620.8257156968	750	55.72211029509411	0.0	343800	2512.2852615951656	0.75
141623.68820654252	750	56.859619449354355	0.0	359903	2862.4908457397623	0.75
141627.2804322761	750	57.26739371578417	0.0	379700	3592.225733570176	0.75
141630.42370149904	750	58.124124492837396	0.0	425781	3143.2692229467784	0.75
141633.18913152796	750	59.358694463921246	0.0	277716	2765.430028916147	0.75
141636.25644132076	750	59.65907170377085	0.0	400396	2699.622760150401	0.75
141639.74520519786	750	59.638533281532524	0.0	400508	2520.538422238319	0.75
141643.73467434017	750	59.533911437839386	0.0	358218	3104.621843693138	0.75
141647.61948781562	750	59.649097962377915	0.0	400322	3884.8134754614766	0.75
141650.88348185437	750	59.761931330015194	0.0	369834	2887.1666323627214	0.75
141654.71800877398	750	59.927404410411164	0.0	412837	3834.526919604027	0.75
141659.0219270208	750	59.623486163563406	0.0	401088	4303.918246847758	0.75
141663.38305068374	750	59.262362500648315	0.0	365161	4361.123662915098	0.75
141666.79559314085	750	59.813789389978766	0.0	321064	2948.573110669549	0.75
141670.51962366563	750	59.629258800802795	0.0	361565	3184.530589175971	0.75
141673.89958416778	750	59.88402851754015	0.0	378327	3245.230283262645	0.75
141677.50376473766	750	59.549303342038485	0.0	390680	3334.7251755016705	0.75
141681.38866993447	750	59.664398145220034	0.0	345516	3384.905196818448	0.75
141685.1667660697	750	59.77253037321188	0.0	384505	3391.8677720081573	0.75
141689.10730413502	750	59.8319923079067	0.0	372093	3440.538065305175	0.75
141692.619173467	750	59.83444085616743	0.0	438281	2997.5514517392644	0.75
141696.16982778604	750	59.99127263677854	0.0	398987	3343.1682193889023	0.75
141701.29830040736	1200	58.862800015469496	0.0	638661	5128.472621309038	0.75
141708.32081896675	1850	55.84028145607912	0.0	830730	7022.518559390384	1.2000000000000002
141721.4464572946	2850	46.714643128200436	0.0	1364537	13125.638327878678	1.85
141725.91158912625	750	46.24951129656823	0.0	450283	4465.131831632204	0.75
141729.66008254257	750	46.501017880245655	0.0	398865	3748.4934163225726	0.75
141732.9748011138	750	47.18629930899287	0.0	350812	3314.718571252788	0.75
141736.26775098173	750	47.89334944107726	0.0	382355	3292.949867915607	0.75
141739.75293993996	750	48.40816048281611	0.0	411561	3485.188958261151	0.75
141742.5326743116	750	49.628426111182634	0.0	318564	2779.7343716334753	0.75
141744.060894392	300	52.10020603081162	0.0	153295	1528.2200803710136	-0.15000000000000002
141745.90671905712	300	54.25438136568499	0.0	173849	1845.8246651266284	0.3
141747.26740902138	300	56.8936914014174	0.0	150710	1360.6899642675955	0.3
141748.58566666098	300	59.57543376183587	0.0	139105	1318.2576395815295	0.3
141750.64509313603	300	59.90288301159094	0.0	141840	1172.5507502449298	0.3
141753.53213575704	300	59.7577995635056	0.0	156148	2145.0834480853377	0.3
141757.58092479705	300	59.709010523480906	0.0	160746	3548.789040024693	0.3
141761.29396637587	300	59.99596894464388	0.0	179801	3713.041578837033	0.3
141763.3015225234	300	59.69758576677872	0.0	140051	1798.3831778651606	0.3
141765.74938621934	300	59.95974040363035	0.0	138313	1737.8453631483721	0.3
141767.67384770093	300	59.667518829228726	0.0	143509	1292.2215744016203	0.3
141770.26400114057	300	59.938562063007765	0.0	150616	1728.956766220961	0.3
141773.41918578857	300	59.836568075717324	0.0	165384	2601.9939872904406	0.3
141775.83286440064	300	59.575824100045566	0.0	140881	1760.7439756717542	0.3
141778.29714398933	300	59.750151623881706	0.0	157671	2325.6724761638598	0.3
141782.08618264884	300	59.96111296437831	0.0	157812	3289.0386595033974	0.3
141786.82224144912	300	59.225054164094644	0.0	163927	4736.058800283661	0.3
141789.8964723324	300	59.88529100862427	0.0	137654	2839.7631554703744	0.3
141792.4673318972	300	59.59259509012231	0.0	146754	2292.6959185019587	0.3
141796.0631194893	300	59.61878311723741	0.0	153938	3473.8119728848988	0.3
141798.90622813272	300	59.71221660511191	0.0	181901	1906.5665121255017	0.3
141801.7740273996	300	59.69258803732944	0.0	111155	2519.6285677824712	0.3
141804.52484610263	300	59.90626403537281	0.0	153605	1786.3240019566367	0.3
141806.88968556546	300	59.506591654477596	0.0	149029	1399.6723808952117	0.3
141809.49947837144	300	59.898778792463965	0.0	157421	1607.8128620136322	0.3
141812.46504515593	300	59.502485372191366	0.0	157488	2896.2934202725946	0.3
141815.20230660267	300	59.84299133094045	0.0	143881	2159.494041250917	0.3
141824.26751155924	750	54.77778637438749	0.0	412837	9065.204956552963	0.3
141839.39663073226	750	43.648667201378395	0.0	401088	15129.119173009096	0.75
141845.54599675265	300	41.499301180992234	0.0	159914	6149.366020386162	-0.15000000000000002
141847.93273379625	300	43.1125641373979	0.0	131610	2386.7370435943353	0.3
141850.6139207317	300	44.431377201929294	0.0	124011	2681.1869354685987	0.3
141855.1567425232	300	43.88855541042947	0.0	144254	4542.821791499821	0.3
141859.098072369	300	43.947225564608715	0.0	149991	3941.329845820758	0.3
141860.96547508048	300	46.07982285312652	0.0	147968	1867.4027114821965	0.3
141862.92712746293	300	48.11817047069689	0.0	161857	1961.652382429633	0.3
141864.73598070946	300	50.30931722416627	0.0	145210	1808.8532465306198	0.3
141867.42798820435	300	51.61730972928268	0.0	172312	2692.007494883589	0.3
141869.48031691133	300	53.56498102231463	0.0	167025	2052.328706968041	0.3
141873.38603897626	750	53.65925895739259	0.0	393804	3905.7220649220453	0.3
141880.73439522018	750	50.310902713444726	0.0	331053	7348.356243947859	0.75
141889.55029337163	1850	45.49500456199247	0.0	846370	8815.898151452262	0.75
141899.4495136258	750	39.59578430782529	0.0	450283	9899.220254167176	0.75
141905.40461996838	300	37.64067796524388	0.0	155580	5955.1063425814145	-0.15000000000000002
141910.356236579	300	36.689061354631065	0.0	139857	4951.6166106128185	0.3
141914.1178849344	300	36.92741299921377	0.0	155432	3761.648355417285	0.3
141918.2295010236	300	36.81579691004273	0.0	163442	4111.616089171042	0.3
141923.75250721938	300	35.292790714251055	0.0	126289	5523.006195791677	0.3
141929.0490620342	300	33.996235899439746	0.0	153295	5296.554814811309	0.3
141935.04628404923	300	31.999013884417682	0.0	173849	5997.222015022058	0.3
141939.3003764951	300	31.74492143851288	0.0	150710	4254.092445904805	0.3
141942.36376069958	300	32.681537234079386	0.0	139105	3063.3842044334974	0.3
141946.6001950485	300	32.445102885169696	0.0	141840	4236.434348909691	0.3
141952.23433215937	300	30.81096577426642	0.0	156148	5634.137110903273	0.3
141955.83313513626	300	31.212162797375672	0.0	160746	3598.8029768907472	0.3
141957.61684947993	300	33.42844845366591	0.0	179801	1783.7143437097643	0.3
141958.79770756722	300	36.247590366402555	0.0	140051	1180.8580872633513	0.3
141960.22124364699	300	38.82405428663955	0.0	138313	1423.5360797630058	0.3
141961.4604791362	300	41.58481879740785	0.0	143509	1239.235489231702	0.3
141963.02447019896	300	44.02082773463776	0.0	150616	1563.9910627700813	0.3
141964.4867778258	300	46.55852010779561	0.0	165384	1462.3076268421564	0.3
141965.6506200767	300	49.39467785692396	0.0	140881	1163.8422508716478	0.3
141967.09675058004	300	51.94854735356318	0.0	157671	1446.130503360785	0.3
141968.41681105428	300	54.62848687930511	0.0	157812	1320.060474258068	0.3
141969.8303006091	300	57.21499732449769	0.0	163927	1413.48955480742	0.3
141971.32590198025	300	59.71939595332102	0.0	137654	1495.6013711766657	0.3
141973.61151342135	300	59.72177162431139	0.0	146754	1497.624329009634	0.3
141975.64815522206	300	59.78744428000458	0.0	153938	1434.3273443068072	0.3
141979.58998315776	750	59.845616344309995	0.0	425781	3941.8279356945845	0.3
141982.00085903503	750	59.63224960172534	0.0	277716	2213.366742584649	0.75
141985.66224062728	750	59.970868009471566	0.0	400396	3161.3815922537783	0.75
141990.1307127046	750	59.502395932165165	0.0	400508	3968.472077306401	0.75
141993.662102204	750	59.61488258458805	0.0	358218	3387.513347577115	0.75
141997.3643867278	750	59.912598060784724	0.0	400322	3202.284523803324	0.75
142000.89092173026	750	59.76291089738607	0.0	369834	3149.6871633986502	0.75
142004.51222999304	750	59.585180685501555	0.0	412837	3177.730211884518	0.75
142008.19267060314	750	59.90474007542861	0.0	401088	3680.4406100729407	0.75
142010.9220562771	750	59.70205656894934	0.0	365161	2702.683506479279	0.75
142014.0763940924	750	59.76823874503734	0.0	321064	2433.8178239120048	0.75
142017.35209100627	750	59.63065028380204	0.0	361565	2637.5884612352934	0.75
142020.8830517631	750	59.7347241317005	0.0	378327	3395.9261521015387	0.75
142023.4032532211	750	59.73614070506781	0.0	390680	2498.58342663269	0.75
142027.05399954793	750	59.53757655732991	0.0	345516	2698.5641477378986	0.75
142030.13373829605	750	59.85329827281452	0.0	384505	2684.2782845153947	0.75
142033.15301650955	750	59.67738939788884	0.0	372093	2675.9088749256844	0.75
142036.1586432554	750	59.79526069423121	0.0	438281	2882.128703657627	0.75
142040.30483503692	750	59.59941382454673	0.0	398987	3195.846869684482	0.75
142043.97119295836	750	59.62040731978644	0.0	393804	2979.0065047602984	0.75
142053.4093392987	1850	54.18226097943685	0.0	830730	9438.146340349587	0.75
142074.554186175	2850	37.03741410314645	0.0	1364537	21144.846876290394	1.85
142078.69288695295	750	36.898713325189036	0.0	450283	4138.700777957418	0.75
142082.17525350463	750	37.41634677347817	0.0	398865	3482.366551710866	0.75
142084.8351598235	750	38.75644045461924	0.0	350812	2659.9063188589266	0.75
142090.77635272976	750	36.815247548357256	0.0	382355	5941.192906261979	0.75
142098.21892775293	750	33.37267252520493	0.0	411561	7442.575023152317	0.75
142101.35826217482	300	34.233338103291224	0.0	126289	3139.3344219137157	-0.15000000000000002
142102.89457188878	300	36.69702838934138	0.0	153295	1536.3097139498416	0.3
142104.8229863042	300	38.768613973923166	0.0	173849	1928.4144154182154	0.3
142106.6169609326	300	40.974639345542606	0.0	150710	1793.9746283805612	0.3
142108.65656311484	300	42.93503716328212	0.0	139105	2039.602182260492	0.3
142110.46061195212	300	45.130988326013245	0.0	141840	1804.0488372688735	0.3
142112.46775011055	300	47.12385016759415	0.0	156148	2007.1381584190954	0.3
142116.255847664	300	47.33575261412384	0.0	160746	3788.0975534703116	0.3
142119.11505156074	300	48.47654871738569	0.0	179801	2859.2038967381554	0.3
142120.57038588703	300	51.021214391086666	0.0	140051	1455.3343262990263	0.3
142122.5227012773	300	53.06889900078748	0.0	138313	1952.3153902991799	0.3
142125.73465806348	300	53.856942214635986	0.0	143509	3211.956786151494	0.3
142131.1835468935	300	52.40805338460804	0.0	150616	5448.888830027954	0.3
142136.4564598399	300	51.13514043824797	0.0	165384	5272.912946360064	0.3
142139.07913323864	300	52.512467039477706	0.0	140881	2622.67339877027	0.3
142142.2140864306	300	53.377513847497895	0.0	157671	3134.95319197981	0.3
142143.79348179724	300	55.79811848086794	0.0	157812	1579.3953666299572	0.3
142145.6319833921	300	57.95961688602314	0.0	163927	1838.5015948448013	0.3
142147.71510930842	300	59.87649096969761	0.0	137654	2083.125916325528	0.3
142150.19273970817	300	59.547809653176	0.0	146754	1828.6813165216047	0.3
142152.48452871194	300	59.991889692911386	0.0	153938	1555.9199602646215	0.3
142155.73381659325	300	59.63968027400539	0.0	181901	2352.2094189059935	0.3
142157.29333713916	300	59.668459232263814	0.0	111155	971.2210417415764	0.3
142159.18376528582	300	59.52739491102176	0.0	153605	1641.0643212420564	0.3
142162.0920510739	300	59.782933929682905	0.0	149029	2244.460981338855	0.3
142164.35833179037	300	59.8217059748215	0.0	157421	1961.2279548614108	0.3
142167.36801261798	300	59.90439194180822	0.0	157488	1917.3140330132755	0.3
142169.83931753135	300	59.764922882428465	0.0	143881	1639.4690593797561	0.3
142172.5572017806	300	59.691898684780824	0.0	163444	2073.0241976476364	0.3
142175.24710507639	300	59.60437706273301	0.0	179328	2087.521622047818	0.3
142176.8346051945	300	59.6968178405125	0.0	159914	1407.5592222205091	0.3
142178.12824357653	300	59.99496909744758	0.0	131610	701.8487430649211	0.3
142179.44048513123	300	59.92474313957679	0.0	124011	1070.225957870789	0.3
142181.68159828807	300	59.835194359579106	0.0	144254	1089.5487799976852	0.3
142183.98496606134	300	59.61929266135316	0.0	149991	1215.9016982259511	0.3
142185.67944198556	300	59.79078773678453	0.0	147968	1328.5049245686305	0.3
142189.51624105303	750	59.953988669284556	0.0	384505	3336.799067499978	0.3
142193.66895700683	750	59.801272715527	0.0	372093	3652.7159537575567	0.75
142197.80128715976	750	59.58785064949077	0.0	438281	3713.422066036223	0.75
142201.04177391678	750	59.547061314447106	0.0	398987	3040.7893350436666	0.75
142205.99106911718	1200	58.597766114037505	0.0	638661	4949.295200409598	0.75
142212.46724112373	1850	56.12159410748919	0.0	830730	6476.172006548317	1.2000000000000002
142223.64658333256	2850	48.94225189865952	0.0	1364537	11179.342208829665	1.85
142233.5204687265	750	43.06836650473581	0.0	450283	9873.885393923707	0.75
142238.0967707049	750	42.49206452631658	0.0	398865	4576.301978419239	0.75
142242.10367776416	750	42.48515746706924	0.0	350812	4006.907059247338	0.75
142245.41785165822	300	43.17098357300279	0.0	155432	3314.1738940664495	-0.15000000000000002
142247.74004415114	300	44.84879108010266	0.0	163442	2322.192492900136	0.3
142249.4321565403	300	47.15667869091688	0.0	126289	1692.1123891857776	0.3
142250.9696660859	300	49.61916914532158	0.0	153295	1537.5095455953021	0.3
142252.26824039713	300	52.32059483410432	0.0	173849	1298.5743112172568	0.3
142253.2070802916	300	55.381754939632756	0.0	150710	938.8398944715605	0.3
142254.15343301688	300	58.43540221436422	0.0	139105	946.3527252685421	0.3
142256.03398477854	300	59.92030459455882	0.0	141840	1015.0976198053883	0.3
142260.18880886966	750	59.566619619923976	0.0	405134	3353.684974634848	0.3
142264.25379819048	750	59.50163029911169	0.0	386351	4064.989320812291	0.75
142279.82010363782	750	47.93532485177257	0.0	434409	15566.305447339118	0.75
142283.53346908212	300	48.221959407480014	0.0	140051	3713.365444292559	-0.15000000000000002
142287.55495327053	300	48.20047521905942	0.0	138313	4021.484188420592	0.3
142290.36406691032	300	49.391361579270594	0.0	143509	2809.113639788824	0.3
142293.07252750976	300	50.682900979831444	0.0	150616	2708.4605994391536	0.3
142295.71439098258	300	52.04103750704174	0.0	165384	2641.863472789699	0.3
142299.5397848317	300	52.21564365789392	0.0	140881	3825.3938491478293	0.3
142301.239345733	300	54.516082756598344	0.0	157671	1699.560901295579	0.3
142302.7192032437	300	57.03622524588048	0.0	157812	1479.8575107178588	0.3
142304.12927359063	300	59.626154898962255	0.0	163927	1410.0703469182279	0.3
142305.421375052	300	59.965906087014545	0.0	137654	1160.2488119477073	0.3
142307.22749100707	300	59.54377443419231	0.0	146754	1422.131652822236	0.3
142308.32619357787	300	59.55141529989264	0.0	153938	992.3591342996712	0.3
142310.6752262462	300	59.58507068399234	0.0	181901	1966.344615900292	0.3
142312.1544170415	300	59.88181931255541	0.0	111155	703.2513714369326	0.3
142313.5896673598	300	59.797163865346924	0.0	153605	1084.655447208484	0.3
142315.2938329879	300	59.895378486822274	0.0	149029	901.7853785246583	0.3
142319.57323824594	750	59.61597322880714	0.0	358218	3779.4052580151306	0.3
142323.64246054017	750	59.54675093456627	0.0	400322	3569.2222942408716	0.75
142327.44020737553	750	59.58788141781908	0.0	369834	3458.869516747195	0.75
142332.11377839238	750	58.91431040096621	0.0	412837	4673.57101685287	0.75
142336.29966440774	750	58.72842438560777	0.0	401088	4185.886015358437	0.75
142340.683404084	750	58.344684709326465	0.0	365161	4383.739676281304	0.75
142344.69860949388	750	58.329479299433025	0.0	321064	4015.2054098934373	0.75
142347.23887117283	750	59.78921762049425	0.0	361565	2540.2616789387735	0.75
142350.59017686662	750	59.64333533156065	0.0	378327	2645.8822889336	0.75
142353.7887129848	750	59.951278974906614	0.0	390680	2192.056356654039	0.75
142357.9194835999	750	59.82050835980233	0.0	345516	3130.770615104278	0.75
142362.72486794565	750	59.01512401405204	0.0	384505	4805.384345750293	0.75
142366.5053851901	750	59.23460676960092	0.0	372093	3780.5172444511213	0.75
142369.9834500799	750	59.75654187980135	0.0	438281	3478.064889799568	0.75
142373.10636836797	750	59.99619116407899	0.0	398987	2260.35071572236	0.75
142378.44880157037	1200	58.65375796168445	0.0	638661	5342.4332023945435	0.75
142384.07819525426	1200	57.02436427778558	0.0	538612	5629.3936838988675	1.2
142393.97789020036	2850	51.12466933169993	0.0	1364537	9899.694946085649	1.2000000000000002
142396.65099588456	750	52.451563647472476	0.0	450283	2673.1056842274547	0.75
142399.46969560545	750	53.6328639265767	0.0	398865	2818.6997208957773	0.75
142403.476538262	750	53.62602127001946	0.0	350812	4006.8426565572404	0.75
142406.99307442302	750	54.10948510900691	0.0	382355	3516.536161012549	0.75
142411.58590116812	750	53.516658363916065	0.0	411561	4592.826745090846	0.75
142416.985960113	750	52.11659941903347	0.0	318564	5400.058944882597	0.75
142420.66157701792	750	52.44098251409913	0.0	352642	3675.616904934336	0.75
142425.21148383766	750	51.8910756943766	0.0	437162	4549.906819722525	0.75
142431.37281186384	750	49.72974766819575	0.0	374758	6161.328026180853	0.75
142436.32684594984	750	48.77571358221678	0.0	362795	4954.034085978964	0.75
142437.67671407975	300	51.4258454523059	0.0	141840	1349.8681299108841	-0.15000000000000002
142439.00409499952	300	54.09846453252383	0.0	156148	1327.3809197820665	0.3
142440.47109911978	300	56.6314604122711	0.0	160746	1467.0041202527261	0.3
142442.92330598066	300	58.1792535514097	0.0	179801	2452.206860861396	0.3
142445.04598014714	300	59.51916906066704	0.0	140051	1660.084490742668	0.3
142447.10402482862	300	59.86144155781574	0.0	138313	1157.7275028513045	0.3
142450.02754160683	300	59.74484175801461	0.0	143509	2116.599799801129	0.3
142454.04983093793	300	59.722552426922604	0.0	150616	3522.2893310920026	0.3
142456.17956902133	300	59.91228653995807	0.0	165384	1810.2658869645318	0.3
142458.6121586513	300	59.965727823222416	0.0	140881	1446.5587167356562	0.3
142462.23243513593	300	59.82360503750226	0.0	157671	2642.1227857201534	0.3
142464.42103144422	300	59.55838373280627	0.0	157812	1265.2213046959878	0.3
142467.17261122089	300	59.96478134627081	0.0	163927	2593.6023865354578	0.3
142469.47674499496	300	59.57170315430266	0.0	137654	1893.0781919681547	0.3
142473.14577105542	300	59.902677093854244	0.0	146754	3169.0260604484106	0.3
142475.19860449858	300	59.9713011935531	0.0	153938	1431.3759003011444	0.3
142477.70037330163	300	59.55114556345816	0.0	181901	1920.1556300949433	0.3
142478.84216067585	300	59.67505846282533	0.0	111155	876.0871006328223	0.3
142480.9183957167	300	59.61529107920265	0.0	153605	1059.767383622684	0.3
142482.5684989621	300	59.98897328510437	0.0	149029	1126.3177940982785	0.3
142484.26351582565	300	59.547357578991424	0.0	157421	941.6157061129484	0.3
142487.15981748834	750	59.58640732637064	0.0	400322	2460.9502526207893	0.3
142490.03193411135	750	59.75352471989214	0.0	369834	2832.8826064784976	0.75
142494.0902538606	750	59.69520497064304	0.0	412837	3558.3197492490985	0.75
142497.36686683775	750	59.64567536494831	0.0	401088	3049.5296056947327	0.75
142500.42643555228	750	59.91893269341916	0.0	365161	2226.7426715291513	0.75
142504.0837349306	750	59.60169602575091	0.0	321064	2817.2366676682464	0.75
142507.252220711	750	59.552984490885294	0.0	361565	2548.7115348656234	0.75
142509.54292489038	750	59.84251952396404	0.0	378327	2210.464966921243	0.75
142515.4682081346	750	57.9172362797141	0.0	390680	5925.283244249939	0.75
142519.55361825638	750	57.83182615793381	0.0	345516	4085.4101217802868	0.75
142523.22802705303	750	58.15741736130097	0.0	384505	3674.408796632842	0.75
142526.29996331554	750	59.08548109879385	0.0	372093	3071.9362625071235	0.75
142530.07501649388	750	59.31042792046479	0.0	438281	3775.0531783290558	0.75
142534.81442968547	750	58.57101472887429	0.0	398987	4739.4131915905	0.75
142540.26834575116	750	57.11709866316753	0.0	393804	5453.916065706753	0.75
142547.65709349897	1200	53.728350915371834	0.0	538612	7388.747747795701	0.75
142559.81660630085	2850	45.56883811347356	0.0	1364537	12159.512801898274	1.2000000000000002
142563.50004616947	750	45.8853982448832	0.0	450283	3683.439868590368	0.75
142567.73233323597	750	45.65311117836673	0.0	398865	4232.287066516469	0.75
142570.45324983288	750	46.93219458148444	0.0	350812	2720.9165968822945	0.75
142573.68926103617	750	47.6961833781892	0.0	382355	3236.0112032952416	0.75
142576.916246993	750	48.4691974213308	0.0	411561	3226.985956858397	0.75
142579.3529946103	750	50.0324498040703	0.0	318564	2436.7476172604943	0.75
142582.4165165766	750	50.96892783775737	0.0	352642	3063.5219663129337	0.75
142585.92337051604	750	51.46207389832622	0.0	437162	3506.8539394311492	0.75
142588.35013071995	750	53.035313694393906	0.0	374758	2426.7602039323115	0.75
142591.3809207879	750	54.00452362644116	0.0	362795	3030.790067952747	0.75
142594.43587571135	750	54.949568702977224	0.0	353220	3054.954923463944	0.75
142597.62124627928	750	55.76419813506289	0.0	405134	3185.3705679143327	0.75
142600.6369728697	750	56.748471544652546	0.0	386351	3015.7265904103447	0.75
142603.82037578674	750	57.565068627604845	0.0	434409	3183.4029170477024	0.75
142606.6265283929	750	58.75891602146803	0.0	337059	2806.15260613681	0.75
142613.90142938835	750	55.48401502601117	0.0	366214	7274.900995456858	0.75
142616.7324280427	750	56.65301637165697	0.0	360831	2830.998654354201	0.75
142619.26045822122	750	58.12498619313802	0.0	372963	2528.030178518943	0.75
142622.40792262455	750	58.977521789799894	0.0	405596	3147.4644033381264	0.75
142625.77669577484	750	59.60874863951617	0.0	350713	2368.773150283728	0.75
142629.1110299908	750	59.724086579986654	0.0	386472	2884.6620595295144	0.75
142632.91418826254	750	59.920928308225854	0.0	399894	3303.1582717607976	0.75
142637.1025800705	750	59.66314761835181	0.0	401853	3257.780689874045	0.75
142640.63290589867	750	59.798790263299296	0.0	343800	2864.3573550525075	0.75
142644.5281095133	750	59.61867269253368	0.0	359903	3180.11757076562	0.75
142647.77352748052	750	59.92850673088273	0.0	379700	3190.16596165095	0.75
142652.5346715683	750	59.16736264309059	0.0	425781	4761.144087792132	0.75
142655.5930922314	750	59.81185035821988	0.0	277716	2355.5122848707147	0.75
142658.71931122456	750	59.8801950507442	0.0	400396	2931.655307475673	0.75
142662.08017316487	750	59.61204592342033	0.0	400508	3268.14912732387	0.75
142665.57895308133	750	59.99401237168533	0.0	358218	3118.0335517350054	0.75
142669.75097249044	750	59.82199296258236	0.0	400322	4172.019409102969	0.75
142673.10165655156	750	59.7230338189305	0.0	369834	3098.959143651855	0.75
142676.8381665269	750	59.98652384362605	0.0	412837	3236.509975304446	0.75
142681.4142141986	750	59.41047617191171	0.0	401088	4576.047671714345	0.75
142686.65557679447	750	58.16911357603221	0.0	365161	5241.362595879502	0.75
142690.76614066967	750	58.05854970083022	0.0	321064	4110.563875201984	0.75
142695.4226030809	750	57.40208728959753	0.0	361565	4656.462411232684	0.75
142699.5632013143	750	57.26148905618621	0.0	378327	4140.598233411327	0.75
142702.87755530982	750	57.9471350606517	0.0	390680	3314.3539955345072	0.75
142706.053244612	750	58.77144575848837	0.0	345516	3175.6893021633273	0.75
142711.3533803552	750	57.47131001530151	0.0	384505	5300.135743186862	0.75
142714.85124032648	750	57.973450044035694	0.0	372093	3497.8599712658183	0.75
142718.22007022952	750	58.604620140969125	0.0	438281	3368.8299030665653	0.75
142721.5205705572	750	59.304119813315566	0.0	398987	3300.500327653566	0.75
142724.17698204238	750	59.537233532265184	0.0	393804	2266.8862810503806	0.75

