143198.8563170106	750	4.0	2.0234241139416103	450283	2023.4241139416101	0.75	-7.950723689948923
143199.7873469956	300	7.06897001496789	0.0	155580	931.0299850321102	0.75	-0.15000000000000002
143200.70330222778	300	10.153014782831818	0.0	139857	915.9552321360712	0.75	0.3
143201.70816002987	300	13.148156980749166	0.0	155432	1004.8578020826534	0.75	0.3
143202.619074683	300	16.237242327609163	0.0	163442	910.9146531400015	0.75	0.3
143203.98759606582	750	18.868720944785977	0.0	318564	1368.5213828231858	0.7	0.3
143205.58912895992	750	21.26718805066905	0.0	352642	1601.5328941169305	0.7	0.75
143208.65275144772	1200	22.203565562872406	0.0	709534	3063.622487796643	0.7	0.75
143211.07879443	1200	23.777522580557008	0.0	584846	2426.042982315396	0.7	1.2
143213.0621380155	1200	25.794178995108144	0.0	560821	1983.3435854488632	0.7	1.2
143215.28626175813	1200	27.57005525245857	0.0	607410	2224.123742649575	0.7	1.2
143220.16674308217	2850	26.689573928412216	0.0	1519951	4880.481324046353	0.7	1.2000000000000002
143224.02188009056	2850	26.834436920019776	0.0	1422919	3855.137008392442	0.7	2.85
143229.27217923137	2850	25.584137779198077	0.0	1578343	5250.299140821699	0.7	2.85
143233.82468987198	2850	25.031627138600914	0.0	1231445	4552.510640597165	0.7	2.85
143238.53913505335	2850	24.31718195723643	0.0	1471065	4714.445181364485	0.7	2.85
143243.51740355024	2850	23.338913460335014	0.0	1491626	4978.268496901416	0.7	2.85
143248.24774487177	2850	22.608572138809105	0.0	1358801	4730.34132152591	0.7	2.85
143253.07094961335	2850	21.78536739720557	0.0	1537156	4823.204741603534	0.7	2.85
143257.5552075825	2850	21.30110942805434	0.0	1336050	4484.257969151227	0.7	2.85
143262.99660158085	2850	19.85971542970438	0.0	1415116	5441.393998349959	0.7	2.85
143267.52609736117	2850	19.33021964937413	0.0	1468126	4529.495780330254	0.7	2.85
143271.6445921359	2850	19.21172487464097	0.0	1505760	4118.494774733157	0.7	2.85
143276.61814359995	2850	18.238173410583286	0.0	1323990	4973.551464057683	0.7	2.85
143281.2574987911	2850	17.598818219438314	0.0	1383735	4639.355191144971	0.7	2.85
143286.15970530102	2850	16.696611709532203	0.0	1480464	4902.20650990611	0.7	2.85
143291.69502444405	2850	15.161292566502395	0.0	1547572	5535.31914302981	0.7	2.85
143295.7251070519	2850	15.131209958643103	0.0	1141971	4030.082607859292	0.7	2.85
143302.00539282043	2850	12.850924190124042	0.0	1498470	6280.285768519062	0.7	2.85
143307.71268328407	2850	11.143633726480026	0.0	1561263	5707.290463644016	0.7	2.85
143312.81511869395	2850	10.041198316613318	0.0	1341201	5102.435409866707	0.7	2.85
143316.00332946322	1850	10.852987547358575	0.0	954453	3188.2107692547424	0.7	0.8500000000000001
143319.02413726252	1850	11.832179748059884	0.0	885062	3020.80779929869	0.7	1.85
143322.34696445294	1850	12.509352557631953	0.0	1035329	3322.8271904279295	0.7	1.85
143326.76851146432	1850	12.087805546263345	0.0	1026056	4421.547011368607	0.7	1.85
143330.83557835518	1850	12.020738655404205	0.0	943942	4067.06689085914	0.7	1.85
143333.17784413043	1850	13.678472880163925	0.0	728962	2342.26577524028	0.7	1.85
143336.1225460188	1850	14.733770991776307	0.0	938587	2944.7018883876167	0.7	1.85
143338.8638572152	1850	15.992459795352584	0.0	908665	2741.3111964237232	0.7	1.85
143341.79701249965	1850	17.05930451091974	0.0	930577	2933.1552844328426	0.7	1.85
143345.42859590112	1850	17.42772110944114	0.0	858450	3631.5834014786033	0.7	1.85
143350.38313129015	1850	16.473185720441936	0.0	1025005	4954.535388999206	0.7	1.85
143353.56163723604	1850	17.294679774554204	0.0	886255	3178.505945887733	0.7	1.85
143357.5937847271	1850	17.26253228348348	0.0	973972	4032.147491070721	0.7	1.85
143364.97198602112	2850	13.884330989456746	0.0	1464921	7378.201294026733	0.7	1.85
143371.53210909813	2850	11.324207912462322	0.0	1483527	6560.123076994425	0.7	2.85
143377.27747239164	2850	9.578844618970523	0.0	1231456	5745.363293491799	0.7	2.85
143383.8101456757	2850	7.046171334921	0.0	1364537	6532.673284049523	0.7	2.85
143385.49008274343	750	9.366234267167604	0.0	450283	1679.937067753396	0.7	0.75
143388.13762716905	1200	10.718689841546329	0.0	611087	2647.5444256212736	0.7	0.75
143390.16075409757	1200	12.695562913016298	0.0	571051	2023.1269285300314	0.7	1.2
143392.2249180653	1200	14.631398945291277	0.0	617681	2064.1639677250205	0.7	1.2
143395.63602033647	1850	15.220296674108774	0.0	996749	3411.1022711825035	0.7	1.2000000000000002
143398.28204392825	1850	16.574273082317255	0.0	801058	2646.023591791521	0.7	1.85
143401.5391505047	1850	17.317166505911402	0.0	905515	3257.10657640585	0.7	1.85
143406.54593576994	1850	16.310381240655822	0.0	1060487	5006.785265255579	0.7	1.85
143410.44115399037	1850	16.415163020247945	0.0	852833	3895.2182204078767	0.7	1.85
143414.28138516104	1850	16.5749318495705	0.0	913888	3840.2311706774453	0.7	1.85
143417.76617948446	1850	17.090137526167986	0.0	939819	3484.794323402515	0.7	1.85
143421.19210124403	1850	17.664215766595333	0.0	917428	3425.9217595726523	0.7	1.85
143424.76420419812	1850	18.092112812513836	0.0	946851	3572.1029540814984	0.7	1.85
143427.56371208144	1850	19.292604929213653	0.0	1036454	2799.507883300184	0.7	1.85
143430.04470286815	1850	20.811614142471793	0.0	821631	2480.990786741858	0.7	1.85
143432.3970451005	1850	22.459271910163782	0.0	923170	2352.342232308011	0.7	1.85
143436.8649435468	2850	21.99137346384333	0.0	1491626	4467.898446320449	0.7	1.85
143440.5698578955	2850	22.28645911515533	0.0	1358801	3704.9143486880002	0.7	2.85
143447.37265741487	2850	19.48365959577805	0.0	1537156	6802.79951937728	0.7	2.85
143451.32615740085	2850	19.5301596098228	0.0	1336050	3953.4999859552527	0.7	2.85
143457.77128217227	2850	17.08503483840041	0.0	1415116	6445.124771422389	0.7	2.85
143464.21506068573	2850	14.641256324941446	0.0	1468126	6443.778513458963	0.7	2.85
143471.43018125932	2850	11.42613575137578	0.0	1505760	7215.120573565669	0.7	2.85
143480.5541772673	2850	6.30213974335479	0.0	1323990	9123.99600802099	0.7	2.85
143483.80448675138	1850	7.051830259284494	0.0	897976	3250.3094840702965	0.7	0.8500000000000001
143487.48306351068	1850	7.373253499964412	0.0	905935	3678.5767593200812	0.7	1.85
143491.0274674531	1850	7.828849557570664	0.0	1076599	3544.403942393748	0.7	1.85
143493.9112760106	1850	8.94504100006996	0.0	758197	2883.808557500704	0.7	1.85
143498.06619351028	1850	8.790123500380279	0.0	972798	4154.91749968968	0.7	1.85
143503.43212004277	1850	7.424196967888574	0.0	975811	5365.926532491705	0.7	1.85
143507.87329811024	1850	6.983018900399987	0.0	873429	4441.178067488588	0.7	1.85
143512.6943772722	1850	6.16193973845527	0.0	954453	4821.079161944717	0.7	1.85
143516.7644452353	1200	6.09187177533923	0.0	584349	4070.067963116039	0.7	0.5499999999999999
143521.87544796857	1200	4.980869042086007	0.0	670129	5111.002733253224	0.7	1.2
143526.3065396568	1200	4.549777353866916	0.0	690253	4431.09168821909	0.7	1.2
143529.91111403884	1200	4.94520297180993	0.0	598727	3604.574382056986	0.7	1.2
143532.3334755588	1200	6.522841451872855	0.0	487812	2422.3615199370747	0.7	1.2
143536.12262447673	1200	6.73369253393848	0.0	575591	3789.1489179343757	0.7	1.2
143541.88663984282	1200	4.969677167863497	0.0	605884	5764.015366074983	0.7	1.2
143544.5561617975	750	6.300155213185915	0.0	390680	2669.5219546775816	0.7	0.3
143547.22489288432	750	7.63142412635665	0.0	345516	2668.7310868292666	0.7	0.75
143551.10675486448	750	7.749562146175334	0.0	384505	3881.8619801813143	0.7	0.75
143554.4920824815	750	8.36423452916589	0.0	372093	3385.327617009444	0.7	0.75
143558.27788744945	750	8.578429561211497	0.0	438281	3785.804967954393	0.7	0.75
143562.88638438637	750	7.969932624292435	0.0	398987	4608.496936919062	0.7	0.75
143566.35176120448	750	8.504555806181823	0.0	393804	3465.3768181106125	0.7	0.75
143570.52329562398	1200	8.333021386677144	0.0	538612	4171.534419504678	0.7	0.75
143575.03651890525	1850	7.819798105414147	0.0	846370	4513.223281262997	0.7	1.2000000000000002
143582.1555399286	750	4.700777082084021	0.0	450283	7119.021023330127	0.7	0.75
143590.32297808887	750	4.0	3.4666610781947176	398865	8167.438160278738	0.7	-14.156642636237285
143591.38076645587	300	6.942211633004501	0.0	139857	1057.7883669954992	0.7	-0.15000000000000002
143592.38395654372	300	9.93902154514885	0.0	155432	1003.1900878556501	0.7	0.3
143593.39292467674	300	12.930053412118317	0.0	163442	1008.9681330305347	0.7	0.3
143595.19092573546	750	15.132052353419894	0.0	318564	1798.001058698422	0.7	0.3
143597.04121378978	750	17.281764299063912	0.0	352642	1850.2880543559831	0.7	0.75
143599.37525610664	750	18.947721982200825	0.0	437162	2334.042316863082	0.7	0.75
143601.16037827975	750	21.16259980910112	0.0	374758	1785.1221730997063	0.7	0.75
143603.21251671537	1200	23.110461373467036	0.0	560821	2052.138435634085	0.7	0.75
143605.30957483745	1200	25.013403251391406	0.0	607410	2097.0581220756303	0.7	1.2
143607.32259948563	1200	27.00037860320595	0.0	594078	2013.0246481854583	0.7	1.2
143610.53172863112	1850	27.791249457735432	0.0	946851	3209.129145470512	0.7	1.2000000000000002
143615.30048621673	2850	27.022491872108482	0.0	1578343	4768.757585626949	0.7	1.85
143618.489354151	2850	27.83362393781162	0.0	1231445	3188.867934296863	0.7	2.85
143622.50380350684	2850	27.81917458197247	0.0	1471065	4014.44935583915	0.7	2.85
143627.69752045674	2850	26.625457632082238	0.0	1491626	5193.7169498902285	0.7	2.85
143632.69061525	2850	25.632362838819027	0.0	1358801	4993.094793263211	0.7	2.85
143640.88945648322	2850	21.433521605583234	0.0	1537156	8198.841233235791	0.7	2.85
143647.90538205355	2850	18.41759603524805	0.0	1336050	7015.925570335185	0.7	2.85
143654.639984284	2850	15.68299380479949	0.0	1415116	6734.602230448559	0.7	2.85
143664.89285526675	2850	9.430122822059511	0.0	1468126	10252.87098273998	0.7	2.85
143668.44245435568	1850	9.880523733122565	0.0	968026	3549.5990889369464	0.7	0.8500000000000001
143673.06506591587	1850	9.257912172912416	0.0	874175	4622.61156021015	0.7	1.85
143678.35820909136	1850	7.964768997434091	0.0	897976	5293.143175478325	0.7	1.85
143681.6472752297	1200	8.6757028590665	0.0	590335	3289.0661383675892	0.7	0.5499999999999999
143684.78590416186	1200	9.53707392690617	0.0	696376	3138.6289321603313	0.7	1.2
143686.7651565148	1200	11.557821573975355	0.0	487160	1979.252352930816	0.7	1.2
143690.2497139439	1200	12.073264144863828	0.0	622896	3484.557429111527	0.7	1.2
143693.26445967035	1200	13.058518418436055	0.0	641447	3014.745726427773	0.7	1.2
143695.71210125383	1200	14.610876834946176	0.0	570392	2447.6415834898794	0.7	1.2
143698.03550893013	1200	16.28746915867199	0.0	620283	2323.4076762741856	0.7	1.2
143700.06404412468	1200	18.258933964089774	0.0	584349	2028.535194582213	0.7	1.2
143702.2061310605	1200	20.11684702829365	0.0	670129	2142.0869357961283	0.7	1.2
143706.2564829555	1850	20.066495133261597	0.0	1026056	4050.351895032052	0.7	1.2000000000000002
143710.31269247254	1850	20.010285616239262	0.0	943942	4056.209517022335	0.7	1.85
143713.16490627613	1850	21.158071812638372	0.0	728962	2852.213803600892	0.7	1.85
143720.26259479395	1850	18.06038329484261	0.0	938587	7097.688517795764	0.7	1.85
143726.23208551874	1850	16.09089257003588	0.0	908665	5969.490724806728	0.7	1.85
143731.42007904185	1850	14.902899046909516	0.0	930577	5187.993523126366	0.7	1.85
143736.2525623758	1850	14.070415712993297	0.0	858450	4832.483333916217	0.7	1.85
143742.28336224484	1850	12.039615843937126	0.0	1025005	6030.799869056171	0.7	1.85
143748.059606136	1850	10.26337195278126	0.0	886255	5776.2438911558675	0.7	1.85
143759.16905458752	1850	4.0	0.8460764987515759	973972	11109.448451532835	0.7	-1.7881289446317759
143763.84438584858	750	4.0	0.6753312610643843	398987	4675.331261064384	0.7	-3.2539244225768527
143767.81769763088	750	4.026688217684649	0.0	393804	3973.3117823153507	0.7	0.75
143770.47904472204	750	5.365341126507843	0.0	331053	2661.3470911768063	0.7	0.75
143774.98370971464	1200	4.860676133921614	0.0	550906	4504.664992586229	0.7	0.75
143781.0700501742	750	4.0	1.2256643256474944	450283	6086.340459569108	0.7	-4.5203566002842255
143782.50270658272	300	6.5673435914835165	0.0	155580	1432.6564085164835	0.75	-0.15000000000000002
143783.56834420608	300	9.501705968104273	0.0	139857	1065.637623379243	0.75	0.3
143784.6016165655	300	12.46843360869434	0.0	155432	1033.2723594099343	0.75	0.3
143787.65259351328	750	13.417456660917075	0.0	411561	3050.976947777265	0.75	0.3
143789.4642198793	750	15.605830294883974	0.0	318564	1811.626366033103	0.75	0.75
143791.54706085066	750	17.52298932352713	0.0	352642	2082.8409713568426	0.75	0.75
143800.80009143075	1200	12.269958743433138	0.0	709534	9253.030580093991	0.75	0.75
143806.92467074227	1200	10.145379431921532	0.0	584846	6124.579311511607	0.75	1.2
143811.96671640768	750	9.103333766501095	0.0	362795	5042.045665420438	0.75	0.3
143814.89926272753	750	10.170787446655977	0.0	353220	2932.546319845118	0.75	0.75
143817.6832454842	750	11.38680468999176	0.0	405134	2783.9827566642175	0.75	0.75
143820.0969761141	750	12.97307406009227	0.0	386351	2413.730629899489	0.75	0.75
143825.0104851012	750	12.05956507298187	0.0	434409	4913.5089871104	0.75	0.75
143828.25861816175	750	12.811432012436454	0.0	337059	3248.133060545416	0.75	0.75
143830.9988092216	750	14.071240952571978	0.0	366214	2740.1910598644745	0.75	0.75
143833.1779905715	750	15.892059602658549	0.0	360831	2179.1813499134287	0.75	0.75
143836.31634894587	750	16.75370122829942	0.0	372963	3138.358374359132	0.75	0.75
143842.6507846651	1200	14.419265509060423	0.0	639204	6334.435719238995	0.75	0.75
143846.323417989	1200	14.746632185162674	0.0	586839	3672.6333238977495	0.75	1.2
143850.1754002124	1200	14.894649961772332	0.0	601738	3851.982223390341	0.75	1.2
143853.5845501152	1200	15.485500058975777	0.0	616206	3409.1499027965574	0.75	1.2
143856.8210349668	1200	16.249015207390524	0.0	656471	3236.4848515852527	0.75	1.2
143859.9418134239	1200	17.12823675029719	0.0	536667	3120.778457093334	0.75	1.2
143863.3490777743	1200	17.7209723999188	0.0	587236	3407.2643503783906	0.75	1.2
143867.1168054243	1200	17.95324474991372	0.0	590335	3767.727650005078	0.75	1.2
143870.9948481006	1200	18.075202073614786	0.0	696376	3878.0426762989337	0.75	1.2
143873.46949296413	1200	19.600557210108047	0.0	487160	2474.6448635067413	0.75	1.2
143877.0619375817	1200	20.008112592552692	0.0	622896	3592.4446175553567	0.75	1.2
143881.6886244538	1850	19.381425720472222	0.0	975811	4626.686872080467	0.75	1.2000000000000002
143885.08514837275	1850	19.984901801527347	0.0	873429	3396.523918944875	0.75	1.85
143889.20049758573	1850	19.86955258855684	0.0	954453	4115.349212970508	0.75	1.85
143892.71561634954	1850	20.354433824729277	0.0	885062	3515.118763827563	0.75	1.85
143896.59471500214	1850	20.475335172142756	0.0	1035329	3879.0986525865183	0.75	1.85
143900.71465497205	1850	20.35539520225917	0.0	1026056	4119.939969883586	0.75	1.85
143904.2346871234	1850	20.835363050908935	0.0	943942	3520.0321513502336	0.75	1.85
143906.57152044182	1850	22.49852973246838	0.0	728962	2336.833318440553	0.75	1.85
143912.3715542278	2850	20.69849594649042	0.0	1499009	5800.033785977961	0.75	1.85
143919.25643568148	2850	17.813614492792663	0.0	1427478	6884.881453697758	0.75	2.85
143926.74440106776	2850	14.325649106523782	0.0	1402287	7487.965386268878	0.75	2.85
143933.80172233153	2850	11.268327842757646	0.0	1339500	7057.321263766136	0.75	2.85
143937.99292734815	1850	11.077122826106933	0.0	1025005	4191.205016650712	0.75	0.8500000000000001
143943.98374472052	1850	9.086305453749564	0.0	886255	5990.817372357371	0.75	1.85
143949.32466006398	1850	7.745390110289463	0.0	973972	5340.915343460099	0.75	1.85
143953.7618840063	1850	7.308166167978727	0.0	958994	4437.223942310737	0.75	1.85
143958.53652583368	1850	6.53352434058151	0.0	982064	4774.641827397216	0.75	1.85
143963.00804428326	1850	6.062005891041472	0.0	830730	4471.518449540039	0.75	1.85
143967.4163736483	1850	5.653676525977854	0.0	846370	4408.329365063618	0.75	1.85
143969.6990788278	750	7.370971346498933	0.0	450283	2282.7051794789218	0.75	0.75
143971.8095418748	750	9.260508299499751	0.0	398865	2110.4630469991835	0.75	0.75
143973.28187820798	750	11.788171966315648	0.0	350812	1472.3363331841024	0.75	0.75
143974.73016105877	750	14.33988911552138	0.0	382355	1448.282850794267	0.75	0.75
143977.72704340468	1850	15.343006769624084	0.0	996749	2996.8823458972965	0.75	0.75
143980.18379669942	1850	16.88625347485282	0.0	801058	2456.7532947712643	0.75	1.85
143983.26455468332	1850	17.80549549096517	0.0	905515	3080.7579838876472	0.75	1.85
143987.23123458144	1850	17.83881559286159	0.0	1060487	3966.679898103584	0.75	1.85
143989.45989614725	1850	19.61015402706057	0.0	852833	2228.6615658010187	0.75	1.85
143995.82007912567	2850	17.249971048638937	0.0	1429765	6360.182978421632	0.75	1.85
144001.08288381703	2850	15.987166357301207	0.0	1354548	5262.804691337729	0.75	2.85
144006.11907925256	2850	14.950970921745782	0.0	1519951	5036.195435555427	0.75	2.85
144015.2297142454	2850	9.840335928944553	0.0	1422919	9110.63499280123	0.75	2.85
144020.71317731903	1850	8.356872855292307	0.0	1036454	5483.463073652245	0.75	0.8500000000000001
144024.4120613041	1850	8.65798887022405	0.0	821631	3698.8839850682557	0.75	1.85
144030.80366051503	1850	6.266389659278856	0.0	923170	6391.599210945195	0.75	1.85
144039.8614000829	1850	4.0	2.791349908586774	966699	9057.73956786563	0.75	-10.152804606923128
144043.93022629138	750	4.0	0.06882620847918952	372963	4068.8262084791895	0.75	-0.645952696460515
144046.47180170682	750	5.458424584553708	0.0	405596	2541.575415446292	0.75	0.75
144049.62914966315	750	6.301076628228088	0.0	350713	3157.3479563256196	0.75	0.75
144053.3784927855	750	6.551733505876169	0.0	386472	3749.343122351919	0.75	0.75
144062.1473581512	750	4.0	2.217131859822235	399894	8768.865365698404	0.75	-8.78366699723561
144065.22195492443	300	4.925403226759398	0.0	163927	3074.5967732406016	0.75	-0.15000000000000002
144066.5670133917	300	7.58034475948705	0.0	137654	1345.0584672723483	0.75	0.3
144068.10374700034	300	10.043611150866596	0.0	146754	1536.7336086204539	0.75	0.3
144070.36284306546	300	11.784515085738468	0.0	153938	2259.09606512813	0.75	0.3
144073.19835178656	300	12.949006364648026	0.0	181901	2835.5087210904408	0.75	0.3
144074.91680611303	300	15.230552038165245	0.0	111155	1718.454326482782	0.75	0.3
144076.57830102576	300	17.56905712546472	0.0	153605	1661.4949127005245	0.75	0.3
144078.54060364363	300	19.606754507575225	0.0	149029	1962.302617889498	0.75	0.3
144082.7153569907	750	19.432001160517242	0.0	358218	4174.753347057982	0.75	0.3
144088.7250097796	750	17.422348371622384	0.0	400322	6009.652788894854	0.75	0.75
144092.15048403724	750	17.996874113982695	0.0	369834	3425.4742576396875	0.75	0.75
144096.0342987445	750	18.11305940671999	0.0	412837	3883.814707262707	0.75	0.75
144099.49692596105	750	18.650432190159222	0.0	401088	3462.627216560767	0.75	0.75
144102.32905328416	750	19.81830486703256	0.0	365161	2832.1273231266664	0.75	0.75
144104.85548823804	750	21.29186991316129	0.0	321064	2526.4349538712686	0.75	0.75
144107.3835794002	750	22.763778751025143	0.0	361565	2528.0911621361442	0.75	0.75
144116.91449031158	750	17.232867839603	0.0	378327	9530.910911422143	0.75	0.75
144124.73595105213	750	13.411407099070791	0.0	390680	7821.460740532209	0.75	0.75
144130.40393891884	750	11.743419232377477	0.0	345516	5667.9878666933155	0.75	0.75
144133.8620887747	750	12.285269376491184	0.0	384505	3458.149855886293	0.75	0.75
144136.57203558716	750	13.575322564028884	0.0	372093	2709.9468124622995	0.75	0.75
144139.28991181508	750	14.857446336106324	0.0	438281	2717.87622792256	0.75	0.75
144142.07860158442	750	16.06875656673921	0.0	398987	2788.689769367112	0.75	0.75
144148.29040897093	1200	13.856949180262902	0.0	638661	6211.807386476311	0.75	0.75
144152.93644253907	1200	13.210915612125868	0.0	538612	4646.033568137035	0.75	1.2
144164.01795370618	2850	6.1294044450292	0.0	1364537	11081.511167096667	0.75	1.2000000000000002
144166.70446800263	750	7.442890148574092	0.0	450283	2686.514296455109	0.75	0.75
144171.2282603325	750	6.919097818688853	0.0	398865	4523.792329885238	0.75	0.75
144173.2828717196	750	8.864486431574077	0.0	350812	2054.6113871147763	0.75	0.75
144176.1776739671	750	9.969684184093072	0.0	382355	2894.802247481005	0.75	0.75
144179.3273896598	750	10.819968491402209	0.0	411561	3149.7156926908624	0.75	0.75
144182.79460415684	750	11.352753994372023	0.0	318564	3467.2144970301865	0.75	0.75
144187.14701411768	750	11.000344033506305	0.0	352642	4352.409960865716	0.75	0.75
144191.42471259777	750	10.722645553449787	0.0	437162	4277.69848005652	0.75	0.75
144197.0223345338	750	9.125023617387178	0.0	374758	5597.62193606261	0.75	0.75
144200.64573250964	750	9.501625641552119	0.0	362795	3623.39797583506	0.75	0.75
144203.1787646117	750	10.968593539506028	0.0	353220	2533.0321020460906	0.75	0.75
144205.87338360536	750	12.273974545846658	0.0	405134	2694.6189936593705	0.75	0.75
144208.06510819623	750	14.082249954969983	0.0	386351	2191.7245908766745	0.75	0.75
144210.91924179456	750	15.228116356627522	0.0	434409	2854.133598342459	0.75	0.75
144212.99884408645	750	17.14851406471502	0.0	337059	2079.6022919125053	0.75	0.75
144215.25141493828	750	18.89594321291979	0.0	366214	2252.570851795231	0.75	0.75
144223.68451879764	1200	14.46283935354797	0.0	617242	8433.103859371819	0.75	0.75
144232.5962599305	1200	9.551098220689962	0.0	581493	8911.741132858007	0.75	1.2
144235.90614711653	750	10.241211034641614	0.0	405596	3309.887186048348	0.75	0.3
144238.39221701137	750	11.755141139822234	0.0	350713	2486.0698948193794	0.75	0.75
144241.30300401888	750	12.844354132302037	0.0	386472	2910.7870075201963	0.75	0.75
144244.05313326532	750	14.094224885846527	0.0	399894	2750.1292464555086	0.75	0.75
144246.11022448423	750	16.03713366692378	0.0	401853	2057.0912189227492	0.75	0.75
144247.92735123142	750	18.220006919739447	0.0	343800	1817.12674718433	0.75	0.75
144250.57306989847	750	19.574288252719896	0.0	359903	2645.7186670195524	0.75	0.75
144255.30635026278	1200	18.84100788838511	0.0	590335	4733.280364334788	0.75	0.75
144266.48709665608	1200	11.660261495103674	0.0	696376	11180.746393281435	0.75	1.2
144272.74230470735	1200	9.405053443851433	0.0	487160	6255.20805125224	0.75	1.2
144280.17274866768	750	5.974609483525753	0.0	400396	7430.443960325681	0.75	0.3
144285.245604061	750	4.901754090208509	0.0	400508	5072.855393317244	0.75	0.75
144288.57474880407	300	5.5726093471544065	0.0	157421	3329.144743054102	0.75	-0.15000000000000002
144291.46777579348	300	6.679582357730728	0.0	157488	2893.0269894236794	0.75	0.3
144293.3197361115	300	8.827622039721712	0.0	143881	1851.9603180090157	0.75	0.3
144295.44257058745	300	10.704787563760233	0.0	163444	2122.8344759614797	0.75	0.3
144297.46653375553	300	12.680824395671669	0.0	179328	2023.9631680885632	0.75	0.3
144299.23810002464	300	14.909258126577393	0.0	159914	1771.5662690942747	0.75	0.3
144300.79572415366	300	17.351633997537025	0.0	131610	1557.6241290403682	0.75	0.3
144302.05492181837	300	20.092436332831998	0.0	124011	1259.197664705027	0.75	0.3
144306.76986202368	750	19.377496127518793	0.0	378327	4714.940205313203	0.75	0.3
144313.6089487892	750	16.538409362007343	0.0	390680	6839.086765511449	0.75	0.75
144316.85150444854	750	17.29585370266252	0.0	345516	3242.5556593448223	0.75	0.75
144320.07764052093	750	18.069717630274596	0.0	384505	3226.1360723879225	0.75	0.75
144323.59937072854	750	18.547987422643914	0.0	372093	3521.730207630686	0.75	0.75
144327.30935659262	750	18.838001558564052	0.0	438281	3709.9858640798616	0.75	0.75
144331.82184238592	1200	18.325515765260928	0.0	630203	4512.485793303125	0.75	0.75
144337.78626718707	1200	16.36109096412923	0.0	638661	5964.4248011316995	0.75	1.2
144346.4259735138	1850	11.721384637361684	0.0	830730	8639.706326767544	0.75	1.2000000000000002
144355.98620472284	2850	6.1611534283181095	0.0	1364537	9560.231209043573	0.75	1.85
144358.70636585655	750	7.440992294611706	0.0	450283	2720.161133706404	0.75	0.75
144362.3670980422	750	7.780260108973144	0.0	398865	3660.732185638562	0.75	0.75
144367.81651865528	750	6.330839495897505	0.0	350812	5449.420613075638	0.75	0.75
144372.89357685644	750	5.253781294731426	0.0	382355	5077.058201166079	0.75	0.75
144383.51154165014	750	4.0	5.36418349898561	411561	10617.964793717036	0.75	-22.315989045638123
144385.72466380143	300	5.786877848728142	0.0	126289	2213.122151271858	0.75	-0.15000000000000002
144388.2778950585	300	7.233646591635654	0.0	153295	2553.2312570924882	0.75	0.3
144392.00060049904	300	7.51094115112695	0.0	173849	3722.7054405087033	0.75	0.3
144394.8360374752	300	8.675504174960672	0.0	150710	2835.4369761662774	0.75	0.3
144398.27019461294	300	9.241347037223273	0.0	139105	3434.1571377373984	0.75	0.3
144399.99397126495	300	11.517570385222307	0.0	141840	1723.7766520009668	0.75	0.3
144401.75558735942	300	13.75595429076169	0.0	156148	1761.6160944606188	0.75	0.3
144403.2214883745	300	16.290053275687534	0.0	160746	1465.9010150741549	0.75	0.3
144404.76280026065	300	18.748741389523463	0.0	179801	1541.3118861640723	0.75	0.3
144406.2339335921	300	21.277608058061116	0.0	140051	1471.1333314623466	0.75	0.3
144409.6909372719	750	21.82060437829371	0.0	366214	3457.003679767409	0.75	0.3
144420.0008512385	750	15.510690411698166	0.0	360831	10309.913966595543	0.75	0.75
144426.93342058844	750	12.57812106175333	0.0	372963	6932.569349944835	0.75	0.75
144432.66752460055	750	10.844017049663766	0.0	405596	5734.104012089564	0.75	0.75
144436.64276036964	750	10.868781280567516	0.0	350713	3975.235769096249	0.75	0.75
144440.19020135116	750	11.321340299033563	0.0	386472	3547.440981533953	0.75	0.75
144443.25966372376	750	12.251877926423523	0.0	399894	3069.4623726100403	0.75	0.75
144446.0979065859	750	13.413635064285252	0.0	401853	2838.242862138272	0.75	0.75
144447.83764856705	750	15.673893083130668	0.0	343800	1739.7419811545833	0.75	0.75
144449.6802810808	750	17.831260569361604	0.0	359903	1842.632513769065	0.75	0.75
144451.56132948046	750	19.950212169696467	0.0	379700	1881.0483996651328	0.75	0.75
144455.15638021906	1200	20.35516143109473	0.0	696376	3595.050738601737	0.75	0.75
144458.0356600536	1200	21.475881596542674	0.0	487160	2879.279834552058	0.75	1.2
144460.775810074	1200	22.735731576142786	0.0	622896	2740.150020399887	0.7	1.2
144465.96933739496	1850	21.54220425520316	0.0	975811	5193.527320939626	0.7	1.2000000000000002
144470.70336651866	1850	20.808175131502782	0.0	873429	4734.029123700376	0.7	1.85
144477.95581996252	1850	17.555721687620377	0.0	954453	7252.453443882404	0.7	1.85
144489.45230474445	1850	10.05923690568542	0.0	885062	11496.484781934958	0.7	1.85
144493.03637099045	750	10.475170659696818	0.0	412837	3584.0662459886034	0.7	-0.3500000000000001
144497.04029251248	750	10.47124913768352	0.0	401088	4003.9215220132965	0.7	0.75
144500.70258254968	750	10.808959100478583	0.0	365161	3662.290037204938	0.7	0.75
144503.73854090655	750	11.773000743623609	0.0	321064	3035.958356854974	0.7	0.75
144506.76190742987	750	12.749634220286294	0.0	361565	3023.3665233373144	0.7	0.75
144509.36251423185	750	14.14902741828662	0.0	378327	2600.606801999674	0.7	0.75
144512.56643619938	750	14.945105450736843	0.0	390680	3203.921967549777	0.7	0.75
144516.902028545	750	14.60951310510282	0.0	345516	4335.592345634022	0.7	0.75
144521.1201932634	750	14.391348386701894	0.0	384505	4218.164718400926	0.7	0.75
144527.61982971447	750	11.891711935649477	0.0	372093	6499.636451052419	0.7	0.75
144535.85465241864	750	7.656889231481406	0.0	438281	8234.822704168071	0.7	0.75
144538.8831596995	750	8.628381950620462	0.0	398987	3028.507280860944	0.7	0.75
144541.67549778728	750	9.83604386284794	0.0	393804	2792.3380877725217	0.7	0.75
144543.93825422478	750	11.573287425352003	0.0	331053	2262.7564374959375	0.7	0.75
144548.58569158468	1850	10.92585006544394	0.0	846370	4647.43735990806	0.7	0.75
144550.8764000741	750	12.635141576019015	0.0	450283	2290.708489424928	0.7	0.75
144552.97095761943	750	14.540584030680964	0.0	398865	2094.5575453380493	0.7	0.75
144554.39598832143	750	17.115553328676615	0.0	350812	1425.0307020043506	0.7	0.75
144556.83426710908	1200	18.677274541043097	0.0	617681	2438.2787876335174	0.7	0.75
144560.21500080786	1200	19.296540842251492	0.0	652874	3380.733698791607	0.7	1.2
144570.1022419972	1850	13.409299652877786	0.0	801058	9887.241189373706	0.7	1.2000000000000002
144574.73979588316	1200	12.771745766927005	0.0	561791	4637.5538859507815	0.7	0.5499999999999999
144581.88936959242	1200	9.622172057643358	0.0	709534	7149.573709283645	0.7	1.2
144594.2792305744	1200	4.0	2.7676889243421354	584846	12389.860981985494	0.7	-10.701062374671183
144597.7295316843	300	4.549698890102749	0.0	139105	3450.3011098972506	0.7	-0.6000000000000001
144600.34341861587	300	5.9358119585328675	0.0	141840	2613.8869315698807	0.7	0.3
144603.5437474636	300	6.735483110810785	0.0	156148	3200.3288477220826	0.7	0.3
144606.55962276578	300	7.719607808656923	0.0	160746	3015.8753021538623	0.7	0.3
144609.75839727148	300	8.520833302943993	0.0	179801	3198.7745057129296	0.7	0.3
144610.82420699316	300	11.455023581254427	0.0	140051	1065.8097216895665	0.75	0.3
144611.7153467555	300	14.563883818931524	0.0	138313	891.1397623229013	0.75	0.3
144612.58267555656	300	17.696555017845508	0.0	143509	867.3288010860161	0.75	0.3
144613.50083970436	300	20.778390870061653	0.0	150616	918.1641477838566	0.75	0.3
144615.11294766123	750	23.166282913191615	0.0	405596	1612.1079568700359	0.75	0.3
144616.27276176197	750	26.006468812452283	0.0	350713	1159.814100739331	0.75	0.75
144617.4077014033	750	28.871529171095453	0.0	386472	1134.9396413568322	0.75	0.75
144619.9973204511	1850	30.281910123302623	0.0	955231	2589.619047792828	0.75	0.75
144621.94867659017	1850	32.33055398424667	0.0	968026	1951.3561390559557	0.75	1.85
144626.9708270846	2850	31.308403489814896	0.0	1323990	5022.150494431771	0.7	1.85
144630.9639344271	2850	31.315296147310292	0.0	1383735	3993.1073425046047	0.7	2.85
144635.69245179495	4300	30.586778779472976	0.0	2105231	4728.517367837313	0.8	2.8499999999999996
144641.54730899935	4300	28.731921575075095	0.0	2395588	5854.857204397883	0.8	4.3
144647.06535896755	4300	27.21387160690593	0.0	1972048	5518.049968169164	0.8	4.3
144670.7779383117	4300	7.501292262758033	0.0	2134614	23712.579344147896	0.8	4.3
144680.5726347777	1850	4.0	2.2934042032277975	975811	9794.696465985831	0.8	-10.46163807387953
144684.2696263536	1200	4.303008424090153	0.0	570392	3696.9915759098467	0.8	0.5499999999999999
144689.52202045167	1200	4.0	0.9493856739883358	620283	5252.394098078489	0.8	-2.8823583981498437
144693.48347811357	750	4.038542338094813	0.0	369834	3961.4576619051873	0.8	0.3
144697.0337135417	750	4.488306909959142	0.0	412837	3550.2354281356706	0.8	0.75
144701.2121222898	750	4.309898161847043	0.0	401088	4178.4087481121	0.75	0.75
144703.50986973144	750	6.012150720233562	0.0	365161	2297.747441613481	0.7	0.75
144705.7785108507	750	7.743509600965225	0.0	321064	2268.641119268337	0.7	0.75
144709.0570287479	750	8.464991703788721	0.0	361565	3278.5178971765044	0.7	0.75
144712.7912696946	750	8.730750757072864	0.0	378327	3734.2409467158586	0.7	0.75
144720.1961740119	750	5.325846439771593	0.0	390680	7404.904317301271	0.7	0.75
144722.23553944536	300	7.286481006298369	0.0	147968	2039.3654334732241	0.7	-0.15000000000000002
144724.79331608652	300	8.728704365136235	0.0	161857	2557.776641162134	0.7	0.3
144726.07418913097	300	11.447831320696391	0.0	145210	1280.8730444398448	0.7	0.3
144729.08868704192	750	12.433333409741566	0.0	438281	3014.4979109548235	0.7	0.3
144731.76937468382	750	13.752645767826952	0.0	398987	2680.6876419146165	0.7	0.75
144734.43393793036	750	15.088082521298427	0.0	393804	2664.5632465285225	0.7	0.75
144738.63583947773	1200	14.88618097388151	0.0	538612	4201.901547416917	0.7	0.75
144756.80174904777	2850	4.0	3.279728596119188	1364537	18165.9095700007	0.7	-12.902832963312509
144758.82726358218	750	5.974485465593403	0.0	450283	2025.514534406597	0.7	0.75
144760.50408103046	750	8.297668017303055	0.0	398865	1676.8174482903476	0.7	0.75
144762.1354281517	750	10.666320896053582	0.0	350812	1631.3471212494717	0.7	0.75
144763.8376195529	750	12.964129494838406	0.0	382355	1702.191401215177	0.7	0.75
144765.35936872006	750	15.442380327687154	0.0	411561	1521.7491671512525	0.7	0.75
144766.55347970032	750	18.248269347405742	0.0	318564	1194.1109802814108	0.7	0.75
144768.25948912645	1200	20.542259921300573	0.0	561791	1706.0094261051656	0.7	0.75
144770.54266205596	1200	22.25908699177549	0.0	709534	2283.1729295250843	0.7	1.2
144773.09660684643	1850	23.7051422013179	0.0	852833	2553.9447904575904	0.7	1.2000000000000002
144778.05862123388	2850	22.743127813861882	0.0	1429765	4962.014387456015	0.7	1.85
144782.3742833094	2850	22.42746573834106	0.0	1354548	4315.662075520824	0.7	2.85
144790.856188583	2850	17.945560464715513	0.0	1519951	8481.905273625547	0.7	2.85
144797.37831484922	2850	15.423434198492956	0.0	1422919	6522.126266222557	0.7	2.85
144815.84651646114	2850	4.0	3.0447674134027585	1578343	18468.201611895714	0.7	-10.242499877631861
144817.69273925608	750	6.153777205049557	0.0	337059	1846.2227949504436	0.7	-1.35

