127126.24032243932	750	4.0	2.498490134264002	450283	2498.490134264002	-9.993507577335208
127127.31184462858	300	6.928477810718758	0.0	155580	1071.5221892812428	-0.15000000000000002
127128.36901794188	300	9.871304497431124	0.0	139857	1057.1733132876348	0.3
127129.48543405761	300	12.75488838170606	0.0	155432	1116.4161157250628	0.3
127130.54089472153	300	15.699427717781926	0.0	163442	1055.4606639241338	0.3
127131.402079818	300	18.83824262131754	0.0	126289	861.1850964643836	0.3
127132.42481238414	300	21.815510055170144	0.0	153295	1022.7325661473973	0.3
127133.50818703057	300	24.73213540874197	0.0	173849	1083.3746464281724	0.3
127134.38454022178	300	27.855782217529764	0.0	150710	876.3531912122065	0.3
127135.30489352308	300	30.93542891623478	0.0	139105	920.3533012949836	0.3
127136.45815734171	300	33.78216509761327	0.0	141840	1153.2638186215083	0.3
127137.37224264772	300	36.868079791593836	0.0	156148	914.0853060194356	0.3
127138.5542307103	300	39.68609172902505	0.0	160746	1181.988062568787	0.3
127139.70105220455	300	42.539270234766256	0.0	179801	1146.821494258794	0.3
127140.58023441197	300	45.66008802734844	0.0	140051	879.1822074178099	0.3
127141.7191974283	300	48.521125011023194	0.0	138313	1138.9630163252482	0.3
127142.91421410484	300	51.3261083344931	0.0	143509	1195.016676530087	0.3
127143.96384017324	300	54.27648226607985	0.0	150616	1049.626068413254	0.3
127145.08147032127	300	57.15885211805755	0.0	165384	1117.6301480223003	0.3
127146.48527447296	300	59.75504796637936	0.0	140881	903.8041516781975	0.3
127147.90005927945	300	59.74987664707372	0.0	157671	1005.1713193056402	0.3
127149.06427263889	300	59.79257671094409	0.0	157812	957.2999361296237	0.3
127151.4656791356	750	59.58083017425052	0.0	401853	2211.7465366935735	0.3
127154.2857044975	750	59.7201474732986	0.0	343800	1860.6827009519207	0.75
127156.94288111283	750	59.651230496117	0.0	359903	2068.9169771816028	0.75
127159.90432809552	750	59.60463682384206	0.0	379700	2546.593672274944	0.75
127162.32092032845	750	59.69426736258641	0.0	425781	2410.3694612556396	0.75
127165.29578214118	750	59.65994784206264	0.0	277716	2534.3195205237703	0.75
127168.09759280526	750	59.60981365611926	0.0	400396	2550.1341859433815	0.75
127171.1410723497	750	59.58791212297897	0.0	400508	2021.9015331402913	0.75
127173.57400273351	750	59.77823593671419	0.0	358218	1809.676186264777	0.75
127176.18425289479	750	59.894737954848836	0.0	400322	2383.497981865353	0.75
127178.58212012667	750	59.58318042861733	0.0	369834	2311.5575262315015	0.75
127182.03152608055	750	59.97163230449717	0.0	412837	3111.548124120163	0.75
127187.16431392262	750	58.8388444624161	0.0	401088	5132.787842081072	0.75
127190.16514760804	750	59.83801077700816	0.0	365161	3000.833685407936	0.75
127194.1086034182	750	59.78302255056181	0.0	321064	3054.9882264463517	0.75
127197.547040333	750	59.832537885001614	0.0	361565	2950.4846655601914	0.75
127200.13990176537	750	59.820083293447546	0.0	378327	2512.4545915540652	0.75
127203.44920163273	750	59.98013678017647	0.0	390680	2839.946513271078	0.75
127206.67774969061	750	59.551039428278564	0.0	345516	2429.0973518979054	0.75
127209.97646052993	750	59.75140936160999	0.0	384505	2799.63006666858	0.75
127215.70754385486	750	58.02032603667768	0.0	372093	5731.083324932304	0.75
127218.6153032667	750	59.112566624834685	0.0	438281	2907.7594118429956	0.75
127221.73412097958	750	59.990619523103035	0.0	398987	2621.947101731644	0.75
127224.51868640547	750	59.89677211575452	0.0	393804	2593.8474073485127	0.75
127228.41029284634	1200	59.62582790457448	0.0	538612	3770.944211180043	0.75
127237.06271493596	2850	54.97340581495182	0.0	1364537	8652.42208962266	1.2000000000000002
127240.11712270977	750	55.91899804113874	0.0	450283	3054.407773813074	0.75
127242.42479444461	750	57.6113263062949	0.0	398865	2307.6717348438483	0.75
127245.12692114436	750	58.90919960654476	0.0	350812	2702.1266997501384	0.75
127248.39638938302	750	59.6397313678711	0.0	382355	3269.4682386736627	0.75
127252.52604883199	750	59.510071918900515	0.0	411561	3629.659448970586	0.75
127255.48958332028	750	59.651513782437696	0.0	318564	2358.5581364628206	0.75
127258.82356925128	750	59.672508992841884	0.0	352642	2979.00478959581	0.75
127261.59957020133	750	59.906499088528065	0.0	437162	2766.0099043138207	0.75
127264.3511051428	750	59.66622714066138	0.0	374758	2740.271947866684	0.75
127267.7006415863	750	59.69659041571573	0.0	362795	2469.6367249456453	0.75
127270.5818805907	750	59.981420772791836	0.0	353220	2715.169642923902	0.75
127275.59817502605	750	58.96512633744386	0.0	405134	5016.294435347967	0.75
127279.247156511	750	59.316144852500045	0.0	386351	3648.9814849438217	0.75
127285.07184025472	750	57.491461108783454	0.0	434409	5824.683743716586	0.75
127288.69549292448	750	57.867808439026916	0.0	337059	3623.6526697565396	0.75
127291.71282014227	750	58.85048122124312	0.0	366214	3017.3272177837944	0.75
127294.92141347002	750	59.641887893497874	0.0	360831	3208.593327745252	0.75
127297.37691760111	750	59.76693694833537	0.0	372963	2374.9509451624976	0.75
127304.38452299927	750	56.759331550169065	0.0	405596	7007.605398166305	0.75
127307.39676070552	750	57.74709384391364	0.0	350713	3012.237706255431	0.75
127310.48899575172	750	58.6548587977414	0.0	386472	3092.235046172239	0.75
127313.07819945429	750	59.576072614711805	0.0	399894	2578.786183029592	0.75
127316.8137100094	750	59.84056205961442	0.0	401853	3235.5105550973844	0.75
127319.80644085721	750	59.587160673029565	0.0	343800	2253.4013865848565	0.75
127323.02077028614	750	59.765660689181516	0.0	359903	2821.499983848051	0.75
127325.90210965261	750	59.96590572848894	0.0	379700	2799.754960692574	0.75
127329.3269802945	750	59.740262610431216	0.0	425781	3225.6431180577247	0.75
127333.21656498668	750	59.850677918250064	0.0	277716	3389.584692181153	0.75
127338.87378326777	750	58.193459637159656	0.0	400396	5657.218281090402	0.75
127345.53705151334	750	55.530191391574775	0.0	400508	6663.268245584888	0.75
127346.98533443506	300	58.08190846986552	0.0	157421	1448.2829217092549	-0.15000000000000002
127348.34253168508	300	59.79210067704993	0.0	157488	1289.8077928155892	0.3
127350.69503627838	300	59.84454310901071	0.0	143881	1447.5575680392196	0.3
127353.43096413418	300	59.69805269373388	0.0	163444	2146.490415276828	0.3
127355.52799158929	300	59.800257686449264	0.0	179328	1897.7950072846158	0.3
127359.39844252571	300	59.50514844215038	0.0	159914	3795.109244298886	0.3
127361.89932924435	300	59.942375928895956	0.0	131610	2062.7725132544238	0.3
127363.56887734578	300	59.522158980858045	0.0	124011	920.2169480379107	0.3
127365.11665544161	300	59.977935509654216	0.0	144254	1544.22347120383	0.3
127368.33251166412	300	59.7967847107057	0.0	149991	3181.1507989485085	0.3
127371.29070880276	300	59.910538853170365	0.0	147968	2386.245857535341	0.3
127373.04520159731	300	59.95876809643753	0.0	161857	1451.7707567328357	0.3
127374.77823421087	300	59.566112808575	0.0	145210	1392.6552878625284	0.3
127376.70776877341	300	59.713534190148785	0.0	172312	1852.5786184262192	0.3
127378.70301889823	300	59.87988709979284	0.0	167025	1333.6470903559436	0.3
127381.5251639934	750	59.545116069439274	0.0	393804	2334.7710303535623	0.3
127384.97301231511	1200	59.619378940998885	0.0	538612	3425.737128440396	0.75
127393.13484833071	2850	55.457542925408525	0.0	1364537	8161.836015590355	1.2000000000000002
127396.34825346307	750	56.24413779303938	0.0	450283	3213.405132369146	0.75
127398.88035188729	750	57.71203936882242	0.0	398865	2532.0984242169634	0.75
127400.82815119582	750	59.76424006028908	0.0	350812	1947.7993085333276	0.75
127403.64523439083	750	59.844323499773004	0.0	382355	1919.916560516084	0.75
127407.71333131695	750	59.77622657364555	0.0	411561	3568.09692612745	0.75
127410.27016254747	750	59.850942738697306	0.0	318564	1925.2838349482454	0.75
127412.69487600056	750	59.89435970993227	0.0	352642	1956.583028765042	0.75
127415.37615335872	750	59.88278624301893	0.0	437162	2511.573466913336	0.75
127417.69496384809	750	59.707232943968805	0.0	374758	2175.5532990501233	0.75
127420.92999678689	750	59.846845069714114	0.0	362795	2360.387874254691	0.75
127424.36163883144	750	59.51384657971652	0.0	353220	3332.998489997595	0.75
127428.47338985957	750	59.40209555158396	0.0	405134	4111.75102813256	0.75
127432.26571090714	750	59.60977450400854	0.0	386351	3792.3210475754186	0.75
127436.2389440049	750	59.63654140624115	0.0	434409	3973.233097767389	0.75
127439.98393404935	750	59.62152074802428	0.0	337059	3015.0206582168703	0.75
127443.90667888815	750	59.66563302175303	0.0	366214	3455.887726271248	0.75
127446.81208263384	750	59.625859705166036	0.0	360831	2539.773316587002	0.75
127450.11674649396	750	59.801342989652404	0.0	372963	2324.5167155136273	0.75
127453.4541162042	750	59.777731706838686	0.0	405596	2523.61128281372	0.75
127456.36039538671	750	59.626971329293404	0.0	350713	2150.760377545282	0.75
127458.88321185009	750	59.81382250008529	0.0	386472	2313.14882920812	0.75
127462.89619315037	750	59.80084119981269	0.0	399894	3012.981300272594	0.75
127466.0256821739	750	59.991921155266965	0.0	401853	2808.9200445457213	0.75
127469.21304406112	750	59.96902470115901	0.0	343800	3022.896454107954	0.75
127473.08157386268	750	59.56199251693631	0.0	359903	3407.0321842227045	0.75
127479.38933476938	750	57.25423161023303	0.0	379700	6307.760906703278	0.75
127491.59170505096	750	49.05186132864896	0.0	425781	12202.370281584068	0.75
127494.68422321072	300	49.9593431688802	0.0	111155	3092.518159768765	-0.15000000000000002
127499.04721707103	300	49.59634930857868	0.0	153605	4362.993860301518	0.3
127502.6244202332	300	50.01914614639702	0.0	149029	3577.2031621816636	0.3
127504.95196898279	300	51.691597396811495	0.0	157421	2327.5487495855245	0.3
127507.55957462384	300	53.08399175575852	0.0	157488	2607.6056410529723	0.3
127509.997837522	300	54.64572885759141	0.0	143881	2438.2628981671123	0.3
127511.9725813632	300	56.67098501639729	0.0	163444	1974.7438411941168	0.3
127514.13055788253	300	58.51300849706189	0.0	179328	2157.976519335395	0.3
127516.86771431335	300	59.59417110024946	0.0	159914	1918.837396812429	0.3
127519.00079947473	300	59.87278803657177	0.0	131610	1721.3830636776897	0.3
127520.79024202761	300	59.85841780898014	0.0	124011	1514.3702275916257	0.3
127523.18011238515	300	59.62151879285465	0.0	144254	2236.8990161254933	0.3
127526.88234817822	300	59.531886567023676	0.0	149991	3589.632225830977	0.3
127529.22934959097	300	59.774687644267274	0.0	147968	1757.198922756404	0.3
127531.8775304343	300	59.690498467600435	0.0	161857	2084.1891766668437	0.3
127535.73861473329	300	59.82941416860976	0.0	145210	3861.0842989906732	0.3
127542.30441425371	300	57.26361464819136	0.0	172312	6565.7995204184	0.3
127545.43919606689	300	58.12883283501038	0.0	167025	3134.781813180982	0.3
127548.71827608663	300	58.84975281527181	0.0	160064	3279.0800197385597	0.3
127551.56140583876	300	59.750556598696406	0.0	137507	2099.1962165754076	0.3
127556.45671398132	750	58.8552484561392	0.0	314107	4895.308142557209	0.3
127563.6251339005	750	55.68682853696453	0.0	450283	7168.419919174668	0.75
127565.76682762509	300	57.54513481235543	0.0	155580	2141.6937246091006	-0.15000000000000002
127567.8903313175	300	59.42163111994595	0.0	139857	2123.503692409478	0.3
127570.14428834921	300	59.62658211124822	0.0	155432	1795.04900869774	0.3
127571.90970023205	300	59.53833018133386	0.0	163442	1588.2519299143496	0.3
127574.01163811104	300	59.7009412183023	0.0	126289	1337.3889630315693	0.3
127576.08403699799	300	59.7365162328075	0.0	153295	1464.4249854947911	0.3
127578.13722672623	300	59.909408319413785	0.0	173849	1827.107913393716	0.3
127581.76984365657	750	59.86614076166697	0.0	374758	3543.2675577468212	0.3
127585.80386714291	750	59.75280370479644	0.0	362795	3113.3370568705263	0.75
127588.77156747313	750	59.61529675442441	0.0	353220	2137.5069503720233	0.75
127590.63923025918	300	59.64656205132124	0.0	156148	1468.7347031031725	-0.15000000000000002
127593.26275970289	300	59.86926137093472	0.0	160746	1777.300680386523	0.3
127596.4528662911	300	59.56782245849253	0.0	179801	2301.4389124421955	0.3
127599.05940974406	300	59.64838456989439	0.0	140051	1919.4378885981346	0.3
127600.73980683566	300	59.816738806294225	0.0	138313	1331.6457636001617	0.3
127602.00630543705	300	59.502865169576445	0.0	143509	813.8736367177821	0.3
127604.44533660602	300	59.859662067434314	0.0	150616	1643.2031021421299	0.3
127608.80113781098	750	59.503860862487954	0.0	405596	3855.80120494636	0.3
127612.42902628946	750	59.59123125912785	0.0	350713	2912.6296033601056	0.75
127614.33092894737	300	59.53790936774213	0.0	157671	1553.3218913857188	-0.15000000000000002
127616.67449164674	300	59.864918401324516	0.0	157812	1672.9909664176125	0.3
127618.45529081908	300	59.8943046816273	0.0	163927	1470.6137196972202	0.3
127620.21495476579	300	59.554565434589975	0.0	137654	1339.7392470373213	0.3
127622.81325341231	300	59.916378461162964	0.0	146754	1638.1869734270053	0.3
127624.91897078505	300	59.67307561134239	0.0	153938	1243.3028498205724	0.3
127626.78498729551	300	59.816274617574514	0.0	181901	1356.800993767878	0.3
127628.01484546233	300	59.69045329251567	0.0	111155	1125.8213250588472	0.3
127630.18655697459	300	59.722115957256975	0.0	153605	1468.337335258691	0.3
127632.33312562617	300	59.59601871996101	0.0	149029	1626.0972372959634	0.3
127636.92489578396	300	59.004248562182504	0.0	157421	4591.770157778502	0.3
127642.57277651988	300	57.35636782626043	0.0	157488	5647.880735922074	0.3
127648.37588905667	300	55.55325528946652	0.0	143881	5803.112536793911	0.3
127653.83885469218	300	54.09028965396463	0.0	163444	5462.96563550189	0.3
127657.34446287225	300	54.584681473890406	0.0	179328	3505.6081800742245	0.3
127660.01165390802	300	55.917490438127	0.0	159914	2667.1910357634106	0.3
127661.32566817333	300	58.60347617280744	0.0	131610	1314.0142653195544	0.3
127663.14441828482	300	59.64910809778772	0.0	124011	1454.3680750197168	0.3
127666.10954641379	300	59.5502350515333	0.0	144254	2598.873046254421	0.3
127669.74210700324	300	59.91767446209204	0.0	149991	3132.5605894412624	0.3
127676.3627252589	300	57.29705620643508	0.0	147968	6620.618255656958	0.3
127678.71267731095	300	58.9471041543935	0.0	161857	2349.952052041585	0.3
127681.40743167938	300	59.544919960111905	0.0	145210	1902.1841942815945	0.3
127684.03165002477	300	59.57909587449393	0.0	172312	1965.8240856179789	0.3
127687.68927761834	300	59.92146828092995	0.0	167025	3657.6275935639815	0.3
127691.73553089227	300	59.866352570631655	0.0	160064	3555.115710298293	0.3
127696.34297556874	750	59.258907894156934	0.0	331053	4607.444676474729	0.3
127700.72907828775	1200	58.87280517514453	0.0	550906	4386.102719012397	0.75
127704.74195476244	750	58.85992870044619	0.0	450283	4012.876474698342	0.75
127706.28684698977	300	59.691263303691585	0.0	155580	1168.6653967545992	-0.15000000000000002
127707.77156976388	300	59.74701533192455	0.0	139857	1444.2479717670326	0.3
127710.46921292543	300	59.85843115232391	0.0	155432	1888.5841796006457	0.3
127712.441922351	300	59.72160593049718	0.0	163442	1136.8252218267276	0.3
127714.66719488117	300	59.72191176729299	0.0	126289	1499.6941632041953	0.3
127716.44255349546	300	59.85202164362758	0.0	153295	1369.8901236654065	0.3
127718.31428350548	300	59.999390883944166	0.0	173849	1852.6307596834188	0.3
127722.33925511138	750	59.97441927803003	0.0	374758	3524.9716059141383	0.3
127726.51789566784	750	59.79577872156901	0.0	362795	3678.640556461027	0.75
127730.68448206125	750	59.62919232815338	0.0	353220	3666.5863934156228	0.75
127735.02327936358	750	59.29039502581635	0.0	405134	4338.797302337026	0.75
127738.6226685892	750	59.691005800193984	0.0	386351	3599.3892256223676	0.75
127742.99402509353	750	59.319649295877234	0.0	434409	4371.356504316749	0.75
127747.16693166595	750	59.14674272344311	0.0	337059	4172.906572434129	0.75
127752.4321596392	750	57.88151475020944	0.0	366214	5265.227973233671	0.75
127757.936101533	750	56.377572856391545	0.0	360831	5503.941893817895	0.75
127760.03540283536	300	58.27827155404223	0.0	150616	2099.301302349316	-0.15000000000000002
127762.6513085679	300	59.66236582149354	0.0	165384	2115.9057325486956	0.3
127764.71212102847	300	59.9400217475926	0.0	140881	1722.3440739009295	0.3
127766.90644182543	300	59.70709554244406	0.0	157671	1732.9262051485423	0.3
127769.33429001158	300	59.86386874527519	0.0	157812	2343.226797168873	0.3
127772.03178522081	300	59.666431835158285	0.0	163927	2697.4369101169095	0.3
127773.7852769494	300	59.89421512041855	0.0	137654	1272.2167147397329	0.3
127776.09362642115	300	59.56767789146732	0.0	146754	1826.5372289512334	0.3
127778.46962482618	300	59.800584810348916	0.0	153938	2267.0930811184016	0.3
127781.56631155312	300	59.74619410883805	0.0	181901	2054.39070151087	0.3
127784.0661853487	300	59.52790522376505	0.0	111155	1718.2888850729923	0.3
127786.33312765096	300	59.654226527883935	0.0	153605	1873.6786958811188	0.3
127789.01613431191	300	59.90435500059396	0.0	149029	1749.871527289973	0.3
127790.84915986903	300	59.905409788871424	0.0	157421	1498.9452117225387	0.3
127792.80180284797	300	59.66612847209659	0.0	157488	1739.2813167748418	0.3
127795.30325304256	300	59.657084205884836	0.0	143881	1509.044266211751	0.3
127798.53935053796	300	59.7002384223689	0.0	163444	2456.845783515939	0.3
127801.75620971453	300	59.841434690028315	0.0	179328	2858.803732340587	0.3
127804.60132210124	300	59.90790621879497	0.0	159914	1933.5284712333455	0.3
127807.25380071031	300	59.91745887199185	0.0	131610	1990.447346803123	0.3
127810.18780977416	300	59.671469971207976	0.0	124011	2245.988900783875	0.3
127813.41801180194	300	59.98037903884391	0.0	144254	2191.0909323640644	0.3
127816.1190878458	300	59.99439656462491	0.0	149991	1985.9824742189996	0.3
127818.75415817037	300	59.674408187164815	0.0	147968	1819.9883774600864	0.3
127821.4635167354	300	59.83276987819835	0.0	161857	2341.638308966468	0.3
127823.75682350394	300	59.53447662196076	0.0	145210	1798.2932562375888	0.3
127826.8627038288	300	59.669543215686176	0.0	172312	2864.9334062745856	0.3
127830.53666854434	300	59.99557850014971	0.0	167025	3173.9647155364632	0.3
127833.75064472949	300	59.91604622463306	0.0	160064	2579.532275516656	0.3
127839.85534750124	750	57.811343452868954	0.0	331053	6104.702771764101	0.3
127851.10559173762	1200	50.561099216484656	0.0	550906	11250.244236384298	0.75
127859.56454231503	750	46.102148639092505	0.0	450283	8458.95057739215	0.75
127863.21194472775	300	46.454746226371384	0.0	155580	3647.402412721126	-0.15000000000000002
127867.63030605216	300	46.03638490196247	0.0	139857	4418.361324408913	0.3
127872.54040209827	300	45.12628885586213	0.0	155432	4910.096046100342	0.3
127877.04169343806	300	44.62499751605594	0.0	163442	4501.291339806187	0.3
127884.03167211785	300	41.63501883626772	0.0	126289	6989.978679788221	0.3
127890.75188142133	300	38.914809532797506	0.0	153295	6720.209303470216	0.3
127897.20650151324	300	36.460189440875894	0.0	173849	6454.620091921605	0.3
127901.41674977774	300	36.24994117638477	0.0	150710	4210.248264491122	0.3
127909.74577046875	300	31.920920485365297	0.0	139105	8329.02069101948	0.3
127914.26615670563	300	31.400534248488665	0.0	141840	4520.38623687663	0.3
127916.354180662	300	33.312510292117736	0.0	156148	2088.0239563709238	0.3
127917.69900118318	300	35.96768977094032	0.0	160746	1344.820521177417	0.3
127920.07880584276	300	37.587885111359334	0.0	179801	2379.8046595809888	0.3
127923.17599982872	300	38.490691125409604	0.0	140051	3097.193985949731	0.3
127925.82954731458	300	39.837143639535846	0.0	138313	2653.5474858737557	0.3
127928.63280782956	300	41.033883124565506	0.0	143509	2803.2605149703363	0.3
127931.49854459996	300	42.16814635415179	0.0	150616	2865.736770413722	0.3
127934.42862222582	300	43.23806872830157	0.0	165384	2930.0776258502146	0.3
127936.0651747448	300	45.60151620931804	0.0	140881	1636.5525189835298	0.3
127937.90615702128	300	47.760533932839785	0.0	157671	1840.9822764782555	0.3
127939.39339347914	300	50.27329747499059	0.0	157812	1487.236457849189	0.3
127940.84596758803	300	52.820723366113526	0.0	163927	1452.5741088770658	0.3
127942.0963355925	300	55.57035536163219	0.0	137654	1250.3680044813357	0.3
127943.58617213009	300	58.08051882404213	0.0	146754	1489.836537590061	0.3
127945.20677659468	300	59.7812022468602	0.0	153938	1299.3165771819338	0.3
127948.09263062892	300	59.85941917345001	0.0	181901	1921.7830734101892	0.3
127949.32255403115	300	59.6514929527412	0.0	111155	1207.9262207088038	0.3
127952.41649863019	300	59.555519243980946	0.0	153605	2095.9737087602552	0.3
127954.93307409606	300	59.66021695619956	0.0	149029	1895.3022877813848	0.3
127958.32800044697	300	59.69439036976854	0.0	157421	2965.8265864310224	0.3
127961.51480979816	300	59.750535576428206	0.0	157488	2943.854793340333	0.3
127963.42989037416	300	59.604472567347145	0.0	143881	1646.06300908106	0.3
127966.1735054609	300	59.81217380743009	0.0	163444	1792.2987599170494	0.3
127968.12294290369	300	59.86811324945155	0.0	179328	1444.0605579785451	0.3
127970.0057072751	300	59.54941950616377	0.0	159914	1318.6937432877776	0.3
127974.93779331598	300	58.61733346526408	0.0	131610	4932.086040899687	0.3
127977.16856946924	300	59.75002372314057	0.0	124011	1367.3097421235125	0.3
127979.44353896807	300	59.979272179286184	0.0	144254	1770.751543854387	0.3
127981.9475973629	300	59.66935195935464	0.0	149991	1809.920219931544	0.3
127983.59433784934	300	59.863050803597865	0.0	147968	1306.3011557567825	0.3
127985.2991853575	300	59.79084671485496	0.0	161857	1572.204088742905	0.3
127986.95562829846	300	59.90444695407788	0.0	145210	886.3997607770822	0.3
127988.98321249528	300	59.69517644575562	0.0	172312	1209.270508322259	0.3
127992.43717572084	750	59.777351677232005	0.0	398987	2917.824768523611	0.3
127995.60969777778	750	59.80465987727971	0.0	393804	2972.6917999523002	0.75
128000.14238514141	1200	59.271972513646155	0.0	538612	4532.6873636335495	0.75
128013.48618346805	2850	49.92817418701837	0.0	1364537	13343.79832662779	1.2000000000000002
128021.34131853683	750	46.07303911822709	0.0	450283	7855.135068791275	0.75
128025.25322150327	750	46.16113615179152	0.0	398865	3911.902966435574	0.75
128026.61760613577	300	48.796751519293835	0.0	139857	1364.3846324976794	-0.15000000000000002
128027.78025298973	300	51.63410466533485	0.0	155432	1162.6468539589864	0.3
128030.73609869604	300	52.67825895901747	0.0	163442	2955.845706317384	0.3
128033.80956805621	300	53.60478959885063	0.0	126289	3073.469360166841	0.3
128040.91381889957	300	50.5005387554833	0.0	153295	7104.250843367325	0.3
128043.97863969297	300	51.43571796207429	0.0	173849	3064.8207934090115	0.3
128046.9783321036	300	52.43602555144935	0.0	150710	2999.69241062494	0.3
128049.15888302992	300	54.25547462514195	0.0	139105	2180.550926307395	0.3
128050.55619593812	300	56.858161716938184	0.0	141840	1397.3129082037628	0.3
128052.12886122672	300	59.28549642833051	0.0	156148	1572.6652886076752	0.3
128054.32122168981	300	59.92931304976	0.0	160746	1356.1833785705062	0.3
128056.1952512701	300	59.99988680186803	0.0	179801	1429.4262478919682	0.3
128057.611332757	300	59.95964772461242	0.0	140051	1040.2390772556103	0.3
128059.8789343436	300	59.82326813614628	0.0	138313	2136.3795884661404	0.3
128062.04085588595	300	59.83841836402279	0.0	143509	1484.8497721234903	0.3
128064.19457653914	300	59.71559392254632	0.0	150616	1622.8244414764745	0.3
128066.14824496134	300	59.8837078173083	0.0	165384	1831.886105238015	0.3
128067.7229153524	300	59.5927637802616	0.0	140881	1290.944037046701	0.3
128069.77816417234	300	59.7670025472864	0.0	157671	1325.7612329752026	0.3
128072.05302449403	300	59.564316179925775	0.0	157812	1702.6863673606263	0.3
128073.33762812297	300	59.84310134262835	0.0	163927	1221.214837297419	0.3
128074.8032418529	300	59.541488873480944	0.0	137654	1301.6124691474074	0.3
128078.24778841024	750	59.72671622520801	0.0	359903	2814.7726482729367	0.3
128082.16131310379	750	59.813191531661936	0.0	379700	3413.5246935460727	0.75
128086.12776729734	750	59.52161373618603	0.0	425781	3291.5777954758996	0.75
128088.9066105124	750	59.66413032770042	0.0	277716	2357.4834084856116	0.75
128092.87512073886	750	59.695620101243506	0.0	400396	3468.5102264569173	0.75
128097.03128387665	750	59.539456963436564	0.0	400508	3656.163137806941	0.75
128101.56371212812	750	59.00702871198296	0.0	358218	4532.428251453606	0.75
128104.71994479361	750	59.523643090380006	0.0	400322	2983.3856216029553	0.75
128110.54825006184	750	57.69533782214965	0.0	369834	5828.305268230359	0.75
128115.45123601027	750	56.79235187372317	0.0	412837	4902.9859484264725	0.75
128119.61716882601	750	56.62641905798216	0.0	401088	4165.932815741011	0.75
128123.18475247068	750	57.05883541330664	0.0	365161	3567.5836446755216	0.75
128128.000202171	750	56.24338571298878	0.0	321064	4815.449700317854	0.75
128129.72606080594	300	58.51752707804363	0.0	124011	1725.8586349451573	-0.15000000000000002
128131.78064297886	300	59.60971751969179	0.0	144254	1407.8095583518354	0.3
128132.9705129146	300	59.93816885910972	0.0	149991	1171.5486605820636	0.3
128134.55869652584	300	59.6032376910662	0.0	147968	1334.9311680435258	0.3
128136.83484212952	300	59.94179111081666	0.0	161857	1661.4465802495365	0.3
128138.96981449031	300	59.62165444215339	0.0	145210	1320.136668663268	0.3
128141.05940810802	300	59.53427547934713	0.0	172312	1587.3789628062618	0.3
128144.84939266612	750	59.584890527762894	0.0	398987	3449.3849515842376	0.3
128148.44375557527	750	59.990527618613605	0.0	393804	3594.3629091492885	0.75
128153.24620095924	1200	59.188082234649166	0.0	538612	4802.44538396444	0.75
128164.72555370392	2850	51.70872948995919	0.0	1364537	11479.352744689977	1.2000000000000002
128169.10611671637	750	51.32816647751476	0.0	450283	4380.56301244442	0.75
128173.10982845015	750	51.32445474374476	0.0	398865	4003.711733770002	0.75
128178.82306141278	750	49.61122178110886	0.0	350812	5713.232962635898	0.75
128183.39953193282	750	49.03475126105541	0.0	382355	4576.4705200534545	0.75
128185.97200827357	750	50.462274920310435	0.0	411561	2572.4763407449764	0.75

