139203.026085664	750	4.0	2.0234241139416103	450283	2023.4241139416101	-7.950723689948923
139203.95711564904	300	7.06897001496789	0.0	155580	931.0299850321102	-0.15000000000000002
139204.87307088118	300	10.153014782831818	0.0	139857	915.9552321360712	0.3
139205.87792868327	300	13.148156980749166	0.0	155432	1004.8578020826534	0.3
139206.78884333643	300	16.237242327609163	0.0	163442	910.9146531400015	0.3
139207.39695880012	300	19.629126863948784	0.0	126289	608.1154636603829	0.3
139208.88367723377	750	22.14240843030075	0.0	352642	1486.718433648031	0.3
139212.0857103122	1200	22.9403753518412	0.0	709534	3202.033078459551	0.75
139214.52519535262	1200	24.500890311455436	0.0	584846	2439.485040385768	1.2
139216.53613276948	1200	26.489952894580338	0.0	560821	2010.9374168750992	1.2
139218.7655226969	1200	28.26056296720084	0.0	607410	2229.3899273794955	1.2
139221.3342388807	1200	29.69184678338062	0.0	594078	2568.716183820218	1.2
139223.0565281922	1200	31.96955747188841	0.0	624282	1722.2893114922074	1.2
139224.95871442318	1200	34.06737124089731	0.0	687371	1902.186230991101	1.2
139227.24170153268	1850	35.78438413137265	0.0	821631	2282.9871095246613	1.2000000000000002
139230.0293394507	1850	36.99674621335031	0.0	923170	2787.6379180223275	1.85
139233.29909552657	1850	37.726990137484314	0.0	966699	3269.756075865994	1.85
139236.55791470327	1850	38.468170960773854	0.0	885714	3258.819176710463	1.85
139240.09002757372	1850	38.93605809031311	0.0	987708	3532.1128704607418	1.85
139243.0240244007	1850	40.00206126336526	0.0	923755	2933.996826947845	1.85
139246.24206816772	1850	40.784017496333625	0.0	891604	3218.043767031641	1.85
139249.12242002078	1850	41.90366564325001	0.0	955231	2880.351853083615	1.85
139252.68838940823	1850	42.337696255821385	0.0	968026	3565.9693874286263	1.85
139255.43353746974	1850	43.59254819431205	0.0	874175	2745.1480615093296	1.85
139258.36714767286	1850	44.658937991181055	0.0	897976	2933.6102031310024	1.85
139263.36898831406	2850	43.65709734999273	0.0	1480464	5001.840641188321	1.85
139269.2378061647	2850	41.78827949937661	0.0	1547572	5868.817850616127	2.85
139272.5387367389	2850	42.48734892515724	0.0	1141971	3300.9305742193715	2.85
139276.9212407	2850	42.104844964031706	0.0	1498470	4382.503961125537	2.85
139282.52924062815	2850	40.49684503589731	0.0	1561263	5607.999928134399	2.85
139287.07381690576	2850	39.95226875827074	0.0	1341201	4544.57627762656	2.85
139291.99488357818	2850	39.03120208584396	0.0	1497683	4921.066672426784	2.85
139297.02288994382	2850	38.003195720230636	0.0	1358081	5028.006365613319	2.85
139303.20574617156	2850	35.82033949246581	0.0	1587293	6182.856227764825	2.85
139308.9539481735	2850	34.07213749053904	0.0	1492672	5748.202001926776	2.85
139312.3198574539	1850	34.706228210132004	0.0	943942	3365.9092804070337	0.8500000000000001
139314.9232761559	1850	36.10280950815076	0.0	728962	2603.4187019812416	1.85
139318.20465821473	1850	36.82142744931307	0.0	938587	3281.38205883769	1.85
139321.59517863748	1850	37.43090702654875	0.0	908665	3390.5204227643167	1.85
139324.63481325656	1850	38.3912724074474	0.0	930577	3039.6346191013513	1.85
139327.59915961482	1850	39.42692604919108	0.0	858450	2964.346358256323	1.85
139332.11062479715	1850	38.91546086689397	0.0	1025005	4511.465182297104	1.85
139335.79022948994	1850	39.23585617408127	0.0	886255	3679.604692812701	1.85
139338.92025402497	1850	40.10583163905214	0.0	973972	3130.0245350291298	1.85
139341.84274318523	1850	41.18334247880064	0.0	958994	2922.489160251503	1.85
139344.78353157264	1850	42.242554091379304	0.0	982064	2940.788387421339	1.85
139353.29460232417	4300	37.7314833398697	0.0	1961140	8511.0707515096	1.8499999999999996
139361.26580474916	4300	33.760280914871664	0.0	2155012	7971.202424998037	4.3
139363.7176569667	750	35.30842869732673	0.0	450283	2451.8522175449352	0.75
139366.80554057492	1200	36.22054508913923	0.0	611087	3087.8836081874983	0.75
139369.72417954128	1200	37.301906122761906	0.0	571051	2918.6389663773216	1.2
139372.5668133479	1200	38.45927231616686	0.0	617681	2842.6338065950454	1.2
139375.6654021278	1200	39.36068353623612	0.0	652874	3098.588779930747	1.2
139378.1030842965	1200	40.923001367499225	0.0	520315	2437.682168736894	1.2
139380.8777085336	1200	42.148377130400114	0.0	561791	2774.6242370991076	1.2
139383.6800481207	1200	43.34603754330639	0.0	709534	2802.3395870937206	1.2
139386.65117480073	1200	44.37491086329622	0.0	584846	2971.126680010164	1.2
139389.32087151828	1200	45.705214145737045	0.0	560821	2669.6967175591776	1.2
139391.74981765976	1200	47.27626800424792	0.0	607410	2428.9461414891243	1.2
139394.15777767482	1200	48.868307989187585	0.0	594078	2407.9600150603333	1.2
139397.27787504418	1850	49.748210619840215	0.0	946851	3120.097369347368	1.2000000000000002
139400.86429199067	1850	50.16179367332708	0.0	1036454	3586.416946513135	1.85
139403.53666361648	1850	51.4894220475294	0.0	821631	2672.371625797682	1.85
139406.84668028727	1850	52.17940537674719	0.0	923170	3310.016670782204	1.85
139411.65512879338	1850	51.37095687062623	0.0	966699	4808.448506120964	1.85
139415.59937477016	1850	51.4267108938521	0.0	885714	3944.2459767741234	1.85
139419.77802982373	1850	51.24805584028436	0.0	987708	4178.655053567742	1.85
139423.1537435918	1850	51.872342072231305	0.0	923755	3375.713768053059	1.85
139426.39413707276	1850	52.63194859127038	0.0	891604	3240.393480960918	1.85
139429.84421666342	1850	53.181869000580065	0.0	955231	3450.079590690317	1.85
139432.57839113753	1850	54.44769452646965	0.0	968026	2734.174474110419	1.85
139436.20746518654	2850	54.81862047746453	0.0	1323990	3629.0740490051207	1.85
139440.3728445187	2850	54.65324114531641	0.0	1383735	4165.379332148124	2.85
139444.40397142578	2850	54.62211423823171	0.0	1480464	4031.1269070846956	2.85
139450.53977372797	2850	52.486311936007176	0.0	1547572	6135.802302224531	2.85
139454.63570281543	2850	52.39038284854046	0.0	1141971	4095.9290874667226	2.85
139459.97591273263	2850	51.05017293133808	0.0	1498470	5340.209917202372	2.85
139467.8957411169	2850	47.13034454708953	0.0	1561263	7919.828384248553	2.85
139473.49530200046	2850	45.53078366351451	0.0	1341201	5599.5608835750145	2.85
139478.5646370352	1850	44.461448628795026	0.0	954453	5069.335034719488	0.8500000000000001
139485.34973026183	1850	41.67635540213993	0.0	885062	6785.0932266550935	1.85
139489.06824379985	1850	41.9578418641328	0.0	1035329	3718.5135380071283	1.85
139493.18968438177	1850	41.836401282223896	0.0	1026056	4121.44058190891	1.85
139496.28693796988	1850	42.739147694090576	0.0	943942	3097.253588133318	1.85
139499.12084703625	1850	43.905238627734896	0.0	728962	2833.9090663556844	1.85
139503.17555313493	1850	43.850532529021855	0.0	938587	4054.70609871304	1.85
139508.18139084996	1850	42.8446948140223	0.0	908665	5005.83771499956	1.85
139512.88624030454	1850	42.1398453594387	0.0	930577	4704.849454583591	1.85
139517.18240489272	1850	41.84368077124593	0.0	858450	4296.164588192773	1.85
139524.24379633463	1850	38.78228932932845	0.0	1025005	7061.391441917479	1.85
139530.2802471035	1850	36.74583856044228	0.0	886255	6036.450768886167	1.85
139534.36205610022	1200	36.66402956373402	0.0	634861	4081.8089967082587	0.5499999999999999
139537.48159012862	1200	37.54449553532683	0.0	630203	3119.534028407188	1.2
139545.67426250136	1850	33.35182316259139	0.0	982064	8192.672372735437	1.2000000000000002
139551.62763941073	1850	31.398446253217692	0.0	830730	5953.376909373698	1.85
139564.41836743744	2850	22.607718226542552	0.0	1364537	12790.72802667514	1.85
139569.12604209213	750	21.900043571814958	0.0	450283	4707.674654727593	0.75
139572.44082478137	750	22.585260882612626	0.0	398865	3314.7826892023286	0.75
139575.06802000725	750	23.958065656708847	0.0	350812	2627.195225903778	0.75
139577.29338726238	750	25.732698401583097	0.0	382355	2225.367255125752	0.75
139579.36110432722	750	27.664981336727543	0.0	411561	2067.7170648555566	0.75
139582.1976612591	750	28.82842440486234	0.0	318564	2836.5569318652	0.75
139593.12632352047	750	21.899762143467694	0.0	352642	10928.662261394646	0.75
139596.48373650757	750	22.542349156398878	0.0	437162	3357.4129870688166	0.75
139598.71958077681	750	24.306504887154418	0.0	374758	2235.844269244463	0.75
139600.66067879298	750	26.36540687098001	0.0	362795	1941.098016174407	0.75
139602.42896529357	750	28.597120370392314	0.0	353220	1768.2865005876968	0.75
139604.58648318597	750	30.439602477973494	0.0	405134	2157.517892418818	0.75
139606.23553127443	750	32.79055438949978	0.0	386351	1649.0480884737067	0.75
139608.6246260029	1200	34.401459661046864	0.0	687371	2389.0947284529175	0.75
139610.52580735955	1200	36.500278304380004	0.0	526950	1901.181356666863	1.2
139612.42488799168	1200	38.601197672227315	0.0	587876	1899.0806321526861	1.2
139614.55506945474	1200	40.47101620919041	0.0	617242	2130.181463036902	1.2
139617.4358352612	1850	41.59025040272572	0.0	885714	2880.765806464693	1.2000000000000002
139620.31819741504	1850	42.70788824891023	0.0	987708	2882.362153815491	1.85
139622.65608281663	1850	44.370002847306615	0.0	923755	2337.8854016036194	1.85
139624.90193309097	1850	46.124152572988216	0.0	891604	2245.8502743183967	1.85
139627.89053231484	1850	47.13555334911142	0.0	955231	2988.5992238767967	1.85
139633.24334959613	2850	45.782736067817126	0.0	1505760	5352.817281294292	1.85
139638.15486455488	2850	44.8712211090759	0.0	1323990	4911.514958741233	2.85
139645.93951997426	2850	41.086565689686374	0.0	1383735	7784.655419389523	2.85
139653.2513119903	2850	37.774773673657954	0.0	1480464	7311.79201602842	2.85
139660.73255542244	2850	34.29353024152881	0.0	1547572	7481.24343212914	2.85
139665.11690302475	1850	33.90918263918959	0.0	758197	4384.34760233923	0.8500000000000001
139670.09598348435	1200	32.9301021795804	0.0	622896	4979.080459609183	0.5499999999999999
139672.67419004784	1200	34.351895616118654	0.0	641447	2578.206563461755	1.2
139675.68782019394	1200	35.33826547001496	0.0	570392	3013.6301461036956	1.2
139679.30697381232	1200	35.719111851636754	0.0	620283	3619.153618378205	1.2
139682.65540276899	1200	36.37068289496259	0.0	584349	3348.428956674167	1.2
139686.46863175553	1200	36.557453908441865	0.0	670129	3813.228986520726	1.2
139689.5843497193	1200	37.44173594466595	0.0	690253	3115.7179637759123	1.2
139692.13934306856	1200	38.88674259541724	0.0	598727	2554.9933492487166	1.2
139694.95321553547	1200	40.07287012851535	0.0	487812	2813.872466901887	1.2
139697.65482924724	1200	41.37125641672662	0.0	575591	2701.613711788735	1.2
139700.2429791891	1200	42.78310647485586	0.0	605884	2588.1499418707554	1.2
139702.43669955365	1200	44.589386110297305	0.0	587506	2193.720364558558	1.2
139704.43878121633	1200	46.587304447653096	0.0	566904	2002.081662644203	1.2
139707.89961771437	1850	47.12646794961226	0.0	1025005	3460.8364980408337	1.2000000000000002
139711.63610671897	1850	47.389978945026655	0.0	886255	3736.4890045856046	1.85
139715.61621954615	1850	47.40986611785115	0.0	973972	3980.1128271755024	1.85
139724.46398850033	2850	42.56209716366498	0.0	1464921	8847.768954186176	1.85
139733.78581975473	2850	37.2402659092754	0.0	1483527	9321.83125438957	2.85
139740.70439679714	2850	34.32168886683682	0.0	1231456	6918.577042438582	2.85
139748.93982943156	2850	30.086256232414176	0.0	1364537	8235.432634422643	2.85
139751.5458504414	750	31.48023522255925	0.0	450283	2606.0210098549237	0.75
139756.38696124905	750	30.639124414927323	0.0	398865	4841.110807631928	0.75
139759.64867333992	750	31.377412324037323	0.0	350812	3261.7120908899988	0.75
139764.1680794088	750	30.858006255168352	0.0	382355	4519.40606886897	0.75
139769.03010422064	750	29.995981443336145	0.0	411561	4862.024811832207	0.75
139772.26551356373	750	30.760572100249583	0.0	318564	3235.4093430865637	0.75
139775.10096201685	750	31.925123647130526	0.0	352642	2835.4484531190524	0.75
139778.33303744762	750	32.693048216347336	0.0	437162	3232.0754307831894	0.75
139782.8878476351	750	32.13823802884972	0.0	374758	4554.810187497621	0.75
139787.2399192593	750	31.786166404647613	0.0	362795	4352.0716242021035	0.75
139789.62045462892	750	33.405631035039825	0.0	353220	2380.535369607791	0.75
139792.62340169237	750	34.40268397158291	0.0	405134	3002.9470634569116	0.75
139794.79983767567	750	36.22624798827251	0.0	386351	2176.435983310402	0.75
139797.4663755375	750	37.55971012641821	0.0	434409	2666.537861854298	0.75
139801.22405417645	750	37.80203148746951	0.0	337059	3757.6786389487015	0.75
139807.06645140206	750	35.95963426184913	0.0	366214	5842.397225620382	0.75
139811.33992637624	750	35.686159287653375	0.0	360831	4273.474974195755	0.75
139816.5920290666	750	34.434056597275706	0.0	372963	5252.102690377676	0.75
139819.89555447345	750	35.13053119044617	0.0	405596	3303.5254068295276	0.75
139822.33444617878	750	36.69163948515009	0.0	350713	2438.8917052960805	0.75
139824.7150848006	750	38.31100086331397	0.0	386472	2380.6386218361145	0.75
139829.44496401798	750	37.58112164592485	0.0	399894	4729.87921738912	0.75
139833.07146425973	750	37.9546214041618	0.0	401853	3626.5002417630517	0.75
139835.65366648842	750	39.3724191754878	0.0	343800	2582.2022286740025	0.75
139837.85541599616	750	41.17066966774485	0.0	359903	2201.749507742939	0.75
139840.97772533377	750	42.048360330134486	0.0	379700	3122.309337610371	0.75
139845.95851615045	750	41.0675695134702	0.0	425781	4980.79081666429	0.75
139847.8483628898	750	43.17772277410972	0.0	277716	1889.8467393604838	0.75
139850.40731672657	750	44.61876893734793	0.0	400396	2558.953836761783	0.75
139852.67879527333	750	46.347290390576276	0.0	400508	2271.478546771652	0.75
139855.2629468585	750	47.76313880542939	0.0	358218	2584.1515851468844	0.75
139857.5159602447	750	49.510125419235614	0.0	400322	2253.013386193778	0.75
139859.49366399308	750	51.53242167082289	0.0	369834	1977.7037484127188	0.75
139861.49322463514	750	53.53286102878071	0.0	412837	1999.5606420421807	0.75
139863.8001388162	750	55.22594684768874	0.0	401088	2306.9141810919687	0.75
139867.14793890167	1200	55.87814676222184	0.0	598727	3347.8000854669017	0.75
139870.33713468292	1200	56.6889509809478	0.0	487812	3189.1957812740347	1.2
139873.72068709123	1200	57.305398572632264	0.0	575591	3383.5524083155424	1.2
139877.1410655586	1200	57.885020105290685	0.0	605884	3420.3784673415785	1.2
139879.9960160505	1200	59.030069613348736	0.0	587506	2854.950491941949	1.2
139883.33655353362	1200	59.68953213026538	0.0	566904	3340.537483083357	1.2
139886.45636139455	1200	59.65657419163583	0.0	641452	3032.957938629543	1.2
139890.1358218009	1850	59.977113785263825	0.0	886255	3679.4604063720053	1.2000000000000002
139894.12089645438	1850	59.992039131803466	0.0	973972	3985.0746534603577	1.85
139899.63258649633	2850	58.480349089842804	0.0	1464921	5511.690041960661	1.85
139905.6136066841	2850	56.49932890205875	0.0	1483527	5981.020187784062	2.85
139912.29978169312	4300	53.813153893055166	0.0	1961140	6686.175009003579	2.8499999999999996
139921.6523162118	4300	48.46061937435696	0.0	2155012	9352.534518698209	4.3
139924.13625277058	750	49.976682815594216	0.0	450283	2483.936558762748	0.75
139927.76083639558	1200	50.35209919059014	0.0	611087	3624.5836250040725	0.75
139931.81044385748	1850	50.302491728680565	0.0	877771	4049.6074619095743	1.2000000000000002
139937.1228684055	1850	48.99006718064786	0.0	933276	5312.424548032703	1.85
139941.25527546962	1850	48.85766011653269	0.0	996749	4132.407064115168	1.85
139947.01736593136	1850	47.09556965479101	0.0	801058	5762.090461741686	1.85
139951.67563498038	1850	46.43730060576433	0.0	905515	4658.269049026673	1.85
139956.6437636028	1850	45.46917198336486	0.0	1060487	4968.128622399469	1.85
139960.8136516507	1850	45.299283935461226	0.0	852833	4169.888047903636	1.85
139965.84539897548	1850	44.267536610680615	0.0	913888	5031.747324780607	1.85
139970.4400568355	1850	43.67287875067117	0.0	939819	4594.657860009453	1.85
139975.21528849594	1850	42.89764709025079	0.0	917428	4775.231660420374	1.85
139978.9221687702	1850	43.19076681598544	0.0	946851	3706.880274265348	1.85
139981.95958616497	1850	44.15334942119472	0.0	1036454	3037.4173947907234	1.85
139984.5427736728	1850	45.57016191339669	0.0	821631	2583.1875077980294	1.85
139987.74662081624	1850	46.366314769947856	0.0	923170	3203.847143448831	1.85
139991.3393305194	1850	46.77360506676036	0.0	966699	3592.7097031874932	1.85
139993.66948074833	1850	48.44345483783903	0.0	885714	2330.1502289213363	1.85
139998.1349991755	1850	47.9779364106893	0.0	987708	4465.518427149719	1.85
140002.49486932385	1850	47.61806626234155	0.0	923755	4359.870148347755	1.85
140005.43283260879	1850	48.680102977404125	0.0	891604	2937.9632849374266	1.85
140008.670100799	1850	49.442834787204234	0.0	955231	3237.268190199891	1.85
140013.04855709797	1850	49.06437848823096	0.0	968026	4378.45629897328	1.85
140019.05431470193	1850	47.05862088427241	0.0	874175	6005.7576039585465	1.85
140024.1498351775	1850	45.96310040873278	0.0	897976	5095.520475539637	1.85
140027.98792906225	1850	46.12500652397825	0.0	905935	3838.0938847545235	1.85
140035.3208251452	1850	42.79211044101061	0.0	1076599	7332.896082967643	1.85
140041.86695221745	1850	40.24598336876283	0.0	758197	6546.127072247782	1.85
140048.64771260324	1200	37.46522298298892	0.0	622896	6780.760385773907	0.5499999999999999
140053.4538151299	1200	36.659120456337206	0.0	641447	4806.102526651708	1.2
140061.21523671085	1200	32.897698875400934	0.0	570392	7761.421580936268	1.2
140071.24337014076	1200	26.869565445482625	0.0	620283	10028.13342991831	1.2
140076.44977038418	750	25.663165202073397	0.0	369834	5206.40024340923	0.3
140081.78475898868	750	24.328176597561487	0.0	412837	5334.988604511909	0.75
140086.58090322764	750	23.532032358591984	0.0	401088	4796.144238969505	0.75
140092.0914548608	750	22.021480725453884	0.0	365161	5510.5516331380995	0.75
140093.2668311917	300	24.84610439457111	0.0	131610	1175.3763308827713	-0.15000000000000002
140094.33967106612	300	27.77326452016067	0.0	124011	1072.8398744104406	0.3
140095.9636896057	300	30.1492459805496	0.0	144254	1624.0185396110694	0.3
140097.59533777583	300	32.51759781043138	0.0	149991	1631.6481701182147	0.3
140099.09244535028	300	35.020490235975856	0.0	147968	1497.1075744555242	0.3
140100.47170882503	300	37.64122676124486	0.0	161857	1379.2634747309992	0.3
140101.99323527282	300	40.11970031343131	0.0	145210	1521.5264478135437	0.3
140103.2618378086	300	42.85109777767115	0.0	172312	1268.602535760162	0.3
140106.34629565605	750	43.7666399302053	0.0	398987	3084.4578474658474	0.3
140109.45723656996	750	44.6556990162851	0.0	393804	3110.9409139202053	0.75
140126.59615718474	1850	31.51677840149887	0.0	830730	17138.92061478623	0.75
140140.4479738847	2850	21.664961701545163	0.0	1364537	13851.816699953706	1.85
140143.28800290564	750	22.824932680619543	0.0	450283	2840.0290209256186	0.75
140146.1221895488	750	23.990746037480143	0.0	398865	2834.1866431393983	0.75
140149.24850186685	750	24.864433719422944	0.0	350812	3126.3123180571997	0.75
140153.18251880567	750	24.930416780575545	0.0	382355	3934.0169388473973	0.75
140156.80449480767	750	25.308440778599753	0.0	411561	3621.9760019757937	0.75
140159.22652163554	750	26.88641395072172	0.0	318564	2422.0268278780304	0.75
140162.44551685028	750	27.667418735981503	0.0	352642	3218.99521474022	0.75
140166.54305036052	750	27.569885225727642	0.0	437162	4097.533510253863	0.75
140168.72147935125	750	29.39145623500226	0.0	374758	2178.428990725382	0.75
140171.00747165855	750	31.10546392770514	0.0	362795	2285.992307297118	0.75
140175.22829508377	750	30.884640502515868	0.0	353220	4220.823425189277	0.75
140177.72772283203	750	32.38521275425992	0.0	405134	2499.4277482559496	0.75
140180.56938699904	750	33.54354858723133	0.0	386351	2841.6641670285876	0.75
140183.9549805806	750	34.15795500568056	0.0	434409	3385.593581550769	0.75
140187.90088700203	750	34.21204858424435	0.0	337059	3945.906421436207	0.75
140192.3334842655	750	33.77945132078269	0.0	366214	4432.597263461664	0.75
140196.55589576586	750	33.55703982037917	0.0	360831	4222.411500403519	0.75
140201.4624493202	750	32.6504862660355	0.0	372963	4906.553554343666	0.75
140205.25345175134	750	32.85948383490342	0.0	405596	3791.0024311320753	0.75
140207.66867599692	750	34.4442595893314	0.0	350713	2415.2242455720307	0.75
140210.19730399307	750	35.91563159316988	0.0	386472	2528.627996161525	0.75
140212.45747468545	750	37.65546090079749	0.0	399894	2260.1706923723814	0.75
140215.1475361099	750	38.965399476375275	0.0	401853	2690.061424422214	0.75
140217.2451875367	750	40.86774804957264	0.0	343800	2097.6514268026376	0.75
140219.6173518617	750	42.49558372455922	0.0	359903	2372.16432501342	0.75
140227.97993723792	1200	38.13299834833488	0.0	590335	8362.585376224346	0.75
140237.64449673862	1200	32.468438847637664	0.0	696376	9664.559500697213	1.2
140241.47767248945	1200	32.63526309681441	0.0	487160	3833.1757508232495	1.2
140245.95124422506	1200	32.16169136118776	0.0	622896	4473.571735626654	1.2
140249.64915997686	1200	32.4637756093585	0.0	641447	3697.9157518292645	1.2
140252.75109240066	1200	33.36184318556386	0.0	570392	3101.932423794636	1.2
140255.8658548131	750	34.24708077314815	0.0	400322	3114.762412415715	0.3
140258.99223325826	750	35.12070232797112	0.0	369834	3126.378445177035	0.75
140266.30099437453	750	31.811941211735927	0.0	412837	7308.761116235187	0.75
140271.624749554	750	30.48818603223967	0.0	401088	5323.7551794962565	0.75
140276.31235079022	750	29.800584796029447	0.0	365161	4687.601236210223	0.75
140281.89379582796	750	28.21913975829947	0.0	321064	5581.445037729981	0.75
140287.91899808764	750	26.193937498606505	0.0	361565	6025.202259692964	0.75
140289.29634972577	300	28.816585860482164	0.0	144254	1377.3516381243444	-0.15000000000000002
140292.5210327568	300	29.591902829456156	0.0	149991	3224.6830310260066	0.3
140295.3148927032	300	30.7980428830551	0.0	147968	2793.859946401057	0.3
140297.3880675399	300	32.724868046354466	0.0	161857	2073.1748367006367	0.3
140299.2192368056	300	34.89369878067062	0.0	145210	1831.169265683849	0.3
140301.27093261847	300	36.84200296777713	0.0	172312	2051.6958128934957	0.3
140303.08849934215	300	39.024436244106646	0.0	167025	1817.566723670475	0.3
140306.9342647089	750	39.17867087735661	0.0	393804	3845.7653667500413	0.3
140315.06560257255	1200	35.0473330137163	0.0	538612	8131.337863640308	0.75
140328.7173854924	2850	25.395550093876214	0.0	1364537	13651.782919840087	1.2000000000000002
140332.19202081754	750	25.920914768757118	0.0	450283	3474.635325119096	0.75
140335.07864925402	750	27.034286332292172	0.0	398865	2886.6284364649423	0.75
140337.7298382532	750	28.383097333130305	0.0	350812	2651.1889991618677	0.75
140341.82251952737	750	28.290416058949525	0.0	382355	4092.68127418078	0.75
140346.2669770341	750	27.845958552233938	0.0	411561	4444.45750671559	0.75
140349.66961278874	750	28.443322797586845	0.0	318564	3402.635754647093	0.75
140352.78562321336	750	29.32731237296325	0.0	352642	3116.010424623592	0.75
140356.09782814162	750	30.01510744468404	0.0	437162	3312.20492827921	0.75
140358.35860631271	750	31.754329273601776	0.0	374758	2260.778171082265	0.75
140360.55175296727	750	33.56118261906952	0.0	362795	2193.1466545322537	0.75
140362.76168118202	750	35.35125440431561	0.0	353220	2209.9282147539134	0.75
140366.54547040578	750	35.56746518054111	0.0	405134	3783.7892237744963	0.75
140372.69767282487	750	33.41526276145515	0.0	386351	6152.20241908596	0.75
140378.4286264965	750	31.684309089828297	0.0	434409	5730.953671626856	0.75
140387.8843900056	750	26.228545580698658	0.0	337059	9455.763509129638	0.75
140390.24747572665	300	27.86545985968312	0.0	138313	2363.085721015536	-0.15000000000000002
140392.69075356377	300	29.422182022570464	0.0	143509	2443.2778371126556	0.3
140396.0215752592	300	30.091360327167095	0.0	150616	3330.8216954033705	0.3
140399.35949711208	300	30.753438474284007	0.0	165384	3337.9218528830856	0.3
140402.52894776975	300	31.583987816594522	0.0	140881	3169.450657689487	0.3
140404.41308283643	300	33.699852749949265	0.0	157671	1884.1350666452568	0.3
140406.09677503404	300	36.01616055233859	0.0	157812	1683.6921976106755	0.3
140407.57780146378	300	38.53513412260972	0.0	163927	1481.0264297288636	0.3
140408.7578302938	300	41.35510529259819	0.0	137654	1180.028830011532	0.3
140410.28878561678	300	43.8241499696237	0.0	146754	1530.9553229744886	0.3
140413.8507710959	750	44.26216449049506	0.0	379700	3561.985479128639	0.3
140425.61142132521	750	36.50151426119935	0.0	425781	11760.650229295718	0.75
140430.65665411536	750	35.45628147104345	0.0	277716	5045.232790155901	0.75
140436.44591984997	750	33.667015736426855	0.0	400396	5789.2657346165915	0.75
140440.9491556531	750	33.16377993330628	0.0	400508	4503.235803120572	0.75
140442.52871637352	300	35.58421921287622	0.0	157421	1579.5607204300602	-0.15000000000000002
140443.97122262025	300	38.141712966158586	0.0	157488	1442.506246717634	0.3
140445.19846854443	300	40.91446704197002	0.0	143881	1227.245924188569	0.3
140446.4548971851	300	43.65803840131776	0.0	163444	1256.4286406522597	0.3
140449.56047560537	750	44.552459981043285	0.0	401088	3105.578420274477	0.3
140451.53418864193	750	46.57874694446162	0.0	365161	1973.7130365816654	0.75
140453.11391334704	750	48.99902223935582	0.0	321064	1579.7247051058105	0.75
140455.96109619428	1200	50.151839392119214	0.0	575591	2847.1828472366055	0.75
140459.07122596964	1200	51.04170961673148	0.0	605884	3110.1297753877284	1.2
140462.4776096304	1200	51.63532595595453	0.0	587506	3406.3836607769545	1.2
140464.97196222038	1200	53.14097336598896	0.0	566904	2494.352589965564	1.2
140468.57383944382	1200	53.539096142518915	0.0	641452	3601.8772234700423	1.2
140471.78956871617	1200	54.32336687016886	0.0	599477	3215.7292723500573	1.2
140476.85056676232	1850	53.262368824011894	0.0	973972	5060.998046156961	1.2000000000000002
140487.42877297287	1850	46.68416261345544	0.0	958994	10578.206210556451	1.85
140497.661289449	1850	40.45164613734231	0.0	982064	10232.516476113133	1.85
140505.87198729397	1850	36.24094829237965	0.0	830730	8210.697844962666	1.85
140516.69902126936	2850	29.413914316983785	0.0	1364537	10827.03397539586	1.85
140522.31652499153	750	27.796410594801028	0.0	450283	5617.503722182755	0.75
140526.77964456877	750	27.3332910175683	0.0	398865	4463.119577232732	0.75
140535.16575629733	750	22.947179289030583	0.0	350812	8386.111728537715	0.75
140538.379726242	300	23.733209344336682	0.0	155432	3213.9699446939017	-0.15000000000000002
140539.87491673592	300	26.238018850436255	0.0	163442	1495.190493900428	0.3
140540.8443860398	300	29.268549546554105	0.0	126289	969.469303882148	0.3
140541.96914838583	300	32.143787200519725	0.0	153295	1124.7623460343812	0.3
140543.52433698345	300	34.588598602903616	0.0	173849	1555.1885976161059	0.3
140544.56695812676	300	37.54597745959597	0.0	150710	1042.6211433076442	0.3
140547.0951797611	750	39.017755825273305	0.0	362795	2528.2216343226614	0.3
140549.38153132913	750	40.731404257237905	0.0	353220	2286.3515680354058	0.75
140551.58448549674	750	42.52845008963529	0.0	405134	2202.9541676026156	0.75
140553.59141568022	750	44.521519906145585	0.0	386351	2006.9301834897044	0.75
140557.11140373736	1200	45.00153184900899	0.0	687371	3519.988057136596	0.75
140559.23474938303	1200	46.8781862033289	0.0	526950	2123.345645680094	1.2
140561.72589752232	1200	48.387038064027465	0.0	587876	2491.1481393014305	1.2
140564.84609618253	1200	49.266839403832776	0.0	617242	3120.1986601946933	1.2
140572.93858682428	1200	45.17434876208162	0.0	581493	8092.490641751153	1.2
140578.72451396144	1200	43.38842162492818	0.0	639204	5785.927137153446	1.2
140584.48398226095	1200	41.62895332541711	0.0	586839	5759.468299511062	1.2
140596.40374870584	1200	33.70918688053169	0.0	601738	11919.766444885416	1.2
140608.0812393131	1200	26.031696273276836	0.0	616206	11677.490607254855	1.2
140614.38110717537	750	23.73182841099119	0.0	401853	6299.867862285647	0.3
140615.3275990129	300	26.785336573452476	0.0	137654	946.4918375387152	-0.15000000000000002
140616.1996716093	300	29.913263977055724	0.0	146754	872.0725963967483	0.3
140617.1572603931	300	32.95567519325635	0.0	153938	957.5887837993738	0.3
140617.98606240845	300	36.12687317792283	0.0	181901	828.802015333517	0.3
140619.11983640626	750	38.993099180097964	0.0	277716	1133.7739978248717	0.3
140621.00973942518	1200	41.10319616116546	0.0	622896	1889.9030189325033	0.75
140622.89534065174	1200	43.21759493460131	0.0	641447	1885.6012265641502	1.2
140624.27924227234	1200	45.83369331401439	0.0	570392	1383.901620586918	1.2
140626.1999426165	1850	47.91299296984754	0.0	954453	1920.7003441668514	1.2000000000000002
140631.51023760653	2850	46.60269797984559	0.0	1358081	5310.294990001953	1.85
140635.7895844333	2850	46.32335115306244	0.0	1587293	4279.34682678315	2.85
140639.1026169098	2850	47.010318676591986	0.0	1492672	3313.0324764704496	2.85
140642.59089607344	2850	47.5220395129706	0.0	1439896	3488.2791636213888	2.85
140645.4986538234	2850	48.614281763005735	0.0	1139291	2907.75774996487	2.85
140649.23945827043	2850	48.87347731598758	0.0	1499009	3740.804447018157	2.85
140658.13920936314	2850	43.97372622327468	0.0	1427478	8899.751092712895	2.85
140676.27668892048	2850	29.83624666594001	0.0	1402287	18137.47955733467	2.85
140685.06391186116	1850	25.04902372525784	0.0	858450	8787.222940682168	0.8500000000000001
140687.58037452577	750	26.53256106061241	0.0	384505	2516.4626646454317	-0.3500000000000001
140690.29673771968	750	27.816197866701362	0.0	372093	2716.3631939110483	0.75
140694.04030231026	750	28.07263327613951	0.0	438281	3743.5645905618494	0.75
140698.54199222708	750	27.57094335931972	0.0	398987	4501.689916819789	0.75
140702.04845557146	750	28.064480014914857	0.0	393804	3506.463344404862	0.75
140706.70483943503	1200	27.40809615135816	0.0	538612	4656.383863556702	0.75
140718.42338094805	2850	19.68955463837592	0.0	1364537	11718.541512982236	1.2000000000000002
140726.78093357518	750	15.33200201124077	0.0	450283	8357.552627135152	0.75
140729.08787147378	300	17.02506411264192	0.0	155580	2306.9378985988483	-0.15000000000000002
140730.26118544562	300	19.85175014082418	0.0	139857	1173.313971817739	0.3
140731.40464000285	300	22.708295583581748	0.0	155432	1143.4545572424315	0.3
140732.55049067448	300	25.56244491195369	0.0	163442	1145.850671628056	0.3
140733.42652405842	300	28.68641152797955	0.0	126289	876.0333839741396	0.3
140734.46413143983	300	31.64880414657321	0.0	153295	1037.607381406341	0.3
140737.6937948358	750	32.4191407505905	0.0	437162	3229.6633959827086	0.3
140740.2419617262	750	33.87097386020076	0.0	374758	2548.166890389736	0.75
140743.11531519872	750	34.99762038768342	0.0	362795	2873.353472517345	0.75
140752.21049825408	750	29.90243733231986	0.0	353220	9095.18305536356	0.75
140757.5856465481	750	28.527289038320237	0.0	405134	5375.148293999623	0.75
140760.22596159423	750	29.886973992193216	0.0	386351	2640.3150461270207	0.75
140762.27633805558	750	31.83659753084487	0.0	434409	2050.376461348347	0.75
140763.84320453263	750	34.2697310538093	0.0	337059	1566.8664770355663	0.75
140765.36466438405	750	36.748271202389574	0.0	366214	1521.4598514197255	0.75
140767.0675055822	750	39.04543000422176	0.0	360831	1702.8411981678175	0.75
140768.61579815997	750	41.49713742646647	0.0	372963	1548.2925777552903	0.75
140770.92933702056	1200	43.18359856586901	0.0	639204	2313.5388605974576	0.75
140773.7270228653	1850	44.38591272113348	0.0	923755	2797.6858447355353	1.2000000000000002
140776.44606015575	1850	45.66687543068353	0.0	891604	2719.037290449947	1.85
140779.5225037347	1850	46.59043185172234	0.0	955231	3076.443578961187	1.85
140783.07354576167	1850	47.03938982476646	0.0	968026	3551.0420269558826	1.85
140785.80990023955	1850	48.3030353468846	0.0	874175	2736.354477881865	1.85
140790.09761929512	1850	48.0153162913146	0.0	897976	4287.719055569998	1.85
140795.29988170834	1850	46.813053878078286	0.0	905935	5202.262413236315	1.85
140800.0282895664	1850	46.08464602003958	0.0	1076599	4728.407858038709	1.85
140805.42621498232	1850	44.68672060411885	0.0	758197	5397.925415920734	1.85
140818.29288183572	1850	35.82005375073284	0.0	972798	12866.66685338601	1.85
140822.67738570704	1200	35.4355498794175	0.0	641447	4384.503871315343	0.5499999999999999

