1.9174375092063	750	4.0	1.9174375092063	450283	1917.4375092063	-7.4949812895870895
2.4806527106488176	300	7.436784798557483	0.0	155580	563.2152014425174	-0.15000000000000002
3.014978898558569	300	10.90245861064773	0.0	139857	534.3261879097516	0.3
3.620819895797373	300	14.296617613408927	0.0	155432	605.840997238804	0.3
4.274497503398172	300	17.64294000580813	0.0	163442	653.6776076007985	0.3
4.897533625989529	300	21.019903883216774	0.0	126289	623.0361225913565	0.3
5.680731460269244	300	24.23670604893706	0.0	153295	783.1978342797154	0.3
6.410293344694109	300	27.507144164512194	0.0	173849	729.5618844248645	0.3
7.062664754471899	300	30.854772754734405	0.0	150710	652.3714097777905	0.3
7.67940252720265	300	34.23803498200365	0.0	139105	616.7377727307514	0.3
8.258002448503829	300	37.65943506070248	0.0	141840	578.5999213011779	0.3
9.709604830188193	750	40.20783267901811	0.0	405134	1451.602381684364	0.3
11.227643635611505	750	42.689793873594795	0.0	386351	1518.0388054233117	0.75
12.810283763473276	750	45.10715374573303	0.0	434409	1582.6401278617698	0.75
14.06019250996327	750	47.857244999243036	0.0	337059	1249.9087464899942	0.75
15.388763656714865	750	50.52867385249144	0.0	366214	1328.5711467515937	0.75
17.058110132472148	750	52.85932737673415	0.0	360831	1669.3464757572842	0.75
18.275511868953103	750	55.6419256402532	0.0	372963	1217.4017364809554	0.75
19.998879583693757	1200	57.91855792551255	0.0	639204	1723.3677147406509	0.75
22.317025796409208	1200	59.6004117127971	0.0	586839	1818.146212715451	1.2
24.794966736895937	1200	59.84495414075833	0.0	601738	2255.457572038762	1.2
27.184669453747834	1200	59.70634446655637	0.0	616206	2138.6096742019627	1.2
30.774696431953146	1200	59.982377498778675	0.0	656471	2723.9669677776915	1.2
34.06098614322212	1200	59.976262648358	0.0	536667	2506.1148504206712	1.2
37.864169388820855	1200	59.66525845598278	0.0	587236	2811.004192375219	1.2
41.27598564967377	1200	59.64043985216808	0.0	590335	2524.8186038147005	1.2
45.00112075575051	1200	59.91530474609134	0.0	696376	3225.1351060767392	1.2
48.04662403748586	1200	59.84411948678114	0.0	487160	2571.1852593102	1.2
51.5305857193234	1200	59.78929765707495	0.0	622896	3054.821829706189	1.2
54.71147412451739	1200	59.603423380543624	0.0	641447	2685.874276531324	1.2
57.547541837103964	1200	59.632896588581666	0.0	570392	2470.526791961956	1.2
60.55920141576649	1200	59.94483725956272	0.0	620283	2188.0593290189504	1.2
62.54530761747182	1200	59.528584283531835	0.0	584349	1916.252976030881	1.2
65.54198589031213	1200	59.764671759948904	0.0	670129	2263.912523582928	1.2
69.06902865612248	1200	59.557533251672425	0.0	690253	2707.1385082764796	1.2
72.0484761969585	1200	59.67276161002134	0.0	598727	2384.771641651083	1.2
73.5360358753351	1200	59.89681972042551	0.0	487812	1275.9418895958268	1.2
75.62093887319608	1200	59.65567711588542	0.0	575591	1741.1426045400974	1.2
78.516722428323	1200	59.58416553498239	0.0	605884	2571.5115809030262	1.2
82.09985166425575	1200	59.90473690412796	0.0	587506	2679.4286308544306	1.2
85.29431291021427	1200	59.70885658368787	0.0	566904	2195.880320440092	1.2
88.57683305592327	1200	59.50288697359258	0.0	641452	3205.9696100952856	1.2
92.20978487007316	1200	59.67918633432449	0.0	599477	2823.700639268094	1.2
95.44331282626608	1200	59.90254794366895	0.0	634861	2776.6383906555443	1.2
99.21429081891608	1200	59.94050373011263	0.0	630203	3462.04421355632	1.2
104.9721585584594	1850	58.18263599056932	0.0	982064	5757.867739543313	1.2000000000000002
113.14250385210588	1850	54.01229069692285	0.0	830730	8170.345293646468	1.85
139.47586482697142	2850	31.678929722057315	0.0	1364537	26333.360974865533	1.85
144.61927346865008	750	30.535521080378626	0.0	450283	5143.408641678691	0.75
146.10331903788736	300	33.05147551114137	0.0	155580	1484.0455692372582	-0.15000000000000002
147.34839362229795	300	35.80640092673079	0.0	139857	1245.0745844105877	0.3
148.757124031111	300	38.3976705179177	0.0	155432	1408.7304088130832	0.3
149.99979302016067	300	41.155001528868056	0.0	163442	1242.6689890496423	0.3
151.35408931305744	300	43.800705235971265	0.0	126289	1354.2962928968002	0.3
152.8630647548843	300	46.291729794144395	0.0	153295	1508.9754418268674	0.3
154.4304165669209	300	48.724377982107804	0.0	173849	1567.3518120365939	0.3
156.50799526758897	300	50.64679928143976	0.0	150710	2077.5787006680503	0.3
158.57352661830083	300	52.58126793072789	0.0	139105	2065.531350711869	0.3
160.60897645613605	300	54.54581809289267	0.0	141840	2035.4498378352232	0.3
163.84612096388366	300	55.30867358514503	0.0	156148	3237.144507747639	0.3
167.59340059106273	300	55.56139395796598	0.0	160746	3747.2796271790435	0.3
172.91762841214518	300	54.23716613688353	0.0	179801	5324.2278210824525	0.3
178.02270566267154	300	53.132088886357174	0.0	140051	5105.077250526357	0.3
183.0547946311016	300	52.09999991792712	0.0	138313	5032.0889684300555	0.3
187.65159420475445	300	51.503200344274255	0.0	143509	4596.799573652865	0.3
188.3847716476824	300	54.77002290134628	0.0	150616	733.177442927975	0.3
188.81529323760623	300	58.33950131142247	0.0	165384	430.52158992381635	0.3
190.04440730156892	300	59.96091237833306	0.0	140881	378.58893308939906	0.3
190.55138795752632	300	59.57718461579102	0.0	157671	383.7277625420495	0.3
194.47351224887024	300	59.655060324447085	0.0	157812	3422.1242913439364	0.3
195.84979453373174	750	59.736107774395954	0.0	401853	918.9525500511314	0.3
197.10308194812742	750	59.528128934603295	0.0	343800	707.9788397926591	0.75
198.34798361921932	750	59.59833238635887	0.0	359903	929.7965482444291	0.75
200.00488789670993	750	59.8809328090373	0.0	379700	717.3995773215704	0.75
200.98118889729355	750	59.55403465882999	0.0	425781	826.8981502072984	0.75
202.79957473235464	1200	59.664043166487616	0.0	487160	889.9914923423804	0.75
204.74491763263362	1200	59.566068887707495	0.0	622896	1097.974278780124	1.2
207.09962703431208	1850	59.981898497617664	0.0	975811	2084.1703900898265	1.2000000000000002
208.90011946409524	1850	59.86692178852043	0.0	873429	1614.976709097237	1.85
210.85828336436157	1850	59.915097698730214	0.0	954453	1951.8240897902112	1.85
212.53936951181691	1850	59.753724530240596	0.0	885062	1661.3731684896193	1.85
215.3497950536916	1850	59.79886824878613	0.0	1035329	1954.8562814544666	1.85
218.1791482493612	1850	59.76947628116141	0.0	1026056	2029.3919676247165	1.85
220.73686684505375	1850	59.54709759733759	0.0	943942	1722.3786838238261	1.85
222.6131441072869	1850	59.98162892215539	0.0	728962	1565.4686751821996	1.85
224.99719755535892	1850	59.616006491644825	0.0	938587	1865.6224305105645	1.85
227.2571871096596	1850	59.69972722327521	0.0	908665	1916.2792683696157	1.85
229.53443152367393	1850	59.68296015923359	0.0	930577	2016.7670640416184	1.85
232.0667455427494	1850	59.99654182468222	0.0	858450	1686.4183345513713	1.85
234.10639897890718	1850	59.565162948865385	0.0	1025005	1931.3788758168293	1.85
236.54941689685177	1850	59.85229127006355	0.0	886255	1712.8716788018353	1.85
239.2684971238502	1850	59.81332427613568	0.0	973972	2038.9669939278654	1.85
241.70165362728002	1850	59.8578026409561	0.0	958994	1955.5216351795818	1.85
246.44637119235338	4300	59.11308507588276	0.0	2246506	4744.717565073341	1.8499999999999996
250.237222120283	4300	59.32223414795314	0.0	1961140	3790.8509279296163	4.3
254.46632452174794	4300	59.093131746488204	0.0	2155012	4229.102401464939	4.3
255.48010439389577	750	59.735894691773346	0.0	450283	857.2370547148531	0.75
256.79783008807374	1200	59.609803253400834	0.0	611087	1126.0914383725187	0.75
258.0494322942072	1200	59.530319278236874	0.0	571051	1079.4839751639624	1.2
260.51090212998497	1850	59.80214347583266	0.0	933276	1728.1758024042108	1.2000000000000002
263.0100169699223	1850	59.87373307255085	0.0	996749	1928.4104032818052	1.85
265.42806077756114	1850	59.650563387059165	0.0	801058	1723.1696854916875	1.85
267.9349540252293	1850	59.69855382429869	0.0	905515	1952.0095627604658	1.85
270.53495447491014	1850	59.82599544191208	0.0	1060487	2372.5583823866214	1.85
272.5830344641549	1850	59.86667648093683	0.0	852833	1959.3189609752412	1.85
274.7311966530111	1850	59.531475900643436	0.0	913888	1835.2005802934016	1.85
277.44416891154145	1850	59.531470575659704	0.0	939819	2500.005324983729	1.85
280.482526762609	1850	59.81927511689922	0.0	917428	2212.195458760482	1.85
283.5199725822043	1850	59.91363340325509	0.0	946851	2405.641713644133	1.85
286.8304672789863	1850	59.74378810783964	0.0	1036454	2669.8452954154523	1.85
289.2174737148387	1850	59.77110959059672	0.0	821631	1972.6785172429138	1.85
292.5167635914614	1850	59.753628611590166	0.0	923170	3017.4809790065574	1.85
296.35278321765765	1850	59.67152324730012	0.0	966699	3582.1053642900474	1.85
300.88337419335244	1850	59.14093227160538	0.0	885714	4530.590975694741	1.85
305.53822062560283	1850	58.486085839354985	0.0	987708	4654.8464322503905	1.85
308.0896437987497	1200	59.51555008770719	0.0	586839	2470.535751647794	0.5499999999999999
311.4856343641879	1200	59.81249851573767	0.0	601738	2703.051571969521	1.2
314.45890800321683	1200	59.612331192957534	0.0	616206	2200.167322780134	1.2
317.380011201089	1200	59.853332752145846	0.0	656471	2758.998440811686	1.2
319.8049637838315	1200	59.66740883930484	0.0	536667	2185.9239128410063	1.2
321.87103820843146	1200	59.70788596195562	0.0	587236	1959.5228773492308	1.2
324.65585744265724	1200	59.81975211846811	0.0	590335	1888.1338434875076	1.2
326.97978537945966	1200	59.55513084543598	0.0	696376	2264.6212730321276	1.2
329.10675203788713	1200	59.68680084810743	0.0	487160	1368.3299973285573	1.2
331.7573808393653	1200	59.6858047779178	0.0	622896	2000.9960701896266	1.2
334.43252158488	1200	59.60755077080471	0.0	641447	2078.2540071130943	1.2
336.18430250195166	1200	59.98060368146972	0.0	570392	1626.9470893349906	1.2
338.45470769521387	1200	59.55881799870691	0.0	620283	1921.785682762808	1.2
340.55599244538786	1200	59.890485378869585	0.0	584349	1168.3326198373231	1.2
342.29651916990446	1200	59.68319808177967	0.0	670129	1707.2872970899086	1.2
345.713782809155	1850	59.67618597586774	0.0	1026056	2507.012105911931	1.2000000000000002
348.4427451109728	1850	59.70183059162817	0.0	943942	1974.3553842395615	1.85
350.69608814662337	1850	59.896962532591985	0.0	728962	1804.8680590361905	1.85

