8602.677786469323	750	4.0	1.3264856678000625	450283	1326.4856678000624	-4.953888371540269
8603.272393762114	300	7.405392707209327	0.0	155580	594.6072927906732	-0.15000000000000002
8603.98061710283	300	10.697169366492467	0.0	139857	708.22334071686	0.3
8604.991359188083	300	13.686427281238334	0.0	155432	1010.7420852541342	0.3
8605.967017237454	300	16.710769231869833	0.0	163442	975.6580493685017	0.3
8606.554744751373	300	20.123041717948684	0.0	126289	587.7275139211513	0.3
8607.247592203757	300	23.430194265565078	0.0	153295	692.8474523836055	0.3
8608.00925316526	300	26.668533304062148	0.0	173849	761.6609615029314	0.3
8608.638656178675	300	30.03913029064593	0.0	150710	629.4030134162196	0.3
8609.18829875447	300	33.48948771485031	0.0	139105	549.6425757956173	0.3
8609.735739256115	300	36.94204721320579	0.0	141840	547.4405016445253	0.3
8610.251402087119	300	40.42638438220284	0.0	156148	515.6628310029515	0.3
8611.26538042742	750	43.41240604190048	0.0	386351	1013.9783403023579	0.3
8612.338583649926	750	46.339202819395254	0.0	434409	1073.2032225052258	0.75
8614.035611090401	1200	48.64217537891919	0.0	526950	1697.0274404760619	0.75
8615.31674007286	1200	51.36104639646114	0.0	587876	1281.1289824580551	1.2
8617.271180175683	1200	53.40660629363881	0.0	617242	1954.4401028223283	1.2
8618.950094128173	1200	55.727692341147815	0.0	581493	1678.913952491001	1.2
8620.796210812246	1200	57.88157565707366	0.0	639204	1846.1166840741505	1.2
8622.950812768278	1200	59.72697370104098	0.0	586839	2154.6019560326795	1.2
8625.693158181452	1200	59.65505697783346	0.0	601738	2071.916723207518	1.2
8627.652097123282	1200	59.83130185190161	0.0	616206	1823.7551259318586	1.2
8629.558790960587	1200	59.615546841198025	0.0	656471	1715.7550107035786	1.2
8631.83294558464	1200	59.91893894247239	0.0	536667	1696.607898725639	1.2
8635.568328124029	1200	59.53552103544198	0.0	587236	2883.417907030403	1.2
8638.353791017742	1200	59.51827190476515	0.0	590335	2017.2491306768343	1.2
8641.082315779664	1200	59.733616405322024	0.0	696376	2284.6554994431194	1.2
8643.363267139704	1200	59.89507535654035	0.0	487160	1338.5410487816798	1.2
8645.951804846025	1200	59.75751165901109	0.0	622896	1637.5636975292643	1.2
8648.375860299133	1200	59.65997093685139	0.0	641447	1597.5407221596956	1.2
8650.51720561765	1200	59.943055643066074	0.0	570392	1716.9152937853175	1.2
8652.846817850472	1200	59.649964539021745	0.0	620283	1793.0911040443236	1.2
8654.682354196411	1200	59.65495693044218	0.0	584349	1495.0076085795672	1.2
8657.368982865159	1850	59.562406964747446	0.0	1035329	2592.549965694739	1.2000000000000002
8660.304494936809	1850	59.74719028044888	0.0	1026056	2315.21668429856	1.85
8662.975501790048	1850	59.50033454750484	0.0	943942	2246.855732944042	1.85
8665.886682617183	1850	59.96131969408432	0.0	728962	2039.0148534205186	1.85
8667.721905659322	1850	59.6822911598729	0.0	938587	1779.0285342114257	1.85
8670.750343253729	1850	59.580669616633685	0.0	908665	2101.621543239214	1.85
8672.894803604715	1850	59.98184746672446	0.0	930577	2098.8221499092265	1.85
8675.65659287594	1850	59.6942719316499	0.0	858450	1787.5755350745596	1.85
8678.4610666006	1850	59.69864193739452	0.0	1025005	1995.6299942553835	1.85
8680.885479163848	1850	59.841357520972984	0.0	886255	1857.284416421536	1.85
8683.698956078772	1850	59.86068313692534	0.0	973972	2480.674384047639	1.85
8687.36244668787	2850	59.6203390978136	0.0	1464921	3240.344039111743	1.85
8693.5961996214	2850	57.38658616428283	0.0	1483527	6233.75293353077	2.85
8702.363540969902	4300	52.61924481578049	0.0	1961140	8767.341348502345	2.8499999999999996
8713.059562507011	4300	45.92322327867206	0.0	2155012	10696.021537108427	4.3
8716.362943710115	750	46.61984207556842	0.0	450283	3303.3812031036396	0.75
8718.87581493168	750	48.106970854004295	0.0	398865	2512.871221564125	0.75
8720.946042566224	750	50.03674321946118	0.0	350812	2070.22763454311	0.75
8722.994201298878	750	51.98858448680729	0.0	382355	2048.1587326538925	0.75
8725.3370054477	750	53.64578033798492	0.0	411561	2342.804148822375	0.75
8727.033947380662	750	55.94883840502443	0.0	318564	1696.941932960478	0.75
8728.852031202578	750	58.13075458310929	0.0	352642	1818.0838219151485	0.75
8731.299965722123	750	59.68282006356289	0.0	437162	2447.9345195463907	0.75
8733.779733341997	750	59.62876905574399	0.0	374758	2054.05100781891	0.75
8736.03552004906	750	59.5737340082409	0.0	362795	2055.0350475030846	0.75
8739.09208963608	750	59.54682504450977	0.0	353220	2026.908963731136	0.75
8741.370110094538	750	59.66264512692603	0.0	405134	1884.179917583738	0.75
8744.851766985299	1200	59.768736951982085	0.0	624282	3393.908174943942	0.75
8749.860674330443	1200	58.75982960683759	0.0	687371	5008.907345144495	1.2
8752.623417044335	1200	59.99708689294688	0.0	526950	2762.7427138907083	1.2
8755.891615013796	1200	59.62068729564237	0.0	587876	2876.399597304517	1.2
8759.315660434593	1200	59.78106377132229	0.0	617242	3339.623524320078	1.2
8762.659549797097	1200	59.53683003830909	0.0	581493	3244.233733013199	1.2
8766.150606546515	1200	59.76012947834687	0.0	639204	2776.700559962218	1.2
8768.44193268379	1200	59.9926445044354	0.0	586839	2267.4849739114748	1.2
8771.917383734915	1200	59.96683956055495	0.0	601738	2525.8049438804414	1.2
8775.540604274463	1200	59.82505234440424	0.0	616206	2641.787216150714	1.2
8778.17289210007	1200	59.95412509329864	0.0	656471	1870.9272511055985	1.2
8780.864533691907	1200	59.93448458463074	0.0	536667	2019.6405086679063	1.2
8784.055861354504	1200	59.60032129491713	0.0	587236	2334.1632897136055	1.2
8787.2103596462	1200	59.6461543355104	0.0	590335	2454.1669594067275	1.2
8790.090677843358	1200	59.992160903077014	0.0	696376	2653.993432433386	1.2
8791.857456995553	1200	59.846433709342016	0.0	487160	1645.7271937349951	1.2
8794.382316733392	1200	59.72452981965142	0.0	622896	1621.9038896906022	1.2
8798.16433190259	1200	59.94251465045358	0.0	641447	3282.015169197841	1.2
8801.666546735023	1200	59.68389274291053	0.0	570392	2758.621907543048	1.2
8805.495656628276	1200	59.85478284965625	0.0	620283	2829.1098932542836	1.2
8808.90716631851	1200	59.95587941361173	0.0	584349	3398.9034360445135	1.2
8812.770498361004	1200	59.715516519457665	0.0	670129	3740.362894154073	1.2
8816.51282851763	1200	59.97318636283118	0.0	690253	3742.3301566264868	1.2
8822.762222688925	1200	57.72379219153688	0.0	598727	6249.394171294299	1.2
8826.529583190984	750	57.95643168947596	0.0	321064	3767.36050206092	0.3
8831.551573286393	750	56.93444159406642	0.0	361565	5021.990095409539	0.75
8839.264645163244	750	53.22136971721715	0.0	378327	7713.07187684927	0.75
8843.325788009211	300	53.1602268712502	0.0	149991	4061.142845966947	-0.15000000000000002
8849.1236246495	300	51.36239023096265	0.0	147968	5797.836640287553	0.3
8855.819170472425	300	48.666844408036425	0.0	161857	6695.545822926221	0.3
8860.93425560491	300	47.5517592755513	0.0	145210	5115.085132485133	0.3
8865.907101081473	300	46.578913798986875	0.0	172312	4972.845476564424	0.3
8868.878959542973	300	47.60705533748678	0.0	167025	2971.858461500104	0.3
8874.238942814012	300	46.24707206644588	0.0	160064	5359.983271040895	0.3
8878.512383008085	300	45.97363187237325	0.0	137507	4273.440194072633	0.3
8883.494118992397	750	44.99189588806073	0.0	314107	4981.735984312519	0.3
8896.210265483127	750	36.27574939733145	0.0	450283	12716.146490729274	0.75
8901.757474148704	300	34.72854073175373	0.0	155580	5547.208665577726	-0.15000000000000002
8904.6369269766	300	35.849087903857274	0.0	139857	2879.452827896454	0.3
8908.573820315618	300	35.912194564839666	0.0	155432	3936.8933390176103	0.3
8910.588949307796	300	37.89706557266293	0.0	163442	2015.1289921767313	0.3
8912.41744540422	300	40.068569476238935	0.0	126289	1828.4960964240051	0.3
8916.80195131637	300	39.68406356408763	0.0	153295	4384.505912151304	0.3

