9454.40876248635	750	4.0	1.7642452313647095	450283	1764.2452313647095	-6.836254494868251
9455.888021068544	750	6.520741417806718	0.0	398865	1479.2585821932819	0.75
9458.14143018117	1200	8.267332305180895	0.0	571051	2253.4091126258227	0.75
9460.54059351856	1200	9.868168967789654	0.0	617681	2399.16333739124	1.2
9464.197296197075	1850	10.211466289275293	0.0	996749	3656.7026785143603	1.2000000000000002
9467.503755636026	1850	10.905006850324689	0.0	801058	3306.4594389506037	1.85
9471.151044464823	1850	11.257718021527094	0.0	905515	3647.2888287975966	1.85
9475.212291671287	1850	11.1964708150628	0.0	1060487	4061.2472064642943	1.85
9478.219073197182	1850	12.189689289167616	0.0	852833	3006.781525895183	1.85
9483.72480187396	2850	10.68396061239068	0.0	1429765	5505.7286767769365	1.85
9488.710932469527	2850	9.697830016823657	0.0	1354548	4986.130595567022	2.85
9494.199310822345	2850	8.209451664004538	0.0	1519951	5488.378352819118	2.85
9499.310576579497	2850	7.098185906852978	0.0	1422919	5111.265757151561	2.85
9505.100622518143	2850	5.308139968205788	0.0	1578343	5790.045938647189	2.85
9508.282376675665	1850	6.126385810683469	0.0	821631	3181.75415752232	0.8500000000000001
9512.971634788903	1850	5.437127697447264	0.0	923170	4689.258113236205	1.85
9516.967296579216	1850	5.441465907133501	0.0	966699	3995.6617903137635	1.85
9519.907403680581	1850	6.501358805767029	0.0	885714	2940.1071013664723	1.85
9523.240560912285	1850	7.168201574064383	0.0	987708	3333.1572317026444	1.85
9526.436473315733	1850	7.972289170617664	0.0	923755	3195.9124034467195	1.85
9529.75557166086	1850	8.653190825489895	0.0	891604	3319.098345127769	1.85
9533.00884405299	1850	9.39991843335918	0.0	955231	3253.272392130717	1.85
9538.39659412714	2850	8.012168359211067	0.0	1505760	5387.750074148112	1.85
9544.033674315257	2850	6.375088171093816	0.0	1323990	5637.08018811725	2.85
9549.388583302194	2850	5.0201791841562065	0.0	1383735	5354.90898693761	2.85
9552.901395791632	1850	5.507366694716702	0.0	905935	3512.8124894395046	0.8500000000000001
9557.466387196098	1850	4.942375290252997	0.0	1076599	4564.991404463705	1.85
9560.744860546498	1850	5.663901939853751	0.0	758197	3278.473350399245	1.85
9564.770294312588	1850	5.638468173763511	0.0	972798	4025.43376609024	1.85
9568.998319496806	1850	5.410442989544095	0.0	975811	4228.025184219416	1.85
9574.399818829474	1850	4.008943656876793	0.0	873429	5401.499332667302	1.85
9577.182237631983	1200	5.226524854365049	0.0	620283	2782.4188025117437	0.5499999999999999
9579.60871406278	1200	6.800048423568476	0.0	584349	2426.4764307965743	1.2
9583.950060524248	1850	6.458701962101432	0.0	1035329	4341.346461467044	1.2000000000000002
9588.203596421128	1850	6.205166065221037	0.0	1026056	4253.535896880395	1.85
9592.305522141694	1850	6.1032403446536305	0.0	943942	4101.925720567406	1.85
9595.674194807974	1850	6.7345676783740895	0.0	728962	3368.6726662795418	1.85
9600.786135719985	1850	5.622626766364822	0.0	938587	5111.940912009268	1.85
9605.052258807847	1850	5.356503678502004	0.0	908665	4266.123087862818	1.85
9609.560313828337	1850	4.848448658012563	0.0	930577	4508.055020489441	1.85
9613.469630902297	1200	4.939131584052058	0.0	566904	3909.317073960505	0.5499999999999999
9619.099779531129	1200	4.0	0.6910170447813334	641452	5630.148628833392	-1.7713732925597336
9623.630365592551	1200	4.0	0.5305860614214125	599477	4530.5860614214125	-1.081520064112074
9627.630958499169	750	4.0	0.0005929066190665253	438281	4000.5929066190665	0.29745050153801394
9631.580119892244	750	4.050838606925465	0.0	398987	3949.1613930745348	0.75
9636.16727026336	750	4.0	0.5363117641928298	393804	4587.150371118295	-1.556140586029168
9640.764109279871	750	4.0	0.5968390165105611	331053	4596.839016510561	-1.8164077709954127
9642.306581849065	750	6.4575274308063655	0.0	314107	1542.4725691936346	0.75
9644.407239207832	750	8.356870072039438	0.0	450283	2100.6573587669263	0.75
9646.483430754606	750	10.280678525265971	0.0	398865	2076.191546773468	0.75
9649.276528481027	1200	11.487580798845425	0.0	571051	2793.097726420546	0.75
9652.525352102828	1200	12.238757177044462	0.0	617681	3248.8236218009624	1.2
9657.720734460154	1850	11.043374819717778	0.0	996749	5195.3823573266845	1.2000000000000002
9664.939939636917	1850	7.824169642953685	0.0	801058	7219.205176764092	1.85
9682.307624161005	1850	4.0	9.543514881134117	905515	17367.684524087803	-39.187113988876696
9690.874480008455	750	4.0	4.566855847450101	437162	8566.8558474501	-19.987480144035434
9693.161419014294	300	5.713060994161106	0.0	150710	2286.939005838895	-0.15000000000000002
9695.102676497414	300	7.771803511039169	0.0	139105	1941.2574831219363	0.3
9697.077682451929	300	9.796797556525945	0.0	141840	1975.005954513223	0.3
9699.742546021485	300	11.131933986967354	0.0	156148	2664.863569558591	0.3
9702.875999012975	300	11.998480995478904	0.0	160746	3133.452991488452	0.3
9705.574420861893	300	13.300059146561487	0.0	179801	2698.421848917417	0.3
9707.520749983392	300	15.353730025060333	0.0	140051	1946.3291215011534	0.3
9711.813924798584	750	15.060555209870149	0.0	366214	4293.174815190184	0.3
9713.703806405827	750	17.170673602625918	0.0	360831	1889.8816072442303	0.75
9715.470886837249	750	19.40359317120417	0.0	372963	1767.080431421747	0.75
9717.652414848237	750	21.22206516021749	0.0	405596	2181.528010986679	0.75
9723.09689264348	1200	19.777587364973698	0.0	586839	5444.477795243796	0.75
9733.33761420737	1850	13.536865801083541	0.0	891604	10240.721563890156	1.2000000000000002
9739.628763752324	1850	11.24571625612868	0.0	955231	6291.14954495486	1.85
9746.588367715949	1850	8.286112292504875	0.0	968026	6959.603963623806	1.85
9757.833319923548	1200	4.0	2.958839915093713	536667	11244.952207598588	-12.173011634902966
9759.427417946092	300	6.40590197745803	0.0	146754	1594.0980225419694	-0.6000000000000001
9763.308814878266	750	6.524505045282273	0.0	379700	3881.396932175758	0.3
9767.096122448193	750	6.737197475356449	0.0	425781	3787.3075699258234	0.75
9776.732518879277	750	4.0	2.8991989557261797	277716	9636.396431082629	-11.716555509622571
9778.089261433144	300	6.64325744613052	0.0	153605	1356.74255386948	-0.15000000000000002
9779.273005900492	300	9.459512978784584	0.0	149029	1183.7444673459377	0.3
9780.399907498568	300	12.332611380707108	0.0	157421	1126.901598077474	0.3
9783.170432780944	750	13.562086098330704	0.0	400322	2770.5252823764035	0.3
9785.373624674821	750	15.358894204452533	0.0	369834	2203.1918938781737	0.75
9789.308632116668	1200	15.423886762605738	0.0	670129	3935.0074418467934	0.75
9797.853564176521	1850	10.87895470275334	0.0	1026056	8544.932059852397	1.2000000000000002
9804.352549807894	1850	8.379969071379014	0.0	943942	6498.985631374328	1.85
9809.467203616086	1850	7.265315263187785	0.0	728962	5114.653808191229	1.85
9817.467938854163	1850	4.0	0.7354199748899728	938587	8000.7352380777575	-1.3123058920268829
9820.26178407372	750	5.206154780443231	0.0	378327	2793.84521955677	-0.3500000000000001
9824.316660982213	750	5.151277871950684	0.0	390680	4054.876908492546	0.75
9826.764961184237	750	6.702977669925543	0.0	345516	2448.30020202514	0.75
9828.906015514349	750	8.561923339813632	0.0	384505	2141.054330111913	0.75
9832.938074180145	1200	8.529864674017896	0.0	599477	4032.0586657957365	0.75
9842.096213891391	1200	4.0	0.6282750372273004	634861	9158.139711245196	-1.5015826600773916
9852.165261226131	750	4.0	6.069047334740648	398987	10069.047334740648	-25.796903539384786
9861.033364896724	750	4.0	4.868103670592578	393804	8868.103670592578	-20.182845783548085
9863.889429378054	300	5.1439355186702596	0.0	137507	2856.0644813297404	-0.15000000000000002
9878.499418842168	750	4.0	9.466053945445394	314107	14609.989464115653	-40.40403196541519
9894.80255367858	750	4.0	12.30313483641382	450283	16303.13483641382	-52.153479796579425
9901.14168513373	300	4.0	2.3391314551494635	155580	6339.131455149463	-10.208265257142692
9904.976034327712	300	4.165650806018219	0.0	139857	3834.3491939817814	0.3
9911.482418944852	300	4.0	2.3407338111218086	155432	6506.384617140027	-9.765155387823775
9913.7070108084	300	5.775408136452363	0.0	163442	2224.5918635476373	0.3
9915.00630153849	300	8.47611740636308	0.0	126289	1299.290730089282	0.3
9916.826223115417	300	10.656195829435928	0.0	153295	1819.921576927153	0.3
9918.330781117971	300	13.15163782688104	0.0	173849	1504.5580025548895	0.3
9920.017143831308	300	15.465275113543404	0.0	150710	1686.3627133376342	0.3
9922.24489604694	750	17.237522897913937	0.0	362795	2227.7522156294713	0.3
9926.045590756494	1200	17.436828188357936	0.0	607410	3800.694709555998	0.75
9930.319392715843	1200	17.16302622900843	0.0	594078	4273.801959349504	1.2
9933.697369647314	1200	17.78504929753771	0.0	624282	3377.9769314707237	1.2
9945.93826314265	1850	9.544155802201656	0.0	1036454	12240.893495336053	1.2000000000000002
9955.502840275909	1850	4.0	0.02042133105629182	821631	9564.577133257948	1.7621882764579453
9960.606721298029	750	4.0	1.1038810221191016	366214	5103.8810221191015	-5.096688395112137
9964.357763180826	750	4.248958117203862	0.0	360831	3751.041882796139	0.75
9965.507064051864	300	7.099657246165758	0.0	150616	1149.3008710381037	-0.15000000000000002
9968.994959103222	750	7.611762194809469	0.0	405596	3487.8950513562895	0.3
9972.252441751394	750	8.354279546635684	0.0	350713	3257.4826481737837	0.75
9974.856335538758	750	9.750385759272662	0.0	386472	2603.8937873630225	0.75
9977.762736083441	750	10.843985214590255	0.0	399894	2906.4005446824076	0.75
9980.03134945744	750	12.575371840589677	0.0	401853	2268.613374000579	0.75
9981.793556788367	750	14.813164509663686	0.0	343800	1762.2073309259895	0.75
9985.213957752776	1200	15.392763545255406	0.0	587236	3420.40096440828	0.75
9989.354019980603	1850	15.25270131742615	0.0	905935	4140.062227829256	1.2000000000000002
9996.01131850038	2850	12.595402797650205	0.0	1547572	6657.298519775944	1.85
10004.517584059313	2850	8.08913723871713	0.0	1141971	8506.265558933075	2.85
10008.861914454088	1850	7.744806843942001	0.0	972798	4344.330394775129	0.8500000000000001
10013.473492138299	1850	7.1332291597315205	0.0	975811	4611.577684210481	1.85
10017.18570682421	1850	7.421014473819621	0.0	873429	3712.2146859118993	1.85
10021.18747690393	1850	7.419244394099754	0.0	954453	4001.7700797198677	1.85
10025.331594158095	1850	7.27512713993601	0.0	885062	4144.117254163744	1.85
10032.99256832321	1850	4.0	0.3858470251787248	1035329	7660.974165114734	0.19085779173148332
10039.181882666333	1200	4.0	2.189314343122258	690253	6189.314343122258	-8.86405167542571
10042.389958776763	1200	4.791923889570668	0.0	598727	3208.0761104293315	1.2
10045.278692591603	1200	5.9031900747313335	0.0	487812	2888.733814839335	1.2
10048.834395662068	1200	6.347487004265213	0.0	575591	3555.7030704661206	1.2
10053.781347740096	1200	5.400534926237295	0.0	605884	4946.952078027917	1.2
10058.829185263676	1200	4.352697402656521	0.0	587506	5047.837523580775	1.2
10063.700368589774	750	4.0	0.5184859234407085	345516	4871.183326097229	-1.9294894707950465
10066.908957865091	750	4.791410724682012	0.0	384505	3208.589275317988	0.75
10071.311667659334	750	4.38870093043769	0.0	372093	4402.709794244322	0.75
10077.618291894092	750	4.0	1.9179233043194026	438281	6306.624234757092	-7.497070208573431
10080.365909521717	300	5.252382372373429	0.0	167025	2747.6176276265714	-0.15000000000000002
10089.404953369967	750	4.0	3.786661475876069	393804	9039.043848249497	-15.982644346267094
10090.44115237161	300	6.963800998357444	0.0	137507	1036.1990016425561	-0.15000000000000002
10091.759905092707	750	9.645048277260539	0.0	314107	1318.7527210969042	0.3
10093.627400875183	750	11.777552494784148	0.0	450283	1867.4957824763924	0.75
10096.102868203778	750	13.302085166188954	0.0	398865	2475.4673285951935	0.75
10099.671188209983	1200	13.733765159983617	0.0	571051	3568.320006205337	0.75
10103.369832682873	1850	14.035120687093599	0.0	933276	3698.644472890019	1.2000000000000002
10108.515319724167	2850	12.889633645799663	0.0	1472558	5145.487041293937	1.85
10112.793525779967	2850	12.611427589997772	0.0	1224260	4278.206055801889	2.85
10117.702573781273	2850	11.702379588693805	0.0	1388403	4909.048001303966	2.85
10123.799742110772	2850	9.605211259193366	0.0	1638769	6097.1683295004395	2.85
10128.750698360993	2850	8.654255008973388	0.0	1348011	4950.956250219977	2.85
10133.526338152351	2850	7.878615217614298	0.0	1429765	4775.639791359091	2.85
10138.093513595495	2850	7.311439774469219	0.0	1354548	4567.175443145078	2.85
10144.336948948096	2850	5.068004421868414	0.0	1519951	6243.435352600805	2.85
10147.770384158246	1850	5.634569211718577	0.0	946851	3433.435210149837	0.8500000000000001
10152.49606838405	1850	4.908884985913934	0.0	1036454	4725.684225804644	1.85
10157.733091423255	1850	4.0	0.32813805328857687	821631	5237.0230392025105	0.43900637085911964
10160.68353292757	1200	5.049558495685763	0.0	587876	2950.441504314237	0.5499999999999999
10163.316900979196	1200	6.416190444058848	0.0	617242	2633.368051626915	1.2
10167.02074572884	1850	6.7123456944155455	0.0	885714	3703.8447496433014	1.2000000000000002
10173.929192990907	1850	4.0	0.1961015676522711	987708	6908.447262067817	1.0067632590952345
10177.3154923184	1200	4.613700672508143	0.0	586839	3386.2993274918567	0.5499999999999999
10179.712870594683	1200	6.216322396224126	0.0	601738	2397.378276284017	1.2
10181.752636590094	1200	8.176556400814867	0.0	616206	2039.7659954092594	1.2
10187.846404651425	1850	6.082788339482118	0.0	968026	6093.768061332749	1.2000000000000002
10191.969420324638	1850	5.959772666269294	0.0	874175	4123.0156732128235	1.85
10195.726938255988	1850	6.202254734920216	0.0	897976	3757.5179313490776	1.85
10201.67154195057	1850	4.257651040338342	0.0	905935	5944.603694581874	1.85
10213.574632078125	1850	4.0	7.645439087216903	1076599	11903.090127555244	-31.02538807503268
10216.930700523792	1200	4.643931554334631	0.0	487160	3356.0684456653685	0.5499999999999999
10221.857741628533	1200	4.0	0.2831095504076557	622896	4927.041104742287	-0.01737106675291944
10227.01292646594	750	4.0	1.1551848374074989	400508	5155.184837407499	-4.667294800852245
10230.917380045554	750	4.095546420387906	0.0	358218	3904.453579612094	0.75
10234.352426807316	750	4.66049965862586	0.0	400322	3435.046761762046	0.75
10237.447904211609	750	5.565022254334	0.0	369834	3095.4774042918607	0.75
10239.512793178566	750	7.500133287377195	0.0	412837	2064.8889669568043	0.75
10241.32390406537	750	9.689022400571538	0.0	401088	1811.1108868056565	0.75
10242.906844652445	750	12.106081813496028	0.0	365161	1582.940587075512	0.75
10245.423285252447	1200	13.589641213493211	0.0	487812	2516.440600002818	0.75
10247.718876480889	1200	15.294049985053151	0.0	575591	2295.5912284400597	1.2
10251.267658102284	1850	15.745268363656058	0.0	908665	3548.7816213970927	1.2000000000000002
10257.119915281508	2850	13.893011184433824	0.0	1402287	5852.257179222234	1.85
10262.548042304348	2850	12.46488416159431	0.0	1339500	5428.127022839516	2.85
10267.957380148768	2850	11.055546317173917	0.0	1527299	5409.337844420392	2.85
10274.727728437188	2850	8.285198028753268	0.0	1343002	6770.3482884206505	2.85
10281.669951195294	2850	5.342975270647893	0.0	1587250	6942.222758105375	2.85
10285.097902735795	1850	5.9150237301467135	0.0	958994	3427.95154050118	0.8500000000000001
10289.642270517048	1850	5.370655948895719	0.0	982064	4544.367781250995	1.85
10293.211255627008	1850	5.8016708389342275	0.0	830730	3568.9851099614903	1.85
10301.209640108744	2850	4.0	2.196713642802043	1364537	7998.384481736271	-7.595868664048785
10303.133289360007	750	6.076350748735665	0.0	450283	1923.649251264335	0.75
10306.619505278712	1850	6.59013483002987	0.0	957685	3486.215918705796	0.75
10309.207663651583	1850	8.001976457157946	0.0	877771	2588.1583728719233	1.85
10312.134855914697	1850	9.074784194044085	0.0	933276	2927.192263113862	1.85
10315.810209743924	1850	9.39943036481739	0.0	996749	3675.3538292266953	1.85
10320.573467047687	2850	8.636173061054599	0.0	1224260	4763.257303762792	1.85
10324.701346837193	2850	8.508293271549588	0.0	1388403	4127.87978950501	2.85
10329.117495902163	2850	8.092144206580777	0.0	1638769	4416.149064968811	2.85
10331.985729018352	2850	9.223911090392281	0.0	1348011	2868.2331161884963	2.85
10335.56798071497	2850	9.641659393773804	0.0	1429765	3582.251696618477	2.85
10339.11512640199	2850	10.094513706752428	0.0	1354548	3547.1456870213756	2.85
10342.36474303294	2850	10.844897075803011	0.0	1519951	3249.6166309494174	2.85
10346.847676914143	4300	10.361963194598742	0.0	2209463	4482.933881204269	2.8499999999999996
10353.002779263119	4300	8.206860845624158	0.0	2275376	6155.102348974584	4.3
10357.072498113275	4300	8.137141995467513	0.0	2005399	4069.7188501566457	4.3
10361.127030697342	4300	8.082609411399805	0.0	2152483	4054.532584067709	4.3
10365.637532708011	4300	7.572107400730764	0.0	2289689	4510.50201066904	4.3
10369.693325219658	4300	7.5163148890847875	0.0	2059512	4055.7925116459764	4.3
10373.732060462939	4300	7.47757964580266	0.0	2220726	4038.7352432821276	4.3
10377.262265076199	4300	7.947375032542004	0.0	2156729	3530.2046132606556	4.3
10381.234387601355	4300	7.975252507386591	0.0	2039773	3972.1225251554138	4.3
10385.30932377396	4300	7.900316334782583	0.0	2176469	4074.9361726040083	4.3
10389.434848914185	4300	7.774791194557229	0.0	2221506	4125.525140225354	4.3
10393.322294235239	4300	7.887345873504003	0.0	2044075	3887.4453210532256	4.3
10397.382243118396	4300	7.827396990347413	0.0	2186790	4059.94888315659	4.3
10401.189646749122	4300	8.019993359621065	0.0	2105231	3807.4036307263495	4.3
10405.603308751379	4300	7.606331357365115	0.0	2395588	4413.662002255949	4.3
10409.2549722098	4300	7.954667898943475	0.0	1972048	3651.6634584216404	4.3
10414.287472925478	4300	6.922167183265194	0.0	2134614	5032.500715678281	4.3
10419.18831727323	4300	6.021322835512053	0.0	2164140	4900.844347753141	4.3
10422.85362331061	4300	6.356016798134689	0.0	2113193	3665.3060373773637	4.3
10427.388005013456	4300	5.821635095286042	0.0	2147852	4534.381702848647	4.3
10431.444768924322	4300	5.764871184420718	0.0	2191074	4056.763910865324	4.3
10439.002461096194	4300	4.0	1.7928209874513696	2286761	7557.692171872088	-3.409130246040889

