139070.07549360194	750	4.0	2.1297200497694786	450283	2129.7200497694785	-8.407796214008757
139071.0291806211	300	7.046312980852303	0.0	155580	953.6870191476975	-0.15000000000000002
139072.00518478008	300	10.070308821839483	0.0	139857	976.0041590128205	0.3
139073.11288708105	300	12.962606520874271	0.0	155432	1107.7023009652107	0.3
139074.19355170062	300	15.881941901320028	0.0	163442	1080.6646195542435	0.3
139075.0361957413	300	19.03929786063676	0.0	126289	842.6440406832652	0.3
139076.37377602988	300	21.701717572045318	0.0	153295	1337.5802885914434	0.3
139078.04921583287	300	24.026277769056957	0.0	173849	1675.439802988362	0.3
139079.2342825991	300	26.841211002825478	0.0	150710	1185.0667662314777	0.3
139080.46220209036	300	29.61329151156123	0.0	139105	1227.9194912642488	0.3
139081.60372893134	300	32.471764670577706	0.0	141840	1141.526840983523	0.3
139083.01110648384	300	35.064387118081896	0.0	156148	1407.377552495806	0.3
139084.41773077595	300	37.65776282596704	0.0	160746	1406.6242921148591	0.3
139086.08160837294	300	39.99388522895933	0.0	179801	1663.877597007713	0.3
139087.11960654793	300	42.95588705399362	0.0	140051	1037.9981749657054	0.3
139088.12822552104	300	45.94726808089753	0.0	138313	1008.6189730960888	0.3
139089.50166978085	300	48.57382382106745	0.0	143509	1373.4442598300811	0.3
139090.77152590003	300	51.30396770188411	0.0	150616	1269.8561191833328	0.3
139094.7889899	750	51.28650370193645	0.0	405596	4017.4639999476653	0.3
139097.9341734433	750	52.14132015864613	0.0	350713	3145.1835432903154	0.75
139107.5058258292	750	46.56966777272303	0.0	386472	9571.652385923104	0.75
139116.15472626084	750	41.92076734108305	0.0	399894	8648.900431639982	0.75
139121.1597798273	750	40.91571377459365	0.0	401853	5005.053566489398	0.75
139122.5521101456	300	43.523383456328155	0.0	137654	1392.3303182654959	-0.15000000000000002
139124.14362598772	300	45.93186761422864	0.0	146754	1591.5158420995115	0.3
139126.31254517808	300	47.7629484238583	0.0	153938	2168.9191903703463	0.3
139131.9763779931	750	46.09911560883397	0.0	425781	5663.832815024325	0.3
139137.58110956466	750	44.49438403727108	0.0	277716	5604.73157156289	0.75
139144.92256279732	750	41.152930804633186	0.0	400396	7341.453232637899	0.75
139147.71309877592	300	42.362394826019646	0.0	149029	2790.535978613537	-0.15000000000000002
139150.75968976485	300	43.31580383709327	0.0	157421	3046.5909889263794	0.3
139152.73536043736	300	45.340133164597546	0.0	157488	1975.6706724957241	0.3
139155.31803378736	300	46.757459814581146	0.0	143881	2582.673350016398	0.3
139157.9236673651	300	48.151826236838666	0.0	163444	2605.6335777424806	0.3
139161.03088284135	300	49.044610760593976	0.0	179328	3107.21547624469	0.3
139162.90654304187	300	51.168950560043754	0.0	159914	1875.6602005502207	0.3
139164.35070583486	300	53.72478776705243	0.0	131610	1444.1627929913236	0.3
139165.79953741084	300	56.27595619106668	0.0	124011	1448.8315759857499	0.3
139167.4808173068	300	58.59467629514348	0.0	144254	1681.279895923203	0.3
139171.11926659997	750	58.95622700194709	0.0	390680	3638.4492931963905	0.3
139175.71510812844	750	58.36038547351578	0.0	345516	4595.8415284313105	0.75
139179.89473697523	750	58.180756626729355	0.0	384505	4179.628846786425	0.75
139183.7381886416	750	58.337304960331906	0.0	372093	3843.451666397451	0.75
139188.59733984323	750	57.47815375871344	0.0	438281	4859.151201618471	0.75
139192.26956519825	750	57.805928403671814	0.0	398987	3672.2253550416212	0.75
139198.68309443624	1200	55.392399165661104	0.0	638661	6413.529238010709	0.75
139208.1537226732	1200	49.92177092873729	0.0	538612	9470.628236923822	1.2
139226.81920134043	2850	35.25629226147101	0.0	1364537	18665.478667266278	1.2000000000000002
139231.32651767027	750	34.748975931643244	0.0	450283	4507.3163298277605	0.75
139237.56417322255	750	32.51132037938884	0.0	398865	6237.655552254408	0.75
139239.01812927067	300	35.057364331264964	0.0	139857	1453.9560481238711	-0.15000000000000002
139240.9654662621	300	37.11002733984039	0.0	155432	1947.336991424572	0.3
139242.99350628594	300	39.081987315992464	0.0	163442	2028.040023847933	0.3
139245.48640011656	300	40.58909348535211	0.0	126289	2492.8938306403534	0.3
139247.9155693513	300	42.15992425062798	0.0	153295	2429.1692347241246	0.3
139251.00639568863	300	43.069097913283606	0.0	173849	3090.8263373443797	0.3
139253.65119354022	300	44.42430006168242	0.0	150710	2644.797851601184	0.3
139255.24312062276	300	46.83237297913826	0.0	139105	1591.927082544157	0.3
139257.28697739917	300	48.78851620272387	0.0	141840	2043.8567764143977	0.3
139259.47081589335	300	50.60467770854011	0.0	156148	2183.8384941837553	0.3
139263.16234811977	300	50.913145482130744	0.0	160746	3691.5322264093725	0.3
139265.04350195185	300	53.031991650064185	0.0	179801	1881.1538320665554	0.3
139265.96160607386	300	56.11388752805409	0.0	140051	918.104122010088	0.3
139267.064839249	300	59.010654352893596	0.0	138313	1103.233175160502	0.3
139268.21398219076	300	59.561115730458624	0.0	143509	949.538622434969	0.3
139269.76047911067	300	59.98816943017226	0.0	150616	1072.9463002863595	0.3
139274.01173623273	750	59.679816178936214	0.0	405596	3808.3532512360466	0.3
139277.63570779332	750	59.9582823340464	0.0	350713	2721.533844889812	0.75
139281.30046768097	750	59.942621248082524	0.0	386472	3015.661085963876	0.75
139285.27683711643	750	59.89948593118915	0.0	399894	3543.13531689338	0.75
139290.19460171633	750	58.981721331278095	0.0	401853	4917.764599911056	0.75
139293.93240209075	750	59.24392095684724	0.0	343800	3737.800374430851	0.75
139299.53655360985	750	57.63976943775021	0.0	359903	5604.1515190970285	0.75
139302.86769902136	750	58.30862402624012	0.0	379700	3331.145411510091	0.75
139307.94127946676	750	57.235043580850835	0.0	425781	5073.580445389287	0.75
139310.4732498685	750	58.703073179114895	0.0	277716	2531.9704017359372	0.75
139313.18850792368	750	59.987815123914984	0.0	400396	2715.258055199911	0.75
139317.66919110026	750	59.50713194733011	0.0	400508	3480.683176584869	0.75
139321.4184184922	750	59.700312302580976	0.0	358218	3306.819644749134	0.75
139324.98870893623	750	59.775870954161924	0.0	400322	3424.441348419049	0.75
139328.5819804769	750	59.64215973164004	0.0	369834	2633.7112225218843	0.75
139332.18613694265	750	59.60586165783086	0.0	412837	3036.2980738091846	0.75
139335.2492728776	750	59.542722886338055	0.0	401088	2563.1387714928087	0.75
139338.6833462636	750	59.97068477505509	0.0	365161	3072.0381112829664	0.75
139341.54317058067	750	59.56629025386646	0.0	321064	2404.394521188627	0.75
139344.8994811656	750	59.72184985935261	0.0	361565	3344.4403945138547	0.75
139348.60256225232	750	59.791244411201916	0.0	378327	2930.605448150691	0.75
139352.4526000946	750	59.941206568901954	0.0	390680	3850.037842299965	0.75
139356.08415528902	750	59.51268571213779	0.0	345516	2928.520856764163	0.75
139360.71472384603	750	58.8821171551395	0.0	384505	4630.568556998295	0.75
139364.00661202983	750	59.59022897133468	0.0	372093	3291.8881838048082	0.75
139372.72907549585	750	54.8677655053194	0.0	438281	8722.463466015286	0.75
139377.51548637386	750	54.08135462727484	0.0	398987	4786.410878044556	0.75
139380.95941208265	750	54.63742891849397	0.0	393804	3443.9257087808733	0.75
139388.71659824174	1200	50.880242759383144	0.0	538612	7757.186159110827	0.75
139405.48888720534	2850	38.107953795803304	0.0	1364537	16772.288963579846	1.2000000000000002
139408.53398292584	750	39.062858075316676	0.0	450283	3045.0957204866268	0.75
139411.8665296125	750	39.73031138865179	0.0	398865	3332.546686664883	0.75
139414.25736092986	750	41.339480071320004	0.0	350812	2390.831317331785	0.75
139416.94434254733	750	42.65249845385002	0.0	382355	2686.9816174699795	0.75
139422.68051029008	750	40.916330711099114	0.0	411561	5736.167742750908	0.75
139425.16083632648	750	42.43600467471254	0.0	318564	2480.326036386568	0.75
139428.45227373153	750	43.14456726966477	0.0	352642	3291.4374050477804	0.75
139434.44184715158	750	41.154993849627495	0.0	437162	5989.573420037276	0.75
139440.22094183697	750	39.37589916422896	0.0	374758	5779.094685398526	0.75
139448.65929174708	750	34.937549254128555	0.0	362795	8438.349910100407	0.75
139450.66764843726	300	36.92919256397234	0.0	141840	2008.3566901562162	-0.15000000000000002
139452.0573503446	300	39.539490656622164	0.0	156148	1389.7019073501808	0.3
139453.42247806562	300	42.17436293562033	0.0	160746	1365.12772100183	0.3
139454.88845137326	300	44.70838962798112	0.0	179801	1465.9733076392079	0.3
139456.03517852345	300	47.56166247776883	0.0	140051	1146.7271502122962	0.3
139457.34407890198	300	50.252762099233536	0.0	138313	1308.9003785352932	0.3
139460.4205203411	750	51.17632066011773	0.0	360831	3076.4414391158084	0.3
139464.57307360516	750	51.02376739607063	0.0	372963	4152.553264047103	0.75
139469.00773792807	750	50.589103073147456	0.0	405596	4434.6643229231795	0.75
139472.7809261434	750	50.81591485779511	0.0	350713	3773.188215352345	0.75
139481.57499858623	750	46.021842414968255	0.0	386472	8794.072442826851	0.75
139495.65963609566	750	35.937204905538664	0.0	399894	14084.637509429589	0.75
139500.1035778615	300	35.49326313967907	0.0	163927	4443.941765859594	-0.15000000000000002
139503.9163573814	300	35.68048361982762	0.0	137654	3812.779519851455	0.3
139510.43801750953	300	33.158823491675854	0.0	146754	6521.660128151766	0.3
139514.21403331365	300	33.38280768752844	0.0	153938	3776.015804147414	0.3
139515.76890704813	300	35.8279339530571	0.0	181901	1554.8737344713395	0.3
139516.74519434234	300	38.85164665885647	0.0	111155	976.2872942006377	0.3
139517.89850535343	300	41.69833564777581	0.0	153605	1153.3110110806622	0.3
139519.0769129818	300	44.51992801938188	0.0	149029	1178.4076283939296	0.3
139520.4565053983	300	47.140335602880356	0.0	157421	1379.5924165015206	0.3
139523.5392789056	750	48.05756209557114	0.0	400322	3082.7735073092085	0.3
139529.52949713878	750	46.06734386239313	0.0	369834	5990.218233178013	0.75
139532.38533607728	750	47.21150492388716	0.0	412837	2855.8389385059622	0.75
139534.96957870896	750	48.627262292212144	0.0	401088	2584.2426316750193	0.75
139537.45344762606	750	50.1433933750953	0.0	365161	2483.8689171168435	0.75
139539.50574372042	750	52.09109728073162	0.0	321064	2052.2960943636876	0.75
139541.7125586116	750	53.88428238954599	0.0	361565	2206.814891185629	0.75
139544.1549120662	750	55.441928934927475	0.0	378327	2442.353454618511	0.75
139546.86553001378	750	56.7313109873879	0.0	390680	2710.617947539574	0.75
139548.9479083128	750	58.64893268834692	0.0	345516	2082.378299040978	0.75
139551.97965402025	750	59.61718698089182	0.0	384505	2531.7457074551016	0.75
139555.015532195	750	59.85151442796853	0.0	372093	2265.6725529232863	0.75
139558.84445561137	1200	59.90665553065883	0.0	634861	3444.8588973096976	0.75
139563.15326713413	1200	59.5978440079093	0.0	630203	4308.811522749528	1.2
139569.50221778065	1850	57.2488933613848	0.0	982064	6348.950646524507	1.2000000000000002
139576.94147962402	2850	53.809631518030955	0.0	1231456	7439.261843353843	1.85
139585.4062270019	2850	49.34488414014071	0.0	1364537	8464.747377890248	2.85
139588.3097289119	750	50.441382230128085	0.0	450283	2903.501910012626	0.75
139590.46779845137	750	52.28331269066801	0.0	398865	2158.0695394600725	0.75
139593.93104610784	1200	52.8200650341986	0.0	571051	3463.247656469417	0.75
139597.67066619807	1200	53.08044494396387	0.0	617681	3739.6200902347287	1.2
139602.0299797407	1200	52.7211314013384	0.0	652874	4359.313542625476	1.2
139606.12052839762	1200	52.63058274442779	0.0	520315	4090.548656910608	1.2
139609.46758855708	1200	53.28352258499252	0.0	561791	3347.060159435271	1.2
139613.30657456105	1200	53.44453658099591	0.0	709534	3838.986003996606	1.2
139618.84090358514	1200	51.91020755691326	0.0	584846	5534.329024082652	1.2
139623.04145679492	1200	51.70965434711687	0.0	560821	4200.553209796389	1.2
139628.0470998206	1200	50.70401132143152	0.0	607410	5005.643025685352	1.2
139631.60086900374	1200	51.150242138289016	0.0	594078	3553.7691831425054	1.2
139636.46541907676	1200	50.2856920652524	0.0	624282	4864.55007303662	1.2
139646.1997227335	1200	44.551388408526684	0.0	687371	9734.303656725717	1.2
139653.92399201365	1200	40.82711912837954	0.0	526950	7724.269280147144	1.2
139662.8401058749	1200	35.91100526710781	0.0	587876	8916.113861271731	1.2
139666.59418127523	750	36.156929866796006	0.0	360831	3754.075400311806	0.3
139669.58552555818	750	37.165585583844816	0.0	372963	2991.3442829511832	0.75
139672.80388543397	750	37.947225708050944	0.0	405596	3218.359875793872	0.75
139675.52643880018	750	39.224672341826555	0.0	350713	2722.5533662243874	0.75
139678.5663614656	750	40.184749676397146	0.0	386472	3039.9226654294075	0.75
139681.55156994148	750	41.19954120052202	0.0	399894	2985.208475875125	0.75
139684.53843662748	750	42.21267451454214	0.0	401853	2986.866685979884	0.75
139687.2140608128	750	43.53705032922469	0.0	343800	2675.6241853174442	0.75
139690.29945631317	750	44.45165482885261	0.0	359903	3085.395500372086	0.75
139693.471326808	750	45.27978433400177	0.0	379700	3171.8704948508466	0.75
139696.72580553358	750	46.02530560842625	0.0	425781	3254.478725575515	0.75
139699.149474367	750	47.60163677501138	0.0	277716	2423.6688334148707	0.75
139703.1225467639	750	47.62856437811374	0.0	400396	3973.0723968976417	0.75
139708.4537711818	750	46.297339960176906	0.0	400508	5331.2244179368245	0.75
139711.81182665736	750	46.93928448464491	0.0	358218	3358.055475531997	0.75
139716.60089915735	750	46.15021198464023	0.0	400322	4789.072500004682	0.75
139720.35025894226	750	46.400852199749394	0.0	369834	3749.3597848908344	0.75
139723.5327296487	750	47.21838149331066	0.0	412837	3182.4707064387335	0.75
139727.67019647086	750	47.080914671121825	0.0	401088	4137.466822188834	0.75
139732.26983727588	750	46.48127386612181	0.0	365161	4599.640805000015	0.75
139734.9098356055	750	47.84127553647435	0.0	321064	2639.9983296474566	0.75
139738.1399278826	750	48.611183259369135	0.0	361565	3230.0922771052133	0.75
139742.0398941631	750	48.71121697889273	0.0	378327	3899.9662804764107	0.75
139745.72942999128	750	49.02168115073282	0.0	390680	3689.53582815991	0.75
139749.46975094118	750	49.28136020080726	0.0	345516	3740.32094992555	0.75
139752.73056614233	750	50.02054499967576	0.0	384505	3260.815201131504	0.75
139756.4511611832	750	50.299949958794926	0.0	372093	3720.595040880836	0.75
139760.19499425445	750	50.556116887574575	0.0	438281	3743.8330712203524	0.75
139763.78898140433	750	50.96212973769044	0.0	398987	3593.9871498841276	0.75
139769.0033141942	1200	49.74779694782754	0.0	638661	5214.332789862899	0.75
139776.53337682606	1850	46.21773431597801	0.0	830730	7530.062631849537	1.2000000000000002
139793.21490297868	2850	33.53620816332703	0.0	1364537	16681.52615265097	1.85
139797.87993772104	750	32.87117342097805	0.0	450283	4665.03474234898	0.75
139801.26794676058	750	33.48316438145294	0.0	398865	3388.0090395251123	0.75
139804.2150481292	750	34.53606301282003	0.0	350812	2947.101368632905	0.75
139807.89920542855	750	34.85190571348046	0.0	382355	3684.1572993395625	0.75
139812.48476852238	750	34.2663426196421	0.0	411561	4585.563093838356	0.75
139816.2043345328	750	34.546776609195575	0.0	318564	3719.566010446526	0.75
139819.6573105652	750	35.09380057680468	0.0	352642	3452.9760323908977	0.75
139824.9189056318	750	33.832205510209825	0.0	437162	5261.59506659485	0.75
139828.2128589187	750	34.53825222332752	0.0	374758	3293.953286882308	0.75
139831.76951709393	750	34.98159404810547	0.0	362795	3556.658175222043	0.75
139835.46050990024	750	35.29060124180189	0.0	353220	3690.992806303585	0.75
139839.57152589096	750	35.179585251075814	0.0	405134	4111.015990726075	0.75
139844.4337874852	750	34.31732365683371	0.0	386351	4862.2615942421035	0.75
139850.18051517248	750	32.570595969568515	0.0	434409	5746.727687265195	0.75
139852.83036485806	750	33.92074628400362	0.0	337059	2649.849685564903	0.75
139855.47176393008	750	35.27934721199706	0.0	366214	2641.3990720065544	0.75
139857.56015014643	750	37.1909609956545	0.0	360831	2088.3862163425583	0.75
139860.46636620048	750	38.28474494159407	0.0	372963	2906.2160540604295	0.75
139863.27719891845	750	39.47391222361174	0.0	405596	2810.8327179823323	0.75
139865.84630961803	750	40.904801524039854	0.0	350713	2569.110699571891	0.75
139868.5949040224	750	42.156207119660166	0.0	386472	2748.594404379686	0.75
139872.2702048761	750	42.48090626593627	0.0	399894	3675.300853723898	0.75
139875.15473086294	750	43.59638027911555	0.0	401853	2884.5259868207177	0.75
139878.48273709978	750	44.268374042297026	0.0	343800	3328.0062368185163	0.75
139883.84438693107	750	42.90672421098959	0.0	359903	5361.649831307444	0.75
139890.75448777157	750	39.99662337047588	0.0	379700	6910.100840513712	0.75
139897.94346939295	750	36.8076417490971	0.0	425781	7188.98162137878	0.75
139900.87594631774	300	37.87516482431268	0.0	111155	2932.4769247844215	-0.15000000000000002
139903.4827251927	300	39.26838594934716	0.0	153605	2606.7788749655133	0.3
139905.83487046798	300	40.916240674059395	0.0	149029	2352.1452752877635	0.3
139908.98908125312	300	41.76202988893629	0.0	157421	3154.210785123105	0.3
139911.7362075788	300	43.014903563247714	0.0	157488	2747.1263256885713	0.3
139914.39704211644	300	44.35406902563419	0.0	143881	2660.834537613523	0.3
139917.0012641057	300	45.74984703637251	0.0	163444	2604.2219892616877	0.3
139919.70543026834	300	47.04568087373875	0.0	179328	2704.166162633754	0.3
139922.50884615185	300	48.24226499022517	0.0	159914	2803.415883513584	0.3
139925.68574267678	300	49.065368465295165	0.0	131610	3176.8965249300077	0.3
139929.4307182243	300	49.32039291778813	0.0	124011	3744.975547507029	0.3
139936.48994406525	300	46.26116707683718	0.0	144254	7059.225840950955	0.3
139942.44082389973	300	44.31028724237526	0.0	149991	5950.879834461922	0.3
139947.48168799735	300	43.269423144751	0.0	147968	5040.8640976242605	0.3
139951.15490327458	300	43.59620786750709	0.0	161857	3673.215277243916	0.3
139954.143721352	300	44.607389790103525	0.0	145210	2988.8180774035677	0.3
139957.1921665632	300	45.5589445789113	0.0	172312	3048.445211192223	0.3
139959.20289710668	300	47.548214035435656	0.0	167025	2010.7305434756454	0.3
139961.0266353819	300	49.72447576022979	0.0	160064	1823.738275205868	0.3
139965.7441302481	750	49.00698089401007	0.0	331053	4717.494866219712	0.3
139983.088967742	1850	35.6621434001115	0.0	846370	17344.837493898565	0.75
139988.59106204697	750	34.16004909514204	0.0	450283	5502.0943049694615	0.75
139990.23510699338	300	36.51600414873932	0.0	155580	1644.0449464027215	-0.15000000000000002
139991.5068820584	300	39.24422908371799	0.0	139857	1271.7750650213286	0.3
139992.88641125322	300	41.86469988891565	0.0	155432	1379.5291948023382	0.3
139996.96370848914	750	41.78740265298808	0.0	411561	4077.297235927577	0.3
140000.71388380235	750	42.03722733979799	0.0	318564	3750.1753131900905	0.75
140005.9869900078	750	40.764121134323986	0.0	352642	5273.106205474006	0.75
140014.84481540273	750	35.906295739440196	0.0	437162	8857.82539488379	0.75
140018.23535962394	300	36.51575151823205	0.0	150710	3390.544221208146	-0.15000000000000002
140020.332752466	300	38.418358676179494	0.0	139105	2097.3928420525526	0.3
140023.05063402106	300	39.700477121128	0.0	141840	2717.8815550514887	0.3
140025.50387886775	300	41.24723227441279	0.0	156148	2453.2448467152108	0.3
140029.36667856952	300	41.38443257264166	0.0	160746	3862.7997017711295	0.3
140032.66243518022	300	42.08867596193713	0.0	179801	3295.756610704526	0.3
140034.34585482074	300	44.40525632141606	0.0	140051	1683.4196405210707	0.3
140036.3178677433	300	46.43324339885817	0.0	138313	1972.0129225578933	0.3
140038.04694597956	300	48.70416516256434	0.0	143509	1729.0782362938312	0.3
140040.10533394452	300	50.64577719758879	0.0	150616	2058.3879649755386	0.3
140041.77058745502	300	52.980523687110384	0.0	165384	1665.2535104784076	0.3
140043.1736112224	300	55.57749991972077	0.0	140881	1403.0237673896152	0.3
140044.60648540652	300	58.14462573560025	0.0	157671	1432.8741841205174	0.3
140046.47063549823	300	59.77909784682962	0.0	157812	1365.5278887706297	0.3
140050.2494637249	750	59.813494834955534	0.0	401853	3465.6030118740873	0.3
140053.88621934966	750	59.65172962998962	0.0	343800	2661.7652049659123	0.75
140057.37541198413	750	59.749628522632136	0.0	359903	2902.1011073574814	0.75
140060.26452542236	750	59.94711756708652	0.0	379700	2802.5109555456124	0.75
140063.82724062208	750	59.62056120856976	0.0	425781	3326.5563585167624	0.75
140066.65234010635	750	59.71609088704086	0.0	277716	1904.470321528897	0.75
140070.31175385736	750	59.76669859291315	0.0	400396	2949.3922941277124	0.75
140074.5067376838	750	59.57171476646513	0.0	400508	4194.9838264480195	0.75
140078.3847606478	750	59.69369180246422	0.0	358218	3878.022964000907	0.75
140082.70201911588	750	59.37643333438076	0.0	400322	4317.258468083457	0.75
140087.20323896542	750	58.87521348485693	0.0	369834	4501.219849523842	0.75
140090.26528857686	750	59.8131638734046	0.0	412837	3062.049611452323	0.75
140094.43850588298	750	59.63994656728974	0.0	401088	3673.2173061148565	0.75
140104.69310682514	750	53.385345625126526	0.0	365161	10254.60094216322	0.75
140108.12087183795	750	53.95758061233592	0.0	321064	3427.765012790607	0.75
140111.4354001581	750	54.64305229215835	0.0	361565	3314.5283201775574	0.75
140114.74500245758	750	55.333449992681665	0.0	378327	3309.6022994766895	0.75
140118.25902663468	750	55.81942581558575	0.0	390680	3514.024177095908	0.75
140120.7075018582	750	57.37095059208865	0.0	345516	2448.475223497107	0.75
140124.50069053404	750	57.57776191622552	0.0	384505	3793.188675863124	0.75
140128.10017130105	750	57.978281149255245	0.0	372093	3599.4807669702777	0.75
140132.22597799278	750	57.85247445752214	0.0	438281	4125.806691733102	0.75
140135.46513873432	750	58.61331371598895	0.0	398987	3239.1607415331887	0.75
140138.43774844188	750	59.640704008427804	0.0	393804	2972.6097075611438	0.75
140144.45103381097	1850	57.62741863933523	0.0	830730	6013.28536909257	0.75
140156.13280026396	2850	49.94565218635196	0.0	1364537	11681.766452983276	1.85
140159.23959732946	750	50.83885512086754	0.0	450283	3106.7970654844153	0.75
140162.54539713252	750	51.5330553178145	0.0	398865	3305.7998030530457	0.75
140166.30101968258	750	51.77743276773216	0.0	350812	3755.622550082343	0.75
140170.4199766973	750	51.65847575302441	0.0	382355	4118.95701470775	0.75
140173.5946584161	750	52.483794034207676	0.0	411561	3174.681718816731	0.75
140181.49970051818	750	48.57875193213478	0.0	318564	7905.042102072899	0.75
140186.52807513933	750	47.55037731098684	0.0	352642	5028.3746211479365	0.75
140194.32619406708	750	43.75225838323832	0.0	437162	7798.118927748524	0.75
140196.9109943099	300	45.167458140426184	0.0	150710	2584.800242812131	-0.15000000000000002
140198.18208664632	300	47.896365804012	0.0	139105	1271.092336414182	0.3
140199.28242330014	300	50.79602915019118	0.0	141840	1100.3366538208238	0.3
140200.61335756246	300	53.46509488789541	0.0	156148	1330.9342622957697	0.3
140201.80410077306	300	56.274351677277856	0.0	160746	1190.743210617551	0.3
140203.02284523583	300	59.05560721451298	0.0	179801	1218.7444627648695	0.3
140206.2730914689	750	59.52054051559315	0.0	337059	2535.0666989198353	0.3
140209.58236482172	750	59.913993606274126	0.0	366214	3106.54690931902	0.75
140213.63005632255	750	59.866302105468684	0.0	360831	3547.6915008054416	0.75
140218.41697850663	750	59.079379921391954	0.0	372963	4786.922184076728	0.75
140222.8905637628	750	58.60579466521656	0.0	405596	4473.5852561754	0.75
140226.8772034194	750	58.61915500863337	0.0	350713	3986.639656583179	0.75
140230.75190785382	750	58.74445057420323	0.0	386472	3874.7044344301485	0.75
140234.38915939722	750	59.107199030807664	0.0	399894	3637.2515433955646	0.75
140238.08542281913	750	59.41093560889088	0.0	401853	3696.263421916784	0.75
140241.95849172852	750	59.53786669951788	0.0	343800	3373.0689093730043	0.75
140246.40405788925	750	59.09230053878873	0.0	359903	4445.566160729155	0.75
140251.70958086615	750	57.786777561898404	0.0	379700	5305.522976890324	0.75
140256.09872354785	750	57.39763488020761	0.0	425781	4389.142681690789	0.75
140258.7410527962	750	58.75530563187325	0.0	277716	2642.3292483343585	0.75
140261.47786616557	750	59.51660615612412	0.0	400396	2238.69947574913	0.75

