3697.490818597894	750	4.0	2.121243241677066	450283	2121.243241677066	-8.371345939211384
3698.678927752065	300	6.811890845828496	0.0	155580	1188.109154171504	-0.15000000000000002
3699.6207766316193	300	9.870041966274396	0.0	139857	941.8488795541014	0.3
3700.650374636366	300	12.8404439615276	0.0	155432	1029.5980047467965	0.3
3701.425503849808	300	16.06531474808537	0.0	163442	775.1292134422297	0.3
3701.994468800707	300	19.496349797186017	0.0	126289	568.9649508993527	0.3
3703.419082694196	750	22.07173590369775	0.0	352642	1424.6138934882638	0.3
3704.808471256307	750	24.68234734158648	0.0	437162	1389.3885621112731	0.75
3706.23782248587	750	27.25299611202337	0.0	374758	1429.3512295631094	0.75
3707.687555738126	750	29.803262859767056	0.0	362795	1449.7332522563172	0.75
3708.8885908843936	750	32.60222771349942	0.0	353220	1201.035146267641	0.75
3710.4926512397683	1200	34.99816735812476	0.0	594078	1604.060355374659	0.75
3713.2333986980975	1850	36.25741989979523	0.0	946851	2740.747458329522	1.2000000000000002
3715.902784414034	1850	37.588034183858454	0.0	1036454	2669.3857159367785	1.85
3719.8116949048513	1850	37.679123693041724	0.0	821631	3908.9104908167337	1.85
3722.8727663752547	1850	38.61805222263829	0.0	923170	3061.0714704034353	1.85
3726.4198479720917	1850	39.07097062580159	0.0	966699	3547.081596836694	1.85
3729.8771830867236	1850	39.613635511169925	0.0	885714	3457.3351146316736	1.85
3733.5830572871087	1850	39.90776131078474	0.0	987708	3705.8742003851817	1.85
3736.939439757356	1850	40.551378840537225	0.0	923755	3356.382470247521	1.85
3740.5037770062736	1850	40.98704159161943	0.0	891604	3564.337248917792	1.85
3743.275911208311	1850	42.21490738958265	0.0	955231	2772.1342020367824	1.85
3745.401783643035	1850	44.0890349548584	0.0	968026	2125.87243472425	1.85
3747.4776018536413	1850	46.013216744251864	0.0	874175	2075.8182106065365	1.85
3749.5246494264734	1850	47.96616917141998	0.0	897976	2047.0475728318818	1.85
3753.512922698142	2850	47.977895899751246	0.0	1480464	3988.2732716687283	1.85
3757.7365065577596	2850	47.75431204013341	0.0	1547572	4223.5838596178355	2.85
3761.6885456656105	2850	47.80227293228261	0.0	1141971	3952.0391078507987	2.85
3765.7367122387036	2850	47.75410635918969	0.0	1498470	4048.166573092924	2.85
3769.9006637004954	2850	47.59015489739747	0.0	1561263	4163.951461792218	2.85
3773.487922296873	2850	48.00289630101996	0.0	1341201	3587.2585963775136	2.85
3778.0455857759307	2850	47.44523282196185	0.0	1497683	4557.663479058108	2.85
3785.469492627701	2850	44.0213259701917	0.0	1358081	7423.906851770151	2.85
3795.518640915315	2850	37.97217768257844	0.0	1587293	10049.148287613258	2.85
3822.9739432816677	1850	14.516875316225457	0.0	1026056	27455.302366352982	0.8500000000000001
3834.9816671616672	1200	6.509151436226031	0.0	598727	12007.723879999427	0.5499999999999999
3837.998188053902	300	7.492630543991121	0.0	131610	3016.5208922349098	-0.6000000000000001
3838.966053915485	300	10.524764682407916	0.0	124011	967.8658615832034	0.3
3839.8866622309693	300	13.604156366923961	0.0	144254	920.6083154839563	0.3
3840.9185854098437	300	16.572233188049577	0.0	149991	1031.9231788743818	0.3
3841.968181397434	300	19.52263720045948	0.0	147968	1049.5959875900967	0.3
3842.911758737858	300	22.579059860035468	0.0	161857	943.5773404240119	0.3
3844.755740417797	750	24.735078180096345	0.0	372093	1843.981679939122	0.3
3846.599046043082	750	26.891772554811148	0.0	438281	1843.3056252851973	0.75
3849.6714148104447	1200	27.819403787448508	0.0	630203	3072.3687673626396	0.75
3853.358076050595	1200	28.132742547297806	0.0	638661	3686.6612401507	1.2
3857.10706081947	1850	28.383757778423554	0.0	830730	3748.984768874253	1.2000000000000002
3868.848069864056	2850	20.64274873383725	0.0	1364537	11741.0090445863	1.85
3872.4180708348654	750	21.072747763028204	0.0	450283	3570.0009708090474	0.75
3875.21312268671	750	22.277695911183148	0.0	398865	2795.051851845054	0.75
3877.5124449118375	750	23.978373686055562	0.0	350812	2299.3222251275874	0.75
3880.05034932627	750	25.44046927162308	0.0	382355	2537.9044144324835	0.75
3882.3973848450637	750	27.093433752829576	0.0	411561	2347.0355187935015	0.75
3886.1823213084076	750	27.308497289485548	0.0	318564	3784.9364633440287	0.75
3890.038296805302	750	27.452521792591163	0.0	352642	3855.975496894385	0.75
3895.5228906781213	750	25.967927919771775	0.0	437162	5484.5938728193905	0.75
3900.657051999812	750	24.83376659808108	0.0	374758	5134.161321690691	0.75
3906.342921529737	750	23.14789706815626	0.0	362795	5685.869529924821	0.75
3907.8805242218386	300	25.610294376054455	0.0	141840	1537.6026921018067	-0.15000000000000002
3909.3853099434555	300	28.105508654437486	0.0	156148	1504.7857216169668	0.3
3911.168209774318	300	30.322608823574978	0.0	160746	1782.8998308625075	0.3
3912.6522905909155	300	32.838528006977086	0.0	179801	1484.0808165978906	0.3
3913.8682996861207	300	35.62251891177183	0.0	140051	1216.0090952052672	0.3
3915.056280013549	300	38.43453858434363	0.0	138313	1187.9803274281974	0.3
3918.082874690721	750	39.40794390717217	0.0	360831	3026.594677171467	0.3
3921.449756893529	750	40.041061704364076	0.0	372963	3366.8822028080895	0.75
3925.2127246734844	750	40.278093924408715	0.0	405596	3762.9677799553606	0.75
3928.3481660302687	750	41.142652567624594	0.0	350713	3135.4413567841198	0.75
3931.6948984115775	750	41.79592018631588	0.0	386472	3346.7323813087137	0.75
3935.5631697450162	750	41.92764885287692	0.0	399894	3868.27133343896	0.75
3938.1672704471453	750	43.3235481507482	0.0	401853	2604.1007021287132	0.75
3941.342419623355	750	44.14839897453839	0.0	343800	3175.1491762098144	0.75
3943.223337070817	750	46.267481527076534	0.0	359903	1880.9174474618587	0.75
3945.0582345890452	750	48.43258400884802	0.0	379700	1834.8975182285142	0.75
3949.2633355299167	1200	48.22748306797669	0.0	696376	4205.100940871327	0.75
3951.7042993083214	1200	49.78651928957211	0.0	487160	2440.96377840458	1.2
3955.3806025196072	1200	50.110216078286385	0.0	622896	3676.303211285722	1.2
3961.5443958512615	1850	47.94642274663188	0.0	975811	6163.7933316545	1.2000000000000002
3965.936565146406	1850	47.55425345148765	0.0	873429	4392.16929514424	1.85
3971.4831625540983	1850	46.0076560437949	0.0	954453	5546.597407692742	1.85
3975.35356516314	1850	46.13725343475305	0.0	885062	3870.402609041852	1.85
3980.7656105876567	1850	44.72520801023648	0.0	1035329	5412.045424516566	1.85
3985.7788838560464	1850	43.71193474184699	0.0	1026056	5013.273268389489	1.85
3991.9373155618323	1850	41.55350303606117	0.0	943942	6158.431705785822	1.85
3996.587234280032	1850	40.9035843178614	0.0	728962	4649.918718199767	1.85
4003.4795980558174	1850	38.01122054207611	0.0	938587	6892.363775785289	1.85
4009.9815791780625	1850	35.50923941983104	0.0	908665	6501.981122245067	1.85
4013.980440168719	1200	35.510378429174715	0.0	587506	3998.860990656328	0.5499999999999999
4017.2962482215735	1200	36.194570376319895	0.0	566904	3315.80805285482	1.2
4020.4881937809405	1200	37.00262481695261	0.0	641452	3191.9455593672897	1.2
4023.483379811476	1200	38.007438786417175	0.0	599477	2995.1860305354385	1.2
4027.85600102561	1200	37.63481757228297	0.0	634861	4372.621214134203	1.2
4031.8647753696896	1200	37.626043228203486	0.0	630203	4008.774344079483	1.2
4039.5966541818584	1850	33.894164416034975	0.0	982064	7731.878812168512	1.2000000000000002
4047.5376327242443	1850	29.953185873649367	0.0	830730	7940.978542385607	1.85
4059.324190496735	2850	22.16662810115859	0.0	1364537	11786.55777249078	1.85
4063.4229187654278	750	22.067899832465972	0.0	450283	4098.7282686926155	0.75
4067.075212686316	750	22.415605911578034	0.0	398865	3652.293920887939	0.75
4070.5472485865516	750	22.94357001134214	0.0	350812	3472.0359002358937	0.75
4074.1835159794596	750	23.307302618434317	0.0	382355	3636.2673929078233	0.75
4079.3219774168897	750	22.16884118100415	0.0	411561	5138.461437430168	0.75
4083.048140964375	750	22.442677633518905	0.0	318564	3726.1635474852433	0.75
4086.289510480513	750	23.2013081173808	0.0	352642	3241.3695161381047	0.75
4090.1275083892183	750	23.36331020867528	0.0	437162	3837.997908705521	0.75
4093.5714019822844	750	23.919416615609023	0.0	374758	3443.893593066257	0.75
4097.0825622110115	750	24.40825638688251	0.0	362795	3511.160228726515	0.75
4100.224209532965	750	25.266609064929305	0.0	353220	3141.647321953207	0.75
4104.8484091140945	750	24.64240948379912	0.0	405134	4624.199581130182	0.75
4110.411027341044	750	23.07979125684996	0.0	386351	5562.618226949162	0.75
4115.979402022369	750	21.511416575525182	0.0	434409	5568.374681324776	0.75
4121.680714403056	750	19.810104194837653	0.0	337059	5701.312380687529	0.75
4125.070751940485	300	20.42006665740889	0.0	138313	3390.03753742876	-0.15000000000000002
4129.469048813178	300	20.021769784715435	0.0	143509	4398.296872693457	0.3
4133.389273181001	300	20.101545416892964	0.0	150616	3920.2243678224704	0.3
4136.199432876347	300	21.29138572154711	0.0	165384	2810.1596953458557	0.3
4137.861073857646	300	23.629744740247098	0.0	140881	1661.6409813000098	0.3
4139.555647552293	300	25.935171045601358	0.0	157671	1694.5736946457394	0.3
4141.35198559961	300	28.138832998283824	0.0	157812	1796.3380473175307	0.3
4143.751676684834	300	29.739141913059893	0.0	163927	2399.6910852239357	0.3
4148.42050593115	300	29.070312666743973	0.0	137654	4668.829246315918	0.3
4151.8340095095145	300	29.656809088379358	0.0	146754	3413.503578364612	0.3
4156.448537029282	300	29.042281568611212	0.0	153938	4614.527519768148	0.3
4159.438461175151	300	30.052357422743274	0.0	181901	2989.924145867938	0.3
4160.714637032349	300	32.776181565544846	0.0	111155	1276.175857198426	0.3
4162.831349494871	300	34.65946910302324	0.0	153605	2116.712462521603	0.3
4164.99943270785	300	36.49138589004369	0.0	149029	2168.0832129795567	0.3
4167.362102180368	300	38.1287164175251	0.0	157421	2362.669472518592	0.3
4169.876398953653	300	39.614419644240655	0.0	157488	2514.296773284437	0.3
4171.561727975751	300	41.92909062214294	0.0	143881	1685.329022097712	0.3
4176.018911589998	750	41.47190700789506	0.0	412837	4457.183614247881	0.3
4178.4242763285065	750	43.06654226938705	0.0	401088	2405.364738508013	0.75
4180.121790825648	750	45.36902777224605	0.0	365161	1697.514497140998	0.75
4181.546040977434	750	47.94477762045965	0.0	321064	1424.250151786407	0.75
4183.347859550245	750	50.14295904764918	0.0	361565	1801.8185728104659	0.75
4185.136944353287	750	52.35387424460727	0.0	378327	1789.0848030419081	0.75
4190.22482446985	1200	51.26599412804389	0.0	587506	5087.880116563381	0.75
4195.631953193107	1200	49.85886540478673	0.0	566904	5407.128723257173	1.2
4202.774438542136	1200	46.71638005575779	0.0	641452	7142.4853490289415	1.2
4209.510517976447	1200	43.980300621446325	0.0	599477	6736.079434311461	1.2
4217.0901600562165	1200	40.400658541677025	0.0	634861	7579.6420797693	1.2
4224.361241496069	1200	37.12957710182457	0.0	630203	7271.0814398524535	1.2
4231.063386385369	1200	34.42743221252479	0.0	638661	6702.14488929978	1.2
4235.14165986313	1200	34.3491587347639	0.0	538612	4078.273477760889	1.2
4245.210621240888	2850	28.280197357006195	0.0	1364537	10068.961377757705	1.2000000000000002
4247.9219091621835	750	29.568909435710903	0.0	450283	2711.287921295295	0.75
4252.322038512914	750	29.168780084979655	0.0	398865	4400.129350731247	0.75
4255.561591371287	750	29.929227226606265	0.0	350812	3239.552858373391	0.75
4260.059804651208	750	29.431013946686306	0.0	382355	4498.213279919957	0.75
4261.55198757181	750	31.938831026083133	0.0	411561	1492.182920603175	0.75
4262.926303186422	750	34.56451541147147	0.0	318564	1374.3156146116678	0.75
4264.324266477045	750	37.166552120848706	0.0	352642	1397.9632906227612	0.75
4265.636733547662	750	39.854085050232015	0.0	437162	1312.4670706166867	0.75
4267.287756591144	1200	42.20306200674943	0.0	584846	1651.0230434825964	0.75
4268.477000707372	1200	45.01381789052162	0.0	560821	1189.244116227806	1.2
4271.512441317977	1850	45.97837727991625	0.0	939819	3035.440610605367	1.2000000000000002
4273.949929720328	1850	47.540888877565386	0.0	917428	2437.488402350873	1.85
4285.082347992851	2850	40.408470605042076	0.0	1422919	11132.418272523306	1.85
4297.178736077866	2850	32.31208252002702	0.0	1578343	12096.388085015058	2.85
4303.414568197987	1850	30.07625039990662	0.0	821631	6235.832120120397	0.8500000000000001
4304.787142585592	1200	32.70367601230099	0.0	587876	1372.574387605634	0.5499999999999999
4306.31628389357	1200	35.17453470432425	0.0	617242	1529.1413079767372	1.2
4308.000749058949	1200	37.49006953894483	0.0	581493	1684.4651653794206	1.2
4309.402559127003	1200	40.088259470891145	0.0	639204	1401.8100680536863	1.2
4310.920981394449	1200	42.569837203444834	0.0	586839	1518.4222674463124	1.2
4314.840911559892	2850	42.649907038001146	0.0	1415116	3919.930165443687	1.2000000000000002
4320.219587356127	2850	41.27123124176697	0.0	1468126	5378.675796234178	2.85
4343.033825727822	2850	22.456992870072877	0.0	1505760	22814.23837169409	2.85
4354.643177332223	1850	14.84764126567138	0.0	874175	11609.351604401498	0.8500000000000001
4360.1757638358995	1200	13.315054761994734	0.0	587236	5532.586503676646	0.5499999999999999
4362.915490318725	750	14.575328279169685	0.0	379700	2739.7264828250486	0.3
4366.6653501047	750	14.825468493194196	0.0	425781	3749.859785975491	0.75
4367.394655505454	300	18.096163092441625	0.0	111155	729.3054007525718	-0.15000000000000002
4369.730154749994	300	19.760663847900666	0.0	153605	2335.499244540957	0.3
4371.298997583069	750	22.191821014826175	0.0	400508	1568.8428330744905	0.3
4372.684577746798	750	24.80624085109663	0.0	358218	1385.5801637295483	0.75
4374.568190469918	750	26.92262812797748	0.0	400322	1883.6127231191506	0.75
4376.07589951159	750	29.41491908630503	0.0	369834	1507.709041672445	0.75
4378.139486127433	750	31.351332470462474	0.0	412837	2063.586615842559	0.75
4380.526540326467	750	32.964278271429514	0.0	401088	2387.0541990329534	0.75
4384.372459087135	1200	33.11835951076116	0.0	598727	3845.9187606683518	0.75
4388.310528596328	1200	33.180290001568096	0.0	487812	3938.0695091930697	1.2
4394.197721535705	1200	31.293097062191446	0.0	575591	5887.192939376647	1.2
4397.941794234407	1200	31.549024363489583	0.0	605884	3744.0726987018643	1.2
4400.21815644243	750	33.272662155467216	0.0	390680	2276.362208022366	0.3
4402.700828625003	750	34.78998997289382	0.0	345516	2482.672182573397	0.75
4404.921178505802	750	36.56964009209441	0.0	384505	2220.34988079941	0.75
4406.988575366378	750	38.50224323151843	0.0	372093	2067.396860575981	0.75
4410.322650284614	1200	39.16816831328402	0.0	634861	3334.0749182344075	0.75
4414.6968053321425	1200	38.79401326575448	0.0	630203	4374.15504752954	1.2
4421.797833924114	1850	35.69298467378384	0.0	982064	7101.028591970645	1.2000000000000002
4428.138922528278	1850	33.35189606961909	0.0	830730	6341.088604164753	1.85
4437.377772700104	2850	28.11304589779347	0.0	1364537	9238.850171825618	1.85
4439.7992756579715	750	29.69154293992603	0.0	450283	2421.502957867437	0.75
4442.124935462491	750	31.365883135407177	0.0	398865	2325.6598045188553	0.75
4443.892207522707	750	33.59861107519064	0.0	350812	1767.2720602165434	0.75
4445.99187503631	750	35.49894356158723	0.0	382355	2099.6675136034046	0.75
4450.054981500275	1200	35.435837097622176	0.0	652874	4063.106463965053	0.75
4452.4604170872	1200	37.03040151069774	0.0	520315	2405.4355869244305	1.2
4455.020352304125	1200	38.470466293773825	0.0	561791	2559.935216923922	1.2
4458.083233942063	1200	39.40758465583497	0.0	709534	3062.8816379388563	1.2
4460.757430073498	1200	40.733388524400695	0.0	584846	2674.19613143427	1.2
4463.075186312684	1200	42.415632285214514	0.0	560821	2317.7562391861816	1.2
4465.4057299858505	1200	44.08508861204709	0.0	607410	2330.5436731674276	1.2
4467.704584390979	1200	45.78623420691838	0.0	594078	2298.8544051287063	1.2
4472.0047424196355	1850	45.48607617826159	0.0	946851	4300.158028656789	1.2000000000000002
4476.012050539566	1850	45.478768058331234	0.0	1036454	4007.308119930358	1.85
4479.836183683818	1850	45.65463491408038	0.0	821631	3824.1331442508554	1.85
4484.063472582161	1850	45.427346015736525	0.0	923170	4227.288898343856	1.85
4488.911029322982	1850	44.579789274915484	0.0	966699	4847.5567408210445	1.85
4493.516084914397	1850	43.97473368350204	0.0	885714	4605.055591413446	1.85
4498.064089469452	1850	43.42672912844699	0.0	987708	4548.004555055048	1.85
4501.839285713908	1850	43.65153288399042	0.0	923755	3775.196244456572	1.85
4506.198427182894	1850	43.29239141500432	0.0	891604	4359.141468986097	1.85
4510.547420966089	1850	42.94339763181014	0.0	955231	4348.993783194178	1.85
4517.812488679822	1850	39.67832991807592	0.0	968026	7265.067713734217	1.85
4521.765872311375	1850	39.7249462865247	0.0	874175	3953.3836315512253	1.85
4526.784067689895	1850	38.70675090800463	0.0	897976	5018.195378520067	1.85
4529.22211710023	1200	40.26870149766919	0.0	590335	2438.0494103354386	0.5499999999999999
4533.671869099612	1850	39.81894949828757	0.0	1076599	4449.751999381623	1.2000000000000002
4537.122201545968	1850	40.36861705193253	0.0	758197	3450.3324463550366	1.85
4540.787556960939	1850	40.703261636962196	0.0	972798	3665.3554149703355	1.85
4545.291412636416	1850	40.199405961484906	0.0	975811	4503.855675477293	1.85
4549.001777842489	1850	40.48904075541187	0.0	873429	3710.3652060730283	1.85
4553.854687588208	1850	39.63613100969301	0.0	954453	4852.90974571886	1.85
4559.653394522591	1850	37.837424075309734	0.0	885062	5798.706934383275	1.85
4565.342810852736	1850	36.14800774516462	0.0	1035329	5689.41633014511	1.85
4568.5990652827995	1850	36.891753315101916	0.0	1026056	3256.254430062706	1.85
4573.908710233192	1850	35.582108364709306	0.0	943942	5309.644950392616	1.85
4575.905194794079	1200	37.585623803822195	0.0	487812	1996.4845608871144	0.5499999999999999
4578.022376068398	1200	39.46844252950323	0.0	575591	2117.181274318967	1.2
4579.792401787351	1200	41.69841681055088	0.0	605884	1770.0257189523443	1.2
4583.405507080182	1850	42.085311517718964	0.0	930577	3613.105292831916	1.2000000000000002
4586.828622867789	1850	42.66219573011214	0.0	858450	3423.115787606824	1.85
4594.6321119600025	1850	38.85870663789922	0.0	1025005	7803.489092212918	1.85
4600.385760114836	1850	37.10505848306544	0.0	886255	5753.648154833778	1.85
4605.234154825782	1200	36.25666377211934	0.0	634861	4848.394710946099	0.5499999999999999
4611.1566262966235	1200	34.33419230127685	0.0	630203	5922.471470842483	1.2
4616.457630676855	1200	33.03318792104511	0.0	638661	5301.004380231742	1.2
4631.58207011653	1850	21.908748481370537	0.0	830730	15124.439439674577	1.2000000000000002
4635.724351815388	1850	21.76646678251219	0.0	846370	4142.281698858347	1.85
4637.720368083534	750	23.770450514366836	0.0	450283	1996.0162681453553	0.75
4639.00394369726	750	26.48687490064061	0.0	398865	1283.575613726226	0.75
4639.959885698499	750	29.530932899401577	0.0	350812	955.9420012390343	0.75
4641.088831572644	750	32.40198702525656	0.0	382355	1128.9458741450194	0.75
4648.814553461236	1200	28.676265136665126	0.0	652874	7725.7218885914335	0.75
4650.475163431802	1200	31.015655166099226	0.0	520315	1660.609970565899	1.2
4652.072523032988	1200	33.418295564912256	0.0	561791	1597.3596011869706	1.2
4653.7324532447565	1200	35.758365353143844	0.0	709534	1659.9302117684076	1.2
4655.3855013479215	1200	38.105317249978775	0.0	584846	1653.0481031650702	1.2
4656.847379427446	1200	40.64343917045475	0.0	560821	1461.8780795240275	1.2
4659.105786836157	1850	42.385031761744415	0.0	939819	2258.4074087103295	1.2000000000000002
4664.183642286122	2850	41.307176311778115	0.0	1519951	5077.855449966301	1.85
4687.052866654506	2850	22.43795194339531	0.0	1422919	22869.224368382806	2.85
4703.2475768549975	1850	10.24324174290432	0.0	1036454	16194.71020049099	0.8500000000000001
4720.36334297546	750	4.0	6.872524377558642	337059	17115.766120462962	-29.901854823502163
4726.880387018187	300	4.0	2.517044042727219	138313	6517.044042727219	-10.973289383727039
4734.571955633773	300	4.0	3.691568615585482	143509	7691.568615585482	-15.573745047017571
4742.13999554899	300	4.0	3.568039915217552	150616	7568.039915217552	-15.042571635435474
4743.387961448217	300	6.75203410077292	0.0	165384	1247.96589922708	0.3
4744.593444844745	300	9.546550704244709	0.0	140881	1205.483396528212	0.3
4745.630820967849	300	12.509174581140043	0.0	157671	1037.3761231046647	0.3
4746.626365858521	300	15.51362969046812	0.0	157812	995.5448906719228	0.3
4747.6795386788735	300	18.46045687011628	0.0	163927	1053.1728203518414	0.3
4748.406383102944	300	21.73361244604513	0.0	137654	726.8444240711511	0.3
4750.043175998759	750	24.096819550230382	0.0	359903	1636.7928958147456	0.3
4751.486633753367	750	26.653361795622338	0.0	379700	1443.4577546080423	0.75
4752.8594848247885	750	29.280510724200656	0.0	425781	1372.8510714216843	0.75
4754.866476053473	1200	31.273519495517252	0.0	487160	2006.9912286834053	0.75
4757.007564226555	1200	33.13243132243514	0.0	622896	2141.0881730821147	1.2
4759.530039228585	1200	34.60995632040403	0.0	641447	2522.4750020311067	1.2
4763.020781509016	1200	35.119214039974146	0.0	570392	3490.7422804298826	1.2
4765.504213718521	1200	36.63578183046858	0.0	620283	2483.4322095055722	1.2
4767.902634953064	1200	38.23736059592597	0.0	584349	2398.4212345426063	1.2
4770.654764766687	1200	39.48523078230317	0.0	670129	2752.129813622804	1.2
4772.9391107091315	1200	41.20088483985838	0.0	690253	2284.345942444788	1.2
4776.559984225458	1850	41.58001132353212	0.0	943942	3620.8735163262622	1.2000000000000002
4780.367307241256	1850	41.77268830773399	0.0	728962	3807.323015798123	1.85
4784.1816169937965	1850	41.95837855519362	0.0	938587	3814.3097525403755	1.85
4787.305164482219	1850	42.83483106677084	0.0	908665	3123.5474884227806	1.85
4790.686212521971	1850	43.45378302701914	0.0	930577	3381.048039751698	1.85
4793.123169620095	1850	45.01682592889588	0.0	858450	2436.9570981232614	1.85
4797.571807129082	1850	44.56818841990812	0.0	1025005	4448.637508987764	1.85
4800.962086453352	1850	45.177909095638256	0.0	886255	3390.2793242698576	1.85
4806.074668778186	1850	44.065326770804425	0.0	973972	5112.582324833832	1.85
4809.842531774708	1850	44.29746377428183	0.0	958994	3767.8629965225905	1.85
4814.800935896174	2850	43.339059652816026	0.0	1483527	4958.4041214658055	1.85
4821.985092368151	4300	40.15490318083938	0.0	1961140	7184.156471976637	2.8499999999999996
4831.5112391623925	4300	34.62875638659755	0.0	2155012	9526.146794241831	4.3
4834.182158214724	750	35.95783733426631	0.0	450283	2670.91905233124	0.75
4836.838121212157	750	37.30187433683318	0.0	398865	2655.9629974331315	0.75
4838.736117482553	750	39.403878066436285	0.0	350812	1897.99627039689	0.75
4840.609856331691	750	41.530139217298775	0.0	382355	1873.738849137507	0.75
4841.823485927299	750	44.31650962169166	0.0	411561	1213.6295956071174	0.75
4842.997684128829	750	47.142311420160766	0.0	318564	1174.1982015308863	0.75
4845.146670338916	1200	48.99332521007452	0.0	561791	2148.98621008625	0.75
4850.60222119847	1850	47.53777435052012	0.0	1060487	5455.550859554402	1.2000000000000002
4854.919870692991	1850	47.22012485599961	0.0	852833	4317.649494520502	1.85
4859.23115225707	1850	46.90884329192072	0.0	913888	4311.2815640788895	1.85
4863.529338708157	1850	46.61065684083313	0.0	939819	4298.186451087589	1.85
4868.098673485187	1850	46.04132206380419	0.0	917428	4569.33477702894	1.85
4872.577006416315	1850	45.56298913267593	0.0	946851	4478.332931128256	1.85
4876.472222388373	1850	45.667773160618545	0.0	1036454	3895.215972057387	1.85
4879.547147758882	1850	46.59284779011012	0.0	821631	3074.9253705084234	1.85
4882.8859837569025	1850	47.25401179208934	0.0	923170	3338.835998020785	1.85
4886.894175589178	1850	47.245819959813055	0.0	966699	4008.191832276284	1.85
4890.797935652323	1850	47.342059896668935	0.0	885714	3903.7600631441196	1.85
4894.593618742342	1850	47.5463768066495	0.0	987708	3795.6830900194404	1.85
4897.881211135632	1850	48.258784413359	0.0	923755	3287.5923932904925	1.85
4901.664961386692	1850	48.47503416230003	0.0	891604	3783.750251058974	1.85
4904.671909181633	1850	49.46808636735891	0.0	955231	3006.9477949411203	1.85
4907.757593410035	1850	50.38240213895711	0.0	968026	3085.6842284017935	1.85
4910.640252558245	1850	51.499742990746896	0.0	874175	2882.659148210218	1.85
4914.287018673056	1850	51.85297687593628	0.0	897976	3646.7661148106213	1.85
4917.60025708758	1850	52.53973846141194	0.0	905935	3313.238414524333	1.85
4925.2053862803	2850	48.93460926869153	0.0	1547572	7605.1291927204165	1.85
4930.050232862764	2850	48.08976268622866	0.0	1141971	4844.846582462864	2.85
4936.670550154446	2850	45.469445394546206	0.0	1498470	6620.317291682454	2.85
4941.624812631392	1850	44.51518291760025	0.0	975811	4954.262476945954	0.8500000000000001
4946.578322367814	1850	43.56167318117837	0.0	873429	4953.509736421883	1.85
4951.917582628626	1850	42.22241292036497	0.0	954453	5339.260260813403	1.85
4957.605460637392	1850	40.53453491160005	0.0	885062	5687.878008764913	1.85
4968.447463699217	1850	33.69253184977433	0.0	1035329	10842.003061825715	1.85
4986.340673902908	1200	19.799321646083943	0.0	690253	17893.210203690393	0.5499999999999999
5000.293821638908	1200	9.846173910083369	0.0	598727	13953.147736000574	1.2
5003.965889237124	300	10.174106311866895	0.0	131610	3672.0675982164735	-0.6000000000000001
5006.17157432	300	11.968421228990666	0.0	124011	2205.6850828762285	0.3
5009.838077889137	300	12.301917659854352	0.0	144254	3666.5035691363146	0.3
5013.848171094657	300	12.29182445433468	0.0	149991	4010.093205519671	0.3
5017.423921074492	300	12.71607447449956	0.0	147968	3575.7499798351196	0.3
5020.820171234349	300	13.319824314643053	0.0	161857	3396.250159856507	0.3
5024.15692698216	300	13.983068566830724	0.0	145210	3336.755747812331	0.3
5028.443702164597	300	13.696293384394904	0.0	172312	4286.775182435818	0.3
5033.567417793796	300	12.572577755195663	0.0	167025	5123.715629199241	0.3
5036.675196511403	300	13.464799037588975	0.0	160064	3107.778717606689	0.3
5037.690081906172	300	16.44991364281952	0.0	137507	1014.8853947694532	0.3
5040.50333108022	750	17.636664468772683	0.0	314107	2813.2491740468367	0.3
5044.201828113901	750	17.938167435091586	0.0	450283	3698.4970336810966	0.75
5045.5606845373995	300	20.579311011592207	0.0	155580	1358.8564234993798	-0.15000000000000002
5046.574705599076	300	23.565289949915595	0.0	139857	1014.0210616766138	0.3
5047.8075419354	300	26.3324536135912	0.0	155432	1232.8363363243939	0.3
5048.951211716954	300	29.18878383203628	0.0	163442	1143.6697815549212	0.3
5050.905866211472	750	31.23412933751848	0.0	318564	1954.6544945177982	0.3
5053.944478699051	750	32.19551684993977	0.0	352642	3038.6124875787064	0.75
5056.348373751259	750	33.79162179773197	0.0	437162	2403.8950522078067	0.75
5058.181748033068	750	35.95824751592221	0.0	374758	1833.3742818097603	0.75
5059.817796568861	750	38.322198980129066	0.0	362795	1636.048535793138	0.75
5062.287525700127	1200	39.85246984886326	0.0	607410	2469.7291312658117	0.75
5064.98122345585	1200	41.15877209313962	0.0	594078	2693.6977557236382	1.2
5067.65869044988	1200	42.48130509911051	0.0	624282	2677.466994029113	1.2
5070.991397128632	1200	43.148598420357395	0.0	687371	3332.706678753105	1.2
5073.492426081914	1200	44.647569467075684	0.0	526950	2501.028953281711	1.2
5076.086932008399	1200	46.05306354059084	0.0	587876	2594.5059264848446	1.2
5078.929074662768	1200	47.21092088622342	0.0	617242	2842.14265436742	1.2
5081.700856928652	1200	48.439138620338525	0.0	581493	2771.782265884894	1.2
5085.261519649138	1200	48.878475899853065	0.0	639204	3560.6627204854613	1.2
5089.201482113831	1200	48.93851343515994	0.0	586839	3939.962464693128	1.2
5093.89142658261	1200	48.24856896638168	0.0	601738	4689.94446877826	1.2
5103.682478143715	1200	42.45751740527541	0.0	616206	9791.051561106275	1.2
5111.428562144633	1200	38.71143340435699	0.0	656471	7746.084000918416	1.2
5115.037925050295	750	39.10207049869578	0.0	343800	3609.3629056612135	0.3
5118.2226723431495	750	39.91732320584071	0.0	359903	3184.7472928550674	0.75
5120.8547816659975	750	41.28521388299324	0.0	379700	2632.1093228474747	0.75
5124.32212952014	750	41.81786602885052	0.0	425781	3467.3478541427176	0.75
5126.4806204238985	750	43.659375125093455	0.0	277716	2158.490903757067	0.75
5128.514310025903	750	45.625685523088634	0.0	400396	2033.6896020048155	0.75
5130.164692641532	750	47.9753029074593	0.0	400508	1650.382615629339	0.75
5133.429860411763	1200	48.7101351372281	0.0	570392	3265.1677702312013	0.75
5137.002402289686	1200	49.137593259305575	0.0	620283	3572.541877922523	1.2
5141.379555665315	1200	48.76043988367645	0.0	584349	4377.153375629134	1.2
5146.436106445914	1200	47.70388910307725	0.0	670129	5056.550780599193	1.2
5153.241030110709	1850	44.89896543828197	0.0	1026056	6804.92366479528	1.2000000000000002
5158.983717173781	1850	43.15627837520972	0.0	943942	5742.687063072249	1.85
5163.0837036741505	1850	43.05629187483998	0.0	728962	4099.986500369751	1.85
5166.175226999858	1850	43.96476854913306	0.0	938587	3091.5233257069103	1.85
5169.884237717227	1850	44.25575783176376	0.0	908665	3709.0107173693036	1.85
5175.192873378517	1850	42.94712217047364	0.0	930577	5308.635661290124	1.85
5179.913826681333	1850	42.2261688676575	0.0	858450	4720.953302816139	1.85
5185.409720002799	1850	40.73027554619157	0.0	1025005	5495.893321465924	1.85
5191.793192782347	1850	38.34680276664363	0.0	886255	6383.472779547952	1.85
5199.9870356647825	1850	34.15295988420783	0.0	973972	8193.842882435789	1.85
5207.222561698127	1200	30.917433850863677	0.0	630203	7235.526033344159	0.5499999999999999
5213.750045306979	1200	28.389950242011942	0.0	638661	6527.483608851732	1.2
5217.823552067438	1200	28.316443481552945	0.0	538612	4073.506760458998	1.2
5225.936990227463	2850	24.203005321528185	0.0	1364537	8113.438160024762	1.2000000000000002
5229.030050361813	750	25.109945187177505	0.0	450283	3093.06013435068	0.75
5231.902670053085	750	26.237325495905203	0.0	398865	2872.6196912723035	0.75
5233.7815442814735	750	28.358451267517413	0.0	350812	1878.874228387791	0.75
5235.447347802432	750	30.692647746558468	0.0	382355	1665.8035209589445	0.75
5237.964592441713	750	32.17540310727843	0.0	411561	2517.2446392800393	0.75
5239.868526157634	750	34.27146939135714	0.0	318564	1903.9337159212891	0.75
5241.9439792031235	750	36.196016345867015	0.0	352642	2075.4530454901296	0.75
5246.8312994500175	1200	35.30869609897283	0.0	709534	4887.320246894181	0.75
5251.7089282027055	1200	34.431067346284706	0.0	584846	4877.628752688125	1.2
5257.461831583875	1200	32.67816396511504	0.0	560821	5752.903381169663	1.2
5263.6704363411445	1200	30.46955920784654	0.0	607410	6208.6047572685	1.2
5269.0824736343175	1200	29.057521914672744	0.0	594078	5412.037293173798	1.2
5273.7002872679095	1200	28.43970828108054	0.0	624282	4617.813633592204	1.2
5281.902828642465	1200	24.237166906525825	0.0	687371	8202.541374554716	1.2
5287.863930288842	1200	22.27606526014788	0.0	526950	5961.101646377945	1.2
5296.8053143470925	1200	17.334681201897514	0.0	587876	8941.384058250365	1.2
5304.027340827552	750	14.112654721438139	0.0	360831	7222.026480459374	0.3
5306.29965324852	300	15.840342300469608	0.0	150616	2272.31242096853	-0.15000000000000002
5309.2913857407	300	16.848609808290224	0.0	165384	2991.732492179386	0.3
5312.981031207486	300	17.15896434150479	0.0	140881	3689.645466785436	0.3
5318.976285152812	300	15.163710396178606	0.0	157671	5995.253945326183	0.3
5323.153677705415	300	14.986317843575303	0.0	157812	4177.392552603304	0.3
5326.626517253041	300	15.513478295949648	0.0	163927	3472.8395476256546	0.3
5328.613801754999	300	17.52619379399221	0.0	137654	1987.2845019574381	0.3
5330.103669710462	300	20.036325838528917	0.0	146754	1489.867955463295	0.3
5331.423216785133	300	22.716778763857928	0.0	153938	1319.5470746709873	0.3
5333.271191324257	300	24.86880422473384	0.0	181901	1847.974539124089	0.3
5334.1857074842965	300	27.954288064694826	0.0	111155	914.5161600390128	0.3
5335.6368608012135	300	30.503134747778002	0.0	153605	1451.153316916823	0.3
5337.071219313464	300	33.068776235527345	0.0	149029	1434.3585122506618	0.3
5338.980078335109	300	35.1599172138822	0.0	157421	1908.8590216451391	0.3
5341.438208985361	300	36.70178656363081	0.0	157488	2458.130650251395	0.3
5342.895869680174	300	39.244125868817115	0.0	143881	1457.6606948136998	0.3
5344.575409656509	300	41.56458589248181	0.0	163444	1679.5399763353032	0.3
5345.79689167225	300	44.34310387674056	0.0	179328	1221.4820157412535	0.3
5348.142823106701	750	45.99717244228883	0.0	365161	2345.931434451723	0.3
5351.545803503459	750	46.59419204553143	0.0	321064	3402.9803967573985	0.75
5354.08334046956	750	48.05665507943006	0.0	361565	2537.5369661013765	0.75
5356.511046391565	750	49.62894915742559	0.0	378327	2427.7059220044707	0.75
5359.325970089052	750	50.814025459939536	0.0	390680	2814.923697486055	0.75
5362.837102388835	750	51.30289316015667	0.0	345516	3511.132299782858	0.75
5365.381361581059	750	52.75863396793282	0.0	384505	2544.259192223847	0.75
5369.176499762161	1200	52.96349578682947	0.0	599477	3795.138181103354	0.75
5372.669281566875	1200	53.47071398211583	0.0	634861	3492.7818047136343	1.2
5377.345377352642	1200	52.794618196348544	0.0	630203	4676.095785767287	1.2
5381.501613197316	1200	52.63838235167423	0.0	638661	4156.235844674309	1.2
5390.874304966964	2850	47.26569058202684	0.0	1231456	9372.691769647394	1.2000000000000002
5400.514855263578	2850	41.62514028541153	0.0	1364537	9640.55029661531	2.85
5402.945296640212	750	43.19469890877776	0.0	450283	2430.4413766337702	0.75
5404.954128082639	750	45.18586746635221	0.0	398865	2008.8314424255586	0.75
5407.78204621645	1200	46.35794933254141	0.0	571051	2827.9181338107956	0.75
5410.811915954132	1200	47.32807959485964	0.0	617681	3029.8697376817727	1.2
5413.61416132633	1200	48.52583422266147	0.0	652874	2802.2453721981683	1.2
5416.390038493653	1200	49.74995705533899	0.0	520315	2775.8771673224846	1.2
5420.174175539529	1200	49.96582000946247	0.0	561791	3784.137045876517	1.2
5424.911147260961	1200	49.22884828803072	0.0	709534	4736.9717214317525	1.2
5429.135004137254	1200	49.00499141173727	0.0	584846	4223.856876293446	1.2
5431.734841547942	1200	50.405154001050086	0.0	560821	2599.8374106871906	1.2
5434.2052654527215	1200	51.934730096271146	0.0	607410	2470.4239047789342	1.2
5436.9443676552055	1200	53.19562789378648	0.0	594078	2739.102202484667	1.2
5439.865384163648	1200	54.274611385343775	0.0	624282	2921.016508442699	1.2
5445.485336626264	1850	52.654658922727116	0.0	1036454	5619.952462616664	1.2000000000000002
5449.431015001213	1850	52.708980547777784	0.0	821631	3945.6783749493316	1.85
5456.604438584451	1850	49.53555696454076	0.0	923170	7173.423583237025	1.85
5461.308511986726	1850	48.83148356226483	0.0	966699	4704.073402275926	1.85
5465.88774308306	1850	48.25225246593215	0.0	885714	4579.231096332679	1.85
5471.180376588893	1850	46.95961896010005	0.0	987708	5292.633505832098	1.85
5476.245625470261	1850	45.894370078730795	0.0	923755	5065.248881369255	1.85
5481.024753910816	1850	45.11524163817577	0.0	891604	4779.128440555029	1.85
5484.800948021262	1850	45.3390475277305	0.0	955231	3776.194110445264	1.85
5489.616415242646	1850	44.52358030634688	0.0	968026	4815.467221383627	1.85
5493.150199160856	1850	44.989796388137925	0.0	874175	3533.783918208953	1.85
5497.097214053723	1850	45.0427814952705	0.0	897976	3947.0148928674216	1.85
5501.454310138591	1850	44.6856854104027	0.0	905935	4357.096084867798	1.85
5507.083181215961	1850	43.05681433303185	0.0	1076599	5628.871077370849	1.85
5512.486932904685	1850	41.65306264430842	0.0	758197	5403.75168872343	1.85
5517.319166406615	1850	40.820829142377754	0.0	972798	4832.233501930666	1.85
5521.673256316371	1850	40.466739232622224	0.0	975811	4354.089909755529	1.85
5525.919267373429	1850	40.22072817556437	0.0	873429	4246.011057057854	1.85
5530.499598408659	1850	39.64039714033374	0.0	954453	4580.331035230628	1.85
5534.708032840068	1850	39.43196270892511	0.0	885062	4208.43443140863	1.85
5538.994826332573	1850	39.1451692164198	0.0	1035329	4286.793492505309	1.85
5543.904118608453	1850	38.23587694053962	0.0	1026056	4909.292275880188	1.85
5548.1336615979435	1850	38.00633395104867	0.0	943942	4229.542989490946	1.85
5552.812855135345	1850	37.32714041364774	0.0	728962	4679.1935374009245	1.85
5556.989586378155	1850	37.15040917083723	0.0	938587	4176.731242810517	1.85
5562.556394091745	1850	35.58360145724774	0.0	908665	5566.807713589492	1.85
5567.035231104505	1200	35.104764444487344	0.0	587506	4478.837012760397	0.5499999999999999
5571.232021915791	1200	34.90797363320159	0.0	566904	4196.790811285754	1.2
5576.021375870101	1200	34.11861967889121	0.0	641452	4789.353954310383	1.2
5579.880140834104	1200	34.25985471488839	0.0	599477	3858.764964002818	1.2
5582.819015236546	1200	35.320980312446586	0.0	634861	2938.8744024418065	1.2
5585.342444223162	1200	36.79755132583119	0.0	630203	2523.4289866153895	1.2
5590.038931715542	1850	36.10106383345068	0.0	982064	4696.4874923805155	1.2000000000000002
5595.427915280229	2850	34.71208026876395	0.0	1231456	5388.98356468673	1.85
5601.414531191071	2850	32.72546435792294	0.0	1364537	5986.615910841013	2.85
5603.329132670572	750	34.81086287842147	0.0	450283	1914.60147950147	0.75
5606.455451599853	1200	35.68454394914	0.0	611087	3126.318929281466	0.75
5609.7985661599805	1200	36.341429389012426	0.0	571051	3343.1145601275784	1.2
5614.853208947284	1200	35.286786601708236	0.0	617681	5054.6427873041885	1.2
5619.03690691227	1200	35.103088636722504	0.0	652874	4183.697964985732	1.2
5622.57241986832	1200	35.56757568067191	0.0	520315	3535.5129560505948	1.2
5626.208094757761	1200	35.93190079123099	0.0	561791	3635.674889440922	1.2
5633.932887945102	1200	32.20710760388969	0.0	709534	7724.793187341302	1.2
5638.870464641132	750	31.269530907860876	0.0	374758	4937.57669602881	0.3
5642.587691295661	750	31.55230425333161	0.0	362795	3717.2266545292664	0.75
5646.380830466723	750	31.759165082269277	0.0	353220	3793.1391710623366	0.75
5651.250347795645	750	30.88964775334791	0.0	405134	4869.517328921366	0.75
5655.5250506952425	750	30.614944853750412	0.0	386351	4274.702899597498	0.75
5658.990446032339	750	31.149549516653725	0.0	434409	3465.3953370966833	0.75
5661.230912309083	750	32.90908323991073	0.0	337059	2240.46627674299	0.75
5664.703320966212	750	33.43667458278057	0.0	366214	3472.408657130156	0.75
5666.738397904236	750	35.40159764475666	0.0	360831	2035.076938023902	0.75
5668.517052188839	750	37.62294336015231	0.0	372963	1778.6542846043542	0.75
5671.2896706992715	750	38.85032484972053	0.0	405596	2772.6185104317838	0.75
5673.591110505099	750	40.54888504389279	0.0	350713	2301.439805827733	0.75
5675.780447936046	750	42.359547612946415	0.0	386472	2189.337430946377	0.75
5679.0372236964495	1200	43.102771852542574	0.0	616206	3256.7757604038397	0.75
5682.740435744807	1200	43.39955980418514	0.0	656471	3703.212048357431	1.2
5686.565500098641	1200	43.574495450351336	0.0	536667	3825.064353833805	1.2
5690.750094262341	1200	43.389901286651195	0.0	587236	4184.594163700136	1.2
5694.638648683	1200	43.50134686599265	0.0	590335	3888.5544206585446	1.2
5698.620333590013	1200	43.51966195897889	0.0	696376	3981.684907013763	1.2
5701.18586213102	1200	44.95413341797192	0.0	487160	2565.5285410069714	1.2
5704.257459034428	1200	45.88253651456362	0.0	622896	3071.596903408305	1.2
5708.274995304695	1200	45.865000244296155	0.0	641447	4017.536270267459	1.2
5711.566312676614	1200	46.57368287237753	0.0	570392	3291.3173719186207	1.2
5714.001176439264	1200	48.13881910972795	0.0	620283	2434.8637626495843	1.2
5716.3614987914425	1200	49.77849675754917	0.0	584349	2360.3223521787804	1.2
5719.2454974074835	1200	50.894498141507476	0.0	670129	2883.99861604169	1.2
5723.308303091288	1850	50.83169245770399	0.0	1026056	4062.805683803491	1.2000000000000002
5728.006687797744	1850	50.13330775124763	0.0	943942	4698.384706456356	1.85
5732.149363546823	1850	49.990632002168134	0.0	728962	4142.675749079499	1.85
5736.799205716865	1850	49.3407898321264	0.0	938587	4649.842170041731	1.85
5748.210307660016	1850	41.92968788897562	0.0	908665	11411.101943150785	1.85
5766.508500033639	1850	27.63149551535229	0.0	930577	18298.192373623326	1.85
5777.903388669343	1200	20.236606879648022	0.0	566904	11394.888635704272	0.5499999999999999
5779.803757891225	300	22.336237657766084	0.0	161857	1900.369221881939	-0.6000000000000001
5781.35903085858	300	24.780964690411604	0.0	145210	1555.2729673544795	0.3
5783.819544402569	300	26.320451146423206	0.0	172312	2460.513543988401	0.3
5785.774425296034	300	28.36557025295833	0.0	167025	1954.8808934648732	0.3
5787.691994169844	300	30.448001379147364	0.0	160064	1917.5688738109673	0.3
5792.196817172665	1200	29.9431783763264	0.0	538612	4504.823002820965	0.29999999999999993
5796.476145380285	1850	29.663850168707206	0.0	846370	4279.3282076191945	1.2000000000000002
5798.399204100977	750	31.74079144801488	0.0	450283	1923.0587206923276	0.75
5800.03616471269	750	34.10383083630161	0.0	398865	1636.9606117132666	0.75
5804.228326633412	750	33.91166891558038	0.0	350812	4192.161920721235	0.75
5811.682936667362	750	30.457058881629905	0.0	382355	7454.610033950472	0.75
5816.64587689039	750	29.494118658602016	0.0	411561	4962.94022302789	0.75
5823.779098245307	750	26.36089730368515	0.0	318564	7133.221354916867	0.75
5825.921645343292	300	28.218350205700723	0.0	153295	2142.547097984425	-0.15000000000000002
5829.660649718278	300	28.4793458307143	0.0	173849	3739.0043749864244	0.3
5832.520794511578	300	29.619201037414037	0.0	150710	2860.1447933002623	0.3
5833.973997423578	300	32.16599812541381	0.0	139105	1453.2029120002292	0.3
5835.733178056765	300	34.406817492227596	0.0	141840	1759.1806331862151	0.3
5837.587464381139	300	36.552531167852194	0.0	156148	1854.286324375395	0.3
5839.846651920921	300	38.29334362807072	0.0	160746	2259.1875397814715	0.3
5841.5611959386515	300	40.57879961034073	0.0	179801	1714.544017729996	0.3
5843.305134569121	300	42.834860979871195	0.0	140051	1743.9386304695333	0.3
5844.850873476789	300	45.28912207220226	0.0	138313	1545.7389076689308	0.3
5846.002821353385	300	48.13717419560614	0.0	143509	1151.9478765961194	0.3
5847.073056444427	300	51.06693910456475	0.0	150616	1070.2350910413961	0.3
5850.22084350183	750	51.919152047160914	0.0	405596	3147.7870574038384	0.3
5855.996722945216	750	50.1432726037754	0.0	350713	5775.879443385511	0.75
5860.064888842855	750	50.07510670613714	0.0	386472	4068.165897638264	0.75
5862.987095347826	750	51.15290020116645	0.0	399894	2922.2065049706885	0.75
5869.728218661795	750	48.41177688719648	0.0	401853	6741.1233139699725	0.75
5872.093981396873	750	50.0460141521192	0.0	343800	2365.7627350772786	0.75
5874.669315406784	750	51.470680142207556	0.0	359903	2575.3340099116376	0.75
5877.048596524788	750	53.09139902420387	0.0	379700	2379.2811180036983	0.75
5880.009705122606	750	54.13029042638638	0.0	425781	2961.10859781748	0.75
5882.015339392382	750	56.12465615661022	0.0	277716	2005.634269776156	0.75
5886.360575482438	1200	55.77942006655393	0.0	622896	4345.236090056295	0.75
5889.940689077214	1200	56.199306471777994	0.0	641447	3580.113594775937	1.2
5893.245094402337	1200	56.89490114665604	0.0	570392	3304.4053251219552	1.2
5896.596563415958	1200	57.54343213303434	0.0	620283	3351.469013621701	1.2
5900.830900100832	1200	57.30909544816117	0.0	584349	4234.33668487317	1.2
5908.971101359889	1200	53.16889418910437	0.0	670129	8140.2012590568	1.2
5928.533378631109	1200	37.60661691788386	0.0	690253	19562.27727122051	1.2
5939.343552650038	1200	30.79644289895516	0.0	598727	10810.1740189287	1.2
5943.123908536823	750	31.016087012169535	0.0	321064	3780.3558867856214	0.3
5945.896559676478	750	32.2434358725144	0.0	361565	2772.6511396551423	0.75
5950.969227944546	750	31.17076760444677	0.0	378327	5072.668268067624	0.75
5970.057718116349	750	16.082277432644506	0.0	390680	19088.490171802263	0.75
5977.4179852131365	300	12.722010335857194	0.0	147968	7360.267096787312	-0.15000000000000002
5987.104178459768	300	7.035817089225551	0.0	161857	9686.193246631643	0.3
5995.456492936517	300	4.0	1.3164973875232244	145210	8352.314476748776	-5.360938766349865
6004.738910233271	300	4.0	5.28241729675444	172312	9282.41729675444	-22.41439437604409
6013.823383683653	300	4.0	5.084473450381987	167025	9084.473450381987	-21.56323583664254
6023.599945424736	300	4.0	5.776561741081532	160064	9776.561741081532	-24.539215486650587
6031.11888227636	300	4.0	3.518936851624796	137507	7518.936851624796	-14.831428461986622
6037.943717474005	300	4.0	2.8248351976453105	118421	6824.8351976453105	-11.846791349874835
6067.237301458827	750	4.0	25.293583984821534	450283	29293.583984821533	-108.01241113473259
6076.756280039374	300	4.0	5.518978580548126	155580	9518.978580548126	-23.88160789635694
6084.824863084464	300	4.0	4.068583045088668	139857	8068.583045088668	-17.194907093881273
6094.430309270784	300	4.0	5.605446186321127	155432	9605.446186321127	-23.803418601180844
6104.0517965613935	300	4.0	5.62148729060985	163442	9621.48729060985	-23.872395349622355
6111.986166660338	300	4.0	3.934370098944681	126289	7934.370098944681	-16.617791425462126
6120.893489349729	300	4.0	4.907322689390356	153295	8907.322689390356	-20.80148756437853
6133.335633689158	300	4.0	8.442144339428785	173849	12442.144339428785	-36.001220659543776
6144.034059422902	300	4.0	6.69842573374319	150710	10698.42573374319	-28.503230655095717
6152.542484553012	300	4.0	4.508425130110464	139105	8508.425130110463	-19.08622805947499
6162.478595996225	300	4.0	5.936111443212186	141840	9936.111443212187	-25.2252792058124
6170.993178378624	300	4.0	4.514582382399254	156148	8514.582382399254	-19.11270424431679
6179.454563318708	300	4.0	4.46138494008445	160746	8461.38494008445	-18.883955242363132
6190.3029237978835	300	4.0	6.84836047917476	179801	10848.36047917476	-29.147950060451464
6197.895141432348	300	4.0	3.592217634465406	140051	7592.217634465406	-15.146535828201245
6205.4810023832315	300	4.0	3.5858609508824473	138313	7585.8609508824475	-15.119202088794522
6216.0374210317605	300	4.0	6.556418648528661	143509	10556.418648528661	-27.89260018867324
6224.60706397831	300	4.0	4.56964294654964	150616	8569.64294654964	-19.349464670163453
6234.226400423914	300	4.0	5.619336445604343	165384	9619.336445604344	-23.863146716098676
6240.181108141845	300	4.0	1.9547077179295993	140881	5954.707717929599	-8.105243187097276
6247.7429613293	300	4.0	3.561853187456054	157671	7561.853187456054	-15.015968706061031
6254.549432903786	300	4.0	2.8064715744850264	157812	6806.471574485026	-11.767827770285612
6262.081876063162	300	4.0	3.5324431593759735	163927	7532.443159375974	-14.889505585316686
6268.343486147209	300	4.0	2.2616100840476476	137654	6261.610084047647	-9.424923361404884
6275.7577363693545	300	4.0	3.4142502221459963	146754	7414.250222145996	-14.381275955227782
6283.023447631837	300	4.0	3.2657112624827813	153938	7265.711262482781	-13.742558428675958
6292.995999420915	300	4.0	5.97255178907717	181901	9972.55178907717	-25.38197269303183
6297.806691605885	300	4.0	0.8106921849711053	111155	4810.692184971105	-3.1859763953757527
6306.731458052382	300	4.0	4.924766446496191	153605	8924.76644649619	-20.87649571993362
6315.751862401369	300	4.0	5.020404348987518	149029	9020.404348987518	-21.287738700646326
6322.773613226299	300	4.0	3.0217508249297387	157421	7021.750824929739	-12.693528547197875
6325.958591028055	300	4.815022198244249	0.0	157488	3184.9778017557505	0.3
6327.2584527623485	300	7.515160463950882	0.0	143881	1299.8617342933667	0.3
6328.392124069503	300	10.381489156796427	0.0	163444	1133.6713071544561	0.3
6329.483835167595	300	13.289778058703954	0.0	179328	1091.7110980924715	0.3
6330.391293478534	300	16.382319747765244	0.0	159914	907.4583109387096	0.3
6331.268994679398	300	19.504618546900943	0.0	131610	877.7012008643012	0.3
6332.165617280709	300	22.607995945590247	0.0	124011	896.622601310696	0.3
6338.800349811125	750	19.973263415173914	0.0	378327	6634.732530416332	0.3
6341.535233632131	750	21.238379594167053	0.0	390680	2734.8838210068616	0.75
6343.606948635023	750	23.16666459127516	0.0	345516	2071.7150028918923	0.75
6347.372046781572	750	23.40156644472642	0.0	384505	3765.0981465487416	0.75
6349.1094108266	300	25.66420239969761	0.0	145210	1737.3640450288094	-0.15000000000000002
6351.319232142482	300	27.454381083815775	0.0	172312	2209.8213158818353	0.3
6355.521530496328	750	27.252082729970212	0.0	398987	4202.2983538455655	0.3
6359.970734665302	750	26.802878560994515	0.0	393804	4449.204168975694	0.75
6363.373422932196	750	27.400190294100888	0.0	331053	3402.688266893628	0.75
6369.943927279993	1850	24.82968594630388	0.0	846370	6570.50434779701	0.75
6375.809875258501	750	22.963737967796312	0.0	450283	5865.947978507567	0.75
6379.272089649249	750	23.501523577047934	0.0	398865	3462.214390748377	0.75
6382.912832240559	750	23.860780985738153	0.0	350812	3640.742591309783	0.75
6387.273839588312	750	23.499773637985204	0.0	382355	4361.007347752948	0.75
6390.422229675768	750	24.351383550528613	0.0	411561	3148.3900874565916	0.75
6393.617548967167	750	25.1560642591299	0.0	318564	3195.319291398712	0.75
6397.569676068683	750	25.20393715761309	0.0	352642	3952.127101516811	0.75
6403.388604708157	750	23.38500851813952	0.0	437162	5818.928639473567	0.75
6408.32366157822	750	22.449951648077143	0.0	374758	4935.056870062383	0.75
6412.871690611887	750	21.90192261440997	0.0	362795	4548.029033667172	0.75
6421.94937084665	750	16.824242379647036	0.0	353220	9077.680234762935	0.75
6426.76654737137	300	16.00706585492648	0.0	156148	4817.176524720555	-0.15000000000000002
6427.927248398253	300	18.846364828043487	0.0	160746	1160.7010268829963	0.3
6429.086564194797	300	21.68704903149956	0.0	179801	1159.315796543927	0.3
6430.59521061084	300	24.178402615456807	0.0	140051	1508.6464160427506	0.3
6433.411656365651	300	25.361956860645677	0.0	138313	2816.44575481113	0.3
6436.22808521566	300	26.545528010636268	0.0	143509	2816.4288500094103	0.3
6440.455250073869	300	26.318363152427004	0.0	150616	4227.164858209259	0.3
6448.280792126889	300	22.492821099407784	0.0	165384	7825.54205301922	0.3
6449.37193398812	300	25.40167923817625	0.0	140881	1091.1418612315338	0.3
6450.334928929919	300	28.4386842963777	0.0	157671	962.994941798549	0.3
6451.232446155161	300	31.54116707113684	0.0	157812	897.5172252408646	0.3
6452.251447613063	300	34.52216561323506	0.0	163927	1019.0014579017765	0.3
6453.618201527407	300	37.15541169888958	0.0	137654	1366.7539143454849	0.3
6460.733398391656	750	34.04021483464136	0.0	359903	7115.1968642482125	0.3
6471.51320291771	750	27.260410308586966	0.0	379700	10779.804526054393	0.75
6501.234951054531	750	4.0	2.4613378282340928	425781	29721.748136821057	-9.833752661406598
6510.090342014371	300	4.0	4.855390959840155	111155	8855.390959840155	-21.028181127312664
6522.286636518466	300	4.0	8.196294504094979	153605	12196.29450409498	-34.944066367608414
6533.916729656932	300	4.0	7.630093138465865	149029	11630.093138465865	-32.50940049540322
6545.217094532423	300	4.0	7.300364875491603	157421	11300.364875491603	-31.09156896461389
6554.15314640929	300	4.0	4.936051876865871	157488	8936.051876865871	-20.925023070523245
6564.855611726607	300	4.0	6.70246531731751	143881	10702.46531731751	-28.52060086446529
6575.898926618087	300	4.0	7.043314891479711	163444	11043.314891479711	-29.986254033362755
6587.5517885206	300	4.0	7.652861902512479	179328	11652.861902512479	-32.60730618080366
6596.737260507187	300	4.0	5.185471986587569	159914	9185.471986587569	-21.997529542326543
6604.13010434264	300	4.0	3.3928438354531627	131610	7392.843835453163	-14.289228492448599
6611.254544812923	300	4.0	3.1244404702830826	124011	7124.4404702830825	-13.135094022217254
6619.59121642135	300	4.0	4.336671608426373	144254	8336.671608426373	-18.347687916233404
6628.484900130529	300	4.0	4.893683709179217	149991	8893.683709179217	-20.742839949470632
6638.478922650947	300	4.0	5.994022520418731	147968	9994.022520418732	-25.474296837800544
6648.67250758727	300	4.0	6.193584936322952	161857	10193.584936322952	-26.332415226188694
6655.659794171618	300	4.0	2.987286584348426	145210	6987.286584348426	-12.545332312698232
6664.353281804383	300	4.0	4.693487632764675	172312	8693.487632764674	-19.881996820888098
6675.448163646474	300	4.0	7.094881842091753	167025	11094.881842091752	-30.207991920994534
6686.795835212576	300	4.0	7.347671566101788	160064	11347.671566101788	-31.294987734237687
6694.632700411995	300	4.0	3.836865199419023	137507	7836.865199419023	-16.1985203575018
6702.159124110079	300	4.0	3.5264236980832084	118421	7526.423698083208	-14.863621901757796
6728.555778789946	750	4.0	22.39665467986755	450283	26396.654679867548	-95.55561512343046
6738.041534925211	300	4.0	5.485756135264026	155580	9485.756135264026	-23.73875138163531
6745.126279492596	300	4.0	3.0847445673855654	139857	7084.7445673855655	-12.964401639757929
6752.642085085005	300	4.0	3.5158055924091434	155432	7515.805592409143	-14.817964047359315
6755.694936618448	300	4.947148466556802	0.0	163442	3052.851533443198	0.3
6756.330684068816	300	8.311401016189226	0.0	126289	635.7474503675764	0.3
6757.058034445337	300	11.58405063966792	0.0	153295	727.3503765213067	0.3
6757.827486691984	300	14.81459839302138	0.0	173849	769.4522466465409	0.3
6758.664989815115	300	17.977095269889553	0.0	150710	837.5031231318256	0.3
6759.400634244651	300	21.241450840354332	0.0	139105	735.6444295352198	0.3
6760.836262161406	750	23.805822923599006	0.0	353220	1435.6279167553264	0.3
6762.500899533403	750	26.14118555160209	0.0	405134	1664.6373719969192	0.75
6764.513116801469	1200	28.128968283536633	0.0	624282	2012.217268065454	0.75
6766.586211841758	1200	30.05587324324713	0.0	687371	2073.0950402895023	1.2
6768.09615600996	1200	32.545929075045926	0.0	526950	1509.9441682012034	1.2
6771.909873192774	1850	32.73221189223152	0.0	923170	3813.7171828144074	1.2000000000000002
6776.192421565217	1850	32.44966351978853	0.0	966699	4282.548372442994	1.85
6778.659993635229	1850	33.98209144977689	0.0	885714	2467.5720700116376	1.85
6781.56618723401	1850	35.07589785099614	0.0	987708	2906.1935987807497	1.85
6784.8593689197205	1850	35.78271616528525	0.0	923755	3293.1816857108906	1.85
6787.390721440097	1850	37.25136364490847	0.0	891604	2531.352520376775	1.85
6790.551553888404	1850	38.090531196601546	0.0	955231	3160.832448306931	1.85
6794.293541705745	1850	38.34854337926027	0.0	968026	3741.9878173412735	1.85
6799.565095014156	1850	37.076990070849384	0.0	874175	5271.553308410894	1.85
6808.126145063831	1850	32.51594002117361	0.0	897976	8561.050049675769	1.85
6813.388113202626	1200	31.253971882379524	0.0	590335	5261.968138794092	0.5499999999999999
6819.414290064175	1200	29.22779502083035	0.0	696376	6026.176861549175	1.2
6823.797542227415	750	28.844542857590266	0.0	277716	4383.252163240083	0.3
6827.804333789667	750	28.837751295337196	0.0	400396	4006.7915622530704	0.75
6830.62024792934	750	30.021837155664784	0.0	400508	2815.9141396724135	0.75
6833.217678609928	750	31.424406475075628	0.0	358218	2597.430680589153	0.75
6837.018710206033	750	31.62337487897087	0.0	400322	3801.0315961047595	0.75
6840.031031484505	750	32.61105360049892	0.0	369834	3012.321278471948	0.75
6843.475244259299	750	33.166840825703936	0.0	412837	3444.212774794987	0.75
6846.866355469068	750	33.77572961593395	0.0	401088	3391.111209769983	0.75
6850.073615856843	750	34.568469228159316	0.0	365161	3207.260387774631	0.75
6852.711757420783	750	35.93032766421932	0.0	321064	2638.1415639399975	0.75
6855.867827903888	750	36.77425718111528	0.0	361565	3156.070483104042	0.75
6859.463070044651	750	37.179015040351125	0.0	378327	3595.242140764157	0.75
6863.040922367713	750	37.60116271728933	0.0	390680	3577.8523230617952	0.75
6868.3470222169535	750	36.29506286804903	0.0	345516	5306.099849240303	0.75
6874.1944779401965	750	34.447607144805936	0.0	384505	5847.45572324309	0.75
6882.576806525394	750	30.065278559607574	0.0	372093	8382.328585198364	0.75
6886.259631589167	750	30.38245349583528	0.0	438281	3682.825063772296	0.75
6889.579210778971	750	31.062874306031233	0.0	398987	3319.579189804045	0.75
6895.424130326383	750	29.21795475861837	0.0	393804	5844.919547412863	0.75
6900.07685143554	750	28.565233649461653	0.0	331053	4652.721109156714	0.75
6909.3231045233115	1850	23.318980561690864	0.0	846370	9246.25308777079	0.75
6913.72214139196	750	22.9199436930426	0.0	450283	4399.036868648263	0.75
6917.063397173522	750	23.578687911480593	0.0	398865	3341.2557815620075	0.75
6921.463065416266	750	23.17901966873775	0.0	350812	4399.668242742842	0.75
6924.6061168818605	750	24.03596820314218	0.0	382355	3143.051465595569	0.75
6927.714719175766	750	24.92736590923671	0.0	411561	3108.6022939054724	0.75
6930.288213989666	750	26.353871095336842	0.0	318564	2573.4948138998648	0.75
6933.575149643689	750	27.066935441313937	0.0	352642	3286.935654022906	0.75
6937.740362088039	750	26.901722996964008	0.0	437162	4165.2124443499315	0.75
6941.013208594452	750	27.628876490549608	0.0	374758	3272.8465064144016	0.75
6943.607652704236	750	29.034432380765676	0.0	362795	2594.444109783931	0.75
6945.101921585878	750	31.540163499124354	0.0	353220	1494.2688816413195	0.75
6947.419477841864	750	33.22260724313701	0.0	405134	2317.5562559873415	0.75
6950.973777801593	1200	33.668307283407515	0.0	624282	3554.2999597294943	0.75
6953.895471804472	1200	34.746613280528955	0.0	687371	2921.694002878562	1.2
6956.867740980558	1200	35.77434410444354	0.0	526950	2972.2691760854063	1.2
6960.592067693669	1200	36.050017391332695	0.0	587876	3724.32671311085	1.2
6970.000576467101	1200	30.641508617900413	0.0	617242	9408.508773432282	1.2
6978.021617631586	750	26.620467453415607	0.0	372963	8021.041164484806	0.3
6988.857360374795	750	19.784724710207676	0.0	405596	10835.742743207931	0.75
6990.7621547513845	300	21.879930333617455	0.0	140881	1904.7943765902214	-0.15000000000000002
6996.120047008026	300	20.5220380769764	0.0	157671	5357.892256641054	0.3
7000.167171413767	300	20.474913671234752	0.0	157812	4047.1244057416493	0.3
7003.364141990684	300	21.277943094318033	0.0	163927	3196.9705769167213	0.3
7005.323677174002	300	23.31840791100011	0.0	137654	1959.5351833179234	0.3
7007.298358251698	300	25.343726833303307	0.0	146754	1974.6810776968066	0.3
7009.095406548981	300	27.54667853602023	0.0	153938	1797.0482972830753	0.3
7011.186864413103	300	29.455220671898395	0.0	181901	2091.457864121837	0.3
7012.945357581155	300	31.696727503846745	0.0	111155	1758.4931680516506	0.3
7015.198633185222	300	33.44345189977925	0.0	153605	2253.275604067502	0.3
7017.3940811336715	300	35.248003951329515	0.0	149029	2195.447948449734	0.3
7019.632767825129	300	37.00931725987098	0.0	157421	2238.6866914585244	0.3
7020.818438615736	300	39.823646469264034	0.0	157488	1185.6707906069462	0.3
7022.389996518221	300	42.25208856677942	0.0	143881	1571.5579024846159	0.3
7024.155942439729	300	44.486142645270576	0.0	163444	1765.945921508846	0.3
7025.969693836398	300	46.672391248602075	0.0	179328	1813.751396668502	0.3
7029.335781193899	750	47.30630389110025	0.0	365161	3366.0873575018245	0.3
7031.0758471399195	750	49.56623794508001	0.0	321064	1740.0659460202392	0.75
7034.624650451855	1200	50.01743463314452	0.0	575591	3548.8033119354936	0.75
7040.7895746212225	1200	47.85251046377606	0.0	605884	6164.92416936845	1.2
7045.357115012987	1200	47.28497007201184	0.0	587506	4567.540391764232	1.2
7047.131826951108	1200	49.51025813389035	0.0	566904	1774.7119381214789	1.2
7048.8841126850875	1200	51.75797239991187	0.0	641452	1752.285733978485	1.2
7050.574223021196	1200	54.067862063802465	0.0	599477	1690.1103361094088	1.2
7058.632601829785	1850	50.009483255213716	0.0	973972	8058.378808588748	1.2000000000000002
7084.516720341508	1850	28.125364743491446	0.0	958994	25884.11851172227	1.85
7119.519168331159	1200	4.0	6.877083246159105	638661	35002.44798965055	-29.021457958484152
7126.6384515347945	300	4.0	3.1192832036364218	137507	7119.283203636422	-14.012917775636613
7132.770380581196	300	4.0	2.1319290464018623	118421	6131.929046401862	-8.867294899528007
7158.843817494687	750	4.0	22.0734369134907	450283	26073.4369134907	-94.16577872801
7169.187213371428	300	4.0	6.343395876740691	155580	10343.395876740691	-27.42660226998497
7179.614597029586	300	4.0	6.427383658157443	139857	10427.383658157443	-27.337749730077004
7188.542170560688	300	4.0	4.927573531102537	155432	8927.573531102536	-20.888566183740906
7196.039811288508	300	4.0	3.497640727820185	163442	7497.640727820185	-14.739855129626795
7201.744807431548	300	4.0	1.7049961430398899	126289	5704.99614303989	-7.031483415071526
7209.2338669230785	300	4.0	3.48905949153065	153295	7489.05949153065	-14.702955813581793
7218.555129595958	300	4.0	5.321262672878374	173849	9321.262672878374	-22.58142949337701
7227.082019112928	300	4.0	4.526889516970421	150710	8526.889516970421	-19.165624922972807
7234.4149885307	300	4.0	3.3329694177720284	139105	7332.9694177720285	-14.031768496419721
7241.831949053722	300	4.0	3.416960523022088	141840	7416.960523022088	-14.392930248994977
7250.371560379465	300	4.0	4.539611325742584	156148	8539.611325742584	-19.22032870069311
7259.273882097993	300	4.0	4.9023217185283485	160746	8902.321718528348	-20.779983389671898
7269.385920871141	300	4.0	6.112038773148131	179801	10112.038773148131	-25.981766724536964
7278.758579527195	300	4.0	5.3726586560539	140051	9372.6586560539	-22.802432221031765
7288.148230670163	300	4.0	5.3896511429673115	138313	9389.651142967312	-22.875499914759438
7298.040561385401	300	4.0	5.892330715238086	143509	9892.330715238086	-25.03702207552377
7307.956298888056	300	4.0	5.915737502655491	150616	9915.737502655491	-25.137671261418607
7319.177989211045	300	4.0	7.221690322988352	165384	11221.690322988352	-30.753268388849914
7327.7587719465455	300	4.0	4.580782735500365	140881	8580.782735500365	-19.397365762651567
7335.502768450684	300	4.0	3.743996504138627	157671	7743.996504138627	-15.799184967796094
7336.768176608159	300	6.734591842525304	0.0	157812	1265.4081574746956	0.3
7338.180470221665	300	9.322298229018957	0.0	163927	1412.2936135063455	0.3
7339.115311294579	300	12.387457156104258	0.0	137654	934.8410729146995	0.3
7340.240660086402	300	15.262108364281865	0.0	146754	1125.3487918223923	0.3
7341.318504750892	300	18.184263699792158	0.0	153938	1077.8446644897085	0.3
7342.882974390085	300	20.61979406059977	0.0	181901	1564.4696391923908	0.3
7343.8145218949385	300	23.688246555746048	0.0	111155	931.5475048537189	0.3
7344.738258898343	300	26.76450955234167	0.0	153605	923.737003404377	0.3
7345.526989508619	300	29.97577894206555	0.0	149029	788.7306102761221	0.3
7347.179966601631	750	32.32280184905394	0.0	358218	1652.9770930116113	0.3
7348.894153103524	750	34.6086153471614	0.0	400322	1714.1865018925494	0.75
7351.636825348369	750	35.86594310231638	0.0	369834	2742.672244845014	0.75
7356.492697652247	1200	35.01007079843751	0.0	670129	4855.872303878865	0.75
7361.511795793626	1200	33.99097265705834	0.0	690253	5019.0981413791715	1.2
7368.532655335834	1200	30.97011311485172	0.0	598727	7020.859542206624	1.2
7373.453294665083	750	30.049473785602125	0.0	321064	4920.639329249596	0.3
7377.085891491076	750	30.416876959609894	0.0	361565	3632.59682599223	0.75
7379.41809766465	750	32.08467078603561	0.0	378327	2332.206173574283	0.75
7381.846142969343	750	33.65662548134239	0.0	390680	2428.0453046932234	0.75
7384.0225103660805	750	35.48025808460543	0.0	345516	2176.3673967369523	0.75
7386.620222431669	750	36.882546019016324	0.0	384505	2597.712065589112	0.75
7389.388544235767	750	38.1142242149187	0.0	372093	2768.321804097624	0.75
7391.907298837206	750	39.59546961347932	0.0	438281	2518.7546014393847	0.75
7394.561180053836	1200	40.94158839684886	0.0	630203	2653.881216630465	0.75
7399.749662933027	1850	39.75310551765807	0.0	982064	5188.4828791907885	1.2000000000000002
7404.810835805119	2850	38.691932645566126	0.0	1231456	5061.172872091945	1.85
7414.0508890441915	2850	33.45187940649304	0.0	1364537	9240.053239073084	2.85
7417.68944300633	750	33.813325444354696	0.0	450283	3638.553962138344	0.75
7421.000704902789	750	34.502063547896554	0.0	398865	3311.261896458145	0.75
7424.476622050662	750	35.02614640002353	0.0	350812	3475.9171478730273	0.75
7427.835815730459	750	35.66695272022581	0.0	382355	3359.1936797977182	0.75
7430.116746789708	750	37.38602166097699	0.0	411561	2280.931059248815	0.75
7431.636381898953	750	39.86638655173222	0.0	318564	1519.6351092447744	0.75
7432.967573514709	750	42.53519493597565	0.0	352642	1331.1916157565618	0.75
7437.267575083004	1200	42.23519336768064	0.0	709534	4300.001568295014	0.75
7440.665670733946	1200	42.83709771673843	0.0	584846	3398.0956509422126	1.2
7443.299146884201	1200	44.203621566483356	0.0	560821	2633.476150255069	1.2
7446.522885652817	1200	44.97988279786659	0.0	607410	3223.738768616774	1.2
7448.932155018065	1200	46.57061343261946	0.0	594078	2409.2693652471266	1.2
7452.507833112226	1200	46.99493533845875	0.0	624282	3575.6780941607067	1.2
7458.505583236611	1200	44.99718521407433	0.0	687371	5997.750124384426	1.2
7461.138249817754	1200	46.36451863293188	0.0	526950	2632.666581142443	1.2
7462.865910085348	1200	48.636858365336586	0.0	587876	1727.6602675952954	1.2
7464.571077655525	1200	50.93169079515974	0.0	617242	1705.1675701768463	1.2
7467.256681234093	1200	52.2460872165922	0.0	581493	2685.6035785675354	1.2
7470.469285917174	1850	53.033482533510735	0.0	987708	3212.604683081466	1.2000000000000002
7473.566664554874	1850	53.93610389581172	0.0	923755	3097.3786376990197	1.85
7475.567767493915	1850	55.93500095677056	0.0	891604	2001.102939041162	1.85
7481.188852277566	2850	54.31391617312	0.0	1468126	5621.084783650557	1.85
7490.828478598981	2850	48.674289851704216	0.0	1505760	9639.62632141578	2.85
7501.690146872539	2850	41.81262157814628	0.0	1323990	10861.668273557943	2.85
7504.864753944646	1850	42.638014506039944	0.0	897976	3174.607072106329	0.8500000000000001
7509.021579721774	1850	42.48118872891118	0.0	905935	4156.825777128769	1.85
7516.613753347302	1850	38.88901510338285	0.0	1076599	7592.173625528322	1.85
7519.464915635546	1200	40.03785281513798	0.0	487160	2851.162288244871	0.5499999999999999
7521.58509517154	1200	41.91767327914448	0.0	622896	2120.179535993496	1.2
7525.279223629435	1200	42.22354482124925	0.0	641447	3694.1284578952327	1.2
7527.5349303058965	1200	43.96783814478815	0.0	570392	2255.7066764610927	1.2
7530.706415956899	1200	44.796352493785534	0.0	620283	3171.4856510026248	1.2
7533.534909070958	1200	45.967859379726626	0.0	584349	2828.493114058904	1.2
7535.87941092553	1200	47.62335752515407	0.0	670129	2344.5018545725593	1.2
7541.476879699308	1850	46.02588875137647	0.0	1026056	5597.468773777594	1.2000000000000002
7544.321036639791	1850	47.181731810893226	0.0	943942	2844.156940483247	1.85
7547.721582128941	1850	47.78118632174297	0.0	728962	3400.545489150252	1.85
7552.533369313611	1850	46.969399137073594	0.0	938587	4811.787184669374	1.85
7555.4057628729315	1850	48.097005577752824	0.0	908665	2872.393559320772	1.85
7560.063307404012	1850	47.43946104667173	0.0	930577	4657.544531081094	1.85
7566.395671352512	1850	45.10709709817214	0.0	858450	6332.363948499586	1.85
7575.513227172947	1850	39.98954127773696	0.0	1025005	9117.555820435176	1.85
7577.790636080066	1200	41.71213237061826	0.0	599477	2277.408907118704	0.5499999999999999
7580.309742186475	1200	43.19302626420914	0.0	634861	2519.1061064091177	1.2
7583.369583664397	1200	44.133184786286314	0.0	630203	3059.841477922826	1.2
7585.647062919379	1200	45.85570553130459	0.0	638661	2277.4792549817266	1.2
7590.441771405081	2850	45.06099704560223	0.0	1231456	4794.708485702355	1.2000000000000002
7595.637435853673	2850	43.86533259701031	0.0	1364537	5195.664448591917	2.85
7597.329583062944	750	46.17318538773916	0.0	450283	1692.147209271146	0.75
7599.5719442971185	1200	47.93082415356538	0.0	611087	2242.3612341737853	0.75
7602.006102034913	1200	49.49666641576985	0.0	571051	2434.1577377955227	1.2
7603.8555274675755	1200	51.64724098310773	0.0	617681	1849.425432662124	1.2
7607.183095918129	1200	52.31967253255401	0.0	652874	3327.568450553722	1.2
7609.478180854279	1200	54.024587596403805	0.0	520315	2295.0849361502037	1.2
7614.36429073736	1850	53.13847771332344	0.0	905515	4886.10988308037	1.2000000000000002
7621.627659732517	1850	49.87510871816619	0.0	1060487	7263.368995157253	1.85
7628.302939258905	1850	47.19982919177779	0.0	852833	6675.279526388399	1.85
7636.121794500914	1850	43.38097394976985	0.0	913888	7818.855242007936	1.85
7646.816654093393	1850	36.686114357291025	0.0	939819	10694.859592478835	1.85
7653.269420377135	1200	34.23334807354795	0.0	594078	6452.766283743068	0.5499999999999999
7659.453694869032	1200	32.04907358165151	0.0	624282	6184.274491896438	1.2
7665.2895078531155	1200	30.21326059756748	0.0	687371	5835.812984084034	1.2
7670.319731303544	1200	29.183037147138528	0.0	526950	5030.223450428956	1.2
7685.2613933776665	1200	18.24137507301707	0.0	587876	14941.662074121452	1.2
7687.984434474837	300	19.518333975846367	0.0	143509	2723.0410971707056	-0.6000000000000001
7688.996649345153	300	22.506119105530555	0.0	150616	1012.2148703158141	0.3
7690.486352291795	300	25.016416158889275	0.0	165384	1489.7029466412798	0.3
7691.522509322514	300	27.980259128168903	0.0	140881	1036.1570307203713	0.3
7692.321808084045	300	31.180960366638228	0.0	157671	799.2987615306737	0.3
7694.546095053294	750	32.956673397389196	0.0	399894	2224.286969249034	0.3
7696.582806472487	750	34.919961978195936	0.0	401853	2036.7114191932612	0.75
7698.800536779016	750	36.70223167166818	0.0	343800	2217.730306527754	0.75
7700.675892205214	750	38.826876245469506	0.0	359903	1875.3554261986703	0.75
7703.438308493604	1200	40.064459957079556	0.0	590335	2762.4162883899517	0.75
7706.624693585889	1200	40.878074864794485	0.0	696376	3186.3850922850716	1.2
7708.67972972878	1200	42.82303872190322	0.0	487160	2055.0361428912684	1.2
7711.383524757648	1200	44.11924369303592	0.0	622896	2703.795028867303	1.2
7714.728428123405	1200	44.77434032727853	0.0	641447	3344.903365757387	1.2
7719.483294803993	1200	44.01947364669134	0.0	570392	4754.866680587191	1.2
7723.618733814663	1200	43.8840346360207	0.0	620283	4135.439010670632	1.2
7727.395646035229	1200	44.107122415455216	0.0	584349	3776.912220565484	1.2
7731.790199794223	1200	43.712568656461514	0.0	670129	4394.553758993705	1.2
7736.534992895422	1200	42.96777555526243	0.0	690253	4744.793101199089	1.2
7740.529484229008	1200	42.973284221676415	0.0	598727	3994.4913335860097	1.2
7744.8587837110945	1200	42.64398473958953	0.0	487812	4329.299482086894	1.2
7749.603189292302	1200	41.89957915838168	0.0	575591	4744.405581207851	1.2
7753.470329121268	1200	42.0324393294157	0.0	605884	3867.1398289659687	1.2
7757.066515136252	1200	42.436253314431866	0.0	587506	3596.186014983837	1.2
7759.981994424413	1200	43.52077402627065	0.0	566904	2915.479288161214	1.2
7762.722588974457	1200	44.780179476226586	0.0	641452	2740.5945500440625	1.2
7765.430606586061	1200	46.072161864622416	0.0	599477	2708.0176116041666	1.2
7768.935567507932	1200	46.567200942751676	0.0	634861	3504.960921870739	1.2
7772.403930013964	1200	47.09883843671991	0.0	630203	3468.3625060317636	1.2
7779.755954723783	2850	43.74681372690015	0.0	1483527	7352.024709819761	1.2000000000000002
7785.1867930111375	2850	42.315975439546655	0.0	1231456	5430.8382873535	2.85
7793.667882342371	2850	37.834886108313235	0.0	1364537	8481.089331233416	2.85
7797.829317504961	750	37.673450945723346	0.0	450283	4161.4351625898935	0.75
7805.084202583748	1200	34.41856586693607	0.0	611087	7254.885078787271	0.75
7816.284508046922	1200	27.218260403761494	0.0	571051	11200.305463174574	1.2
7826.770505316626	1200	20.73226313405733	0.0	617681	10485.997269704163	1.2
7836.8614780371745	750	14.641290413508358	0.0	411561	10090.972720548974	0.3
7841.662326502591	300	13.840441948091858	0.0	126289	4800.8484654165	-0.15000000000000002
7844.217508005249	300	15.285260445433874	0.0	153295	2555.1815026579825	0.3
7847.733560568135	300	15.769207882549225	0.0	173849	3516.052562884649	0.3
7851.4683626593705	300	16.03440579131273	0.0	150710	3734.8020912364946	0.3
7854.8979059355	300	16.604862515183445	0.0	139105	3429.5432761292823	0.3
7857.071190827408	300	18.431577623275842	0.0	141840	2173.2848919076023	0.3
7860.078648686791	300	19.42411976389281	0.0	156148	3007.4578593830333	0.3
7862.78675081341	300	20.7160176372726	0.0	160746	2708.1021266202097	0.3
7867.820234495221	300	19.68253395546256	0.0	179801	5033.483681810036	0.3
7870.867434393539	300	20.635334057144245	0.0	140051	3047.199898318314	0.3
7875.612173353475	300	19.890595097208987	0.0	138313	4744.738959935258	0.3
7881.619926252517	300	17.88284219816712	0.0	143509	6007.752899041868	0.3
7884.678371642742	300	18.824396807942275	0.0	150616	3058.445390224845	0.3
7892.01970197841	300	15.48306647227396	0.0	165384	7341.330335668314	0.3
7895.456026514411	300	16.04674193627249	0.0	140881	3436.3245360014707	0.3
7898.92679010553	300	16.575978345153366	0.0	157671	3470.763591119126	0.3
7901.729783138209	300	17.77298531247479	0.0	157812	2802.993032678577	0.3
7904.193012142736	300	19.309756307948458	0.0	163927	2463.2290045263317	0.3
7906.003794515454	300	21.498973935230445	0.0	137654	1810.7823727180119	0.3
7907.355759209843	300	24.147009240840003	0.0	146754	1351.964694390446	0.3
7908.893314092474	300	26.60945435820914	0.0	153938	1537.554882630863	0.3
7910.573875033154	300	28.92889341752904	0.0	181901	1680.5609406801016	0.3
7912.830384002906	300	30.672384447777734	0.0	111155	2256.508969751303	0.3
7915.101364871164	300	32.40140357951882	0.0	153605	2270.9808682589132	0.3
7919.275396726394	750	32.22737172428869	0.0	400508	4174.031855230136	0.3
7925.435100485214	750	30.06766796546829	0.0	358218	6159.703758820396	0.75
7933.104138207338	750	26.398630243344194	0.0	400322	7669.037722124095	0.75
7935.281764040884	300	28.221004409798624	0.0	143881	2177.6258335455677	-0.15000000000000002
7939.478328228479	300	28.024440222202742	0.0	163444	4196.564187595881	0.3
7946.011488569845	300	25.491279880837624	0.0	179328	6533.160341365116	0.3
7950.839254376266	300	24.663514074417062	0.0	159914	4827.765806420565	0.3
7956.2722749273125	300	23.23049352336986	0.0	131610	5433.0205510472015	0.3
7960.265161434167	300	23.2376070165157	0.0	124011	3992.886506854159	0.3
7964.5190881591	300	22.983680291582637	0.0	144254	4253.926724933062	0.3
7967.969373360045	300	23.533395090637967	0.0	149991	3450.2852009446706	0.3
7973.978272176254	300	21.524496274429367	0.0	147968	6008.898816208604	0.3
7978.932732928907	300	20.570035521775853	0.0	161857	4954.460752653509	0.3

