2805.824173003381	750	4.0	1.7374266910245146	450283	1737.4266910245146	-6.720934771405413
2806.8427438244476	300	6.981429178933505	0.0	155580	1018.5708210664952	-0.15000000000000002
2807.75040743683	300	10.073765566551007	0.0	139857	907.6636123824981	0.3
2808.6754339484924	300	13.14873905488868	0.0	155432	925.0265116623259	0.3
2809.7709016337303	300	16.053271369650513	0.0	163442	1095.4676852381676	0.3
2810.7611367033464	300	19.063036300034426	0.0	126289	990.2350696160869	0.3
2811.6208517910127	300	22.203321212368323	0.0	153295	859.7150876661018	0.3
2812.515834718362	300	25.308338285018756	0.0	173849	894.9829273495682	0.3
2813.24579232298	300	28.578380680400848	0.0	150710	729.9576046179045	0.3
2813.8777368851847	300	31.946436118195685	0.0	139105	631.9445622051626	0.3
2814.483503332861	300	35.340669670519986	0.0	141840	605.7664476756992	0.3
2815.8883371036018	750	37.935835899779	0.0	405134	1404.83377074099	0.3
2818.1107770825793	1200	39.71339592080156	0.0	624282	2222.4399789774384	0.75
2820.673867443585	1200	41.150305559795285	0.0	687371	2563.090361006277	1.2
2822.687000492194	1200	43.13717251118683	0.0	526950	2013.1330486084455	1.2
2825.5220429291253	1200	44.30213007425486	0.0	587876	2835.0424369319735	1.2
2828.6643454739715	1200	45.15982752940878	0.0	617242	3142.302544846083	1.2
2833.277480853049	1200	44.5466921503316	0.0	581493	4613.1353790771755	1.2
2837.314839895689	1200	44.509333107691575	0.0	639204	4037.3590426400337	1.2
2840.5797768724847	1200	45.24439613089588	0.0	586839	3264.936976795687	1.2
2843.278205070169	1200	46.54596793321097	0.0	601738	2698.428197684916	1.2
2846.153295313705	1200	47.67087768967528	0.0	616206	2875.0902435356807	1.2
2849.985552537612	1200	47.83862046576797	0.0	656471	3832.2572239073156	1.2
2854.2227862265204	1200	47.6013867768598	0.0	536667	4237.233688908173	1.2
2857.2378908928617	1200	48.58628211051844	0.0	587236	3015.10466634136	1.2
2860.3921951957377	1200	49.43197780764251	0.0	590335	3154.3043028759266	1.2
2862.965522474203	1200	50.85865052917696	0.0	696376	2573.3272784655464	1.2
2864.4556137334107	1200	53.36855926996945	0.0	487160	1490.0912592075142	1.2
2866.42653072383	1200	55.39764227955006	0.0	622896	1970.916990419392	1.2
2868.794997714176	1200	57.029175289203984	0.0	641447	2368.466990346078	1.2
2871.555267360967	1200	58.26890564241365	0.0	570392	2760.2696467903334	1.2
2875.7440305308646	1850	58.080142472515256	0.0	954453	4188.763169898396	1.2000000000000002
2879.5976792352963	1850	58.22649376808398	0.0	885062	3853.648704431272	1.85
2883.9509748238843	1850	57.87319817949617	0.0	1035329	4353.295588587812	1.85
2888.415324447218	1850	57.40884855616192	0.0	1026056	4464.349623334247	1.85
2892.4231756313416	1850	57.40099737203865	0.0	943942	4007.85118412327	1.85
2895.1497333235034	1850	58.67443967987679	0.0	728962	2726.5576921618613	1.85
2898.585524889691	1850	59.23864811368911	0.0	938587	3435.7915661876796	1.85
2902.5908951844644	1850	59.23327781891545	0.0	908665	4005.3702947736583	1.85
2906.3327676966546	1850	59.49140530672527	0.0	930577	3741.872512190181	1.85
2909.9639341690367	1850	59.68733276268351	0.0	858450	3304.0725440417623	1.85
2913.7702267852133	1850	59.65173341876568	0.0	1025005	3535.59934391783	1.85
2917.432164668959	1850	59.989795535019596	0.0	886255	3161.937883746081	1.85
2921.5368729478037	1850	59.88508725617516	0.0	973972	4104.708278844441	1.85
2926.537621066216	1850	58.88433913776244	0.0	958994	5000.748118412726	1.85
2932.661649955333	2850	56.760310248646114	0.0	1483527	6124.028889116322	1.85
2945.9407725246806	4300	47.481187679298515	0.0	1961140	13279.122569347599	2.8499999999999996
2959.27748016758	4300	38.14448003639923	0.0	2155012	13336.70764289928	4.3
2961.0828985392513	750	40.33906166472768	0.0	450283	1805.4183716715524	0.75
2962.322707178615	750	43.09925302536395	0.0	398865	1239.808639363728	0.75
2963.477491502592	750	45.94446870138715	0.0	350812	1154.7843239767947	0.75
2965.7825255226808	1200	47.63943468129806	0.0	617681	2305.0340200890855	0.75
2968.575829470221	1200	48.84613073375785	0.0	652874	2793.303947540211	1.2
2970.9149855012233	1200	50.50697470275557	0.0	520315	2339.156031002287	1.2
2973.1378684795704	1200	52.28409172440856	0.0	561791	2222.8829783470087	1.2
2976.093969902741	1200	53.3279903012382	0.0	709534	2956.1014231703607	1.2
2979.242588449026	1200	54.17937175495297	0.0	584846	3148.618546285239	1.2
2983.3893692504766	1200	54.03259095350211	0.0	560821	4146.780801450859	1.2
2997.1531463693127	1200	44.26881383466612	0.0	607410	13763.777118835984	1.2
3003.237105177823	1200	42.18485502615624	0.0	594078	6083.958808509882	1.2
3006.9488118697504	1200	42.47314833422903	0.0	624282	3711.7066919272083	1.2
3010.1403544318728	1200	43.28160577210679	0.0	687371	3191.5425621222353	1.2
3012.6521706346675	1200	44.76978956931215	0.0	526950	2511.816202794635	1.2
3015.4143511505386	1200	46.00760905344076	0.0	587876	2762.180515871388	1.2
3018.3911502711526	1200	47.03080993282695	0.0	617242	2976.7991206138213	1.2
3020.789933001157	1200	48.63202720282253	0.0	581493	2398.782730004419	1.2
3023.5500239355983	1200	49.87193626838119	0.0	639204	2760.0909344413367	1.2
3026.0263072161147	1200	51.39565298786466	0.0	586839	2476.2832805165344	1.2
3028.4672375691957	1200	52.95472263478374	0.0	601738	2440.9303530809093	1.2
3031.0406376823003	1200	54.38132252167926	0.0	616206	2573.400113104487	1.2
3033.4972659080113	1200	55.924694295968	0.0	656471	2456.6282257112534	1.2
3035.717425228439	1200	57.7045349755404	0.0	536667	2220.159320427606	1.2
3037.9481118963695	1200	59.47384830760963	0.0	587236	2230.686667930767	1.2
3041.648070382862	1850	59.773889821117336	0.0	905935	3199.958486492291	1.2000000000000002
3045.965494505363	1850	59.456465698615965	0.0	1076599	4317.42412250137	1.85
3049.4308258480223	1850	59.50528052349044	0.0	758197	2951.185175125521	1.85
3053.012892922091	1850	59.923213449421866	0.0	972798	3582.067074068582	1.85
3056.9611343600145	1850	59.64119935126129	0.0	975811	3782.014098160575	1.85
3061.061731867825	1850	59.5406018434508	0.0	873429	3600.597507810493	1.85
3067.3056011694293	1850	57.29673254184688	0.0	954453	6243.869301603926	1.85
3070.1809594937404	1850	58.42137421753546	0.0	885062	2875.3583243114217	1.85
3073.5193719202093	1850	59.08296179106642	0.0	1035329	3338.412426469037	1.85
3077.670915960288	1850	58.93141775098822	0.0	1026056	4151.5440400782045	1.85
3082.358979351344	1850	58.24335435993217	0.0	943942	4688.063391056044	1.85
3085.5899139350713	1850	59.01241977620444	0.0	728962	3230.9345837277288	1.85
3089.6436850109208	1850	58.95864870035486	0.0	938587	4053.7710758495878	1.85
3092.7403284386137	1850	59.862005272662046	0.0	908665	3096.6434276928057	1.85
3096.8420480816935	1850	59.760285629581716	0.0	930577	3601.719643080332	1.85
3100.7256877885043	1850	59.876645922771345	0.0	858450	3383.6397068103743	1.85
3104.81635542957	1850	59.7859782817051	0.0	1025005	3590.6676410662412	1.85
3107.9761361850206	1850	59.84381210863963	0.0	886255	2942.166173065467	1.85
3112.0864945493495	1850	59.60144021766777	0.0	973972	2742.3718909718673	1.85
3116.2093067685255	2850	59.478627998491675	0.0	1464921	4122.812219176092	1.85
3120.8213261210803	2850	58.86660864593709	0.0	1483527	4612.0193525545865	2.85
3128.3109260072374	4300	55.37700875978012	0.0	1961140	7489.599886156972	2.8499999999999996
3137.036052113268	4300	50.651882653749546	0.0	2155012	8725.126106030573	4.3
3138.4497968663068	750	53.238137900710825	0.0	450283	1413.7447530387199	0.75
3139.83469216643	750	55.8532426005876	0.0	398865	1384.8953001232314	0.75
3142.6630723038297	1850	57.02486246318796	0.0	877771	2828.380137399642	0.75
3145.7279962070024	1850	57.9599385600152	0.0	933276	3064.9239031727566	1.85
3150.0970809895603	1850	57.5908537774578	0.0	996749	4369.084782557403	1.85
3152.730681455441	1850	58.95725331157727	0.0	801058	2633.6004658805296	1.85
3155.181143611698	1850	59.70010892317199	0.0	905515	2257.1443884052783	1.85
3159.1036285404252	1850	59.77762399444539	0.0	1060487	3922.484928726598	1.85
3162.4328396351734	1850	59.535419795360774	0.0	852833	3242.2041990846224	1.85
3165.9511020457057	1850	59.52479203792663	0.0	913888	3510.62775743414	1.85
3169.751570056436	1850	59.724324027196594	0.0	939819	3300.4680107300383	1.85
3173.321122724864	1850	59.92359902489645	0.0	917428	3300.725002300145	1.85
3177.572468216057	1850	59.53634011236384	0.0	946851	3887.258912532606	1.85
3186.646690598423	1850	54.4621177299976	0.0	1036454	9074.222382366233	1.85
3190.211633551195	1850	54.89717477722561	0.0	821631	3564.942952772002	1.85
3194.7692528894468	1850	54.33955543897405	0.0	923170	4557.619338251557	1.85
3199.687539663569	1850	53.42126866485208	0.0	966699	4918.286774121975	1.85
3201.6844780983497	1200	55.42433023007149	0.0	581493	1996.9384347805806	0.5499999999999999
3204.780032490002	1200	56.328775838418956	0.0	639204	3095.554391652537	1.2
3207.0772869810735	1200	58.03152134734747	0.0	586839	2297.2544910714864	1.2
3209.464812689116	1200	59.64399563930472	0.0	601738	2387.525708042753	1.2
3212.825484114918	1200	59.9828754522639	0.0	616206	2661.1201870408213	1.2
3226.594809714389	1850	50.21354985279265	0.0	968026	13769.325599471249	1.2000000000000002
3237.337802824695	1850	43.47055674248694	0.0	874175	10742.993110305712	1.85
3241.139966452962	750	43.6683931142193	0.0	359903	3802.1636282676477	-0.3500000000000001
3244.8039613007036	750	44.004398266478084	0.0	379700	3663.994847741214	0.75
3247.8580688771663	750	44.95029069001559	0.0	425781	3054.1075764624893	0.75
3249.704610968803	750	47.10374859837879	0.0	277716	1846.542091636802	0.75
3252.9314800446978	750	47.87687952248418	0.0	400396	3226.8690758946077	0.75
3255.80889791811	750	48.999461649072096	0.0	400508	2877.4178734120896	0.75
3258.225784965413	750	50.58257460176897	0.0	358218	2416.8870473031284	0.75
3261.837536792689	750	50.97082277449269	0.0	400322	3611.7518272762727	0.75
3264.7591026318846	750	52.049256935297095	0.0	369834	2921.5658391955976	0.75
3268.3289508463718	750	52.47940872080986	0.0	412837	3569.8482144872364	0.75
3271.376713635061	750	53.431645932120645	0.0	401088	3047.7627886892124	0.75
3273.990236412764	750	54.81812315441785	0.0	365161	2613.522777702797	0.75
3276.0087141185536	750	56.799645448627814	0.0	321064	2018.4777057900271	0.75
3278.507072993351	750	58.30128657383103	0.0	361565	2498.3588747967856	0.75
3281.565290202288	750	59.243069364893806	0.0	378327	3058.217208937225	0.75
3284.828287379095	750	59.98007218808685	0.0	390680	3262.997176806955	0.75
3287.7480987947097	750	59.61684373174821	0.0	345516	2863.228456338641	0.75
3291.7802775239556	750	59.58466500250218	0.0	384505	3532.1787292460267	0.75
3296.4347345153546	1200	58.93020801110339	0.0	599477	4654.456991398792	0.75
3300.173937763612	1200	59.19100476284593	0.0	634861	3739.2032482574614	1.2
3303.3693273403383	1200	59.99561518611911	0.0	630203	3195.3895767268205	1.2
3310.965184925845	1850	56.39975760061256	0.0	982064	7595.857585506552	1.2000000000000002
3314.0088093616773	1850	57.35613316478017	0.0	830730	3043.6244358323893	1.85
3318.6834044197976	2850	56.681538106659815	0.0	1364537	4674.595058120358	1.85
3319.9044259823672	750	59.46051654408982	0.0	450283	1221.0215625699934	0.75
3321.4421692312135	750	59.76559999313404	0.0	398865	1194.9165509557756	0.75
3323.6536854142832	1200	59.74075525054456	0.0	571051	2024.8447425894813	0.75
3328.6583663341385	1850	58.73607433068913	0.0	933276	5004.680919855423	1.2000000000000002
3338.6203879744676	1850	52.774052690360115	0.0	996749	9962.021640329014	1.85
3343.088338700367	1850	52.30610196446098	0.0	801058	4467.950725899137	1.85
3348.131543006836	1200	51.26289765799185	0.0	561791	5043.204306469127	0.5499999999999999
3354.8423559773123	1200	48.552084687515794	0.0	709534	6710.812970476059	1.2
3357.47862999582	750	49.91581066900789	0.0	374758	2636.2740185078987	0.3
3361.1053102485703	750	50.28913041625774	0.0	362795	3626.6802527501513	0.75
3364.361484717842	750	51.03295594698624	0.0	353220	3256.174469271497	0.75
3366.2018459175297	750	53.19259474729824	0.0	405134	1840.3611996880097	0.75
3368.0212470365263	750	55.373193628301905	0.0	386351	1819.4011189963335	0.75
3370.21320819832	750	57.18123246650835	0.0	434409	2191.9611617935484	0.75
3371.5614035181115	750	59.83303714671684	0.0	337059	1348.195319791514	0.75
3373.370885994205	750	59.67349068082384	0.0	366214	1659.5464658929989	0.75
3375.707085511343	750	59.534858927355074	0.0	360831	2138.6317534687623	0.75
3377.844702855133	750	59.74883413729472	0.0	372963	1286.0247900603506	0.75
3379.839529960411	750	59.80721686152091	0.0	405596	1441.6172757738152	0.75
3383.045426517676	1200	59.89637349764003	0.0	586839	2910.8433638808815	0.75
3385.383621736656	1200	59.75880248484229	0.0	601738	2137.571012797739	1.2
3387.7715239191907	1200	59.86066349666605	0.0	616206	1398.1389881762443	1.2
3391.6347750355108	1200	59.99741238034621	0.0	656471	3363.251116319834	1.2
3399.18891588871	1850	56.44327152714677	0.0	874175	7554.140853199444	1.2000000000000002
3409.615875558687	1850	50.01631185717017	0.0	897976	10426.959669976597	1.85
3414.979341223145	1200	48.652846192711806	0.0	590335	5363.465664458369	0.5499999999999999
3420.942375450078	1200	46.68981196577918	0.0	696376	5963.034226932628	1.2
3427.8515611086495	1200	43.7806263072074	0.0	487160	6909.185658571776	1.2
3438.648007253817	1200	36.98418016204044	0.0	622896	10796.446145166965	1.2
3443.4782493102994	750	36.153938105558126	0.0	400508	4830.2420564823105	0.3
3447.94011273241	750	35.692074683447295	0.0	358218	4461.863422110827	0.75
3451.10473562184	300	36.527451794016876	0.0	157488	3164.622889430426	-0.15000000000000002
3454.14636217706	300	37.48582523879725	0.0	143881	3041.626555219625	0.3
3458.029804385832	300	37.602383030025365	0.0	163444	3883.442208771879	0.3
3461.1750938067444	300	38.45709360911264	0.0	179328	3145.289420912729	0.3
3462.849510837893	300	40.78267657796421	0.0	159914	1674.417031148435	0.3
3464.5295893673674	300	43.102598048489725	0.0	131610	1680.0785294744833	0.3
3465.8865104068805	300	45.745677008976436	0.0	124011	1356.9210395132832	0.3
3467.1936990733907	300	48.43848834246635	0.0	144254	1307.188666510088	0.3
3468.4890482335572	300	51.143139182300125	0.0	149991	1295.3491601662267	0.3
3469.794878907081	300	53.837308508775756	0.0	147968	1305.830673524368	0.3
3471.1695015071705	300	56.462685908686346	0.0	161857	1374.6226000894123	0.3
3475.285277676385	750	56.34690973947178	0.0	372093	4115.776169214568	0.3
3481.376440475803	750	54.255746940053584	0.0	438281	6091.162799418195	0.75
3486.7935298906996	750	52.838657525156684	0.0	398987	5417.089414896901	0.75
3490.4929877351396	750	53.13919968071675	0.0	393804	3699.457844439931	0.75
3495.5532526604325	1200	52.07893475542404	0.0	538612	5060.264925292713	0.75
3503.793511369954	2850	47.83867604590198	0.0	1364537	8240.258709522059	1.2000000000000002
3508.184801072081	750	47.447386343775385	0.0	450283	4391.289702126598	0.75
3511.881620866431	750	47.75056654942577	0.0	398865	3696.819794349614	0.75
3515.4071473609597	750	48.225040054896965	0.0	350812	3525.526494528805	0.75
3520.616798842525	750	47.01538857333146	0.0	382355	5209.651481565502	0.75
3523.2840426558064	750	48.34814476004995	0.0	411561	2667.243813281514	0.75
3525.041568298378	750	50.59061911747864	0.0	318564	1757.5256425713094	0.75
3526.7826070598912	750	52.84958035596523	0.0	352642	1741.0387615134098	0.75
3528.939126186853	750	54.6930612290033	0.0	437162	2156.5191269619345	0.75
3530.2965757372504	750	57.335611678606114	0.0	374758	1357.4495503971814	0.75
3531.8464601419146	750	59.7857272739422	0.0	362795	1549.8844046639147	0.75
3534.9376695862225	1200	59.99797226032909	0.0	607410	2287.7550136131063	0.75
3538.2229544739357	1200	59.711057031820424	0.0	594078	2286.91522850867	1.2
3541.2147120426216	1850	59.829363077079286	0.0	946851	2381.6939547411353	1.2000000000000002
3545.324965980757	1850	59.71910913894404	0.0	1036454	4110.253938135251	1.85
3549.748914863059	1850	59.29516025664218	0.0	821631	4423.948882301865	1.85
3557.000495622582	1850	56.04357949711896	0.0	923170	7251.580759523215	1.85

