2.2204497569923474	750	4.0	2.2204497569923474	450283	2220.4497569923474	1	-8.797933955067093
4.199567619047188	750	6.02088213794516	0.0	398865	1979.1178620548408	1.0770143963561503	0.75
6.263051670847665	750	7.957398086144682	0.0	350812	2063.4840518004776	1.0770143963561503	0.75
10.466015828122199	750	7.754433928870148	0.0	382355	4202.964157274534	1.0770143963561503	0.75
15.982136783790025	750	6.238312973202321	0.0	411561	5516.120955667827	1.0770143963561503	0.75
17.303783238212393	750	8.916666518779955	0.0	318564	1321.6464544223659	1.0770143963561503	0.75
18.927399648677106	750	11.29305010831524	0.0	352642	1623.6164104647153	1.0770143963561503	0.75
20.854959480496174	750	13.365490276496173	0.0	437162	1927.5598318190687	1.0770143963561503	0.75
22.392566909152013	750	15.827882847840334	0.0	374758	1537.6074286558387	1.0770143963561503	0.75
24.150408240140937	750	18.070041516851408	0.0	362795	1757.8413309889231	1.0770143963561503	0.75
32.494405693280704	1200	13.726044063711637	0.0	607410	8343.997453139771	1.0770143963561503	0.75
39.49945788317071	1200	10.720991873821635	0.0	594078	7005.052189890002	1.0770143963561503	1.2
42.78092441249181	750	11.439525344500538	0.0	386351	3281.466529321096	1.0770143963561503	0.3
45.27877411779865	750	12.941675639193699	0.0	434409	2497.849705306839	1.0770143963561503	0.75
48.73085108240412	750	13.489598674588226	0.0	337059	3452.0769646054746	1.0770143963561503	0.75
52.74341223874212	750	13.477037518250228	0.0	366214	4012.5611563379966	1.0770143963561503	0.75
55.39456430486511	750	14.825885452127231	0.0	360831	2651.1520661229974	1.0770143963561503	0.75
57.61071205821767	750	16.60973769877467	0.0	372963	2216.1477533525613	1.0770143963561503	0.75
59.75917706730451	750	18.46127268968783	0.0	405596	2148.4650090868386	1.0770143963561503	0.75
61.4349798482246	750	20.785469908767748	0.0	350713	1675.8027809200842	1.0770143963561503	0.75
64.28615838915655	1200	21.93429136783579	0.0	601738	2851.1785409319573	0.700733291460668	0.75
67.10425745187544	1200	23.11619230511691	0.0	616206	2818.0990627188808	0.700733291460668	1.2
71.70972174515163	1850	22.51072801184073	0.0	968026	4605.464293276182	0.700733291460668	1.2000000000000002
76.46090038268807	1850	21.75954937430429	0.0	874175	4751.178637536441	0.700733291460668	1.85
81.74278623675214	1850	20.477663520240217	0.0	897976	5281.885854064074	0.700733291460668	1.85
87.10331008607062	1850	19.117139670921745	0.0	905935	5360.523849318474	0.700733291460668	1.85
93.36370639932524	1850	16.856743357667124	0.0	1076599	6260.396313254621	0.700733291460668	1.85
97.52038743314678	1850	16.700062323845586	0.0	758197	4156.681033821541	0.700733291460668	1.85
105.51365226598281	1200	12.706797491009544	0.0	622896	7993.26483283604	0.700733291460668	0.5499999999999999
114.77362694068374	1200	7.44682281630863	0.0	641447	9259.974674700914	0.700733291460668	1.2
116.61736471013839	750	9.603085046853979	0.0	358218	1843.7377694546492	0.700733291460668	0.3
118.78352903456612	750	11.436920722426239	0.0	400322	2166.1643244277393	0.700733291460668	0.75
120.71001272405037	750	13.510437032941976	0.0	369834	1926.4836894842636	0.700733291460668	0.75
122.74100478907357	750	15.47944496791878	0.0	412837	2030.9920650231961	0.700733291460668	0.75
124.9820604075549	750	17.23838934943747	0.0	401088	2241.0556184813126	0.700733291460668	0.75
126.89890134283168	750	19.321548414160674	0.0	365161	1916.8409352767942	0.700733291460668	0.75
128.46063457345375	750	21.759815183538606	0.0	321064	1561.7332306220671	0.700733291460668	0.75
130.8504273642633	1200	23.370022392729048	0.0	575591	2389.79279080956	0.700733291460668	0.75
134.49689100383935	1850	23.723558753152986	0.0	908665	3646.46363957606	0.700733291460668	1.2000000000000002
139.45895215697985	1850	22.76149760001248	0.0	930577	4962.061153140503	0.700733291460668	1.85
144.76365694467927	1850	21.456792812313058	0.0	858450	5304.704787699422	0.700733291460668	1.85
150.76870018952343	1850	19.4517495674689	0.0	1025005	6005.043244844157	0.700733291460668	1.85
155.89950493462646	1850	18.32094482236588	0.0	886255	5130.804745103021	0.700733291460668	1.85
163.0165117094943	1850	15.203938047498045	0.0	973972	7117.006774867833	0.700733291460668	1.85
167.9964785733702	1850	14.22397118362214	0.0	958994	4979.966863875907	0.700733291460668	1.85
173.50965811367175	1850	12.71079164332058	0.0	982064	5513.179540301561	0.700733291460668	1.85
182.17119223835806	1850	8.049257518634272	0.0	830730	8661.534124686306	0.700733291460668	1.85
189.3498461475111	1850	4.870603609481241	0.0	846370	7178.653909153032	0.700733291460668	1.85
193.08418141338242	750	5.13626834360991	0.0	450283	3734.335265871331	0.700733291460668	0.75
196.1472329914493	750	6.073216765543044	0.0	398865	3063.0515780668657	0.700733291460668	0.75
198.72938599061288	750	7.491063766379471	0.0	350812	2582.1529991635734	0.700733291460668	0.75
201.6236512947802	750	8.596798462212154	0.0	382355	2894.2653041673148	0.700733291460668	0.75
207.15795146250514	750	7.062498294487202	0.0	411561	5534.300167724952	0.700733291460668	0.75
209.10305202928532	750	9.117397727707027	0.0	318564	1945.1005667801749	0.700733291460668	0.75
212.18110379853943	750	10.039345958452895	0.0	352642	3078.0517692541325	0.700733291460668	0.75
215.9775346116959	750	10.242915145296445	0.0	437162	3796.4308131564503	0.700733291460668	0.75
219.40990055434182	750	10.810549202650504	0.0	374758	3432.3659426459412	0.700733291460668	0.75
222.5944106568436	750	11.626039100148724	0.0	362795	3184.5101025017793	0.700733291460668	0.75
225.56351507988677	750	12.656934677105543	0.0	353220	2969.1044230431817	0.700733291460668	0.75
228.8280506474054	750	13.392399109586895	0.0	405134	3264.535567518648	0.700733291460668	0.75
232.072448243305	750	14.148001513687298	0.0	386351	3244.3975958995984	0.700733291460668	0.75
235.94983098844213	750	14.270618768550175	0.0	434409	3877.3827451371217	0.700733291460668	0.75
238.77737344898122	750	15.443076308011051	0.0	337059	2827.542460539126	0.700733291460668	0.75
241.71559526381586	750	16.50485449317641	0.0	366214	2938.221814834642	0.700733291460668	0.75
244.687366289769	750	17.533083467223303	0.0	360831	2971.771025953107	0.700733291460668	0.75
247.8578034780722	750	18.362646278920067	0.0	372963	3170.437188303235	0.700733291460668	0.75
251.16608977858087	750	19.054359978411398	0.0	405596	3308.2863005086692	0.700733291460668	0.75
254.18666411735518	750	20.033785639637074	0.0	350713	3020.5743387743246	0.700733291460668	0.75
257.2907859494822	750	20.929663807510085	0.0	386472	3104.1218321269876	0.700733291460668	0.75
262.047628869396	750	20.17282088759624	0.0	399894	4756.8429199138445	0.700733291460668	0.75
267.0570968032101	750	19.1633529537822	0.0	401853	5009.467933814042	0.700733291460668	0.75
270.33434553577155	750	19.88610422122071	0.0	343800	3277.248732561488	0.700733291460668	0.75
273.75914997424906	750	20.46129978274319	0.0	359903	3424.804438477522	0.700733291460668	0.75
276.62788868730314	750	21.592561069689122	0.0	379700	2868.738713054067	0.700733291460668	0.75
280.0076269677196	750	22.212822789272657	0.0	425781	3379.738280416465	0.700733291460668	0.75
282.27098053333293	750	23.9494692236593	0.0	277716	2263.353565613357	0.700733291460668	0.75
285.7266770148488	750	24.49377274214342	0.0	400396	3455.6964815158804	0.700733291460668	0.75
290.8342821312749	1200	23.386167625717295	0.0	641447	5107.605116426127	0.700733291460668	0.75
295.5747061483875	1200	22.64574360860473	0.0	570392	4740.4240171125675	0.700733291460668	1.2
302.30384990675344	1200	19.916599850238786	0.0	620283	6729.143758365942	0.700733291460668	1.2
307.1102294902259	1200	19.11022026676635	0.0	584349	4806.3795834724315	0.700733291460668	1.2
312.44505944635335	1200	17.7753903106389	0.0	670129	5334.829956127451	0.700733291460668	1.2
317.7410966685537	1200	16.479353088438543	0.0	690253	5296.037222200356	0.700733291460668	1.2
322.41164185281326	1200	15.808807904178982	0.0	598727	4670.54518425956	0.700733291460668	1.2
330.2710701650368	1200	11.949379591955418	0.0	487812	7859.428312223564	0.700733291460668	1.2
334.41135791661236	750	11.809091840379907	0.0	361565	4140.287751575512	0.700733291460668	0.3
336.31052015931124	750	13.909929597681018	0.0	378327	1899.1622426988881	0.700733291460668	0.75
338.1480350566511	750	16.072414700341152	0.0	390680	1837.5148973398668	0.700733291460668	0.75
339.7165592403224	750	18.503890516669884	0.0	345516	1568.5241836712696	0.700733291460668	0.75
341.52724851756517	750	20.693201239427072	0.0	384505	1810.6892772428093	0.700733291460668	0.75
343.25133564166424	750	22.969114115328022	0.0	372093	1724.087124099049	0.700733291460668	0.75
346.04877756197874	1200	24.171672195013524	0.0	634861	2797.441920314497	0.700733291460668	0.75
350.38782843826374	1850	23.83262131872851	0.0	958994	4339.050876285017	0.700733291460668	1.2000000000000002
360.09623336802	2850	18.12421638897219	0.0	1483527	9708.404929756322	0.700733291460668	1.85
399.0331329864176	2850	4.0	20.812683229425403	1231456	38936.89961839759	0.700733291460668	-86.64453788652924
406.1935904415678	300	4.0	3.1604574551501416	118421	7160.457455150142	0.700733291460668	-15.839967057145607
426.76889332053366	750	4.0	16.57530287896594	450283	20575.30287896594	0.700733291460668	-70.52380237955353
432.218276959972	300	4.0	1.449383639438298	155580	5449.383639438298	0.700733291460668	-6.382349649584682
438.1268469781017	300	4.0	1.9085700181296879	139857	5908.570018129688	0.700733291460668	-7.906851077957657
443.48518316764563	300	4.0	1.358336189543923	155432	5358.336189543923	0.700733291460668	-5.540845615038869
452.63244567547747	300	4.0	5.147262507831773	163442	9147.262507831772	0.700733291460668	-21.83322878367662
456.4139991007022	300	4.218446574775285	0.0	126289	3781.5534252247144	0.700733291460668	0.3
464.60428787897155	300	4.0	3.971842203494064	153295	8190.28877826935	0.700733291460668	-16.77892147502447
472.9537903666923	300	4.0	4.349502487720748	173849	8349.502487720749	0.700733291460668	-18.402860697199216
483.2772348100067	300	4.0	6.323444443314384	150710	10323.444443314384	0.700733291460668	-26.89081110625185
487.78678701300475	300	4.0	0.5095522029980584	139105	4509.552202998058	0.700733291460668	-1.8910744728916506
494.8729964648784	300	4.0	3.0862094518736183	141840	7086.2094518736185	0.700733291460668	-12.970700643056558
499.62893591983226	300	4.0	0.7559394549538602	156148	4755.93945495386	0.700733291460668	-2.950539656301599
509.8613222007022	300	4.0	6.232386280869963	160746	10232.386280869963	0.700733291460668	-26.499261007740838
517.2850919783972	300	4.0	3.423769777694982	179801	7423.769777694982	0.700733291460668	-14.42221004408842
524.1118129741537	300	4.0	2.826720995756568	140051	6826.720995756568	0.700733291460668	-11.854900281753242
533.7858743341968	300	4.0	5.674061360042979	138313	9674.061360042979	0.700733291460668	-24.098463848184807
540.3102088600767	300	4.0	2.5243345258799152	143509	6524.334525879915	0.700733291460668	-10.554638461283634
547.1136391800287	300	4.0	2.8034303199519743	150616	6803.4303199519745	0.700733291460668	-11.754750375793488
555.5682340674394	300	4.0	4.454594887410802	165384	8454.594887410802	0.700733291460668	-18.854758015866448

