8559.375429290523	750	4.0	1.7642452313647095	450283	1764.2452313647095	-6.836254494868251
8559.94794810495	300	7.42748118557492	0.0	155580	572.5188144250797	-0.15000000000000002
8560.543994267471	300	10.831435023053865	0.0	139857	596.0461625210556	0.3
8561.237943225082	300	14.137486065442936	0.0	155432	693.9489576109298	0.3
8562.01960658369	300	17.35582270683511	0.0	163442	781.6633586078281	0.3
8562.54734808795	300	20.82808120257486	0.0	126289	527.7415042602497	0.3
8563.168335017494	300	24.207094273030748	0.0	153295	620.9869295441125	0.3
8563.840895946223	300	27.534533344299774	0.0	173849	672.5609287309745	0.3
8565.395585610808	750	29.97984367971699	0.0	374758	1554.689664582784	0.3
8566.754190653386	750	32.62123863713776	0.0	362795	1358.6050425792314	0.75
8568.107549842649	750	35.26787944787524	0.0	353220	1353.3591892625204	0.75
8569.653450568107	750	37.72197872241671	0.0	405134	1545.900725458532	0.75
8571.29415886679	750	40.08127042373154	0.0	386351	1640.70829868517	0.75
8573.10737524762	750	42.26805404290249	0.0	434409	1813.2163808290466	0.75
8574.300264741085	750	45.07516454943643	0.0	337059	1192.8894934660639	0.75
8576.905905401987	1200	46.46952388853365	0.0	587876	2605.6406609027763	0.75
8579.325885424641	1200	48.04954386588053	0.0	617242	2419.980022653124	1.2
8581.558038708736	1200	49.817390581786775	0.0	581493	2232.153284093751	1.2
8583.803018216648	1200	51.572411073874484	0.0	639204	2244.9795079122923	1.2
8585.9731613389	1200	53.40226795162325	0.0	586839	2170.143122251235	1.2
8588.344377714186	1200	55.0310515763373	0.0	601738	2371.2163752859565	1.2
8590.854915522203	1200	56.52051376831971	0.0	616206	2510.53780801759	1.2
8593.341728722347	1200	58.03370056817469	0.0	656471	2486.8132001450194	1.2
8595.767223593382	1200	59.608205697140164	0.0	536667	1925.4948710345288	1.2
8598.409160953523	1200	59.98125678418232	0.0	587236	2126.9489129578405	1.2
8601.160527870792	1200	59.807067549138566	0.0	590335	2174.1892350437574	1.2
8604.435783549705	1200	59.65752855079589	0.0	696376	2649.5389983426758	1.2
8606.564838115675	1200	59.85185960809521	0.0	487160	1805.668942700682	1.2
8609.073454621226	1200	59.95474416695467	0.0	622896	2397.115441140548	1.2
8612.930964728766	1200	59.526739645388254	0.0	641447	3428.0045215664118	1.2
8615.639099292448	1200	59.5869251565357	0.0	570392	2439.814488852554	1.2
8617.93001208341	1200	59.511128798468334	0.0	620283	2075.796358067363	1.2
8620.75333323385	1200	59.91202643969711	0.0	584349	2099.102358771228	1.2
8623.75618918993	1200	59.97270785749122	0.0	670129	2439.3185822058877	1.2
8627.097807792541	1200	59.53316724312293	0.0	690253	2439.5406143682917	1.2
8631.02916738631	1850	59.60180764935382	0.0	943942	3431.3595937691043	1.2000000000000002
8634.41572177018	1850	59.72524924842441	0.0	728962	2876.5584009294107	1.85
8638.669289402385	1850	59.471681616219264	0.0	938587	4253.567632205153	1.85
8642.496617911223	1850	59.58479916937395	0.0	908665	3386.8824468453067	1.85
8646.132760758199	1850	59.94865632239863	0.0	930577	3636.142846975329	1.85
8649.98463775917	1850	59.69651227639605	0.0	858450	3752.144046002574	1.85
8654.296400728335	1850	59.3847493072301	0.0	1025005	4311.762969165943	1.85
8658.104929210622	1850	59.5762208249442	0.0	886255	3808.5284822858966	1.85
8662.19654364251	1850	59.48460639305422	0.0	973972	4091.614431889985	1.85
8668.398732115927	1850	57.282417919638476	0.0	958994	6202.188473415739	1.85
8672.19635125453	1850	57.48479878103548	0.0	982064	3797.619138602996	1.85
8677.331302236116	2850	56.34984779945016	0.0	1231456	5134.950981585327	1.85
8683.128258868066	2850	54.55289116749907	0.0	1364537	5796.956631951089	2.85
8685.117983433558	750	56.563166602007264	0.0	450283	1989.7245654917976	0.75
8687.973945473235	1200	57.70720456233042	0.0	611087	2855.962039676849	0.75
8691.22670154981	1200	58.454448485755385	0.0	571051	3252.7560765750322	1.2
8694.374831713661	1200	59.3063183219031	0.0	617681	3148.1301638522887	1.2
8697.906604101678	1200	59.77454593388643	0.0	652874	3031.7723880166673	1.2
8700.994226639416	1200	59.727084313756585	0.0	520315	2547.461620129848	1.2
8704.86367392395	1200	59.85763702922275	0.0	561791	3869.4472845338305	1.2
8710.866520184281	1200	57.85479076889036	0.0	709534	6002.8462603323915	1.2
8715.44569225057	1200	57.275618702602905	0.0	584846	4579.172066287451	1.2
8720.726454733167	1200	55.99485622000676	0.0	560821	5280.762482596146	1.2
8727.347390432313	1200	53.37392052086081	0.0	607410	6620.935699145958	1.2
8733.24726934928	1200	51.47404160389364	0.0	594078	5899.878916967163	1.2
8735.119112835015	750	53.60219811815932	0.0	386351	1871.8434857343138	0.3
8737.309127635346	750	55.412183317826745	0.0	434409	2190.0148003325708	0.75
8739.082045777217	750	57.63926517595604	0.0	337059	1772.918141870705	0.75
8740.821600790257	750	59.89971016291536	0.0	366214	1739.555013040681	0.75
8742.810508744376	750	59.5105237200804	0.0	360831	1889.1864428349634	0.75
8745.671247393424	750	59.524515151198784	0.0	372963	1986.0085688816139	0.75
8749.154199415329	750	59.65140418032986	0.0	405596	2873.110970868924	0.75
8754.658041295826	750	58.147562299831606	0.0	350713	5503.841880498257	0.75
8762.631734331007	750	54.17386926464971	0.0	386472	7973.693035181899	0.75
8769.548426423778	750	51.257177171879775	0.0	399894	6916.692092769929	0.75
8777.396280654633	750	47.40932294102573	0.0	401853	7847.854230854052	0.75
8779.809852102511	300	48.99575149314856	0.0	137654	2413.5714478771615	-0.15000000000000002
8781.799609566653	300	51.00599402900553	0.0	146754	1989.7574641430297	0.3
8783.971530872655	300	52.83407272300271	0.0	153938	2171.9213060028223	0.3
8786.958164519607	300	53.84743907605234	0.0	181901	2986.633646950376	0.3
8789.013890633525	300	55.79171296213289	0.0	111155	2055.7261139194416	0.3
8791.815286964982	300	56.990316630674876	0.0	153605	2801.3963314580155	0.3
8793.899267745886	300	58.906335849771665	0.0	149029	2083.980780903215	0.3
8797.11753151985	300	59.6880720758062	0.0	157421	2718.263773965468	0.3
8799.389766026927	300	59.56304140004735	0.0	157488	1625.0306757588507	0.3
8800.337789106967	300	59.85313177568637	0.0	143881	709.9096243609781	0.3
8803.387615607862	750	59.88177525307876	0.0	412837	2971.356522607618	0.3
8809.537994370223	750	57.73139649071892	0.0	401088	6150.378762359833	0.75
8813.563486531428	750	57.705904329514134	0.0	365161	4025.492161204792	0.75
8816.285062415991	750	58.98432844495026	0.0	321064	2721.575884563869	0.75
8819.228577004807	750	59.60102954374924	0.0	361565	2383.298901201021	0.75
8822.012657527759	750	59.68909712608122	0.0	378327	2411.932417668017	0.75
8824.504501484844	750	59.810249200181374	0.0	390680	2378.8479258998486	0.75
8829.244827925644	750	59.06992275937875	0.0	345516	4740.326440802619	0.75
8838.135256409589	750	54.17949427543362	0.0	384505	8890.42848394513	0.75
8841.896863766251	750	54.417886918771146	0.0	372093	3761.6073566624764	0.75
8845.727829144242	750	54.58692154078048	0.0	438281	3830.965377990666	0.75
8856.499642508867	750	47.815108176155	0.0	398987	10771.813364625483	0.75
8859.431002535874	750	48.883748149147905	0.0	393804	2931.360027007097	0.75
8861.787497787376	750	50.527252897645425	0.0	331053	2356.4952515024756	0.75
8866.73130198857	1850	49.58344869645182	0.0	846370	4943.804201193612	0.75
8869.654335000723	750	50.6604156842977	0.0	450283	2923.0330121541124	0.75
8873.07047892541	750	51.24427175960975	0.0	398865	3416.1439246879527	0.75
8876.112536264956	750	52.202214420064905	0.0	350812	3042.0573395448464	0.75
8879.215740366937	750	53.09901031808407	0.0	382355	3103.204101980838	0.75
8881.901333986572	750	54.41341669844865	0.0	411561	2685.5936196354155	0.75
8884.103374534057	750	56.21137615096332	0.0	318564	2202.040547485332	0.75
8886.463807986773	750	57.850942698246755	0.0	352642	2360.4334527165615	0.75
8889.846214222925	750	58.46853646209567	0.0	437162	3382.4062361510883	0.75
8893.274066473075	750	59.0406842119447	0.0	374758	3427.852250150962	0.75
8896.499624055894	750	59.81512662912738	0.0	362795	3225.5575828173237	0.75
8899.095844801062	750	59.80007555766216	0.0	353220	2515.051071465222	0.75
8903.118991025558	750	59.77692933316655	0.0	405134	4023.146224495611	0.75
8906.578332180938	750	59.73991670457566	0.0	386351	2537.0126285908823	0.75
8910.01853300875	750	59.91598055406418	0.0	434409	2823.936150511486	0.75
8914.741072748635	750	59.193440814179056	0.0	337059	4722.539739885123	0.75
8920.577217711892	750	57.357295850921865	0.0	366214	5836.14496325719	0.75
8930.001644100515	750	51.93286946229854	0.0	360831	9424.426388623324	0.75
8933.084384188936	300	52.850129373876406	0.0	150616	3082.7400884221374	-0.15000000000000002
8937.400314326042	300	52.53419923677113	0.0	165384	4315.930137105276	0.3
8940.287682314576	300	53.64683124823674	0.0	140881	2887.3679885343854	0.3
8944.905298766662	300	53.02921479615198	0.0	157671	4617.616452084757	0.3
8953.718143484588	300	48.21637007822544	0.0	157812	8812.84471792654	0.3
8961.66886869664	300	44.26564486617376	0.0	163927	7950.725212051678	0.3
8966.944171561106	300	42.9903420017082	0.0	137654	5275.302864465555	0.3
8971.138892173713	300	42.7956213891018	0.0	146754	4194.720612606404	0.3
8976.48252493282	300	41.45198862999528	0.0	153938	5343.632759106522	0.3
8982.422884226416	300	39.5116293363985	0.0	181901	5940.359293596772	0.3
8988.240469145336	300	37.69404441748114	0.0	111155	5817.584918917365	0.3
8990.57700861915	300	39.35750494366708	0.0	153605	2336.5394738140562	0.3
8992.139807452722	300	41.79470611009603	0.0	149029	1562.7988335710515	0.3
8994.014293615104	300	43.92021994771301	0.0	157421	1874.4861623830234	0.3
8995.395433938267	300	46.53907962455147	0.0	157488	1381.140323161533	0.3
8996.873073039034	300	49.061440523784455	0.0	143881	1477.6391007670206	0.3
8998.280438190786	300	51.654075372033056	0.0	163444	1407.3651517513981	0.3
9000.65889604025	750	53.27561752256983	0.0	401088	2378.4578494632224	0.3
9002.987192902227	750	54.947320660593334	0.0	365161	2328.2968619764933	0.75
9005.381322127929	750	56.553191434890394	0.0	321064	2394.1292257029413	0.75
9007.911310322905	750	58.023203239913826	0.0	361565	2529.988194976573	0.75
9009.96852077433	750	59.965992788489764	0.0	378327	2057.2104514240673	0.75
9013.258420862308	750	59.633168965938026	0.0	390680	2332.8238225517334	0.75
9017.953890808734	750	58.93769901951118	0.0	345516	4695.469946426851	0.75
9025.447023769997	750	55.444566058249485	0.0	384505	7493.1329612616955	0.75
9027.172597879668	300	57.718991948580396	0.0	145210	1725.5741096690804	-0.15000000000000002
9029.187355476535	300	59.58823979153789	0.0	172312	1630.7521570425063	0.3
9031.222290817039	300	59.707774841200326	0.0	167025	1880.464950337563	0.3
9036.227657374311	750	58.70240828392802	0.0	393804	5005.366557272303	0.3
9041.816345965834	1200	57.113719692405134	0.0	538612	5588.68859152289	0.75
9051.94753519955	2850	50.9825304586912	0.0	1364537	10131.189233713929	1.2000000000000002
9054.566942138727	750	52.363123519513564	0.0	450283	2619.4069391776334	0.75
9056.62200765371	750	54.30805800453051	0.0	398865	2055.0655149830554	0.75
9058.658403738884	750	56.27166191935509	0.0	350812	2036.3960851754237	0.75
9060.689590871025	750	58.24047478721401	0.0	382355	2031.1871321410742	0.75
9062.924987923414	750	59.858661483095844	0.0	411561	1881.8133041181695	0.75
9064.77101889092	750	59.7789378734761	0.0	318564	1579.7236096197341	0.75
9066.805857694499	750	59.58917215063224	0.0	352642	1689.7657228438704	0.75
9071.708796648902	1200	58.68623319623089	0.0	709534	4902.938954401347	0.75
9075.998684048813	1200	58.39634579631951	0.0	584846	4289.88739991138	1.2
9078.5077753566	1200	59.88725448853267	0.0	560821	2509.0913077868363	1.2
9082.094224618832	1200	59.612525228832666	0.0	607410	2774.7292597000073	1.2
9085.293427326935	1200	59.86428387604729	0.0	594078	2748.2413527853796	1.2
9088.31351735842	1200	59.77471953796335	0.0	624282	2589.5643380839406	1.2
9091.64658565074	1200	59.753448238504326	0.0	687371	3021.271299459028	1.2
9095.418734936617	1200	59.98129895262663	0.0	526950	3272.1492858776946	1.2
9100.094048388308	1200	59.30598550093604	0.0	587876	4675.313451690594	1.2
9105.808559415562	1200	57.5914744736812	0.0	617242	5714.511027254844	1.2
9109.222082913233	1200	58.17795097600946	0.0	581493	3413.5234976717297	1.2
9112.828775126967	1200	58.571258762274624	0.0	639204	3606.6922137348456	1.2
9116.549909790585	1200	58.850124098657616	0.0	586839	3721.134663617005	1.2
9121.352851449918	1200	58.04718243932531	0.0	601738	4802.941659332305	1.2
9124.142239412167	750	59.25779447707502	0.0	399894	2789.387962250297	0.3
9129.599042894171	750	57.800990995071885	0.0	401853	5456.80348200313	0.75
9132.930208019377	750	58.46982586986573	0.0	343800	3331.165125206155	0.75
9136.723776353658	750	58.67625753558524	0.0	359903	3793.5683342804823	0.75
9141.884180015057	750	57.51585387418442	0.0	379700	5160.403661400819	0.75
9149.05997615023	750	54.34005773901032	0.0	425781	7175.796135174101	0.75
9154.070053336649	750	53.329980552593774	0.0	277716	5010.077186416542	0.75
9157.469670121653	300	53.930363767589974	0.0	153605	3399.616785003806	-0.15000000000000002
9158.278219631711	300	57.12181425753243	0.0	149029	808.5495100575398	0.3
9159.471627379357	300	59.928406509888305	0.0	157421	693.4077476441207	0.3
9160.642265675147	300	59.70700672272988	0.0	157488	721.3997871584261	0.3
9162.825043988345	300	59.505236820449106	0.0	143881	1701.7699022807703	0.3
9163.652816229189	300	59.72085490548549	0.0	163444	784.3819149636209	0.3
9164.48144024101	300	59.529238062514196	0.0	179328	691.6168429712911	0.3
9166.53048716081	750	59.77321818704046	0.0	365161	1256.0198754737353	0.3
9168.514810074239	750	59.842570252487974	0.0	321064	1430.6479345524863	0.75
9170.571263488106	750	59.50068103499226	0.0	361565	1341.889217495712	0.75
9173.310265959663	1200	59.68896189740055	0.0	605884	2311.719137591711	0.75
9176.533986519427	1200	59.96574328450122	0.0	587506	2223.218612899327	1.2
9179.344427219432	1200	59.995273907931164	0.0	566904	1970.4693765700595	1.2
9181.722983136755	1200	59.660981610986724	0.0	641452	2334.2922969444435	1.2
9184.751450816811	1200	59.614379581146466	0.0	599477	2046.6020298402552	1.2
9188.145062669972	1200	59.853006479675706	0.0	634861	2761.3731014707564	1.2
9190.94159226939	1200	59.96636105581189	0.0	630203	2386.645423863818	1.2
9198.046286738303	2850	56.8616665868982	0.0	1483527	7104.69446891369	1.2000000000000002
9204.763934816907	2850	54.14401850829452	0.0	1231456	6717.648078603677	2.85
9210.955499342852	2850	51.952453982348864	0.0	1364537	6191.564525945659	2.85
9213.932274855139	750	52.97567847006116	0.0	450283	2976.7755122877084	0.75
9217.02682918127	750	53.88112414392935	0.0	398865	3094.55432613181	0.75
9219.246071031543	750	55.66188229365775	0.0	350812	2219.2418502716	0.75
9221.145471929443	750	57.762481395756005	0.0	382355	1899.4008979017444	0.75
9223.20617679972	750	59.70177652548056	0.0	411561	1560.7048702754423	0.75
9225.07617631027	750	59.59451112314769	0.0	318564	1107.265402332876	0.75
9228.778558033431	750	59.65968731567561	0.0	352642	3434.82380747208	0.75
9231.105647306687	750	59.5749216368924	0.0	437162	2084.7656787832175	0.75
9233.669398834903	1200	59.613207670021445	0.0	584846	2461.7139668709483	0.75
9237.427624134461	1200	59.85498237046139	0.0	560821	3258.2252995600497	1.2
9243.961927325903	1200	57.3206791790206	0.0	607410	6534.3031914407875	1.2
9247.912790121865	750	57.369816383058364	0.0	405134	3950.8627959622354	0.3
9252.252919693563	750	57.02968681135885	0.0	386351	4340.129571699516	0.75
9255.747709878702	750	57.534896626219854	0.0	434409	3494.790185138999	0.75
9258.030232287163	750	59.252374217759396	0.0	337059	2282.5224084604565	0.75
9262.736180084332	750	58.546426420591565	0.0	366214	4705.947797167831	0.75
9266.440335455158	750	58.84227104976512	0.0	360831	3704.1553708264573	0.75
9269.772937486017	750	59.50966901890532	0.0	372963	3332.602030859796	0.75
9273.782715902318	750	59.49989060260438	0.0	405596	4009.778416300931	0.75
9275.992799062515	750	59.8085263368859	0.0	350713	2191.3642657184932	0.75
9277.96990299037	750	59.529833820198434	0.0	386472	1778.6925166874562	0.75
9280.679568174322	750	59.60870693380532	0.0	399894	1921.126886393111	0.75
9282.984549276644	750	59.54048553142392	0.0	401853	1568.2214023814101	0.75
9284.74814240292	750	59.97706881825736	0.0	343800	1563.4167131665565	0.75
9287.371940798988	1200	59.960757826775954	0.0	587236	2516.3109914814054	0.75
9290.151069287693	1200	59.57443728471755	0.0	590335	2386.320542058407	1.2
9293.009740404064	1200	59.54200569985556	0.0	696376	2532.43158486199	1.2
9295.69495196441	1200	59.53251968543719	0.0	487160	2509.4860144183667	1.2
9298.760322783255	1200	59.5376970489787	0.0	622896	2994.8226364584884	1.2
9302.10288864839	1200	59.80168820760544	0.0	641447	2736.0088413732624	1.2
9305.534844813827	1200	59.573988636766096	0.0	570392	2727.6995708393424	1.2
9308.282348858205	1200	59.99736491187627	0.0	620283	2576.6237248898287	1.2
9311.07766998044	1200	59.63064451050435	0.0	584349	2366.7204013719265	1.2
9316.243820275984	1200	58.46449421495723	0.0	670129	5166.150295547118	1.2
9319.093043542525	1200	59.61527094841794	0.0	690253	2849.2232665392917	1.2
9322.55149977203	1200	59.748029975139254	0.0	598727	2867.2409732786805	1.2
9324.938274033679	1200	59.53525047242666	0.0	487812	1712.7795027125887	1.2
9326.659649055367	1200	59.961060341050754	0.0	575591	1574.1901313759088	1.2
9329.380963531725	1200	59.61899554802896	0.0	605884	2342.064793021788	1.2
9331.80051083091	1200	59.79934674010473	0.0	587506	2319.648807924232	1.2
9334.778506992243	1200	59.75029790506735	0.0	566904	2049.0488350373817	1.2
9337.911879732126	1200	59.60258519827381	0.0	641452	2147.7127067935353	1.2
9340.10653514307	1200	59.6935875093477	0.0	599477	1408.9976889261116	1.2
9343.189655358867	1850	59.99435626245825	0.0	973972	2699.2312468894493	1.2000000000000002
9346.251489659495	1850	59.85988359659679	0.0	958994	2634.472665861459	1.85
9348.783920925187	1850	59.75334878113538	0.0	982064	2106.534815461413	1.85
9353.035048628766	4300	59.50222107755653	0.0	1961140	3751.127703578855	1.8499999999999996
9359.150699700904	4300	57.38657000542001	0.0	2155012	6115.651072136514	4.3
9360.678650615135	750	59.858619091188665	0.0	450283	1027.950914231344	0.75
9362.6740835943	1200	59.76571567169415	0.0	611087	1092.9034194945157	0.75
9365.233420726976	1850	59.59781188519212	0.0	877771	1667.9037865020282	1.2000000000000002
9369.018412491509	2850	59.575032676012114	0.0	1520281	3022.779209180009	1.85
9372.731384013587	2850	59.549653192648705	0.0	1472558	3025.379483363409	2.85
9375.075868261792	2850	59.926707087903566	0.0	1224260	2122.946104745143	2.85
9377.818586455816	2850	59.61161706262186	0.0	1388403	2315.0900252817105	2.85
9380.931160742753	2850	59.68764400352423	0.0	1638769	2923.9730590976305	2.85
9384.702198060791	2850	59.851925958425554	0.0	1348011	2835.718045098668	2.85
9387.530962627947	2850	59.59170331131745	0.0	1429765	2760.2226471081012	2.85
9390.981925060738	2850	59.603993054945576	0.0	1354548	2487.7102563718836	2.85
9394.646817939569	2850	59.704172703740106	0.0	1519951	2899.820351205466	2.85
9397.739058397325	2850	59.725088738673904	0.0	1422919	2479.0839650662033	2.85
9401.020119754574	2850	59.84663630639457	0.0	1578343	2878.452432279328	2.85
9403.881922102655	2850	59.8180395948382	0.0	1231445	2528.596711556377	2.85
9407.34951117568	2850	59.85984787658786	0.0	1471065	3458.191718250345	2.85
9411.032929475636	2850	59.71333740399877	0.0	1491626	3646.510472589085	2.85
9414.138257250555	2850	59.87912743022166	0.0	1358801	2334.209973777115	2.85
9418.460904226089	2850	59.55336284302657	0.0	1537156	3325.7645871950867	2.85
9421.74677751083	2850	59.567367394824736	0.0	1336050	2485.9954482018265	2.85
9426.839279409793	2850	58.47486549586358	0.0	1415116	5092.501898961158	2.85

