13047.84146000283	750	4.0	4.37090515790216	450283	4370.905157902161	-18.04489217897929
13049.369405652149	300	6.4720543506812	0.0	155580	1527.9456493188	-0.15000000000000002
13050.47555242412	300	9.365907578707944	0.0	139857	1106.146771973256	0.3
13051.574022228931	300	12.26743777389822	0.0	155432	1098.4698048097237	0.3
13052.842381183336	300	14.999078819494622	0.0	163442	1268.3589544035988	0.3
13053.899524703233	300	17.94193529959696	0.0	126289	1057.143519897664	0.3
13055.222195198981	300	20.61926480384767	0.0	153295	1322.6704957492896	0.3
13056.791942007841	300	23.04951799498671	0.0	173849	1569.7468088609555	0.3
13058.115024758676	300	25.726435244152764	0.0	150710	1323.0827508339496	0.3
13059.292642944056	300	28.548817058772052	0.0	139105	1177.6181853807088	0.3
13060.404259843579	300	31.437200159250956	0.0	141840	1111.616899521098	0.3
13061.55807490688	300	34.283385095950074	0.0	156148	1153.8150633008865	0.3
13062.92877793015	300	36.91268207268112	0.0	160746	1370.7030232689483	0.3
13066.768535149433	300	37.07292485339879	0.0	179801	3839.7572192823254	0.3
13069.638881801302	300	38.202578201530194	0.0	140051	2870.3466518685977	0.3
13072.186752711988	300	39.65470729084196	0.0	138313	2547.870910688229	0.3
13074.712620774286	300	41.12883922854437	0.0	143509	2525.868062297596	0.3
13078.691309954687	300	41.15015004814229	0.0	150616	3978.689180402083	0.3
13080.874939901289	300	42.966520101541946	0.0	165384	2183.62994660034	0.3
13082.458781547553	300	45.38267845527628	0.0	140881	1583.8416462656653	0.3
13084.217171552642	300	47.62428845018903	0.0	157671	1758.3900050872476	0.3
13086.483514770027	300	49.357945232803594	0.0	157812	2266.343217385437	0.3
13088.601062970782	300	51.24039703204825	0.0	163927	2117.5482007553414	0.3
13090.183840825113	300	53.65761917771751	0.0	137654	1582.7778543307431	0.3
13091.983800501626	300	55.85765950120487	0.0	146754	1799.9596765126344	0.3
13093.545833047876	300	58.29562695495536	0.0	153938	1562.0325462495089	0.3
13096.135492177656	300	59.70596782517645	0.0	181901	2589.659129778915	0.3
13097.992121610921	300	59.59562177490625	0.0	111155	1610.346050270197	0.3
13101.067379803502	300	59.876134370113554	0.0	153605	2219.487404792691	0.3
13104.159002479777	300	59.9482084258716	0.0	149029	2427.925944241956	0.3
13107.991032458733	300	59.559041802409126	0.0	157421	3389.1666234624713	0.3
13111.113181754827	300	59.84489883210826	0.0	157488	2214.1429703008666	0.3
13115.284298613358	300	59.67378197357759	0.0	143881	4171.116858530664	0.3
13119.622320859487	300	59.33575972744799	0.0	163444	4338.022246129596	0.3
13122.682393268815	300	59.97929623801226	0.0	179328	2856.4634894357323	0.3
13125.120086008383	300	59.80675432817323	0.0	159914	2172.5419098390307	0.3
13127.86914019901	300	59.90480264772433	0.0	131610	1901.9516804488944	0.3
13129.789813772846	300	59.55301711589564	0.0	124011	1851.7855318286859	0.3
13133.510467422984	300	59.65263431183024	0.0	144254	2900.382804065402	0.3
13136.78389364511	300	59.84055662380373	0.0	149991	2812.0776880265103	0.3
13140.35484855949	300	59.71125343366314	0.0	147968	3129.303190140589	0.3
13143.903539423145	300	59.991733863954956	0.0	161857	2719.5195697081813	0.3
13146.282060353977	300	59.78805904551254	0.0	145210	1703.6748184424148	0.3
13148.40724718267	300	59.99238868736131	0.0	172312	1795.670358151226	0.3
13150.029062607447	300	59.96623921024329	0.0	167025	1526.149477118027	0.3
13151.58521038748	300	59.630998294055566	0.0	160064	1335.240916187723	0.3
13155.447586276794	750	59.768622404741656	0.0	331053	3362.3758893139106	0.3
13172.965948644121	2850	46.25026003741393	0.0	1364537	17518.36236732772	0.75
13179.38213049519	750	43.83407818634476	0.0	450283	6416.181851069164	0.75
13182.10021334227	300	45.115995339265616	0.0	155580	2718.0828470791425	-0.15000000000000002
13184.809484915211	300	46.40672376632432	0.0	139857	2709.2715729412944	0.3
13189.061315889136	300	46.15489279240092	0.0	155432	4251.830973923401	0.3
13192.526426822447	300	46.68978185908687	0.0	163442	3465.1109333140457	0.3
13194.777698047146	300	48.438510634388095	0.0	126289	2251.271224698769	0.3
13196.896129324366	300	50.320079357166726	0.0	153295	2118.4312772213766	0.3
13198.232639440577	300	52.98356924095625	0.0	173849	1336.510116210473	0.3
13199.290467621888	300	55.925741059646235	0.0	150710	1057.8281813100134	0.3
13200.396730860612	300	58.819477820922295	0.0	139105	1106.2632387239398	0.3
13202.449294558986	300	59.82390964022435	0.0	141840	1495.5681806979435	0.3
13204.872784810417	300	59.54066227334823	0.0	156148	1783.2473668761256	0.3
13207.247957654581	300	59.58319729354341	0.0	160746	1957.4649798048217	0.3
13209.734733403417	300	59.97866335130463	0.0	179801	1604.5339422387788	0.3
13212.318305707462	300	59.80199810258025	0.0	140051	1676.665248724383	0.3
13214.528571285606	300	59.59681884116922	0.0	138313	1205.1792614110318	0.3
13216.369135333107	300	59.98407997578483	0.0	143509	1612.7388653843882	0.3
13217.839187561704	300	59.77796645254503	0.0	150616	1206.1135232398003	0.3
13218.902331965211	300	59.722863603469655	0.0	165384	1055.102849075376	0.3
13220.633886026051	300	59.8161073502664	0.0	140881	906.7562532032541	0.3
13222.490390002453	300	59.640254265882945	0.0	157671	1175.853084383454	0.3
13223.908689726666	300	59.93692984978647	0.0	157812	1203.3244160964762	0.3
13225.080320466586	300	59.90860213388441	0.0	163927	1028.3277159020633	0.3
13227.200113774197	750	59.614856992086885	0.0	343800	1793.7451417975278	0.3
13229.133889492034	750	59.70149321607653	0.0	359903	1913.3637760103486	0.75
13231.882804761857	750	59.74724155207725	0.0	379700	1954.2516639992864	0.75
13234.198613826904	750	59.706668822466234	0.0	425781	2040.5727296110101	0.75
13235.988887559442	750	59.643650123915066	0.0	277716	1563.0186985511655	0.75
13239.85292465872	750	59.77961302463556	0.0	400396	3364.0370992795056	0.75
13243.914671214161	750	59.71786646919483	0.0	400508	3561.746555440729	0.75
13248.585841121436	750	59.04669656192067	0.0	358218	4671.16990727416	0.75
13254.321525255065	750	57.311012428289686	0.0	400322	5735.6841336309835	0.75
13258.583086300692	750	57.04945138266406	0.0	369834	4261.561045625627	0.75
13262.807342304155	750	56.825195379199734	0.0	412837	4224.256003464324	0.75
13267.099734655012	750	56.532803028343366	0.0	401088	4292.3923508563685	0.75
13270.902428237483	750	56.73010944587198	0.0	365161	3802.6935824713873	0.75
13274.8314124986	750	56.80112518475526	0.0	321064	3928.984261116726	0.75
13279.68323502402	750	55.94930265933385	0.0	361565	4851.822525421406	0.75
13284.864788065723	750	54.767749617631694	0.0	378327	5181.553041702155	0.75
13286.49892657295	300	57.133611110405255	0.0	149991	1634.13850722644	-0.15000000000000002
13288.581608401259	300	59.050929282094174	0.0	147968	2082.6818283110765	0.3
13290.382060728802	300	59.83119105622706	0.0	161857	1719.7382258671153	0.3
13291.50329547302	300	59.720930734955516	0.0	145210	1110.260321271549	0.3
13293.737577339823	300	59.53977701302598	0.0	172312	2181.1537219295324	0.3
13296.509926010187	300	59.87966675028274	0.0	167025	2160.1102627432406	0.3
13303.831368370387	750	56.558224390081826	0.0	393804	7321.442360200916	0.3
13308.967513481886	750	55.42207927858313	0.0	331053	5136.14511149869	0.75
13316.38545638343	1850	52.00413637704108	0.0	846370	7417.942901542059	0.75
13320.489242102529	750	51.900350657942184	0.0	450283	4103.785719098897	0.75
13322.05037063106	300	54.33922212941104	0.0	155580	1561.1285285311415	-0.15000000000000002
13325.708600379308	300	54.68099238116149	0.0	139857	3658.229748249554	0.3
13329.144852931782	300	55.2447398286881	0.0	155432	3436.252552473387	0.3
13331.653328773335	300	56.7362639871366	0.0	163442	2508.475841551492	0.3
13333.52055070172	300	58.869042058751084	0.0	126289	1867.2219283855209	0.3
13336.276621460634	300	59.8624382288693	0.0	153295	2006.6038298817775	0.3
13339.609012034643	300	59.99397640638182	0.0	173849	2868.4618224874803	0.3
13341.783713813104	300	59.95608989291164	0.0	150710	2037.8865134701769	0.3
13344.377032104505	300	59.777838379706566	0.0	139105	1678.251513205079	0.3
13347.60904831823	300	59.51936366194093	0.0	141840	2258.4747177656377	0.3
13350.127303000363	300	59.65150706885592	0.0	156148	1867.8565930850075	0.3
13352.243544090907	300	59.79858556810732	0.0	160746	1852.9215007486	0.3
13354.645196888496	300	59.673918964210024	0.0	179801	2124.666603897296	0.3
13356.371977908004	300	59.6395215513014	0.0	140051	1534.3974129086275	0.3
13358.507843964846	300	59.90278032618018	0.0	138313	1736.7412251212231	0.3
13360.157118149578	300	59.84820564967541	0.0	143509	1554.5746765047684	0.3
13361.511714945775	300	59.50325700569085	0.0	150616	1344.94864398456	0.3
13363.401720387117	300	59.89307836112418	0.0	165384	1610.1786445666767	0.3
13365.739402422061	300	59.99915074204219	0.0	140881	1393.927619081988	0.3
13367.413957290442	300	59.578250515781136	0.0	157671	1420.9002262610509	0.3
13369.537399183379	300	59.838856890374096	0.0	157812	1239.3936254070418	0.3
13371.877285352737	300	59.980937939458826	0.0	163927	1857.9189509152695	0.3
13373.791413933945	300	59.764357258076586	0.0	137654	1716.5806813822421	0.3
13375.741220016202	300	59.82872816686038	0.0	146754	1935.6290912161978	0.3
13380.104623902613	750	59.465324280449494	0.0	379700	4363.403886410887	0.3
13385.067849944524	750	58.50209823853909	0.0	425781	4963.226041910403	0.75
13387.841944264756	750	59.728003918309	0.0	277716	2274.094320230093	0.75
13391.036613106828	750	59.72312011706914	0.0	400396	2504.883801239853	0.75
13394.187339528802	750	59.82714942649892	0.0	400508	2895.9706905702164	0.75
13397.315474084267	750	59.995960014468096	0.0	358218	2331.189412030829	0.75
13400.466717453604	750	59.74381090151659	0.0	400322	2252.1491129515043	0.75
13403.65739865715	750	59.71351742793687	0.0	369834	2530.293473579717	0.75
13407.69974237813	750	59.67117370695526	0.0	412837	3542.343720981609	0.75
13410.686172647254	750	59.819324297866295	0.0	401088	2851.8494090889653	0.75
13412.971344903972	750	59.68852859952463	0.0	365161	2130.7956983416657	0.75
13414.999086952139	750	59.67734585462977	0.0	321064	2011.182744894863	0.75
13417.69391056919	750	59.79221369773997	0.0	361565	1885.1321568898054	0.75
13420.278441927057	750	59.78079374888881	0.0	378327	2011.419948851155	0.75
13423.202298388422	750	59.700421222713324	0.0	390680	2580.372526175487	0.75
13426.796540540672	750	59.97004211418131	0.0	345516	2730.3791085320154	0.75
13430.790506121719	750	59.84999084551878	0.0	384505	3120.051268662529	0.75
13434.911623060558	750	59.728873906680235	0.0	372093	4121.116938838548	0.75
13438.124772977822	750	59.914814573659164	0.0	438281	2814.059333021077	0.75
13441.727036951212	750	59.728227879086	0.0	398987	2686.586694573162	0.75
13445.444651718657	750	59.97775913477171	0.0	393804	3250.4687443142907	0.75
13450.472064796046	1200	58.950346057384216	0.0	538612	5027.413077387495	0.75
13462.97432731058	2850	50.448083542850206	0.0	1364537	12502.262514534017	1.2000000000000002
13466.783593385411	750	50.63881746801842	0.0	450283	3809.2660748317776	0.75
13469.733806142816	750	51.68860471061397	0.0	398865	2950.2127574044466	0.75
13471.988309221244	750	53.4341016321861	0.0	350812	2254.5030784278715	0.75
13474.424266845484	750	54.998144007945136	0.0	382355	2435.9576242409667	0.75
13478.59934620544	750	54.82306464799151	0.0	411561	4175.079359953628	0.75
13481.992163456465	750	55.43024739696417	0.0	318564	3392.817251027333	0.75
13483.050783307965	300	58.37162754546668	0.0	153295	1058.6198514974926	-0.15000000000000002
13485.382289342102	300	59.642513334614975	0.0	173849	1229.1142108517076	0.3
13487.416486112046	300	59.76661086128614	0.0	150710	1375.9024733288284	0.3
13489.470357860786	300	59.50882213522372	0.0	139105	1257.7887260624234	0.3
13491.282108059604	300	59.685988547154885	0.0	141840	1322.8335880688346	0.3
13493.301511676926	300	59.83074504386782	0.0	156148	1855.2435032870624	0.3
13495.82423821001	300	59.57646183434232	0.0	160746	2254.283209525497	0.3
13502.881831907418	750	56.51886813693689	0.0	434409	7057.593697405432	0.3
13507.507027733936	750	55.89367231041669	0.0	337059	4625.195826520195	0.75
13509.549618254836	300	57.85108178951606	0.0	138313	2042.5905209006294	-0.15000000000000002
13511.492396489257	300	59.72660435649894	0.0	143509	1624.4774330171235	0.3
13513.828200341044	300	59.65785283130669	0.0	150616	2068.7515251922487	0.3
13515.613822862993	300	59.56356773362943	0.0	165384	1594.2850976772704	0.3
13518.155935727766	300	59.82368001338049	0.0	140881	1739.8877202489352	0.3
13521.828752283856	300	59.528384307596156	0.0	157671	2795.295705784331	0.3
13524.88698172851	300	59.56303001042123	0.0	157812	2465.354297174925	0.3
13527.40363611223	300	59.79114039230263	0.0	163927	2271.8896181186014	0.3
13530.51709154174	300	59.53179506034679	0.0	137654	2759.3453319558416	0.3
13534.504245242742	300	59.54464135934496	0.0	146754	3987.1537010018346	0.3
13540.074824059151	300	57.974062542936224	0.0	153938	5570.578816408726	0.3
13542.106346984425	300	59.94253961766222	0.0	181901	2031.5229252739994	0.3
13543.703880940833	300	59.95045540957716	0.0	111155	1492.0842080850625	0.3
13546.717738259307	300	59.9412516245021	0.0	153605	2009.2037850750592	0.3
13548.703286671063	300	59.62080418532429	0.0	149029	1820.4474391778156	0.3
13551.764975376193	300	59.82751031904832	0.0	157421	2793.293866275968	0.3
13554.23295708227	300	59.61771688543684	0.0	157488	2209.793433611479	0.3
13555.762638739856	300	59.661970192875714	0.0	143881	1455.7466925611332	0.3
13558.13922027339	300	59.691146908621434	0.0	163444	1470.8232842542757	0.3
13560.426821192721	300	59.942225573595785	0.0	179328	1748.9213350256437	0.3
13562.524258500172	300	59.85284671202371	0.0	159914	1589.3788615720764	0.3
13564.253397894428	300	59.6823062378349	0.0	131610	1170.5404741888092	0.3
13565.72801460595	300	59.589297342108196	0.0	124011	1093.008895726703	0.3
13566.812974000235	300	59.55812155286229	0.0	144254	1031.1757892459082	0.3
13568.510714574997	300	59.93114306800052	0.0	149991	1126.9784848617696	0.3
13569.90142086279	300	59.88567096905462	0.0	147968	1045.472098945901	0.3
13571.261388977897	300	59.773304005925915	0.0	161857	1112.3669631287046	0.3
13572.206803896024	300	59.864397122849624	0.0	145210	908.906883076293	0.3
13573.912173892766	300	59.880466142004984	0.0	172312	983.9309808446433	0.3
13577.417284205621	750	59.92863049352578	0.0	398987	2951.8356484792025	0.3
13593.719608084579	1200	47.62630661456879	0.0	638661	16302.323878956991	0.75
13623.353884203314	1200	21.99203049583244	0.0	538612	29634.27611873635	1.2
13629.312215180671	300	20.033699518475807	0.0	118421	5958.330977356638	-0.6000000000000001
13644.653232695875	750	8.69268200327134	0.0	450283	15341.017515204465	0.75
13654.660283555157	300	4.0	1.314368856010462	155580	10007.050859281802	-5.801786080844987
13663.180027920536	300	4.0	4.519744365379426	139857	8519.744365379425	-19.13490077113153
13670.257123426309	300	4.0	3.077095505773006	155432	7077.095505773006	-12.931510674823924
13679.925346629569	300	4.0	5.668223203259578	163442	9668.223203259578	-24.073359774016186
13682.363446453852	300	5.561900175716882	0.0	126289	2438.0998242831174	0.3
13688.731781077406	300	4.0	0.8064344478353814	153295	6368.334623552264	-3.16766812569214
13698.531876316196	300	4.0	5.800095238789638	173849	9800.095238789638	-24.64040952679544
13700.834553391096	300	5.6973229250995425	0.0	150710	2302.6770749004577	0.3
13701.35603249663	300	9.175843819565783	0.0	139105	521.4791055337582	0.3
13703.834320261138	300	10.69755605505803	0.0	141840	2478.2877645077538	0.3
13712.13889142755	300	6.392984888645173	0.0	156148	8304.571166412858	0.3
13723.340060463082	300	4.0	4.808184146885689	160746	11201.169035530862	-20.37519183160846
13725.844814301214	300	5.4952461618681205	0.0	179801	2504.7538381318795	0.3
13734.243157840143	300	4.0	2.90309737705995	140051	8398.343538928071	-12.183318721357784
13743.429854394684	300	4.0	5.186696554541	138313	9186.696554541	-22.0027951845263

