1.9174375092063	750	4.0	1.9174375092063	450283	1917.4375092063	-7.4949812895870895
2.4806527106488176	300	7.436784798557483	0.0	155580	563.2152014425174	-0.15000000000000002
3.014978898558569	300	10.90245861064773	0.0	139857	534.3261879097516	0.3
3.620819895797373	300	14.296617613408927	0.0	155432	605.840997238804	0.3
4.274497503398172	300	17.64294000580813	0.0	163442	653.6776076007985	0.3
4.897533625989529	300	21.019903883216774	0.0	126289	623.0361225913565	0.3
5.680731460269244	300	24.23670604893706	0.0	153295	783.1978342797154	0.3
6.410293344694109	300	27.507144164512194	0.0	173849	729.5618844248645	0.3
7.9076159034119105	750	30.009821605794393	0.0	374758	1497.322558717801	0.3
9.209655263630015	750	32.70778224557629	0.0	362795	1302.0393602181055	0.75
10.56067170667429	750	35.35676580253201	0.0	353220	1351.0164430442753	0.75
12.173386262083365	750	37.74405124712294	0.0	405134	1612.7145554090769	0.75
13.470922093987976	750	40.44651541521833	0.0	386351	1297.5358319046097	0.75
16.16730436093169	1200	41.750133148274614	0.0	687371	2696.3822669437163	0.75
18.040641295364317	1200	43.876796213842	0.0	526950	1873.336934432622	1.2
19.636201087737415	1200	46.281236421468904	0.0	587876	1595.5597923730993	1.2
21.51340871867735	1200	48.40402879052897	0.0	617242	1877.2076309399329	1.2
23.58398587544599	1200	50.333451633760326	0.0	581493	2070.5771567686397	1.2
26.432941296634468	1200	51.48449621257185	0.0	639204	2848.955421188479	1.2
28.359121844736194	1200	53.558315664470115	0.0	586839	1926.1805481017266	1.2
30.6293342671845	1200	55.28810324202181	0.0	601738	2270.2124224483073	1.2
33.14799622990134	1200	56.76944127930498	0.0	616206	2518.661962716831	1.2
35.976558707757384	1200	57.940878801448925	0.0	656471	2828.5624778560523	1.2
38.584884732683825	1200	59.33255277652249	0.0	536667	2608.3260249264376	1.2
41.48468189112486	1200	59.540096563643885	0.0	587236	2792.456212878605	1.2
44.03183930513696	1200	59.50968832941905	0.0	590335	2530.4082342248357	1.2
47.773583213936	1200	59.76794442062001	0.0	696376	3241.743908799037	1.2
50.932201577417935	1200	59.7138817831722	0.0	487160	2554.062637447813	1.2
54.5366429554585	1200	59.66393895716898	0.0	622896	3049.9428260032173	1.2
57.346650821555315	1200	59.97618430013924	0.0	641447	2687.754657029738	1.2
59.91283449145249	1200	59.95421906972419	0.0	570392	2521.9652304150522	1.2
62.11765620629193	1200	59.75841743204553	0.0	620283	2195.801637678656	1.2
64.77869723410495	1200	59.85240695671941	0.0	584349	1906.0104753261178	1.2
67.99746642946322	1200	59.56553763528373	0.0	670129	2286.8693214356817	1.2
71.23067418563446	1200	59.8548836941594	0.0	690253	2710.653941124333	1.2
75.27064762793816	1850	59.541173880531	0.0	943942	3313.7098136283935	1.2000000000000002
77.8723114947107	1850	59.52397376148239	0.0	728962	2017.2001190486146	1.85
81.19970309705198	1850	59.8480098341737	0.0	938587	3175.9639273086837	1.85
85.11148083004525	1850	59.93623210118043	0.0	908665	3911.7777329932715	1.85
89.14826330693737	1850	59.899449624288316	0.0	930577	4036.782476892112	1.85
93.14985662680807	1850	59.80264690681196	0.0	858450	3096.80271747636	1.85
98.04849792574268	1850	58.90400560787736	0.0	1025005	4898.641298934597	1.85
102.1182926918571	1850	58.834210841762925	0.0	886255	4069.794766114429	1.85
106.74826132215138	1850	58.20424221146866	0.0	973972	4629.968630294267	1.85
112.10282289715313	1850	56.84968063646689	0.0	958994	5354.561575001767	1.85
119.26561969663518	1850	53.68688383698485	0.0	982064	7162.796799482052	1.85
138.15522509780314	1850	38.7972784358169	0.0	830730	18889.60540116794	1.85
149.61016498272926	1850	31.342338550890773	0.0	846370	11454.939884926127	1.85
154.71006546442257	750	30.242438069197476	0.0	450283	5099.900481693298	0.75
156.1614952689557	300	32.79100826466437	0.0	155580	1451.4298045331054	-0.15000000000000002
157.43628099172852	300	35.51622254189153	0.0	139857	1274.7857227728396	0.3
158.81530026217936	300	38.137203271440704	0.0	155432	1379.0192704508293	0.3
160.0142108824516	300	40.93829265116846	0.0	163442	1198.9106202722417	0.3
161.55430379919983	300	43.39819973442023	0.0	126289	1540.0929167482288	0.3
162.8595156013229	300	46.092987932297184	0.0	153295	1305.2118021230513	0.3
164.6831779849609	300	48.26932554865919	0.0	173849	1823.6623836379972	0.3
166.78622783180646	300	50.16627570181364	0.0	150710	2103.049846845548	0.3
168.79478630700925	300	52.15771722661085	0.0	139105	2008.5584752027933	0.3
171.0295328813971	300	53.92297065222297	0.0	141840	2234.7465743878706	0.3
174.60162198915233	300	54.35088154446777	0.0	156148	3572.0891077552083	0.3
178.1031495049744	300	54.84935402864571	0.0	160746	3501.5275158220547	0.3
184.04219260225287	300	52.91031093136724	0.0	179801	5939.043097278473	0.3
188.90759124488403	300	52.044912288736064	0.0	140051	4865.398642631172	0.3
194.4019039665497	300	50.55059956707039	0.0	138313	5494.312721665669	0.3
197.7141424781768	300	51.2383610554433	0.0	143509	3312.2385116270975	0.3
198.25067271614185	300	54.70183081747825	0.0	150616	536.5302379650448	0.3
198.6811943060657	300	58.27130922755443	0.0	165384	430.52158992381635	0.3
199.97850045389637	300	59.892720294465036	0.0	140881	378.58893308939906	0.3
200.53903857108608	300	59.516309843240855	0.0	157671	376.41045122418564	0.3
204.55954264982395	750	59.495805764502975	0.0	399894	4020.504078737877	0.3
205.98449895456673	750	59.63214348448328	0.0	401853	863.6622800197009	0.75
206.8739621214599	750	59.90805891339824	0.0	343800	724.0845710850358	0.75
208.82815364738875	750	59.93715244833788	0.0	359903	970.9064650603639	0.75
209.64069108329448	750	59.72202626081926	0.0	379700	715.1261875186152	0.75
211.73017494703274	1200	59.922489953143696	0.0	696376	1299.5363076755705	0.75
213.0963121074094	1850	59.57389515098671	0.0	758197	1348.594802156983	1.2000000000000002
215.29245992859555	1850	59.895592419503494	0.0	972798	1678.3027314832161	1.85
219.00196204254982	2850	59.719263907377815	0.0	1561263	3176.328512125687	1.85
221.70918709341214	2850	59.78223818286094	0.0	1341201	2437.0257245168723	2.85
224.61471278583818	2850	59.89907499982065	0.0	1497683	2883.163183040289	2.85
228.1161717730359	2850	59.83952676091466	0.0	1358081	2559.5482389059844	2.85
232.01073781119374	2850	59.799699115981625	0.0	1587293	3039.8276449330383	2.85
235.52988270832213	2850	59.9249958640298	0.0	1492672	2874.7032519518166	2.85
238.81452754166455	2850	59.761394269946905	0.0	1439896	2663.601594082903	2.85
241.51359691775957	2850	59.92738120152915	0.0	1139291	2334.013068417757	2.85
244.5996520908602	2850	59.987881768817445	0.0	1499009	2939.499432711702	2.85
247.91802602520158	2850	59.85647267184122	0.0	1427478	3131.4090969762287	2.85
251.06129912086737	2850	59.82831854269089	0.0	1402287	3028.154129150331	2.85
254.67011765023958	2850	59.780968761262535	0.0	1339500	2547.3497814283537	2.85
258.37337258108505	2850	59.876075669811726	0.0	1527299	2904.8930914508087	2.85
261.7483036167068	2850	59.79179107169817	0.0	1343002	2584.284598113551	2.85
265.9943403473155	2850	59.519595925147904	0.0	1587250	3272.195146550263	2.85
269.38350978581315	2850	59.982931997928304	0.0	1464921	3036.6639272196044	2.85
274.13247766116837	4300	59.23396412257309	0.0	2246506	4748.967875355216	2.8499999999999996
277.90902051744024	4300	59.45742126630127	0.0	1961140	3776.5428562718253	4.3
282.12919907071876	4300	59.23724271302273	0.0	2155012	4220.178553278538	4.3
283.05835691789207	750	59.850261187527934	0.0	450283	886.9815254947985	0.75
286.47833491579127	2850	59.86686034941758	0.0	1431809	2483.400838110357	0.75
288.87628619679805	2850	59.585673288808636	0.0	1300868	2281.187060608945	2.85
292.6111919414856	2850	59.69310252666375	0.0	1520281	2892.570762144881	2.85
296.07506918849367	2850	59.836831394431044	0.0	1472558	2856.2711322327073	2.85
299.3443840347695	2850	59.706477028680844	0.0	1224260	2630.3543657501996	2.85
302.70644841448484	2850	59.798925079086	0.0	1388403	2907.551949594846	2.85
306.6525625527125	2850	59.70312422503239	0.0	1638769	3595.8008540536	2.85
310.05496868871194	2850	59.62807779911971	0.0	1348011	3075.046425912679	2.85
313.21499931206665	2850	59.65624234248568	0.0	1429765	2971.8354566340267	2.85
316.79805887621984	2850	59.65881014376946	0.0	1354548	3497.4321987162284	2.85
320.907113321781	2850	59.54975569820825	0.0	1519951	4109.054445561202	2.85
324.6869313153255	2850	59.769937704663754	0.0	1422919	3279.8179935445023	2.85
328.77623083299784	2850	59.68063818699146	0.0	1578343	3589.2995176722884	2.85
332.4431057387639	2850	59.599600395215916	0.0	1231445	3081.037791775546	2.85
337.03801134804394	2850	59.00469478593594	0.0	1471065	4594.905609279973	2.85
343.5816214947482	2850	56.46108463923163	0.0	1491626	6543.61014670431	2.85
348.3852113858332	1850	55.65749474814665	0.0	885714	4803.5898910849855	0.8500000000000001
352.33508227382254	1850	55.707623860157355	0.0	987708	3949.8708879892883	1.85
356.4184508568022	1850	55.624255277177646	0.0	923755	4083.368582979712	1.85
359.5446675646379	1850	56.49803856934198	0.0	891604	3126.216707835665	1.85
362.2396339556389	1200	57.80307217834095	0.0	616206	2694.966391001032	0.5499999999999999
364.7423133633139	1200	59.30039277066595	0.0	656471	2502.6794076749934	1.2
367.3056028097347	1200	59.57177041672579	0.0	536667	2228.622353940159	1.2
369.4921216110975	1200	59.59984456228472	0.0	587236	1971.9258544410698	1.2
372.3676000590424	1200	59.72040181177313	0.0	590335	1879.4427505115927	1.2
375.29366505640616	1200	59.95488716180793	0.0	696376	2265.514649965205	1.2
377.5918583555136	1200	59.551065685953475	0.0	487160	1403.8214758544564	1.2
380.32141411622774	1200	59.57847371722289	0.0	622896	1972.5919687305786	1.2
383.9152921124594	1850	59.594516615098875	0.0	975811	2983.9571021240204	1.2000000000000002
386.61810850997387	1850	59.74856886339541	0.0	873429	2345.947751703462	1.85
389.54469539884633	1850	59.61470974186471	0.0	954453	2633.8591215307056	1.85
392.0956004194667	1850	59.94362111522541	0.0	885062	1671.088626639302	1.85
396.16182998616387	2850	59.546914528867326	0.0	1587293	3896.7065863580838	1.85
400.1175124403251	2850	59.59123207470616	0.0	1492672	3455.682454161164	2.85
404.10917688879	2850	59.52800256772383	0.0	1439896	3063.2295069823303	2.85
407.8956256343319	2850	59.74155382218189	0.0	1139291	3286.4487455419385	2.85

