3.577861463103849	750	4.0	3.577861463103849	450283	3577.861463103849	1	-14.63480429134655
5.065746080739219	300	6.51211538236463	0.0	155580	1487.8846176353702	1.0387027047720307	-0.15000000000000002
6.443797260750884	300	9.134064202352965	0.0	139857	1378.051180011665	1.0387027047720307	0.3
7.887366765098365	300	11.690494698005484	0.0	155432	1443.5695043474816	1.0387027047720307	0.3
9.223111290956455	300	14.354750172147396	0.0	163442	1335.744525858089	1.0387027047720307	0.3
10.54559695960565	300	17.0322645034982	0.0	126289	1322.4856686491958	1.0387027047720307	0.3
11.983793063234959	300	19.594068399868892	0.0	153295	1438.1961036293103	1.0387027047720307	0.3
13.395952346200016	300	22.181909116903835	0.0	173849	1412.1592829650556	1.0387027047720307	0.3
16.23778310258303	750	23.340078360520824	0.0	374758	2841.8307563830126	1.0387027047720307	0.3
18.944494552853527	750	24.633366910250327	0.0	362795	2706.711450270499	1.0387027047720307	0.75
21.647423793692003	750	25.93043766941185	0.0	353220	2702.929240838476	1.0387027047720307	0.75
24.65274378894107	750	26.925117674162784	0.0	405134	3005.3199952490663	1.0387027047720307	0.75
27.41501566092649	750	28.162845802177365	0.0	386351	2762.27187198542	1.0387027047720307	0.75
30.840996413668886	750	28.736865049434968	0.0	434409	3425.980752742399	1.0387027047720307	0.75
33.22830855729124	750	30.349552905812608	0.0	337059	2387.312143622359	1.0387027047720307	0.75
37.62319007146234	1200	29.954671391641515	0.0	587876	4394.881514171094	1.0387027047720307	0.75
41.66802144014788	1200	29.909840022955972	0.0	617242	4044.831368685541	1.0387027047720307	1.2
45.57163438205654	1200	30.00622708104732	0.0	581493	3903.6129419086546	1.0387027047720307	1.2
51.368482225399745	1200	28.20937923770411	0.0	639204	5796.847843343209	1.0387027047720307	1.2
56.643440210188885	1200	26.934421252914973	0.0	586839	5274.957984789135	1.0387027047720307	1.2
64.45789381846103	1200	23.119967644642827	0.0	601738	7814.453608272144	0.8031591970259668	1.2
71.47941136390777	1200	20.098450099196082	0.0	616206	7021.517545446745	0.8031591970259668	1.2
78.24682569040922	1200	17.33103577269462	0.0	656471	6767.414326501461	0.8031591970259668	1.2
81.36992680722534	750	18.207934655878503	0.0	343800	3123.1011168161167	0.8031591970259668	0.3
85.336655644131	750	18.241205818972862	0.0	359903	3966.728836905641	0.8031591970259668	0.75
89.20736934327867	750	18.370492119825194	0.0	379700	3870.7136991476696	0.8031591970259668	0.75
93.38196850768126	750	18.195892955422597	0.0	425781	4174.599164402596	0.8031591970259668	0.75
96.06415108786122	750	19.513710375242635	0.0	277716	2682.1825801799628	0.8031591970259668	0.75
99.97797173203801	750	19.599889731065836	0.0	400396	3913.8206441767966	0.8031591970259668	0.75
104.09816604266531	750	19.479695420438546	0.0	400508	4120.19431062729	0.8031591970259668	0.75
107.41035167320696	750	20.167509789896908	0.0	358218	3312.1856305416413	0.8031591970259668	0.75
111.33820943669059	750	20.23965202641327	0.0	400322	3927.8577634836347	0.8031591970259668	0.75
114.86883437618883	750	20.709027086915032	0.0	369834	3530.624939498236	0.8031591970259668	0.75
119.33900320529187	750	20.23885825781199	0.0	412837	4470.168829103043	0.8031591970259668	0.75
123.28066911763037	750	20.297192345473483	0.0	401088	3941.665912338507	0.8031591970259668	0.75
128.09402589968857	750	19.48383556341528	0.0	365161	4813.356782058204	0.8031591970259668	0.75
132.0498829354445	750	19.527978527659396	0.0	321064	3955.8570357558824	0.8031591970259668	0.75
136.48048229483365	750	19.097379168270237	0.0	361565	4430.599359389162	0.8031591970259668	0.75
140.56170629374012	750	19.016155169363767	0.0	378327	4081.2239989064683	0.8031591970259668	0.75
145.6053838294646	750	17.972477633639258	0.0	390680	5043.677535724511	0.8031591970259668	0.75
151.77966171396392	750	15.798199749139954	0.0	345516	6174.277884499303	0.8031591970259668	0.75
156.72122103368264	750	14.856640429421233	0.0	384505	4941.559319718721	0.8031591970259668	0.75
160.5005803385379	750	15.077281124565975	0.0	372093	3779.3593048552593	0.8031591970259668	0.75
166.40936574853666	750	13.168495714567205	0.0	438281	5908.78540999877	0.8031591970259668	0.75
173.96904735479856	750	9.608814108305305	0.0	398987	7559.6816062619	0.8031591970259668	0.75
184.51633031430873	750	4.0	0.9384688512048706	393804	10547.282959510176	0.8031591970259668	-3.2854160601809435
185.79848475970462	300	6.717845554604119	0.0	137507	1282.1544453958816	0.8031591970259668	-0.15000000000000002
187.33726685036532	300	9.179063463943395	0.0	118421	1538.782090660722	0.8031591970259668	0.3
191.93215435761417	750	8.584175956694555	0.0	450283	4594.887507248841	0.8031591970259668	0.75
193.6214164300741	300	10.894913884234606	0.0	155580	1689.2620724599494	0.8031591970259668	-0.15000000000000002
194.74537999368744	300	13.770950320621274	0.0	139857	1123.9635636133319	0.8031591970259668	0.3
196.1668639628776	300	16.349466351431122	0.0	155432	1421.4839691901532	0.8031591970259668	0.3
198.21355685974805	300	18.30277345456066	0.0	163442	2046.6928968704592	0.8031591970259668	0.3
199.7242982304548	300	20.79203208385392	0.0	126289	1510.7413707067433	0.8031591970259668	0.3
203.7802566214354	750	20.73607369287332	0.0	352642	4055.9583909806	0.8031591970259668	0.3
209.45493329863035	750	19.061397015678384	0.0	437162	5674.676677194938	0.8031591970259668	0.75
218.31280833215908	750	14.203521982149653	0.0	374758	8857.875033528731	0.8031591970259668	0.75
230.8362869898149	750	5.680043324493805	0.0	362795	12523.478657655847	0.8031591970259668	0.75
236.47982894018298	300	4.036501374125742	0.0	141840	5643.541950368062	0.8031591970259668	-0.15000000000000002
241.08967437953274	300	4.0	0.5733440652240243	156148	4609.845439349767	0.8031591970259668	-2.1653794804633044
243.17076626499502	300	5.918908114537726	0.0	160746	2081.091885462274	0.8031591970259668	0.3
245.7180579176447	300	7.371616461888045	0.0	179801	2547.2916526496806	0.8031591970259668	0.3
247.82330028093543	300	9.266374098597343	0.0	140051	2105.242363290704	0.8031591970259668	0.3
249.91687656189126	300	11.172797817641518	0.0	138313	2093.5762809558237	0.8031591970259668	0.3
257.71020658305576	300	7.379467796476979	0.0	143509	7793.330021164539	0.8031591970259668	0.3
261.7528615682974	300	7.336812811235337	0.0	150616	4042.6549852416424	0.8031591970259668	0.3
263.2682833735793	300	9.821391005953428	0.0	165384	1515.4218052819099	0.8031591970259668	0.3
264.28516343930147	300	12.804510940231287	0.0	140881	1016.8800657221421	0.8031591970259668	0.3
265.5099296143383	300	15.579744765194443	0.0	157671	1224.7661750368436	0.8031591970259668	0.3
266.56522607779516	300	18.52444830173761	0.0	157812	1055.2964634568311	0.8031591970259668	0.3
267.6209203003157	300	21.468754079217092	0.0	163927	1055.6942225205216	0.8031591970259668	0.3
269.48564476030725	750	23.60402961922548	0.0	343800	1864.7244599916105	0.8031591970259668	0.3
275.6108667265906	1200	21.47880765294213	0.0	587236	6125.22196628335	0.8031591970259668	0.75
279.5010887778883	1200	21.588585601644443	0.0	590335	3890.2220512976883	0.8031591970259668	1.2
284.8942261406872	1200	20.195448238845543	0.0	696376	5393.137362798896	0.8031591970259668	1.2
290.0036984101526	1200	19.085975969380165	0.0	487160	5109.472269465378	0.8031591970259668	1.2
300.4558649802009	1200	12.633809399331826	0.0	622896	10452.166570048339	0.8031591970259668	1.2
313.3723275786148	1200	4.0	0.28265319908205494	641447	12916.46259841388	0.8031591970259668	-0.015408756052836203
316.2204921001502	300	5.151835478464528	0.0	157421	2848.164521535472	0.8031591970259668	-0.6000000000000001
319.1056982782794	300	6.266629300335332	0.0	157488	2885.206178129196	0.8031591970259668	0.3
325.1102049393108	300	4.26212263930393	0.0	143881	6004.506661031402	0.8031591970259668	0.3
329.0118089745912	300	4.360518604023516	0.0	163444	3901.6040352804134	0.8031591970259668	0.3
334.4077361768779	300	4.0	1.0354085982632186	179328	5395.927202286735	0.8031591970259668	-4.15225697253184
338.6564660236971	300	4.0	0.24872984681914567	159914	4248.729846819146	0.8031591970259668	-0.7695383413223262
340.4725111821031	300	6.183954841593928	0.0	131610	1816.0451584060725	0.8031591970259668	0.3
343.3637787395198	300	7.292687284177268	0.0	124011	2891.2675574166597	0.8031591970259668	0.3
345.29989146202513	300	9.356574561671941	0.0	144254	1936.1127225053265	0.8031591970259668	0.3
347.40741357870894	300	11.249052444988088	0.0	149991	2107.522116683853	0.8031591970259668	0.3
352.04124915039273	300	10.615216873304309	0.0	147968	4633.83557168378	0.8031591970259668	0.3
354.76130742026095	300	11.895158603436068	0.0	161857	2720.0582698682415	0.8031591970259668	0.3
358.7014606910115	300	11.955005332685555	0.0	145210	3940.1532707505116	0.8031591970259668	0.3
366.35417667092514	300	8.302289352771883	0.0	172312	7652.715979913673	0.8031591970259668	0.3
370.5623351735218	300	8.094130850175285	0.0	167025	4208.158502596598	0.8031591970259668	0.3
379.485916078935	300	4.0	0.8294500552379904	160064	8923.580905413275	0.8031591970259668	-3.2666352375233587
385.20130751825826	300	4.0	1.7153914393232816	137507	5715.391439323282	0.8031591970259668	-7.076183189090111
391.91721985572093	300	4.0	2.715912337462669	118421	6715.912337462669	0.8031591970259668	-11.378423051089475
409.89117805970716	750	4.0	13.973958203986243	450283	17973.958203986243	0.8031591970259668	-59.33802027714084
415.0127088101259	300	4.0	1.1215307504187322	155580	5121.530750418732	0.8031591970259668	-4.972582226800548
418.5449375640923	300	4.467771246033529	0.0	139857	3532.2287539664712	0.8031591970259668	0.3
421.5325554272042	300	5.4801533829216265	0.0	155432	2987.617863111902	0.8031591970259668	0.3
424.5313838583517	300	6.481324951774117	0.0	163442	2998.8284311475095	0.8031591970259668	0.3
426.43845721835885	300	8.57425159176697	0.0	126289	1907.0733600071471	0.8031591970259668	0.3
428.20912896037277	300	10.803579849753092	0.0	153295	1770.6717420138764	0.8031591970259668	0.3
429.9220032522922	300	13.090705557833623	0.0	173849	1712.8742919194697	0.8031591970259668	0.3
431.2161212090449	300	15.796587601080939	0.0	150710	1294.1179567526829	0.8031591970259668	0.3
433.6857148290003	300	17.32699398112554	0.0	139105	2469.5936199554003	0.8031591970259668	0.3
435.47044702617444	300	19.54226178395136	0.0	141840	1784.7321971741746	0.8031591970259668	0.3
436.79773832636687	300	22.21497048375892	0.0	156148	1327.2913001924417	0.8031591970259668	0.3
438.20583443367775	300	24.806874376448064	0.0	160746	1408.096107310855	0.8031591970259668	0.3
442.366341768814	750	24.6463670413118	0.0	434409	4160.507335136261	0.8031591970259668	0.3
450.38155584181095	750	20.63115296831482	0.0	337059	8015.214072996985	0.8031591970259668	0.75
461.56821272104537	750	13.444496089080404	0.0	366214	11186.656879234413	0.8031591970259668	0.75
472.35064396307894	750	6.662064847046872	0.0	360831	10782.431242033534	0.8031591970259668	0.75
478.205356806821	300	4.807352003304786	0.0	150616	5854.712843742086	0.8031591970259668	-0.15000000000000002
483.3607092425536	300	4.0	0.3480004324277588	165384	5155.352435732544	0.8031591970259668	-1.1964018594393628
486.5874963196939	300	4.773212922859659	0.0	140881	3226.787077140341	0.8031591970259668	0.3
489.9141396049601	300	5.446569637593495	0.0	157671	3326.643285266164	0.8031591970259668	0.3
493.5548126366339	300	5.805896605919694	0.0	157812	3640.673031673801	0.8031591970259668	0.3
497.52982124691556	300	5.830887995638071	0.0	163927	3975.008610281622	0.8031591970259668	0.3
500.84377604224875	300	6.516933200304859	0.0	137654	3313.9547953332135	0.8031591970259668	0.3
503.7229142623411	300	7.6377949802125364	0.0	146754	2879.1382200923213	0.8031591970259668	0.3
507.09609007227607	300	8.264619170277571	0.0	153938	3373.1758099349668	0.8031591970259668	0.3
510.64410055739444	300	8.716608685159196	0.0	181901	3548.010485118375	0.8031591970259668	0.3
513.7258361357316	300	9.634873106822074	0.0	111155	3081.7355783371213	0.8031591970259668	0.3
515.9808938137722	300	11.379815428781395	0.0	153605	2255.057678040678	0.8031591970259668	0.3
518.8521498964426	300	12.508559346111127	0.0	149029	2871.2560826702693	0.8031591970259668	0.3
521.3882032434153	300	13.972505999138303	0.0	157421	2536.0533469728243	0.8031591970259668	0.3
524.1145149220038	300	15.24619432054989	0.0	157488	2726.3116785884117	0.8031591970259668	0.3
526.6431557043195	300	16.717553538234178	0.0	143881	2528.640782315713	0.8031591970259668	0.3
529.1345967779248	300	18.22611246462885	0.0	163444	2491.4410736053246	0.8031591970259668	0.3
534.5106420188887	750	16.850067223664976	0.0	401088	5376.045240963876	0.8031591970259668	0.3
540.8748760602671	750	14.485833182286555	0.0	365161	6364.234041378422	0.8031591970259668	0.75
546.0774471278725	750	13.283262114681209	0.0	321064	5202.571067605346	0.8031591970259668	0.75
549.859792812495	750	13.500916430058721	0.0	361565	3782.345684622488	0.8031591970259668	0.75
554.5173661702861	750	12.843343072267702	0.0	378327	4657.57335779102	0.8031591970259668	0.75
560.9079687935919	750	10.452740448962007	0.0	390680	6390.602623305695	0.8031591970259668	0.75
563.434300608244	300	11.92640863430985	0.0	147968	2526.331814652157	0.8031591970259668	-0.15000000000000002
565.390153956017	300	13.970555286536857	0.0	161857	1955.8533477729925	0.8031591970259668	0.3
566.9789847318535	300	16.381724510700423	0.0	145210	1588.830775836434	0.8031591970259668	0.3
569.5664720081375	300	17.794237234416396	0.0	172312	2587.487276284029	0.8031591970259668	0.3
573.1045489796451	300	18.256160262908814	0.0	167025	3538.0769715075794	0.8031591970259668	0.3
578.6630581604944	750	16.697651082059565	0.0	393804	5558.50918084925	0.8031591970259668	0.3
581.7853903914296	750	17.575318851124443	0.0	331053	3122.332230935123	0.8031591970259668	0.75
589.1359682678923	1850	14.224740974661712	0.0	846370	7350.577876462733	0.8031591970259668	0.75
594.3960239239306	750	12.964685318623342	0.0	450283	5260.055656038369	0.8031591970259668	0.75
598.1520243005257	750	13.20868494202827	0.0	398865	3756.000376595071	0.8031591970259668	0.75
603.1043983481035	750	12.256310894450467	0.0	350812	4952.374047577804	0.8031591970259668	0.75
608.9421324705839	750	10.418576771970061	0.0	382355	5837.734122480406	0.8031591970259668	0.75
613.5249654494761	750	9.835743793077851	0.0	411561	4582.832978892211	0.8031591970259668	0.75
617.1070516868359	750	10.253657555718034	0.0	318564	3582.0862373598184	0.8031591970259668	0.75
620.481745877405	750	10.878963365148964	0.0	352642	3374.6941905690696	0.8031591970259668	0.75
624.2314526959143	750	11.129256546639645	0.0	437162	3749.7068185093203	0.8031591970259668	0.75
628.0501896977413	750	11.310519544812687	0.0	374758	3818.7370018269576	0.8031591970259668	0.75
631.4217003931986	750	11.939008849355305	0.0	362795	3371.5106954573826	0.8031591970259668	0.75
633.9188007741786	750	13.44190846837539	0.0	353220	2497.1003809799145	0.8031591970259668	0.75
637.287196549649	750	14.073512692905027	0.0	405134	3368.395775470362	0.8031591970259668	0.75
640.2574188006282	750	15.103290441925818	0.0	386351	2970.2222509792095	0.8031591970259668	0.75
643.4322823099906	750	15.928426932563324	0.0	434409	3174.8635093624926	0.8031591970259668	0.75
646.2677399182445	750	17.092969324309426	0.0	337059	2835.457608253899	0.8031591970259668	0.75
649.0349665407805	750	18.325742701773517	0.0	366214	2767.2266225359094	0.8031591970259668	0.75
652.1461790824202	750	19.214530160133794	0.0	360831	3111.2125416397243	0.8031591970259668	0.75
655.7885562067922	750	19.57215303576175	0.0	372963	3642.3771243720403	0.8031591970259668	0.75
659.2070672515508	750	20.15364199100316	0.0	405596	3418.511044758593	0.8031591970259668	0.75
661.9625378350994	750	21.398171407454576	0.0	350713	2755.4705835485793	0.8031591970259668	0.75
665.114552815358	750	22.246156427195984	0.0	386472	3152.014980258595	0.8031591970259668	0.75
668.0230360679434	750	23.337673174610526	0.0	399894	2908.4832525854576	0.8031591970259668	0.75
670.5000229280955	750	24.860686314458377	0.0	401853	2476.9868601521484	0.8031591970259668	0.75
676.9028606205723	1200	22.457848621981707	0.0	536667	6402.837692476669	0.8031591970259668	0.75
685.1595828182758	1200	18.20112642427816	0.0	587236	8256.722197703544	0.8031591970259668	1.2
688.3194642770242	750	19.0412449655298	0.0	379700	3159.8814587483603	0.8031591970259668	0.3
691.6054493950261	750	19.755259847527903	0.0	425781	3285.985118001902	0.8031591970259668	0.75
693.8418599454759	750	21.51884929707807	0.0	277716	2236.41055044983	0.8031591970259668	0.75
697.1858697600092	750	22.17483948254484	0.0	400396	3344.0098145332295	0.8031591970259668	0.75
700.5814739928445	750	22.77923524970944	0.0	400508	3395.6042328354033	0.8031591970259668	0.75
703.0522211050614	750	24.308488137492404	0.0	358218	2470.747112217034	0.8031591970259668	0.75
707.146165400739	750	24.214543841814855	0.0	400322	4093.944295677548	0.8031591970259668	0.75
710.6087435792726	750	24.751965663281265	0.0	369834	3462.5781785335894	0.8031591970259668	0.75
723.5790143397319	750	15.781694902821968	0.0	412837	12970.270760459298	0.8031591970259668	0.75
734.3556175415407	750	9.005091701013148	0.0	401088	10776.603201808819	0.8031591970259668	0.75
739.2954256699226	300	8.06528357263131	0.0	159914	4939.808128381838	0.8031591970259668	-0.15000000000000002
741.566860392152	300	9.79384885040197	0.0	131610	2271.4347222293404	0.8031591970259668	0.3
743.2301358937314	300	12.130573348822569	0.0	124011	1663.2755015794005	0.8031591970259668	0.3
744.4818091295724	300	14.878900112981567	0.0	144254	1251.673235841001	0.8031591970259668	0.3
745.582068941305	300	17.7786403012489	0.0	149991	1100.2598117326695	0.8031591970259668	0.3
746.7184323493597	300	20.642276893194317	0.0	147968	1136.3634080545833	0.8031591970259668	0.3
747.9571026878987	300	23.403606554655262	0.0	161857	1238.6703385390547	0.8031591970259668	0.3
751.5470832335413	750	23.813626009012626	0.0	372093	3589.980545642638	0.8031591970259668	0.3
754.7335594783306	750	24.62714976422347	0.0	438281	3186.4762447891544	0.8031591970259668	0.75
757.356769254188	750	26.003939988366064	0.0	398987	2623.209775857408	0.8031591970259668	0.75
763.4457739029283	1850	23.91493533962567	0.0	982064	6089.0046487403915	0.8031591970259668	0.75
768.0683011213473	1850	23.292408121206677	0.0	830730	4622.527218418993	0.8031591970259668	1.85
778.2717899046207	2850	17.088919337933273	0.0	1364537	10203.488783273404	0.8031591970259668	1.85
782.3279462182192	750	17.032763024334873	0.0	450283	4056.1563135983997	0.8031591970259668	0.75
785.4864711776612	750	17.87423806489273	0.0	398865	3158.5249594421416	0.8031591970259668	0.75
788.7055130346217	750	18.655196207932246	0.0	350812	3219.0418569604794	0.8031591970259668	0.75
791.4635908626052	750	19.897118379948665	0.0	382355	2758.0778279835836	0.8031591970259668	0.75
794.2781698173554	750	21.082539425198473	0.0	411561	2814.5789547501913	0.8031591970259668	0.75
796.3069599169289	750	23.053749325625017	0.0	318564	2028.790099573458	0.8031591970259668	0.75
798.8423657738851	750	24.518343468668753	0.0	352642	2535.4058569562612	0.8031591970259668	0.75
803.5822673896254	1200	23.778441852928466	0.0	709534	4739.901615740287	0.8031591970259668	0.75
807.3292443901776	1200	24.031464852376388	0.0	584846	3746.977000552079	0.8031591970259668	1.2
811.4142408857068	1200	23.94646835684711	0.0	560821	4084.9964955292785	0.8031591970259668	1.2
814.822008180501	1200	24.538701062052933	0.0	607410	3407.767294794176	0.8031591970259668	1.2
818.1669152833048	1200	25.19379395924927	0.0	594078	3344.907102803663	0.8031591970259668	1.2
821.8923004503541	1200	25.46840879219989	0.0	624282	3725.3851670493787	0.8031591970259668	1.2
826.2216777696225	1200	25.139031472931485	0.0	687371	4329.377319268406	0.8031591970259668	1.2
829.8293471240312	1200	25.53136211852288	0.0	526950	3607.669354408609	0.8031591970259668	1.2
834.1789095457727	1200	25.18179969678139	0.0	587876	4349.562421741489	0.8031591970259668	1.2
838.5941651916556	1200	24.76654405089849	0.0	617242	4415.255645882898	0.8031591970259668	1.2
843.4777427633268	1200	23.882966479227353	0.0	581493	4883.577571671137	0.8031591970259668	1.2
856.9742264966003	1200	14.386482745953806	0.0	639204	13496.483733273548	0.8031591970259668	1.2
864.5792928938995	750	10.781416348654606	0.0	350713	7605.0663972992	0.8031591970259668	0.3
875.7348865641583	750	4.0	0.3741773216041838	386472	11155.59367025879	0.8031591970259668	-0.8589624828979903
883.5085648454428	300	4.0	3.7736782812846412	157812	7773.678281284641	0.8031591970259668	-16.376816609523956
886.7604525521602	300	4.748112293282603	0.0	163927	3251.8877067173958	0.8031591970259668	0.3
888.946105871561	300	6.562458973881911	0.0	137654	2185.653319400693	0.8031591970259668	0.3
891.3188089697303	300	8.189755875712665	0.0	146754	2372.7030981692455	0.8031591970259668	0.3
893.6646472599566	300	9.843917585486412	0.0	153938	2345.8382902262506	0.8031591970259668	0.3
901.7673616189358	300	5.741203226507234	0.0	181901	8102.714358979179	0.8031591970259668	0.3
907.6250549805484	300	4.0	0.11649013510538953	111155	5857.693361612623	0.8031591970259668	-0.2009075809531749
913.8251357410137	300	4.0	2.2000807604653208	153605	6200.080760465321	0.8031591970259668	-9.160347270000878
916.9662349726684	300	4.858900768345229	0.0	149029	3141.0992316547704	0.8031591970259668	0.3
918.7950398599075	300	7.0300958811061625	0.0	157421	1828.8048872390668	0.8031591970259668	0.3
920.9741185312729	300	8.851017209740927	0.0	157488	2179.0786713652356	0.8031591970259668	0.3
922.9398807609241	300	10.88525498008976	0.0	143881	1965.7622296511668	0.8031591970259668	0.3
924.4999385094161	300	13.325197231597805	0.0	163444	1560.0577484919536	0.8031591970259668	0.3
927.6824097632485	750	14.142725977765338	0.0	401088	3182.4712538324666	0.8031591970259668	0.3
930.9281390385918	750	14.896996702422102	0.0	365161	3245.7292753432353	0.8031591970259668	0.75
933.3548541768752	750	16.470281564138666	0.0	321064	2426.715138283436	0.8031591970259668	0.75
935.4051374066198	750	18.419998334394055	0.0	361565	2050.283229744613	0.8031591970259668	0.75
938.1287504160711	750	19.696385324942842	0.0	378327	2723.6130094512114	0.8031591970259668	0.75
940.5528250432537	750	21.272310697760215	0.0	390680	2424.074627182627	0.8031591970259668	0.75
942.9858284282057	750	22.839307312808284	0.0	345516	2433.003384951933	0.8031591970259668	0.75
947.2909653198185	1200	22.5341704211955	0.0	641452	4305.136891612784	0.8031591970259668	0.75
951.9585519742828	1200	21.86658376673112	0.0	599477	4667.58665446438	0.8031591970259668	1.2
959.2949275721364	1200	18.530208168877515	0.0	634861	7336.375597853605	0.8031591970259668	1.2
966.6407425270975	1200	15.184393213916417	0.0	630203	7345.814954961098	0.8031591970259668	1.2
974.2452949344242	1200	11.579840806589655	0.0	638661	7604.552407326763	0.8031591970259668	1.2
981.6375534875209	1200	8.18758225349296	0.0	538612	7392.2585530966935	0.8031591970259668	1.2
986.3862854665497	1200	7.438850274464123	0.0	550906	4748.731979028838	0.8031591970259668	1.2
989.6152424240005	750	8.209893317013343	0.0	450283	3228.95695745078	0.8031591970259668	0.75
992.8681591102758	750	8.956976630738087	0.0	398865	3252.916686275255	0.8031591970259668	0.75
996.514708816675	750	9.310426924338906	0.0	350812	3646.549706399181	0.8031591970259668	0.75
1000.3851831985995	750	9.439952542414446	0.0	382355	3870.4743819244623	0.8031591970259668	0.75
1004.0277813630273	750	9.797354377986645	0.0	411561	3642.598164427801	0.8031591970259668	0.75
1006.126809167089	750	11.698326573924907	0.0	318564	2099.0278040617377	0.8031591970259668	0.75
1008.0302875558592	750	13.794848185154786	0.0	352642	1903.478388770121	0.8031591970259668	0.75
1010.5159545961038	750	15.309181144910081	0.0	437162	2485.667040244705	0.8031591970259668	0.75
1012.5875467605109	750	17.237588980503016	0.0	374758	2071.592164407062	0.8031591970259668	0.75
1014.4123065438012	750	19.412829197212805	0.0	362795	1824.7597832902127	0.8031591970259668	0.75
1016.3203715438024	750	21.504764197211564	0.0	353220	1908.0650000012438	0.8031591970259668	0.75
1018.4062737996825	750	23.418861941331357	0.0	405134	2085.902255880207	0.8031591970259668	0.75
1020.3455051483483	750	25.479630592665615	0.0	386351	1939.2313486657445	0.8031591970259668	0.75
1023.7479434093202	1200	26.07719233169372	0.0	687371	3402.4382609718923	0.8031591970259668	0.75
1026.7150587928818	1200	27.11007694813215	0.0	526950	2967.11538356157	0.8031591970259668	1.2
1030.511077710363	1200	27.314058030650806	0.0	587876	3796.0189174813463	0.8031591970259668	1.2
1034.667048860712	1200	27.15808688030201	0.0	617242	4155.971150348791	0.8031591970259668	1.2
1038.853626671407	1200	26.97150906960689	0.0	581493	4186.5778106951275	0.8031591970259668	1.2
1042.716625521222	1200	27.10851021979183	0.0	639204	3862.998849815056	0.8031591970259668	1.2
1046.49353730297	1200	27.331598438043844	0.0	586839	3776.9117817479864	0.8031591970259668	1.2
1051.1571321787676	1200	26.668003562246394	0.0	601738	4663.594875797452	0.8031591970259668	1.2
1058.1035298936295	1200	23.721605847384566	0.0	616206	6946.397714861828	0.8031591970259668	1.2
1064.1134324160817	1200	21.71170332493229	0.0	656471	6009.902522452273	0.8031591970259668	1.2
1072.5794555573232	1200	17.245680183690833	0.0	536667	8466.023141241456	0.8031591970259668	1.2
1079.1293150908025	1200	14.695820650211386	0.0	587236	6549.859533479448	0.8031591970259668	1.2
1088.8028298473712	750	9.022305893642624	0.0	379700	9673.514756568762	0.8031591970259668	0.3
1093.099113398983	750	8.726022342030632	0.0	425781	4296.283551611991	0.8031591970259668	0.75
1094.417232265859	300	11.407903475154962	0.0	111155	1318.11886687567	0.8031591970259668	-0.15000000000000002
1096.4541290976508	300	13.371006643363062	0.0	153605	2036.8968317919005	0.8031591970259668	0.3
1098.0659396149215	300	15.759196126092162	0.0	149029	1611.8105172709	0.8031591970259668	0.3
1099.6481923679562	300	18.176943373057522	0.0	157421	1582.2527530346388	0.8031591970259668	0.3
1101.241794395814	300	20.58334134519973	0.0	157488	1593.6020278577917	0.8031591970259668	0.3
1102.685071555221	300	23.140064185792685	0.0	143881	1443.2771594070443	0.8031591970259668	0.3
1106.775925508177	750	23.049210232836725	0.0	412837	4090.8539529559594	0.8031591970259668	0.3
1111.543112286854	750	22.28202345415965	0.0	401088	4767.186778677077	0.8031591970259668	0.75
1114.8803035086894	750	22.944832232324412	0.0	365161	3337.1912218352336	0.8031591970259668	0.75
1117.067958639886	750	24.757177101127848	0.0	321064	2187.655131196565	0.8031591970259668	0.75
1120.1132289747127	750	25.711906766301038	0.0	361565	3045.2703348268074	0.8031591970259668	0.75
1123.9473668939222	750	25.877768847091666	0.0	378327	3834.1379192093746	0.8031591970259668	0.75
1127.5860116941267	750	26.239124046887063	0.0	390680	3638.6448002046004	0.8031591970259668	0.75
1132.1447204534059	750	25.680415287608035	0.0	345516	4558.7087592790285	0.8031591970259668	0.75
1135.1372009095837	750	26.68793483142994	0.0	384505	2992.4804561780943	0.8031591970259668	0.75
1137.5679952884852	750	28.257140452528507	0.0	372093	2430.7943789014303	0.8031591970259668	0.75
1145.3365117230217	750	24.48862401799186	0.0	438281	7768.516434536646	0.8031591970259668	0.75
1152.4841837970343	750	21.340951943979203	0.0	398987	7147.672074012659	0.8031591970259668	0.75
1159.3812214215714	750	18.443914319442193	0.0	393804	6897.037624537011	0.8031591970259668	0.75
1161.8504078343467	750	19.974727906666935	0.0	331053	2469.186412775255	0.8031591970259668	0.75
1168.1288269169354	1850	17.696308824078283	0.0	846370	6278.4190825886535	0.8031591970259668	0.75
1170.9621256387902	750	18.86301010222347	0.0	450283	2833.2987218548114	0.8031591970259668	0.75
1173.6109306138906	750	20.21420512712312	0.0	398865	2648.804975100354	0.8031591970259668	0.75
1175.9884045432636	750	21.83673119775007	0.0	350812	2377.473929373048	0.8031591970259668	0.75
1180.4517021636998	1200	21.373433577313868	0.0	617681	4463.297620436202	0.8031591970259668	0.75
1185.398152898344	1200	20.426982842669627	0.0	652874	4946.450734644239	0.8031591970259668	1.2
1189.0416166979348	1200	20.783519043078734	0.0	520315	3643.4637995908943	0.8031591970259668	1.2
1193.0256019820283	1200	20.79953375898542	0.0	561791	3983.985284093316	0.8031591970259668	1.2
1198.771152297398	1200	19.053983443615653	0.0	709534	5745.5503153697655	0.8031591970259668	1.2
1202.7321613775546	1200	19.09297436345932	0.0	584846	3961.0090801563356	0.8031591970259668	1.2
1206.6245796795738	1200	19.20055606143995	0.0	560821	3892.4183020193686	0.8031591970259668	1.2
1210.9674985996412	1200	18.857637141372535	0.0	607410	4342.918920067417	0.8031591970259668	1.2
1215.5239764569571	1200	18.301159284056578	0.0	594078	4556.4778573159565	0.8031591970259668	1.2
1220.5882785933043	1200	17.23685714770937	0.0	624282	5064.302136347212	0.8031591970259668	1.2
1225.9223760583384	1200	15.90275968267517	0.0	687371	5334.097465034199	0.8031591970259668	1.2
1230.448069353135	1200	15.377066387878461	0.0	526950	4525.693294796706	0.8031591970259668	1.2
1240.691737493543	1200	9.133398247470385	0.0	587876	10243.668140408077	0.8031591970259668	1.2
1243.691922052476	750	10.133213688537577	0.0	360831	3000.184558932807	0.8031591970259668	0.3
1246.3845740733448	750	11.440561667668856	0.0	372963	2692.652020868721	0.8031591970259668	0.75
1250.249237558356	750	11.575898182657507	0.0	405596	3864.663485011347	0.8031591970259668	0.75
1252.5378740076283	750	13.287261733385197	0.0	350713	2288.63644927231	0.8031591970259668	0.75
1255.8343526809329	750	13.990783060080496	0.0	386472	3296.4786733047026	0.8031591970259668	0.75
1259.1049795144565	750	14.720156226556954	0.0	399894	3270.6268335235422	0.8031591970259668	0.75
1261.509927063404	750	16.315208677609565	0.0	401853	2404.947548947389	0.8031591970259668	0.75
1263.1940668936675	750	18.63106884734595	0.0	343800	1684.1398302636119	0.8031591970259668	0.75
1266.421402388766	1200	19.40373335224754	0.0	587236	3227.335495098412	0.8031591970259668	0.75
1272.592567423415	1200	17.23256831759858	0.0	590335	6171.165034648958	0.8031591970259668	1.2
1278.7834198458747	1200	15.041715895138896	0.0	696376	6190.852422459683	0.8031591970259668	1.2
1288.3615805890115	1200	9.463555152001998	0.0	487160	9578.160743136898	0.8031591970259668	1.2
1293.800251965831	750	8.024883775182403	0.0	400396	5438.671376819596	0.8031591970259668	0.3
1297.083439278719	750	8.741696462294476	0.0	400508	3283.187312887927	0.8031591970259668	0.75
1300.495282267446	750	9.329853473567413	0.0	358218	3411.8429887270627	0.8031591970259668	0.75
1304.5208760721537	750	9.304259668859903	0.0	400322	4025.5938047075106	0.8031591970259668	0.75
1308.3144465029702	750	9.510689238043234	0.0	369834	3793.5704308166682	0.8031591970259668	0.75
1312.1793359537648	750	9.64579978724869	0.0	412837	3864.8894507945442	0.8031591970259668	0.75
1315.5060607139294	750	10.319075027084182	0.0	401088	3326.7247601645095	0.8031591970259668	0.75
1318.3555137413377	750	11.469621999675791	0.0	365161	2849.4530274083895	0.8031591970259668	0.75
1320.8764389789521	750	12.948696762061296	0.0	321064	2520.9252376144964	0.8031591970259668	0.75
1323.7091308958968	750	14.116004845116596	0.0	361565	2832.6919169447015	0.8031591970259668	0.75
1326.4138162482977	750	15.411319492715759	0.0	378327	2704.685352400837	0.8031591970259668	0.75
1328.530298423024	750	17.294837317989312	0.0	390680	2116.482174726446	0.8031591970259668	0.75
1330.5214136471152	750	19.303722093898212	0.0	345516	1991.1152240910972	0.8031591970259668	0.75
1332.8068495517955	750	21.018286189217974	0.0	384505	2285.435904680239	0.8031591970259668	0.75
1336.3927674620713	1200	21.43236827894224	0.0	599477	3585.9179102757384	0.8031591970259668	0.75
1340.8497130057572	1200	20.975422735256235	0.0	634861	4456.9455436860035	0.8031591970259668	1.2
1345.3966639147861	1200	20.428471826227202	0.0	630203	4546.95090902903	0.8031591970259668	1.2
1352.4658770863698	1850	17.359258654643593	0.0	982064	7069.213171583612	0.8031591970259668	1.2000000000000002
1359.3383603984732	1850	14.4867753425402	0.0	830730	6872.483312103391	0.8031591970259668	1.85
1370.4092218944697	2850	7.415913846543614	0.0	1364537	11070.861495996587	0.8031591970259668	1.85
1374.3703746602955	750	7.454761080718022	0.0	450283	3961.152765825592	0.8031591970259668	0.75
1377.3413833678524	750	8.483752373161039	0.0	398865	2971.008707556983	0.8031591970259668	0.75
1379.7043785044536	750	10.120757236559625	0.0	350812	2362.995136601414	0.8031591970259668	0.75
1383.5404104654058	750	10.28472527560762	0.0	382355	3836.0319609520056	0.8031591970259668	0.75
1386.8014728159671	750	11.023662925046283	0.0	411561	3261.062350561336	0.8031591970259668	0.75
1389.3634482863522	750	12.461687454661117	0.0	318564	2561.9754703851645	0.8031591970259668	0.75
1392.011612636685	750	13.81352310432852	0.0	352642	2648.164350332599	0.8031591970259668	0.75
1395.2570573654252	750	14.568078375588374	0.0	437162	3245.4447287401435	0.8031591970259668	0.75
1398.173579492904	750	15.651556248109609	0.0	374758	2916.5221274787664	0.8031591970259668	0.75
1401.3404899013783	750	16.48464583963527	0.0	362795	3166.9104084743367	0.8031591970259668	0.75
1404.2354389211334	750	17.589696819879958	0.0	353220	2894.949019755314	0.8031591970259668	0.75
1407.1425127958648	750	18.682622945148562	0.0	405134	2907.0738747313944	0.8031591970259668	0.75
1410.569897560154	750	19.255238180859404	0.0	386351	3427.3847642891596	0.8031591970259668	0.75
1414.0360244495928	750	19.78911129142082	0.0	434409	3466.126889438584	0.8031591970259668	0.75
1416.6762024107898	750	21.148933330223844	0.0	337059	2640.177961196975	0.8031591970259668	0.75
1419.7020110896476	750	22.12312465136582	0.0	366214	3025.8086788580245	0.8031591970259668	0.75
1423.0416265379113	750	22.783509203102156	0.0	360831	3339.615448263662	0.8031591970259668	0.75
1425.9979692568998	750	23.827166484113636	0.0	372963	2956.3427189885183	0.8031591970259668	0.75
1429.5709841764753	750	24.25415156453816	0.0	405596	3573.0149195754784	0.8031591970259668	0.75
1432.4010711254114	750	25.42406461560198	0.0	350713	2830.0869489361744	0.8031591970259668	0.75
1436.2281053339193	750	25.597030407094106	0.0	386472	3827.034208507876	0.8031591970259668	0.75
1440.03613608862	750	25.78899965239349	0.0	399894	3808.0307547006146	0.8031591970259668	0.75
1443.0982587633114	750	26.726876977701966	0.0	401853	3062.1226746915236	0.8031591970259668	0.75
1445.6230699773962	750	28.202065763617167	0.0	343800	2524.8112140848007	0.8031591970259668	0.75
1448.5809564418407	750	29.244179299172618	0.0	359903	2957.8864644445503	0.8031591970259668	0.75
1451.5588883887747	750	30.266247352238594	0.0	379700	2977.9319469340217	0.8031591970259668	0.75
1457.9711234939741	1200	27.854012247038977	0.0	696376	6412.235105199618	0.8031591970259668	0.75
1461.8591536843187	1200	27.965982056694386	0.0	487160	3888.0301903445907	0.8031591970259668	1.2
1468.5306138833562	1200	25.294521857656946	0.0	622896	6671.460199037441	0.8031591970259668	1.2
1474.7384423366939	1200	23.08669340431907	0.0	641447	6207.828453337875	0.8031591970259668	1.2
1478.9918236178914	1200	22.833312123121484	0.0	570392	4253.381281197589	0.8031591970259668	1.2
1483.5566171254477	1200	22.26851861556538	0.0	620283	4564.793507556105	0.8031591970259668	1.2
1488.5058317641199	1200	21.31930397689296	0.0	584349	4949.214638672418	0.8031591970259668	1.2
1493.676184065474	1200	20.148951675538825	0.0	670129	5170.352301354135	0.8031591970259668	1.2
1499.5600946567047	1200	18.265041084308077	0.0	690253	5883.910591230749	0.8031591970259668	1.2
1504.0324983160644	1200	17.79263742494826	0.0	598727	4472.403659359813	0.8031591970259668	1.2
1507.7303737192997	1200	18.09476202171302	0.0	487812	3697.8754032352417	0.8031591970259668	1.2
1511.995190992892	1200	17.829944748120678	0.0	575591	4264.8172735923445	0.8031591970259668	1.2
1516.792754956789	1200	17.032380784223815	0.0	605884	4797.563963896865	0.8031591970259668	1.2
1522.6176811994067	1200	15.207454541605886	0.0	587506	5824.926242617926	0.8031591970259668	1.2
1525.7261162050772	750	16.09901953593544	0.0	345516	3108.435005670447	0.8031591970259668	0.3
1529.2080494155985	750	16.617086325414267	0.0	384505	3481.9332105211743	0.8031591970259668	0.75
1532.4212851603545	750	17.40385058065805	0.0	372093	3213.235744756215	0.8031591970259668	0.75
1536.0996103337325	750	17.725525407280095	0.0	438281	3678.3251733779566	0.8031591970259668	0.75
1538.972515025333	750	18.852620715679624	0.0	398987	2872.904691600472	0.8031591970259668	0.75
1543.1493117009325	1200	18.67582404008015	0.0	638661	4176.796675599469	0.8031591970259668	0.75
1549.3666402499662	1850	16.458495491046435	0.0	830730	6217.3285490337175	0.8031591970259668	1.2000000000000002
1560.416170840479	2850	9.40896490053359	0.0	1364537	11049.530590512843	0.8031591970259668	1.85
1563.9918247512846	750	9.833310989727915	0.0	450283	3575.6539108056745	0.8031591970259668	0.75

