148496.34420252015	750	4.0	2.543860366369958	450283	2543.860366369958	-10.18859957539082
148499.85535741053	750	4.488845109629741	0.0	398865	3511.1548903702587	0.75
148500.92166698628	300	7.422535533860598	0.0	139857	1066.3095757691426	-0.15000000000000002
148502.05552118292	300	10.288681337221428	0.0	155432	1133.8541966391724	0.3
148503.2346284895	300	13.109574030637162	0.0	163442	1179.107306584265	0.3
148505.3085816846	750	15.03562083555551	0.0	318564	2073.9531950816536	0.3
148507.8667955398	750	16.477406980354445	0.0	352642	2558.213855201065	0.75
148511.12062111037	750	17.22358140977559	0.0	437162	3253.825570578855	0.75
148513.81719061348	750	18.527011906673053	0.0	374758	2696.569503102539	0.75
148516.34830844085	750	19.995894079277093	0.0	362795	2531.11782739596	0.75
148520.96353999537	750	19.380662524759686	0.0	353220	4615.231554517405	0.75
148524.9041675072	750	19.440035012937777	0.0	405134	3940.627511821908	0.75
148527.89700896275	750	20.447193557374238	0.0	386351	2992.8414555635377	0.75
148531.14616158276	750	21.19804093735867	0.0	434409	3249.1526200155668	0.75
148533.6563398586	750	22.687862661544518	0.0	337059	2510.178275814151	0.75
148536.89930005712	750	23.444902463028704	0.0	366214	3242.960198515811	0.75
148539.7670639877	750	24.577138532438372	0.0	360831	2867.7639305903317	0.75
148543.35286740426	750	24.991335115887274	0.0	372963	3585.8034165510985	0.75
148546.8543157052	750	25.489886814945464	0.0	405596	3501.448300941809	0.75
148551.61786687942	750	24.72633564071387	0.0	350713	4763.551174231596	0.75
148555.90635139454	750	24.43785112559816	0.0	386472	4288.484515115711	0.75
148560.40261896417	750	23.941583555978717	0.0	399894	4496.267569619444	0.75
148563.54746655052	750	24.79673596961083	0.0	401853	3144.8475863678864	0.75
148566.37708343772	750	25.96711908241624	0.0	343800	2829.6168871945874	0.75
148569.4079868938	750	26.936215626323257	0.0	359903	3030.9034560929836	0.75
148572.8834701694	750	27.460732350696983	0.0	379700	3475.4832756262717	0.75
148576.34236566804	750	28.001836852082153	0.0	425781	3458.895498614833	0.75
148578.3742242516	750	29.969978268525548	0.0	277716	2031.858583556606	0.75
148581.77072972097	750	30.573472799140568	0.0	400396	3396.505469384982	0.75
148584.65965162046	750	31.684550899683874	0.0	400508	2888.921899456695	0.75
148587.45613171434	750	32.88807080577304	0.0	358218	2796.480093910835	0.75
148592.28099812838	1200	32.063204391726806	0.0	620283	4824.866414046227	0.75
148596.54938425115	1200	31.794818268952046	0.0	584349	4268.386122774763	1.2
148601.7569211568	1200	30.587281363291993	0.0	670129	5207.536905660056	1.2
148608.41769637458	1200	27.92650614549903	0.0	690253	6660.775217792963	1.2
148614.85515599506	1200	25.489046525036724	0.0	598727	6437.459620462304	1.2
148619.10111907154	1200	25.24308344856024	0.0	487812	4245.963076476485	1.2
148625.0812200744	1200	23.262982445684532	0.0	575591	5980.101002875709	1.2
148628.63592129992	750	23.708281220165215	0.0	378327	3554.701225519316	0.3
148632.23797481618	750	24.10622770394075	0.0	390680	3602.0535162244673	0.75
148635.57583063346	750	24.76837188665331	0.0	345516	3337.855817287439	0.75
148639.37898249074	750	24.965220029360935	0.0	384505	3803.1518572923746	0.75
148642.75754400843	750	25.586658511682597	0.0	372093	3378.5615176783394	0.75
148647.50465358843	750	24.83954893168645	0.0	438281	4747.109579996144	0.75
148653.57959150788	750	22.76461101224079	0.0	398987	6074.937919445663	0.75
148660.27366914295	750	20.070533377199748	0.0	393804	6694.0776350410415	0.75
148665.09836352276	1200	19.245838997350592	0.0	538612	4824.694379849156	0.75
148671.7283715299	1850	16.615830990198866	0.0	846370	6630.008007151726	1.2000000000000002
148675.3196248241	750	17.024577696011498	0.0	450283	3591.253294187367	0.75
148679.47738770314	750	16.866814816961483	0.0	398865	4157.762879050013	0.75
148683.06488372007	750	17.279318800055638	0.0	350812	3587.4960169058472	0.75
148688.57070413727	750	15.77349838285772	0.0	382355	5505.820417197915	0.75
148696.62354156244	750	11.720660957699662	0.0	411561	8052.837425158059	0.75
148700.5824520181	750	11.761750502040336	0.0	318564	3958.910455659327	0.75
148703.9683278841	750	12.375874636055276	0.0	352642	3385.875865985058	0.75
148708.99075792887	750	11.353444591282054	0.0	437162	5022.430044773222	0.75
148713.23518820634	750	11.109014313828244	0.0	374758	4244.43027745381	0.75
148718.00811314504	750	10.33608937510796	0.0	362795	4772.9249387202835	0.75
148721.8478625647	750	10.49633995548826	0.0	353220	3839.749419619701	0.75
148729.66467457742	750	6.679527942759002	0.0	405134	7816.812012729258	0.75
148734.0138474233	300	6.330355096845902	0.0	160746	4349.1728459131	-0.15000000000000002
148737.9575420565	300	6.386660463672364	0.0	179801	3943.694633173539	0.3
148739.92426291134	300	8.419939608812168	0.0	140051	1966.720854860194	0.3
148743.58426884268	300	8.759933677492857	0.0	138313	3660.0059313193115	0.3
148748.4539063635	300	7.890296156668659	0.0	143509	4869.637520824197	0.3
148751.97551832412	300	8.368684196056842	0.0	150616	3521.6119606118177	0.3
148755.08256054475	300	9.26164197539645	0.0	165384	3107.042220660391	0.3
148758.0300526647	300	10.314149855444352	0.0	140881	2947.492119952099	0.3
148763.6302907401	300	8.713911780026033	0.0	157671	5600.2380754183205	0.3
148766.73896075116	300	9.605241768991753	0.0	157812	3108.6700110342795	0.3
148770.58637384773	300	9.75782867242897	0.0	163927	3847.4130965627824	0.3
148776.4235603901	300	7.920642130036566	0.0	137654	5837.186542392404	0.3
148780.79307721794	300	7.551125302214723	0.0	146754	4369.516827821843	0.3
148786.4840561326	300	5.860146387542378	0.0	153938	5690.978914672345	0.3
148790.80557859904	300	5.53862392111105	0.0	181901	4321.522466431328	0.3
148792.62631145425	300	7.717891065876699	0.0	111155	1820.7328552343504	0.3
148795.4936300002	300	8.850572519962775	0.0	153605	2867.318545913924	0.3
148797.82473107288	300	10.519471447258454	0.0	149029	2331.1010727043204	0.3
148799.55047160605	300	12.793730914072102	0.0	157421	1725.740533186352	0.3
148801.05334259928	300	15.290859920837667	0.0	157488	1502.8709932344334	0.3
148802.45764476826	300	17.886557751839202	0.0	143881	1404.302168998463	0.3
148803.99992725797	300	20.344275262118828	0.0	163444	1542.2824897203732	0.3
148806.34983366466	300	21.994368855447675	0.0	179328	2349.9064066711503	0.3
148812.71253096455	750	19.631671555545335	0.0	365161	6362.697299902343	0.3
148823.99480462752	750	12.349397892547412	0.0	321064	11282.273662997923	0.75
148828.66630803654	300	11.677894483538967	0.0	124011	4671.503409008444	-0.15000000000000002
148830.83959378884	300	13.504608731256855	0.0	144254	2173.28575228211	0.3
148833.80691480343	300	14.537287716666851	0.0	149991	2967.321014590005	0.3
148837.028803391	300	15.315399129081564	0.0	147968	3221.888587585287	0.3
148841.89674212632	300	14.447460393762231	0.0	161857	4867.938735319333	0.3
148846.44509592297	300	13.899106597095892	0.0	145210	4548.35379666634	0.3
148852.86485171635	300	11.479350803732883	0.0	172312	6419.755793363008	0.3
148860.93833670628	300	7.405865813806518	0.0	167025	8073.484989926365	0.3
148866.83511132468	300	5.509091195420209	0.0	160064	5896.774618386309	0.3
148871.0555179828	300	5.28868453727939	0.0	137507	4220.406658140819	0.3
148876.0555691275	300	4.288633392602703	0.0	118421	5000.051144676687	0.3
148883.2553148116	750	4.0	2.9111122914967438	450283	7199.745684099446	-11.767782853435998
148884.78188533828	300	6.473429473320513	0.0	155580	1526.5705266794876	-0.15000000000000002
148885.9982971681	300	9.257017643520431	0.0	139857	1216.4118298000822	0.3
148887.4881370481	300	11.767177763513512	0.0	155432	1489.83988000692	0.3
148889.02396391646	300	14.23135089517226	0.0	163442	1535.82686834125	0.3
148890.18061998725	300	17.074694824371523	0.0	126289	1156.656070800737	0.3
148891.56524983398	300	19.69006497765551	0.0	153295	1384.6298467160127	0.3
148895.42891148038	750	19.826403331218224	0.0	437162	3863.6616464372883	0.3
148898.74645624057	750	20.508858571058123	0.0	374758	3317.544760160097	0.75
148901.81556788224	750	21.43974692939545	0.0	362795	3069.111641662677	0.75
148904.813007951	750	22.442306860630406	0.0	353220	2997.440068765041	0.75
148908.1467874968	750	23.108527314813013	0.0	405134	3333.779545817394	0.75
148912.0953893823	750	23.159925429314026	0.0	386351	3948.601885498987	0.75
148915.54308279196	750	23.71223201965645	0.0	434409	3447.6934096575756	0.75
148918.0860679965	750	25.16924681510572	0.0	337059	2542.985204550731	0.75
148920.66748853776	750	26.587826273837102	0.0	366214	2581.4205412686174	0.75
148923.376751624	750	27.87856318761567	0.0	360831	2709.26308622143	0.75
148925.91203748697	750	29.343277324633906	0.0	372963	2535.285862981762	0.75
148931.05471675508	1200	28.200598056508127	0.0	639204	5142.679268125778	0.75
148936.02006729224	1200	27.235247519346867	0.0	586839	4965.35053716126	1.2
148941.8260641569	1200	25.42925065470113	0.0	601738	5805.996864645737	1.2
148946.102764988	1200	25.152549823580216	0.0	616206	4276.700831120912	1.2
148950.89330654047	1200	24.36200827113442	0.0	656471	4790.541552445794	1.2
148954.65771930633	1200	24.59759550525947	0.0	536667	3764.412765874952	1.2
148958.7983946624	1200	24.456920149188576	0.0	587236	4140.675356070893	1.2
148963.83813686387	1200	23.41717794770142	0.0	590335	5039.742201487159	1.2
148969.35451943864	1200	21.900795372942504	0.0	696376	5516.382574758914	1.2
148972.98381090802	1200	22.271503903532505	0.0	487160	3629.291469409996	1.2
148978.33758448332	1200	20.91773032822032	0.0	622896	5353.773575312189	1.2
148983.4413603022	1200	19.813954509337044	0.0	641447	5103.775818883274	1.2
148988.04648087258	1200	19.208833938981677	0.0	570392	4605.12057035537	1.2
148997.6111208251	1200	13.64419398644744	0.0	620283	9564.639952534235	1.2
149005.79334932286	1200	9.46196548870172	0.0	584349	8182.22849774572	1.2
149009.6704946785	750	9.58482013306728	0.0	412837	3877.145355634441	0.3
149013.8312103501	750	9.424104461463308	0.0	401088	4160.715671603972	0.75
149017.02178823968	750	10.233526571864347	0.0	365161	3190.577889598961	0.75
149019.6682065157	750	11.587108295853886	0.0	321064	2646.418276010461	0.75
149026.51789191214	750	8.737422899408628	0.0	361565	6849.685396445258	0.75
149032.57051045314	750	6.684804358394754	0.0	378327	6052.618541013874	0.75
149034.14069260398	300	9.114622207548116	0.0	149991	1570.182150846637	-0.15000000000000002
149036.08922114244	300	11.166093669074911	0.0	147968	1948.5285384732053	0.3
149037.3248697443	300	13.930445067207076	0.0	161857	1235.648601867835	0.3
149038.42170768275	300	16.83360712874269	0.0	145210	1096.8379384643881	0.3
149039.78190520854	300	19.473409602971305	0.0	172312	1360.1975257713875	0.3
149042.98616264464	750	20.269152166880193	0.0	398987	3204.2574360911117	0.3
149047.9392623922	1200	19.316052419314136	0.0	638661	4953.099747566058	0.75
149057.1788923318	1850	14.076422479688537	0.0	830730	9239.629939625598	1.2000000000000002
149069.64024424955	1850	5.615070561946144	0.0	846370	12461.351917742393	1.85
149073.60687123184	750	5.648443579660505	0.0	450283	3966.6269822856393	0.75
149077.1832618879	300	6.072052923585572	0.0	155580	3576.390656074933	-0.15000000000000002
149080.1594667126	300	7.095848098893716	0.0	139857	2976.204824691856	0.3
149082.82166614238	300	8.433648669103706	0.0	155432	2662.19942979001	0.3
149084.18522549848	300	11.070089312988767	0.0	163442	1363.559356114939	0.3
149085.18351110411	300	14.07180370736848	0.0	126289	998.2856056202868	0.3
149086.2965347229	300	16.958780088595812	0.0	153295	1113.0236187726653	0.3
149087.4666191158	300	19.788695695688673	0.0	173849	1170.0843929071373	0.3
149088.52587788517	300	22.729436926330248	0.0	150710	1059.2587693584294	0.3
149090.97471794713	750	24.280596864362245	0.0	362795	2448.840061968004	0.3
149094.8715418569	1200	24.383772954577527	0.0	607410	3896.823909784717	0.75
149098.23466357007	1200	25.020651241416235	0.0	594078	3363.1217131612916	1.2
149102.51255348918	1200	24.742761322319296	0.0	624282	4277.8899190969405	1.2
149108.18093876564	1200	23.074376045853167	0.0	687371	5668.385276466128	1.2
149112.8680247697	1200	22.387290041814232	0.0	526950	4687.086004038936	1.2
149117.0575229153	1200	22.197791896207477	0.0	587876	4189.4981456067535	1.2
149120.92891993668	1200	22.326394874810674	0.0	617242	3871.3970213968037	1.2
149125.12612762512	1200	22.129187186388734	0.0	581493	4197.207688421938	1.2
149129.13344097245	1200	22.1218738390386	0.0	639204	4007.3133473501352	1.2
149133.73027242013	1200	21.52504239135971	0.0	586839	4596.831447678886	1.2
149138.36156986933	1200	20.893744942170514	0.0	601738	4631.297449189197	1.2
149142.62497175013	1200	20.630343061362144	0.0	616206	4263.401880808371	1.2
149147.0313358144	1200	20.223978997104414	0.0	656471	4406.364064257728	1.2
149151.5092877754	1200	19.746027036091995	0.0	536667	4477.951961012417	1.2
149156.25758721324	1200	18.997727598240278	0.0	587236	4748.29943785172	1.2
149159.26078914522	750	19.99452566625704	0.0	379700	3003.201931983242	0.3
149162.80281543848	750	20.452499373005555	0.0	425781	3542.0262932514843	0.75
149165.3634166908	750	21.891898120688	0.0	277716	2560.601252317551	0.75
149169.01477929798	750	22.240535513503794	0.0	400396	3651.362607184208	0.75
149173.732844808	750	21.522470003496256	0.0	400508	4718.065510007537	0.75
149181.0779942132	750	18.177320598287594	0.0	358218	7345.149405208659	0.75
149186.01699796825	750	17.238316843213155	0.0	400322	4939.003755074438	0.75
149190.38836898326	750	16.866945828204532	0.0	369834	4371.371015008625	0.75
149196.0690783697	750	15.186236441763121	0.0	412837	5680.709386441408	0.75
149205.25788536714	750	9.99742944430229	0.0	401088	9188.806997460832	0.75
149207.5909652665	300	11.66434954493576	0.0	159914	2333.0798993665303	-0.15000000000000002
149209.3524404852	300	13.902874326255564	0.0	131610	1761.4752186801954	0.3
149210.95771634695	300	16.297598464519776	0.0	124011	1605.275861735787	0.3
149212.39507310852	300	18.860241702953473	0.0	144254	1437.3567615663026	0.3
149213.94523619642	300	21.31007861505377	0.0	149991	1550.163087899706	0.3
149215.39432526796	300	23.860989543498906	0.0	147968	1449.0890715548628	0.3
149217.0299139105	300	26.225400900988582	0.0	161857	1635.5886425103226	0.3
149222.99777453466	750	24.25754027682026	0.0	372093	5967.860624168317	0.3
149228.05338592612	750	23.201928885322822	0.0	438281	5055.611391497441	0.75
149234.31194418317	750	20.943370628283965	0.0	398987	6258.558257038855	0.75
149252.34153191408	750	6.913782897377812	0.0	393804	18029.587730906154	0.75
149259.262180494	300	4.0	0.006865682537163593	137507	6920.648579914976	-0.17952243490980346
149265.37060838376	300	4.0	2.1084278897730617	118421	6108.427889773062	-8.766239926024165
149291.7660914483	750	4.0	22.395483064521276	450283	26395.483064521275	-95.55057717744148
149297.86866128698	300	4.0	2.10256983866649	155580	6102.56983866649	-9.191050306265906
149299.87952575213	300	5.989135534854499	0.0	139857	2010.864465145502	0.3
149300.93827753278	300	8.930383754199894	0.0	155432	1058.751780654603	0.3
149302.01336961257	300	11.855291674403839	0.0	163442	1075.0920797960557	0.3
149303.0998034569	300	14.76885783006795	0.0	126289	1086.4338443358904	0.3
149304.11404384844	300	17.754617438513517	0.0	153295	1014.2403915544335	0.3
149307.2722959223	750	18.596365364652545	0.0	437162	3158.252073860971	0.3
149311.03748519457	1200	18.831176092383966	0.0	584846	3765.189272268581	0.75
149314.45925380263	1200	19.409407484324458	0.0	560821	3421.7686080595076	1.2
149318.46509925133	1200	19.403562035621583	0.0	607410	4005.8454487028716	1.2
149322.52559246524	1200	19.3430688216973	0.0	594078	4060.4932139242865	1.2
149326.35634505053	1200	19.512316236392635	0.0	624282	3830.7525853046636	1.2
149330.10082477756	1200	19.767836509351177	0.0	687371	3744.4797270414574	1.2
149333.1367810838	1200	20.73188020313882	0.0	526950	3035.9563062123575	1.2
149340.67455314484	1200	17.194108142093473	0.0	587876	7537.772061045349	1.2
149346.6354472142	1200	15.233214072728268	0.0	617242	5960.894069365205	1.2
149348.98495920317	750	16.88370208378637	0.0	372963	2349.511988941897	0.3
149352.34207458343	750	17.52658670348634	0.0	405596	3357.115380300029	0.75
149354.9231043676	750	18.945556919351816	0.0	350713	2581.029784134522	0.75
149357.7155756917	750	20.15308559524292	0.0	386472	2792.4713241088994	0.75
149361.28884003416	750	20.579821252797625	0.0	399894	3573.264342445296	0.75
149366.57057438634	750	19.298086900640293	0.0	401853	5281.734352157333	0.75
149370.3564413391	750	19.512219947853655	0.0	343800	3785.866952786638	0.75
149372.9347726632	750	20.933888623741286	0.0	359903	2578.331324112372	0.75
149379.4110831802	750	18.457578106757	0.0	379700	6476.310516984282	0.75
149388.76895857503	750	13.099702711917306	0.0	425781	9357.875394839697	0.75
149391.70493101957	750	14.163730267391175	0.0	277716	2935.972444526131	0.75
149395.19802155384	750	14.670639733119533	0.0	400396	3493.0905342716424	0.75
149398.22456418336	750	15.644097103612234	0.0	400508	3026.542629507299	0.75
149400.52782475326	750	17.340836533701758	0.0	358218	2303.260569910476	0.75
149403.2763293574	750	18.592331929551495	0.0	400322	2748.5046041502596	0.75
149405.9429541419	750	19.9257071450436	0.0	369834	2666.6247845078974	0.75
149409.10262389883	750	20.766037388112714	0.0	412837	3159.669756930884	0.75
149412.60343493265	750	21.2652263543076	0.0	401088	3500.811033805111	0.75
149415.4818480113	750	22.386813275666153	0.0	365161	2878.4130786414476	0.75
149417.7748075688	750	24.093853718141887	0.0	321064	2292.959557524269	0.75
149420.5069732224	750	25.361688064546364	0.0	361565	2732.1656535955212	0.75
149423.354361295	750	26.51429999193862	0.0	378327	2847.3880726077427	0.75
149427.3619359993	750	26.506725287642013	0.0	390680	4007.574704296607	0.75
149431.84639034414	750	26.022270942813574	0.0	345516	4484.454344828439	0.75
149434.8746275987	750	26.994033688253925	0.0	384505	3028.237254559651	0.75
149438.83538129996	750	27.03327998702638	0.0	372093	3960.753701227544	0.75
149442.93883377567	750	26.92982751131423	0.0	438281	4103.452475712151	0.75
149447.61476905338	750	26.253892233607807	0.0	398987	4675.935277706423	0.75
149453.49807344365	1200	24.370587843315953	0.0	638661	5883.304390291854	0.75
149460.35951437103	1850	21.50914691592452	0.0	830730	6861.440927391431	1.2000000000000002
149471.24909898214	2850	14.619562304822393	0.0	1364537	10889.584611102127	1.85
149475.52897284878	750	14.339688438160453	0.0	450283	4279.873866661941	0.75
149478.56230885693	750	15.306352430001196	0.0	398865	3033.336008159256	0.75
149481.43231468557	750	16.436346601353172	0.0	350812	2870.005828648025	0.75
149484.42072657173	750	17.44793471520454	0.0	382355	2988.411886148635	0.75
149487.32205722854	750	18.546604058396294	0.0	411561	2901.3306568082453	0.75
149489.77777839007	750	20.090882896849333	0.0	318564	2455.7211615469623	0.75
149492.2841479687	750	21.584513318237832	0.0	352642	2506.369578611502	0.75
149495.1574771539	750	22.71118413303009	0.0	437162	2873.329185207738	0.75
149498.80565331355	750	23.06300797337325	0.0	374758	3648.176159656843	0.75
149501.4925055866	750	24.37615570033793	0.0	362795	2686.852273035321	0.75
149504.2631655468	750	25.60549574011532	0.0	353220	2770.6599602226074	0.75
149507.67935331858	750	26.189307968361415	0.0	405134	3416.1877717539014	0.75
149510.4554123055	750	27.4132489814282	0.0	386351	2776.0589869332157	0.75
149513.7298453056	750	28.138815981306404	0.0	434409	3274.433000121795	0.75
149516.6055281888	750	29.263133098110778	0.0	337059	2875.6828831956277	0.75
149519.6649319112	750	30.20372937574522	0.0	366214	3059.4037223655578	0.75
149523.80805936825	750	30.06060191869922	0.0	360831	4143.127457046003	0.75
149527.44561122032	750	30.423050066613843	0.0	372963	3637.551852085377	0.75
149531.45711181572	750	30.41154947123007	0.0	405596	4011.5005953837704	0.75
149534.20362065933	750	31.665040627616282	0.0	350713	2746.508843613787	0.75
149536.97303647528	750	32.89562481167373	0.0	386472	2769.41581594256	0.75
149540.23134318957	750	33.63731809737621	0.0	399894	3258.3067142975246	0.75
149545.62722390503	1200	32.2414373819291	0.0	656471	5395.880715447102	0.75
149550.40718639258	1200	31.461474894366223	0.0	536667	4779.962487562879	1.2
149555.3215134716	1200	30.547147815342548	0.0	587236	4914.327079023677	1.2
149559.9136912758	1200	29.95497001113197	0.0	590335	4592.177804210582	1.2
149565.0648970572	1200	28.803764229719178	0.0	696376	5151.205781412792	1.2
149569.9231836322	1200	27.945477654736383	0.0	487160	4858.286574982795	1.2
149575.39255250263	1200	26.476108784302	0.0	622896	5469.368870434386	1.2
149581.68582038544	1200	24.182840901497713	0.0	641447	6293.267882804287	1.2
149587.19347489838	1200	22.675186388551243	0.0	570392	5507.654512946468	1.2
149592.2570158558	1200	21.611645431114734	0.0	620283	5063.540957436507	1.2
149595.1979324752	750	22.67072881174521	0.0	369834	2940.9166193695246	0.3
149598.13620418342	750	23.732457103500714	0.0	412837	2938.2717082444983	0.75
149601.41334492972	750	24.455316357211895	0.0	401088	3277.140746288822	0.75
149603.72949445888	750	26.139166828054606	0.0	365161	2316.1495291572855	0.75
149605.97990412868	750	27.888757158281162	0.0	321064	2250.4096697734462	0.75
149610.49476466037	1200	27.37389662658437	0.0	575591	4514.860531696791	0.75
149615.22474383475	1200	26.64391745217846	0.0	605884	4729.979174405913	1.2
149620.94246333753	1200	24.926197949395025	0.0	587506	5717.719502783436	1.2
149625.2539146641	1200	24.614746622858455	0.0	566904	4311.451326536569	1.2
149631.89094787865	1200	21.977713408295987	0.0	641452	6637.03321456247	1.2
149643.74656222409	1200	14.122099062872344	0.0	599477	11855.61434542364	1.2
149647.81042104433	1200	14.058240242652111	0.0	634861	4063.8588202202336	1.2

