15626.60860173176	750	4.0	4.37090515790216	450283	4370.905157902161	-18.04489217897929
15628.136547381077	300	6.4720543506812	0.0	155580	1527.9456493188	-0.15000000000000002
15629.24269415305	300	9.365907578707944	0.0	139857	1106.146771973256	0.3
15630.34116395786	300	12.26743777389822	0.0	155432	1098.4698048097237	0.3
15631.609522912264	300	14.999078819494622	0.0	163442	1268.3589544035988	0.3
15632.66666643216	300	17.94193529959696	0.0	126289	1057.143519897664	0.3
15635.690971855212	750	18.917629876545266	0.0	352642	3024.305423051695	0.3
15639.14962771511	750	19.458974016649208	0.0	437162	3458.6558598960587	0.75
15643.045862399806	750	19.562739331953356	0.0	374758	3896.2346846958535	0.75
15650.336968859068	750	16.271632872688766	0.0	362795	7291.106459264587	0.75
15657.725022496408	750	12.883579235350037	0.0	353220	7388.053637338732	0.75
15662.192660465316	750	12.415941266440196	0.0	405134	4467.637968909839	0.75
15667.171346557121	750	11.43725517463491	0.0	386351	4978.686091805287	0.75
15669.359958236004	300	13.248643495752923	0.0	179801	2188.611678881987	-0.15000000000000002
15670.896196882275	300	15.71240484947996	0.0	140051	1536.2386462729626	0.3
15672.426550133949	300	18.182051597806044	0.0	138313	1530.3532516739165	0.3
15674.601910482996	300	20.006691248760813	0.0	143509	2175.3603490452297	0.3
15676.677435011154	300	21.93116672060139	0.0	150616	2075.5245281594243	0.3
15679.331589632933	300	23.277012098821732	0.0	165384	2654.154621779657	0.3
15681.259190078334	300	25.34941165342315	0.0	140881	1927.600445398582	0.3
15683.82742892305	300	26.781172808706046	0.0	157671	2568.238844717105	0.3
15686.181081679591	300	28.427520052164667	0.0	157812	2353.6527565413826	0.3
15689.620961435272	300	28.98764029648464	0.0	163927	3439.879755680028	0.3
15691.016307574871	300	31.592294156883234	0.0	137654	1395.3461396014036	0.3
15693.522795899844	300	33.085805831912104	0.0	146754	2506.4883249711283	0.3
15698.055662535777	300	32.55293919597893	0.0	153938	4532.866635933172	0.3
15702.667945859555	300	31.94065587220043	0.0	181901	4612.283323778502	0.3
15704.235132600208	300	34.37346913154761	0.0	111155	1567.186740652819	0.3
15706.763244333008	300	35.845357398748035	0.0	153605	2528.1117327995776	0.3
15712.311598020726	750	34.29700371103095	0.0	400508	5548.353687717075	0.3
15717.104680312894	750	33.50392141886223	0.0	358218	4793.08229216873	0.75
15724.052363542794	750	30.556238188961615	0.0	400322	6947.683229900613	0.75
15731.954929957124	750	26.65367177463231	0.0	369834	7902.566414329302	0.75
15736.767752969707	750	25.840848762051287	0.0	412837	4812.823012581026	0.75
15740.830923834135	750	25.777677897621928	0.0	401088	4063.170864429357	0.75
15744.163731706705	750	26.444870025052378	0.0	365161	3332.8078725695505	0.75
15746.53092225678	750	28.077679474977987	0.0	321064	2367.1905500743896	0.75
15749.413815756607	750	29.19478597515116	0.0	361565	2882.893499826828	0.75
15753.400491051696	750	29.208110680061314	0.0	378327	3986.6752950898494	0.75
15758.270077388472	750	28.338524343286142	0.0	390680	4869.586336775171	0.75
15763.575145206676	750	27.033456525079796	0.0	345516	5305.067818206347	0.75
15767.931613441557	750	26.67698829020056	0.0	384505	4356.468234879238	0.75
15772.593444120008	750	26.015157611749622	0.0	372093	4661.830678450939	0.75
15779.026637850955	750	23.581963880803364	0.0	438281	6433.193730946261	0.75
15787.942393326897	750	18.666208404861376	0.0	398987	8915.755475941987	0.75
15795.19849509811	750	15.410106633647924	0.0	393804	7256.101771213453	0.75
15797.630036169045	750	16.97856556271329	0.0	331053	2431.541070934635	0.75
15802.701296174142	1200	15.907305557615851	0.0	550906	5071.260005097435	0.75
15808.222776813745	750	14.385824918013626	0.0	450283	5521.480639602226	0.75
15812.162746835145	750	14.445854896612854	0.0	398865	3939.970021400772	0.75
15816.275795922591	750	14.332805809168761	0.0	350812	4113.049087444093	0.75
15819.79903805695	750	14.809563674809148	0.0	382355	3523.242134359614	0.75
15823.197794461437	750	15.410807270322062	0.0	411561	3398.7564044870846	0.75
15826.650227956534	750	15.958373775225958	0.0	318564	3452.4334950961047	0.75
15828.680699146882	750	17.92790258487678	0.0	352642	2030.4711903491793	0.75
15831.477600599797	750	19.131001131960478	0.0	437162	2796.9014529163	0.75
15833.90466432652	750	20.70393740523859	0.0	374758	2427.0637267218876	0.75
15836.231600256242	750	22.37700147551617	0.0	362795	2326.9359297224178	0.75
15838.35513869932	750	24.25346303243637	0.0	353220	2123.538443079805	0.75
15842.724226297172	1200	23.884375434584772	0.0	594078	4369.087597851594	0.75
15846.586219034481	1200	24.02238269727551	0.0	624282	3861.992737309261	1.2
15849.984448714853	1200	24.624153016905563	0.0	687371	3398.2296803699496	1.2
15852.950485131141	1200	25.6581166006171	0.0	526950	2966.0364162884625	1.2
15855.958894227198	1200	26.649707504558613	0.0	587876	3008.409096058486	1.2
15859.558476334098	1200	27.05012539766051	0.0	617242	3599.582106898107	1.2
15862.628800497283	1200	27.979801234475232	0.0	581493	3070.3241631852748	1.2
15865.812852205143	1200	28.79574952661588	0.0	639204	3184.0517078593502	1.2
15868.891849755235	1200	29.716751976522865	0.0	586839	3078.9975500930145	1.2
15873.126324234268	1200	29.482277497489644	0.0	601738	4234.474479033217	1.2
15878.43602766682	1200	28.172574064937603	0.0	616206	5309.7034325520435	1.2
15887.567054640242	1200	23.04154709151773	0.0	656471	9131.02697341987	1.2
15893.851820522743	1200	20.75678120901682	0.0	536667	6284.765882500912	1.2
15897.42989199769	750	21.17870973406897	0.0	359903	3578.071474947849	0.3
15901.460199490657	750	21.148402241101227	0.0	379700	4030.307492967744	0.75
15906.29836218573	750	20.310239546028242	0.0	425781	4838.162695072986	0.75
15909.384769180408	750	21.223832551350863	0.0	277716	3086.4069946773766	0.75
15914.987197317896	750	19.621404413863065	0.0	400396	5602.428137487802	0.75
15920.022341624588	750	18.586260107171118	0.0	400508	5035.144306691947	0.75
15924.269626953552	750	18.338974778206826	0.0	358218	4247.285328964291	0.75
15927.973433576833	750	18.635168154925516	0.0	400322	3703.806623281313	0.75
15931.684603993453	750	18.923997738305864	0.0	369834	3711.170416619649	0.75
15936.788415950123	750	17.820185781635764	0.0	412837	5103.811956670098	0.75
15943.555188528853	750	15.053413202905922	0.0	401088	6766.772578729843	0.75
15949.707114450715	750	12.901487281043636	0.0	365161	6151.925921862286	0.75
15952.863363702536	750	13.745238029223032	0.0	321064	3156.249251820603	0.75
15956.032371578187	750	14.576230153571618	0.0	361565	3169.007875651414	0.75
15959.607863842171	750	15.000737889587272	0.0	378327	3575.492263984346	0.75
15962.943014368511	750	15.665587363247116	0.0	390680	3335.150526340155	0.75
15970.688119297227	750	11.920482434532543	0.0	345516	7745.1049287145715	0.75
15976.032474087544	750	10.576127644216395	0.0	384505	5344.354790316147	0.75
15978.57049583721	300	12.038105894549629	0.0	145210	2538.021749666766	-0.15000000000000002
15981.15497724364	300	13.453624488120761	0.0	172312	2584.4814064288694	0.3
15983.501240171347	300	15.1073615604128	0.0	167025	2346.2629277079604	0.3
15985.753548250763	300	16.855053480997586	0.0	160064	2252.3080794152115	0.3
15990.493413637601	750	16.115188094159233	0.0	331053	4739.865386838355	0.3
15997.9263230676	1200	12.682278664159654	0.0	550906	7432.909429999578	0.75
16003.229003099972	750	11.379598631787717	0.0	450283	5302.680032371935	0.75
16007.728259167	750	10.880342564760817	0.0	398865	4499.256067026901	0.75
16012.369487542617	750	10.239114189141088	0.0	350812	4641.2283756197285	0.75
16014.131624746587	300	12.476976985171353	0.0	155432	1762.1372039697353	-0.15000000000000002
16015.792595040662	300	14.816006691095653	0.0	163442	1660.9702940756995	0.3
16016.966587135275	300	17.64201459648263	0.0	126289	1173.9920946130217	0.3
16018.518190532623	300	20.09041119913485	0.0	153295	1551.603397347785	0.3
16020.021818464342	300	22.586783267415086	0.0	173849	1503.6279317197607	0.3
16023.376413776132	750	23.23218795562655	0.0	374758	3354.595311788536	0.3
16026.897246845809	750	23.711354885950627	0.0	362795	3520.833069675921	0.75
16029.837849914302	750	24.770751817457466	0.0	353220	2940.6030684931598	0.75
16033.30272355148	750	25.305878180277908	0.0	405134	3464.8736371795576	0.75
16036.174913925872	750	26.43368780588695	0.0	386351	2872.190374390957	0.75
16040.579930654587	750	26.02867107717175	0.0	434409	4405.016728715201	0.75
16044.622491335043	750	25.98611039671551	0.0	337059	4042.5606804562426	0.75
16050.280975229449	750	24.327626502309453	0.0	366214	5658.483894406059	0.75
16054.412806322052	750	24.195795409706598	0.0	360831	4131.8310926028535	0.75
16058.969998507317	750	23.638603224441763	0.0	372963	4557.1921852648375	0.75
16062.145336710395	750	24.463265021364187	0.0	405596	3175.3382030775756	0.75
16064.32211896352	750	26.286482768238972	0.0	350713	2176.782253125213	0.75
16066.860155872124	750	27.748445859636803	0.0	386472	2538.0369086021724	0.75
16069.73130568016	750	28.87729605160062	0.0	399894	2871.14980803618	0.75
16072.329473988215	750	30.279127743545363	0.0	401853	2598.1683080552575	0.75
16074.437649288258	750	32.170952443501534	0.0	343800	2108.1753000438257	0.75
16076.411128984922	750	34.19747274683635	0.0	359903	1973.479696665187	0.75
16079.157805495683	750	35.450796236076584	0.0	379700	2746.6765107597716	0.75
16084.668170452896	1200	33.940431278862576	0.0	696376	5510.364957214007	0.75
16088.28991236925	1200	34.31868936251024	0.0	487160	3621.741916352341	1.2
16092.331036426285	1200	34.27756530547449	0.0	622896	4041.124057035746	1.2
16096.311059272337	1200	34.29754245942236	0.0	641447	3980.022846052132	1.2
16099.03023107344	1200	35.57837065831846	0.0	570392	2719.171801103896	1.2
16102.127049676867	1200	36.481552054892425	0.0	620283	3096.8186034260398	1.2
16105.133577785413	1200	37.47502394634636	0.0	584349	3006.528108546067	1.2
16112.293167017182	1850	34.31543471457693	0.0	1035329	7159.589231769431	1.2000000000000002
16122.05160708866	1850	28.556994643097966	0.0	1026056	9758.440071478963	1.85
16128.023283906423	1850	26.58531782533675	0.0	943942	5971.676817761212	1.85
16131.729613757381	1200	26.87898797437772	0.0	487812	3706.329850959033	0.5499999999999999
16136.724491570267	1200	25.884110161493883	0.0	575591	4994.877812883837	1.2
16142.920171482505	1200	23.688430249254235	0.0	605884	6195.679912239646	1.2
16147.733856507435	1200	22.87474522432381	0.0	587506	4813.685024930422	1.2
16153.11517029235	1200	21.493431439407217	0.0	566904	5381.313784916595	1.2
16156.165091116414	750	22.44351061534579	0.0	384505	3049.9208240614294	0.3
16158.830416383096	750	23.7781853486622	0.0	372093	2665.3252666835924	0.75
16161.559256583098	750	25.049345148661416	0.0	438281	2728.8402000007804	0.75
16167.312725661013	1200	23.295876070745805	0.0	630203	5753.469077915613	0.75
16172.649589381572	1200	21.95901235018769	0.0	638661	5336.8637205581135	1.2
16179.955732933473	1850	18.652868798286644	0.0	830730	7306.143551901047	1.2000000000000002
16194.54041370186	2850	8.068188029898439	0.0	1364537	14584.680768388205	1.85
16201.9162993984	750	4.692302333359491	0.0	450283	7375.885696538947	0.75
16204.0442947434	300	6.564306988359983	0.0	155580	2127.995344999508	-0.15000000000000002
16205.870615400323	300	8.737986331436947	0.0	139857	1826.3206569230363	0.3
16208.080486352768	300	10.528115378992291	0.0	155432	2209.8709524446554	0.3
16210.101124787067	300	12.507476944693176	0.0	163442	2020.6384342991162	0.3
16211.858996511848	300	14.74960521991001	0.0	126289	1757.8717247831662	0.3
16213.600871702434	300	17.007730029324193	0.0	153295	1741.875190585813	0.3
16215.292288148123	300	19.316313583636713	0.0	173849	1691.4164456874812	0.3
16216.695873207062	300	21.91272852469627	0.0	150710	1403.5850589404436	0.3
16217.88317723334	300	24.725424498417684	0.0	139105	1187.3040262785878	0.3
16222.28420132682	750	24.324400404938736	0.0	353220	4401.024093478945	0.3
16228.905258522458	750	21.703343209298726	0.0	405134	6621.05719564001	0.75
16234.686727175273	750	19.921874556484163	0.0	386351	5781.468652814566	0.75
16246.884476466776	750	11.724125264983007	0.0	434409	12197.749291501155	0.75
16248.914398612735	300	13.694203119024115	0.0	140051	2029.9221459588941	-0.15000000000000002
16250.42441897414	300	16.184182757617773	0.0	138313	1510.0203614063412	0.3
16252.481539731914	300	18.127061999844166	0.0	143509	2057.1207577736072	0.3
16255.343896530761	300	19.26470520099616	0.0	150616	2862.3567988480017	0.3
16256.819512750166	300	21.789088981592883	0.0	165384	1475.6162194032797	0.3
16258.028478371456	300	24.580123360302757	0.0	140881	1208.9656212901227	0.3
16259.899310938014	300	26.70929079374496	0.0	157671	1870.8325665577988	0.3
16261.313227919109	300	29.295373812650205	0.0	157812	1413.9169810947562	0.3
16265.678076107484	750	28.93052562427632	0.0	401853	4364.848188373884	0.3
16269.933266316064	750	28.675335415696328	0.0	343800	4255.190208579992	0.75
16273.350075546583	750	29.258526185176677	0.0	359903	3416.80923051965	0.75
16277.04109095906	750	29.567510772701578	0.0	379700	3691.0154124751007	0.75
16280.810973580476	750	29.797628151284638	0.0	425781	3769.8826214169435	0.75
16282.776054641647	750	31.83254709011318	0.0	277716	1965.0810611714546	0.75
16286.510014093643	750	32.09858763811798	0.0	400396	3733.959451995199	0.75
16289.665655363062	750	32.94294636869917	0.0	400508	3155.6412694188148	0.75
16292.912977884636	750	33.695623847123926	0.0	358218	3247.322521575241	0.75
16295.95954006948	750	34.64906166228188	0.0	400322	3046.562184842046	0.75
16300.063312563807	1200	34.54528916795482	0.0	584349	4103.772494327062	0.75
16304.624783699077	1200	33.983818032685804	0.0	670129	4561.471135269015	1.2
16309.176441320262	1200	33.43216041150222	0.0	690253	4551.6576211835845	1.2
16312.998277309174	1200	33.61032442258958	0.0	598727	3821.83598891264	1.2
16316.939769841994	1200	33.66883188976816	0.0	487812	3941.4925328214167	1.2
16321.236580069943	1200	33.37202166182105	0.0	575591	4296.810227947102	1.2
16333.419423008445	1200	25.189178723318438	0.0	605884	12182.842938502616	1.2
16351.224218665873	750	11.384383065889796	0.0	390680	17804.79565742864	0.3
16359.181508054491	300	7.42709367727183	0.0	147968	7957.289388617967	-0.15000000000000002
16368.534630220918	300	4.0	1.9260284891557176	161857	9353.122166427547	-7.981922503369586
16374.380674070047	300	4.0	1.8460438491297646	145210	5846.043849129765	-7.637988551257988
16378.479903055555	300	4.0	0.0992289855074232	172312	4099.228985507423	-0.1266846376819198
16384.6420558294	300	4.0	2.162152773847919	167025	6162.152773847919	-8.99725692754605
16395.292652480897	300	4.0	6.650596651494472	160064	10650.596651494472	-28.29756560142623
16403.347551135445	300	4.0	4.0548986545473795	137507	8054.89865454738	-17.13606421455373
16410.767059019927	300	4.0	3.4195078844820017	118421	7419.507884482002	-14.403883903272606
16427.849120363233	750	4.0	13.082061343306924	450283	17082.061343306923	-55.50286377621977
16436.3333200613	300	4.0	4.484199698070644	155580	8484.199698070644	-19.432058701703767
16444.26143709925	300	4.0	3.92811703794669	139857	7928.11703794669	-16.590903263170766
16445.764849018724	300	6.496588080523046	0.0	155432	1503.411919476954	0.3
16446.36356673532	300	9.897870363930197	0.0	163442	598.7177165928509	0.3
16450.738952168238	300	9.522484931009393	0.0	126289	4375.385432920804	0.3
16457.686911462428	300	6.574525636820111	0.0	153295	6947.9592941892815	0.3
16469.72912273767	300	4.0	5.467685638422446	173849	12042.211275242556	-23.211048245216517
16470.800299184863	300	6.9288235528078514	0.0	150710	1071.1764471921483	0.3
16479.8129515744	300	4.0	2.0838288367303286	139105	9012.65238953818	-8.660463997940411
16488.426257512387	300	4.0	4.613305937987585	141840	8613.305937987585	-19.537215533346615

