2.1297200497694786	750	4.0	2.1297200497694786	450283	2129.7200497694785	1	-8.407796214008757
4.65203204363782	750	5.477688006131658	0.0	398865	2522.3119938683412	0.9401309773256132	0.75
6.926491062442283	750	7.203228987327196	0.0	350812	2274.4590188044626	0.9401309773256132	0.75
10.280787325781963	750	7.848932723987517	0.0	382355	3354.29626333968	0.9401309773256132	0.75
13.546384305304	750	8.58333574446548	0.0	411561	3265.596979522038	0.9401309773256132	0.75
16.265802006025567	750	9.863918043743913	0.0	318564	2719.4177007215662	0.9401309773256132	0.75
19.046198974011503	750	11.083521075757975	0.0	352642	2780.3969679859383	0.9401309773256132	0.75
22.789930783950176	750	11.339789265819304	0.0	437162	3743.731809938672	0.9401309773256132	0.75
26.573853320941183	750	11.555866728828294	0.0	374758	3783.922536991009	0.9401309773256132	0.75
29.87110842135235	750	12.258611628417128	0.0	362795	3297.255100411167	0.9401309773256132	0.75
39.58145738305581	750	6.548262666713663	0.0	353220	9710.348961703465	0.9401309773256132	0.75
43.20439589796809	300	6.925324151801387	0.0	156148	3622.938514912275	0.9401309773256132	-0.15000000000000002
46.74257330570794	300	7.387146744061535	0.0	160746	3538.1774077398536	0.9401309773256132	0.3
49.64994204539351	300	8.479778004375966	0.0	179801	2907.368739685567	0.9401309773256132	0.3
51.36848119407074	300	10.761238855698739	0.0	140051	1718.5391486772282	0.9401309773256132	0.3
52.69120314549656	300	13.438516904272916	0.0	138313	1322.7219514258234	0.9401309773256132	0.3
54.15871969943245	300	15.971000350337027	0.0	143509	1467.51655393589	0.9401309773256132	0.3
55.821470566771886	300	18.308249482997592	0.0	150616	1662.7508673394332	0.9401309773256132	0.3
58.22149610844443	300	19.908223941325055	0.0	165384	2400.025541672538	0.9401309773256132	0.3
59.911369482862035	300	22.218350566907443	0.0	140881	1689.8733744176093	0.9401309773256132	0.3
61.9324840529779	300	24.197235996791587	0.0	157671	2021.1145701158578	1.016433189081842	0.3
64.37573938372728	300	25.753980666042207	0.0	157812	2443.2553307493795	1.016433189081842	0.3
68.11663039786156	300	26.013089651907926	0.0	163927	3740.891014134282	1.016433189081842	0.3
70.53167368732298	300	27.598046362446507	0.0	137654	2415.0432894614173	1.016433189081842	0.3
73.2401437624457	300	28.88957628732378	0.0	146754	2708.470075122727	1.016433189081842	0.3
76.04119809562212	300	30.088521954147357	0.0	153938	2801.0543331764256	1.016433189081842	0.3
79.87006052742298	300	30.259659522346496	0.0	181901	3828.862431800858	1.016433189081842	0.3
82.2406666953307	300	31.889053354438772	0.0	111155	2370.6061679077243	1.016433189081842	0.3
88.04405720633392	750	30.08566284343555	0.0	400396	5803.390511003219	1.016433189081842	0.3
94.1024849750619	750	28.027235074707562	0.0	400508	6058.42776872799	1.016433189081842	0.75
98.01663010372448	750	28.113089946044983	0.0	358218	3914.145128662579	1.016433189081842	0.75
101.88010644158558	750	28.249613608183893	0.0	400322	3863.4763378610915	1.016433189081842	0.75
106.58157653847111	750	27.548143511298363	0.0	369834	4701.4700968855295	1.016433189081842	0.75
111.11843961896898	750	27.0112804308005	0.0	412837	4536.863080497863	1.016433189081842	0.75
115.32122217414089	750	26.808497875628593	0.0	401088	4202.782555171907	1.016433189081842	0.75
119.41212745500626	750	26.717592594763232	0.0	365161	4090.9052808653623	1.016433189081842	0.75
122.3418229654738	750	27.787897084295693	0.0	321064	2929.6955104675403	1.016433189081842	0.75
125.43065336568198	750	28.699066684087498	0.0	361565	3088.8304002081927	1.016433189081842	0.75
129.08015580210352	750	29.04956424766597	0.0	378327	3649.502436421528	1.016433189081842	0.75
137.45876708896034	750	24.670952960809142	0.0	390680	8378.611286856827	1.016433189081842	0.75
144.47551575479434	750	21.654204294975138	0.0	345516	7016.748665834006	1.016433189081842	0.75
150.40203664794996	750	19.727683401819533	0.0	384505	5926.520893155604	1.016433189081842	0.75
155.0083896202586	750	19.121330429510852	0.0	372093	4606.352972308681	1.016433189081842	0.75
158.47597307751093	750	19.653746972258546	0.0	438281	3467.58345725231	1.016433189081842	0.75
162.1552023046104	750	19.97451774515906	0.0	398987	3679.229227099488	1.016433189081842	0.75
168.6805758996934	750	17.44914415007607	0.0	393804	6525.373595082985	1.016433189081842	0.75
172.31834765301306	750	17.81137239675638	0.0	331053	3637.7717533196937	1.016433189081842	0.75
185.50654617431738	1850	8.623173875452096	0.0	846370	13188.198521304283	1.016433189081842	0.75
191.85524457359284	750	6.2744754761766215	0.0	450283	6348.698399275474	1.016433189081842	0.75
195.2482300893484	300	6.88148996042107	0.0	155580	3392.9855157555526	1.016433189081842	-0.15000000000000002
196.32373076027193	300	9.805989289497544	0.0	139857	1075.5006709235254	1.016433189081842	0.3
197.3832274926186	300	12.746492557150866	0.0	155432	1059.4967323466776	1.016433189081842	0.3
198.59668352892882	300	15.533036520840675	0.0	163442	1213.4560363101925	1.016433189081842	0.3
199.43781757449744	300	18.69190247527204	0.0	126289	841.1340455686344	1.016433189081842	0.3
200.3914815324121	300	21.738238517357413	0.0	153295	953.6639579146279	1.016433189081842	0.3
203.47283661682974	750	22.656883432939765	0.0	437162	3081.3550844176466	1.016433189081842	0.3
206.55521570092785	750	23.57450434884165	0.0	374758	3082.379084098115	1.016433189081842	0.75
209.8645579194784	750	24.265162130291102	0.0	362795	3309.342218550546	1.016433189081842	0.75
212.57007515761555	750	25.559644892153937	0.0	353220	2705.5172381371617	1.016433189081842	0.75
215.60571721297967	750	26.524002836789805	0.0	405134	3035.6420553641333	1.016433189081842	0.75
218.70599278144545	750	27.423727268324043	0.0	386351	3100.2755684657604	1.016433189081842	0.75
222.51612976613768	750	27.613590283631805	0.0	434409	3810.1369846922385	1.016433189081842	0.75
227.1080884352377	750	27.02163161453178	0.0	337059	4591.958669100026	1.016433189081842	0.75
230.90663861710513	750	27.223081432664337	0.0	366214	3798.5501818674406	1.016433189081842	0.75
236.43275667328655	750	25.69696337648294	0.0	360831	5526.118056181397	1.016433189081842	0.75
240.28651132705568	750	25.843208722713815	0.0	372963	3853.7546537691255	1.016433189081842	0.75
244.62850660802295	750	25.50121344174655	0.0	405596	4341.995280967266	1.016433189081842	0.75
247.4564825089006	750	26.673237540868914	0.0	350713	2827.975900877633	1.016433189081842	0.75
250.2182569456198	750	27.911463104149735	0.0	386472	2761.774436719179	1.016433189081842	0.75
253.86937156951447	750	28.26034848025504	0.0	399894	3651.1146238946935	1.016433189081842	0.75
257.6004274238611	750	28.52929262590843	0.0	401853	3731.05585434661	1.016433189081842	0.75
260.7459454528816	750	29.383774596887907	0.0	343800	3145.518029020523	1.016433189081842	0.75
263.38472034428105	750	30.744999705488468	0.0	359903	2638.7748913994383	1.016433189081842	0.75
266.139077969055	750	31.990642080714565	0.0	379700	2754.3576247738997	1.016433189081842	0.75
269.2788261630612	750	32.85089388670833	0.0	425781	3139.7481940062376	1.016433189081842	0.75
271.1059792399205	750	35.023740809849045	0.0	277716	1827.1530768592852	1.016433189081842	0.75
275.7105837221156	1200	34.41913632765395	0.0	622896	4604.6044821950945	1.016433189081842	0.75
280.5508235978651	1200	33.578896451904505	0.0	641447	4840.239875749447	1.016433189081842	1.2
285.30665791522256	1200	32.823062134547	0.0	570392	4755.8343173575	1.016433189081842	1.2
290.5721489855448	1200	31.557571064224785	0.0	620283	5265.491070322215	1.016433189081842	1.2
295.7544823102496	1200	30.375237739519974	0.0	584349	5182.333324704811	1.016433189081842	1.2
302.9117872213141	1200	27.217932828455492	0.0	670129	7157.3049110644815	1.016433189081842	1.2
310.65748848974835	1200	23.47223156002128	0.0	690253	7745.70126843421	1.016433189081842	1.2
320.39665971826344	1200	17.733060331506152	0.0	598727	9739.17122851513	1.016433189081842	1.2
324.8785605567764	1200	17.251159492993164	0.0	487812	4481.900838512988	1.016433189081842	1.2
330.99038115811436	750	15.139338891655242	0.0	361565	6111.820601337921	1.016433189081842	0.3
337.3650665510742	750	12.764653498695413	0.0	378327	6374.68539295983	1.016433189081842	0.75
343.5512090897572	750	10.578510960012405	0.0	390680	6186.14253868301	1.016433189081842	0.75
344.78243784965247	300	13.347282200117158	0.0	147968	1231.2287598952462	1.016433189081842	-0.15000000000000002
346.05267281614107	300	16.077047233628583	0.0	161857	1270.2349664885744	1.016433189081842	0.3
347.04719312525543	300	19.08252692451423	0.0	145210	994.520309114353	1.016433189081842	0.3
348.1332051877075	300	21.996514862062117	0.0	172312	1086.0120624521103	1.016433189081842	0.3
350.93082011760487	750	23.198899932164764	0.0	398987	2797.6149298973532	1.016433189081842	0.3
355.87248471834994	1200	22.257235331419718	0.0	638661	4941.664600745049	1.016433189081842	0.75
363.2485003003774	1850	18.881219749392294	0.0	830730	7376.015582027423	1.016433189081842	1.2000000000000002
378.91160176431566	2850	7.218118285453962	0.0	1364537	15663.101463938332	1.016433189081842	1.85
388.201959496813	750	4.0	2.072239447043381	450283	9290.357732497343	1.016433189081842	-8.160629622286539
391.86450939855814	300	4.337450098254867	0.0	155580	3662.5499017451334	1.016433189081842	-0.15000000000000002
393.1843393093912	300	7.0176201874217625	0.0	139857	1319.8299108331053	1.016433189081842	0.3
394.52335016629513	300	9.678609330517856	0.0	155432	1339.0108569039055	1.016433189081842	0.3
395.883908101509	300	12.318051395303948	0.0	163442	1360.5579352139084	1.016433189081842	0.3
396.93832044804566	300	15.263639048767333	0.0	126289	1054.412346536616	1.016433189081842	0.3
398.18103782112485	300	18.020921675688175	0.0	153295	1242.7173730791562	1.016433189081842	0.3
401.9586597139636	750	18.243299782849455	0.0	437162	3777.6218928387216	1.016433189081842	0.3
405.94377869671166	750	18.25818080010141	0.0	374758	3985.1189827480457	1.016433189081842	0.75
410.2631189935526	750	17.938840503260423	0.0	362795	4319.340296840987	1.016433189081842	0.75
413.7176170353604	750	18.484342461452716	0.0	353220	3454.498041807705	1.016433189081842	0.75
421.9836749021976	750	14.218284594615467	0.0	405134	8266.057866837251	1.016433189081842	0.75
435.871033131603	750	4.330926365210083	0.0	386351	13887.358229405383	1.016433189081842	0.75
440.78925717012555	300	4.0	0.5872976733124642	179801	4918.224038522548	1.016433189081842	-2.6753799952435964
444.33245048226826	300	4.456806687857286	0.0	140051	3543.1933121427132	1.016433189081842	0.3
449.70523460577516	300	4.0	0.9159774356496501	138313	5372.784123506936	1.016433189081842	-3.6387029732934955
455.22376131413716	300	4.0	1.5185267083619591	143509	5518.526708361959	1.016433189081842	-6.229664845956425
456.8633466069128	300	6.360414707224365	0.0	150616	1639.585292775635	1.016433189081842	0.3
458.2344169517801	300	8.989344362357068	0.0	165384	1371.0703448672982	1.016433189081842	0.3
459.38214240695385	300	11.841618907183287	0.0	140881	1147.7254551737803	1.016433189081842	0.3
460.53806774808857	300	14.685693566048574	0.0	157671	1155.925341134713	1.016433189081842	0.3
461.9111141837002	300	17.31264713043695	0.0	157812	1373.046435611623	1.016433189081842	0.3
465.04793513261706	750	18.175826181520037	0.0	401853	3136.820948916914	1.016433189081842	0.3
470.5493712450384	750	16.674390069098713	0.0	343800	5501.436112421325	1.016433189081842	0.75
473.5574223219373	750	17.666338992199822	0.0	359903	3008.0510768988916	1.016433189081842	0.75
475.8629635355464	750	19.3607977785907	0.0	379700	2305.541213609122	1.016433189081842	0.75
478.7270910936027	750	20.496670220534362	0.0	425781	2864.1275580563397	1.016433189081842	0.75
480.5688262271144	750	22.654935087022672	0.0	277716	1841.7351335116862	1.016433189081842	0.75
483.01194589164055	750	24.21181542249656	0.0	400396	2443.1196645261143	1.016433189081842	0.75
485.5995866021917	750	25.624174711945372	0.0	400508	2587.640710551188	1.016433189081842	0.75
489.3070072208608	1200	25.916754093276303	0.0	570392	3707.420618669067	1.016433189081842	0.75
493.25022875183583	1200	25.973532562301273	0.0	620283	3943.221530975031	1.016433189081842	1.2
496.6933584412623	1200	26.53040287287476	0.0	584349	3443.129689426513	1.016433189081842	1.2
499.97401650027905	1200	27.24974481385804	0.0	670129	3280.658059016717	1.016433189081842	1.2
504.6804216514119	1200	26.5433396627252	0.0	690253	4706.405151132838	1.016433189081842	1.2
508.78283143735376	1200	26.44092987678337	0.0	598727	4102.409785941834	1.016433189081842	1.2
511.84123007240703	1200	27.382531241730057	0.0	487812	3058.398635053313	1.016433189081842	1.2
515.4764450727845	1200	27.747316241352635	0.0	575591	3635.2150003774177	1.016433189081842	1.2
519.0042618656995	1200	28.219499448437606	0.0	605884	3527.81679291503	1.016433189081842	1.2
522.7953420033638	1200	28.428419310773343	0.0	587506	3791.080137664263	1.016433189081842	1.2
526.1734263088581	1200	29.05033500527904	0.0	566904	3378.084305494305	1.016433189081842	1.2
530.3607843620065	1200	28.862976952130637	0.0	641452	4187.358053148404	1.016433189081842	1.2
533.7151535869057	1200	29.508607727231375	0.0	599477	3354.369224899263	1.016433189081842	1.2
537.5545574944601	1200	29.66920381967686	0.0	634861	3839.4039075545143	1.016433189081842	1.2
543.8009433114884	1850	27.422818002648615	0.0	958994	6246.385817028242	1.016433189081842	1.2000000000000002
550.6083808573844	1850	24.61538045675256	0.0	982064	6807.437545896053	1.016433189081842	1.85
558.0267051893273	2850	21.197056124809585	0.0	1231456	7418.32433194298	1.016433189081842	1.85
569.5102794378569	2850	13.713481876280056	0.0	1364537	11483.574248529527	1.016433189081842	2.85
572.4900440039245	750	14.733717310212443	0.0	450283	2979.764566067613	1.016433189081842	0.75
574.9652659162223	750	16.25849539791462	0.0	398865	2475.2219122978245	1.016433189081842	0.75
577.2612253439893	750	17.962535970147545	0.0	350812	2295.959427767073	1.016433189081842	0.75
581.0335384593253	750	18.190222854811598	0.0	382355	3772.3131153359504	1.016433189081842	0.75
588.1707130073959	750	15.053048306741108	0.0	411561	7137.1745480704885	1.016433189081842	0.75
592.1245516396726	750	15.099209674464316	0.0	318564	3953.838632276793	1.016433189081842	0.75
595.3237946904038	300	15.89996662373305	0.0	153295	3199.2430507312665	1.016433189081842	-0.15000000000000002
598.4312526237828	300	16.79250869035403	0.0	173849	3107.457933379021	1.016433189081842	0.3
602.4667060661878	300	16.757055247949086	0.0	150710	4035.453442404941	1.016433189081842	0.3
603.7436722933121	300	19.48008902082477	0.0	139105	1276.9662271243174	1.016433189081842	0.3
605.0067329939345	300	22.21702832020243	0.0	141840	1263.060700622339	1.016433189081842	0.3
606.60954820332	300	24.614213110817055	0.0	156148	1602.815209385375	1.016433189081842	0.3
608.3015431427241	300	26.92221817141282	0.0	160746	1691.994939404235	1.016433189081842	0.3
612.1049427949912	750	27.118818519145673	0.0	434409	3803.3996522671473	1.016433189081842	0.3
614.6044797060449	750	28.619281608092027	0.0	337059	2499.5369110536444	1.016433189081842	0.75
617.6394071027026	750	29.584354211434317	0.0	366214	3034.927396657709	1.016433189081842	0.75
620.6153596410808	750	30.608401673056285	0.0	360831	2975.9525383780356	1.016433189081842	0.75
623.2792501858652	750	31.944511128271845	0.0	372963	2663.8905447844377	1.016433189081842	0.75
626.3501612580336	750	32.87360005610342	0.0	405596	3070.9110721684237	1.016433189081842	0.75
630.8576237871357	1200	32.3661375270013	0.0	586839	4507.462529102125	1.016433189081842	0.75
635.9956696099576	1200	31.228091704179423	0.0	601738	5138.045822821875	1.016433189081842	1.2
640.6581487148848	1200	30.565612599252283	0.0	616206	4662.47910492714	1.016433189081842	1.2
647.0620360895709	1200	28.16172522456609	0.0	656471	6403.887374686194	1.016433189081842	1.2
653.5039321544091	1200	25.719829159727965	0.0	536667	6441.896064838124	1.016433189081842	1.2
660.1240427437848	1200	23.099718570352206	0.0	587236	6620.11058937576	1.016433189081842	1.2
663.7198808501913	750	23.503880463945695	0.0	379700	3595.838106406511	1.016433189081842	0.3
667.0841752882386	750	24.139586025898506	0.0	425781	3364.29443804719	1.016433189081842	0.75
670.0844553269259	750	25.13930598721126	0.0	277716	3000.2800386872464	1.016433189081842	0.75
675.1256604103057	750	24.09810090383143	0.0	400396	5041.205083379827	1.016433189081842	0.75
678.4115791229426	750	24.812182191194548	0.0	400508	3285.9187126368806	1.016433189081842	0.75
681.7519254856904	750	25.471835828446725	0.0	358218	3340.3463627478245	1.016433189081842	0.75
685.8229470972453	750	25.400814216891842	0.0	400322	4071.021611554882	1.016433189081842	0.75
689.1781228777647	750	26.045638436372474	0.0	369834	3355.1757805193674	1.016433189081842	0.75
693.594569704042	750	25.629191610095315	0.0	412837	4416.446826277159	1.016433189081842	0.75
697.2153519521343	750	26.00840936200299	0.0	401088	3620.782248092329	1.016433189081842	0.75
700.5789131038204	750	26.644848210316912	0.0	365161	3363.561151686076	1.016433189081842	0.75
703.3756024360463	750	27.84815887809113	0.0	321064	2796.6893322257815	1.016433189081842	0.75
708.3317216231812	1200	26.892039690956086	0.0	575591	4956.119187135046	1.016433189081842	0.75
713.4898136973711	1200	25.733947616766176	0.0	605884	5158.092074189906	1.016433189081842	1.2
718.5396718706544	1200	24.68408944348306	0.0	587506	5049.858173283118	1.016433189081842	1.2
726.5421900288658	1200	20.681571285271534	0.0	566904	8002.518158211526	1.016433189081842	1.2
733.7834510485368	1200	17.44031026560053	0.0	641452	7241.261019671003	1.016433189081842	1.2
740.1843231666126	1200	15.039438147524788	0.0	599477	6400.87211807574	1.016433189081842	1.2
745.641421852718	1200	13.582339461419206	0.0	634861	5457.098686105583	1.016433189081842	1.2
749.247222893358	750	13.976538420779312	0.0	398987	3605.801040639893	1.016433189081842	0.3
753.2040579071517	750	14.019703406985654	0.0	393804	3956.8350137936573	1.016433189081842	0.75
756.8063359017187	750	14.417425412418545	0.0	331053	3602.27799456711	1.016433189081842	0.75
766.3362060540204	1850	8.887555260116777	0.0	846370	9529.870152301768	1.016433189081842	0.75
770.6240565588225	750	8.59970475531465	0.0	450283	4287.850504802125	1.016433189081842	0.75
774.5017719197688	750	8.72198939436844	0.0	398865	3877.7153609462102	1.016433189081842	0.75
778.16343145025	750	9.060329863887283	0.0	350812	3661.6595304811576	1.016433189081842	0.75
782.0306782647871	750	9.193083049350156	0.0	382355	3867.2468145371263	1.016433189081842	0.75
787.1656394972001	750	8.058121816937053	0.0	411561	5134.961232413104	1.016433189081842	0.75
791.9406514014073	750	7.2831099127298895	0.0	318564	4775.011904207163	1.016433189081842	0.75
793.2772809634848	300	9.946480350652376	0.0	153295	1336.629562077514	1.016433189081842	-0.15000000000000002
794.6789661745162	300	12.544795139621009	0.0	173849	1401.6852110313657	1.016433189081842	0.3
795.9160619211021	300	15.30769939303502	0.0	150710	1237.0957465859876	1.016433189081842	0.3
797.0552157387101	300	18.16854557542695	0.0	139105	1139.153817608069	1.016433189081842	0.3
798.0890319771293	300	21.13472933700778	0.0	141840	1033.8162384191714	1.016433189081842	0.3
800.4161675111058	750	22.807593803031253	0.0	405134	2327.1355339765264	1.016433189081842	0.3
803.4240978168627	750	23.799663497274324	0.0	386351	3007.9303057569305	1.016433189081842	0.75
806.4262524386442	750	24.797508875492873	0.0	434409	3002.15462178145	1.016433189081842	0.75
808.9015458734048	750	26.32221544073231	0.0	337059	2475.2934347605624	1.016433189081842	0.75
811.4826603294531	750	27.741100984683904	0.0	366214	2581.114456048407	1.016433189081842	0.75
816.6042826524485	1200	26.619478661688476	0.0	617242	5121.62232299543	1.016433189081842	0.75
821.8746838324817	1200	25.349077481655417	0.0	581493	5270.4011800330545	1.016433189081842	1.2
832.1892444218996	1200	19.034516892237363	0.0	639204	10314.560589418057	1.016433189081842	1.2
837.9250368870468	750	17.298724427090264	0.0	350713	5735.792465147099	1.016433189081842	0.3
846.1081629980357	750	13.115598316101316	0.0	386472	8183.126110988947	1.016433189081842	0.75
848.5717117567368	300	14.652049557400083	0.0	157812	2463.5487587012326	1.016433189081842	-0.15000000000000002
851.8411860327301	300	15.382575281406856	0.0	163927	3269.4742759932265	1.016433189081842	0.3
854.2742578872087	300	16.949503426928203	0.0	137654	2433.07185447865	1.016433189081842	0.3
856.8602749818209	300	18.363486332315972	0.0	146754	2586.017094612233	1.016433189081842	0.3
859.4427078717756	300	19.78105344236135	0.0	153938	2582.432889954623	1.016433189081842	0.3
862.2032112755697	300	21.02055003856727	0.0	181901	2760.503403794083	1.016433189081842	0.3
863.9471127261786	300	23.27664858795847	0.0	111155	1743.9014506087992	1.016433189081842	0.3
867.3563308794268	300	23.867430434710325	0.0	153605	3409.218153248143	1.016433189081842	0.3
871.5765376435972	300	23.64722367053989	0.0	149029	4220.206764170435	1.016433189081842	0.3
879.0226816753296	300	20.201079638807435	0.0	157421	7446.144031732456	1.016433189081842	0.3
885.2454728574446	300	17.978288456692432	0.0	157488	6222.791182115003	1.016433189081842	0.3
890.1335973974319	300	17.090163916705126	0.0	143881	4888.124539987308	1.016433189081842	0.3
893.8764809760083	300	17.347280338128723	0.0	163444	3742.883578576401	1.016433189081842	0.3
897.4711084160933	300	17.752652898043834	0.0	179328	3594.6274400848897	1.016433189081842	0.3
900.2069252971661	300	19.016836016971	0.0	159914	2735.8168810728325	1.016433189081842	0.3
901.7883684312428	300	21.435392882894355	0.0	131610	1581.443134076646	1.016433189081842	0.3
903.1176753888228	300	24.106085925314275	0.0	124011	1329.3069575800791	1.016433189081842	0.3
905.0068387523396	300	26.21692256179742	0.0	144254	1889.1633635168503	1.016433189081842	0.3
907.1527404289568	300	28.071020885180175	0.0	149991	2145.901676617247	1.016433189081842	0.3
909.2221288329712	300	30.001632481165803	0.0	147968	2069.3884040143757	1.016433189081842	0.3
911.8167486482337	300	31.407012665903302	0.0	161857	2594.619815262499	1.016433189081842	0.3
914.9168333472837	300	32.30692796685324	0.0	145210	3100.084699050062	1.016433189081842	0.3
921.5108709127958	300	29.71289040134122	0.0	172312	6594.03756551202	1.016433189081842	0.3
923.8715281071878	300	31.352233206949162	0.0	167025	2360.657194392062	1.016433189081842	0.3
929.7657765409317	750	29.457984773205293	0.0	393804	5894.248433743865	1.016433189081842	0.3
933.1981626847664	750	30.025598629370464	0.0	331053	3432.3861438348317	1.016433189081842	0.75
941.3165305183223	1850	25.907230795814552	0.0	846370	8118.367833555908	1.016433189081842	0.75
947.5972387228675	750	23.626522591269488	0.0	450283	6280.708204545064	1.016433189081842	0.75
955.7330009784586	750	19.490760335678353	0.0	398865	8135.762255591138	1.016433189081842	0.75
961.9652629677079	750	17.258498346429096	0.0	350812	6232.261989249254	1.016433189081842	0.75
968.3183339601102	750	14.905427354026733	0.0	382355	6353.070992402363	1.016433189081842	0.75
976.0816381319129	750	11.142123182224037	0.0	411561	7763.304171802696	1.016433189081842	0.75
977.8745899713464	300	13.349171342790484	0.0	126289	1792.951839433554	1.016433189081842	-0.15000000000000002
979.8582482360848	300	15.365513078052086	0.0	153295	1983.6582647383989	1.016433189081842	0.3
982.1424066812933	300	17.081354632843656	0.0	173849	2284.158445208429	1.016433189081842	0.3
983.889588014252	300	19.33417329988488	0.0	150710	1747.1813329587733	1.016433189081842	0.3
985.1707122978796	300	22.05304901625723	0.0	139105	1281.1242836276492	1.016433189081842	0.3
986.5409097897798	300	24.68285152435704	0.0	141840	1370.197491900192	1.016433189081842	0.3
987.9532446058615	300	27.27051670827538	0.0	156148	1412.3348160816606	1.016433189081842	0.3
991.2592569388559	750	27.964504375281006	0.0	386351	3306.012332994374	1.016433189081842	0.3
996.7000179816894	1200	26.523743332447438	0.0	687371	5440.761042833569	1.016433189081842	0.75
1000.6823660742832	1200	26.54139523985362	0.0	526950	3982.3480925938184	1.016433189081842	1.2
1005.1767385129699	1200	26.047022801166943	0.0	587876	4494.372438686677	1.016433189081842	1.2
1009.7644496710377	1200	25.45931164309915	0.0	617242	4587.711158067793	1.016433189081842	1.2
1014.1369756139281	1200	25.086785700208733	0.0	581493	4372.525942890418	1.016433189081842	1.2
1019.2175815469199	1200	24.00617976721706	0.0	639204	5080.605932991674	1.016433189081842	1.2
1025.5576645884078	1200	21.666096725729247	0.0	586839	6340.08304148781	1.016433189081842	1.2
1032.7168413885645	1200	18.50691992557241	0.0	601738	7159.176800156834	1.016433189081842	1.2
1037.6079428227654	1200	17.615818491371687	0.0	616206	4891.101434200726	1.016433189081842	1.2
1041.813104028071	750	17.410657286065998	0.0	401853	4205.161205305689	1.016433189081842	0.3
1051.5650728063058	750	11.658688507831332	0.0	343800	9751.968778234666	1.016433189081842	0.75
1055.5156071867336	750	11.708154127403398	0.0	359903	3950.5343804279337	1.016433189081842	0.75
1056.9883139942817	300	14.235447319855428	0.0	153938	1472.7068075479704	1.016433189081842	-0.15000000000000002
1058.643864591546	300	16.579896722591222	0.0	181901	1655.5505972642031	1.016433189081842	0.3
1059.6077376627486	300	19.616023651388442	0.0	111155	963.8730712027818	1.016433189081842	0.3
1061.006534036399	300	22.217227277737894	0.0	153605	1398.7963736505476	1.016433189081842	0.3
1064.832864314292	750	22.39089699984494	0.0	400508	3826.330277892955	1.016433189081842	0.3
1067.4275193568885	750	23.796241957248583	0.0	358218	2594.655042596356	1.016433189081842	0.75
1071.0426041157405	750	24.18115719839656	0.0	400322	3615.0847588520232	1.016433189081842	0.75
1074.8151940536147	750	24.408567260522307	0.0	369834	3772.5899378742506	1.016433189081842	0.75
1078.6106758149433	750	24.613085499193605	0.0	412837	3795.481761328703	1.016433189081842	0.75
1084.1435888072797	1200	23.08017250685737	0.0	690253	5532.912992336239	1.016433189081842	0.75
1088.7511189708316	1200	22.47264234330546	0.0	598727	4607.53016355191	1.016433189081842	1.2
1092.1804067345677	1200	23.043354579569506	0.0	487812	3429.2877637359516	1.016433189081842	1.2
1097.2825708644646	1200	21.94119044967246	0.0	575591	5102.164129897048	1.016433189081842	1.2
1102.3495157354505	1200	20.874245578686597	0.0	605884	5066.944870985864	1.016433189081842	1.2
1106.6293467778573	1200	20.594414536279853	0.0	587506	4279.831042406747	1.016433189081842	1.2
1111.9149930183814	1200	19.308768295755716	0.0	566904	5285.6462405241355	1.016433189081842	1.2
1116.0861814711966	750	19.13757984294046	0.0	384505	4171.188452815255	1.016433189081842	0.3
1119.1199052329218	750	20.103856081215334	0.0	372093	3033.7237617251276	1.016433189081842	0.75
1127.1204214317393	750	16.103339882398025	0.0	438281	8000.516198817309	1.016433189081842	0.75
1133.0980322051905	750	14.125729108946837	0.0	398987	5977.610773451188	1.016433189081842	0.75
1140.148480335986	750	11.075280978151321	0.0	393804	7050.448130795515	1.016433189081842	0.75
1144.987265098569	750	10.236496215568252	0.0	331053	4838.78476258307	1.016433189081842	0.75
1147.4660135295096	750	11.757747784627682	0.0	314107	2478.7484309405704	1.016433189081842	0.75
1150.642519147979	750	12.58124216615815	0.0	450283	3176.505618469532	1.016433189081842	0.75
1153.8351192250823	750	13.388642089055077	0.0	398865	3192.600077103075	1.016433189081842	0.75
1156.773544265142	750	14.450217048995249	0.0	350812	2938.425040059826	1.016433189081842	0.75
1160.3677321224088	750	14.856029191728199	0.0	382355	3594.1878572670503	1.016433189081842	0.75
1165.6833945568378	750	13.540366757299182	0.0	411561	5315.662434429018	1.016433189081842	0.75
1169.2227619721996	750	14.000999341937451	0.0	318564	3539.367415361731	1.016433189081842	0.75
1173.3861948707413	750	13.837566443395822	0.0	352642	4163.432898541629	1.016433189081842	0.75
1177.8173997208278	750	13.406361593309324	0.0	437162	4431.204850086499	1.016433189081842	0.75
1181.2327041879844	750	13.991057126152812	0.0	374758	3415.3044671565103	1.016433189081842	0.75
1184.4582984611852	750	14.765462852951922	0.0	362795	3225.5942732008916	1.016433189081842	0.75
1187.819709271266	750	15.404052042871383	0.0	353220	3361.4108100805392	1.016433189081842	0.75
1191.9781318906648	750	15.245629423472383	0.0	405134	4158.422619399	1.016433189081842	0.75
1197.6475783316712	750	13.576182982465966	0.0	386351	5669.4464410064165	1.016433189081842	0.75
1202.7419100257132	750	12.481851288423991	0.0	434409	5094.331694041974	1.016433189081842	0.75
1205.8987369143185	750	13.325024399818808	0.0	337059	3156.8268886051837	1.016433189081842	0.75
1208.297579634234	750	14.926181679903383	0.0	366214	2398.842719915427	1.016433189081842	0.75

