135818.2110762492	750	4.0	2.5371802488901025	450283	2537.1802488901026	-10.159875070227441
135823.62882374285	750	4.0	1.4177474936935959	398865	5417.747493693596	-5.346314222882462
135827.22925010687	300	4.399573635981504	0.0	139857	3600.4263640184968	-0.15000000000000002
135831.93726342014	300	4.0	0.3084396772830887	155432	4708.013313264592	-1.0262906123172812
135834.3636457955	300	5.573617624655193	0.0	163442	2426.382375344807	0.3
135836.3071033101	300	7.630160110050574	0.0	126289	1943.4575146046188	0.3
135839.57680842982	300	8.360454990352926	0.0	153295	3269.705119697648	0.3
135843.52569345213	300	8.41156996805098	0.0	173849	3948.8850223019454	0.3
135846.8826731768	300	9.054590243389608	0.0	150710	3356.9797246613734	0.3
135849.5488444523	300	10.388418967852134	0.0	139105	2666.171275537474	0.3
135851.37841362026	300	12.558849799910824	0.0	141840	1829.5691679413108	0.3
135853.4068069417	300	14.530456478476145	0.0	156148	2028.39332143468	0.3
135855.83575695707	300	16.101506463114212	0.0	160746	2428.95001536193	0.3
135859.14398335427	300	16.79328006590499	0.0	179801	3308.2263972092264	0.3
135860.60499672932	300	19.33226669087582	0.0	140051	1461.0133750291718	0.3
135861.8954929474	300	22.04177047277688	0.0	138313	1290.4962180989392	0.3
135865.14202207822	750	22.795241341970446	0.0	360831	3246.5291308064325	0.3
135868.98582093747	750	22.951442482720378	0.0	372963	3843.7988592500687	0.75
135875.35811317494	750	20.579150245226597	0.0	405596	6372.292237493782	0.75
135878.68500687586	750	21.25225654430621	0.0	350713	3326.8937009203864	0.75
135881.98739510393	750	21.949868316256758	0.0	386472	3302.388228049451	0.75
135896.6055004503	1200	11.3317629698818	0.0	616206	14618.105346374958	0.75
135917.2694387874	1200	4.0	9.332175367209963	656471	20663.938337091764	-38.92835407900284
135924.07335461557	300	4.0	2.8039158281588943	137654	6803.915828158894	-12.656838061083244
135928.42141121175	300	4.0	0.34805659619529433	146754	4348.056596195294	-1.1966433636397655
135934.14626898893	300	4.0	1.7248577771828815	153938	5724.857777182881	-7.11688844188639
135938.67331015866	300	4.0	0.5270411697186528	181901	4527.041169718653	-1.9662770297902068
135941.09510390484	300	5.578206253813434	0.0	111155	2421.7937461865663	0.3
135944.33630606427	300	6.337004094367918	0.0	153605	3241.202159445516	0.3
135946.08266057275	300	8.59064958591461	0.0	149029	1746.3545084533075	0.3
135947.42539200027	300	11.247918158395452	0.0	157421	1342.7314275191575	0.3
135948.93270368085	300	13.7406064778141	0.0	157488	1507.3116805813524	0.3
135950.7728464532	300	15.900463705443675	0.0	143881	1840.1427723704248	0.3
135952.320173349	300	18.353136809679476	0.0	163444	1547.3268957641988	0.3
135955.96832797423	750	18.70498218443562	0.0	401088	3648.154625243853	0.3
135966.40923692877	750	12.264073229904758	0.0	365161	10440.908954530865	0.75
135968.9309801756	750	13.742329983078685	0.0	321064	2521.743246826073	0.75
135971.3780991333	750	15.295211025385289	0.0	361565	2447.1189576933966	0.75
135975.63808418965	750	15.035225969015617	0.0	378327	4259.985056369671	0.75
135979.68455608725	750	14.98875407141602	0.0	390680	4046.471897599596	0.75
135983.96707263557	750	14.706237523105749	0.0	345516	4282.516548310272	0.75
135985.75115199864	750	16.92215816002754	0.0	384505	1784.0793630782105	0.75
135987.90952614348	750	18.763784015166284	0.0	372093	2158.3741448612554	0.75
135991.20572156768	750	19.467588590954435	0.0	438281	3296.1954242118486	0.75
135993.90561097686	750	20.76769918181459	0.0	398987	2699.8894091398483	0.75
136000.12456170874	1850	18.548748449908327	0.0	982064	6218.95073190626	0.75
136005.28243767715	2850	17.39087248150063	0.0	1231456	5157.875968407697	1.85
136010.6998702254	2850	15.97343993325859	0.0	1364537	5417.43254824204	2.85
136012.35650892177	750	18.316801236890036	0.0	450283	1656.6386963685504	0.75
136017.13862979214	1850	17.534680366518877	0.0	957685	4782.12087037116	0.75
136022.05710244298	1850	16.6162077156914	0.0	877771	4918.47265082748	1.85
136026.9125286936	1850	15.760781465082735	0.0	933276	4855.426250608664	1.85
136037.41663298654	1850	9.256677172110583	0.0	996749	10504.104292972152	1.85
136046.8034321911	1200	4.0	0.13012203245395176	520315	9386.799204564535	-0.009524739551992623
136048.5952173939	300	6.20821479724105	0.0	153295	1791.7852027589497	-0.6000000000000001
136050.38586834221	300	8.417563848885507	0.0	173849	1790.6509483555433	0.3
136052.21777910215	300	10.585653088959026	0.0	150710	1831.9107599264823	0.3
136053.6028864598	300	13.20054573132206	0.0	139105	1385.1073576369645	0.3
136054.81802786683	300	15.985404324266172	0.0	141840	1215.1414070558897	0.3
136057.0817968131	750	17.721635378004255	0.0	405134	2263.7689462619146	0.3
136058.86093344263	750	19.94249874848318	0.0	386351	1779.1366295210762	0.75
136060.39431336639	750	22.409118824713662	0.0	434409	1533.3799237695177	0.75
136061.7729678351	750	25.030464355991707	0.0	337059	1378.6544687219573	0.75
136066.86425928655	1850	23.939172904545043	0.0	923170	5091.291451446663	0.75
136074.82901604247	1850	19.974416148638507	0.0	966699	7964.756755906532	1.85
136080.41454841418	1850	18.388883776937853	0.0	885714	5585.532371700658	1.85
136087.74399834263	1850	15.05943384848427	0.0	987708	7329.449928453582	1.85
136094.2776298153	1850	12.52580237580994	0.0	923755	6533.631472674329	1.85
136098.96763178593	1200	11.835800405185562	0.0	601738	4690.001970624378	0.5499999999999999
136102.91316002852	1200	11.890272162606738	0.0	616206	3945.528242578824	1.2
136110.49717187727	1200	8.306260313855908	0.0	656471	7584.01184875083	1.2
136112.4760119997	750	10.327420191411223	0.0	343800	1978.8401224446836	0.3
136114.3044520677	750	12.498980123394702	0.0	359903	1828.4400680165222	0.75
136116.04745136766	750	14.755980823461309	0.0	379700	1742.999299933394	0.75
136119.22727165598	1200	15.576160535135733	0.0	696376	3179.8202883255753	0.75
136121.31706221035	1200	17.486369980774153	0.0	487160	2089.790554361578	1.2
136127.39680734198	1200	15.406624849124277	0.0	622896	6079.745131649876	1.2
136154.63792742597	1200	4.0	11.834495234870316	641447	27241.120083994592	-49.68832950994235
136159.8951036439	300	4.0	1.2571762179568196	157421	5257.1762179568195	-6.005857737214324
136161.483228718	300	6.411874925955511	0.0	157488	1588.1250740444896	0.3
136162.45226231875	300	9.44284132519028	0.0	143881	969.0336007652304	0.3
136163.5458965168	300	12.349207127154337	0.0	163444	1093.6341980359425	0.3
136164.636538457	300	15.258565186942079	0.0	179328	1090.6419402122592	0.3
136165.48066055792	300	18.414443086012593	0.0	159914	844.1221009294862	0.3
136167.4289794305	1200	20.466124213443305	0.0	487812	1948.3188725692894	0.29999999999999993
136169.41336842912	1200	22.481735214806417	0.0	575591	1984.3889986368883	1.2
136171.5172866803	1850	24.37781696364874	0.0	908665	2103.9182511576764	1.2000000000000002
136174.14305228987	1850	25.75205135405745	0.0	930577	2625.7656095912894	1.85
136178.04223343372	2850	25.852870210205843	0.0	1339500	3899.1811438516074	1.85
136182.78371657818	2850	25.111387065748993	0.0	1527299	4741.483144456847	2.85
136186.58435998255	2850	25.310743661371973	0.0	1343002	3800.643404377019	2.85
136198.20456407263	4300	17.690539571269362	0.0	2219102	11620.204090102612	2.8499999999999996
136218.29297583317	4300	4.0	2.3978721892551658	2124950	20088.411760524526	-6.010850413797212
136221.92477576685	1200	4.368200066319838	0.0	638661	3631.7999336801613	-1.9000000000000001
136224.26479483102	1200	6.028181002174509	0.0	538612	2340.01906414533	1.2
136228.3367213693	1850	5.9562544638855215	0.0	846370	4071.9265382889866	1.2000000000000002
136230.00946875566	750	8.283507077530606	0.0	450283	1672.7473863549153	0.75
136231.23032916675	750	11.062646666449016	0.0	398865	1220.86041108159	0.75
136232.54221284302	750	13.750762990144468	0.0	350812	1311.88367630455	0.75
136237.33832146655	1850	12.954654366621913	0.0	933276	4796.108623522554	0.75
136250.63390137482	1850	4.0	0.3409255416389042	996749	13295.579908260817	0.384020170952712
136254.7671215661	750	4.0	0.13322019130937043	318564	4133.22019130937	-0.9228468226302929
136258.20866201643	300	4.558459549687823	0.0	153295	3441.5404503121763	-0.15000000000000002
136260.88798948453	300	5.879132081598911	0.0	173849	2679.327468088912	0.3
136266.0579949061	300	4.70912666002949	0.0	150710	5170.005421569421	0.3
136269.13519414037	300	5.631927425756023	0.0	139105	3077.1992342734675	0.3
136271.49200576078	300	7.275115805328753	0.0	141840	2356.8116204272696	0.3
136274.21658512988	300	8.550536436236865	0.0	156148	2724.57936909189	0.3
136277.07087610313	300	9.696245462983217	0.0	160746	2854.290973253647	0.3
136279.29494065017	300	11.472180915941744	0.0	179801	2224.0645470414734	0.3
136280.32905039532	300	14.438071170787316	0.0	140051	1034.1097451544279	0.3
136281.39237307463	300	17.374748491483153	0.0	138313	1063.3226793041617	0.3
136282.4417556353	300	20.325365930801176	0.0	143509	1049.382560681975	0.3
136284.71302984018	750	22.054091725927112	0.0	372963	2271.274204874065	0.3
136288.47791664873	1200	22.289204917369545	0.0	639204	3764.8868085575673	0.75
136291.42147356374	1200	23.345648002340567	0.0	586839	2943.556915028976	1.2
136294.6383347897	1200	24.128786776363064	0.0	601738	3216.861225977503	1.2
136297.778015626	1200	24.989105940052827	0.0	616206	3139.680836310234	1.2
136314.79319566398	1850	11.973925902079056	0.0	968026	17015.180037973772	1.2000000000000002
136321.62105998155	1850	9.146061584521176	0.0	874175	6827.864317557879	1.85
136324.18229333434	750	10.584828231742796	0.0	359903	2561.233352778382	-0.3500000000000001
136326.71620040273	750	12.050921163346342	0.0	379700	2533.907068396453	0.75
136328.91945440703	750	13.84766715905027	0.0	425781	2203.2540042960723	0.75
136330.53402511834	750	16.233096447731977	0.0	277716	1614.5707113182948	0.75
136334.05804222292	1200	16.709079343160532	0.0	622896	3524.0171045714455	0.75
136338.10152792395	1200	16.665593642144028	0.0	641447	4043.485701016501	1.2
136341.79719446212	1200	16.96992710395294	0.0	570392	3695.6665381910875	1.2
136346.55866650338	1200	16.20845506271137	0.0	620283	4761.472041241573	1.2
136350.83810881138	1200	15.929012754688818	0.0	584349	4279.442308022551	1.2
136355.4898336596	1200	15.277287906457907	0.0	670129	4651.724848230911	1.2
136359.955011093	1200	14.812110473090586	0.0	690253	4465.17743336732	1.2
136364.67605482799	1200	14.091066738104919	0.0	598727	4721.0437349856675	1.2
136368.68663865095	1200	14.080482915153436	0.0	487812	4010.583822951484	1.2
136373.66721689186	1200	13.099904674247819	0.0	575591	4980.578240905617	1.2
136377.77424942038	1200	12.992872145722504	0.0	605884	4107.032528525315	1.2
136381.07931931343	1200	13.687802252666694	0.0	587506	3305.0698930558096	1.2
136383.79769427882	1200	14.969427287265068	0.0	566904	2718.3749654016256	1.2
136386.29965814328	1200	16.46746342282211	0.0	641452	2501.96386444296	1.2
136388.6717896155	1200	18.095331950577695	0.0	599477	2372.131472244417	1.2
136392.80122593147	1850	17.96589563463883	0.0	973972	4129.436315938865	1.2000000000000002
136396.55658411115	1850	18.210537454961987	0.0	958994	3755.35817967684	1.85
136404.4675125728	2850	14.299608993307203	0.0	1483527	7910.928461654786	1.85
136414.35720518764	2850	8.409916378453072	0.0	1231456	9889.692614854132	2.85
136423.37109713	2850	4.0	0.6039755639000832	1364537	9013.891942353155	0.25290507522964223
136428.31723052642	750	4.0	0.946133396421642	450283	4946.133396421642	-3.3183736046130603
136430.64118298664	750	5.6760475397815515	0.0	398865	2323.9524602184483	0.75
136433.58245449184	750	6.734776034577663	0.0	350812	2941.27150520389	0.75
136438.45537227555	750	5.86185825087111	0.0	382355	4872.917783706552	0.75
136445.288954855	750	4.0	0.9717243285687455	411561	6833.582579439856	-3.4284146128456054
136446.5572455774	300	6.731709277596848	0.0	126289	1268.290722403151	-0.15000000000000002
136447.80339826248	300	9.485556592521455	0.0	153295	1246.1526850753935	0.3
136449.07133395082	300	12.217620904183141	0.0	173849	1267.9356883383139	0.3
136450.05563198813	300	15.233322866854433	0.0	150710	984.298037328709	0.3
136452.3822167811	750	16.906738073899213	0.0	362795	2326.5847929552165	0.3
136454.6344332598	750	18.654521595175968	0.0	353220	2252.2164787232446	0.75
136459.65548121382	1200	17.633473641182427	0.0	594078	5021.04795399354	0.75
136464.5343078597	1200	16.754646995290226	0.0	624282	4878.826645892202	1.2
136468.92054159447	1200	16.368413260508863	0.0	687371	4386.233734781362	1.2
136475.25892775648	1200	14.030027098486928	0.0	526950	6338.386162021936	1.2
136485.767141664	1200	7.521813190974069	0.0	587876	10508.213907512858	1.2
136494.8216702489	750	4.0	1.5327153939225118	360831	9054.528584896581	-6.2906761938668
136496.86187426146	300	5.95979598741421	0.0	150616	2040.20401258579	-0.15000000000000002
136498.97483624786	300	7.84683400102474	0.0	165384	2112.9619863894704	0.3
136500.90247350937	300	9.919196739522837	0.0	140881	1927.6372615019025	0.3
136503.21381487447	300	11.60785537443711	0.0	157671	2311.3413650857274	0.3
136505.12811611482	300	13.693554134077614	0.0	157812	1914.3012403594948	0.3
136507.52838049686	300	15.293289752031907	0.0	163927	2400.264382045707	0.3
136509.24335592007	300	17.578314328804666	0.0	137654	1714.9754232272405	0.3
136511.03768992543	300	19.783980323446062	0.0	146754	1794.334005358604	0.3
136513.0510684496	300	21.770601799293942	0.0	153938	2013.3785241521216	0.3
136519.7926049787	750	19.029065270209347	0.0	425781	6741.536529084595	0.3
136522.89303081704	750	19.928639431864514	0.0	277716	3100.4258383448323	0.75
136526.63540085065	750	20.186269398229438	0.0	400396	3742.37003363508	0.75
136529.90583061267	750	20.915839636216912	0.0	400508	3270.4297620125267	0.75
136532.33324011395	750	22.48843013492509	0.0	358218	2427.4095012918206	0.75
136535.72230969995	750	23.099360548910052	0.0	400322	3389.069586015039	0.75
136539.20402895976	750	23.61764128911736	0.0	369834	3481.719259792694	0.75
136546.98125190655	1200	19.8404183423278	0.0	670129	7777.222946789557	0.75
136554.09593426128	1200	16.72573598762312	0.0	690253	7114.682354704679	1.2
136559.7642667134	1200	15.05740353546752	0.0	598727	5668.332452155601	1.2
136570.52076597026	1200	8.300904278619134	0.0	487812	10756.499256848385	1.2
136580.61245117235	750	4.0	1.7907809234768466	361565	10091.685202095981	-7.400357970950441
136583.25435453275	300	5.3580966395915635	0.0	144254	2641.9033604084357	-0.15000000000000002
136586.5966444005	300	6.0158067718454475	0.0	149991	3342.2898677461167	0.3
136588.40531796918	300	8.207133203185277	0.0	147968	1808.6735686601698	0.3
136591.12804506064	300	9.4844061117157	0.0	161857	2722.7270914695778	0.3
136593.82641669246	300	10.786034479882792	0.0	145210	2698.3716318329075	0.3
136595.39761802976	300	13.214833142563716	0.0	172312	1571.2013373190769	0.3
136596.46029569564	300	16.152155476701584	0.0	167025	1062.6776658621307	0.3
136599.37761382142	750	17.23483735092512	0.0	393804	2917.318125776468	0.3
136603.8409234424	1200	16.771527729947717	0.0	538612	4463.309620977401	0.75
136613.026776732	2850	11.585674440343988	0.0	1364537	9185.853289603729	1.2000000000000002
136616.68656951652	750	11.92588165583456	0.0	450283	3659.7927845094277	0.75
136619.5746186586	750	13.037832513732257	0.0	398865	2888.0491421023034	0.75
136621.988953523	750	14.623497649348263	0.0	350812	2414.334864383994	0.75
136625.45134018813	750	15.161110984220562	0.0	382355	3462.3866651276994	0.75
136631.86476529177	750	12.747685880563171	0.0	411561	6413.425103657392	0.75
136638.37248521074	750	10.239965961594285	0.0	318564	6507.719918968885	0.75
136641.49447209376	300	11.117979078591985	0.0	153295	3121.986883002301	-0.15000000000000002
136644.65876875754	300	11.953682414812453	0.0	173849	3164.296663779531	0.3
136647.45122729667	300	13.161223875690656	0.0	150710	2792.4585391217993	0.3
136649.5453837095	300	15.067067462841392	0.0	139105	2094.1564128492646	0.3
136653.15670295394	300	15.45574821842667	0.0	141840	3611.319244414721	0.3
136656.05498594133	300	16.55746523105364	0.0	156148	2898.282987373031	0.3
136664.12052966896	300	12.491921503404606	0.0	160746	8065.543727649033	0.3
136672.12756605895	300	8.484885113439148	0.0	179801	8007.0363899654585	0.3
136676.6453742545	300	7.967076917874347	0.0	140051	4517.808195564801	0.3
136680.92224693784	300	7.690204234537443	0.0	138313	4276.872683336904	0.3
136683.74310743908	300	8.869343733302838	0.0	143509	2820.8605012346047	0.3
136687.272457058	300	9.339994114397248	0.0	150616	3529.349618905589	0.3
136691.20968340756	300	9.402767764817268	0.0	165384	3937.226349579979	0.3
136693.35032431464	300	11.262126857730053	0.0	140881	2140.640907087216	0.3
136695.57365384605	300	13.038797326339587	0.0	157671	2223.3295313904664	0.3
136697.54994164789	300	15.062509524509263	0.0	157812	1976.2878018303236	0.3
136699.4187044148	300	17.193746757613525	0.0	163927	1868.7627668957402	0.3
136701.10761294005	300	19.504838232353453	0.0	137654	1688.9085252600696	0.3
136702.36636951848	300	22.24608165389814	0.0	146754	1258.7565784553103	0.3
136707.06839168852	750	21.544059483860135	0.0	379700	4702.022170038007	0.3
136712.0447081812	750	20.56774299116929	0.0	425781	4976.316492690848	0.75
136715.97160356634	750	20.64084760601905	0.0	277716	3926.8953851502383	0.75
136726.65869108305	750	13.953760089331606	0.0	400396	10687.087516687445	0.75
136734.6736888317	750	9.938762340658043	0.0	400508	8014.997748673565	0.75
136737.61875388125	300	10.993697291140537	0.0	157421	2945.065049517505	-0.15000000000000002
136739.99469915265	300	12.617752019727318	0.0	157488	2375.9452714132203	0.3
136742.45020212908	300	14.162249043292322	0.0	143881	2455.5029764349956	0.3
136745.2697164414	300	15.342734730997423	0.0	163444	2819.5143122949	0.3
136747.88728907402	300	16.72516209838078	0.0	179328	2617.5726326166455	0.3
136749.93341010567	300	18.679041066709992	0.0	159914	2046.1210316707836	0.3
136751.57152662796	300	21.040924544440557	0.0	131610	1638.1165222694362	0.3
136753.5073340807	300	23.105117091705676	0.0	124011	1935.8074527348801	0.3
136755.74380438973	300	24.868646782673466	0.0	144254	2236.4703090322096	0.3
136758.29703764457	300	26.315413527812176	0.0	149991	2553.23325486129	0.3
136760.83336305484	300	27.779088117538745	0.0	147968	2536.3254102734313	0.3
136763.42513003477	300	29.187321137593887	0.0	161857	2591.766979944855	0.3
136765.96551910095	300	30.646932071391014	0.0	145210	2540.389066202877	0.3
136771.38161696223	750	29.230834210145403	0.0	438281	5416.097861245611	0.3
136774.52279888387	750	30.089652288477627	0.0	398987	3141.1819216677777	0.75
136778.8918145291	750	29.720636643240336	0.0	393804	4369.015645237291	0.75
136787.5157497787	1850	25.09670139367758	0.0	830730	8623.935249562757	0.75
136799.9876544116	2850	16.624796760746452	0.0	1364537	12471.904632931126	1.85
136808.03755344683	750	12.574897725527256	0.0	450283	8049.899035219196	0.75
136813.56266370788	750	11.049787464464876	0.0	398865	5525.110261062379	0.75
136814.85000150633	300	13.762449666024738	0.0	139857	1287.3377984401397	-0.15000000000000002
136816.52442339758	300	16.088027774768584	0.0	155432	1674.421891256154	0.3
136818.91254571863	300	17.699905453687098	0.0	163442	2388.1223210814846	0.3
136820.72815048118	300	19.88430069113252	0.0	126289	1815.6047625545746	0.3
136823.25825624223	300	21.354194930077533	0.0	153295	2530.105761054986	0.3
136829.7704548062	750	18.841996366140002	0.0	437162	6512.198563937532	0.3
136835.2758842628	750	17.3365669095245	0.0	374758	5505.429456615503	0.75
136844.3523430642	750	12.260108108096768	0.0	362795	9076.458801427732	0.75
136854.2812189371	750	6.331232235205336	0.0	353220	9928.87587289143	0.75
136857.45672481935	300	7.155726352940379	0.0	156148	3175.5058822649576	-0.15000000000000002
136859.587974099	300	9.024477073305153	0.0	160746	2131.2492796352253	0.3
136861.866526786	300	10.745924386323164	0.0	179801	2278.5526869819887	0.3
136863.39657033322	300	13.215880839101297	0.0	140051	1530.0435472218664	0.3
136865.2390798668	300	15.373371305528922	0.0	138313	1842.5095335723738	0.3
136866.7313173671	300	17.88113380522281	0.0	143509	1492.2375003061136	0.3
136868.27027963224	300	20.342171540084724	0.0	150616	1538.962265138084	0.3
136871.08541422588	750	21.527036946462324	0.0	405596	2815.1345936223997	0.3
136873.68670454496	750	22.925746627364514	0.0	350713	2601.2903190978104	0.75
136876.61823857733	750	23.99421259499327	0.0	386472	2931.5340323712435	0.75
136883.90229116808	1200	20.71016000424988	0.0	616206	7284.052590743391	0.75
136889.25272387362	1200	19.359727298715065	0.0	656471	5350.432705534815	1.2
136894.12554336502	1200	18.486907807290123	0.0	536667	4872.819491424938	1.2
136902.52094865518	1200	14.09150251714231	0.0	587236	8395.405290147815	1.2
136909.28565199938	750	11.326799172956584	0.0	379700	6764.703344185727	0.3
136915.0180195556	750	9.594431616742972	0.0	425781	5732.367556213611	0.75
136917.05334385205	750	11.559107320295476	0.0	277716	2035.3242964474964	0.75
136921.10262354006	750	11.509827632279315	0.0	400396	4049.2796880161604	0.75
136926.91832333975	750	9.694127832588856	0.0	400508	5815.69979969046	0.75
136935.8047441056	750	4.8077070667558415	0.0	358218	8886.420765833014	0.75
136940.2229067596	300	4.389544412773358	0.0	157488	4418.162653982485	-0.15000000000000002
136941.79558479655	300	6.816866375826098	0.0	143881	1572.6780369472588	0.3
136943.75341498197	300	8.859036190413269	0.0	163444	1957.8301854128285	0.3
136947.04603514593	300	9.566416026446179	0.0	179328	3292.62016396709	0.3
136949.20373944932	300	11.408711723053461	0.0	159914	2157.704303392718	0.3
136950.57459280558	300	14.03785836676793	0.0	131610	1370.8533562855305	0.3
136951.82471363165	300	16.787737540697854	0.0	124011	1250.1208260700782	0.3
136953.20254777238	300	19.409903399992814	0.0	144254	1377.834140705041	0.3
136954.56375721752	300	22.048693954847526	0.0	149991	1361.2094451452908	0.3
136957.76041111324	750	22.852040059127788	0.0	345516	3196.6538957197354	0.3
136962.3085450689	750	22.303906103465106	0.0	384505	4548.133955662681	0.75
136966.02372024735	750	22.588730924984773	0.0	372093	3715.1751784803314	0.75
136969.41552383435	750	23.196927337994445	0.0	438281	3391.8035869903297	0.75
136971.60786650964	750	25.004584662703472	0.0	398987	2192.3426752909722	0.75
136978.06133707069	1850	22.55111410167608	0.0	982064	6453.470561027394	0.75
136988.4672987117	1850	16.145152460637224	0.0	830730	10405.961641038857	1.85
137007.48066046034	2850	4.0	2.8682092879775976	1364537	19013.36174861482	-10.48329993830367
137010.50960190545	750	4.971058554886853	0.0	450283	3028.941445113147	0.75
137012.75666434408	750	6.723996116244431	0.0	398865	2247.0624386424224	0.75
137014.61953159215	750	8.861128868163878	0.0	350812	1862.8672480805526	0.75
137016.1986759322	750	11.28198452812726	0.0	382355	1579.1443400366165	0.75
137017.77972107794	750	13.700939382366123	0.0	411561	1581.0451457611373	0.75
137019.03239385886	750	16.448266601451135	0.0	318564	1252.67278091499	0.75
137022.48292614767	1850	16.997734312633682	0.0	905515	3450.5322888174533	0.75
137024.79163801612	1850	18.689022444184555	0.0	1060487	2308.7118684491275	1.85
137027.55483765533	1850	19.92582280496131	0.0	852833	2763.1996392232463	1.85
137030.2673980078	1850	21.213262452478265	0.0	913888	2712.5603524830426	1.85
137033.62779697313	2850	21.85286348715175	0.0	1354548	3360.398965326518	1.85
137039.74830785784	2850	19.73235260244507	0.0	1519951	6120.510884706682	2.85
137046.08513305307	2850	17.395527407216385	0.0	1422919	6336.825195228684	2.85
137051.94385560768	2850	15.536804852580211	0.0	1578343	5858.722554636172	2.85
137057.16519121564	2850	14.31546924462595	0.0	1231445	5221.335607954262	2.85
137063.82027083935	2850	11.660389620894666	0.0	1471065	6655.079623731284	2.85
137068.70269895275	1850	10.77796150750568	0.0	966699	4882.428113388988	0.8500000000000001
137073.5189023651	1850	9.961758095171472	0.0	885714	4816.203412334207	1.85
137078.23017483263	1850	9.250485627603359	0.0	987708	4711.272467568113	1.85
137082.84361487074	1850	8.637045589525261	0.0	923755	4613.440038078097	1.85
137087.5084498923	1850	7.972210567951763	0.0	891604	4664.835021573498	1.85
137090.86059417523	1200	8.620066285032204	0.0	616206	3352.14428291956	0.5499999999999999
137093.92415164382	1200	9.556508816435432	0.0	656471	3063.5574685967713	1.2
137096.19278421745	1200	11.287876242788707	0.0	536667	2268.6325736467256	1.2
137099.67689760862	1200	11.803762851634794	0.0	587236	3484.113391153913	1.2
137102.84404420288	1200	12.636616257342038	0.0	590335	3167.1465942927566	1.2
137106.01346082386	1200	13.467199636364981	0.0	696376	3169.416620977055	1.2
137107.84249800636	1200	15.63816245388582	0.0	487160	1829.0371824791607	1.2
137109.84973647282	1200	17.63092398742071	0.0	622896	2007.2384664651083	1.2
137116.5189932282	1850	14.96166723204902	0.0	975811	6669.256755371693	1.2000000000000002
137119.94911917933	1850	15.531541280916779	0.0	873429	3430.12595113224	1.85
137126.16494305874	1850	13.315717401540295	0.0	954453	6215.823879376484	1.85
137132.55888375352	1850	10.92177670676533	0.0	885062	6393.940694774968	1.85
137136.7290169676	1200	10.751643492663328	0.0	670129	4170.133214102001	0.5499999999999999
137140.44599967176	1200	11.034660788533229	0.0	690253	3716.9827041300996	1.2
137144.28029783475	1200	11.200362625525715	0.0	598727	3834.298163007514	1.2
137146.93067033176	1200	12.54999012852259	0.0	487812	2650.372497003125	1.2
137150.1415845869	1200	13.33907587334958	0.0	575591	3210.914255173009	1.2
137153.43932177435	1200	14.041338685916404	0.0	605884	3297.7371874331766	1.2
137156.10598250563	1200	15.374677954647526	0.0	587506	2666.6607312688766	1.2
137158.27835234525	1200	17.20230811500712	0.0	566904	2172.369839640407	1.2
137160.49392487633	1200	18.986735583944743	0.0	641452	2215.5725310623807	1.2
137164.13356868213	1850	19.347091778148155	0.0	886255	3639.6438057965865	1.2000000000000002
137167.8237036619	1850	19.656956798375187	0.0	973972	3690.134979772967	1.85
137174.38017022324	2850	17.10049023706596	0.0	1464921	6556.466561309229	1.85
137181.56388216678	2850	13.91677829354009	0.0	1483527	7183.711943525869	2.85
137186.8323023169	2850	12.648358143397127	0.0	1231456	5268.420150142964	2.85
137192.39096220952	2850	11.089698250769041	0.0	1364537	5558.659892628085	2.85
137194.13982356762	750	13.340836892669056	0.0	450283	1748.861358099985	0.75
137198.45624875752	1850	13.024411702794621	0.0	957685	4316.425189874435	0.75
137202.21830795996	1850	13.2623525003433	0.0	877771	3762.0592024513235	1.85
137206.06798246177	1850	13.412677998532681	0.0	933276	3849.674501810617	1.85
137212.3415746059	1850	11.139085854402703	0.0	996749	6273.592144129978	1.85
137214.3170585927	1850	13.163601867646788	0.0	801058	1975.4839867559149	1.85
137219.28205020374	1850	12.19861025658935	0.0	905515	4964.9916110574395	1.85
137224.8143659979	1850	10.666294462423139	0.0	1060487	5532.315794166209	1.85
137229.53876882745	1850	9.94189163288964	0.0	852833	4724.402829533499	1.85
137233.8644020555	1850	9.616258404826647	0.0	913888	4325.633228062992	1.85
137238.32516895738	1850	9.155491502935792	0.0	939819	4460.766901890855	1.85
137241.47686285627	1200	10.003797604035823	0.0	594078	3151.69389889997	0.5499999999999999
137243.97708711404	1200	11.503573346257562	0.0	624282	2500.2242577782604	1.2
137246.47625064207	1200	13.004409818217901	0.0	687371	2499.1635280396617	1.2
137248.71292913659	1200	14.767731323694703	0.0	526950	2236.6784945231975	1.2
137253.39684436805	1850	14.083816092242545	0.0	923170	4683.915231452159	1.2000000000000002
137259.24020069692	1850	12.240459763367975	0.0	966699	5843.35632887457	1.85
137266.08074042233	1850	9.39992003793882	0.0	885714	6840.539725429154	1.85
137271.27745443946	1200	8.203206020819861	0.0	639204	5196.7140171189585	0.5499999999999999
137280.85145939686	1200	4.0	1.3707989365890407	586839	9574.004957408903	-4.694435427332874
137284.7010554298	300	4.150403967091023	0.0	157671	3849.5960329089767	-0.6000000000000001
137288.6521624115	300	4.199296985377906	0.0	157812	3951.1069817131174	0.3
137290.24616158096	300	6.605297815932703	0.0	163927	1593.9991694452026	0.3
137291.61105633696	300	9.240403059919501	0.0	137654	1364.894756013202	0.3
137293.09589091374	300	11.755568483122808	0.0	146754	1484.8345767966935	0.3
137294.70847645617	300	14.142982940711693	0.0	153938	1612.585542411114	0.3
137296.72125481127	300	16.130204585580273	0.0	181901	2012.7783551314205	0.3
137298.020733288	300	18.830726108879222	0.0	111155	1299.4784767010522	0.3
137299.39571858523	300	21.455740811647505	0.0	153605	1374.985297231717	0.3
137304.90720255364	1200	19.944256843241693	0.0	641447	5511.483968405813	0.29999999999999993
137312.40655598714	1200	16.444903409717824	0.0	570392	7499.35343352387	1.2
137315.26412747044	750	17.58733192644156	0.0	400322	2857.5714832762583	0.3
137317.17250584706	750	19.6789535498207	0.0	369834	1908.378376620862	0.75
137318.830942901	750	22.020516495888938	0.0	412837	1658.437053931765	0.75
137320.46446661648	750	24.386992780388034	0.0	401088	1633.523715500901	0.75
137321.81277741672	750	27.038681980134534	0.0	365161	1348.3108002535	0.75
137323.28650595274	1200	29.564953444124725	0.0	487812	1473.7285360098078	0.75
137327.54549861717	2850	29.30596077969056	0.0	1499009	4258.992664434164	1.2000000000000002
137331.38137868608	2850	29.470080710802737	0.0	1427478	3835.8800688878264	2.85
137334.3701496291	2850	30.481309767754325	0.0	1402287	2988.7709430484088	2.85
137337.46685620004	2850	31.384603196827804	0.0	1339500	3096.706570926522	2.85
137342.53875124897	4300	30.312708147918517	0.0	2184571	5071.895048909285	2.8499999999999996
137346.824212252	4300	30.02724714486928	0.0	2121928	4285.4610030492395	4.3
137352.37100936074	4300	28.480450036127834	0.0	2219102	5546.797108741444	4.3
137357.60676751536	4300	27.244691881484258	0.0	2124950	5235.758154643574	4.3
137362.09639553356	4300	26.75506386328556	0.0	2246506	4489.6280181986995	4.3
137366.5898173425	4300	26.26164205436315	0.0	1961140	4493.421808922408	4.3
137371.38269660214	4300	25.46876279470479	0.0	2155012	4792.87925965836	4.3
137373.14750985388	750	27.70394954295772	0.0	450283	1764.813251747074	0.75
137379.76709351782	4300	25.08436587900663	0.0	2123065	6619.583663951089	0.75
137386.23048739173	4300	22.62097200506346	0.0	2177073	6463.393873943168	4.3
137392.03693410018	4300	20.8145252966128	0.0	2160877	5806.446708450661	4.3
137397.52804753414	4300	19.32341186264457	0.0	2233056	5491.113433968228	4.3
137401.3533768272	2850	19.498082569562445	0.0	1224260	3825.3292930821262	1.4000000000000001
137404.95458986628	2850	19.896869530477495	0.0	1388403	3601.213039084948	2.85
137409.85787289	2850	18.993586506772758	0.0	1638769	4903.28302370474	2.85
137417.19508656094	2850	15.656372835824723	0.0	1348011	7337.213670948035	2.85
137431.05839575248	2850	5.79306364426455	0.0	1429765	13863.309191560173	2.85
137433.80332152333	1200	7.048137873411583	0.0	607410	2744.925770852968	-0.44999999999999996
137436.53424707026	1200	8.3172123264918	0.0	594078	2730.9255469197824	1.2
137439.03837609067	1200	9.81308330605992	0.0	624282	2504.1290204318816	1.2
137441.28695797423	1200	11.564501422519319	0.0	687371	2248.5818835406	1.2
137442.7435041518	1200	14.107955244961968	0.0	526950	1456.5461775573513	1.2
137445.08257231564	1200	15.76888708110848	0.0	587876	2339.0681638534884	1.2
137448.1541762852	1850	16.697283111549314	0.0	966699	3071.603969559167	1.2000000000000002
137452.705017256	1850	16.14644214077212	0.0	885714	4550.840970777195	1.85
137454.4167916324	1850	18.434667764391648	0.0	987708	1711.7743763804697	1.85
137458.05933102642	1850	18.792128370342006	0.0	923755	3642.5393940496424	1.85
137462.05593265098	1850	18.795526745785857	0.0	891604	3996.6016245561473	1.85
137466.69456442623	1850	18.1568949705319	0.0	955231	4638.631775253953	1.85
137470.73577993692	1850	18.115679459872823	0.0	968026	4041.215510659078	1.85
137474.5168776876	1850	18.334581709182434	0.0	874175	3781.0977506903914	1.85
137480.67813575643	1850	16.17332364035366	0.0	897976	6161.258068828769	1.85
137491.76696917665	1850	9.084490220129235	0.0	905935	11088.833420224428	1.85
137504.4407579513	1200	4.0	3.5892985545035936	696376	12673.788774632829	-14.883983784365453

