2.098558835975096	750	4.0	2.098558835975096	450283	2098.558835975096	1	-8.273802994692913
3.1271755169718163	300	6.97138331900328	0.0	155580	1028.61668099672	1.4660326483364428	-0.15000000000000002
4.178162757410267	300	9.92039607856483	0.0	139857	1050.9872404384519	1.4660326483364428	0.3
5.387825954476239	300	12.710732881498858	0.0	155432	1209.6631970659714	1.4660326483364428	0.3
6.851358072352076	300	15.24720076362302	0.0	163442	1463.532117875837	1.4660326483364428	0.3
7.876838016902467	300	18.22172081907263	0.0	126289	1025.4799445503918	1.4660326483364428	0.3
9.03155592155059	300	21.06700291442451	0.0	153295	1154.717904648121	1.4660326483364428	0.3
11.916660887496771	750	22.181897948478326	0.0	437162	2885.104965946182	1.4660326483364428	0.3
14.30237349627272	750	23.796185339702376	0.0	374758	2385.7126087759484	1.4660326483364428	0.75
16.4560386169656	750	25.642520219009494	0.0	362795	2153.665120692882	1.4660326483364428	0.75
18.617215180925644	750	27.48134365504945	0.0	353220	2161.176563960043	1.4660326483364428	0.75
21.05684542823911	750	29.041713407735983	0.0	405134	2439.630247313466	1.4660326483364428	0.75
24.259363824148927	750	29.839195011826167	0.0	386351	3202.518395909819	1.4660326483364428	0.75
34.57446297716703	750	23.524095858808067	0.0	434409	10315.0991530181	1.4660326483364428	0.75
43.83580734972193	750	18.262751486253173	0.0	337059	9261.344372554897	1.4660326483364428	0.75
45.974689294826575	300	20.123869541148522	0.0	138313	2138.8819451046456	1.4660326483364428	-0.15000000000000002
48.7466445304076	300	21.3519143055675	0.0	143509	2771.955235581024	1.4660326483364428	0.3
51.50192227008766	300	22.59663656588743	0.0	150616	2755.2777396800693	1.4660326483364428	0.3
54.871644689967574	300	23.226914146007527	0.0	165384	3369.7224198799063	1.4660326483364428	0.3
56.901802614050624	300	25.19675622192447	0.0	140881	2030.157924083056	1.4660326483364428	0.3
59.86461786721126	300	26.233940968763843	0.0	157671	2962.8152531606283	0.6712846546253222	0.3
62.54754930772584	300	27.55100952824927	0.0	157812	2682.9314405145756	0.6712846546253222	0.3
65.0676800812779	300	29.030878754697202	0.0	163927	2520.130773552066	0.6712846546253222	0.3
67.80908520062303	300	30.28947363535207	0.0	137654	2741.40511934513	0.6712846546253222	0.3
72.17690345280964	300	29.921655383165454	0.0	146754	4367.8182521866165	0.6712846546253222	0.3
74.82014817433061	300	31.27841066164448	0.0	153938	2643.2447215209727	0.6712846546253222	0.3
76.75632562598851	300	33.342233209986574	0.0	181901	1936.1774516579055	0.6712846546253222	0.3
77.88139359948228	300	36.217165236492804	0.0	111155	1125.0679734937735	0.6712846546253222	0.3
80.05087549354575	300	38.04768334242935	0.0	153605	2169.481894063451	0.6712846546253222	0.3
87.39192369955035	750	34.706635136424744	0.0	400508	7341.048206004604	0.6712846546253222	0.3
92.60980825709093	750	33.48875057888416	0.0	358218	5217.8845575405885	0.6712846546253222	0.75
96.80478613955655	750	33.29377269641854	0.0	400322	4194.9778824656205	0.6712846546253222	0.75
100.05699413733045	750	34.04156469864465	0.0	369834	3252.2079977738904	0.6712846546253222	0.75
104.09971542639514	750	33.99884340957996	0.0	412837	4042.721289064689	0.6712846546253222	0.75
108.38864721417741	750	33.70991162179769	0.0	401088	4288.931787782273	0.6712846546253222	0.75
112.96595362329086	750	33.13260521268424	0.0	365161	4577.306409113444	0.6712846546253222	0.75
116.50800504368664	750	33.59055379228845	0.0	321064	3542.0514203957905	0.6712846546253222	0.75
119.44195743449417	750	34.656601401480934	0.0	361565	2933.952390807523	0.6712846546253222	0.75
123.1488402521571	750	34.949718583818004	0.0	378327	3706.882817662934	0.6712846546253222	0.75
126.61784686300106	750	35.480711972974035	0.0	390680	3469.0066108439614	0.6712846546253222	0.75
129.9184595106478	750	36.180099325327284	0.0	345516	3300.6126476467534	0.6712846546253222	0.75
136.3174253343691	1200	33.78113350160599	0.0	641452	6398.965823721292	0.6712846546253222	0.75
142.1899540478251	1200	31.908604788149994	0.0	599477	5872.528713455996	0.6712846546253222	1.2
148.7217558074664	1200	29.376803028508707	0.0	634861	6531.801759641286	0.6712846546253222	1.2
159.72011745443098	1200	22.378441381544125	0.0	630203	10998.361646964582	0.6712846546253222	1.2
169.0900875799505	1200	17.00847125602459	0.0	638661	9369.970125519538	0.6712846546253222	1.2
174.6472064632811	1200	15.451352372694018	0.0	538612	5557.1188833305705	0.6712846546253222	1.2
181.75734821519126	1850	12.341210620783851	0.0	846370	7110.141751910166	0.6712846546253222	1.2000000000000002
185.62830745111998	750	12.470251384855121	0.0	450283	3870.959235928731	0.6712846546253222	0.75
190.51483052122518	750	11.583728314749903	0.0	398865	4886.523070105217	0.6712846546253222	0.75
193.37531561629442	750	12.723243219680654	0.0	350812	2860.485095069248	0.6712846546253222	0.75
196.4714116278153	750	13.627147208159766	0.0	382355	3096.0960115208895	0.6712846546253222	0.75
200.57459161467023	750	13.523967221304826	0.0	411561	4103.17998685494	0.6712846546253222	0.75
204.73392647134355	750	13.364632364631504	0.0	318564	4159.334856673322	0.6712846546253222	0.75
207.40323629300536	750	14.695322542969706	0.0	352642	2669.3098216617973	0.6712846546253222	0.75
210.8686818016727	750	15.229877034302339	0.0	437162	3465.4455086673665	0.6712846546253222	0.75
214.12071345073733	750	15.977845385237707	0.0	374758	3252.031649064633	0.6712846546253222	0.75
218.4363650198515	750	15.662193816123523	0.0	362795	4315.651569114184	0.6712846546253222	0.75
221.5807548425781	750	16.517803993396928	0.0	353220	3144.3898227265954	0.6712846546253222	0.75
224.6899275936395	750	17.40863124233555	0.0	405134	3109.1727510613764	0.6712846546253222	0.75
228.40405805615163	750	17.694500779823407	0.0	386351	3714.130462512142	0.6712846546253222	0.75
232.2591674272099	750	17.839391408765163	0.0	434409	3855.1093710582422	0.6712846546253222	0.75
235.45887642951814	750	18.639682406456924	0.0	337059	3199.7090023082437	0.6712846546253222	0.75
239.69411685327225	750	18.40444198270281	0.0	366214	4235.24042375411	0.6712846546253222	0.75
246.07666792729884	750	16.021890908676223	0.0	360831	6382.55107402659	0.6712846546253222	0.75
251.1789307384522	750	14.919628097522851	0.0	372963	5102.26281115337	0.6712846546253222	0.75
254.73323389541963	750	15.365324940555437	0.0	405596	3554.3031569674126	0.6712846546253222	0.75
257.3175004409002	750	16.781058395074883	0.0	350713	2584.266545480552	0.6712846546253222	0.75
260.5032540792401	750	17.595304756734986	0.0	386472	3185.7536383398988	0.6712846546253222	0.75
264.1862829227578	750	17.912275913217286	0.0	399894	3683.0288435176985	0.6712846546253222	0.75
268.1960605146055	750	17.90249832136959	0.0	401853	4009.777591847697	0.6712846546253222	0.75
271.278175459986	750	18.820383375989035	0.0	343800	3082.1149453805515	0.6712846546253222	0.75
274.26270600210216	750	19.835852833872913	0.0	359903	2984.5305421161247	0.6712846546253222	0.75
277.66610308993495	750	20.432455746040144	0.0	379700	3403.3970878327686	0.6712846546253222	0.75
281.4008536919514	750	20.697705144023747	0.0	425781	3734.750602016396	0.6712846546253222	0.75
284.0038669784328	750	22.094691857542298	0.0	277716	2603.0132864814505	0.6712846546253222	0.75
287.805237918945	750	22.29332091703006	0.0	400396	3801.3709405122377	0.6712846546253222	0.75
292.13929758346364	750	21.959261252511418	0.0	400508	4334.059664518641	0.6712846546253222	0.75
297.78888076499203	1200	20.309678070983036	0.0	570392	5649.583181528381	0.6712846546253222	0.75
304.18750659343993	1200	17.911052242535117	0.0	620283	6398.625828447917	0.6712846546253222	1.2
310.45511583217166	750	15.643443003803418	0.0	369834	6267.6092387316985	0.6712846546253222	0.3
315.1040692844119	750	14.994489551563134	0.0	412837	4648.953452240283	0.6712846546253222	0.75
319.6650720287313	750	14.43348680724377	0.0	401088	4561.002744319363	0.6712846546253222	0.75
323.2299938430572	750	14.868564992917848	0.0	365161	3564.921814325922	0.6712846546253222	0.75
327.006723130092	750	15.09183570588309	0.0	321064	3776.7292870347596	0.6712846546253222	0.75
332.479454851854	750	13.619103984121098	0.0	361565	5472.731721761992	0.6712846546253222	0.75
336.4365170891096	750	13.66204174686548	0.0	378327	3957.0622372556186	0.6712846546253222	0.75
339.17554911085364	750	14.923009725121426	0.0	390680	2739.0320217440526	0.6712846546253222	0.75
341.62922551847447	750	16.46933331750062	0.0	345516	2453.6764076208087	0.6712846546253222	0.75
344.4536685631562	750	17.64489027281885	0.0	384505	2824.4430446817705	0.6712846546253222	0.75
347.28489312123037	750	18.813665714744705	0.0	372093	2831.2245580741446	0.6712846546253222	0.75
351.83646825237656	750	18.262090583598543	0.0	438281	4551.57513114616	0.6712846546253222	0.75
358.72845208677165	1200	15.370106749203416	0.0	630203	6891.983834395128	0.6712846546253222	0.75
372.6282372923766	1200	5.470321543598484	0.0	638661	13899.785205604932	0.6712846546253222	1.2
374.3932903772803	300	7.705268458694716	0.0	137507	1765.0530849037673	0.6712846546253222	-0.6000000000000001
376.8064597864309	750	9.292099049544158	0.0	314107	2413.169409150558	0.6712846546253222	0.3
380.17031935968566	750	9.928239476289411	0.0	450283	3363.8595732547465	0.6712846546253222	0.75
383.26781113858175	750	10.830747697393305	0.0	398865	3097.491778896107	0.6712846546253222	0.75
386.4063066792179	750	11.692252156757188	0.0	350812	3138.495540636117	0.6712846546253222	0.75
390.640623014342	750	11.457935821633109	0.0	382355	4234.316335124077	0.6712846546253222	0.75
395.00401220967507	750	11.094546626300064	0.0	411561	4363.389195333047	0.6712846546253222	0.75
400.3542467768289	750	9.744312059146207	0.0	318564	5350.234567153856	0.6712846546253222	0.75
410.0714873049892	750	4.027071530985904	0.0	352642	9717.240528160302	0.6712846546253222	0.75
413.6762274562502	300	4.422331379724856	0.0	173849	3604.740151261049	0.6712846546253222	-0.15000000000000002
421.49596727933897	300	4.0	3.397408443363878	150710	7819.739823088734	0.6712846546253222	-14.308856306464675
428.0425697364778	300	4.0	2.546602457138836	139105	6546.602457138836	0.6712846546253222	-10.650390565696995
433.0161186442535	300	4.0	0.9735489077756838	141840	4973.548907775684	0.6712846546253222	-3.8862603034354404
437.69879754548657	300	4.0	0.682678901233121	156148	4682.678901233121	0.6712846546253222	-2.6355192753024204
440.2213518419773	300	5.477445703509239	0.0	160746	2522.554296490761	0.6712846546253222	0.3
443.16895349363097	300	6.529844051855615	0.0	179801	2947.6016516536247	0.6712846546253222	0.3
444.9703978202038	300	8.728399725282804	0.0	140051	1801.444326572809	0.6712846546253222	0.3
446.0647132401563	300	11.634084305330326	0.0	138313	1094.3154199524797	0.6712846546253222	0.3
447.19413366097194	300	14.504663884514677	0.0	143509	1129.4204208156486	0.6712846546253222	0.3
448.46092328166117	300	17.237874263825468	0.0	150616	1266.7896206892117	0.6712846546253222	0.3
449.823971182655	300	19.874826362831694	0.0	165384	1363.0479009937756	0.6712846546253222	0.3
452.15753581672766	750	21.541261728758972	0.0	350713	2333.564634072721	0.6712846546253222	0.3
454.5445390640971	750	23.154258481389544	0.0	386472	2387.0032473694255	0.6712846546253222	0.75
458.30105128744833	1200	23.397746258038307	0.0	616206	3756.5122233512375	0.6712846546253222	0.75
461.74313033591204	1200	23.95566720957458	0.0	656471	3442.0790484637237	0.6712846546253222	1.2
464.65158372982637	1200	25.047213815660225	0.0	536667	2908.453393914357	0.6712846546253222	1.2
468.4805050915278	1200	25.218292453958842	0.0	587236	3828.921361701381	0.6712846546253222	1.2
471.6598022136219	1200	26.0389953318647	0.0	590335	3179.2971220941404	0.6712846546253222	1.2
474.9361682198793	1200	26.762629325607318	0.0	696376	3276.3660062573845	0.6712846546253222	1.2
478.4210385700081	1850	27.277758975478534	0.0	758197	3484.870350128784	0.6712846546253222	1.2000000000000002
483.8397132351744	1850	25.859084310312223	0.0	972798	5418.674665166307	0.6712846546253222	1.85
488.9192901446386	1850	24.779507400848004	0.0	975811	5079.576909464221	0.6712846546253222	1.85
494.4001898460125	1850	23.298607699474058	0.0	873429	5480.8997013739445	0.6712846546253222	1.85
499.21165476855174	1850	22.487142776934792	0.0	954453	4811.464922539263	0.6712846546253222	1.85
503.9440977827616	1850	21.754699762724957	0.0	885062	4732.443014209837	0.6712846546253222	1.85
508.8980756143798	1850	20.800721931106708	0.0	1035329	4953.977831618248	0.6712846546253222	1.85
513.8955455733812	1850	19.803251972105322	0.0	1026056	4997.469959001389	0.6712846546253222	1.85
520.2605089508392	1850	17.438288594647407	0.0	943942	6364.963377457917	0.6712846546253222	1.85
528.6988841695122	1850	12.999913375974321	0.0	728962	8438.375218673084	0.6712846546253222	1.85
537.9055337475028	1850	7.793263797983846	0.0	938587	9206.649577990476	0.6712846546253222	1.85
541.2683712473508	750	8.430426298135743	0.0	378327	3362.8374998481036	0.6712846546253222	-0.3500000000000001
543.7377123521851	750	9.961085193301555	0.0	390680	2469.3411048341877	0.6712846546253222	0.75
546.5609056612307	750	11.13789188425598	0.0	345516	2823.193309045574	0.6712846546253222	0.75
550.751152027699	750	10.947645517787635	0.0	384505	4190.2463664683455	0.6712846546253222	0.75
555.2384268476503	750	10.460370697836389	0.0	372093	4487.274819951245	0.6712846546253222	0.75
558.5242361738275	750	11.174561371659285	0.0	438281	3285.8093261771037	0.6712846546253222	0.75
561.3577307593498	750	12.341066786136981	0.0	398987	2833.494585522304	0.6712846546253222	0.75
564.0668492510221	750	13.631948294464708	0.0	393804	2709.1184916722727	0.6712846546253222	0.75
567.9062965013487	1200	13.792501044138108	0.0	538612	3839.4472503266	0.6712846546253222	0.75
577.6740682392966	2850	8.024729306190165	0.0	1364537	9767.771737947942	0.6712846546253222	1.2000000000000002
582.1851295797381	750	7.513667965748689	0.0	450283	4511.061340441476	0.6712846546253222	0.75
586.4465229744397	750	7.252274571047064	0.0	398865	4261.393394701626	0.6712846546253222	0.75
589.3629928132838	750	8.335804732203082	0.0	350812	2916.469838843982	0.6712846546253222	0.75
592.1324539320403	750	9.566343613446513	0.0	382355	2769.461118756568	0.6712846546253222	0.75
596.3643605407548	750	9.334437004732127	0.0	411561	4231.906608714387	0.6712846546253222	0.75
599.5950512066125	750	10.103746338874371	0.0	318564	3230.690665857756	0.6712846546253222	0.75
601.7212686017256	300	11.977528943761252	0.0	153295	2126.21739511312	0.6712846546253222	-0.15000000000000002
604.0951522542604	300	13.603645291226407	0.0	173849	2373.883652534845	0.6712846546253222	0.3
606.0177004627482	300	15.681097082738653	0.0	150710	1922.5482084877558	0.6712846546253222	0.3
609.2688541086978	300	16.429943436789	0.0	139105	3251.1536459496533	0.6712846546253222	0.3
612.7605442650258	300	16.938253280460945	0.0	141840	3491.690156328054	0.6712846546253222	0.3
618.9088123535932	300	14.789985191893484	0.0	156148	6148.268088567461	0.6712846546253222	0.3
626.553803929115	300	11.144993616371739	0.0	160746	7644.991575521745	0.6712846546253222	0.3
637.1896886849473	300	4.509108860539478	0.0	179801	10635.884755832261	0.6712846546253222	0.3
645.8793797690466	300	4.0	4.180582223559862	140051	8689.69108409934	0.6712846546253222	-17.676503561307406
652.229379530036	300	4.0	2.3499997609892915	138313	6349.999760989292	0.6712846546253222	-9.804998972253953
656.2972775945857	300	4.0	0.06789806454965583	143509	4067.898064549656	0.6712846546253222	0.00803832243647995
657.3775377942604	300	6.919739800325258	0.0	150616	1080.2601996747417	0.6712846546253222	0.3
658.4710238063997	300	9.826253788186065	0.0	165384	1093.4860121391935	0.6712846546253222	0.3
659.9248638110016	300	12.372413783584028	0.0	140881	1453.8400046020367	0.6712846546253222	0.3
661.2800754129912	300	15.017202181594454	0.0	157671	1355.2116019895739	0.6712846546253222	0.3
662.5416714273377	300	17.75560616724792	0.0	157812	1261.5960143465334	0.6712846546253222	0.3
666.1831659798041	750	18.11411161478162	0.0	401853	3641.4945524662967	0.6712846546253222	0.3
669.0660985241709	750	19.231179070414854	0.0	343800	2882.932544366766	0.6712846546253222	0.75
671.6293625503259	750	20.66791504425981	0.0	359903	2563.2640261550428	0.6712846546253222	0.75
674.0393116497796	750	22.25796594480607	0.0	379700	2409.94909945374	0.6712846546253222	0.75
679.6977411116321	1200	20.599536482953713	0.0	696376	5658.429461852357	0.6712846546253222	0.75
683.3696854547679	1200	20.92759213981786	0.0	487160	3671.944343135852	0.6712846546253222	1.2
687.5589280179416	1200	20.738349576644094	0.0	622896	4189.242563173768	0.6712846546253222	1.2
692.9146656405252	1200	19.382611954060568	0.0	641447	5355.737622583525	0.6712846546253222	1.2
697.3555371925271	1200	18.941740402058628	0.0	570392	4440.8715520019405	0.6712846546253222	1.2
702.3205190645823	1200	17.976758530003426	0.0	620283	4964.981872055201	0.6712846546253222	1.2
706.6525330742165	1200	17.64474452036915	0.0	584349	4332.014009634273	0.6712846546253222	1.2
712.5124278381763	1200	15.7848497564093	0.0	670129	5859.894763959851	0.6712846546253222	1.2
718.1306771333759	1200	14.166600461209761	0.0	690253	5618.24929519954	0.6712846546253222	1.2
722.0305450933294	1200	14.266732501256287	0.0	598727	3899.867959953474	0.6712846546253222	1.2
725.5347004885758	1200	14.762577106009859	0.0	487812	3504.155395246428	0.6712846546253222	1.2
730.1317723864026	1200	14.165505208183145	0.0	575591	4597.071897826713	0.6712846546253222	1.2
735.104721985898	1200	13.192555608687758	0.0	605884	4972.949599495388	0.6712846546253222	1.2
739.5556292488426	1200	12.741648345743153	0.0	587506	4450.9072629446055	0.6712846546253222	1.2
743.7455325546309	1200	12.551745039954895	0.0	566904	4189.903305788258	0.6712846546253222	1.2
749.3005265856975	1200	10.996751008888223	0.0	641452	5554.994031066672	0.6712846546253222	1.2
752.8630687362211	750	11.434208858364693	0.0	372093	3562.5421505235295	0.6712846546253222	0.3
756.7464376767485	750	11.550839917837205	0.0	438281	3883.368940527488	0.6712846546253222	0.75
760.6698304834099	750	11.627447111175755	0.0	398987	3923.392806661451	0.6712846546253222	0.75
764.6948778543662	750	11.60239974021953	0.0	393804	4025.0473709562248	0.6712846546253222	0.75
778.0458780515476	1200	4.0	1.7486004569618707	538612	13351.000197181402	0.6712846546253222	-6.768981964936044
780.8797711165729	300	5.166106934974712	0.0	118421	2833.893065025288	0.6712846546253222	-0.6000000000000001
792.7840419254455	750	4.0	6.738163873897947	450283	11904.27080887266	0.6712846546253222	-28.22410465776117
796.0674270628873	300	4.716614862558199	0.0	155580	3283.3851374418005	0.6712846546253222	-0.15000000000000002
799.9597291797869	300	4.8243127456586405	0.0	139857	3892.302116899558	0.6712846546253222	0.3
803.0104142037767	300	5.773627721668717	0.0	155432	3050.685023989924	0.6712846546253222	0.3
806.0296350306563	300	6.754406894789058	0.0	163442	3019.2208268796585	0.6712846546253222	0.3
811.4108582872402	300	5.373183638205144	0.0	126289	5381.223256583914	0.6712846546253222	0.3
818.7697299627193	300	4.0	1.9856880372739707	153295	7358.871675479115	0.6712846546253222	-8.238458560278072
824.4269382289281	300	4.0	1.6572082662086587	173849	5657.208266208659	0.6712846546253222	-6.825995544697232
827.6095582673819	300	4.817379961546175	0.0	150710	3182.620038453825	0.6712846546253222	0.3
829.9272383853465	300	6.499699843581542	0.0	139105	2317.680117964633	0.6712846546253222	0.3
831.4179036483445	300	9.009034580583593	0.0	141840	1490.66526299795	0.6712846546253222	0.3
832.8745919953212	300	11.552346233606801	0.0	156148	1456.6883469767904	0.6712846546253222	0.3
834.2100802376094	300	14.216857991318602	0.0	160746	1335.4882422882	0.6712846546253222	0.3
836.283933710995	300	16.143004517932994	0.0	179801	2073.853473385608	0.6712846546253222	0.3
838.09702505439	300	18.329913174538078	0.0	140051	1813.0913433949177	0.6712846546253222	0.3
847.542803982281	750	12.884134246647069	0.0	366214	9445.778927891008	0.6712846546253222	0.3
858.7441663798032	750	5.682771849124878	0.0	360831	11201.36239752219	0.6712846546253222	0.75
861.5523755745788	300	6.874562654349253	0.0	150616	2808.2091947756253	0.6712846546253222	-0.15000000000000002
867.2714174971385	300	5.155520731789618	0.0	165384	5719.041922559634	0.6712846546253222	0.3
872.1660203417038	300	4.260917887224309	0.0	140881	4894.602844565309	0.6712846546253222	0.3
875.3974693794584	300	5.029468849469786	0.0	157671	3231.4490377545235	0.6712846546253222	0.3
880.0201462555023	300	4.406791973425914	0.0	157812	4622.676876043872	0.6712846546253222	0.3
886.4206527490495	300	4.0	1.9937145201213224	163927	6400.5064935472365	0.6712846546253222	-8.272972436521686
888.8836049171367	300	5.537047831912742	0.0	137654	2462.9521680872585	0.6712846546253222	0.3
891.3808258853644	300	7.039826863684993	0.0	146754	2497.2209682277476	0.6712846546253222	0.3
893.6560929627436	300	8.764559786305862	0.0	153938	2275.2670773791333	0.6712846546253222	0.3
899.0887593823254	300	7.331893366723975	0.0	181901	5432.666419581887	0.6712846546253222	0.3
900.739767194172	300	9.680885554877449	0.0	111155	1651.0078118465253	0.6712846546253222	0.3
903.792107103733	300	10.628545645316473	0.0	153605	3052.339909560975	0.6712846546253222	0.3
907.1336712746405	300	11.286981474409039	0.0	149029	3341.564170907433	0.6712846546253222	0.3
912.5954468384631	300	9.825205910586414	0.0	157421	5461.775563822626	0.6712846546253222	0.3
916.9811901641275	300	9.439462584921936	0.0	157488	4385.743325664478	0.6712846546253222	0.3
920.9088997554189	300	9.511752993630587	0.0	143881	3927.7095912913483	0.6712846546253222	0.3
923.980542033732	300	10.44011071531738	0.0	163444	3071.642278313208	0.6712846546253222	0.3
927.3536989051541	300	11.066953843895337	0.0	179328	3373.1568714220434	0.6712846546253222	0.3
929.3768101711174	300	13.043842577932029	0.0	159914	2023.1112659633077	0.6712846546253222	0.3
931.1844379199584	300	15.236214829091002	0.0	131610	1807.6277488410276	0.6712846546253222	0.3
933.0138508970961	300	17.406801851953414	0.0	124011	1829.41297713759	0.6712846546253222	0.3
934.8997175582656	300	19.520935190784	0.0	144254	1885.866661169411	0.6712846546253222	0.3
942.7190356292763	750	15.701617119773244	0.0	390680	7819.318071010759	0.6712846546253222	0.3
947.8968755342831	750	14.523777214766488	0.0	345516	5177.839905006757	0.6712846546253222	0.75
951.1812660365675	750	15.23938671248209	0.0	384505	3284.3905022843983	0.6712846546253222	0.75
954.0866410809632	750	16.334011668086468	0.0	372093	2905.3750443956237	0.6712846546253222	0.75
957.3866486508446	750	17.034004098205113	0.0	438281	3300.007569881355	0.6712846546253222	0.75
960.3293638417136	750	18.091288907336004	0.0	398987	2942.71519086911	0.6712846546253222	0.75
965.6520702534142	1200	16.76858249563544	0.0	638661	5322.7064117005675	0.6712846546253222	0.75
973.4221077414959	1850	12.99854500755368	0.0	830730	7770.037488081756	0.6712846546253222	1.2000000000000002
991.5284402889904	2850	4.0	5.107787539940784	1364537	18106.332547494465	0.6712846546253222	-20.113486421745367
997.5242902904969	750	4.0	1.9958500015065375	450283	5995.850001506537	0.6712846546253222	-7.832155006478111
999.6081584590141	300	5.916131831482714	0.0	155580	2083.868168517286	0.6712846546253222	-0.15000000000000002
1001.3895693607923	300	8.134720929704615	0.0	139857	1781.410901778099	0.6712846546253222	0.3
1003.1953502426214	300	10.328940047875491	0.0	155432	1805.7808818291237	0.6712846546253222	0.3
1004.9691550365495	300	12.55513525394736	0.0	163442	1773.8047939281296	0.6712846546253222	0.3
1006.2526556083502	300	15.27163468214671	0.0	126289	1283.5005718006516	0.6712846546253222	0.3
1007.8307252673083	300	17.69356502318859	0.0	153295	1578.0696589581228	0.6712846546253222	0.3
1009.6061840864354	300	19.91810620406158	0.0	173849	1775.45881912701	0.6712846546253222	0.3
1013.0276612241731	750	20.49662906632382	0.0	374758	3421.4771377377597	0.6712846546253222	0.3
1016.681942009284	750	20.842348281213066	0.0	362795	3654.280785110753	0.6712846546253222	0.75
1020.0672154202931	750	21.457074870203826	0.0	353220	3385.273411009242	0.6712846546253222	0.75
1024.514981615555	750	21.00930867494205	0.0	405134	4447.766195261774	0.6712846546253222	0.75
1028.6416071429996	750	20.882683147497286	0.0	386351	4126.625527444766	0.6712846546253222	0.75
1033.352664864813	750	20.17162542568389	0.0	434409	4711.057721813399	0.6712846546253222	0.75
1036.7185397519113	750	20.80575053858569	0.0	337059	3365.8748870981935	0.6712846546253222	0.75
1040.6557290459175	750	20.868561244579542	0.0	366214	3937.189294006152	0.6712846546253222	0.75
1044.0965579306298	750	21.427732359867207	0.0	360831	3440.828884712335	0.6712846546253222	0.75
1046.9026114775663	750	22.62167881293065	0.0	372963	2806.0535469365586	0.6712846546253222	0.75
1049.6098331034366	750	23.91445718706046	0.0	405596	2707.2216258701906	0.6712846546253222	0.75
1052.019309881447	750	25.504980409049786	0.0	350713	2409.476778010674	0.6712846546253222	0.75
1056.6699488267275	1200	24.85434146376948	0.0	601738	4650.638945280304	0.6712846546253222	0.75
1062.2227275507025	1200	23.30156273979442	0.0	616206	5552.778723975063	0.6712846546253222	1.2
1068.2920512563799	1200	21.23223903411725	0.0	656471	6069.323705677167	0.6712846546253222	1.2
1073.1062629838036	1200	20.41802730669343	0.0	536667	4814.211727423822	0.6712846546253222	1.2
1078.444412763667	1200	19.079877526829907	0.0	587236	5338.149779863523	0.6712846546253222	1.2
1082.9410502129692	1200	18.583240077527602	0.0	590335	4496.637449302302	0.6712846546253222	1.2
1090.1868747159301	1200	15.337415574566847	0.0	696376	7245.824502960758	0.6712846546253222	1.2
1092.9467364706982	750	16.57755381979885	0.0	277716	2759.861754767999	0.6712846546253222	0.3
1096.4301489859408	750	17.094141304556334	0.0	400396	3483.412515242514	0.6712846546253222	0.75
1101.3473184097456	750	16.176971880751573	0.0	400508	4917.169423804761	0.6712846546253222	0.75
1104.4413358500733	750	17.08295444042399	0.0	358218	3094.017440327586	0.6712846546253222	0.75
1107.8705486086683	750	17.653741681828752	0.0	400322	3429.2127585952353	0.6712846546253222	0.75
1111.3572683851555	750	18.167021905341556	0.0	369834	3486.7197764871967	0.6712846546253222	0.75
1114.8008774434238	750	18.7234128470735	0.0	412837	3443.609058268056	0.6712846546253222	0.75
1118.3387156567514	750	19.185574633745734	0.0	401088	3537.8382133277655	0.6712846546253222	0.75
1121.6551034470472	750	19.86918684345018	0.0	365161	3316.387790295554	0.6712846546253222	0.75
1124.3471077332542	750	21.17718255724303	0.0	321064	2692.0042862071527	0.6712846546253222	0.75
1128.0124929238934	750	21.511797366603865	0.0	361565	3665.3851906391633	0.6712846546253222	0.75
1131.1317540326713	750	22.392536257826098	0.0	378327	3119.2611087777655	0.6712846546253222	0.75
1133.6755452089237	750	23.848745081573618	0.0	390680	2543.791176252478	0.6712846546253222	0.75
1136.1700542233427	750	25.354236067154506	0.0	345516	2494.5090144191113	0.6712846546253222	0.75
1140.3284805151466	1200	25.195809775350593	0.0	641452	4158.426291803913	0.6712846546253222	0.75
1144.6971781222928	1200	24.827112168204483	0.0	599477	4368.697607146112	0.6712846546253222	1.2
1149.1317642131276	1200	24.392526077369567	0.0	634861	4434.586090834917	0.6712846546253222	1.2
1153.849003222658	1200	23.675287067839015	0.0	630203	4717.239009530552	0.6712846546253222	1.2
1161.228656635854	1850	20.29563365464304	0.0	982064	7379.6534131959725	0.6712846546253222	1.2000000000000002
1165.5480748712084	1850	19.97621541928835	0.0	830730	4319.41823535469	0.6712846546253222	1.85

