11984.173873028336	750	4.0	2.239539958395732	450283	2239.539958395732	-8.880021821101646
11984.983379535179	300	7.190493493155928	0.0	155580	809.5065068440732	-0.15000000000000002
11985.627479683215	300	10.546393345120212	0.0	139857	644.1001480357153	0.3
11986.309210387624	300	13.864662640710197	0.0	155432	681.7307044100145	0.3
11987.115314830207	300	17.058558198127407	0.0	163442	806.104442582788	0.3
11987.70995512229	300	20.463917906047364	0.0	126289	594.6402920800433	0.3
11988.363854117839	300	23.8100189104973	0.0	153295	653.8989955500659	0.3
11990.532046683853	750	25.641826344482215	0.0	437162	2168.192566015086	0.3
11992.134458024153	750	28.039415004182185	0.0	374758	1602.4113403000292	0.75
11993.721488339339	750	30.45238468899668	0.0	362795	1587.0303151855046	0.75
11995.461503427716	750	32.71236960061901	0.0	353220	1740.0150883776673	0.75
11997.200209155932	750	34.97366387240312	0.0	405134	1738.7057282158983	0.75
11998.901518109948	750	37.27235491838768	0.0	386351	1701.3089540154458	0.75
12002.029147568623	1200	38.144725459712454	0.0	687371	3127.62945867522	0.75
12004.643628529737	1200	39.53024449859796	0.0	526950	2614.4809611144924	1.2
12007.337736028436	1200	40.83613699989768	0.0	587876	2694.1074987002817	1.2
12010.026297682147	1200	42.147575346187615	0.0	617242	2688.561653710065	1.2
12012.54555392677	1200	43.62831910156583	0.0	581493	2519.256244621784	1.2
12015.237373902846	1200	44.9364991254888	0.0	639204	2691.8199760770262	1.2
12017.623254622224	1200	46.55061840611155	0.0	586839	2385.880719377242	1.2
12020.454313286691	1200	47.719559741641724	0.0	601738	2831.0586644698365	1.2
12023.585431012902	1200	48.58844201543082	0.0	616206	3131.117726210897	1.2
12026.799363555869	1200	49.37450947246374	0.0	656471	3213.9325429670753	1.2
12029.27623785633	1200	50.89763517200481	0.0	536667	2476.8743004589323	1.2
12033.555209680526	1200	50.61866334780778	0.0	587236	4278.9718241970295	1.2
12037.04774340764	1200	51.12612962069265	0.0	590335	3492.5337271151384	1.2
12040.388101253026	1200	51.78577177530762	0.0	696376	3340.357845385029	1.2
12043.31283188231	1200	52.861041146024455	0.0	487160	2924.730629283162	1.2
12048.296388685434	1200	51.877484342899756	0.0	622896	4983.556803124699	1.2
12054.419935490834	1200	49.75393753750011	0.0	641447	6123.546805399651	1.2
12057.482770215363	1200	50.69110281296909	0.0	570392	3062.8347245310133	1.2
12060.52009700694	1200	51.65377602139414	0.0	620283	3037.326791574955	1.2
12064.176505839016	1200	51.997367189317075	0.0	584349	3656.4088320770607	1.2
12067.78298253165	1200	52.390890496684186	0.0	670129	3606.4766926328866	1.2
12071.762233243307	1200	52.41163978502661	0.0	690253	3979.250711657577	1.2
12079.187140507653	1200	48.986732520679496	0.0	598727	7424.907264347111	1.2
12083.462907435964	1200	48.71096559236956	0.0	487812	4275.766928309936	1.2
12086.929990033783	1200	49.243882994549146	0.0	575591	3467.0825978204175	1.2
12090.812170651156	1200	49.36170237717482	0.0	605884	3882.1806173743225	1.2
12093.760286320994	750	50.41358670733779	0.0	390680	2948.115669837024	0.3
12096.271986723023	750	51.90188630530966	0.0	345516	2511.7004020281397	0.75
12098.702054065896	750	53.471818962435606	0.0	384505	2430.067342874047	0.75
12101.419576936667	750	54.75429609166399	0.0	372093	2717.5228707716215	0.75
12104.586129942265	750	55.587743086067185	0.0	438281	3166.5530055968006	0.75
12108.408982164814	1200	55.764890863518076	0.0	630203	3822.852222549113	0.75
12113.559849053601	1850	54.614023974731026	0.0	982064	5150.866888787054	1.2000000000000002
12122.297074884127	2850	49.87679814420479	0.0	1231456	8737.225830526237	1.85
12130.82180478273	2850	45.3520682456034	0.0	1364537	8524.72989860139	2.85
12133.442780287463	750	46.731092740869116	0.0	450283	2620.9755047342874	0.75
12135.65027946488	750	48.52359356345224	0.0	398865	2207.4991774168757	0.75
12137.54723396133	750	50.626639067002564	0.0	350812	1896.9544964496772	0.75
12139.5703178537	750	52.60355517463109	0.0	382355	2023.0838923714773	0.75
12143.035555410124	1200	53.13831761820755	0.0	652874	3465.237556423531	0.75
12145.806651876945	1200	54.367221151386666	0.0	520315	2771.096466820887	1.2
12149.398948894908	1200	54.774924133423426	0.0	561791	3592.2970179632403	1.2
12154.896374208749	1200	53.277498819583485	0.0	709534	5497.4253138399345	1.2
12158.639044314172	1200	53.53482871416044	0.0	584846	3742.670105423047	1.2
12162.374620785617	1200	53.79925224271617	0.0	560821	3735.576471444262	1.2
12165.996041150938	1200	54.177831877394176	0.0	607410	3621.420365321995	1.2
12169.577726060612	1200	54.59614696772167	0.0	594078	3581.6849096725055	1.2
12173.553449864641	1200	54.62042316369362	0.0	624282	3975.723804028052	1.2
12178.376294257681	1200	53.79757877065299	0.0	687371	4822.8443930406365	1.2
12182.521754038788	1200	53.652118989546864	0.0	526950	4145.459781106127	1.2

