13839.362622845934	750	4.0	3.624169441458112	450283	3624.169441458112	-14.833928598269882
13840.711063072193	300	6.6515597737405585	0.0	155580	1348.4402262594408	-0.15000000000000002
13841.948829908984	300	9.413792936949752	0.0	139857	1237.766836790806	0.3
13843.359225443388	300	12.00339740254698	0.0	155432	1410.3955344027718	0.3
13845.028620025478	300	14.33400282045591	0.0	163442	1669.3945820910699	0.3
13846.356674131448	300	17.005948714486323	0.0	126289	1328.054105969584	0.3
13847.704103443612	300	19.658519402322405	0.0	153295	1347.4293121639225	0.3
13848.990269851218	300	22.372352994717648	0.0	173849	1286.166407604755	0.3
13850.135548523487	300	25.227074322446395	0.0	150710	1145.2786722712501	0.3
13851.298080735469	300	28.064542110463762	0.0	139105	1162.5322119826337	0.3
13852.26293039031	300	31.099692455624204	0.0	141840	964.8496548395555	0.3
13858.570597065846	750	28.792025780088846	0.0	405134	6307.666675535358	0.3
13863.425950511959	750	27.936672333976734	0.0	386351	4855.353446112113	0.75
13865.150146318081	750	30.21247652785342	0.0	434409	1724.1958061233163	0.75
13866.97300758504	750	32.38961526089615	0.0	337059	1822.8612669572651	0.75
13872.913430562543	750	30.449192283393568	0.0	366214	5940.422977502583	0.75
13880.412442593848	750	26.950180252087087	0.0	360831	7499.012031306479	0.75
13884.389255337022	750	26.973367508913533	0.0	372963	3976.812743173556	0.75
13887.268011315602	750	28.094611530333793	0.0	405596	2878.755978579738	0.75
13892.632290169482	750	26.730332676455593	0.0	350713	5364.278853878201	0.75
13896.369037060167	750	26.99358578576835	0.0	386472	3736.7468906872464	0.75
13900.220140937507	750	27.142481908428913	0.0	399894	3851.103877339434	0.75
13903.062469286062	750	28.30015355987391	0.0	401853	2842.328348555001	0.75
13905.654749294927	750	29.70787355100762	0.0	343800	2592.280008866292	0.75
13907.984057799065	750	31.378565046869134	0.0	359903	2329.3085041384848	0.75
13910.348916717336	750	33.01370612859956	0.0	379700	2364.8589182695746	0.75
13913.073984868593	750	34.28863797734192	0.0	425781	2725.0681512576452	0.75
13914.692564658146	750	36.670058187788406	0.0	277716	1618.5797895535145	0.75
13917.289693125782	750	38.07292972015276	0.0	400396	2597.1284676356427	0.75
13921.298394865727	1200	38.06422798020752	0.0	641447	4008.7017399452375	0.75
13924.487794598965	1200	38.874828246969045	0.0	570392	3189.399733238476	1.2
13927.663632474005	1200	39.698990371928254	0.0	620283	3175.8378750407933	1.2
13931.544590057656	1200	39.81803278827791	0.0	584349	3880.9575836503395	1.2
13936.503728612079	1200	38.85889423385488	0.0	670129	4959.138554423029	1.2
13940.228143561297	1200	39.13447928463666	0.0	690253	3724.4149492182223	1.2
13943.267838479871	1200	40.09478436606204	0.0	598727	3039.6949185746203	1.2
13946.243037031145	1200	41.119585814787314	0.0	487812	2975.1985512747297	1.2
13951.493480299223	1200	39.86914254670894	0.0	575591	5250.443268078371	1.2
13957.435262090183	1200	37.927360755750406	0.0	605884	5941.781790958535	1.2
13961.903845602903	1200	37.45877724302868	0.0	587506	4468.5835127217315	1.2
13965.260926330066	1200	38.10169651586699	0.0	566904	3357.0807271616886	1.2
13970.29024647985	1200	37.07237636608299	0.0	641452	5029.3201497839955	1.2
13976.456330072671	1200	34.90629277326288	0.0	599477	6166.083592820119	1.2
13979.505594793562	1200	35.85702805237286	0.0	634861	3049.264720890014	1.2
13983.126057860169	1200	36.236564985766	0.0	630203	3620.463066606857	1.2
13986.675637453853	1200	36.686985392083194	0.0	638661	3549.5795936828067	1.2
13990.653670473019	1850	36.70895237291659	0.0	830730	3978.0330191666067	1.2000000000000002
13997.193620998176	2850	34.16900184775957	0.0	1364537	6539.950525157024	1.85
14000.052546720459	750	35.310076125476336	0.0	450283	2858.9257222832293	0.75
14005.345298025717	1200	34.01732482021696	0.0	611087	5292.751305259373	0.75
14011.123928129757	1200	32.23869471617817	0.0	571051	5778.630104038791	1.2
14018.20808639434	1200	29.15453645159561	0.0	617681	7084.158264582564	1.2
14024.181739814741	1200	27.180883031193822	0.0	652874	5973.653420401787	1.2
14028.372837716728	1200	26.989785129206133	0.0	520315	4191.097901987686	1.2
14030.905299697059	750	28.457323148875595	0.0	352642	2532.4619803305404	0.3
14034.868104976493	750	28.494517869441797	0.0	437162	3962.8052794338	0.75
14037.65279449318	750	29.70982835275473	0.0	374758	2784.689516687063	0.75
14040.759493335252	750	30.60312951068096	0.0	362795	3106.6988420737675	0.75
14043.39784085067	750	31.964781995263095	0.0	353220	2638.347515417866	0.75
14046.967565925643	750	32.39505692029	0.0	405134	3569.725074973097	0.75
14063.159448480634	750	20.20317436529909	0.0	386351	16191.882554990909	0.75
14072.07706635979	300	15.285556486142418	0.0	179801	8917.617879156673	-0.15000000000000002
14079.836618922007	300	11.526003923926197	0.0	140051	7759.552562216222	0.3
14086.846315840072	300	8.51630700586116	0.0	138313	7009.6969180650385	0.3
14093.75210534135	300	5.610517504582845	0.0	143509	6905.789501278315	0.3
14100.004624433808	300	4.0	0.6420015878771592	150616	6252.519092460004	-2.4606068278717848
14105.914541923426	300	4.0	1.909917489617148	165384	5909.917489617148	-7.912645205353736
14111.244857586109	300	4.0	1.3303156626816344	140881	5330.315662681634	-5.420357349531027
14118.458651565097	300	4.0	3.213793978988365	157671	7213.793978988365	-13.519314109649969
14122.789211820202	300	4.0	0.3305602551051952	157812	4330.560255105195	-1.1214090969523394
14130.635372617293	300	4.0	3.846160797092118	163927	7846.160797092118	-16.238491427496104
14135.13721181702	300	4.0	0.5018391997282897	137654	4501.83919972829	-1.8579085588316457
14142.51026913162	300	4.0	3.3730573146006764	146754	7373.057314600676	-14.204146452782908
14150.177243268772	300	4.0	3.66697413715164	153938	7666.97413715164	-15.46798878975205
14158.475076747865	300	4.0	4.297833479091161	181901	8297.833479091161	-18.18068396009199
14166.352169910633	300	4.0	3.8770931627696625	111155	7877.093162769663	-16.37150059990955
14173.248378357315	300	4.0	2.896208446682127	153605	6896.208446682127	-12.153696320733145
14182.558347567787	300	4.0	5.309969210472542	149029	9309.969210472542	-22.53286760503193
14189.755954018952	300	4.0	3.197606451165736	157421	7197.606451165736	-13.449707740012663
14197.139230003624	300	4.0	3.3832759846717773	157488	7383.275984671777	-14.248086734088641

