7233.907715640406	750	4.0	2.455865542160218	450283	2455.865542160218	-9.810221831288937
7235.077683824986	300	6.830031815419767	0.0	155580	1169.9681845802327	-0.15000000000000002
7236.31004836528	300	9.597667275125533	0.0	139857	1232.3645402942363	0.3
7237.370402447293	300	12.537313193112777	0.0	155432	1060.354082012755	0.3
7238.340831870011	300	15.566883770393913	0.0	163442	970.4294227188637	0.3
7239.129718405528	300	18.777997234876523	0.0	126289	788.8865355173923	0.3
7240.069991733241	300	21.837723907163962	0.0	153295	940.2733277125587	0.3
7241.10872608062	300	24.79898955978487	0.0	173849	1038.7343473790925	0.3
7241.993196558171	300	27.914519082233678	0.0	150710	884.4704775511939	0.3
7242.7645841030235	300	31.143131537381056	0.0	139105	771.3875448526244	0.3
7243.500243700039	300	34.40747194036514	0.0	141840	735.6595970159161	0.3
7244.079791904466	300	37.82792373593873	0.0	156148	579.5482044264054	0.3
7245.697561516776	750	40.210154123629266	0.0	386351	1617.7696123094674	0.3
7247.973458470544	750	41.93425716986107	0.0	434409	2275.8969537681974	0.75
7249.653689167806	750	44.254026472599236	0.0	337059	1680.230697261829	0.75
7251.249898283742	750	46.65781735666328	0.0	366214	1596.2091159359557	0.75
7252.836188834348	750	49.07152680605806	0.0	360831	1586.290550605223	0.75
7254.443556571607	750	51.46415906879945	0.0	372963	1607.367737258607	0.75
7256.498280932361	750	53.409434708044344	0.0	405596	2054.7243607550963	0.75
7258.97764346484	1200	54.930072175565456	0.0	586839	2479.362532478885	0.75
7261.518850934666	1200	56.38886470573891	0.0	601738	2541.2074698265474	1.2
7264.213533201633	1200	57.69418243877203	0.0	616206	2694.6822669668777	1.2
7267.032887967859	1200	58.87482767254575	0.0	656471	2819.3547662262854	1.2
7270.15838412874	1200	59.59109852691226	0.0	536667	2283.7291456334847	1.2
7273.239996727939	1200	59.6671757349369	0.0	587236	2423.9227919753594	1.2
7277.2361071529895	1200	59.67106530988611	0.0	590335	3496.110425050793	1.2
7279.784211676538	1200	59.863913164248615	0.0	696376	2307.152145637491	1.2
7281.24098555365	1200	59.690502414648286	0.0	487160	1173.4107496003317	1.2
7283.161426610096	1200	59.56746345018095	0.0	622896	1623.038964467331	1.2
7286.01171112617	1850	59.90552223813367	0.0	975811	2161.941212047278	1.2000000000000002
7289.183026625264	1850	59.8240361406004	0.0	873429	2581.4860975332713	1.85
7291.649508417415	1850	59.80020994530464	0.0	954453	2023.8261952957641	1.85
7295.2587244254855	1850	59.912929739697226	0.0	885062	3387.280205607415	1.85
7303.935186587567	2850	55.236467577616175	0.0	1587293	8676.46216208105	1.85
7308.4622761684295	2850	54.70937799675352	0.0	1492672	4527.089580862659	2.85
7313.058377073696	2850	54.113277091487255	0.0	1439896	4596.100905266267	2.85
7316.69483235319	2850	54.47682181199385	0.0	1139291	3636.4552794934007	2.85
7319.574320012856	1850	55.59733415232731	0.0	938587	2879.4876596665413	0.8500000000000001
7322.538851322497	1850	56.63280284268621	0.0	908665	2964.5313096411046	1.85
7328.011523791017	1850	55.16013037416676	0.0	930577	5472.672468519439	1.85
7334.240888774244	1850	52.93076539093925	0.0	858450	6229.364983227521	1.85
7338.240920446439	1200	52.93073371874397	0.0	641452	4000.031672195278	0.5499999999999999
7341.86029338192	1200	53.31136078326321	0.0	599477	3619.372935480762	1.2
7345.793498059013	1200	53.37815610617079	0.0	634861	3933.20467709242	1.2
7349.734537266854	1200	53.43711689832957	0.0	630203	3941.039207841216	1.2
7352.033820445491	1200	55.13783371969306	0.0	638661	2299.2831786365095	1.2
7354.64538951473	1850	56.52626465045424	0.0	830730	2611.569069238827	1.2000000000000002
7362.3258589669795	2850	52.8457951982041	0.0	1364537	7680.469452250137	1.85
7365.483245161871	750	53.6884090033121	0.0	450283	3157.3861948919975	0.75
7369.4742359213205	750	53.69741824386314	0.0	398865	3990.990759448962	0.75
7371.042393391395	750	56.12926077378876	0.0	350812	1568.1574700743795	0.75
7372.4505663092605	750	58.721087855923315	0.0	382355	1408.1729178654414	0.75
7375.571218191987	750	59.557150757678315	0.0	411561	2163.937098245005	0.75
7378.019525404892	750	59.73635454346678	0.0	318564	1820.796214211526	0.75
7380.622126064377	750	59.947309713071135	0.0	352642	2289.0448303956514	0.75
7383.445268498782	750	59.63401641041283	0.0	437162	2313.2933026582978	0.75
7388.253656245473	1200	58.82562866372095	0.0	584846	4808.387746691884	0.75
7391.182212825117	1200	59.897072084078026	0.0	560821	2428.556579642918	1.2
7394.133124912355	1200	59.775012769499895	0.0	607410	2122.059314578132	1.2
7397.97259160368	1200	59.71970581016765	0.0	594078	3555.3069593322416	1.2
7401.488353590944	1200	59.59190468253221	0.0	624282	2627.801127635447	1.2
7404.485482548062	1200	59.98782063378733	0.0	687371	2604.0840487448836	1.2
7406.847832746178	1200	59.87916798891544	0.0	526950	2108.652644871886	1.2
7409.584011498626	1200	59.982927389313886	0.0	587876	2396.2405996015545	1.2
7412.252756953098	1200	59.928523738500814	0.0	617242	2554.4036508130757	1.2
7414.931445294998	1200	59.57135046938022	0.0	581493	2357.1732691205934	1.2
7418.867220847709	1200	59.629220229414955	0.0	639204	2942.130239965272	1.2
7422.567248282384	1200	59.71202916844981	0.0	586839	2917.191060965144	1.2
7425.884718541436	1200	59.89471222577914	0.0	601738	2817.31694267067	1.2
7428.945422213434	1200	59.56393704797081	0.0	616206	2330.775177808329	1.2
7431.673631333678	1200	59.76529673494303	0.0	656471	2298.640313027782	1.2
7433.8252659860755	1200	59.85776381235252	0.0	536667	1907.5329225905018	1.2
7437.604364727913	1200	59.7907653063378	0.0	587236	3566.998506014723	1.2
7440.970737510709	1200	59.65962903285096	0.0	590335	3131.1362734868458	1.2
7445.65289315099	1200	58.97747339257003	0.0	696376	4682.155640280922	1.2
7448.363874777943	1200	59.89467865388858	0.0	487160	2082.7947386814494	1.2
7451.684561870582	1200	59.998928551704786	0.0	622896	2895.7501021838007	1.2
7456.065608674645	1200	59.61788174764298	0.0	641447	4381.046804061803	1.2
7458.549270659834	1200	59.81854265230697	0.0	570392	1799.339095336015	1.2
7461.058770004125	1200	59.8404544250877	0.0	620283	1978.0882272192696	1.2
7463.13215369338	1200	59.75046813899665	0.0	584349	1589.9862860910475	1.2
7466.174006248669	1200	59.90524056293382	0.0	670129	2845.227576062829	1.2
7468.471076997627	1200	59.559517678067664	0.0	690253	1845.7228848661537	1.2
7470.484808334806	1850	59.7243259415247	0.0	943942	1835.1917365429688	1.2000000000000002
7472.107267338036	1850	59.64786624022746	0.0	728962	1576.45970129724	1.85
7475.090128591854	1850	59.803935264284775	0.0	938587	2343.930975942683	1.85
7477.855786185355	1850	59.94557160647211	0.0	908665	2358.3636578126675	1.85
7480.302947942165	1850	59.625137695911334	0.0	930577	1820.4339105607723	1.85
7484.152538677731	1850	59.5937062512524	0.0	858450	3031.4314446589315	1.85
7486.255246545474	1850	59.83693196283501	0.0	1025005	1756.7742884173872	1.85
7488.408970091443	1850	59.88803697951317	0.0	886255	1948.8949833218426	1.85
7491.965004312227	1850	59.66743415044384	0.0	973972	2220.602829069328	1.85
7496.043042608315	1850	59.58939585435643	0.0	958994	4078.03829608741	1.85
7501.339115366888	2850	58.29332309578372	0.0	1483527	5296.072758572708	1.85
7512.460340781904	4300	51.17209768076797	0.0	1961140	11121.22541501575	2.8499999999999996
7523.626157464494	4300	44.00628099817825	0.0	2155012	11165.816682589717	4.3
7525.9922793190435	750	45.64015914362856	0.0	450283	2366.1218545496886	0.75
7527.675081498215	750	47.957356964456515	0.0	398865	1682.8021791720432	0.75
7529.182211750774	750	50.450226711897706	0.0	350812	1507.1302525588078	0.75
7530.88733494319	750	52.745103519482576	0.0	382355	1705.1231924151296	0.75
7533.8646691883	1200	53.76776927437247	0.0	652874	2977.3342451101034	0.75
7536.2143030340685	1200	55.418135428604025	0.0	520315	2349.633845768445	1.2
7540.082413447045	1200	55.550025015626886	0.0	561791	3868.110412977132	1.2
7544.563108875378	1200	55.06932958729374	0.0	709534	4480.695428333148	1.2
7554.330740685351	1200	49.30169777732023	0.0	584846	9767.631809973505	1.2
7562.726005466798	1200	44.906432995874454	0.0	560821	8395.264781445774	1.2
7571.812521537798	1200	39.81991692487472	0.0	607410	9086.516070999733	1.2
7574.334926084238	300	41.29751237843418	0.0	156148	2522.4045464405426	-0.6000000000000001
7577.215135656444	300	42.41730280622886	0.0	160746	2880.2095722053177	0.3
7580.626940742869	300	43.00549771980307	0.0	179801	3411.8050864257857	0.3
7584.816398937722	300	42.816039524950426	0.0	140051	4189.458194852637	0.3
7588.279759441392	300	43.35267902127972	0.0	138313	3463.36050367071	0.3

