8388.366887720982	750	4.0	2.8173561793236095	450283	2817.3561793236095	-11.36463157109152
8389.51087816431	300	6.856009556671636	0.0	155580	1143.9904433283639	-0.15000000000000002
8390.46335456413	300	9.903533156851038	0.0	139857	952.4763998205976	0.3
8391.616010993015	300	12.750876727965746	0.0	155432	1152.656428885294	0.3
8393.102353071185	300	15.264534649796717	0.0	163442	1486.3420781690295	0.3
8395.248846144037	300	17.118041576944456	0.0	126289	2146.4930728522613	0.3
8396.038247775079	300	20.3286399459017	0.0	153295	789.4016310427596	0.3
8397.232144160156	300	23.134743560824482	0.0	173849	1193.8963850772172	0.3
8398.504082234038	300	25.862805486943916	0.0	150710	1271.9380738805685	0.3
8399.694899667453	300	28.67198805352967	0.0	139105	1190.817433414246	0.3
8400.687737352038	300	31.67915036894509	0.0	141840	992.8376845845788	0.3
8404.131789672934	750	32.23509804804847	0.0	405134	3444.0523208966215	0.3
8408.08116596968	750	32.285721751302106	0.0	386351	3949.376296746362	0.75
8412.147526482337	750	32.21936123864535	0.0	434409	4066.3605126567613	0.75
8414.526322026544	750	33.84056569443773	0.0	337059	2378.7955442076195	0.75
8416.916416449507	750	35.45047127147386	0.0	366214	2390.094422963871	0.75
8419.276147826115	750	37.090739894866864	0.0	360831	2359.731376606995	0.75
8422.45021012232	750	37.91667759866012	0.0	372963	3174.062296206741	0.75
8425.08545984272	750	39.28142787826161	0.0	405596	2635.2497203985104	0.75
8427.231672968883	750	41.135214752097355	0.0	350713	2146.2131261642535	0.75
8430.65318135162	750	41.71370636936222	0.0	386472	3421.5083827351327	0.75
8433.590429160728	750	42.77645856025375	0.0	399894	2937.247809108469	0.75
8436.38345788481	750	43.98342983617148	0.0	401853	2793.0287240822636	0.75
8438.752973522807	750	45.61391419817301	0.0	343800	2369.5156379984683	0.75
8440.930629618852	750	47.43625810212725	0.0	359903	2177.656096045763	0.75
8443.163474474948	750	49.20341324603071	0.0	379700	2232.8448560965307	0.75
8447.154149343727	1200	49.212738377250645	0.0	696376	3990.674868780071	0.75
8449.973256325651	1200	50.393631395326615	0.0	487160	2819.106981924027	1.2
8453.22597838001	1200	51.1409093409689	0.0	622896	3252.722054357716	1.2
8456.419477159712	1200	51.947410561266835	0.0	641447	3193.498779702067	1.2
8459.542323609814	1200	52.824564111165245	0.0	570392	3122.846450101591	1.2
8463.791902978926	1200	52.574984742053246	0.0	620283	4249.579369111997	1.2
8468.655629898105	1200	51.711257822876036	0.0	584349	4863.726919177217	1.2
8476.141122452696	1200	48.22576526828347	0.0	670129	7485.492554592565	1.2
8485.801168326414	1200	42.5657193945669	0.0	690253	9660.045873716566	1.2
8494.405136845682	1200	37.96175087529899	0.0	598727	8603.968519267908	1.2
8499.085235050647	1200	37.281652670333294	0.0	487812	4680.098204965698	1.2
8504.789752873761	1200	35.577134847218026	0.0	575591	5704.517823115272	1.2
8511.906537458979	1200	32.46035026200152	0.0	605884	7116.784585216505	1.2
8516.031168542231	1200	32.335719178750516	0.0	587506	4124.631083251006	1.2
8523.315582818483	1200	29.05130490249923	0.0	566904	7284.4142762512865	1.2
8529.871533329413	1200	26.495354391568988	0.0	641452	6555.950510930241	1.2
8540.46182134633	1200	19.905066374649163	0.0	599477	10590.288016919825	1.2
8547.508364918134	750	16.85852280284577	0.0	438281	7046.543571803394	0.3
8550.327034033304	300	18.039853687676963	0.0	167025	2818.6691151688024	-0.15000000000000002
8553.37625333913	300	18.990634381852644	0.0	160064	3049.219305824322	0.3
8556.20531201116	300	20.161575709822035	0.0	137507	2829.0586720306105	0.3
8559.882961318985	750	20.483926401997152	0.0	314107	3677.6493078248805	0.3
8566.980365563426	750	17.38652215755591	0.0	450283	7097.404244441245	0.75
8568.50218095646	300	19.86470676452184	0.0	155580	1521.8153930340675	-0.15000000000000002
8569.81016005725	300	22.55672766373162	0.0	139857	1307.9791007902197	0.3
8571.399628831148	300	24.967258889832973	0.0	155432	1589.4687738986465	0.3
8572.735962434734	300	27.63092528624876	0.0	163442	1336.3336035842099	0.3
8573.832127605981	300	30.534760115000033	0.0	126289	1096.1651712487287	0.3
8574.96762340671	300	33.39926431427155	0.0	153295	1135.4958007284872	0.3
8576.310959130475	300	36.05592859050581	0.0	173849	1343.3357237657387	0.3
8579.14514286153	750	37.22174485945292	0.0	374758	2834.183731052886	0.3
8582.747365239427	750	37.61952248155497	0.0	362795	3602.222377897952	0.75
8586.77859225919	750	37.58829546179093	0.0	353220	4031.227019764041	0.75
8590.972281695038	750	37.39460602594421	0.0	405134	4193.689435846711	0.75
8594.358731681474	750	38.00815603950807	0.0	386351	3386.449986436142	0.75
8598.462554499882	750	37.90433322110061	0.0	434409	4103.822818407465	0.75
8601.447795869448	750	38.919091851535065	0.0	337059	2985.241369565539	0.75
8603.88998681137	750	40.47690090961267	0.0	366214	2442.190941922396	0.75
8606.148080793031	750	42.2188069279513	0.0	360831	2258.093981661366	0.75
8608.749617344733	750	43.61727037624828	0.0	372963	2601.5365517030223	0.75
8611.707016045204	750	44.6598716757774	0.0	405596	2957.398700470873	0.75
8614.345459882403	750	46.02142783857723	0.0	350713	2638.4438372001646	0.75
8617.155298372705	750	47.21158934827608	0.0	386472	2809.838490301157	0.75
8619.967847478561	750	48.399040242418955	0.0	399894	2812.5491058571242	0.75
8624.244917734211	1200	48.12196998676827	0.0	656471	4277.070255650683	0.75
8627.601398421992	1200	48.76548929898733	0.0	536667	3356.4806877809388	1.2
8631.845562590262	1200	48.521325130716676	0.0	587236	4244.164168270656	1.2
8635.782998171557	1200	48.583889549421684	0.0	590335	3937.435581294996	1.2
8643.701004633494	1200	44.66588308748512	0.0	696376	7918.0064619365685	1.2
8649.169462827067	1200	43.197424893910245	0.0	487160	5468.458193574869	1.2
8655.291942164578	1200	41.07494555640108	0.0	622896	6122.4793375091585	1.2
8658.25014534469	750	42.11674237628821	0.0	400508	2958.2031801128733	0.3
8660.98071328149	750	43.386174439487945	0.0	358218	2730.567936800269	0.75
8664.524594919256	750	43.84229280172268	0.0	400322	3543.8816377652615	0.75
8667.650196351033	750	44.716691369944286	0.0	369834	3125.6014317783897	0.75
8671.256271120381	750	45.11061660059726	0.0	412837	3606.074769347029	0.75
8674.654342227075	750	45.71254549390195	0.0	401088	3398.0711066953154	0.75
8678.75206450341	750	45.614823217568514	0.0	365161	4097.722276333432	0.75
8682.115508249988	750	46.25137947098792	0.0	321064	3363.44374658059	0.75
8684.896650817616	750	47.47023690336159	0.0	361565	2781.1425676263325	0.75
8687.948555105224	750	48.418332615753336	0.0	378327	3051.9042876082544	0.75
8690.86252662461	750	49.504361096366694	0.0	390680	2913.9715193866446	0.75
8693.386031699974	750	50.9808560210041	0.0	345516	2523.5050753625883	0.75
8696.025039101043	750	52.34184861993375	0.0	384505	2639.0074010703524	0.75
8700.394440653332	1200	51.97244706764672	0.0	599477	4369.4015522870295	0.75
8706.36816222243	1200	49.99872549854873	0.0	634861	5973.721569097988	1.2
8715.172858785525	1200	45.19402893545337	0.0	630203	8804.696563095362	1.2
8725.009423560932	1200	39.35746416004682	0.0	638661	9836.56477540655	1.2
8734.820803189683	1200	33.546084531294674	0.0	538612	9811.379628752136	1.2
8744.28075878963	1850	28.086128931350082	0.0	846370	9459.955599944593	1.2000000000000002
8749.657070533134	750	26.709817187845065	0.0	450283	5376.311743505017	0.75
8757.550563946703	750	22.81632377427524	0.0	398865	7893.493413569826	0.75
8760.922715965791	300	23.444171755188265	0.0	139857	3372.1520190869746	-0.15000000000000002
8764.710430222302	300	23.656457498677533	0.0	155432	3787.7142565107315	0.3
8767.49186448021	300	24.875023240770332	0.0	163442	2781.4342579072	0.3
8769.12553391974	300	27.241353801237995	0.0	126289	1633.669439532341	0.3
8771.344728469301	300	29.022159251677493	0.0	153295	2219.194549560499	0.3
8774.040274907971	300	30.326612813007333	0.0	173849	2695.5464386701597	0.3
8775.299750968477	300	33.06713675250171	0.0	150710	1259.4760605056251	0.3
8776.49209459717	300	35.874793123808836	0.0	139105	1192.3436286928752	0.3
8777.69446863152	300	38.67241908945835	0.0	141840	1202.374034350484	0.3
8779.022454186394	300	41.34443353458698	0.0	156148	1327.9855548713683	0.3
8783.512825345924	750	40.85406237505518	0.0	386351	4490.371159531802	0.3
8787.666711933198	750	40.700175787781504	0.0	434409	4153.886587273677	0.75
8790.74151866179	750	41.62536905918692	0.0	337059	3074.8067285945776	0.75
8794.51708995465	750	41.84979776632857	0.0	366214	3775.571292858355	0.75
8801.204576072796	750	39.16231164818411	0.0	360831	6687.486118144467	0.75
8805.239634108804	750	39.12725361217451	0.0	372963	4035.0580360095896	0.75
8808.282085706585	750	40.084802014391876	0.0	405596	3042.4515977826404	0.75
8811.400959061126	750	40.96592865985199	0.0	350713	3118.8733545398836	0.75
8814.894468509705	750	41.472419211271685	0.0	386472	3493.5094485803047	0.75
8820.332300990682	750	40.03458673029621	0.0	399894	5437.832480975471	0.75
8825.34675651382	750	39.020131207159324	0.0	401853	5014.455523136892	0.75
8828.82225099278	750	39.54463672819766	0.0	343800	3475.4944789616625	0.75
8832.986885472726	750	39.38000224825242	0.0	359903	4164.63447994524	0.75
8834.677488959538	750	41.689398761439904	0.0	379700	1690.603486812516	0.75
8836.38337859282	750	43.983509128156484	0.0	425781	1705.8896332834213	0.75
8837.46850892636	750	46.89837879461804	0.0	277716	1085.1303335384468	0.75
8839.547074242882	750	48.8198134780961	0.0	400396	2078.565316521933	0.75
8840.891050011365	750	51.47583770961297	0.0	400508	1343.9757684831325	0.75
8843.732143790694	1850	52.63474393028364	0.0	873429	2841.093779329324	0.75
8846.573965203977	1850	53.79292251699934	0.0	954453	2841.8214132843086	1.85
8849.658223942162	1850	54.708663778815605	0.0	885062	3084.2587381837257	1.85
8852.792183192701	1850	55.574704528276634	0.0	1035329	3133.959250538977	1.85
8859.125584061427	2850	53.24130365955155	0.0	1492672	6333.400868725081	1.85
8864.555527261238	2850	51.81136045974096	0.0	1439896	5429.9431998105965	2.85
8869.115924603428	2850	51.250963117552494	0.0	1139291	4560.397342188465	2.85
8874.872246228102	2850	49.49464149287644	0.0	1499009	5756.321624676047	2.85
8881.991131242023	2850	46.37575647895786	0.0	1427478	7118.885013918585	2.85
8886.691861226116	1850	45.67502649486452	0.0	930577	4700.729984093343	0.8500000000000001
8893.917010458506	1850	42.44987726247354	0.0	858450	7225.149232390977	1.85
8903.559699764844	1850	36.80718795613562	0.0	1025005	9642.689306337927	1.85
8910.041974709871	1200	34.324913011106794	0.0	599477	6482.274945028826	0.5499999999999999
8915.830681109735	1200	32.536206611243614	0.0	634861	5788.706399863177	1.2
8919.39346992584	1200	32.97341779513876	0.0	630203	3562.7888161048527	1.2
8922.572212851317	1200	33.79467486966218	0.0	638661	3178.7429254765852	1.2
8926.454238492486	1850	33.91264922849327	0.0	830730	3882.025641168906	1.2000000000000002
8933.476334499603	2850	30.89055322137644	0.0	1364537	7022.096007116839	1.85
8935.999170976786	750	32.36771674419297	0.0	450283	2522.8364771834686	0.75
8939.41672967666	1200	32.95015804431936	0.0	611087	3417.558699873612	0.75
8942.888065718143	1200	33.478822002836154	0.0	571051	3471.3360414832105	1.2
8946.545149857142	1200	33.82173786383972	0.0	617681	3657.0841389964353	1.2
8951.210619486847	1200	33.15626823413448	0.0	652874	4665.469629705246	1.2
8958.352379457667	1200	30.01450826331237	0.0	520315	7141.759970822111	1.2
8961.320783653058	750	31.046104067921718	0.0	352642	2968.404195390648	0.3
8964.15409122143	750	32.21279649955038	0.0	437162	2833.3075683713437	0.75
8966.283453291073	750	34.08343442990648	0.0	374758	2129.3620696438916	0.75
8968.790308602785	750	35.57657911819403	0.0	362795	2506.8553117124575	0.75
8971.691755320135	750	36.67513240084471	0.0	353220	2901.446717349314	0.75
8974.40763679388	750	37.9592509271012	0.0	405134	2715.88147374351	0.75
8977.557850037992	750	38.80903768298875	0.0	386351	3150.213244112448	0.75
8980.831661928707	750	39.53522579227222	0.0	434409	3273.811890716533	0.75
8983.513990284084	750	40.852897436895645	0.0	337059	2682.3283553765755	0.75
8987.05141535227	750	41.315472368709116	0.0	366214	3537.4250681865333	0.75
8990.49061456834	750	41.876273152639705	0.0	360831	3439.1992160694117	0.75
8999.556954873875	750	36.80993284710458	0.0	372963	9066.34030553513	0.75
9002.508160863461	750	37.858726857518676	0.0	405596	2951.2059895858965	0.75
9005.005062155182	750	39.36182556579867	0.0	350713	2496.9012917200066	0.75
9008.580398831815	750	39.78648888916485	0.0	386472	3575.336676633816	0.75
9011.908987484503	750	40.4579002364754	0.0	399894	3328.588652689449	0.75
9017.41326126186	750	38.95362645911849	0.0	401853	5504.27377735692	0.75
9021.165007017635	750	39.20188070334418	0.0	343800	3751.745755774313	0.75
9024.620164799568	750	39.74672292141128	0.0	359903	3455.157781932898	0.75
9028.91262547129	750	39.45426224968836	0.0	379700	4292.46067172292	0.75
9033.75649776367	750	38.610389957308115	0.0	425781	4843.872292380248	0.75
9039.079385774314	750	37.28750194666382	0.0	277716	5322.888010644296	0.75
9043.638153515207	750	36.72873420577163	0.0	400396	4558.767740892187	0.75
9046.000674290406	750	38.36621343057331	0.0	400508	2362.520775198321	0.75
9048.63530778412	750	39.73157993685856	0.0	358218	2634.633493714754	0.75
9051.545145734231	750	40.821741986747064	0.0	400322	2909.837950111493	0.75
9054.495959629161	750	41.87092809181769	0.0	369834	2950.8138949293793	0.75
9057.14975064789	750	43.21713707309019	0.0	412837	2653.7910187274992	0.75
9059.620192839664	750	44.74669488131699	0.0	401088	2470.442191773202	0.75
9063.268442066477	1200	45.0984456545028	0.0	598727	3648.249226814192	0.75
9066.427786541597	1200	45.93910117938249	0.0	487812	3159.3444751203056	1.2
9070.244088538406	1200	46.1227991825734	0.0	575591	3816.3019968090885	1.2
9073.774175061706	1200	46.59271265927383	0.0	605884	3530.08652329957	1.2
9077.35487646369	1200	47.01201125728861	0.0	587506	3580.701401985214	1.2
9081.190934793856	1200	47.17595292712259	0.0	566904	3836.0583301660286	1.2
9085.507733287175	1200	46.85915443380442	0.0	641452	4316.798493318164	1.2
9089.18256361964	1200	47.184324101336614	0.0	599477	3674.8303324678063	1.2
9093.017305554353	1200	47.349582166625076	0.0	634861	3834.741934711535	1.2
9097.923142142527	1200	46.44374557845114	0.0	630203	4905.836588173939	1.2
9105.523242282172	1850	42.843645438806185	0.0	982064	7600.100139644955	1.2000000000000002
9113.71217910459	2850	38.654708616388035	0.0	1231456	8188.936822418146	1.85
9123.333682130766	2850	33.03320559021302	0.0	1364537	9621.503026175018	2.85
9126.633480295544	750	33.73340742543363	0.0	450283	3299.798164779398	0.75
9129.612935376847	750	34.75395234413174	0.0	398865	2979.455081301886	0.75
9133.147707560172	750	35.219180160805905	0.0	350812	3534.772183325842	0.75
9137.798207170888	750	34.56868055008885	0.0	382355	4650.499610717054	0.75
9142.432016442246	750	33.934871278731194	0.0	411561	4633.8092713576525	0.75
9146.386226244482	750	33.980661476497495	0.0	318564	3954.209802233701	0.75
9149.708511860386	750	34.65837586059296	0.0	352642	3322.285615904536	0.75
9154.373052294686	750	33.9938354262915	0.0	437162	4664.540434301466	0.75
9161.995618014016	750	30.371269706962806	0.0	374758	7622.565719328689	0.75
9164.876876672299	750	31.4900110486781	0.0	362795	2881.258658284708	0.75
9166.994863179985	750	33.37202454099236	0.0	353220	2117.9865076857263	0.75
9170.350252876664	750	34.01663484431447	0.0	405134	3355.3896966779007	0.75
9174.424727726562	750	33.942159994416535	0.0	386351	4074.4748498979307	0.75
9178.349002971474	750	34.01788474950369	0.0	434409	3924.2752449128434	0.75
9181.333574489336	750	35.03331323164081	0.0	337059	2984.57151786288	0.75
9185.704372042823	750	34.66251567815367	0.0	366214	4370.797553487148	0.75
9187.466942789048	750	36.89994493192901	0.0	360831	1762.5707462246542	0.75
9189.313798173593	750	39.05308954738362	0.0	372963	1846.855384545384	0.75
9191.351108433486	750	41.01577928749138	0.0	405596	2037.3102598922426	0.75
9195.127797593224	750	41.239090127752185	0.0	350713	3776.6891597391927	0.75
9202.471376428706	750	37.89551129227128	0.0	386472	7343.578835480905	0.75
9208.677198518752	750	35.689689202225885	0.0	399894	6205.822090045392	0.75
9215.107361517139	750	33.25952620383872	0.0	401853	6430.162998387164	0.75
9222.73816245472	750	29.628725266256602	0.0	343800	7630.800937582111	0.75
9224.212796093341	300	32.15409162763586	0.0	146754	1474.6336386207452	-0.15000000000000002
9225.368618731887	300	34.99826898908953	0.0	153938	1155.8226385463258	0.3
9226.990628239948	300	37.37625948103004	0.0	181901	1622.009508059489	0.3
9228.216999585597	300	40.149888135382234	0.0	111155	1226.3713456478058	0.3
9230.189338003938	300	42.17754971703937	0.0	153605	1972.3384183428675	0.3
9231.370774475647	300	44.996113245330804	0.0	149029	1181.4364717085705	0.3
9235.072923584235	750	45.293964136742595	0.0	358218	3702.149108588207	0.3
9240.859197068483	750	43.50769065249491	0.0	400322	5786.273484247687	0.75
9247.224123432818	750	41.142764288161096	0.0	369834	6364.926364333816	0.75
9251.697402347367	750	40.66948537361033	0.0	412837	4473.278914550774	0.75
9257.082058105338	750	39.28482961563886	0.0	401088	5384.655757971462	0.75
9258.91228869229	750	41.45459902868791	0.0	365161	1830.2305869509532	0.75
9260.555087626204	750	43.811800094774576	0.0	321064	1642.7989339133323	0.75
9262.357462451739	750	46.00942526924013	0.0	361565	1802.3748255344376	0.75
9264.63005433124	750	47.736833389738464	0.0	378327	2272.591879501667	0.75
9267.42470595544	1200	48.94218176554027	0.0	587506	2794.6516241981953	0.75
9273.979013764987	1200	46.387873955994124	0.0	566904	6554.307809546149	1.2
9278.336576924989	1200	46.030310795992364	0.0	641452	4357.563160001756	1.2
9281.372051571221	1200	46.994836149759266	0.0	599477	3035.4746462331036	1.2
9284.17100606266	1200	48.19588165832218	0.0	634861	2798.9544914370886	1.2
9287.112598190799	1200	49.25428953018092	0.0	630203	2941.5921281412557	1.2
9289.03870846201	1200	51.32817925896991	0.0	638661	1926.1102712110062	1.2
9296.432679079591	4300	47.93420864138972	0.0	1961140	7393.970617580187	1.1999999999999997
9302.455184376393	4300	45.911703344587345	0.0	2155012	6022.505296802384	4.3
9303.806891337788	750	48.559996383192875	0.0	450283	1351.7069613944668	0.75
9306.130177280087	1200	50.236710440893894	0.0	611087	2323.285942298976	0.75
9309.501567737167	1850	50.86531998381492	0.0	877771	3371.390457078975	1.2000000000000002
9312.409765369743	1850	51.95712235123764	0.0	933276	2908.197632577278	1.85
9316.284712289409	1850	52.08217543157187	0.0	996749	3874.9469196657733	1.85
9318.495927032398	1850	53.87096068858335	0.0	801058	2211.21474298852	1.85
9323.174094103078	2850	53.192793617901906	0.0	1388403	4678.167070681438	1.85
9329.165550278825	2850	51.20133744215493	0.0	1638769	5991.456175746981	2.85
9333.481526910331	2850	50.88536081064928	0.0	1348011	4315.976631505649	2.85
9338.006930192858	2850	50.35995752812241	0.0	1429765	4525.403282526873	2.85
9343.24207414548	2850	49.12481357549962	0.0	1354548	5235.143952622786	2.85
9347.090661447399	2850	49.27622627358273	0.0	1519951	3848.587301916896	2.85
9350.787671100275	2850	49.579216620705935	0.0	1422919	3697.0096528767995	2.85
9355.04918841461	2850	49.31769930637125	0.0	1578343	4261.517314334684	2.85
9358.042386472942	2850	50.32450124804044	0.0	1231445	2993.19805833081	2.85
9361.780880056316	2850	50.58600766466617	0.0	1471065	3738.493583374271	2.85
9365.390204258794	2850	50.97668346218911	0.0	1491626	3609.3242024770557	2.85
9368.607120720659	2850	51.75976700032485	0.0	1358801	3216.9164618642644	2.85
9372.181426513262	2850	52.185461207720955	0.0	1537156	3574.3057926038973	2.85
9375.010818612252	2850	53.35606910873031	0.0	1336050	2829.3920989906396	2.85
9379.023235763847	2850	53.34365195713645	0.0	1415116	4012.4171515938656	2.85
9383.707669021547	2850	52.659218699438284	0.0	1468126	4684.433257698162	2.85
9388.547429485921	2850	51.81945823506457	0.0	1505760	4839.760464373714	2.85
9391.93495201478	2850	52.431935706204726	0.0	1323990	3387.5225288598454	2.85
9396.880109715055	2850	51.48677800593124	0.0	1383735	4945.157700273482	2.85
9402.151220191798	2850	50.21566752919018	0.0	1480464	5271.110476741067	2.85
9406.902517258886	2850	49.46437046210048	0.0	1547572	4751.297067089696	2.85
9410.941172300296	2850	49.42571542069016	0.0	1141971	4038.6550414103162	2.85
9416.447225877468	2850	47.91966184351845	0.0	1498470	5506.053577171713	2.85
9420.921957045273	2850	47.44493067571171	0.0	1561263	4474.731167806739	2.85
9424.904945957689	2850	47.46194176329619	0.0	1341201	3982.988912415524	2.85
9428.496913387797	2850	47.86997433318918	0.0	1497683	3591.9674301070145	2.85
9432.094229919545	2850	48.27265780144005	0.0	1358081	3597.3165317491316	2.85
9437.346313100064	2850	47.02057462092191	0.0	1587293	5252.083180518131	2.85
9442.389300156583	2850	45.977587564404274	0.0	1492672	5042.987056517641	2.85
9446.680370781565	2850	45.68651693942121	0.0	1439896	4291.07062498306	2.85
9450.116108228965	2850	46.25077949202209	0.0	1139291	3435.7374473991254	2.85
9455.391936473894	2850	44.97495124709156	0.0	1499009	5275.828244930534	2.85
9461.759851473164	2850	42.607036247822826	0.0	1427478	6367.914999268732	2.85
9468.059046989356	2850	40.307840731632	0.0	1402287	6299.195516190825	2.85
9472.228729705692	1850	40.13815801529547	0.0	858450	4169.682716336532	0.8500000000000001
9477.192695407479	1850	39.17419231350808	0.0	1025005	4963.965701787392	1.85

