12557.577969758991	750	4.0	2.2204497569923474	450283	2220.4497569923474	-8.797933955067093
12559.557087621046	750	6.02088213794516	0.0	398865	1979.1178620548408	0.75
12561.620571672847	750	7.957398086144682	0.0	350812	2063.4840518004776	0.75
12569.417717677068	1200	4.160252081924727	0.0	617681	7797.146004219954	0.75
12572.26486090284	750	5.3131088561525965	0.0	411561	2847.143225772131	0.3
12573.730920282855	750	7.847049476139145	0.0	318564	1466.0593800134513	0.75
12575.223118944457	750	10.354850814535874	0.0	352642	1492.1986616032718	0.75
12577.143065373568	750	12.434904385424575	0.0	437162	1919.946429111298	0.75
12578.769986325797	750	14.807983433195357	0.0	374758	1626.9209522292178	0.75
12583.085452113093	750	14.49251764589814	0.0	362795	4315.465787297216	0.75
12590.54096726143	1200	11.03700249756122	0.0	607410	7455.515148336921	0.75
12597.079721724132	1200	8.498248034859476	0.0	594078	6538.754462701743	1.2
12599.545146812941	750	10.032822946049865	0.0	386351	2465.425088809611	0.3
12602.776491531733	750	10.801478227258075	0.0	434409	3231.3447187917927	0.75
12607.119894691368	750	10.458075067623861	0.0	337059	4343.403159634214	0.75
12609.833077004474	750	11.744892754519343	0.0	366214	2713.182313104517	0.75
12612.133511126229	750	13.444458632764059	0.0	360831	2300.434121755284	0.75
12614.19672543342	750	15.381244325573633	0.0	372963	2063.2143071904266	0.75
12616.191259269699	750	17.386710489293716	0.0	405596	1994.5338362799148	0.75
12619.07543749011	1200	18.502532268882966	0.0	586839	2884.1782204107517	0.75
12621.794115362083	1200	19.783854396908165	0.0	601738	2718.6778719748	1.2
12624.561172532447	1200	21.016797226544362	0.0	616206	2767.0571703638016	1.2
12628.12887218541	1200	21.449097573580776	0.0	656471	3567.699652963588	1.2
12632.735566556312	1850	20.842403202680188	0.0	874175	4606.694370900592	1.2000000000000002
12637.951480439247	1850	19.626489319745033	0.0	897976	5215.913882935154	1.85
12643.627060783627	1850	17.950908975365753	0.0	905935	5675.580344379278	1.85
12649.498849881904	1850	16.07911987708897	0.0	1076599	5871.789098276783	1.85
12653.975337365217	1850	15.602632393777279	0.0	758197	4476.487483311692	1.85
12668.851040651429	1850	4.726929107562703	0.0	972798	14875.703286214577	1.85
12671.51858370146	750	6.059386057532385	0.0	400508	2667.5430500303178	-0.3500000000000001
12673.407427330478	750	8.170542428514969	0.0	358218	1888.843629017416	0.75
12675.532648495124	750	10.045321263867619	0.0	400322	2125.2211646473493	0.75
12677.412533468816	750	12.165436290175519	0.0	369834	1879.8849736921004	0.75
12679.631007597154	750	13.946962161837698	0.0	412837	2218.4741283378216	0.75
12683.05872906259	1200	14.519240696400447	0.0	690253	3427.7214654372524	0.75
12685.626610555344	1200	15.951359203648156	0.0	598727	2567.881492752289	1.2
12687.726324042229	1200	17.85164571676251	0.0	487812	2099.7134868856483	1.2
12691.624323298913	1850	17.95364646007883	0.0	938587	3897.9992566836804	1.2000000000000002
12697.000893945486	1850	16.577075813506877	0.0	908665	5376.570646571951	1.85
12702.968523871672	1850	14.60944588732098	0.0	930577	5967.629926185895	1.85
12707.5895750169	1850	13.98839474209095	0.0	858450	4621.051145230032	1.85
12713.542082155873	1850	12.035887603120292	0.0	1025005	5952.507138970656	1.85
12720.491302504306	1850	9.086667254685908	0.0	886255	6949.220348434384	1.85
12724.933836240267	1850	8.644133518725228	0.0	973972	4442.53373596068	1.85
12728.938166273972	1200	8.639803485020726	0.0	630203	4004.3300337045025	0.5499999999999999
12735.657376856108	1200	5.920592902883337	0.0	638661	6719.210582137389	1.2
12740.486344354962	1200	5.091625404028958	0.0	538612	4828.967498854378	1.2
12745.211781247772	1200	4.366188511219434	0.0	550906	4725.436892809525	1.2
12748.956276790443	750	4.621692968550479	0.0	450283	3744.495542668955	0.75
12751.95022779729	750	5.627741961701429	0.0	398865	2993.95100684905	0.75
12754.502505648696	750	7.075464110296834	0.0	350812	2552.277851404595	0.75
12757.488609862166	750	8.08935989682687	0.0	382355	2986.1042134699646	0.75
12762.746962153225	750	6.8310076057670575	0.0	411561	5258.352291059812	0.75
12765.0034372517	750	8.5745325072936	0.0	318564	2256.475098473456	0.75
12768.018458111099	750	9.559511647896159	0.0	352642	3015.0208593974417	0.75
12771.800756926354	750	9.77721283264006	0.0	437162	3782.2988152560997	0.75
12775.282801200223	750	10.295168558772367	0.0	374758	3482.0442738676916	0.75
12778.438657446053	750	11.13931231294099	0.0	362795	3155.8562458313763	0.75
12781.4028454369	750	12.175124322092604	0.0	353220	2964.187990848387	0.75
12784.650509443121	750	12.927460315872752	0.0	405134	3247.6640062198535	0.75
12787.922201160749	750	13.655768598244906	0.0	386351	3271.6917176278457	0.75
12791.791553651092	750	13.786416107901486	0.0	434409	3869.352490343419	0.75
12794.609782240557	750	14.968187518437448	0.0	337059	2818.2285894640386	0.75
12797.509937399227	750	16.068032359765983	0.0	366214	2900.1551586714627	0.75
12800.48292842753	750	17.09504133146435	0.0	360831	2972.9910283016306	0.75
12803.703519354618	750	17.87445040437529	0.0	372963	3220.590927089063	0.75
12807.031866762063	750	18.5461029969304	0.0	405596	3328.3474074448873	0.75
12810.015063160321	750	19.562906598673035	0.0	350713	2983.196398257363	0.75
12813.105585972557	750	20.47238378643733	0.0	386472	3090.522812235703	0.75
12818.69313663119	750	18.884833127805308	0.0	399894	5587.550658632022	0.75
12822.940744959244	750	18.637224799749966	0.0	401853	4247.608328055344	0.75
12826.335451546312	750	19.242518212681514	0.0	343800	3394.7065870684532	0.75
12829.570948310979	750	20.007021448016797	0.0	359903	3235.496764664716	0.75
12832.446240788426	750	21.131728970568965	0.0	379700	2875.292477447831	0.75
12835.907553019246	750	21.67041673974899	0.0	425781	3461.312230819976	0.75
12838.221636433336	750	23.356333325658436	0.0	277716	2314.0834140905536	0.75
12841.604424938183	750	23.973544820812442	0.0	400396	3382.7885048459952	0.75
12846.647715779785	1200	22.930253979211077	0.0	641447	5043.290841601367	0.75
12851.481114525395	1200	22.096855233602422	0.0	570392	4833.398745608656	1.2
12858.208832568396	1200	19.36913719060062	0.0	620283	6727.718043001806	1.2
12862.867611417694	1200	18.710358341301742	0.0	584349	4658.778849298876	1.2
12868.373072995668	1200	17.2048967633271	0.0	670129	5505.461577974643	1.2
12873.572492997204	1200	16.005476761791705	0.0	690253	5199.420001535392	1.2
12878.26090644395	1200	15.317063315045116	0.0	598727	4688.41344674659	1.2
12886.474175401196	1200	11.103794357798831	0.0	487812	8213.268957246284	1.2
12890.117047445228	750	11.46092231376591	0.0	361565	3642.8720440329207	0.3
12891.935215005087	750	13.64275475390818	0.0	378327	1818.167559857729	0.75
12893.758265199833	750	15.819704559161936	0.0	390680	1823.050194746245	0.75
12895.357584480993	750	18.220385278001427	0.0	345516	1599.3192811605063	0.75
12897.132160192095	750	20.44580956689982	0.0	384505	1774.5757111016085	0.75
12898.86234324851	750	22.71562651048504	0.0	372093	1730.1830564147754	0.75
12903.202189522197	1850	22.37578023679684	0.0	973972	4339.846273688204	0.75
12911.894462850132	2850	17.683506908860988	0.0	1464921	8692.273327935849	1.85
12937.970394909753	2850	4.0	8.392425150759253	1483527	26075.93205962024	-33.23742814826478
12954.831542769025	750	4.0	12.861147859271988	331053	16861.147859271987	-56.65293579486955
12961.994387745133	300	4.0	3.162844976109319	118421	7162.844976109319	-13.750233397270069
12982.233558852144	750	4.0	16.239171107010005	450283	20239.171107010006	-69.07843576014302
12987.846855641945	300	4.0	1.6132967898001025	155580	5613.2967898001025	-7.087176196140441
12993.561389280256	300	4.0	1.7145336383116319	139857	5714.533638311632	-7.072494644740017
12998.96279748251	300	4.0	1.4014082022543717	155432	5401.408202254372	-5.7260552696937985
13008.39774472336	300	4.0	5.434947240847991	163442	9434.94724084799	-23.070273135646357
13011.9727607154	300	4.424984007958879	0.0	126289	3575.0159920411206	0.3
13020.330694132208	300	4.0	3.932949408849239	153295	8357.933416808119	-16.611682458051728
13028.670960644235	300	4.0	4.340266512024897	173849	8340.266512024897	-18.363146001707054
13039.055948598867	300	4.0	6.384987954632768	150710	10384.987954632768	-27.1554482049209
13043.445433690184	300	4.0	0.38948509131626813	139105	4389.485091316268	-1.3747858926599528
13050.541333135696	300	4.0	3.095899445513989	141840	7095.899445513989	-13.01236761571015
13055.347142653498	300	4.0	0.8058095178031681	156148	4805.809517803168	-3.164980926553623
13065.554092573622	300	4.0	6.206949920123308	160746	10206.949920123308	-26.389884656530224
13073.017161312742	300	4.0	3.4630687391204567	179801	7463.0687391204565	-14.591195578217961
13079.717857141794	300	4.0	2.7006958290498395	140051	6700.69582904984	-11.312992064914308
13089.486806799105	300	4.0	5.76894965731243	138313	9768.94965731243	-24.50648352644345
13095.79410564059	300	4.0	2.3072988414865385	143509	6307.298841486539	-9.621385018392115
13102.704630765247	300	4.0	2.910525124658555	150616	6910.525124658555	-12.215258036031784
13110.96412282975	300	4.0	4.259492064502654	165384	8259.492064502654	-18.01581587736141

