1634.6957041629246	750	4.0	1.661300867963679	450283	1661.300867963679	-6.393593732243819
1637.7499229526056	1200	4.945781210318856	0.0	611087	3054.218789681144	0.75
1640.3377146007826	1200	6.357989562141853	0.0	571051	2587.7916481770035	1.2
1643.2311515821054	1200	7.464552580818852	0.0	617681	2893.436981323001	1.2
1652.4222434243447	1200	4.0	1.7265392614202901	652874	9191.091842239142	-6.224118824107247
1654.4442637955542	750	5.9779796287905445	0.0	318564	2022.0203712094553	0.3
1656.611947781338	750	7.810295643006917	0.0	352642	2167.6839857836276	0.75
1658.8951653808533	750	9.52707804349162	0.0	437162	2283.2175995152984	0.75
1661.686307309958	750	10.735936114386888	0.0	374758	2791.1419291047305	0.75
1664.7112599402244	750	11.710983484120327	0.0	362795	3024.952630266562	0.75
1667.1055999494008	750	13.316643474943831	0.0	353220	2394.3400091764956	0.75
1669.6946859260458	750	14.727557498298857	0.0	405134	2589.0859766449735	0.75
1672.5942437323324	1200	15.827999692012186	0.0	624282	2899.55780628667	0.75
1675.6732147332373	1200	16.74902869110757	0.0	687371	3078.9710009046175	1.2
1678.7395123838564	1200	17.682731040488402	0.0	526950	3066.2976506191653	1.2
1681.7562348476968	1200	18.666008576648068	0.0	587876	3016.722463840336	1.2
1685.7576787398084	1200	18.664564684536195	0.0	617242	4001.4438921118713	1.2
1689.9667715071162	1200	18.45547191722841	0.0	581493	4209.092767307782	1.2
1698.4500924842835	1200	13.972150940061292	0.0	639204	8483.32097716712	1.2
1703.4779822912608	1200	12.944261133083987	0.0	586839	5027.889806977304	1.2
1707.510130291848	1200	12.912113132496568	0.0	601738	4032.1480005874196	1.2
1711.247613220859	1200	13.174630203485911	0.0	616206	3737.482929010657	1.2
1714.6297311169972	1200	13.792512307347673	0.0	656471	3382.1178961382375	1.2
1718.2331516967931	1200	14.189091727551673	0.0	536667	3603.420579796	1.2
1720.152263381523	1200	16.26998004282168	0.0	587236	1919.111684729995	1.2
1722.8713832852359	1200	17.5508601391089	0.0	590335	2719.11990371278	1.2
1725.6000511532357	1200	18.82219227110923	0.0	696376	2728.6678679996694	1.2
1729.2019877904402	1850	19.2202556339046	0.0	758197	3601.93663720463	1.2000000000000002
1735.387134237959	1850	17.03510918638595	0.0	972798	6185.146447518653	1.85
1740.763909827522	1850	15.65833359682274	0.0	975811	5376.775589563208	1.85
1746.2018248309003	1850	14.220418593444625	0.0	873429	5437.915003378115	1.85
1751.609816198319	1850	12.812427226025513	0.0	954453	5407.991367419111	1.85
1754.0154407176756	1200	14.40680270666924	0.0	584349	2405.624519356273	0.5499999999999999
1756.6806706267826	1200	15.741572797562226	0.0	670129	2665.2299091070145	1.2
1759.171203491173	1200	17.2510399331718	0.0	690253	2490.532864390425	1.2
1762.0588346543504	1850	18.36340876999434	0.0	943942	2887.6311631774593	1.2000000000000002
1764.9884572552273	1850	19.43378616911762	0.0	728962	2929.62260087672	1.85
1771.33853037794	1850	17.083713046404863	0.0	938587	6350.073122712758	1.85
1774.8916920433307	1850	17.530551381014163	0.0	908665	3553.1616653907017	1.85
1778.7373340591025	1850	17.68490936524255	0.0	930577	3845.642015771611	1.85
1781.9298929207487	1850	18.49235050359655	0.0	858450	3192.558861646001	1.85
1785.949747282064	1850	18.472496142281017	0.0	1025005	4019.854361315534	1.85
1789.6482794523765	1850	18.773963971968463	0.0	886255	3698.5321703125524	1.85
1793.8644610611968	1850	18.557782363148203	0.0	973972	4216.181608820261	1.85
1813.1259022504178	2850	4.0	0.7036588260727549	1464921	19261.441189220957	-1.175732952112846
1815.3767398960301	750	5.749162354387647	0.0	393804	2250.8376456123524	-1.35
1817.9583754274813	1200	7.167526822936556	0.0	538612	2581.635531451092	0.75
1822.2256955074222	1850	6.900206742995655	0.0	846370	4267.3200799409005	1.2000000000000002
1825.5093344562197	750	7.61656779419808	0.0	450283	3283.638948797576	0.75
1827.6475436544613	750	9.478358595956255	0.0	398865	2138.209198241824	0.75
1829.3789800574925	750	11.746922192924936	0.0	350812	1731.436403031319	0.75
1832.153833233074	1200	12.97206901734351	0.0	617681	2774.853175581428	0.75
1834.9649637830223	1200	14.160938467395203	0.0	652874	2811.1305499483065	1.2
1836.9433585699903	1200	16.18254368042706	0.0	520315	1978.3947869681417	1.2
1840.5792475799371	1850	16.54665467048037	0.0	905515	3635.8890099466917	1.2000000000000002
1844.7308046591238	1850	16.39509759129378	0.0	1060487	4151.557079186592	1.85
1848.0805642961611	1850	17.04533795425658	0.0	852833	3349.7596370371953	1.85
1851.1489929397796	1850	17.976909310638188	0.0	913888	3068.4286436183947	1.85
1857.9791388611166	1850	15.146763389301166	0.0	939819	6830.145921337023	1.85
1864.258324367888	1850	12.867577882529687	0.0	917428	6279.185506771479	1.85
1871.797301684235	1850	9.32860056618269	0.0	946851	7538.977316346999	1.85
1877.8664670610017	1200	7.25943518941607	0.0	687371	6069.165376766619	0.5499999999999999
1881.1509404484561	1200	7.974961801961378	0.0	526950	3284.473387454692	1.2
1885.8180464305726	1200	7.307855819844918	0.0	587876	4667.10598211646	1.2
1887.8783210288072	750	9.24758122161043	0.0	360831	2060.274598234489	0.3
1890.0768151548937	750	11.049087095524152	0.0	372963	2198.4941260862774	0.75
1892.666879172515	750	12.459023077902518	0.0	405596	2590.064017621633	0.75
1894.8483317441865	750	14.277570506231324	0.0	350713	2181.4525716711933	0.75
1898.8856000900987	1200	14.240302160318981	0.0	601738	4037.2683459123427	0.75
1903.7862960767116	1200	13.339606173706297	0.0	616206	4900.695986612684	1.2
1909.109860689687	1200	12.016041560730908	0.0	656471	5323.5646129753895	1.2
1913.2231484702852	1200	11.902753780132667	0.0	536667	4113.287780598241	1.2
1917.3423077797372	1200	11.783594470680427	0.0	587236	4119.1593094522395	1.2
1922.0704667094387	1200	11.055435540978888	0.0	590335	4728.158929701539	1.2
1926.4045505295157	1200	10.72135172090169	0.0	696376	4334.083820077198	1.2
1930.4654394193246	1200	10.66046283109285	0.0	487160	4060.888889808839	1.2
1934.4326929412719	1200	10.69320930914572	0.0	622896	3967.253521947131	1.2
1937.5534330083833	1200	11.572469242034456	0.0	641447	3120.7400671112646	1.2
1940.1574204057188	1200	12.96848184469902	0.0	570392	2603.9873973354347	1.2
1942.5974627401345	1200	14.528439510283334	0.0	620283	2440.042334415686	1.2
1944.9766100122336	1200	16.149292238184234	0.0	584349	2379.1472720991032	1.2
1947.7461486184043	1200	17.379753632013447	0.0	670129	2769.5386061707873	1.2
1950.9597229658082	1200	18.166179284609527	0.0	690253	3213.5743474039173	1.2
1955.3206811287832	1850	17.8052211216344	0.0	943942	4360.958162975127	1.2000000000000002
1957.775493360522	1850	19.35040888989553	0.0	728962	2454.812231738871	1.85
1961.0872622785091	1850	20.03863997190835	0.0	938587	3311.7689179871804	1.85
1964.504657413557	1850	20.62124483686054	0.0	908665	3417.395135047811	1.85
1969.0802208294156	1850	20.045681421001767	0.0	930577	4575.5634158587745	1.85
1976.933457658486	1850	16.192444591931398	0.0	858450	7853.236829070369	1.85
1982.8660940981495	1850	14.2598081522678	0.0	1025005	5932.636439663596	1.85
1989.6624255240595	1850	11.463476726357822	0.0	886255	6796.331425909979	1.85
1992.9737399484056	1200	12.152162302011615	0.0	634861	3311.314424346206	0.5499999999999999
1996.2742377315465	1200	12.851664518870802	0.0	630203	3300.497783140812	1.2
1999.6715888397327	1200	13.454313410684286	0.0	638661	3397.3511081865163	1.2
2009.5023277624566	1850	7.623574487960459	0.0	830730	9830.738922723827	1.2000000000000002
2011.5061412630992	1850	9.619760987318028	0.0	846370	2003.8135006424313	1.85
2012.4645548514764	750	12.66134739894077	0.0	450283	958.4135883772582	0.75
2013.7262986541289	1200	15.399603596288202	0.0	611087	1261.743802652569	0.75
2014.9542021762077	1200	18.171700074209294	0.0	571051	1227.903522078908	1.2
2016.2470247754156	1200	20.878877475001413	0.0	617681	1292.8225992078821	1.2
2020.2789743485678	4300	20.84692790184931	0.0	2233056	4031.949573152101	1.1999999999999997
2023.9038821054626	4300	21.222020144954442	0.0	1941625	3624.9077568948715	4.3
2029.6804547124534	4300	19.445447537963528	0.0	2157535	5776.572606990916	4.3
2033.9069483156934	4300	19.218953934723434	0.0	2290172	4226.493603240092	4.3
2038.208412259439	4300	18.91748999097784	0.0	2055469	4301.463943745596	4.3
2045.753610516357	4300	15.372291734059766	0.0	2169201	7545.198256918073	4.3
2054.9409491728543	4300	10.184953077562522	0.0	2173522	9187.338656497244	4.3
2061.181194082314	2850	7.944708168102622	0.0	1519951	6240.244909459901	1.4000000000000001
2065.490958885755	1850	7.634943364661511	0.0	946851	4309.764803441111	0.8500000000000001
2071.140438543401	1850	5.985463707015534	0.0	1036454	5649.479657645977	1.85
2075.174078761058	1850	5.9518234893588415	0.0	821631	4033.640217656692	1.85
2077.737879293376	1200	7.388022957040872	0.0	587876	2563.80053231797	0.5499999999999999
2080.4262343234527	1200	8.699667926964164	0.0	617242	2688.355030076707	1.2
2083.2129084139933	1200	9.912993836423746	0.0	581493	2786.6740905404176	1.2
2087.116348520511	1200	10.009553729905841	0.0	639204	3903.440106517904	1.2
2090.55586514193	1200	10.570037108486664	0.0	586839	3439.5166214191768	1.2
2093.1953092784534	1200	11.930592971963753	0.0	601738	2639.4441365229113	1.2
2096.198274683276	1200	12.927627567140965	0.0	616206	3002.9654048227894	1.2
2099.847030947951	1200	13.278871302465813	0.0	656471	3648.7562646751494	1.2
2103.5704762854257	1200	13.55542596499166	0.0	536667	3723.445337474154	1.2
2107.982326897067	1200	13.143575353350233	0.0	587236	4411.850611641428	1.2
2113.9288981644304	1200	11.197004085987114	0.0	590335	5946.571267363119	1.2
2118.3099192790555	1200	10.815982971361784	0.0	696376	4381.02111462533	1.2
2121.943982544358	1200	11.181919706059372	0.0	487160	3634.0632653024118	1.2
2126.2044529808895	1200	10.9214492695277	0.0	622896	4260.470436531671	1.2
2132.5567055222973	1200	8.569196728119707	0.0	641447	6352.252541407994	1.2
2134.434177991678	750	10.691724258738974	0.0	358218	1877.472469380733	0.3
2135.7063099218835	750	13.419592328533623	0.0	400322	1272.1319302053512	0.75
2137.11260502542	750	16.013297224997125	0.0	369834	1406.2951035364974	0.75
2139.3804114113595	750	17.745490839057755	0.0	412837	2267.8063859393706	0.75
2141.4525396418367	750	19.673362608580675	0.0	401088	2072.1282304770793	0.75
2143.338178318789	1200	21.787723931628786	0.0	598727	1885.6386769518915	0.75
2144.9767590063325	1200	24.149143244084804	0.0	487812	1638.5806875439807	1.2
2147.6685528021953	1200	25.457349448222256	0.0	575591	2691.793795862547	1.2
2153.7983399429954	1850	23.327562307421946	0.0	908665	6129.78714080031	1.2000000000000002
2159.708364032084	1850	21.41753821833375	0.0	930577	5910.0240890882	1.85
2166.6221348864087	1850	18.503767364008777	0.0	858450	6913.770854324971	1.85
2174.1309916880878	1850	14.994910562329796	0.0	1025005	7508.856801678981	1.85
2177.303463948052	1200	15.822438302365283	0.0	599477	3172.4722599645143	0.5499999999999999
2181.5330932423526	1200	15.592809008064593	0.0	634861	4229.629294300689	1.2
2184.771252830012	1200	16.354649420405174	0.0	630203	3238.1595876594192	1.2
2189.801425697334	1850	15.324476553083878	0.0	982064	5030.172867321296	1.2000000000000002
2194.310761193682	1850	14.81514105673565	0.0	830730	4509.335496348229	1.85
2201.156040890415	2850	11.969861360002549	0.0	1364537	6845.2796967331005	1.85
2203.7673862224506	750	13.358516027967163	0.0	450283	2611.3453320353874	0.75
2205.7753057973305	750	15.350596453087192	0.0	398865	2007.9195748799696	0.75
2207.4078143127713	750	17.718087937646327	0.0	350812	1632.5085154408625	0.75
2210.9553919060754	1200	18.170510344342212	0.0	617681	3547.577593304115	0.75
2214.357578000933	1200	18.76832424948484	0.0	652874	3402.18609485737	1.2
2220.8600010451623	1200	16.265901205255375	0.0	520315	6502.4230442294665	1.2
2225.4287192494107	1200	15.697183001007325	0.0	561791	4568.718204248052	1.2
2229.7845286102893	1200	15.34137364012894	0.0	709534	4355.8093608783865	1.2
2234.9523771065624	1200	14.173525143855713	0.0	584846	5167.848496273226	1.2
2238.9589782918993	1200	14.166923958518746	0.0	560821	4006.6011853369664	1.2
2242.592566008302	1200	14.53333624211648	0.0	607410	3633.587716402266	1.2
2245.079738530387	1200	16.04616372003145	0.0	594078	2487.172522085029	1.2
2248.588653867864	1200	16.53724838255451	0.0	624282	3508.9153374769417	1.2
2252.3464438145593	1200	16.7794584358592	0.0	687371	3757.7899466953104	1.2
2256.2168186182307	1200	16.90908363218813	0.0	526950	3870.3748036710695	1.2
2260.931364794436	1200	16.194537455982946	0.0	587876	4714.546176205181	1.2
2269.7760858897677	1200	11.349816360650966	0.0	617242	8844.72109533198	1.2
2280.4731059246706	1200	4.652796325748042	0.0	581493	10697.020034902924	1.2
2283.615004953013	300	5.51089729740594	0.0	165384	3141.899028342103	-0.6000000000000001
2285.6805471715757	300	7.445355078843031	0.0	140881	2065.5422185629086	0.3
2287.5966933310506	300	9.529208919367766	0.0	157671	1916.1461594752654	0.3
2290.024085719033	300	11.10181653138596	0.0	157812	2427.392387981805	0.3
2293.492237585344	300	11.633664665074841	0.0	163927	3468.1518663111206	0.3
2294.761420608594	300	14.364481641824412	0.0	137654	1269.183023250428	0.3
2295.4953580755655	300	17.630544174853	0.0	146754	733.9374669714133	0.3
2296.2206327444283	300	20.905269505990198	0.0	153938	725.2746688628046	0.3
2300.8770090445446	750	20.248893205873713	0.0	425781	4656.376300116484	0.3
2304.537874914947	750	20.588027335470827	0.0	277716	3660.865870402884	0.75
2308.390368726974	1200	20.735533523444364	0.0	622896	3852.4938120264646	0.75

