1195.9109406870853	750	4.0	6.846109202827105	450283	6846.109202827105	-28.68826957215655
1197.9522183508536	300	5.958722336231715	0.0	155580	2041.2776637682844	-0.15000000000000002
1199.1934028411486	300	8.717537845936512	0.0	139857	1241.1844902952027	0.3
1200.032313338815	300	11.878627348270129	0.0	155432	838.910497666384	0.3
1200.7529783663078	300	15.157962320777262	0.0	163442	720.6650274928664	0.3
1201.3312488843708	300	18.57969180271442	0.0	126289	578.2705180628435	0.3
1202.022910894011	300	21.888029793074377	0.0	153295	691.6620096400438	0.3
1202.8182909560953	300	25.092649730989848	0.0	173849	795.3800620845286	0.3
1203.6238974010116	300	28.287043286073743	0.0	150710	805.6064449161069	0.3
1204.331957528791	300	31.578983158294463	0.0	139105	708.0601277792763	0.3
1205.816899024887	750	34.094041662198315	0.0	353220	1484.941496096152	0.3
1211.2810972197358	750	32.629843467349396	0.0	405134	5464.198194848922	0.75
1214.1605922303665	750	33.750348456718726	0.0	386351	2879.495010630664	0.75
1216.000582093236	750	35.910358593849175	0.0	434409	1839.9898628695528	0.75
1217.2120632997153	750	38.69887738736999	0.0	337059	1211.4812064791845	0.75
1218.51733773558	750	41.39360295150518	0.0	366214	1305.2744358648113	0.75
1219.8491142731955	750	44.06182641388974	0.0	360831	1331.7765376154366	0.75
1221.2403684006279	750	46.67057228645735	0.0	372963	1391.2541274323944	0.75
1224.1605721049527	1200	47.75036858213233	0.0	639204	2920.203704325018	0.75
1226.5913507964206	1200	49.31958989066439	0.0	586839	2430.7786914679377	1.2
1229.2221247615003	1200	50.68881592558474	0.0	601738	2630.773965079654	1.2
1231.287273628495	1200	52.62366705858975	0.0	616206	2065.148866994994	1.2
1233.0225550225841	1200	54.8883856645008	0.0	656471	1735.281394088946	1.2
1234.5098825506554	1200	57.40105813642949	0.0	536667	1487.3275280713128	1.2
1236.1349442715837	1200	59.77599641550122	0.0	587236	1625.061720928274	1.2
1239.711421862068	1850	59.88331401392203	0.0	905935	2892.682401579186	1.2000000000000002
1243.9431375582421	1850	59.56285376028754	0.0	1076599	3320.460253634496	1.85
1246.4230228698261	1850	59.97003882576536	0.0	758197	2092.8149345221827	1.85
1249.9305371905805	1850	59.60981685391902	0.0	972798	2860.221971846334	1.85
1253.127847245635	1850	59.739308000845774	0.0	975811	2870.5088530732432	1.85
1255.2360805945502	1850	59.55359192737894	0.0	873429	1685.7160734668387	1.85
1258.9353925601276	1850	59.85427996180152	0.0	954453	3199.311965577422	1.85
1262.9118515901944	1850	59.811965067281	0.0	885062	3042.3148945205176	1.85
1266.7293491591222	1850	59.994467498352996	0.0	1035329	3317.4975689280063	1.85
1270.3835514672928	1850	59.95218719650489	0.0	1026056	3042.280301848112	1.85
1274.2090693652574	1850	59.505889250683616	0.0	943942	2946.2979458212712	1.85
1277.4572747207746	1850	59.99739654899676	0.0	728962	3008.492701686853	1.85
1281.4157826682592	1850	59.81799890216966	0.0	938587	3679.3976468270976	1.85
1285.1714773166013	1850	59.78420672832729	0.0	908665	3533.7921738423674	1.85
1289.3875105782513	1850	59.56817346667754	0.0	930577	4216.03326164975	1.85
1292.9647794862722	1850	59.83900688074176	0.0	858450	2729.1665859357818	1.85
1296.8310482063998	1850	59.749923681720595	0.0	1025005	3089.083199021169	1.85
1300.510761573762	1850	59.99765975859285	0.0	886255	3252.2639231277412	1.85
1305.1796338580189	1850	59.328787474335975	0.0	973972	4668.872284256881	1.85
1308.5610175964923	1850	59.94740373586246	0.0	958994	3381.3837384735175	1.85
1312.7408522981384	2850	59.7675690342163	0.0	1483527	4179.834701646152	1.85
1318.047109369723	4300	58.461311962631605	0.0	1961140	5306.2570715847	2.8499999999999996
1326.3088771386203	4300	54.19954419373447	0.0	2155012	8261.767768897138	4.3
1329.195911730921	750	55.3125096014337	0.0	450283	2887.034592300759	0.75
1331.624243134296	750	56.88417819805861	0.0	398865	2428.3314033750876	0.75
1334.7821161451145	1200	57.72630518724015	0.0	571051	3157.8730108184714	0.75
1339.2485767759572	1200	57.259844556397375	0.0	617681	4466.460630842778	1.2
1342.588006116881	1200	57.920415215473554	0.0	652874	3339.4293409238135	1.2
1346.776736481287	1200	57.73168485106767	0.0	520315	4188.730364405883	1.2
1355.6060530747416	1200	52.902368257613006	0.0	561791	8829.316593454661	1.2
1364.2025908969613	1200	48.30583043539313	0.0	709534	8596.53782221988	1.2
1370.6840579921068	1200	45.82436334024764	0.0	584846	6481.467095145489	1.2
1375.914081760501	750	44.5943395718535	0.0	362795	5230.023768394139	0.3
1378.3180356560588	300	46.19038567629579	0.0	141840	2403.953895557719	-0.15000000000000002
1380.3858086604296	300	48.122612671924834	0.0	156148	2067.7730043709535	0.3
1381.4194400772606	300	51.08898125509382	0.0	160746	1033.6314168310114	0.3
1383.091451060637	300	53.41697027171743	0.0	179801	1672.0109833763893	0.3
1385.2048432896547	300	55.30357804269967	0.0	140051	2113.392229017757	0.3
1387.1434568964194	300	57.364964435935036	0.0	138313	1938.6136067646344	0.3
1388.961906915998	300	59.54651441635644	0.0	143509	1818.4500195785945	0.3
1390.3978428769433	300	59.69534382911922	0.0	150616	851.1705872372268	0.3
1391.537943082859	300	59.756676413015285	0.0	165384	938.6674161039288	0.3
1394.0347260766894	300	59.50950131100599	0.0	140881	2247.175102009302	0.3
1395.4186325421604	300	59.89685202418105	0.0	157671	612.6492868249379	0.3
1396.8002536136428	300	59.7876700777629	0.0	157812	609.1819464181535	0.3
1399.3956964067688	750	59.56616824373204	0.0	401853	1721.501834030858	0.3
1401.1975587594482	750	59.80220754693998	0.0	343800	1263.9606967920558	0.75
1402.8770915894054	750	59.68539195990486	0.0	359903	1116.8155870351175	0.75
1404.5028635499768	750	59.56336460108028	0.0	379700	1122.0273588245798	0.75
1406.7910159185026	750	59.8676607176908	0.0	425781	2195.7038833894812	0.75
1410.9419132479552	750	59.71676338823811	0.0	277716	3650.8973294526977	0.75
1418.1874756241352	750	56.47120101205807	0.0	400396	7245.562376180039	0.75
1423.5553959944245	750	55.10328064176868	0.0	400508	5367.920370289383	0.75
1426.882746161832	750	55.77593047436123	0.0	358218	3327.3501674074532	0.75
1432.4578682295667	750	54.20080840662665	0.0	400322	5575.122067734584	0.75
1436.9453533106005	750	53.713323325592775	0.0	369834	4487.485081033865	0.75
1439.8603733624448	750	54.79830327374825	0.0	412837	2915.020051844529	0.75
1446.8633019676913	750	51.79537466850171	0.0	401088	7002.928605246539	0.75

