145751.95919078175	750	4.0	2.5826148246442413	450283	2582.6148246442413	-10.355243745970236
145754.87022506865	750	5.0889657130845265	0.0	398865	2911.0342869154742	0.75
145759.16218693665	1200	4.797003845086179	0.0	571051	4291.961867998347	0.75
145763.28009379745	1200	4.679096984292248	0.0	617681	4117.906860793932	1.2
145767.86962226423	1200	4.089568517493883	0.0	652874	4589.528466798364	1.2
145771.3483840111	1200	4.610806770648661	0.0	520315	3478.7617468452227	1.2
145774.43365531712	750	5.525535464609166	0.0	352642	3085.2713060394954	0.3
145778.3156665726	750	5.643524209149833	0.0	437162	3882.0112554593325	0.75
145781.6351897267	750	6.324001055074445	0.0	374758	3319.5231540753875	0.75
145784.56540779796	750	7.3937829837903415	0.0	362795	2930.2180712841036	0.75
145787.78938806005	750	8.169802721721453	0.0	353220	3223.980262068889	0.75
145791.7362865398	750	8.222904241955742	0.0	405134	3946.8984797657104	0.75
145795.8211307467	750	8.138060035015764	0.0	386351	4084.8442069399784	0.75
145800.46169272513	750	7.497498056620657	0.0	434409	4640.561978395107	0.75
145803.53253278704	750	8.42665799471114	0.0	337059	3070.8400619095164	0.75
145806.99416894795	750	8.965021833801355	0.0	366214	3461.6361609097858	0.75
145810.10553480728	750	9.853655974442713	0.0	360831	3111.365859358642	0.75
145813.1389034003	750	10.820287381446766	0.0	372963	3033.3685929959465	0.75
145815.9658092604	750	11.993381521338092	0.0	405596	2826.905860108674	0.75
145820.5425256367	1200	11.416665145037179	0.0	586839	4576.716376300912	0.75
145825.1167029789	1200	10.84248780282446	0.0	601738	4574.177342212718	1.2
145829.30553544266	1200	10.653655339087466	0.0	616206	4188.832463736993	1.2
145833.89529569857	1200	10.063895083143809	0.0	656471	4589.760255943659	1.2
145838.06782179678	1200	9.891368984961554	0.0	536667	4172.526098182255	1.2
145842.92093363413	1200	9.038257147608391	0.0	587236	4853.1118373531635	1.2
145848.02822228862	1200	7.930968493118468	0.0	590335	5107.288654489923	1.2
145856.04552121036	1200	4.0	0.08633042861280865	696376	8017.298921731276	0.8287791569649228
145858.97977201617	750	5.0657491941828665	0.0	277716	2934.250805817134	0.3
145863.02902215268	750	5.016499057656564	0.0	400396	4049.250136526303	0.75
145867.3933289074	750	4.652192302949417	0.0	400508	4364.306754707146	0.75
145870.65612929498	750	5.38939191535711	0.0	358218	3262.8003875923077	0.75
145874.18990736554	750	5.855613844818328	0.0	400322	3533.778070538781	0.75
145877.8833426311	750	6.162178579241445	0.0	369834	3693.435265576883	0.75
145881.29864912393	750	6.746872086411906	0.0	412837	3415.3064928295394	0.75
145884.91843770197	750	7.127083508369906	0.0	401088	3619.7885780420006	0.75
145889.1173625233	750	6.928158687031448	0.0	365161	4198.924821338457	0.75
145893.00662173243	750	7.038899477902527	0.0	321064	3889.259209128921	0.75
145899.72498458988	750	4.320536620464431	0.0	361565	6718.362857438096	0.75
145901.2665819339	300	6.778939276453429	0.0	144254	1541.5973440110013	-0.15000000000000002
145902.79856392616	300	9.246957284172225	0.0	149991	1531.9819922812048	0.3
145905.8568178725	750	10.188703337826842	0.0	345516	3058.2539463453822	0.3
145908.8746875179	750	11.170833692415341	0.0	384505	3017.8696454115006	0.75
145912.41007653094	750	11.635444679406088	0.0	372093	3535.3890130092536	0.75
145917.74597499805	1200	10.299546212278523	0.0	634861	5335.898467127565	0.75
145922.58205838705	1200	9.463462823286592	0.0	630203	4836.08338899193	1.2
145928.66985972394	1200	7.375661486377688	0.0	638661	6087.801336908904	1.2
145937.9527045435	1200	4.0	1.907183333166955	538612	9282.844819544644	-7.000888332617905
145947.73846126476	1200	4.0	5.785756721253632	550906	9785.756721253632	-23.678753901390618
145953.26094229906	750	4.0	1.522481034315828	450283	5522.481034315828	-5.796668447558059
145954.92691818965	300	6.334024109431233	0.0	155580	1665.975890568767	-0.15000000000000002
145956.66165822864	300	8.599284070435798	0.0	139857	1734.7400389954341	0.3
145958.2123971148	300	11.048545184247283	0.0	155432	1550.7388861885163	0.3
145962.1316956959	750	11.129246603181343	0.0	411561	3919.2985810659397	0.3
145964.79163464412	750	12.469307654928706	0.0	318564	2659.938948252638	0.75
145968.76828319888	750	12.492659100148266	0.0	352642	3976.6485547804386	0.75
145973.3094494321	750	11.951492866934666	0.0	437162	4541.166233213601	0.75
145984.05219507654	1200	5.208747222501665	0.0	584846	10742.745644433002	0.75
145989.31406575642	750	4.0	0.05312345736977932	362795	5261.870679871444	0.0715691333099489
145991.50459096377	300	5.809474792617653	0.0	141840	2190.5252073823467	-0.15000000000000002
145993.42978989927	300	7.884275857141268	0.0	156148	1925.1989354763855	0.3
145996.04946085706	300	9.264604899335321	0.0	160746	2619.670957805946	0.3
146000.29823526923	300	9.015830487158986	0.0	179801	4248.774412176335	0.3
146004.39365792923	300	8.920407827153696	0.0	140051	4095.42266000529	0.3
146008.3085675852	300	9.005498171204168	0.0	138313	3914.9096559495283	0.3
146012.17650653332	300	9.137559223083354	0.0	143509	3867.9389481208154	0.3
146016.96407959991	300	8.349986156486498	0.0	150616	4787.573066596855	0.3
146021.76060117033	300	7.553464586076486	0.0	165384	4796.521570410013	0.3
146024.64818839665	300	8.665877359740579	0.0	140881	2887.587226335908	0.3
146027.39725112	300	9.916814636408496	0.0	157671	2749.062723332082	0.3
146031.55474484537	300	9.759320911054	0.0	157812	4157.493725354498	0.3
146034.7169346192	300	10.597131137211237	0.0	163927	3162.189773842761	0.3
146038.07164095916	300	11.24242479728755	0.0	137654	3354.7063399236895	0.3
146043.0890299118	300	10.225035844656578	0.0	146754	5017.388952630971	0.3
146047.00333784128	300	10.310727915176718	0.0	153938	3914.307929479859	0.3
146050.401210498	300	10.912855258442145	0.0	181901	3397.872656734574	0.3
146052.50685798837	300	12.807207768077742	0.0	111155	2105.6474903644034	0.3
146055.33797271445	300	13.97609304198332	0.0	153605	2831.114726094422	0.3
146057.5478335642	300	15.766232192245475	0.0	149029	2209.8608497378455	0.3
146059.9626249125	300	17.351440843927193	0.0	157421	2414.791348318281	0.3
146066.75126034484	750	14.56280541159007	0.0	400322	6788.635432337124	0.3
146081.362156058	750	4.0	0.048090301568030555	369834	14610.895713158101	0.5432117032574686
146084.09424556757	300	5.267910490422619	0.0	163444	2732.0895095773817	-0.15000000000000002
146086.64185283473	300	6.720303223241904	0.0	179328	2547.607267180714	0.3
146088.76367230082	300	8.598483757171037	0.0	159914	2121.819466070867	0.3
146092.04180542874	300	9.320350629252905	0.0	131610	3278.1331279181313	0.3
146099.16192230702	300	6.200233750978054	0.0	124011	7120.116878274852	0.3
146105.68888733737	300	4.0	0.326731279372766	144254	6526.96503035082	-1.1049445013028938
146110.68667240918	300	4.0	0.9977850718078207	149991	4997.785071807821	-3.9904758087736294
146115.09369921332	300	4.0	0.40702680415589837	147968	4407.026804155898	-1.4502152578703629
146119.70100919897	300	4.0	0.6073099856315439	161857	4607.309985631544	-2.311432938215639
146123.28347367028	300	4.417535528696908	0.0	145210	3582.4644713030925	0.3
146128.46972242935	300	4.0	0.7687132303749941	172312	5186.248759071902	-3.0054668906124746
146133.33531941348	300	4.0	0.8655969841386177	167025	4865.596984138618	-3.422067031796056
146138.97118819607	300	4.0	1.635868782576611	160064	5635.868782576611	-6.734235765079427
146140.8356013309	300	6.135586865157111	0.0	137507	1864.4131348428896	0.3
146142.03071834217	300	8.940469853901387	0.0	118421	1195.1170112557218	0.3
146146.14135512142	750	8.829833074618085	0.0	450283	4110.6367792833025	0.75
146149.72040849517	750	9.250779700889042	0.0	398865	3579.0533737290425	0.75
146152.6586824431	750	10.312505752939325	0.0	350812	2938.2739479497172	0.75
146155.92863628498	750	11.042551911067436	0.0	382355	3269.95384187189	0.75
146161.44860289397	1200	9.52258530205992	0.0	652874	5519.966609007517	0.75
146166.37252639033	1200	8.59866180570086	0.0	520315	4923.923496359059	1.2
146170.87044571614	1200	8.100742479906154	0.0	561791	4497.919325794705	1.2
146175.96434060647	1200	7.006847589565029	0.0	709534	5093.894890341126	1.2
146180.15420552503	1200	6.816982671001897	0.0	584846	4189.864918563132	1.2
146183.97551223496	1200	6.99567596108747	0.0	560821	3821.3067099144264	1.2
146189.46172436443	1200	5.509463831611082	0.0	607410	5486.212129476388	1.2
146195.04985762623	1200	4.0	0.07866943019715109	594078	5588.133261808233	0.8617214501522503
146199.57483847637	750	4.0	0.5249808501170946	386351	4524.980850117095	-1.9574176555035068
146202.54761889813	750	5.027219578239643	0.0	434409	2972.7804217603575	0.75
146204.89121812116	750	6.683620355203695	0.0	337059	2343.5992230359484	0.75
146207.31964273972	750	8.255195736670743	0.0	366214	2428.4246185329525	0.75
146209.83396412584	750	9.740874350542807	0.0	360831	2514.321386127937	0.75
146213.9106178842	1200	9.664220592207975	0.0	581493	4076.653758334831	0.75
146219.17834865383	1200	8.396489822559932	0.0	639204	5267.730769648045	1.2
146223.55438656683	1200	8.020451909577494	0.0	586839	4376.037912982439	1.2
146228.21780216435	1200	7.357036312044076	0.0	601738	4663.415597533417	1.2
146232.9433232664	1200	6.631515210008503	0.0	616206	4725.521102035573	1.2
146238.7185115656	1200	4.8563269108061835	0.0	656471	5775.18829920232	1.2
146246.13864758017	1200	4.0	2.5638091037804362	536667	7420.136014586619	-9.824379146255875
146249.7003439473	750	4.43830363288323	0.0	359903	3561.69636711677	0.3
146252.89724835395	750	5.241399226205752	0.0	379700	3196.904406677477	0.75
146256.79699887327	750	5.341648706886212	0.0	425781	3899.7505193195416	0.75
146259.64476075317	750	6.493886826963916	0.0	277716	2847.7618799222955	0.75
146263.58837535363	750	6.550272226516007	0.0	400396	3943.6146004479087	0.75
146267.07631010306	750	7.062337477095328	0.0	400508	3487.9347494206795	0.75
146270.5501305489	750	7.588517031248881	0.0	358218	3473.8204458464475	0.75
146273.86699526585	750	8.271652314313279	0.0	400322	3316.8647169356022	0.75
146277.18292032275	750	8.955727257421207	0.0	369834	3315.9250568920706	0.75
146283.02531274865	750	7.113334831530429	0.0	412837	5842.392425890779	0.75
146290.26917616226	750	4.0	0.13052858205988652	401088	7243.863413590315	0.18872709714248803
146293.9996918538	750	4.269484308440268	0.0	365161	3730.5156915597317	0.75
146295.4489587854	300	6.820217376834949	0.0	131610	1449.2669316053193	-0.15000000000000002
146296.6685640175	300	9.60061214470814	0.0	124011	1219.6052321268094	0.3
146300.65865313474	750	9.610523027489103	0.0	378327	3990.0891172190372	0.3
146305.00495464756	750	9.264221514652869	0.0	390680	4346.301512836236	0.75
146309.62567612165	750	8.643500040559058	0.0	345516	4620.72147409381	0.75
146321.51136561314	750	4.0	3.24218945091173	384505	11885.689491470788	-13.191414638920438
146323.90167054805	300	5.609695065076322	0.0	145210	2390.304934923677	-0.15000000000000002
146327.2841546292	300	6.227210983930865	0.0	172312	3382.4840811454583	0.3
146329.55809097478	300	7.953274638368455	0.0	167025	2273.9363455624093	0.3
146332.49370591415	300	9.017659699020559	0.0	160064	2935.614939347898	0.3
146334.7217686716	750	10.789596941560589	0.0	331053	2228.062757459969	0.3
146342.1892971457	1850	7.32206846746886	0.0	846370	7467.528474091729	0.75
146345.15352682196	750	8.357838791201084	0.0	450283	2964.229676267777	0.75
146347.4411074024	750	10.070258210771733	0.0	398865	2287.5805804293504	0.75
146349.42448049737	750	12.08688511583096	0.0	350812	1983.3730949407736	0.75
146351.8966837099	750	13.614681903287007	0.0	382355	2472.203212543953	0.75
146356.07542651382	1200	13.435939099364338	0.0	652874	4178.742803922666	0.75
146362.34335932662	1850	11.168006286541774	0.0	801058	6267.932812822566	1.2000000000000002
146369.91830183208	1850	7.593063781087793	0.0	905515	7574.942505453981	1.85
146377.57422501437	1850	4.0	0.06285940118998587	1060487	7655.923182277778	1.579704574883061
146381.5166713048	750	4.057553709568802	0.0	374758	3942.4462904311977	-0.3500000000000001
146384.32101127616	750	5.253213738194018	0.0	362795	2804.3399713747845	0.75
146386.773656292	750	6.800568722354699	0.0	353220	2452.6450158393177	0.75
146390.52034931042	750	7.053875703909016	0.0	405134	3746.693018445683	0.75
146393.07092652933	750	8.503298485018519	0.0	386351	2550.577218890497	0.75
146398.1709543132	1200	7.403270701149347	0.0	687371	5100.027783869172	0.75
146401.79367911772	1200	7.7805458966419225	0.0	526950	3622.724804507424	1.2
146406.3318033551	1200	7.242421659261703	0.0	587876	4538.12423738022	1.2
146411.73263937197	1200	5.841585642390635	0.0	617242	5400.836016871068	1.2
146416.24056960215	1200	5.333655412219899	0.0	581493	4507.930230170736	1.2
146419.80233008525	750	5.7718949290923325	0.0	405596	3561.7604831275667	0.3
146422.6391368239	750	6.935088190410707	0.0	350713	2836.8067386816256	0.75
146426.53325980317	750	7.04096521116599	0.0	386472	3894.122979244717	0.75
146435.3434220719	750	4.0	1.7691970575611922	399894	8810.162268727183	-6.857547347513126
146440.60526238676	750	4.0	1.2618403148577282	401853	5261.840314857728	-4.675913353888231
146443.06589859488	300	5.539363791877414	0.0	137654	2460.636208122586	-0.15000000000000002
146444.79687048326	300	7.808391903517689	0.0	146754	1730.9718883597243	0.3
146446.7547209206	300	9.850541466155867	0.0	153938	1957.8504373618214	0.3
146448.39112507878	300	12.21413730802214	0.0	181901	1636.4041581337278	0.3
146451.97513987898	750	12.630122507800603	0.0	277716	3584.014800221537	0.3
146462.53179384608	750	6.0734685407056075	0.0	400396	10556.653967094995	0.75
146470.11784227527	750	4.0	1.5125798884944726	400508	7586.04842920008	-5.754093520526232
146471.40596572528	300	6.71187655000376	0.0	157421	1288.12344999624	-0.15000000000000002
146472.64702382238	300	9.470818452886993	0.0	157488	1241.0580971167653	0.3
146473.81483693563	300	12.303005339656549	0.0	143881	1167.8131132304443	0.3
146475.16321911808	300	14.954623157205921	0.0	163444	1348.382182450628	0.3
146480.14607377735	1200	13.971768497949476	0.0	690253	4982.8546592564435	0.29999999999999993
146490.1180641532	1200	7.999778122081236	0.0	598727	9971.990375868241	1.2
146507.19412093668	1200	4.0	9.076278661382574	487812	17076.05678346381	-37.82799824394506
146513.09381686893	300	4.0	1.8996959322381664	124011	5899.695932238166	-8.768692508624115
146518.12503215304	300	4.0	1.0312152841107318	144254	5031.215284110732	-4.134225721676147
146521.66018572092	300	4.4648464321255386	0.0	149991	3535.1535678744613	0.3
146523.9989247845	300	6.126107368545745	0.0	147968	2338.7390635797933	0.3
146526.3460720204	300	7.778960132672269	0.0	161857	2347.147235873475	0.3
146528.75082920832	300	9.374202944752554	0.0	145210	2404.757187919715	0.3
146531.51026935634	300	10.61476279671453	0.0	172312	2759.4401480380257	0.3
146536.6989643625	750	9.426067790565165	0.0	398987	5188.695006149364	0.3
146543.4686591963	750	6.656372956751734	0.0	393804	6769.694833813431	0.75
146546.16624082532	750	7.958791327748774	0.0	331053	2697.5816290029607	0.75
146550.79920631414	1200	7.325825838922305	0.0	550906	4632.965488826469	0.75
146554.64739690165	750	7.477635251440951	0.0	450283	3848.1905874813538	0.75
146558.1020856039	750	8.022946549174927	0.0	398865	3454.6887022660235	0.75
146561.30225734308	750	8.82277480999758	0.0	350812	3200.171739177347	0.75
146571.15631509034	750	4.0	1.0312829372449832	382355	9854.057747242563	-3.6845166301534276
146582.1704940534	750	4.0	7.014178963064492	411561	11014.178963064493	-29.410969541177316
146583.84197544126	300	6.328518612158232	0.0	126289	1671.4813878417672	-0.15000000000000002
146585.44854358106	300	8.721950472322543	0.0	153295	1606.568139835688	0.3
146586.85633496832	300	11.314159085069393	0.0	173849	1407.791387253149	0.3
146588.1349530431	300	14.03554101028567	0.0	150710	1278.6180747837238	0.3
146591.22412626405	750	14.946367789363116	0.0	362795	3089.1732209225534	0.3
146600.29614284882	1200	9.87435120458959	0.0	607410	9072.016584773524	0.75
146605.0811561477	1200	9.089337905724479	0.0	594078	4785.013298865112	1.2
146611.96987379392	1200	6.200620259498149	0.0	624282	6888.71764622633	1.2
146617.42140611587	1200	4.749087937566848	0.0	687371	5451.5323219313	1.2
146623.27082007623	750	4.0	1.1003260227929805	337059	5849.413960359829	-4.431401898009816
146628.65732876683	300	4.0	1.3865086906064217	138313	5386.508690606422	-6.111987369607613
146632.09582434077	300	4.561504426050066	0.0	143509	3438.495573949934	0.3
146633.51342704866	300	7.143901718147798	0.0	150616	1417.6027079022676	0.3
146634.80619508997	300	9.851133676832525	0.0	165384	1292.7680413152718	0.3
146636.3020277562	300	12.35530101057882	0.0	140881	1495.832666253706	0.3
146638.05725856908	300	14.60007019771439	0.0	157671	1755.2308128644308	0.3
146643.76923322637	750	12.888095540440128	0.0	399894	5711.97465727426	0.3
146647.85101483495	750	12.806313931845292	0.0	401853	4081.7816085948352	0.75
146651.51775185356	750	13.139576913228005	0.0	343800	3666.737018617286	0.75
146658.00353200015	750	10.6537967666215	0.0	359903	6485.780146606504	0.75
146661.90731642448	750	10.750012342283267	0.0	379700	3903.7844243382356	0.75
146665.37332978283	750	11.283998983919217	0.0	425781	3466.0133583640495	0.75
146667.84491676706	750	12.812411999703746	0.0	277716	2471.5869842154702	0.75
146671.4179008924	750	13.23942787435694	0.0	400396	3572.984125346807	0.75
146675.2370206594	750	13.420308107357458	0.0	400508	3819.1197669994813	0.75
146682.23894063468	1200	10.41838813210076	0.0	570392	7001.9199752566965	0.75
146688.13680329119	1200	8.52052547560179	0.0	620283	5897.862656498973	1.2
146691.91580648258	750	8.74152228417724	0.0	369834	3779.0031914245496	0.3
146695.4325349877	750	9.224793779072277	0.0	412837	3516.728505104962	0.75
146698.40135279074	750	10.255975976021729	0.0	401088	2968.8178030505474	0.75
146701.9656108432	750	10.691717923555391	0.0	365161	3564.258052466339	0.75
146706.30610495593	750	10.35122381081085	0.0	321064	4340.494112744539	0.75
146709.50477817416	750	11.152550592575961	0.0	361565	3198.673218234889	0.75
146712.77011717146	750	11.88721159526138	0.0	378327	3265.33899731458	0.75
146716.3725993177	750	12.284729449031238	0.0	390680	3602.4821462301425	0.75
146718.84829276975	750	13.80903599698163	0.0	345516	2475.693452049609	0.75
146725.58365939566	1200	11.073669371089167	0.0	641452	6735.366625892462	0.75
146731.28860570077	1200	9.368723065998187	0.0	599477	5704.94630509098	1.2
146737.46627555744	1200	7.191053209341236	0.0	634861	6177.669856656951	1.2
146745.75493943144	1200	4.0	1.0976106646583184	630203	8288.663873999554	-3.5197258580307684
146749.13310301694	750	4.621836414499309	0.0	393804	3378.163585500692	0.3
146751.93357689495	750	5.821362536499518	0.0	331053	2800.4738779997892	0.75
146756.10522553558	1200	5.649713895878237	0.0	550906	4171.648640621282	0.75
146759.2880759558	750	6.466863475662071	0.0	450283	3182.850420216167	0.75
146762.59465331418	750	7.160286117271866	0.0	398865	3306.577358390204	0.75
146765.46323938126	750	8.291700050197342	0.0	350812	2868.586067074524	0.75
146770.0678867102	1200	7.687052721249759	0.0	617681	4604.6473289475825	0.75
146774.85891262596	1200	6.896026805491845	0.0	652874	4791.025915757914	1.2
146778.94819522108	1200	6.806744210384033	0.0	520315	4089.2825951078116	1.2
146783.44462093624	1200	6.31031849519352	0.0	561791	4496.425715190513	1.2
146791.0500632556	1200	4.0	1.2951238241435339	709534	7605.442319337054	-4.369032443817195
146795.52207791834	750	4.0	0.4720146627677759	374758	4472.014662767776	-1.7296630499014365
146798.6971391486	750	4.824938769747383	0.0	362795	3175.0612302526174	0.75
146801.54215365864	750	5.979924259725463	0.0	353220	2845.0145100219197	0.75
146805.94248104544	750	5.579596872930201	0.0	405134	4400.327386795263	0.75
146808.57627729647	750	6.945800621890375	0.0	386351	2633.7962510398256	0.75
146813.06858159782	750	6.453496320513242	0.0	434409	4492.304301377133	0.75
146816.06269909223	750	7.459378826110806	0.0	337059	2994.1174944024365	0.75
146818.9324556182	750	8.589622300158533	0.0	366214	2869.756525952272	0.75
146821.98501786252	750	9.53706005584569	0.0	360831	3052.5622443128436	0.75
146824.83765272968	750	10.684425188679855	0.0	372963	2852.634867165834	0.75
146832.22155201974	1200	7.30052589861863	0.0	639204	7383.899290061226	0.75
146841.19752385636	1200	4.0	1.6754459380130546	586839	8975.971836631685	-6.0044175334561345
146847.76196066558	750	4.0	2.5644368092186114	386472	6564.436809218611	-10.727078279640027
146849.17377412823	300	6.588186537356867	0.0	157812	1411.8134626431327	-0.15000000000000002
146853.3597738944	750	6.4021867711889255	0.0	401853	4185.999766167942	0.3
146856.80981306924	750	6.952147596362264	0.0	343800	3450.0391748266625	0.75
146860.32755160096	750	7.43440906461725	0.0	359903	3517.738531745014	0.75
146864.6462393255	750	7.115721340073519	0.0	379700	4318.687724543731	0.75
146868.29657770036	750	7.46538296522388	0.0	425781	3650.3383748496394	0.75
146870.7399937998	750	9.021966865773743	0.0	277716	2443.4160994501362	0.75
146874.89270081942	750	8.869259846168184	0.0	400396	4152.707019605559	0.75
146878.49503771547	750	9.266922950102481	0.0	400508	3602.3368960657035	0.75
146881.74535884365	750	10.01660182190731	0.0	358218	3250.321128195172	0.75
146885.79598013684	750	9.965980528725865	0.0	400322	4050.6212931814457	0.75
146889.57557829	750	10.1863823755384	0.0	369834	3779.5981531874645	0.75
146894.30250345773	750	9.459457207839346	0.0	412837	4726.925167699053	0.75
146898.74897381166	750	9.012986853901923	0.0	401088	4446.470353937424	0.75
146902.5197852252	750	9.242175440367363	0.0	365161	3770.811413534559	0.75
146908.78318685692	750	6.978773808612899	0.0	321064	6263.401631754466	0.75
146912.5796184881	750	7.182342177445951	0.0	361565	3796.431631166948	0.75
146915.89690703593	750	7.865053629637667	0.0	378327	3317.288547808283	0.75
146921.348569242	750	6.413391423564477	0.0	390680	5451.66220607319	0.75
146926.14972444926	750	5.612236216279622	0.0	345516	4801.155207284855	0.75
146932.22591531745	750	4.0	0.4639546518969992	384505	6076.190868176621	-1.2450050031570965
146933.74807952382	300	6.477835793626279	0.0	145210	1522.164206373721	-0.15000000000000002
146937.92707970185	750	6.298835615628758	0.0	438281	4179.000177997521	0.3
146940.8475268955	750	7.378388421980379	0.0	398987	2920.447193648379	0.75
146944.6880844208	750	7.537830896675205	0.0	393804	3840.557525305174	0.75
146949.75981036923	1200	6.466104948252429	0.0	538612	5071.725948422775	0.75
146958.70925914144	1850	4.0	2.4833438239560355	846370	8949.448772208465	-9.478378443010953
146967.42067238782	750	4.0	4.7114132463507845	450283	8711.413246350785	-19.509076959308373
146976.34030558888	750	4.0	4.919633201048622	398865	8919.633201048622	-20.404422764509075
146978.6308482537	300	5.709457335166282	0.0	139857	2290.542664833718	-0.15000000000000002
146980.91525882002	300	7.4250467688429875	0.0	155432	2284.4105663232954	0.3
146985.1202653226	300	7.220040266275849	0.0	163442	4205.006502567137	0.3
146988.42591198764	300	7.91439360124096	0.0	126289	3305.6466650348907	0.3
146991.93894327848	300	8.401362310391944	0.0	153295	3513.0312908490155	0.3
146996.2524410227	300	8.087864566191133	0.0	173849	4313.497744200811	0.3
147000.20716292583	300	8.133142663060612	0.0	150710	3954.7219031305203	0.3
147002.6847359241	300	9.655569664810407	0.0	139105	2477.572998250205	0.3
147004.18690819686	300	12.153397392047331	0.0	141840	1502.1722727630763	0.3
147005.87480513472	300	14.465500454201136	0.0	156148	1687.896937846196	0.3
147008.0833011384	300	16.25700445052523	0.0	160746	2208.4960036759066	0.3
147013.071489084	750	15.268816504941457	0.0	434409	4988.1879455837725	0.3
147016.85647340765	750	15.48383218126909	0.0	337059	3784.984323672367	0.75
147022.5203189265	750	13.819986662439536	0.0	366214	5663.845518829553	0.75
147025.00026660512	750	15.340038983823899	0.0	360831	2479.9476786156374	0.75

