2.498490134264002	750	4.0	2.498490134264002	450283	2498.490134264002	1	-9.993507577335208
3.5700123235452446	300	6.928477810718758	0.0	155580	1071.5221892812428	1.1024765859870642	-0.15000000000000002
4.627185636832879	300	9.871304497431124	0.0	139857	1057.1733132876348	1.1024765859870642	0.3
5.743601752557942	300	12.75488838170606	0.0	155432	1116.4161157250628	1.1024765859870642	0.3
8.332041638455397	750	14.166448495808606	0.0	411561	2588.439885897455	1.1024765859870642	0.3
10.194813958475889	750	16.303676175788112	0.0	318564	1862.7723200204916	1.1024765859870642	0.75
12.579606892121324	750	17.918883242142677	0.0	352642	2384.7929336454363	1.1024765859870642	0.75
15.33124362119647	750	19.167246513067532	0.0	437162	2751.636729075146	1.1024765859870642	0.75
18.079313341912563	750	20.419176792351443	0.0	374758	2748.0697207160906	1.1024765859870642	0.75
20.467535425057346	750	22.030954709206657	0.0	362795	2388.222083144784	1.1024765859870642	0.75
22.59915514503888	750	23.899334989225125	0.0	353220	2131.619719981532	1.1024765859870642	0.75
25.16833929954802	750	25.330150834715983	0.0	405134	2569.184154509141	1.1024765859870642	0.75
28.710126994231373	1200	25.78836314003263	0.0	624282	3541.7876946833544	1.1024765859870642	0.75
32.32760585375231	1200	26.170884280511693	0.0	687371	3617.4788595209375	1.1024765859870642	1.2
35.02376447966688	1200	27.474725654597123	0.0	526950	2696.158625914573	1.1024765859870642	1.2
38.68573147978635	1200	27.812758654477655	0.0	587876	3661.9670001194686	1.1024765859870642	1.2
42.297413544281476	1200	28.201076589982527	0.0	617242	3611.682064495124	1.1024765859870642	1.2
45.91464749280439	1200	28.58384264145961	0.0	581493	3617.2339485229168	1.1024765859870642	1.2
49.43994524202823	1200	29.05854489223577	0.0	639204	3525.297749223842	1.1024765859870642	1.2
53.70484788473254	1200	28.793642249531462	0.0	586839	4264.902642704306	1.1024765859870642	1.2
57.58304756171139	1200	28.91544257255261	0.0	601738	3878.1996769788548	0.6903620159458834	1.2
60.99197400719824	1200	29.506516127065762	0.0	616206	3408.9264454868476	0.6903620159458834	1.2
64.58533627483578	1200	29.913153859428213	0.0	656471	3593.3622676375476	0.6903620159458834	1.2
67.58592301226481	1200	30.912567121999178	0.0	536667	3000.5867374290356	0.6903620159458834	1.2
71.24049018791803	1200	31.257999946345965	0.0	587236	3654.5671756532147	0.6903620159458834	1.2
77.74400145898642	1850	28.75448867527757	0.0	905935	6503.511271068395	0.6903620159458834	1.2000000000000002
88.66681810630493	1850	21.83167202795905	0.0	1076599	10922.816647318517	0.6903620159458834	1.85
92.967274375835	1200	21.531215758428974	0.0	487160	4300.456269530076	0.6903620159458834	0.5499999999999999
97.10555795355248	1200	21.392932180711494	0.0	622896	4138.28357771748	0.6903620159458834	1.2
101.55268495059964	1200	20.94580518366433	0.0	641447	4447.126997047161	0.6903620159458834	1.2
105.64304513397607	1200	20.855445000287887	0.0	570392	4090.360183376445	0.6903620159458834	1.2
110.21244442344218	1200	20.286045710821774	0.0	620283	4569.399289466111	0.6903620159458834	1.2
117.18283625327973	1200	17.31565388098423	0.0	584349	6970.3918298375465	0.6903620159458834	1.2
121.57465226479724	1200	16.923837869466734	0.0	670129	4391.816011517494	0.6903620159458834	1.2
126.18875916843484	1200	16.309730965829115	0.0	690253	4614.106903637617	0.6903620159458834	1.2
130.21687510145819	1200	16.281615032805785	0.0	598727	4028.115933023332	0.6903620159458834	1.2
133.26931734705224	1200	17.229172787211727	0.0	487812	3052.4422455940585	0.6903620159458834	1.2
136.91989010810283	1200	17.57860002616113	0.0	575591	3650.5727610505955	0.6903620159458834	1.2
141.16506876530354	1200	17.33342136896043	0.0	605884	4245.178657200702	0.6903620159458834	1.2
144.6787793717538	1200	17.8197107625102	0.0	587506	3513.7106064502314	0.6903620159458834	1.2
149.3303313060022	1200	17.168158828261824	0.0	566904	4651.551934248377	0.6903620159458834	1.2
154.7793197144713	1200	15.719170419792702	0.0	641452	5448.988408469123	0.6903620159458834	1.2
159.3543563583293	1200	15.144133775934737	0.0	599477	4575.036643857966	0.6903620159458834	1.2
163.75559140573844	1200	14.742898728525589	0.0	634861	4401.235047409149	0.6903620159458834	1.2
168.4111317603521	1200	14.087358373911902	0.0	630203	4655.540354613685	0.6903620159458834	1.2
172.66247497332773	1200	13.836015160936288	0.0	638661	4251.343212975614	0.6903620159458834	1.2
176.99917573249988	1200	13.49931440176413	0.0	538612	4336.700759172158	0.6903620159458834	1.2
192.80375941201203	2850	4.0	2.3052692777480006	1364537	15804.58367951213	0.6903620159458834	-8.712657894316402
196.93509350178084	750	4.0	0.13133408976881764	450283	4131.334089768818	0.6903620159458834	0.1852634139940842
198.3245948704664	300	6.610498631314468	0.0	155580	1389.501368685532	0.6903620159458834	-0.15000000000000002
199.60284312798166	300	9.332250373799205	0.0	139857	1278.2482575152637	0.6903620159458834	0.3
201.14364821291707	300	11.791445288863788	0.0	155432	1540.8050849354165	0.6903620159458834	0.3
202.42877226758833	300	14.506321234192528	0.0	163442	1285.124054671259	0.6903620159458834	0.3
204.395992087986	750	16.539101413794846	0.0	318564	1967.21982039768	0.6903620159458834	0.3
207.95454252459203	750	16.980550977188834	0.0	352642	3558.550436606013	0.6903620159458834	0.75
214.32555006460265	750	14.609543437178202	0.0	437162	6371.007540010634	0.6903620159458834	0.75
217.1901566594429	750	15.74493684233796	0.0	374758	2864.60659484024	0.6903620159458834	0.75
219.8964303801394	750	17.038663121641452	0.0	362795	2706.2737206965057	0.6903620159458834	0.75
222.12022501014928	750	18.814868491631554	0.0	353220	2223.7946300098993	0.6903620159458834	0.75
225.3874921651645	750	19.54760133661636	0.0	405134	3267.267155015194	0.6903620159458834	0.75
227.94102784324255	750	20.994065658538307	0.0	386351	2553.5356780780517	0.6903620159458834	0.75
232.87959147960555	1200	20.05550202217528	0.0	687371	4938.563636363031	0.6903620159458834	0.75
236.9032679856279	1200	20.031825516152953	0.0	526950	4023.676506022328	0.6903620159458834	1.2
241.78175860796458	1200	19.153334893816275	0.0	587876	4878.490622336677	0.6903620159458834	1.2
249.8329192863515	1200	15.10217421542935	0.0	617242	8051.160678386925	0.6903620159458834	1.2
256.76238492702197	750	12.1727085747589	0.0	372963	6929.46564067045	0.6903620159458834	0.3
260.3011424517731	750	12.633951050007767	0.0	405596	3538.757524751135	0.6903620159458834	0.75
263.3397338670499	750	13.595359634730938	0.0	350713	3038.5914152768287	0.6903620159458834	0.75
268.630489509376	750	12.304603992404838	0.0	386472	5290.755642326099	0.6903620159458834	0.75
274.0659515521331	750	10.869141949647743	0.0	399894	5435.462042757095	0.6903620159458834	0.75
280.89594873272597	750	8.039144769054838	0.0	401853	6829.997180592905	0.6903620159458834	0.75
283.41017908848255	750	9.524914413298243	0.0	343800	2514.230355756596	0.6903620159458834	0.75
286.9535023169581	750	9.981591184822731	0.0	359903	3543.3232284755104	0.6903620159458834	0.75
293.8519804246331	750	7.083113077147733	0.0	379700	6898.478107674999	0.6903620159458834	0.75
298.4774318194378	750	6.457661682342977	0.0	425781	4625.451394804756	0.6903620159458834	0.75
299.53111661003913	300	9.403976891741674	0.0	111155	1053.6847906013022	0.6903620159458834	-0.15000000000000002
301.04031600817814	300	11.894777493602733	0.0	153605	1509.1993981389423	0.6903620159458834	0.3
302.39933518059894	300	14.535758321181905	0.0	149029	1359.0191724208278	0.6903620159458834	0.3
304.10743622807723	300	16.827657273703654	0.0	157421	1708.1010474782506	0.6903620159458834	0.3
308.32115894636416	750	16.6139345554167	0.0	400322	4213.722718286954	0.6903620159458834	0.3
310.88440188147604	750	18.050691620304868	0.0	369834	2563.242935111835	0.6903620159458834	0.75
313.3666397199163	750	19.568453781864665	0.0	412837	2482.237838440205	0.6903620159458834	0.75
315.7298328541607	750	21.205260647620253	0.0	401088	2363.193134244412	0.6903620159458834	0.75
317.9623984382005	750	22.972695063580417	0.0	365161	2232.5655840398344	0.6903620159458834	0.75
320.87397314099474	1200	24.06112036078623	0.0	487812	2911.574702794186	0.6903620159458834	0.75
324.7516538805218	1200	24.183439621259136	0.0	575591	3877.68073952709	0.6903620159458834	1.2
328.52895500609753	1200	24.406138495683436	0.0	605884	3777.3011255757024	0.6903620159458834	1.2
332.13017262870744	1200	24.8049208730736	0.0	587506	3601.2176226098395	0.6903620159458834	1.2
335.9895150527088	1200	24.945578449072208	0.0	566904	3859.3424240013924	0.6903620159458834	1.2
339.36396839654094	1200	25.57112510524002	0.0	641452	3374.4533438321846	0.6903620159458834	1.2
343.49811702731637	1200	25.436976474464633	0.0	599477	4134.148630775389	0.6903620159458834	1.2
347.91000350656964	1200	25.02508999521136	0.0	634861	4411.8864792532695	0.6903620159458834	1.2
353.0389214678838	1850	23.896172033897194	0.0	958994	5128.917961314168	0.6903620159458834	1.2000000000000002
358.70771639422225	1850	22.22737710755878	0.0	982064	5668.794926338416	0.6903620159458834	1.85
365.907061993787	2850	19.028031507994005	0.0	1231456	7199.345599564773	0.6903620159458834	1.85
379.21246266645966	2850	9.722630835321333	0.0	1364537	13305.400672672671	0.6903620159458834	2.85
383.33594466506025	750	9.599148836720753	0.0	450283	4123.4819986005805	0.6903620159458834	0.75
386.8281568580533	750	10.106936643727735	0.0	398865	3492.2121929930177	0.6903620159458834	0.75
389.9712712856779	750	10.963822216103088	0.0	350812	3143.1144276246464	0.6903620159458834	0.75
392.60141688273603	750	12.333676619044976	0.0	382355	2630.1455970581114	0.6903620159458834	0.75
395.01868192834974	750	13.916411573431285	0.0	411561	2417.2650456136907	0.6903620159458834	0.75
396.881403282423	750	16.053690219358025	0.0	318564	1862.7213540732594	0.6903620159458834	0.75
399.0574516435326	750	17.877641858248378	0.0	352642	2176.048361109648	0.6903620159458834	0.75
403.4088263942029	1200	17.526267107578075	0.0	709534	4351.374750670305	0.6903620159458834	0.75
406.7078593158019	1200	18.227234185979068	0.0	584846	3299.032921599008	0.6903620159458834	1.2
410.78630974997014	1200	18.148783751810814	0.0	560821	4078.450434168257	0.6903620159458834	1.2
414.93576770231067	1200	17.999325799470295	0.0	607410	4149.457952340519	0.6903620159458834	1.2
419.3420491417273	1200	17.59304436005371	0.0	594078	4406.281439416584	0.6903620159458834	1.2
425.17468738831076	1200	15.760406113470275	0.0	624282	5832.638246583435	0.6903620159458834	1.2
438.56621936214555	1200	6.368874139635458	0.0	687371	13391.531973834817	0.6903620159458834	1.2
447.7092937060996	750	4.0	2.774200204318573	337059	9143.074343954031	0.6903620159458834	-11.629060878569863
451.7937600962749	300	4.0	0.08446639017535336	138313	4084.4663901753534	0.6903620159458834	-0.5132054777540195
455.2898564163238	300	4.503903679951107	0.0	143509	3496.096320048893	0.6903620159458834	0.3
457.569554296731	300	6.224205799543948	0.0	150616	2279.697880407159	0.6903620159458834	0.3
460.21610197784463	300	7.577658118430285	0.0	165384	2646.5476811136637	0.6903620159458834	0.3
462.6741343998966	300	9.119625696378284	0.0	140881	2458.0324220520024	0.6903620159458834	0.3
464.60083276330465	300	11.192927332970237	0.0	157671	1926.6983634080464	0.6903620159458834	0.3
466.4707274117782	300	13.32303268449666	0.0	157812	1869.8946484735764	0.6903620159458834	0.3
468.4317061028321	300	15.362053993442789	0.0	163927	1960.9786910538721	0.6903620159458834	0.3
470.018495229213	300	17.7752648670619	0.0	137654	1586.7891263808915	0.6903620159458834	0.3
472.0299702764417	300	19.763789819833146	0.0	146754	2011.475047228751	0.6903620159458834	0.3
473.85785367767676	300	21.935906418598094	0.0	153938	1827.883401235053	0.6903620159458834	0.3
479.33655847748935	750	20.457201618785497	0.0	425781	5478.704799812595	0.6903620159458834	0.3
485.6245933976856	750	18.169166698589237	0.0	277716	6288.034920196261	0.6903620159458834	0.75
490.0970056838317	750	17.696754412443173	0.0	400396	4472.412286146062	0.6903620159458834	0.75
496.6178430983491	750	15.175916997925757	0.0	400508	6520.837414517416	0.6903620159458834	0.75
507.1276833690158	750	8.666076727259089	0.0	358218	10509.840270666667	0.6903620159458834	0.75
510.4408353948821	300	9.352924701392807	0.0	157488	3313.1520258662817	0.6903620159458834	-0.15000000000000002
512.650227489365	300	11.143532606909949	0.0	143881	2209.3920944828583	0.6903620159458834	0.3
514.9266799536747	300	12.867080142600146	0.0	163444	2276.452464309801	0.6903620159458834	0.3
517.7748098794079	300	14.018950216866873	0.0	179328	2848.129925733274	0.6903620159458834	0.3
520.1538685893784	300	15.639891506896493	0.0	159914	2379.058709970381	0.6903620159458834	0.3
522.1063001060913	300	17.687459990183495	0.0	131610	1952.431516712998	0.6903620159458834	0.3
524.5054001652063	300	19.288359931068626	0.0	124011	2399.1000591148672	0.6903620159458834	0.3
526.7791607121803	300	21.014599384094605	0.0	144254	2273.7605469740183	0.6903620159458834	0.3
529.0758283935451	300	22.717931702729828	0.0	149991	2296.6676813647796	0.6903620159458834	0.3
530.917850498393	300	24.875909597881943	0.0	147968	1842.0221048478857	0.6903620159458834	0.3
532.8040137532594	300	26.98974634301572	0.0	161857	1886.1632548662212	0.6903620159458834	0.3
534.2220382323395	300	29.571721863935505	0.0	145210	1418.0244790802162	0.6903620159458834	0.3
538.9092810896342	750	28.884479006640927	0.0	438281	4687.242857294577	0.6903620159458834	0.3
542.772451353892	750	29.021308742382992	0.0	398987	3863.1702642579316	0.6903620159458834	0.75
548.9005360228695	1200	26.893224073405715	0.0	638661	6128.084668977276	0.6903620159458834	0.75
556.3594868492519	1850	23.434273247023178	0.0	830730	7458.950826382537	0.6903620159458834	1.2000000000000002
567.2911766336481	2850	16.502583462626927	0.0	1364537	10931.68978439625	0.6903620159458834	1.85
573.3770330538332	750	14.41672704244182	0.0	450283	6085.856420185109	0.6903620159458834	0.75
578.466969301327	750	13.326790794947941	0.0	398865	5089.936247493878	0.6903620159458834	0.75
580.799994668859	750	14.99376542741598	0.0	350812	2333.0253675319627	0.6903620159458834	0.75
583.1259687450771	750	16.66779135119775	0.0	382355	2325.9740762182296	0.6903620159458834	0.75
587.2997671534173	750	16.4939929428575	0.0	411561	4173.798408340253	0.6903620159458834	0.75
590.644764316522	750	17.14899577975282	0.0	318564	3344.9971631046815	0.6903620159458834	0.75
593.9723515334384	750	17.821408562836464	0.0	352642	3327.587216916357	0.6903620159458834	0.75
597.6750040359485	750	18.118756060326383	0.0	437162	3702.65250251008	0.6903620159458834	0.75
601.1998482746892	750	18.59391182158576	0.0	374758	3524.8442387406226	0.6903620159458834	0.75
604.8495691154039	750	18.94419098087095	0.0	362795	3649.720840714809	0.6903620159458834	0.75
608.1511001819961	750	19.642659914278795	0.0	353220	3301.531066592155	0.6903620159458834	0.75
611.8354604069807	750	19.958299689294154	0.0	405134	3684.3602249846404	0.6903620159458834	0.75
615.3819634985188	750	20.411796597756005	0.0	386351	3546.503091538149	0.6903620159458834	0.75
618.6563327543741	750	21.137427341900658	0.0	434409	3274.3692558553494	0.6903620159458834	0.75
621.3533729532417	750	22.440387143033046	0.0	337059	2697.0401988676085	0.6903620159458834	0.75
624.2641823602906	750	23.52957773598402	0.0	366214	2910.809407049027	0.6903620159458834	0.75
627.9042890459114	750	23.889471050363326	0.0	360831	3640.106685620696	0.6903620159458834	0.75
631.2156423347374	750	24.578117761537325	0.0	372963	3311.3532888260015	0.6903620159458834	0.75
634.666275329398	750	25.127484766876687	0.0	405596	3450.6329946606365	0.6903620159458834	0.75
640.364913797065	750	23.42884629920965	0.0	350713	5698.638467667038	0.6903620159458834	0.75
654.4470373970623	750	13.346722699212357	0.0	386472	14082.123599997292	0.6903620159458834	0.75
663.9221232798559	750	7.8716368164187065	0.0	399894	9475.085882793652	0.6903620159458834	0.75
666.2687172249346	300	9.525042871340066	0.0	163927	2346.5939450786414	0.6903620159458834	-0.15000000000000002
667.6944083616704	300	12.099351734604236	0.0	137654	1425.691136735831	0.6903620159458834	0.3
669.6270192696735	300	14.16674082660118	0.0	146754	1932.6109080030562	0.6903620159458834	0.3
672.2785095192071	300	15.51525057706765	0.0	153938	2651.4902495335277	0.6903620159458834	0.3
675.64709738755	300	16.14666270872466	0.0	181901	3368.5878683429924	0.6903620159458834	0.3
678.4535294510995	300	17.340230645175215	0.0	111155	2806.4320635494437	0.6903620159458834	0.3
684.573743748593	300	15.220016347681714	0.0	153605	6120.214297493501	0.6903620159458834	0.3
686.7513944762618	300	17.042365620012802	0.0	149029	2177.6507276689135	0.6903620159458834	0.3
688.8192826508753	300	18.974477445399387	0.0	157421	2067.888174613415	0.6903620159458834	0.3
690.5446002482902	300	21.249159847984405	0.0	157488	1725.317597414987	0.6903620159458834	0.3
692.2339523045538	300	23.5598077917208	0.0	143881	1689.3520562636033	0.6903620159458834	0.3
694.1153185903219	300	25.678441505952755	0.0	163444	1881.3662857680415	0.6903620159458834	0.3
703.7245400054043	750	20.06922009087025	0.0	401088	9609.221415082504	0.6903620159458834	0.3
707.0675603932141	750	20.726199703060406	0.0	365161	3343.0203878098437	0.6903620159458834	0.75
709.5914001599169	750	22.202359936357603	0.0	321064	2523.839766702805	0.6903620159458834	0.75
713.0685071447326	750	22.725252951541965	0.0	361565	3477.106984815639	0.6903620159458834	0.75
715.8880973577428	750	23.905662738531717	0.0	378327	2819.590213010245	0.6903620159458834	0.75
719.3715711963856	750	24.422188899888905	0.0	390680	3483.473838642814	0.6903620159458834	0.75
722.8994702402853	750	24.8942898559893	0.0	345516	3527.8990438996043	0.6903620159458834	0.75
726.3754423594773	750	25.418317736797228	0.0	384505	3475.9721191920717	0.6903620159458834	0.75
729.1419630962617	750	26.651797000012873	0.0	372093	2766.5207367843536	0.6903620159458834	0.75
734.9676023026268	1200	24.82615779364775	0.0	634861	5825.639206365127	0.6903620159458834	0.75
741.5518821105494	1200	22.241877985725182	0.0	630203	6584.279807922564	0.6903620159458834	1.2
747.2431279416509	1200	20.55063215462363	0.0	638661	5691.245831101551	0.6903620159458834	1.2
756.2110823952419	1850	15.582677701032754	0.0	830730	8967.954453590879	0.6903620159458834	1.2000000000000002
770.3731056621934	2850	5.420654434081169	0.0	1364537	14162.023266951584	0.6903620159458834	1.85
777.0980840556688	750	4.0	1.3043239593941944	450283	6724.978393475363	0.6903620159458834	-4.858593025395036
779.2850064323741	300	5.81307762329471	0.0	155580	2186.9223767052904	0.6903620159458834	-0.15000000000000002
781.4238175162609	300	7.674266539407924	0.0	139857	2138.811083886786	0.6903620159458834	0.3
783.7030428661345	300	9.395041189534265	0.0	155432	2279.2253498736604	0.6903620159458834	0.3
785.7427566509958	300	11.355327404672959	0.0	163442	2039.7137848613056	0.6903620159458834	0.3
787.2951935390088	300	13.80289051666009	0.0	126289	1552.4368880128677	0.6903620159458834	0.3
789.1597505960731	300	15.938333459595768	0.0	153295	1864.557057064324	0.6903620159458834	0.3
790.7955956647554	300	18.302488390913414	0.0	173849	1635.8450686823514	0.6903620159458834	0.3
793.4615266866228	300	19.636557369045963	0.0	150710	2665.931021867449	0.6903620159458834	0.3
795.4169814316033	300	21.68110262406555	0.0	139105	1955.4547449804152	0.6903620159458834	0.3
797.6780610547676	300	23.420023000901324	0.0	141840	2261.079623164224	0.6903620159458834	0.3
800.264125635125	300	24.833958420543983	0.0	156148	2586.064580357344	0.6903620159458834	0.3
802.336859494451	300	26.761224561217947	0.0	160746	2072.733859326036	0.6903620159458834	0.3
806.9663970884759	750	26.13168696719309	0.0	434409	4629.537594024855	0.6903620159458834	0.3
811.3098985382721	750	25.788185517396887	0.0	337059	4343.501449796202	0.6903620159458834	0.75
815.4096750479687	750	25.68840900770043	0.0	366214	4099.776509696456	0.6903620159458834	0.75
820.3210387722181	750	24.777045283450867	0.0	360831	4911.3637242495615	0.6903620159458834	0.75
824.7898303259799	750	24.308253729689163	0.0	372963	4468.7915537617055	0.6903620159458834	0.75
829.1881331190599	750	23.909950936609143	0.0	405596	4398.302793080018	0.6903620159458834	0.75
832.4591244982913	750	24.638959557377706	0.0	350713	3270.991379231437	0.6903620159458834	0.75
836.5696399113586	750	24.528444144310363	0.0	386472	4110.515413067345	0.6903620159458834	0.75
840.7450300654649	750	24.353053990204106	0.0	399894	4175.3901541062605	0.6903620159458834	0.75
850.2493098863429	1200	18.848774169326106	0.0	656471	9504.279820877999	0.6903620159458834	0.75
854.8256775350467	750	18.272406520622297	0.0	343800	4576.3676487038065	0.6903620159458834	0.3
860.0846169507998	750	17.013467104869175	0.0	359903	5258.939415753124	0.6903620159458834	0.75
865.935448818685	750	15.162635236983926	0.0	379700	5850.831867885248	0.6903620159458834	0.75
871.4714455818076	750	13.626638473861348	0.0	425781	5535.996763122578	0.6903620159458834	0.75
875.3490331866699	750	13.749050868999051	0.0	277716	3877.5876048622977	0.6903620159458834	0.75
880.2785380207883	750	12.819546034880608	0.0	400396	4929.504834118443	0.6903620159458834	0.75
886.4576817998211	750	10.640402255847864	0.0	400508	6179.143779032743	0.6903620159458834	0.75
892.4901037856596	750	8.607980270009374	0.0	358218	6032.421985838489	0.6903620159458834	0.75
895.0663516148038	300	10.031732440865177	0.0	157488	2576.2478291441994	0.6903620159458834	-0.15000000000000002
897.6083544680862	300	11.489729587582783	0.0	143881	2542.002853282394	0.6903620159458834	0.3
901.6535108855452	300	11.44457317012375	0.0	163444	4045.156417459034	0.6903620159458834	0.3
906.026950819753	300	11.071133235915868	0.0	179328	4373.439934207881	0.6903620159458834	0.3
908.2338628175575	300	12.864221238111462	0.0	159914	2206.911997804405	0.6903620159458834	0.3
910.9670299408679	300	14.131054114800959	0.0	131610	2733.167123310505	0.6903620159458834	0.3
914.139288986366	300	14.958795069302871	0.0	124011	3172.2590454980877	0.6903620159458834	0.3
916.3974253781563	300	16.700658677512664	0.0	144254	2258.1363917902077	0.6903620159458834	0.3
918.7967908641818	300	18.301293191487066	0.0	149991	2399.3654860256006	0.6903620159458834	0.3
922.1068629862325	300	18.991221069436424	0.0	147968	3310.072122050637	0.6903620159458834	0.3
927.243393647836	300	17.854690407832862	0.0	161857	5136.530661603562	0.6903620159458834	0.3
932.1495647883506	300	16.948519267318296	0.0	145210	4906.171140514565	0.6903620159458834	0.3
936.4605187577347	300	16.63756529793418	0.0	172312	4310.953969384119	0.6903620159458834	0.3
945.0391308182479	300	12.05895323742098	0.0	167025	8578.6120605132	0.6903620159458834	0.3
952.4668279431679	300	8.631256112501013	0.0	160064	7427.697124919964	0.6903620159458834	0.3
957.0977702246145	300	8.00031383105443	0.0	137507	4630.942281446584	0.6903620159458834	0.3
959.80898494517	300	9.289099110498846	0.0	118421	2711.2147205555843	0.6903620159458834	0.3
976.0125513712328	750	4.0	6.9144673155639484	450283	16203.566426062795	0.6903620159458834	-28.982209456924977
977.3125957066705	300	6.699955664562248	0.0	155580	1300.0443354377524	0.6903620159458834	-0.15000000000000002
978.91430630211	300	9.098245069122697	0.0	139857	1601.7105954395515	0.6903620159458834	0.3
981.4904029602736	300	10.52214841095915	0.0	155432	2576.096658163545	0.6903620159458834	0.3
985.0633031776084	300	10.949248193624436	0.0	163442	3572.9002173347153	0.6903620159458834	0.3
987.6545681771366	300	12.35798319409628	0.0	126289	2591.264999528158	0.6903620159458834	0.3
990.390029838717	300	13.622521532515837	0.0	153295	2735.4616615804425	0.6903620159458834	0.3
993.7807704677962	300	14.231780903436782	0.0	173849	3390.7406290790555	0.6903620159458834	0.3
995.7215455846903	300	16.291005786542595	0.0	150710	1940.775116894188	0.6903620159458834	0.3
997.3141409528074	300	18.698410418425464	0.0	139105	1592.5953681171284	0.6903620159458834	0.3
998.805170530796	300	21.207380840436937	0.0	141840	1491.0295779885273	0.6903620159458834	0.3
1000.166023041369	300	23.846528329863794	0.0	156148	1360.8525105731424	0.6903620159458834	0.3
1003.6759495051235	750	24.33660186610927	0.0	386351	3509.926463754524	0.6903620159458834	0.3
1010.0732779640314	1200	21.93927340720145	0.0	687371	6397.32845890782	0.6903620159458834	0.75
1016.4333673371063	1200	19.579184034126353	0.0	526950	6360.0893730750995	0.6903620159458834	1.2
1020.4380222343523	750	19.574529136880415	0.0	366214	4004.6548972459395	0.6903620159458834	0.3
1027.3981145870475	750	16.614436784185234	0.0	360831	6960.092352695182	0.6903620159458834	0.75
1031.5557976024334	750	16.456753768799306	0.0	372963	4157.683015385926	0.6903620159458834	0.75
1035.9037000686235	750	16.108851302609207	0.0	405596	4347.902466190099	0.6903620159458834	0.75
1038.5319956093997	750	17.48055576183288	0.0	350713	2628.29554077633	0.6903620159458834	0.75
1042.0041428961827	750	18.00840847504993	0.0	386472	3472.1472867829502	0.6903620159458834	0.75
1050.977855543278	750	13.034695827954494	0.0	399894	8973.712647095434	0.6903620159458834	0.75
1055.2801546584194	750	12.732396712813413	0.0	401853	4302.299115141081	0.6903620159458834	0.75
1059.4456065727832	750	12.56694479844969	0.0	343800	4165.451914363724	0.6903620159458834	0.75
1063.0865670402745	750	12.925984330958087	0.0	359903	3640.9604674916027	0.6903620159458834	0.75
1066.6858332728366	750	13.32671809839616	0.0	379700	3599.2662325619253	0.6903620159458834	0.75
1069.7029560342335	750	14.309595336999188	0.0	425781	3017.122761396974	0.6903620159458834	0.75
1071.6154215639888	750	16.39712980724395	0.0	277716	1912.4655297552388	0.6903620159458834	0.75
1074.1235571892414	750	17.888994181991272	0.0	400396	2508.135625252677	0.6903620159458834	0.75
1077.2302355889874	750	18.78231578224539	0.0	400508	3106.678399745881	0.6903620159458834	0.75
1079.918812820463	750	20.093738550769828	0.0	358218	2688.5772314755654	0.6903620159458834	0.75
1082.9347724726974	750	21.07777889853536	0.0	400322	3015.959652234464	0.6903620159458834	0.75
1087.406778230533	1200	20.60577314069985	0.0	584349	4472.005757835514	0.6903620159458834	0.75
1092.9924444531514	1200	19.020106918081485	0.0	670129	5585.666222618366	0.6903620159458834	1.2
1099.905835493829	1200	16.106715877403797	0.0	690253	6913.391040677689	0.6903620159458834	1.2
1108.2695074470946	1200	11.743043924138256	0.0	598727	8363.67195326554	0.6903620159458834	1.2
1112.6807079423481	750	11.33184342888461	0.0	321064	4411.200495253644	0.6903620159458834	0.3
1116.3517018820567	750	11.660849489176195	0.0	361565	3670.9939397084163	0.6903620159458834	0.75
1121.248094061024	750	10.764457310208781	0.0	378327	4896.392178967412	0.6903620159458834	0.75
1133.0250680509005	750	4.0	1.0125166796675913	390680	11776.973989876373	0.6903620159458834	-3.6038217225706424
1135.8276136515824	300	5.197454399318065	0.0	147968	2802.5456006819354	0.6903620159458834	-0.15000000000000002
1138.7924594144204	300	6.232608636480069	0.0	161857	2964.845762837996	0.6903620159458834	0.3
1140.2026404231176	300	8.822427627782929	0.0	145210	1410.18100869714	0.6903620159458834	0.3
1141.941255406032	300	11.083812644868486	0.0	172312	1738.6149829144429	0.6903620159458834	0.3
1143.3446910903622	300	13.68037696053831	0.0	167025	1403.4356843301764	0.6903620159458834	0.3
1146.5663358310721	750	14.458732219828194	0.0	393804	3221.644740710114	0.6903620159458834	0.3
1150.4022604444506	1200	14.622807606449774	0.0	538612	3835.9246133784204	0.6903620159458834	0.75
1164.5856926994818	2850	4.439375351418797	0.0	1364537	14183.432255030977	0.6903620159458834	1.2000000000000002
1168.9324792761122	750	4.092588774788168	0.0	450283	4346.7865766306295	0.6903620159458834	0.75
1170.3220151067906	300	6.703052944110078	0.0	155580	1389.5358306780897	0.6903620159458834	-0.15000000000000002
1171.4807329428538	300	9.544335108046752	0.0	139857	1158.717836063325	0.6903620159458834	0.3
1172.661363609361	300	12.363704441539637	0.0	155432	1180.6306665071154	0.6903620159458834	0.3
1175.731967826657	750	13.293100224243531	0.0	411561	3070.604217296105	0.6903620159458834	0.3
1178.2044765128178	750	14.820591538082668	0.0	318564	2472.508686160863	0.6903620159458834	0.75
1181.786246822245	750	15.23882122865553	0.0	352642	3581.7703094271383	0.6903620159458834	0.75
1184.9502881640487	750	16.074779886851776	0.0	437162	3164.041341803754	0.6903620159458834	0.75
1188.0295021383602	750	16.995565912540272	0.0	374758	3079.213974311503	0.6903620159458834	0.75
1191.0764012662544	750	17.948666784645976	0.0	362795	3046.8991278942945	0.6903620159458834	0.75
1194.0273935579248	750	18.997674492975715	0.0	353220	2950.992291670259	0.6903620159458834	0.75
1197.5376898633062	750	19.487378187594256	0.0	405134	3510.29630538146	0.6903620159458834	0.75
1200.5809275693769	750	20.444140481523654	0.0	386351	3043.2377060706035	0.6903620159458834	0.75
1204.060278376536	750	20.964789674364553	0.0	434409	3479.3508071591004	0.6903620159458834	0.75
1206.898109221703	750	22.126958829197566	0.0	337059	2837.830845166986	0.6903620159458834	0.75
1209.7317439668816	750	23.293324084018764	0.0	366214	2833.6347451788038	0.6903620159458834	0.75
1213.0923716396253	750	23.93269641127503	0.0	360831	3360.6276727437375	0.6903620159458834	0.75
1219.3027902341892	1200	21.722277816711088	0.0	581493	6210.41859456394	0.6903620159458834	0.75
1226.2014579675451	1200	18.82361008335524	0.0	639204	6898.667733355848	0.6903620159458834	1.2
1233.6969993601956	1200	15.328068690704786	0.0	586839	7495.541392650456	0.6903620159458834	1.2
1237.537647300469	750	15.487420750431479	0.0	386472	3840.647940273308	0.6903620159458834	0.3
1241.5324773562243	750	15.49259069467619	0.0	399894	3994.8300557552884	0.6903620159458834	0.75
1247.4763687155698	750	13.54869933533066	0.0	401853	5943.891359345528	0.6903620159458834	0.75
1250.3225510916072	750	14.702516959293257	0.0	343800	2846.1823760374027	0.6903620159458834	0.75
1253.2424350624742	750	15.782632988426307	0.0	359903	2919.8839708669516	0.6903620159458834	0.75
1256.3411272031751	750	16.68394084772531	0.0	379700	3098.692140700999	0.6903620159458834	0.75
1260.2565508569617	750	16.768517193938848	0.0	425781	3915.423653786459	0.6903620159458834	0.75
1262.6892710420661	750	18.33579700883439	0.0	277716	2432.7201851044583	0.6903620159458834	0.75
1266.1339458250786	750	18.89112222582211	0.0	400396	3444.6747830122795	0.6903620159458834	0.75
1271.8232991305067	1200	17.20176892039381	0.0	641447	5689.353305428299	0.6903620159458834	0.75
1276.8392301973922	1200	16.18583785350849	0.0	570392	5015.931066885317	0.6903620159458834	1.2
1282.4130056328588	1200	14.612062418041962	0.0	620283	5573.77543546653	0.6903620159458834	1.2
1285.3434201592597	750	15.681647891640857	0.0	369834	2930.4145264011045	0.6903620159458834	0.3
1288.8806459868838	750	16.144422064016826	0.0	412837	3537.225827624029	0.6903620159458834	0.75
1292.339721829431	750	16.685346221469597	0.0	401088	3459.075842547229	0.6903620159458834	0.75
1296.1111542497915	750	16.913913801109246	0.0	365161	3771.432420360351	0.6903620159458834	0.75
1298.9909403852416	750	18.03412766565921	0.0	321064	2879.7861354500396	0.6903620159458834	0.75
1302.6755316829601	750	18.34953636794041	0.0	361565	3684.5912977188004	0.6903620159458834	0.75
1308.9695860269708	750	16.055482023929905	0.0	378327	6294.054344010507	0.6903620159458834	0.75
1313.2752537503447	750	15.74981430055593	0.0	390680	4305.667723373976	0.6903620159458834	0.75

