6646.526585706455	750	4.0	2.455865542160218	450283	2455.865542160218	-9.810221831288937
6647.6965538910345	300	6.830031815419767	0.0	155580	1169.9681845802327	-0.15000000000000002
6648.928918431328	300	9.597667275125533	0.0	139857	1232.3645402942363	0.3
6649.989272513341	300	12.537313193112777	0.0	155432	1060.354082012755	0.3
6650.95970193606	300	15.566883770393913	0.0	163442	970.4294227188637	0.3
6651.748588471577	300	18.777997234876523	0.0	126289	788.8865355173923	0.3
6652.688861799289	300	21.837723907163962	0.0	153295	940.2733277125587	0.3
6653.7275961466685	300	24.79898955978487	0.0	173849	1038.7343473790925	0.3
6654.61206662422	300	27.914519082233678	0.0	150710	884.4704775511939	0.3
6655.383454169072	300	31.143131537381056	0.0	139105	771.3875448526244	0.3
6656.119113766088	300	34.40747194036514	0.0	141840	735.6595970159161	0.3
6656.698661970515	300	37.82792373593873	0.0	156148	579.5482044264054	0.3
6657.322901994235	300	41.20368371221903	0.0	160746	624.2400237197035	0.3
6659.584677896539	750	42.94190780991545	0.0	434409	2261.7759023035824	0.3
6661.155093451217	750	45.37149225523707	0.0	337059	1570.4155546783768	0.75
6662.988153976141	750	47.53843173031341	0.0	366214	1833.0605249236546	0.75
6664.504725494072	750	50.021860212381874	0.0	360831	1516.5715179315423	0.75
6666.161645033743	750	52.36494067271016	0.0	372963	1656.9195396717087	0.75
6668.044074573688	750	54.48251113276484	0.0	405596	1882.4295399453183	0.75
6669.711285034737	750	56.81530067171639	0.0	350713	1667.2104610484464	0.75
6671.370861395251	750	59.155724311201766	0.0	386472	1659.576360514628	0.75
6674.455200257856	1200	59.57362549537882	0.0	616206	2582.098815822948	0.75
6678.288023381449	1200	59.717833956972726	0.0	656471	2855.791538406101	1.2
6681.064546425001	1200	59.93708822779092	0.0	536667	2280.7457291818005	1.2
6683.914598130496	1200	59.95595103222807	0.0	587236	2481.1371955628565	1.2
6687.444861771448	1200	59.815776466718525	0.0	590335	3140.1745655095474	1.2
6689.955108803031	1200	59.955197488647826	0.0	696376	2360.578978070702	1.2
6691.308518718576	1200	59.78782655763175	0.0	487160	1167.3709310160764	1.2
6693.094548376584	1200	59.6833312208921	0.0	622896	1604.4953367396524	1.2
6695.417660370259	1200	59.72704238468886	0.0	641447	1456.2888362032384	1.2
6697.7807142102	1200	59.63892704345404	0.0	570392	1588.1153412348217	1.2
6700.453991828512	1850	59.60425748365131	0.0	954453	2034.6695598027275	1.2000000000000002
6704.533629773242	1850	59.52461953892028	0.0	885062	3579.6379447310305	1.85
6709.958695383945	1850	58.099553928217055	0.0	1035329	5425.065610703221	1.85
6714.567603958109	1850	57.49064535405276	0.0	1026056	4608.908574164296	1.85
6717.404707454829	1850	58.65354185733401	0.0	943942	2837.103496718747	1.85
6719.719243879484	1200	59.59643548741937	0.0	487812	1557.1063699146468	0.5499999999999999
6721.934529591488	1200	59.75750765878833	0.0	575591	1838.9278286310353	1.2
6724.114918140355	1200	59.550992326040564	0.0	605884	1706.5153327477683	1.2
6726.01062210402	1200	59.77457695226854	0.0	587506	1776.4153737720264	1.2
6729.818876462552	1200	59.6050940679484	0.0	566904	3669.4828843201367	1.2
6734.812484965188	1200	58.61148556531296	0.0	641452	4993.608502635437	1.2
6738.420094867022	1200	59.00387566347747	0.0	599477	3607.6099018354885	1.2
6742.599814364066	1200	58.82415616643348	0.0	634861	4179.719497043997	1.2
6746.261018512816	1200	59.162952017683516	0.0	630203	3661.204148749964	1.2
6750.824035084139	1200	58.599935446360874	0.0	638661	4563.016571322638	1.2
6754.0339916216	1850	59.38997890890043	0.0	830730	3209.956537460444	1.2000000000000002
6759.180722475955	2850	58.24324805454506	0.0	1364537	5146.730854355376	1.85
6761.5689352647805	750	59.85503526571978	0.0	450283	2388.212788825278	0.75
6764.38773977082	750	59.80454815091971	0.0	398865	2550.487114800075	0.75
6766.94573488332	750	59.830209290289865	0.0	350812	2474.3388606298363	0.75
6770.475794329635	750	59.957007693067446	0.0	382355	2873.2015972224153	0.75
6772.608348148223	750	59.91915970832003	0.0	411561	1537.8479847474175	0.75
6774.646487855097	750	59.87244277180297	0.0	318564	1546.716936517052	0.75
6777.625185707374	750	59.57730523084359	0.0	352642	2295.1375409593825	0.75
6780.653734953628	750	59.596310763374355	0.0	437162	2480.99446746924	0.75
6784.317863440526	750	59.93218227647697	0.0	374758	3664.1284868973803	0.75
6787.503638878619	750	59.72913619027171	0.0	362795	2203.0460862052664	0.75
6788.786337071188	750	59.51465176993152	0.0	353220	1214.4844203401974	0.75
6791.497809078617	750	59.90352265233168	0.0	405134	2611.1291175998304	0.75
6794.01509463333	750	59.683051319889586	0.0	386351	1720.4713324420943	0.75
6796.370789548999	750	59.604110973190124	0.0	434409	1578.940346699459	0.75
6798.284420008542	750	59.66167302790327	0.0	337059	1442.4379452868516	0.75
6800.6361004721075	750	59.81642905324911	0.0	366214	1845.243974654166	0.75
6802.492950950788	750	59.751222058364306	0.0	360831	1565.2069948848027	0.75
6804.116660323317	750	59.76018911399784	0.0	372963	1491.0329443664662	0.75
6807.097485679106	750	59.70111465018474	0.0	405596	2059.074463813101	0.75
6810.7238347123475	1200	59.78481557955155	0.0	586839	2916.29907063319	0.75
6814.006316655264	1200	59.948599589398285	0.0	601738	2836.2159901532627	1.2
6816.999538944686	1200	59.62462142106775	0.0	616206	2323.978168330532	1.2
6819.714406305374	1200	59.802309801270106	0.0	656471	2322.3116197976447	1.2
6821.814177971497	1200	59.902201838653696	0.0	536667	1900.1079626164171	1.2
6825.4355149342855	1200	59.89186520901275	0.0	587236	3510.336629640947	1.2
6828.713551502917	1200	59.754347091270844	0.0	590335	3137.5181177419067	1.2
6833.344856976795	1200	59.123041617393014	0.0	696376	4631.305473877826	1.2
6836.060367392965	1200	59.96519837169147	0.0	487160	2157.8432457015424	1.2
6839.782299240028	1200	59.58356603339478	0.0	622896	2881.632338296688	1.2
6843.998553865214	1200	59.367311408208685	0.0	641447	4216.2546251861	1.2
6846.505131709665	1200	59.681799552958836	0.0	570392	1685.5118552498488	1.2
6849.217246334351	1200	59.67077523521636	0.0	620283	2011.0243177424748	1.2
6851.434747025925	1200	59.593570042901405	0.0	584349	1577.2051923149588	1.2
6854.471495875935	1200	59.829343367525844	0.0	670129	2764.226675375563	1.2
6856.3200596048	1200	59.99582259041019	0.0	690253	1833.5207771156508	1.2
6857.57396784003	1200	59.82238994867036	0.0	598727	1173.4326417398345	1.2
6858.734015239095	1200	59.67810404588252	0.0	487812	1144.2859027878374	1.2
6861.251798751952	1200	59.801593037592696	0.0	575591	1876.5110082898282	1.2
6863.493753989774	1200	59.70625167096546	0.0	605884	1595.3413666272402	1.2
6865.7276645903985	1850	59.86210330625051	0.0	930577	1844.148364714948	1.2000000000000002
6868.952715450659	1850	59.77445899407582	0.0	858450	2587.644312174688	1.85
6871.039342038036	1850	59.68534897442916	0.0	1025005	1589.110019646663	1.85
6873.379051290491	1850	59.71925263206765	0.0	886255	1966.0963423615128	1.85
6876.61384794261	1850	59.99366076105406	0.0	973972	2225.591871013589	1.85
6882.031799701813	2850	58.57570900185203	0.0	1464921	5417.951759202029	1.85
6890.234399275825	2850	54.37310942783896	0.0	1483527	8202.599574013064	2.85
6896.1053543057205	2850	52.50215439794377	0.0	1231456	5870.955029895191	2.85
6902.702765141852	2850	49.90474356181233	0.0	1364537	6597.410836131435	2.85
6905.044423145405	750	51.56308555825966	0.0	450283	2341.6580035526804	0.75
6907.278540226593	750	53.32896847707194	0.0	398865	2234.117081187717	0.75
6909.344145819698	750	55.26336288396748	0.0	350812	2065.6055931044602	0.75
6911.342621569971	750	57.264887133693925	0.0	382355	1998.4757502735488	0.75
6913.044524999481	750	59.562983704183736	0.0	411561	1701.9034295101872	0.75
6914.998629130328	750	59.66087255774895	0.0	318564	1402.1111464347841	0.75
6917.1944841001105	750	59.533941565062385	0.0	352642	1626.9309926865644	0.75
6920.08868605259	750	59.81580257737189	0.0	437162	2718.138987690492	0.75
6922.91841134533	750	59.689471413395964	0.0	374758	2626.3311639759254	0.75
6926.546885514434	750	59.91193139322632	0.0	362795	2777.5400201696484	0.75
6934.384088295438	750	56.0747286122214	0.0	353220	7837.202781004919	0.75
6940.401833179242	750	54.05698372841756	0.0	405134	6017.744883803833	0.75
6945.814064156538	750	52.644752751121324	0.0	386351	5412.230977296236	0.75
6948.480458627634	300	53.978358280024985	0.0	179801	2666.394471096338	-0.15000000000000002
6950.963917980042	300	55.49489892761671	0.0	140051	2483.459352408275	0.3
6953.183198859235	300	57.27561804842409	0.0	138313	2219.2808791926254	0.3
6955.634946498562	300	58.82387040909694	0.0	143509	2451.7476393271468	0.3
6958.735293046813	300	59.61219470150309	0.0	150616	2711.67570759385	0.3
6963.309513198884	300	59.0379745494325	0.0	165384	4574.220152070594	0.3
6967.271774841764	300	59.075712906552255	0.0	140881	3962.2616428802403	0.3

