14851.17703650149	750	4.0	7.440727505900059	450283	7440.7275059000585	-31.245128275370252
14853.803214814845	300	5.373821686645989	0.0	155580	2626.1783133540107	-0.15000000000000002
14855.367495768294	300	7.809540733197551	0.0	139857	1564.2809534484381	0.3
14857.534931686003	300	9.64210481548831	0.0	155432	2167.435917709242	0.3
14858.451132778953	300	12.725903722537376	0.0	163442	916.2010929509345	0.3
14859.165198487559	300	16.01183801393238	0.0	126289	714.0657086049978	0.3
14860.89174333487	750	18.285293166620555	0.0	352642	1726.5448473118206	0.3
14862.915057348735	750	20.26197915275605	0.0	437162	2023.3140138645042	0.75
14866.11404593546	1200	21.062990566031498	0.0	584846	3198.988586724552	0.75
14872.506564100802	1850	18.670472400688226	0.0	913888	6392.518165343273	1.2000000000000002
14877.243957726543	1850	17.933078774947134	0.0	939819	4737.393625741089	1.85
14883.621387021298	1850	15.555649480192812	0.0	917428	6377.429294754322	1.85
14888.699428873677	1850	14.477607627813263	0.0	946851	5078.041852379549	1.85
14893.373033859021	1850	13.804002642467239	0.0	1036454	4673.604985346025	1.85
14897.17367229351	1850	14.003364207981294	0.0	821631	3800.6384344859457	1.85
14902.904607032344	1850	12.272429469146877	0.0	923170	5730.934738834418	1.85
14908.670583412173	1850	10.5064530893191	0.0	966699	5765.976379827775	1.85
14912.71253110002	1200	10.464505401471428	0.0	581493	4041.947687847673	0.5499999999999999
14920.247958140446	1200	6.929078361045076	0.0	639204	7535.427040426352	1.2
14927.241080932663	1200	4.0	0.06404443117250867	586839	6993.122792217585	0.9246089459582127
14928.844704701114	300	6.39637623154909	0.0	157671	1603.62376845091	-0.6000000000000001
14930.273523096792	300	8.967557835871853	0.0	157812	1428.818395677239	0.3
14931.736955605134	300	11.504125327529312	0.0	163927	1463.4325083425397	0.3
14933.48750025342	300	13.75358067924417	0.0	137654	1750.5446482851437	0.3
14938.218833601746	750	13.022247330917534	0.0	359903	4731.333348326636	0.3
14941.378771051843	750	13.862309880821526	0.0	379700	3159.937450096008	0.75
14945.472502290437	750	13.768578642227782	0.0	425781	4093.731238593745	0.75
14949.566972108334	750	13.674108824330773	0.0	277716	4094.469817897008	0.75
14953.204675517183	750	14.036405415482607	0.0	400396	3637.703408848167	0.75
14956.241168190025	750	14.999912742639808	0.0	400508	3036.4926728427977	0.75
14958.828291451071	750	16.412789481594412	0.0	358218	2587.1232610453944	0.75
14961.290489544985	750	17.950591387681296	0.0	400322	2462.198093913118	0.75
14965.301938438357	750	17.93914249430834	0.0	369834	4011.4488933729554	0.75
14967.664131357347	750	19.57694957531862	0.0	412837	2362.1929189897205	0.75
14972.034460195462	1200	19.20662073720496	0.0	690253	4370.328838113661	0.75
14975.51950640795	1200	19.721574524717003	0.0	598727	3485.0462124879605	1.2
14977.942742933983	1200	21.298337998683806	0.0	487812	2423.236526033199	1.2
14980.938975036923	1200	22.302105895744024	0.0	575591	2996.232102939781	1.2
14984.088630920318	1200	23.152450012349586	0.0	605884	3149.6558833944387	1.2
14989.558797945987	1850	21.682282986679777	0.0	930577	5470.167025669807	1.2000000000000002
14994.245419747744	1850	20.99566118492359	0.0	858450	4686.621801756182	1.85
14999.619152134417	1850	19.621928798250458	0.0	1025005	5373.732386673135	1.85
15005.26069080978	1850	17.98039012288713	0.0	886255	5641.538675363329	1.85
15010.5942742613	1850	16.64680667136664	0.0	973972	5333.58345152049	1.85
15014.802322991169	1850	16.438757941499652	0.0	958994	4208.04872986699	1.85
15019.040436144522	1850	16.200644788147198	0.0	982064	4238.113153352451	1.85
15025.869922299718	2850	13.37115863295005	0.0	1231456	6829.486155197151	1.85
15032.669679935429	2850	10.571400997239977	0.0	1364537	6799.7576357100725	2.85
15035.624848531586	750	11.616232401081264	0.0	450283	2955.1685961587123	0.75
15040.615427859662	1200	10.625653073005388	0.0	611087	4990.579328075877	0.75
15045.823248719014	1200	9.417832213653488	0.0	571051	5207.820859351899	1.2
15049.800610716797	1200	9.440470215871166	0.0	617681	3977.361997782322	1.2
15053.306258803865	1200	9.934822128803177	0.0	652874	3505.6480870679898	1.2
15056.117613341034	1200	11.12346759163513	0.0	520315	2811.354537168046	1.2
15058.714332622294	1200	12.526748310375597	0.0	561791	2596.7192812595326	1.2
15063.05400597296	1200	12.187074959709916	0.0	709534	4339.673350665679	1.2
15067.519115362182	1200	11.721965570487587	0.0	584846	4465.10938922233	1.2
15072.080580654474	1200	11.160500278195155	0.0	560821	4561.465292292432	1.2
15078.238738362195	1200	9.002342570474605	0.0	607410	6158.15770772055	1.2
15083.96981811759	1200	7.271262815078507	0.0	594078	5731.079755396097	1.2
15086.628077954267	750	8.613002978402626	0.0	386351	2658.259836675881	0.3
15091.668620497849	750	7.572460434820647	0.0	434409	5040.54254358198	0.75
15094.692496789754	750	8.548584142915345	0.0	337059	3023.876291905301	0.75
15097.127298847581	750	10.11378208508798	0.0	366214	2434.8020578273668	0.75
15099.608735436841	750	11.632345495826534	0.0	360831	2481.4365892614455	0.75
15102.526371187369	750	12.71470974530081	0.0	372963	2917.6357505257242	0.75
15105.887695221585	750	13.35338571108565	0.0	405596	3361.32403421516	0.75
15110.097276402701	750	13.143804529969737	0.0	350713	4209.581181115912	0.75
15116.16408245871	750	11.076998473959659	0.0	386472	6066.806056010079	0.75
15117.737609319754	750	13.50347161291511	0.0	399894	1573.52686104455	0.75
15120.704598482276	750	14.53648245039435	0.0	401853	2966.989162520759	0.75
15122.359735805258	750	16.881345127410846	0.0	343800	1655.1373229835085	0.75
15123.877854817387	750	19.36322611528142	0.0	359903	1518.119012129423	0.75
15126.315115826354	1200	20.925965106313797	0.0	590335	2437.2610089676223	0.75
15137.99806136417	1850	13.243019568499676	0.0	1076599	11682.945537814121	1.2000000000000002
15142.094193954423	1200	13.146886978244881	0.0	487160	4096.132590254796	0.5499999999999999
15146.248080710024	1200	12.9930002226451	0.0	622896	4153.88675559978	1.2
15151.563946015294	1200	11.677134917373907	0.0	641447	5315.865305271192	1.2
15154.739944407884	1200	12.501136524783826	0.0	570392	3175.9983925900806	1.2
15158.41647076413	1200	12.82461016853734	0.0	620283	3676.526356246487	1.2
15161.276442441025	1200	13.964638491641741	0.0	584349	2859.9716768955977	1.2
15164.30408461859	1200	14.93699631407654	0.0	670129	3027.6421775652025	1.2
15167.361819645539	1200	15.87926128712921	0.0	690253	3057.735026947328	1.2
15170.259779879683	1200	16.981301052983966	0.0	598727	2897.9602341452437	1.2
15172.855241249863	1200	18.385839682804157	0.0	487812	2595.4613701798085	1.2
15177.683186721764	1850	17.55789421090272	0.0	938587	4827.94547190144	1.2000000000000002
15181.793575739626	1850	17.44750519304185	0.0	908665	4110.389017860871	1.85
15186.58933731447	1850	16.65174361819796	0.0	930577	4795.761574843891	1.85
15190.688593137418	1850	16.552487795249565	0.0	858450	4099.255822948389	1.85
15196.217309969628	1850	15.023770963039933	0.0	1025005	5528.716832209632	1.85
15201.445195074162	1850	13.795885858507134	0.0	886255	5227.885104532799	1.85
15212.295396478083	1850	6.945684454585411	0.0	973972	10850.201403921723	1.85
15217.13441423091	1200	6.106666701760016	0.0	630203	4839.017752825395	0.5499999999999999
15220.059895436585	1200	7.181185496083812	0.0	638661	2925.481205676203	1.2
15223.036265286652	1200	8.2048156460155	0.0	538612	2976.3698500683126	1.2
15227.398900172977	1850	7.842180759691583	0.0	846370	4362.634886323917	1.2000000000000002
15229.470813669881	750	9.770267262788414	0.0	450283	2071.9134969031693	0.75
15232.225462241378	1200	11.015618691290907	0.0	611087	2754.6485714975056	0.75
15234.823610296296	1200	12.417470636373483	0.0	571051	2598.148054917424	1.2
15237.830572995299	1200	13.410507937369958	0.0	617681	3006.962699003525	1.2
15241.575848925779	1200	13.66523200689163	0.0	652874	3745.2759304783294	1.2
15244.518256310255	1200	14.72282462241322	0.0	520315	2942.4073844784116	1.2
15248.763066431065	1850	14.478014501604022	0.0	905515	4244.810120809197	1.2000000000000002
15253.333683150373	1850	13.90739778229611	0.0	1060487	4570.616719307912	1.85
15257.290704065275	1850	13.950376867394748	0.0	852833	3957.0209149013604	1.85
15264.215106980262	1850	11.02597395240732	0.0	913888	6924.4029149874295	1.85
15269.22554094282	1850	10.015539989849046	0.0	939819	5010.433962558274	1.85
15272.254028283109	1200	10.987052649561283	0.0	594078	3028.4873402877624	0.5499999999999999
15278.112476190414	1200	9.128604742254701	0.0	624282	5858.447907306581	1.2
15286.531900574695	1200	4.709180357974157	0.0	687371	8419.424384280544	1.2
15290.61582917984	750	4.625251752828422	0.0	337059	4083.9286051457348	0.3
15292.468401084927	300	6.772679847743213	0.0	138313	1852.5719050852092	-0.15000000000000002
15293.818976050192	300	9.422104882476669	0.0	143509	1350.5749652665436	0.3
15296.151565608203	300	11.089515324465207	0.0	150616	2332.5895580114625	0.3
15298.702870798232	300	12.538210134436952	0.0	165384	2551.3051900282544	0.3
15300.961625138443	300	14.279455794225376	0.0	140881	2258.7543402115753	0.3
15303.876585838552	300	15.364495094116275	0.0	157671	2914.9607001091013	0.3
15305.592107640789	300	17.648973291880775	0.0	157812	1715.5218022355	0.3
15306.5182544277	300	20.722826504969007	0.0	163927	926.1467869117689	0.3
15308.261488896738	750	22.979592035930246	0.0	343800	1743.2344690387572	0.3
15310.319678896158	750	24.921402036511548	0.0	359903	2058.1899994187	0.75
15312.41328505033	750	26.827795882337174	0.0	379700	2093.6061541743748	0.75
15318.032873713557	1200	25.208207219111355	0.0	696376	5619.588663225821	0.75
15321.384432057905	1200	25.856648874763454	0.0	487160	3351.558344347901	1.2
15325.278421130555	1200	25.96265980211296	0.0	622896	3893.989072650493	1.2
15328.956702544867	1200	26.28437838780124	0.0	641447	3678.2814143117193	1.2
15332.991364200141	1200	26.24971673252649	0.0	570392	4034.66165527475	1.2
15337.637279244589	1200	25.60380168807868	0.0	620283	4645.91504444781	1.2
15341.663777926777	1200	25.577303005891203	0.0	584349	4026.4986821874727	1.2
15346.506668667624	1200	24.734412265044455	0.0	670129	4842.890740846749	1.2
15350.727772162501	1200	24.513308770167328	0.0	690253	4221.103494877125	1.2
15354.32108554994	1200	24.91999538272844	0.0	598727	3593.313387438888	1.2
15357.132364784391	1200	26.10871614827617	0.0	487812	2811.2792344522727	1.2
15360.792725225221	1200	26.44835570744562	0.0	575591	3660.360440830548	1.2
15363.967668704709	1200	27.273412227958755	0.0	605884	3174.943479486867	1.2
15369.567799022314	1850	25.67328191035542	0.0	930577	5600.130317603332	1.2000000000000002
15374.20480116512	1850	25.036279767548542	0.0	858450	4637.002142806881	1.85
15379.604626633705	1850	23.636454298964114	0.0	1025005	5399.825468584426	1.85
15385.283976322073	1850	21.9571046105971	0.0	886255	5679.349688367017	1.85
15400.248227743834	1850	10.992853188836122	0.0	973972	14964.251421760979	1.85
15408.008904815038	1200	7.2321761176321955	0.0	630203	7760.677071203926	0.5499999999999999
15411.507818225085	750	7.733262707585869	0.0	393804	3498.9134100463257	0.3
15415.819796352904	750	7.421284579766976	0.0	331053	4311.978127818893	0.75
15423.758262780742	1200	4.0	0.5171818480709207	550906	7938.466427837897	-1.4738819467049589
15431.762976903947	750	4.0	4.004714123203853	450283	8004.714123203853	-16.47027072977657
15433.65028172651	300	6.1126951774385905	0.0	155580	1887.3048225614093	-0.15000000000000002
15434.881245532473	300	8.881731371473462	0.0	139857	1230.9638059651286	0.3
15436.220534254937	300	11.54244264901083	0.0	155432	1339.288722462633	0.3
15437.372208536437	300	14.390768367510208	0.0	163442	1151.674281500622	0.3
15438.265241751787	300	17.49773515215883	0.0	126289	893.0332153513831	0.3
15439.403297669738	300	20.359679234208027	0.0	153295	1138.055917950801	0.3
15443.80978499826	1200	19.953191905685255	0.0	709534	4406.4873285227695	0.29999999999999993
15446.961335292732	1200	20.801641611213004	0.0	584846	3151.5502944722534	1.2
15450.334412663253	1200	21.42856424069204	0.0	560821	3373.0773705209613	1.2
15454.872544723232	1200	20.89043218071408	0.0	607410	4538.132059977962	1.2
15461.471123549745	1200	18.291853354200473	0.0	594078	6598.578826513608	1.2
15466.900142824788	1200	16.86283407915761	0.0	624282	5429.019275042861	1.2
15475.039520979566	1200	12.723455924378396	0.0	687371	8139.378154779216	1.2
15498.310320997001	1200	4.0	10.54734409305744	526950	23270.800017435835	-44.15357960014698
15505.622923520106	300	4.0	3.31260252310562	138313	7312.60252310562	-14.844190849354167
15513.461952006777	300	4.0	3.839028486670465	143509	7839.028486670465	-16.207822492683
15520.058869043787	300	4.0	2.596917037010936	150616	6596.917037010936	-10.866743259147023
15522.905876377892	300	5.152992665895299	0.0	165384	2847.007334104701	0.3
15529.763618787976	300	4.0	1.7047497441893202	140881	6857.742410084619	-7.0304239000140765
15539.9915580232	300	4.0	6.227939235222528	157671	10227.939235222528	-26.480138711456867
15545.85391574026	300	4.0	1.8623577170598538	157812	5862.357717059854	-7.708138183357371
15555.91836854095	300	4.0	6.0644528006903675	163927	10064.452800690367	-25.77714704296858
15560.476302260846	300	4.0	0.5579337198964222	137654	4557.933719896422	-2.0991149955546153
15567.261602615612	300	4.0	2.7853003547659374	146754	6785.300354765937	-11.67679152549353
15576.14226603109	300	4.0	4.88066341547597	153938	8880.66341547597	-20.686852686546672
15583.153570983772	300	4.0	3.0113049526823232	181901	7011.304952682323	-12.64861129653399
15589.647193856394	300	4.0	2.493622872622872	111155	6493.622872622872	-10.422578352278348
15595.351620671841	300	4.0	1.7044268154486182	153605	5704.426815448618	-7.0290353064290585
15604.477499731165	300	4.0	5.125879059322981	149029	9125.87905932298	-21.741279955088814
15611.29567419466	300	4.0	2.8181744634956414	157421	6818.174463495641	-11.818150193031256
15618.065330449872	300	4.0	2.7696562552113666	157488	6769.656255211366	-11.609521897408875

