152145.11481053164	750	4.0	6.607758736420716	450283	6607.758736420716	-27.663362566609077
152146.72591522607	300	6.3888953055802595	0.0	155580	1611.1046944197403	-0.15000000000000002
152147.84787881977	300	9.266931711882483	0.0	139857	1121.9635936977763	0.3
152149.09158316167	300	12.023227369959335	0.0	155432	1243.7043419231486	0.3
152150.3467580642	300	14.768052467430522	0.0	163442	1255.174902528814	0.3
152151.58275254676	300	17.53205798489559	0.0	126289	1235.9944825349344	0.3
152152.7031021222	300	20.411708409423714	0.0	153295	1120.3495754718733	0.3
152157.8081912241	1200	19.30661930753174	0.0	709534	5105.089101891975	0.29999999999999993
152161.84308173246	1200	19.271728799177232	0.0	584846	4034.890508354507	1.2
152165.85641335792	1200	19.258397173722823	0.0	560821	4013.3316254544075	1.2
152170.75034690887	1200	18.36446362277845	0.0	607410	4893.933550944372	1.2
152175.17361869343	1200	17.94119183820968	0.0	594078	4423.271784568768	1.2
152179.615648692	1200	17.49916183965214	0.0	624282	4442.029998557543	1.2
152184.33339266383	1200	16.78141786782271	0.0	687371	4717.743971829426	1.2
152188.48231287752	1200	16.63249765415759	0.0	526950	4148.92021366512	1.2
152193.48092401738	1200	15.633886514283894	0.0	587876	4998.611139873695	1.2
152198.51613185176	1200	14.598678679890757	0.0	617242	5035.207834393138	1.2
152202.52246930785	1200	14.592341223827164	0.0	581493	4006.3374560635907	1.2
152207.16168740354	1200	13.953123128140836	0.0	639204	4639.218095686329	1.2
152212.923341127	1200	12.19146940466894	0.0	586839	5761.653723471897	1.2
152217.38163939715	1200	11.73317113454231	0.0	601738	4458.298270126631	1.2
152223.72406549143	1200	9.39074504024926	0.0	616206	6342.42609429305	1.2
152230.8816415921	1200	6.233168939581344	0.0	656471	7157.576100667917	1.2
152233.74573550042	750	7.369075031264903	0.0	343800	2864.0939083164412	0.3
152237.0994402392	750	8.015370292506478	0.0	359903	3353.7047387584244	0.75
152240.30286073068	750	8.811949801029883	0.0	379700	3203.4204914765955	0.75
152243.82738089337	750	9.287429638327994	0.0	425781	3524.5201627018882	0.75
152246.3797115491	750	10.735098982593387	0.0	277716	2552.3306557346077	0.75
152250.15723019693	750	10.957580334767055	0.0	400396	3777.5186478263304	0.75
152253.6809235707	750	11.433886960982667	0.0	400508	3523.6933737843888	0.75
152256.67293089998	750	12.441879631698761	0.0	358218	2992.007329283905	0.75
152259.3765962964	750	13.738214235284701	0.0	400322	2703.6653964140614	0.75
152262.025386738	750	15.08942379367161	0.0	369834	2648.790441613089	0.75
152265.71153631035	750	15.403274221319917	0.0	412837	3686.149572351694	0.75
152268.8668459673	750	16.24796456438526	0.0	401088	3155.309656934656	0.75
152271.9057193328	750	17.209091198875036	0.0	365161	3038.8733655102224	0.75
152274.59862931608	750	18.51618121558658	0.0	321064	2692.9099832884567	0.75
152278.02641994134	750	19.088390590340982	0.0	361565	3427.790625245599	0.75
152281.7166154327	750	19.398195098980953	0.0	378327	3690.195491360031	0.75
152285.82350857442	750	19.291301957258785	0.0	390680	4106.893141722169	0.75
152289.01854734012	750	20.09626319156521	0.0	345516	3195.0387656935764	0.75
152292.7033625276	750	20.41144800408426	0.0	384505	3684.8151874809464	0.75
152296.24748230574	750	20.867328225951674	0.0	372093	3544.1197781325877	0.75
152300.50561033015	750	20.609200201565795	0.0	438281	4258.128024385877	0.75
152305.88674819717	1200	19.2280623345316	0.0	630203	5381.137867034196	0.75
152311.31894848635	1200	17.795862045354603	0.0	638661	5432.200289177001	1.2
152318.7624577288	1850	14.35235280290481	0.0	830730	7443.509242449793	1.2000000000000002
152338.53670200828	2850	4.0	5.421891476565052	1364537	19774.24427946986	-21.46413334922972
152342.29215879412	750	4.244543214131573	0.0	450283	3755.456785868427	0.75
152344.05492980866	300	6.481772199628057	0.0	155580	1762.7710145035164	-0.15000000000000002
152345.68675689257	300	8.849945115726323	0.0	139857	1631.8270839017343	0.3
152347.4969787107	300	11.039723297585944	0.0	155432	1810.2218181403791	0.3
152349.87466296557	300	12.662039042734017	0.0	163442	2377.684254851926	0.3
152351.48909113367	300	15.04761087461958	0.0	126289	1614.4281681144382	0.3
152353.31390751948	300	17.222794488813882	0.0	153295	1824.816385805696	0.3
152355.17964506347	300	19.357056944844842	0.0	173849	1865.7375439690347	0.3
152356.89674981154	300	21.639952196760834	0.0	150710	1717.1047480840098	0.3
152363.34136439604	750	19.195337612249	0.0	362795	6444.614584511836	0.3
152371.9412971191	750	14.595404889163886	0.0	353220	8599.93272308511	0.75
152379.65176258577	750	10.884939422508907	0.0	405134	7710.4654666549795	0.75
152384.79964134956	750	9.737060658704413	0.0	386351	5147.878763804493	0.75
152391.19868945662	750	7.338012551637247	0.0	434409	6399.048107067166	0.75
152392.45769460176	300	10.079007406463045	0.0	140051	1259.0051451742033	-0.15000000000000002
152393.7094827459	300	12.82721926231627	0.0	138313	1251.7881441467744	0.3
152394.96106438924	300	15.575637619006487	0.0	143509	1251.5816433097816	0.3
152396.4435975583	300	18.09310444993659	0.0	150616	1482.5331690699009	0.3
152401.2058206101	750	17.330881398119267	0.0	405596	4762.223051817319	0.3
152407.12052420017	750	15.416177808063155	0.0	350713	5914.703590056114	0.75
152412.41451943858	750	14.12218256967357	0.0	386472	5293.995238389587	0.75
152427.90684746735	750	4.0	1.370145459126754	399894	15492.328028800322	-5.141625474245042
152434.55925687822	300	4.0	2.6524094108628953	163927	6652.409410862895	-11.555360466710448
152439.17131526687	300	4.0	0.6120583886472732	137654	4612.058388647273	-2.331851071183275
152442.57855083738	300	4.5927644295042045	0.0	146754	3407.235570495795	0.3
152446.52076018916	300	4.650555077735376	0.0	153938	3942.2093517688286	0.3
152451.51833427214	300	4.0	0.3470190052556245	181901	4997.574082991001	-1.1921817225991853
152453.02504934778	300	6.493284924364234	0.0	111155	1506.7150756357662	0.3
152455.05529519464	300	8.46303907749119	0.0	153605	2030.2458468730435	0.3
152456.73982287518	300	10.778511396961417	0.0	149029	1684.527680529775	0.3
152459.08041871447	300	12.437915557656597	0.0	157421	2340.5958393048195	0.3
152461.1252747948	300	14.39305947734657	0.0	157488	2044.8560803100254	0.3
152462.9745139256	300	16.543820346521724	0.0	143881	1849.2391308248489	0.3
152464.81223131763	300	18.706102954486507	0.0	163444	1837.7173920352154	0.3
152472.1310523218	750	15.387281950302489	0.0	401088	7318.821004184019	0.3
152476.64187765826	750	14.87645661388601	0.0	365161	4510.82533641648	0.75
152479.1667271284	750	16.35160714370553	0.0	321064	2524.8494701804825	0.75
152484.11067059866	750	15.407663673457112	0.0	361565	4943.943470248416	0.75
152492.9394127341	750	10.578921538021493	0.0	378327	8828.742135435617	0.75
152506.1879658639	750	4.0	2.6696315918083036	390680	13248.553129829797	-10.729415844775705
152509.66656675175	300	4.52139911215746	0.0	147968	3478.6008878425405	-0.15000000000000002
152515.71548567727	300	4.0	1.5275198133801986	161857	6048.918925537659	-6.268335197534854
152520.49927865108	300	4.0	0.783792973804022	145210	4783.792973804022	-3.070309787357295
152526.50667860665	300	4.0	2.007399955566151	172312	6007.399955566151	-8.331819808934448
152531.76647342552	300	4.0	1.259794818889388	167025	5259.794818889388	-5.117117721224368
152535.34199955032	300	4.424473875230131	0.0	160064	3575.526124769869	0.3
152539.37921783054	300	4.387255595007522	0.0	137507	4037.218280222609	0.3
152544.48043914294	300	4.0	0.7139657174066788	118421	5101.221312414201	-2.770052584848719
152551.16352248756	750	4.0	2.683083344612338	450283	6683.083344612338	-10.787258381833054
152552.54173845646	300	6.621784031094903	0.0	155580	1378.2159689050966	-0.15000000000000002
152553.83998407502	300	9.323538412547176	0.0	139857	1298.2456185477274	0.3
152555.47576021554	300	11.687762272005859	0.0	155432	1635.7761405413164	0.3
152556.91532951518	300	14.24819297238215	0.0	163442	1439.5692996237103	0.3
152559.61145250476	750	15.552069982814906	0.0	318564	2696.1229895672423	0.3
152562.5166341212	750	16.646888366386214	0.0	352642	2905.1816164286943	0.75
152566.90274403003	750	16.26077845753378	0.0	437162	4386.109908852432	0.75
152570.09445785265	750	17.06906463490523	0.0	374758	3191.7138226285474	0.75
152573.83715056523	750	17.326371922321126	0.0	362795	3742.6927125841075	0.75
152576.8213125094	750	18.34220997816073	0.0	353220	2984.1619441603943	0.75
152579.92748659925	750	19.236035888307168	0.0	405134	3106.1740898535645	0.75
152582.99260002963	750	20.170922457921748	0.0	386351	3065.1134303854183	0.75
152586.91575397537	750	20.247768512184564	0.0	434409	3923.1539457371855	0.75
152590.5969924965	750	20.566529991054843	0.0	337059	3681.238521129723	0.75
152593.52556974345	750	21.637952744084775	0.0	366214	2928.5772469700664	0.75
152596.32376041243	750	22.839762075102314	0.0	360831	2798.190668982461	0.75
152599.5475925371	750	23.615929950435202	0.0	372963	3223.8321246671107	0.75
152602.65461686332	750	24.50890562423914	0.0	405596	3107.0243261960595	0.75
152607.9387496276	1200	23.22477285996822	0.0	586839	5284.132764270922	0.75
152612.2696652722	1200	22.893857215365852	0.0	601738	4330.915644602365	1.2
152616.65317048208	1200	22.510352005490383	0.0	616206	4383.505209875471	1.2
152621.4570644042	1200	21.70645808335329	0.0	656471	4803.893922137092	1.2
152625.69297989542	1200	21.470542592166527	0.0	536667	4235.915491186763	1.2
152629.58298150153	1200	21.580540986058995	0.0	587236	3890.0016061075303	1.2
152634.03328503537	1200	21.130237452210306	0.0	590335	4450.303533848691	1.2
152638.7152347326	1200	20.448287754970895	0.0	696376	4681.949697239413	1.2
152641.95992763186	1200	21.203594855707067	0.0	487160	3244.6928992638277	1.2
152646.39993342932	1200	20.76358905824329	0.0	622896	4440.005797463774	1.2
152651.18728637387	1200	19.976236113710037	0.0	641447	4787.352944533254	1.2
152656.42991512362	1200	18.733607363948494	0.0	570392	5242.628749761546	1.2
152667.14793897705	1200	12.015583510490215	0.0	620283	10718.023853458279	1.2
152673.74815630208	750	9.415366185461666	0.0	369834	6600.217325028549	0.3
152679.9995263619	750	7.163996125632029	0.0	412837	6251.370059829636	0.75
152681.68154517753	300	9.481977310014383	0.0	179328	1682.0188156176453	-0.15000000000000002
152682.95947971966	300	12.204042767850414	0.0	159914	1277.9345421639698	0.3
152684.20112566845	300	14.96239681908799	0.0	131610	1241.6459487624224	0.3
152685.33409768273	300	17.82942480478266	0.0	124011	1132.9720143053294	0.3
152688.71559756895	750	18.44792491857834	0.0	378327	3381.499886204319	0.3
152692.1338653201	750	19.029657167449134	0.0	390680	3418.2677511292054	0.75
152695.77173676004	750	19.39178572748429	0.0	345516	3637.8714399648434	0.75
152703.54082636334	750	15.622696124165627	0.0	384505	7769.089603318664	0.75
152709.4283121506	750	13.735210336929919	0.0	372093	5887.485787235707	0.75
152714.37634388727	750	12.787178600252183	0.0	438281	4948.031736677736	0.75
152719.44180671935	750	11.721715768201443	0.0	398987	5065.462832050737	0.75
152726.90734450694	750	8.256177980593687	0.0	393804	7465.537787607756	0.75
152730.8562237972	750	8.307298690326608	0.0	331053	3948.87929026708	0.75
152746.13899070444	1200	4.0	6.975468216913414	550906	15282.766907240022	-29.244513332727678
152752.55805318418	750	4.0	2.4190624797253704	450283	6419.06247972537	-9.651968662819092
152754.68034308706	300	5.877710097097939	0.0	155580	2122.289902902061	-0.15000000000000002
152756.7312389324	300	7.826814251788763	0.0	139857	2050.895845309176	0.3
152758.33170284628	300	10.22635033791152	0.0	155432	1600.4639138772436	0.3
152760.10173668832	300	12.456316495897454	0.0	163442	1770.0338420140656	0.3
152761.4076166089	300	15.15043657533973	0.0	126289	1305.8799205577234	0.3
152763.77173356843	300	16.786319615784983	0.0	153295	2364.1169595547485	0.3
152765.96668273682	300	18.591370447388663	0.0	173849	2194.9491683963192	0.3
152769.48374530507	750	19.07430787915279	0.0	374758	3517.0625682358695	0.3
152773.33976461005	750	19.218288574158183	0.0	362795	3856.019304994609	0.75
152777.7229371114	750	18.835116072808916	0.0	353220	4383.17250134927	0.75
152782.8378807753	750	17.720172408920043	0.0	405134	5114.943663888872	0.75
152787.29613283247	750	17.261920351747875	0.0	386351	4458.252057172167	0.75
152793.6177894921	750	14.940263692106674	0.0	434409	6321.656659641202	0.75
152796.82493132175	750	15.733121862466563	0.0	337059	3207.1418296401102	0.75
152800.89053714654	750	15.667516037654895	0.0	366214	4065.6058248116688	0.75
152803.50205792463	750	17.055995259559605	0.0	360831	2611.520778095289	0.75
152805.85627039603	750	18.701782788167055	0.0	372963	2354.2124713925487	0.75
152809.13218618926	750	19.42586699493049	0.0	405596	3275.915793236565	0.75
152812.08965502155	750	20.46839816264104	0.0	350713	2957.4688322894476	0.75
152815.06075227226	750	21.497300911955357	0.0	386472	2971.0972506856847	0.75
152819.7993326239	1200	20.758720560304095	0.0	616206	4738.58035165126	0.75
152825.7061635215	1200	18.851889662715124	0.0	656471	5906.830897588973	1.2
152830.75543901094	1200	17.802614173272886	0.0	536667	5049.275489442236	1.2
152835.52707598975	1200	17.030977194475177	0.0	587236	4771.63697879771	1.2
152840.218243027	1200	16.339810157234727	0.0	590335	4691.1670372404515	1.2
152845.5318308619	1200	15.026222322344111	0.0	696376	5313.587834890615	1.2
152849.40343841232	1200	15.154614771936023	0.0	487160	3871.6075504080873	1.2
152853.76016453278	1200	14.797888651460443	0.0	622896	4356.72612047558	1.2
152859.22547619086	1200	13.33257699338728	0.0	641447	5465.311658073163	1.2
152866.4456976616	1200	10.112355522639321	0.0	570392	7220.221470747957	1.2
152874.19289533395	750	6.365157850297072	0.0	400322	7747.19767234225	0.3
152876.1275469736	300	8.430506210634059	0.0	143881	1934.651639663013	-0.15000000000000002
152877.89102641866	300	10.66702676559729	0.0	163444	1763.4794450367685	0.3
152879.5581330062	300	12.999920178033356	0.0	179328	1667.106587563935	0.3
152882.63675769005	300	13.92129549421965	0.0	159914	3078.6246838137067	0.3
152885.29030832584	300	15.26774485840512	0.0	131610	2653.5506358145303	0.3
152886.90996207367	300	17.648091110600667	0.0	124011	1619.6537478044515	0.3
152888.81561172474	300	19.742441459508708	0.0	144254	1905.649651091962	0.3
152890.31555133927	300	22.242501844977053	0.0	149991	1499.9396145316543	0.3
152891.4447418078	300	25.11331137645288	0.0	147968	1129.1904685241716	0.3
152892.4648748868	300	28.09317829744918	0.0	161857	1020.1330790036986	0.3
152894.89319883636	750	29.664854347871138	0.0	372093	2428.323949578043	0.3
152898.4669089391	750	30.091144245147788	0.0	438281	3573.71010272335	0.75
152919.27002153295	1850	13.288031651287355	0.0	958994	20803.112593860435	0.75
152939.97745102996	1850	4.0	7.41939784570679	982064	20707.429496994144	-30.053410736539195
152941.28897619064	300	6.688474839336652	0.0	137507	1311.525160663348	-1.25
152943.97009639317	750	8.007354636786996	0.0	314107	2681.1202025496555	0.3
152947.4323015312	750	8.545149498772457	0.0	450283	3462.205138014541	0.75
152950.58567517714	750	9.391775852838101	0.0	398865	3153.3736459343545	0.75
152952.9500223731	750	11.027428656871203	0.0	350812	2364.347195966898	0.75
152955.8302278301	750	12.147223199832045	0.0	382355	2880.2054570391597	0.75
152959.392962906	750	12.584488123985315	0.0	411561	3562.7350758467296	0.75
152961.4669622595	750	14.510488770460007	0.0	318564	2073.999353525306	0.75
152963.85296183903	750	16.124489190934728	0.0	352642	2385.999579525278	0.75
152966.54854531537	750	17.428905714611894	0.0	437162	2695.5834763228345	0.75
152970.1737352636	1200	17.803715766344187	0.0	584846	3625.1899482677068	0.75
152975.67693946854	1200	16.300511561440867	0.0	560821	5503.204204903319	1.2
152981.0419952797	1200	14.935455750260877	0.0	607410	5365.055811179991	1.2
152987.05342102717	1200	12.92403000278253	0.0	594078	6011.425747478346	1.2
152993.91928920997	1200	10.058161819991604	0.0	624282	6865.868182790928	1.2
152999.46678699288	750	8.510664037066581	0.0	434409	5547.497782925021	0.3
153002.5137857491	750	9.463665280881065	0.0	337059	3046.998756185517	0.75
153004.93747497277	750	11.039976057186358	0.0	366214	2423.689223694707	0.75
153007.4513592332	750	12.526091796778205	0.0	360831	2513.8842604081524	0.75
153009.62307813778	750	14.354372892197778	0.0	372963	2171.718904580429	0.75
153012.17097427454	750	15.806476755424757	0.0	405596	2547.8961367730203	0.75
153018.50333323627	1200	13.474117793695328	0.0	586839	6332.358961729429	0.75
153024.86099279224	1200	11.116458237711011	0.0	601738	6357.659555984317	1.2
153028.98889819742	1200	10.988552832542547	0.0	616206	4127.905405168463	1.2
153033.89292565783	1200	10.08452537211183	0.0	656471	4904.027460430718	1.2
153039.1377636503	1200	8.839687379662525	0.0	536667	5244.837992449304	1.2
153042.71188934147	750	9.26556168848205	0.0	359903	3574.1256911804758	0.3
153046.03730096214	750	9.940150067819047	0.0	379700	3325.411620663003	0.75
153049.58514846704	750	10.392302562935482	0.0	425781	3547.8475048835658	0.75
153051.29953274582	750	12.67791828416198	0.0	277716	1714.3842787735036	0.75
153053.33394191467	750	14.643509115280082	0.0	400396	2034.4091688818976	0.75
153055.83955079768	750	16.137900232300012	0.0	400508	2505.608882980069	0.75
153058.93762905215	750	17.039821977825987	0.0	358218	3098.078254474023	0.75
153065.10168993985	1200	14.875761090088698	0.0	620283	6164.060887737291	0.75
153071.70499800483	1200	12.27245302513214	0.0	584349	6603.308064956557	1.2
153077.68918345473	750	10.288267575225142	0.0	412837	5984.185449906999	0.3
153081.85956388485	750	10.117887145100708	0.0	401088	4170.380430124434	0.75
153085.74494240351	750	10.232508626432097	0.0	365161	3885.3785186686105	0.75
153092.26313134935	750	7.714319680603478	0.0	321064	6518.188945828618	0.75
153096.11562936247	750	7.861821667485167	0.0	361565	3852.4980131183124	0.75
153099.5441260173	750	8.433325012646678	0.0	378327	3428.4966548384878	0.75
153104.0506041636	750	7.926846866324152	0.0	390680	4506.478146322527	0.75
153107.23107782062	750	8.746373209306546	0.0	345516	3180.4736570176055	0.75
153112.42492818617	750	7.552522843766874	0.0	384505	5193.850365539673	0.75
153118.10100824013	750	5.8764427898181975	0.0	372093	5676.080053948676	0.75
153119.84622393112	300	8.131227098831937	0.0	172312	1745.2156909862606	-0.15000000000000002
153121.61797674766	300	10.359474282297088	0.0	167025	1771.7528165348506	0.3
153126.94541658138	750	9.032034448572391	0.0	393804	5327.439833724698	0.3
153129.94061178388	750	10.036839246063415	0.0	331053	2995.1952025089754	0.75
153135.85626569367	1200	8.121185336289821	0.0	550906	5915.653909773593	0.75
153143.94966732513	750	4.027783704815512	0.0	450283	8093.401631474309	0.75
153145.28072962954	300	6.696721400393518	0.0	155580	1331.0623044219947	-0.15000000000000002
153146.64244879526	300	9.3350022346957	0.0	139857	1361.7191656978166	0.3
153148.22838064225	300	11.749070387709937	0.0	155432	1585.9318469857637	0.3
153150.1701889588	300	13.807262071165136	0.0	163442	1941.8083165448013	0.3
153151.39197370992	300	16.585477320037857	0.0	126289	1221.7847511272805	0.3
153153.8803729775	750	18.097078052440903	0.0	352642	2488.399267596952	0.3
153156.89133385636	750	19.086117173604396	0.0	437162	3010.9608788365063	0.75
153159.30428262686	750	20.67316840308868	0.0	374758	2412.9487705157158	0.75
153161.58197318585	750	22.395477844112566	0.0	362795	2277.6905589761163	0.75
153163.31131216817	750	24.666138861754053	0.0	353220	1729.3389823585126	0.75
153165.49529661727	750	26.482154412673165	0.0	405134	2183.984449080891	0.75
153171.03188904416	1850	24.945561985783126	0.0	946851	5536.592426890037	0.75
153178.90471062463	1850	21.072740405310153	0.0	1036454	7872.8215804729725	1.85
153184.6303249617	1850	19.347126068250788	0.0	821631	5725.614337059364	1.85
153191.1043450309	1850	16.873105999044704	0.0	923170	6474.020069206087	1.85
153197.38187168373	1850	14.595579346231608	0.0	966699	6277.526652813097	1.85
153207.72386390442	1850	8.253587125517498	0.0	885714	10341.992220714108	1.85
153211.3132766016	750	8.664174428318134	0.0	405596	3589.4126971993646	-0.3500000000000001
153214.33987406458	750	9.637576965370128	0.0	350713	3026.5974629480065	0.75
153217.74965519577	750	10.227795834173671	0.0	386472	3409.781131196457	0.75
153221.4242844636	750	10.553166566346507	0.0	399894	3674.6292678271634	0.75
153225.88916389307	750	10.0882871368926	0.0	401853	4464.8794294539075	0.75
153231.90836493325	750	8.069086096710686	0.0	343800	6019.201040181913	0.75
153233.7276329072	300	10.249818122772338	0.0	146754	1819.2679739383475	-0.15000000000000002
153235.14584360132	300	12.831607428651033	0.0	153938	1418.2106941213056	0.3
153238.060500722	300	13.916950307970382	0.0	181901	2914.657120680651	0.3
153239.06516840396	300	16.912282626019593	0.0	111155	1004.6676819507844	0.3
153240.15775876923	300	19.819692260741977	0.0	153605	1092.590365277619	0.3
153243.39698493338	750	20.580466096600354	0.0	400508	3239.226164141624	0.3
153249.2030898309	1200	18.774361199071702	0.0	570392	5806.104897528651	0.75
153254.5140844708	1200	17.463366559176265	0.0	620283	5310.994639895437	1.2
153260.05937665075	1200	15.918074379229397	0.0	584349	5545.292179946869	1.2
153265.43057034232	1200	14.546880687681877	0.0	670129	5371.19369154752	1.2
153270.8290604217	1200	13.148390608280456	0.0	690253	5398.490079401421	1.2
153275.76075317254	1200	12.216697857437032	0.0	598727	4931.6927508434255	1.2
153279.01078168498	1200	12.966669345027164	0.0	487812	3250.028512409869	1.2
153283.84500165362	1200	12.132449376382315	0.0	575591	4834.219968644847	1.2
153288.72423056964	1200	11.253220460351542	0.0	605884	4879.228916030775	1.2
153293.00366860474	1200	10.973782425239694	0.0	587506	4279.438035111847	1.2
153297.56060242275	1200	10.416848607227953	0.0	566904	4556.933818011741	1.2
153306.84908432013	1200	5.128366709852764	0.0	641452	9288.48189737519	1.2
153307.87075806723	300	8.106692962759398	0.0	145210	1021.6737470933646	-0.6000000000000001
153311.0463622908	750	8.931088739170573	0.0	438281	3175.6042235888267	0.3
153314.01145979436	750	9.965991235601082	0.0	398987	2965.09750356949	0.75
153316.9915467315	750	10.985904298462657	0.0	393804	2980.0869371384247	0.75
153321.3944277345	1200	10.583023295445543	0.0	538612	4402.881003017115	0.75
153332.76327108245	2850	4.0	0.785820052482115	1364537	11368.843347927657	-2.179026225673094
153336.58410846378	750	4.179162618665792	0.0	450283	3820.8373813342073	0.75
153337.94347672243	300	6.819794360032062	0.0	155580	1359.3682586337297	-0.15000000000000002
153339.10367672032	300	9.659594362124782	0.0	139857	1160.1999979072798	0.3
153343.5713638535	750	9.191907228955563	0.0	382355	4467.687133169219	0.3
153346.95158240836	750	9.811688674056825	0.0	411561	3380.218554898738	0.75
153349.32837522522	750	11.434895857200175	0.0	318564	2376.792816856648	0.75
153351.96382080406	750	12.799450278366693	0.0	352642	2635.4455788334812	0.75
153355.5378901993	750	13.225380883109946	0.0	437162	3574.069395256749	0.75
153358.76438876137	750	13.998882321056042	0.0	374758	3226.4985620539032	0.75
153362.23208185067	750	14.531189231748113	0.0	362795	3467.693089307928	0.75
153365.78865394244	750	14.974617139993669	0.0	353220	3556.572091754445	0.75
153369.0028678477	750	15.760403234715469	0.0	405134	3214.2139052782	0.75
153372.10752328398	750	16.655747798435726	0.0	386351	3104.655436279744	0.75
153377.39415091998	750	15.369120162462929	0.0	434409	5286.627635972796	0.75
153382.14253954857	750	14.620731533866985	0.0	337059	4748.388628595943	0.75
153386.69855173098	750	14.064719351461775	0.0	366214	4556.012182405209	0.75
153391.35656564476	750	13.406705437684122	0.0	360831	4658.013913777653	0.75
153395.01071862792	750	13.752552454518415	0.0	372963	3654.152983165706	0.75
153398.57624666655	750	14.187024415897232	0.0	405596	3565.5280386211834	0.75
153402.35444354266	750	14.40882753978344	0.0	350713	3778.196876113793	0.75
153407.5806157313	750	13.18265535114002	0.0	386472	5226.172188643421	0.75
153410.8297823417	750	13.933488740751734	0.0	399894	3249.1666103882844	0.75
153413.9308075862	750	14.832463496254354	0.0	401853	3101.025244497381	0.75
153416.63154284775	750	16.131728234708465	0.0	343800	2700.7352615458885	0.75
153419.28177521037	750	17.481495872092815	0.0	359903	2650.2323626156513	0.75

