16475.64230442365	750	4.0	2.0826286555936395	450283	2082.6286555936395	-8.205303219052649
16480.984050487452	1200	4.0	1.341746063799428	611087	5341.746063799428	-5.019508074337541
16483.647959991413	750	5.336090496037418	0.0	350812	2663.9095039625818	0.3
16487.857886395355	1200	5.1261640920965865	0.0	617681	4209.926403940832	0.75
16493.217680029586	1200	4.0	0.23362954213404283	652874	5359.793634230629	0.1953929688236158
16497.469297229523	1200	4.0	0.2516171999389835	520315	4251.6171999389835	0.11804604026237087
16506.089004672398	750	4.0	4.619707442871929	352642	8619.70744287193	-19.564742004349295
16510.043546700595	300	4.045457971800208	0.0	173849	3954.542028199792	-0.15000000000000002
16512.189330263704	300	5.899674408693106	0.0	150710	2145.783563107102	0.3
16514.132337130777	300	7.956667541621315	0.0	139105	1943.0068670717903	0.3
16515.813942292567	300	10.275062379828912	0.0	141840	1681.6051617924045	0.3
16518.074707933247	300	12.01429673915147	0.0	156148	2260.7656406774404	0.3
16520.460677021398	300	13.628327651000228	0.0	160746	2385.9690881512424	0.3
16525.133978083762	750	12.955026588636212	0.0	434409	4673.301062364017	0.3
16529.366402239615	750	12.722602432781768	0.0	337059	4232.4241558544445	0.75
16532.284475732333	750	13.804528940063868	0.0	366214	2918.073492717901	0.75
16536.263188915047	750	13.825815757348344	0.0	360831	3978.7131827155245	0.75
16539.072917583268	750	15.016087089128314	0.0	372963	2809.7286682200297	0.75
16545.53035260962	1200	12.558652062774868	0.0	639204	6457.435026353446	0.75
16551.41248096443	1200	10.676523707965892	0.0	586839	5882.128354808978	1.2
16557.59441286939	1200	8.494591803004763	0.0	601738	6181.931904961128	1.2
16566.150093519587	1200	4.0	0.06108884719170055	616206	8555.680650196464	0.9373179570756875
16573.907396868515	750	4.0	3.7573033489284016	401853	7757.303348928402	-15.856404400392126
16576.605711960878	300	5.301684907640273	0.0	137654	2698.315092359727	-0.15000000000000002
16579.310022061865	300	6.597374806653062	0.0	146754	2704.3101009872116	0.3
16580.688449277557	300	9.218947590961204	0.0	153938	1378.427215691859	0.3
16582.44903016908	300	11.458366699437551	0.0	181901	1760.5808915236516	0.3
16583.801101754834	300	14.10629511368156	0.0	111155	1352.0715857559912	0.3
16586.916134093997	300	14.991262774521196	0.0	153605	3115.032339160363	0.3
16592.311204519046	750	13.596192349470035	0.0	400508	5395.070425051162	0.3
16596.360106142085	750	13.547290726431454	0.0	358218	4048.901623038581	0.75
16600.317207751454	750	13.590189117061552	0.0	400322	3957.101609369901	0.75
16603.52670758917	750	14.380689279346521	0.0	369834	3209.499837715031	0.75
16606.862783412536	750	15.044613455980693	0.0	412837	3336.075823365829	0.75
16615.980648431603	1200	9.92674843691233	0.0	690253	9117.865019068362	0.75
16621.900541658866	1200	8.006855209651278	0.0	598727	5919.893227261053	1.2
16625.626828267275	1200	8.280568601239745	0.0	487812	3726.2866084115312	1.2
16629.182176074573	1200	8.725220793942622	0.0	575591	3555.3478072971225	1.2
16633.20173676684	1200	8.705660101675603	0.0	605884	4019.5606922670186	1.2
16637.977874614535	1200	7.929522253984215	0.0	587506	4776.137847691388	1.2
16641.98858646618	1200	7.918810402334555	0.0	566904	4010.71185164966	1.2
16646.89728998568	1200	7.010106882835374	0.0	641452	4908.703519499181	1.2
16652.256512267963	1200	5.650884600554101	0.0	599477	5359.222282281273	1.2
16657.079008362976	1200	4.828388505541507	0.0	634861	4822.496095012594	1.2
16659.862812857482	750	6.044584011036688	0.0	398987	2783.804494504818	0.3
16662.37780089536	750	7.529595973155764	0.0	393804	2514.9880378809244	0.75
16668.208836484057	1850	5.6985603844586254	0.0	830730	5831.035588697137	0.75
16676.991086767157	1850	4.0	3.0836898986389842	846370	8782.25028309761	-11.409866564147633
16684.687983402433	750	4.0	3.6968966352770165	450283	7696.896635277017	-15.14665553169117
16690.25921843861	750	4.0	1.571235036175025	398865	5571.235036175025	-6.006310655552607
16691.700359965103	300	6.558858473504561	0.0	139857	1441.141526495439	-0.15000000000000002
16694.479016236703	750	7.780202201904957	0.0	382355	2778.6562715996047	0.3
16696.846870404752	750	9.412348033858077	0.0	411561	2367.854168046879	0.75
16698.642986906343	750	11.616231532263368	0.0	318564	1796.1165015947104	0.75
16701.960156099958	1200	12.299062338648488	0.0	561791	3317.16919361488	0.75
16706.17140945137	1200	12.08780898723511	0.0	709534	4211.2533514133775	1.2
16710.049726818117	1200	12.20949162048972	0.0	584846	3878.31736674539	1.2
16716.816215126815	1850	9.443003311790804	0.0	913888	6766.488308698916	1.2000000000000002
16724.645620830055	1850	5.613597608551214	0.0	939819	7829.40570323959	1.85
16730.89429759352	1200	4.0	0.6350791549129171	594078	6248.676763464131	-2.1808403661255436
16734.66385373098	750	4.2304438625372915	0.0	386351	3769.556137462709	0.3
16737.728807961255	750	5.165489632261367	0.0	434409	3064.9542302759246	0.75
16740.103123691693	750	6.791173901823795	0.0	337059	2374.3157304375713	0.75
16743.166391410206	750	7.7279061833125375	0.0	366214	3063.2677185112566	0.75
16745.85073671337	750	9.043560880145767	0.0	360831	2684.3453031667705	0.75
16752.114978672333	1200	6.779318921187202	0.0	581493	6264.241958958565	0.75
16767.044146611697	1200	4.0	8.149849018176784	639204	14929.167939363986	-33.84435077816017
16770.24912473745	300	4.795021874247848	0.0	140881	3204.9781257521527	-0.6000000000000001
16773.920500027187	300	5.123646584509674	0.0	157671	3671.375289738173	0.3
16776.547736866807	300	6.496409744889228	0.0	157812	2627.236839620447	0.3
16777.97298246327	300	9.071164148424765	0.0	163927	1425.2455964644637	0.3
16779.155073482343	300	11.88907312935137	0.0	137654	1182.0910190733944	0.3
16780.193328607253	300	14.850818004440152	0.0	146754	1038.255124911218	0.3
16784.048977288166	750	14.995169323526214	0.0	379700	3855.6486809139396	0.3
16789.799113045752	1200	13.24503356594107	0.0	696376	5750.135757585144	0.75
16794.045186664436	1200	12.998959947255699	0.0	487160	4246.073618685371	1.2
16799.418933799265	1200	11.625212812428444	0.0	622896	5373.747134827254	1.2
16803.618047868516	1200	11.426098743175364	0.0	641447	4199.114069253081	1.2
16807.53828879608	1200	11.505857815610064	0.0	570392	3920.2409275653017	1.2
16812.648830520266	1200	10.395316091429097	0.0	620283	5110.5417241809655	1.2
16816.10581055854	1200	10.938336053155542	0.0	584349	3456.9800382735534	1.2
16819.642018584127	1200	11.402128027564752	0.0	670129	3536.2080255907913	1.2
16823.307822594077	1200	11.736324017616225	0.0	690253	3665.804009948527	1.2
16829.670728045334	1850	9.373418566358364	0.0	943942	6362.905451257863	1.2000000000000002
16834.55233144823	1850	8.491815163460062	0.0	728962	4881.603402898302	1.85
16839.990954993045	1850	7.053191618644659	0.0	938587	5438.623544815403	1.85
16848.265527613734	1850	4.0	1.2213810020430074	908665	8274.572620687666	-3.4019383087849318
16855.515854550704	1200	4.0	3.250326936972193	587506	7250.326936972193	-13.42640582898043
16858.152248514063	750	5.363606036639285	0.0	345516	2636.3939633607156	0.3
16860.671630024342	750	6.844224526359454	0.0	384505	2519.3815102798308	0.75
16863.54742193676	750	7.9684326139412045	0.0	372093	2875.7919124182495	0.75
16866.68140965361	750	8.834444897090863	0.0	438281	3133.98771685034	0.75
16869.262381245648	750	10.253473305054865	0.0	398987	2580.9715920360004	0.75
16875.190664769016	1850	8.325189781686916	0.0	982064	5928.283523367946	0.75
16881.453680938714	1850	6.062173611988523	0.0	830730	6263.016169698394	1.85
16887.29463967519	1850	4.2212148755139625	0.0	846370	5840.95873647456	1.85
16890.286130499844	750	5.229724050859928	0.0	450283	2991.4908246540344	0.75
16894.9057291988	1200	4.6101253519058565	0.0	611087	4619.598698954072	0.75
16900.28912679837	1200	4.0	0.7732722476637464	571051	5383.397599569603	-2.1250706649541096
16903.545675724432	750	4.743451073937957	0.0	382355	3256.5489260620425	0.3
16906.859710243338	750	5.429416555034592	0.0	411561	3314.034518903365	0.75
16909.361299054835	750	6.9278277435347	0.0	318564	2501.5888114998925	0.75
16912.56096200479	750	7.728164793578768	0.0	352642	3199.6629499559326	0.75
16916.705108100043	750	7.584018698328515	0.0	437162	4144.146095250252	0.75
16920.2575992585	750	8.031527539869588	0.0	374758	3552.491158458927	0.75
16923.594915906935	750	8.694210891436414	0.0	362795	3337.316648433174	0.75
16925.376505180895	750	10.912621617477017	0.0	353220	1781.5892739593983	0.75
16929.014070998426	1200	11.275055799944472	0.0	594078	3637.565817532544	0.75
16932.617863680745	1200	11.671263117623937	0.0	624282	3603.7926823205335	1.2
16936.797320350142	1200	11.4918064482263	0.0	687371	4179.4566693976385	1.2
16939.88009286453	1200	12.409033933841542	0.0	526950	3082.772514384759	1.2
16947.069984896767	1850	9.219141901602562	0.0	923170	7189.892032238981	1.2000000000000002
16952.591275095394	1850	7.697851702974241	0.0	966699	5521.2901986283205	1.85
16957.41290255802	1850	6.876224240352543	0.0	885714	4821.627462621698	1.85
16964.681651142615	1850	4.0	0.392524344246518	987708	7268.74858459906	0.1621453197399727
16968.386801571418	1200	4.294849571198899	0.0	586839	3705.150428801101	0.5499999999999999
16972.904363561116	1200	4.0	0.2227124184987324	601738	4517.561989697631	0.24233660045545058
16976.705386479232	1200	4.19897708188451	0.0	616206	3801.0229181154896	1.2
16981.5097048107	1200	4.0	0.6053412495854018	656471	4804.318331469912	-1.4029673732172279
16984.032275538593	750	5.477429272106418	0.0	343800	2522.5707278935815	0.3
16988.321586168233	1200	5.188118642465864	0.0	587236	4289.310629640555	0.75
16993.067308761576	1200	4.44239604912475	0.0	590335	4745.722593341114	1.2
16997.92063077857	1200	4.0	0.4109259678759081	696376	4853.322017000658	-0.566981661866405
16999.450410914473	750	6.470219864099699	0.0	277716	1529.7801359003015	0.3
17002.979043325286	1200	6.941587453286273	0.0	622896	3528.632410813426	0.75
17006.504693121704	1200	7.415937656868175	0.0	641447	3525.649796418097	1.2
17010.566713253244	1200	7.353917525327563	0.0	570392	4062.0201315406125	1.2
17014.20196330899	1200	7.718667469581776	0.0	620283	3635.2500557457865	1.2
17017.74229068618	1200	8.178340092393118	0.0	584349	3540.3273771886593	1.2
17021.080236030994	1200	8.84039474758162	0.0	670129	3337.945344811496	1.2
17024.2273468977	1200	9.693283880873087	0.0	690253	3147.110866708533	1.2
17028.304759334816	1850	9.615871443754624	0.0	943942	4077.4124371184625	1.2000000000000002
17031.35467591899	1850	10.565954859582828	0.0	728962	3049.916584171797	1.85
17036.489746916992	1850	9.430883861580227	0.0	938587	5135.070998002601	1.85
17040.479630594233	1850	9.441000184340673	0.0	908665	3989.8836772395534	1.85
17047.747555093807	1850	6.173075684765526	0.0	930577	7267.924499575148	1.85
17055.600165445307	1850	4.0	1.6795346667329605	858450	7852.610351498486	-5.37199906695173
17059.526596159903	1200	4.07356928540058	0.0	641452	3926.4307145994203	0.5499999999999999
17061.992216704453	750	5.607948740852691	0.0	372093	2465.620544547889	0.3
17064.892770786708	750	6.707394658600064	0.0	438281	2900.5540822526277	0.75
17067.502669814032	750	8.097495631275097	0.0	398987	2609.899027324967	0.75
17072.225132908534	1850	7.375032536774103	0.0	982064	4722.463094500993	0.75
17077.582993638498	1850	6.017171806813177	0.0	830730	5357.860729960926	1.85
17087.303923632524	2850	4.0	3.703758187214009	1364537	9720.929994027187	-14.076160205020237
17090.263231973786	750	5.040691658738225	0.0	450283	2959.3083412617752	0.75
17093.10527924312	750	6.1986443894058505	0.0	398865	2842.047269332374	0.75
17098.711962506124	1200	4.591961126403407	0.0	571051	5606.683263002443	0.75
17101.85494826634	750	5.448975366188524	0.0	382355	3142.985760214883	0.3
17107.13347103683	750	4.170452595696257	0.0	411561	5278.522770492267	0.75
17107.801949794633	750	7.501973837891787	0.0	318564	668.478757804471	0.75
17111.711518352924	750	7.592405279601426	0.0	352642	3909.5685582903607	0.75
17137.08980644961	750	4.0	17.785882817083017	437162	25378.288096684442	-75.72929611345697
17145.654898713354	300	4.0	4.5650922637436455	150710	8565.092263743645	-19.779896734097672
17153.108923290558	300	4.0	3.4540245772045717	139105	7454.024577204572	-14.552305681979657
17157.899307224507	300	4.0	0.7903839339502592	141840	4790.383933950259	-3.0986509159861146
17160.29564152601	300	5.603665698497047	0.0	156148	2396.3343015029536	0.3
17169.108730915752	300	4.0	3.2094236912447722	160746	8813.08938974182	-13.50052187235252
17180.589224633743	300	4.0	7.480493717989091	179801	11480.493717989091	-31.86612298735309
17186.90738008902	300	4.0	2.318155455276447	140051	6318.155455276447	-9.668068457688722
17194.142324731565	300	4.0	3.2349446425480557	138313	7234.9446425480555	-13.610261962956638
17200.432247668166	300	4.0	2.28992293659821	143509	6289.92293659821	-9.546668627372302
17210.189408438964	300	4.0	5.7571607707987535	150616	9757.160770798753	-24.455791314434638
17220.20896125824	300	4.0	6.019552819275565	165384	10019.552819275565	-25.584077122884928
17227.890588734153	300	4.0	3.6816274759126975	140881	7681.627475912697	-15.530998146424597
17236.82191713156	300	4.0	4.931328397409272	157671	8931.328397409272	-20.90471210885987
17246.684257471385	300	4.0	5.86234033982576	157812	9862.34033982576	-24.908063461250766
17251.900217399256	300	4.0	1.215959927867496	163927	5215.959927867496	-4.928627689830233
17258.543600189823	300	4.0	2.6433827905695035	137654	6643.382790569503	-11.066545999448865
17266.92559176956	300	4.0	4.381991579734414	146754	8381.991579734415	-18.54256379285798
17270.759056162635	300	4.166535606925426	0.0	153938	3833.464393074574	0.3
17281.641392824633	300	4.0	6.715801055073493	181901	10882.33666199892	-28.57794453681602
17289.277759739245	300	4.0	3.6363669146147086	111155	7636.366914614709	-15.336377732843246
17297.681818673173	300	4.0	4.404058933925635	153605	8404.058933925635	-18.637453415880227
17303.054916138582	300	4.0	1.3730974654092798	149029	5373.09746540928	-5.604319101259903
17305.68359379911	300	5.371322339473232	0.0	157421	2628.6776605267682	0.3
17314.468872385536	300	4.0	3.413956246951928	157488	8785.27858642516	-14.380011861893289
17322.95036106455	300	4.0	4.4814886790163015	143881	8481.488679016302	-18.970401319770094
17333.191250848995	300	4.0	6.2408897844403945	163444	10240.889784440395	-26.535826073093695
17341.162376135988	300	4.0	3.9711252869936535	179328	7971.125286993653	-16.77583873407271

