9468.02132673912	750	4.0	1.7642452313647095	450283	1764.2452313647095	-6.836254494868251
9469.500585321313	750	6.520741417806718	0.0	398865	1479.2585821932819	0.75
9470.98527879503	750	9.036047944089766	0.0	350812	1484.6934737169513	0.75
9473.326780049783	1200	10.694546689335976	0.0	617681	2341.5012547537917	0.75
9475.758815626641	1200	12.262511112477677	0.0	652874	2432.0355768582986	1.2
9477.737728203492	1200	14.283598535627485	0.0	520315	1978.9125768501924	1.2
9480.191873608877	1200	15.829453130242468	0.0	561791	2454.145405385018	1.2
9482.729519506232	1200	17.29180723288714	0.0	709534	2537.6458973553267	1.2
9485.337777517732	1200	18.68354922138718	0.0	584846	2608.258011499962	1.2
9487.529923267328	1200	20.49140347179211	0.0	560821	2192.1457495950717	1.2
9489.857171772277	1200	22.16415496684285	0.0	607410	2327.248504949257	1.2
9493.005757007297	1850	23.015569731823202	0.0	917428	3148.5852350196496	1.2000000000000002
9496.738658916312	1850	23.282667822807348	0.0	946851	3732.9019090158536	1.85
9500.740510569729	1850	23.28081616939071	0.0	1036454	4001.851653416636	1.85
9503.694095379362	1850	24.327231359757455	0.0	821631	2953.5848096332556	1.85
9506.98993660745	1850	25.031390131669703	0.0	923170	3295.8412280877533	1.85
9510.513939026401	1850	25.507387712718785	0.0	966699	3524.0024189509163	1.85
9513.800128956576	1850	26.22119778254252	0.0	885714	3286.1899301762624	1.85
9517.234659471358	1850	26.786667267762162	0.0	987708	3434.5305147803606	1.85
9520.930117811236	1850	27.09120892788305	0.0	923755	3695.4583398791124	1.85
9524.873894319502	1850	27.14743241961691	0.0	891604	3943.776508266142	1.85
9529.577502405056	1850	26.443824334063365	0.0	955231	4703.608085553544	1.85
9532.892332415116	1850	27.12899432400253	0.0	968026	3314.8300100608335	1.85
9535.744221800345	1850	28.27710493877336	0.0	874175	2851.889385229172	1.85
9538.913826367418	1850	29.107500371701512	0.0	897976	3169.6045670718468	1.85
9542.175970108263	1850	29.84535663085641	0.0	905935	3262.143740845103	1.85
9545.997501635427	1850	30.023825103692275	0.0	1076599	3821.531527164136	1.85
9548.557014932632	1850	31.464311806486037	0.0	758197	2559.513297206233	1.85
9552.125724499829	1850	31.895602239289648	0.0	972798	3568.7095671963893	1.85
9556.03578484835	1850	31.985541890766886	0.0	975811	3910.060348522763	1.85
9560.021749448471	1850	31.999577290647856	0.0	873429	3985.9646001190313	1.85
9563.5605695357	1850	32.46075720341798	0.0	954453	3538.8200872298817	1.85
9566.994959816906	1850	33.02636692221151	0.0	885062	3434.3902812064694	1.85
9571.408803958742	1850	32.61252278037528	0.0	1035329	4413.844141836224	1.85
9577.619342244125	2850	30.401984494992856	0.0	1492672	6210.538285382427	1.85
9583.713565917238	2850	28.307760821878986	0.0	1439896	6094.22367311387	2.85
9590.540360534025	2850	25.48096620509143	0.0	1139291	6826.794616787556	2.85
9594.227588164424	1850	25.793738574692128	0.0	938587	3687.2276303993026	0.8500000000000001
9598.112016566352	1850	25.909310172763615	0.0	908665	3884.428401928516	1.85
9601.971475102193	1850	26.04985163692362	0.0	930577	3859.458535839992	1.85
9605.686544501921	1850	26.33478223719565	0.0	858450	3715.0693997279686	1.85
9610.471202615767	1850	25.550124123350834	0.0	1025005	4784.658113844817	1.85
9615.28492649895	1850	24.73640024016535	0.0	886255	4813.723883185487	1.85
9619.843095101198	1850	24.178231637918792	0.0	973972	4558.168602246557	1.85
9624.59862742237	1850	23.42269931674715	0.0	958994	4755.532321171642	1.85
9632.856711898217	1850	19.164614840899375	0.0	982064	8258.08447584777	1.85
9639.129415971785	1850	16.891910767331456	0.0	830730	6272.7040735679175	1.85
9654.458426968835	2850	5.562899770281221	0.0	1364537	15329.010997050236	1.85
9656.634296341344	750	7.387030397771505	0.0	450283	2175.869372509716	0.75
9658.544376515447	750	9.47695022367065	0.0	398865	1910.0801741008552	0.75
9660.370086527999	750	11.651240211117088	0.0	350812	1825.7100125535617	0.75
9662.230289423649	750	13.791037315468214	0.0	382355	1860.2028956488732	0.75
9664.34694838777	750	15.674378351346524	0.0	411561	2116.6589641216897	0.75
9667.17516305119	1200	16.846163687926627	0.0	520315	2828.2146634198984	0.75
9670.133609871957	1200	17.88771686715841	0.0	561791	2958.446820768215	1.2
9674.539548736828	1200	17.481778002287953	0.0	709534	4405.938864870459	1.2
9683.934165210429	1200	12.087161528687822	0.0	584846	9394.61647360013	1.2
9690.636201655607	750	9.385125083507603	0.0	362795	6702.03644518022	0.3
9696.901681181693	750	7.119645557422285	0.0	353220	6265.479526085317	0.75
9700.165662239697	300	7.855664499419057	0.0	156148	3263.9810580032286	-0.15000000000000002
9703.181286327963	300	8.840040411151753	0.0	160746	3015.6240882673046	0.3
9706.347598007736	300	9.673728731378684	0.0	179801	3166.311679773069	0.3
9708.24062714469	300	11.780699594425561	0.0	140051	1893.0291369531212	0.3
9710.186776607374	300	13.834550131742153	0.0	138313	1946.1494626834083	0.3
9712.471424240692	300	15.549902498424926	0.0	143509	2284.647633317226	0.3
9715.1892317947	300	16.83209494441681	0.0	150616	2717.8075540081163	0.3
9718.216582751193	300	17.804743987924425	0.0	165384	3027.350956492383	0.3
9720.198438509986	300	19.8228882291305	0.0	140881	1981.8557587939285	0.3
9722.837480426359	300	21.183846312758128	0.0	157671	2639.041916372369	0.3
9724.929045298153	300	23.092281440963163	0.0	157812	2091.564871794966	0.3
9726.080105332525	300	25.94122140659123	0.0	163927	1151.0600343719298	0.3
9726.961747822055	300	29.059578917060726	0.0	137654	881.6424895305037	0.3
9728.633081214708	750	31.388245524409353	0.0	359903	1671.3333926513724	0.3
9730.389512913987	750	33.631813825129534	0.0	379700	1756.4316992798272	0.75
9733.053797061215	750	34.96752967790247	0.0	425781	2664.284147227059	0.75
9738.906673037389	1200	33.114653701726695	0.0	487160	5852.875976175772	0.75
9746.049250146363	1200	29.972076592753808	0.0	622896	7142.577108972888	1.2
9750.721701874414	1200	29.29962486470232	0.0	641447	4672.451728051489	1.2
9754.359643443528	1200	29.66168329559017	0.0	570392	3637.9415691121485	1.2
9758.081616527807	1200	29.9397102113098	0.0	620283	3721.973084280368	1.2
9767.22003191857	1200	24.80129482054669	0.0	584349	9138.415390763113	1.2
9776.762362464635	1200	19.25896427448192	0.0	670129	9542.330546064772	1.2
9785.952087632751	1200	14.069239106365977	0.0	690253	9189.725168115941	1.2
9794.623082708556	1200	9.398244030560004	0.0	598727	8670.995075805971	1.2
9796.942266409256	750	11.079060329860601	0.0	321064	2319.1837006994024	0.3
9799.123639311927	750	12.897687427189249	0.0	361565	2181.372902671353	0.75
9801.349039772873	750	14.672286966241021	0.0	378327	2225.4004609482267	0.75
9803.727682799927	750	16.293643939187863	0.0	390680	2378.6430270531596	0.75
9806.408678344313	750	17.61264839480054	0.0	345516	2680.99554438732	0.75
9809.827893639495	750	18.19343309961999	0.0	384505	3419.215295180552	0.75
9813.140407628456	750	18.88091911065767	0.0	372093	3312.5139889623183	0.75
9815.913797528614	750	20.10752921050065	0.0	438281	2773.3899001570194	0.75
9820.129078250471	1200	19.892248488641812	0.0	630203	4215.280721858838	0.75
9824.973378252616	1200	19.047948486497198	0.0	638661	4844.300002144618	1.2
9832.119748387533	1850	15.901578351580788	0.0	830730	7146.370134916408	1.2000000000000002
9842.486449490287	2850	9.53487724882689	0.0	1364537	10366.7011027539	1.85
9845.257495883601	750	10.76383085551301	0.0	450283	2771.046393313881	0.75
9848.811641330187	750	11.209685408928392	0.0	398865	3554.1454465846173	0.75
9853.768945435775	750	10.252381303339748	0.0	350812	4957.304105588644	0.75
9863.035933513205	750	4.985393225909644	0.0	382355	9266.988077430104	0.75
9866.976664095911	300	5.044662643202237	0.0	163442	3940.7305827074065	-0.15000000000000002
9869.55980694469	300	6.461519794425321	0.0	126289	2583.142848776916	0.3
9873.654907185293	300	6.366419553820068	0.0	153295	4095.1002406052535	0.3
9877.198371849716	300	6.822954889397574	0.0	173849	3543.464664422493	0.3
9881.30654635047	300	6.714780388643063	0.0	150710	4108.174500754511	0.3
9888.977500825158	300	4.0	0.9561740860436067	139105	7670.9544746866695	-3.811548569987509
9896.046557799664	300	4.0	3.0690569745061222	141840	7069.056974506122	-12.896944990376324
9902.397437006548	300	4.0	2.3508792068854127	156148	6350.879206885413	-9.808780589607274
9907.54799008923	300	4.0	1.1505530826814665	160746	5150.553082681467	-4.647378255530306
9913.58881340062	300	4.0	2.0408233113906515	179801	6040.823311390652	-8.4755402389798
9918.500528196828	300	4.0	0.9117147962074541	140051	4911.714796207454	-3.6203736236920525
9924.340046406855	300	4.0	1.839518210025979	138313	5839.518210025979	-7.60992830311171
9927.437248338934	300	4.902798067919592	0.0	143509	3097.2019320804075	0.3
9929.047024172294	300	7.293022234559515	0.0	150616	1609.7758333600777	0.3
9930.994447712084	300	9.345598694770459	0.0	165384	1947.4235397890552	0.3
9932.274779940411	300	12.065266466443653	0.0	140881	1280.3322283268062	0.3
9933.786226680377	300	14.55381972647768	0.0	157671	1511.4467399659711	0.3
9935.274364176088	300	17.06568223076666	0.0	157812	1488.1374957110193	0.3
9936.272108155255	300	20.0679382515999	0.0	163927	997.7439791667614	0.3
9938.347975853907	750	21.992070552949944	0.0	343800	2075.8676986499586	0.3
9940.691577408468	750	23.64846899838875	0.0	359903	2343.601554561193	0.75
9943.644328293958	750	24.695718112898444	0.0	379700	2952.7508854903062	0.75
9946.110584328213	750	26.22946207864363	0.0	425781	2466.2560342548163	0.75
9948.902137145104	1200	27.437909261754008	0.0	487160	2791.5528168896203	0.75
9953.226124615165	1200	27.113921791694167	0.0	622896	4323.98747005984	1.2
9964.948388982075	1200	19.39165742478452	0.0	641447	11722.264366909649	1.2
9968.306463428304	750	20.033582978554954	0.0	358218	3358.074446229567	0.3
9974.467876238106	750	17.872170168752795	0.0	400322	6161.412809802156	0.75
9978.708506993518	750	17.631539413339283	0.0	369834	4240.630755413515	0.75
9981.959434683253	750	18.38061172360555	0.0	412837	3250.9276897337354	0.75
9985.007092944235	750	19.332953462622818	0.0	401088	3047.6582609827324	0.75
9988.053603866396	750	20.286442540460264	0.0	365161	3046.510922162556	0.75
9990.352758766043	750	21.987287640815488	0.0	321064	2299.154899644774	0.75
9992.889437416736	750	23.45060899012166	0.0	361565	2536.6786506938306	0.75
9994.999081977614	750	25.3409644292445	0.0	378327	2109.6445608771587	0.75
9997.003182685396	750	27.336863721462468	0.0	390680	2004.1007077820323	0.75
10000.272389420054	1200	28.06765698680453	0.0	566904	3269.2067346579374	0.75
10003.15906138001	1200	29.180985026846688	0.0	641452	2886.671959957844	1.2
10005.889619534688	1200	30.450426872168464	0.0	599477	2730.5581546782246	1.2
10010.168727632436	1850	30.171318774422144	0.0	973972	4279.108097746319	1.2000000000000002
10015.961162126874	1850	28.378884279982746	0.0	958994	5792.434494439398	1.85
10024.404090852271	2850	23.935955554586297	0.0	1483527	8442.928725396448	1.85
10030.143624828434	2850	22.196421578425152	0.0	1231456	5739.533976161142	2.85
10035.776700891	2850	20.563345515858746	0.0	1364537	5633.07606256641	2.85
10037.77643687561	750	22.563609531247412	0.0	450283	1999.7359846113332	0.75
10039.693269454956	750	24.64677695190198	0.0	398865	1916.8325793454314	0.75
10041.81810318851	750	26.521943218346156	0.0	350812	2124.833733555828	0.75
10046.70420173747	1200	25.635844669388526	0.0	617681	4886.098548957626	0.75
10052.61084895285	1200	23.72919745400661	0.0	652874	5906.64721538192	1.2
10055.982493147992	1200	24.35755325886515	0.0	520315	3371.6441951414586	1.2
10058.712961136143	1200	25.627085270713017	0.0	561791	2730.4679881521283	1.2
10063.151622756519	1200	25.188423650337977	0.0	709534	4438.661620375043	1.2
10068.14769641884	1200	24.192349988016257	0.0	584846	4996.073662321718	1.2
10071.957145128032	1200	24.382901278825237	0.0	560821	3809.4487091910214	1.2
10079.713581931399	1200	20.626464475458416	0.0	607410	7756.436803366821	1.2
10085.564252192342	1200	18.77579421451564	0.0	594078	5850.670260942778	1.2
10091.467942427329	750	16.872103979528255	0.0	386351	5903.690234987383	0.3
10098.882195015101	750	13.457851391757885	0.0	434409	7414.252587770372	0.75
10105.24797668345	750	11.092069723409665	0.0	337059	6365.78166834822	0.75
10105.887653562244	300	14.452392844614574	0.0	138313	639.6768787950912	-0.15000000000000002
10106.530449620135	300	17.809596786724228	0.0	143509	642.7960578903461	0.3
10107.234396692946	300	21.10564971391314	0.0	150616	703.9470728110865	0.3
10107.973784047002	300	24.366262359857853	0.0	165384	739.3873540552881	0.3
10109.443880693223	750	26.896165713635803	0.0	350713	1470.0966462220495	0.3
10115.076376339688	1850	25.263670067170253	0.0	891604	5632.4956464655515	0.75
10118.801428090192	1850	25.538618316666444	0.0	955231	3725.0517505038088	1.85
10122.246826883349	1850	26.093219523509713	0.0	968026	3445.398793156732	1.85
10125.224106548492	1850	27.115939858367746	0.0	874175	2977.2796651419667	1.85
10128.624534863973	1850	27.715511542885746	0.0	897976	3400.428315482002	1.85
10131.650999032137	1850	28.689047374721675	0.0	905935	3026.4641681640705	1.85
10135.813797980163	1850	28.5262484266972	0.0	1076599	4162.7989480244705	1.85
10138.585400493599	1850	29.754645913261278	0.0	758197	2771.6025134359215	1.85
10142.037328023576	1850	30.30271838328273	0.0	972798	3451.9275299785468	1.85
10145.495850568559	1850	30.844195838301438	0.0	975811	3458.5225449812933	1.85
10148.493922612372	1850	31.84612379448885	0.0	873429	2998.072043812592	1.85
10151.783787419581	1850	32.556258987278085	0.0	954453	3289.8648072107617	1.85
10154.831882587123	1850	33.508163819737064	0.0	885062	3048.095167541022	1.85
10161.297368760448	2850	31.042677646412486	0.0	1587293	6465.486173324578	1.85
10167.688839724608	2850	28.651206682252944	0.0	1492672	6391.47096415954	2.85
10175.912990180916	2850	24.427056225945066	0.0	1439896	8224.150456307878	2.85
10178.991099231967	1850	25.34894717489335	0.0	728962	3078.109051051716	0.8500000000000001
10183.342023344721	1850	24.998023062138575	0.0	938587	4350.924112754776	1.85
10189.623246873065	1850	22.716799533793463	0.0	908665	6281.22352834511	1.85
10194.29924749848	1850	22.040798908377802	0.0	930577	4676.000625415663	1.85
10197.120167896395	1850	23.21987851046246	0.0	858450	2820.92039791534	1.85
10203.494329385765	1850	20.845717021093296	0.0	1025005	6374.161489369167	1.85
10207.790363067004	1850	20.54968333985253	0.0	886255	4296.033681240769	1.85
10211.802501355329	1850	20.537545051527623	0.0	973972	4012.138288324901	1.85
10219.487374758477	1850	16.852671648381683	0.0	958994	7684.8734031459435	1.85
10229.826984904508	1850	10.513061502349961	0.0	982064	10339.61014603172	1.85
10234.130254378802	1200	10.209792028055174	0.0	538612	4303.269474294786	0.5499999999999999
10242.587431503573	1850	5.752614903285725	0.0	846370	8457.17712476945	1.2000000000000002
10246.971433010704	750	5.368613396155472	0.0	450283	4384.001507130253	0.75
10248.300277779765	300	8.039768627093462	0.0	155580	1328.8447690620085	-0.15000000000000002
10249.89308651586	300	10.446959890998977	0.0	139857	1592.8087360944842	0.3
10251.43340865748	300	12.906637749379211	0.0	155432	1540.3221416197666	0.3
10252.591646585293	300	15.748399821566661	0.0	163442	1158.2379278125504	0.3
10253.365298152079	300	18.974748254780167	0.0	126289	773.6515667864946	0.3
10255.036143256262	750	21.303903150598615	0.0	352642	1670.8451041815551	0.3
10257.036408148877	750	23.303638257984005	0.0	437162	2000.2648926146057	0.75
10258.613113275247	750	25.726933131613816	0.0	374758	1576.7051263701917	0.75
10260.606759423954	750	27.73328698290685	0.0	362795	1993.6461487069657	0.75
10263.041592334737	1200	29.298454072122794	0.0	607410	2434.8329107840573	0.75
10266.62384194582	1850	29.716204461042064	0.0	917428	3582.249611080729	1.2000000000000002
10270.506005694144	1850	29.834040712718934	0.0	946851	3882.163748323128	1.85
10274.917702083787	1850	29.42234432307519	0.0	1036454	4411.696389643745	1.85
10278.2279960096	1850	30.112050397262355	0.0	821631	3310.2939258128367	1.85
10281.45905672277	1850	30.88098968409269	0.0	923170	3231.0607131696684	1.85
10285.407897067857	1850	30.93214933900545	0.0	966699	3948.8403450872383	1.85
10290.111065725654	1850	30.228980681207524	0.0	885714	4703.168657797922	1.85
10294.421182869346	1850	29.91886353751576	0.0	987708	4310.117143691767	1.85
10298.449816602773	1850	29.890229804088982	0.0	923755	4028.633733426779	1.85
10301.689655937389	1850	30.650390469474964	0.0	891604	3239.839334614013	1.85
10305.86982752559	1850	30.470218881274434	0.0	955231	4180.171588200531	1.85
10312.09451054841	1850	28.245535858455064	0.0	968026	6224.68302281937	1.85
10315.950508763688	1850	28.38953764317582	0.0	874175	3855.9982152792454	1.85
10319.805524697913	1850	28.534521708951473	0.0	897976	3855.015934224345	1.85
10323.004220020533	1850	29.335826386331558	0.0	905935	3198.6953226199166	1.85
10326.027358344081	1850	30.312688062782122	0.0	1076599	3023.1383235494372	1.85
10328.718488290486	1850	31.6215581163788	0.0	758197	2691.1299464033204	1.85
10332.196728751871	1850	32.1433176549924	0.0	972798	3478.240461386398	1.85
10336.14049008442	1850	32.199556322443776	0.0	975811	3943.7613325486227	1.85
10338.816742109486	1850	33.5233042973792	0.0	873429	2676.252025064584	1.85
10343.086890786395	2850	33.25315562046935	0.0	1497683	4270.148676909848	1.85
10346.184921097014	2850	34.15512530985042	0.0	1358081	3098.030310618931	2.85
10350.172343719103	2850	34.167702687762784	0.0	1587293	3987.4226220876294	2.85
10353.829670516363	2850	34.510375890502225	0.0	1492672	3657.3267972605618	2.85
10356.992320875359	2850	35.347725531505134	0.0	1439896	3162.6503589970894	2.85
10359.608628246555	2850	36.731418160309246	0.0	1139291	2616.3073711958946	2.85
10363.75836195832	4300	36.58168444854516	0.0	2147467	4149.733711764082	2.8499999999999996
10369.824157411318	4300	34.515888995545495	0.0	2133870	6065.7954529996605	4.3
10373.871832676576	4300	34.46821373028709	0.0	2146120	4047.675265258404	4.3
10377.865357205485	4300	34.474689201380066	0.0	2108491	3993.524528907019	4.3
10382.165387100133	4300	34.17465930673129	0.0	2184571	4300.029894648775	4.3
10386.423420866142	4300	33.91662554072246	0.0	2121928	4258.033766008832	4.3
10390.265321033217	4300	34.07472537364572	0.0	2219102	3841.900167076738	4.3
10393.786519030906	4300	34.553527375955724	0.0	2124950	3521.1979976899947	4.3
10398.122524163571	4300	34.21752224329128	0.0	2246506	4336.005132664448	4.3
10401.997193487965	4300	34.34285291889727	0.0	1961140	3874.669324394001	4.3
10405.95794954517	4300	34.3820968616903	0.0	2155012	3960.7560572069733	4.3
10406.852809342294	750	37.487237064568475	0.0	450283	894.8597971218184	0.75
10410.76668576112	4300	37.5733606457412	0.0	2123065	3913.876418827287	0.75
10414.74815498759	4300	37.59189141927089	0.0	2177073	3981.4692264703126	4.3
10418.687268153808	4300	37.65277825305379	0.0	2160877	3939.1131662170983	4.3
10422.850089739095	4300	37.48995666776587	0.0	2233056	4162.821585287925	4.3
10426.822152956005	4300	37.51789345085612	0.0	1941625	3972.063216909743	4.3
10431.638973886686	4300	36.70107252017625	0.0	2157535	4816.820930679875	4.3
10436.582223739626	4300	35.75782266723593	0.0	2290172	4943.249852940317	4.3
10440.587786748383	4300	35.75225965847954	0.0	2055469	4005.563008756391	4.3
10445.085436717893	4300	35.254609688971236	0.0	2169201	4497.649969508303	4.3
10449.623330920147	4300	34.71671548671695	0.0	2173522	4537.894202254282	4.3

