122408.41916326187	750	4.0	3.4980688891167078	450283	3498.068889116708	-14.291696223201843
122409.36578996213	300	7.053373299748757	0.0	155580	946.6267002512437	-0.15000000000000002
122410.30199177428	300	10.117171487594938	0.0	139857	936.2018121538183	0.3
122411.37553429093	300	13.043628970939066	0.0	155432	1073.542516655872	0.3
122412.20959341896	300	16.209569842912902	0.0	163442	834.0591280261629	0.3
122412.80818697653	300	19.610976285326778	0.0	126289	598.5935575861239	0.3
122413.5104290945	300	22.90873416736106	0.0	153295	702.2421179657164	0.3
122414.26073376757	300	26.15842949429552	0.0	173849	750.304673065545	0.3
122414.86080538308	300	29.558357878778164	0.0	150710	600.071615517354	0.3
122415.42584820373	300	32.99331505814833	0.0	139105	565.0428206298288	0.3
122416.00760764326	300	36.41155561860809	0.0	141840	581.7594395402393	0.3
122416.64184342844	300	39.777319833418964	0.0	156148	634.2357851891253	0.3
122418.08368797388	750	42.3354752879921	0.0	386351	1441.8445454268647	0.3
122419.80669994304	750	44.61246331880634	0.0	434409	1723.0119691857615	0.75
122421.18975515876	750	47.22940810308871	0.0	337059	1383.055215717626	0.75
122422.68512851605	750	49.73403474580774	0.0	366214	1495.3733572809736	0.75
122424.32286460756	750	52.096298654303055	0.0	360831	1637.736091504678	0.75
122425.6060420445	750	54.813121217360994	0.0	372963	1283.1774369420605	0.75
122427.01012032549	750	57.40904293637096	0.0	405596	1404.0782809900393	0.75
122428.97333678194	1200	59.44582647991243	0.0	586839	1963.2164564585282	0.75
122432.2237796519	1200	59.67572624953403	0.0	601738	2270.1002303783994	1.2
122435.20999184491	1200	59.81329147282659	0.0	616206	2362.4347767074423	1.2
122437.66761704223	1200	59.7113675823125	0.0	656471	2101.923890514089	1.2
122439.08200047025	1200	59.88202652170647	0.0	536667	1329.3410606060252	1.2
122442.05690059286	1200	59.892097644110876	0.0	587236	1989.928877595592	1.2
122443.92225344684	1200	59.65140683960788	0.0	590335	1740.6908045030004	1.2
122446.71237429469	1200	59.99917744044692	0.0	696376	2152.229399160959	1.2
122448.72429952155	1200	59.70616055135005	0.0	487160	1293.0168890968625	1.2
122450.87782443957	1200	59.92985226122778	0.0	622896	1776.308290122273	1.2
122453.2249339859	1200	59.63990580200876	0.0	641447	1789.9464592190166	1.2
122455.11503781953	1200	59.6234354287439	0.0	570392	1516.4703732648554	1.2
122457.44109767753	1200	59.5372222299277	0.0	620283	2086.213198816205	1.2
122460.00172773146	1200	59.55183053255363	0.0	584349	2485.3916973740706	1.2
122462.34003540876	1200	59.80029587218413	0.0	670129	1751.5346603695	1.2
122464.8644138251	1200	59.52549317249127	0.0	690253	1774.8026996928622	1.2
122466.88663021823	1200	59.82967283424385	0.0	598727	1695.820338247417	1.2
122469.30311626843	1200	59.90962783657006	0.0	487812	1420.0449976737941	1.2
122472.71044665601	1200	59.64918316905091	0.0	575591	3260.4446675191502	1.2
122475.00685242926	1200	59.999423142466256	0.0	605884	1649.7600265846488	1.2
122477.41972476109	1200	59.52080984987665	0.0	587506	1478.6132925896077	1.2
122479.79362901971	1200	59.72098724018684	0.0	566904	1799.8226096898122	1.2
122481.59837136565	1200	59.805156891673725	0.0	641452	1415.8303485131132	1.2
122484.04305030263	1200	59.67827342190862	0.0	599477	2126.883469765101	1.2
122487.11900248812	1850	59.998695062763545	0.0	973972	2179.578359145074	1.2000000000000002
122489.85463587841	1850	59.89906528079389	0.0	958994	2099.6297819696583	1.85
122493.9778710337	2850	59.77583012550846	0.0	1483527	4123.235155285425	1.85
122499.48434456388	4300	58.269356595324716	0.0	1961140	5506.47353018375	2.8499999999999996
122504.90748084898	4300	56.846220310232006	0.0	2155012	5423.136285092707	4.3
122506.14294795078	750	59.6107532084406	0.0	450283	1235.4671017914084	0.75
122508.9413127146	1850	59.9977286668741	0.0	957685	2613.0245415664967	0.75
122512.10188758335	1850	59.53611134360711	0.0	877771	2461.6173232669876	1.85
122515.32349199643	1850	59.709787909822964	0.0	933276	2826.3234337841504	1.85
122518.33907161893	1850	59.52963858821851	0.0	996749	2680.1493216044487	1.85
122521.70702547963	1850	59.658376808317364	0.0	801058	2371.2617799011477	1.85
122524.62361639221	1850	59.81792739242588	0.0	905515	2340.4494158914827	1.85
122527.46989348186	1850	59.833359595949155	0.0	1060487	2484.5677964767206	1.85
122531.38026668466	1850	59.92298639314574	0.0	852833	3910.373202803414	1.85
122535.77965999511	1850	59.52359308270552	0.0	913888	4399.393310440222	1.85
122540.10415033001	1850	59.19910274781237	0.0	939819	4324.490334893154	1.85
122542.90735462517	1200	59.8259836708763	0.0	594078	1873.1190769360705	0.5499999999999999
122546.04008006328	1200	59.91916356094185	0.0	624282	2406.820109934452	1.2
122552.63166018175	1200	57.32758344248265	0.0	687371	6591.580118459199	1.2
122555.51103530705	1200	58.44820831717704	0.0	526950	2879.3751253056007	1.2
122558.11440749971	1200	59.844836124506756	0.0	587876	2603.372192670284	1.2
122561.73546298945	1200	59.794924761945914	0.0	617242	2549.9113625608434	1.2
122567.21821681455	1200	58.31217093684608	0.0	581493	5482.7538250998305	1.2
122570.15528817757	1200	59.37509957382462	0.0	639204	2937.071363021458	1.2
122572.76639267792	1200	59.92803198129699	0.0	586839	2447.0675925276296	1.2
122575.57374349287	1200	59.511875027731	0.0	601738	2416.156953565988	1.2
122578.29530361974	1200	59.535691894987224	0.0	616206	2476.1831327437762	1.2
122582.09977145758	1200	59.731224057147585	0.0	656471	3804.4678378396393	1.2
122586.33465968733	1200	59.496335827408345	0.0	536667	4234.888229739241	1.2
122590.05843006686	1200	59.7725654478789	0.0	587236	3223.7703795294437	1.2
122593.14351214796	750	59.95027612794098	0.0	379700	2822.289319937916	0.3
122595.95066581893	750	59.87309567305145	0.0	425781	2577.180454889528	0.75
122597.71994087042	750	59.767944755336906	0.0	277716	1605.1509177145517	0.75
122600.67556634068	750	59.94219408709832	0.0	400396	2325.750668238582	0.75
122604.869780986	750	59.74797944178992	0.0	400508	4194.214645308399	0.75
122610.01443978603	750	58.603320641751985	0.0	358218	5144.65880003794	0.75
122613.5442285462	750	59.073531881582696	0.0	400322	3529.788760169287	0.75
122617.78134013178	750	58.83642029600064	0.0	369834	4237.111585582058	0.75
122622.77514594347	750	57.84261448432247	0.0	412837	4993.8058116781685	0.75
122626.91094643154	750	57.70681399623947	0.0	401088	4135.800488082999	0.75
122629.22702415878	750	59.390736269011455	0.0	365161	2316.077727228017	0.75
122631.57343015318	750	59.67769958186127	0.0	321064	1713.0366871501797	0.75
122634.06605816747	750	59.65807022834065	0.0	361565	2019.6293535206182	0.75
122635.96377697335	750	59.610210155787975	0.0	378327	1547.8600725526792	0.75
122639.80862900776	750	59.50321350525014	0.0	390680	2606.99665053783	0.75
122643.75326258296	750	59.55857993005531	0.0	345516	3944.633575194827	0.75
122648.34859292221	750	58.96324959079543	0.0	384505	4595.330339259884	0.75
122650.20115153467	750	59.70587993372933	0.0	372093	1757.3696570660993	0.75
122653.65978538898	750	59.5441574842666	0.0	438281	2661.7224494627303	0.75
122655.90648320931	750	59.714264276529015	0.0	398987	1829.893207737585	0.75
122658.47597213625	750	59.827922119355605	0.0	393804	2386.3421571734057	0.75
122661.91694158272	1850	59.60351078099999	0.0	830730	3224.4113383556214	0.75
122666.75206760621	2850	58.768384757509445	0.0	1364537	4835.126023490541	1.85
122669.52608830578	750	59.99436405794756	0.0	450283	2274.0206995618914	0.75
122671.30393631593	750	59.87879246845182	0.0	398865	1615.5715894957343	0.75
122673.43599278426	1200	59.83840244462151	0.0	571051	2040.3900238303188	0.75
122676.43425428076	1200	59.92560491861774	0.0	617681	2412.7975260037624	1.2
122679.18908468065	1200	59.6699217039264	0.0	652874	2255.6832146913466	1.2
122681.89502474164	1200	59.96702526602658	0.0	520315	1702.8964378998144	1.2
122684.50821010311	1200	59.98645439683306	0.0	561791	1980.5708691935201	1.2
122687.9568390862	1200	59.53294715143471	0.0	709534	2453.5072453983516	1.2
122690.70663135135	1200	59.58661188769257	0.0	584846	1946.335263742142	1.2
122693.00183293194	1200	59.745239598114324	0.0	560821	1841.3722895782446	1.2
122695.30022673987	1200	59.987957339644204	0.0	607410	2257.282258470123	1.2
122697.48139101284	1200	59.857930977893325	0.0	594078	2130.0263617508826	1.2
122700.25427748678	1200	59.89205669654422	0.0	624282	1965.8742813490944	1.2
122703.61599485858	1200	59.61970410692582	0.0	687371	3272.3525896184033	1.2
122705.81108116545	1200	59.516843344584196	0.0	526950	2102.86076234163	1.2
122708.41968125591	1200	59.70315607162323	0.0	587876	1813.6872729609577	1.2
122711.3108393877	1200	59.545533414472466	0.0	617242	2157.622657150764	1.2
122714.13826889855	1200	59.692586396365286	0.0	581493	2352.94701810718	1.2
122723.7638670577	1200	54.06698823720897	0.0	639204	9625.598159156316	1.2
122725.31951234821	750	56.51134294668689	0.0	350713	1555.6452905220785	0.3
122726.69625513612	750	59.134600158787585	0.0	386472	1376.7427878993049	0.75
122728.75039802359	750	59.85576308022048	0.0	399894	1278.837078567105	0.75
122730.12756612427	750	59.89883193432699	0.0	401853	956.9311458934897	0.75
122731.62970573237	750	59.513380607666605	0.0	343800	885.4513266603825	0.75
122733.02601902514	750	59.55806810200193	0.0	359903	955.3125056646783	0.75
122735.21322534137	1200	59.635965337439835	0.0	590335	1922.102764562103	0.75
122737.11007616878	1200	59.509591699573726	0.0	696376	1626.373637866108	1.2
122740.53812665472	1850	59.58130505138379	0.0	758197	2428.2866481899405	1.2000000000000002
122746.03531171393	1850	58.084119992157426	0.0	972798	5497.185059226363	1.85
122749.03772177605	1850	59.081709930043374	0.0	975811	3002.4100621140465	1.85
122753.36122624832	1850	58.75820545777268	0.0	873429	4323.504472270696	1.85
122761.20712694593	1200	54.91230476017561	0.0	620283	7845.900697597071	0.5499999999999999
122765.25448155447	750	54.864950151642695	0.0	369834	4047.3546085329112	0.3
122769.81266203069	750	54.30676967543007	0.0	412837	4558.180476212623	0.75
122777.70917873071	750	50.41025297540157	0.0	401088	7896.516700028504	0.75
122784.21866913617	750	47.90076256994957	0.0	365161	6509.490405452004	0.75
122786.11433143212	300	50.00510027399335	0.0	131610	1895.6622959562217	-0.15000000000000002
122788.85432453675	300	51.26510716936501	0.0	124011	2739.9931046283386	0.3
122790.99461829354	300	53.12481341257223	0.0	144254	2140.293756792784	0.3
122793.41248374876	300	54.70694795733989	0.0	149991	2417.865455232335	0.3
122798.97590250865	300	53.14352919745295	0.0	147968	5563.418759886947	0.3
122802.81758620554	300	53.30184550055351	0.0	161857	3841.683696899431	0.3
122805.73345910097	300	54.38597260512224	0.0	145210	2915.872895431272	0.3
122810.11521128732	300	54.00422041878337	0.0	172312	4381.7521863388665	0.3
122811.5865698214	300	56.532861884699855	0.0	167025	1471.3585340835089	0.3
122813.02636698798	300	59.09306471813083	0.0	160064	1439.7971665690286	0.3
122816.41375270906	750	59.70567899703733	0.0	331053	3387.385721093504	0.3
122821.92676301554	1850	58.19266869055612	0.0	846370	5513.010306481208	0.75
122824.16199118948	750	59.95744051662048	0.0	450283	2235.2281739356417	0.75
122826.94503157692	750	59.8037345091529	0.0	398865	2653.7060074675755	0.75
122829.9852031092	750	59.743815932990024	0.0	350812	2059.918576162886	0.75
122833.09689187685	750	59.61309802722961	0.0	382355	2130.7179057604117	0.75
122836.45544815976	750	59.699305316719325	0.0	411561	2913.7927105102835	0.75
122839.45194224922	750	59.943440058189886	0.0	318564	2255.8652585294376	0.75
122842.75005138994	750	59.59969990328967	0.0	352642	2343.7401549002193	0.75
122846.04912434664	750	59.77234791785284	0.0	437162	2827.3519854368287	0.75
122848.46434767403	750	59.99009673979092	0.0	374758	2282.2511780619225	0.75
122851.00573788137	750	59.63088771078136	0.0	362795	2359.209029009555	0.75
122854.4064584572	750	59.71661801203225	0.0	353220	2414.2696987491136	0.75
122857.7950886754	750	59.955028341472655	0.0	405134	2761.5896705595915	0.75
122861.04226678555	750	59.58545956021746	0.0	386351	2369.5687812551973	0.75
122864.47610230716	750	59.99734646386661	0.0	434409	3088.11309635085	0.75
122867.83512807699	750	59.69019479157262	0.0	337059	2807.151672293995	0.75
122870.55006583485	750	59.78866296141098	0.0	366214	2401.5318301616426	0.75
122873.14473378377	750	59.83853195079812	0.0	360831	2450.131010612857	0.75
122875.96774808149	750	59.68879327109877	0.0	372963	2649.738679699354	0.75
122879.34494373755	750	59.53183325208374	0.0	405596	3156.960019015024	0.75
122883.07935588746	750	59.70174499564428	0.0	350713	2830.0882564394665	0.75
122886.96195908899	750	59.81914179411069	0.0	386472	3382.603201533584	0.75
122890.424800791	750	59.53868449060445	0.0	399894	2780.457303506239	0.75
122893.80830557362	750	59.91362429855389	0.0	401853	2625.0601920505574	0.75
122896.73660487401	750	59.773696943641596	0.0	343800	2139.9273549122963	0.75
122898.94205845831	750	59.57865612423123	0.0	359903	1695.0408194103634	0.75
122901.68478191785	750	59.91350077690249	0.0	379700	1665.1553473287438	0.75
122905.84036011885	750	59.7579225759029	0.0	425781	3655.5782009995924	0.75
122907.70690982304	750	59.73622088041343	0.0	277716	1021.7016954894713	0.75
122910.27365573109	750	59.82477193074591	0.0	400396	1911.4489496675183	0.75
122913.4415428511	1200	59.948976849914615	0.0	641447	2875.795080831299	0.75
122916.52946675406	1200	59.921060918041576	0.0	570392	3027.9159318730394	1.2
122920.87557903027	1200	59.56300876547643	0.0	620283	3358.0521525651393	1.2
122924.55686681205	1200	59.6613949363984	0.0	584349	2901.613829078035	1.2
122927.58433848523	1200	59.931996076163266	0.0	670129	2729.3988602351315	1.2
122930.93649657056	1200	59.84995343998182	0.0	690253	3082.0426361814566	1.2
122933.91492331242	1200	59.911297793613855	0.0	598727	2938.655646367961	1.2
122936.55040132852	1200	59.80844433332299	0.0	487812	2602.853460290867	1.2
122939.93351240181	1200	59.83270107458066	0.0	575591	2475.743258742324	1.2
122943.09713645744	1200	59.894572954026756	0.0	605884	2438.128120553908	1.2
122945.83141558278	1200	59.84468135890559	0.0	587506	2049.8915951211684	1.2
122948.33649753276	1200	59.789834149022354	0.0	566904	2054.8472098832317	1.2
122951.12405264394	1200	59.55567396348317	0.0	641452	2234.1601855391787	1.2
122954.03290371917	1200	59.92844588868251	0.0	599477	2127.22807480067	1.2
122958.10930277448	1200	59.72055786124909	0.0	634861	3207.8880274334188	1.2
122962.19997049867	1200	59.55397951308472	0.0	630203	3166.5783481643725	1.2
122966.38840897538	1850	59.36554103637011	0.0	982064	4188.438476714613	1.2000000000000002
122971.57284053587	2850	58.181109475878436	0.0	1231456	5184.431560491669	1.85
122983.02894435004	2850	50.725005661703236	0.0	1364537	11456.103814175203	2.85
122985.67375430265	750	52.080195709091015	0.0	450283	2644.8099526122255	0.75
122987.87348377478	750	53.88046623696149	0.0	398865	2199.7294721295225	0.75
122990.25185516567	750	55.50209484607065	0.0	350812	2378.3713908908385	0.75
122992.2808210733	750	57.47312893844327	0.0	382355	2028.9659076273842	0.75
122994.58086125611	750	59.173088755639995	0.0	411561	2300.0401828032673	0.75
122997.00592938314	750	59.94354475886	0.0	318564	1729.5439967799994	0.75
122999.6385604433	750	59.57999129390765	0.0	352642	1863.5534649523458	0.75
123003.18626656674	750	59.63017702979048	0.0	437162	2949.81426411717	0.75
123006.9967235043	750	59.62789449066911	0.0	374758	3502.2825391213782	0.75
123013.04395669373	750	57.580661301251645	0.0	362795	6047.233189417454	0.75
123015.9635430755	750	58.6610749194714	0.0	353220	2919.586381780249	0.75
123018.96799537925	750	59.656622615721744	0.0	405134	3004.452303749657	0.75
123022.01358123242	750	59.82405282583885	0.0	386351	2832.569789882894	0.75
123027.7168372265	750	58.12079683176424	0.0	434409	5703.255994074613	0.75
123031.48796064741	750	58.349673410846705	0.0	337059	3771.12342091753	0.75
123035.5956782415	750	58.241955816765575	0.0	366214	4107.717594081129	0.75
123038.45053289412	750	59.387101164147055	0.0	360831	2854.8546526185246	0.75
123041.44445463875	750	59.77712415431935	0.0	372963	2609.977009827699	0.75
123044.02819217168	750	59.85572775524794	0.0	405596	2421.396399071414	0.75
123046.57778005612	750	59.58660437996404	0.0	350713	2269.123375283904	0.75
123050.18322685252	750	59.98115758355938	0.0	386472	3105.446796404655	0.75
123055.12731103053	750	59.03707340554609	0.0	399894	4944.0841780133	0.75
123058.55981013665	750	59.60457429943212	0.0	401853	3432.4991061139617	0.75
123061.57374333811	750	59.542854993537084	0.0	343800	2561.7193058950425	0.75
123064.69756646882	750	59.777550375968126	0.0	359903	2265.3046175689583	0.75
123068.06678958805	750	59.966698072926235	0.0	379700	2810.85230304189	0.75
123072.40068611059	750	59.6328015503877	0.0	425781	3833.896522538537	0.75
123075.38758531734	750	59.82648561637162	0.0	277716	2806.31593401608	0.75
123086.28771421534	750	52.92635671837702	0.0	400396	10900.128897994593	0.75
123087.62412416626	300	55.5899467674509	0.0	149029	1336.4099509261193	-0.15000000000000002
123088.89383292942	300	58.320238004305864	0.0	157421	1269.7087631450365	0.3
123091.015782688	300	59.527678567411684	0.0	157488	1792.559436894183	0.3
123095.07159279093	300	59.471868464489916	0.0	143881	4055.810102921767	0.3
123096.9280579686	300	59.861236087961274	0.0	163444	1610.6323765286413	0.3
123098.83474140242	300	59.72031077163115	0.0	179328	1640.9253163301219	0.3
123101.05589598915	300	59.79761253700637	0.0	159914	1422.6982346247746	0.3
123102.85412205815	300	59.6132276785606	0.0	131610	1184.3848584457744	0.3
123104.74345748039	300	59.66548057272601	0.0	124011	1447.7471058345873	0.3
123106.01335974256	300	59.68582359983863	0.0	144254	979.6569728873828	0.3
123108.21335912617	300	59.92094655266847	0.0	149991	1264.877047170162	0.3
123111.84766648333	300	59.931354042318304	0.0	147968	2989.5925103501568	0.3
123113.54826298301	300	59.848413215875816	0.0	161857	1082.9408264424915	0.3
123115.32570949549	300	59.61351779625925	0.0	145210	1234.895419616567	0.3
123117.1895693482	300	59.647863416336676	0.0	172312	1465.6543799225785	0.3
123119.5036668022	300	59.75441742572154	0.0	167025	1393.445990615128	0.3
123123.55894378874	750	59.69914043917876	0.0	393804	3555.2769865427745	0.3
123127.5919353779	1200	59.66614885002443	0.0	538612	4032.9915891543337	0.75
123140.95417128036	2850	50.303912947555055	0.0	1364537	13362.235902469369	1.2000000000000002
123144.56906937386	750	50.68901485406459	0.0	450283	3614.89809349047	0.75
123147.309375453	750	51.94870877492658	0.0	398865	2740.3060791380135	0.75
123149.1640868271	750	54.09399740082476	0.0	350812	1854.711374101816	0.75
123151.26173640328	750	55.99634782464969	0.0	382355	2097.6495761750675	0.75
123153.46279412012	750	57.79529010780322	0.0	411561	2201.0577168464747	0.75
123155.51289506593	750	59.74518916198362	0.0	318564	2050.100945819596	0.75
123158.94513648227	750	59.754008317380894	0.0	352642	2491.180844602719	0.75
123161.63624184694	750	59.56398592091724	0.0	437162	2690.022396463657	0.75
123165.55649162953	750	59.64373613831995	0.0	374758	3920.2497825972864	0.75
123169.7040916507	750	59.49613611715529	0.0	362795	4147.600021164669	0.75
123173.37131544425	750	59.59199060635878	0.0	353220	3404.1455107965057	0.75
123177.28069294158	300	59.68261310902458	0.0	156148	3409.3774973342	-0.15000000000000002
123181.46574001081	300	59.49756603979366	0.0	160746	4185.04706923092	0.3
123185.02388003327	300	59.93942601733438	0.0	179801	2558.140022459278	0.3
123186.53825399786	300	59.62456047093053	0.0	140051	1314.8655464038422	0.3
123188.90613778634	300	59.630372785783884	0.0	138313	1494.1876851466527	0.3
123190.64698597102	300	59.566796745108455	0.0	143509	1063.57604067543	0.3
123192.56276060487	300	59.627545500195346	0.0	150616	1439.251244913111	0.3
123194.55290822792	300	59.55073338312994	0.0	165384	1576.8121170654078	0.3
123197.45687772866	300	59.66491638575718	0.0	140881	1885.816997372753	0.3
123202.01451055499	300	59.10728355942287	0.0	157671	4557.63282633432	0.3
123205.95256983687	300	59.169224277530084	0.0	157812	3938.059281892782	0.3
123210.92577587943	300	58.19601823496811	0.0	163927	4973.206042561981	0.3
123213.4965689314	300	59.6252251829939	0.0	137654	2570.79305197421	0.3
123215.9896276739	300	59.845117664799005	0.0	146754	1780.107518194891	0.3
123218.3423243326	300	59.565244947614545	0.0	153938	1779.8727171844573	0.3
123221.34158424771	300	59.78152696080843	0.0	181901	2783.7179868061203	0.3
123223.43028424721	300	59.78044792521952	0.0	111155	2001.0790355889142	0.3
123225.12769850761	300	59.630551276968504	0.0	153605	1649.8966482510118	0.3
123228.99236000873	300	59.64697933248108	0.0	149029	2983.5719444874185	0.3
123230.71421559207	300	59.84109631912135	0.0	157421	1305.883013359735	0.3
123231.91436785055	300	59.88400647487755	0.0	157488	957.0898442437922	0.3
123233.23815471277	300	59.513144250888566	0.0	143881	870.8622239889881	0.3
123235.37994382714	300	59.82471201282324	0.0	163444	1188.4322380653282	0.3
123237.42666839623	300	59.92252816641805	0.0	179328	1402.1838464051955	0.3
123239.18984583626	300	59.642709807751324	0.0	159914	1279.8183586667185	0.3
123242.90041026364	300	59.93214538036419	0.0	131610	3210.564427387129	0.3
123245.63943393377	300	59.90059529968461	0.0	124011	2031.5500806795824	0.3
123248.61262707988	300	59.68623552134319	0.0	144254	2214.3597783414157	0.3
123250.90414135595	300	59.68039506719864	0.0	149991	2005.8404541445525	0.3
123252.97151970975	300	59.99004280125642	0.0	147968	1190.3522659422179	0.3
123256.20331767415	300	59.7516568629854	0.0	161857	2238.3859382710198	0.3
123258.46159607859	300	59.81022367383394	0.0	145210	1441.433189151461	0.3
123262.21265865752	300	59.533114992007974	0.0	172312	2777.1086818259682	0.3
123265.96329500205	300	59.78247864749037	0.0	167025	3750.6363445176007	0.3
123268.00862424834	300	59.80160914515345	0.0	160064	1980.8695023369196	0.3
123272.07048284885	750	59.7397505446348	0.0	331053	3561.8586005186485	0.3
123279.62730370203	1850	56.18292969146045	0.0	846370	7556.82085317435	0.75
123282.70362962026	750	57.10660377322755	0.0	450283	3076.3259182328966	0.75
123285.50714078106	750	58.303092612422034	0.0	398865	2803.511160805517	0.75
123288.07736109049	750	59.732872303006395	0.0	350812	2570.2203094156425	0.75
123290.87572308077	750	59.56328960091634	0.0	382355	2669.5827020900438	0.75
123294.7447418311	750	59.642669869848845	0.0	411561	2920.6197310674947	0.75
123297.58885271825	750	59.621813935910595	0.0	318564	2020.8559339382525	0.75
123300.47679091422	750	59.739472314522864	0.0	352642	2382.3416213877313	0.75
123303.77842332433	750	59.7764543967657	0.0	437162	2963.0179177571595	0.75
123306.45816921348	750	59.77088869836333	0.0	374758	2505.5656984023744	0.75
123308.87134016158	750	59.586393319696626	0.0	362795	2184.495378666701	0.75
123311.85958607352	750	59.89660814843721	0.0	353220	2189.7851712594133	0.75
123315.20553850595	750	59.787862302557194	0.0	405134	2608.74584588002	0.75
123317.95352015898	750	59.79147476932348	0.0	386351	2496.387533233712	0.75
123322.37293210355	750	59.37206282475368	0.0	434409	4419.411944569812	0.75
123325.49018695057	750	59.519938433428145	0.0	337059	2852.1243913255335	0.75
123333.8076955871	750	55.20242979689579	0.0	366214	8317.508636532353	0.75
123337.46671403102	750	55.54341135296593	0.0	360831	3659.018443929858	0.75
123340.60690239459	750	56.40322298939569	0.0	372963	3140.1883635702416	0.75
123343.93006281594	750	57.08006256805313	0.0	405596	3323.1604213425617	0.75
123346.72718958858	750	58.28293579541362	0.0	350713	2797.12677263951	0.75
123349.57743373464	750	59.43269164934319	0.0	386472	2850.2441460704304	0.75
123352.90374420262	750	59.824725035239695	0.0	399894	3107.9666141034977	0.75
123356.7479958822	750	59.98047335564937	0.0	401853	3344.251679590319	0.75
123360.41315834127	750	59.544189892846	0.0	343800	3436.2834628033706	0.75
123364.02312627326	750	59.93422196085901	0.0	359903	3109.967931986988	0.75
123367.78643105605	750	59.742493033596666	0.0	379700	3191.728927262343	0.75
123371.8695381908	750	59.58672739398384	0.0	425781	3655.76563961282	0.75
123374.57354070086	300	59.96339688651191	0.0	111155	2123.33050747193	-0.15000000000000002
123377.35374441989	300	59.55613102830242	0.0	153605	1907.2658582094973	0.3
123380.32826237495	300	59.75034098118033	0.0	149029	2805.7900471220864	0.3
123384.12695077376	300	59.87536073574604	0.0	157421	2874.9802454342835	0.3
123386.63550630031	300	59.91293704915735	0.0	157488	1962.423686588692	0.3
123388.57541646736	300	59.58904788562089	0.0	143881	1323.8891635364557	0.3
123390.11401077379	300	59.81426123414891	0.0	163444	1274.7866514719867	0.3
123392.05679922254	300	59.66977083725867	0.0	179328	1644.490396890245	0.3
123393.58508382417	300	59.73527756237342	0.0	159914	1434.4932748852436	0.3
123394.74939458865	300	59.63451784350737	0.0	131610	1100.7597188660504	0.3
123396.61526270024	300	59.68385931051403	0.0	124011	950.6585329933363	0.3
123398.14527707039	300	59.69095691474982	0.0	144254	992.9023957642116	0.3
123399.70592026682	300	59.614191303717725	0.0	149991	1076.765611032099	0.3
123400.91537564716	300	59.60640240624425	0.0	147968	1007.7888974734722	0.3
123402.0647160997	300	59.57206542140166	0.0	161857	1034.336984842585	0.3
123403.93375541142	300	59.62904749940564	0.0	145210	943.0179219960253	0.3
123407.45011315976	750	59.534879320089544	0.0	438281	2594.168179316089	0.3
123410.99087153442	750	59.99412094542376	0.0	398987	3540.758374665787	0.75
123415.63554972179	1200	59.34944275805617	0.0	638661	4644.6781873675955	0.75
123421.33949751039	1850	57.64549496946028	0.0	830730	5703.947788595881	1.2000000000000002
123429.36329366143	2850	53.6216988184113	0.0	1364537	8023.796151048976	1.85
123431.54224497527	750	55.442747504575806	0.0	450283	2178.9513138355	0.75
123433.40345133928	750	57.5815411405597	0.0	398865	1861.2063640161066	0.75
123435.09950564263	750	59.88548683721619	0.0	350812	1696.0543033435033	0.75
123437.21061393787	750	59.51522371555465	0.0	382355	1870.263121661546	0.75
123440.09570440106	750	59.63860107074151	0.0	411561	1876.622644813131	0.75
123442.39944159998	750	59.93996638047215	0.0	318564	1698.6346902693622	0.75
123444.61015954959	750	59.7376586599921	0.0	352642	1702.3077204800518	0.75
123447.14824627082	750	59.6683204139296	0.0	437162	2069.338246062502	0.75
123451.09430300572	750	59.72226367902307	0.0	374758	3946.0567349065245	0.75
123459.76696588229	750	55.049600802457064	0.0	362795	8672.662876566013	0.75
123463.02541100401	750	55.791155680732444	0.0	353220	3258.4451217246196	0.75
123466.06436368318	750	56.75220300156652	0.0	405134	3038.9526791659196	0.75
123468.61464398533	750	58.20192269941884	0.0	386351	2550.280302147687	0.75
123471.42413745463	750	59.392429230119376	0.0	434409	2809.4934692994593	0.75
123473.75376094609	750	59.773937313889434	0.0	337059	2118.491916229944	0.75
123476.79428442862	750	59.72374136023995	0.0	366214	2050.195953649488	0.75
123479.89046252561	750	59.80181607618361	0.0	360831	2421.9252840563367	0.75
123482.48514105626	750	59.71610321732283	0.0	372963	2085.7128588607816	0.75
123485.23308970424	750	59.52661172923036	0.0	405596	2189.4914880924694	0.75
123487.91422050222	750	59.86527491018224	0.0	350713	1661.3368190481235	0.75
123490.18035957197	750	59.81210236478131	0.0	386472	1553.1725454009247	0.75
123495.58671291074	1200	58.405749025998304	0.0	616206	5406.35333878301	0.75
123496.9909230745	1200	59.98330387567905	0.0	656471	922.4451503192565	1.2
123501.21527495778	1200	59.67701044075625	0.0	536667	3306.2934349228003	1.2
123504.98347478535	1200	59.908810613193765	0.0	587236	3268.1998275624824	1.2
123508.7685484245	1200	59.75440293157225	0.0	590335	3154.4076816215183	1.2
123512.92054538002	1200	59.602405976046384	0.0	696376	3651.996955525866	1.2
123515.63165033761	1200	59.70268495377826	0.0	487160	2399.7210222681247	1.2
123519.38953283899	1200	59.94480245242029	0.0	622896	3257.8825013579676	1.2
123523.41429243087	1200	59.82705587483264	0.0	641447	3117.746577587655	1.2
123527.2277853923	1200	59.822815901258096	0.0	570392	3504.2399735745453	1.2
123530.4167682728	1200	59.58345095493972	0.0	620283	2739.3649463183738	1.2
123533.50352775284	1200	59.695380182011654	0.0	584349	2888.0707729280616	1.2
123537.18041734632	1200	59.65127973882055	0.0	670129	3544.1004431911047	1.2
123540.97845572582	1200	59.50815512421508	0.0	690253	3643.124614605471	1.2
123544.69721760724	1200	59.789393242787	0.0	598727	3218.7618814280804	1.2
123547.94040539362	1200	59.6396371727642	0.0	487812	2649.7560700228	1.2
123556.45171936878	1200	55.12832319759281	0.0	575591	8511.313975171392	1.2
123577.42605402267	1200	38.153988543716	0.0	605884	20974.334653876813	1.2
123578.82742659701	300	40.75261596937829	0.0	149991	1401.3725743377083	-0.6000000000000001
123579.96567562089	300	43.61436694550617	0.0	147968	1138.2490238721252	0.3
123581.31550690917	300	46.26453565721015	0.0	161857	1349.8312882960154	0.3
123582.25643251592	300	49.32361005046867	0.0	145210	940.925606741475	0.3
123583.27580911033	300	52.30423345606458	0.0	172312	1019.3765944040937	0.3
123585.50894475183	750	54.071097814564084	0.0	398987	2233.135641500499	0.3
123589.01548970875	1200	54.564552857644955	0.0	638661	3506.5449569191233	0.75
123593.21420961675	1850	54.36583294965229	0.0	830730	4198.7199079926695	1.2000000000000002
123601.02605561755	2850	50.55398694884539	0.0	1364537	7811.846000806896	1.85
123603.06196231421	750	52.51808025218552	0.0	450283	2035.9066966598714	0.75
123605.26348684805	750	54.316555718352205	0.0	398865	2201.524533833316	0.75
123607.0950273943	750	56.485015172113705	0.0	350812	1831.540546238494	0.75
123609.20394378604	750	58.37609878036694	0.0	382355	2108.916391746768	0.75
123611.91350221439	750	59.62330462057083	0.0	411561	2252.79415979611	0.75
123614.50341707538	750	59.99622932435229	0.0	318564	1627.0752962185372	0.75
123617.15212888988	750	59.9387931994897	0.0	352642	2057.436124862593	0.75
123619.87087797323	750	59.999056502625066	0.0	437162	2439.736696864629	0.75
123624.05333622944	750	59.816598246415644	0.0	374758	3682.4582562094215	0.75
123625.93121672822	750	59.528893318372816	0.0	362795	1787.7049280428316	0.75
123628.75453526533	750	59.85732183519605	0.0	353220	2171.5714831767605	0.75
123632.0903708328	750	59.70527757841451	0.0	405134	2652.0442567815426	0.75
123635.36595657388	750	59.829880363230544	0.0	386351	2875.3972151839707	0.75
123641.51837597734	750	57.67746095976243	0.0	434409	6152.419403468116	0.75
123647.66884003447	750	55.52699690263094	0.0	337059	6150.464057131487	0.75
123652.3540001735	750	54.84183676359924	0.0	366214	4685.160139031703	0.75
123655.99506565348	750	55.20077128361805	0.0	360831	3641.0654799811878	0.75
123657.54966787508	300	57.64616906201163	0.0	150616	1554.6022216064248	-0.15000000000000002
123660.33640527813	300	58.85943165895801	0.0	165384	2786.737403053614	0.3
123663.7382291476	300	59.457607789486225	0.0	140881	3401.823869471789	0.3
123665.460887347	300	59.86150923960495	0.0	157671	1596.0985498812731	0.3
123668.22424218642	300	59.603111644649175	0.0	157812	1758.3975949557807	0.3
123670.75168058286	300	59.91687106865878	0.0	163927	2186.240575990389	0.3
123672.57126887164	300	59.85717583449506	0.0	137654	1559.6952341637218	0.3
123674.28835991725	300	59.884076839007	0.0	146754	973.0989954880583	0.3
123678.63516233304	750	59.53727442321696	0.0	379700	4346.8024157900445	0.3
123686.16610645564	750	56.00633030061798	0.0	425781	7530.944122598972	0.75
123688.44486766291	300	57.72756909334705	0.0	111155	2278.7612072709394	-0.15000000000000002
123690.75705341726	300	59.415383339005764	0.0	153605	2312.1857543412852	0.3
123692.26490381402	300	59.95280091567996	0.0	149029	1462.5824233258045	0.3
123693.5063752967	300	59.71419916106394	0.0	157421	1238.6017546160235	0.3
123695.39873881765	300	59.954952264618626	0.0	157488	1259.2468964453165	0.3
123698.20690489757	300	59.80742753690688	0.0	143881	2147.5247277117423	0.3
123701.56481067048	300	59.88879532655627	0.0	163444	2918.632210350607	0.3
123704.39392645894	300	59.58337421360847	0.0	179328	2305.4211129477976	0.3
123706.46415538098	300	59.67010709034187	0.0	159914	1913.267123266597	0.3
123708.56481069437	300	59.58326033303403	0.0	131610	1086.8467573078383	0.3
123709.78168237045	300	59.91672877302825	0.0	124011	666.5315600057886	0.3
123710.8658037543	300	59.79483813915293	0.0	144254	621.890633875312	0.3
123713.17428384918	750	59.54671346669782	0.0	390680	1748.12467245512	0.3
123714.74071069302	750	59.742677755993725	0.0	345516	1304.035710704094	0.75
123717.16017210194	750	59.76964261809309	0.0	384505	1473.0351379006365	0.75
123720.25844980305	750	59.63921690304399	0.0	372093	2130.425715049096	0.75
123722.9535680338	1200	59.72458378070928	0.0	634861	1914.6331223347051	0.75
123725.42638958088	1200	59.57391556137001	0.0	630203	1650.6682193392746	1.2
123728.05868420994	1200	59.86384491071867	0.0	638661	2210.0706506513393	1.2
123732.13987354591	2850	59.78265557474493	0.0	1231456	4081.189335973734	1.2000000000000002
123737.6452064943	2850	58.27732262635142	0.0	1364537	5505.33294839351	2.85
123740.28992001679	750	59.63260910385991	0.0	450283	2644.713522491508	0.75
123751.32665838936	1200	52.59587073129735	0.0	611087	11036.738372562557	0.75
123754.0898706313	750	53.832658489354394	0.0	350812	2763.212241942964	0.3
123756.54488522456	750	55.37764389610074	0.0	382355	2455.0145932536484	0.75
123758.25992344184	750	57.66260567882509	0.0	411561	1715.0382172756583	0.75
123759.83439112837	750	59.74810344070459	0.0	318564	1414.5022381204972	0.75
123761.525908615	750	59.68232742158818	0.0	352642	1565.7760191164148	0.75
123762.74313380083	750	59.58608556243602	0.0	437162	1096.2418591521564	0.75
123766.6262964639	1200	59.65099589423719	0.0	584846	2935.0896681988274	0.75
123769.73818011624	1200	59.76859056550968	0.0	560821	2382.4053287275024	1.2
123773.79122954374	1200	59.71554113800538	0.0	607410	4053.0494275043125	1.2
123780.68879464043	1200	56.81797604130859	0.0	594078	6897.565096696789	1.2
123785.05386530882	750	56.4529053729276	0.0	386351	4365.070668380984	0.3
123788.7607178773	750	56.74605280444928	0.0	434409	3706.8525684783317	0.75
123790.89699947437	750	58.60977120738082	0.0	337059	2136.2815970684615	0.75
123795.19102279909	750	58.31574788266001	0.0	366214	4294.023324720802	0.75
123799.42460452797	750	58.08216615378638	0.0	360831	4233.5817288736325	0.75
123804.4646087535	750	57.04216192827146	0.0	372963	5040.004225514924	0.75
123808.54911108443	750	56.957659597334015	0.0	405596	4084.5023309374415	0.75
123810.88222252205	750	58.624548159712155	0.0	350713	2333.1114376218625	0.75
123813.56719533584	750	59.939575345934344	0.0	386472	2184.972813777808	0.75
123816.19848181299	750	59.5226788789495	0.0	399894	2416.896466984848	0.75
123819.45611950074	750	59.8905550401501	0.0	401853	2632.1238387994035	0.75
123821.55237655898	750	59.77518343552099	0.0	343800	1615.3716046291058	0.75
123824.14726217774	750	59.618183352932675	0.0	359903	2157.000082588312	0.75
123827.69423782603	750	59.80313829687591	0.0	379700	2815.045056056773	0.75
123830.62860862688	750	59.882418192567265	0.0	425781	2420.72010430864	0.75
123832.38516820224	750	59.92296375316273	0.0	277716	1459.4544394045345	0.75
123835.03918010008	750	59.68701037221759	0.0	400396	2235.953380945141	0.75
123837.70697946026	750	59.50713995058379	0.0	400508	2179.870421633801	0.75
123840.04302984878	750	59.70307922558628	0.0	358218	2304.060724997512	0.75
123847.50247164642	750	56.24363742794584	0.0	400322	7459.441797640437	0.75
123857.925198988	750	49.82091008636943	0.0	369834	10422.727341576407	0.75
123861.37029978886	300	50.37580928550677	0.0	163444	3445.100800862667	-0.15000000000000002
123864.95266160312	300	50.79344747124189	0.0	179328	3582.3618142648784	0.3

