9428.165765077592	750	4.0	1.3264856678000625	450283	1326.4856678000624	-4.953888371540269
9428.760372370383	300	7.405392707209327	0.0	155580	594.6072927906732	-0.15000000000000002
9429.4685957111	300	10.697169366492467	0.0	139857	708.22334071686	0.3
9430.479337796352	300	13.686427281238334	0.0	155432	1010.7420852541342	0.3
9431.454995845723	300	16.710769231869833	0.0	163442	975.6580493685017	0.3
9432.042723359642	300	20.123041717948684	0.0	126289	587.7275139211513	0.3
9432.735570812027	300	23.430194265565078	0.0	153295	692.8474523836055	0.3
9433.49723177353	300	26.668533304062148	0.0	173849	761.6609615029314	0.3
9434.126634786944	300	30.03913029064593	0.0	150710	629.4030134162196	0.3
9435.372084559556	750	32.79368051803459	0.0	362795	1245.4497726113366	0.3
9436.36972385348	750	35.79604122411111	0.0	353220	997.6392939234856	0.75
9437.30253256032	750	38.863232517271655	0.0	405134	932.8087068394535	0.75
9439.230881746322	1200	40.93488333126917	0.0	624282	1928.3491860024835	0.75
9440.834680879789	1200	43.331084197801765	0.0	687371	1603.7991334674066	1.2
9442.511395924048	1200	45.654369153541666	0.0	526950	1676.7150442600946	1.2
9444.222099704355	1200	47.943665373234836	0.0	587876	1710.7037803068301	1.2
9445.971842684985	1200	50.19392239260498	0.0	617242	1749.7429806298549	1.2
9448.077292998836	1200	52.088472078754364	0.0	581493	2105.450313850615	1.2
9450.313068473482	1200	53.85269660410808	0.0	639204	2235.7754746462783	1.2
9451.913444900913	1200	56.25232017667666	0.0	586839	1600.3764274314167	1.2
9454.535206296781	1850	57.630558780809146	0.0	891604	2621.7613958675192	1.2000000000000002
9457.076480930737	1850	59.08928414685484	0.0	955231	2541.2746339543064	1.85
9459.880178408775	1850	59.54603616830793	0.0	968026	2543.247978546907	1.85
9463.165967261175	1850	59.87836649185435	0.0	874175	2667.6696764535786	1.85
9467.393154468678	1850	59.65117928435112	0.0	897976	4227.187207503232	1.85
9471.168936309397	1850	59.58094155571655	0.0	905935	3070.2377286345745	1.85
9474.959586806897	1850	59.790291058215765	0.0	1076599	3790.6504975007824	1.85
9477.238421412105	1850	59.669471060403204	0.0	758197	2120.819997812565	1.85
9480.950952071058	1850	59.956940401450574	0.0	972798	3212.5306589526276	1.85
9484.395029202571	1850	59.749674468868946	0.0	975811	2707.2659325816244	1.85
9487.584906707392	1850	59.71364131592306	0.0	873429	2536.033152945875	1.85
9490.916723125538	1850	59.53415528278865	0.0	954453	2679.4860331344094	1.85
9493.170886403108	1850	59.88773883650964	0.0	885062	2146.416446279017	1.85
9496.616970190731	1850	59.79957035834311	0.0	1035329	2588.1684781665335	1.85
9499.287585794367	1850	59.99822021125395	0.0	1026056	2301.3501470891533	1.85
9501.655013087955	1850	59.77763929273404	0.0	943942	2220.5809185199173	1.85
9504.131478599798	1850	59.56432972434544	0.0	728962	2213.3095683885876	1.85
9506.6929923944	1850	59.8731507987717	0.0	938587	1691.1789255737467	1.85
9509.428990469769	1850	59.82231919560198	0.0	908665	2050.831603169719	1.85
9511.884754241079	1850	59.697020546045835	0.0	930577	2125.298649556147	1.85
9514.153126914152	1850	59.54806677038596	0.0	858450	2148.95377565987	1.85
9517.06389626513	1850	59.57239154360414	0.0	1025005	1975.6752267818144	1.85
9519.590852816349	1850	59.726960330093014	0.0	886255	1845.4312135111252	1.85
9523.621078906182	2850	59.69673424025957	0.0	1587250	4030.2260898334425	1.85
9526.908392474565	2850	59.97645316983896	0.0	1464921	3220.2810704206113	2.85
9536.778762781782	4300	54.10608286261982	0.0	2246506	9870.370307219144	2.8499999999999996
9545.467969685611	4300	49.416875958791664	0.0	1961140	8689.206903828155	4.3
9557.809539764525	4300	41.07530587987634	0.0	2155012	12341.570078915325	4.3
9560.53162251834	750	42.35322312606066	0.0	450283	2722.082753815676	0.75
9562.66239247167	750	44.222453172731086	0.0	398865	2130.7699533295718	0.75
9564.722727243592	750	46.1621184008071	0.0	350812	2060.334771923992	0.75
9566.731975012915	750	48.152870631484305	0.0	382355	2009.2477693227902	0.75
9568.838148794104	750	50.04669685029525	0.0	411561	2106.1737811890534	0.75
9570.621900525144	750	52.2629451192562	0.0	318564	1783.7517310390435	0.75
9572.696964376719	750	54.18788126768071	0.0	352642	2075.063851575499	0.75
9574.867004390977	750	56.01784125342332	0.0	437162	2170.040014257384	0.75
9577.061385882667	750	57.82345976173334	0.0	374758	2194.381491689979	0.75
9578.906073796445	750	59.978771847956196	0.0	362795	1844.687913777144	0.75
9581.487086521474	750	59.98712239536334	0.0	353220	1991.6494525928474	0.75
9583.613755802346	750	59.95846939114601	0.0	405134	2028.6530042173317	0.75
9585.466918579383	750	59.73089614095511	0.0	386351	1727.5732501909024	0.75
9589.222573305462	750	59.97524141487566	0.0	434409	3755.6547260794564	0.75
9591.670399545592	750	59.70645042127346	0.0	337059	1768.7909936021958	0.75
9593.727508187083	750	59.83091372379	0.0	366214	1875.5366974834592	0.75
9595.765405407903	750	59.82925108538439	0.0	360831	2001.6626384056078	0.75
9598.805496830704	750	59.77282266519263	0.0	372963	2056.4284201917626	0.75
9601.401952619108	750	59.825426272294635	0.0	405596	1947.3963928979956	0.75
9602.92626696153	750	59.90879879883543	0.0	350713	1416.6274734592073	0.75
9605.570981378016	1200	59.839785025075145	0.0	601738	2569.013773760285	0.75
9608.29425628228	1200	59.710497894305206	0.0	616206	2629.2871307699356	1.2
9611.011071178951	1200	59.854584332717494	0.0	656471	1855.9135615877085	1.2
9613.80161234001	1200	59.83526441972875	0.0	536667	2019.319912988743	1.2
9616.604263604053	1200	59.995049411744	0.0	587236	2340.2150079847593	1.2
9619.49079112528	1200	59.977503779158646	0.0	590335	2517.54563258535	1.2
9622.980037925407	1200	59.603371323415175	0.0	696376	2874.1324557434696	1.2
9624.758816569254	1200	59.89603917368424	0.0	487160	1707.3321497309398	1.2
9627.192371133107	1200	59.79498513881523	0.0	622896	1601.0540348690024	1.2
9632.083279633482	1850	58.90407663844256	0.0	975811	4890.908500372672	1.2000000000000002
9635.967216257055	1850	59.02014001486841	0.0	873429	3883.9366235741486	1.85
9641.907041024218	1850	57.08031524770419	0.0	954453	5939.824767164215	1.85
9644.6542291109	1200	58.33312716102402	0.0	584349	2747.18808668018	0.5499999999999999
9648.57460395111	1200	58.412752320814825	0.0	670129	3920.3748402091855	1.2
9652.820424679656	1200	58.16693159226937	0.0	690253	4245.820728545453	1.2
9659.967312494635	1200	55.02004377728848	0.0	598727	7146.8878149808925	1.2
9664.103351635018	750	54.88400463690519	0.0	321064	4136.039140383282	0.3
9670.180836855618	750	52.80651941630552	0.0	361565	6077.485220599674	0.75
9680.934532003974	750	46.05282426794879	0.0	378327	10753.695148356725	0.75
9687.705536099973	300	43.281820171950706	0.0	149991	6771.0040959980915	-0.15000000000000002
9692.880469350523	300	42.10688692140018	0.0	147968	5174.933250550521	0.3
9698.97402494694	300	40.013331324983746	0.0	161857	6093.555596416435	0.3
9701.498494728572	300	41.48886154334981	0.0	145210	2524.4697816339294	0.3
9705.575712373975	300	41.411643897947144	0.0	172312	4077.2176454026694	0.3
9710.965533797325	300	40.02182247459733	0.0	167025	5389.821423349817	0.3
9715.196016830927	300	39.791339440997056	0.0	160064	4230.4830336002715	0.3
9717.038927926744	300	41.94842834517995	0.0	137507	1842.911095817106	0.3
9722.633034502676	750	40.35432176924715	0.0	314107	5594.106575932797	0.3
9738.295036399386	750	28.692319872535723	0.0	450283	15662.001896711432	0.75
9741.343549763302	300	29.643806508620692	0.0	155580	3048.513363915029	-0.15000000000000002
9744.085998768642	300	30.90135750327892	0.0	139857	2742.4490053417708	0.3
9746.011422392698	300	32.97593387922401	0.0	155432	1925.4236240549126	0.3
9750.465814125151	300	32.52154214677108	0.0	163442	4454.391732452929	0.3
9751.457725302527	300	35.52963096939518	0.0	126289	991.9111773758992	0.3

