3.624169441458112	750	4.0	3.624169441458112	450283	3624.169441458112	1	-14.833928598269882
4.972609667717553	300	6.6515597737405585	0.0	155580	1348.4402262594408	1.1985942054355347	-0.15000000000000002
6.210376504508359	300	9.413792936949752	0.0	139857	1237.766836790806	1.1985942054355347	0.3
7.620772038911131	300	12.00339740254698	0.0	155432	1410.3955344027718	1.1985942054355347	0.3
9.290166621002202	300	14.33400282045591	0.0	163442	1669.3945820910699	1.1985942054355347	0.3
10.618220726971785	300	17.005948714486323	0.0	126289	1328.054105969584	1.1985942054355347	0.3
11.965650039135708	300	19.658519402322405	0.0	153295	1347.4293121639225	1.1985942054355347	0.3
13.251816446740461	300	22.372352994717648	0.0	173849	1286.166407604755	1.1985942054355347	0.3
14.397095119011713	300	25.227074322446395	0.0	150710	1145.2786722712501	1.1985942054355347	0.3
16.908329142476408	750	26.7158402989817	0.0	362795	2511.2340234646954	1.1985942054355347	0.3
23.680981995095564	750	23.943187446362543	0.0	353220	6772.652852619159	1.1985942054355347	0.75
27.810122228188636	750	23.814047213269472	0.0	405134	4129.140233093074	1.1985942054355347	0.75
29.334020997070922	750	26.290148444387185	0.0	386351	1523.8987688822863	1.1985942054355347	0.75
31.789600569344778	750	27.83456887211333	0.0	434409	2455.579572273856	1.1985942054355347	0.75
38.09704378549852	750	25.52712565595959	0.0	337059	6307.443216153742	1.1985942054355347	0.75
45.99098768075791	750	21.633181760700197	0.0	366214	7893.943895259393	1.1985942054355347	0.75
48.84125210543778	750	22.782917336020333	0.0	360831	2850.264424679865	1.1985942054355347	0.75
52.0981854888411	750	23.525983952617015	0.0	372963	3256.9333834033173	1.1985942054355347	0.75
57.519470979996846	750	22.10469846146127	0.0	405596	5421.28549115575	1.1985942054355347	0.75
61.09027476259499	750	22.53389467886313	0.0	350713	3570.8037825981337	1.1985942054355347	0.75
64.65472476961078	750	22.96944467184735	0.0	386472	3564.450007015785	1.5576763378319693	0.75
67.45451730541237	750	24.16965213604575	0.0	399894	2799.7925358015964	1.5576763378319693	0.75
70.44299075422917	750	25.18117868722895	0.0	401853	2988.4734488168037	1.5576763378319693	0.75
72.60393705777288	750	27.020232383685236	0.0	343800	2160.94630354371	1.5576763378319693	0.75
74.85112513592915	750	28.773044305528966	0.0	359903	2247.1880781562713	1.5576763378319693	0.75
77.30813978364426	750	30.316029657813843	0.0	379700	2457.0146477151197	1.5576763378319693	0.75
79.83465409491431	750	31.789515346543805	0.0	425781	2526.5143112700393	1.5576763378319693	0.75
81.68776105872716	750	33.936408382730946	0.0	277716	1853.1069638128602	1.5576763378319693	0.75
85.56110833109686	1200	34.06306111036123	0.0	622896	3873.347272369708	1.5576763378319693	0.75
89.1406990389052	1200	34.4834704025529	0.0	641447	3579.590707808326	1.5576763378319693	1.2
92.02849505068828	1200	35.59567439076982	0.0	570392	2887.796011783079	1.5576763378319693	1.2
96.12891616635207	1200	35.49525327510604	0.0	620283	4100.421115663791	1.5576763378319693	1.2
100.61503800529782	1200	35.00913143616029	0.0	584349	4486.121838945748	1.5576763378319693	1.2
104.24243782019218	1200	35.38173162126592	0.0	670129	3627.3998148943638	1.5576763378319693	1.2
107.75381241410541	1200	35.870357027352696	0.0	690253	3511.374593913228	1.5576763378319693	1.2
112.23240792212215	1200	35.39176151933596	0.0	598727	4478.595508016731	1.5576763378319693	1.2
116.5130654016445	1200	35.11110403981362	0.0	487812	4280.657479522342	1.5576763378319693	1.2
122.02779330243698	1200	33.59637613902113	0.0	575591	5514.727900792488	1.5576763378319693	1.2
126.49439810025882	1200	33.12977134119927	0.0	605884	4466.604797821857	1.5576763378319693	1.2
130.06190393517988	1200	33.56226550627822	0.0	587506	3567.505834921053	1.5576763378319693	1.2
132.971413375702	750	34.65275606575608	0.0	345516	2909.5094405221353	1.5576763378319693	0.3
136.0689410953414	750	35.55522834611673	0.0	384505	3097.5277196393536	1.5576763378319693	0.75
140.2409194417612	750	35.383249999696886	0.0	372093	4171.978346419841	1.5576763378319693	0.75
142.66071616734737	750	36.96345327411075	0.0	438281	2419.7967255861386	1.5576763378319693	0.75
144.6213059680158	750	39.0028634734423	0.0	398987	1960.5898006684517	1.5576763378319693	0.75
150.2494823918828	1850	37.37468704957529	0.0	982064	5628.176423866999	1.5576763378319693	0.75
156.20183596774072	2850	35.42233347371739	0.0	1231456	5952.353575857912	1.5576763378319693	1.85
162.80560831268602	2850	32.81856112877206	0.0	1364537	6603.772344945324	1.5576763378319693	2.85
166.7430792324879	750	32.881090208970186	0.0	450283	3937.4709198018772	1.5576763378319693	0.75
171.9902183280191	1200	31.633951113439004	0.0	611087	5247.139095531181	1.5576763378319693	0.75
178.91009829639347	1200	28.714071145064665	0.0	571051	6919.879968374344	1.5576763378319693	1.2
185.6643610364423	1200	25.959808405015835	0.0	617681	6754.262740048829	1.5576763378319693	1.2
190.6393431064212	1200	24.984826335036953	0.0	652874	4974.982069978884	1.5576763378319693	1.2
194.49077392582532	1200	25.13339551563284	0.0	520315	3851.4308194041123	1.5576763378319693	1.2
197.62955958584604	750	25.994609855612136	0.0	352642	3138.7856600207056	1.5576763378319693	0.3
201.19365349772409	750	26.430515943734076	0.0	437162	3564.093911878057	1.5576763378319693	0.75
204.15060849779866	750	27.47356094365951	0.0	374758	2956.9550000745653	1.5576763378319693	0.75
207.03797971790001	750	28.586189723558128	0.0	362795	2887.371220101383	1.5576763378319693	0.75
209.82875206766914	750	29.79541737378899	0.0	353220	2790.7723497691377	1.5576763378319693	0.75
220.25159716509984	750	23.372572276358312	0.0	405134	10422.845097430678	1.5576763378319693	0.75
240.67041864449456	750	6.9537507969635985	0.0	386351	20418.82147939471	1.5576763378319693	0.75
250.1770969779714	300	4.0	2.552927536513236	179801	9506.678333476835	1.5576763378319693	-11.127588407006913
257.54310027308895	300	4.0	3.3660032951175682	140051	7366.003295117568	1.5576763378319693	-14.173814169005542
262.7612764009463	300	4.0	1.2181761278573549	138313	5218.176127857355	1.5576763378319693	-4.938157349786626
268.74785373455796	300	4.0	1.9865773336116546	143509	5986.5773336116545	1.5576763378319693	-8.242282534530114
273.30762486963545	300	4.0	0.5597711350774871	150616	4559.771135077487	1.5576763378319693	-2.1070158808331945
281.2205391923445	300	4.0	3.9129143227090863	165384	7912.914322709086	1.5576763378319693	-16.52553158764907
284.9460087320769	300	4.27453046026762	0.0	140881	3725.4695397323803	1.5576763378319693	0.3
292.33618890894184	300	4.0	3.1156497165972805	157671	7390.1801768649	1.5576763378319693	-13.097293781368306
298.8781573825524	300	4.0	2.5419684736105737	157812	6541.968473610574	1.5576763378319693	-10.630464436525466
305.5661349260655	300	4.0	2.6879775435131004	163927	6687.9775435131005	1.5576763378319693	-11.25830343710633
313.88348942500676	300	4.0	4.317354498941195	137654	8317.354498941195	1.5576763378319693	-18.264624345447135
319.30528295614073	300	4.0	1.4217935311340435	146754	5421.793531134043	1.5576763378319693	-5.813712183876387
328.69698357582155	300	4.0	5.391700619680829	153938	9391.700619680829	1.5576763378319693	-22.88431266462756
337.6008195335967	300	4.0	4.903835957775109	181901	8903.835957775109	1.5576763378319693	-20.786494618432968
344.74756828790885	300	4.0	3.1467487543121853	111155	7146.748754312185	1.5576763378319693	-13.231019643542396
351.35626193526355	300	4.0	2.6086936473546767	153605	6608.693647354677	1.5576763378319693	-10.917382683625108
360.922624307383	300	4.0	5.566362372119426	149029	9566.362372119425	1.5576763378319693	-23.63535820011353

