53148.23246549702	750	4.0	2.0056947420318303	450283	2005.6947420318304	0.7	-7.874487390736871
53151.60386187035	750	4.628603626668246	0.0	398865	3371.3963733317537	0.7	0.75
53154.938721515166	750	5.293743981863274	0.0	350812	3334.859644804971	0.7	0.75
53158.03602144647	750	6.1964440505600145	0.0	382355	3097.2999313032606	0.7	0.75
53161.66347247365	750	6.5689930233776215	0.0	411561	3627.451027182393	0.7	0.75
53164.69030241245	750	7.542163084578207	0.0	318564	3026.8299387994134	0.7	0.75
53167.576836970184	750	8.655628526849913	0.0	352642	2886.534557728294	0.7	0.75
53171.35321181537	750	8.879253681667839	0.0	437162	3776.374845182074	0.7	0.75
53174.66778760554	750	9.56467789149556	0.0	374758	3314.5757901722786	0.7	0.75
53178.11644320356	750	10.116022293475494	0.0	362795	3448.655598020067	0.7	0.75
53181.32380116657	750	10.908664330471586	0.0	353220	3207.3579630039076	0.7	0.75
53184.65866855648	750	11.57379694055362	0.0	405134	3334.8673899179644	0.7	0.75
53187.31883909643	750	12.913626400608178	0.0	386351	2660.1705399454427	0.7	0.75
53190.12722102426	750	14.105244472775839	0.0	434409	2808.3819278323394	0.7	0.75
53192.489146257336	750	15.743319239700645	0.0	337059	2361.925233075195	0.7	0.75
53195.25188929629	750	16.98057620074407	0.0	366214	2762.743038956572	0.7	0.75
53198.131983196174	750	18.100482300860357	0.0	360831	2880.0938998837155	0.7	0.75
53200.7412029379	750	19.491262559138885	0.0	372963	2609.2197417214684	0.7	0.75
53206.291671537976	1200	17.940793959065893	0.0	639204	5550.4686000729935	0.7	0.75
53210.45959101272	1200	17.77287448432607	0.0	586839	4167.91947473982	0.7	1.2
53214.68825065533	1200	17.544214841710133	0.0	601738	4228.659642615937	0.7	1.2
53219.75476832429	1200	16.47769717275148	0.0	616206	5066.517668958654	0.7	1.2
53225.59634607377	1200	14.636119423269943	0.0	656471	5841.577749481537	0.7	1.2
53229.84125666963	1200	14.3912088274164	0.0	536667	4244.910595853542	0.7	1.2
53235.16929329492	1200	13.06317220212376	0.0	587236	5328.03662529264	0.7	1.2
53243.669433367024	1200	8.563032130021982	0.0	590335	8500.140072101778	0.7	1.2
53249.7428859004	750	6.489579596641551	0.0	425781	6073.45253338043	0.7	0.3
53252.272095438115	750	7.960370058929522	0.0	277716	2529.20953771203	0.7	0.75
53258.07444225456	750	6.158023242488802	0.0	400396	5802.3468164407195	0.7	0.75
53262.386977286	750	5.845488211050576	0.0	400508	4312.535031438227	0.7	0.75
53264.36164614813	300	7.870819348916673	0.0	157421	1974.6688621339024	0.7	-0.15000000000000002
53266.074714404975	300	10.15775109207115	0.0	157488	1713.0682568455225	0.7	0.3
53267.5069815652	300	12.725483931851644	0.0	143881	1432.2671602195053	0.7	0.3
53269.097206052225	300	15.135259444824772	0.0	163444	1590.224487026871	0.7	0.3
53272.8550313249	750	15.377434172150645	0.0	401088	3757.825272674129	0.7	0.3
53275.57129170756	750	16.661173789487496	0.0	365161	2716.2603826631453	0.7	0.75
53277.68316946625	750	18.54929603079772	0.0	321064	2111.8777586897786	0.7	0.75
53280.651567349945	750	19.580898147099557	0.0	361565	2968.3978836981637	0.7	0.75
53283.93597453914	750	20.296490957912777	0.0	378327	3284.407189186781	0.7	0.75
53286.891446521564	750	21.341018975484477	0.0	390680	2955.4719824283025	0.7	0.75
53290.94544294744	1200	21.287022549606487	0.0	566904	4053.996425877988	0.7	0.75
53296.88517506197	1200	19.34729043507592	0.0	641452	5939.73211453057	0.7	1.2
53307.140134869886	1200	13.092330627158136	0.0	599477	10254.959807917785	0.7	1.2
53318.52791101428	1200	5.7045544827690104	0.0	634861	11387.776144389125	0.7	1.2
53321.91883850426	300	6.313626992793531	0.0	167025	3390.927489975479	0.7	-0.6000000000000001
53325.49514440321	300	6.737321093838362	0.0	160064	3576.3058989551687	0.7	0.3
53331.62041033884	750	4.612055158215106	0.0	331053	6125.265935623256	0.7	0.3
53333.63450806435	300	6.5979574326946455	0.0	118421	2014.0977255204593	0.7	-0.15000000000000002
53343.0033099357	750	4.0	2.7708444386584126	450283	9368.801871353058	0.75	-11.164631086231173
53346.63277127783	300	4.370538657872164	0.0	155580	3629.4613421278364	0.75	-0.15000000000000002
53349.054103721275	300	5.949206214424476	0.0	139857	2421.332443447688	0.75	0.3
53351.866318436354	300	7.136991499348664	0.0	155432	2812.214715075812	0.75	0.3
53354.90246541571	300	8.100844519997379	0.0	163442	3036.146979351285	0.75	0.3
53357.24158330456	300	9.76172663114397	0.0	126289	2339.117888853407	0.75	0.3
53360.65352297433	300	10.349786961374136	0.0	153295	3411.9396697698353	0.75	0.3
53362.81052984342	300	12.192780092292686	0.0	173849	2157.0068690814483	0.75	0.3
53364.881310224235	300	14.121999711477933	0.0	150710	2070.780380814755	0.75	0.3
53366.6374739485	300	16.365835987210335	0.0	139105	1756.1637242675968	0.75	0.3
53368.51031814295	300	18.492991792759963	0.0	141840	1872.8441944503727	0.75	0.3
53370.28546223798	300	20.717847697725418	0.0	156148	1775.1440950345468	0.75	0.3
53372.29521060291	300	22.708099332798977	0.0	160746	2009.748364926441	0.75	0.3
53378.358361641716	750	20.64494829398831	0.0	434409	6063.15103881067	0.75	0.3
53383.593667933266	750	19.40964200244592	0.0	337059	5235.306291542386	0.75	0.75
53390.77601191616	750	16.227298019544897	0.0	366214	7182.343982901026	0.75	0.75
53394.421078968895	750	16.582230966805593	0.0	360831	3645.067052739303	0.75	0.75
53398.07557583126	750	16.927734104444564	0.0	372963	3654.4968623610284	0.75	0.75
53401.6650672976	750	17.338242638104017	0.0	405596	3589.491466340547	0.75	0.75
53404.25476131419	750	18.748548621518264	0.0	350713	2589.6940165857513	0.75	0.75
53407.37865270102	750	19.624657234684456	0.0	386472	3123.891386833808	0.75	0.75
53410.14258593153	750	20.860724004177335	0.0	399894	2763.933230507117	0.75	0.75
53413.20764867305	750	21.79566126265376	0.0	401853	3065.0627415235763	0.7	0.75
53415.94872864574	750	23.054581289972738	0.0	343800	2741.0799726810237	0.7	0.75
53422.38746730355	1200	20.615842632153154	0.0	587236	6438.738657819585	0.7	0.75
53435.85797630778	1200	11.145333627927815	0.0	590335	13470.50900422534	0.7	1.2
53446.63780169472	750	4.365508240984993	0.0	425781	10779.825386942823	0.7	0.3
53448.28938404429	300	6.713925891417618	0.0	111155	1651.582349567375	0.7	-0.15000000000000002
53450.207167470646	300	8.79614246505775	0.0	153605	1917.783426359868	0.7	0.3
53451.75005588558	300	11.253254050121834	0.0	149029	1542.8884149359162	0.7	0.3
53453.82537983586	300	13.17793009984365	0.0	157421	2075.3239502781835	0.7	0.3
53456.16150772089	300	14.841802214811104	0.0	157488	2336.1278850325466	0.7	0.3
53458.44143307712	300	16.56187685858596	0.0	143881	2279.925356225142	0.7	0.3
53459.98362449713	300	19.019685438573198	0.0	163444	1542.1914200127653	0.7	0.3
53461.688539864736	300	21.314770070969228	0.0	179328	1704.9153676039678	0.7	0.3
53464.914151231256	750	22.08915870444463	0.0	365161	3225.611366524601	0.7	0.3
53468.04115616973	750	22.962153765966484	0.0	321064	3127.004938478147	0.7	0.75
53473.41772625381	750	21.585583681896765	0.0	361565	5376.570084069715	0.7	0.75
53480.847871148144	750	18.155438787560428	0.0	378327	7430.14489433634	0.7	0.75
53492.170622136095	750	10.832687799610348	0.0	390680	11322.750987950078	0.7	0.75
53500.36750608137	750	6.635803854330405	0.0	345516	8196.883945279944	0.7	0.75
53506.03461135994	300	4.968698575762202	0.0	161857	5667.105278568202	0.7	-0.15000000000000002
53509.192743589985	300	5.8105663457221	0.0	145210	3158.1322300401016	0.7	0.3
53512.55329670618	300	6.450013229525013	0.0	172312	3360.553116197087	0.7	0.3
53515.63961373275	300	7.363696202956924	0.0	167025	3086.3170265680887	0.7	0.3
53522.30026605733	300	4.703043878372461	0.0	160064	6660.652324584463	0.7	0.3
53525.644631764204	300	5.358678171506235	0.0	137507	3344.3657068662255	0.7	0.3
53529.93834226648	300	5.064967669227004	0.0	118421	4293.710502279231	0.7	0.3
53545.77522392726	750	4.0	10.771913991545157	450283	15836.88166077216	0.7	-45.56923016364417
53550.59037791262	300	4.0	0.8151539853564718	155580	4815.153985356472	0.7	-3.655162137032829
53554.17476658626	300	4.415611326361621	0.0	139857	3584.3886736383797	0.7	0.3
53557.90877929875	300	4.6815986138781716	0.0	155432	3734.0127124834485	0.7	0.3
53562.14098591058	300	4.449392002046198	0.0	163442	4232.2066118319735	0.7	0.3
53564.74107796122	300	5.849299951406217	0.0	126289	2600.0920506399802	0.7	0.3
53571.460566414185	300	4.0	0.8701885015536909	153295	6719.4884529599085	0.7	-3.441810556680871
53577.22220432634	300	4.0	1.7616379121542085	173849	5761.637912154209	0.7	-7.275043022263096
53581.119145028395	300	4.103059297938879	0.0	150710	3896.9407020611206	0.7	0.3
53586.93616339911	300	4.0	1.7139590727720415	139105	5817.018370710921	0.7	-7.070024012919778
53593.96413539927	300	4.0	3.0279720001569568	141840	7027.972000156957	0.7	-12.720279600674912
53598.533525697225	300	4.0	0.5693902979593467	156148	4569.390297959347	0.7	-2.148378281225191
53602.855144506946	300	4.0	0.32161880972375	160746	4321.61880972375	0.7	-1.082960881812125
53610.49619386471	300	4.0	3.641049357766039	179801	7641.049357766039	0.7	-15.356512238393968
53619.58955620771	300	4.0	5.093362343005525	140051	9093.362343005525	0.7	-21.601458074923755
53625.63953927086	300	4.0	2.0499830631372107	138313	6049.983063137211	0.7	-8.514927171490005
53628.527394505705	300	5.112144765151024	0.0	143509	2887.8552348489757	0.7	0.3
53630.068838037325	300	7.57070123352384	0.0	150616	1541.4435316271847	0.7	0.3
53631.59073210118	300	10.048807169669502	0.0	165384	1521.8940638543374	0.7	0.3
53633.09521713082	300	12.54432214002769	0.0	140881	1504.4850296418122	0.7	0.3
53634.32100396885	300	15.318535302004038	0.0	157671	1225.786838023652	0.75	0.3
53635.876065969154	300	17.76347330169814	0.0	157812	1555.0620003059	0.75	0.3
53637.47830090386	300	20.161238366992976	0.0	163927	1602.2349347051631	0.75	0.3
53640.322849173666	750	21.31669009718688	0.0	343800	2844.5482698060973	0.75	0.3
53643.54184485938	750	22.097694411475274	0.0	359903	3218.9956857116044	0.75	0.75
53648.795502236426	1200	20.844037034422836	0.0	590335	5253.657377052438	0.75	0.75
53654.43984596372	1200	19.199693307121283	0.0	696376	5644.343727301551	0.75	1.2
53657.79294285033	1200	19.8465964205189	0.0	487160	3353.096886602383	0.75	1.2
53666.1145070497	1200	15.525032221145334	0.0	622896	8321.564199373566	0.75	1.2
53670.58489642103	1200	15.054642849815279	0.0	641447	4470.389371330056	0.75	1.2
53675.1366110566	1200	14.502928214244646	0.0	570392	4551.714635570631	0.75	1.2
53680.37015400326	1200	13.269385267585326	0.0	620283	5233.542946659319	0.75	1.2
53687.35247807558	1200	10.28706119526502	0.0	584349	6982.324072320307	0.75	1.2
53692.82764983595	1200	8.811889434898017	0.0	670129	5475.171760367001	0.75	1.2
53697.99248501525	1200	7.647054255602605	0.0	690253	5164.835179295413	0.75	1.2
53702.285533194154	1200	7.3540060766959074	0.0	598727	4293.048178906697	0.75	1.2
53704.3225296942	750	9.317009576650442	0.0	321064	2036.996500045466	0.75	0.3
53708.51415769315	1200	9.125381577705681	0.0	575591	4191.62799894476	0.75	0.75
53712.927320796116	1200	8.712218474736014	0.0	605884	4413.163102969667	0.75	1.2
53719.425199869285	1200	6.214339401570751	0.0	587506	6497.8790731652625	0.75	1.2
53722.40754102514	750	7.231998245715795	0.0	345516	2982.3411558549565	0.75	0.3
53726.343956304074	750	7.295582966784171	0.0	384505	3936.4152789316227	0.75	0.75
53729.72361027196	750	7.91592899890032	0.0	372093	3379.6539678838517	0.75	0.75
53733.19702189423	750	8.442517376625922	0.0	438281	3473.411622274399	0.75	0.75
53737.43919581785	750	8.200343453009445	0.0	398987	4242.173923616476	0.75	0.75
53741.15517843581	750	8.484360835052481	0.0	393804	3715.9826179569636	0.75	0.75
53746.509045940256	1200	7.130493330606371	0.0	538612	5353.86750444611	0.75	0.75
53752.63801448499	1200	5.001524785875232	0.0	550906	6128.9685447311385	0.75	1.2
53758.954472770376	750	4.0	1.3149334995123882	450283	6316.458285387621	0.75	-4.904214047903269
53760.89943865875	300	6.055034111627452	0.0	155580	1944.9658883725476	0.75	-0.15000000000000002
53762.13786763399	300	8.816605136386315	0.0	139857	1238.4289752411362	0.75	0.3
53763.70298249097	300	11.251490279408083	0.0	155432	1565.1148569782322	0.75	0.3
53767.403595121184	750	11.550877649200759	0.0	411561	3700.6126302073244	0.75	0.3
53772.46142051995	750	10.493052250431935	0.0	318564	5057.825398768822	0.75	0.75
53780.502089720154	750	6.45238305022778	0.0	352642	8040.6692002041555	0.75	0.75
53782.307051851385	300	8.6474209189975	0.0	173849	1804.9621312302795	0.75	-0.15000000000000002
53783.587852116354	300	11.366620654024764	0.0	150710	1280.8002649727364	0.75	0.3
53784.626342225725	300	14.328130544652993	0.0	139105	1038.4901093717704	0.75	0.3
53785.600238425046	300	17.354234345332078	0.0	141840	973.8961993209139	0.75	0.3
53788.226194880146	750	18.72827789023771	0.0	405134	2625.9564550943687	0.75	0.3
53792.24594919699	750	18.70852357338796	0.0	386351	4019.7543168497514	0.75	0.75
53802.47516292906	750	12.479309841314972	0.0	434409	10229.213732072987	0.75	0.75
53808.02601386524	750	10.928458905140182	0.0	337059	5550.850936174791	0.75	0.75
53813.08034171425	750	9.87413105612222	0.0	366214	5054.327849017961	0.75	0.75
53815.93969574047	750	11.014777029912148	0.0	360831	2859.354026210073	0.75	0.75
53819.58343150375	750	11.371041266628314	0.0	372963	3643.7357632838343	0.75	0.75
53824.64146200032	750	10.313010770060592	0.0	405596	5058.0304965677215	0.75	0.75
53830.03973334277	750	8.914739427608824	0.0	350713	5398.271342451769	0.75	0.75
53837.75267832841	750	5.201794441968823	0.0	386472	7712.944985640001	0.75	0.75
53839.336154343255	300	7.6183184271201965	0.0	157812	1583.4760148486266	0.75	-0.15000000000000002
53843.59289882669	300	7.36157394368437	0.0	163927	4256.744483435827	0.75	0.3
53845.99563412406	300	8.958838646307282	0.0	137654	2402.735297377088	0.75	0.3
53849.77774676902	300	9.176726001351113	0.0	146754	3782.1126449561693	0.75	0.3
53851.773334734666	300	11.181138035705754	0.0	153938	1995.587965645359	0.75	0.3
53853.21968026146	300	13.734792508905734	0.0	181901	1446.3455268000196	0.75	0.3
53854.11619620357	300	16.83827656680494	0.0	111155	896.5159421007944	0.75	0.3
53855.403763513874	300	19.5507092565032	0.0	153605	1287.5673103017418	0.75	0.3
53856.53313018874	300	22.421342581631993	0.0	149029	1129.3666748712067	0.75	0.3
53858.814029898575	750	24.140442871797447	0.0	358218	2280.8997098345467	0.75	0.3
53862.03871498534	750	24.915757785030152	0.0	400322	3224.685086767293	0.75	0.75
53867.17232745201	1200	23.782145318363202	0.0	584349	5133.6124666669475	0.75	0.75
53874.067168594134	1200	20.88730417624027	0.0	670129	6894.841142122933	0.75	1.2
53880.79819029004	1200	18.15628248033253	0.0	690253	6731.021695907745	0.75	1.2
53886.19620661492	1200	16.75826615545508	0.0	598727	5398.016324877446	0.75	1.2
53889.79891652907	1200	17.155556241299784	0.0	487812	3602.709914155294	0.75	1.2
53894.7832819125	1200	16.17119085786741	0.0	575591	4984.365383432378	0.75	1.2
53899.26891791807	1200	15.685554852306026	0.0	605884	4485.636005561382	0.75	1.2
53904.084916035674	1200	14.869556734693292	0.0	587506	4815.998117612733	0.75	1.2
53908.43810918796	1200	14.516363582404558	0.0	566904	4353.193152288735	0.75	1.2
53912.10298424423	1200	14.85148852614043	0.0	641452	3664.875056264128	0.75	1.2
53915.73470441279	1200	15.21976835758229	0.0	599477	3631.7201685581413	0.75	1.2
53920.19251198029	1200	14.761960790082945	0.0	634861	4457.807567499343	0.75	1.2
53925.116973779805	1200	13.837498990564896	0.0	630203	4924.461799518049	0.75	1.2
53930.246226209725	1200	12.70824656064692	0.0	638661	5129.252429917976	0.75	1.2
53937.13905572653	1850	9.815417043836696	0.0	830730	6892.829516810223	0.75	1.2000000000000002
53959.31995909281	2850	4.0	12.365486322436027	1364537	22180.903366272723	0.75	-51.32159118647491
53965.134300304504	750	4.0	1.8143412116930195	450283	5814.341211693019	0.75	-7.051667210279984
53970.23863182973	300	4.0	1.1043315252292087	155580	5104.331525229209	0.75	-4.898625558485597
53974.09449960146	300	4.144132228267098	0.0	139857	3855.8677717329033	0.75	0.3
53977.98505879823	300	4.253573031493928	0.0	155432	3890.55919677317	0.75	0.3
53981.13506039276	300	5.103571436967346	0.0	163442	3150.0015945265814	0.75	0.3
53983.81970330912	300	6.418928520610741	0.0	126289	2684.642916356604	0.75	0.3
53990.70482089469	300	4.0	0.46618906495749163	153295	6885.117585568233	0.75	-1.7046129793172138
53994.69071492561	300	4.014105969079696	0.0	173849	3985.8940309203035	0.75	0.3
53998.705586878255	300	4.0	0.0007659835646913962	150710	4014.871952644388	0.75	0.296706270671827
54004.27098423354	300	4.0	1.5653973552817306	139105	5565.397355281731	0.75	-6.431208627711442
54011.650253396685	300	4.0	3.379269163148785	141840	7379.269163148785	0.75	-14.230857401539774
54018.86526567322	300	4.0	3.215012276541328	156148	7215.012276541328	0.75	-13.524552789127709
54026.94924708842	300	4.0	4.083981415207194	160746	8083.981415207194	0.75	-17.26112008539093
54030.45954387619	300	4.489703212230894	0.0	179801	3510.2967877691062	0.75	0.3
54032.60697253895	300	6.342274549465561	0.0	140051	2147.4286627653323	0.75	0.3
54034.09380469921	300	8.855442389211516	0.0	138313	1486.832160254046	0.75	0.3
54035.537995208266	300	11.411251880162384	0.0	143509	1444.190509049132	0.75	0.3
54038.51242230954	300	12.436824778885114	0.0	150616	2974.4271012772706	0.75	0.3
54041.75623805626	300	13.193009032167868	0.0	165384	3243.815746717246	0.75	0.3
54043.09570367031	300	15.853543418115063	0.0	140881	1339.465614052805	0.75	0.3
54044.25271738681	300	18.69652970161557	0.0	157671	1157.0137164994912	0.75	0.3
54045.32946189741	300	21.6197851910128	0.0	157812	1076.744510602774	0.75	0.3
54049.0627179159	750	21.88652917252654	0.0	401853	3733.2560184862555	0.75	0.3
54052.06766648952	750	22.881580598904797	0.0	343800	3004.9485736217434	0.75	0.75
54055.38147521134	750	23.56777187708892	0.0	359903	3313.8087218158785	0.75	0.75
54058.133758504366	750	24.815488584054176	0.0	379700	2752.2832930347417	0.7	0.75
54072.158339922506	1200	14.790907165920546	0.0	696376	14024.58141813363	0.7	0.75
54081.8678178148	1200	9.08142927362422	0.0	487160	9709.477892296325	0.7	1.2
54086.48793939568	750	8.461307692737664	0.0	400396	4620.121580886557	0.7	0.3
54090.54693020318	750	8.402316885244192	0.0	400508	4058.990807493471	0.7	0.75
54095.98426004532	750	6.96498704309846	0.0	358218	5437.329842145732	0.7	0.75
54097.02275257794	300	9.926494510477985	0.0	157488	1038.492532620475	0.7	-0.15000000000000002
54098.065070930956	300	12.88417615746064	0.0	143881	1042.3183530173446	0.7	0.3
54099.337521558446	300	15.611725529967364	0.0	163444	1272.450627493278	0.7	0.3
54100.48725227225	300	18.461994816165653	0.0	179328	1149.73071380171	0.7	0.3
54102.77931977986	750	20.16992730855256	0.0	365161	2292.067507613094	0.7	0.3
54105.010404296176	750	21.93884279223831	0.0	321064	2231.0845163142485	0.7	0.75
54109.59241827827	1200	21.356828810143835	0.0	575591	4582.013982094479	0.7	0.75
54117.09269194301	1200	17.856555145400357	0.0	605884	7500.273664743477	0.7	1.2
54120.62184367812	1200	18.327403410293677	0.0	587506	3529.151735106678	0.7	1.2
54123.46383962164	1200	19.485407466771708	0.0	566904	2841.9959435219716	0.7	1.2
54127.69692470773	1200	19.2523223806904	0.0	641452	4233.085086081304	0.7	1.2
54131.653865806176	1200	19.29538128224125	0.0	599477	3956.9410984491496	0.7	1.2
54136.066440269045	1200	18.882806819375936	0.0	634861	4412.574462865315	0.7	1.2
54139.98518963087	1200	18.964057457553725	0.0	630203	3918.74936182221	0.7	1.2
54146.31434755597	1850	16.6348995324487	0.0	982064	6329.157925105023	0.7	1.2000000000000002
54161.45573155576	1850	5.493515532661266	0.0	830730	15141.383999787435	0.7	1.85
54170.01975401961	1200	4.0	3.0705069311891275	550906	8564.022463850393	0.7	-12.653179804113249
54174.673260036536	750	4.0	0.6535060169231001	450283	4653.5060169231	0.7	-2.06007587276933
54176.05610219795	300	6.617157838582732	0.0	155580	1382.8421614172682	0.7	-0.15000000000000002
54176.95645128501	300	9.716808751521468	0.0	139857	900.3490870612629	0.7	0.3
54177.92980902477	300	12.743451011770924	0.0	155432	973.3577397505444	0.7	0.3
54181.162290694665	750	13.510969341879186	0.0	411561	3232.4816698917384	0.7	0.3
54183.895021926735	750	14.77823810980493	0.0	318564	2732.731232074255	0.7	0.75
54187.31456580951	750	15.358694227035404	0.0	352642	3419.5438827695275	0.7	0.75
54192.62944922903	750	14.043810807516737	0.0	437162	5314.8834195186655	0.7	0.75
54198.54179923398	750	12.131460802568307	0.0	374758	5912.350004948428	0.7	0.75
54202.89924681095	750	11.774013225596512	0.0	362795	4357.447576971796	0.7	0.75
54206.661046095476	750	12.012213941070078	0.0	353220	3761.799284526434	0.7	0.75
54210.86783348798	750	11.805426548562831	0.0	405134	4206.787392507246	0.7	0.75
54215.72432124079	750	10.9489387957505	0.0	386351	4856.487752812331	0.7	0.75
54219.77044549753	750	10.902814539006656	0.0	434409	4046.124256743846	0.7	0.75
54222.792599605214	750	11.880660431325364	0.0	337059	3022.1541076812928	0.7	0.75
54225.83264209031	750	12.84061794622892	0.0	366214	3040.0424850964455	0.7	0.75
54229.15232856256	750	13.520931473980784	0.0	360831	3319.6864722481328	0.7	0.75
54232.291844827574	750	14.381415208960632	0.0	372963	3139.5162650201537	0.7	0.75
54236.49969407749	750	14.173565959057141	0.0	405596	4207.849249903492	0.7	0.75
54241.059446388994	750	13.613813647541852	0.0	350713	4559.752311515289	0.7	0.75
54245.34224465754	750	13.331015379000323	0.0	386472	4282.798268541528	0.7	0.75
54251.76910893073	750	10.904151105799956	0.0	399894	6426.864273200368	0.7	0.75
54259.108546418036	750	7.564713618503317	0.0	401853	7339.437487296639	0.7	0.75
54263.441157989226	750	7.23210204731228	0.0	343800	4332.611571191037	0.7	0.75
54267.10402766613	750	7.569232370406076	0.0	359903	3662.869676906203	0.7	0.75
54268.818368369946	300	9.854891666593867	0.0	153938	1714.3407038122089	0.7	-0.15000000000000002
54270.63620353449	300	12.037056502056851	0.0	181901	1817.8351645370165	0.7	0.3
54271.74281732612	300	14.930442710418026	0.0	111155	1106.6137916388227	0.7	0.3
54273.27780848875	300	17.395451547793463	0.0	153605	1534.9911626245637	0.7	0.3
54275.14713453632	300	19.52612550022053	0.0	149029	1869.3260475729348	0.7	0.3
54278.89147122716	750	19.781788809374287	0.0	358218	3744.336690846241	0.7	0.3
54282.760306667864	750	19.91295336867309	0.0	400322	3868.835440701197	0.7	0.75
54285.84388893775	750	20.82937109878863	0.0	369834	3083.582269884461	0.7	0.75
54288.911886614354	750	21.761373422182288	0.0	412837	3067.997676606341	0.7	0.75
54291.90166265954	750	22.77159737699069	0.0	401088	2989.776045191596	0.7	0.75
54296.555134655035	1200	22.118125381496174	0.0	598727	4653.4719954945185	0.7	0.75
54301.72237972594	1200	20.95088031058858	0.0	487812	5167.245070907592	0.7	1.2
54307.36204976874	1200	19.311210267787175	0.0	575591	5639.670042801406	0.7	1.2
54311.68828806485	1200	18.984971971684107	0.0	605884	4326.238296103067	0.7	1.2
54319.491386576075	1200	15.181873460452401	0.0	587506	7803.098511231705	0.7	1.2
54324.40211326292	1200	14.271146773610978	0.0	566904	4910.726686841425	0.7	1.2
54330.648895718536	1200	12.02436431799268	0.0	641452	6246.782455618298	0.7	1.2
54335.11377273063	1200	11.559487305907027	0.0	599477	4464.8770120856525	0.7	1.2
54339.66946475498	1200	11.003795281551705	0.0	634861	4555.69202435532	0.7	1.2
54347.22232379995	1200	7.450936236586002	0.0	630203	7552.859044965704	0.7	1.2
54354.437245906745	1200	4.236014129788666	0.0	638661	7214.922106797336	0.7	1.2
54358.335434468725	750	4.337825567813768	0.0	331053	3898.1885619748973	0.7	0.3
54364.05935564422	750	4.0	1.3860956076815165	314107	5723.921175495285	0.7	-5.210211113030521
54369.42062577245	750	4.0	1.3612701282381532	450283	5361.270128238153	0.7	-5.103461551424059
54371.69672933066	300	5.723896441795022	0.0	155580	2276.103558204978	0.7	-0.15000000000000002
54373.41425819777	300	8.006367574683663	0.0	139857	1717.5288671113592	0.7	0.3
54375.0555922003	300	10.365033572158838	0.0	155432	1641.334002524824	0.7	0.3
54376.509800184176	300	12.910825588279206	0.0	163442	1454.2079838796333	0.7	0.3
54377.889631692335	300	15.530994080119555	0.0	126289	1379.8315081596495	0.7	0.3
54379.72114643111	300	17.699479341340222	0.0	153295	1831.5147387793318	0.7	0.3
54382.23564480768	300	19.184980964772215	0.0	173849	2514.498376568007	0.7	0.3
54386.39314050826	750	19.02748526418802	0.0	374758	4157.495700584195	0.7	0.3
54390.8125567927	750	18.608068979756617	0.0	362795	4419.416284431407	0.7	0.75
54393.87807344642	750	19.542552326029586	0.0	353220	3065.5166537270306	0.7	0.75
54397.65166631984	750	19.768959452613554	0.0	405134	3773.592873416028	0.7	0.75
54402.30078204523	750	19.119843727222097	0.0	386351	4649.115725391458	0.7	0.75
54407.81178872585	750	17.608837046605164	0.0	434409	5511.006680616935	0.7	0.75
54411.87500313752	750	17.545622634933135	0.0	337059	4063.2144116720324	0.7	0.75
54415.45317563113	750	17.967450141309083	0.0	366214	3578.1724936240485	0.7	0.75
54419.436475603936	750	17.98415016851012	0.0	360831	3983.2999727989672	0.7	0.75
54423.09811157383	750	18.32251419862146	0.0	372963	3661.6359698886604	0.7	0.75
54426.35567755666	750	19.064948215789258	0.0	405596	3257.5659828322	0.7	0.75
54430.18126365598	750	19.23936211647832	0.0	350713	3825.58609931094	0.7	0.75
54434.58408228811	750	18.836543484346723	0.0	386472	4402.818632131593	0.7	0.75
54440.52254628563	750	16.898079486829346	0.0	399894	5938.4639975173795	0.7	0.75
54444.565867874546	750	16.854757897907977	0.0	401853	4043.3215889213698	0.7	0.75
54449.30150205463	750	16.11912371782294	0.0	343800	4735.634180085037	0.7	0.75
54455.011769098106	750	14.4088566743488	0.0	359903	5710.267043474141	0.7	0.75
54460.279315864114	750	13.141309908334144	0.0	379700	5267.546766014654	0.7	0.75
54464.85678761213	750	12.56383816032085	0.0	425781	4577.471748013293	0.7	0.75
54467.27238350986	750	14.148242262597329	0.0	277716	2415.5958977235227	0.7	0.75
54470.660676452826	750	14.75994931963301	0.0	400396	3388.2929429643173	0.7	0.75
54474.31644293532	750	15.104182837134731	0.0	400508	3655.76648249828	0.7	0.75
54477.86298303006	750	15.557642742386395	0.0	358218	3546.540094748336	0.7	0.75
54482.760836314985	750	14.659789457472012	0.0	400322	4897.853284914383	0.7	0.75
54488.8523326548	750	12.568293117654136	0.0	369834	6091.496339817878	0.7	0.75
54493.68215398066	750	11.738471791790044	0.0	412837	4829.821325864092	0.7	0.75
54498.22634298242	750	11.194282790032206	0.0	401088	4544.189001757837	0.7	0.75
54502.822239733185	750	10.598386039274398	0.0	365161	4595.896750757806	0.7	0.75
54505.780361389676	750	11.640264382780083	0.0	321064	2958.1216564943156	0.7	0.75
54508.38915277572	750	13.031472996731289	0.0	361565	2608.7913860487956	0.7	0.75
54511.768140308435	750	13.652485464016756	0.0	378327	3378.987532714533	0.7	0.75
54515.35647773061	750	14.0641480418421	0.0	390680	3588.3374221746544	0.7	0.75
54518.592017653136	750	14.828608119315746	0.0	345516	3235.539922526355	0.7	0.75
54521.131833404164	750	16.288792368294573	0.0	384505	2539.815751021173	0.7	0.75
54524.32927985886	750	17.091345913594715	0.0	372093	3197.4464546998574	0.7	0.75
54527.067816949515	750	18.352808822938204	0.0	438281	2738.537090656509	0.7	0.75
54530.28989045101	1200	19.130735321450782	0.0	630203	3222.0735014874226	0.7	0.75

