9271.696357251323	750	4.0	2.0479839975854306	450283	2047.9839975854306	-8.056331189617351
9273.167857021783	300	6.528500229541013	0.0	155580	1471.4997704589869	-0.15000000000000002
9274.122804423301	300	9.573552828023326	0.0	139857	954.9474015176854	0.3
9274.974234265348	300	12.722122985976654	0.0	155432	851.4298420466723	0.3
9275.646706498974	300	16.049650752351173	0.0	163442	672.472233625481	0.3
9276.162313284589	300	19.53404396673517	0.0	126289	515.6067856160034	0.3
9276.885271132325	300	22.811086118998016	0.0	153295	722.9578477371493	0.3
9277.619571519946	300	26.076785731377484	0.0	173849	734.300387620533	0.3
9278.134769975522	300	29.56158727580185	0.0	150710	515.1984555756353	0.3
9278.612964470312	300	33.0833927810132	0.0	139105	478.19449478864806	0.3
9279.50441261569	750	36.19194463563476	0.0	353220	891.4481453784357	0.3
9280.790730264534	750	38.90562698678988	0.0	405134	1286.3176488448821	0.75
9282.246595055718	750	41.44976219560792	0.0	386351	1455.8647911819621	0.75
9283.711346340133	750	43.98501091119249	0.0	434409	1464.7512844154237	0.75
9285.63530143712	1200	46.061055814207	0.0	526950	1923.9550969854913	0.75
9287.874185702609	1200	47.822171548717115	0.0	587876	2238.8842654898813	1.2
9289.486698627914	1200	50.20965862341279	0.0	617242	1612.512925304327	1.2
9291.163219185468	1200	52.5331380658584	0.0	581493	1676.5205575543898	1.2
9293.01528775859	1200	54.68106949273661	0.0	639204	1852.0685731217868	1.2
9294.510324457877	1200	57.186032793448774	0.0	586839	1495.0366992878407	1.2
9296.246457078432	1200	59.44990017289203	0.0	601738	1736.132620556744	1.2
9298.361509462162	1200	59.87541589337412	0.0	616206	1574.4842795179075	1.2
9301.947171385387	1850	59.85386898386709	0.0	968026	2521.546909507027	1.2000000000000002
9305.64036681991	1850	59.84932877346584	0.0	874175	3004.5402104012433	1.85
9308.858438992804	1850	59.75362029907837	0.0	897976	2595.708474387476	1.85
9312.231858970328	1850	59.57909215957011	0.0	905935	2674.5281395082625	1.85
9315.161131300076	1850	59.80440191370415	0.0	1076599	2774.6902458659633	1.85
9317.662344800314	1850	59.580586205524845	0.0	758197	2223.815708179303	1.85
9321.288367394407	1850	59.95456361143255	0.0	972798	3626.022594092298	1.85
9325.478177297497	1850	59.61586885296386	0.0	975811	3338.694758468683	1.85
9328.686727593293	1850	59.852651277375756	0.0	873429	2763.2175755881003	1.85
9332.678769027883	1850	59.86060984278621	0.0	954453	3992.041434589551	1.85
9335.628289924947	1850	59.995036471653385	0.0	885062	2865.573371132822	1.85
9339.00314146088	1850	59.71958446665248	0.0	1035329	3275.4520050009055	1.85
9342.985869843484	1850	59.64742004081723	0.0	1026056	3072.1644258352458	1.85
9345.95425596537	1850	59.699008958258815	0.0	943942	2448.411082558411	1.85
9349.4115728018	1850	59.934838059705974	0.0	728962	2264.170898552843	1.85
9352.234975553754	1850	59.64020965266891	0.0	938587	2794.6284070370652	1.85
9355.551405352026	1850	59.925881925991135	0.0	908665	2714.327726677773	1.85
9358.970127346076	1850	59.69807196476418	0.0	930577	2727.8099612269543	1.85
9362.938262005207	1850	59.7039606516084	0.0	858450	3494.1113131557863	1.85
9366.19833826995	1850	59.66093419222635	0.0	1025005	3043.0264593820484	1.85
9369.158905668079	1850	59.9191753958427	0.0	886255	2241.758796383647	1.85
9372.958547364287	1850	59.54425884861019	0.0	973972	2874.916547232508	1.85
9376.072734096944	1850	59.82952805676953	0.0	958994	2714.7307918406577	1.85
9380.05383097575	2850	59.8484311779639	0.0	1483527	3981.09687880563	1.85
9387.256457907475	4300	56.64580424623809	0.0	1961140	7202.626931725809	2.8499999999999996
9395.324986170268	4300	52.57727598344604	0.0	2155012	8068.52826279205	4.3
9397.056022946812	750	54.84623920690192	0.0	450283	1731.0367765441254	0.75
9398.597843279245	750	57.30441887446743	0.0	398865	1541.8203324344836	0.75
9400.690880765727	1200	59.211381387986094	0.0	571051	2093.0374864813366	0.75
9403.6995206366	1200	59.95536275734887	0.0	617681	2256.01863063723	1.2
9406.88529207392	1200	59.55978765880779	0.0	652874	2395.575098541075	1.2
9408.53801067104	1200	59.81652652963586	0.0	520315	1243.2611291719384	1.2
9410.294415245919	1200	59.518552976171414	0.0	561791	1297.9735534644433	1.2
9413.482313850747	1200	59.60931918446378	0.0	709534	1909.233791707637	1.2
9415.221190829165	1200	59.735213101815255	0.0	584846	1374.106082648521	1.2
9418.532545514	1850	59.91092120728373	0.0	913888	2324.2918945315314	1.2000000000000002
9420.890344223517	1850	59.63655324767634	0.0	939819	2274.3679596073866	1.85
9423.467716259096	1850	59.584582604840634	0.0	917428	2551.9706428357076	1.85
9427.046359663149	1850	59.509461599185876	0.0	946851	2575.121005654755	1.85
9430.143046872787	1850	59.58087919356613	0.0	1036454	2428.5824056197407	1.85
9432.912852839081	1850	59.92502861242932	0.0	821631	2655.8505811368123	1.85
9436.433087211932	1850	59.89238911858172	0.0	923170	2532.639493847598	1.85
9439.754194470319	1850	59.910632928890244	0.0	966699	2481.7561896914785	1.85
9442.123938310708	1850	59.68593654304311	0.0	885714	2224.696385847127	1.85
9445.399114467684	1850	59.78437219182582	0.0	987708	2401.5643512172956	1.85
9448.260056741066	1850	59.95670695801538	0.0	923755	2827.6652338104327	1.85
9451.98247717702	1850	59.511635259823336	0.0	891604	3445.0716981920496	1.85
9455.189370904014	1850	59.74786276520749	0.0	955231	2263.7724946158414	1.85
9458.929824182844	1850	59.517696741981936	0.0	968026	2730.166023225562	1.85
9462.55397718305	1850	59.79226386968121	0.0	874175	3225.43287230073	1.85
9465.33637273516	1200	59.80492615757697	0.0	587236	2487.3377121042386	0.5499999999999999
9468.320394996046	1200	59.849943947139025	0.0	590335	1954.9822104379484	1.2
9471.470099866076	1200	59.92561153734804	0.0	696376	2424.3324097909795	1.2
9474.207540489006	1200	59.61957745600176	0.0	487160	1806.034081346282	1.2
9476.550355366542	1200	59.85387328802459	0.0	622896	1765.7041679771728	1.2
9479.250652890398	1200	59.685779880877284	0.0	641447	2168.0934071473052	1.2
9481.581512223553	1200	59.737452272652796	0.0	570392	1948.3276082244897	1.2
9483.440573704862	1200	59.69918739446538	0.0	620283	1538.2648781874116	1.2
9485.172685852673	1200	59.69752962211984	0.0	584349	1501.6577723455496	1.2
9487.735724550232	1200	59.727737461073005	0.0	670129	2469.7921610468297	1.2
9489.896355069604	1200	59.648045469643684	0.0	690253	2079.691991429318	1.2
9492.128671567112	1200	59.63285648485961	0.0	598727	1515.1889847840814	1.2
9493.585969466236	1200	59.52777129166084	0.0	487812	1105.0851931987665	1.2
9494.750588082425	1200	59.506568336528346	0.0	575591	1021.202955132499	1.2
9498.959080073777	1850	59.29807634517686	0.0	908665	4208.4919913514905	1.2000000000000002
9502.660058222024	1850	59.59709819693143	0.0	930577	3200.978148245432	1.85
9504.934027913549	1850	59.69505625149669	0.0	858450	1902.0419454347339	1.85
9508.818381142626	1850	59.81070302241847	0.0	1025005	3384.353229078215	1.85
9511.935865886668	1850	59.68210113798122	0.0	886255	2628.6018844372534	1.85
9515.0293921511	1850	59.58077943556693	0.0	973972	2601.3217024142873	1.85
9518.118403528822	1850	59.707876027715216	0.0	958994	2872.903407851717	1.85
9522.21542792589	2850	59.61085163064675	0.0	1483527	4097.02439706847	1.85
9527.646305518612	4300	58.17997403792397	0.0	1961140	5430.87759272278	2.8499999999999996
9534.84730805675	4300	54.97897149978625	0.0	2155012	7201.002538137722	4.3
9536.772878857022	750	57.05340069951362	0.0	450283	1925.5708002726308	0.75
9538.893582723447	750	58.932696833087064	0.0	398865	2120.7038664265524	0.75
9541.945247401934	1200	59.881032154600135	0.0	571051	3051.6646784869326	0.75
9546.21374132268	1200	59.61253823385462	0.0	617681	4268.493920745516	1.2
9549.27777961344	1200	59.991241970340624	0.0	652874	2121.2962635139925	1.2
9552.594383601832	1200	59.65481098976592	0.0	520315	2336.430980574705	1.2
9557.296835618217	1200	58.95235897338194	0.0	561791	4702.452016383981	1.2
9564.738154539114	1200	55.51104005248527	0.0	709534	7441.318920896666	1.2
9567.240235860432	1200	57.00895873116835	0.0	584846	2502.0813213169217	1.2
9568.969953687312	750	59.27924090428821	0.0	362795	1729.7178268801417	0.3
9571.370039319074	750	59.942069635056534	0.0	353220	1837.1712692316703	0.75
9577.317111348748	750	57.99499760538283	0.0	405134	5947.072029673705	0.75
9580.976131407315	750	58.33597754681526	0.0	386351	3659.0200585675675	0.75
9588.647056896903	750	54.66505205722735	0.0	434409	7670.925489587902	0.75
9597.629661633866	750	49.682447320264444	0.0	337059	8982.604736962907	0.75
9600.615775576027	300	50.69633337810289	0.0	138313	2986.1139421615553	-0.15000000000000002
9602.112592066973	300	53.199516887156975	0.0	143509	1496.8164909459142	0.3
9603.825629817706	300	55.48647913642513	0.0	150616	1713.037750731848	0.3
9606.035100611858	300	57.27700834227266	0.0	165384	2209.470794152465	0.3
9608.728961411067	300	58.58314754306487	0.0	140881	2693.8607992077914	0.3
9613.469678834857	300	57.84243011927415	0.0	157671	4740.717423790721	0.3
9617.298423604867	300	58.01368534926476	0.0	157812	3828.744770009382	0.3
9621.247009277551	300	58.065099676580395	0.0	163927	3948.585672684367	0.3
9623.792241969852	300	59.51986698427876	0.0	137654	2045.2326923016387	0.3
9625.055024601743	300	59.898534174986665	0.0	146754	1121.3328092920917	0.3
9627.18234231069	300	59.58560023181134	0.0	153938	1812.9339431753272	0.3
9631.975373903813	300	58.792568638689204	0.0	181901	4793.031593122133	0.3
9639.075912570155	300	55.692029972348095	0.0	111155	7100.538666341114	0.3
9642.15924492175	300	56.60869762075349	0.0	153605	3083.3323515946	0.3
9645.6283787333	300	57.139563809203175	0.0	149029	3469.1338115503195	0.3
9650.91990208158	300	55.848040460923116	0.0	157421	5291.523348280057	0.3
9657.888642810447	300	52.87929973205439	0.0	157488	6968.740728868721	0.3
9660.145717645342	300	54.62222489715967	0.0	143881	2257.0748348947204	0.3
9667.453762782206	300	51.31417976029354	0.0	163444	7308.045136866127	0.3
9673.560816303756	300	49.20712623874383	0.0	179328	6107.053521549711	0.3
9676.53544199766	300	50.232500544841244	0.0	159914	2974.6256939025925	0.3
9679.923909936708	300	50.84403260579192	0.0	131610	3388.467939049329	0.3
9683.038471677082	300	51.729470865417575	0.0	124011	3114.561740374336	0.3
9686.25619397796	300	52.511748564537555	0.0	144254	3217.7223008800183	0.3
9689.84406161431	300	52.92388092818893	0.0	149991	3587.867636348632	0.3
9693.54862261246	300	53.21931993003962	0.0	147968	3704.560998149309	0.3
9697.98701494664	300	52.780927595857946	0.0	161857	4438.39233418167	0.3
9699.023162862519	300	55.74477967998091	0.0	145210	1036.1479158770376	0.3
9700.20185812246	300	58.566084420038884	0.0	172312	1178.6952599420233	0.3
9701.703462301886	300	59.71573211909968	0.0	167025	850.3523009392086	0.3
9704.869797393461	300	59.62769051255397	0.0	160064	2588.0416065457025	0.3
9715.752918523558	750	52.744569382457904	0.0	331053	10883.121130096064	0.3
9721.206392624268	1850	51.291095281748014	0.0	846370	5453.474100709895	0.75
9723.353850340583	750	53.14363756543245	0.0	450283	2147.4577163155614	0.75
9724.157241559911	300	56.34024634610572	0.0	155580	803.3912193267332	-0.15000000000000002
9724.703575047137	300	59.79391285887917	0.0	139857	546.333487226555	0.3
9725.843161660454	300	59.67015512157383	0.0	155432	623.7577373053333	0.3
9727.66920505821	750	59.9655478607015	0.0	411561	1704.607260872331	0.3
9729.315553440581	750	59.9030917379573	0.0	318564	1562.4561227441925	0.75
9732.526520437263	750	59.96905436943118	0.0	352642	2434.037368526124	0.75
9735.822796908806	750	59.619380947737156	0.0	437162	2349.6734216940226	0.75
9738.351354160404	750	59.518403846862306	0.0	374758	1600.977100874851	0.75
9757.248035349236	750	44.621722658030734	0.0	362795	18896.68118883157	0.75
9763.869032602694	300	42.00072540457174	0.0	141840	6620.997253458988	-0.15000000000000002
9765.079226028562	300	44.790531978704124	0.0	156148	1210.1934258676179	0.3
9766.238372617452	300	47.63138538981425	0.0	160746	1159.1465888898736	0.3
9767.33033217589	300	50.539425831376576	0.0	179801	1091.9595584376748	0.3
9768.25324528143	300	53.61651272583658	0.0	140051	922.9131055399974	0.3
9768.951013303773	300	56.91874470349259	0.0	138313	697.7680223439806	0.3
9770.094476939626	300	59.77528106763932	0.0	143509	643.4636358532716	0.3
9772.966773641967	750	59.954484181442226	0.0	372963	1320.7968861970958	0.3
9779.454326999197	750	57.46693082421095	0.0	405596	6487.553357231277	0.75
9781.09338401654	750	59.82787380686775	0.0	350713	1139.0570173431963	0.75
9783.236067260055	750	59.52758728046846	0.0	386472	1300.286526399289	0.75
9786.035449823918	750	59.66409435709495	0.0	399894	2363.4929233735065	0.75
9789.040446175157	750	59.97004100172119	0.0	401853	2194.053355373761	0.75
9792.051166871148	750	59.75515215165806	0.0	343800	2214.8888500631283	0.75
9804.855669187476	750	50.95064983532908	0.0	359903	12804.502316328979	0.75
9813.576078083886	300	46.230240938920744	0.0	153938	8720.408896408335	-0.15000000000000002
9821.002929981187	300	42.80338904161967	0.0	181901	7426.851897301083	0.3
9821.811944597066	300	45.99437442574198	0.0	111155	809.0146158776847	0.3
9822.622185364027	300	49.184133658780276	0.0	153605	810.2407669617103	0.3
9823.359017452445	300	52.44730157036174	0.0	149029	736.8320884185365	0.3
9824.063719924883	300	55.74259909792331	0.0	157421	704.7024724384219	0.3
9824.740309304008	300	59.06600971879967	0.0	157488	676.5893791236412	0.3
9826.66290104151	750	59.558700989440986	0.0	369834	1507.3087293586846	0.3
9828.630180121861	750	59.69320295333847	0.0	412837	1865.4980361025137	0.75
9831.30960479236	750	59.52688114021391	0.0	401088	1666.321813124558	0.75
9834.196482265057	1200	59.89249383255016	0.0	598727	2634.3873076637515	0.75
9836.670171699241	1200	59.73189419797541	0.0	487812	2160.599634574748	1.2
9839.543917949988	1200	59.89356597240738	0.0	575591	2838.3282255680333	1.2
9843.458351234396	1200	59.97913268799802	0.0	605884	3414.4332844093587	1.2
9849.535385361169	1200	57.902098561225564	0.0	587506	6077.03412677246	1.2
9852.784481900659	750	58.65300202173558	0.0	345516	3249.09653948998	0.3
9856.005527769576	750	59.431956152819005	0.0	384505	3221.0458689165725	0.75
9859.688723455352	750	59.748760467040604	0.0	372093	3683.195685778396	0.75
9865.234676184033	750	58.202807738361216	0.0	438281	5545.952728679386	0.75
9870.618444604674	750	56.819039317719394	0.0	398987	5383.768420641831	0.75
9873.130838411455	750	58.306645510939795	0.0	393804	2512.393806779599	0.75
9877.037735752285	1200	58.39974817010887	0.0	538612	3906.8973408309225	0.75
9888.22777551602	2850	51.209708406372926	0.0	1364537	11190.039763735938	1.2000000000000002
9894.25531825199	750	49.18216567040367	0.0	450283	6027.542735969252	0.75
9898.6285537799	750	48.80893014249382	0.0	398865	4373.23552790985	0.75
9904.618385742591	750	46.81909817980138	0.0	350812	5989.8319626924385	0.75
9905.887823274703	300	49.549660647688675	0.0	155432	1269.4375321127102	-0.15000000000000002
9909.030852330898	300	50.406631591496215	0.0	163442	3143.0290561924553	0.3
9910.783988209474	300	52.65349571291781	0.0	126289	1753.1358785784123	0.3
9913.226864070895	300	54.210619851497306	0.0	153295	2442.875861420496	0.3
9917.477346776941	300	53.96013714545158	0.0	173849	4250.482706045725	0.3
9919.89637402009	300	55.54110990230229	0.0	150710	2419.027243149295	0.3
9922.40869480674	300	57.02878911565314	0.0	139105	2512.320786649148	0.3
9925.963719610007	300	57.47376431238563	0.0	141840	3555.024803267507	0.3
9936.236846549198	300	51.200637373194986	0.0	156148	10273.126939190646	0.3
9940.156001452786	300	51.28148246960834	0.0	160746	3919.154903586641	0.3
9941.226677874338	300	54.21080604805622	0.0	179801	1070.676421552126	0.3
9941.834075428253	300	57.60340849414082	0.0	140051	607.3975539154007	0.3
9943.460433897731	300	59.97705002466178	0.0	138313	626.3584694790435	0.3
9944.950577090312	300	59.79794541483345	0.0	143509	679.104609828335	0.3
9946.242363648884	300	59.998571426923284	0.0	150616	799.3739879101652	0.3
9948.504404178135	750	59.571757447628904	0.0	405596	1426.813979294384	0.3
9950.027966611699	750	59.91958950582498	0.0	350713	1152.1679418039196	0.75
9951.635639571408	750	59.74645027184968	0.0	386472	1173.1392339752965	0.75
9953.958078346814	1200	59.60749774701462	0.0	616206	2138.952524835064	0.75
9956.857357987295	1200	59.698601052058194	0.0	656471	1908.8966949564276	1.2
9958.566142521575	1200	59.535400257682234	0.0	536667	1663.2007943759572	1.2
9960.99799126774	1200	59.54726775455171	0.0	587236	1488.1325031305141	1.2
9963.40109509505	1200	59.52207396241263	0.0	590335	1525.1937921390845	1.2
9965.730600927505	1200	59.55177606377263	0.0	696376	1970.297898639998	1.2
9967.641148576919	1200	59.96010620597237	0.0	487160	1091.6698578002615	1.2
9970.339818198956	1850	59.8062102907595	0.0	972798	2153.8959152128696	1.2000000000000002
9973.763740563221	1850	59.5611359620404	0.0	975811	2745.0743287191026	1.85
9975.875105463885	1850	59.97037752948139	0.0	873429	2090.7584325590115	1.85
9977.999019434576	1850	59.60972377818794	0.0	954453	1860.653751293446	1.85
9981.30801329464	1850	59.78685695785476	0.0	885062	2322.8668203331863	1.85
9984.344426536365	1850	59.95471385685677	0.0	1035329	2332.14310099799	1.85
9987.587239683107	1850	59.86044235385026	0.0	1026056	2594.2715030065115	1.85
9990.56598969233	1850	59.89583817110571	0.0	943942	2464.6041827445492	1.85
9992.796773201278	1850	59.94801932987123	0.0	728962	1947.8188412344768	1.85
9995.573710528326	1850	59.56603300020557	0.0	938587	2381.9863296656595	1.85
9999.467680013793	1850	59.67206351473875	0.0	908665	3893.9694854668187	1.85
10003.090417698228	1850	59.620654913945245	0.0	930577	3051.4086007935007	1.85
10006.281836234648	1850	59.72061018755468	0.0	858450	2900.0447263905694	1.85
10010.184716603988	1850	59.81772981821325	0.0	1025005	3902.8803693414284	1.85
10014.105470435868	1850	59.8969759863332	0.0	886255	3420.753831880047	1.85
10018.20255410591	1850	59.799892316292336	0.0	973972	4097.08367004086	1.85
10021.934983903817	1850	59.80872325798591	0.0	958994	2991.1690583064237	1.85
10025.101173132573	1850	59.780759013407696	0.0	982064	2527.964244578217	1.85
10028.578818386788	2850	59.798048878388855	0.0	1231456	2982.710135018841	1.85
10032.494693098924	2850	59.88217416625137	0.0	1364537	3915.874712137488	2.85
10033.772961183293	750	59.84294503973483	0.0	450283	1039.22912651654	0.75
10035.740459688477	1850	59.93271526606874	0.0	957685	1910.2297736660837	0.75
10037.690074472688	1850	59.52254223972183	0.0	877771	1910.1730263469171	1.85
10040.408664519242	1850	59.63796809537692	0.0	933276	1884.5741443449058	1.85
10043.21500274183	1850	59.8408069351866	0.0	996749	2297.161160190323	1.85
10045.513965586651	1850	59.65191404397574	0.0	801058	1688.8928912108597	1.85
10048.008035944003	1850	59.90941384210465	0.0	905515	2242.5002018710975	1.85
10050.649842052875	1850	59.63329586540898	0.0	1060487	2276.1179766956598	1.85
10053.906725220198	2850	59.57969834783623	0.0	1348011	3053.5975175727476	1.85
10057.502883954437	2850	59.93226180559134	0.0	1429765	3147.4365422448923	2.85
10061.1970122854	2850	59.76405873610659	0.0	1354548	3168.203069484749	2.85
10064.931455128972	2850	59.53579994506083	0.0	1519951	3228.2587910457573	2.85
10068.16611500432	2850	59.86656203364923	0.0	1422919	3169.237911411602	2.85
10071.576247171746	2850	59.578206931904155	0.0	1578343	3288.3551017450736	2.85
10074.931840472083	2850	59.917298814576306	0.0	1231445	2660.9081173278482	2.85
10079.124769981197	2850	59.724369305461494	0.0	1471065	3692.9295091148165	2.85
10083.119519043988	2850	59.56530212012927	0.0	1491626	3159.067185332225	2.85
10086.87706937892	2850	59.80775178519633	0.0	1358801	3757.5503349329388	2.85
10090.929928225733	2850	59.75489293838368	0.0	1537156	4052.8588468126463	2.85
10095.02739310279	2850	59.65742806132742	0.0	1336050	4097.464877056254	2.85
10097.148058682398	1850	59.60887323965174	0.0	891604	2048.554821675682	0.8500000000000001
10100.369000782295	1850	59.7149575686708	0.0	955231	2393.9156709809495	1.85
10103.609376512037	1850	59.63378291825765	0.0	968026	2581.174650413145	1.85
10106.366538573082	1850	59.538802427399105	0.0	874175	2094.9804908585465	1.85
10109.552448035569	1850	59.97793848124988	0.0	897976	3060.8639461492276	1.85
10112.51638940435	1850	59.753490555026815	0.0	905935	2724.447926223056	1.85
10116.773124174139	1850	59.49675578523878	0.0	1076599	4256.73476978803	1.85
10119.876102561177	1850	59.55888069789358	0.0	758197	2937.8750873452072	1.85
10122.720236537156	1850	59.66436535974917	0.0	972798	1894.5153381444015	1.85
10126.830655781729	1850	59.55394611517615	0.0	975811	4110.4192445730205	1.85
10130.789402764301	1850	59.59519913260445	0.0	873429	3458.7469825717017	1.85
10138.932349311557	1850	55.45225258534926	0.0	954453	8142.946547255197	1.85
10142.715691936668	1200	55.66890996023736	0.0	584349	3783.342625111896	0.5499999999999999
10149.328469171569	1200	53.05613272533663	0.0	670129	6612.77723490073	1.2
10150.449904731557	1200	55.93469716534771	0.0	690253	1121.4355599889223	1.2
10152.376474402115	1200	58.00812749479038	0.0	598727	1926.5696705573307	1.2
10155.282149637645	1200	59.10245225926044	0.0	487812	2905.675235529939	1.2
10157.67941597744	1200	59.50508495852545	0.0	575591	2097.3673007349844	1.2
10161.304521057662	1200	59.79748193794432	0.0	605884	2707.6030205811317	1.2
10164.411065169388	1200	59.88796091190143	0.0	587506	2409.521026042891	1.2
10167.87101912575	1200	59.96149547656168	0.0	566904	2926.465435339747	1.2
10172.133565148168	1200	59.69894945414474	0.0	641452	3762.5460224169387	1.2
10175.763544350208	1200	59.93197712484575	0.0	599477	3266.972329298986	1.2
10178.85765241377	1200	59.70142652943297	0.0	634861	2730.5505954127825	1.2
10182.602635251535	1200	59.956443691668554	0.0	630203	3244.9828377644258	1.2
10185.423580235516	1200	59.67574135263614	0.0	638661	2780.7023390324166	1.2
10189.770165037222	1850	59.32915655093118	0.0	830730	4346.584801704953	1.2000000000000002
10195.138613529025	2850	57.960708059128336	0.0	1364537	5368.448491802845	1.85
10196.980281716147	750	59.892011934795505	0.0	450283	1568.6961243328299	0.75
10198.557864714567	750	59.93970646698049	0.0	398865	1452.3054678150136	0.75
10201.656195016978	1200	59.8981800810772	0.0	571051	3041.5263859032943	0.75
10204.938109950204	1200	59.72612457271939	0.0	617681	3172.0555083578092	1.2
10208.856885652016	1200	59.80734887090617	0.0	652874	3918.775701813216	1.2
10211.642826837762	1200	59.953695841373936	0.0	520315	2353.6530295322364	1.2
10214.324081551114	1200	59.582712562803785	0.0	561791	1870.9832785701526	1.2

