149429.88634170813	750	4.0	2.7466765770630146	450283	2746.6765770630145	-11.060709281370963
149431.24656459122	300	6.639777116905003	0.0	155580	1360.222883094997	-0.15000000000000002
149432.4170548736	300	9.4692868345546	0.0	139857	1170.4902823504037	0.3
149433.6805920954	300	12.205749612724821	0.0	155432	1263.537221829778	0.3
149434.96589789927	300	14.92044380887056	0.0	163442	1285.3058038542597	0.3
149435.874987038	300	18.011354670147604	0.0	126289	909.0891387229562	0.3
149436.9992673132	300	20.887074394966195	0.0	153295	1124.2802751814093	0.3
149438.22470404027	300	23.661637667895157	0.0	173849	1225.4367270710404	0.3
149439.1872817342	300	26.699059973944586	0.0	150710	962.5776939505691	0.3
149441.9031508826	750	27.98319082553119	0.0	362795	2715.869148413396	0.3
149444.48161734917	750	29.404724358956912	0.0	353220	2578.466466574278	0.75
149447.25932579927	750	30.627015908889216	0.0	405134	2777.708450067694	0.75
149450.0734282831	750	31.812913425062927	0.0	386351	2814.1024838262897	0.75
149455.25022463256	1200	30.636117075608198	0.0	687371	5176.7963494547275	0.75
149459.05243592415	1200	30.833905784031035	0.0	526950	3802.211291577164	1.2
149464.29871325265	1200	29.587628455533647	0.0	587876	5246.277328497386	1.2
149467.0405595758	750	30.84578213237518	0.0	360831	2741.846323158466	0.3
149469.90291015455	750	31.983431553606636	0.0	372963	2862.3505787685476	0.75
149473.56902531857	750	32.31731638959798	0.0	405596	3666.1151640086605	0.75
149477.1705138447	750	32.715827863459765	0.0	350713	3601.4885261382065	0.75
149481.10815444766	750	32.77818726047281	0.0	386472	3937.6406029869527	0.75
149486.35655904684	750	31.529782661317192	0.0	399894	5248.404599155618	0.75
149490.1117106232	750	31.774631084951007	0.0	401853	3755.151576366184	0.75
149492.975749168	750	32.91059254017956	0.0	343800	2864.0385447714543	0.75
149495.71025828936	750	34.17608341878287	0.0	359903	2734.509121396683	0.75
149498.7246832995	750	35.161658408662404	0.0	379700	3014.4250101204684	0.75
149502.6296950343	750	35.25664667384893	0.0	425781	3905.0117348134804	0.75
149504.91365613183	750	36.97268557632109	0.0	277716	2283.9610975278306	0.75
149507.7742791032	750	38.11206260492567	0.0	400396	2860.622971395427	0.75
149510.82878682186	750	39.05755488628803	0.0	400508	3054.5077186376357	0.75
149513.50299363068	750	40.38334807748674	0.0	358218	2674.2068088012943	0.75
149516.57178850073	750	41.314553207450764	0.0	400322	3068.7948700359734	0.75
149519.29970759648	750	42.586634111700896	0.0	369834	2727.9190957498727	0.75
149522.57196713987	750	43.31437456830528	0.0	412837	3272.259543395612	0.75
149525.44221396965	750	44.44412773853141	0.0	401088	2870.2468297738774	0.75
149528.1282322873	750	45.75810942088702	0.0	365161	2686.018317644389	0.75
149531.76420771092	1200	46.122133997257855	0.0	487812	3635.975423629162	0.75
149537.31019594625	1200	44.57614576193691	0.0	575591	5545.988235320949	1.2
149544.0347663091	1200	41.8515753990753	0.0	605884	6724.570362861612	1.2
149549.20671310156	1200	40.679628606630764	0.0	587506	5171.946792444537	1.2
149552.1852063853	750	41.70113532287408	0.0	345516	2978.4932837566903	0.3
149555.4749551847	750	42.41138652349226	0.0	384505	3289.7487993818163	0.75
149558.40619724887	750	43.480144459305635	0.0	372093	2931.242064186625	0.75
149561.79755649364	750	44.08878521454723	0.0	438281	3391.359244758406	0.75
149568.4376128305	1200	41.44872887771173	0.0	630203	6640.056336835501	0.75
149573.7607749663	1200	40.12556674191355	0.0	638661	5323.162135798176	1.2
149584.20515419086	1850	33.68118751734334	0.0	830730	10444.379224570212	1.2000000000000002
149600.1471559725	2850	21.739185735742343	0.0	1364537	15942.001781600995	1.85
149603.9173731131	750	21.968968595126302	0.0	450283	3770.217140616041	0.75
149607.8456245423	750	22.0407171659228	0.0	398865	3928.2514292035	0.75
149610.96317667823	750	22.923165029992674	0.0	350812	3117.5521359301283	0.75
149613.66864033684	750	24.217701371400384	0.0	382355	2705.463658592288	0.75
149617.1546251045	750	24.731716603736636	0.0	411561	3485.9847676637473	0.75
149620.03962383207	750	25.84671787616487	0.0	318564	2884.9987275717635	0.75
149623.27525663137	750	26.6110850768626	0.0	352642	3235.6327993022724	0.75
149628.93696723564	750	24.949374472567932	0.0	437162	5661.71060429467	0.75
149635.8055073586	750	22.080834349613827	0.0	374758	6868.540122954105	0.75
149642.37221055524	750	19.514131152962232	0.0	362795	6566.703196651594	0.75
149644.49832127994	300	21.388020428281774	0.0	141840	2126.110724680462	-0.15000000000000002
149646.73391372175	300	23.1524279864767	0.0	156148	2235.592441805075	0.3
149648.65451488472	300	25.231826823508406	0.0	160746	1920.6011629682903	0.3
149651.7660400458	300	26.120301662418726	0.0	179801	3111.52516108968	0.3
149653.54654372836	300	28.339797979851788	0.0	140051	1780.5036825669376	0.3
149655.43488610358	300	30.451455604626965	0.0	138313	1888.342375224822	0.3
149657.26463023078	300	32.62171147741158	0.0	143509	1829.7441272153799	0.3
149659.0860707935	300	34.80027091469281	0.0	150616	1821.4405627187732	0.3
149661.19095516583	300	36.69538654237196	0.0	165384	2104.8843723208465	0.3
149662.67700267717	300	39.20933903102581	0.0	140881	1486.0475113461512	0.3
149664.46771619518	300	41.41862551299551	0.0	157671	1790.7135180303019	0.3
149666.3856668111	300	43.50067489707807	0.0	157812	1917.9506159174412	0.3
149668.75256488813	300	45.13377682005686	0.0	163927	2366.898077021209	0.3
149671.4299370185	300	46.45640468969208	0.0	137654	2677.3721303647844	0.3
149673.48716933676	300	48.39917237140159	0.0	146754	2057.2323182904884	0.3
149676.09135144492	300	49.79499026324809	0.0	153938	2604.1821081535045	0.3
149679.19104789	300	50.695293818159186	0.0	181901	3099.696445088898	0.3
149681.21134609648	300	52.67499561168651	0.0	111155	2020.298206472677	0.3
149683.9085923662	300	53.97774934196477	0.0	153605	2697.2462697217516	0.3
149686.79646232966	300	55.08987937853513	0.0	149029	2887.8699634296327	0.3
149689.20881271042	300	56.67752899776768	0.0	157421	2412.350380767453	0.3
149691.29060517545	300	58.59573653274362	0.0	157488	2081.792465024063	0.3
149693.90240287388	300	59.73830770570169	0.0	143881	2357.428827041929	0.3
149697.1824789336	300	59.630454111530035	0.0	163444	3107.8535941716536	0.3
149703.0374457389	300	57.77548730620826	0.0	179328	5854.9668053217765	0.3
149706.46433672094	300	58.34859632418979	0.0	159914	3426.890982018474	0.3
149709.48255415203	300	59.33037889313254	0.0	131610	3018.2174310572514	0.3
149713.15078813134	300	59.662144913789334	0.0	124011	3668.233979343207	0.3
149717.24103661132	300	59.57189643382977	0.0	144254	3590.2484799595622	0.3
149719.65428506074	300	59.51566228074622	0.0	149991	2056.2341530835547	0.3
149722.55184195144	300	59.67089098356717	0.0	147968	2844.771297179057	0.3
149726.0939352931	300	59.52573710949046	0.0	161857	2645.1538740767073	0.3
149729.32565535096	300	59.983346814340585	0.0	145210	3042.3902951498762	0.3
149733.04716280464	300	59.62775796886359	0.0	172312	3355.5888454769924	0.3
149741.61929404928	750	55.05562672424013	0.0	398987	8572.13124462346	0.3
149746.48866839748	750	54.18625237600633	0.0	393804	4869.374348233801	0.75
149751.49284664428	1200	53.18207412920888	0.0	538612	5004.178246797448	0.75
149794.8055009903	2850	13.869419783190889	0.0	1364537	43312.65434601799	1.2000000000000002
149803.882792531	750	8.792128242520864	0.0	450283	9077.291540670025	0.75
149806.300034881	300	10.374885892519774	0.0	155580	2417.24235000109	-0.15000000000000002
149808.30699547808	300	12.367925295434038	0.0	139857	2006.9605970857376	0.3
149810.48444859986	300	14.190472173644475	0.0	155432	2177.4531217895624	0.3
149812.694015664	300	15.98090510953069	0.0	163442	2209.5670641137854	0.3
149814.03766516055	300	18.6372556129803	0.0	126289	1343.6494965503873	0.3
149816.09214927666	300	20.582771496853187	0.0	153295	2054.4841161271156	0.3
149818.78156681143	300	21.893353962098832	0.0	173849	2689.417534754355	0.3
149821.8393621024	300	22.83555867116523	0.0	150710	3057.795290933597	0.3
149825.9914941876	300	22.683426585971713	0.0	139105	4152.132085193521	0.3
149827.49470705475	300	25.180213718809433	0.0	141840	1503.212867162278	0.3
149828.8039499629	300	27.87097081069681	0.0	156148	1309.2429081126263	0.3
149830.409603576	300	30.26531719758527	0.0	160746	1605.653613111542	0.3
149831.95210009778	300	32.722820675825496	0.0	179801	1542.496521759775	0.3
149833.48540773446	300	35.18951303915976	0.0	140051	1533.3076366657313	0.3
149834.77072067364	300	37.90420009995304	0.0	138313	1285.3129392067272	0.3
149836.0479283101	300	40.62699246351961	0.0	143509	1277.2076364334187	0.3
149839.3566422029	750	41.31827857071469	0.0	372963	3308.7138928049235	0.3
149842.9001368958	750	41.77478387780988	0.0	405596	3543.494692904811	0.75
149845.7158548046	750	42.959065969023186	0.0	350713	2815.7179087867007	0.75
149849.03318894093	750	43.64173183269247	0.0	386472	3317.3341363307104	0.75
149852.52298153235	750	44.15193924126969	0.0	399894	3489.79259142278	0.75
149855.30008990996	750	45.37483086367497	0.0	401853	2777.108377594718	0.75
149857.85849687294	750	46.816423900704166	0.0	343800	2558.4069629708006	0.75
149860.62567791954	750	48.04924285411074	0.0	359903	2767.181046593435	0.75
149863.44650751798	750	49.22841325567649	0.0	379700	2820.8295984342426	0.75
149866.26469202345	750	50.410228750175555	0.0	425781	2818.1845055009394	0.75
149869.55035100097	1200	51.1245697726549	0.0	487160	3285.65897752065	0.75
149874.72289145287	1200	49.95202932075291	0.0	622896	5172.540451902005	1.2
149881.3689440975	1200	47.30597667612733	0.0	641447	6646.052644625575	1.2
149885.46640003976	1200	47.20852073388051	0.0	570392	4097.455942246817	1.2
149890.06840736166	1200	46.606513411987734	0.0	620283	4602.007321892777	1.2
149894.00592276477	1200	46.6689980088584	0.0	584349	3937.5154031293255	1.2
149899.174959873	1200	45.4999609006564	0.0	670129	5169.037108202009	1.2
149904.07824998588	1200	44.596670787774414	0.0	690253	4903.290112881984	1.2
149908.32655688352	1200	44.34836389014053	0.0	598727	4248.306897633873	1.2
149912.15795748023	1200	44.516963293422066	0.0	487812	3831.400596718474	1.2
149916.61046127632	1200	44.06445949733229	0.0	575591	4452.503796089778	1.2
149921.2587309305	1200	43.416189843141794	0.0	605884	4648.2696541904925	1.2
149927.8792892948	1200	40.79563147883943	0.0	587506	6620.5583643023665	1.2
149935.28803725506	1200	37.38688351860135	0.0	566904	7408.747960238077	1.2
149944.6906001095	1200	31.984320664171186	0.0	641452	9402.562854430167	1.2
149951.28230171546	1200	29.392619058191602	0.0	599477	6591.701605979585	1.2
149960.42133832313	1200	24.253582450549338	0.0	634861	9139.036607642263	1.2
149965.189275378	750	23.485645395639047	0.0	398987	4767.937054910289	0.3
149970.59319009518	750	22.08173067847684	0.0	393804	5403.914717162207	0.75
149975.95166980653	750	20.723250967112744	0.0	331053	5358.479711364096	0.75
149985.92011364666	1200	14.754807126982785	0.0	550906	9968.44384012996	0.75
149992.26743339983	750	12.407487373817771	0.0	450283	6347.319753165016	0.75
149994.69471084763	300	13.980209926032801	0.0	155580	2427.2774477849694	-0.15000000000000002
149997.3767127363	300	15.29820803734501	0.0	139857	2682.001888687792	0.3
150002.7604276986	300	13.91449307505284	0.0	155432	5383.714962292171	0.3
150007.47736024493	300	13.197560528744269	0.0	163442	4716.932546308572	0.3
150009.4461970116	300	15.2287237620707	0.0	126289	1968.836766673568	0.3
150010.68805501112	300	17.98686576254345	0.0	153295	1241.857999527249	0.3
150011.85599249045	300	20.8189282832382	0.0	173849	1167.9374793052486	0.3
150012.65815217144	300	24.01676860225896	0.0	150710	802.1596809792442	0.3
150013.89484276468	300	26.78007800900677	0.0	139105	1236.6905932521927	0.3
150014.89560824673	300	29.779312526924485	0.0	141840	1000.7654820822834	0.3
150016.1737058222	300	32.50121495146965	0.0	156148	1278.0975754548356	0.3
150018.76311133936	750	33.91180943429457	0.0	386351	2589.4055171750806	0.3
150021.87149935943	750	34.80342141423948	0.0	434409	3108.388020055095	0.75
150024.58912492075	750	36.085795852900915	0.0	337059	2717.6255613385656	0.75
150027.05488314698	750	37.62003762669246	0.0	366214	2465.7582262084543	0.75
150029.56695717506	750	39.10796359859865	0.0	360831	2512.074028093801	0.75
150032.54458027967	750	40.13034049398495	0.0	372963	2977.623104613706	0.75
150036.0007156182	750	40.674205155465536	0.0	405596	3456.1353385194147	0.75
150038.8690647729	750	41.80585600074716	0.0	350713	2868.349154718376	0.75
150041.6050802076	750	43.069840566041854	0.0	386472	2736.0154347053017	0.75
150044.05526434522	750	44.619656428427135	0.0	399894	2450.1841376147177	0.75
150046.62135513488	750	46.05356563878046	0.0	401853	2566.090789646674	0.75
150049.1580179169	750	47.516902856760254	0.0	343800	2536.6627820202134	0.75
150051.3029785599	750	49.37194221376863	0.0	359903	2144.9606429916216	0.75
150055.10495025667	1200	49.569970516963295	0.0	590335	3801.971696805329	0.75
150060.41746459936	1200	48.257456174258046	0.0	696376	5312.5143427052435	1.2
150064.18798218603	1200	48.48693858758545	0.0	487160	3770.5175866725976	1.2
150068.9515126595	1200	47.72340811414039	0.0	622896	4763.53047344506	1.2
150074.1213596827	1200	46.55356109091311	0.0	641447	5169.847023227281	1.2
150077.73253698496	1200	46.94238378867949	0.0	570392	3611.177302233614	1.2
150081.7674640282	1200	46.90745674541834	0.0	620283	4034.92704326116	1.2
150086.267481846	1200	46.40743892762967	0.0	584349	4500.017817788659	1.2
150091.35900831805	1200	45.31591245558469	0.0	670129	5091.526472044985	1.2
150095.87054927097	1200	44.804371502655066	0.0	690253	4511.540952929622	1.2
150100.51121071627	1200	44.163710057328466	0.0	598727	4640.661445326599	1.2
150104.25466728045	1200	44.420253493166044	0.0	487812	3743.4565641624245	1.2
150112.01922252506	1200	40.65569824853107	0.0	575591	7764.5552446349775	1.2
150125.6017170206	1200	31.073203752988668	0.0	605884	13582.494495542396	1.2
150136.74650006363	1200	23.92842070995203	0.0	587506	11144.783043036643	1.2
150143.39526186555	300	21.279658908021393	0.0	147968	6648.761801930635	-0.6000000000000001
150146.41221034783	300	22.26271042575996	0.0	161857	3016.9484822614318	0.3
150148.5635962372	300	24.111324536402567	0.0	145210	2151.385889357392	0.3
150150.69139535987	300	25.983525413701013	0.0	172312	2127.799122701556	0.3
150153.83080074424	300	26.844120029335976	0.0	167025	3139.405384365036	0.3
150162.3437971352	300	22.33112363835801	0.0	160064	8512.996390977967	0.3
150166.93691709536	300	21.73800367820734	0.0	137507	4593.119960150673	0.3
150175.89565080655	750	16.779269967027417	0.0	314107	8958.733711179919	0.3
150180.98279470357	750	15.692126070010541	0.0	450283	5087.143897016876	0.75
150181.95399307527	300	18.720927698339075	0.0	155580	971.1983716714658	-0.15000000000000002
150182.79643487345	300	21.87848590014055	0.0	139857	842.4417981985248	0.3
150183.66566775844	300	25.009253015162383	0.0	155432	869.2328849781663	0.3
150185.74700320733	750	26.927917566280303	0.0	411561	2081.3354488820805	0.3
150187.18740986538	750	29.48751090822685	0.0	318564	1440.4066580534513	0.75
150189.10109576606	750	31.57382500752631	0.0	352642	1913.6859007005396	0.75
150193.0252726241	1200	31.649648149481852	0.0	709534	3924.1768580444573	0.75
150196.1153498535	1200	32.55957092011459	0.0	584846	3090.077229367264	1.2
150198.9571143474	1200	33.71780642619389	0.0	560821	2841.764493920702	1.2
150203.1429847969	1200	33.53193597668064	0.0	607410	4185.870449513242	1.2
150207.61424440236	1200	33.06067637124065	0.0	594078	4471.259605439995	1.2
150211.86115371753	1200	32.81376705606687	0.0	624282	4246.9093151737825	1.2
150216.99927451115	1200	31.675646262423573	0.0	687371	5138.120793643297	1.2
150221.5578531118	1200	31.11706766177148	0.0	526950	4558.578600652093	1.2
150224.73725336813	750	31.937667405439253	0.0	366214	3179.400256332225	0.3
150227.56281084532	750	33.112109928253865	0.0	360831	2825.557477185386	0.75
150229.5463190847	750	35.12860168887409	0.0	372963	1983.5082393797722	0.75
150231.32443808144	750	37.350482692135564	0.0	405596	1778.1189967385285	0.75
150232.88290428935	750	39.79201648425861	0.0	350713	1558.466207876956	0.75
150235.74939180267	1200	40.92552897093681	0.0	601738	2866.4875133218047	0.75
150238.72716303254	1200	41.94775774106848	0.0	616206	2977.771229868335	1.2
150242.28098274535	1200	42.39393802823853	0.0	656471	3553.819712829944	1.2
150245.06311566514	1200	43.611805108447996	0.0	536667	2782.1329197905384	1.2
150248.10692354766	1200	44.5679972259394	0.0	587236	3043.8078825085995	1.2
150250.82657412166	1200	45.84834665193107	0.0	590335	2719.65057400833	1.2
150253.86758697047	1200	46.80733380311088	0.0	696376	3041.012848820188	1.2
150256.70580994285	1200	47.96911083073424	0.0	487160	2838.222972376646	1.2
150259.94675187513	1200	48.72816889844486	0.0	622896	3240.941932289375	1.2
150263.02648894722	1200	49.64843182637165	0.0	641447	3079.7370720732133	1.2
150265.6541361884	1200	51.02078458520952	0.0	570392	2627.6472411621285	1.2
150268.7578455877	1200	51.91707518588984	0.0	620283	3103.7093993196745	1.2
150271.0421920671	1200	53.63272870646815	0.0	584349	2284.346479421692	1.2
150275.88029054005	1850	52.79463023355603	0.0	1035329	4838.0984729121255	1.2000000000000002
150282.679766679	1850	49.99515409457215	0.0	1026056	6799.476138983872	1.85
150288.53279484826	1850	48.142125925321466	0.0	943942	5853.028169250683	1.85
150294.6186323592	1850	46.05628841438619	0.0	728962	6085.837510935281	1.85
150302.7690539893	1850	41.905866784305495	0.0	938587	8150.421630080697	1.85
150311.75938840618	1850	36.91553236740405	0.0	908665	8990.334416901444	1.85
150316.36675675758	1200	36.30816401600535	0.0	587506	4607.368351398696	0.5499999999999999
150318.85310343266	750	37.82181734092343	0.0	345516	2486.346675081917	0.3
150321.77343833144	750	38.90148244213872	0.0	384505	2920.3348987847075	0.75
150324.83860261284	750	39.83631816071866	0.0	372093	3065.16428142006	0.75
150328.76170008958	750	39.91322068400637	0.0	438281	3923.097476712298	0.75
150337.81815087184	1200	34.85676990174879	0.0	630203	9056.450782257572	0.75
150343.4866137036	1200	33.18830706999137	0.0	638661	5668.462831757425	1.2
150347.28158250148	1200	33.39333827214346	0.0	538612	3794.96879784791	1.2
150357.84780175972	2850	26.827119013904575	0.0	1364537	10566.219258238885	1.2000000000000002
150362.22337687205	750	26.45154390160027	0.0	450283	4375.575112304305	0.75
150367.14667489522	750	25.528245878416122	0.0	398865	4923.298023184152	0.75
150370.59253961488	750	26.082381158767152	0.0	350812	3445.8647196489683	0.75
150374.07211599976	750	26.602804773906453	0.0	382355	3479.5763848606975	0.75
150379.09215311048	750	25.582767663185038	0.0	411561	5020.037110721417	0.75
150382.37132912572	750	26.303591647951734	0.0	318564	3279.1760152333063	0.75
150387.81947284142	750	24.855447932234572	0.0	352642	5448.1437157171595	0.75
150390.78316474683	750	25.89175602682728	0.0	437162	2963.6919054072946	0.75
150393.87079886225	750	26.804121911394045	0.0	374758	3087.634115433232	0.75
150396.5938298115	750	28.081090962146206	0.0	362795	2723.0309492478405	0.75
150398.48459508267	750	30.19032569094956	0.0	353220	1890.7652711966443	0.75
150400.98117259378	750	31.693748179840387	0.0	405134	2496.5775111091743	0.75
150403.4423723026	750	33.23254847099143	0.0	386351	2461.19970884895	0.75
150406.14879537805	750	34.5261253955656	0.0	434409	2706.423075425836	0.75
150408.50658594628	750	36.168334827336224	0.0	337059	2357.7905682293836	0.75
150411.51949106442	750	37.155429709206885	0.0	366214	3012.9051181293335	0.75
150414.34192951868	750	38.33299125497026	0.0	360831	2822.438454236628	0.75
150416.70412947968	750	39.97079129396264	0.0	372963	2362.199961007613	0.75
150419.54573970233	750	41.12918107132349	0.0	405596	2841.6102226391527	0.75
150422.94310656964	750	41.73181420398324	0.0	350713	3397.3668673402467	0.75
150426.05128325857	750	42.62363751507195	0.0	386472	3108.17668891129	0.75
150428.80923310123	750	43.86568767240376	0.0	399894	2757.9498426681926	0.75
150431.89445067119	750	44.780470102431366	0.0	401853	3085.2175699723857	0.75
150434.38073873075	750	46.29418204285867	0.0	343800	2486.288059572698	0.75
150437.17216503798	750	47.502755735639546	0.0	359903	2791.426307219126	0.75
150440.79127880908	750	47.88364196455589	0.0	379700	3619.113771083658	0.75
150448.97882270144	1200	43.696098072188725	0.0	696376	8187.543892367168	0.75
150452.8922242304	1200	43.78269654320398	0.0	487160	3913.4015289847443	1.2
150459.90990023848	1200	40.76502053512199	0.0	622896	7017.6760080819895	1.2
150463.79381930846	750	40.88110146513425	0.0	400508	3883.919069987743	0.3
150468.7670541684	750	39.90786660519453	0.0	358218	4973.234859939721	0.75
150471.8385148923	750	40.83640588130189	0.0	400322	3071.460723892632	0.75
150475.1763914753	750	41.498529298300625	0.0	369834	3337.8765830012676	0.75
150480.16331010015	750	40.51161067348473	0.0	412837	4986.918624815888	0.75
150485.46186924222	750	39.213051531399145	0.0	401088	5298.559142085593	0.75
150489.60665625898	750	39.068264514655176	0.0	365161	4144.787016743967	0.75
150492.42843611777	750	40.24648465586077	0.0	321064	2821.779858794408	0.75
150495.12344246884	750	41.55147830476394	0.0	361565	2695.0063510968275	0.75
150497.95032129876	750	42.72459947488208	0.0	378327	2826.8788298818654	0.75
150500.8251213823	750	43.84979939134156	0.0	390680	2874.8000835405173	0.75
150503.31114933963	750	45.36377143401299	0.0	345516	2486.02795732857	0.75
150505.9800641149	750	46.694856658730544	0.0	384505	2668.914775282443	0.75
150509.00891761883	750	47.66600315480027	0.0	372093	3028.8535039302733	0.75
150516.0072877298	1200	44.667633043838585	0.0	634861	6998.370110961689	0.75
150523.15775151504	1200	41.51716925861057	0.0	630203	7150.463785228013	1.2
150528.00145357678	1200	40.67346719688096	0.0	638661	4843.7020617296175	1.2
150534.88175447378	1850	37.79316629988987	0.0	830730	6880.300896991088	1.2000000000000002
150544.85882353486	2850	31.816097238822536	0.0	1364537	9977.069061067332	1.85
150548.3161877386	750	32.35873303506887	0.0	450283	3457.3642037536647	0.75
150551.63212095425	750	33.042799819422164	0.0	398865	3315.933215646706	0.75
150554.37919646828	750	34.295724305413636	0.0	350812	2747.075514008532	0.75
150557.30099142567	750	35.373929348022386	0.0	382355	2921.794957391253	0.75
150561.12563937102	750	35.54928140268654	0.0	411561	3824.6479453358506	0.75
150564.11456866987	750	36.560352103814765	0.0	318564	2988.9292988717716	0.75
150567.0308375961	750	37.644083177613474	0.0	352642	2916.2689262012937	0.75
150570.54346796256	750	38.1314528111536	0.0	437162	3512.6303664598718	0.75
150573.60084440076	750	39.07407637296537	0.0	374758	3057.376438188232	0.75
150576.6839393254	750	39.99098144834908	0.0	362795	3083.0949246162836	0.75
150579.67804647647	750	40.99687429725999	0.0	353220	2994.1071510890897	0.75
150583.37127696894	750	41.30364380479595	0.0	405134	3693.230492464039	0.75
150586.4497989209	750	42.22512185284341	0.0	386351	3078.52195195254	0.75
150590.2022584865	750	42.4726622872217	0.0	434409	3752.459565621706	0.75
150593.21431103922	750	43.460609734517064	0.0	337059	3012.052552704639	0.75
150596.02266355345	750	44.652257220288966	0.0	366214	2808.3525142281005	0.75
150600.4620904698	750	44.21283030391707	0.0	360831	4439.426916371889	0.75
150605.35200033488	750	43.32292043884649	0.0	372963	4889.9098650705855	0.75
150609.32637544262	750	43.34854533112561	0.0	405596	3974.3751077208794	0.75
150612.51901492992	750	44.15590584383264	0.0	350713	3192.639487292964	0.75
150615.78237705506	750	44.892543718707074	0.0	386472	3263.3621251255677	0.75
150618.90057410757	750	45.774346666207684	0.0	399894	3118.197052499386	0.75
150622.22723732752	750	46.447683446236994	0.0	401853	3326.6632199706887	0.75
150624.8879836538	750	47.7869371199268	0.0	343800	2660.746326310198	0.75
150628.51986071162	750	48.15506006214773	0.0	359903	3631.8770577790665	0.75
150631.25761656492	750	49.41730420883323	0.0	379700	2737.7558533145043	0.75
150634.62896116485	750	50.04595960890735	0.0	425781	3371.3445999258743	0.75
150636.7914572795	750	51.883463494260006	0.0	277716	2162.496114647344	0.75

