133537.8348689148	750	4.0	2.498490134264002	450283	2498.490134264002	-9.993507577335208
133538.90639110404	300	6.928477810718758	0.0	155580	1071.5221892812428	-0.15000000000000002
133539.96356441735	300	9.871304497431124	0.0	139857	1057.1733132876348	0.3
133541.07998053308	300	12.75488838170606	0.0	155432	1116.4161157250628	0.3
133542.135441197	300	15.699427717781926	0.0	163442	1055.4606639241338	0.3
133542.99662629346	300	18.83824262131754	0.0	126289	861.1850964643836	0.3
133544.0193588596	300	21.815510055170144	0.0	153295	1022.7325661473973	0.3
133545.10273350604	300	24.73213540874197	0.0	173849	1083.3746464281724	0.3
133547.45494364362	750	26.379925271165668	0.0	374758	2352.2101375763036	0.3
133549.82901021815	750	28.00585869663237	0.0	362795	2374.066574533294	0.75
133551.98154805656	750	29.853320858202856	0.0	353220	2152.537838429516	0.75
133555.04564634286	750	30.789222571927663	0.0	405134	3064.098286275191	0.75
133557.44872193728	750	32.38614697748531	0.0	386351	2403.0755944423495	0.75
133560.17564576323	750	33.659223151533254	0.0	434409	2726.9238259520657	0.75
133562.2308653524	750	35.604003562359516	0.0	337059	2055.219589173731	0.75
133564.26760475253	750	37.56726416222718	0.0	366214	2036.7394001323346	0.75
133566.12145252482	750	39.71341638995448	0.0	360831	1853.847772272705	0.75
133568.1720466028	750	41.66282231198501	0.0	372963	2050.594077969473	0.75
133570.33138781087	750	43.50348110388454	0.0	405596	2159.34120810047	0.75
133572.3980974913	750	45.43677142346526	0.0	350713	2066.7096804192743	0.75
133574.80943695025	750	47.02543196453577	0.0	386472	2411.339458929489	0.75
133576.98598714528	750	48.848881769475646	0.0	399894	2176.5501950601247	0.75
133579.70003211914	750	50.13483679562593	0.0	401853	2714.04497384971	0.75
133581.8407068181	750	51.9941620966782	0.0	343800	2140.6746989477324	0.75
133584.02214595515	750	53.81272295961954	0.0	359903	2181.43913705866	0.75
133585.98801220095	750	55.846856713818234	0.0	379700	1965.866245801307	0.75
133589.35948515806	750	56.47538375671549	0.0	425781	3371.4729571027474	0.75
133591.1341534728	750	58.70071544194737	0.0	277716	1774.6683147681185	0.75
133594.15650271278	750	59.51992816812345	0.0	400396	2680.787273823918	0.75
133596.8072167883	750	59.98935211343736	0.0	400508	2030.5760546860836	0.75
133600.2538298999	1200	59.97211456805579	0.0	570392	3017.237545381574	0.75
133604.20942697604	1200	59.81900381309184	0.0	620283	3653.110754963948	1.2
133608.0785145269	1200	59.949916262238375	0.0	584349	3869.087550853467	1.2
133614.46771644556	1200	57.560714343572464	0.0	670129	6389.201918665906	1.2
133620.76080544243	1200	55.267625346689904	0.0	690253	6293.088996882557	1.2
133624.48684263983	750	55.541588149297326	0.0	365161	3726.0371973925817	0.3
133627.05848895546	750	56.96994183367801	0.0	321064	2571.646315619319	0.75
133629.68549521477	750	58.342935574377094	0.0	361565	2627.0062593009166	0.75
133632.0309180961	750	59.9975126930237	0.0	378327	2345.4228813533955	0.75
133635.70445095195	750	59.636734985730655	0.0	390680	2860.7777072930476	0.75
133638.68239880772	750	59.75463863209965	0.0	345516	2382.0963536310105	0.75
133641.76653510163	750	59.96049623623158	0.0	384505	2794.1423958680703	0.75
133647.45288955673	750	58.27414178114435	0.0	372093	5686.3544550872275	0.75
133650.4449738079	750	59.2820575299725	0.0	438281	2992.0842511718574	0.75
133653.8588233597	750	59.67784905620353	0.0	398987	2604.208473768963	0.75
133658.18943231562	1200	59.347240100291515	0.0	638661	4330.608955912013	0.75
133663.55207712838	1850	57.98459528753901	0.0	830730	5362.644812752508	1.2000000000000002
133672.5739484011	2850	52.96272401480348	0.0	1364537	9021.87127273553	1.85
133675.23606047375	750	54.30061194217231	0.0	450283	2662.11207263116	0.75
133678.07030949925	750	55.46636291664494	0.0	398865	2834.249025527372	0.75
133681.0492690377	750	56.487403378193434	0.0	350812	2978.959538451504	0.75
133684.40224851572	750	57.13442390019122	0.0	382355	3352.9794780022107	0.75
133687.68651290907	750	57.850159506824376	0.0	411561	3284.2643933668423	0.75
133690.20021414166	750	59.33645827424328	0.0	318564	2513.7012325811033	0.75
133693.5583894283	750	59.502886560922825	0.0	352642	2833.5717133204544	0.75
133696.5408702168	750	59.718447953347265	0.0	437162	2784.4386075755624	0.75
133700.00641834884	750	59.97019497777926	0.0	374758	2748.2529755680075	0.75
133703.39406951173	750	59.57951697457749	0.0	362795	2390.6780032017723	0.75
133706.40565518546	750	59.85771071754827	0.0	353220	2721.8062570292077	0.75
133711.41885457942	750	58.84451132359561	0.0	405134	5013.1993939526665	0.75
133715.08474153143	750	59.17862437157055	0.0	386351	3665.886952025059	0.75
133720.94419526224	750	57.319170640773045	0.0	434409	5859.4537307975015	0.75
133724.52081740767	750	57.742548495340216	0.0	337059	3576.622145432826	0.75
133727.56247889053	750	58.70088701247191	0.0	366214	3041.661482868306	0.75
133730.74526739836	750	59.51809850464758	0.0	360831	3182.7885078243276	0.75
133733.2619037677	750	59.674476134779255	0.0	372963	2343.6223698683298	0.75
133740.32694683154	750	56.60943307096285	0.0	405596	7065.043063816404	0.75
133743.2497922587	750	57.6865876438283	0.0	350713	2922.8454271345518	0.75
133746.3282476817	750	58.60813222080163	0.0	386472	3078.455423026664	0.75
133748.95472003394	750	59.53407500141457	0.0	399894	2574.057219387056	0.75
133752.69531970378	750	59.79347533156974	0.0	401853	3240.599669844835	0.75
133755.72527573814	750	59.54500471573799	0.0	343800	2248.4706158317526	0.75
133758.98379718213	750	59.72248670302292	0.0	359903	2822.5180127150634	0.75
133761.89384128328	750	59.92996636806199	0.0	379700	2792.520334960926	0.75
133765.46324361704	750	59.650027084281234	0.0	425781	3279.939283780759	0.75
133768.86704789067	750	59.782356472454154	0.0	277716	3367.670611827076	0.75
133774.54237167953	750	58.10703268358208	0.0	400396	5675.323788872084	0.75
133781.1638867466	750	55.485517616536235	0.0	400508	6621.515067045835	0.75
133784.1186869424	750	56.53071742071608	0.0	358218	2954.8001958201535	0.75
133788.72420257976	750	55.92520178335401	0.0	400322	4605.515637362065	0.75
133792.95975349794	750	55.68965086519328	0.0	369834	4235.550918160731	0.75
133800.62623753186	750	52.02316683124549	0.0	412837	7666.484033947787	0.75
133804.9727676463	750	51.67663671681909	0.0	401088	4346.530114426398	0.75
133808.0889954479	750	52.56040891520436	0.0	365161	3116.22780161473	0.75
133811.6416690435	750	53.007735319600016	0.0	321064	3552.673595604338	0.75
133818.64925275737	750	50.00015160574697	0.0	361565	7007.583713853045	0.75
133820.17106983016	300	52.478334532963814	0.0	144254	1521.8170727831625	-0.15000000000000002
133821.44131258276	300	55.20809178036871	0.0	149991	1270.2427525950968	0.3
133822.82088653476	300	57.828517828373776	0.0	147968	1379.5739519949361	0.3
133824.91826863677	300	59.73113572635825	0.0	161857	1597.3821020155267	0.3
133826.47833996813	300	59.78877726462722	0.0	145210	1442.3584617310262	0.3
133829.13904654523	300	59.964780410909945	0.0	172312	1823.9968537172729	0.3
133832.4273261595	750	59.85899546545657	0.0	398987	2605.784945453375	0.3
133835.27192182717	750	59.52344496603462	0.0	393804	2335.55049942196	0.75
133840.6034258344	1850	58.1919409587997	0.0	830730	5331.504007234917	0.75
133848.84847839494	2850	53.94688839825141	0.0	1364537	8245.052560548287	1.85
133852.05592930416	750	54.73943748904614	0.0	450283	3207.4509092052717	0.75
133854.40595123713	750	56.38941555606741	0.0	398865	2350.0219329787324	0.75
133856.2155352007	750	58.57983159250353	0.0	350812	1809.583963563883	0.75
133858.8004716085	750	59.99489518468356	0.0	382355	2084.9364078199696	0.75
133862.90252768112	750	59.89283911206486	0.0	411561	3602.0560726186995	0.75
133865.40430376263	750	59.93677658241991	0.0	318564	1956.0625296449532	0.75
133867.71158281126	750	59.995993834013476	0.0	352642	1940.7827484064344	0.75
133870.73860680536	750	59.51072998709544	0.0	437162	2485.2638469180392	0.75
133874.12881987062	1200	59.73550352805804	0.0	584846	3275.2264590373948	0.75
133877.71715792973	1200	59.67982780159514	0.0	560821	3555.6757264629064	1.2
133883.9202057521	1200	57.47677997923804	0.0	607410	6203.047822357094	1.2
133889.67387736953	1200	55.72310836180643	0.0	594078	5753.67161743161	1.2
133893.18942380176	750	56.207561929558075	0.0	386351	3515.546432248355	0.3
133897.07831285775	750	56.31867287358121	0.0	434409	3888.889055976872	0.75
133900.19695799708	750	57.20002773425189	0.0	337059	3118.6451393293196	0.75
133903.09704663913	750	58.29993909218583	0.0	366214	2900.0886420660645	0.75
133905.68952203722	750	59.59947691418438	0.0	360831	2200.4621780014513	0.75
133909.01490755106	750	59.77779076731348	0.0	372963	2321.6861468708985	0.75
133912.37653602348	750	59.7538262145785	0.0	405596	2523.9645527349776	0.75
133915.29912824754	750	59.60686206238675	0.0	350713	2146.9641521917497	0.75
133917.85543946925	750	59.78702048747311	0.0	386472	2319.8415749136484	0.75
133921.86155601038	750	59.78090394635132	0.0	399894	3006.1165411217803	0.75
133925.02032235422	750	59.96731386839074	0.0	401853	2813.5900779605904	0.75
133928.24574700615	750	59.93768967535178	0.0	343800	3029.6241930389574	0.75
133932.15569319556	750	59.525616810105284	0.0	359903	3412.072865246496	0.75
133938.65621345546	750	57.02509655021599	0.0	379700	6500.520259889295	0.75
133950.78119169545	750	48.90011831020963	0.0	425781	12124.978240006367	0.75
133953.80170671284	300	49.87960329283382	0.0	111155	3020.515017375809	-0.15000000000000002
133958.15427205147	300	49.52703795419981	0.0	153605	4352.565338634003	0.3
133961.73870148833	300	49.94260851734563	0.0	149029	3584.4294368541787	0.3
133964.0468548736	300	51.63445513208415	0.0	157421	2308.1533852614807	0.3
133966.68980780966	300	52.9915021960289	0.0	157488	2642.9529360552547	0.3
133969.08968067306	300	54.5916293326098	0.0	143881	2399.8728634190907	0.3
133971.06151276373	300	56.61979724194821	0.0	163444	1971.8320906615913	0.3
133973.2166691229	300	58.46464088277269	0.0	179328	2155.1563591755175	0.3
133976.0207323717	300	59.53653388411745	0.0	159914	1928.1069986552425	0.3
133978.28238557233	300	59.77968540888971	0.0	131610	1756.8484752277404	0.3
133980.19313821057	300	59.75121145244292	0.0	124011	1528.473956446788	0.3
133987.95210915926	750	55.99224050375782	0.0	378327	7758.970948685102	0.3
133992.32141548517	750	55.622934177827084	0.0	390680	4369.30632593074	0.75
133997.33596968584	750	54.60837997716218	0.0	345516	5014.554200664904	0.75
134003.143038225	300	52.8013114379939	0.0	161857	5807.068539168279	-0.15000000000000002
134007.41271922656	300	52.5316304364653	0.0	145210	4269.681001528602	0.3
134011.00518866486	300	52.9391609981688	0.0	172312	3592.4694382964954	0.3
134014.10427644692	300	53.84007321611303	0.0	167025	3099.087782055767	0.3
134016.1672299067	300	55.77711975631435	0.0	160064	2062.953459798684	0.3
134018.35836619107	300	57.58598347194487	0.0	137507	2191.13628436948	0.3
134022.95490705545	750	56.98944260756086	0.0	314107	4596.540864384013	0.3
134030.12014313243	750	53.82420653057467	0.0	450283	7165.2360769861825	0.75
134032.46119983034	300	55.4831498326571	0.0	155580	2341.056697917578	-0.15000000000000002
134034.07064772613	300	57.87370193688882	0.0	139857	1609.4478957682704	0.3
134036.11331977355	300	59.70826001185736	0.0	155432	1665.4419250314622	0.3
134037.78645144583	300	59.62530923691209	0.0	163442	1582.9507749452785	0.3
134039.7932686862	300	59.79199106541836	0.0	126289	1333.318171493729	0.3
134041.72191647737	300	59.85391670424804	0.0	153295	1438.0743611703151	0.3
134044.1458779858	300	59.532722665034434	0.0	173849	1821.194039213612	0.3
134047.76096303455	750	59.91763761631974	0.0	374758	3615.0850487146986	0.3
134051.7682817103	750	59.79190453740179	0.0	362795	3125.7330789179446	0.75
134054.72973479124	750	59.63797079537243	0.0	353220	2153.9337420293555	0.75
134058.5681147375	750	59.79959084909135	0.0	405134	3838.3799462810844	0.75
134063.36519094984	750	59.0025146367411	0.0	386351	4797.076212350248	0.75
134069.1469377255	750	57.2207678610813	0.0	434409	5781.746775659794	0.75
134072.42172178876	750	57.94598379784123	0.0	337059	3274.784063240069	0.75
134074.71026568278	750	59.65743990379624	0.0	366214	2288.543894044994	0.75
134077.26625329838	750	59.7784712112338	0.0	360831	2378.968692562435	0.75
134081.40540462505	750	59.63931988454363	0.0	372963	4139.151326690166	0.75
134085.23918820717	750	59.8055363024297	0.0	405596	3833.7835821139333	0.75
134088.6143481569	750	59.86843324347742	0.0	350713	2937.1030589522857	0.75
134092.39314941433	750	59.73806106014935	0.0	386472	3630.37218332807	0.75
134096.31889873176	750	59.812311742719714	0.0	399894	3925.7493174296296	0.75
134100.20526521807	750	59.92594525642136	0.0	401853	3886.3664862983533	0.75
134103.1744395249	750	59.9656305419133	0.0	343800	2960.314714508057	0.75
134107.34169361874	750	59.798376448088	0.0	359903	3167.2540938252973	0.75
134111.00406476393	750	59.83574771858768	0.0	379700	2962.628729500313	0.75
134115.18574994575	750	59.65406253676826	0.0	425781	3681.685181819428	0.75
134118.02140315858	750	59.55644972910811	0.0	277716	2597.6128076601544	0.75
134121.88943611222	750	59.688416775475	0.0	400396	3368.032953633102	0.75
134127.8589395373	750	57.71891335037466	0.0	400508	5969.503425100338	0.75
134140.7989254512	750	48.77892743649065	0.0	358218	12939.985913884018	0.75
134146.29566368993	300	47.282189197753596	0.0	157488	5496.738238737055	-0.15000000000000002
134149.4713821087	300	48.1064707789861	0.0	143881	3175.7184187674925	0.3
134152.42865723596	300	49.14919565172561	0.0	163444	2957.2751272604883	0.3
134154.61054712196	300	50.967305765721626	0.0	179328	2181.8898860039876	0.3
134156.4302053501	300	53.14764753757976	0.0	159914	1819.6582281418632	0.3
134158.1464759906	300	55.43137689708284	0.0	131610	1716.270640496918	0.3
134160.5699308246	300	57.007922063088095	0.0	124011	2423.4548339947405	0.3
134163.19102911546	300	58.386823772244405	0.0	144254	2621.0982908436895	0.3
134167.03771373405	300	58.540139153652966	0.0	149991	3846.6846185914424	0.3
134172.72300179247	300	56.85485109522591	0.0	147968	5685.288058427056	0.3
134175.08191716048	300	58.49593572720101	0.0	161857	2358.9153680249033	0.3
134177.71494580628	300	59.6001986078384	0.0	145210	1895.7371193626072	0.3
134180.26261656242	300	59.645008992973516	0.0	172312	1955.1896148648823	0.3
134184.0423391586	300	59.511388265543275	0.0	167025	3633.620727430241	0.3
134187.9610631218	300	59.59266430234894	0.0	160064	3918.723963194329	0.3
134192.37520632465	750	59.17852109947049	0.0	331053	4414.143202878455	0.3
134199.59886202452	1850	55.95486539958753	0.0	846370	7223.6556998829565	0.75
134203.00372093165	750	56.55000649245066	0.0	450283	3404.8589071368683	0.75
134206.88923618227	750	56.664491241838746	0.0	398865	3885.515250611922	0.75
134210.44981982774	750	57.10390759636665	0.0	350812	3560.583645472092	0.75
134213.30096033486	750	58.252767089248636	0.0	382355	2851.14050711802	0.75
134217.0507617064	750	58.50296571772043	0.0	411561	3749.801371528205	0.75
134219.88384682062	750	59.669880603501454	0.0	318564	2833.0851142189695	0.75
134223.78980448618	750	59.76392293793855	0.0	352642	3905.957665562904	0.75
134227.82990373805	750	59.72382368606612	0.0	437162	4040.0992518724274	0.75
134231.44322638118	750	59.631495588606384	0.0	374758	3592.328097459733	0.75
134235.28423524782	750	59.79048672195893	0.0	362795	3841.008866647452	0.75
134239.44927949688	750	59.62544247289429	0.0	353220	3665.0442490646406	0.75
134243.78812293484	750	59.28659903492675	0.0	405134	4338.843437967538	0.75
134247.3880995699	750	59.686622399882076	0.0	386351	3599.976635044672	0.75
134251.76125654703	750	59.31346542274242	0.0	434409	4373.156977139658	0.75
134255.93254560605	750	59.14217636374131	0.0	337059	4171.289059001112	0.75
134261.1997070558	750	57.875014913980884	0.0	366214	5267.161449760424	0.75
134266.70166986962	750	56.3730521001572	0.0	360831	5501.962813823683	0.75
134271.5529602194	750	55.52176175039099	0.0	372963	4851.290349766215	0.75
134275.7845726898	750	55.29014927998348	0.0	405596	4231.612470407508	0.75
134281.24608564042	750	53.82863632936152	0.0	350713	5461.512950621962	0.75
134287.1372114834	750	51.93751048635998	0.0	386472	5891.125843001533	0.75
134288.6113938114	300	54.463328158364206	0.0	157812	1474.1823279957757	-0.15000000000000002
134290.1596655638	300	56.91505640595364	0.0	163927	1548.2717524105672	0.3
134292.1560450619	300	58.91867690784447	0.0	137654	1996.3794981091726	0.3
134293.77380216104	300	59.92520497149239	0.0	146754	1493.471936352079	0.3
134296.5580851564	300	59.52520605519876	0.0	153938	2399.998916293633	0.3
134299.45504980485	300	59.958365770522505	0.0	181901	2066.8402846762515	0.3
134301.39460756799	300	59.9141490708116	0.0	111155	1544.216699710907	0.3
134303.38883442205	300	59.98370617551493	0.0	153605	1930.442895296664	0.3
134306.33587774847	300	59.687076491678575	0.0	149029	1796.629683836354	0.3
134308.39531091717	300	59.683566728631135	0.0	157421	1503.5097630474422	0.3
134311.11378394268	300	59.92729191869106	0.0	157488	1756.274809940078	0.3
134313.32921407092	300	59.93067596235392	0.0	143881	1496.6159563371377	0.3
134319.633136408	750	57.62675362525937	0.0	412837	6303.922337094545	0.3
134324.70894269517	750	56.55094733808011	0.0	401088	5075.806287179267	0.75
134329.52005823457	750	55.73983179868918	0.0	365161	4811.11553939093	0.75
134334.93367762142	750	54.32621241184148	0.0	321064	5413.619386847699	0.75
134340.21812379063	750	53.04176624264932	0.0	361565	5284.446169192163	0.75
134342.08445717965	300	55.17543285362579	0.0	144254	1866.3333890235208	-0.15000000000000002
134343.85060316074	300	57.40928687252386	0.0	149991	1766.14598110194	0.3
134345.90756999387	300	59.352320039371826	0.0	147968	2056.9668331520315	0.3
134348.7811693138	300	59.58960542687098	0.0	161857	2262.714612500847	0.3
134351.00011892265	300	59.70007297614006	0.0	145210	1889.5324507309224	0.3
134354.70197088725	300	59.95885557290608	0.0	172312	2741.217403233986	0.3
134358.90633684184	300	59.75448961829951	0.0	167025	3204.3659546065746	0.3
134362.2843510952	300	59.7134827495953	0.0	160064	2541.0068687042103	0.3
134368.56755969938	750	57.430274145421066	0.0	331053	6283.208604174238	0.3
134385.21514933615	1850	44.78268450865007	0.0	846370	16647.58963677099	0.75
134396.11844217428	750	37.87939167052429	0.0	450283	10903.292838125775	0.75
134400.91346892877	300	37.08436491602317	0.0	155580	4795.026754501119	-0.15000000000000002
134404.88683454937	300	37.110999295450426	0.0	139857	3973.3656205727425	0.3
134413.1232897802	300	32.87454406461044	0.0	155432	8236.45523083999	0.3
134420.7958554102	300	29.201978434623513	0.0	163442	7672.565629986927	0.3
134425.0317478842	300	28.96608596060866	0.0	126289	4235.892474014856	0.3
134428.76626240506	300	29.231571439745057	0.0	153295	3734.514520863602	0.3
134439.24400047056	300	22.75383337425654	0.0	173849	10477.738065488516	0.3
134442.8293303069	300	23.168503537901284	0.0	150710	3585.3298363552576	0.3
134444.59928222158	300	25.39855162322038	0.0	139105	1769.951914680902	0.3
134445.78742251766	300	28.210411327150336	0.0	141840	1188.1402960700423	0.3
134447.77531463339	300	30.222519211405398	0.0	156148	1987.8921157449402	0.3
134451.04054000552	300	30.957293839304977	0.0	160746	3265.2253721004213	0.3
134454.5514540012	300	31.446379843621624	0.0	179801	3510.9139956833515	0.3
134457.24309438842	300	32.75473945638976	0.0	140051	2691.6403872318656	0.3
134460.02620529025	300	33.97162855454543	0.0	138313	2783.1109018443253	0.3
134462.49855717077	300	35.49927667402467	0.0	143509	2472.3518805207555	0.3
134464.25316064642	300	37.74467319838663	0.0	150616	1754.6034756380466	0.3
134466.1676922673	300	39.830141577486216	0.0	165384	1914.5316209004056	0.3
134467.50417256355	300	42.49366128123762	0.0	140881	1336.480296248596	0.3
134468.9005442594	300	45.09728958538839	0.0	157671	1396.3716958492323	0.3
134470.32261684537	300	47.675216999430894	0.0	157812	1422.0725859574923	0.3
134471.9423051474	300	50.05552869742826	0.0	163927	1619.6883020026357	0.3
134473.11641352018	300	52.88142032460853	0.0	137654	1174.1083728197332	0.3
134474.44247274607	300	55.5553610987308	0.0	146754	1326.0592258777224	0.3
134476.12133153167	300	57.87650231313948	0.0	153938	1678.8587855913172	0.3
134478.118866853	300	59.59072856303005	0.0	181901	1785.773750109439	0.3
134480.14389831174	300	59.879593619291114	0.0	111155	1211.1349437389283	0.3
134483.26026831623	300	59.658356874521075	0.0	153605	2221.236744770046	0.3
134485.63102307028	300	59.78454612736678	0.0	149029	1873.8107471542905	0.3
134489.00021524902	300	59.7694220414352	0.0	157421	3015.124085931577	0.3
134492.22059489743	300	59.771266263667684	0.0	157488	2998.155777767516	0.3
134494.12563548426	300	59.619857905548876	0.0	143881	1651.4083581188108	0.3
134496.8609998397	300	59.823991842187105	0.0	163444	1795.8660633617683	0.3
134498.79705033803	300	59.880715739054445	0.0	179328	1443.2761031326588	0.3
134500.66504513175	300	59.56310553980037	0.0	159914	1317.6101992540753	0.3
134505.6063186107	300	58.621832060840504	0.0	131610	4941.273478959864	0.3
134507.83406123033	300	59.7537897877442	0.0	124011	1368.0422730963023	0.3
134510.10189574352	300	59.98472270441581	0.0	144254	1769.067083328396	0.3
134512.5989969377	300	59.67555582223837	0.0	149991	1809.166882177439	0.3
134514.24100955366	300	59.86851667026924	0.0	147968	1307.039151969136	0.3
134515.94168914732	300	59.79566360544259	0.0	161857	1572.8530648266428	0.3
134517.5933151977	300	59.90926384466551	0.0	145210	886.3997607770822	0.3
134519.6150997676	300	59.700484704516654	0.0	172312	1208.7791401488585	0.3
134521.42021670166	300	59.854428952368565	0.0	167025	1346.0557521480846	0.3
134526.1924705893	1200	59.08217506470632	0.0	638661	4772.253887662246	0.29999999999999993
134533.09802976678	1850	56.176615887210204	0.0	830730	6905.559177496112	1.2000000000000002
134550.0799904276	2850	43.1946552264156	0.0	1364537	16981.960660794604	1.85
134554.8867690878	750	42.38787656618014	0.0	450283	4806.77866023546	0.75
134558.58814774087	750	42.68649791312442	0.0	398865	3701.3786530557177	0.75
134570.38688976615	750	34.88775588783729	0.0	350812	11798.742025287132	0.75
134573.1210858696	300	36.15355978439831	0.0	155432	2734.1961034389797	-0.15000000000000002
134576.31731105005	300	36.95733460394525	0.0	163442	3196.2251804530624	0.3
134578.5014629522	300	38.77318270181719	0.0	126289	2184.15190212806	0.3
134579.99199398587	300	41.282651668141355	0.0	153295	1490.5310336758348	0.3
134581.73463215152	300	43.540013502488506	0.0	173849	1742.6381656528447	0.3
134583.00687104688	300	46.26777460714312	0.0	150710	1272.2388953453883	0.3
134584.16342156788	300	49.11122408611674	0.0	139105	1156.550521026374	0.3
134585.5078641417	300	51.76678151229555	0.0	141840	1344.4425738211903	0.3
134586.6948471313	300	54.5797985227301	0.0	156148	1186.982989565445	0.3
134587.81534653364	300	57.45929912037155	0.0	160746	1120.499402358556	0.3
134589.74126067734	300	59.53338497665705	0.0	179801	1425.9141437144976	0.3
134593.44941499896	750	59.58036039464676	0.0	337059	2953.0245820102864	0.3
134597.46968439393	750	59.560090999652445	0.0	366214	4020.2693949943236	0.75
134601.26768427607	750	59.76209111753402	0.0	360831	3797.999882118421	0.75
134605.0756453224	750	59.95413007123785	0.0	372963	3807.961046296169	0.75
134609.39592570448	750	59.56966991169537	0.0	405596	3884.460159542483	0.75
134612.29811577091	750	59.77198498976529	0.0	350713	2797.6849219300707	0.75
134616.0616551575	750	59.7524678687217	0.0	386472	3019.517121043592	0.75
134620.0680141546	750	59.74610887165689	0.0	399894	4006.358997064815	0.75
134623.233489703	750	59.7435617287538	0.0	401853	3002.5471429030863	0.75
134627.26268368802	750	59.71042893900715	0.0	343800	3033.132789746648	0.75
134630.56535585615	750	59.88212345257483	0.0	359903	2828.3054864323194	0.75
134634.38557271715	750	59.93919836291001	0.0	379700	3442.925089664816	0.75
134638.26198804154	750	59.62963658639554	0.0	425781	3309.5617765144734	0.75
134640.9518715259	750	59.76262161815013	0.0	277716	2367.014968245417	0.75
134644.95438120572	750	59.76011193832856	0.0	400396	3502.509679821565	0.75
134649.08855771975	750	59.6259354243215	0.0	400508	3634.176514007066	0.75
134653.58723362826	750	59.1272595157721	0.0	358218	4498.675908549398	0.75
134656.68673547963	750	59.612123899337114	0.0	400322	3015.1356164349827	0.75
134662.5526764508	750	57.746182928146744	0.0	369834	5865.940971190372	0.75
134667.45067238546	750	56.84818699352408	0.0	412837	4897.995934622658	0.75
134671.6304781428	750	56.66838123617036	0.0	401088	4179.8057573537235	0.75
134675.19695933055	750	57.101900048417384	0.0	365161	3566.481187752981	0.75
134679.95731192196	750	56.34154745702339	0.0	321064	4760.352591393993	0.75
134683.89941578713	750	56.3994435918546	0.0	361565	3942.1038651687854	0.75
134686.86363626944	750	57.435223109530625	0.0	378327	2964.2204823239754	0.75
134690.06048344812	750	58.2383759308602	0.0	390680	3196.8471786704213	0.75
134693.03930179725	750	59.2595575817433	0.0	345516	2978.8183491169057	0.75
134696.49863224823	750	59.800227130754166	0.0	384505	3459.3304509891327	0.75
134700.70367563865	750	59.51583693730592	0.0	372093	3284.390193448249	0.75
134704.69714597295	750	59.52236660297365	0.0	438281	3993.4703343322726	0.75
134708.4984657215	750	59.57326849435455	0.0	398987	3449.0981086190977	0.75
134714.20900408045	1200	57.862730135387736	0.0	638661	5710.538358966819	0.75
134718.79917353555	1200	57.27256068027982	0.0	538612	4590.169455107922	1.2
134730.891997873	2850	49.17973634282389	0.0	1364537	12092.824337455924	1.2000000000000002
134734.7714223107	750	49.300311905134784	0.0	450283	3879.4244376891106	0.75
134740.9547410846	750	47.11699313124467	0.0	398865	6183.31877389011	0.75
134745.59260674898	750	46.479127466895434	0.0	350812	4637.865664349235	0.75
134748.47130302127	750	47.60043119457511	0.0	382355	2878.696272320327	0.75

