9753.390470254068	750	4.0	1.932744951541337	450283	1932.744951541337	-7.5608032916277494
9754.326433750366	300	7.064036503701194	0.0	155580	935.9634962988063	-0.15000000000000002
9755.138382738141	300	10.252087515926648	0.0	139857	811.9489877745453	0.3
9755.9582360215	300	13.432234232568353	0.0	155432	819.8532833582955	0.3
9756.722491199125	300	16.667979054943718	0.0	163442	764.2551776246353	0.3
9757.301411996612	300	20.08905825745662	0.0	126289	578.9207974870947	0.3
9757.899416462045	300	23.49105379202291	0.0	153295	598.0044654337123	0.3
9758.556245073656	300	26.834225180412542	0.0	173849	656.828611610369	0.3
9759.084787473077	300	30.305682780990793	0.0	150710	528.54239942175	0.3
9760.258194163027	750	33.13227609104064	0.0	362795	1173.4066899501522	0.3
9761.383712184539	750	36.00675806952837	0.0	353220	1125.5180215122705	0.75
9762.824688639092	750	38.56578161497559	0.0	405134	1440.9764545527785	0.75
9764.850052066478	1200	40.540418187588934	0.0	624282	2025.363427386652	0.75
9767.040211700545	1200	42.35025855352304	0.0	687371	2190.159634065897	1.2
9768.92483429007	1200	44.465635963998686	0.0	526950	1884.622589524353	1.2
9770.527851263385	1200	46.86261899068388	0.0	587876	1603.0169733148045	1.2
9772.12775802029	1200	49.262712233779396	0.0	617242	1599.9067569044767	1.2
9773.665392718045	1200	51.725077536022745	0.0	581493	1537.63469775666	1.2
9775.336799644505	1200	54.05367060956171	0.0	639204	1671.4069264610293	1.2
9777.794466342859	1850	55.596003911208896	0.0	923755	2457.666698352814	1.2000000000000002
9780.015105523333	1850	57.37536473073489	0.0	891604	2220.639180474012	1.85
9782.308833500127	1850	59.08163675394122	0.0	955231	2293.7279767936707	1.85
9785.655060142712	1850	59.549577531449096	0.0	968026	2532.0592224921197	1.85
9788.067161610732	1850	59.86561050748471	0.0	874175	2183.9670239643888	1.85
9790.496343550993	1850	59.70358675938257	0.0	897976	2162.02374810214	1.85
9795.169664272758	2850	59.03026603761729	0.0	1480464	4673.3207217652825	1.85
9799.785350722917	2850	58.414579587458825	0.0	1547572	4615.686450158466	2.85
9803.250310586844	2850	58.94961972353261	0.0	1141971	3464.9598639262194	2.85
9807.63518537181	2850	58.56474493856648	0.0	1498470	4384.8747849661195	2.85
9812.519547482778	2850	57.68038282759961	0.0	1561263	4884.362110966875	2.85
9815.216431360162	1850	58.98349895021421	0.0	873429	2696.8838773853904	0.8500000000000001
9818.326327456865	1850	59.873602853512175	0.0	954453	2609.8960967020403	1.85
9821.58801593497	1850	59.82732966347412	0.0	885062	2546.273190038053	1.85
9824.77632197518	1850	59.70088428740329	0.0	1035329	2626.4453760708298	1.85
9827.826904355681	1850	59.53252342922204	0.0	1026056	2668.3608581812505	1.85
9830.49109878043	1850	59.50553697800638	0.0	943942	2526.9864512156564	1.85
9833.105855330876	1850	59.7112626895514	0.0	728962	1794.2742884549843	1.85
9835.733956570446	1850	59.86395320076074	0.0	938587	2347.309488790657	1.85
9838.77199625911	1850	59.88032923181915	0.0	908665	2983.6239689415943	1.85
9842.911475177223	1850	59.74085031370643	0.0	930577	4139.47891811271	1.85
9844.794574153659	1850	59.93974814440632	0.0	858450	1801.1021693001126	1.85
9847.681252798691	1850	59.65290722545701	0.0	1025005	2786.8409189493213	1.85
9851.248654959081	1850	59.56412500830469	0.0	886255	2588.7822171523135	1.85
9854.60206689867	1850	59.830729010128	0.0	973972	2733.395998176692	1.85
9857.408243976535	1850	59.93364844190171	0.0	958994	2397.080568226292	1.85
9861.46149745957	2850	59.5665699552045	0.0	1483527	3367.07848669721	1.85
9866.193948775262	4300	58.834118639513115	0.0	1961140	4732.45131569138	2.8499999999999996
9873.047695655145	4300	55.980371759629506	0.0	2155012	6853.74687988361	4.3
9874.238297003203	750	58.789770411571155	0.0	450283	1190.601348058346	0.75
9876.389672160922	1200	59.78057010269784	0.0	611087	1509.2003088733195	0.75
9879.071256448311	1850	59.95586538342519	0.0	877771	2324.7047192726486	1.2000000000000002
9882.098574855858	1850	59.57414596370991	0.0	933276	2381.7194197152785	1.85
9885.656818978461	1850	59.504323396324885	0.0	996749	3069.822567385026	1.85
9887.824270305951	1850	59.580308510187194	0.0	801058	1924.0148861376956	1.85
9890.59958729023	1850	59.97386823872619	0.0	905515	2106.440271461005	1.85
9894.835143135022	1850	59.605528672737705	0.0	1060487	3368.339565988486	1.85
9897.797437198926	1850	59.50698978018752	0.0	852833	2098.5388925501848	1.85
9900.134041965024	1850	59.97556498281508	0.0	913888	2031.4247973724387	1.85
9903.009776463943	1850	59.63678771771891	0.0	939819	2338.777265096167	1.85
9905.954515823554	1850	59.79739665482374	0.0	917428	2839.391062895164	1.85
9909.275989208147	1850	59.58433411088656	0.0	946851	3213.062543937185	1.85
9912.92303143317	1850	59.93729188586366	0.0	1036454	3647.0422250229017	1.85
9915.910098220413	1850	59.966985025081115	0.0	821631	2470.3068607825417	1.85
9919.480188455655	1850	59.850319870690974	0.0	923170	3116.665154390137	1.85
9923.256784137757	1850	59.55823457006445	0.0	966699	3292.085300626522	1.85
9927.742022268758	1850	59.07299643906553	0.0	885714	4485.238130998922	1.85
9932.65142234856	1850	58.1635963592636	0.0	987708	4909.400079801926	1.85
9937.309322442643	1850	57.505696265178344	0.0	923755	4657.900094085255	1.85
9942.45111320131	1850	56.363905506509965	0.0	891604	5141.790758668382	1.85
9946.309964697111	1850	56.50505401070982	0.0	955231	3858.8514958001438	1.85
9948.198303542435	1200	58.616715165385266	0.0	656471	1888.3388453245534	0.5499999999999999
9950.490693923692	1200	59.89403486783573	0.0	536667	1722.6802975495382	1.2
9952.868043649001	1200	59.61921504703332	0.0	587236	1774.8198208024073	1.2
9954.908831233723	1200	59.75608620692609	0.0	590335	1863.1288401072318	1.2
9960.720761680197	1850	57.94415576045209	0.0	1076599	5811.930446473996	1.2000000000000002
9964.62383767968	1850	58.04107976097128	0.0	758197	3903.07599948082	1.85
9970.150916664972	1850	56.51400077567652	0.0	972798	5527.078985294754	1.85
9974.170525510204	1200	56.49439193044417	0.0	641447	4019.6088452323434	0.5499999999999999
9975.437493392617	1200	59.227424048033306	0.0	570392	1266.9678824108682	1.2
9977.288984791374	1200	59.55483880040896	0.0	620283	1672.5852476243467	1.2
9979.507530634412	1200	59.99001895445647	0.0	584349	1564.8198459524947	1.2
9982.36645703299	1200	59.72141875370932	0.0	670129	2268.6002007471393	1.2
9985.254315442095	1200	59.5286526480732	0.0	690253	2192.7661056361267	1.2
9988.296314710344	1850	59.53569916568285	0.0	943942	2492.9534823903496	1.2000000000000002
9992.135393271175	1850	59.69662060484934	0.0	728962	3839.078560833504	1.85
9994.348038615277	1850	59.76336010614539	0.0	938587	1433.2604987039504	1.85
9997.2415141163	1850	59.907314778331695	0.0	908665	2356.0453278136883	1.85
10001.03019701837	1850	59.7356884139021	0.0	930577	2171.6263644295905	1.85
10003.230850958294	1850	59.86488971275994	0.0	858450	1870.7987011421662	1.85
10012.050581404976	1850	55.04515926607851	0.0	1025005	8819.730446681431	1.85
10028.534196525467	1850	42.56154414558885	0.0	886255	16483.615120489656	1.85
10054.481433538816	750	20.614307132237283	0.0	438281	25947.23701335157	-0.3500000000000001
10060.430545577066	300	18.665195093987794	0.0	167025	5949.112038249487	-0.15000000000000002
10065.977418193412	300	17.118322477641936	0.0	160064	5546.872616345857	0.3
10074.212172966338	300	12.883567704715283	0.0	137507	8234.754772926655	0.3
10079.605995218322	300	11.48974545273081	0.0	118421	5393.822251984472	0.3

