13113.438884212479	750	4.0	2.4747613827285355	450283	2474.7613827285354	-9.891473945732702
13115.227214957054	750	6.211669255424955	0.0	398865	1788.3307445750456	0.75
13117.178709054082	750	8.260175158397804	0.0	350812	1951.4940970271505	0.75
13120.235527973564	1200	9.203356238915443	0.0	617681	3056.818919482361	0.75
13124.474186726344	1200	8.964697486136396	0.0	652874	4238.658752779047	1.2
13128.225954230278	1200	9.212929982199658	0.0	520315	3751.7675039367377	1.2
13132.062318782228	1200	9.376565430252183	0.0	561791	3836.364551947474	1.2
13136.625174132763	1200	8.813710079715994	0.0	709534	4562.855350536188	1.2
13139.887928311484	1200	9.55095590099367	0.0	584846	3262.754178722323	1.2
13143.5800486777	1200	9.858835534775881	0.0	560821	3692.120366217791	1.2
13147.169848973137	1200	10.269035239340678	0.0	607410	3589.8002954352037	1.2
13151.180109603218	1200	10.25877460926008	0.0	594078	4010.260630080598	1.2
13155.021510727636	1200	10.417373484841093	0.0	624282	3841.4011244189865	1.2
13158.808517891084	1200	10.630366321393135	0.0	687371	3787.007163447959	1.2
13161.634985556733	1200	11.803898655745241	0.0	526950	2826.467665647894	1.2
13164.512373216025	1200	12.926510996453814	0.0	587876	2877.3876592914276	1.2
13167.7143858318	1200	13.724498380677513	0.0	617242	3202.0126157763007	1.2
13170.734843582302	1200	14.704040630173635	0.0	581493	3020.4577505038774	1.2
13174.586125271864	1200	14.852758940611132	0.0	639204	3851.2816895625033	1.2
13178.711477779438	1200	14.72740643303796	0.0	586839	4125.352507573171	1.2
13181.679983309576	1200	15.758900902898922	0.0	601738	2968.505530139036	1.2
13186.895715112727	1850	14.5431690997482	0.0	955231	5215.731803150721	1.2000000000000002
13192.469833452706	1850	12.969050759770722	0.0	968026	5574.118339977479	1.85
13201.39039642312	1850	8.048487789355171	0.0	874175	8920.56297041555	1.85
13206.483522090146	1200	6.955362122329435	0.0	587236	5093.125667025736	0.5499999999999999
13208.410570797363	750	9.028313415112525	0.0	379700	1927.0487072169094	0.3
13210.328722838156	750	11.110161374320123	0.0	425781	1918.1520407924024	0.75
13211.709108749938	750	13.729775462539056	0.0	277716	1380.3859117810684	0.75
13213.427398585427	750	16.011485627048657	0.0	400396	1718.2898354903994	0.75
13216.232531996671	1200	17.206352215805563	0.0	641447	2805.13341124309	0.75
13218.626975859233	1200	18.81190835324181	0.0	570392	2394.4438625637526	1.2
13223.066840101941	1850	18.37204411053512	0.0	954453	4439.86424270669	1.2000000000000002
13228.797477274262	1850	16.641406938214544	0.0	885062	5730.637172320577	1.85
13236.126706397119	1850	13.312177815355152	0.0	1035329	7329.22912285939	1.85
13244.086657788559	1850	9.352226423914654	0.0	1026056	7959.951391440498	1.85
13249.687686062245	1850	7.751198150230099	0.0	943942	5601.028273684557	1.85
13252.618353704585	1200	8.82053050789065	0.0	487812	2930.6676423394497	0.5499999999999999
13259.136830066222	1200	6.302054146254885	0.0	575591	6518.476361635765	1.2
13262.303957903343	750	7.134926309132697	0.0	378327	3167.1278371221865	0.3
13265.277773884041	750	8.161110328433422	0.0	390680	2973.815980699276	0.75
13267.946990306587	750	9.491893905886421	0.0	345516	2669.2164225469996	0.75
13270.551380796545	750	10.887503415928382	0.0	384505	2604.3904899580384	0.75
13273.7028249583	750	11.736059254173739	0.0	372093	3151.4441617546436	0.75
13281.152064303864	750	8.286819908610612	0.0	438281	7449.239345563126	0.75
13284.836698157818	750	8.602186054654808	0.0	398987	3684.633853955803	0.75
13289.980916602655	750	7.457967609818715	0.0	393804	5144.218444836094	0.75
13291.942754566546	750	9.496129645927168	0.0	331053	1961.837963891548	0.75
13294.984788238613	1200	10.454095973860978	0.0	550906	3042.033672066188	0.75
13299.22157075531	750	10.217313457164227	0.0	450283	4236.7825166967505	0.75
13302.589904249868	750	10.84897996260629	0.0	398865	3368.333494557937	0.75
13305.104619297535	750	12.334264914937672	0.0	350812	2514.715047668618	0.75
13307.467833725259	750	13.971050487215692	0.0	382355	2363.2144277219786	0.75
13309.852304933447	750	15.586579279027832	0.0	411561	2384.471208187861	0.75
13311.796567012345	750	17.64231720013052	0.0	318564	1944.2620788973102	0.75
13314.679762815209	1200	18.759121397266686	0.0	561791	2883.1958028638364	0.75
13318.217711695297	1200	19.221172517178363	0.0	709534	3537.948880088323	1.2
13321.033347936796	1200	20.40553627567927	0.0	584846	2815.6362414990913	1.2
13323.65738777581	1200	21.781496436667293	0.0	560821	2624.0398390119767	1.2
13328.81432389603	1850	20.624560316446082	0.0	939819	5156.936120221214	1.2000000000000002
13333.918725372427	1850	19.520158840049415	0.0	917428	5104.401476396667	1.85
13339.8761672581	1850	17.562716954375382	0.0	946851	5957.441885674033	1.85
13345.489264707414	1850	15.949619505061769	0.0	1036454	5613.097449313614	1.85
13352.739370742225	1850	12.699513470250118	0.0	821631	7250.10603481165	1.85
13361.530608606885	1200	7.908275605592669	0.0	587876	8791.237864657449	0.5499999999999999
13363.477560663085	750	9.961323549392262	0.0	360831	1946.952056200406	0.3
13365.23069951561	750	12.208184696866157	0.0	372963	1753.138852526104	0.75
13367.272296658173	750	14.166587554303351	0.0	405596	2041.5971425628065	0.75
13368.930142018544	750	16.50874219393319	0.0	350713	1657.8453603701614	0.75
13372.114723640472	1200	17.324160572005237	0.0	601738	3184.581621927955	0.75
13375.337934920766	1200	18.100949291712276	0.0	616206	3223.2112802929587	1.2
13379.807573282878	1850	17.631310929598026	0.0	968026	4469.638362114251	1.2000000000000002
13383.555507776697	1850	17.883376435780708	0.0	874175	3747.9344938173163	1.85
13387.306102361743	1850	18.132781850734617	0.0	897976	3750.594585046091	1.85
13391.097019274432	1850	18.341864938045713	0.0	905935	3790.9169126889037	1.85
13395.862106520997	1850	17.576777691480086	0.0	1076599	4765.0872465656275	1.85
13399.025674906037	1850	18.413209306440468	0.0	758197	3163.5683850396163	1.85
13403.281567306694	1850	18.157316905783812	0.0	972798	4255.892400656656	1.85
13409.1623180575	1850	16.27656615497706	0.0	975811	5880.750750806751	1.85
13414.447343097343	1850	14.991541115135126	0.0	873429	5285.025039841938	1.85
13419.255372588683	1850	14.18351162379419	0.0	954453	4808.029491340933	1.85
13425.932104894122	1850	11.506779318354583	0.0	885062	6676.7323054396065	1.85
13431.789214372935	1200	9.649669839542625	0.0	670129	5857.109478811958	0.5499999999999999
13439.603717668628	1200	5.835166543849128	0.0	690253	7814.503295693497	1.2
13442.691751702465	750	6.747132510013049	0.0	365161	3088.034033836079	0.3
13446.295404801298	750	7.143479411179914	0.0	321064	3603.653098833134	0.75
13450.24624603632	750	7.192638176157761	0.0	361565	3950.8412350221533	0.75
13455.31516719746	750	6.123717015019384	0.0	378327	5068.921161138377	0.75
13458.923766358932	750	6.515117853545486	0.0	390680	3608.5991614738987	0.75
13462.014972471843	750	7.423911740634837	0.0	345516	3091.2061129106473	0.75
13466.57337394031	750	6.865510272167341	0.0	384505	4558.401468467497	0.75
13467.75773388313	300	9.68115032934516	0.0	145210	1184.3599428221814	-0.15000000000000002
13469.258713924957	300	12.180170287519681	0.0	172312	1500.9800418254797	0.3
13472.137234558793	750	13.301649653684315	0.0	398987	2878.5206338353655	0.3
13476.782637932636	1200	12.656246279840449	0.0	638661	4645.4033738438675	0.75
13481.114882004154	1200	12.324002208320838	0.0	538612	4332.244071519609	1.2
13490.871666417706	2850	6.567217794769762	0.0	1364537	9756.784413551077	1.2000000000000002
13493.464138996347	750	7.974745216128998	0.0	450283	2592.4725786407644	0.75
13495.514167565769	750	9.924716646707777	0.0	398865	2050.0285694212216	0.75
13497.298352126783	750	12.140532085693481	0.0	350812	1784.1845610142962	0.75
13498.965717421563	750	14.473166790912725	0.0	382355	1667.3652947807575	0.75
13501.94532644215	1200	15.493557770325566	0.0	652874	2979.609020587159	0.75
13504.696918870923	1200	16.741965341554504	0.0	520315	2751.59242877106	1.2
13507.69829604341	1200	17.740588169065457	0.0	561791	3001.377172489049	1.2
13512.661679043129	1850	16.777205169346615	0.0	1060487	4963.3829997188395	1.2000000000000002
13516.814563419346	1850	16.624320793130664	0.0	852833	4152.884376215952	1.85
13521.60562120606	1850	15.833263006417278	0.0	913888	4791.057786713388	1.85
13526.630040967848	1850	14.808843244629955	0.0	939819	5024.419761787321	1.85
13531.721168799433	1850	13.717715413043916	0.0	917428	5091.127831586041	1.85
13544.102894150792	1850	5.335990061686125	0.0	946851	12381.72535135779	1.85
13551.156612725166	1200	4.0	1.7177285126886654	687371	7053.7185743747905	-6.836232604561261
13552.213678928523	300	6.942933796644336	0.0	140051	1057.0662033556641	-0.6000000000000001
13553.252560863284	300	9.904051861881959	0.0	138313	1038.8819347623773	0.3
13556.068056253627	750	11.088556471540297	0.0	360831	2815.4953903416617	0.3
13558.984435915207	750	12.172176809959362	0.0	372963	2916.3796615809356	0.75
13561.667001431673	750	13.489611293493223	0.0	405596	2682.5655164661403	0.75
13564.715678339593	750	14.440934385573145	0.0	350713	3048.6769079200762	0.75
13567.468289870349	750	15.688322854818264	0.0	386472	2752.611530754882	0.75
13570.406183809433	750	16.750428915732346	0.0	399894	2937.8939390859164	0.75
13579.375924492922	1200	11.780688232243053	0.0	656471	8969.740683489295	0.75
13585.141576390415	1200	10.01503633475005	0.0	536667	5765.651897493002	1.2
13588.130141106796	750	11.026471618369058	0.0	359903	2988.564716380991	0.3
13591.052896087744	750	12.103716637420943	0.0	379700	2922.7549809481147	0.75
13594.364814693656	750	12.791798031508037	0.0	425781	3311.9186059129056	0.75
13596.324134240114	750	14.832478485049648	0.0	277716	1959.3195464583885	0.75
13598.797579032462	750	16.359033692702667	0.0	400396	2473.444792346983	0.75
13601.315599422784	750	17.84101330238087	0.0	400508	2518.0203903217957	0.75
13605.48579594693	1200	17.67081677823652	0.0	570392	4170.19652414435	0.75
13611.193204664833	1200	15.96340806033341	0.0	620283	5707.408717903108	1.2
13637.967731820907	1200	4.0	10.811119095741837	584349	26774.527156075248	-45.287812111689895
13645.33703762156	300	4.0	3.3693058006533203	163444	7369.30580065332	-15.088014942809277
13656.491191148005	300	4.0	7.154153526443462	179328	11154.153526443462	-30.462860163706885
13666.995753262123	300	4.0	6.504562114118102	159914	10504.562114118102	-27.669617090707835
13673.455401620216	300	4.0	2.459648358093242	131610	6459.648358093242	-10.276487939800939
13681.404658877484	300	4.0	3.949257257268112	124011	7949.257257268112	-16.68180620625288
13688.711527367966	300	4.0	3.306868490482216	144254	7306.868490482216	-13.919534509073527
13698.23802146994	300	4.0	5.52649410197563	149991	9526.49410197563	-23.463924638495207
13703.284642670022	300	4.0	1.0466212000807746	147968	5046.6212000807745	-4.200471160347331
13712.717027258213	300	4.0	5.4323845881906765	161857	9432.384588190676	-23.059253729219908
13718.414137017175	300	4.0	1.6971097589613218	145210	5697.109758961322	-6.997571963533684
13726.37243824859	300	4.0	3.9583012314158186	172312	7958.301231415819	-16.720695295088017
13731.38859628443	300	4.0	1.0161580358397342	167025	5016.158035839734	-4.069479554110857
13737.147614437088	300	4.0	1.759018152658523	160064	5759.018152658523	-7.263778056431648
13741.929814221681	300	4.0	0.7821997845938377	137507	4782.199784593838	-3.063459073753502
13747.864184201879	300	4.0	1.9343699801978573	118421	5934.369980197857	-8.017790914850785
13772.793679856335	750	4.0	20.929495654455543	450283	24929.495654455543	-89.24683131415883
13778.857535836349	300	4.0	2.0638559800134018	155580	6063.855980013402	-9.024580714057626
13787.196185170054	300	4.0	4.338649333706338	139857	8338.649333706338	-18.356192134937253
13794.055887656317	300	4.0	2.8597024862632314	155432	6859.702486263232	-11.996720690931895
13802.661879829882	300	4.0	4.605992173563369	163442	8605.992173563369	-19.505766346322485
13807.66960421599	300	4.0	1.0077243861068663	126289	5007.724386106866	-4.033214860259525
13816.869275913477	300	4.0	5.199671697488448	153295	9199.671697488448	-22.058588299200323

