154872.7047027763	750	4.0	2.740379482619269	450283	2740.379482619269	-11.033631775262856
154877.11263712475	1200	4.0	0.4079343484229094	611087	4407.934348422909	-1.0041176982185103
154879.41051183533	750	5.702125289408838	0.0	350812	2297.874710591162	0.3
154883.72367731523	1200	5.388959809511271	0.0	617681	4313.165479897566	0.75
154889.82892416808	1200	4.0	0.716287043341551	652874	6105.2468528528225	-1.8800342863686692
154893.67253326776	1200	4.156390900320451	0.0	520315	3843.609099679549	1.2
154896.11997031738	750	5.7089538507205155	0.0	352642	2447.4370495999356	0.3
154898.973274692	750	6.855649476091987	0.0	437162	2853.304374628528	0.75
154902.71819603204	1200	7.110728136034963	0.0	584846	3744.9213400570247	0.75
154905.9618411573	1200	7.867083010784305	0.0	560821	3243.6451252506577	1.2
154909.61687018385	1200	8.212053984222837	0.0	607410	3655.029026561468	1.2
154913.17993075386	1200	8.648993414222945	0.0	594078	3563.060569999893	1.2
154916.58057148106	1200	9.248352687019235	0.0	624282	3400.640727203711	1.2
154920.86397854637	1200	8.9649456216781	0.0	687371	4283.407065341134	1.2
154927.51242812967	1200	6.316496038385895	0.0	526950	6648.449583292205	1.2
154934.72022517986	1200	4.0	0.8913010117774111	587876	7207.797050163306	-2.6325943506428677
154941.81478487712	750	4.0	3.094559697281522	360831	7094.559697281522	-13.006606698310543
154944.4753042964	300	5.339480580755137	0.0	150616	2660.5194192448625	-0.15000000000000002
154946.41606138117	300	7.398723495967453	0.0	165384	1940.7570847876839	0.3
154947.88296800014	300	9.931816876990014	0.0	140881	1466.906618977438	0.3
154949.3982903594	300	12.416494517753305	0.0	157671	1515.3223592367108	0.3
154952.8716414974	750	12.943143379721864	0.0	399894	3473.351138031442	0.3
154957.11700383836	750	12.697781038779492	0.0	401853	4245.36234094237	0.75
154960.42804295846	750	13.386741918662356	0.0	343800	3311.0391201171365	0.75
154963.27719202056	750	14.537592856567718	0.0	359903	2849.149062094637	0.75
154966.90237314152	1200	14.912411735605165	0.0	590335	3625.181120962554	0.75
154970.9899140146	1200	14.824870862561768	0.0	696376	4087.5408730433955	1.2
154974.12341099148	1200	15.691373885656212	0.0	487160	3133.4969769055574	1.2
154978.31217271247	1200	15.50261216468121	0.0	622896	4188.7617209750015	1.2
154982.93196438637	1850	14.882820490794296	0.0	975811	4619.791673886914	1.2000000000000002
154991.54756466034	1850	10.267220216817586	0.0	873429	8615.60027397671	1.85
154998.1055445	1850	7.709240377155597	0.0	954453	6557.97983966199	1.85
155003.10713211537	1200	6.707652761784047	0.0	584349	5001.58761537155	0.5499999999999999
155008.57230485926	1200	5.242480017905861	0.0	670129	5465.172743878185	1.2
155013.6208327209	1200	4.193952156270643	0.0	690253	5048.527861635218	1.2
155017.05799843522	1200	4.756786441927929	0.0	598727	3437.165714342714	1.2
155020.40509482354	1200	5.409690053609227	0.0	487812	3347.096388318702	1.2
155024.63381258442	1200	5.180972292721977	0.0	575591	4228.71776088725	1.2
155028.09951480286	1200	5.715270074265514	0.0	605884	3465.702218456463	1.2
155032.46193609602	1200	5.352848781135055	0.0	587506	4362.421293130459	1.2
155037.68729985424	1200	4.127485022903526	0.0	566904	5225.363758231529	1.2
155043.2876534179	750	4.0	1.472868540768506	384505	5600.353563672033	-6.0333347253045755
155047.26741946168	750	4.020233956226112	0.0	372093	3979.766043773888	0.75
155049.88192539153	750	5.405728026386779	0.0	438281	2614.505929839333	0.75
155052.1018199683	750	7.185833449634325	0.0	398987	2219.8945767524538	0.75
155055.774270008	1200	7.513383409915721	0.0	638661	3672.450039718604	0.75
155058.6728405571	1200	8.614812860809463	0.0	538612	2898.5705491062577	1.2
155066.59243799947	2850	4.695215418463573	0.0	1364537	7919.59744234589	1.2000000000000002
155069.97946777355	750	5.308185644375397	0.0	450283	3387.029774088175	0.75
155075.9701499487	1200	4.0	0.6824965307571746	611087	5990.682175132572	-2.184735082255851
155081.27208335753	750	4.0	1.301933408855284	350812	5301.933408855284	-5.2983136580777215
155084.0992828288	750	5.172800528740689	0.0	382355	2827.1994712593105	0.75
155091.32702837343	750	4.0	2.054945015866769	411561	7227.745544607458	-8.086263568227105
155092.4147797614	300	6.912248612008963	0.0	126289	1087.7513879910375	-0.15000000000000002
155095.02435540778	750	8.302672965633331	0.0	352642	2609.575646375632	0.3
155098.70564286713	750	8.621385506254812	0.0	437162	3681.2874593785177	0.75
155102.0834705349	750	9.243557838479974	0.0	374758	3377.827667774838	0.75
155104.99561731023	750	10.331411063185184	0.0	362795	2912.146775294791	0.75
155110.3234291788	1200	9.003599194593678	0.0	607410	5327.811868591507	0.75
155123.06248543682	1200	4.0	3.7354570634232513	594078	12739.056258016928	-14.862465372719981
155126.48377958933	300	4.578705847502604	0.0	160746	3421.294152497396	-0.6000000000000001
155129.4545503351	300	5.60793510170725	0.0	179801	2970.770745795354	0.3
155131.63021417923	300	7.43227125760102	0.0	140051	2175.6638441062305	0.3
155135.63610888316	300	7.4263765536466755	0.0	138313	4005.8947039543445	0.3
155139.39694204662	300	7.665543390205899	0.0	143509	3760.8331634407755	0.3
155141.65174724345	300	9.410738193355874	0.0	150616	2254.8051968500254	0.3
155144.86136659345	300	10.20111884338033	0.0	165384	3209.6193499755423	0.3
155151.75297183174	300	7.309513605105531	0.0	140881	6891.6052382748	0.3
155156.35991527291	300	6.702570163924299	0.0	157671	4606.943441181232	0.3
155161.47215397394	300	5.590331462908581	0.0	157812	5112.238701015718	0.3
155166.96486734782	300	4.097618089008243	0.0	163927	5492.7133739003375	0.3
155172.12467634314	300	4.0	1.0621909063001467	137654	5159.80899530839	-4.267420897090631
155174.0598947204	300	6.064781622737249	0.0	146754	1935.21837726275	0.3
155176.75986595004	300	7.364810393094841	0.0	153938	2699.9712296424073	0.3
155179.3418099696	300	8.782866373533267	0.0	181901	2581.944019561575	0.3
155180.7794750623	300	11.345201280817205	0.0	111155	1437.6650927160608	0.3
155182.25264449534	300	13.872031847780677	0.0	153605	1473.1694330365274	0.3
155185.24246887854	750	14.882207464591142	0.0	400508	2989.8243831895356	0.3
155188.23018692114	750	15.89448942198608	0.0	358218	2987.7180426050622	0.75
155196.4321522988	1200	11.692524044321829	0.0	620283	8201.965377664252	0.75
155212.17507964722	1200	4.0	4.050403304072877	584349	15742.927348394705	-16.216734207513372
155219.6523313665	300	4.0	3.4772517193063033	163444	7477.251719306303	-15.552182393017103
155226.5208565539	300	4.0	2.868525187370978	179328	6868.525187370978	-12.034658305695203
155234.56740754077	300	4.0	4.046550986883089	159914	8046.550986883089	-17.100169243597282
155237.84463259712	300	4.7227749436499655	0.0	131610	3277.2250563500347	0.3
155241.16234162418	300	5.405065916599357	0.0	124011	3317.7090270506087	0.3
155244.8518111577	300	5.715596383073236	0.0	144254	3689.469533526121	0.3
155247.93144975492	300	6.635957785856496	0.0	149991	3079.638597216741	0.3
155250.42427881542	300	8.143128725356757	0.0	147968	2492.8290604997383	0.3
155253.0012845332	300	9.566123007583236	0.0	161857	2577.00571777352	0.3
155255.40028450888	300	11.167123031890672	0.0	145210	2398.999975692567	0.3
155258.82307682466	300	11.744330716119462	0.0	172312	3422.7923157712085	0.3
155267.0107782704	750	7.556629270383134	0.0	398987	8187.701445736328	0.3
155269.47645234162	750	9.090955199146435	0.0	393804	2465.6740712366977	0.75
155271.59134431084	750	10.976063229913661	0.0	331053	2114.891969232775	0.75
155276.61561956676	1850	9.951787973997606	0.0	846370	5024.275255916057	0.75
155279.57702728306	750	10.990380257716879	0.0	450283	2961.4077162807257	0.75
155283.61319119253	1200	10.954216348214738	0.0	611087	4036.1639095021424	0.75
155287.28312172796	1200	11.284285812778624	0.0	571051	3669.9305354361136	1.2
155290.47554864545	1200	12.091858895280858	0.0	617681	3192.4269174977667	1.2
155296.26402757684	1850	10.303379963919314	0.0	996749	5788.478931361544	1.2000000000000002
155300.30814809987	1850	10.259259440882504	0.0	801058	4044.120523036808	1.85
155304.7402353769	1850	9.827172163850628	0.0	905515	4432.087277031876	1.85
155311.38881611417	1850	7.178591426574052	0.0	1060487	6648.580737276577	1.85
155318.00442306526	1850	4.562984475477722	0.0	852833	6615.606951096329	1.85
155322.30977973033	1200	4.257627810389587	0.0	560821	4305.356665088136	0.5499999999999999
155325.5777868343	1200	4.989620706403228	0.0	607410	3268.0071039863583	1.2
155328.80886011082	1200	5.758547429870276	0.0	594078	3231.0732765329512	1.2
155332.22259272408	1200	6.344814816609782	0.0	624282	3413.7326132604953	1.2
155337.33444718807	1200	5.2329603526017126	0.0	687371	5111.854464008069	1.2
155340.50672001942	1200	6.06068752124069	0.0	526950	3172.272831361023	1.2
155343.23265755782	1200	7.334749982863147	0.0	587876	2725.937538377543	1.2
155347.09932703973	1200	7.468080500966984	0.0	617242	3866.6694818961632	1.2
155350.76617659326	1200	7.80123094743244	0.0	581493	3666.8495535345437	1.2
155354.8630951343	1200	7.70431240638566	0.0	639204	4096.91854104678	1.2
155358.00807764565	1200	8.559329895019697	0.0	586839	3144.9825113659635	1.2
155361.32977078055	1200	9.237636760159628	0.0	601738	3321.6931348600674	1.2
155365.53894110039	1200	9.028466440305921	0.0	616206	4209.170319853708	1.2
155371.64991925113	1200	6.917488289576941	0.0	656471	6110.978150728981	1.2
155375.21839010142	1200	7.3490174392724255	0.0	536667	3568.470850304515	1.2
155378.634370736	1200	7.933036804694242	0.0	587236	3415.980634578183	1.2
155383.1149518586	1200	7.452455682130708	0.0	590335	4480.581122563534	1.2
155387.94481722036	1200	6.622590320344656	0.0	696376	4829.865361786052	1.2
155392.66432504702	1200	5.903082493702046	0.0	487160	4719.50782664261	1.2
155396.78032468338	1200	5.78708285735622	0.0	622896	4115.999636345827	1.2
155400.44209323413	1200	6.12531430660557	0.0	641447	3661.7685507506494	1.2
155404.59865020186	1200	5.96875733886377	0.0	570392	4156.5569677418	1.2
155412.46140423242	1200	4.0	1.89399669168546	620283	7862.75403054923	-6.944185774247477
155414.43416258052	750	6.0272416518922745	0.0	369834	1972.7583481077254	0.3
155416.25340983868	750	8.207994393742222	0.0	412837	1819.2472581500524	0.75
155418.0776283481	750	10.383775884298379	0.0	401088	1824.2185094438423	0.75
155420.905623219	1200	11.55578101338332	0.0	598727	2827.994870915058	0.75
155423.4242698874	1200	13.037134345016327	0.0	487812	2518.646668366996	1.2
155428.4212035014	1200	12.040200731012277	0.0	575591	4996.933614004049	1.2
155446.6095910368	1850	4.0	6.148186804370974	908665	18188.38753538325	-25.237203258795184
155451.66404307063	750	4.0	1.0544520338391277	390680	5054.452033839128	-4.884143745508249
155457.3199689129	750	4.0	1.655925842265371	345516	5655.925842265371	-6.370481121741095
155458.11037130898	300	7.209597603924771	0.0	161857	790.4023960752287	-0.15000000000000002
155458.795102218	300	10.524866694912888	0.0	145210	684.7309090118838	0.3
155460.70259168357	750	12.61737722935144	0.0	438281	1907.4894655614453	0.3
155462.6716452013	750	14.648323711608095	0.0	398987	1969.0535177433474	0.75
155467.5162976008	1850	13.803671312092458	0.0	982064	4844.652399515637	0.75
155476.2525629868	4300	9.067405926106638	0.0	1961140	8736.26538598582	1.8499999999999996
155485.6181400863	4300	4.0	0.2981711734042201	2155012	9365.577099510858	3.0178639543618533
155488.99937098715	750	4.6187690991596195	0.0	450283	3381.2309008403813	0.75
155492.15224654682	1200	5.465893539494104	0.0	611087	3152.8755596655155	0.75
155495.93374287715	1200	5.6843972091547945	0.0	571051	3781.496330339309	1.2
155499.4614926372	1200	6.156647449125831	0.0	617681	3527.7497600289635	1.2
155503.5359490235	1200	6.082191062832079	0.0	652874	4074.456386293752	1.2
155506.05654486798	1200	7.561595218313029	0.0	520315	2520.5958445190513	1.2
155509.075996853	1200	8.542143233298233	0.0	561791	3019.451985014795	1.2
155512.772580933	1200	8.84555915329907	0.0	709534	3696.5840799991643	1.2
155515.54958610525	1200	10.06855398105987	0.0	584846	2777.0051722392004	1.2
155519.9913723076	1850	9.626767778709144	0.0	913888	4441.786202350725	1.2000000000000002
155526.28708833441	1850	7.331051751892669	0.0	939819	6295.716026816476	1.85
155532.3689816815	1850	5.249158404805143	0.0	917428	6081.893347087526	1.85
155543.25957462654	1200	4.0	5.641434540220027	624282	10890.59294502517	-23.708168522946114
155548.2946619835	750	4.0	1.0350873569613686	434409	5035.087356961369	-4.150875634933885
155551.5646494801	750	4.730012503397042	0.0	337059	3269.987496602959	0.75
155557.00546327114	750	4.0	0.7108012876291377	366214	5440.813791026179	-2.3064455368052923
155560.3669902296	300	4.638473041549101	0.0	143509	3361.5269584508987	-0.15000000000000002
155561.13887446755	300	7.866588803616026	0.0	150616	771.8842379330753	0.3
155562.99438561677	300	10.011077654378735	0.0	165384	1855.5111492372912	0.3
155566.14229083166	750	10.863172439500543	0.0	350713	3147.90521487819	0.3
155568.9684592425	750	12.037004028658616	0.0	386472	2826.168410841927	0.75
155571.94637588644	750	13.059087384704618	0.0	399894	2977.916643953999	0.75
155579.65383957617	1200	9.351623694970588	0.0	656471	7707.4636897340315	0.75
155594.29994596733	1200	4.0	5.294482696166746	536667	14646.106391137333	-21.56627559351701
155595.83227833488	300	6.467667632434735	0.0	146754	1532.3323675652641	-0.6000000000000001
155597.06530861018	300	9.23463735715441	0.0	153938	1233.0302752803261	0.3
155601.31077462932	750	8.989171338000673	0.0	425781	4245.466019153737	0.3
155602.7643638902	750	11.535582077111133	0.0	277716	1453.5892608895388	0.75
155604.47384088123	750	13.826105086092538	0.0	400396	1709.4769910185962	0.75
155605.82852291054	750	16.47142305679312	0.0	400508	1354.6820292994153	0.75
155608.67994062204	1850	17.620005345299163	0.0	873429	2851.4177114939616	0.75
155611.6263664753	1850	18.673579492011573	0.0	954453	2946.4258532875906	1.85
155614.7577789673	1850	19.542167000034564	0.0	885062	3131.41249197701	1.85
155619.8469220531	2850	18.45302391422329	0.0	1587293	5089.143085811273	1.85
155631.6112542982	4300	10.68869166914852	0.0	2307787	11764.33224507477	2.8499999999999996
155639.61032909545	2850	6.689616871878499	0.0	1439896	7999.074797270021	1.4000000000000001
155645.16750908876	2850	5.132436878587613	0.0	1139291	5557.179993290887	2.85
155649.1288484182	1850	5.171097549158588	0.0	938587	3961.339329429023	0.8500000000000001
155651.5369169865	1850	6.763028980848687	0.0	908665	2408.068568309902	1.85
155654.15983613595	1850	8.140109831377373	0.0	930577	2622.919149471313	1.85
155656.86970022283	1850	9.43024574451871	0.0	858450	2709.864086858665	1.85
155661.26728249542	2850	9.032663471934244	0.0	1527299	4397.582272584465	1.85
155665.6822251006	2850	8.617720866735619	0.0	1343002	4414.942605198625	2.85
155669.4716284375	2850	8.828317529851898	0.0	1587250	3789.403336883721	2.85
155672.4272508355	2850	9.872695131872462	0.0	1464921	2955.622397979436	2.85
155677.07053959134	4300	9.229406375996772	0.0	2246506	4643.288755875691	2.8499999999999996
155681.0085848451	4300	9.291361122224531	0.0	1961140	3938.0452537722404	4.3
155685.63173274888	4300	8.668213218493694	0.0	2155012	4623.147903730836	4.3
155686.927083152	750	11.372862815354715	0.0	450283	1295.3504031389793	0.75
155694.4040858902	4300	7.895860077163857	0.0	2123065	7477.002738190857	0.75
155704.62806249424	4300	4.0	2.3281165268973854	2177073	10223.976604061243	-5.710901065658757
155709.88618857932	1850	4.0	1.2581260850858607	933276	5258.126085085861	-6.0099421658692
155715.82665789613	1850	4.0	1.9404693167968707	996749	5940.469316796871	-6.494018062226544
155719.3731154922	1200	4.453542403928343	0.0	520315	3546.457596071657	0.5499999999999999
155722.1619607938	1200	5.66469710233063	0.0	561791	2788.845301597713	1.2
155725.32491255677	1200	6.501745339360901	0.0	709534	3162.9517629697284	1.2
155727.79154132504	1200	8.035116571101499	0.0	584846	2466.628768259402	1.2
155730.51071948532	1200	9.315938410809284	0.0	560821	2719.178160292216	1.2
155736.8398022433	1850	6.986855652803994	0.0	939819	6329.082758005289	1.2000000000000002
155743.8895377926	1850	4.0	0.06287989647361701	917428	7049.735549277611	1.579616445163447
155747.45082953907	1200	4.438708253530816	0.0	624282	3561.291746469184	0.5499999999999999
155751.43843963818	1200	4.451098154429949	0.0	687371	3987.610099100868	1.2
155754.3763215844	1200	5.513216208191114	0.0	526950	2937.8819462388346	1.2
155758.99739895284	1200	4.892138839754647	0.0	587876	4621.077368436467	1.2
155765.1792778802	1200	4.0	1.2897400875949416	617242	6181.878927349589	-4.345882376658248
155767.6949747805	750	5.484303099697922	0.0	372963	2515.6969003020786	0.3
155773.62415384126	750	4.0	0.4448759610608613	405596	5929.179060758783	-1.1629666325617036
155777.33061208154	750	4.293541759733799	0.0	350713	3706.458240266201	0.75
155778.02060190187	750	7.603551939411156	0.0	386472	689.9898203226436	0.75
155779.86574616682	750	9.758407674431986	0.0	399894	1845.14426497917	0.75
155782.4775600116	750	11.146593829645388	0.0	401853	2611.813844786599	0.75
155784.56516610042	750	13.05898774085494	0.0	343800	2087.6060887904478	0.75
155791.28453729965	1850	10.339616541608361	0.0	897976	6719.3711992465805	0.75
155798.47764292473	1850	7.146510916554331	0.0	905935	7193.10562505403	1.85
155805.2504173245	1850	4.373736516767611	0.0	1076599	6772.77439978672	1.85
155808.56501627606	1200	5.05913756522945	0.0	487160	3314.5989515381602	0.5499999999999999
155813.98585003958	1200	4.0	0.36169619827214683	622896	5420.833763501597	-0.35529365257023127
155816.44153755793	750	5.544312481646137	0.0	400508	2455.687518353863	0.3
155820.4852394086	750	5.500610630991179	0.0	358218	4043.7018506549575	0.75
155826.40225257326	750	4.0	0.41640253368128105	400322	5917.01316467246	-1.0405308948295084
155828.6452072503	750	5.757045322945234	0.0	369834	2242.954677054766	0.75
155830.98049811504	750	7.421754458208949	0.0	412837	2335.290864736286	0.75
155833.5073002418	750	8.894952331432238	0.0	401088	2526.8021267767103	0.75
155840.08419835236	1200	6.318054220861653	0.0	598727	6576.898110570585	0.75
155842.12910581732	750	8.273146755914793	0.0	321064	2044.907464946859	0.3
155844.74654758754	1200	9.655704985682256	0.0	575591	2617.441770232538	0.75
155846.70383851015	1200	11.698414063067998	0.0	605884	1957.2909226142576	1.2
155850.16860846785	1200	12.233644105383965	0.0	587506	3464.7699576840328	1.2
155853.4213351918	1200	12.980917381448139	0.0	566904	3252.7267239358257	1.2
155859.51409335306	1850	10.888159220167736	0.0	1025005	6092.758161280402	1.2000000000000002
155862.60687771768	1850	11.79537485556543	0.0	886255	3092.7843646023057	1.85
155871.79904486402	1850	6.603207709225362	0.0	973972	9192.167146340069	1.85
155875.11076880328	1850	7.291483769987883	0.0	958994	3311.72393923748	1.85
155881.3230768122	1850	5.079175761049489	0.0	982064	6212.308008938393	1.85
155887.2569352595	1850	4.0	0.8546826862345206	830730	5933.85844728401	-1.8251355508084384
155892.30900713697	1850	4.0	1.05207187746622	846370	5052.07187746622	-2.673909073104746
155897.86326501681	750	4.0	1.5542578798452205	450283	5554.2578798452205	-5.933308883334448
155901.12964373754	750	4.733621279265313	0.0	398865	3266.3787207346872	0.75
155902.20517318163	750	7.658091835182324	0.0	350812	1075.5294440829898	0.75
155910.4866959982	1200	4.0	0.623430981384614	617681	8281.522816566938	-1.9307532199538397
155915.4526776513	750	4.0	0.9659816531313618	411561	4965.981653131362	-3.853721108464856
155917.52652216036	750	5.926155490965718	0.0	318564	2073.844509034282	0.75
155919.54442174305	750	7.908255908278574	0.0	352642	2017.8995826871444	0.75
155922.37237868487	750	9.080298966450318	0.0	437162	2827.9569418282545	0.75
155924.62090815554	750	10.83176949580328	0.0	374758	2248.529470647038	0.75
155926.9125965316	750	12.540081119742904	0.0	362795	2291.6883760603764	0.75
155930.6436475095	1200	12.809030141821589	0.0	607410	3731.050977921315	0.75
155935.61379517408	1850	11.838882477256664	0.0	917428	4970.147664564925	1.2000000000000002
155942.16416926266	1850	9.28850838871494	0.0	946851	6550.374088541725	1.85
155948.9727673364	1850	6.479910314965844	0.0	1036454	6808.598073749095	1.85
155955.2124911328	1850	4.240186518534721	0.0	821631	6239.7237964311225	1.85
155958.4918365167	1200	4.9608411346401695	0.0	587876	3279.345383894552	0.5499999999999999
155962.28567800077	1200	5.166999650572349	0.0	617242	3793.841484067822	1.2
155965.3070492876	1200	6.1456283637550255	0.0	581493	3021.3712868173225	1.2
155969.27305682885	1200	6.179620822497733	0.0	639204	3966.0075412572933	1.2
155972.90297319286	1200	6.549704458468707	0.0	586839	3629.9163640290258	1.2
155976.56036016226	1200	6.89231748908006	0.0	601738	3657.3869693886463	1.2
155979.93050911513	1200	7.522168536203824	0.0	616206	3370.1489528762363	1.2
155983.7099359763	1200	7.742741675041814	0.0	656471	3779.42686116201	1.2
155986.67298677692	1200	8.779690874429173	0.0	536667	2963.0508006126424	1.2
155990.1157432833	1200	9.336934368052466	0.0	587236	3442.756506376708	1.2
155993.5905001307	1200	9.862177520667375	0.0	590335	3474.7568473850893	1.2
155999.60327617955	1850	7.849401471784542	0.0	1076599	6012.7760488828335	1.2000000000000002
156004.37993274335	1850	7.072744908000983	0.0	758197	4776.656563783559	1.85
156009.56693714805	1850	5.885740503294867	0.0	972798	5187.004404706116	1.85
156013.7652759549	1850	5.687401696440912	0.0	975811	4198.338806853955	1.85

