144034.58229106842	750	4.0	3.894172653669693	450283	3894.172653669693	-15.994942410779679
144036.14648832646	300	6.435802741967533	0.0	155580	1564.1972580324662	-0.15000000000000002
144037.69995318944	300	8.88233787898628	0.0	139857	1553.4648629812543	0.3
144039.55291044372	300	11.029380624707805	0.0	155432	1852.957254278475	0.3
144041.00250971518	300	13.579781353250919	0.0	163442	1449.599271456885	0.3
144042.31083594117	300	16.27145512725027	0.0	126289	1308.3262260006484	0.3
144043.7532366983	300	18.829054370127132	0.0	153295	1442.400757123137	0.3
144045.13943669738	300	21.44285437102665	0.0	173849	1386.1999991004766	0.3
144046.16164583078	300	24.420645237625173	0.0	150710	1022.209133401479	0.3
144047.29923349965	300	27.28305756876871	0.0	139105	1137.58766885646	0.3
144048.3803549411	300	30.201936127308826	0.0	141840	1081.1214414598871	0.3
144049.43752886404	300	33.14476220434674	0.0	156148	1057.1739229620803	0.3
144050.900025543	300	35.68226552540922	0.0	160746	1462.496678937517	0.3
144052.1708011638	300	38.41148990462607	0.0	179801	1270.7756207831458	0.3
144053.1517898421	300	41.43050122632764	0.0	140051	980.988678298434	0.3
144055.84479519303	750	42.7374958754036	0.0	366214	2693.0053509240374	0.3
144058.5040185833	750	44.0782724851366	0.0	360831	2659.2233902670077	0.75
144061.3267074772	750	45.25558359124206	0.0	372963	2822.688893894542	0.75
144064.46185163327	750	46.12043943515397	0.0	405596	3135.144156088093	0.75
144066.9286844491	750	47.65360661933268	0.0	350713	2466.8328158212867	0.75
144069.78797171562	750	48.794319352806305	0.0	386472	2859.2872665263726	0.75
144072.31651807082	750	50.265772997631124	0.0	399894	2528.5463551751836	0.75
144074.83590540572	750	51.74638566272622	0.0	401853	2519.3873349049045	0.75
144077.2759297888	750	53.30636127965495	0.0	343800	2440.024383071269	0.75
144079.9722142635	750	54.61007680495734	0.0	359903	2696.2844746976093	0.75
144082.93472188283	750	55.64756918562651	0.0	379700	2962.5076193308278	0.75
144087.12395576204	750	55.45833530640937	0.0	425781	4189.233879217145	0.75
144089.59414731234	750	56.98814375610792	0.0	277716	2470.1915503014534	0.75
144092.9526644944	750	57.629626574059166	0.0	400396	3358.517182048742	0.75
144096.6534114246	750	57.928879643859084	0.0	400508	3700.746930200085	0.75
144100.77547017712	750	57.80682089135745	0.0	358218	4122.058752501636	0.75
144106.01827397244	750	56.56401709601951	0.0	400322	5242.803795337939	0.75
144109.19602056363	750	57.38627050484664	0.0	369834	3177.746591172867	0.75
144112.41812769714	750	58.16416337134501	0.0	412837	3222.1071335016336	0.75
144116.14205983025	750	58.44023123823073	0.0	401088	3723.9321331142833	0.75
144119.07290386953	750	59.50938719894242	0.0	365161	2930.844039288309	0.75
144121.96993349076	750	59.59876511569732	0.0	321064	2410.622083245105	0.75
144125.1354025266	750	59.53973436676042	0.0	361565	3059.0307489368906	0.75
144128.80626422568	750	59.86887266764166	0.0	378327	3170.86169911876	0.75
144132.05482836414	750	59.95274059143538	0.0	390680	2916.1320762062796	0.75
144135.5722762525	750	59.97573267836703	0.0	345516	2477.0079130683534	0.75
144139.35157733294	750	59.92780212579816	0.0	384505	3047.930552568865	0.75
144143.40091463088	750	59.87846482785747	0.0	372093	4049.3372979406927	0.75
144146.99919470315	750	59.92767870462653	0.0	438281	3450.7861232309365	0.75
144151.2128157801	1200	59.71405762769158	0.0	630203	4213.621076934946	0.75
144156.84667081782	1200	58.08020258998284	0.0	638661	5633.855037708746	1.2
144164.4739212986	1850	54.452952109223375	0.0	830730	7627.25048075946	1.2000000000000002
144177.82717578	2850	45.09969762782518	0.0	1364537	13353.254481398199	1.85
144182.3419786666	750	44.58489474122111	0.0	450283	4514.802886604066	0.75
144185.9793396684	750	44.94753373938819	0.0	398865	3637.3610018329173	0.75
144189.25897981782	750	45.6678935899727	0.0	350812	3279.6401494154934	0.75
144192.39654925116	750	46.53032415664926	0.0	382355	3137.5694333234433	0.75
144195.9586281336	750	46.96824527422014	0.0	411561	3562.078882429123	0.75
144198.42104446495	750	48.50582894287851	0.0	318564	2462.4163313416298	0.75
144201.8714839532	750	49.055389454602235	0.0	352642	3450.4394882762704	0.75
144205.823862681	750	49.10301072680305	0.0	437162	3952.378727799188	0.75
144209.09038685804	750	49.8364865497663	0.0	374758	3266.5241770367534	0.75
144213.27762236443	750	49.649251043368665	0.0	362795	4187.235506397635	0.75
144219.17129454104	750	47.755578866758505	0.0	353220	5893.672176610155	0.75
144222.83745439336	300	48.089419014425054	0.0	156148	3666.1598523334537	-0.15000000000000002
144224.68462243164	300	50.242250976142216	0.0	160746	1847.168038282831	0.3
144226.3587060958	300	52.56816731196664	0.0	179801	1674.0836641755793	0.3
144227.74452192223	300	55.18235148555793	0.0	140051	1385.8158264087115	0.3
144228.96459694387	300	57.96227646391295	0.0	138313	1220.075021644972	0.3
144230.2831468649	300	59.835449598270145	0.0	143509	1126.8268656428027	0.3
144233.69448847766	750	59.675640319604454	0.0	372963	3159.809278665689	0.3
144237.58053294144	750	59.683384254751026	0.0	405596	2992.2560648534295	0.75
144241.10918801656	750	59.670950916654164	0.0	350713	3012.433338096864	0.75
144244.79929114183	750	59.764010222522785	0.0	386472	3406.94069413138	0.75
144250.56917449806	750	57.99412686630164	0.0	399894	5769.883356221146	0.75
144256.4691755332	750	56.094125831177564	0.0	401853	5900.00103512407	0.75
144261.8581244166	750	54.70517694772411	0.0	343800	5388.948883453454	0.75
144266.47451901354	750	54.08878235078728	0.0	359903	4616.394596936836	0.75
144271.87356148323	750	52.68973988110766	0.0	379700	5399.042469679608	0.75
144276.2062300267	750	52.35707133764035	0.0	425781	4332.66854346731	0.75
144278.95660532368	750	53.606696040673825	0.0	277716	2750.3752969665284	0.75
144282.9037426945	750	53.65955866984182	0.0	400396	3947.1373708320025	0.75
144290.5534682111	750	50.009833153246824	0.0	400508	7649.725516594996	0.75
144299.9799073702	750	44.58339399413564	0.0	358218	9426.439159111176	0.75
144305.45598027174	750	43.10732109262744	0.0	400322	5476.072901508206	0.75
144308.33848294592	300	44.22481841844688	0.0	143881	2882.5026741805605	-0.15000000000000002
144313.49156249405	300	43.07173887031942	0.0	163444	5153.079548127453	0.3
144317.74437134713	300	42.818930017225846	0.0	179328	4252.808853093581	0.3
144321.96134641112	300	42.60195495323781	0.0	159914	4216.975063988039	0.3
144327.51995330807	300	41.0433480562787	0.0	131610	5558.606896959103	0.3
144332.31646955406	300	40.24683181027359	0.0	124011	4796.516246005106	0.3
144335.6413673893	300	40.92193397503475	0.0	144254	3324.897835238842	0.3
144343.6499395036	300	36.91336186070759	0.0	149991	8008.57211432716	0.3
144348.6339738833	300	35.92932748100512	0.0	147968	4984.034379702475	0.3
144355.21017417614	300	33.35312718815747	0.0	161857	6576.200292847645	0.3
144360.12103176172	300	32.44226960257247	0.0	145210	4910.857585584998	0.3
144365.76388303598	300	30.799418328321284	0.0	172312	5642.851274251188	0.3
144370.46733900948	300	30.09596235480835	0.0	167025	4703.455973512934	0.3
144376.25439902148	300	28.30890234281722	0.0	160064	5787.060011991132	0.3
144380.36666403475	300	28.196637329527547	0.0	137507	4112.265013289671	0.3
144384.88125428584	300	27.68204707843918	0.0	118421	4514.590251088367	0.3
144397.4728308332	750	19.090470531077152	0.0	450283	12591.576547362029	0.75
144401.42751681505	300	19.135784549222386	0.0	155580	3954.685981854765	-0.15000000000000002
144403.8893662794	300	20.673935084838295	0.0	139857	2461.8494643840913	0.3
144407.01575781457	300	21.547543549682903	0.0	155432	3126.391535155396	0.3
144414.88251491397	300	17.680786450294562	0.0	163442	7866.757099388339	0.3
144418.19046561408	300	18.372835750181018	0.0	126289	3307.9507001135466	0.3
144424.81734967965	300	15.745951684614704	0.0	153295	6626.884065566313	0.3
144431.4498759526	300	13.113425411655506	0.0	173849	6632.526272959198	0.3
144435.50712602306	300	13.056175341189519	0.0	150710	4057.2500704659874	0.3
144438.16220836705	300	14.401092997202024	0.0	139105	2655.082343987494	0.3
144441.19876662077	300	15.364534743475092	0.0	141840	3036.5582537269306	0.3
144443.84521187923	300	16.71808948503723	0.0	156148	2646.4452584378637	0.3
144446.84576246867	300	17.71753889558988	0.0	160746	3000.55058944735	0.3
144449.23592524827	300	19.327376115986212	0.0	179801	2390.162779603666	0.3
144451.1303511022	300	21.432950262052973	0.0	140051	1894.4258539332384	0.3
144452.6748521365	300	23.888449227775567	0.0	138313	1544.5010342774087	0.3
144454.37137774867	300	26.19192361561327	0.0	143509	1696.5256121622992	0.3
144455.99524593464	300	28.568055429635844	0.0	150616	1623.8681859774215	0.3
144457.5939168797	300	30.969384484557793	0.0	165384	1598.6709450780556	0.3
144458.968468838	300	33.59483252626503	0.0	140881	1374.5519582927552	0.3
144460.67983285373	300	35.88346851054687	0.0	157671	1711.3640157181667	0.3
144462.2205874103	300	38.34271395397028	0.0	157812	1540.75455657658	0.3
144463.80223615858	300	40.761065205693	0.0	163927	1581.6487482772893	0.3
144465.40035575634	300	43.16294560794488	0.0	137654	1598.1195977481182	0.3
144467.00161883704	300	45.5616825272586	0.0	146754	1601.2630806862803	0.3
144468.93818726073	300	47.625114103550224	0.0	153938	1936.5684237083783	0.3
144470.97679019545	300	49.586511168866366	0.0	181901	2038.6029346838566	0.3
144472.30425704832	300	52.25904431599136	0.0	111155	1327.4668528750015	0.3
144474.2671637867	300	54.29613757761383	0.0	153605	1962.906738377533	0.3
144479.73161181738	750	52.831689546891546	0.0	400508	5464.448030722284	0.3
144483.44917432207	750	53.11412704221502	0.0	358218	3717.562504676524	0.75
144487.7060468893	750	52.85725447498616	0.0	400322	4256.8725672288565	0.75
144491.8104502897	750	52.752851074595036	0.0	369834	4104.403400391132	0.75
144498.30067009205	750	50.26263127223432	0.0	412837	6490.2198023607125	0.75
144501.28364903154	750	51.27965233274364	0.0	401088	2982.978939490686	0.75
144503.63750959697	750	52.925791767330296	0.0	365161	2353.8605654133394	0.75
144506.04530664237	750	54.51799472196027	0.0	321064	2407.7970453700245	0.75
144508.66396067865	750	55.89934068567242	0.0	361565	2618.654036287855	0.75
144511.13036214837	750	57.432939215925614	0.0	378327	2466.4014697468033	0.75
144514.34250731964	750	58.22079404466606	0.0	390680	3212.145171259561	0.75
144517.0386599263	750	59.524641438009944	0.0	345516	2196.1526066561105	0.75
144519.46202212654	750	59.721225945726886	0.0	384505	2303.415492283057	0.75
144523.44022795727	1200	59.74302011496003	0.0	599477	3978.205830766855	0.75
144528.01443317105	1200	59.16881490121285	0.0	634861	4574.2052137471865	1.2
144531.64771720895	1200	59.535530863309106	0.0	630203	3633.2840379037475	1.2
144537.74821165676	1850	57.43503641552188	0.0	982064	6100.494447787226	1.2000000000000002
144545.34618960306	2850	53.83705846919908	0.0	1231456	7597.977946322799	1.85
144554.89191117143	2850	48.29133690081008	0.0	1364537	9545.721568389	2.85
144558.70755891097	750	48.475689161267745	0.0	450283	3815.647739542336	0.75
144561.29016465365	750	49.89308341858005	0.0	398865	2582.605742687691	0.75
144566.051065928	750	49.13218214422442	0.0	350812	4760.90127435562	0.75
144570.8202396341	750	48.36300843812598	0.0	382355	4769.173706098448	0.75
144573.37135310977	750	49.811894962457856	0.0	411561	2551.113475668124	0.75
144575.08003576638	750	52.10321230583699	0.0	318564	1708.6826566208633	0.75
144577.2349939605	750	53.94825411173223	0.0	352642	2154.9581941047595	0.75
144579.71375997504	750	55.46948809718141	0.0	437162	2478.7660145508175	0.75
144581.6573286032	750	57.52591946901136	0.0	374758	1943.5686281700455	0.75
144587.71152572762	1200	55.4717223446029	0.0	560821	6054.197124408464	0.75
144597.48420237593	1200	49.699045696322784	0.0	607410	9772.676648280118	1.2
144606.61004091532	1200	44.57320715693638	0.0	594078	9125.838539386408	1.2
144613.02357198915	1200	42.1596760831068	0.0	624282	6413.531073829576	1.2
144621.37323324961	1200	37.81001482266152	0.0	687371	8349.661260445284	1.2
144623.17580123595	750	40.00744683630771	0.0	337059	1802.567986353813	0.3
144625.39362853943	750	41.789619532805816	0.0	366214	2217.8273035018938	0.75
144627.97436242853	750	43.20888564371556	0.0	360831	2580.73388909025	0.75
144631.90319971886	750	43.28004835340892	0.0	372963	3928.8372903066424	0.75
144636.9307931603	750	42.252454911955894	0.0	405596	5027.5934414530275	0.75
144639.56026461243	750	43.62298345982735	0.0	350713	2629.4714521285446	0.75
144642.01141496	750	45.17183311227777	0.0	386472	2451.150347549585	0.75
144644.08890430734	750	47.094343764937946	0.0	399894	2077.4893473398197	0.75
144646.5271476468	750	48.656100425486514	0.0	401853	2438.243339451441	0.75
144648.8692943445	750	50.31395372776337	0.0	343800	2342.146697723142	0.75
144651.33731145645	750	51.84593661582195	0.0	359903	2468.017111941421	0.75
144653.87441515335	750	53.308832918898524	0.0	379700	2537.1036969234265	0.75
144656.3386095729	750	54.84463849934552	0.0	425781	2464.1944195529995	0.75
144658.33929480857	750	56.843953263689585	0.0	277716	2000.6852356559366	0.75
144660.9589399582	750	58.22430811407225	0.0	400396	2619.6451496173313	0.75
144663.59067767358	750	59.59257039867245	0.0	400508	2631.737715399802	0.75
144666.40057605095	750	59.70792233749911	0.0	358218	2384.6480611733314	0.75
144669.10051521412	750	59.560577914007276	0.0	400322	2647.3444234918375	0.75
144672.29062497464	750	59.68682040358056	0.0	369834	2373.7575104267144	0.75
144675.4550186345	750	59.62829969869024	0.0	412837	2558.520704890321	0.75
144679.3796257632	1200	59.70369257001315	0.0	690253	3924.6071286770875	0.75
144683.2819564569	1200	59.64226726498124	0.0	598727	3061.42530503191	1.2
144686.98050753793	1200	59.83394441880826	0.0	487812	3308.322846172992	1.2
144690.71812640183	1200	59.50474910429613	0.0	575591	3329.195314512119	1.2
144694.2046656255	1200	59.55069126716999	0.0	605884	3454.057837126145	1.2
144698.23261538128	1200	59.52274151139052	0.0	587506	3527.949755779466	1.2
144701.96516784074	1200	59.79018905190041	0.0	566904	3232.552459490107	1.2
144707.31338788918	1200	58.44196900347237	0.0	641452	5348.220048428042	1.2
144713.07769462338	1200	56.67766226926908	0.0	599477	5764.306734203293	1.2
144717.86758361172	1200	55.88777328092082	0.0	634861	4789.888988348261	1.2
144722.70449613358	1200	55.05086075907226	0.0	630203	4836.912521848555	1.2
144729.30806622354	1200	52.44729066911656	0.0	638661	6603.570089955697	1.2
144738.44410643348	1850	47.311250459158344	0.0	830730	9136.040209958222	1.2000000000000002
144750.43466541427	2850	39.3206914783646	0.0	1364537	11990.558980793741	1.85
144754.29030626107	750	39.46505063156535	0.0	450283	3855.6408467992524	0.75
144757.6706893746	750	40.08466751804194	0.0	398865	3380.383113523403	0.75
144761.91056870026	750	39.84478819237783	0.0	350812	4239.879325664116	0.75
144770.6472613374	750	35.108095555231	0.0	382355	8736.692637146825	0.75
144782.64955726045	750	27.10579963216755	0.0	411561	12002.295923063455	0.75
144785.22175811633	300	28.53359877629364	0.0	126289	2572.2008558739085	-0.15000000000000002
144787.52398890868	300	30.23136798394314	0.0	153295	2302.230792350501	0.3
144791.1330216651	300	30.622335227538223	0.0	173849	3609.0327564049185	0.3
144793.035673033	300	32.71968385963672	0.0	150710	1902.6513679015093	0.3
144794.44532596247	300	35.31003093015417	0.0	139105	1409.6529294825464	0.3
144795.8959517138	300	37.85940517884427	0.0	141840	1450.6257513099042	0.3
144797.69908576153	300	40.05627113112079	0.0	156148	1803.1340477234771	0.3
144799.12422743437	300	42.63112945828222	0.0	160746	1425.1416728385752	0.3
144800.4503943228	300	45.30496256984592	0.0	179801	1326.1668884362978	0.3
144801.46374553844	300	48.29161135420531	0.0	140051	1013.3512156406122	0.3
144802.71796841128	300	51.03738848137459	0.0	138313	1254.222872830715	0.3
144803.95667807866	300	53.798678813988275	0.0	143509	1238.7096673863102	0.3
144806.10233535134	750	55.65302154130373	0.0	372963	2145.657272684547	0.3
144808.86909274888	750	56.88626414376109	0.0	405596	2766.7573975426444	0.75
144810.80102618996	750	58.954330702674184	0.0	350713	1931.9334410869026	0.75
144812.8086446609	750	59.95194244271177	0.0	386472	2002.388259962412	0.75
144815.261744165	750	59.54750779613578	0.0	399894	2404.43464657599	0.75
144819.13700922177	1200	59.67224273938851	0.0	656471	3375.2650567472706	0.75
144822.70084141492	1200	59.80779159995047	0.0	536667	3364.451139438039	1.2
144827.34291247505	1200	59.16572053984117	0.0	587236	4642.071060109303	1.2
144832.810400396	1200	57.698232618888525	0.0	590335	5467.487920952641	1.2
144838.6956104328	1200	55.81302258208706	0.0	696376	5885.210036801476	1.2
144843.1382704305	1200	55.370362584391366	0.0	487160	4442.659997695686	1.2
144848.37607477524	1200	54.13255823965065	0.0	622896	5237.804344740717	1.2
144851.80304734185	750	54.70558567304532	0.0	400508	3426.972566605325	0.3
144856.0167316124	750	54.49190140248465	0.0	358218	4213.684270560675	0.75
144858.45364427712	750	56.05498873778173	0.0	400322	2436.912664702918	0.75
144860.2281540082	750	58.28047900672921	0.0	369834	1774.509731052516	0.75
144862.28005427265	750	59.8183756979567	0.0	412837	1962.1033087725189	0.75
144865.1745907252	750	59.745005949543405	0.0	401088	2073.3697484132917	0.75
144869.07750133917	1200	59.84209533555442	0.0	598727	3902.910613988981	0.75
144873.20531839656	1200	59.714278278149116	0.0	487812	3627.817057405302	1.2
144877.62225046052	1200	59.29734621418601	0.0	575591	4416.932063963111	1.2
144882.2764721757	1200	58.64312449902493	0.0	605884	4654.221715161084	1.2
144885.60826387006	1200	59.311332804644934	0.0	587506	3331.7916943799905	1.2
144889.82344434556	1200	59.096152329155785	0.0	566904	4215.1804754891455	1.2
144893.9114242673	1200	59.00817240738316	0.0	641452	4087.9799217726286	1.2
144898.39980718365	1200	58.51978949106402	0.0	599477	4488.382916319143	1.2
144903.0314545474	1200	57.88814212729759	0.0	634861	4631.647363766422	1.2
144906.58126795245	1200	58.3383287222653	0.0	630203	3549.813405032288	1.2
144913.48508054874	1850	55.43451612598025	0.0	982064	6903.812596285045	1.2000000000000002
144921.04039124458	1850	51.87920543013038	0.0	830730	7555.310695849865	1.85
144934.03793060756	2850	42.88166606715091	0.0	1364537	12997.539362979476	1.85
144936.69131642362	750	44.228280251088286	0.0	450283	2653.3858160626246	0.75
144939.9799935383	750	44.93960313641729	0.0	398865	3288.677114670997	0.75
144946.48772775749	750	42.431868917212256	0.0	350812	6507.734219205031	0.75
144951.2951524376	750	41.62444423708852	0.0	382355	4807.424680123741	0.75
144955.46724724915	750	41.45234942553191	0.0	411561	4172.094811556606	0.75
144958.76081754573	750	42.158779128932615	0.0	318564	3293.5702965992987	0.75
144962.07731060355	750	42.842286071111474	0.0	352642	3316.4930578211365	0.75
144966.72152870544	750	42.19806796920843	0.0	437162	4644.218101903044	0.75
144971.32645695584	750	41.59313971881701	0.0	374758	4604.928250391422	0.75
144976.1633394791	750	40.756257195590415	0.0	362795	4836.882523226597	0.75
144978.73375932893	750	42.18583734575814	0.0	353220	2570.4198498322758	0.75
144981.27433755848	750	43.64525911621087	0.0	405134	2540.578229547268	0.75
144988.83349236223	750	40.08610431246634	0.0	386351	7559.154803744532	0.75
144997.45877769758	750	35.4608189771103	0.0	434409	8625.28533535604	0.75
145003.17861509018	750	33.74098158453316	0.0	337059	5719.837392577137	0.75
145004.46341656576	300	36.45618010890945	0.0	138313	1284.8014756237087	-0.15000000000000002
145005.5869898178	300	39.33260685689943	0.0	143509	1123.573252010022	0.3
145007.03693310518	300	41.88266356951782	0.0	150616	1449.9432873816143	0.3
145008.5343145751	300	44.38528209957542	0.0	165384	1497.3814699423976	0.3
145009.79167151928	300	47.127925155401066	0.0	140881	1257.3569441743612	0.3
145011.07307009448	300	49.84652658019277	0.0	157671	1281.3985752082874	0.3
145012.17485106175	300	52.74474561293178	0.0	157812	1101.7809672609942	0.3
145014.88309941042	750	54.0364972642683	0.0	401853	2708.2483486634833	0.3
145017.62266945894	750	55.296927215729	0.0	343800	2739.570048539301	0.75
145020.20729213578	750	56.7123045389165	0.0	359903	2584.622676812497	0.75
145023.23725951536	750	57.682337159334246	0.0	379700	3029.96737958225	0.75
145026.89854518048	750	58.02105149419927	0.0	425781	3661.2856651349716	0.75
145029.3001336282	750	59.619463046487176	0.0	277716	2401.5884477120985	0.75
145032.63181933438	750	59.5839749969699	0.0	400396	2535.488049517274	0.75
145036.4067464709	1200	59.809047860459685	0.0	641447	3774.927136510214	0.75
145040.1016207119	1200	59.83267313655	0.0	570392	2976.3747239096874	1.2
145044.18844305445	1200	59.745850794021585	0.0	620283	3586.822342528413	1.2
145048.25827886577	1200	59.633593818172216	0.0	584349	3612.2569758493714	1.2
145052.44884957065	1200	59.44302311333379	0.0	670129	4190.57070483843	1.2
145056.16403818133	1200	59.727834502620105	0.0	690253	3715.188610713681	1.2
145059.7395965989	1200	59.70172436936113	0.0	598727	3026.1101332589765	1.2
145063.56703607994	1200	59.69822877098342	0.0	487812	3503.495598377708	1.2
145070.21727402133	1200	57.04799082960743	0.0	575591	6650.23794137599	1.2
145078.9934920788	1200	52.271772772161796	0.0	605884	8776.21805744563	1.2
145083.25767664734	750	52.007588203593116	0.0	390680	4264.184568568682	0.3
145088.4486682296	750	50.816596621317146	0.0	345516	5190.991582275964	0.75
145092.99656843353	750	50.26869641738884	0.0	384505	4547.900203928308	0.75
145097.57002475177	750	49.69524009917324	0.0	372093	4573.456318215595	0.75
145102.5239994385	750	48.7412654124317	0.0	438281	4953.974686741538	0.75
145106.28575072944	750	48.97951412147094	0.0	398987	3761.751290960765	0.75
145110.58160749206	750	48.68365735885952	0.0	393804	4295.856762611425	0.75
145115.51232579543	1200	47.75293905549584	0.0	538612	4930.718303363685	0.75
145133.3515989818	2850	33.9136658690998	0.0	1364537	17839.27318639604	1.2000000000000002
145139.36485488657	750	31.900409964350146	0.0	450283	6013.255904749653	0.75
145143.1624472135	750	32.102817637420344	0.0	398865	3797.5923269298023	0.75
145146.6634227239	750	32.60184212699911	0.0	350812	3500.9755104212336	0.75
145150.20733768147	750	33.05792716943484	0.0	382355	3543.9149575642696	0.75
145154.3240379933	750	32.94122685758402	0.0	411561	4116.700311850824	0.75
145157.411337373	750	33.85392747790563	0.0	318564	3087.2993796783894	0.75
145161.1488150397	750	34.116449811194485	0.0	352642	3737.477666711147	0.75
145165.42775059934	750	33.837514251568045	0.0	437162	4278.935559626441	0.75
145170.71409997757	750	32.551164873301616	0.0	374758	5286.349378266421	0.75
145174.08695453103	750	33.17831031986237	0.0	362795	3372.854553439251	0.75
145177.1719481613	750	34.09331668958288	0.0	353220	3084.993630279495	0.75
145180.33025278375	750	34.93501206712663	0.0	405134	3158.3046224562504	0.75
145183.6314110686	750	35.633853782247854	0.0	386351	3301.158284878775	0.75
145187.45252588036	750	35.8127389705093	0.0	434409	3821.1148117385533	0.75
145190.39738395327	750	36.86788089759456	0.0	337059	2944.858072914747	0.75
145193.46501730385	750	37.800247547003345	0.0	366214	3067.633350591209	0.75
145196.7297090048	750	38.53555584604727	0.0	360831	3264.691700956076	0.75
145200.1371612352	750	39.12810361563967	0.0	372963	3407.4522304076017	0.75
145204.74416786895	750	38.521096981902105	0.0	405596	4607.006633737563	0.75
145208.0452256155	750	39.220039235330624	0.0	350713	3301.057746571484	0.75
145211.26572161962	750	39.999543231186024	0.0	386472	3220.4960041445984	0.75
145214.636012192	750	40.6292526588083	0.0	399894	3370.290572377727	0.75
145217.93122806936	750	41.334036781462665	0.0	401853	3295.2158773456304	0.75
145222.0129419036	750	41.25232294719344	0.0	343800	4081.7138342692283	0.75
145224.6668690577	750	42.598395793128184	0.0	359903	2653.9271540652526	0.75
145226.7990692707	750	44.46619558011811	0.0	379700	2132.2002130100714	0.75
145229.43929836646	750	45.82596648436833	0.0	425781	2640.2290957497803	0.75
145231.14199032844	750	48.12327452238958	0.0	277716	1702.6919619787518	0.75
145233.86069544088	750	49.40456940992882	0.0	400396	2718.705112460762	0.75
145236.42084466902	750	50.84442018180344	0.0	400508	2560.1492281253713	0.75
145239.20149456442	750	52.06377028641827	0.0	358218	2780.649895385167	0.75
145242.40143825609	750	52.863826594743955	0.0	400322	3199.9436916743143	0.75
145245.65194952305	750	53.613315327785784	0.0	369834	3250.511266958171	0.75
145249.33613294942	750	53.92913190140759	0.0	412837	3684.1834263781984	0.75
145252.09816778346	750	55.16709706734496	0.0	401088	2762.03483406262	0.75
145257.148050715	1200	54.117214135814436	0.0	598727	5049.882931530529	0.75
145263.3898628321	1200	51.87540201871764	0.0	487812	6241.8121170968025	1.2
145272.97729454446	1200	46.28797030634495	0.0	575591	9587.431712372683	1.2

