11239.441558638318	750	4.0	2.0479839975854306	450283	2047.9839975854306	-8.056331189617351
11242.30133283242	750	5.140225805896589	0.0	398865	2859.774194103411	0.75
11243.698823833845	750	7.742734804472136	0.0	350812	1397.4910014244533	0.75
11245.90067698458	1200	9.540881653736824	0.0	617681	2201.8531507353114	0.75
11247.673508016072	1200	11.768050622244635	0.0	652874	1772.8310314921887	1.2
11249.586473357587	1200	13.855085280728145	0.0	520315	1912.965341516488	1.2
11252.693145350224	1850	14.748413288092047	0.0	905515	3106.671992636098	1.2000000000000002
11256.135634691404	1850	15.305923946910923	0.0	1060487	3442.4893411811236	1.85
11258.455003122299	1850	16.986555516017056	0.0	852833	2319.3684308938696	1.85
11260.872655246192	1850	18.56890339212236	0.0	913888	2417.6521238946957	1.85
11264.545410615829	2850	18.896148022487957	0.0	1354548	3672.7553696344053	1.85
11268.543596928906	2850	18.897961709410126	0.0	1519951	3998.1863130778306	2.85
11272.809108745703	2850	18.63244989261271	0.0	1422919	4265.511816797417	2.85
11277.36965924815	2850	18.071899390165797	0.0	1578343	4560.550502446914	2.85
11280.971992817675	2850	18.46956582064318	0.0	1231445	3602.333569522617	2.85
11284.930897221568	2850	18.510661416749585	0.0	1471065	3958.904403893596	2.85
11289.162752555056	2850	18.27880608326147	0.0	1491626	4231.855333488117	2.85
11293.762827401302	2850	17.67873123701476	0.0	1358801	4600.074846246709	2.85
11299.045008693127	2850	16.39654994519126	0.0	1537156	5282.181291823498	2.85
11303.078499843732	2850	16.36305879458714	0.0	1336050	4033.4911506041217	2.85
11308.592395939191	2850	14.849162699127573	0.0	1415116	5513.896095459568	2.85
11312.99798973419	2850	14.443568904129616	0.0	1468126	4405.593794997955	2.85
11317.93026419662	2850	13.51129444169777	0.0	1505760	4932.2744624318475	2.85
11321.381644312421	2850	14.05991432589726	0.0	1323990	3451.38011580051	2.85
11325.312384994562	2850	14.129173643754955	0.0	1383735	3930.740682142305	2.85
11329.576648372662	2850	13.864910265655963	0.0	1480464	4264.263378098993	2.85
11334.138738455178	2850	13.30282018313843	0.0	1547572	4562.090082517534	2.85
11337.333070739382	2850	14.10848789893592	0.0	1141971	3194.3322842025077	2.85
11342.93443610257	2850	12.507122535746007	0.0	1498470	5601.365363189913	2.85
11347.131529318516	2850	12.310029319799058	0.0	1561263	4197.093215946949	2.85
11350.770870446153	2850	12.670688192163215	0.0	1341201	3639.3411276358424	2.85
11355.134424596583	2850	12.30713404173291	0.0	1497683	4363.5541504303055	2.85
11359.103313805688	2850	12.338244832628085	0.0	1358081	3968.889209104825	2.85
11363.268595612875	2850	12.172963025439904	0.0	1587293	4165.281807188181	2.85
11368.86893163914	2850	10.572626999178317	0.0	1492672	5600.336026261586	2.85
11374.5940145572	2850	8.847544081118249	0.0	1439896	5725.0829180600695	2.85
11377.339881320562	1850	10.101677317755396	0.0	728962	2745.8667633628543	0.8500000000000001
11380.725211875519	1850	10.716346762799526	0.0	938587	3385.3305549558672	1.85
11383.961670374842	1850	11.479888263476305	0.0	908665	3236.458499323222	1.85
11387.549921355756	1850	11.891637282562748	0.0	930577	3588.250980913557	1.85
11390.486036382485	1850	12.955522255833882	0.0	858450	2936.1150267288654	1.85
11392.91018093796	1850	14.531377700357453	0.0	1025005	2424.144555476431	1.85
11395.057198015897	1850	16.384360622422136	0.0	886255	2147.0170779353134	1.85
11399.150359472003	2850	16.29119916631625	0.0	1587250	4093.1614561058873	1.85
11403.687446023676	2850	15.754112614642061	0.0	1464921	4537.08655167419	2.85
11409.051685279757	4300	14.389873358562053	0.0	2246506	5364.239256080009	2.8499999999999996
11413.88235216536	4300	13.559206472958293	0.0	1961140	4830.666885603759	4.3
11419.581755627987	4300	11.859803010330467	0.0	2155012	5699.403462627826	4.3
11420.810878762517	750	14.630679875800363	0.0	450283	1229.1231345301035	0.75
11424.273719218141	2850	15.167839420176929	0.0	1431809	3462.840455623435	0.75
11427.266490731554	2850	16.17506790676345	0.0	1300868	2992.771513413479	2.85
11431.881887091056	2850	15.559671547261658	0.0	1520281	4615.39635950179	2.85
11435.902310162204	2850	15.539248476113826	0.0	1472558	4020.4230711478317	2.85
11438.726836638214	2850	16.714722000102388	0.0	1224260	2824.5264760114364	2.85
11442.39569409902	2850	17.045864539297202	0.0	1388403	3668.8574608051863	2.85
11446.521847009039	2850	16.919711629277742	0.0	1638769	4126.15291001946	2.85
11451.08693240347	2850	16.354626234847608	0.0	1348011	4565.085394430133	2.85
11455.896209715153	2850	15.545348923164282	0.0	1429765	4809.277311683327	2.85
11458.929193644708	2850	16.512364993609225	0.0	1354548	3032.9839295550532	2.85
11463.233142457766	2850	16.20841618055131	0.0	1519951	4303.948813057916	2.85
11468.815690455358	2850	14.625868182959017	0.0	1422919	5582.547997592294	2.85
11474.647812012103	2850	12.793746626215704	0.0	1578343	5832.121556743313	2.85
11478.967898369585	2850	12.473660268733733	0.0	1231445	4320.0863574819705	2.85
11483.858272478514	2850	11.583286159805342	0.0	1471065	4890.374108928391	2.85
11488.51576140307	2850	10.925797235248668	0.0	1491626	4657.488924556674	2.85
11491.749589135738	1850	11.691969502580891	0.0	885714	3233.827732667778	0.8500000000000001
11494.805398486355	1850	12.636160151963765	0.0	987708	3055.8093506171263	1.85
11497.072512094333	1850	14.369046543985318	0.0	923755	2267.113607978447	1.85
11499.415992082491	1850	16.025566555827538	0.0	891604	2343.47998815778	1.85
11501.972111328136	1850	17.46944731018279	0.0	955231	2556.119245644748	1.85
11507.091185116655	2850	16.350373521664473	0.0	1505760	5119.073788518314	1.85
11510.564656998102	2850	16.87690164021667	0.0	1323990	3473.4718814478033	2.85
11513.725399241057	2850	17.716159397261602	0.0	1383735	3160.7422429550675	2.85
11516.850196053265	2850	18.591362585053847	0.0	1480464	3124.796812207754	2.85
11521.6449359234	2850	17.796622714919643	0.0	1547572	4794.739870134208	2.85
11526.15533280123	2850	17.28622583708814	0.0	1141971	4510.396877831503	2.85
11531.324641063531	2850	16.116917574786928	0.0	1498470	5169.308262301213	2.85
11534.730414876269	2850	16.711143762049222	0.0	1561263	3405.773812737704	2.85
11539.030805376291	2850	16.41075326202733	0.0	1341201	4300.390500021892	2.85
11543.228749210373	2850	16.21280942794531	0.0	1497683	4197.943834082021	2.85
11547.622183526079	2850	15.819375112240404	0.0	1358081	4393.434315704906	2.85
11552.085672167077	2850	15.355886471240199	0.0	1587293	4463.488641000206	2.85
11556.228937129108	2850	15.212621509210505	0.0	1492672	4143.264962029693	2.85
11560.252838370667	2850	15.188720267652839	0.0	1439896	4023.901241557667	2.85
11563.894582046869	2850	15.546976591450864	0.0	1139291	3641.743676201973	2.85
11569.450776195881	2850	13.990782442437897	0.0	1499009	5556.194149012967	2.85
11578.459747139006	2850	8.981811499312352	0.0	1427478	9008.970943125545	2.85
11581.322744007783	1850	10.118814630535304	0.0	930577	2862.9968687770483	0.8500000000000001
11585.199299490372	1850	10.242259147947443	0.0	858450	3876.5554825878617	1.85
11593.218735315828	1850	6.22282332249089	0.0	1025005	8019.435825456553	1.85
11599.170824867399	1200	4.270733770919779	0.0	599477	5952.089551571112	0.5499999999999999
11601.012427688644	750	6.429130949675615	0.0	438281	1841.6028212441634	0.3
11602.850855079432	750	8.590703558886162	0.0	398987	1838.4273907894537	0.75
11604.850042731508	750	10.591515906809942	0.0	393804	1999.187652076221	0.75
11614.377707576867	1850	5.063851061451158	0.0	830730	9527.664845358784	0.75
11622.775278727147	1200	4.0	3.3337200888299847	550906	8397.571150281143	-13.784996381968934
11634.035861527305	750	4.0	7.26058280015657	450283	11260.58280015657	-30.47050604067325
11636.414956337407	300	5.6209051898969635	0.0	155580	2379.0948101030363	-0.15000000000000002
11637.821523257682	300	8.214338269622436	0.0	139857	1406.5669202745282	0.3
11639.795738181898	300	10.240123345406918	0.0	155432	1974.2149242155194	0.3
11642.1265376629	300	11.909323864406009	0.0	163442	2330.7994810009072	0.3
11645.954305639989	300	12.081555887314893	0.0	126289	3827.767977091116	0.3
11649.947602276821	300	12.088259250484262	0.0	153295	3993.2966368306315	0.3
11653.784933499424	300	12.250928027881436	0.0	173849	3837.3312226028256	0.3
11657.264308884109	300	12.77155264319681	0.0	150710	3479.3753846846266	0.3
11658.906725808336	300	15.129135718970337	0.0	139105	1642.4169242264725	0.3
11659.955855525566	300	18.08000600173929	0.0	141840	1049.1297172310456	0.3
11662.57069616392	300	19.465165363385648	0.0	156148	2614.8406383536435	0.3
11664.463632027859	300	21.57222949944768	0.0	160746	1892.935863937969	0.3
11668.132973051235	300	21.902888476071972	0.0	179801	3669.3410233757086	0.3
11680.634570459126	750	13.40129106818137	0.0	337059	12501.5974078906	0.3
11690.344736264386	750	7.691125262922573	0.0	366214	9710.165805258797	0.75
11696.603353984898	300	5.432507542410385	0.0	143509	6258.617720512188	-0.15000000000000002
11699.419717184837	300	6.616144342470836	0.0	150616	2816.3631999395493	0.3
11706.714543572074	300	4.0	0.6786820447659148	165384	7294.826387236751	-2.6183327924934336
11711.681104563753	300	4.0	0.9665609916803615	140881	4966.560991680361	-3.8562122642255545
11715.165056019738	300	4.516048544015138	0.0	157671	3483.951455984861	0.3
11718.61004470665	300	5.0710598571040135	0.0	157812	3444.988686911125	0.3
11722.679990173283	300	5.0011143904724	0.0	163927	4069.9454666316137	0.3
11726.017502037896	300	5.663602525858684	0.0	137654	3337.5118646137157	0.3
11729.673936893343	300	6.00716767041037	0.0	146754	3656.4348554483126	0.3
11733.3108131822	300	6.370291381554778	0.0	153938	3636.8762888555925	0.3
11737.688723437985	300	5.992381125768151	0.0	181901	4377.910255786626	0.3
11738.500440169628	300	9.180664394124666	0.0	111155	811.7167316434869	0.3
11739.570817044078	300	12.110287519675357	0.0	153605	1070.376874449309	0.3
11740.359164043832	300	15.321940519920414	0.0	149029	788.3469997549425	0.3
11741.29203907599	300	18.38906548776353	0.0	157421	932.8750321568821	0.3
11746.15471192781	750	17.526392635944163	0.0	400322	4862.672851819369	0.3
11757.927526469151	750	9.753578094601865	0.0	369834	11772.814541342295	0.75
11761.250890615356	750	10.430213948395254	0.0	412837	3323.3641462066116	0.75
11763.02598298906	750	12.655121574692823	0.0	401088	1775.0923737024307	0.75
11764.75829865888	750	14.922805904870787	0.0	365161	1732.3156698220346	0.75
11766.271767628405	750	17.40933693534646	0.0	321064	1513.4689695243292	0.75
11767.704592640444	750	19.976511923306898	0.0	361565	1432.825012039562	0.75
11770.210261293918	1200	21.470843269833637	0.0	605884	2505.668653473261	0.75
11772.608989909844	1200	23.072114653907626	0.0	587506	2398.7286159260116	1.2
11776.346433268305	1850	23.334671295447258	0.0	858450	3737.4433584603676	1.2000000000000002
11781.694275457961	1850	21.98682910579067	0.0	1025005	5347.84218965659	1.85
11786.177333987067	1850	21.503770576685337	0.0	886255	4483.058529105332	1.85
11790.9529433254	1850	20.728161238353387	0.0	973972	4775.6093383319485	1.85
11819.322693488732	1850	4.0	7.64158892497974	958994	28369.750163333127	-31.00883237741288
11820.403883540781	300	6.918809947951528	0.0	160064	1081.1900520484714	-1.25
11821.854184658663	750	9.468508830069268	0.0	331053	1450.3011178822603	0.3
11825.998228140053	1850	9.324465348678817	0.0	846370	4144.04348139045	0.75
11832.664477198103	750	6.658216290630328	0.0	450283	6666.249058048489	0.75
11833.953035542605	750	9.369657946127715	0.0	398865	1288.5583445026148	0.75
11835.130161274095	750	12.192532214636707	0.0	350812	1177.1257314910074	0.75
11837.914099216028	1200	13.408594272702903	0.0	617681	2783.9379419338043	0.75
11841.346200782118	1200	13.976492706612937	0.0	652874	3432.101566089967	1.2
11843.887861980067	1200	15.434831508663652	0.0	520315	2541.661197949285	1.2
11851.802043941714	1850	11.520649547018085	0.0	905515	7914.181961645568	1.2000000000000002
11881.489618008907	1850	4.0	18.166924520175964	1060487	29687.57406719405	-76.26777543675665
11882.140069493995	300	7.349548514913009	0.0	150710	650.4514850869906	-1.25
11882.754551366821	300	10.735066642086274	0.0	139105	614.4818728267347	0.3
11883.401936172366	300	14.087681836540172	0.0	141840	647.3848055461018	0.3
11885.011641573918	750	16.477976434989536	0.0	405134	1609.7054015506349	0.3
11886.893741709056	750	18.595876299849625	0.0	386351	1882.100135139914	0.75
11891.087901486695	1850	18.401716522211483	0.0	1036454	4194.159777638142	0.75
11895.140395771554	1850	18.34922223735218	0.0	821631	4052.4942848593037	1.85
11898.87787498027	1850	18.61174302863662	0.0	923170	3737.479208715556	1.85
11903.559480000971	1850	17.930138007934936	0.0	966699	4681.605020701685	1.85
11908.479685792068	1850	17.009932216836873	0.0	885714	4920.205791098063	1.85
11917.722796123884	1850	11.766821885019894	0.0	987708	9243.11033181698	1.85
11922.717705108309	1200	10.771912900594678	0.0	586839	4994.908984425215	0.5499999999999999
11928.191239557189	1200	9.29837845171465	0.0	601738	5473.53444888003	1.2
11937.212730395857	1200	4.276887613047693	0.0	616206	9021.490838666956	1.2
11938.222095576204	300	7.267522432700907	0.0	163927	1009.3651803467862	-0.6000000000000001
11939.26635327903	300	10.223264729875819	0.0	137654	1044.2577028250878	0.3
11941.655783587934	750	11.833834420972009	0.0	359903	2389.4303089038103	0.3
11944.78667250142	750	12.702945507488483	0.0	379700	3130.888913483527	0.75
11948.121796105841	750	13.36782190306607	0.0	425781	3335.123604422413	0.75
11949.841743845385	750	15.647874163522125	0.0	277716	1719.947739543945	0.75
11953.22385137693	750	16.26576663197673	0.0	400396	3382.1075315453945	0.75
11962.26931988058	1200	11.220298128327906	0.0	641447	9045.468503648824	0.75
11966.849682025959	750	10.63993598294711	0.0	358218	4580.362145380796	0.3
11972.006080405403	750	9.483537603503715	0.0	400322	5156.398379443395	0.75
11977.589575935097	750	7.900042073809886	0.0	369834	5583.495529693829	0.75
11985.66096637241	750	4.0	0.17134836350238675	412837	8071.390437312273	0.013202036939736983
11988.767665948657	300	4.893300423752853	0.0	179328	3106.699576247147	-0.15000000000000002
11993.390804229259	300	4.270162143150001	0.0	159914	4623.138280602851	0.3
12003.21544340266	300	4.0	5.554477030248767	131610	9824.63917339877	-23.584251230069697
12006.10715024054	300	5.1082931621210665	0.0	124011	2891.706837878934	0.3
12007.068906923185	300	8.146536479475047	0.0	144254	961.75668264602	0.3
12007.804791392084	300	11.410652010574927	0.0	149991	735.8844689001206	0.3
12008.442002417052	300	14.773440985607207	0.0	147968	637.211024967719	0.3
12009.277968333914	300	17.937475068745247	0.0	161857	835.965916861962	0.3
12010.023272249402	300	21.192171153257302	0.0	145210	745.3039154879455	0.3
12010.811442285536	300	24.404001117124213	0.0	172312	788.1700361330869	0.3
12017.501688949218	2850	21.713754453442547	0.0	1464921	6690.24666368167	0.30000000000000027
12021.4910427654	2850	21.724400637261294	0.0	1483527	3989.3538161812526	2.85
12027.732887330016	4300	19.482556072644055	0.0	1961140	6241.844564617238	2.8499999999999996
12035.256341380611	4300	15.959102022049432	0.0	2155012	7523.454050594624	4.3
12036.58729678398	750	18.62814661867983	0.0	450283	1330.9554033696056	0.75
12039.364799881007	1850	19.85064352165415	0.0	957685	2777.5030970256785	0.75
12042.338001791059	2850	20.87744161160173	0.0	1300868	2973.201910052424	1.85
12046.001377825653	2850	21.214065577007283	0.0	1520281	3663.376034594447	2.85
12049.391243977027	2850	21.824199425633083	0.0	1472558	3389.866151374197	2.85
12052.50101123985	2850	22.71443216280846	0.0	1224260	3109.7672628246214	2.85
12055.67123388054	2850	23.544209522120305	0.0	1388403	3170.2226406881564	2.85
12060.844437687889	4300	22.371005714770085	0.0	2290172	5173.20380735022	2.8499999999999996
12066.57970557771	4300	20.635737824950375	0.0	2055469	5735.267889819714	4.3
12071.30125003833	4300	19.914193364329194	0.0	2169201	4721.54446062118	4.3
12076.134029352996	4300	19.081414049661678	0.0	2173522	4832.779314667515	4.3
12081.181749573716	4300	18.03369382894285	0.0	2102452	5047.720220718826	4.3
12086.429824344512	4300	16.785619058146228	0.0	2209463	5248.07477079662	4.3
12093.698998623322	4300	13.516444779334844	0.0	2275376	7269.174278811384	4.3
12099.789834974732	4300	11.425608427925015	0.0	2005399	6090.836351409829	4.3
12104.92179767795	2850	10.293645724707904	0.0	1471065	5131.962703217112	1.4000000000000001
12109.479357714195	2850	9.736085688462541	0.0	1491626	4557.560036245362	2.85
12114.670890964817	2850	8.544552437840684	0.0	1358801	5191.5332506218565	2.85
12118.909060257389	1850	8.306383145268988	0.0	987708	4238.169292571695	0.8500000000000001
12122.460791331358	1850	8.754652071299404	0.0	923755	3551.731073969584	1.85
12124.984997095937	1850	10.230446306720202	0.0	891604	2524.205764579202	1.85
12127.518506374612	1850	11.696937028044474	0.0	955231	2533.5092786757286	1.85
12129.50854232424	1850	13.706901078416736	0.0	968026	1990.0359496277358	1.85
12131.306583714517	1850	15.908859688139728	0.0	874175	1798.041390277009	1.85
12133.967000131202	1850	17.24844327145459	0.0	897976	2660.4164166851388	1.85
12136.752886793445	1850	18.462556609210775	0.0	905935	2785.886662243812	1.85
12139.23062196413	1850	19.984821438525646	0.0	1076599	2477.73517068513	1.85
12141.212980175455	1850	22.002463227202163	0.0	758197	1982.358211323483	1.85
12143.323980928555	1850	23.891462474100685	0.0	972798	2111.000753101479	1.85
12145.266748462778	1850	25.948694939878916	0.0	975811	1942.7675342217701	1.85
12149.776485488195	4300	25.438957914462204	0.0	2113193	4509.73702541671	1.8499999999999996
12154.42921724652	4300	24.786226156137715	0.0	2147852	4652.731758324489	4.3
12159.146233080519	4300	24.069210322137412	0.0	2191074	4717.015834000302	4.3
12164.460322433028	4300	22.755120969629317	0.0	2286761	5314.089352508098	4.3
12169.123208823985	4300	22.092234578672503	0.0	2307787	4662.886390956814	4.3
12173.871820020238	4300	21.343623382419807	0.0	2143948	4748.611196252697	4.3
12178.046110380996	4300	21.169333021661267	0.0	1919781	4174.290360758538	4.3
12183.038546174721	4300	20.1768972279346	0.0	2147467	4992.435793726669	4.3
12187.548389187978	4300	19.667054214679357	0.0	2133870	4509.843013255242	4.3
12192.53178026593	4300	18.683663136725343	0.0	2146120	4983.391077954012	4.3
12196.83402094266	4300	18.381422459996262	0.0	2108491	4302.240676729081	4.3
12202.14690742385	4300	17.068535978806903	0.0	2184571	5312.88648118936	4.3
12206.710325832977	4300	16.505117569679076	0.0	2121928	4563.418409127831	4.3
12212.741800129976	4300	14.473643272680242	0.0	2219102	6031.474296998833	4.3
12218.421511014229	4300	12.793932388427304	0.0	2124950	5679.710884252937	4.3
12224.43960485474	4300	10.775838547916097	0.0	2246506	6018.0938405112065	4.3
12229.688986826786	4300	9.526456575868709	0.0	1961140	5249.3819720473875	4.3
12234.752947961117	4300	8.462495441539419	0.0	2155012	5063.961134329291	4.3
12236.479704385933	750	10.735739016723292	0.0	450283	1726.756424816128	0.75
12238.612297789039	1200	12.603145613616585	0.0	611087	2132.5934031067063	0.75
12240.313887285622	1200	14.901556117034273	0.0	571051	1701.589496582311	1.2
12242.777357175235	1850	16.438086227421437	0.0	933276	2463.4698896128343	1.2000000000000002
12248.83548672048	2850	14.379956682176147	0.0	1472558	6058.12954524529	1.85
12251.576127569593	2850	15.63931583306224	0.0	1224260	2740.6408491139077	2.85
12256.237611523735	2850	14.977831878921949	0.0	1388403	4661.483954140292	2.85
12262.72486503706	2850	12.490578365597866	0.0	1638769	6487.253513324083	2.85
12273.658813956414	2850	5.556629446243385	0.0	1348011	10933.948919354481	2.85
12279.964367152348	1200	4.0	0.7489237496913547	560821	6305.55319593474	-3.670372123672825
12280.841323368986	750	7.123043783361169	0.0	353220	876.9562166388317	0.3
12281.470198422629	750	10.494168729719709	0.0	405134	628.8750536414592	0.75
12283.475286931023	1200	12.489080221326834	0.0	624282	2005.0885083928747	0.75
12287.17432048906	1200	12.790046663289543	0.0	687371	3699.0335580372926	1.2
12288.993718918291	1200	14.970648234057178	0.0	526950	1819.3984292323632	1.2
12291.436601933847	1200	16.52776521850314	0.0	587876	2442.883015554038	1.2
12295.604341643775	1850	16.360025508574886	0.0	966699	4167.739709928253	1.2000000000000002
12299.9116828913	1850	16.052684261050004	0.0	885714	4307.341247524883	1.85
12305.59028408858	1850	14.374083063770934	0.0	987708	5678.601197279068	1.85
12310.426918774148	1850	13.537448378202102	0.0	923755	4836.634685568832	1.85
12314.06596385752	1850	13.89840329483019	0.0	891604	3639.0450833719115	1.85
12319.239333586018	1850	12.72503356633295	0.0	955231	5173.369728497241	1.85
12323.318075209254	1850	12.6462919430971	0.0	968026	4078.7416232358473	1.85
12327.64353292838	1850	12.320834223972325	0.0	874175	4325.457719124776	1.85
12331.180988327773	1850	12.783378824578508	0.0	897976	3537.455399393816	1.85
12334.201085708903	1850	13.763281443449117	0.0	905935	3020.0973811293893	1.85
12339.76625896312	1850	12.19810818923274	0.0	1076599	5565.173254216379	1.85
12343.576035615493	1850	12.388331536859107	0.0	758197	3809.7766523736327	1.85
12348.908213607492	1850	11.056153544859438	0.0	972798	5332.177991999669	1.85
12353.048269349872	1850	10.916097802477516	0.0	975811	4140.055742381921	1.85
12356.005478676594	1850	11.95888847575615	0.0	873429	2957.209326721367	1.85

