12358.3168769034	750	4.0	2.239539958395732	450283	2239.539958395732	-8.880021821101646
12360.089587943787	750	6.227288959612474	0.0	398865	1772.7110403875265	0.75
12361.6469410658	750	8.669935837600201	0.0	350812	1557.3531220122718	0.75
12363.34565449973	750	10.97122240366985	0.0	382355	1698.713433930353	0.75
12366.280072139525	1200	12.036804763873878	0.0	652874	2934.417639795973	0.75
12368.674005250214	1200	13.642871653185285	0.0	520315	2393.933110688592	1.2
12371.137932037158	1200	15.178944866241684	0.0	561791	2463.926786943601	1.2
12374.353839021773	1200	15.963037881627487	0.0	709534	3215.906984614196	1.2
12377.060240158035	1200	17.256636745365206	0.0	584846	2706.401136262282	1.2
12379.70416619805	1200	18.61271070535134	0.0	560821	2643.9260400138646	1.2
12382.50654486316	1200	19.810332040240347	0.0	607410	2802.3786651109913	1.2
12385.025231825373	1200	21.29164507802448	0.0	594078	2518.686962215867	1.2
12387.709617386083	1200	22.60725951731651	0.0	624282	2684.3855607079727	1.2
12390.539138234522	1200	23.777738668875983	0.0	687371	2829.5208484405252	1.2
12392.901551148421	1200	25.415325754976063	0.0	526950	2362.4129138999206	1.2
12397.389278229197	1850	24.927598674200677	0.0	923170	4487.727080775383	1.2000000000000002
12401.965012621762	1850	24.35186428163627	0.0	966699	4575.734392564409	1.85
12407.762005329418	1850	22.55487157398075	0.0	885714	5796.992707655519	1.85
12412.94770226553	1850	21.369174637866063	0.0	987708	5185.6969361146885	1.85
12418.549106725113	1850	19.767770178282902	0.0	923755	5601.404459583164	1.85
12423.672599244956	1200	18.644277658440668	0.0	601738	5123.492519842237	0.5499999999999999
12429.03849812327	1200	17.278378780127703	0.0	616206	5365.898878312964	1.2
12432.320638390098	1200	17.996238513298717	0.0	656471	3282.1402668289825	1.2
12434.95596580913	1200	19.36091109426668	0.0	536667	2635.3274190320362	1.2
12438.695264181224	1200	19.62161272217051	0.0	587236	3739.2983720961697	1.2
12441.890219305486	1200	20.42665759791002	0.0	590335	3194.9551242604903	1.2
12446.058027499446	1200	20.258849403948954	0.0	696376	4167.808193961067	1.2
12452.861169313464	1200	17.455707589931663	0.0	487160	6803.141814017291	1.2
12457.858924533533	1200	16.45795236986228	0.0	622896	4997.755220069383	1.2
12460.272325187376	750	18.044551716019697	0.0	400508	2413.400653842582	0.3
12462.474392708595	750	19.842484194801624	0.0	358218	2202.067521218073	0.75
12465.322672281372	750	20.99420462202196	0.0	400322	2848.2795727796647	0.75
12468.13329200253	750	22.183584900865412	0.0	369834	2810.61972115655	0.75
12470.870128965515	750	23.44674793788192	0.0	412837	2736.8369629834924	0.75
12475.699810687327	1200	22.61706621606717	0.0	690253	4829.681721814753	0.75
12479.64764410288	1200	22.669232800513868	0.0	598727	3947.8334155533025	1.2
12482.474884212044	1200	23.841992691349652	0.0	487812	2827.2401091642123	1.2
12485.52669989314	1200	24.790177010254673	0.0	575591	3051.815681094982	1.2
12489.228027946705	1200	25.08884895668852	0.0	605884	3701.328053566154	1.2
12493.485117114044	1200	24.831759789351548	0.0	587506	4257.089167336969	1.2
12497.545506498152	1200	24.771370405241463	0.0	566904	4060.389384110088	1.2
12501.66167284738	1200	24.655204056013847	0.0	641452	4116.166349227613	1.2
12505.345156649431	1200	24.971720253964193	0.0	599477	3683.483802049655	1.2
12508.778023045918	1200	25.538853857477573	0.0	634861	3432.8663964866214	1.2
12512.111369063105	1200	26.2055078402896	0.0	630203	3333.346017187973	1.2
12515.650766606897	1200	26.666110296498776	0.0	638661	3539.3975437908225	1.2
12522.497702368284	2850	23.81917453511217	0.0	1231456	6846.935761386605	1.2000000000000002
12532.109872135066	2850	18.207004768331128	0.0	1364537	9612.169766781046	2.85
12535.030527217055	750	19.28634968634139	0.0	450283	2920.6550819897366	0.75
12538.909740037425	1200	19.40713686597221	0.0	611087	3879.212820369179	0.75
12542.235963104786	1200	20.080913798610823	0.0	571051	3326.223067361389	1.2
12546.171932586178	1200	20.144944317218325	0.0	617681	3935.969481392497	1.2
12550.088330352624	1200	20.22854655077126	0.0	652874	3916.397766447067	1.2
12555.102535454866	1200	19.214341448530483	0.0	520315	5014.205102240778	1.2

