150203.76247952576	750	4.0	3.577861463103849	450283	3577.861463103849	-14.63480429134655
150205.25036414337	300	6.51211538236463	0.0	155580	1487.8846176353702	-0.15000000000000002
150206.6284153234	300	9.134064202352965	0.0	139857	1378.051180011665	0.3
150208.07198482772	300	11.690494698005484	0.0	155432	1443.5695043474816	0.3
150209.40772935358	300	14.354750172147396	0.0	163442	1335.744525858089	0.3
150210.73021502222	300	17.0322645034982	0.0	126289	1322.4856686491958	0.3
150212.16841112587	300	19.594068399868892	0.0	153295	1438.1961036293103	0.3
150213.5805704088	300	22.181909116903835	0.0	173849	1412.1592829650556	0.3
150214.79998189505	300	24.9624976306548	0.0	150710	1219.4114862490385	0.3
150215.94400554613	300	27.81847397958051	0.0	139105	1144.0236510742884	0.3
150216.95025689242	300	30.81222263329068	0.0	141840	1006.2513462898322	0.3
150218.18291925284	300	33.579560272846784	0.0	156148	1232.6623604438955	0.3
150219.43868599305	300	36.32379353265608	0.0	160746	1255.766740190701	0.3
150220.6877239	300	39.07475562572439	0.0	179801	1249.0379069316887	0.3
150221.95467524967	300	41.80780427605345	0.0	140051	1266.9513496709371	0.3
150223.0182010059	300	44.74427851980959	0.0	138313	1063.5257562438633	0.3
150225.69277217973	750	46.069707346006666	0.0	360831	2674.5711738029217	0.3
150228.49963931198	750	47.26284021377459	0.0	372963	2806.867132232084	0.75
150231.63524007422	750	48.12723945153589	0.0	405596	3135.6007622386996	0.75
150234.1782367895	750	49.58424273624776	0.0	350713	2542.996715288129	0.75
150237.06395894443	750	50.69852058129164	0.0	386472	2885.722154956122	0.75
150240.04247470407	750	51.72000482168518	0.0	399894	2978.515759606458	0.75
150244.00812161292	1200	51.75435791283723	0.0	656471	3965.6469088479494	0.75
150249.03838268467	1200	50.72409684106414	0.0	536667	5030.261071773091	1.2
150253.454287672	1200	50.30819185372269	0.0	587236	4415.904987341449	1.2
150259.74145901093	1200	48.02102051481399	0.0	590335	6287.171338908691	1.2
150265.2601950322	750	46.502284493533054	0.0	425781	5518.73602128094	0.3
150267.94192572215	750	47.82055380358008	0.0	277716	2681.730689952967	0.75
150272.9720454276	750	46.790434098138164	0.0	400396	5030.119705441924	0.75
150276.9878594402	750	46.77462008553437	0.0	400508	4015.814012603789	0.75
150280.7243795658	750	47.03809995994626	0.0	358218	3736.520125588114	0.75
150284.96457998003	750	46.79789954569609	0.0	400322	4240.200414250166	0.75
150288.5885919959	750	47.17388752981275	0.0	369834	3624.0120158833392	0.75
150292.72057830705	750	47.0419012186659	0.0	412837	4131.986311146849	0.75
150296.56964487588	750	47.19283464984039	0.0	401088	3849.0665688255076	0.75
150300.2067264095	750	47.55575311622422	0.0	365161	3637.081533616176	0.75
150303.481794989	750	48.280684536735436	0.0	321064	3275.0685794887845	0.75
150306.89974965507	750	48.86272987066633	0.0	361565	3417.954666069108	0.75
150310.3297002726	750	49.432779253154386	0.0	378327	3429.950617511941	0.75
150314.17656803541	750	49.58591149032205	0.0	390680	3846.86776283234	0.75
150317.91406006712	750	49.84841945862075	0.0	345516	3737.4920317012998	0.75
150321.88275632655	750	49.87972319917429	0.0	384505	3968.6962594464494	0.75
150325.48474906856	750	50.27773045718045	0.0	372093	3601.992741993836	0.75
150331.63559341023	750	48.12688611552398	0.0	438281	6150.844341656478	0.75
150336.60544141266	750	47.157038113089286	0.0	398987	4969.848002434691	0.75
150340.82549605612	750	46.93698346962278	0.0	393804	4220.0546434665	0.75
150347.76399223373	1200	43.998487292001705	0.0	538612	6938.496177621073	0.75
150365.32794951682	2850	30.434530008879864	0.0	1364537	17563.957283121843	1.2000000000000002
150373.8425648666	750	25.919914659137792	0.0	450283	8514.615349742075	0.75
150377.9666421051	300	25.79583742061092	0.0	155580	4124.077238526872	-0.15000000000000002
150381.72685950552	300	26.03562002018653	0.0	139857	3760.217400424385	0.3
150385.44944837264	300	26.31303115309916	0.0	155432	3722.5888670873715	0.3
150387.43481390315	300	28.327665622569402	0.0	163442	1985.365530529757	0.3
150388.5802026907	300	31.182276835024982	0.0	126289	1145.388787544418	0.3
150390.19372223553	300	33.56875729017624	0.0	153295	1613.5195448487432	0.3
150392.08328245638	300	35.67919706930361	0.0	173849	1889.56022087263	0.3
150393.76042322817	300	38.00205629751966	0.0	150710	1677.1407717839518	0.3
150395.02933035872	300	40.7331491669741	0.0	139105	1268.9071305455586	0.3
150396.24473436148	300	43.51774516421799	0.0	141840	1215.4040027561095	0.3
150397.83370123562	300	45.928778290075535	0.0	156148	1588.966874142462	0.3
150400.02441620186	300	47.73806332383607	0.0	160746	2190.7149662394604	0.3
150401.9581568005	300	49.804322725183475	0.0	179801	1933.7405986525998	0.3
150403.71177705505	300	52.05070247064311	0.0	140051	1753.6202545403676	0.3
150405.40017352655	300	54.36230599914676	0.0	138313	1688.3964714963545	0.3
150407.12217772906	300	56.640301796636834	0.0	143509	1722.004202509924	0.3
150412.62742206754	750	55.13505745814102	0.0	372963	5505.244338495815	0.3
150425.46081935804	750	46.30166016765954	0.0	405596	12833.397290481482	0.75
150429.87733282265	300	45.88514670303652	0.0	140881	4416.513464623024	-0.15000000000000002
150436.41422415196	300	43.34825537373067	0.0	157671	6536.891329305845	0.3
150441.39250123128	300	42.36997829441272	0.0	157812	4978.277079317962	0.3
150443.72979488026	300	44.032684645435396	0.0	163927	2337.293648977317	0.3
150445.64753260405	300	46.114946921676946	0.0	137654	1917.7377237584549	0.3
150447.66089449052	300	48.10158503521638	0.0	146754	2013.3618864605585	0.3
150450.2733910615	300	49.48908846424748	0.0	153938	2612.4965709689063	0.3
150457.49580925846	300	46.26667026726695	0.0	181901	7222.418196980522	0.3
150462.27951785817	300	45.48296166756176	0.0	111155	4783.708599705198	0.3
150463.68462718566	300	48.07785234006963	0.0	153605	1405.1093274921227	0.3
150464.88754406455	300	50.87493546119684	0.0	149029	1202.9168788727916	0.3
150466.07889467335	300	53.68358485241364	0.0	157421	1191.350608783204	0.3
150467.19107604743	300	56.57140347833449	0.0	157488	1112.1813740791451	0.3
150468.1416581984	300	59.62082132734081	0.0	143881	950.582150993677	0.3
150471.38815032778	750	59.83809533054658	0.0	412837	2282.7259967942296	0.3
150476.44234095525	750	58.783904703069645	0.0	401088	5054.190627476938	0.75
150479.33399156074	750	59.7160577803542	0.0	365161	2067.8469227154465	0.75
150482.84459831569	750	59.69115624424795	0.0	321064	3024.901536106245	0.75
150485.91183165103	750	59.58739218600484	0.0	361565	2603.764058243103	0.75
150490.83345438668	750	58.665769450349394	0.0	378327	4921.622735655452	0.75
150497.12053435118	750	56.37868948585582	0.0	390680	6287.079964493571	0.75
150506.2815269839	750	51.217696853146926	0.0	345516	9160.992632708896	0.75
150512.1393043965	750	49.35991944054495	0.0	384505	5857.777412601976	0.75
150519.8485562641	750	45.65066757293226	0.0	372093	7709.251867612693	0.75
150525.63558128075	300	43.8636425562869	0.0	172312	5787.02501664536	-0.15000000000000002
150529.98078022973	300	43.5184436072986	0.0	167025	4345.198948988301	0.3
150534.62501881958	300	42.87420501745115	0.0	160064	4644.238589847449	0.3
150538.09409442972	300	43.4051294072933	0.0	137507	3469.075610157854	0.3
150543.44337078772	750	42.05585304930633	0.0	314107	5349.27635798697	0.3
150552.5065441546	750	36.99267968240893	0.0	450283	9063.173366897405	0.75
150555.9854021716	300	37.51382166542963	0.0	155580	3478.85801697929	-0.15000000000000002
150563.270294225	300	34.22892961203037	0.0	139857	7284.892053399264	0.3
150566.51277991736	300	34.98644391963498	0.0	155432	3242.485692395392	0.3
150573.6524278936	300	31.8467959433802	0.0	163442	7139.647976254774	0.3
150579.51976696795	300	29.979456869036447	0.0	126289	5867.339074343758	0.3
150587.44033515573	300	26.058888681271398	0.0	153295	7920.56818776505	0.3
150595.40614687258	300	22.093076964423716	0.0	173849	7965.811716847684	0.3
150602.31118750348	300	19.18803633351654	0.0	150710	6905.040630907176	0.3
150607.18487639373	300	18.314347443265245	0.0	139105	4873.6888902512965	0.3
150612.1231370639	300	17.376086773114487	0.0	141840	4938.260670150758	0.3
150616.2072538151	300	17.291970021895366	0.0	156148	4084.1167512191196	0.3
150619.5312916238	300	17.967932213196754	0.0	160746	3324.0378086986134	0.3
150622.83959859447	300	18.65962524254292	0.0	179801	3308.3069706538345	0.3
150624.97823087525	300	20.520992961751876	0.0	140051	2138.6322807910433	0.3
150626.6772619467	300	22.821961890302358	0.0	138313	1699.0310714495156	0.3
150627.92516803392	300	25.57405580308216	0.0	143509	1247.9060872202003	0.3
150629.43301410973	300	28.0662097272654	0.0	150616	1507.846075816759	0.3
150631.74082250873	300	29.758401328285796	0.0	165384	2307.808398979602	0.3
150633.84514648866	300	31.65407734834431	0.0	140881	2104.3239799414864	0.3
150635.21600172415	300	34.283222112861	0.0	157671	1370.8552354833093	0.3
150636.59836197662	300	36.900861860393235	0.0	157812	1382.3602524677647	0.3
150638.07319909212	300	39.42602474490129	0.0	163927	1474.8371154919416	0.3
150639.4486048247	300	42.05061901233645	0.0	137654	1375.405732564841	0.3
150640.9615555808	300	44.53766825619022	0.0	146754	1512.950756146229	0.3
150643.3886660005	300	46.110557836510736	0.0	153938	2427.1104196794804	0.3
150648.5503813591	300	44.94884247793161	0.0	181901	5161.715358579125	0.3
150652.98929478126	300	44.50992905575642	0.0	111155	4438.913422175191	0.3
150656.80631315	300	44.69291068701721	0.0	153605	3817.01836873921	0.3
150661.783357732	300	43.715866105046544	0.0	149029	4977.044581970662	0.3
150667.00732467312	300	42.49189916392909	0.0	157421	5223.966941117456	0.3
150670.94633913544	300	42.552884701621664	0.0	157488	3939.014462307425	0.3
150675.77136961493	300	41.727854222141836	0.0	143881	4825.0304794798285	0.3
150681.9642373632	300	39.53498647388265	0.0	163444	6192.867748259194	0.3
150686.038452006	300	39.460771831059596	0.0	179328	4074.2146428230476	0.3
150689.31344042433	300	40.18578341275676	0.0	159914	3274.988418302833	0.3
150692.44827177384	300	41.050952063245745	0.0	131610	3134.831349511018	0.3
150695.3636525731	300	42.135571263987444	0.0	124011	2915.380799258297	0.3
150699.05178198582	300	42.447441851266596	0.0	144254	3688.129412720851	0.3
150702.0568358444	300	43.44238799267115	0.0	149991	3005.05385859544	0.3
150705.20824654124	300	44.29097729586393	0.0	147968	3151.4106968072233	0.3
150708.36362735266	300	45.13559648444686	0.0	161857	3155.3808114170756	0.3
150712.24844961596	300	45.25077422115167	0.0	145210	3884.8222632951833	0.3
150714.86535938457	300	46.63386445252719	0.0	172312	2616.9097686244836	0.3
150718.06212744905	300	47.43709638801889	0.0	167025	3196.7680645083033	0.3
150720.60985840877	300	48.88936542831025	0.0	160064	2547.7309597086355	0.3
150726.31860789427	750	47.18061594280413	0.0	331053	5708.749485506127	0.3
150739.2103060176	1850	38.28891781946826	0.0	846370	12891.698123335866	0.75
150745.85205218726	750	35.647171649826326	0.0	450283	6641.7461696419305	0.75
150747.33563538318	300	38.163588453893446	0.0	155580	1483.5831959328762	-0.15000000000000002
150748.9945586301	300	40.504665206961555	0.0	139857	1658.9232469318963	0.3
150751.0514556562	300	42.44776818085949	0.0	155432	2056.8970261020586	0.3
150753.05129276213	300	44.44793107491586	0.0	163442	1999.83710594364	0.3
150755.15931493434	300	46.339908902714136	0.0	126289	2108.022172201713	0.3
150757.85024276326	300	47.64898107382068	0.0	153295	2690.927828893458	0.3
150760.4057298298	300	49.093494007282	0.0	173849	2555.4870665386816	0.3
150762.99996066515	300	50.49926317189411	0.0	150710	2594.2308353878934	0.3
150764.5937083636	300	52.905515473465684	0.0	139105	1593.7476984284203	0.3
150766.14175515893	300	55.357468678130616	0.0	141840	1548.0467953350685	0.3
150768.30898150348	300	57.19024233357909	0.0	156148	2167.2263445515237	0.3
150772.00462731445	300	57.49459652260358	0.0	160746	3695.645810975516	0.3
150773.65411762943	300	59.84510620761524	0.0	179801	1649.4903149883392	0.3
150776.56149155437	300	59.501296872892716	0.0	140051	2843.8093347225204	0.3
150778.6514074092	300	59.63312124058607	0.0	138313	1368.1756323066443	0.3
150782.0253966825	750	59.996996715182036	0.0	360831	3136.1245254040336	0.3
150785.63694181558	750	59.94065652260534	0.0	372963	3556.340192576703	0.75
150790.00595615542	750	59.57164218276783	0.0	405596	4369.014339837502	0.75
150793.8247649058	750	59.75283343239252	0.0	350713	3318.808750375309	0.75
150799.5286402001	750	58.04895813809738	0.0	386472	5703.87529429514	0.75
150805.30984900944	750	56.26774932871015	0.0	399894	5781.208809387231	0.75
150809.77872962976	750	55.79886870840995	0.0	401853	4468.880620300205	0.75
150813.50162065108	750	56.07597768711166	0.0	343800	3722.8910212982914	0.75
150816.74735814345	750	56.83024019474081	0.0	359903	3245.737492370857	0.75
150820.04441620255	750	57.533182135646705	0.0	379700	3297.0580590941045	0.75
150824.32276842723	750	57.25482991096737	0.0	425781	4278.352224679329	0.75
150826.91987878524	750	58.65771955297251	0.0	277716	2597.110357994871	0.75
150829.7881176425	750	59.78948069568254	0.0	400396	2868.238857289968	0.75
150833.1564390373	750	59.973510382009025	0.0	400508	3315.970313673521	0.75
150835.90449342225	750	59.8201587300852	0.0	358218	2653.351651923822	0.75
150839.83837648504	750	59.886275667267405	0.0	400322	3433.8830628177884	0.75
150842.6799059237	750	59.60030384586942	0.0	369834	2785.971821397985	0.75
150846.5124524395	750	59.767757330063645	0.0	412837	3832.546515805775	0.75
150850.3047131965	750	59.605679018071754	0.0	401088	3662.0783119918906	0.75
150854.03805727258	750	59.74309820253533	0.0	365161	2862.580815536418	0.75
150857.42985732394	750	59.60857980713825	0.0	321064	2634.518395397083	0.75
150860.01567459543	750	59.83981199938626	0.0	361565	2268.767807751986	0.75
150863.24565235444	750	59.73334785172687	0.0	378327	3106.4641476593883	0.75
150868.86619798804	750	58.11280221815525	0.0	390680	5620.545633571614	0.75
150874.33961175312	750	56.63938845304589	0.0	345516	5473.413765109362	0.75
150877.55522335914	750	57.423776847040315	0.0	384505	3215.611606005574	0.75
150880.41427569996	750	58.56472450620639	0.0	372093	2859.052340833927	0.75
150884.10748470642	750	58.871515499765756	0.0	438281	3693.209006440631	0.75
150887.09933784674	750	59.8796623594387	0.0	398987	2991.853140327064	0.75
150892.05763849823	1200	58.92136170794003	0.0	638661	4958.300651498669	0.75
150902.7407208917	1850	52.23827931443741	0.0	830730	10683.082393502615	1.2000000000000002
150933.31862279825	2850	25.660377407889577	0.0	1364537	30577.90190654784	1.85
150936.51925826183	750	26.459741944326193	0.0	450283	3200.6354635633843	0.75
150938.09153518666	300	28.88746501951686	0.0	155580	1572.2769248093305	-0.15000000000000002
150939.77157917025	300	31.207421035913523	0.0	139857	1680.043983603339	0.3
150941.13385033244	300	33.84514987373988	0.0	155432	1362.2711621736457	0.3
150942.21219626057	300	36.766803945601104	0.0	163442	1078.345928138779	0.3
150943.11734726361	300	39.86165294256642	0.0	126289	905.151003034684	0.3
150944.20877714216	300	42.77022306400024	0.0	153295	1091.429878566183	0.3
150945.36320625414	300	45.61579395200534	0.0	173849	1154.4291119948955	0.3
150947.78386146267	750	47.19513874351544	0.0	374758	2420.6552084898917	0.3
150950.0045276041	750	48.97447260206829	0.0	362795	2220.66614144716	0.75
150952.2116573168	750	50.76734288936813	0.0	353220	2207.1297127001526	0.75
150954.42548137708	750	52.55351882907555	0.0	405134	2213.8240602925875	0.75
150956.72882487427	750	54.25017533189681	0.0	386351	2303.343497178732	0.75
150959.74267679322	750	55.236323412970336	0.0	434409	3013.851918926475	0.75
150962.5406039625	750	56.43839624371893	0.0	337059	2797.9271692514094	0.75
150965.0688699153	750	57.910130290895786	0.0	366214	2528.265952823135	0.75
150969.03254248877	750	57.94645771741804	0.0	360831	3963.672573477742	0.75
150971.7914511084	750	59.18754909779435	0.0	372963	2758.908619623687	0.75
150975.23263154898	750	59.527115060156994	0.0	405596	3160.434037637362	0.75
150978.85198294724	750	59.90776366190518	0.0	350713	3119.3513982518216	0.75
150982.04683561815	750	59.77538622705946	0.0	386472	2632.3774348457246	0.75
150985.1637865618	750	59.627648373246515	0.0	399894	2647.7378538129433	0.75
150988.1386312818	750	59.68533255818756	0.0	401853	2942.3158150589493	0.75
150991.04530150164	750	59.62826190072492	0.0	343800	2057.0706574626365	0.75
150994.0947691246	750	59.837327870427266	0.0	359903	2790.934030297659	0.75
150996.88981538988	750	59.509571534137706	0.0	379700	2327.7563362895626	0.75
150999.3078555451	750	59.65919642100216	0.0	425781	2350.3751131355516	0.75
151001.00306895596	750	59.54592223663567	0.0	277716	1613.2741843664853	0.75
151004.12219977906	750	59.911826438318684	0.0	400396	2634.0957983169897	0.75
151007.54065850747	750	59.56061458651378	0.0	400508	2851.211851804901	0.75
151010.4038173212	750	59.758158617935095	0.0	358218	2802.4559685786867	0.75
151014.133759289	750	59.87353905663075	0.0	400322	2884.619561304349	0.75
151017.85050562533	750	59.87782709169984	0.0	369834	2995.711964930905	0.75
151022.26325756992	750	59.46507514710034	0.0	412837	4412.751944599495	0.75
151033.93667773102	750	51.7916549860229	0.0	401088	11673.42016107745	0.75
151041.72352482931	750	48.004807887695144	0.0	365161	7786.847098327759	0.75
151051.65197044864	750	42.07636226837725	0.0	321064	9928.445619317883	0.75
151058.36516636412	300	39.36316635289938	0.0	124011	6713.195915477881	-0.15000000000000002
151061.52043100703	300	40.20790171000291	0.0	144254	3155.264642896467	0.3
151063.9642441068	300	41.76408861023453	0.0	149991	2443.813099768379	0.3
151066.34618320622	300	43.38214951081229	0.0	147968	2381.9390994222435	0.3
151068.7027397835	300	45.02559293355252	0.0	161857	2356.556577259776	0.3
151073.37393463086	300	44.35439808617096	0.0	145210	4671.194847381555	0.3
151083.27712920282	300	38.451203514231764	0.0	172312	9903.194571939195	0.3
151089.83081998632	300	35.89751273073895	0.0	167025	6553.690783492806	0.3
151092.66845266244	300	37.059880054603425	0.0	160064	2837.632676135532	0.3
151094.34352495073	300	39.384807766287196	0.0	137507	1675.0722883162289	0.3
151098.53963961772	750	39.18869309931326	0.0	314107	4196.114666973929	0.3
151102.22160441807	750	39.50672829895131	0.0	450283	3681.964800361948	0.75
151103.64053359744	300	42.08779911956811	0.0	155580	1418.9291793832017	-0.15000000000000002
151104.9522641249	300	44.776068592097985	0.0	139857	1311.73052747012	0.3
151106.29832816674	300	47.430004550251354	0.0	155432	1346.0640418466328	0.3
151109.31044332887	750	48.41788938816133	0.0	411561	3012.1151620900273	0.3
151111.14226002563	750	50.586072691400304	0.0	318564	1831.8166967610225	0.75
151113.65543901152	750	52.07289370551165	0.0	352642	2513.17898588865	0.75
151116.3289392152	750	53.399393501842795	0.0	437162	2673.500203668859	0.75
151119.0538843704	750	54.67444834662459	0.0	374758	2724.9451552182077	0.75
151121.43362800407	750	56.294704712949766	0.0	362795	2379.743633674818	0.75
151123.8868037847	750	57.841528932328124	0.0	353220	2453.175780621644	0.75
151127.09346230482	750	58.634870412206176	0.0	405134	3206.658520121949	0.75
151132.14590257884	750	57.58243013821558	0.0	386351	5052.440273990599	0.75
151136.58409987437	750	57.144232842656194	0.0	434409	4438.197295559381	0.75
151140.77906302034	750	56.949269696690166	0.0	337059	4194.963145966033	0.75
151144.9197245913	750	56.80860812571825	0.0	366214	4140.6615709719135	0.75
151149.27795447432	750	56.450378242693816	0.0	360831	4358.229883024439	0.75
151154.030823933	750	55.69750878406264	0.0	372963	4752.86945863117	0.75
151159.33166796566	750	54.39666475140189	0.0	405596	5300.844032660753	0.75
151162.08419015704	750	55.64414256002981	0.0	350713	2752.5221913720793	0.75
151164.85887155827	750	56.86946115876372	0.0	386472	2774.6814012660893	0.75
151167.97085001078	750	57.7574827062557	0.0	399894	3111.978452508014	0.75
151172.06278436063	750	57.66554835638172	0.0	401853	4091.9343498739822	0.75
151175.31362632907	750	58.41470638796579	0.0	343800	3250.841968415923	0.75
151179.03140652983	750	58.69692618718909	0.0	359903	3717.7802007766995	0.75
151181.69147536528	750	59.645859407439	0.0	379700	2551.066779750093	0.75
151184.78952688805	750	59.79133467389398	0.0	425781	2354.524733545019	0.75
151186.6825149908	750	59.73610401711578	0.0	277716	1555.2306567782011	0.75
151189.16896293598	750	59.567258767519455	0.0	400396	2168.8452495963265	0.75
151192.15963647526	750	59.556223345679165	0.0	400508	2011.0354218402865	0.75
151195.72844961894	1200	59.81613583256574	0.0	570392	3240.0875131134267	0.75
151199.73176448443	1200	59.81282096706988	0.0	620283	4003.3148654958604	1.2
151203.68671008231	1200	59.85787536917809	0.0	584349	3954.9455978917986	1.2
151208.38097902908	1200	59.1636064224227	0.0	670129	4694.268946755383	1.2
151212.50063577772	1200	59.04394967381339	0.0	690253	4119.656748609314	1.2
151216.54145874805	1200	59.003126703475004	0.0	598727	4040.822970338381	1.2
151220.41579027008	1200	59.12879518141934	0.0	487812	3874.331522055664	1.2
151226.93034249305	1200	56.61424295844888	0.0	575591	6514.552222970465	1.2
151232.65021208246	1200	54.894373369045994	0.0	605884	5719.869589402885	1.2
151238.60851923763	750	52.93606621385828	0.0	390680	5958.307155187709	0.3
151243.03316780945	750	52.511417642028626	0.0	345516	4424.648571829662	0.75
151246.72032219087	750	52.82426326059606	0.0	384505	3687.154381432563	0.75
151256.74931562055	750	46.79526983094973	0.0	372093	10028.99342964633	0.75
151261.5938845436	750	45.95070090790705	0.0	438281	4844.56892304268	0.75
151266.20563082714	750	45.33895462436597	0.0	398987	4611.746283541075	0.75
151270.10397689225	750	45.44060855923359	0.0	393804	3898.3460651323844	0.75
151273.420609786	750	46.12397566548522	0.0	331053	3316.632893748373	0.75
151282.6845014244	1850	40.86008402707532	0.0	846370	9263.8916384099	0.75
151285.67400153007	750	41.87058392139353	0.0	450283	2989.5001056817873	0.75
151289.00358306585	750	42.54100238565097	0.0	398865	3329.581535742558	0.75
151292.63302659008	750	42.911558861412914	0.0	350812	3629.44352423806	0.75
151296.08202804276	750	43.46255740873558	0.0	382355	3449.0014526773357	0.75
151301.35591456495	750	42.188670886568914	0.0	411561	5273.886522166663	0.75
151303.8157737763	750	43.72881167521349	0.0	318564	2459.859211355418	0.75
151306.10674976234	750	45.43783568915896	0.0	352642	2290.9759860545355	0.75
151313.3703746588	750	42.174210792677655	0.0	437162	7263.624896481298	0.75
151319.56293058977	750	39.98165486174429	0.0	374758	6192.5559309333685	0.75
151327.32760554907	750	36.21697990244548	0.0	362795	7764.674959298813	0.75
151328.5881245628	300	38.95646088870274	0.0	141840	1260.5190137427348	-0.15000000000000002
151329.75433866572	300	41.7902467857784	0.0	156148	1166.2141029243464	0.3
151331.03769458612	300	44.50689086536869	0.0	160746	1283.355920409714	0.3
151332.40449085998	300	47.140094591496734	0.0	179801	1366.796273871959	0.3
151333.3048169374	300	50.239768514091125	0.0	140051	900.3260774056052	0.3
151336.27593565139	750	51.26864980009415	0.0	366214	2971.118713996975	0.3
151338.9034219702	750	52.641163481287364	0.0	360831	2627.486318806785	0.75
151341.13988136	750	54.4047040914887	0.0	372963	2236.4593897986656	0.75
151343.7541970365	750	55.79038841497026	0.0	405596	2614.3156765184476	0.75
151346.37343035807	750	57.17115509338609	0.0	350713	2619.2333215841663	0.75
151349.07230291635	750	58.472282535114104	0.0	386472	2698.8725582719835	0.75
151352.40566454496	750	59.13892090648995	0.0	399894	3333.36162862416	0.75
151355.67261612837	750	59.867415393086574	0.0	401853	2771.5055134033746	0.75
151358.5318722675	750	59.88101035855514	0.0	343800	2486.405034531433	0.75
151361.482733796	750	59.73250514656722	0.0	359903	2648.5052119879206	0.75
151364.93341498365	750	59.57334271100997	0.0	379700	3159.16243555725	0.75
151368.8325488691	750	59.64953514434526	0.0	425781	2923.8075666647123	0.75
151371.3643656075	750	59.606289934527815	0.0	277716	2043.2452098174435	0.75
151374.46389611045	750	59.750810447333386	0.0	400396	2855.479487194423	0.75
151378.62741336483	750	59.58729319294402	0.0	400508	3163.5172543893714	0.75
151381.87303699125	750	59.56326551481756	0.0	358218	2524.0276781264556	0.75
151385.67620742242	750	59.65147827335129	0.0	400322	3411.7872414662743	0.75
151389.05250717397	750	59.60051999247079	0.0	369834	3050.9582808805008	0.75
151392.67342694732	750	59.55223084109179	0.0	412837	3548.289151378995	0.75
151398.54854873265	750	57.67710905578594	0.0	401088	5875.121785305844	0.75
151404.36578391484	750	55.859873873586395	0.0	365161	5817.235182199544	0.75
151407.0441269808	750	57.1815308076505	0.0	321064	2678.343065935894	0.75
151409.6992727656	750	58.52638502283361	0.0	361565	2655.1457848168925	0.75
151413.14659871114	750	59.07905907730163	0.0	378327	3447.3259455319817	0.75
151416.29869286448	750	59.926964923951054	0.0	390680	2652.094153350574	0.75
151420.49873780238	750	59.716390724579675	0.0	345516	3210.57419937138	0.75
151423.55450057896	750	59.80324470555222	0.0	384505	2413.1460190274606	0.75
151426.03902484904	750	59.577290949284944	0.0	372093	1725.95375626727	0.75
151431.0138098733	750	58.60250592505441	0.0	438281	4974.785024230533	0.75
151436.19921506158	1200	57.41710073677373	0.0	630203	5185.4051882806725	0.75
151447.20402054023	1200	50.41229525810841	0.0	638661	11004.805478665321	1.2
151453.8726781952	1200	47.74363760312402	0.0	538612	6668.657654984385	1.2
151466.99502515222	2850	38.62129064608122	0.0	1364537	13122.346957042799	1.2000000000000002
151471.00154897908	750	38.61476681925733	0.0	450283	4006.5238268238886	0.75
151474.44399362995	750	39.17232216838539	0.0	398865	3442.4446508719384	0.75
151477.19693694563	750	40.41937885266233	0.0	350812	2752.9433157230706	0.75
151480.17917415517	750	41.43714164312273	0.0	382355	2982.2372095395954	0.75
151483.42583560332	750	42.1904801949856	0.0	411561	3246.661448137132	0.75
151485.6459159153	750	43.970399883017784	0.0	318564	2220.0803119678158	0.75
151487.56656328068	750	46.049752517613776	0.0	352642	1920.6473654040028	0.75
151490.03545401507	750	47.58086178322236	0.0	437162	2468.8907343914175	0.75
151492.2598787135	750	49.35643708480937	0.0	374758	2224.4246984129845	0.75
151494.3032317884	750	51.313084009905104	0.0	362795	2043.35307490427	0.75
151496.65462558984	750	52.96169020844514	0.0	353220	2351.3938014599594	0.75
151499.62372821642	750	53.99258758187093	0.0	405134	2969.102626574209	0.75
151502.41263982846	750	55.203675969843665	0.0	386351	2788.9116120272643	0.75
151505.61784891214	750	55.99846688615136	0.0	434409	3205.209083692302	0.75
151508.19008616346	750	57.42622963483365	0.0	337059	2572.2372513177133	0.75
151510.94836121553	750	58.66795458277349	0.0	366214	2758.275052060159	0.75
151513.76150082616	750	59.85481497216398	0.0	360831	2813.139610609513	0.75
151516.86076963553	750	59.92170381294418	0.0	372963	2933.111159219796	0.75
151520.83081109708	750	59.95166235137634	0.0	405596	3470.04146156784	0.75
151523.63120136777	750	59.67456677190121	0.0	350713	2777.0955794751258	0.75
151526.86354811	750	59.518540746382314	0.0	386472	3156.0260255188978	0.75
151530.43302392904	750	59.949064927357725	0.0	399894	3569.4758190245952	0.75
151534.4846199592	750	59.87266518014742	0.0	401853	3076.399747210297	0.75
151537.41561134535	750	59.56976762855879	0.0	343800	2802.8975515886254	0.75
151540.97440718822	750	59.95941662440096	0.0	359903	3110.3510041578334	0.75
151544.07393235638	750	59.94837645966809	0.0	379700	3011.0401647328667	0.75
151548.2712659047	750	59.75104291133752	0.0	425781	3197.333548330572	0.75
151551.24734828944	750	59.71141099487516	0.0	277716	2039.6319164623633	0.75
151555.23886054644	750	59.71989873787668	0.0	400396	3491.5122569984715	0.75
151558.84515680667	750	59.65473197036558	0.0	400508	3065.166767511105	0.75
151563.715500937	1200	58.78438784004351	0.0	570392	4870.344130322074	0.75
151568.50435334217	1200	57.99553543485758	0.0	620283	4788.852405185928	1.2
151571.56757343607	750	58.93231534093711	0.0	369834	3063.220093920472	0.3
151575.3508364519	750	59.149052325140545	0.0	412837	3783.263015796558	0.75
151578.53375838243	750	59.96613039459689	0.0	401088	3182.921930543653	0.75
151582.57618985313	750	59.72578019350861	0.0	365161	3240.3502010882835	0.75
151585.58757910016	750	59.73662620478897	0.0	321064	2489.1539887196445	0.75
151589.72385276228	750	59.60035254266845	0.0	361565	4136.273662120521	0.75
151592.73907169222	750	59.705997537912516	0.0	378327	2894.3550047559343	0.75
151596.49107154674	750	59.82092957325584	0.0	390680	2885.0679646566814	0.75
151599.36070631482	750	59.509578134130585	0.0	345516	2811.351439125257	0.75
151603.15061585436	750	59.71966859461495	0.0	384505	3289.9095395156355	0.75
151607.1575247653	750	59.71275968367288	0.0	372093	3506.9089109420775	0.75
151611.00066473038	750	59.869619718574704	0.0	438281	3343.139965098176	0.75
151618.5153015707	1200	56.354982878238914	0.0	630203	7514.6368403357865	0.75
151623.9611645267	1200	54.909119922243754	0.0	638661	5445.862955995155	1.2
151630.1915017771	1850	52.67878267186235	0.0	830730	6230.337250381411	1.2000000000000002
151640.96450986524	2850	45.90577458369046	0.0	1364537	10773.00808817189	1.85
151644.53944275653	750	46.3308416924044	0.0	450283	3574.932891286058	0.75
151648.1050587461	750	46.7652257028412	0.0	398865	3565.615989563197	0.75
151650.85918137408	750	48.011103074878626	0.0	350812	2754.1226279625707	0.75
151653.53589604906	750	49.334388399889825	0.0	382355	2676.714674988805	0.75
151656.71705802873	750	50.15322642020907	0.0	411561	3181.161979680752	0.75
151659.05220442385	750	51.8180800251052	0.0	318564	2335.146395103865	0.75
151661.9154149728	750	52.95486947612662	0.0	352642	2863.210548978587	0.75
151665.382115025	750	53.488169423966994	0.0	437162	3466.7000521596206	0.75
151668.82196420207	750	54.04832024688393	0.0	374758	3439.8491770830674	0.75
151672.49257787492	750	54.377706574019	0.0	362795	3670.613672864932	0.75
151675.62198937574	750	55.24829507319605	0.0	353220	3129.4115008229583	0.75
151679.36527946548	750	55.50500498347094	0.0	405134	3743.2900897250993	0.75
151682.66507231217	750	56.20521213677103	0.0	386351	3299.7928466999133	0.75
151686.22599193646	750	56.64429251251311	0.0	434409	3560.9196242579224	0.75
151688.4766457344	750	58.39363871455897	0.0	337059	2250.653797954136	0.75
151690.98591048914	750	59.5906177114588	0.0	366214	2303.0210031001725	0.75
151694.43356316126	750	59.87591325122299	0.0	360831	2714.704460235806	0.75
151697.87824276133	750	59.93004755712311	0.0	372963	2945.8656940998862	0.75
151701.6244908241	750	59.501330478721854	0.0	405596	2928.717078401255	0.75
151705.0371213434	750	59.633780711257394	0.0	350713	2867.5497674644566	0.75
151708.87164038338	750	59.53406156718315	0.0	386472	3099.719144074241	0.75

