147019.8126933396	750	4.0	3.894172653669693	450283	3894.172653669693	-15.994942410779679
147021.3768905976	300	6.435802741967533	0.0	155580	1564.1972580324662	-0.15000000000000002
147022.9303554606	300	8.88233787898628	0.0	139857	1553.4648629812543	0.3
147024.78331271486	300	11.029380624707805	0.0	155432	1852.957254278475	0.3
147026.23291198633	300	13.579781353250919	0.0	163442	1449.599271456885	0.3
147027.54123821232	300	16.27145512725027	0.0	126289	1308.3262260006484	0.3
147028.98363896945	300	18.829054370127132	0.0	153295	1442.400757123137	0.3
147030.36983896856	300	21.44285437102665	0.0	173849	1386.1999991004766	0.3
147031.39204810193	300	24.420645237625173	0.0	150710	1022.209133401479	0.3
147032.5296357708	300	27.28305756876871	0.0	139105	1137.58766885646	0.3
147033.61075721224	300	30.201936127308826	0.0	141840	1081.1214414598871	0.3
147036.65062514177	750	31.162068197794465	0.0	405134	3039.8679295143606	0.3
147039.36431011482	750	32.448383224724004	0.0	386351	2713.684973070463	0.75
147042.39508423297	750	33.41760910659903	0.0	434409	3030.774118124972	0.75
147045.02957872863	750	34.78311461093571	0.0	337059	2634.4944956633194	0.75
147047.9456160289	750	35.867077310654416	0.0	366214	2916.0373002813008	0.75
147050.60763751908	750	37.20505582049694	0.0	360831	2662.0214901574827	0.75
147053.3855880856	750	38.427105253980706	0.0	372963	2777.9505665162255	0.75
147056.00039673914	750	39.81229660043731	0.0	405596	2614.8086535434	0.75
147058.20395793772	750	41.60873540183085	0.0	350713	2203.5611986064587	0.75
147060.80018164698	750	43.01251169258735	0.0	386472	2596.223709243493	0.75
147063.78060416813	750	44.032089171407144	0.0	399894	2980.4225211802145	0.75
147068.75182145374	1200	43.06087188581737	0.0	656471	4971.217285589771	0.75
147073.92722027472	1200	41.88547306486135	0.0	536667	5175.398820956018	1.2
147078.83908802707	1200	40.97360531252338	0.0	587236	4911.8677523379665	1.2
147084.93223325457	1200	38.88046008499376	0.0	590335	6093.145227529626	1.2
147092.9373895817	1200	34.87530375787917	0.0	696376	8005.156327114584	1.2
147096.7945797972	1200	35.018113542404244	0.0	487160	3857.1902154749296	1.2
147102.17834191522	1200	33.634351424349425	0.0	622896	5383.76211805482	1.2
147107.21277848436	1200	32.599914855204624	0.0	641447	5034.436569144802	1.2
147111.95939887076	1200	31.853294468809803	0.0	570392	4746.620386394821	1.2
147116.77409410986	1200	31.038599229722372	0.0	620283	4814.69523908743	1.2
147119.48987286008	750	32.322820479514206	0.0	369834	2715.778750208168	0.3
147122.6543773017	750	33.15831603789399	0.0	412837	3164.504441620217	0.75
147125.89334327457	750	33.91935006502621	0.0	401088	3238.9659728677784	0.75
147129.29789690417	750	34.51479643540946	0.0	365161	3404.553629616748	0.75
147132.47298743267	750	35.33970590690839	0.0	321064	3175.0905285010654	0.75
147135.26013566682	750	36.55255767274073	0.0	361565	2787.1482341676624	0.75
147137.80206614156	750	38.01062719796978	0.0	378327	2541.9304747709466	0.75
147140.62780336168	750	39.184889977867044	0.0	390680	2825.7372201027383	0.75
147143.63394764598	750	40.17874569354655	0.0	345516	3006.144284320491	0.75
147147.22111166918	750	40.591581670344645	0.0	384505	3587.1640232019076	0.75
147150.6024856396	750	41.2102076999218	0.0	372093	3381.3739704228433	0.75
147154.9692729537	750	40.84342038582689	0.0	438281	4366.787314094917	0.75
147159.26199378129	750	40.55069955821948	0.0	398987	4292.72082760741	0.75
147165.1784842894	1200	38.63420905009714	0.0	638661	5916.490508122343	0.75
147173.39954293455	1850	34.41315040494	0.0	830730	8221.05864515714	1.2000000000000002
147184.88390024094	2850	26.928793098569972	0.0	1364537	11484.357306370022	1.85
147188.5879693441	750	27.224723995376582	0.0	450283	3704.069103193388	0.75
147192.52661315587	750	27.286080183612732	0.0	398865	3938.64381176385	0.75
147195.29631829943	750	28.51637504004867	0.0	350812	2769.7051435640637	0.75
147199.1662831636	750	28.64641017591951	0.0	382355	3869.964864129157	0.75
147204.6830695916	750	27.129623747876554	0.0	411561	5516.786428042956	0.75
147211.44786147313	750	24.364831866348684	0.0	318564	6764.791881527873	0.75
147214.9638403807	750	24.84885295879039	0.0	352642	3515.978907558297	0.75
147218.60028112293	750	25.212412216569913	0.0	437162	3636.440742220474	0.75
147221.66843688936	750	26.144256450152366	0.0	374758	3068.1557664175452	0.75
147224.82728227237	750	26.985411067133636	0.0	362795	3158.8453830187314	0.75
147227.31661505403	750	28.49607828546294	0.0	353220	2489.332781670694	0.75
147230.78189731142	750	29.030796028075468	0.0	405134	3465.2822573874723	0.75
147234.0348592873	750	29.777834052197793	0.0	386351	3252.9619758776767	0.75
147239.2615574162	750	28.55113592327899	0.0	434409	5226.698128918802	0.75
147243.70500130407	750	28.10769203542995	0.0	337059	4443.443887849044	0.75
147250.01355120205	750	25.799142137432174	0.0	366214	6308.5498979977765	0.75
147255.57703657038	750	24.235656769129257	0.0	360831	5563.485368302915	0.75
147257.08038494462	300	26.732308394878306	0.0	150616	1503.3483742509536	-0.15000000000000002
147258.95880250304	300	28.853890836453154	0.0	165384	1878.4175584251523	0.3
147261.3607941008	300	30.451899238726	0.0	140881	2401.9915977271503	0.3
147263.56524128534	300	32.2474520542027	0.0	157671	2204.4471845233033	0.3
147265.1854546079	300	34.62723873161248	0.0	157812	1620.213322590217	0.3
147266.85377601377	300	36.95891732574476	0.0	163927	1668.3214058677222	0.3
147268.33041905632	300	39.4822742831856	0.0	137654	1476.6430425591539	0.3
147269.80077486843	300	42.01191847107478	0.0	146754	1470.3558121108244	0.3
147271.2002599506	300	44.612433388909054	0.0	153938	1399.4850821657237	0.3
147276.90781469754	750	42.90487864198858	0.0	425781	5707.554746920474	0.3
147282.91335921187	750	40.89933412765246	0.0	277716	6005.544514336119	0.75
147292.02630604207	750	35.78638729743841	0.0	400396	9112.94683021405	0.75
147297.66272146747	750	34.14997187204962	0.0	400508	5636.415425388792	0.75
147302.31521315753	300	33.49748018198828	0.0	157421	4652.491690061339	-0.15000000000000002
147306.3846133859	300	33.428079953649245	0.0	157488	4069.400228339029	0.3
147310.05412584453	300	33.758567494982245	0.0	143881	3669.5124586670017	0.3
147315.8027609755	300	32.00993236404458	0.0	163444	5748.635130937662	0.3
147322.248814971	300	29.56387836851354	0.0	179328	6446.053995531042	0.3
147326.37541482013	300	29.43727851938606	0.0	159914	4126.59984912748	0.3
147333.63957481034	300	26.173118529187114	0.0	131610	7264.159990198943	0.3
147338.52853013622	300	25.28416320328695	0.0	124011	4888.955325900163	0.3
147343.37455831308	300	24.43813502644051	0.0	144254	4846.028176846446	0.3
147349.17929831197	300	22.6333950275295	0.0	149991	5804.739998911009	0.3
147353.72378156515	300	22.08891177435313	0.0	147968	4544.48325317637	0.3
147359.23494311445	300	20.577750225046056	0.0	161857	5511.16154930707	0.3
147363.61062826985	300	20.202065069646032	0.0	145210	4375.685155400024	0.3
147369.0645872074	300	18.748106132092836	0.0	172312	5453.958937553196	0.3
147374.97897505178	300	16.833718287715485	0.0	167025	5914.38784437735	0.3
147380.1294983767	300	15.683194962815698	0.0	160064	5150.523324899787	0.3
147383.53781350015	300	16.274879839338876	0.0	137507	3408.3151234768225	0.3
147387.51422053034	300	16.298472809187565	0.0	118421	3976.4070301513116	0.3
147396.8995332936	750	10.91316004595788	0.0	450283	9385.312763229684	0.75
147403.7193701935	300	8.09332314604282	0.0	155580	6819.836899915061	-0.15000000000000002
147407.55659507858	300	8.25609826094442	0.0	139857	3837.2248850984	0.3
147413.92773382767	300	5.8849595118641975	0.0	155432	6371.138749080223	0.3
147420.31265621458	300	4.0	0.49996287501396003	163442	6384.922386878157	-1.849840362560028
147424.38330332734	300	4.0	0.0706471127783725	126289	4070.6471127783725	-0.003782584947001788
147427.89597035132	300	4.487332976008924	0.0	153295	3512.667023991077	0.3
147431.46207271266	300	4.921230614693255	0.0	173849	3566.1023613156685	0.3
147434.01146891052	300	6.371834416842181	0.0	150710	2549.396197851074	0.3
147436.86333250848	300	7.519970818895723	0.0	139105	2851.8635979464575	0.3
147438.99354284556	300	9.389760481779744	0.0	141840	2130.2103371159797	0.3
147441.03735825486	300	11.345945072497292	0.0	156148	2043.8154092824514	0.3
147443.017180345	300	13.366122982358771	0.0	160746	1979.8220901385203	0.3
147445.05582798354	300	15.3274753438221	0.0	179801	2038.6476385366711	0.3
147446.61685715904	300	17.766446168298838	0.0	140051	1561.0291755232638	0.3
147447.9388124545	300	20.444490872857386	0.0	138313	1321.9552954414487	0.3
147449.4411161982	300	22.942187129137864	0.0	143509	1502.3037437195242	0.3
147450.98680426687	300	25.396499060471992	0.0	150616	1545.6880686658692	0.3
147452.52825231504	300	27.855051012282786	0.0	165384	1541.4480481892053	0.3
147454.04623400216	300	30.337069325151774	0.0	140881	1517.9816871310136	0.3
147455.515312471	300	32.86799085630782	0.0	157671	1469.078468843953	0.3
147457.5074484337	300	34.87585489359978	0.0	157812	1992.1359627080421	0.3
147459.44387451877	300	36.9394288085544	0.0	163927	1936.4260850453777	0.3
147460.9473267777	300	39.435976549607105	0.0	137654	1503.4522589473	0.3
147462.7851944395	300	41.598108887809175	0.0	146754	1837.8676617979286	0.3
147464.62072085813	300	43.76258246918435	0.0	153938	1835.5264186248273	0.3
147470.4247799902	750	41.95852333711387	0.0	425781	5804.0591320704825	0.3
147473.51108447165	750	42.87221885568201	0.0	277716	3086.304481431865	0.75
147477.54753158058	750	42.83577174674335	0.0	400396	4036.4471089386566	0.75
147481.789520277	750	42.593783050325754	0.0	400508	4241.9886964175885	0.75
147487.01955356455	750	41.36374976275953	0.0	358218	5230.033287566229	0.75
147491.4313036271	750	40.95199970020763	0.0	400322	4411.750062551902	0.75
147493.7667504613	750	42.616552866001314	0.0	369834	2335.44683420631	0.75
147496.78689176711	750	43.5964115602085	0.0	412837	3020.1413057928153	0.75
147499.68604816875	750	44.6972551585742	0.0	401088	2899.1564016342977	0.75
147502.06969566052	750	46.31360766679815	0.0	365161	2383.64749177606	0.75
147504.3471270111	750	48.036176316245104	0.0	321064	2277.431350553044	0.75
147508.28716880793	1200	48.09613451939889	0.0	575591	3940.041796846214	0.75
147512.1752006701	1200	48.2081026572078	0.0	605884	3888.031862191083	1.2
147516.14700220648	1200	48.2363011208451	0.0	587506	3971.801536362703	1.2
147520.17480751622	1200	48.20849581108816	0.0	566904	4027.805309756934	1.2
147523.9322045858	1200	48.45109874148944	0.0	641452	3757.397069598722	1.2
147527.71887877453	1200	48.66442455277836	0.0	599477	3786.6741887110866	1.2
147531.5151788188	1200	48.86812450849095	0.0	634861	3796.300044287406	1.2
147535.42421259114	1200	48.959090736161535	0.0	630203	3909.033772329419	1.2
147539.7211985945	1200	48.662104732823636	0.0	638661	4296.986003337894	1.2
147548.96879240533	2850	43.41451092197421	0.0	1231456	9247.593810849425	1.2000000000000002
147562.4519313561	2850	33.93137197122355	0.0	1364537	13483.138950750668	2.85
147565.4664814556	750	34.91682187173385	0.0	450283	3014.550099489695	0.75
147567.63110650887	750	36.75219681845464	0.0	398865	2164.6250532792096	0.75
147569.76466583036	750	38.61863749698776	0.0	350812	2133.5593214668847	0.75
147571.9362792268	750	40.44702410055461	0.0	382355	2171.6133964331552	0.75
147574.06369295722	750	42.31961037011727	0.0	411561	2127.413730437336	0.75
147579.84525015135	1200	40.538053175969544	0.0	520315	5781.557194147722	0.75
147588.6578625979	1200	35.72544072943718	0.0	561791	8812.612446532357	1.2
147597.26655950546	750	31.11674382187886	0.0	437162	8608.696907558327	0.3
147599.98600291926	750	32.39730040807585	0.0	374758	2719.443413803012	0.75
147604.01607689974	750	32.3672264275881	0.0	362795	4030.073980487748	0.75
147608.6949563769	750	31.68834695045832	0.0	353220	4678.879477129776	0.75
147613.64126504827	750	30.74203827906882	0.0	405134	4946.308671389503	0.75
147615.69597572982	750	32.687327597509366	0.0	386351	2054.710681559458	0.75
147618.37296220675	750	34.01034112058215	0.0	434409	2676.9864769272126	0.75
147621.00179828232	750	35.381505045003244	0.0	337059	2628.8360755788985	0.75
147625.28904866878	750	35.09425465855297	0.0	366214	4287.250386450274	0.75
147629.42246099835	750	34.96084232897305	0.0	360831	4133.41232957992	0.75
147632.22155533123	750	36.16174799611018	0.0	372963	2799.094332862875	0.75
147634.72637911432	750	37.65692421302061	0.0	405596	2504.823783089563	0.75
147636.53595241962	750	39.84735090769846	0.0	350713	1809.5733053221456	0.75
147638.86990155187	750	41.51340177545005	0.0	386472	2333.949132248418	0.75
147641.57342563616	750	42.809877691136435	0.0	399894	2703.5240843136107	0.75
147645.92826013098	1200	42.455043196348726	0.0	656471	4354.834494787708	0.75
147649.13422526568	1200	43.24907806163131	0.0	536667	3205.9651347174195	1.2
147653.0891663092	1200	43.29413701812364	0.0	587236	3954.941043507662	1.2
147657.00090584467	1200	43.3823974826032	0.0	590335	3911.7395355204376	1.2
147661.4162858861	1200	42.967017441196035	0.0	696376	4415.38004140717	1.2
147664.52742223607	1200	43.855881091223864	0.0	487160	3111.136349972173	1.2
147668.67982980097	1200	43.70347352633884	0.0	622896	4152.407564885023	1.2
147672.43681493303	1200	43.94648839427966	0.0	641447	3756.985132059188	1.2
147675.68913923117	1200	44.694164096137605	0.0	570392	3252.324298142055	1.2
147678.86250380584	1200	45.52079952146225	0.0	620283	3173.364574675352	1.2
147682.5174177244	1200	45.86588560290663	0.0	584349	3654.9139185556173	1.2
147686.6727957186	1200	45.71050760871356	0.0	670129	4155.37799419307	1.2
147690.271720929	1200	46.11158239827017	0.0	690253	3598.9252104433913	1.2
147694.0013460218	1200	46.38195730548167	0.0	598727	3729.625092788499	1.2
147696.70316237776	1200	47.68014094952426	0.0	487812	2701.8163559574177	1.2
147700.2094889004	1200	48.1738144268813	0.0	575591	3506.326522642958	1.2
147705.59635155628	1200	46.78695177100478	0.0	605884	5386.8626558765145	1.2
147710.9861714209	1200	45.39713190636657	0.0	587506	5389.8198646382125	1.2
147715.33121291993	1200	45.052090407346334	0.0	566904	4345.041499020232	1.2
147720.19351755202	1200	44.18978577524749	0.0	641452	4862.304632098838	1.2
147725.8773906091	1200	42.50591271818731	0.0	599477	5683.873057060183	1.2
147734.01212422957	1200	38.371179097692526	0.0	634861	8134.733620494783	1.2
147738.86696720723	1200	37.516336120036335	0.0	630203	4854.842977656192	1.2
147744.5207651161	1200	35.862538211172286	0.0	638661	5653.797908864053	1.2
147750.02151275522	1200	34.36179057205637	0.0	538612	5500.747639115914	1.2
147766.52193524127	2850	21.861368085995025	0.0	1364537	16500.422486061347	1.2000000000000002
147779.99696339088	750	12.386339936391503	0.0	450283	13475.028149603522	0.75
147783.3216139887	300	13.061689338578416	0.0	155580	3324.650597813087	-0.15000000000000002
147785.34033657273	300	15.042966754544294	0.0	139857	2018.7225840341225	0.3
147788.70008527784	300	15.68321804942185	0.0	155432	3359.748705122444	0.3
147790.77240193207	300	17.610901395230044	0.0	163442	2072.316654191807	0.3
147792.06737005227	300	20.315933275004625	0.0	126289	1294.968120225422	0.3
147793.61945678908	300	22.76384653820508	0.0	153295	1552.086736799544	0.3
147795.59526773865	300	24.788035588651145	0.0	173849	1975.8109495539302	0.3
147796.91028812545	300	27.47301520183938	0.0	150710	1315.0203868117633	0.3
147797.95523881563	300	30.42806451165265	0.0	139105	1044.9506901867298	0.3
147798.98353461947	300	33.399768707796525	0.0	141840	1028.2958038561235	0.3
147800.3244441466	300	36.058859180678496	0.0	156148	1340.9095271180295	0.3
147802.90282803605	750	37.48047529124753	0.0	386351	2578.383889430966	0.3
147805.8556074255	750	38.5276959017763	0.0	434409	2952.7793894712336	0.75
147807.77038627464	750	40.61291705265261	0.0	337059	1914.778849123683	0.75
147809.74644798433	750	42.636855342955634	0.0	366214	1976.0617096969772	0.75
147811.8548102902	750	44.52849303707636	0.0	360831	2108.3623058792746	0.75
147815.2828082592	1200	45.10049506811781	0.0	581493	3427.9979689585552	0.75
147818.5700472552	1200	45.81325607212558	0.0	639204	3287.2389959922275	1.2
147822.02969948738	1200	46.3536038399143	0.0	586839	3459.652232211278	1.2
147826.42813540433	1200	45.955167922948576	0.0	601738	4398.435916965728	1.2
147832.1890235813	1200	44.19427974600694	0.0	616206	5760.88817694163	1.2
147837.63664538055	1200	42.746657946757736	0.0	656471	5447.621799249198	1.2
147842.52429690456	1200	41.859006422759286	0.0	536667	4887.651523998449	1.2
147847.4389791389	1200	40.94432418842577	0.0	587236	4914.68223433352	1.2
147852.41512208048	1200	39.96818124684734	0.0	590335	4976.142941578426	1.2
147858.96490604838	1200	37.41839727894294	0.0	696376	6549.783967904395	1.2
147860.18431667285	750	40.19898665446467	0.0	277716	1219.4106244782688	0.3
147862.1434918882	750	42.23981143912891	0.0	400396	1959.1752153357636	0.75
147864.1687462658	750	44.21455706152935	0.0	400508	2025.2543775995548	0.75
147865.94480801528	750	46.4384953120537	0.0	358218	1776.0617494756425	0.75
147869.79310187037	1200	46.590201456986435	0.0	620283	3848.293855067268	0.75
147873.7415360764	1200	46.641767250922015	0.0	584349	3948.4342060644167	1.2
147879.03707872404	1200	45.346224603322355	0.0	670129	5295.542647599657	1.2
147884.53551954238	1200	43.847783784973046	0.0	690253	5498.440818349307	1.2
147887.8661564832	1200	44.51714684415364	0.0	598727	3330.6369408194114	1.2
147891.64864053339	1200	44.73466279394919	0.0	487812	3782.484050204452	1.2
147894.79370244895	1200	45.589600878376416	0.0	575591	3145.06191557277	1.2
147899.69724477743	1200	44.686058549890305	0.0	605884	4903.542328486116	1.2
147903.80892261595	1200	44.57438071139838	0.0	587506	4111.677838491919	1.2
147907.27790547637	1200	45.10539785098242	0.0	566904	3468.9828604159666	1.2
147911.49687394509	1200	44.886429382256516	0.0	641452	4218.968468725905	1.2
147915.86086224698	1200	44.522441080359066	0.0	599477	4363.98830189745	1.2
147921.57056200097	1200	42.812741326385435	0.0	634861	5709.699753973631	1.2
147927.89285446677	1200	40.490448860569515	0.0	630203	6322.29246581592	1.2
147934.4924010815	1200	37.8909022458608	0.0	638661	6599.5466147087145	1.2
147939.71297865274	1850	36.67032467459237	0.0	830730	5220.577571268428	1.2000000000000002
147956.83524768747	2850	23.548055639870324	0.0	1364537	17122.269034722052	1.85
147961.30294233843	750	23.080360988884518	0.0	450283	4467.694650985806	0.75
147964.9549807104	750	23.428322616917402	0.0	398865	3652.0383719671167	0.75
147968.78360669597	750	23.59969663134474	0.0	350812	3828.62598557266	0.75
147973.29720454657	750	23.086098780766825	0.0	382355	4513.597850577917	0.75
147978.7898267571	750	21.593476570227352	0.0	411561	5492.622210539473	0.75
147981.12946636	750	23.253836967313052	0.0	318564	2339.639602914298	0.75
147983.27853521367	750	25.10476811362976	0.0	352642	2149.0688536832904	0.75
147991.20448444033	750	21.178818886969673	0.0	437162	7925.949226660091	0.75
147998.13385765176	750	18.249445675511602	0.0	374758	6929.373211458071	0.75
148001.57290154506	300	18.810401782216598	0.0	139105	3439.043893295003	-0.15000000000000002
148004.4204358586	300	19.96286746868331	0.0	141840	2847.5343135332896	0.3
148006.06682749253	300	22.31647583476123	0.0	156148	1646.3916339220818	0.3
148007.4398992497	300	24.943404077592625	0.0	160746	1373.0717571686027	0.3
148009.06362115985	300	27.3196821674579	0.0	179801	1623.7219101347293	0.3
148010.2383452307	300	30.144958096600625	0.0	140051	1174.724070857271	0.3
148011.6052381769	300	32.778065150373834	0.0	138313	1366.892946226787	0.3
148012.82037532234	300	35.562928004951644	0.0	143509	1215.137145422189	0.3
148013.99632407198	300	38.38697925531858	0.0	150616	1175.9487496330723	0.3
148016.70236322706	750	39.680940100222365	0.0	405596	2706.039155096208	0.3
148019.40801771605	750	40.97528561123747	0.0	350713	2705.6544889849047	0.75
148022.28696105548	750	42.09634227180419	0.0	386472	2878.9433394332736	0.75
148025.317042823	750	43.06626050427424	0.0	399894	3030.0817675299495	0.75
148028.791161765	750	43.59214156229386	0.0	401853	3474.1189419803823	0.75
148031.7384260434	750	44.64487728391944	0.0	343800	2947.2642783744163	0.75
148034.1280616293	750	46.255241698004816	0.0	359903	2389.6355859146292	0.75
148036.0103572502	750	48.37294607710499	0.0	379700	1882.2956208998212	0.75
148040.0584104765	1200	48.32489285079998	0.0	696376	4048.0532263050154	0.75
148042.62216404933	1200	49.761139277958385	0.0	487160	2563.7535728416	1.2
148045.87598115596	1200	50.507322171310676	0.0	622896	3253.8171066477057	1.2
148049.80248945396	1200	50.580813873338094	0.0	641447	3926.508297972581	1.2
148053.32662629738	1200	51.05667702990342	0.0	570392	3524.136843434671	1.2
148056.99202198745	1200	51.39128133985107	0.0	620283	3665.3956900523467	1.2
148060.26679959684	1200	52.11650373042899	0.0	584349	3274.7776094220835	1.2
148063.69265510933	1200	52.690648217916134	0.0	670129	3425.855512512854	1.2
148068.6760601948	1200	51.70724313248266	0.0	690253	4983.405085433467	1.2
148075.4577116566	1200	48.92559167067266	0.0	598727	6781.651461810002	1.2
148083.28090457924	1200	45.10239874802197	0.0	487812	7823.192922650691	1.2
148089.60791989314	1200	42.775383434135094	0.0	575591	6327.015313886871	1.2
148095.35713721413	750	41.026166113146374	0.0	378327	5749.217320988719	0.3
148100.36041705328	750	40.02288627398513	0.0	390680	5003.279839161246	0.75
148103.96295007135	750	40.420353255938686	0.0	345516	3602.5330180464475	0.75
148108.06836507306	750	40.314938254222916	0.0	384505	4105.415001715775	0.75
148111.81258110848	750	40.570722218794394	0.0	372093	3744.2160354285224	0.75
148116.43581288712	750	39.94749044014035	0.0	438281	4623.231778654046	0.75
148120.09647915635	750	40.28682417091571	0.0	398987	3660.6662692246396	0.75
148128.03843211706	1200	36.34487121020284	0.0	638661	7941.952960712871	0.75
148135.909750042	1200	32.473553285242254	0.0	538612	7871.317924960581	1.2
148150.90722845538	2850	21.47607487183622	0.0	1364537	14997.47841340603	1.2000000000000002
148155.04101143658	750	21.342291890658373	0.0	450283	4133.782981177848	0.75
148159.05183174997	750	21.331471577274264	0.0	398865	4010.8203133841102	0.75
148162.47854776154	750	21.904755565716393	0.0	350812	3426.7160115578713	0.75
148166.56629091676	750	21.81701241048929	0.0	382355	4087.7431552271037	0.75
148170.75184958254	750	21.63145374473673	0.0	411561	4185.558665752558	0.75
148175.3023063813	750	21.080996945962315	0.0	318564	4550.456798774415	0.75
148178.57251202167	750	21.810791305576416	0.0	352642	3270.2056403859024	0.75
148182.30219897156	750	22.081104355659914	0.0	437162	3729.6869499165014	0.75
148185.17734934748	750	23.20595397976907	0.0	374758	2875.150375890843	0.75
148188.34627072513	750	24.03703260210331	0.0	362795	3168.921377665761	0.75
148191.44282043204	750	24.940482895185845	0.0	353220	3096.5497069174667	0.75
148195.02511857302	750	25.35818475420222	0.0	405134	3582.2981409836243	0.75
148198.21539908985	750	26.16790423737924	0.0	386351	3190.2805168229793	0.75
148202.28745173095	750	26.09585159626178	0.0	434409	4072.0526411174587	0.75
148205.31310061956	750	27.07020270766115	0.0	337059	3025.648888600632	0.75
148209.49575263108	750	26.887550696135694	0.0	366214	4182.652011525454	0.75
148212.89766458355	750	27.48563874363422	0.0	360831	3401.9119525014753	0.75
148215.99899613383	750	28.384307193362858	0.0	372963	3101.3315502713644	0.75
148219.31332805983	750	29.069975267365503	0.0	405596	3314.331925997353	0.75
148222.29064523723	750	30.092658089959055	0.0	350713	2977.317177406448	0.75
148226.87739417702	750	29.505909150173565	0.0	386472	4586.748939785491	0.75
148229.45775247563	750	30.925550851578524	0.0	399894	2580.3582985950393	0.75
148231.75070432	750	32.63259900716982	0.0	401853	2292.9518444087016	0.75
148233.93385085548	750	34.449452471724015	0.0	343800	2183.1465354458123	0.75
148236.0188333068	750	36.36447002039014	0.0	359903	2084.9824513338763	0.75
148238.63053059415	750	37.7527727330245	0.0	379700	2611.697287365634	0.75
148241.57713004755	750	38.80617327960609	0.0	425781	2946.5994534184138	0.75
148243.7531821553	750	40.63012117185495	0.0	277716	2176.0521077511344	0.75
148247.0462209205	750	41.3370824066715	0.0	400396	3293.038765183451	0.75
148250.46151937105	750	41.92178395609874	0.0	400508	3415.2984505727586	0.75
148253.71659399229	750	42.666709334868116	0.0	358218	3255.074621230624	0.75
148256.46284490026	750	43.92045842690099	0.0	400322	2746.250907967124	0.75
148259.5287549021	750	44.85454842506103	0.0	369834	3065.9100018399604	0.75
148264.19733424764	750	44.18596907951537	0.0	412837	4668.579345545668	0.75
148270.64203522762	750	41.74126809952611	0.0	401088	6444.700979989254	0.75
148276.46512641868	750	39.91817690846034	0.0	365161	5823.091191065773	0.75

