153529.62485840524	750	4.0	3.577861463103849	450283	3577.861463103849	-14.63480429134655
153531.11274302285	300	6.51211538236463	0.0	155580	1487.8846176353702	-0.15000000000000002
153532.49079420287	300	9.134064202352965	0.0	139857	1378.051180011665	0.3
153533.9343637072	300	11.690494698005484	0.0	155432	1443.5695043474816	0.3
153535.27010823306	300	14.354750172147396	0.0	163442	1335.744525858089	0.3
153536.59259390173	300	17.0322645034982	0.0	126289	1322.4856686491958	0.3
153538.03079000534	300	19.594068399868892	0.0	153295	1438.1961036293103	0.3
153541.47169913887	750	20.153159266354173	0.0	437162	3440.9091335147186	0.3
153544.23477779725	750	21.390080607977136	0.0	374758	2763.078658377039	0.75
153546.79083531862	750	22.834023086611673	0.0	362795	2556.0575213654624	0.75
153549.64741473272	750	23.97744367251602	0.0	353220	2856.579414095655	0.75
153552.41367209208	750	25.211186313149383	0.0	405134	2766.2573593666357	0.75
153555.4760258349	750	26.148832570296985	0.0	386351	3062.3537428524	0.75
153558.60906696226	750	27.01579144293083	0.0	434409	3133.041127366156	0.75
153561.36878669972	750	28.256071705477286	0.0	337059	2759.719737453542	0.75
153564.03141727642	750	29.593441128789472	0.0	366214	2662.630576687815	0.75
153567.9592001101	1200	29.665658295106972	0.0	617242	3927.7828336825014	0.75
153572.02481995602	1200	29.60003844921711	0.0	581493	4065.6198458898602	1.2
153577.75123318023	1200	27.873625224998495	0.0	639204	5726.413224218617	1.2
153583.12284166442	1200	26.502016740827663	0.0	586839	5371.608484170829	1.2
153590.97290453484	1200	22.651953870385206	0.0	601738	7850.062870442459	1.2
153597.9505192555	1200	19.674339149711827	0.0	616206	6977.6147206733785	1.2
153601.86224259745	750	19.762615807763467	0.0	401853	3911.7233419483587	0.3
153605.6244886958	750	20.000369709414947	0.0	343800	3762.2460983485194	0.75
153609.38966797863	750	20.23519042659319	0.0	359903	3765.1792828217594	0.75
153613.0461925775	750	20.57866582772263	0.0	379700	3656.5245988705565	0.75
153617.47112097254	750	20.153737432655113	0.0	425781	4424.928395067514	0.75
153620.20721646864	750	21.417641936556315	0.0	277716	2736.095496098798	0.75
153623.95402013147	750	21.670838273728506	0.0	400396	3746.8036628278114	0.75
153628.06355336323	750	21.561305041976688	0.0	400508	4109.533231751817	0.75
153631.5671483839	750	22.057710021289985	0.0	358218	3503.595020686703	0.75
153635.07746772835	750	22.54739067684888	0.0	400322	3510.3193444411054	0.75
153638.8349382364	750	22.78992016880351	0.0	369834	3757.4705080453705	0.75
153643.15251715516	750	22.472341250021696	0.0	412837	4317.578918781817	0.75
153647.28635452248	750	22.338503882694752	0.0	401088	4133.837367326942	0.75
153650.82080448134	750	22.804053923869905	0.0	365161	3534.449958824849	0.75
153655.45817508217	750	22.16668332303282	0.0	321064	4637.370600837088	0.75
153660.29810099798	750	21.326757407234254	0.0	361565	4839.925915798563	0.75
153664.19290092427	750	21.43195748094825	0.0	378327	3894.7999262860076	0.75
153668.94545707238	750	20.679401332845583	0.0	390680	4752.5561481026625	0.75
153673.72329214378	750	19.90156626144539	0.0	345516	4777.835071400193	0.75
153680.0756423294	750	17.549216075851923	0.0	384505	6352.350185593468	0.75
153684.36748044437	750	17.257377960873242	0.0	372093	4291.838114978681	0.75
153689.21678805142	750	16.408070353822172	0.0	438281	4849.307607051072	0.75
153695.5997060487	750	14.025152356552319	0.0	398987	6382.917997269853	0.75
153704.73546103569	750	8.889397369539404	0.0	393804	9135.754987012915	0.75
153708.02946526933	300	9.59539313591673	0.0	137507	3294.0042336226747	-0.15000000000000002
153713.24036004458	750	8.384498360680745	0.0	314107	5210.894775235984	0.3
153717.7938257714	750	7.831032633844227	0.0	450283	4553.465726836518	0.75
153719.51019699196	300	10.114661413276664	0.0	155580	1716.3712205675633	-0.15000000000000002
153720.65466827218	300	12.97019013306732	0.0	139857	1144.4712802093452	0.3
153722.05244293806	300	15.572415467164603	0.0	155432	1397.7746659027162	0.3
153724.02161699097	300	17.603241414255578	0.0	163442	1969.1740529090239	0.3
153725.60921283643	300	20.01564556881978	0.0	126289	1587.595845435795	0.3
153727.30916333036	300	22.315695074891636	0.0	153295	1699.9504939281453	0.3
153729.38841048733	300	24.236447917911473	0.0	173849	2079.2471569801655	0.3
153731.34989338953	300	26.274965015712112	0.0	150710	1961.4829021993567	0.3
153732.89387522894	300	28.730983176298558	0.0	139105	1543.9818394135546	0.3
153735.04848701894	300	30.57637138628256	0.0	141840	2154.611790015998	0.3
153737.26158893743	300	32.36326946779759	0.0	156148	2213.101918484967	0.3
153741.38266725876	300	32.24219114646893	0.0	160746	4121.078321328655	0.3
153747.3096580203	300	30.315200384946525	0.0	179801	5926.99076152241	0.3
153751.9737756563	300	29.65108274891477	0.0	140051	4664.117636031757	0.3
153756.96533619042	300	28.65952221478625	0.0	138313	4991.560534128521	0.3
153762.76685149068	300	26.858006914530076	0.0	143509	5801.515300256174	0.3
153767.3716454877	300	26.253212917517306	0.0	150616	4604.79399701277	0.3
153769.56857171401	300	28.056286691191215	0.0	165384	2196.926226326094	0.3
153771.55640143465	300	30.06845697054511	0.0	140881	1987.8297206461018	0.3
153773.75538012062	300	31.869478284571905	0.0	157671	2198.9786859732044	0.3
153776.30337195666	300	33.32148644854654	0.0	157812	2547.991836025366	0.3
153784.9549791761	300	28.669879229086966	0.0	163927	8651.607219459569	0.3
153788.24286232283	300	29.381996082365358	0.0	137654	3287.8831467216123	0.3
153789.60290594978	300	32.021952455439816	0.0	146754	1360.0436269255363	0.3
153790.746170923	300	34.87868748222587	0.0	153938	1143.264973213953	0.3
153793.6104362286	750	36.01442217661251	0.0	425781	2864.2653056133577	0.3
153795.1942426226	750	38.43061578263646	0.0	277716	1583.8063939760552	0.75
153797.7349589907	750	39.88989941451004	0.0	400396	2540.7163681264183	0.75
153802.72140530703	750	38.90345309820296	0.0	400508	4986.446316307073	0.75
153806.63678505388	1200	38.98807335134058	0.0	570392	3915.3797468623807	0.75
153811.24759540486	1200	38.37726300036352	0.0	620283	4610.810350977057	1.2
153817.62822412635	1200	35.996634278868314	0.0	584349	6380.628721495205	1.2
153832.40251848666	1200	25.222339918587814	0.0	670129	14774.294360280497	1.2
153842.9620271806	1200	18.66283122465024	0.0	690253	10559.508693937576	1.2
153859.9905355873	1200	5.6343228179325235	0.0	598727	17028.508406717716	1.2
153863.46349258506	300	6.161365820173002	0.0	131610	3472.956997759521	-0.6000000000000001
153865.9124130035	300	7.712445401741717	0.0	124011	2448.9204184312853	0.3
153868.75531793194	300	8.869540473303918	0.0	144254	2842.9049284377993	0.3
153871.07575545777	300	10.549102947507752	0.0	149991	2320.4375257961656	0.3
153872.79350268203	300	12.831355723251013	0.0	147968	1717.7472242567376	0.3
153877.32721854857	300	12.297639856705308	0.0	161857	4533.715866545706	0.3
153880.38609778107	300	13.238760624218255	0.0	145210	3058.879232487053	0.3
153884.44573438703	300	13.179124018236816	0.0	172312	4059.636605981438	0.3
153892.0837631047	300	9.541095300602551	0.0	167025	7638.028717634265	0.3
153895.7274663534	300	9.897392051888268	0.0	160064	3643.7032487142847	0.3
153903.55695351012	300	6.067904895149804	0.0	137507	7829.487156738464	0.3
153908.20925434466	300	5.415604060616237	0.0	118421	4652.300834533567	0.3
153929.87122868517	750	4.0	16.24637027988804	450283	21661.97434050428	-69.10939220351857
153935.339404611	300	4.0	1.468175925825549	155580	5468.175925825549	-6.46315648104986
153940.12864659337	300	4.0	0.7892419823675764	139857	4789.241982367576	-3.0937405241805784
153944.0126064704	300	4.116040122951716	0.0	155432	3883.9598770482835	0.3
153947.32228107943	300	4.806365513942653	0.0	163442	3309.674609009063	0.3
153949.83203784292	300	6.296608750429796	0.0	126289	2509.7567635128576	0.3
153952.22833348977	300	7.900313103578078	0.0	153295	2396.2956468517177	0.3
153954.2795157942	300	9.849130799165504	0.0	173849	2051.182304412573	0.3
153955.68365627408	300	12.444990319272012	0.0	150710	1404.1404798934934	0.3
153957.00550515193	300	15.123141441432097	0.0	139105	1321.8488778399144	0.3
153958.9375398038	300	17.191106789542143	0.0	141840	1932.0346518899546	0.3
153961.3623260955	300	18.766320497859276	0.0	156148	2424.786291682867	0.3
153962.7535464968	300	21.375100096552114	0.0	160746	1391.2204013071653	0.3
153964.31853828672	300	23.810108306653817	0.0	179801	1564.991789898297	0.3
153965.5972688439	300	26.531377749455103	0.0	140051	1278.7305571987122	0.3
153969.64986678306	750	26.478779810319708	0.0	366214	4052.597939135394	0.3
153980.23687077904	750	19.891775814334963	0.0	360831	10587.003995984744	0.75
153991.61503022118	750	12.513616372207125	0.0	372963	11378.159442127839	0.75
153996.1121858027	300	12.016460790658957	0.0	165384	4497.155581548168	-0.15000000000000002
154000.1120103129	300	12.01663628043633	0.0	140881	3999.824510222626	0.3
154007.02242994632	300	9.106216647051868	0.0	157671	6910.419633384463	0.3
154010.7163992384	300	9.412247354988468	0.0	157812	3693.9692920634016	0.3
154014.34097626776	300	9.787670325606964	0.0	163927	3624.577029381504	0.3
154017.02677482227	300	11.10187177110018	0.0	137654	2685.798554506782	0.3
154020.7298454678	300	11.398801125547621	0.0	146754	3703.070645552559	0.3
154024.5575267052	300	11.571119888144102	0.0	153938	3827.6812374035208	0.3
154028.4193712308	300	11.70927536258047	0.0	181901	3861.84452556363	0.3
154030.6402405552	300	13.48840603817336	0.0	111155	2220.869324407109	0.3
154034.03525319303	300	14.09339340035529	0.0	153605	3395.0126378180717	0.3
154037.02894507447	300	15.099701518895607	0.0	149029	2993.691881459684	0.3
154040.77339112613	300	15.355255467244971	0.0	157421	3744.4460516506356	0.3
154043.23393620204	300	16.89471039132654	0.0	157488	2460.5450759184287	0.3
154046.01056752566	300	18.118079067720572	0.0	143881	2776.6313236059696	0.3
154048.52135360587	300	19.60729298750498	0.0	163444	2510.78608021559	0.3
154051.70160586134	300	20.42704073202905	0.0	179328	3180.25225547593	0.3
154054.33625667848	300	21.792389914883707	0.0	159914	2634.650817145341	0.3
154056.35754427026	300	23.771102323136898	0.0	131610	2021.287591746813	0.3
154058.16536623987	300	25.963280353517803	0.0	124011	1807.8219696190934	0.3
154059.97788395334	300	28.150762640067306	0.0	144254	1812.5177134504952	0.3
154062.86397332046	300	29.26467327295561	0.0	149991	2886.0893671116964	0.3
154065.5285763271	300	30.60007026629717	0.0	147968	2664.6030066584403	0.3
154067.66069283852	300	32.46795375489945	0.0	161857	2132.116511397722	0.3
154070.12646309464	300	34.00218349875321	0.0	145210	2465.7702561462365	0.3
154072.89910432178	300	35.22954227161345	0.0	172312	2772.6412271397667	0.3
154077.03840867543	750	35.09023791797025	0.0	398987	4139.3043536432	0.3
154082.37523593556	750	33.75341065783098	0.0	393804	5336.827260139268	0.75
154090.86264762582	1200	29.265998967580447	0.0	538612	8487.411690250536	0.75
154108.47368091732	2850	15.654965676079831	0.0	1364537	17611.033291500615	1.2000000000000002
154112.40342850905	750	15.725218084331999	0.0	450283	3929.747591747833	0.75
154116.40074087566	750	15.72790571772587	0.0	398865	3997.31236660613	0.75
154120.2450574863	750	15.883589107088552	0.0	350812	3844.316610637317	0.75
154123.84348019777	750	16.285166395621477	0.0	382355	3598.422711467074	0.75
154129.5276353631	750	14.601011230274194	0.0	411561	5684.155165347284	0.75
154134.34025142787	750	13.788395165511666	0.0	318564	4812.61606476253	0.75
154138.79675446433	750	13.331892129040778	0.0	352642	4456.503036470887	0.75
154143.40026768326	750	12.728378910114921	0.0	437162	4603.513218925857	0.75
154147.00945961117	750	13.119186982212057	0.0	374758	3609.1919279028643	0.75
154150.0417964414	750	14.086850151970198	0.0	362795	3032.336830241858	0.75
154153.6197908557	750	14.508855737656646	0.0	353220	3577.9944143135526	0.75
154157.41674579718	750	14.711900796185303	0.0	405134	3796.9549414713447	0.75
154160.20266214857	750	15.925984444803628	0.0	386351	2785.9163513816757	0.75
154163.79320114022	750	16.335445453146157	0.0	434409	3590.5389916574723	0.75
154166.39493813502	750	17.73370845835192	0.0	337059	2601.736994794235	0.75
154168.93522516123	750	19.19342143216415	0.0	366214	2540.287026187768	0.75
154172.01412162156	750	20.114524971827663	0.0	360831	3078.8964603364866	0.75
154174.88801208694	750	21.24063450642482	0.0	372963	2873.890465402846	0.75
154178.31919676898	750	21.8094498244054	0.0	405596	3431.1846820194196	0.75
154181.76515219358	750	22.363494399785765	0.0	350713	3445.9554246196344	0.75
154185.07077988837	750	23.05786670499128	0.0	386472	3305.6276947944866	0.75
154188.20549321905	750	23.923153374291292	0.0	399894	3134.7133306999904	0.75
154191.4977256214	750	24.630920971942203	0.0	401853	3292.232402349086	0.75
154193.97982600206	750	26.148820591272024	0.0	343800	2482.100380670181	0.75
154196.28145228574	750	27.847194307609914	0.0	359903	2301.6262836621063	0.75
154198.60381486424	750	29.524831729107884	0.0	379700	2322.362578502031	0.75
154208.66406633842	1200	23.46458025493638	0.0	696376	10060.251474171506	0.75
154214.36156528536	1200	21.76708130800181	0.0	487160	5697.498946934571	1.2
154217.4562383836	750	22.6724082097661	0.0	400396	3094.6730982357085	0.3
154220.84287619306	750	23.285770400320953	0.0	400508	3386.6378094451516	0.75
154223.66266668297	750	24.465979910406656	0.0	358218	2819.7904899142973	0.75
154227.0334572632	750	25.09518933016545	0.0	400322	3370.7905802412074	0.75
154229.61859272787	750	26.510053865506077	0.0	369834	2585.135464659373	0.75
154233.8680272404	750	26.26061935297404	0.0	412837	4249.434512532038	0.75
154239.49728459487	750	24.631361998501436	0.0	401088	5629.257354472605	0.75
154251.23983074023	750	16.88881585311825	0.0	365161	11742.546145383189	0.75
154259.49979597025	750	12.62885062312359	0.0	321064	8259.96522999466	0.75
154262.91862887854	300	13.210017714813192	0.0	124011	3418.832908310397	-0.15000000000000002
154267.08755262336	300	13.041093969997714	0.0	144254	4168.923744815478	0.3
154268.97369287987	300	15.154953713515644	0.0	149991	1886.140256482069	0.3
154270.47235331833	300	17.656293275039715	0.0	147968	1498.66043847593	0.3
154271.66582424106	300	20.462822352312354	0.0	161857	1193.4709227273586	0.3
154272.7705937982	300	23.358052795201754	0.0	145210	1104.7695571106005	0.3
154274.1027672535	300	26.02587933989597	0.0	172312	1332.1734553057872	0.3
154277.91393341645	750	26.214713176924004	0.0	398987	3811.166162971963	0.3
154282.37598012591	1200	25.752666467484918	0.0	638661	4462.046709439088	0.75
154287.5262007227	1850	24.602445870694797	0.0	830730	5150.220596790116	1.2000000000000002
154295.41738341027	2850	20.7112631831276	0.0	1364537	7891.182687567202	1.85
154298.90075173287	750	21.22789486052146	0.0	450283	3483.368322606138	0.75
154301.76559183752	750	22.363054755875332	0.0	398865	2864.8401046461277	0.75
154305.2443835676	750	22.884263025813542	0.0	350812	3478.7917300617887	0.75
154308.38231861874	750	23.74632797466178	0.0	382355	3137.935051151762	0.75
154311.62648529772	750	24.502161295705395	0.0	411561	3244.1666789563865	0.75
154314.5889859346	750	25.539660658821372	0.0	318564	2962.5006368840222	0.75
154317.28113069237	750	26.84751590103709	0.0	352642	2692.1447577842805	0.75
154320.25230062113	750	27.876345972273587	0.0	437162	2971.1699287635065	0.75
154322.60064183208	750	29.52800476130662	0.0	374758	2348.341210966968	0.75
154325.2071134682	750	30.92153312518206	0.0	362795	2606.4716361245614	0.75
154329.34819081108	1200	30.78045578229511	0.0	607410	4141.077342886949	0.75
154332.99773708265	1200	31.130909510743873	0.0	594078	3649.5462715512353	1.2
154337.60389176046	1200	30.524754832944318	0.0	624282	4606.154677799558	1.2
154341.37740340267	1200	30.751243190736265	0.0	687371	3773.5116422080496	1.2
154344.42007682312	1200	31.708569770299206	0.0	526950	3042.673420437058	1.2
154347.93197748135	1200	32.19666911209402	0.0	587876	3511.9006582051875	1.2
154351.8285363339	1200	32.30011025953526	0.0	617242	3896.558852558764	1.2
154355.77307381452	1200	32.35557277891329	0.0	581493	3944.5374806219634	1.2
154360.42543925147	1200	31.703207341942957	0.0	639204	4652.365436970335	1.2
154364.62280945358	1200	31.505837139834735	0.0	586839	4197.37020210822	1.2
154369.62013334356	1200	30.50851324987712	0.0	601738	4997.323889957618	1.2
154382.42669118664	1200	21.701955406782734	0.0	616206	12806.557843094386	1.2
154391.14931374264	750	16.979332850780207	0.0	401853	8722.622556002529	0.3
154400.7665569708	750	11.362089622623072	0.0	343800	9617.243228157135	0.75
154408.6617551274	300	7.466891466031628	0.0	146754	7895.198156591445	-0.15000000000000002
154412.20989050926	300	7.918756084197086	0.0	153938	3548.135381834542	0.3
154415.12671454708	300	9.001932046366468	0.0	181901	2916.8240378306186	0.3
154416.99153049127	300	11.137116102173547	0.0	111155	1864.8159441929226	0.3
154419.18242500807	300	12.946221585366985	0.0	153605	2190.8945168065625	0.3
154423.65066111684	300	12.477985476577516	0.0	149029	4468.236108789468	0.3
154431.9076753616	300	8.220971231819851	0.0	157421	8257.014244757665	0.3
154439.2237882262	300	4.90485836725075	0.0	157488	7316.1128645691015	0.3
154442.91378536687	300	5.21486122658516	0.0	143881	3689.997140665589	0.3
154444.75873472152	300	7.369911871941607	0.0	163444	1844.9493546435529	0.3
154447.2185719769	300	8.910074616545566	0.0	179328	2459.837255396041	0.3
154449.39669745942	300	10.731949134030044	0.0	159914	2178.125482515522	0.3
154450.63535254964	300	13.493294043804358	0.0	131610	1238.6550902256856	0.3
154451.68882847312	300	16.4398181203341	0.0	124011	1053.4759234702624	0.3
154452.8943338714	300	19.23431272205521	0.0	144254	1205.5053982788872	0.3
154454.10800197866	300	22.02064461478781	0.0	149991	1213.6681072674055	0.3
154455.55868819566	300	24.569958397802257	0.0	147968	1450.686216985551	0.3
154458.68051509722	750	25.448131496205708	0.0	384505	3121.826901596547	0.3
154460.9717699854	750	27.156876608038583	0.0	372093	2291.254888167125	0.75
154464.0110676993	750	28.117578894161547	0.0	438281	3039.297713877036	0.75
154466.5251096728	750	29.603536920625096	0.0	398987	2514.041973536449	0.75
154473.08550079825	1850	27.04314579517773	0.0	982064	6560.391125447369	0.75
154484.89388829254	2850	19.234758300874777	0.0	1231456	11808.387494302953	1.85
154500.59367164187	2850	7.53497495155947	0.0	1364537	15699.783349315305	2.85
154506.44223802054	750	5.686408572877845	0.0	450283	5848.566378681626	0.75
154508.7197601267	300	7.408886466722074	0.0	155580	2277.5221061557704	-0.15000000000000002
154510.18707999794	300	9.941566595514447	0.0	139857	1467.3198712076278	0.3
154511.5686858805	300	12.559960712920272	0.0	155432	1381.605882594175	0.3
154512.74643469392	300	15.382211899496035	0.0	163442	1177.748813424237	0.3
154513.7103816695	300	18.418264923950282	0.0	126289	963.9469755457524	0.3
154514.89460813394	300	21.234038459497338	0.0	153295	1184.2264644529444	0.3
154518.03276163645	750	22.095884956980914	0.0	437162	3138.153502516422	0.3
154521.81857325474	750	22.310073338707	0.0	374758	3785.811618273913	0.75
154524.99478982095	750	23.133856772499172	0.0	362795	3176.216566207827	0.75
154529.0638614725	750	23.064785120934676	0.0	353220	4069.0716515644954	0.75
154531.9737510074	750	24.15489558604491	0.0	405134	2909.8895348897686	0.75
154534.09450768417	750	26.034138909283158	0.0	386351	2120.7566767617536	0.75
154536.626831204	750	27.501815389470533	0.0	434409	2532.323519812622	0.75
154538.48683753595	750	29.641809057510887	0.0	337059	1860.0063319596452	0.75
154541.45019388388	1200	30.678452709592115	0.0	587876	2963.356347918772	0.75
154544.68626689716	1200	31.442379696283027	0.0	617242	3236.0730133090865	1.2
154547.46408950954	1200	32.66455708390314	0.0	581493	2777.82261237989	1.2
154552.63717791642	1850	31.491468677035662	0.0	987708	5173.088406867476	1.2000000000000002
154558.4966970126	1850	29.6319495808444	0.0	923755	5859.519096191267	1.85
154564.94409273603	1850	27.18455385740191	0.0	891604	6447.39572344249	1.85
154570.60980724366	1850	25.518839349788784	0.0	955231	5665.714507613124	1.85
154577.85070400426	1850	22.277942589166436	0.0	968026	7240.896760622349	1.85
154587.43351771703	1850	16.69512887639725	0.0	874175	9582.813712769186	1.85
154594.7331768914	1200	13.395469702029764	0.0	587236	7299.659174367483	0.5499999999999999
154601.61919044683	1200	10.509456146590948	0.0	590335	6886.013555438816	1.2
154615.24758603284	1200	4.0	3.118939439429438	696376	13628.395586020386	-12.211439589546583
154616.4072400376	300	6.840345995249228	0.0	111155	1159.6540047507722	-0.6000000000000001
154618.07859211834	300	9.168993914488983	0.0	153605	1671.352080760245	0.3
154619.5590783446	300	11.688507688221687	0.0	149029	1480.4862262672955	0.3
154621.4693100431	300	13.778275989742575	0.0	157421	1910.2316984791125	0.3
154623.45536213272	300	15.792223900118726	0.0	157488	1986.0520896238484	0.3
154624.93234930135	300	18.315236731523523	0.0	143881	1476.9871685952041	0.3
154626.5967317657	300	20.650854267171784	0.0	163444	1664.3824643517414	0.3
154628.36408863543	300	22.883497397456985	0.0	179328	1767.3568697148005	0.3
154630.03978570923	300	25.20780032362808	0.0	159914	1675.6970738289017	0.3
154633.2043963401	750	26.04318969274631	0.0	321064	3164.610630881772	0.3
154637.48502927134	750	25.76255676150524	0.0	361565	4280.632931241065	0.75
154641.08406393838	750	26.16352209445161	0.0	378327	3599.034667053629	0.75
154643.8015115966	750	27.446074436250946	0.0	390680	2717.4476582006655	0.75
154646.87580104734	750	28.3717849855123	0.0	345516	3074.289450738647	0.75
154650.6237185822	750	28.623867450625408	0.0	384505	3747.917534886893	0.75
154654.2512544793	750	28.996331553522907	0.0	372093	3627.5358971024984	0.75
154659.59379679334	750	27.653789239495513	0.0	438281	5342.542314027396	0.75
154662.24972755002	750	28.997858482792534	0.0	398987	2655.930756702979	0.75
154666.75905849898	750	28.488527533837956	0.0	393804	4509.330948954575	0.75
154682.19867987095	1850	17.048906161857257	0.0	830730	15439.621371980702	0.75
154689.82187679736	1850	13.425709235459399	0.0	846370	7623.196926397858	1.85
154693.3062783226	750	13.941307710242304	0.0	450283	3484.4015252170934	0.75
154696.08861161285	750	15.158974419972711	0.0	398865	2782.3332902695934	0.75
154696.93847514258	300	18.309110890251095	0.0	139857	849.8635297216179	-0.15000000000000002
154697.99845725845	300	21.249128774367506	0.0	155432	1059.982115883589	0.3
154700.6537674363	750	22.593818596544363	0.0	411561	2655.310177823142	0.3
154703.02013449767	750	24.227451535179657	0.0	318564	2366.3670613647064	0.75
154705.44913627993	750	25.798449752908862	0.0	352642	2429.001782270795	0.75
154711.01424961613	1200	24.23333641673037	0.0	709534	5565.113336178491	0.75
154715.02306467277	1200	24.224521360086094	0.0	584846	4008.815056644275	1.2
154719.0242379199	1200	24.223348112961197	0.0	560821	4001.173247124898	1.2
154724.09611194534	1200	23.151474087512106	0.0	607410	5071.8740254490895	1.2
154728.08536009505	1200	23.16222593778705	0.0	594078	3989.2481497250546	1.2
154732.42399141027	1200	22.823594622574348	0.0	624282	4338.631315212703	1.2
154737.29628638597	1200	21.951299646849826	0.0	687371	4872.294975724524	1.2
154741.39661480093	1200	21.85097123190579	0.0	526950	4100.328414944037	1.2
154745.9379406224	1200	21.309645410450802	0.0	587876	4541.325821454986	1.2
154750.80422090573	1200	20.443365127124924	0.0	617242	4866.280283325876	1.2
154755.8227390522	1200	19.424846980641657	0.0	581493	5018.518146483268	1.2
154766.43984625256	1200	12.807739780294545	0.0	639204	10617.107200347113	1.2
154771.1920827707	1200	12.055503262153211	0.0	586839	4752.236518141334	1.2
154774.07221355336	750	13.17537247948765	0.0	386472	2880.130782665561	0.3
154777.59646392768	750	13.651122105175487	0.0	399894	3524.2503743121642	0.75
154780.49832462316	750	14.749261409690698	0.0	401853	2901.86069548479	0.75
154783.70923320574	750	15.538352827121395	0.0	343800	3210.9085825693032	0.75
154786.28047750358	750	16.96710852928069	0.0	359903	2571.2442978407075	0.75
154788.36894018555	750	18.878645847287647	0.0	379700	2088.4626819930427	0.75
154790.344414967	750	20.903171065826026	0.0	425781	1975.4747814616212	0.75
154791.93012301726	750	23.31746301558857	0.0	277716	1585.7080502374586	0.75
154796.52679495572	750	22.720791077118506	0.0	400396	4596.671938470064	0.75
154799.79694396193	750	23.450642070906014	0.0	400508	3270.1490062124903	0.75
154802.78545358937	750	24.462132443487434	0.0	358218	2988.5096274185826	0.75
154808.87177710643	750	22.375808926429613	0.0	400322	6086.32351705782	0.75
154815.53426598886	750	19.71332004399845	0.0	369834	6662.488882431166	0.75
154820.62836436435	750	18.619221668492035	0.0	412837	5094.098375506416	0.75
154823.97608071033	750	19.27150532251537	0.0	401088	3347.7163459766634	0.75
154827.6242751768	750	19.623310856048388	0.0	365161	3648.194466466982	0.75
154830.81423463934	750	20.433351393509334	0.0	321064	3189.9594625390555	0.75
154834.5966463048	750	20.65093972807731	0.0	361565	3782.411665432021	0.75
154837.97715516775	750	21.27043086511387	0.0	378327	3380.508862963442	0.75
154841.4298541399	750	21.817731892986274	0.0	390680	3452.698972127598	0.75
154844.15138558188	750	23.096200450990466	0.0	345516	2721.531441995807	0.75
154847.15418934895	750	24.093396683935442	0.0	384505	3002.8037670550225	0.75
154850.05582750565	750	25.191758527221573	0.0	372093	2901.6381567138687	0.75
154853.13281390356	750	26.114772129290916	0.0	438281	3076.986397930657	0.75
154855.2664078234	750	27.98117820946707	0.0	398987	2133.593919823843	0.75
154860.6755767647	1850	26.57200926816287	0.0	982064	5409.1689413041995	0.75
154869.21164791094	2850	22.035938121925867	0.0	1231456	8536.071146237007	1.85
154879.14608531768	2850	16.101500715219686	0.0	1364537	9934.43740670618	2.85
154882.75635661703	750	16.491229415846433	0.0	450283	3610.271299373253	0.75
154886.18731928774	750	17.060266745124377	0.0	398865	3430.962670722058	0.75
154889.36182556633	750	17.885760466541974	0.0	350812	3174.506278582402	0.75
154892.32286008674	750	18.924725946139326	0.0	382355	2961.0345204026485	0.75
154895.6335074671	750	19.614078565749136	0.0	411561	3310.6473803901904	0.75
154898.43178359716	750	20.815802435699492	0.0	318564	2798.2761300496436	0.75
154901.47155378258	750	21.776032250290587	0.0	352642	3039.770185408907	0.75
154904.57385195253	750	22.673734080353373	0.0	437162	3102.298169937213	0.75
154909.7430339151	1200	21.504552117781245	0.0	584846	5169.181962572128	0.75
154914.18125923246	1200	21.066326800411353	0.0	560821	4438.225317369892	1.2
154918.77027406177	1200	20.477311971098498	0.0	607410	4589.014829312854	1.2
154923.2170426528	1200	20.030543380062568	0.0	594078	4446.768591035928	1.2
154928.400917859	1200	18.846668173883828	0.0	624282	5183.875206178742	1.2
154933.5754297186	1200	17.672156314294625	0.0	687371	5174.5118595892	1.2
154938.10049682134	1200	17.14708921153276	0.0	526950	4525.067102761866	1.2
154940.9225662443	750	18.325019788568305	0.0	366214	2822.069422964455	0.3
154943.894333047	750	19.353252985871872	0.0	360831	2971.7668026964307	0.75
154947.00292933022	750	20.244656702649422	0.0	372963	3108.5962832224495	0.75
154950.52903067114	750	20.71855536172144	0.0	405596	3526.1013409279826	0.75
154953.482322427	750	21.765263605879973	0.0	350713	2953.291755841465	0.75
154956.83071825161	750	22.416867781281045	0.0	386472	3348.3958245989274	0.75
154959.9628716593	750	23.28471437359947	0.0	399894	3132.1534076815747	0.75
154964.6517968055	750	22.595789227401198	0.0	401853	4688.925146198275	0.75
154967.28664682983	750	23.9609392030554	0.0	343800	2634.8500243457966	0.75
154970.0236777099	750	25.223908323009955	0.0	359903	2737.0308800454463	0.75
154972.82076455146	750	26.426821481438164	0.0	379700	2797.086841571789	0.75
154976.21883944556	750	27.028746587331536	0.0	425781	3398.074894106628	0.75
154978.56385944912	750	28.68372658377771	0.0	277716	2345.0200035538287	0.75
154982.39014994472	750	28.857436088181846	0.0	400396	3826.290495595863	0.75
154986.13807212026	750	29.109513912656926	0.0	400508	3747.922175524921	0.75
154988.5903509251	750	30.657235107785358	0.0	358218	2452.27880487157	0.75
154992.61617465984	750	30.631411373049847	0.0	400322	4025.8237347355107	0.75
154997.78333690367	750	29.46424912922914	0.0	369834	5167.162243820705	0.75
155001.05224038853	750	30.19534564437008	0.0	412837	3268.903484859063	0.75
155003.99242125335	750	31.255164779543207	0.0	401088	2940.1808648268698	0.75
155006.90882282966	750	32.33876320322392	0.0	365161	2916.4015763192924	0.75
155009.24336942073	750	34.00421661216276	0.0	321064	2334.5465910611574	0.75
155011.85827355032	750	35.38931248259029	0.0	361565	2614.9041295724696	0.75
155017.13862927508	1200	34.108956757799426	0.0	605884	5280.3557247908675	0.75
155021.64516564744	1200	33.60242038544804	0.0	587506	4506.536372351383	1.2
155026.55599068338	1200	32.69159534952299	0.0	566904	4910.825035925054	1.2
155031.21536618596	1200	32.03221984694545	0.0	641452	4659.375502577541	1.2
155035.62458167493	1200	31.62300435796367	0.0	599477	4409.215488981783	1.2
155040.6446398247	1200	30.602946208208746	0.0	634861	5020.058149754926	1.2
155046.01368272005	1200	29.233903312873537	0.0	630203	5369.042895335209	1.2
155055.30053841934	1850	23.947047613565097	0.0	982064	9286.855699308438	1.2000000000000002
155062.29608166523	1850	20.95150436766275	0.0	830730	6995.543245902346	1.85
155071.65139862412	2850	15.596187408785221	0.0	1364537	9355.316958877529	1.85
155075.05020740774	750	16.197378625165015	0.0	450283	3398.8087836202044	0.75
155077.88713901196	750	17.36044702096224	0.0	398865	2836.931604202775	0.75
155081.10832625392	750	18.139259778979703	0.0	350812	3221.1872419825386	0.75
155084.22990648955	750	19.017679543350905	0.0	382355	3121.5802356287995	0.75
155087.61671592272	750	19.630870110199773	0.0	411561	3386.8094331511334	0.75

