140851.88260848657	750	4.0	2.098558835975096	450283	2098.558835975096	-8.273802994692913
140856.3712708041	1200	4.0	0.48866231755403894	611087	4488.662317554039	-1.3512479654823673
140860.31722605237	1200	4.054044751741376	0.0	571051	3945.955248258624	1.2
140864.2637638556	1200	4.107506948543505	0.0	617681	3946.5378031978703	1.2
140868.12941614888	1200	4.241854655258431	0.0	652874	3865.6522932850753	1.2
140871.34040494452	1200	5.030865859607383	0.0	520315	3210.9887956510474	1.2
140881.63342030713	1200	4.0	5.262149503022197	561791	10293.01536262958	-21.42724286299545
140892.80380246285	750	4.0	7.170382155712566	437162	11170.382155712567	-30.532643269564034
140895.1907892592	300	5.613013203634979	0.0	150710	2386.9867963650217	-0.15000000000000002
140897.85886799634	300	6.944934466534946	0.0	139105	2668.078737100034	0.3
140900.5056950086	300	8.298107454303095	0.0	141840	2646.827012231851	0.3
140903.68826443207	300	9.115538030799701	0.0	156148	3182.5694235033934	0.3
140906.0858572187	300	10.717945244156857	0.0	160746	2397.5927866428437	0.3
140909.60213801166	300	11.201664451197303	0.0	179801	3516.2807929595538	0.3
140911.79260093128	300	13.011201531580863	0.0	140051	2190.462919616441	0.3
140913.89677519054	300	14.907027272333758	0.0	138313	2104.1742592471032	0.3
140916.6975737019	300	16.106228760957844	0.0	143509	2800.7985113759137	0.3
140920.80209179266	300	16.001710670203224	0.0	150616	4104.518090754622	0.3
140924.00900657877	300	16.79479588410545	0.0	165384	3206.914786097774	0.3
140925.58623355877	300	19.21756890411439	0.0	140881	1577.2269799910603	0.3
140932.19005303917	750	16.61374942371993	0.0	386472	6603.819480394458	0.3
140938.16648703304	750	14.63731542985296	0.0	399894	5976.433993866974	0.75
140943.0509668105	750	13.752835652386333	0.0	401853	4884.479777466625	0.75
140946.53831236626	750	14.265490096641274	0.0	343800	3487.3455557450584	0.75
140949.69250127586	750	15.111301187023631	0.0	359903	3154.1889096176433	0.75
140953.4636690613	750	15.340133401595294	0.0	379700	3771.1677854283366	0.75
140958.1597885346	750	14.644013928282474	0.0	425781	4696.119473312819	0.75
140961.65398010853	750	15.149822354374884	0.0	277716	3494.1915739075926	0.75
140965.95102966487	750	14.852772798041773	0.0	400396	4297.04955633311	0.75
140971.63813011142	1200	13.165672351486018	0.0	641447	5687.100446555754	0.75
140976.51572380858	1200	12.28807865432548	0.0	570392	4877.593697160538	1.2
140982.63987597346	1200	10.163926489454076	0.0	620283	6124.152164871405	1.2
140988.7311676584	1200	8.072634804489452	0.0	584349	6091.291684964624	1.2
140992.76928175343	750	8.034520709489952	0.0	412837	4038.114094999499	0.3
140996.76819239545	750	8.035610067462072	0.0	401088	3998.91064202788	0.75
141002.47413284282	750	6.329669620099686	0.0	365161	5705.940447362385	0.75
141008.53669633862	750	4.2671061242796915	0.0	321064	6062.563495819995	0.75
141010.08923131425	300	6.714571148671792	0.0	124011	1552.5349756078995	-0.15000000000000002
141012.99820960333	300	7.805592859562727	0.0	144254	2908.978289109065	0.3
141015.49742176	300	9.306380702909792	0.0	149991	2499.212156652934	0.3
141017.46082180008	300	11.342980662830568	0.0	147968	1963.4000400792231	0.3
141019.3980953237	300	13.405707139216581	0.0	161857	1937.273523613987	0.3
141023.2953262289	750	13.508476234038328	0.0	372093	3897.230905178255	0.3
141026.94457713762	750	13.859225325302518	0.0	438281	3649.2509087358103	0.75
141032.13824771412	1200	12.665554748833863	0.0	630203	5193.670576468655	0.75
141039.11925807857	1200	9.6845443843621	0.0	638661	6981.010364471764	1.2
141043.49593366057	1200	9.30786880237034	0.0	538612	4376.675581991759	1.2
141056.58940831065	2850	4.0	3.7856058477203116	1364537	13093.474650090651	-15.078105145197341
141060.15914929716	750	4.430259013470822	0.0	450283	3569.740986529177	0.75
141063.62661407143	750	4.962794239234558	0.0	398865	3467.464774236264	0.75
141067.87717019717	750	4.712238113518012	0.0	350812	4250.556125716546	0.75
141071.20424080538	750	5.385167505285961	0.0	382355	3327.0706082320507	0.75
141074.3238860697	750	6.2655222409727465	0.0	411561	3119.6452643132143	0.75
141077.497601781	750	7.091806529664125	0.0	318564	3173.7157113086214	0.75
141080.60667998635	750	7.982728324314361	0.0	352642	3109.0782053497637	0.75
141084.73171393236	750	7.85769437829858	0.0	437162	4125.033946015781	0.75
141089.22081192568	750	7.368596384979831	0.0	374758	4489.097993318749	0.75
141095.46485908836	750	5.1245492223035685	0.0	362795	6244.047162676263	0.75
141100.36578417462	750	4.223624136053001	0.0	353220	4900.925086250567	0.75
141101.5668555824	300	7.022552728250678	0.0	156148	1201.0714078023243	-0.15000000000000002
141105.03072789934	750	7.558680411321895	0.0	386351	3463.8723169287828	0.3
141108.41067847313	750	8.178729837551854	0.0	434409	3379.9505737700397	0.75
141111.26955058472	750	9.319857725929753	0.0	337059	2858.8721116221022	0.75
141114.73957134935	750	9.849836961323241	0.0	366214	3470.0207646065123	0.75
141120.5434394216	1200	8.045968889090739	0.0	617242	5803.868072232502	0.75
141125.4960811518	1200	7.093327158912361	0.0	581493	4952.641730178379	1.2
141130.99860542506	1200	5.590802885634701	0.0	639204	5502.52427327766	1.2
141136.58243014186	1200	4.006978168819564	0.0	586839	5583.824716815137	1.2
141140.667796132	750	4.0	0.07838782130669779	386472	4085.3659901262613	-0.0370676316188005
141144.91064903777	750	4.0	0.24285290578110835	399894	4242.852905781108	-0.2942674948587658
141148.91095882308	750	4.0	0.0003097852999871975	401853	4000.309785299987	0.748667923210055
141152.36613359244	750	4.544825230654546	0.0	343800	3455.1747693454545	0.75
141157.15639663904	750	4.0	0.24543781596030748	359903	4790.263046614853	-0.3053826086293221
141161.24402604284	300	4.0	0.08762940378930671	153938	4087.6294037893067	-0.5268064362940188
141162.81425715474	300	6.429768888121028	0.0	181901	1570.231111878971	0.3
141163.77912944768	300	9.46489659517672	0.0	111155	964.8722929443074	0.3
141165.29202863673	300	11.95199740612362	0.0	153605	1512.8991890531008	0.3
141169.8234308296	750	11.420595213265203	0.0	400508	4531.402192858417	0.3
141173.37138499005	750	11.872641052797634	0.0	358218	3547.9541604675687	0.75
141177.8732495767	750	11.370776466177507	0.0	400322	4501.864586620129	0.75
141184.379799323	750	8.864226719832914	0.0	369834	6506.5497463445945	0.75
141187.15002532207	750	10.094000720761802	0.0	412837	2770.2259990711123	0.75
141189.88463057508	750	11.359395467748763	0.0	401088	2734.605253013039	0.75
141192.81432365222	750	12.429702390644271	0.0	365161	2929.6930771044913	0.75
141195.251374178	750	13.992651864836294	0.0	321064	2437.050525807978	0.75
141200.2692580224	1200	12.974768020456072	0.0	575591	5017.883844380223	0.75
141206.63445637247	1200	10.60956967037898	0.0	605884	6365.198350077091	1.2
141217.8775096422	1200	4.0	0.6334835993338275	587506	11243.053269712807	-1.5239794771354582
141222.4354683173	300	4.0	0.5579586751200859	147968	4557.958675120086	-2.9992223030163694
141224.010896748	300	6.424571569330454	0.0	161857	1575.4284306695463	0.3
141225.24158619664	300	9.193882120676493	0.0	145210	1230.6894486539607	0.3
141226.4790923423	300	11.956375974984221	0.0	172312	1237.5061456922726	0.3
141229.48471484706	750	12.950753470242264	0.0	398987	3005.622504741957	0.3
141234.49003233932	1200	11.945435977972924	0.0	638661	5005.317492269341	0.75
141243.15785038687	1850	7.2776179304463655	0.0	830730	8667.818047526558	1.2000000000000002
141260.7219218591	1850	4.0	10.286453541814936	846370	17564.0714722613	-42.38175022980422
141279.31000330596	750	4.0	14.588081446863455	450283	18588.081446863456	-61.978750221512854
141285.1251178517	300	4.0	1.8151145457218654	155580	5815.114545721865	-7.954992546604021
141287.89023014245	300	5.234887709273798	0.0	139857	2765.112290726202	0.3
141290.21267527566	300	6.912442576063291	0.0	155432	2322.445133210507	0.3
141293.06749448288	300	8.057623368853806	0.0	163442	2854.8192072094857	0.3
141294.3114068989	300	10.813710952835482	0.0	126289	1243.9124160183235	0.3
141295.43954834854	300	13.685569503189674	0.0	153295	1128.1414496458078	0.3
141298.91941616757	750	14.205701684185907	0.0	437162	3479.8678190037667	0.3
141301.3583444384	750	15.766773413353892	0.0	374758	2438.928270832015	0.75
141304.78555781583	1200	16.33956003594819	0.0	560821	3427.213377405701	0.75
141308.32625433512	1200	16.7988635166669	0.0	607410	3540.6965192812922	1.2
141313.11374788953	1850	16.011369962264563	0.0	917428	4787.4935544023365	1.2000000000000002
141318.838676632	1850	14.286441219769412	0.0	946851	5724.92874249515	1.85
141323.88048112747	1850	13.244636724315802	0.0	1036454	5041.804495453608	1.85
141327.5414707015	1850	13.583647150312284	0.0	821631	3660.9895740035176	1.85
141332.94803618474	1850	12.177081667068508	0.0	923170	5406.565483243777	1.85
141338.0227062359	1850	11.102411615893194	0.0	966699	5074.670051175315	1.85
141343.4757029577	1850	9.64941489410811	0.0	885714	5452.996721785083	1.85
141348.50024412782	1850	8.62487372398525	0.0	987708	5024.541170122862	1.85
141353.30190680758	1850	7.823211044231536	0.0	923755	4801.662679753713	1.85
141357.60965275572	1850	7.515465096070735	0.0	891604	4307.745948160801	1.85
141362.30353790108	1850	6.821579950734902	0.0	955231	4693.885145335833	1.85
141368.5397971514	1850	4.5853207003999845	0.0	968026	6236.259250334918	1.85
141372.4867288271	1200	4.638389024728829	0.0	536667	3946.9316756711546	0.5499999999999999
141380.7263852804	1200	4.0	3.6012674285819593	587236	8239.656453310788	-14.285449942902424
141384.69972124323	750	4.026664037182488	0.0	379700	3973.3359628175112	0.3
141388.88923330497	750	4.0	0.16284802456151373	425781	4189.5120617440025	0.049753494385490926
141390.8190760115	750	6.070157293481336	0.0	277716	1929.8427065186643	0.75
141393.70689435484	750	7.182338950153355	0.0	400396	2887.818343327981	0.75
141396.93986133728	750	7.9493719677213415	0.0	400508	3232.966982432014	0.75
141401.8204651933	750	7.0687681117071035	0.0	358218	4880.603856014238	0.75
141405.45257200318	750	7.436661301809589	0.0	400322	3632.106809897515	0.75
141408.1523634832	750	8.73686982176061	0.0	369834	2699.791480048978	0.75
141411.0769591754	750	9.812274129587262	0.0	412837	2924.5956921733487	0.75
141415.7275267656	1200	9.161706539375885	0.0	690253	4650.567590211375	0.75
141419.87768832792	1200	9.011544977078517	0.0	598727	4150.1615622973695	1.2
141423.27335815039	1200	9.615875154585229	0.0	487812	3395.669822493289	1.2
141428.1474406288	1200	8.741792676177209	0.0	575591	4874.08247840802	1.2
141434.73490381453	1200	6.154329490459485	0.0	605884	6587.463185717724	1.2
141439.33855953315	1200	5.550673771824921	0.0	587506	4603.6557186345635	1.2
141444.52066372597	1200	4.368569578996865	0.0	566904	5182.1041928280565	1.2
141448.54149131654	750	4.347741988399524	0.0	384505	4020.82759059734	0.3
141453.517168926	750	4.0	0.6279356210455317	372093	4975.677609445056	-1.950123170495786
141463.26649829018	750	4.0	5.749329364168021	438281	9749.329364168021	-23.97211626592249
141470.7500473736	300	4.0	3.4835490834514395	167025	7483.549083451439	-15.129261058841188
141478.6914591089	300	4.0	3.941411735266128	160064	7941.411735266128	-16.64807046164435
141487.40885998477	300	4.0	4.717400875906542	137507	8717.400875906542	-19.984823766398126
141494.7838480102	300	4.0	3.374988025425839	118421	7374.988025425839	-14.212448509331105
141505.9446966615	750	4.0	7.160848651292802	450283	11160.848651292801	-30.041649200559046
141506.9818696954	300	6.962826966112704	0.0	155580	1037.1730338872958	-0.15000000000000002
141508.474956373	300	9.469740288523731	0.0	139857	1493.0866775889729	0.3
141509.78521894984	300	12.159477711671949	0.0	155432	1310.2625768517828	0.3
141511.10836796786	300	14.836328693664598	0.0	163442	1323.1490180073502	0.3
141514.05411932178	750	15.890577339716739	0.0	318564	2945.751353947859	0.3
141517.03250623203	750	16.912190429479974	0.0	352642	2978.386910236762	0.75
141521.83643334493	1200	16.10826331656047	0.0	709534	4803.927112919505	0.75
141526.38022485358	1200	15.56447180790135	0.0	584846	4543.79150865912	1.2
141530.83368677105	1200	15.111009890451808	0.0	560821	4453.461917449544	1.2
141534.85457797468	1200	15.090118686822324	0.0	607410	4020.8912036294837	1.2
141539.69996201637	1200	14.244734645139093	0.0	594078	4845.38404168323	1.2
141544.71633888787	1200	13.228357773651616	0.0	624282	5016.376871487477	1.2
141550.13785083336	1200	11.806845828170818	0.0	687371	5421.511945480796	1.2
141554.04062171944	1200	11.904074942091636	0.0	526950	3902.770886079182	1.2
141558.90922215203	1200	11.035474509529266	0.0	587876	4868.600432562371	1.2
141564.26653387598	1200	9.678162785571418	0.0	617242	5357.311723957849	1.2
141568.5073804265	1200	9.437316235015595	0.0	581493	4240.8465505558215	1.2
141572.97625851748	1200	8.968438144053458	0.0	639204	4468.878090962138	1.2
141577.5717051917	1200	8.372991469814242	0.0	586839	4595.446674239216	1.2
141582.06441351486	1200	7.880283146676973	0.0	601738	4492.708323137269	1.2
141587.14228765023	1200	6.802409011290936	0.0	616206	5077.874135386037	1.2
141591.9285919328	1200	6.016104728709679	0.0	656471	4786.304282581257	1.2
141596.44732248943	1200	5.497374172065738	0.0	536667	4518.730556643941	1.2
141601.9763695379	1200	4.0	0.03167287640500581	587236	5529.047048470744	1.0638066314584749
141605.33590011968	750	4.640469418236671	0.0	379700	3359.53058176333	0.3
141609.59251818235	750	4.383851355556916	0.0	425781	4256.618062679754	0.75
141612.11031898056	750	5.866050557392936	0.0	277716	2517.8007981639803	0.75
141622.40735183164	750	4.0	4.430982293699496	400396	10297.032851092432	-18.30322386290783
141625.11117700915	300	5.296174822467563	0.0	149029	2703.8251775324366	-0.15000000000000002
141629.13913820093	300	5.26821363070043	0.0	157421	4027.9611917671327	0.3
141632.6080013533	300	5.799350478357064	0.0	157488	3468.863152343367	0.3
141636.16376951488	300	6.243582316763197	0.0	143881	3555.768161593866	0.3
141641.47414065961	300	4.933211172063895	0.0	163444	5310.371144699302	0.3
141645.1816523845	300	5.225699447180461	0.0	179328	3707.5117248834335	0.3
141649.89301749022	300	4.514334341456677	0.0	159914	4711.365105723784	0.3
141652.01388562054	300	6.393466211141805	0.0	131610	2120.8681303148724	0.3
141654.34976225276	300	8.057589578897998	0.0	124011	2335.876632243806	0.3
141660.14940634265	300	6.257945489006438	0.0	144254	5799.644089891561	0.3
141667.4100094792	300	4.0	1.0026576475392768	149991	7260.603136545715	-4.01142788441889
141672.25680151486	300	4.0	0.8467920356601654	147968	4846.792035660165	-3.341205753338711
141675.99102588437	300	4.265775630502229	0.0	161857	3734.224369497771	0.3
141678.4366918335	300	5.820109681330671	0.0	145210	2445.6659491715573	0.3
141680.24457146515	300	8.012230049699296	0.0	172312	1807.8796316313749	0.3
141681.71135197108	300	10.545449543785125	0.0	167025	1466.7805059141713	0.3
141685.92414121432	750	10.332660300554352	0.0	393804	4212.789243230774	0.3
141699.5015247153	1200	4.0	3.244723200448807	538612	13577.383501003158	-13.20230976192987
141708.6357566269	750	4.0	5.134231911613862	314107	9134.231911613862	-21.777197219939605
141721.6191390843	750	4.0	8.983382457418854	450283	12983.382457418853	-37.87854456690107
141725.75923414278	300	4.0	0.14009505846714002	155580	4140.09505846714	-0.7524087514087021
141730.16986555094	300	4.0	0.4106314081592873	139857	4410.631408159287	-1.4657150550849352
141735.41252680056	300	4.0	1.242661249640173	155432	5242.661249640173	-5.043443373452744
141738.28763678196	300	5.124890018610435	0.0	163442	2875.1099813895657	0.3
141740.27065044252	300	7.141876358073321	0.0	126289	1983.013660537114	0.3
141742.51454862545	300	8.897978175134531	0.0	153295	2243.8981829387903	0.3
141748.00859079688	300	7.403936003672852	0.0	173849	5494.042171461679	0.3
141750.18359956154	300	9.228927239030726	0.0	150710	2175.0087646421243	0.3
141753.5384368382	300	9.8740899623992	0.0	139105	3354.8372766315265	0.3
141756.42863881608	300	10.983887984491846	0.0	141840	2890.2019779073557	0.3
141762.22514642606	300	9.187380374514063	0.0	156148	5796.507609977782	0.3
141766.7810704337	300	8.63145636687377	0.0	160746	4555.924007640293	0.3
141770.70488707063	300	8.707639729953366	0.0	179801	3923.8166369204046	0.3
141773.91396322564	300	9.498563574948745	0.0	140051	3209.076155004621	0.3
141775.94771507528	300	11.464811725287214	0.0	138313	2033.75184966153	0.3
141777.7531504598	300	13.659376340763169	0.0	143509	1805.435384524046	0.3
141779.91412112126	300	15.498405679296885	0.0	150616	2160.9706614662828	0.3
141782.04645316664	300	17.36607363392404	0.0	165384	2132.332045372849	0.3
141789.57610857254	750	13.836418228011956	0.0	350713	7529.655405912082	0.3
141795.50310038103	750	11.909426419523482	0.0	386472	5926.991808488473	0.75
141798.84050914785	750	12.572017652694313	0.0	399894	3337.4087668291686	0.75
141802.06848975507	750	13.344037045482345	0.0	401853	3227.9806072119677	0.75
141804.67067064074	750	14.741856159804184	0.0	343800	2602.180885678161	0.75
141807.22610268602	750	16.186424114512196	0.0	359903	2555.4320452919897	0.75
141810.17907147275	750	17.233455327758	0.0	379700	2952.968786754194	0.75
141816.81897968592	1200	14.593547114600858	0.0	696376	6639.908213157143	0.75
141821.0386870931	1200	14.373839707430157	0.0	487160	4219.707407170701	1.2
141827.25253901558	1200	12.159987784958256	0.0	622896	6213.851922471902	1.2
141837.85856806405	1200	5.553958736483966	0.0	641447	10606.029048474289	1.2
141842.21835008604	750	5.194176714509425	0.0	358218	4359.782021974542	0.3
141847.7570691998	750	4.0	0.344542399263858	400322	5538.7191137732825	-0.7315323168345893
141849.6142927898	300	6.1427764099891515	0.0	143881	1857.223590010848	-0.15000000000000002
141851.4993385779	300	8.257730621901166	0.0	163444	1885.045788087987	0.3
141855.64307528883	750	8.113993910959087	0.0	401088	4143.736710942079	0.3
141859.01308242176	750	8.74398677805113	0.0	365161	3370.007132907956	0.75
141862.24814573102	750	9.508923468781532	0.0	321064	3235.063309269599	0.75
141865.74460789518	750	10.01246130463579	0.0	361565	3496.462164145742	0.75
141869.5412332262	750	10.215835973607629	0.0	378327	3796.625331028161	0.75
141873.8949893886	750	9.862079811214896	0.0	390680	4353.756162392735	0.75
141877.42968584318	750	10.327383356618416	0.0	345516	3534.696454596479	0.75
141881.62473620713	750	10.132332992655233	0.0	384505	4195.050363963185	0.75
141885.3359927351	750	10.421076464665148	0.0	372093	3711.2565279900855	0.75
141889.8565568304	750	9.900512369376298	0.0	438281	4520.564095288849	0.75
141893.4352118689	750	10.321857330880617	0.0	398987	3578.6550384956813	0.75
141896.22650714425	750	11.530562055536894	0.0	393804	2791.2952753437244	0.75
141901.85615685568	1850	9.900912344111571	0.0	830730	5629.649711425322	0.75
141913.96496839038	2850	4.0	2.207899190584936	1364537	12108.811534696508	-7.643966519515224
141917.98130301473	750	4.0	0.016334624335698208	450283	4016.334624335698	0.6797611153564977
141921.55189066907	750	4.429412345648198	0.0	398865	3570.5876543518016	0.75
141924.71192218584	750	5.269380828891	0.0	350812	3160.031516757198	0.75
141928.0038099003	750	5.977493114426154	0.0	382355	3291.8877144648472	0.75
141931.24689359957	750	6.7344094151616085	0.0	411561	3243.083699264546	0.75
141934.825799084	750	7.155503930708935	0.0	318564	3578.905484452673	0.75
141938.32269748545	750	7.6586055292569	0.0	352642	3496.898401452035	0.75
141942.50191701832	750	7.479385996371573	0.0	437162	4179.219532885327	0.75
141946.0467187224	750	7.934584292286265	0.0	374758	3544.801704085308	0.75
141950.43875857806	750	7.542544436632006	0.0	362795	4392.03985565426	0.75
141953.21696118938	750	8.764341825291392	0.0	353220	2778.202611340613	0.75
141957.0707434836	750	8.910559531088104	0.0	405134	3853.782294203288	0.75
141960.40664987406	750	9.574653140641436	0.0	386351	3335.906390446668	0.75
141963.90613620155	750	10.075166813154564	0.0	434409	3499.486327486872	0.75
141967.11699273667	750	10.864310278039538	0.0	337059	3210.8565351150237	0.75
141972.1958891209	1200	9.785413893802978	0.0	587876	5078.89638423656	0.75
141977.88353386841	1200	8.097769146302657	0.0	617242	5687.644747500322	1.2
141981.94284097513	1200	8.03846203955702	0.0	581493	4059.3071067456367	1.2
141986.28301102784	1200	7.69829198683755	0.0	639204	4340.170052719471	1.2
141990.25516747052	1200	7.726135544160921	0.0	586839	3972.1564426766276	1.2
141994.50368525262	1200	7.477617762043646	0.0	601738	4248.517782117275	1.2
141998.92084192942	1200	7.060461085285522	0.0	616206	4417.156676758124	1.2
142004.10927230289	1200	5.872030711799113	0.0	656471	5188.43037348641	1.2
142008.2473706972	1200	5.733932317492015	0.0	536667	4138.098394307097	1.2
142011.42153805657	1200	6.5597649581132815	0.0	587236	3174.1673593787336	1.2

