36607.913147655934	750	4.0	1.3264856678000625	450283	1326.4856678000624	0.7	-4.953888371540269
36608.507754948725	300	7.405392707209327	0.0	155580	594.6072927906732	0.7	-0.15000000000000002
36609.215978289445	300	10.697169366492467	0.0	139857	708.22334071686	0.7	0.3
36610.2267203747	300	13.686427281238334	0.0	155432	1010.7420852541342	0.7	0.3
36612.19957930048	750	15.713568355457394	0.0	411561	1972.8589257809394	0.7	0.3
36613.507545916465	750	18.405601739474537	0.0	318564	1307.9666159828598	0.7	0.75
36614.74662384582	750	21.16652381011994	0.0	352642	1239.077929354595	0.7	0.75
36617.40767759407	1850	22.50547006186799	0.0	1060487	2661.0537482519508	0.7	0.75
36621.09203536	2850	22.82111229593911	0.0	1348011	3684.3577659288776	0.7	1.85
36625.121178541	2850	22.791969114941374	0.0	1429765	4029.1431809977353	0.7	2.85
36629.758583491384	2850	22.15456416454995	0.0	1354548	4637.404950391427	0.7	2.85
36633.974018627814	2850	21.939129028120842	0.0	1519951	4215.435136429108	0.7	2.85
36637.55913356572	2850	22.35401409021403	0.0	1422919	3585.1149379068133	0.7	2.85
36642.35554965169	2850	21.557598004247986	0.0	1578343	4796.416085966046	0.7	2.85
36647.670024150924	2850	20.24312350501825	0.0	1231445	5314.4744992297365	0.7	2.85
36652.92192724376	2850	18.991220412182436	0.0	1471065	5251.903092835816	0.7	2.85
36657.41693341417	2850	18.496214241773266	0.0	1491626	4495.00617040917	0.7	2.85
36661.515163390344	2850	18.39798426559803	0.0	1358801	4098.229976175236	0.7	2.85
36666.40253172042	2850	17.510615935525152	0.0	1537156	4887.368330072875	0.7	2.85
36670.18371501323	2850	17.729432642719896	0.0	1336050	3781.1832928052545	0.7	2.85
36674.10055206718	2850	17.812595588766374	0.0	1415116	3916.8370539535267	0.7	2.85
36677.60677341214	2850	18.30637424380914	0.0	1468126	3506.2213449572278	0.7	2.85
36681.10531648849	2850	18.80783116746077	0.0	1505760	3498.5430763483755	0.7	2.85
36684.0631693452	2850	19.849978310748448	0.0	1323990	2957.8528567123194	0.7	2.85
36687.09123707387	2850	20.821910582074874	0.0	1383735	3028.0677286735727	0.7	2.85
36690.4780806768	2850	21.435066979147226	0.0	1480464	3386.843602927649	0.7	2.85
36694.09174247181	2850	21.82140518413475	0.0	1547572	3613.661795012475	0.7	2.85
36697.75105941039	4300	22.16208824556622	0.0	1972048	3659.316938568527	0.7	2.8499999999999996
36701.958460518086	4300	21.95468713786746	0.0	2134614	4207.401107698763	0.7	4.3
36706.629860613044	4300	21.283287042911745	0.0	2164140	4671.400094955712	0.7	4.3
36711.407646140906	4300	20.505501515049946	0.0	2113193	4777.785527861802	0.7	4.3
36715.54982617442	4300	20.36332148152864	0.0	2147852	4142.180033521304	0.7	4.3
36719.63860546597	4300	20.274542189985393	0.0	2191074	4088.779291543248	0.7	4.3
36725.266294816836	4300	18.646852839112622	0.0	2286761	5627.689350872768	0.7	4.3
36733.42519666412	4300	14.48795099183184	0.0	2307787	8158.901847280785	0.7	4.3
36743.05726535858	4300	8.855882297373832	0.0	2143948	9632.068694458008	0.7	4.3
36748.493676257065	2850	7.419471398878726	0.0	1139291	5436.410898495105	0.7	1.4000000000000001
36757.40518608038	2850	4.0	1.4920384244350644	1499009	8911.50982331379	0.7	-3.5657652250707765
36761.078631313634	1200	4.326554766744049	0.0	605884	3673.4452332559504	0.7	-0.44999999999999996
36764.33906497896	1200	5.066121101423418	0.0	587506	3260.4336653206315	0.7	1.2
36767.28322017132	1200	6.12196590906133	0.0	566904	2944.1551923620877	0.7	1.2
36770.633306400065	1200	6.771879680312146	0.0	641452	3350.0862287491827	0.7	1.2
36773.82575365851	1200	7.5794324218720615	0.0	599477	3192.4472584400855	0.7	1.2
36777.38163417688	1200	8.02355190350236	0.0	634861	3555.8805183697013	0.7	1.2
36780.67691116378	1200	8.728274916603237	0.0	630203	3295.2769868991236	0.7	1.2
36784.23478013276	1200	9.170405947616857	0.0	638661	3557.868968986381	0.7	1.2
36787.95643405737	1850	9.448752023011613	0.0	830730	3721.653924605243	0.7	1.2000000000000002
36796.85594661751	2850	4.549239462871767	0.0	1364537	8899.512560139847	0.7	1.85
36799.18045594246	750	6.224730137907745	0.0	450283	2324.509324964021	0.7	0.75
36801.18217343265	750	8.223012647723843	0.0	398865	2001.7174901839026	0.7	0.75
36804.19894967639	1200	9.206236403979405	0.0	571051	3016.776243744438	0.7	0.75
36807.661520702204	1200	9.743665378167185	0.0	617681	3462.5710258122203	0.7	1.2
36811.26896703671	1200	10.136219043666621	0.0	652874	3607.4463345005634	0.7	1.2
36813.64299101424	1200	11.762195066132719	0.0	520315	2374.023977533901	0.7	1.2
36815.84508787095	1200	13.56009820943009	0.0	561791	2202.096856702631	0.7	1.2
36818.60052118799	1200	14.804664892387818	0.0	709534	2755.43331704227	0.7	1.2
36820.96726824909	1200	16.43791783128414	0.0	584846	2366.7470611036792	0.7	1.2
36825.15129302627	1850	16.253893054110474	0.0	913888	4184.024777173665	0.7	1.2000000000000002
36828.272331351516	1850	17.132854728860863	0.0	939819	3121.038325249611	0.7	1.85
36831.0062521267	1850	18.398933953680146	0.0	917428	2733.9207751807194	0.7	1.85
36834.68454284439	1850	18.72064323599088	0.0	946851	3678.2907176892663	0.7	1.85
36838.66960080473	1850	18.735585275651758	0.0	1036454	3985.057960339121	0.7	1.85
36842.15225620819	1850	19.252929872192297	0.0	821631	3482.6554034594615	0.7	1.85
36845.93097586503	1850	19.47421021535256	0.0	923170	3778.7196568397385	0.7	1.85
36847.986939566734	1850	21.418246513649223	0.0	966699	2055.963701703339	0.7	1.85
36851.84926488249	2850	21.555921197891006	0.0	1358801	3862.3253157582144	0.7	1.85
36857.876417082894	2850	19.528768997493227	0.0	1537156	6027.15220039778	0.7	2.85
36863.945670084526	2850	17.45951599585349	0.0	1336050	6069.253001639735	0.7	2.85
36871.97785343876	2850	13.42733264162429	0.0	1415116	8032.1833542292015	0.7	2.85
36880.510372053584	2850	8.894814026797551	0.0	1468126	8532.518614826738	0.7	2.85
36892.11642292793	1850	4.0	2.7112368475451984	968026	11606.050874342749	0.7	-10.808318444444353
36897.91034757691	750	4.0	1.7939246489761327	343800	5793.924648976133	0.7	-8.06387599059737
36907.9513267853	750	4.0	6.040979208392921	359903	10040.97920839292	0.7	-25.226210596089558
36922.70209766989	750	4.0	10.750770884585714	379700	14750.770884585714	0.7	-45.47831480371857
36933.35894499282	750	4.0	6.656847322924761	425781	10656.847322924761	0.7	-27.87444348857647
36937.09876269838	300	4.260182294440654	0.0	111155	3739.817705559346	0.75	-0.15000000000000002
36941.75606436435	300	4.0	0.39711937153472265	153605	4657.301665975377	0.75	-1.4076132975993072
36944.096804826506	300	5.659259537843236	0.0	149029	2340.7404621567634	0.75	0.3
36946.0809142469	300	7.675150117449745	0.0	157421	1984.1094203934908	0.75	0.3
36949.31075469142	300	8.445309672937654	0.0	157488	3229.840444512092	0.75	0.3
36953.28679370303	300	8.469270661318337	0.0	143881	3976.039011619318	0.75	0.3
36960.401102069925	300	5.3549622944328545	0.0	163444	7114.3083668854815	0.75	0.3
36965.98474965887	300	4.0	0.22868529451487574	179328	5583.647588947731	0.75	-0.6833467664139656
36969.0509694149	300	4.933780243968728	0.0	159914	3066.2197560312716	0.75	0.3
36971.77930324257	300	6.2054464162941425	0.0	131610	2728.333827674586	0.75	0.3
36973.258376815196	300	8.726372843667761	0.0	124011	1479.0735726263806	0.75	0.3
36975.57979414801	300	10.404955510854718	0.0	144254	2321.4173328130432	0.75	0.3
36979.16181722904	300	10.822932429826567	0.0	149991	3582.0230810281496	0.75	0.3

