109093.323809532	750	4.0	2.8173561793236095	450283	2817.3561793236095	0.75	-11.36463157109152
109096.0190897942	750	5.304719737818841	0.0	398865	2695.2802621811584	0.75	0.75
109100.00777349083	750	5.31603604118024	0.0	350812	3988.683696638601	0.75	0.75
109102.36791473345	750	6.955894798556252	0.0	382355	2360.141242623989	0.75	0.75
109107.59584321688	1200	5.72796631513659	0.0	652874	5227.9284834196615	0.75	0.75
109112.59426701374	1200	4.729542518269052	0.0	520315	4998.423796867538	0.75	1.2
109115.96362235979	750	5.360187172221891	0.0	352642	3369.355346047161	0.75	0.3
109119.11133436117	750	6.212475170858057	0.0	437162	3147.7120013638346	0.75	0.75
109121.55974052634	750	7.764069005688568	0.0	374758	2448.406165169489	0.75	0.75
109123.97593773692	750	9.347871795105352	0.0	362795	2416.197210583216	0.75	0.75
109127.01579052347	750	10.308019008552545	0.0	353220	3039.8527865528063	0.75	0.75
109129.58741741137	750	11.73639212065289	0.0	405134	2571.6268878996543	0.75	0.75
109131.99337627577	750	13.330433256251673	0.0	386351	2405.958864401217	0.75	0.75
109135.92866662904	750	13.39514290298395	0.0	434409	3935.290353267723	0.75	0.75
109138.23509392694	750	15.088715605094505	0.0	337059	2306.4272978894464	0.75	0.75
109142.38945078672	1200	14.934358745310961	0.0	587876	4154.356859783544	0.75	0.75
109146.07012126705	1200	15.253688264980607	0.0	617242	3680.670480330355	0.75	1.2
109149.38284113123	1200	15.940968400809263	0.0	581493	3312.719864171343	0.75	1.2
109153.07194757955	1200	16.251861952490618	0.0	639204	3689.106448318644	0.75	1.2
109156.4054217411	1200	16.9183877909473	0.0	586839	3333.474161543318	0.75	1.2
109159.28226025321	1200	18.041549278845544	0.0	601738	2876.838512101756	0.75	1.2
109162.59544391074	1200	18.72836562130558	0.0	616206	3313.183657539966	0.75	1.2
109166.43988780705	1200	18.88392172500278	0.0	656471	3844.4438963028015	0.75	1.2
109171.26718244707	1200	18.05662708499056	0.0	536667	4827.29464001222	0.75	1.2
109175.62807051519	1200	17.69573901688363	0.0	587236	4360.888068106931	0.75	1.2
109183.46271507295	1200	13.861094459128369	0.0	590335	7834.64455775526	0.75	1.2
109193.103566101	1200	8.220243431077737	0.0	696376	9640.85102805063	0.75	1.2
109200.74105581347	1200	4.582753718596313	0.0	487160	7637.489712481423	0.75	1.2
109201.41850078956	300	7.905308742519933	0.0	153605	677.4449760763798	0.75	-0.6000000000000001
109203.23789273592	300	10.085916796137223	0.0	149029	1819.3919463827112	0.75	0.3
109205.91070472727	300	11.413104804784924	0.0	157421	2672.8119913522987	0.75	0.3
109207.01125997817	300	14.312549553886784	0.0	157488	1100.555250898141	0.75	0.3
109210.22227748195	750	15.101532050100479	0.0	369834	3211.0175037863046	0.75	0.3
109215.78938083535	750	13.53442869670297	0.0	412837	5567.10335339751	0.75	0.75
109218.32277196393	750	15.001037568135903	0.0	401088	2533.391128567065	0.75	0.75
109221.5090925415	750	15.814716990557859	0.0	365161	3186.3205775780443	0.75	0.75
109225.157022636	750	16.166786896048826	0.0	321064	3647.930094509032	0.75	0.75
109230.74054462613	750	14.583264905924432	0.0	361565	5583.521990124395	0.75	0.75
109233.8704461544	750	15.453363377653023	0.0	378327	3129.9015282714095	0.75	0.75
109238.89127070061	750	14.432538831449385	0.0	390680	5020.8245462036375	0.75	0.75
109246.867469244	750	10.456340288052418	0.0	345516	7976.198543396967	0.75	0.75
109252.39488425886	750	8.928925273207467	0.0	384505	5527.415014844952	0.75	0.75
109259.00842703423	750	6.315382497823891	0.0	372093	6613.542775383577	0.75	0.75
109261.94522049943	300	7.378589032627199	0.0	172312	2936.793465196693	0.75	-0.15000000000000002
109263.63497838695	300	9.68883114510338	0.0	167025	1689.7578875238169	0.75	0.3
109267.56010981608	300	9.763699715964874	0.0	160064	3925.131429138507	0.75	0.3
109271.53274724844	750	9.791062283614904	0.0	331053	3972.6374323499685	0.75	0.3
109276.66406193453	1200	8.65974759751937	0.0	550906	5131.314686095536	0.75	0.75
109280.06943478416	750	9.254374747884498	0.0	450283	3405.372849634872	0.75	0.75
109283.0889645814	750	10.234844950636964	0.0	398865	3019.529797247534	0.75	0.75
109286.33087577582	750	10.992933756215962	0.0	350812	3241.911194421002	0.75	0.75
109290.71141065347	750	10.612398878562498	0.0	382355	4380.534877653463	0.75	0.75
109295.04076090836	750	10.283048623666678	0.0	411561	4329.35025489582	0.75	0.75
109297.94406956792	750	11.379739964109055	0.0	318564	2903.3086595576237	0.75	0.75
109301.01303024453	750	12.310779287494562	0.0	352642	3068.960676614493	0.75	0.75
109305.148247116	750	12.175562416022057	0.0	437162	4135.216871472503	0.75	0.75
109307.85065245042	750	13.473157081608923	0.0	374758	2702.405334413136	0.75	0.75
109310.06926102059	750	15.254548511441033	0.0	362795	2218.608570167889	0.75	0.75
109312.52130205002	750	16.80250748200551	0.0	353220	2452.041029435523	0.75	0.75
109315.3682963554	750	17.95551317663146	0.0	405134	2846.99430537405	0.75	0.75
109319.86537514917	1200	17.458434382869186	0.0	624282	4497.078793762272	0.75	0.75
109324.7495252602	1200	16.574284271830464	0.0	687371	4884.150111038721	0.75	1.2
109328.26175849841	1200	17.062051033603	0.0	526950	3512.2332382274617	0.75	1.2
109331.90720070995	1200	17.41660882207407	0.0	587876	3645.4422115289312	0.75	1.2
109336.37735606055	1200	16.946453471469017	0.0	617242	4470.155350605054	0.75	1.2
109340.2662326942	1200	17.057576837818083	0.0	581493	3888.8766336509316	0.75	1.2
109347.6289378022	1200	13.694871729806891	0.0	639204	7362.705108011193	0.75	1.2
109354.36215842215	1200	10.961651109853653	0.0	586839	6733.2206199532375	0.75	1.2
109359.91413955705	1200	9.409669974968688	0.0	601738	5551.981134884965	0.75	1.2
109364.3307931598	1200	8.993016372224451	0.0	616206	4416.653602744239	0.75	1.2
109370.02978720503	1200	7.2940223269965125	0.0	656471	5698.994045227938	0.75	1.2
109372.92630548328	750	8.39750404874136	0.0	343800	2896.518278255151	0.75	0.3
109376.06577648745	750	9.258033044561682	0.0	359903	3139.4710041796798	0.75	0.75
109379.32897143738	750	9.994838094640278	0.0	379700	3263.1949499214043	0.75	0.75
109384.32752635171	750	8.996283180300805	0.0	425781	4998.554914339473	0.75	0.75
109387.05753743958	750	10.266272092435747	0.0	277716	2730.011087865057	0.75	0.75
109390.12199273118	750	11.201816800850233	0.0	400396	3064.4552915855147	0.75	0.75
109393.32064798569	750	12.003161546341627	0.0	400508	3198.6552545086042	0.75	0.75
109395.79940765543	750	13.524401876584513	0.0	358218	2478.7596697571157	0.75	0.75
109398.74554035711	750	14.578269174908401	0.0	400322	2946.1327016761124	0.75	0.75
109401.27875255002	750	16.045056981999426	0.0	369834	2533.2121929089726	0.75	0.75
109404.24500730267	750	17.078802229346508	0.0	412837	2966.254752652919	0.75	0.75
109410.69722649861	1200	14.626583033415146	0.0	690253	6452.219195931361	0.75	0.75
109418.71123062946	1200	10.612578902565835	0.0	598727	8014.004130849312	0.75	1.2
109426.3211485025	1200	7.0026610295231	0.0	487812	7609.917873042734	0.75	1.2
109433.31274309271	750	4.0110664392990945	0.0	361565	6991.5945902240055	0.75	0.3
109436.21316187737	300	5.11064765464948	0.0	144254	2900.4187846496147	0.75	-0.15000000000000002
109438.33413250497	300	6.989677027039274	0.0	149991	2120.970627610205	0.75	0.3
109441.5841131034	300	7.739696428621568	0.0	147968	3249.9805984177065	0.75	0.3
109444.21934874442	300	9.104460787585104	0.0	161857	2635.2356410364637	0.75	0.3
109445.36049822478	300	11.963311307222883	0.0	145210	1141.1494803622209	0.75	0.3
109446.53830100139	300	14.785508530612704	0.0	172312	1177.8027766101795	0.75	0.3
109447.91578784035	300	17.408021691650486	0.0	167025	1377.4868389622181	0.75	0.3
109453.5504334413	750	15.77337609071195	0.0	393804	5634.645600938536	0.75	0.3
109461.627457333	1200	11.696352199011766	0.0	538612	8077.023891700184	0.75	0.75
109477.15650426094	1850	4.0	3.832694728931745	846370	15529.046927943511	0.75	-15.280587334406501
109481.31065737676	750	4.0	0.15415311581573315	450283	4154.153115815733	0.75	0.08714160199234744
109482.57939186154	300	6.731265515206358	0.0	155580	1268.7344847936415	0.75	-0.15000000000000002
109484.16532337047	300	9.145334006272071	0.0	139857	1585.9315089342874	0.75	0.3
109485.92581201268	300	11.38484536406416	0.0	155432	1760.4886422079098	0.75	0.3
109487.8249539851	300	13.485703391646547	0.0	163442	1899.141972417613	0.75	0.3
109489.22485801706	300	16.085799359691336	0.0	126289	1399.9040319552137	0.75	0.3
109490.62578826524	300	18.68486911150527	0.0	153295	1400.9302481860652	0.75	0.3
109494.64244498507	750	18.668212391667975	0.0	437162	4016.656719837298	0.75	0.3
109498.204007504	750	19.106649872742484	0.0	374758	3561.562518925488	0.75	0.75
109504.75586713605	750	16.554790240694196	0.0	362795	6551.8596320482875	0.75	0.75
109509.13514533374	750	16.175512043007792	0.0	353220	4379.278197686407	0.75	0.75
109512.16601417023	750	17.144643206519323	0.0	405134	3030.8688364884692	0.75	0.75
109515.57941710498	750	17.73124027178011	0.0	386351	3413.4029347392125	0.75	0.75
109519.48044699352	750	17.830210383236714	0.0	434409	3901.029888543395	0.75	0.75
109523.99550080192	750	17.31515657483775	0.0	337059	4515.053808398963	0.75	0.75
109529.04784713183	750	16.262810244921383	0.0	366214	5052.346329916367	0.75	0.75
109532.54772098495	750	16.7629363918	0.0	360831	3499.8738531213826	0.75	0.75
109536.82976130082	750	16.480896075932986	0.0	372963	4282.040315867016	0.75	0.75
109538.9955342914	750	18.315123085354813	0.0	405596	2165.772990578175	0.75	0.75
109540.38547607476	750	20.925181301992648	0.0	350713	1389.9417833621621	0.75	0.75
109541.92206580337	750	23.388591573381593	0.0	386472	1536.5897286110542	0.75	0.75
109544.66131904133	1200	24.649338335436628	0.0	616206	2739.253237944965	0.75	0.75
109546.8297447048	1200	26.480912671958983	0.0	656471	2168.4256634776425	0.7	1.2
109548.52926307631	1200	28.78139430042997	0.0	536667	1699.518371529015	0.7	1.2
109550.28794024163	1200	31.022717135116114	0.0	587236	1758.6771653138564	0.7	1.2
109555.12719639335	2850	30.183460983388095	0.0	1480464	4839.256151728018	0.7	1.2000000000000002
109560.16372815681	2850	29.14692921993147	0.0	1547572	5036.531763456624	0.7	2.85
109565.55224850196	2850	27.75840887478506	0.0	1141971	5388.520345146408	0.7	2.85
109571.16482545578	2850	26.145831920955633	0.0	1498470	5612.576953829429	0.7	2.85
109577.05595284764	2850	24.25470452909781	0.0	1561263	5891.127391857824	0.7	2.85
109583.26864561578	2850	22.042011760956076	0.0	1341201	6212.692768141734	0.7	2.85
109590.99499543056	2850	18.31566194617887	0.0	1497683	7726.349814777206	0.7	2.85
109603.67521195383	2850	9.63544542290468	0.0	1358081	12680.216523274192	0.7	2.85
109613.26295031082	1850	4.047707065932284	0.0	1035329	9587.738356972397	0.7	0.8500000000000001
109617.58942372014	750	4.0	0.2787663433957423	401088	4326.473409328026	0.7	-1.548695276601692
109620.31793470553	750	5.2714890146071784	0.0	365161	2728.5109853928216	0.7	0.75
109621.92209670697	750	7.667327013167329	0.0	321064	1604.1620014398495	0.7	0.75
109624.26504990454	750	9.324373815602117	0.0	361565	2342.9531975652108	0.7	0.75
109626.16998329088	750	11.419440429268061	0.0	378327	1904.9333863340564	0.7	0.75
109628.12973553925	750	13.459688180904656	0.0	390680	1959.752248363403	0.7	0.75
109629.7456475464	750	15.843776173745663	0.0	345516	1615.9120071589928	0.7	0.75
109632.73647656773	1200	16.852947152407527	0.0	641452	2990.829021338139	0.7	0.75
109636.348460821	1200	17.240962899133685	0.0	599477	3611.984253273845	0.7	1.2
109641.28964707958	1850	16.299776640548295	0.0	973972	4941.186258585389	0.7	1.2000000000000002
109646.8372269057	1850	14.752196814432615	0.0	958994	5547.57982611568	0.7	1.85
109652.74724309993	1850	12.8421806202049	0.0	982064	5910.0161942277155	0.7	1.85
109662.10240844535	1850	7.487015274773269	0.0	830730	9355.165345431631	0.7	1.85
109668.4163786067	1850	5.1730451134334325	0.0	846370	6313.970161339836	0.7	1.85
109670.98799529034	750	6.60142842978879	0.0	450283	2571.616683644643	0.7	0.75
109674.16901055358	750	7.420413166543703	0.0	398865	3181.015263245086	0.7	0.75
109676.63570414812	750	8.953719571996267	0.0	350812	2466.6935945474365	0.7	0.75
109679.3287967707	750	10.260626949414037	0.0	382355	2693.0926225822295	0.7	0.75
109682.74213433756	750	10.84728938255867	0.0	411561	3413.337566855369	0.7	0.75
109685.06743615061	750	12.521987569504475	0.0	318564	2325.301813054194	0.7	0.75
109687.85438527202	750	13.735038448106964	0.0	352642	2786.949121397511	0.7	0.75
109692.15874336126	750	13.430680358853675	0.0	437162	4304.358089253291	0.7	0.75
109695.65317520837	750	13.936248511741486	0.0	374758	3494.431847112189	0.7	0.75
109704.71625409172	750	8.873169628388894	0.0	362795	9063.078883352591	0.7	0.75
109707.02996634162	750	10.559457378486313	0.0	353220	2313.712249902582	0.7	0.75
109709.78536549248	750	11.80405822764312	0.0	405134	2755.3991508431927	0.7	0.75
109713.25470070854	750	12.334723011584828	0.0	386351	3469.335216058292	0.7	0.75
109717.81511406245	750	11.774309657670834	0.0	434409	4560.413353913992	0.7	0.75
109722.15955990792	750	11.429863812211321	0.0	337059	4344.445845459513	0.7	0.75
109726.19979383999	750	11.389629880133223	0.0	366214	4040.2339320780984	0.7	0.75
109729.45252884454	750	12.136894875580838	0.0	360831	3252.7350045523863	0.7	0.75
109733.97710426018	750	11.612319459948194	0.0	372963	4524.575415632645	0.7	0.75
109739.18629795109	750	10.403125769037317	0.0	405596	5209.193690910876	0.7	0.75
109745.50302335387	750	8.086400366243994	0.0	350713	6316.725402793323	0.7	0.75
109747.11037103453	300	10.479052685583525	0.0	157671	1607.3476806604688	0.7	-0.15000000000000002
109748.25603549344	300	13.333388226683534	0.0	157812	1145.6644588999918	0.7	0.3
109749.18798750604	300	16.401436214076565	0.0	163927	931.9520126069657	0.7	0.3
109751.52323948289	750	18.06618423723137	0.0	343800	2335.251976845198	0.7	0.3
109753.92353025106	750	19.66589346905739	0.0	359903	2400.2907681739784	0.7	0.75
109757.12250359688	750	20.4669201232364	0.0	379700	3198.9733458209903	0.7	0.75
109760.14624511832	750	21.44317860180496	0.0	425781	3023.74152143144	0.7	0.75
109761.85520044134	750	23.734223278787876	0.0	277716	1708.9553230170857	0.7	0.75
109764.34812947286	750	25.24129424726934	0.0	400396	2492.929031518537	0.7	0.75
109768.26825601212	1200	25.321167708009305	0.0	641447	3920.126539260032	0.7	0.75
109772.04627576227	1200	25.543147957845342	0.0	570392	3778.019750163965	0.7	1.2
109775.91081005828	1200	25.678613661833072	0.0	620283	3864.5342960122725	0.7	1.2
109779.35235258688	1200	26.237071133238913	0.0	584349	3441.542528594156	0.7	1.2
109786.13178289498	1850	23.457640825132398	0.0	1035329	6779.430308106516	0.7	1.2000000000000002
109792.65074715353	1850	20.938676566578977	0.0	1026056	6518.964258553425	0.7	1.85
109798.60410097548	1850	18.98532274462614	0.0	943942	5953.353821952838	0.7	1.85
109804.31324408259	1850	17.276179637531023	0.0	728962	5709.143107095115	0.7	1.85
109811.4238722805	1850	14.165551439600785	0.0	938587	7110.628197930238	0.7	1.85
109815.06523884674	1200	14.524184873355942	0.0	605884	3641.3665662448434	0.7	0.5499999999999999
109819.28485564582	1200	14.304568074286795	0.0	587506	4219.616799069146	0.7	1.2
109823.28773026762	1200	14.301693452499713	0.0	566904	4002.874621787082	0.7	1.2
109828.03441142655	1200	13.55501229357046	0.0	641452	4746.681158929251	0.7	1.2
109832.35004884202	1200	13.239374878085552	0.0	599477	4315.637415484908	0.7	1.2
109838.20185922679	1200	11.387564493336221	0.0	634861	5851.810384749331	0.7	1.2
109845.36259144526	1200	8.226832274857072	0.0	630203	7160.732218479151	0.7	1.2
109852.85275987198	1200	4.73666384813491	0.0	638661	7490.168426722162	0.7	1.2
109855.92736406333	750	5.662059656766842	0.0	331053	3074.604191368068	0.7	0.3
109865.41499348865	1200	4.0	3.8255697685460746	550906	9487.629425312916	0.7	-15.699950004748121
109869.24356227632	750	4.171431212337894	0.0	450283	3828.568787662106	0.7	0.75
109870.20834058954	300	7.2066528991124	0.0	155580	964.7783132254943	0.7	-0.15000000000000002
109871.07596069339	300	10.339032795267112	0.0	139857	867.6201038452872	0.7	0.3
109872.5709123406	300	12.844081148053327	0.0	155432	1494.9516472137861	0.7	0.3
109873.82944929152	300	15.585544197142454	0.0	163442	1258.5369509108725	0.7	0.3
109876.52328129073	750	16.891712197920665	0.0	318564	2693.83199922179	0.7	0.3
109880.07153112277	750	17.34346236588183	0.0	352642	3548.2498320388336	0.7	0.75
109884.70046271294	750	16.71453077572347	0.0	437162	4628.931590158361	0.7	0.75
109887.71086765065	750	17.704125838009734	0.0	374758	3010.404937713734	0.7	0.75
109891.19456081094	750	18.220432677708406	0.0	362795	3483.6931603013313	0.7	0.75
109892.82667531807	750	20.5883181705846	0.0	353220	1632.1145071238047	0.7	0.75
109894.86355523049	750	22.55143825814569	0.0	405134	2036.8799124389072	0.7	0.75
109902.54457691115	1200	18.870416577494563	0.0	624282	7681.021680651132	0.7	0.75
109912.93357345667	1200	12.481420031965305	0.0	687371	10388.996545529257	0.7	1.2
109917.6087885535	750	11.806204935150086	0.0	337059	4675.215096815218	0.7	0.3
109926.43495726571	750	6.9800362229304085	0.0	366214	8826.168712219678	0.7	0.75
109929.70307774981	750	7.711915738817656	0.0	360831	3268.120484112752	0.7	0.75
109933.80419180864	750	7.610801679999585	0.0	372963	4101.1140588180715	0.7	0.75
109936.89754734805	750	8.517446140581042	0.0	405596	3093.3555394185437	0.7	0.75
109943.27697755327	750	6.138015935369481	0.0	350713	6379.430205211561	0.7	0.75
109944.51852623705	300	8.896467251579955	0.0	157671	1241.5486837895278	0.7	-0.15000000000000002
109946.51833743836	300	10.896656050279134	0.0	157812	1999.811201300819	0.7	0.3
109948.9834204062	300	12.431573082430265	0.0	163927	2465.0829678488676	0.7	0.3
109952.01272628311	300	13.40226720553427	0.0	137654	3029.3058768959954	0.7	0.3
109953.9777551183	300	15.437238370331187	0.0	146754	1965.0288352030839	0.7	0.3
109955.3925746286	300	18.02241886004866	0.0	153938	1414.8195102825262	0.7	0.3
109961.1060807935	750	16.30891269513511	0.0	425781	5713.5061649135505	0.7	0.3
109962.57974077719	750	18.83525271143856	0.0	277716	1473.6599836965531	0.7	0.75
109964.565220417	750	20.84977307163185	0.0	400396	1985.4796398067094	0.7	0.75
109968.06636179361	1200	21.348631695038844	0.0	641447	3501.1413765930097	0.7	0.75
109970.87532492024	1200	22.539668568409045	0.0	570392	2808.9631266297984	0.7	1.2
109976.67777373204	1200	20.737219756614248	0.0	620283	5802.448811794796	0.7	1.2
109981.33466076714	1200	20.080332721508857	0.0	584349	4656.88703510539	0.7	1.2
109985.21859455596	1200	20.19639893268746	0.0	670129	3883.9337888213972	0.7	1.2
109988.21161211564	1200	21.203381373010007	0.0	690253	2993.0175596774493	0.7	1.2
109990.95157676178	1200	22.46341672685891	0.0	598727	2739.964646151099	0.7	1.2
109992.62978803786	1200	24.785205450788823	0.0	487812	1678.211276070082	0.7	1.2
109996.06288962529	1850	25.352103863344123	0.0	938587	3433.101587444701	0.7	1.2000000000000002
109999.52784401368	1850	25.887149474963856	0.0	908665	3464.954388380268	0.7	1.85
110003.00091334924	1850	26.4140801393974	0.0	930577	3473.0693355664553	0.7	1.85
110005.316024522	1850	28.09896896663654	0.0	858450	2315.1111727608572	0.7	1.85
110009.51964620812	2850	27.89534728052076	0.0	1527299	4203.621686115781	0.7	1.85
110014.42909591364	2850	26.98589757499899	0.0	1343002	4909.449705521771	0.7	2.85
110020.05668966392	2850	25.358303824730324	0.0	1587250	5627.593750268669	0.7	2.85
110024.29606588288	2850	25.11892760577242	0.0	1464921	4239.376218957902	0.7	2.85
110032.47380661698	4300	20.941186871672283	0.0	2246506	8177.740734100137	0.7	2.8499999999999996
110038.8036433735	4300	18.611350115162967	0.0	1961140	6329.836756509316	0.7	4.3
110046.53753021434	4300	14.877463274312806	0.0	2155012	7733.886840850163	0.7	4.3
110048.0626186	750	17.352374888652268	0.0	450283	1525.088385660541	0.7	0.75
110051.51193974189	2850	17.90305374675135	0.0	1431809	3449.321141900918	0.7	0.75
110054.8984502489	2850	18.516543239743477	0.0	1300868	3386.5105070078735	0.7	2.85
110058.94924565098	2850	18.46574783766636	0.0	1520281	4050.795402077117	0.7	2.85
110062.55589221476	2850	18.859101273878018	0.0	1472558	3606.646563788339	0.7	2.85
110065.75269446068	2850	19.66229902796095	0.0	1224260	3196.802245917068	0.7	2.85
110069.0979535161	2850	20.317039972540716	0.0	1388403	3345.2590554202366	0.7	2.85
110072.95020545386	2850	20.46478803477757	0.0	1638769	3852.251937763147	0.7	2.85
110076.1085715592	2850	21.306421929436475	0.0	1348011	3158.366105341095	0.7	2.85
110079.1602337309	2850	22.254759757750772	0.0	1429765	3051.6621716857017	0.7	2.85
110085.18222844054	4300	20.23276504810954	0.0	2173522	6021.994709641235	0.7	2.8499999999999996
110092.3342977395	4300	17.080695749162768	0.0	2102452	7152.069298946767	0.7	4.3
110098.94513830317	4300	14.469855185485294	0.0	2209463	6610.840563677475	0.7	4.3
110106.70592502807	4300	10.70906846058322	0.0	2275376	7760.786724902075	0.7	4.3
110113.10232544546	4300	8.312668043196863	0.0	2005399	6396.400417386355	0.7	4.3
110118.31896036939	2850	7.096033119261375	0.0	1471065	5216.634923935489	0.7	1.4000000000000001
110123.28288931987	2850	6.1321041687706135	0.0	1491626	4963.928950490761	0.7	2.85
110125.72009597394	1850	7.694897514714936	0.0	885714	2437.2066540556784	0.7	0.8500000000000001
110128.76490024352	1850	8.65009324513132	0.0	987708	3044.8042695836166	0.7	1.85
110131.06337912756	1850	10.351614361089723	0.0	923755	2298.478884041597	0.7	1.85
110133.11127862736	1850	12.303714861290523	0.0	891604	2047.8994997992008	0.7	1.85
110135.69523223923	1850	13.719761249422595	0.0	955231	2583.953611867928	0.7	1.85
110140.75040969308	2850	12.664583795569463	0.0	1505760	5055.177453853132	0.7	1.85
110145.3547228426	2850	12.060270646039939	0.0	1323990	4604.313149529523	0.7	2.85
110149.50055251851	2850	11.914440970130151	0.0	1383735	4145.829675909786	0.7	2.85
110153.85293935856	2850	11.562054130087715	0.0	1480464	4352.386840042438	0.7	2.85
110159.23848917421	2850	10.176504314432444	0.0	1547572	5385.54981565527	0.7	2.85
110164.65814447729	2850	8.756849011358282	0.0	1141971	5419.655303074162	0.7	2.85
110170.99410738671	2850	6.4208861019362375	0.0	1498470	6335.962909422045	0.7	2.85
110175.54195532715	1850	5.873038161485674	0.0	975811	4547.847940450563	0.7	0.8500000000000001
110179.63958425724	1850	5.775409231397035	0.0	873429	4097.628930088639	0.7	1.85

