153311.45123556594	750	4.0	3.577861463103849	450283	3577.861463103849	-14.63480429134655
153315.24841969664	750	4.20281586931544	0.0	398865	3797.1841306845604	0.75
153318.27126086713	750	5.179974698811374	0.0	350812	3022.841170504066	0.75
153321.38498965636	750	6.066245909577417	0.0	382355	3113.728789233956	0.75
153324.44474005373	750	7.006495512190982	0.0	411561	3059.7503973864345	0.75
153326.85763059184	750	8.593604974090923	0.0	318564	2412.8905381000595	0.75
153329.58242828836	750	9.868807277592607	0.0	352642	2724.797696498316	0.75
153334.66805253716	1200	8.78318302876467	0.0	709534	5085.624248827938	0.75
153339.19272911025	1200	8.258506455700685	0.0	584846	4524.676573063986	1.2
153343.35323015685	1200	8.09800540910621	0.0	560821	4160.501046594474	1.2
153347.60534520264	1200	7.84589036330761	0.0	607410	4252.1150457986005	1.2
153351.21085990185	1200	8.240375664082908	0.0	594078	3605.5146992247	1.2
153356.9677305156	1200	6.483505050333764	0.0	624282	5756.8706137491445	1.2
153362.62525860535	1200	4.825976960593933	0.0	687371	5657.528089739832	1.2
153369.03258993526	1200	4.0	1.5813543693456695	526950	6407.331329939602	-5.599823788186378
153373.38536774166	750	4.0	0.35277780639958567	366214	4352.777806399586	-1.2169445675182182
153377.20674789356	750	4.178619848113275	0.0	360831	3821.380151886725	0.75
153381.40704549945	750	4.0	0.021677757746148926	372963	4200.297605859424	0.6567856416915596
153385.8758687473	750	4.0	0.46882324786060053	405596	4468.8232478606005	-1.265939965800582
153387.28505895345	300	6.590809793829147	0.0	140881	1409.190206170853	-0.15000000000000002
153388.61349500334	300	9.262373743960174	0.0	157671	1328.4360498689725	0.3
153392.98617943295	750	8.88968931435284	0.0	399894	4372.684429607333	0.3
153397.05259022594	750	8.823278521372881	0.0	401853	4066.4107929799598	0.75
153400.41940146044	750	9.456467286862997	0.0	343800	3366.8112345098843	0.75
153403.91282837244	750	9.963040374847127	0.0	359903	3493.42691201587	0.75
153407.64082232397	750	10.235046423311118	0.0	379700	3727.993951536009	0.75
153412.0111477478	750	9.864720999489071	0.0	425781	4370.325423822047	0.75
153414.59285269276	750	11.28301605455212	0.0	277716	2581.7049449369515	0.75
153418.4272315121	750	11.448637235204055	0.0	400396	3834.3788193480646	0.75
153422.28066960254	750	11.595199144752502	0.0	400508	3853.438090451551	0.75
153426.1868699063	750	11.688998841005457	0.0	358218	3906.2003037470463	0.75
153430.21463988876	750	11.661228858511349	0.0	400322	4027.769982494109	0.75
153434.7047379139	750	11.171130833382112	0.0	369834	4490.0980251292385	0.75
153439.97261441418	750	9.903254333103717	0.0	412837	5267.876500278393	0.75
153444.69571336542	750	9.180155381848992	0.0	401088	4723.098951254726	0.75
153451.73273352114	1200	6.143135226139146	0.0	598727	7037.020155709846	0.75
153457.4351498882	750	4.440718859085818	0.0	321064	5702.416367053328	0.3
153459.1909485225	300	6.684920224761922	0.0	124011	1755.7986343238952	-0.15000000000000002
153461.2316966151	300	8.644172132157205	0.0	144254	2040.7480926047165	0.3
153463.12574043864	300	10.750128308617503	0.0	149991	1894.0438235397028	0.3
153464.98596912174	300	12.88989962549193	0.0	147968	1860.2286831255724	0.3
153468.95696250728	750	12.918906239974293	0.0	384505	3970.9933855176373	0.3
153474.1051192771	750	11.770749470127994	0.0	372093	5148.156769846298	0.75
153482.69551486865	750	7.180353878595171	0.0	438281	8590.395591532822	0.75
153492.60472663623	750	4.0	2.72885788898015	398987	9909.211767575322	-10.984088922614644
153494.5634033977	300	6.04132323852731	0.0	160064	1958.6767614726896	-0.15000000000000002
153497.76729442852	750	6.837432207701701	0.0	331053	3203.89103082561	0.3
153503.02721909308	1200	5.577507543143055	0.0	550906	5259.924664558645	0.75
153508.0497130937	750	4.555013542532255	0.0	450283	5022.4940006108	0.75
153510.02000878064	300	6.584717855564	0.0	155580	1970.2956869682557	-0.15000000000000002
153514.03857985412	750	6.566146782084854	0.0	350812	4018.571073479146	0.3
153520.421828225	750	4.182898411226975	0.0	382355	6383.248370857879	0.75
153533.1124405813	750	4.0	8.507713945075128	411561	12690.612356302103	-35.83316996382305
153537.75067042664	300	4.0	0.638229845356157	126289	4638.229845356157	-2.894388335031475
153543.86817373938	300	4.0	2.1175033127320178	153295	6117.503312732018	-8.805264244747676
153548.83119780122	300	4.0	0.9630240618497191	173849	4963.024061849719	-3.8410034659537926
153550.73973890088	300	6.091458900356197	0.0	150710	1908.5410996438031	0.3
153552.71561093818	300	8.115586863068902	0.0	139105	1975.872037287295	0.3
153554.6602463421	300	10.170951459152615	0.0	141840	1944.6354039162873	0.3
153557.23385199145	300	11.5973458097952	0.0	156148	2573.6056493574138	0.3
153565.04463077468	300	7.786567026572616	0.0	160746	7810.778783222585	0.3
153569.53210802723	300	7.299089774015908	0.0	179801	4487.477252556708	0.3
153570.82980391258	300	10.001393888653919	0.0	140051	1297.6958853619908	0.3
153571.82960638794	300	13.001591413300773	0.0	138313	999.8024753531465	0.3
153572.95755631925	300	15.873641482009953	0.0	143509	1127.9499312908192	0.3
153573.97830536767	300	18.852892433576386	0.0	150616	1020.7490484335641	0.3
153577.5350553336	1200	19.296142467636958	0.0	639204	3556.7499659394307	0.29999999999999993
153585.61701227905	1850	15.214185522191757	0.0	923755	8081.956945445199	1.2000000000000002
153592.679051918	1850	12.152145883253416	0.0	891604	7062.039638938341	1.85
153605.45628465846	1850	4.0	0.6250868572123763	955231	12777.232740465792	-0.8378734860132182
153615.46639964794	750	4.0	6.010114989456136	401853	10010.114989456137	-26.193494454661387
153617.68940166378	300	5.776997984142776	0.0	137654	2223.0020158572243	-0.15000000000000002
153620.00513022477	300	7.4612694231459615	0.0	146754	2315.728560996814	0.3
153622.87274191136	300	8.59365773655457	0.0	153938	2867.611686591392	0.3
153626.0228523111	300	9.443547336787242	0.0	181901	3150.1103997673285	0.3
153630.07232508296	300	9.394074564927843	0.0	111155	4049.4727718593977	0.3
153634.43107380252	300	9.035325845364008	0.0	153605	4358.748719563834	0.3
153638.19481104828	300	9.271588599637457	0.0	149029	3763.73724572655	0.3
153642.9110571194	300	8.555342528520534	0.0	157421	4716.246071116925	0.3
153646.86375376632	300	8.602645881592158	0.0	157488	3952.6966469283757	0.3
153649.18571372933	300	10.280685918590216	0.0	143881	2321.9599630019425	0.3
153652.20763403605	300	11.258765611837523	0.0	163444	3021.9203067526914	0.3
153654.43975796842	300	13.02664167946847	0.0	179328	2232.1239323690543	0.3
153659.02210453813	300	12.444295109754236	0.0	159914	4582.346569714234	0.3
153661.70535592458	300	13.76104372333443	0.0	131610	2683.2513864198063	0.3
153664.2684350586	300	15.197964589312194	0.0	124011	2563.0791340222345	0.3
153671.91236879674	300	11.55403085115509	0.0	144254	7643.933738157104	0.3
153675.11850598225	300	12.347893665637926	0.0	149991	3206.137185517164	0.3
153680.65750580755	300	10.808893840329754	0.0	147968	5538.999825308172	0.3
153688.60909733357	300	6.857302314295954	0.0	161857	7951.5915260338	0.3
153696.07341026294	300	4.0	0.607010615056659	145210	7464.3129293526135	-2.310145644743634
153703.97588486	300	4.0	3.902474597080887	172312	7902.474597080887	-16.480640767447813
153711.46995431377	300	4.0	3.4940694537323815	167025	7494.069453732382	-14.72449865104924
153717.0953400972	300	4.0	1.6253857834686833	160064	5625.385783468683	-6.689158868915338
153721.83633819685	300	4.0	0.7409980996341728	137507	4740.998099634173	-2.8862918284269434
153724.98479740554	300	4.851540791314522	0.0	118421	3148.459208685477	0.3
153733.3052410104	750	4.0	3.468902813575931	450283	8320.443604890454	-14.166282098376502
153735.28845859366	300	6.016782416756173	0.0	155580	1983.2175832438272	-0.15000000000000002
153736.4361825274	300	8.869058483018598	0.0	139857	1147.7239337375738	0.3
153738.08488470482	300	11.220356305569485	0.0	155432	1648.7021774491127	0.3
153739.9538041391	300	13.35143687129259	0.0	163442	1868.919434276895	0.3
153743.9203360991	750	13.38490491127611	0.0	318564	3966.53196001648	0.3
153746.96391434481	750	14.341326665567731	0.0	352642	3043.5782457083783	0.75
153752.32518846402	750	12.980052546360069	0.0	437162	5361.274119207661	0.75
153764.3225092509	750	4.982731759460361	0.0	374758	11997.320786899709	0.75
153767.6705203068	300	5.634720703579669	0.0	139105	3348.0110558806923	-0.15000000000000002
153773.34074611324	300	4.0	0.03550510287018824	141840	5670.225806449857	0.14732805765819057
153777.4655613296	300	4.0	0.12481521635073659	156148	4124.815216350737	-0.23670543030816732
153782.0471173357	300	4.0	0.5815560060992256	160746	4581.556006099226	-2.2006908262266704
153789.46302574026	300	4.0	3.4159084045489525	179801	7415.908404548953	-14.388406139560495
153792.5573526168	300	4.905673123484425	0.0	140051	3094.326876515575	0.3
153795.66224070973	300	5.8007850305393625	0.0	138313	3104.8880929450625	0.3
153798.48942900344	300	6.9735967368175045	0.0	143509	2827.1882937218575	0.3
153802.30652606644	300	7.156499673814163	0.0	150616	3817.0970630033416	0.3
153806.40538476067	300	7.057640979587692	0.0	165384	4098.858694226471	0.3
153809.32832876683	300	8.134696973439294	0.0	140881	2922.944006148398	0.3
153812.49579870593	300	8.967227034321734	0.0	157671	3167.4699391175595	0.3
153815.89817828097	300	9.56484745928022	0.0	157812	3402.3795750415134	0.3
153819.96941873012	300	9.493607010136753	0.0	163927	4071.240449143467	0.3
153822.39307991075	300	11.069945829489075	0.0	137654	2423.6611806476776	0.3
153824.83653341676	300	12.62649232349852	0.0	146754	2443.453505990555	0.3
153827.7075610739	300	13.755464666358442	0.0	153938	2871.0276571400777	0.3
153830.64221541316	300	14.820810327090376	0.0	181901	2934.6543392680674	0.3
153832.60748791738	300	16.85553782285127	0.0	111155	1965.2725042391073	0.3
153835.2216194326	300	18.241406307650948	0.0	153605	2614.131515200324	0.3
153840.75367592886	750	16.709349811373972	0.0	400508	5532.056496276974	0.3
153847.00261090093	750	14.460414839293481	0.0	358218	6248.934972080494	0.75
153853.22816398827	750	12.234861751956284	0.0	400322	6225.553087337195	0.75
153857.1250788921	750	12.337946848105807	0.0	369834	3896.914903850479	0.75
153862.1720743105	750	11.29095142970592	0.0	412837	5046.995418399887	0.75
153868.7567577138	750	8.706268026418478	0.0	401088	6584.68340328744	0.75
153873.62145529038	750	7.841570449828296	0.0	365161	4864.697576590182	0.75
153879.2402845414	750	6.222741198806009	0.0	321064	5618.829251022287	0.75
153884.02974062317	750	5.433285117024527	0.0	361565	4789.456081781483	0.75
153886.2509844781	300	7.212041262094057	0.0	144254	2221.2438549304698	-0.15000000000000002
153887.7277547632	300	9.735270976990211	0.0	149991	1476.7702851038446	0.3
153889.14647402498	300	12.316551715231398	0.0	147968	1418.7192617588134	0.3
153892.40489449794	750	13.058131242296163	0.0	384505	3258.420472935236	0.3
153895.78976149045	750	13.673264249766833	0.0	372093	3384.866992529331	0.75
153902.54646064434	1200	10.916565095892027	0.0	634861	6756.699153874807	0.75
153909.997587453	1200	7.465438287261435	0.0	630203	7451.126808630592	1.2
153919.01266856655	1200	4.0	1.5496428263008493	638661	9015.081113562284	-5.463464153093652
153922.7304241202	750	4.282244446331704	0.0	331053	3717.7555536682953	0.3
153925.98032582045	750	5.032342746093545	0.0	314107	3249.9017002381584	0.75
153929.85159804428	750	5.161070522266223	0.0	450283	3871.2722238273227	0.75
153933.72542920883	750	5.287239357697835	0.0	398865	3873.8311645683866	0.75
153936.99048885444	750	6.022179712091358	0.0	350812	3265.059645606478	0.75
153940.3018225588	750	6.710846007729564	0.0	382355	3311.333704361794	0.75
153943.3270175876	750	7.6856509789247704	0.0	411561	3025.1950288047938	0.75
153945.9701826487	750	9.042485917803884	0.0	318564	2643.1650611208865	0.75
153948.53574586558	750	10.47692270093912	0.0	352642	2565.563216864764	0.75
153954.17260009813	1200	8.840068468388766	0.0	709534	5636.854232550354	0.75
153958.7403360919	1200	8.272332474608554	0.0	584846	4567.735993780212	1.2
153964.05738735606	1200	6.955281210439787	0.0	560821	5317.051264168767	1.2
153968.88250691933	1200	6.130161647200475	0.0	607410	4825.119563239313	1.2
153973.62107937247	1200	5.391589194050151	0.0	594078	4738.572453150324	1.2
153976.05334592357	750	6.959322642943848	0.0	386351	2432.2665511063037	0.3
153978.6773705685	750	8.335297997996099	0.0	434409	2624.024644947749	0.75
153986.28013179248	1200	4.732536774033432	0.0	526950	7602.761223962667	0.75
153991.71288154693	750	4.0	0.7002129804351044	366214	5432.749754468536	-2.710915815870949
153994.9855589308	750	4.727322616124857	0.0	360831	3272.677383875143	0.75
153997.92709141335	750	5.785790133599086	0.0	372963	2941.5324825257703	0.75
154001.23718300828	750	6.475698538669632	0.0	405596	3310.0915949294545	0.75
154004.14279634928	750	7.570085197657556	0.0	350713	2905.6133410120765	0.75
154007.46133954823	750	8.251541998705715	0.0	386472	3318.5431989518406	0.75
154010.21268125257	750	9.500200294379834	0.0	399894	2751.3417043258814	0.75
154016.34203994003	1200	7.370841606924568	0.0	656471	6129.358687455267	0.75
154031.03489686287	1200	4.0	7.322015315897765	536667	14692.856922822333	-30.28466585836039
154035.405801754	300	4.0	0.37090489113664443	146754	4370.904891136644	-2.194891031887571
154038.83054183313	300	4.575259920851255	0.0	153938	3424.740079148745	0.3
154043.98095633145	300	4.0	0.575154577464009	181901	5150.414498315264	-2.173164683095239
154047.5113338081	300	4.4696225233715285	0.0	111155	3530.377476628471	0.3
154049.53766128654	300	6.443295044943681	0.0	153605	2026.3274784278474	0.3
154051.2188634614	300	8.76209287007747	0.0	149029	1681.2021748662094	0.3
154052.4188798396	300	11.562076491887867	0.0	157421	1200.0163781896047	0.3
154053.5998545002	300	14.381101831273039	0.0	157488	1180.9746606148267	0.3
154056.34156801403	750	15.639388317447532	0.0	369834	2741.713513825507	0.3
154060.4397476968	750	15.541208634686466	0.0	412837	4098.179682761067	0.75
154064.91203210817	1200	15.068924223307587	0.0	690253	4472.284411378878	0.75
154068.55648161093	1200	15.424474720534935	0.0	598727	3644.4495027726525	1.2
154071.44008875103	1200	16.540867580440455	0.0	487812	2883.607140094478	1.2
154074.72731815267	1200	17.253638178793924	0.0	575591	3287.229401646533	1.2
154081.25527397252	1850	14.725682358960567	0.0	908665	6527.955819833357	1.2000000000000002
154089.0344827588	1850	10.946473572642736	0.0	930577	7779.208786317831	1.85
154096.17136844844	1850	7.809587883015332	0.0	858450	7136.885689627404	1.85
154102.94674852813	1850	5.034207803317202	0.0	1025005	6775.3800796981295	1.85
154107.16513184665	1200	4.815824484818399	0.0	599477	4218.383318498803	0.5499999999999999
154110.1284846855	750	5.852471645952211	0.0	438281	2963.352838866187	0.3
154112.56209832293	750	7.418858008549447	0.0	398987	2433.6136374027647	0.75
154117.1069614792	1200	6.873994852257005	0.0	638661	4544.863156292442	0.75
154121.95819199615	1850	6.022764335312628	0.0	830730	4851.230516944377	1.2000000000000002
154129.85909546952	2850	4.0	1.8781391380589412	1364537	7900.903473371569	-6.225998293653447
154132.81650098783	750	5.04259448171783	0.0	450283	2957.4055182821694	0.75
154135.55956631846	750	6.299529151093273	0.0	398865	2743.065330624557	0.75
154139.72311651867	1200	6.135978950857676	0.0	571051	4163.550200235597	0.75
154144.0602504378	1200	5.798845031742671	0.0	617681	4337.1339191150055	1.2
154149.32824415926	1200	4.530851310284005	0.0	652874	5267.993721458665	1.2
154155.94258215965	1200	4.0	2.083486690113824	520315	6614.338000397829	-7.758992767489443
154166.29784126696	750	4.0	6.355259107323589	352642	10355.259107323589	-27.02761416149143
154169.99030171466	300	4.307539552289128	0.0	173849	3692.4604477108714	-0.15000000000000002
154173.6957102893	300	4.602130977646013	0.0	150710	3705.408574643115	0.3
154176.00488371745	300	6.292957549493059	0.0	139105	2309.1734281529534	0.3
154182.35670365934	300	4.0	0.058862392418581294	141840	6351.819941911641	0.046891712600100444
154190.26164504685	300	4.0	3.904941387505627	156148	7904.941387505627	-16.491247966274194
154193.58434620555	300	4.677298841286711	0.0	160746	3322.7011587132897	0.3
154196.44595687723	300	5.815688169612288	0.0	179801	2861.6106716744225	0.3
154198.64701241773	300	7.61463262911435	0.0	140051	2201.0555404979373	0.3
154200.83450376446	300	9.427141282410485	0.0	138313	2187.491346703866	0.3
154206.59234122423	300	7.669303822645819	0.0	143509	5757.837459764665	0.3
154214.9903681856	300	4.0	0.7287231387252359	150616	8398.026961371055	-2.833509496518514
154221.46163186198	300	4.0	2.47126367640862	165384	6471.26367640862	-10.326433808557066
154224.12475863253	300	5.336873229454819	0.0	140881	2663.1267705451805	0.3
154225.99508890152	300	7.466542960461152	0.0	157671	1870.330268993667	0.3
154228.16054902927	300	9.301082832718622	0.0	157812	2165.4601277425286	0.3
154230.33672125702	300	11.124910604973575	0.0	163927	2176.172227745049	0.3
154231.60266057664	300	13.858971285341235	0.0	137654	1265.93931963234	0.3
154234.42167794367	750	15.039953918298405	0.0	359903	2819.0173670428294	0.3
154237.81105455867	750	15.65057730329648	0.0	379700	3389.376615001926	0.75
154242.3288150631	1200	15.13281679884008	0.0	696376	4517.760504456399	0.75
154245.7114149908	1200	15.750216871152649	0.0	487160	3382.5999276874322	1.2
154249.8030583252	1200	15.658573536765594	0.0	622896	4091.6433343870544	1.2
154254.10725105437	1200	15.354380807597565	0.0	641447	4304.19272916803	1.2
154258.32809731446	1200	15.133534547525178	0.0	570392	4220.846260072386	1.2
154265.74437631553	1200	11.717255546435627	0.0	620283	7416.279001089552	1.2
154272.43005340328	1200	9.031578458676101	0.0	584349	6685.6770877595245	1.2
154280.22824901377	1200	5.233382848186572	0.0	670129	7798.19561048953	1.2
154285.3546504904	750	4.106981371569316	0.0	401088	5126.401476617256	0.3
154290.2150941066	750	4.0	0.7534622446029599	365161	4860.443616172276	-2.4898876517927273
154291.51863596914	300	6.696458137465794	0.0	131610	1303.5418625342058	-0.15000000000000002
154294.14562039697	750	8.06947370963903	0.0	361565	2626.9844278267637	0.3
154296.8725746625	750	9.342519444105335	0.0	378327	2726.9542655336945	0.75
154300.1057549862	750	10.109339120425297	0.0	390680	3233.1803236800383	0.75
154303.715454011	750	10.499640095626004	0.0	345516	3609.6990247992917	0.75
154310.0776419002	1200	8.137452206428486	0.0	641452	6362.187889197518	0.75
154313.81226212552	1200	8.40283198107723	0.0	599477	3734.6202253512556	1.2
154317.36070444863	1200	8.854389657966774	0.0	634861	3548.442323110456	1.2
154320.6656631063	1200	9.549431000285624	0.0	630203	3304.958657681151	1.2
154325.62019197483	1850	8.59490213178864	0.0	982064	4954.528868496983	1.2000000000000002
154329.53606249273	1850	8.679031613892104	0.0	830730	3915.870517896536	1.85
154337.76946791797	2850	4.445626188629121	0.0	1364537	8233.405425262983	1.85
154340.90004964045	750	5.315044466148767	0.0	450283	3130.5817224803536	0.75
154343.94804685167	750	6.267047254939009	0.0	398865	3047.9972112097576	0.75
154346.19404842018	750	8.021045686417237	0.0	350812	2246.001568521773	0.75
154348.63206759392	750	9.583026512670235	0.0	382355	2438.019173747	0.75
154351.0122184608	750	11.202875645790213	0.0	411561	2380.1508668800243	0.75
154355.02478479745	1200	11.19030930913965	0.0	520315	4012.5663366505637	0.75
154359.2616852536	1200	10.953408853009954	0.0	561791	4236.900456129696	1.2
154367.35312845637	1200	6.8619656502406405	0.0	709534	8091.443202769314	1.2
154373.55939482278	1200	4.655699283828057	0.0	584846	6206.266366412583	1.2
154379.401648303	750	4.0	1.1865541963933939	362795	5842.253480221451	-4.802183044491594
154380.92300353514	300	6.478644767868719	0.0	141840	1521.3552321312807	-0.15000000000000002
154385.24892190335	750	6.152726399640424	0.0	405134	4325.918368228295	0.3
154395.32871010707	750	4.0	3.9270618041099725	386351	10079.788203750397	-16.13636575767288
154397.23872194867	300	6.089988158401422	0.0	179801	1910.0118415985783	-0.15000000000000002
154398.78791058072	300	8.540799526371064	0.0	140051	1549.1886320303588	0.3
154400.15206949573	300	11.176640611345984	0.0	138313	1364.1589150250777	0.3
154404.43164311064	750	10.89706699645865	0.0	360831	4279.5736148873375	0.3
154408.09368951153	750	11.235020595547816	0.0	372963	3662.0464009108337	0.75
154412.0585249165	750	11.270185190597743	0.0	405596	3964.8354049500717	0.75
154415.91798134963	750	11.410728757471437	0.0	350713	3859.4564331263064	0.75
154420.43083710468	750	10.897873002417569	0.0	386472	4512.855755053868	0.75
154423.07857356707	750	12.250136540037317	0.0	399894	2647.7364623802505	0.75
154428.92347935922	1200	10.405230747900983	0.0	656471	5844.905792136334	0.75
154433.8497497979	1200	9.478960309212535	0.0	536667	4926.270438688446	1.2
154440.54078548853	1200	6.7879246186061915	0.0	587236	6691.035690606344	1.2
154444.62003927966	1200	6.708670827462479	0.0	590335	4079.253791143713	1.2
154456.80505139884	1200	4.0	5.476341291707493	696376	12185.012119169973	-22.348267554342222
154459.3451503905	300	5.459901008349987	0.0	111155	2540.0989916500125	-0.6000000000000001
154463.27607269655	300	5.528978702304572	0.0	153605	3930.9223060454156	0.3
154465.40571950626	300	7.39933189258473	0.0	149029	2129.646809719842	0.3
154466.66398330606	300	10.14106809280204	0.0	157421	1258.2637997826878	0.3
154467.83232597605	300	12.972725422796117	0.0	157488	1168.3426700059251	0.3
154469.01323351767	300	15.791817881161196	0.0	143881	1180.907541634921	0.3
154472.04444049223	750	16.760610906604743	0.0	412837	3031.206974556455	0.3
154476.89677674248	1200	15.908274656357099	0.0	690253	4852.336250247644	0.75
154480.7175134686	1200	16.087537930216797	0.0	598727	3820.7367261403024	1.2
154484.16059633496	1200	16.644455063889932	0.0	487812	3443.0828663268667	1.2
154488.61113893162	1200	16.19391246720738	0.0	575591	4450.5425966825505	1.2
154492.84330008758	1200	15.961751311258997	0.0	605884	4232.1611559483845	1.2
154496.93780348785	1200	15.867247911001687	0.0	587506	4094.5034002573093	1.2
154501.47725789694	1200	15.327793501900306	0.0	566904	4539.454409101382	1.2
154506.35741259684	1200	14.447638801963945	0.0	641452	4880.15469993636	1.2
154510.46198726527	1200	14.343064133559139	0.0	599477	4104.574668404806	1.2
154514.7593148237	1200	14.045736575134892	0.0	634861	4297.327558424248	1.2
154521.9188158662	1850	10.886235532627186	0.0	958994	7159.501042507704	1.2000000000000002
154529.5466590603	1850	7.25839233852253	0.0	982064	7627.8431941046565	1.85
154536.5017179689	1850	4.303333429899619	0.0	830730	6955.05890862291	1.85
154548.75582688788	1850	4.0	7.950775489055166	846370	12254.108918954786	-32.33833460293721
154552.20447586305	750	4.551351024839609	0.0	450283	3448.648975160391	0.75
154555.42877342965	750	5.327053458231057	0.0	398865	3224.297566608552	0.75
154558.43178716785	750	6.3240397200533005	0.0	350812	3003.0137381777563	0.75
154561.35520103708	750	7.400625850832524	0.0	382355	2923.4138692207757	0.75
154565.1226872464	750	7.633139641530563	0.0	411561	3767.4862093019615	0.75
154567.1554995696	750	9.600327318328626	0.0	318564	2032.8123232019364	0.75
154569.89564096823	1200	10.860185919700806	0.0	561791	2740.141398627821	0.75
154574.8124083116	1200	9.943418576328142	0.0	709534	4916.767343372664	1.2
154580.343863095	1200	8.411963792930747	0.0	584846	5531.454783397396	1.2
154585.634096276	1200	7.1217306119626365	0.0	560821	5290.23318096811	1.2
154598.01366062797	1200	4.0	5.257833740012225	607410	12379.564351974861	-21.408685082052564
154601.3901059511	750	4.62355467686613	0.0	405134	3376.4453231338703	0.3
154604.703777362	750	5.309883265933121	0.0	386351	3313.6714109330087	0.75
154609.16668661588	750	4.8469740120754	0.0	434409	4462.9092538577215	0.75
154612.67153995731	750	5.342120670652677	0.0	337059	3504.8533414227227	0.75
154616.1126694036	750	5.900991224348643	0.0	366214	3441.129446304034	0.75
154619.55436220538	750	6.459298422585812	0.0	360831	3441.6928017628316	0.75
154622.52767126358	750	7.4859893644071835	0.0	372963	2973.3090581786278	0.75
154625.65713613475	750	8.356524493251696	0.0	405596	3129.464871155487	0.75
154628.37405006005	750	9.639610567943391	0.0	350713	2716.9139253083054	0.75
154632.82776556868	1200	9.185895059336508	0.0	601738	4453.715508606882	0.75
154636.2053918473	1200	9.80826878074201	0.0	616206	3377.6262785944978	1.2
154639.89160924993	1200	10.122051378094106	0.0	656471	3686.2174026479042	1.2
154643.26094992203	1200	10.7527107059913	0.0	536667	3369.3406721028055	1.2
154647.43191017845	1200	10.581750449576646	0.0	587236	4170.9602564146535	1.2
154651.7385668522	1200	10.275093775822542	0.0	590335	4306.656673754103	1.2
154656.98083024228	1200	9.032830385767216	0.0	696376	5242.263390055326	1.2
154660.61823790226	1200	9.395422725780511	0.0	487160	3637.4076599867053	1.2
154665.71215494073	1200	8.301505687297327	0.0	622896	5093.917038483183	1.2
154671.0889155809	1200	6.924745047130639	0.0	641447	5376.760640166689	1.2
154675.55303046727	1200	6.460630160755166	0.0	570392	4464.114886375472	1.2
154680.9563296782	1200	5.05733094981306	0.0	620283	5403.299210942107	1.2
154683.73373060412	750	6.279930023908253	0.0	369834	2777.4009259048057	0.3
154686.6720505485	750	7.341610079506021	0.0	412837	2938.3199444022325	0.75
154692.76554566648	1200	5.248114961549395	0.0	690253	6093.495117956626	0.75
154697.42318454152	1200	4.590476086500747	0.0	598727	4657.6388750486485	1.2
154699.8532156969	750	6.160444931109591	0.0	321064	2430.031155391155	0.3
154702.49585877676	750	7.517801851264294	0.0	361565	2642.643079845297	0.75
154707.53483263924	1200	6.478827988769736	0.0	605884	5038.973862494558	0.75
154712.02549281964	1200	5.98816780838196	0.0	587506	4490.660180387776	1.2
154716.76070565658	1200	5.2529549714178	0.0	566904	4735.2128369641605	1.2
154721.659032982	1200	4.354627646010644	0.0	641452	4898.327325407156	1.2
154724.80566665818	750	5.207993969818581	0.0	372093	3146.6336761920634	0.3
154728.68994360458	750	5.3237170234354245	0.0	438281	3884.2769463831564	0.75
154731.93699157043	750	6.076669057568937	0.0	398987	3247.0479658664867	0.75
154737.39299064575	1200	4.620669982270401	0.0	638661	5455.999075298536	0.75
154742.38248765192	1200	4.0	0.3688270239183803	538612	4989.497006188782	-0.3859562028490353
154747.2965338356	1200	4.0	0.9140461836802206	550906	4914.046183680221	-2.730398589824948
154750.68457998487	750	4.611953850729849	0.0	450283	3388.046149270151	0.75
154753.8481154999	750	5.448418335711312	0.0	398865	3163.5355150185374	0.75
154756.5217342297	750	6.774799605918423	0.0	350812	2673.6187297928905	0.75
154759.68927358062	750	7.60726025500233	0.0	382355	3167.539350916093	0.75
154766.01197481868	1200	5.284559016948011	0.0	652874	6322.701238054318	0.75
154769.85866787366	1200	5.437865961978527	0.0	520315	3846.693054969484	1.2
154774.26706703653	750	5.029466799096474	0.0	352642	4408.399162882053	0.3
154779.12526534867	750	4.171268486969085	0.0	437162	4858.198312127389	0.75
154781.87444610056	750	5.422087735078939	0.0	374758	2749.180751890145	0.75
154784.6980777066	750	6.598456129047623	0.0	362795	2823.631606031317	0.75
154787.4123639271	750	7.884169908520918	0.0	353220	2714.2862205267047	0.75
154790.32264722313	750	8.973886612506936	0.0	405134	2910.283296013983	0.75
154795.75156675422	1200	7.544967081433114	0.0	624282	5428.919531073822	0.75
154800.93581250453	1200	6.3607213311262765	0.0	687371	5184.245750306837	1.2
154805.5881382059	1200	5.708395629750368	0.0	526950	4652.325701375909	1.2
154810.04102227587	1200	5.2555115597892295	0.0	587876	4452.884069961138	1.2
154814.53037414583	1200	4.766159689814265	0.0	617242	4489.351869974964	1.2
154817.42401799164	750	5.872515844021645	0.0	372963	2893.6438457926197	0.3
154820.52756168196	750	6.7689721536925935	0.0	405596	3103.5436903290515	0.75
154823.4139577685	750	7.882576067139569	0.0	350713	2886.396086553024	0.75
154829.33680535635	1200	5.959728479288872	0.0	601738	5922.847587850697	0.75
154834.88743655517	1200	4.409097280464387	0.0	616206	5550.631198824485	1.2
154838.3788992804	750	4.917634555231926	0.0	401853	3491.462725232461	0.3
154841.35600214903	750	5.940531686622844	0.0	343800	2977.1028686090826	0.75
154844.1955078867	750	7.101025948936437	0.0	359903	2839.505737686407	0.75
154846.67612127814	750	8.620412557509113	0.0	379700	2480.613391427324	0.75
154851.4569284857	1200	7.839605349913173	0.0	696376	4780.80720759594	0.75
154855.09682271787	1200	8.199711117757467	0.0	487160	3639.8942321557074	1.2
154859.86908811858	1200	7.4274457170638035	0.0	622896	4772.265400693663	1.2
154865.31050327927	1200	5.986030556391253	0.0	641447	5441.415160672551	1.2
154869.96432329368	1200	5.332210541982637	0.0	570392	4653.820014408615	1.2

