2.5066716477461757	750	4.0	2.5066716477461757	450283	2506.6716477461755	1	-10.028688085308556
4.940114499116456	750	5.56655714862972	0.0	398865	2433.4428513702806	0.46948606972546314	0.75
6.850963258894103	750	7.655708388852073	0.0	350812	1910.8487597776468	0.46948606972546314	0.75
8.750808112951317	750	9.755863534794859	0.0	382355	1899.844854057215	0.46948606972546314	0.75
11.534331323981656	1200	10.97234032376452	0.0	652874	2783.5232110303386	0.46948606972546314	0.75
14.201347571078836	1200	12.305324076667342	0.0	520315	2667.016247097179	0.46948606972546314	1.2
16.898499070230464	1200	13.608172577515713	0.0	561791	2697.151499151627	0.46948606972546314	1.2
20.017092752301927	1200	14.489578895444252	0.0	709534	3118.593682071462	0.46948606972546314	1.2
22.60852039957911	1200	15.898151248167073	0.0	584846	2591.42764727718	0.46948606972546314	1.2
26.274660170232696	1850	16.232011477513485	0.0	913888	3666.139770653586	0.46948606972546314	1.2000000000000002
31.038787229820908	1850	15.467884417925275	0.0	939819	4764.1270595882115	0.46948606972546314	1.85
34.946855017446296	1850	15.559816630299885	0.0	917428	3908.067787625388	0.46948606972546314	1.85
38.393800463000645	1850	16.112871184745533	0.0	946851	3446.9454455543514	0.46948606972546314	1.85
41.87042542556362	1850	16.636246222182567	0.0	1036454	3476.6249625629684	0.46948606972546314	1.85
44.505070457801295	1850	18.001601189944886	0.0	821631	2634.6450322376786	0.46948606972546314	1.85
48.377590651553454	1850	18.129080996192734	0.0	923170	3872.520193752153	0.46948606972546314	1.85
52.403331700193206	1850	18.10333994755298	0.0	966699	4025.741048639757	0.46948606972546314	1.85
58.19129147758059	2850	16.315380170165596	0.0	1358801	5787.95977738738	0.46948606972546314	1.85
64.41884004920679	2850	14.087831598539397	0.0	1537156	6227.548571626202	0.46948606972546314	2.85
69.92333019476357	2850	12.58334145298263	0.0	1336050	5504.490145556767	0.46948606972546314	2.85
74.54700249055693	1850	11.959669157189262	0.0	891604	4623.672295793367	0.6821283818878753	0.8500000000000001
78.42483136887235	1850	12.081840278873853	0.0	955231	3877.8288783154103	0.6821283818878753	1.85
81.49229274215277	1850	13.014378905593425	0.0	968026	3067.4613732804287	0.6821283818878753	1.85
84.87537183089468	1850	13.631299816851516	0.0	874175	3383.0790887419075	0.6821283818878753	1.85
88.71189952480111	1850	13.79477212294509	0.0	897976	3836.527693906427	0.6821283818878753	1.85
92.20504147974174	1850	14.301630168004467	0.0	905935	3493.1419549406246	0.6821283818878753	1.85
98.76094060189266	1850	11.745731045853542	0.0	1076599	6555.899122150925	0.6821283818878753	1.85
108.68773197574403	1850	5.818939672002171	0.0	758197	9926.791373851373	0.6821283818878753	1.85
116.85429557991024	750	4.0	2.347623932164052	400396	8166.563604166223	0.6821283818878753	-10.444782908305424
118.01051921618973	300	6.843776363720519	0.0	149029	1156.2236362794813	0.6821283818878753	-0.15000000000000002
119.27636935116492	300	9.577926228745335	0.0	157421	1265.850134975184	0.6821283818878753	0.3
120.41041389998924	300	12.443881679921027	0.0	157488	1134.0445488243072	0.6821283818878753	0.3
121.37870272637284	300	15.475592853537425	0.0	143881	968.2888263836032	0.6821283818878753	0.3
123.69514251195368	750	17.159153067956584	0.0	412837	2316.4397855808397	0.6821283818878753	0.3
125.66222039660451	750	19.192075183305754	0.0	401088	1967.0778846508288	0.6821283818878753	0.75
129.97749094098637	1200	18.87680463892389	0.0	598727	4315.270544381868	0.6821283818878753	0.75
132.46586527794327	1200	20.388430301967002	0.0	487812	2488.3743369568883	0.6821283818878753	1.2
134.93133319546706	1200	21.92296238444318	0.0	575591	2465.4679175238202	0.6821283818878753	1.2
137.30576006458108	1200	23.548535515329167	0.0	605884	2374.426869114015	0.6821283818878753	1.2
139.7833162302108	1200	25.070979349699467	0.0	587506	2477.556165629698	0.6821283818878753	1.2
142.79624024884922	1850	26.058055331061063	0.0	858450	3012.924018638405	0.6821283818878753	1.2000000000000002
145.76321867027173	1850	27.091076909638545	0.0	1025005	2966.978421422517	0.6821283818878753	1.85
148.60574436694327	1850	28.24855121296697	0.0	886255	2842.525696671576	0.6821283818878753	1.85
151.68989427347051	1850	29.164401306439746	0.0	973972	3084.1499065272214	0.6821283818878753	1.85
156.41152484025451	2850	28.442770739655728	0.0	1464921	4721.630566784021	0.6821283818878753	1.85
165.4033125510463	4300	23.45098302886395	0.0	2246506	8991.78771079178	0.6821283818878753	2.8499999999999996
173.3433111167267	4300	19.51098446318352	0.0	1961140	7939.99856568043	0.6821283818878753	4.3
183.65004503653697	4300	13.20425054337327	0.0	2155012	10306.733919810249	0.6821283818878753	4.3
184.65829593126523	750	16.195999648644996	0.0	450283	1008.2508947282723	0.6821283818878753	0.75
187.81493704798567	1200	17.03935853192455	0.0	611087	3156.641116720447	0.6821283818878753	0.75
190.84003697579448	1850	18.014258604115764	0.0	877771	3025.099927808788	0.6821283818878753	1.2000000000000002
194.86794936811285	1850	17.9863462117974	0.0	933276	4027.912392318362	0.6821283818878753	1.85
198.56450184256892	1850	18.28979373734133	0.0	996749	3696.5524744560694	0.6821283818878753	1.85
201.51454538327906	1850	19.339750196631194	0.0	801058	2950.043540710135	0.6821283818878753	1.85
204.92455501942968	1850	19.929740560480575	0.0	905515	3410.0096361506207	0.6821283818878753	1.85
211.16587330118745	1850	17.688422278722804	0.0	1060487	6241.318281757773	0.6821283818878753	1.85
214.2166622138853	1850	18.63763336602495	0.0	852833	3050.7889126978525	0.6821283818878753	1.85
217.1014765700525	1850	19.752819009857728	0.0	913888	2884.814356167222	0.6821283818878753	1.85
220.08473570148945	1850	20.76955987842078	0.0	939819	2983.259131436948	0.6821283818878753	1.85
223.1730492583868	1850	21.681246321523425	0.0	917428	3088.313556897357	0.6821283818878753	1.85
226.0547739507118	1850	22.799521629198416	0.0	946851	2881.7246923250045	0.6821283818878753	1.85
230.32292519027718	2850	22.531370389633047	0.0	1578343	4268.151239565371	0.6821283818878753	1.85
236.48136208159013	2850	20.37293349832009	0.0	1231445	6158.436891312959	0.6821283818878753	2.85
243.83443210256888	2850	17.019863477341357	0.0	1471065	7353.070020978734	0.6821283818878753	2.85
251.77044247605633	2850	13.083853103853885	0.0	1491626	7936.010373487472	0.6821283818878753	2.85
254.5412852016991	1850	14.313010378211091	0.0	885714	2770.842725642795	0.6821283818878753	0.8500000000000001
257.17706729451555	1850	15.677228285394653	0.0	987708	2635.7820928164383	0.6821283818878753	1.85
260.2465772238469	1850	16.607718356063334	0.0	923755	3069.5099293313165	0.6821283818878753	1.85
263.2401267239766	1850	17.614168855933645	0.0	891604	2993.549500129692	0.6821283818878753	1.85
267.54466692167136	1850	17.30962865823888	0.0	955231	4304.540197694765	0.6821283818878753	1.85
277.83261334881877	1850	11.021682231091463	0.0	968026	10287.946427147415	0.6821283818878753	1.85
283.57053174203884	1850	9.283763837871392	0.0	874175	5737.91839322007	0.6821283818878753	1.85
286.7487389956908	1200	10.105556584219425	0.0	587236	3178.2072536519686	0.6821283818878753	0.5499999999999999
289.6112472706581	1200	11.243048309252176	0.0	590335	2862.508274967249	0.6821283818878753	1.2
292.91115296786074	1200	11.943142612049495	0.0	696376	3299.9056972026797	0.6821283818878753	1.2
294.76945963433366	1200	14.084835945576542	0.0	487160	1858.3066664729547	0.6821283818878753	1.2
297.4345182051083	1200	15.419777374801939	0.0	622896	2665.0585707746036	0.6821283818878753	1.2
299.7872240319947	1200	17.067071547915532	0.0	641447	2352.7058268864057	0.6821283818878753	1.2
301.6160535642024	1200	19.238242015707822	0.0	570392	1828.8295322077126	0.6821283818878753	1.2
303.75033830684254	1200	21.103957273067675	0.0	620283	2134.284742640151	0.6821283818878753	1.2
305.74241691407815	1200	23.111878665832034	0.0	584349	1992.0786072356389	0.6821283818878753	1.2
308.0123908214627	1200	24.841904758447477	0.0	670129	2269.973907384561	0.6821283818878753	1.2
311.8041657780014	2850	25.05012980190882	0.0	1492672	3791.774956538654	0.6821283818878753	1.2000000000000002
316.5677201782594	2850	24.286575401650808	0.0	1439896	4763.554400258013	0.6821283818878753	2.85
319.8748718909864	2850	24.97942368892378	0.0	1139291	3307.1517127270263	0.6821283818878753	2.85
323.9203327504281	2850	24.93396282948213	0.0	1499009	4045.4608594416486	0.6821283818878753	2.85
327.7760918809004	2850	25.07820369900975	0.0	1427478	3855.7591304723805	0.6821283818878753	2.85
332.1984230692483	2850	24.655872510661933	0.0	1402287	4422.33118834782	0.6821283818878753	2.85
335.7423132514228	2850	25.111982328487393	0.0	1339500	3543.8901821745376	0.6821283818878753	2.85
340.8585028788169	2850	23.99579270109326	0.0	1527299	5116.18962739413	0.6821283818878753	2.85
345.1497882267581	2850	23.704507353152046	0.0	1343002	4291.285347941214	0.6821283818878753	2.85
349.9662815784493	2850	22.888014001460892	0.0	1587250	4816.493351691153	0.6821283818878753	2.85
354.302546113737	2850	22.55174946617318	0.0	1464921	4336.264535287711	0.6821283818878753	2.85
362.4113288911447	4300	18.44296668876542	0.0	2246506	8108.78277740776	0.6821283818878753	2.8499999999999996
368.36315117418906	4300	16.491144405721084	0.0	1961140	5951.822283044339	0.6821283818878753	4.3
378.8766233712903	4300	9.97767220861986	0.0	2155012	10513.472197101224	0.6821283818878753	4.3
382.20491905731086	750	10.649376522599301	0.0	450283	3328.2956860205586	0.6821283818878753	0.75
387.0890780552317	1200	9.76521752467841	0.0	611087	4884.15899792089	0.6821283818878753	0.75
392.33777304394124	1200	8.516522535968896	0.0	571051	5248.694988709514	0.6821283818878753	1.2
401.36930694344255	1200	4.0	0.5150113635323923	617681	9031.533899501288	0.6821283818878753	-1.014548863189287
402.33843430256803	300	7.030872640874532	0.0	163442	969.1273591254685	0.6821283818878753	-0.6000000000000001
402.94650785047304	300	10.422799092969534	0.0	126289	608.0735479049978	0.6821283818878753	0.3
403.6269198203572	300	13.742387123085331	0.0	153295	680.4119698842022	0.6821283818878753	0.3
406.5170787641127	750	14.852228179329913	0.0	437162	2890.158943755417	0.6821283818878753	0.3
410.74504629625653	750	14.62426064718606	0.0	374758	4227.9675321438535	0.6821283818878753	0.75
413.04363646567856	750	16.325670477764017	0.0	362795	2298.5901694220424	0.6821283818878753	0.75
415.3008651378059	750	18.0684418056367	0.0	353220	2257.2286721273167	0.6821283818878753	0.75
418.18524058348765	750	19.18406635995489	0.0	405134	2884.3754456818087	0.6821283818878753	0.75
420.8069816927078	750	20.562325250734766	0.0	386351	2621.741109220127	0.6821283818878753	0.75
422.6156334589426	750	22.753673484499952	0.0	434409	1808.6517662348124	0.6821283818878753	0.75
424.5414792982354	1200	24.827827645207222	0.0	526950	1925.845839292733	0.6821283818878753	0.75
426.77551538349434	1200	26.593791559948315	0.0	587876	2234.0360852589088	0.6821283818878753	1.2
430.71369802420236	1850	26.655608919240247	0.0	966699	3938.1826407080657	0.6821283818878753	1.2000000000000002
433.3472772120072	1850	28.022029731435424	0.0	885714	2633.5791878048226	0.6821283818878753	1.85
436.70663582628964	1850	28.66267111715299	0.0	987708	3359.3586142824356	0.6821283818878753	1.85
440.3688221292996	2850	29.00048481414307	0.0	1336050	3662.1863030099207	0.6821283818878753	1.85
448.0864755298637	2850	25.282831413578933	0.0	1415116	7717.653400564137	0.6821283818878753	2.85
466.23306935463586	2850	11.136237588806816	0.0	1468126	18146.593824772117	0.6821283818878753	2.85
473.7650376134683	1200	7.604269329974328	0.0	656471	7531.968258832488	0.6821283818878753	-0.44999999999999996
479.229508451544	750	6.139798491898634	0.0	343800	5464.470838075695	0.6821283818878753	0.3
485.2787484830763	750	4.09055846036633	0.0	359903	6049.240031532305	0.6821283818878753	0.75
486.98141509345476	300	6.387891849987825	0.0	153938	1702.6666103785046	0.6821283818878753	-0.15000000000000002
488.4405107151879	300	8.928796228254738	0.0	181901	1459.0956217330872	0.6821283818878753	0.3
489.3314308217032	300	12.037876121739421	0.0	111155	890.9201065153169	0.6821283818878753	0.3
490.6504722153209	300	14.718834728121658	0.0	153605	1319.0413936177636	0.6821283818878753	0.3
492.1215118410686	300	17.247795102373995	0.0	149029	1471.0396257476598	0.6821283818878753	0.3
494.8872294078366	750	18.48207753560594	0.0	358218	2765.717566768056	0.6821283818878753	0.3
500.65293681603384	750	16.716370127408727	0.0	400322	5765.707408197212	0.6821283818878753	0.75
505.8347324477506	750	15.534574495691984	0.0	369834	5181.79563171674	0.6821283818878753	0.75
510.4344284952502	750	14.93487844819236	0.0	412837	4599.696047499623	0.6821283818878753	0.75
513.9977512932695	750	15.371555650173025	0.0	401088	3563.3227980193356	0.6821283818878753	0.75
519.0740433694709	750	14.295263573971551	0.0	365161	5076.292076201474	0.6821283818878753	0.75
520.8577217144858	750	16.511585228956697	0.0	321064	1783.6783450148546	0.6821283818878753	0.75
523.1426519477207	750	18.226654995721947	0.0	361565	2284.9302332347493	0.6821283818878753	0.75
525.4681101997537	750	19.90119674368891	0.0	378327	2325.458252033039	0.6821283818878753	0.75
527.354750744629	750	22.014556198813676	0.0	390680	1886.640544875235	0.6821283818878753	0.75
528.8502965045388	750	24.519010438903727	0.0	345516	1495.5457599099504	0.6821283818878753	0.75
531.9773224736543	1200	25.39198446978825	0.0	641452	3127.0259691154756	0.6821283818878753	0.75
534.9262614239593	1850	26.443045519483235	0.0	886255	2948.938950305016	0.6821283818878753	1.2000000000000002
539.4387527721403	1850	25.930554171302163	0.0	973972	4512.491348181073	0.6821283818878753	1.85
546.9455807351524	2850	22.423726208290137	0.0	1464921	7506.827963012026	0.6821283818878753	1.85
555.7228447151992	2850	17.646462228243248	0.0	1483527	8777.263980046891	0.6821283818878753	2.85
563.4617093051362	2850	13.90759763830623	0.0	1231456	7738.864589937017	0.6821283818878753	2.85
569.8487201283317	2850	11.520586815110827	0.0	1364537	6387.010823195405	0.6821283818878753	2.85
571.4670552819431	750	13.902251661499472	0.0	450283	1618.3351536113553	0.6821283818878753	0.75
572.8873038599095	750	16.482003083533026	0.0	398865	1420.2485779664462	0.6821283818878753	0.75
574.3736799732877	750	18.995626970154774	0.0	350812	1486.3761133782505	0.6821283818878753	0.75
579.0646580734193	1850	18.304648870023126	0.0	933276	4690.978100131649	0.6821283818878753	0.75
584.771665008903	1850	16.597641934539464	0.0	996749	5707.006935483663	0.6821283818878753	1.85
591.1422968903973	1850	14.22701005304511	0.0	801058	6370.631881494355	0.6821283818878753	1.85
593.2640529878348	1200	16.10525395560759	0.0	561791	2121.7560974375174	0.6821283818878753	0.5499999999999999
596.0694163618494	1200	17.29989058159297	0.0	709534	2805.363374014625	0.6821283818878753	1.2

