124609.29752677266	750	4.0	3.624169441458112	450283	3624.169441458112	0.75	-14.833928598269882
124610.64596699891	300	6.6515597737405585	0.0	155580	1348.4402262594408	0.75	-0.15000000000000002
124611.88373383571	300	9.413792936949752	0.0	139857	1237.766836790806	0.75	0.3
124613.29412937012	300	12.00339740254698	0.0	155432	1410.3955344027718	0.75	0.3
124614.9635239522	300	14.33400282045591	0.0	163442	1669.3945820910699	0.75	0.3
124616.29157805817	300	17.005948714486323	0.0	126289	1328.054105969584	0.75	0.3
124619.02088458888	750	18.2766421837672	0.0	352642	2729.306530719119	0.75	0.3
124622.13354276073	750	19.16398401192597	0.0	437162	3112.6581718412367	0.75	0.75
124632.23708254658	1200	13.06044422607265	0.0	584846	10103.539785853318	0.75	0.75
124633.89422727829	750	15.403299494359294	0.0	362795	1657.1447317133575	0.75	0.3
124635.38611706231	750	17.91140971033152	0.0	353220	1491.889784027776	0.75	0.75
124638.74418843415	750	18.553338338498666	0.0	405134	3358.0713718328498	0.75	0.75
124646.98387327249	750	14.313653500155397	0.0	386351	8239.68483834327	0.75	0.75
124653.43467242795	750	11.862854344691256	0.0	434409	6450.799155464141	0.75	0.75
124655.30034363357	750	13.997183139063424	0.0	337059	1865.6712056278327	0.75	0.75
124660.67629919585	750	12.621227576777962	0.0	366214	5375.955562285463	0.75	0.75
124664.22514918084	750	13.072377591787566	0.0	360831	3548.8499849903947	0.75	0.75
124668.26570944216	750	13.031817330480395	0.0	372963	4040.560261307171	0.75	0.75
124671.35983247234	750	13.937694300301361	0.0	405596	3094.1230301790347	0.75	0.75
124673.70194610117	750	15.595580671487577	0.0	350713	2342.1136288137836	0.75	0.75
124676.51950390259	750	16.77802287005494	0.0	386472	2817.5578014326366	0.75	0.75
124679.01640246603	750	18.281124306611353	0.0	399894	2496.8985634435876	0.75	0.75
124683.10565974834	1200	18.191867024290673	0.0	656471	4089.2572823206806	0.75	0.75
124686.36005007834	1200	18.937476694302966	0.0	536667	3254.3903299877093	0.75	1.2
124690.23746761662	1200	19.06005915601399	0.0	587236	3877.4175382889753	0.75	1.2
124693.43995280082	1200	19.857573971801774	0.0	590335	3202.4851842122175	0.75	1.2
124697.08880344553	1200	20.208723327099122	0.0	696376	3648.8506447026493	0.75	1.2
124700.34797225517	1200	20.94955451746075	0.0	487160	3259.1688096383723	0.75	1.2
124705.11586271618	1200	20.181664056448817	0.0	622896	4767.890461011936	0.75	1.2
124708.68501120116	1200	20.612515571479946	0.0	641447	3569.148484968869	0.75	1.2
124711.62894049266	1200	21.668586279982907	0.0	570392	2943.9292914970392	0.75	1.2
124718.08278964862	1850	19.214737124022772	0.0	954453	6453.849155960133	0.75	1.2000000000000002
124726.30334654643	1850	14.994180226216017	0.0	885062	8220.556897806757	0.75	1.85
124733.6064004096	1850	11.691126363050495	0.0	1035329	7303.053863165521	0.75	1.85
124738.68185363966	1200	10.615673132979177	0.0	690253	5075.453230071317	0.75	0.5499999999999999
124744.30641126624	1200	8.991115506402078	0.0	598727	5624.557626577098	0.75	1.2
124747.55543835663	1200	9.742088416003742	0.0	487812	3249.027090398337	0.75	1.2
124750.42621448191	1200	10.871312290729414	0.0	575591	2870.77612527433	0.75	1.2
124754.08258568076	1200	11.21494109185993	0.0	605884	3656.3711988694804	0.75	1.2
124757.03877432349	1200	12.258752449134036	0.0	587506	2956.1886427258955	0.75	1.2
124759.88342842649	1200	13.414098346144419	0.0	566904	2844.6541029896157	0.75	1.2
124762.95086513255	1200	14.34666164009079	0.0	641452	3067.4367060536297	0.75	1.2
124765.9830562526	1200	15.314470520031984	0.0	599477	3032.1911200588047	0.75	1.2
124769.65995959609	1200	15.63756717655377	0.0	634861	3676.903343478214	0.75	1.2
124775.05718050993	1200	14.24034626271185	0.0	630203	5397.22091384192	0.75	1.2
124781.44593858976	1200	11.851588182877189	0.0	638661	6388.758079834662	0.75	1.2
124791.25871918073	1850	6.038807591922725	0.0	830730	9812.780590954464	0.75	1.2000000000000002
124797.67029743709	1850	4.0	0.37277066444922	846370	6411.578256371945	0.75	0.24708614286835395
124800.98832645042	750	4.681970986660381	0.0	450283	3318.0290133396197	0.75	0.75
124804.64381400496	750	5.026483432125487	0.0	398865	3655.4875545348937	0.75	0.75
124807.18996641661	750	6.480331020474749	0.0	350812	2546.1524116507394	0.75	0.75
124810.48850825967	750	7.181789177415293	0.0	382355	3298.5418430594555	0.75	0.75
124813.53409116967	750	8.136206267414451	0.0	411561	3045.582910000842	0.75	0.75
124816.4749658077	750	9.1953316293762	0.0	318564	2940.8746380382518	0.75	0.75
124830.73659658701	750	4.0	5.066299149931587	352642	14261.630779307787	0.75	-21.035086344705825
124839.49760970574	300	4.0	4.76101311870897	173849	8761.01311870897	0.75	-20.622356410448567
124847.8539867016	300	4.0	4.356376995854276	150710	8356.376995854276	0.75	-18.432421082173388
124854.60796328013	300	4.0	2.7539765785368235	139105	6753.976578536824	0.75	-11.54209928770834
124862.6265136571	300	4.0	4.018550376976536	141840	8018.5503769765355	0.75	-16.9797666209991
124868.47246324399	300	4.0	1.8459495868842888	156148	5845.949586884289	0.75	-7.637583223602442
124874.94239306895	300	4.0	2.4699298249661634	160746	6469.929824966163	0.75	-10.320698247354501
124881.20366860807	300	4.0	2.261275539109679	179801	6261.275539109679	0.75	-9.42348481817162
124887.80012724682	300	4.0	2.596458638763138	140051	6596.458638763138	0.75	-10.864772146681492
124890.96411845127	300	4.836008795565276	0.0	138313	3163.9912044347243	0.75	0.3
124898.1217381814	300	4.0	2.3216109345805633	143509	7157.61973014584	0.75	-9.682927018696422
124904.2743696255	300	4.0	2.1526314440932146	150616	6152.631444093215	0.75	-8.956315209600822
124911.2460497861	300	4.0	2.9716801605901475	165384	6971.680160590147	0.75	-12.478224690537633
124919.34206807715	300	4.0	4.096018291046795	140881	8096.018291046795	0.75	-17.312878651501215
124925.23901814614	300	4.0	1.8969500689923988	157671	5896.950068992399	0.75	-7.856885296667314
124935.71043163839	300	4.0	6.471413492250602	157812	10471.413492250602	0.75	-27.52707801667759
124943.28307738018	300	4.0	3.5726457417876754	163927	7572.645741787675	0.75	-15.062376689687003
124951.92793512587	300	4.0	4.644857745697538	137654	8644.857745697538	0.75	-19.672888306499413
124958.3554030531	300	4.0	2.4274679272104787	146754	6427.467927210479	0.75	-10.138112087005057
124966.48043661697	300	4.0	4.125033563878727	153938	8125.033563878727	0.75	-17.437644324678523

