479.127706379259	750	4.0	1.786475576889145	450283	1786.475576889145	-6.931844980623323
480.4970660489196	750	6.630640330339427	0.0	398865	1369.3596696605737	0.75
482.39787798679777	1200	8.72982839246125	0.0	571051	1900.8119378781769	0.75
484.34589541723557	1200	10.781810962023487	0.0	617681	1948.0174304377638	1.2
486.39830842019506	1200	12.729397959063958	0.0	652874	2052.4130029595294	1.2
488.2565941981909	1200	14.871112181068147	0.0	520315	1858.2857779958113	1.2
490.2793372882222	1200	16.848369091036815	0.0	561791	2022.7430900313323	1.2
493.65622333353144	1850	17.471483045727545	0.0	1060487	3376.8860453092702	1.2000000000000002
496.46730378947984	1850	18.660402589779206	0.0	852833	2811.0804559483413	1.85
499.43562195019496	1850	19.692084429064103	0.0	913888	2968.318160715103	1.85
502.3628482415737	1850	20.764858137685323	0.0	939819	2927.226291378781	1.85
505.25761430483806	1850	21.870092074421002	0.0	917428	2894.766063264321	1.85
510.4239652494708	1850	20.703741129788245	0.0	946851	5166.350944632754	1.85
514.2660425906075	1850	20.861663788651562	0.0	1036454	3842.077341136682	1.85
518.2465337745857	1850	20.8811726046734	0.0	821631	3980.4911839781635	1.85
521.6561611876504	1850	21.471545191608758	0.0	923170	3409.6274130646407	1.85
524.8881516881245	1850	22.239554691134565	0.0	966699	3231.9905004741913	1.85
528.0618348977396	1850	23.06587148151949	0.0	885714	3173.683209615076	1.85
531.7464866317999	1850	23.381219747459163	0.0	987708	3684.651734060327	1.85
536.4904384805984	1850	22.63726789866075	0.0	923755	4743.951848798412	1.85
540.7475344624727	1850	22.380171916786445	0.0	891604	4257.095981874309	1.85
544.9600776823457	1850	22.167628696913372	0.0	955231	4212.54321987307	1.85
549.0578641561586	1850	22.069842223100434	0.0	968026	4097.786473812939	1.85
552.7970578101082	1850	22.330648569150917	0.0	874175	3739.193653949517	1.85
556.8550948573615	1850	22.27261152189769	0.0	897976	4058.037047253222	1.85
560.3305412195457	1850	22.79716515971341	0.0	905935	3475.4463621842838	1.85
564.0657814647374	1850	23.061924914521693	0.0	1076599	3735.240245191716	1.85
566.6612682165909	1850	24.466438162668243	0.0	758197	2595.486751853448	1.85
570.5712394822098	1850	24.5564668970493	0.0	972798	3909.971265618942	1.85
574.8557942219145	1850	24.27191215734458	0.0	975811	4284.55473970472	1.85
578.2441642371185	1850	24.883542142140563	0.0	873429	3388.3700152040174	1.85
581.7171018590776	1850	25.410604520181586	0.0	954453	3472.937621958974	1.85
585.1383886320781	1850	25.98931774718114	0.0	885062	3421.2867730004477	1.85
588.573990283145	1850	26.553716096114258	0.0	1035329	3435.6016510668815	1.85
592.4757979881199	1850	26.65190839113932	0.0	1026056	3901.807704974939	1.85
595.773584554316	1850	27.35412182494313	0.0	943942	3297.786566196183	1.85
598.4218111087526	1850	28.70589527050653	0.0	728962	2648.226554436603	1.85
601.6978809090339	1850	29.42982547022539	0.0	938587	3276.069800281144	1.85
604.8638885398788	1850	30.263817839380412	0.0	908665	3166.0076308449766	1.85
608.274379592313	1850	30.853326786946113	0.0	930577	3410.491052434301	1.85
611.0123585067857	1850	32.11534787247351	0.0	858450	2737.978914472611	1.85
614.0961750014038	1850	33.03153137785543	0.0	1025005	3083.8164946180814	1.85
618.2273169282109	2850	32.90038945104832	0.0	1343002	4131.141926807102	1.85
632.1899227633759	2850	22.937783615883337	0.0	1587250	13962.605835164983	2.85
640.3728285673826	2850	18.75487781187665	0.0	1464921	8182.905804006687	2.85
648.6288623708296	2850	14.498844008429703	0.0	1483527	8256.033803446946	2.85
651.855137704261	1850	15.272568674998283	0.0	830730	3226.2753334314207	0.8500000000000001
658.7141128290287	2850	12.413593550230479	0.0	1364537	6858.975124767805	1.85
661.6888338583766	750	13.43887252088263	0.0	450283	2974.72102934785	0.75
663.9043573399706	750	15.223349039288632	0.0	398865	2215.523481593996	0.75
665.5093106299091	750	17.6183957493501	0.0	350812	1604.953289938531	0.75
668.5082013385421	1200	18.6195050407171	0.0	617681	2998.8907086330005	0.75
671.54236451838	1200	19.58534186087919	0.0	652874	3034.1631798379112	1.2
673.7824323643085	1200	21.345274014950657	0.0	520315	2240.0678459285346	1.2
676.5473777721207	1200	22.580328607138416	0.0	561791	2764.945407812239	1.2
683.6343031005636	1200	19.493403278695535	0.0	709534	7086.925328442883	1.2
691.6999876145998	1200	15.42771876465941	0.0	584846	8065.684514036126	1.2
696.116510766548	750	15.011195612711129	0.0	362795	4416.523151948282	0.3
699.2727180643346	750	15.854988314924505	0.0	353220	3156.207297786623	0.75
702.4581206340714	750	16.66958574518773	0.0	405134	3185.4025697367742	0.75
705.880507413776	750	17.24719896548325	0.0	386351	3422.386779704482	0.75
708.704950901523	750	18.422755477736164	0.0	434409	2824.4434877470826	0.75
710.4094217428102	750	20.718284636448985	0.0	337059	1704.4708412871807	0.75
711.6716367681369	750	23.456069611122278	0.0	366214	1262.215025326708	0.75
713.3982305840134	1200	25.729475795245804	0.0	617242	1726.593815876474	0.75
715.2270099719992	1200	27.90069640726	0.0	581493	1828.7793879858086	1.2
718.8455902025648	1850	28.282116176694405	0.0	987708	3618.5802305655943	1.2000000000000002
721.8592394875878	1850	29.268466891671377	0.0	923755	3013.6492850230275	1.85
724.277453486591	1850	30.850252892668234	0.0	891604	2418.2139990031437	1.85
730.196514618394	2850	28.931191760865282	0.0	1468126	5919.061131802954	1.85
737.9700298265817	2850	25.157676552677543	0.0	1505760	7773.51520818774	2.85
742.8491972441465	2850	24.278509135112778	0.0	1323990	4879.167417564766	2.85
751.5953311809202	2850	19.532375198339043	0.0	1383735	8746.133936773735	2.85
756.1624804110643	1850	18.965225968195078	0.0	905935	4567.149230143966	0.8500000000000001
760.1180468378471	1850	19.009659541412187	0.0	1076599	3955.5664267828906	1.85
762.9755644686276	1850	20.15214191063172	0.0	758197	2857.5176307804695	1.85
767.0811958324057	1850	20.046510546853625	0.0	972798	4105.631363778095	1.85
771.2927682929466	1850	19.834938086312814	0.0	975811	4211.572460540811	1.85
775.8506081410092	1850	19.277098238250257	0.0	873429	4557.839848062555	1.85
779.5262189767019	1850	19.601487402557474	0.0	954453	3675.6108356927834	1.85
788.834276466831	1850	14.293429912428161	0.0	885062	9308.057490129315	1.85
793.4724160745543	1850	13.655290304704945	0.0	1035329	4638.139607723216	1.85
797.2283788723646	1850	13.89932750689465	0.0	1026056	3755.9627978102953	1.85
800.7030335755551	1850	14.424672803704185	0.0	943942	3474.6547031904643	1.85
803.4905873398474	1850	15.63711903941189	0.0	728962	2787.553764292294	1.85
805.7798094429196	1200	17.34789693633963	0.0	575591	2289.222103072258	0.5499999999999999
807.6483246282515	1200	19.479381751007704	0.0	605884	1868.5151853319296	1.2
810.0699084657496	1850	21.05779791350955	0.0	930577	2421.5838374981527	1.2000000000000002
812.1798850540067	1850	22.947821325252452	0.0	858450	2109.9765882570964	1.85
815.1536391592389	1850	23.974067220020256	0.0	1025005	2973.7541052321935	1.85
819.4328043722376	1850	23.694902007021657	0.0	886255	4279.1652129986005	1.85
822.6584473215804	1850	24.469259057678837	0.0	973972	3225.642949342822	1.85
826.7436519773455	2850	24.384054401913765	0.0	1464921	4085.2046557650697	1.85
830.9922681743558	2850	24.135438204903537	0.0	1483527	4248.61619701023	2.85
837.116101855641	4300	22.01160452361826	0.0	1961140	6123.833681285276	2.8499999999999996
843.529058283446	4300	19.598648095813257	0.0	2155012	6412.956427805007	4.3
845.0442417957579	750	22.08346458350132	0.0	450283	1515.1835123119338	0.75
847.2258341276272	1200	23.901872251631993	0.0	611087	2181.5923318693285	0.75
850.634240024957	1850	24.49346635430223	0.0	877771	3408.4058973297615	1.2000000000000002
854.5636677764509	1850	24.56403860280832	0.0	933276	3929.427751493914	1.85
858.4005589891202	1850	24.72714739013903	0.0	996749	3836.891212669289	1.85
861.8595076290551	1850	25.268198750204096	0.0	801058	3458.948639934934	1.85
869.2508181432427	1850	21.876888236016516	0.0	905515	7391.310514187582	1.85
876.5796203918468	1850	18.5480859874124	0.0	1060487	7328.802248604117	1.85
886.1533356342661	1200	12.974370744993028	0.0	584846	9573.715242419372	0.5499999999999999
888.9391730684794	750	14.188533310779789	0.0	362795	2785.83743421324	0.3
891.7262162327376	750	15.40149014652164	0.0	353220	2787.0431642581484	0.75
895.3918555882279	750	15.735850791031218	0.0	405134	3665.6393554904234	0.75
898.5799379507017	750	16.547768428557507	0.0	386351	3188.0823624737095	0.75
902.0386139073169	750	17.089092471942415	0.0	434409	3458.6759566150954	0.75
904.7627555496056	750	18.364950829653672	0.0	337059	2724.141642288742	0.75
908.2394075347897	750	18.888298844469492	0.0	366214	3476.6519851841795	0.75
911.5045528016697	750	19.62315357758957	0.0	360831	3265.1452668799257	0.75
914.902827741415	750	20.224878637844235	0.0	372963	3398.2749397453335	0.75
920.0540017394187	750	19.073704639840543	0.0	405596	5151.173998003689	0.75
923.391502927148	750	19.736203452111265	0.0	350713	3337.501187729277	0.75
926.6094384779193	750	20.518267901339918	0.0	386472	3217.935550771349	0.75
929.4632642018034	750	21.664442177455697	0.0	399894	2853.825723884218	0.75
932.5244721228156	750	22.603234256443663	0.0	401853	3061.2079210120373	0.75
935.0421978685728	750	24.08550851068639	0.0	343800	2517.725745757271	0.75
937.8846707447559	750	25.243035634503308	0.0	359903	2842.4728761830856	0.75
940.8427067480823	750	26.284999631176866	0.0	379700	2958.0360033264406	0.75
944.1623802621754	750	26.96532611708386	0.0	425781	3319.6735140930055	0.75
946.369108075921	750	28.7585983033382	0.0	277716	2206.72781374566	0.75
949.4830031128079	750	29.64470326645132	0.0	400396	3113.89503688688	0.75
954.3887175906804	1200	28.73898878857883	0.0	641447	4905.7144778724905	0.75
959.8357975193788	1200	27.291908859880344	0.0	570392	5447.079928698489	1.2
965.8613367675534	1200	25.266369611705734	0.0	620283	6025.539248174611	1.2
969.7387586357393	1200	25.388947743520024	0.0	584349	3877.421868185708	1.2
974.0610095531958	1200	25.06669682606341	0.0	670129	4322.250917456615	1.2
978.888632863478	1200	24.23907351578114	0.0	690253	4827.623310282271	1.2
983.5265831929408	1200	23.601123186318418	0.0	598727	4637.95032946272	1.2
986.9998692180527	1200	24.12783716120651	0.0	487812	3473.2860251119096	1.2
991.8249338928917	1200	23.30277248636751	0.0	575591	4825.064674838998	1.2
996.6405880237395	1200	22.487118355519723	0.0	605884	4815.654130847785	1.2
1003.1530263791957	1200	19.974680000063493	0.0	587506	6512.438355456231	1.2
1007.2681738790467	750	19.85953250021253	0.0	345516	4115.147499850962	0.3
1011.6874429317669	750	19.44026344749233	0.0	384505	4419.269052720198	0.75
1015.1350071735328	750	19.99269920572633	0.0	372093	3447.564241766007	0.75
1019.387292272315	750	19.740414106944208	0.0	438281	4252.285098782118	0.75
1023.9786786380146	750	19.14902774124461	0.0	398987	4591.386365699601	0.75
1029.099024219426	750	18.028682159833266	0.0	393804	5120.34558141134	0.75
1036.0078607992857	1200	15.11984557997346	0.0	538612	6908.836579859809	0.75
1066.0307492367028	1850	4.0	14.903042857443706	846370	30022.888437417165	-62.88308428700793
1078.8804455178508	750	4.0	8.849696281147892	450283	12849.696281147892	-37.303694008935935
1084.2418075472965	300	4.0	1.3613620294454858	155580	5361.362029445486	-6.003856726615589
1088.0613619985552	300	4.1804455487411945	0.0	139857	3819.5544512588062	0.3
1090.6426281721265	300	5.599179375169968	0.0	155432	2581.266173571227	0.3
1093.290030079527	300	6.951777467769272	0.0	163442	2647.401907400696	0.3
1095.5224470944306	300	8.719360452865683	0.0	126289	2232.4170149035886	0.3
1098.3589140001793	300	9.882893547116916	0.0	153295	2836.4669057487654	0.3
1103.2984724198373	300	8.94333512745902	0.0	173849	4939.558419657897	0.3
1107.196067740376	300	9.045739806920112	0.0	150710	3897.5953205389083	0.3
1110.4074331176826	300	9.834374429613534	0.0	139105	3211.3653773065776	0.3
1115.3692165173109	300	8.872591029985276	0.0	141840	4961.783399628256	0.3
1120.054735678586	300	8.187071868710136	0.0	156148	4685.5191612751405	0.3
1127.1553083043125	300	5.086499242983753	0.0	160746	7100.572625726383	0.3
1128.6943501632597	300	7.547457384036378	0.0	179801	1539.041858947375	0.3
1129.2603872791492	300	10.981420268147094	0.0	140051	566.0371158892842	0.3
1129.8151046218536	300	14.426702925442484	0.0	138313	554.7173427046113	0.3
1130.2392478149284	300	18.002559732367853	0.0	143509	424.1431930746328	0.3
1130.6623940681268	300	21.57941347916945	0.0	150616	423.1462531984036	0.3
1131.5983866054967	750	24.643420941799484	0.0	405596	935.9925373699674	0.3
1132.9683008719874	1200	27.27350667530883	0.0	586839	1369.9142664906503	0.75
1135.8403154117448	2850	28.401492135551255	0.0	1415116	2872.014539757576	1.2000000000000002
1138.9349662338357	2850	29.306841313460584	0.0	1468126	3094.6508220906717	2.85
1142.292557163891	2850	29.949250383405335	0.0	1505760	3357.5909300552476	2.85
1145.0657475362761	2850	31.17606001101993	0.0	1323990	2773.190372385404	2.85
1149.6657990681388	4300	30.576008479157395	0.0	2186790	4600.051531862536	2.8499999999999996
1154.0058138887216	4300	30.235993658574387	0.0	2105231	4340.014820583007	4.3
1158.7057672277767	4300	29.53604031951923	0.0	2395588	4699.953339055154	4.3
1163.2030563882606	4300	29.038751159035478	0.0	1972048	4497.289160483754	4.3
1168.2191982076245	4300	28.022609339671526	0.0	2134614	5016.141819363952	4.3
1172.9346134815353	4300	27.307194065760648	0.0	2164140	4715.4152739108795	4.3
1177.3723100211391	4300	26.869497526156866	0.0	2113193	4437.696539603781	4.3
1181.9444116829357	4300	26.2973958643603	0.0	2147852	4572.101661796564	4.3
1187.1528165590312	4300	25.088990988264822	0.0	2191074	5208.404876095479	4.3
1192.7563167255012	4300	23.485490821794947	0.0	2286761	5603.50016646987	4.3
1197.3699889324166	4300	22.871818614879597	0.0	2307787	4613.67220691535	4.3
1204.547525865036	4300	19.694281682260083	0.0	2143948	7177.536932619513	4.3
1209.5002823877885	2850	18.7415251595077	0.0	1139291	4952.756522752384	1.4000000000000001
1217.0888710433069	2850	15.152936503989404	0.0	1499009	7588.588655518296	2.85
1223.4350558665653	2850	12.806751680730905	0.0	1427478	6346.1848232585	2.85
1227.0771784296292	1850	13.164629117666937	0.0	930577	3642.1225630639665	0.8500000000000001
1229.39461515672	1200	14.84719239057629	0.0	566904	2317.436727090647	0.5499999999999999
1231.7662613020534	1200	16.475546245242672	0.0	641452	2371.6461453336137	1.2
1233.6375024206711	1200	18.604305126625004	0.0	599477	1871.2411186176696	1.2
1236.3151707120721	1850	19.9266368352239	0.0	973972	2677.6682914011044	1.2000000000000002
1238.8706630002378	1850	21.371144547058496	0.0	958994	2555.4922881654047	1.85
1241.9738958926266	1850	22.267911654669607	0.0	982064	3103.23289238889	1.85
1248.7411884720018	4300	19.50061907529434	0.0	1961140	6767.292579375269	1.8499999999999996
1256.785209794187	4300	15.45659775310914	0.0	2155012	8044.021322185197	4.3
1258.4730049727023	750	17.76880257459381	0.0	450283	1687.7951785153296	0.75
1261.980602059949	1850	18.26120548734711	0.0	957685	3507.5970872467014	0.75
1264.7654344402608	1850	19.476373107035418	0.0	877771	2784.832380311692	1.85
1267.5701400165076	1850	20.671667530788636	0.0	933276	2804.705576246782	1.85
1269.669720259401	1850	22.57208728789518	0.0	996749	2099.5802428934567	1.85
1271.4250718499563	1850	24.816735697339748	0.0	801058	1755.3515905554286	1.85
1273.2942879266477	1850	26.94751962064836	0.0	905515	1869.2160766913871	1.85
1277.5003789436967	2850	26.741428603599648	0.0	1638769	4206.0910170487105	1.85
1280.7380117729408	2850	27.503795774355464	0.0	1348011	3237.632829244183	2.85
1284.142708173679	2850	28.099099373617488	0.0	1429765	3404.6964007379756	2.85
1287.3526126445392	2850	28.889194902757136	0.0	1354548	3209.9044708603546	2.85
1291.6253203275314	2850	28.616487219764927	0.0	1519951	4272.707682992209	2.85
1296.0030578333876	2850	28.23874971390865	0.0	1422919	4377.737505856281	2.85
1300.0813943002722	2850	28.160413247024014	0.0	1578343	4078.336466884634	2.85
1303.2300203354846	2850	29.011787211811725	0.0	1231445	3148.626035212287	2.85
1306.579623534355	2850	29.66218401294123	0.0	1471065	3349.603198870499	2.85
1310.2996877375963	2850	29.942119809700078	0.0	1491626	3720.0642032411497	2.85
1313.1950244157026	2850	31.046783131593624	0.0	1358801	2895.3366781064537	2.85
1315.9088030511723	2850	32.333004496123834	0.0	1537156	2713.778635469789	2.85
1319.8512255467322	4300	32.39058200056398	0.0	2156729	3942.422495559851	2.8499999999999996
1326.4912430879765	4300	29.750564459319584	0.0	2039773	6640.0175412444	4.3
1333.1166506454	4300	27.125156901896155	0.0	2176469	6625.407557423426	4.3
1340.4842528104832	4300	23.757554736812907	0.0	2221506	7367.602165083249	4.3
1345.3789858582422	2850	22.862821689053796	0.0	1323990	4894.733047759112	1.4000000000000001
1350.2336131235945	2850	22.00819442370162	0.0	1383735	4854.627265352175	2.85

