139232.19372536018	750	4.0	2.0234241139416103	450283	2023.4241139416101	-7.950723689948923
139235.70300090621	1200	4.4907244539609525	0.0	611087	3509.2755460390476	0.75
139238.1364461721	1200	6.057279188071061	0.0	571051	2433.445265889892	1.2
139240.92201859996	1200	7.271706760219724	0.0	617681	2785.5724278513376	1.2
139244.76281925818	1850	7.430906101991286	0.0	996749	3840.8006582284384	1.2000000000000002
139247.67152551064	1850	8.522199849550073	0.0	801058	2908.706252441212	1.85
139251.05987833548	1850	9.133847024726391	0.0	905515	3388.352824823683	1.85
139253.88450685912	1850	10.309218501090236	0.0	1060487	2824.6285236361555	1.85
139256.27817693565	1850	11.915548424583688	0.0	852833	2393.670076506548	1.85
139259.09602415407	1850	13.09770120617246	0.0	913888	2817.847218411229	1.85
139262.37287688884	1850	13.820848471404332	0.0	939819	3276.8527347681284	1.85
139267.82905570706	2850	12.36466965318922	0.0	1519951	5456.178818215111	1.85
139272.47971018386	2850	11.71401517640344	0.0	1422919	4650.6544767857795	2.85
139277.57139237146	2850	10.62233298879682	0.0	1578343	5091.68218760662	2.85
139282.0420953955	2850	10.151629964770422	0.0	1231445	4470.703024026398	2.85
139286.62424258608	2850	9.569482774191416	0.0	1471065	4582.147190579006	2.85
139291.61951724722	2850	8.57420811304681	0.0	1491626	4995.274661144605	2.85
139296.9550131587	2850	7.238712201580217	0.0	1358801	5335.4959114665935	2.85
139301.34216639877	2850	6.851558961525758	0.0	1537156	4387.153240054458	2.85
139305.33586619626	2850	6.857859164057097	0.0	1336050	3993.6997974686615	2.85
139310.45323377108	2850	5.7404915892272	0.0	1415116	5117.367574829897	2.85
139315.4275116271	2850	4.766213733228187	0.0	1468126	4974.277855999013	2.85
139320.37487608183	2850	4.0	0.18115072153068923	1505760	4947.3644547588765	2.0710518974180365
139323.65307979207	1850	4.7217962897300065	0.0	874175	3278.2037102699933	0.8500000000000001
139326.97208347727	1850	5.402792604522819	0.0	897976	3319.0036852071876	1.85
139330.68714024368	1850	5.687735838144023	0.0	905935	3715.0567663787965	1.85
139334.8454591259	1850	5.529416955902595	0.0	1076599	4158.318882241428	1.85
139337.7928289175	1850	6.58204716431934	0.0	758197	2947.3697915832554	1.85
139341.182836938	1850	7.192039143804146	0.0	972798	3390.008020515193	1.85
139344.9834955876	1850	7.391380494230632	0.0	975811	3800.658649573514	1.85
139347.87476308813	1850	8.500112993673882	0.0	873429	2891.2675005567507	1.85
139351.25954776074	1850	9.115328321084231	0.0	954453	3384.78467258965	1.85
139354.08646177716	1850	10.28841430466173	0.0	885062	2826.9140164225014	1.85
139360.51733076858	2850	7.857545313224399	0.0	1587293	6430.868991437331	1.85
139366.1415001074	2850	6.2333759744459	0.0	1492672	5624.1693387785	2.85
139370.55390811927	2850	5.820967962569541	0.0	1439896	4412.408011876359	2.85
139372.75878504853	1850	7.616091033313332	0.0	728962	2204.876929256209	0.8500000000000001
139375.94452973822	1850	8.430346343599954	0.0	938587	3185.744689713376	1.85
139380.51531911388	1850	7.859556967950746	0.0	908665	4570.7893756492085	1.85
139384.22418914834	1850	8.15068693348306	0.0	930577	3708.870034467686	1.85
139387.21595628056	1850	9.15891980126889	0.0	858450	2991.7671322141705	1.85
139391.88648590056	1850	8.488390181265606	0.0	1025005	4670.529620003284	1.85
139396.39750040168	1850	7.977375680147849	0.0	886255	4511.014501117757	1.85
139401.02994064192	1850	7.344935439912868	0.0	973972	4632.44024023498	1.85
139405.32521477385	1850	7.049661307971769	0.0	958994	4295.2741319411	1.85
139409.96575226347	1850	6.409123818373236	0.0	982064	4640.537489598533	1.85
139413.67959518605	1850	6.695280895775162	0.0	830730	3713.842922598073	1.85
139419.6924058273	2850	4.682470254529816	0.0	1364537	6012.810641245346	1.85
139421.6621027617	750	6.712773320140617	0.0	450283	1969.6969343891997	0.75
139423.10304229287	750	9.271833788983082	0.0	398865	1440.9395311575345	0.75
139425.01938237125	1200	11.355493710600006	0.0	571051	1916.3400783830753	0.75
139428.13008586105	1850	12.244790220795771	0.0	933276	3110.7034898042375	1.2000000000000002
139433.1671252318	2850	11.207750850056971	0.0	1472558	5037.039370738799	1.85
139437.88824464133	2850	10.486631440524215	0.0	1224260	4721.119409532755	2.85
139444.64495993408	2850	7.729916147771897	0.0	1388403	6756.715292752318	2.85
139451.02507501488	2850	5.34980106697467	0.0	1638769	6380.115080797227	2.85
139457.0573505187	2850	4.0	0.6824744368510601	1348011	6032.27550382573	-0.08464007845955823
139458.9460393289	1850	6.111311189813761	0.0	913888	1888.6888101862382	0.8500000000000001
139461.76222544117	1850	7.295125077555034	0.0	939819	2816.1861122587266	1.85
139464.16042533354	1850	8.896925185169435	0.0	917428	2398.1998923855986	1.85
139468.36476576648	2850	8.692584752220016	0.0	1422919	4204.340432949418	1.85
139472.7011576397	2850	8.356192878982526	0.0	1578343	4336.391873237492	2.85
139477.54572761705	2850	7.511622901634582	0.0	1231445	4844.569977347943	2.85
139482.9748474012	2850	6.082503117493392	0.0	1471065	5429.11978414119	2.85
139488.3681492626	2850	4.689201256111844	0.0	1491626	5393.3018613815475	2.85
139493.25300667787	1850	4.0	0.1956561591690388	885714	4884.857415280883	0.00867851557313326
139497.2483544594	1850	4.004652218453912	0.0	987708	3995.347781546088	1.85
139501.42909018463	1850	4.0	0.17608350675762494	923755	4180.735725211537	1.092840920942213
139506.28338745233	1850	4.0	0.854297267718277	891604	4854.297267718277	-1.8234782511885905
139511.70247886088	1200	4.0	1.4190914085526474	616206	5419.091408552647	-5.552093056776384
139514.72026139664	1200	4.98221746422685	0.0	656471	3017.78253577315	1.2
139516.67326310874	1200	7.02921575214668	0.0	536667	1953.0017120801704	1.2
139518.89999667392	1200	8.80248218695257	0.0	587236	2226.7335651941107	1.2
139522.28192567866	1850	9.420553182197175	0.0	905935	3381.929004755394	1.2000000000000002
139525.8597365366	1850	9.84274232426308	0.0	1076599	3577.810857934096	1.85
139529.07958720828	1850	10.622891652579277	0.0	758197	3219.8506716838015	1.85
139533.90993508947	1850	9.792543771380828	0.0	972798	4830.34788119845	1.85
139539.4227242584	1850	8.279754602458851	0.0	975811	5512.789168921977	1.85
139543.47304964162	1850	8.229429219245878	0.0	873429	4050.3253832129744	1.85
139549.12751026408	1850	6.5749685967781755	0.0	954453	5654.460622467703	1.85
139555.71238757492	1850	4.0	0.009908714054554367	885062	6584.87731083273	1.8073925295654163
139560.05109077852	1200	4.0	0.33870320361674655	670129	4338.703203616747	-0.9064237755520103
139564.04832909018	1200	4.00276168836441	0.0	690253	3997.23831163559	1.2
139567.01472056613	1200	5.036370212429456	0.0	598727	2966.3914759349545	1.2
139571.10983421133	1200	4.941256567240877	0.0	487812	4095.1136451885795	1.2
139576.0150626508	1200	4.036028127764986	0.0	575591	4905.22843947589	1.2
139580.64208368157	1200	4.0	0.590992902991833	605884	4627.0210307568195	-1.3412694828648821
139586.2740943976	1200	4.0	1.6320107160612487	587506	5632.010716061249	-5.817646079063369
139589.05669122515	750	5.217403172449221	0.0	345516	2782.5968275507785	0.3
139593.17457921748	750	5.09951518012841	0.0	384505	4117.8879923208115	0.75
139597.24135974245	750	5.0327346551628995	0.0	372093	4066.78052496551	0.75
139600.84306594828	750	5.431028449324409	0.0	438281	3601.706205838491	0.75
139603.8386191783	750	6.435475219302327	0.0	398987	2995.553230022082	0.75
139607.22111456143	1200	7.052979836145547	0.0	638661	3382.49538315678	0.75
139612.44098227078	1200	5.833112126802957	0.0	538612	5219.8677093425895	1.2
139625.69895175006	1850	4.0	7.424857352497237	846370	13257.969479300195	-30.726886615738113
139628.28204125617	750	5.416910493900001	0.0	450283	2583.089506099999	0.75
139630.3320566256	750	7.366895124450543	0.0	398865	2050.0153694494584	0.75
139632.24860922457	750	9.450342525493879	0.0	350812	1916.5525989566631	0.75
139634.92847978714	1200	10.770471962897384	0.0	617681	2679.8705625964963	0.75
139637.19120943992	1200	12.507742310124573	0.0	652874	2262.7296527728113	1.2
139639.07115259484	1200	14.627799155199666	0.0	520315	1879.9431549249075	1.2
139641.95890156238	1850	15.74005018765512	0.0	905515	2887.748967544546	1.2000000000000002
139647.18370215627	2850	14.51524959376158	0.0	1638769	5224.800593893542	1.85
139650.72519798882	2850	14.973753761209679	0.0	1348011	3541.4958325519	2.85
139654.4944906456	2850	15.204461104448642	0.0	1429765	3769.292656761036	2.85
139659.08583733515	2850	14.61311441488975	0.0	1354548	4591.346689558893	2.85
139664.6968658535	2850	13.00208589650637	0.0	1519951	5611.028518383381	2.85
139671.63407959006	2850	10.064872159962686	0.0	1422919	6937.213736543685	2.85
139680.34566600644	2850	5.35328574358018	0.0	1578343	8711.586416382506	2.85
139684.27542533688	1850	5.423526413163494	0.0	821631	3929.7593304166858	0.8500000000000001
139688.5586786764	1850	5.140273073643427	0.0	923170	4283.253339520067	1.85
139694.5056398258	1850	4.0	0.806688075758485	966699	5946.961149401912	-1.6187587257614853
139698.48079040422	1200	4.024849421550178	0.0	581493	3975.1505784498213	0.5499999999999999
139701.26485379264	1200	5.240786033143367	0.0	639204	2784.063388406812	1.2
139704.28352092113	1200	6.222118904628047	0.0	586839	3018.6671285153197	1.2
139707.8909063247	1200	6.614733501096693	0.0	601738	3607.3854035313534	1.2
139711.46288467705	1200	7.042755148726274	0.0	616206	3571.97835237042	1.2
139715.0024041156	1200	7.50323571018109	0.0	656471	3539.5194385451828	1.2
139717.51800059256	1200	8.98763923320368	0.0	536667	2515.5964769774105	1.2
139719.9039585281	1200	10.601681297675917	0.0	587236	2385.9579355277624	1.2
139724.6412071099	1850	9.864432715870517	0.0	905935	4737.248581805399	1.2000000000000002
139729.30876575477	1850	9.19687407101647	0.0	1076599	4667.558644854046	1.85
139731.92132866287	1850	10.584311162908602	0.0	758197	2612.562908107869	1.85
139735.1890418685	1850	11.316597957306362	0.0	972798	3267.7132056022397	1.85
139739.02069368443	1850	11.484946141361265	0.0	975811	3831.651815945097	1.85
139742.85524428924	1850	11.650395536542584	0.0	873429	3834.5506048186794	1.85
139750.78742452106	2850	7.718215304725903	0.0	1497683	7932.180231816682	1.85
139759.96921327195	2850	4.0	1.4635734461661205	1358081	9181.788750892023	-3.443365818514318
139763.75744408314	1200	4.211769188830615	0.0	670129	3788.2308111693856	-0.44999999999999996
139767.80294909072	1200	4.1662641812291294	0.0	690253	4045.505007601485	1.2
139770.8144293355	1200	5.1547839364488635	0.0	598727	3011.480244780266	1.2
139773.79604858527	1200	6.173164686691169	0.0	487812	2981.6192497576944	1.2
139777.77784868993	1200	6.191364582025537	0.0	575591	3981.8001046656323	1.2
139782.56390737894	1200	5.405305893035106	0.0	605884	4786.058688990432	1.2
139788.62576418303	1200	4.0	0.6565509110797629	587506	6061.856804114868	-1.6231689176429807
139792.69350716524	750	4.0	0.06774298221411845	345516	4067.7429822141185	0.008705176479290644
139797.55199113095	750	4.0	0.8584839656977047	384505	4858.483965697705	-2.94148105250013
139799.32137481164	300	6.230616319305195	0.0	145210	1769.3836806948045	-0.15000000000000002
139802.85172857388	750	6.700262557077578	0.0	438281	3530.3537622276176	0.3
139805.69026149393	750	7.861729637040753	0.0	398987	2838.532920036825	0.75
139813.56088214865	1200	4.0	0.00889101767642569	638661	7870.620654717179	0.7117686239913696
139816.4140078135	750	5.1468743351615585	0.0	331053	2853.1256648384415	0.3
139820.35266506314	1200	5.208217085491145	0.0	550906	3938.657249670413	0.75
139822.89459809326	750	6.666284055373419	0.0	450283	2541.9330301177274	0.75
139825.33584432595	750	8.225037822694036	0.0	398865	2441.2462326793834	0.75
139828.31595159968	750	9.24493054896332	0.0	350812	2980.1072737307168	0.75
139834.98375733933	750	6.577124809328428	0.0	382355	6667.805739634891	0.75
139839.80112248997	750	5.75975965868807	0.0	411561	4817.365150640358	0.75
139844.6026805725	750	4.958201576150199	0.0	318564	4801.55808253787	0.75
139845.8239350666	300	7.73694708206237	0.0	153295	1221.2544940878292	-0.15000000000000002
139849.17768863792	750	8.383193510774237	0.0	437162	3353.753571288132	0.3
139851.5741960932	750	9.986686055493822	0.0	374758	2396.507455280416	0.75
139854.06683085434	750	11.494051294369305	0.0	362795	2492.634761124517	0.75
139860.99763634085	1200	8.563245807831136	0.0	607410	6930.805486538168	0.75
139865.13454768015	1200	8.426334468559524	0.0	594078	4136.911339271612	1.2
139870.02886399705	1200	7.53201815164984	0.0	624282	4894.316316909683	1.2
139876.40760756427	1200	5.153274584408405	0.0	687371	6378.743567241436	1.2
139879.64963734348	1200	5.911244805206518	0.0	526950	3242.0297792018864	1.2
139883.45557239576	1200	6.105309752896192	0.0	587876	3805.935052310327	1.2
139886.81359756298	1200	6.74728458567027	0.0	617242	3358.0251672259215	1.2
139889.65332298118	1200	7.907559167487208	0.0	581493	2839.7254181830613	1.2
139893.35226475602	1200	8.208617392636258	0.0	639204	3698.941774850951	1.2
139896.8804793261	1200	8.680402822565313	0.0	586839	3528.2145700709452	1.2
139900.63942217483	1200	8.92145997381719	0.0	601738	3758.9428487481246	1.2
139904.00686060937	1200	9.554021539284314	0.0	616206	3367.4384345328763	1.2
139909.2129550569	1850	8.347927091752746	0.0	968026	5206.094447531567	1.2000000000000002
139913.42326084923	1850	8.137621299414882	0.0	874175	4210.305792337865	1.85
139916.99467937174	1850	8.5662027769134	0.0	897976	3571.418522501481	1.85
139921.0575901542	1850	8.503291994458673	0.0	905935	4062.910782454728	1.85
139925.33117925806	1850	8.22970289058884	0.0	1076599	4273.589103869833	1.85
139928.19057118744	1850	9.370310961235566	0.0	758197	2859.3919293532754	1.85
139932.0845267386	1850	9.47635541007549	0.0	972798	3893.955551160076	1.85
139935.79858742462	1850	9.762294724031056	0.0	975811	3714.0606860444327	1.85
139938.77228305963	1850	10.788599089025713	0.0	873429	2973.695635005344	1.85
139944.12643007608	2850	9.434452072574667	0.0	1497683	5354.1470164510465	1.85
139950.6565700149	2850	6.904312133774233	0.0	1358081	6530.139938800434	2.85
139959.17823704443	2850	4.0	1.617354895769011	1587293	8521.667029543243	-4.104626051806747
139965.01742052424	1850	4.0	1.8391834798302342	1026056	5839.183479830234	-7.0584889632700065
139968.9311260943	1850	4.0862944299263075	0.0	943942	3913.705570073693	1.85
139970.88834459786	1200	6.129075926381609	0.0	487812	1957.2185035446985	0.5499999999999999
139977.12406675972	1850	4.0	0.10664623547516748	938587	6235.722161856776	0.7414211874567799
139980.72051170928	1200	4.403555050441879	0.0	605884	3596.4449495581207	0.5499999999999999
139983.39925954535	1200	5.7248072143455175	0.0	587506	2678.7478360963614	1.2
139986.21091438044	1200	6.913152379279266	0.0	566904	2811.6548350662515	1.2
139989.3759125623	1200	7.748154197399707	0.0	641452	3164.998181879559	1.2
139992.24641292446	1200	8.877653835250443	0.0	599477	2870.5003621492633	1.2
139995.8008013857	1200	9.323265374005423	0.0	634861	3554.388461245021	1.2
139999.1058726715	1200	10.01819408821508	0.0	630203	3305.071285790342	1.2
140006.22334602996	2850	6.900720729718351	0.0	1483527	7117.47335849673	1.2000000000000002
140010.19725944116	2850	6.926807318511376	0.0	1231456	3973.9134112069755	2.85
140014.41479531585	2850	6.709271443806352	0.0	1364537	4217.535874705023	2.85
140015.98622382234	750	9.137842937325997	0.0	450283	1571.4285064803555	0.75
140018.36009229257	1200	10.763974467102113	0.0	611087	2373.8684702238843	0.75
140022.20451984534	2850	10.919546914347444	0.0	1300868	3844.4275527546693	1.2000000000000002
140028.89691597407	2850	8.227150785602017	0.0	1520281	6692.396128745426	2.85
140034.43641712394	2850	6.687649635748457	0.0	1472558	5539.501149853561	2.85
140038.52430251453	2850	6.599764245178612	0.0	1224260	4087.885390569844	2.85
140044.8321824708	1850	4.291884288916761	0.0	905515	6307.8799562618515	0.8500000000000001
140050.8783015178	1850	4.0	1.7542347580858795	1060487	6046.11904700264	-5.693209459769282
140053.49955664985	1200	5.378744867961371	0.0	584846	2621.2551320386283	0.5499999999999999
140055.93680652612	1200	6.941494991694474	0.0	560821	2437.249876266899	1.2
140061.81574304725	1850	5.062558470574324	0.0	939819	5878.936521120149	1.2000000000000002
140065.89823523743	1200	4.980066280379255	0.0	594078	4082.4921901950697	0.5499999999999999
140072.56680268963	1200	4.0	1.6885011718565228	624282	6668.567452235778	-6.060555038983048
140078.64470948034	1200	4.0	2.077906790698901	687371	6077.906790698901	-7.734999200005274
140081.14809147327	750	5.496618007054372	0.0	337059	2503.381992945628	0.3
140084.90105408663	750	5.7436553937167805	0.0	366214	3752.9626133375923	0.75
140092.49726235383	750	4.0	1.8525528735043053	360831	7596.208267221085	-7.215977356068512
140094.71363019472	300	5.783632159115247	0.0	150616	2216.3678408847527	-0.15000000000000002
140097.43681814586	300	7.0604442080006935	0.0	165384	2723.1879511145535	0.3
140099.24525883695	300	9.252003516889246	0.0	140881	1808.4406911114463	0.3
140100.84271509995	300	11.654547253895078	0.0	157671	1597.4562629941672	0.3
140102.93615465428	300	13.561107699590055	0.0	157812	2093.4395543050223	0.3
140108.67728610194	750	11.819976251927962	0.0	401853	5741.131447662095	0.3
140112.53687545075	750	11.960386903102073	0.0	343800	3859.589348825887	0.75
140118.86627997374	750	9.630982380110497	0.0	359903	6329.404522991575	0.75
140122.4645221391	750	10.03274021473944	0.0	379700	3598.2421653710576	0.75
140126.71441977334	750	9.782842580512213	0.0	425781	4249.897634227226	0.75
140129.1036746653	750	11.39358768854828	0.0	277716	2389.254891963934	0.75
140132.5892893848	750	11.907972969041266	0.0	400396	3485.614719507014	0.75
140135.6863370794	750	12.810925274485658	0.0	400508	3097.0476945556074	0.75
140139.75765801745	1200	12.739604336405968	0.0	570392	4071.320938079691	0.75
140155.64924606477	1200	4.0	3.151983710918128	620283	15891.588047324096	-12.35352995694795
140156.90456227242	300	6.744683792359973	0.0	143881	1255.3162076400265	-0.6000000000000001
140163.37959062713	750	4.269655437662462	0.0	412837	6475.0283546975115	0.3
140165.2520668676	300	6.397179197197838	0.0	179328	1872.476240464623	-0.15000000000000002
140166.5026443739	300	9.146601690884841	0.0	159914	1250.577506312997	0.3
140167.61589527194	300	12.033350792862741	0.0	131610	1113.2508980221005	0.3
140170.0007278306	750	13.648518234186282	0.0	361565	2384.832558676458	0.3
140173.98904292478	1200	13.660203140027223	0.0	605884	3988.3150941590593	0.75
140178.94147566252	1200	12.707770402265142	0.0	587506	4952.43273776208	1.2
140184.31498569832	1200	11.334260366468582	0.0	566904	5373.510035796558	1.2
140189.50665776353	1200	10.142588301234081	0.0	641452	5191.672065234501	1.2
140195.32221005743	1200	8.327036007331314	0.0	599477	5815.552293902768	1.2
140198.98822590927	1200	8.661020155497685	0.0	634861	3666.0158518336293	1.2
140204.74034951132	1200	6.908896553433334	0.0	630203	5752.123602064351	1.2
140209.2641725987	1200	6.385073466060352	0.0	638661	4523.823087372982	1.2
140213.29449257668	1200	6.354753488064455	0.0	538612	4030.319977995897	1.2
140222.99204395732	1850	4.0	3.342797892559688	846370	9697.551380624143	-13.17403093800666
140229.42966463586	750	4.0	2.437620678541867	450283	6437.620678541867	-9.731768917730028
140233.42523984011	750	4.004424795739717	0.0	398865	3995.5752042602826	0.75
140235.9296955659	750	5.499969069992168	0.0	350812	2504.45572574755	0.75
140238.48678941972	750	6.942875216148723	0.0	382355	2557.0938538434443	0.75
140240.82173417078	750	8.607930465103877	0.0	411561	2334.944751044846	0.75
140243.00162106517	750	10.428043570696264	0.0	318564	2179.886894407613	0.75
140245.2110519374	750	12.218612698459287	0.0	352642	2209.4308722369765	0.75
140251.2664684129	1200	10.163196222949884	0.0	709534	6055.4164755094025	0.75
140259.95194399465	1200	5.477720641228983	0.0	584846	8685.4755817209	1.2
140266.92577349872	1200	4.0	1.4961088628393964	560821	6973.82950406838	-5.233268110209404
140269.82409690964	750	5.1016765890835	0.0	353220	2898.3234109165005	0.3
140272.51668486165	750	6.409088637059434	0.0	405134	2692.5879520240655	0.75
140275.52560126525	750	7.400172233460042	0.0	386351	3008.9164035993927	0.75
140277.92980555468	750	8.995967944026061	0.0	434409	2404.2042894339806	0.75
140280.67455805666	1200	10.25121544204806	0.0	526950	2744.7525019780005	0.75
140284.97144789266	1200	9.95432560602744	0.0	587876	4296.889836020619	1.2
140292.2471116718	1200	6.678661826898912	0.0	617242	7275.6637791285275	1.2
140301.12101615255	1200	4.0	2.1952426538462357	581493	8873.904480745148	-8.239543411538815
140306.77488975733	750	4.0	1.6538736047687743	405596	5653.873604768774	-6.8116565005057295
140309.26426305214	300	5.510626705208255	0.0	140881	2489.3732947917456	-0.15000000000000002
140312.37004623824	300	6.404843519101669	0.0	157671	3105.7831861065865	0.3
140314.77262636903	300	8.002263388313871	0.0	157812	2402.580130787797	0.3
140317.11226985228	300	9.66261990505184	0.0	163927	2339.64348326203	0.3
140318.49795200437	300	12.276937752964406	0.0	137654	1385.6821520874348	0.3
140322.09413911926	300	12.680750638055207	0.0	146754	3596.187114909201	0.3
140324.56825980038	300	14.206629956944269	0.0	153938	2474.1206811109373	0.3
140329.76756060257	750	13.007329154757244	0.0	425781	5199.3008021870255	0.3
140332.82523039717	750	13.949659360178746	0.0	277716	3057.669794578498	0.75
140336.61186167345	750	14.163028083895325	0.0	400396	3786.631276283421	0.75
140342.69320372175	750	12.081686035585458	0.0	400508	6081.342048309869	0.75
140348.12231290835	750	10.652576848989389	0.0	358218	5429.109186596068	0.75
140351.56120927026	750	11.213680487079394	0.0	400322	3438.8963619099964	0.75
140355.28391898784	750	11.490970769505617	0.0	369834	3722.7097175737763	0.75
140358.72194215408	750	12.052947603260666	0.0	412837	3438.0231662449505	0.75
140361.68755096768	750	13.087338789682587	0.0	401088	2965.6088135780797	0.75
140365.99932236227	1200	12.775567395085982	0.0	598727	4311.771394596604	0.75
140371.031421195	1200	11.7434685623492	0.0	487812	5032.098832736781	1.2
140377.34995955345	1200	9.424930203913235	0.0	575591	6318.538358435966	1.2
140382.73446197785	1200	8.040427779537122	0.0	605884	5384.502424376112	1.2
140386.5818432126	1200	8.193046544765938	0.0	587506	3847.3812347711855	1.2
140389.87808410727	1200	8.896805650084568	0.0	566904	3296.240894681368	1.2
140395.1752819207	1200	7.599607836651721	0.0	641452	5297.197813432847	1.2
140404.01641104417	1200	4.0	1.2415212868269483	599477	8841.12912347867	-4.138541533355877
140413.49166586093	750	4.0	5.475254816749032	438281	9475.254816749031	-23.243595712020834
140417.3373801117	300	4.154285749195377	0.0	167025	3845.7142508046236	-0.15000000000000002
140419.98715446936	300	5.50451139153397	0.0	160064	2649.774357661406	0.3
140426.3100527623	750	4.0	0.8183869014092124	331053	6322.898292943182	-3.2190636760596134
140429.52722578513	300	4.782826977165199	0.0	118421	3217.1730228348015	-0.15000000000000002
140434.94877267303	750	4.0	0.6387199107502174	450283	5421.546887915416	-1.9964956162259346
140436.32782047853	300	6.620952194523045	0.0	155580	1379.0478054769555	-0.15000000000000002
140437.57155425695	300	9.377218416094275	0.0	139857	1243.7337784287708	0.3
140439.33817791412	300	11.610594758914505	0.0	155432	1766.6236571797685	0.3
140443.07945594334	750	11.869316729685226	0.0	411561	3741.27802922928	0.3
140453.63247594392	750	5.31629672909455	0.0	318564	10553.020000590675	0.75
140455.8060834678	300	7.142689205248477	0.0	153295	2173.607523846074	-0.15000000000000002
140459.67720818895	300	7.271564484081735	0.0	173849	3871.124721166741	0.3
140461.80630051714	300	9.142472155901784	0.0	150710	2129.092328179952	0.3
140464.13834653172	300	10.810426141314858	0.0	139105	2332.0460145869256	0.3
140465.83913793755	300	13.109634735483368	0.0	141840	1700.7914058314884	0.3
140467.84040465727	300	15.108368015748926	0.0	156148	2001.2667197344417	0.3
140471.57881986478	750	15.36995280825857	0.0	386351	3738.415207490357	0.3
140475.0290069369	750	15.919765736121832	0.0	434409	3450.1870721367395	0.75
140477.7668709396	750	17.181901733418876	0.0	337059	2737.864002702955	0.75
140480.7899826285	1200	18.158790044509736	0.0	587876	3023.1116889091395	0.75
140483.8767738571	1200	19.071998815914196	0.0	617242	3086.791228595545	1.2
140488.5257421164	1850	18.42303055660361	0.0	885714	4648.9682593105845	1.2000000000000002
140493.31938469753	1850	17.62938797550517	0.0	987708	4793.64258109844	1.85
140498.25313514308	1850	16.695637529958802	0.0	923755	4933.750445546366	1.85
140503.0686805965	1850	15.880092076521507	0.0	891604	4815.545453437297	1.85
140510.14980892785	1850	12.798963745173834	0.0	955231	7081.1283313476715	1.85
140522.42287094487	1850	4.525901728136567	0.0	968026	12273.062017037268	1.85
140527.18579796582	1200	4.0	0.23702529281960869	536667	4762.9270209561755	-0.46920875912431736
140530.75412359438	750	4.4316743714540685	0.0	359903	3568.325628545931	0.3
140534.54744492215	750	4.638353043686842	0.0	379700	3793.321327767227	0.75
140538.41778291267	750	4.768015053178137	0.0	425781	3870.3379905087063	0.75
140540.46588082417	750	6.719917141684643	0.0	277716	2048.0979114934935	0.75
140543.31992867813	750	7.865869287724579	0.0	400396	2854.047853960064	0.75
140547.11106938915	750	8.074728576699114	0.0	400508	3791.140711025466	0.75
140551.7712161304	750	7.414581835446632	0.0	358218	4660.146741252482	0.75
140556.61006393726	750	6.57573402861035	0.0	400322	4838.847806836282	0.75
140566.4122537485	750	4.0	3.226455782663668	369834	9802.189811274018	-13.123759865453772
140567.9957982807	300	6.41645546782342	0.0	163444	1583.5445321765803	-0.15000000000000002
140569.40916637258	300	9.003087375912676	0.0	179328	1413.3680919107449	0.3
140572.2509135845	750	10.161340164023237	0.0	365161	2841.747211889438	0.3
140574.47141539407	750	11.940838354442448	0.0	321064	2220.501809580788	0.75
140576.92778568476	750	13.48446806373712	0.0	361565	2456.3702907053284	0.75
140580.27441510584	1200	14.137838642645683	0.0	605884	3346.629421091436	0.75
140583.23382592908	1200	15.178427819407643	0.0	587506	2959.4108232380404	1.2
140587.1619184331	1850	15.250335315372158	0.0	858450	3928.0925040354846	1.2000000000000002
140591.7778097921	1850	14.63444395637125	0.0	1025005	4615.891359000909	1.85
140601.48291676995	1850	8.929336978530351	0.0	886255	9705.106977840898	1.85
140610.22409232732	1850	4.188161421157103	0.0	973972	8741.175557373248	1.85
140620.97453671577	1200	4.0	6.562282967281455	630203	10750.444388438558	-27.667816759310252
140627.97174993105	750	4.0	2.9972132152707416	393804	6997.213215270742	-12.588016825664187
140634.52589981188	750	4.0	2.554149880849296	331053	6554.149880849296	-10.232844487651972
140641.1061328518	750	4.0	2.5802330399109525	314107	6580.233039910952	-10.345002071617095
140644.29755583845	750	4.8085770133798835	0.0	450283	3191.422986620117	0.75
140645.26075171045	300	7.845381141382126	0.0	155580	963.1958719977579	-0.15000000000000002
140645.95185863646	300	11.154274215360882	0.0	139857	691.1069260212445	0.3
140647.48207612743	750	13.624056724404069	0.0	382355	1530.2174909568137	0.3
140648.73399853744	750	16.37213431438006	0.0	411561	1251.922410024009	0.75
140650.26145567498	1200	18.84467717685331	0.0	520315	1527.4571375267478	0.75
140652.54387538906	1850	20.562257462768205	0.0	905515	2282.4197140851074	1.2000000000000002
140656.99985434205	2850	20.106278509797733	0.0	1638769	4455.978952970471	1.85
140663.53669424754	4300	17.569438604288784	0.0	2055469	6536.8399055089485	2.8499999999999996
140668.44743868653	4300	16.658694165323148	0.0	2169201	4910.744438965636	4.3
140673.73153164648	4300	15.374601205338498	0.0	2173522	5284.0929599846495	4.3
140680.01110990279	4300	13.095022949017231	0.0	2102452	6279.578256321268	4.3
140704.9737386724	4300	4.0	11.867605820559904	2209463	24962.628769577135	-46.730705028407584
140714.78655196851	1850	4.0	5.8128132961342125	1036454	9812.813296134213	-25.59509717337711
140718.75452982096	1200	4.0320221475531355	0.0	526950	3967.9778524468643	0.5499999999999999
140721.7696469334	750	5.016905035121008	0.0	366214	3015.117112432127	0.3
140725.81856941886	750	4.967982549637372	0.0	360831	4048.922485483636	0.75
140728.96027677532	750	5.8262751931483745	0.0	372963	3141.707356488998	0.75
140733.1833265348	750	5.603225433668468	0.0	405596	4223.049759479906	0.75
140735.42471061452	750	7.361841353957347	0.0	350713	2241.384079711121	0.75
140738.2571027639	750	8.529449204600503	0.0	386472	2832.3921493568437	0.75
140741.69058174602	750	9.095970222486688	0.0	399894	3433.478982113814	0.75
140751.66690621985	1200	4.0	0.8803542513291668	656471	9976.324473815856	-3.0355232807154175
140756.69933188555	750	4.0	1.032425665717449	343800	5032.425665717449	-4.139430362585031
140759.45133450135	750	5.24799738419894	0.0	359903	2752.0026158010596	0.75
140761.91891566743	750	6.780416218148537	0.0	379700	2467.581166050403	0.75
140765.1588587564	750	7.5404731291731695	0.0	425781	3239.9430889753676	0.75
140766.95277751138	750	9.746554374165171	0.0	277716	1793.9187550079994	0.75
140769.92314402942	750	10.77618785611636	0.0	400396	2970.3665180488115	0.75
140779.1998348793	750	5.49949700625856	0.0	400508	9276.6908498578	0.75
140784.17062797	750	4.52870391559155	0.0	358218	4970.79309066701	0.75
140787.38680493753	750	5.312526948017055	0.0	400322	3216.1769675744945	0.75
140789.32395612207	750	7.375375763490836	0.0	369834	1937.1511845262196	0.75
140791.21165295562	750	9.487678929954555	0.0	412837	1887.6968335362822	0.75
140792.88499687825	750	11.814335007337359	0.0	401088	1673.3439226171959	0.75
140795.59097067046	1200	13.108361215104585	0.0	598727	2705.973792232772	0.75
140797.41721513512	1200	15.282116750427042	0.0	487812	1826.244464677543	1.2
140802.14065234148	2850	14.558679544071445	0.0	1499009	4723.437206355597	1.2000000000000002
140806.56291260623	2850	14.136419279312616	0.0	1427478	4422.26026475883	2.85
140811.53137251906	2850	13.167959366462442	0.0	1402287	4968.459912850172	2.85
140816.30886616677	2850	12.39046571876906	0.0	1339500	4777.4936476933835	2.85
140824.8178918016	2850	7.881440083943678	0.0	1527299	8509.02563482538	2.85
140832.36014773272	2850	4.339184152841122	0.0	1343002	7542.255931102556	2.85
140844.8851553252	1850	4.0	8.185823439649019	973972	12525.007592490141	-34.349040790490776
140849.78404965057	1200	4.0	0.8988943253796461	630203	4898.894325379646	-3.3152455991324783

