17374.20624872426	750	4.0	15.797987384245365	450283	15797.987384245365	-67.18134575225507
17377.96786729826	300	4.238381426000782	0.0	155580	3761.6185739992175	-0.15000000000000002
17379.49768318524	300	6.708565539023683	0.0	139857	1529.8158869770998	0.3
17381.480445198868	300	8.725803525393273	0.0	155432	1982.762013630411	0.3
17383.407818864005	300	10.798429860255215	0.0	163442	1927.3736651380568	0.3
17387.28980304781	300	10.916445676451254	0.0	126289	3881.984183803962	0.3
17389.475944121827	300	12.730304602435531	0.0	153295	2186.141074015722	0.3
17391.295339645883	300	14.910909078376621	0.0	173849	1819.3955240589114	0.3
17393.428517498756	300	16.777731225503825	0.0	150710	2133.177852872798	0.3
17395.024190867454	300	19.18205785680817	0.0	139105	1595.6733686956513	0.3
17396.555217790254	300	21.651030934008276	0.0	141840	1531.026922799897	0.3
17398.29735536692	300	23.908893357337508	0.0	156148	1742.1375766707692	0.3
17399.83979126465	300	26.366457459612533	0.0	160746	1542.4358977249706	0.3
17403.62290854107	750	26.583340183191172	0.0	434409	3783.117276421361	0.3
17405.912686198342	750	28.293562525919487	0.0	337059	2289.7776572716866	0.75
17409.235605502727	750	28.970643221534957	0.0	366214	3322.91930438453	0.75
17413.550729241855	750	28.65551948240873	0.0	360831	4315.123739126226	0.75
17418.47948458623	750	27.726764138032543	0.0	372963	4928.755344376184	0.75
17421.647380213784	750	28.55886851047812	0.0	405596	3167.8956275544215	0.75
17424.498874139706	750	29.70737458455524	0.0	350713	2851.4939259228804	0.75
17427.226683496676	750	30.97956522758785	0.0	386472	2727.809356967387	0.75
17429.48630593299	750	32.719942791272565	0.0	399894	2259.622436315289	0.75
17433.394857623618	1200	32.81139110064625	0.0	656471	3908.5516906263183	0.75
17436.4493759778	1200	33.75687274646207	0.0	536667	3054.518354184174	1.2
17439.966613926437	1200	34.2396347978277	0.0	587236	3517.2379486343766	1.2
17443.3333870757	1200	34.87286164856495	0.0	590335	3366.773149262751	1.2
17447.42882758404	1200	34.77742114022363	0.0	696376	4095.440508341313	1.2
17449.7481302211	1200	36.45811850316075	0.0	487160	2319.3026370628836	1.2
17452.523149152777	1200	37.68309957148641	0.0	622896	2775.0189316743317	1.2
17456.760139044516	1850	37.446109679747785	0.0	975811	4236.989891738623	1.2000000000000002
17460.265720153344	1850	37.94052857091907	0.0	873429	3505.5811088287132	1.85
17464.849487514104	1850	37.35676121015874	0.0	954453	4583.767360760333	1.85
17470.49624160049	1850	35.71000712377742	0.0	885062	5646.754086381312	1.85
17477.92651843134	1850	32.2797302929267	0.0	1035329	7430.276830850727	1.85
17486.772315865837	1850	27.433932858427596	0.0	1026056	8845.797434499102	1.85
17491.551382260262	1850	26.654866464002836	0.0	943942	4779.066394424763	1.85
17494.335999442865	1200	27.87024928140228	0.0	487812	2784.6171826005566	0.5499999999999999
17497.034681622314	1200	29.171567101952224	0.0	575591	2698.6821794500584	1.2
17499.836703898058	1200	30.369544826208717	0.0	605884	2802.022275743506	1.2
17503.358236385284	1200	30.848012338982777	0.0	587506	3521.5324872259393	1.2
17506.792100637293	1200	31.41414808697099	0.0	566904	3433.864252011785	1.2
17511.55177670447	1200	30.654472019798476	0.0	641452	4759.676067172512	1.2
17516.537087418306	1200	29.669161305958287	0.0	599477	4985.310713840187	1.2
17520.70372091638	1200	29.502527807887283	0.0	634861	4166.633498071005	1.2
17524.761178174333	1200	29.445070549935593	0.0	630203	4057.4572579516907	1.2
17530.913569197994	1850	27.292679526274693	0.0	982064	6152.3910236609	1.2000000000000002
17537.193932300474	1850	25.01231642379443	0.0	830730	6280.3631024802635	1.85
17550.625945867974	2850	15.580302856295743	0.0	1364537	13432.013567498687	1.85
17553.017421837052	750	17.18882688721943	0.0	450283	2391.4759690763094	0.75
17555.349369066505	750	18.85687965776463	0.0	398865	2331.947229454801	0.75
17562.1138923659	750	16.092356358373888	0.0	350812	6764.523299390741	0.75
17566.996270006428	750	15.209978717843704	0.0	382355	4882.377640530184	0.75
17570.098206382467	750	16.108042341806318	0.0	411561	3101.936376037387	0.75
17571.880067757742	750	18.326180966532846	0.0	318564	1781.8613752734682	0.75
17573.733644529657	750	20.47260419461953	0.0	352642	1853.576771913313	0.75
17576.237227605172	750	21.969021119101924	0.0	437162	2503.5830755176053	0.75
17579.700020197524	750	22.506228526749197	0.0	374758	3462.7925923527287	0.75
17581.677886857386	750	24.528361866886435	0.0	362795	1977.8666598627603	0.75
17585.064858940827	1200	25.14138978344958	0.0	607410	3386.9720834368563	0.75
17587.941302714986	1200	26.264946009288277	0.0	594078	2876.443774161304	1.2
17590.725170331832	1200	27.48107839243952	0.0	624282	2783.8676168487536	1.2
17593.426679988122	1200	28.779568736149844	0.0	687371	2701.509656289677	1.2
17595.745375659568	1200	30.460873064705474	0.0	526950	2318.6956714443722	1.2
17600.080055992403	1850	30.126192731871175	0.0	923170	4334.6803328342985	1.2000000000000002
17603.93919911293	1850	30.267049611345264	0.0	966699	3859.143120525911	1.85
17607.644636043224	1850	30.561612681049606	0.0	885714	3705.4369302956566	1.85
17611.73944854979	1850	30.466800174485602	0.0	987708	4094.812506564006	1.85
17616.307514563247	1850	29.89873416102756	0.0	923755	4568.066013458043	1.85
17620.619212699858	1850	29.58703602441888	0.0	891604	4311.698136608681	1.85
17625.004408992812	1850	29.20183973146314	0.0	955231	4385.196292955737	1.85
17629.15306985189	1850	29.053178872384276	0.0	968026	4148.660859078865	1.85
17634.507314045095	1850	27.69893467918042	0.0	874175	5354.244193203858	1.85
17646.77254166532	1850	19.433707058956127	0.0	897976	12265.227620224294	1.85
17653.30955017913	1200	16.896698545147256	0.0	590335	6537.008513808869	0.5499999999999999
17661.3366702992	1200	12.86957842507495	0.0	696376	8027.120120072308	1.2
17666.5108163122	1200	11.695432412075316	0.0	487160	5174.146012999632	1.2
17669.953295831092	750	12.252952893181988	0.0	400396	3442.4795188933304	0.3
17674.55354183637	750	11.652706887904703	0.0	400508	4600.246005277284	0.75
17679.198257245702	750	11.007991478575052	0.0	358218	4644.715409329651	0.75
17684.978072277267	750	9.228176447009362	0.0	400322	5779.815031565689	0.75
17686.927670801935	300	11.278577922342803	0.0	143881	1949.598524666558	-0.15000000000000002
17689.8476612589	300	12.358587465377502	0.0	163444	2919.9904569653013	0.3
17692.97960514818	300	13.226643576099494	0.0	179328	3131.943889278008	0.3
17694.87577875123	300	15.330469973050237	0.0	159914	1896.1736030492573	0.3
17696.22714086191	300	17.97910786236984	0.0	131610	1351.3621106803937	0.3
17697.638278668113	300	20.56797005616618	0.0	124011	1411.1378062036629	0.3
17698.97625819574	300	23.229990528539908	0.0	144254	1337.9795276262687	0.3
17700.437591339774	300	25.768657384506575	0.0	149991	1461.3331440333313	0.3
17703.374723938716	750	26.831524785565275	0.0	345516	2937.1325989413003	0.3
17706.79223453638	750	27.41401418790056	0.0	384505	3417.5105976647133	0.75
17710.221306234707	750	27.98494248957328	0.0	372093	3429.071698327279	0.75
17714.400279348894	750	27.8059693753858	0.0	438281	4178.973114187478	0.75
17718.2912589214	1200	27.914989802880708	0.0	630203	3890.9795725050953	0.75
17721.746493458722	1200	28.459755265559384	0.0	638661	3455.2345373213234	1.2
17726.28364785808	1850	27.92260086620072	0.0	830730	4537.154399358661	1.2000000000000002
17736.903927831736	2850	21.302320892545126	0.0	1364537	10620.279973655597	1.85
17739.638037425826	750	22.568211298453825	0.0	450283	2734.1095940913006	0.75
17743.930055045763	1200	22.276193678519967	0.0	611087	4292.017619933858	0.75
17747.66077093005	1200	22.545477794229658	0.0	571051	3730.715884290307	1.2
17752.342579446606	1200	21.86366927767645	0.0	617681	4681.808516553207	1.2
17756.40694256153	1200	21.799306162753485	0.0	652874	4064.3631149229655	1.2
17759.899095892466	1200	22.30715283181573	0.0	520315	3492.1533309377533	1.2
17763.94412259439	1200	22.26212612989284	0.0	561791	4045.026701922892	1.2
17768.773107310455	1200	21.433141413828114	0.0	709534	4828.984716064727	1.2
17772.548242790264	1200	21.65800593401989	0.0	584846	3775.135479808226	1.2
17775.86717998136	1200	22.33906874292415	0.0	560821	3318.937191095736	1.2
17778.910567225754	1200	23.29568149852715	0.0	607410	3043.387244397005	1.2
17781.761350519893	1200	24.444898204389585	0.0	594078	2850.783294137565	1.2
17784.56905676237	1200	25.637191961909927	0.0	624282	2807.7062424796554	1.2
17787.62549277	1200	26.580755954284328	0.0	687371	3056.436007625603	1.2
17789.892033242755	1200	28.314215481526784	0.0	526950	2266.540472757544	1.2
17793.588977292686	1850	28.61727143159503	0.0	923170	3696.9440499317525	1.2000000000000002
17798.1735031502	1850	28.03274557408483	0.0	966699	4584.5258575102	1.85
17802.95602828276	1850	27.250220441525563	0.0	885714	4782.52513255927	1.85
17806.903241808406	1850	27.303006915876914	0.0	987708	3947.213525648648	1.85
17811.772068931845	1850	26.434179792440037	0.0	923755	4868.827123436875	1.85
17818.51252285243	1850	23.693725871852156	0.0	891604	6740.453920587884	1.85
17832.871076262723	1850	13.335172461558946	0.0	955231	14358.553410293209	1.85
17838.218249145517	750	11.987999578765583	0.0	401853	5347.172882793363	-0.3500000000000001
17841.131765566995	750	13.074483157282037	0.0	343800	2913.5164214835468	0.75
17842.38123466109	300	15.8250140631895	0.0	146754	1249.4690940925375	-0.15000000000000002
17843.806570468285	300	18.39967825599714	0.0	153938	1425.3358071923583	0.3
17845.45180110032	300	20.754447623958928	0.0	181901	1645.2306320382108	0.3
17846.801483422918	300	23.404765301363476	0.0	111155	1349.682322595451	0.3
17852.49245220473	750	21.71379651955016	0.0	400396	5690.968781813315	0.3
17856.492383392335	750	21.713865331945595	0.0	400508	3999.9311876045663	0.75
17860.881764956084	750	21.32448376819778	0.0	358218	4389.381563747814	0.75
17866.516286419494	750	19.6899623047898	0.0	400322	5634.52146340798	0.75
17868.733643535707	300	21.47260518857664	0.0	143881	2217.35711621316	-0.15000000000000002
17871.182694158775	300	23.023554565510405	0.0	163444	2449.0506230662304	0.3
17873.66446318199	300	24.54178554229169	0.0	179328	2481.7690232187165	0.3
17876.170904697443	300	26.035344026839514	0.0	159914	2506.4415154521757	0.3
17878.27986983912	300	27.926378885161466	0.0	131610	2108.9651416780457	0.3
17880.21424513522	300	29.99200358906481	0.0	124011	1934.375296096656	0.3
17882.188690806157	300	32.01755791812402	0.0	144254	1974.4456709407884	0.3
17884.498712298573	300	33.707536425709506	0.0	149991	2310.021492414514	0.3
17886.94112019552	300	35.26512852876181	0.0	147968	2442.4078969476986	0.3
17889.321214699947	300	36.88503402433406	0.0	161857	2380.0945044277432	0.3
17891.50294150297	300	38.70330722130946	0.0	145210	2181.726803024604	0.3
17893.882576467186	300	40.32367225709395	0.0	172312	2379.6349642155014	0.3
17898.337832194524	750	39.868416529759884	0.0	398987	4455.255727334069	0.3
17905.838413279518	1200	36.36783544476483	0.0	638661	7500.581084995048	0.75
17928.530339263012	1850	17.675909461272546	0.0	830730	22691.925983492285	1.2000000000000002

