137385.40767041882	750	4.0	3.4980688891167078	450283	3498.068889116708	-14.291696223201843
137386.35429711908	300	7.053373299748757	0.0	155580	946.6267002512437	-0.15000000000000002
137387.29049893122	300	10.117171487594938	0.0	139857	936.2018121538183	0.3
137388.36404144787	300	13.043628970939066	0.0	155432	1073.542516655872	0.3
137389.1981005759	300	16.209569842912902	0.0	163442	834.0591280261629	0.3
137389.7966941335	300	19.610976285326778	0.0	126289	598.5935575861239	0.3
137391.25722968474	750	22.15044073407747	0.0	352642	1460.535551249306	0.3
137392.86579508378	750	24.541875335028386	0.0	437162	1608.565399049081	0.75
137394.27973911355	750	27.12793130528312	0.0	374758	1413.9440297452682	0.75
137396.43695542912	1200	28.970714989716104	0.0	560821	2157.2163155670155	0.75
137398.90722315977	1200	30.50044725906	0.0	607410	2470.2677306561072	1.2
137401.29525916782	1200	32.11241125099953	0.0	594078	2388.0360080604682	1.2
137403.44213004812	1200	33.965540370706194	0.0	624282	2146.870880293341	1.2
137405.7114434767	1200	35.696226942129215	0.0	687371	2269.313428576974	1.2
137407.74636370843	1200	37.66130671041021	0.0	526950	2034.920231719005	1.2
137411.39813626755	1850	38.00953415129655	0.0	923170	3651.772559113659	1.2000000000000002
137414.16149215453	1850	39.24617826429922	0.0	966699	2763.355886997328	1.85
137416.46489718472	1850	40.94277323409608	0.0	885714	2303.405030203137	1.85
137418.87883503016	1850	42.52883538865113	0.0	987708	2413.9378454449466	1.85
137421.32359729958	1850	44.08407311923248	0.0	923755	2444.76226941866	1.85
137424.26898192457	1850	45.138688494236895	0.0	891604	2945.384624995583	1.85
137428.51444129235	2850	44.8932291264598	0.0	1468126	4245.459367777093	1.85
137432.9918941836	2850	44.415776235208895	0.0	1505760	4477.452891250908	2.85
137436.19515909994	2850	45.212511318885824	0.0	1323990	3203.2649163230767	2.85
137440.0433303697	2850	45.3643400491446	0.0	1383735	3848.1712697412195	2.85
137444.43417691105	2850	44.973493507757546	0.0	1480464	4390.846541387061	2.85
137448.4773333631	2850	44.930337055720756	0.0	1547572	4043.1564520367906	2.85
137451.9528221211	2850	45.45484829771213	0.0	1141971	3475.4887580086224	2.85
137457.91456335815	2850	43.493107060639986	0.0	1498470	5961.741237072141	2.85
137461.64582865537	2850	43.76184176344348	0.0	1561263	3731.2652971965067	2.85
137465.6101355692	2850	43.797534849579655	0.0	1341201	3964.306913863821	2.85
137469.69056816382	2850	43.717102254987374	0.0	1497683	4080.4325945922847	2.85
137475.30123038118	2850	42.10644003759739	0.0	1358081	5610.66221738999	2.85
137480.1256375419	2850	41.28203287689499	0.0	1587293	4824.407160702397	2.85
137483.97505148954	2850	41.43261892926019	0.0	1492672	3849.4139476348073	2.85
137488.68496792126	2850	40.722702497528445	0.0	1439896	4709.9164317317445	2.85
137491.16250154865	2850	42.24516887014067	0.0	1139291	2477.5336273877783	2.85
137495.34471333722	2850	42.06295708156553	0.0	1499009	4182.211788575134	2.85
137498.01503066442	2850	43.39263975436496	0.0	1427478	2670.3173272005747	2.85
137501.2137096943	2850	44.193960724473754	0.0	1402287	3198.679029891199	2.85
137504.00829835856	2850	45.39937206021036	0.0	1339500	2794.5886642633927	2.85
137508.44770259675	2850	44.95996782200253	0.0	1527299	4439.404238207831	2.85
137511.29566591964	2850	46.11200449912714	0.0	1343002	2847.9633228753937	2.85
137516.11031404132	2850	45.2973563774324	0.0	1587250	4814.648121694737	2.85
137519.67699865944	2850	45.73067175931117	0.0	1464921	3566.684618121232	2.85
137525.64568125657	4300	43.761989162166785	0.0	2246506	5968.68259714438	2.8499999999999996
137530.87803674754	4300	42.52963367119669	0.0	1961140	5232.35549097009	4.3
137536.59148233527	4300	40.81618808348296	0.0	2155012	5713.445587713727	4.3
137537.71762408724	750	43.690046331508825	0.0	450283	1126.141751974139	0.75
137542.95192207067	2850	42.455748348073726	0.0	1431809	5234.297983435102	0.75
137545.7441705173	2850	43.66349990143192	0.0	1300868	2792.248446641812	2.85
137550.64112013148	2850	42.76655028728314	0.0	1520281	4896.949614148781	2.85
137557.61107118079	2850	39.79659923794393	0.0	1472558	6969.951049339212	2.85
137562.7682731352	2850	38.639397283530826	0.0	1224260	5157.201954413106	2.85
137565.60380497752	1850	39.80386544121819	0.0	905515	2835.5318423126305	0.8500000000000001
137572.58628192637	1850	36.82138849239083	0.0	1060487	6982.476948827357	1.85
137578.0811252714	1850	35.32654514738046	0.0	852833	5494.843345010373	1.85
137581.81813766694	1850	35.58953275180739	0.0	913888	3737.0123955730674	1.85
137587.40047989937	1850	34.00719051936942	0.0	939819	5582.342232437967	1.85
137592.01361694836	1200	33.39405347038516	0.0	594078	4613.137048984266	0.5499999999999999
137594.58677093734	1200	34.82089948138652	0.0	624282	2573.153988998636	1.2
137597.53760790944	1200	35.870062509284494	0.0	687371	2950.8369721020285	1.2
137599.56135536623	1200	37.846315052499044	0.0	526950	2023.7474567854513	1.2
137601.91559396716	1200	39.49207645154899	0.0	587876	2354.238600950054	1.2
137604.37678646657	1200	41.03088395215876	0.0	617242	2461.1924993902317	1.2
137607.06083494987	1200	42.346835468866296	0.0	581493	2684.048483292466	1.2
137614.00751696952	1850	39.40015344918383	0.0	987708	6946.682019682466	1.2000000000000002
137619.79814857934	1850	37.60952183937907	0.0	923755	5790.631609804758	1.85
137625.24097007723	1850	36.166700341498405	0.0	891604	5442.821497880664	1.85
137628.59192761636	1200	36.815742802346136	0.0	616206	3350.95753915227	0.5499999999999999
137632.53563777596	1200	36.87203264273753	0.0	656471	3943.710159608609	1.2
137639.5908496676	1200	33.81682075109174	0.0	536667	7055.211891645787	1.2
137644.80964956575	1200	32.598020852948515	0.0	587236	5218.799898143227	1.2
137649.08941306433	750	32.31825735436545	0.0	379700	4279.763498583063	0.3
137654.07583107185	750	31.331839346843257	0.0	425781	4986.4180075221975	0.75
137657.54311680328	750	31.864553615413122	0.0	277716	3467.285731430133	0.75
137660.55736286938	750	32.85030754931536	0.0	400396	3014.246066097764	0.75
137662.74513536808	750	34.6625350506087	0.0	400508	2187.772498706656	0.75
137664.57648801137	750	36.83118240733033	0.0	358218	1831.3526432783774	0.75
137666.3958063196	750	39.01186409910554	0.0	400322	1819.3183082247892	0.75
137669.11036102465	750	40.29730939404217	0.0	369834	2714.5547050633595	0.75
137671.96122020614	1200	41.44645021254206	0.0	670129	2850.8591815001114	0.75
137676.11081426954	1200	41.29685614914478	0.0	690253	4149.594063397277	1.2
137684.98641388616	1200	36.42125653253311	0.0	598727	8875.599616611678	1.2
137687.51500066885	1200	37.892669749842476	0.0	487812	2528.5867826906306	1.2
137690.9142987316	1200	38.49337168708847	0.0	575591	3399.2980627540055	1.2
137694.14521724617	1200	39.26245317250675	0.0	605884	3230.9185145817173	1.2
137696.94112449972	1200	40.46654591897695	0.0	587506	2795.9072535298033	1.2
137700.36655796954	1200	41.04111244914474	0.0	566904	3425.4334698322023	1.2
137703.44184983135	1200	41.9658205873521	0.0	641452	3075.2918617926375	1.2
137705.36179715657	1200	44.04587326212839	0.0	599477	1919.9473252237156	1.2
137707.6493171326	1200	45.758353286100494	0.0	634861	2287.5199760278906	1.2
137709.84935434713	1200	47.55831607154022	0.0	630203	2200.037214560273	1.2
137716.47988544675	2850	44.927784971923586	0.0	1483527	6630.531099616627	1.2000000000000002
137723.9695885316	4300	41.438081887101724	0.0	1961140	7489.703084821866	2.8499999999999996
137731.28771649126	4300	38.11995392742173	0.0	2155012	7318.127959679997	4.3
137733.0935443208	750	40.314126097866605	0.0	450283	1805.8278295551306	0.75
137736.50907661286	1850	40.898593805816645	0.0	957685	3415.53229204996	0.75
137739.53334138362	1850	41.87432903506497	0.0	877771	3024.2647707516708	1.85
137742.22317986627	1850	43.184490552416506	0.0	933276	2689.8384826484626	1.85
137745.73498061232	1850	43.672689806338795	0.0	996749	3511.8007460777126	1.85
137748.48102817478	1850	44.92664224390189	0.0	801058	2746.0475624369055	1.85
137751.88866096447	1850	45.51900945421873	0.0	905515	3407.6327896831585	1.85
137757.28006891246	2850	44.12760150621894	0.0	1638769	5391.407947999793	1.85
137761.17211659296	2850	44.23555382569392	0.0	1348011	3892.0476805250214	2.85
137765.66797257925	2850	43.739697839424984	0.0	1429765	4495.855986268934	2.85
137770.51804571997	2850	42.889624698694995	0.0	1354548	4850.073140729992	2.85
137775.3868298899	2850	42.020840528780276	0.0	1519951	4868.784169914714	2.85
137780.20585841534	2850	41.201812003335164	0.0	1422919	4819.028525445108	2.85
137793.28126501275	2850	32.126405405929205	0.0	1578343	13075.40659740596	2.85
137795.7603577603	1850	33.64731265836127	0.0	821631	2479.092747567928	0.8500000000000001
137797.97850561404	1850	35.42916480462837	0.0	923170	2218.147853732902	1.85
137799.99608255355	1850	37.41158786510925	0.0	966699	2017.576939519124	1.85
137802.05473169519	1850	39.35293872351155	0.0	885714	2058.649141597698	1.85
137804.4065110643	1850	41.001159354381976	0.0	987708	2351.779369129577	1.85
137807.62391011373	2850	41.783760304941055	0.0	1336050	3217.3990494409236	1.85
137810.5061744607	2850	42.90149595798482	0.0	1415116	2882.264346956233	2.85
137813.44966704637	2850	43.958003372297675	0.0	1468126	2943.4925856871473	2.85
137816.78079116554	2850	44.62687925312564	0.0	1505760	3331.124119172041	2.85
137820.79176176924	2850	44.61590864941779	0.0	1323990	4010.9706037078463	2.85
137827.2531468224	2850	42.15452359625701	0.0	1383735	6461.385053160785	2.85
137833.07136909658	2850	40.336301322084786	0.0	1480464	5818.222274172219	2.85
137849.73860141725	2850	27.669069001431183	0.0	1547572	16667.232320653602	2.85
137863.8957603498	1850	17.51191006887708	0.0	758197	14157.158932554108	0.8500000000000001
137873.55296979548	1200	11.854700623229734	0.0	622896	9657.209445647344	0.5499999999999999
137879.0676721042	300	10.339998314499148	0.0	149029	5514.702308730586	-0.6000000000000001
137882.85187571455	300	10.555794704176522	0.0	157421	3784.2036103226264	0.3
137885.94337114607	300	11.46429927262127	0.0	157488	3091.495431555252	0.3
137890.18118764737	300	11.226482771338379	0.0	143881	4237.816501282891	0.3
137891.71443623595	300	13.693234182731832	0.0	163444	1533.248588606546	0.3
137893.2728147552	300	16.13485566348459	0.0	179328	1558.378519247242	0.3
137894.87518341068	300	18.532487008024866	0.0	159914	1602.3686554597248	0.3
137896.39395114355	300	21.013719275165624	0.0	131610	1518.7677328592438	0.3
137897.49142948835	300	23.916240930346344	0.0	124011	1097.4783448192793	0.3
137898.55487351358	300	26.852796905128727	0.0	144254	1063.4440252176169	0.3
137899.57072947788	300	29.83694094081198	0.0	149991	1015.8559643167423	0.3
137900.52756987535	300	32.880100543324396	0.0	147968	956.8403974875848	0.3
137902.98800924243	750	34.41966117628314	0.0	384505	2460.4393670412533	0.3
137904.77031193546	750	36.63735848323452	0.0	372093	1782.3026930486192	0.75
137908.69059442397	1200	36.71707599471586	0.0	634861	3920.282488518656	0.75
137912.17693368116	1200	37.230736737545186	0.0	630203	3486.339257170678	1.2
137917.97335101903	1850	35.43431939968722	0.0	982064	5796.417337857964	1.2000000000000002
137926.25196812287	2850	31.15570229584361	0.0	1231456	8278.617103843611	1.85
137934.16538999142	2850	27.242280427272902	0.0	1364537	7913.421868570708	2.85
137937.22941116546	750	28.178259253222247	0.0	450283	3064.0211740506534	0.75
137939.8604872856	750	29.547183133108682	0.0	398865	2631.0761201135647	0.75
137941.4931386362	750	31.914531782497022	0.0	350812	1632.6513506116619	0.75
137944.14765242016	750	33.26001799853177	0.0	382355	2654.513783965248	0.75
137946.62538415202	750	34.78228626665555	0.0	411561	2477.7317318762307	0.75
137948.84374875558	750	36.5639216631027	0.0	318564	2218.3646035528554	0.75
137951.03509358558	750	38.37257683309093	0.0	352642	2191.344830011757	0.75
137953.87366279165	750	39.53400762703575	0.0	437162	2838.5692060551874	0.75
137958.20083388136	1200	39.20683653732037	0.0	584846	4327.171089715374	0.75
137962.3831908163	1200	39.02447960238645	0.0	560821	4182.356934933927	1.2
137966.510509614	1200	38.897160804692014	0.0	607410	4127.318797694435	1.2
137970.7061164808	1200	38.70155393788046	0.0	594078	4195.606866811552	1.2
137975.40095799894	1200	38.00671241976061	0.0	624282	4694.841518119852	1.2
137980.6725159484	1200	36.735154470319145	0.0	687371	5271.557949441461	1.2
137985.53401451927	1200	35.873655899416725	0.0	526950	4861.498570902414	1.2
137989.4972236183	1200	35.91044680039208	0.0	587876	3963.2090990246516	1.2
137993.5272348419	1200	35.880435576796906	0.0	617242	4030.0112235951733	1.2
137996.8833360573	1200	36.52433436136172	0.0	581493	3356.1012154351824	1.2
137999.726881198	1200	37.68078922067612	0.0	639204	2843.5451406855987	1.2
138002.3392985601	1200	39.06837185855702	0.0	586839	2612.417362119091	1.2
138004.73844575716	1200	40.66922466151937	0.0	601738	2399.1471970376488	1.2
138010.2097555409	1850	39.197914877753895	0.0	955231	5471.309783765475	1.2000000000000002
138014.61671205258	1850	38.79095836609169	0.0	968026	4406.956511662209	1.85
138018.84340859053	1850	38.56426182814219	0.0	874175	4226.696537949487	1.85
138023.20815195574	1850	38.199518462920594	0.0	897976	4364.743365221604	1.85
138028.0595049224	1850	37.34816549627901	0.0	905935	4851.352966641587	1.85
138033.28074813963	1850	36.12692227904287	0.0	1076599	5221.243217236132	1.85
138036.35509547137	1850	37.0525749472725	0.0	758197	3074.3473317703733	1.85
138040.59038391002	1850	36.817286508623745	0.0	972798	4235.288438648758	1.85
138045.4651707691	1850	35.94249964955141	0.0	975811	4874.78685907234	1.85
138049.9132243694	1850	35.49444604925209	0.0	873429	4448.053600299319	1.85
138053.9832958922	1850	35.42437452647512	0.0	954453	4070.071522776973	1.85
138057.55355146722	1850	35.854118951435076	0.0	885062	3570.2555750400443	1.85
138060.89987902995	1850	36.50779138868925	0.0	1035329	3346.327562745824	1.85
138064.59071732726	1850	36.81695309138951	0.0	1026056	3690.838297299745	1.85
138067.8755654629	1850	37.53210495575565	0.0	943942	3284.8481356338616	1.85
138070.9634800189	1850	38.44419039975852	0.0	728962	3087.914555997132	1.85
138074.75063554864	1850	38.65703486997998	0.0	938587	3787.1555297785403	1.85
138079.34448337468	1850	38.0631870439592	0.0	908665	4593.847826020776	1.85
138083.46667105975	1850	37.94099935889817	0.0	930577	4122.187685061037	1.85
138087.15365726783	1850	38.254013150803296	0.0	858450	3686.9862080948737	1.85
138091.3064465378	1850	38.10122388082533	0.0	1025005	4152.789269977959	1.85
138100.21980491266	1850	33.187865505988974	0.0	886255	8913.358374836358	1.85
138104.37248594995	1200	33.03518446867925	0.0	634861	4152.681037309727	0.5499999999999999
138107.68272256944	1200	33.72494784920416	0.0	630203	3310.236619475087	1.2
138113.2724577713	1850	32.13521264734237	0.0	982064	5589.735201861785	1.2000000000000002
138117.7377118278	1850	31.66995859085161	0.0	830730	4465.254056490764	1.85
138127.8441855215	2850	25.563484897134778	0.0	1364537	10106.47369371683	1.85
138134.68276996593	750	22.724900452714422	0.0	450283	6838.584444420358	0.75
138138.0750948799	750	23.332575538755975	0.0	398865	3392.324913958445	0.75
138140.59189330225	750	24.815777116378314	0.0	350812	2516.7984223776616	0.75
138143.55144812947	750	25.85622228916546	0.0	382355	2959.5548272128535	0.75
138146.4238133877	750	26.983857030948368	0.0	411561	2872.36525821709	0.75
138151.55746408558	750	25.850206333060136	0.0	318564	5133.65069788823	0.75
138155.24125872273	750	26.166411695915706	0.0	352642	3683.7946371444295	0.75
138160.16639650738	750	25.241273911250584	0.0	437162	4925.137784665124	0.75
138162.64088125608	750	26.766789162569612	0.0	374758	2474.4847486809713	0.75
138165.07533645452	750	28.33233396412685	0.0	362795	2434.4551984427644	0.75
138167.21705363397	750	30.19061678467639	0.0	353220	2141.71717945046	0.75
138169.92027984653	750	31.48739057211069	0.0	405134	2703.226212565699	0.75
138172.15522591968	750	33.252444498963776	0.0	386351	2234.946073146912	0.75
138175.51900289132	750	33.888667527289435	0.0	434409	3363.7769716743464	0.75
138180.14143548944	750	33.26623492918601	0.0	337059	4622.432598103424	0.75
138182.95524569773	750	34.45242472090255	0.0	366214	2813.810208283468	0.75
138186.10410502437	750	35.3035653942603	0.0	360831	3148.8593266422454	0.75
138188.6344648179	750	36.77320560071124	0.0	372963	2530.359793549058	0.75
138191.23151368514	750	38.176156733488696	0.0	405596	2597.0488672225497	0.75
138193.22715731987	750	40.18051309874106	0.0	350713	1995.6436347476351	0.75
138196.1005421485	750	41.30712827011074	0.0	386472	2873.384828630321	0.75
138199.19067303982	750	42.21699737879997	0.0	399894	3090.1308913107705	0.75
138202.94553210292	750	42.46213831570307	0.0	401853	3754.859063096895	0.75
138213.08906064447	750	36.31860977412549	0.0	343800	10143.528541577582	0.75
138217.31047222673	750	36.097198191868735	0.0	359903	4221.4115822567555	0.75
138220.98382630694	750	36.42384411167264	0.0	379700	3673.3540801960876	0.75
138227.75808841243	750	33.64958200618395	0.0	425781	6774.262105488698	0.75
138230.05136869822	750	35.35630172041791	0.0	277716	2293.2802857660367	0.75
138233.32416579704	750	36.083504621610864	0.0	400396	3272.7970988070474	0.75
138236.10536649416	750	37.30230392448138	0.0	400508	2781.2006971294823	0.75
138238.85357733004	750	38.554093088578846	0.0	358218	2748.210835902533	0.75
138242.954529339	750	38.45314107960328	0.0	400322	4100.952008975568	0.75
138245.71189241737	750	39.69577800125852	0.0	369834	2757.3630783447584	0.75
138249.17594553385	750	40.23172488479947	0.0	412837	3464.053116459051	0.75
138252.64039834787	750	40.76727207079376	0.0	401088	3464.452814005716	0.75
138257.36853573154	750	40.03913468710919	0.0	365161	4728.137383684564	0.75
138259.48444637153	750	41.923224047136465	0.0	321064	2115.9106399727243	0.75
138262.33518795876	750	43.072482459928885	0.0	361565	2850.7415872075803	0.75
138266.72424946542	750	42.68342095326869	0.0	378327	4389.061506660196	0.75
138269.77521860364	750	43.63245181503257	0.0	390680	3050.9691382361207	0.75
138272.55936442324	750	44.84830599543654	0.0	345516	2784.1458195960267	0.75
138275.44113678794	750	45.966533630717265	0.0	384505	2881.7723647192747	0.75
138279.4705705423	750	45.93709987637198	0.0	372093	4029.4337543452793	0.75
138281.99015861287	750	47.417511805789935	0.0	438281	2519.5880705820446	0.75
138286.0129620981	750	47.394708320578864	0.0	398987	4022.8034852110704	0.75
138293.0991077794	1200	44.30856263928134	0.0	638661	7086.145681297527	0.75
138299.4883034876	1850	41.9193669310649	0.0	830730	6389.195708216446	1.2000000000000002
138307.047133827	2850	38.360536591677516	0.0	1364537	7558.830339387381	1.85
138309.86727943787	750	39.540390980802435	0.0	450283	2820.145610875085	0.75
138312.68450535685	750	40.72316506183239	0.0	398865	2817.2259189700426	0.75
138314.85534609482	750	42.55232432387157	0.0	350812	2170.8407379608243	0.75
138317.76561958605	750	43.64205083263157	0.0	382355	2910.2734912399974	0.75
138324.89825753644	1200	40.50941288223956	0.0	652874	7132.637950392011	0.75
138331.2428826917	1200	38.1647877269694	0.0	520315	6344.625155270157	1.2
138338.97887374347	750	34.42879667520199	0.0	352642	7735.991051767417	0.3
138343.33491104803	750	34.07275937064989	0.0	437162	4356.037304552101	0.75
138346.83807927987	750	34.569591138806906	0.0	374758	3503.1682318429794	0.75
138349.71137794905	750	35.69629246961149	0.0	362795	2873.2986691954134	0.75
138352.4745256069	750	36.933144811777545	0.0	353220	2763.1476578339466	0.75
138356.00587360884	750	37.401796809852065	0.0	405134	3531.34800192548	0.75
138359.6959046037	750	37.7117658149956	0.0	386351	3690.0309948564604	0.75
138365.46721901	750	35.940451408677866	0.0	434409	5771.3144063177415	0.75
138374.485586716	750	30.922083702666786	0.0	337059	9018.36770601108	0.75
138382.14692558875	750	27.260744829901327	0.0	366214	7661.33887276546	0.75
138383.84851842432	300	29.559151994334435	0.0	143509	1701.5928355668912	-0.15000000000000002
138385.75270514694	300	31.654965271732564	0.0	150616	1904.1867226018728	0.3
138387.38200187983	300	34.025668538837316	0.0	165384	1629.2967328952493	0.3
138389.07478676122	300	36.33288365745295	0.0	140881	1692.7848813843575	0.3
138391.2817791307	300	38.12589128796604	0.0	157671	2206.992369486913	0.3
138394.02563516423	300	39.38203525442929	0.0	157812	2743.856033536751	0.3
138396.16080239252	300	41.246868026136106	0.0	163927	2135.1672282931804	0.3
138397.7522253859	300	43.65544503274898	0.0	137654	1591.4229933871331	0.3
138399.3000053972	300	46.10766502144687	0.0	146754	1547.7800113021062	0.3
138400.80111162612	300	48.606558792526044	0.0	153938	1501.1062289208178	0.3
138404.44727822312	300	48.96039219552533	0.0	181901	3646.16659700072	0.3
138405.60470498618	300	51.80296543246657	0.0	111155	1157.4267630587606	0.3
138406.88792627046	300	54.519744148194796	0.0	153605	1283.2212842717738	0.3
138409.07100636134	750	56.33666405731315	0.0	400508	2183.0800908816427	0.3
138411.1175143777	750	58.29015604097659	0.0	358218	2046.5080163365606	0.75
138413.68967194576	750	59.67253368101099	0.0	400322	2117.6223599656005	0.75
138416.4707899832	750	59.67874226632466	0.0	369834	2493.791414686324	0.75
138420.3709149627	750	59.778343087967826	0.0	412837	2900.3991783568363	0.75
138425.8177991261	1200	58.33145892459656	0.0	690253	5446.884163371269	0.75
138433.21924406107	1200	54.930013989627504	0.0	598727	7401.444934969054	1.2
138441.0360490265	1200	51.11320902417828	0.0	487812	7816.804965449229	1.2
138446.56777082485	1200	49.58148722580427	0.0	575591	5531.721798374012	1.2
138450.80456492232	750	49.34469312832389	0.0	378327	4236.794097480378	0.3
138454.39882846206	750	49.750429588601556	0.0	390680	3594.263539722334	0.75
138458.2922649306	750	49.85699312004793	0.0	345516	3893.4364685536216	0.75
138465.14142811293	750	47.007829937731614	0.0	384505	6849.16318231632	0.75
138469.28823061683	750	46.86102743382114	0.0	372093	4146.802503910467	0.75
138473.99401621812	750	46.15524183252812	0.0	438281	4705.785601293027	0.75
138477.83753540408	750	46.31172264657512	0.0	398987	3843.5191859529964	0.75
138482.28403861192	1200	45.865219438730385	0.0	638661	4446.50320784474	0.75
138488.12975077893	1850	44.01950727172152	0.0	830730	5845.712167008857	1.2000000000000002
138497.60240710335	2850	38.54685094728055	0.0	1364537	9472.656324440977	1.85
138500.47190554213	750	39.67735250851103	0.0	450283	2869.4984387695113	0.75
138503.11341429295	750	41.03584375768015	0.0	398865	2641.508750830884	0.75
138506.8825983408	1200	41.26665970981806	0.0	571051	3769.1840478620866	0.75
138510.96520776165	1200	41.18405028898502	0.0	617681	4082.609420833042	1.2
138514.91493076575	1200	41.23432728487502	0.0	652874	3949.723004109995	1.2
138517.9585740106	1200	42.19068404001335	0.0	520315	3043.6432448616724	1.2
138521.43637413703	1200	42.712883913576405	0.0	561791	3477.8001264369436	1.2
138526.47915922618	1200	41.67009882443119	0.0	709534	5042.785089145209	1.2
138531.79949229708	1200	40.34976575354024	0.0	584846	5320.3330708909525	1.2
138538.44131276011	1200	37.70794529052237	0.0	560821	6641.820463017871	1.2
138547.72382637468	1200	32.4254316759708	0.0	607410	9282.513614551563	1.2
138552.65425745523	1200	31.495000595426813	0.0	594078	4930.43108054399	1.2
138557.64454004526	1200	30.504718005389915	0.0	624282	4990.282590036901	1.2
138562.81854193227	1200	29.330716118388132	0.0	687371	5174.001887001779	1.2
138567.15616247113	1200	28.99309557948822	0.0	526950	4337.620538899911	1.2
138572.9502984621	1200	27.19895958854243	0.0	587876	5794.135990945794	1.2
138577.90939241357	1200	26.239865637081056	0.0	617242	4959.09395146137	1.2
138583.0892907053	1200	25.059967345329895	0.0	581493	5179.89829175116	1.2
138590.65775931554	1200	21.491498735062063	0.0	639204	7568.468610267836	1.2
138600.49234226655	1200	15.656915784056046	0.0	586839	9834.582951006016	1.2
138602.3261981292	300	17.82305992143226	0.0	157671	1833.855862623785	-0.6000000000000001
138604.12271854433	300	20.026539506283427	0.0	157812	1796.5204151488308	0.3
138605.69535385072	300	22.453904199900922	0.0	163927	1572.6353063825086	0.3
138607.2352425728	300	24.914015477841712	0.0	137654	1539.8887220592096	0.3
138608.34441166453	300	27.80484638611576	0.0	146754	1109.1690917259557	0.3
138611.59567511018	750	28.553582940436968	0.0	379700	3251.2634456787896	0.3
138614.83516177826	750	29.314096272362885	0.0	425781	3239.4866680740847	0.75
138617.01311271812	750	31.136145332486674	0.0	277716	2177.950939876211	0.75
138620.4133483988	750	31.735909651803436	0.0	400396	3400.235680683241	0.75
138623.08865030357	750	33.06060774703675	0.0	400508	2675.301904766691	0.75
138625.59235443873	750	34.55690361189509	0.0	358218	2503.704135141656	0.75
138628.54907881859	750	35.60017923203254	0.0	400322	2956.7243798625495	0.75
138631.18945210797	750	36.959805942659756	0.0	369834	2640.373289372784	0.75
138633.95400007782	750	38.195257972808214	0.0	412837	2764.547969851542	0.75
138636.9131188381	750	39.23613921251671	0.0	401088	2959.1187602915043	0.75
138639.3733490122	750	40.775909038419044	0.0	365161	2460.2301740976663	0.75
138641.52352763087	750	42.62573041975246	0.0	321064	2150.178618666584	0.75
138644.35707276114	750	43.792185289464726	0.0	361565	2833.545130287732	0.75
138646.72440338472	750	45.424854665889924	0.0	378327	2367.3306235748028	0.75
138649.17155513813	750	46.977702912475934	0.0	390680	2447.151753413989	0.75
138651.19019905574	750	48.95905899489235	0.0	345516	2018.6439175835865	0.75
138656.2503533528	1200	47.89890469779847	0.0	641452	5060.154297093886	0.75
138660.6138983022	1200	47.53535974841512	0.0	599477	4363.544949383352	1.2
138664.932593921	1200	47.21666412959468	0.0	634861	4318.695618820438	1.2
138669.1325743451	1200	47.01668370549154	0.0	630203	4199.980424103144	1.2
138674.74212511053	1850	45.407132940071484	0.0	982064	5609.5507654200555	1.2000000000000002
138680.4127437079	2850	43.73651434271109	0.0	1231456	5670.61859736039	1.85
138686.61075334897	2850	41.53850470162342	0.0	1364537	6198.009641087675	2.85
138688.84881964145	750	43.3004384091478	0.0	450283	2238.066292475621	0.75
138690.69654667808	750	45.45271137250017	0.0	398865	1847.7270366476318	0.75
138692.52363358747	750	47.62562446312413	0.0	350812	1827.0869093760334	0.75
138695.31129987727	1200	48.83795817335517	0.0	617681	2787.6662897689666	0.75
138700.24510189655	1850	47.90415615406715	0.0	996749	4933.80201928801	1.2000000000000002
138713.34940762792	1850	38.79985042271328	0.0	801058	13104.305731353877	1.85
138720.34730582006	1850	35.80195223056699	0.0	905515	6997.898192146289	1.85
138724.91006307575	1200	35.239194974861796	0.0	709534	4562.757255705191	0.5499999999999999
138728.44058875923	1200	35.70866929135527	0.0	584846	3530.525683506525	1.2
138730.4890808392	750	37.660177211375	0.0	362795	2048.4920799802717	0.3
138732.78366285592	750	39.365595194678036	0.0	353220	2294.582016696964	0.75
138735.51191023624	750	40.637347814363665	0.0	405134	2728.2473803143685	0.75
138739.12133036644	1200	41.02792768415633	0.0	624282	3609.420130207337	0.75
138742.7580750448	1200	41.39118300577156	0.0	687371	3636.7446783847754	1.2
138745.6354988916	1200	42.51375915895066	0.0	526950	2877.423846820891	1.2
138748.4743920926	1200	43.674865957951084	0.0	587876	2838.893200999575	1.2
138750.94178011877	1200	45.20747793179706	0.0	617242	2467.388026154022	1.2
138753.20675595567	1200	46.94250209489346	0.0	581493	2264.9758369035976	1.2
138757.89219544135	1200	46.2570626091837	0.0	639204	4685.439485709767	1.2
138760.1374945739	1200	48.0117634766454	0.0	586839	2245.299132538296	1.2
138763.8358596453	1200	48.31339840522862	0.0	601738	3698.3650714167816	1.2
138767.35730170063	1200	48.791956349904325	0.0	616206	3521.4420553242962	1.2
138770.5048383606	1200	49.6444196899624	0.0	656471	3147.536659941919	1.2
138773.62052877262	1200	50.52872927792072	0.0	536667	3115.690412041683	1.2
138776.53992251522	1200	51.60933553532963	0.0	587236	2919.3937425910945	1.2
138779.48001145988	1200	52.66924659066096	0.0	590335	2940.08894466867	1.2
138783.06486352402	1200	53.084394526532435	0.0	696376	3584.852064128518	1.2
138785.58024421168	1200	54.569013838869765	0.0	487160	2515.380687662673	1.2
138789.3720332128	1200	54.777224837732376	0.0	622896	3791.7890011373906	1.2
138792.87926773127	1200	55.26999031926196	0.0	641447	3507.2345184704204	1.2
138795.366656098	1200	56.78260195256254	0.0	570392	2487.3883666994216	1.2
138800.1451411314	1850	56.004116919153674	0.0	954453	4778.485033408865	1.2000000000000002
138804.96988934767	1850	55.179368702893576	0.0	885062	4824.748216260098	1.85
138810.34096991172	1850	53.808288138837824	0.0	1035329	5371.080564055751	1.85
138816.12535520922	1850	52.02390284133454	0.0	1026056	5784.385297503284	1.85
138839.26242077388	1850	32.88683727666929	0.0	943942	23137.06556466525	1.85
138849.47701699895	1850	26.67224105160655	0.0	728962	10214.596225062744	1.85
138852.7601925256	1200	27.389065524972413	0.0	575591	3283.1755266341384	0.5499999999999999
138856.18311571487	1200	27.966142335681894	0.0	605884	3422.9231892905163	1.2
138858.90933502058	1200	29.239923029984496	0.0	587506	2726.2193056973992	1.2
138862.10590250022	1200	30.043355550331903	0.0	566904	3196.5674796525927	1.2
138864.82233678718	750	31.32692126333795	0.0	384505	2716.4342869939537	0.3
138866.92803450723	750	33.22122354327429	0.0	372093	2105.6977200636584	0.75
138870.0671112132	1200	34.08214683731181	0.0	634861	3139.076705962475	0.75
138873.22061605708	1200	34.928641993451215	0.0	630203	3153.5048438605954	1.2
138878.49939742187	1850	33.64986062865377	0.0	982064	5278.781364797445	1.2000000000000002
138882.5511005964	1850	33.59815745411694	0.0	830730	4051.703174536825	1.85
138890.18816240737	2850	29.96109564315489	0.0	1364537	7637.061810962049	1.85
138893.58371091346	750	30.565547137086106	0.0	450283	3395.5485060687865	0.75
138896.83211608228	750	31.317141968263975	0.0	398865	3248.4051688221293	0.75
138898.4266334065	750	33.72262464405343	0.0	350812	1594.5173242105484	0.75
138900.1741236278	750	35.97513442272089	0.0	382355	1747.4902213325454	0.75
138902.79199017058	750	37.35726787997413	0.0	411561	2617.8665427467554	0.75
138905.2520506392	750	38.897207411361265	0.0	318564	2460.0604686128713	0.75
138907.219884844	750	40.92937320655226	0.0	352642	1967.834204809001	0.75
138912.48797706902	1200	39.661280981531924	0.0	709534	5268.092225020338	0.75
138921.62440851566	1200	34.52484953489275	0.0	584846	9136.431446639175	1.2
138927.59338458165	750	32.5558734688851	0.0	362795	5968.9760660076545	0.3
138931.21174369555	750	32.937514354997425	0.0	353220	3618.359113887677	0.75
138936.13844669942	750	32.01081135114655	0.0	405134	4926.703003850875	0.75
138941.979511965	750	30.16974608555595	0.0	386351	5841.065265590597	0.75
138946.03909836558	750	30.110159684994915	0.0	434409	4059.586400561035	0.75
138950.76630618222	750	29.382951868343007	0.0	337059	4727.207816651911	0.75
138954.5989927881	750	29.55026526251231	0.0	366214	3832.6866058306987	0.75
138957.215805617	750	30.933452433619326	0.0	360831	2616.8128288929843	0.75
138959.64314474264	750	32.506113307941774	0.0	372963	2427.3391256775453	0.75
138964.3212295774	750	31.828028473150304	0.0	405596	4678.084834791473	0.75
138969.3620664221	750	30.78719162846092	0.0	350713	5040.836844689383	0.75
138976.78427434462	750	27.364983705955087	0.0	386472	7422.207922505834	0.75
138979.42046107672	750	28.728796973862657	0.0	399894	2636.186732092434	0.75
138982.25400439734	750	29.895253653229137	0.0	401853	2833.5433206335174	0.75
138984.93240584226	750	31.21685220828506	0.0	343800	2678.401444944078	0.75
138987.63815150943	750	32.511106541124505	0.0	359903	2705.745667160559	0.75
138992.96580920427	750	31.183448846277336	0.0	379700	5327.657694847168	0.75
138999.0388978911	750	29.11036015945495	0.0	425781	6073.08868682239	0.75
139001.95294710083	750	30.196310949750817	0.0	277716	2914.049209704132	0.75
139005.49338501264	750	30.655873037937177	0.0	400396	3540.4379118136367	0.75
139007.7958453157	750	32.353412734881225	0.0	400508	2302.4603030559506	0.75
139009.63125876474	750	34.51799928582515	0.0	358218	1835.4134490560727	0.75
139011.52393705247	750	36.625320998098545	0.0	400322	1892.6782877266087	0.75
139013.15080568384	750	38.99845236674528	0.0	369834	1626.868631353258	0.75
139015.9075630565	1200	40.24169499405428	0.0	670129	2756.7573726910027	0.75
139018.5370108103	1200	41.61224724024718	0.0	690253	2629.4477538070983	1.2
139020.71963372768	1200	43.42962432290269	0.0	598727	2182.622917344485	1.2
139023.0846358586	1850	45.06462219199091	0.0	728962	2365.0021309117815	1.2000000000000002
139026.46267981172	1850	45.68657823886717	0.0	938587	3378.0439531237353	1.85
139030.9902867312	1850	45.158971319401886	0.0	908665	4527.6069194652855	1.85
139034.0954768979	1850	46.05378115267959	0.0	930577	3105.19016672229	1.85
139036.59101535936	1850	47.55824269120028	0.0	858450	2495.5384614793147	1.85
139039.22180105586	1850	48.92745699471037	0.0	1025005	2630.785696489914	1.85
139042.24108363432	1850	49.90817441623532	0.0	886255	3019.2825784750476	1.85
139045.47934716317	1850	50.669910887388674	0.0	973972	3238.2635288466495	1.85
139048.83741242162	1850	51.31184562893836	0.0	958994	3358.0652584503164	1.85
139067.24676261694	4300	36.90249543360804	0.0	2246506	18409.350195330317	1.8499999999999996
139077.44923989876	4300	30.700018151775215	0.0	1961140	10202.477281832827	4.3
139083.39484188895	4300	28.7544161616242	0.0	2155012	5945.601990151017	4.3
139085.3905336051	750	30.758724445453677	0.0	450283	1995.6917161705219	0.75
139088.68743923114	1200	31.461818819409817	0.0	611087	3296.905626043858	0.75
139090.93423764326	1200	33.21502040729224	0.0	571051	2246.798412117575	1.2
139094.66787092935	1200	33.481387121188995	0.0	617681	3733.633286103248	1.2
139100.78108529683	1200	31.36817275370329	0.0	652874	6113.2143674857	1.2
139107.37514849706	1200	28.774109553489367	0.0	520315	6594.063200213924	1.2
139110.42857848067	750	29.720679569863613	0.0	352642	3053.4299836257574	0.3
139113.25066627632	750	30.898591774212015	0.0	437162	2822.0877956515988	0.75
139118.26212129236	750	29.887136758154856	0.0	374758	5011.455016057159	0.75
139122.17675020805	750	29.972507842446728	0.0	362795	3914.628915708126	0.75
139126.99126114763	750	29.15799690287433	0.0	353220	4814.5109395724	0.75
139128.71845217727	300	31.430805873199056	0.0	156148	1727.1910296752737	-0.15000000000000002
139130.3012077836	300	33.84805026688045	0.0	160746	1582.7556063186096	0.3
139131.80483485066	300	36.344423199812745	0.0	179801	1503.6270670677043	0.3
139132.68514620213	300	39.46411184835484	0.0	140051	880.311351457901	0.3
139134.75585088835	750	41.39340716213433	0.0	366214	2070.704686220513	0.3
139136.9938180103	750	43.155440040182704	0.0	360831	2237.9671219516326	0.75
139139.1730523814	750	44.976205669074396	0.0	372963	2179.2343711082995	0.75
139143.1577816722	1200	44.991476378270264	0.0	639204	3984.7292908041345	0.75
139145.77815389461	1200	46.37110415586769	0.0	586839	2620.3722224025796	1.2
139149.26108809313	1200	46.88816995735228	0.0	601738	3482.934198515403	1.2
139153.25226672424	1200	46.89699132621176	0.0	616206	3991.1786311405226	1.2
139158.01242317125	1200	46.13683487920728	0.0	656471	4760.15644700448	1.2
139160.8392934483	1200	47.309964602153514	0.0	536667	2826.8702770537648	1.2
139164.08127772785	1200	48.067980322624	0.0	587236	3241.9842795295094	1.2
139167.35067493247	1200	48.79858311798683	0.0	590335	3269.397204637173	1.2
139171.42979644862	1200	48.719461601851975	0.0	696376	4079.121516134862	1.2
139174.78446073772	1200	49.36479731275965	0.0	487160	3354.664289092324	1.2
139185.18851058962	1200	42.9607474608323	0.0	622896	10404.049851927348	1.2
139201.00266155007	1200	31.14659650038337	0.0	641447	15814.150960448935	1.2

