11518.397522851012	750	4.0	3.624169441458112	450283	3624.169441458112	-14.833928598269882
11519.74596307727	300	6.6515597737405585	0.0	155580	1348.4402262594408	-0.15000000000000002
11520.98372991406	300	9.413792936949752	0.0	139857	1237.766836790806	0.3
11522.394125448463	300	12.00339740254698	0.0	155432	1410.3955344027718	0.3
11524.063520030555	300	14.33400282045591	0.0	163442	1669.3945820910699	0.3
11525.391574136524	300	17.005948714486323	0.0	126289	1328.054105969584	0.3
11526.739003448687	300	19.658519402322405	0.0	153295	1347.4293121639225	0.3
11528.025169856293	300	22.372352994717648	0.0	173849	1286.166407604755	0.3
11529.170448528563	300	25.227074322446395	0.0	150710	1145.2786722712501	0.3
11530.332980740546	300	28.064542110463762	0.0	139105	1162.5322119826337	0.3
11531.297830395386	300	31.099692455624204	0.0	141840	964.8496548395555	0.3
11532.262736767474	300	34.13478608353606	0.0	156148	964.9063720881373	0.3
11534.947633142274	300	35.44988970873691	0.0	160746	2684.896374799151	0.3
11540.60640322653	300	33.791119624479755	0.0	179801	5658.770084257156	0.3
11541.917741036114	300	36.47978181489596	0.0	140051	1311.3378095837993	0.3
11542.63253383909	300	39.76498901192039	0.0	138313	714.792802975561	0.3
11543.30939601704	300	43.0881268339697	0.0	143509	676.8621779506834	0.3
11543.953103872334	300	46.44441897867661	0.0	150616	643.7078552930996	0.3
11544.615596695301	300	49.78192615571097	0.0	165384	662.4928229656339	0.3
11546.514703489327	750	51.882819361682785	0.0	350713	1899.1067940281832	0.3
11552.89884210963	750	49.498680741380994	0.0	386472	6384.138620301787	0.75
11561.337521869016	750	45.06000098199346	0.0	399894	8438.679759387534	0.75
11564.305506746308	750	46.09201610470075	0.0	401853	2967.9848772927144	0.75
11565.236338843626	300	49.16118400738275	0.0	137654	930.832097318005	-0.15000000000000002
11566.62792821044	300	51.76959464056786	0.0	146754	1391.5893668148867	0.3
11569.679358788762	300	52.71816406224732	0.0	153938	3051.4305783205414	0.3
11572.01365748217	300	54.38386536883958	0.0	181901	2334.298693407743	0.3
11573.023489581816	300	57.374033269193646	0.0	111155	1009.8320996459286	0.3
11574.63170924022	300	59.76581361078934	0.0	153605	1608.2196584043138	0.3
11576.457272913914	300	59.75620968927711	0.0	149029	1509.6039215122266	0.3
11578.1024517634	300	59.50760014062534	0.0	157421	1248.6095486517684	0.3
11580.228075118559	300	59.83707311346249	0.0	157488	1170.527027162857	0.3
11582.017383163895	300	59.85996725479137	0.0	143881	977.1058586711147	0.3
11584.153894837913	300	59.647312511115835	0.0	163444	1212.6547436755382	0.3
11587.497235657796	750	59.62407056634467	0.0	401088	2523.241944771169	0.3
11589.96187104194	750	59.93580231182945	0.0	365161	2188.2682545152174	0.75
11592.224869660135	750	59.63248656754643	0.0	321064	1803.31574428302	0.75
11595.467381319064	750	59.89057217503777	0.0	361565	2241.9143925086573	0.75
11598.793225445848	750	59.6674487448557	0.0	378327	3223.1234301820714	0.75
11601.884410551635	750	59.87371654026445	0.0	390680	2293.732204591254	0.75
11604.566196115096	750	59.6215502091299	0.0	345516	1752.1663311345471	0.75
11607.372423280567	750	59.87674624255958	0.0	384505	2244.803966570329	0.75
11611.53499722421	750	59.51667087018764	0.0	372093	3360.0753723719286	0.75
11616.35934845222	750	58.69231964217644	0.0	438281	4824.3512280111945	0.75
11619.381530261651	750	59.670137832746626	0.0	398987	3022.1818094298214	0.75
11622.305923572283	750	59.79245698178635	0.0	393804	2877.6808509602693	0.75
11626.204601414027	1200	59.5504742907507	0.0	538612	3741.9826910356533	0.75
11636.910816133326	2850	52.84425957145176	0.0	1364537	10706.214719298943	1.2000000000000002
11639.114619099935	750	54.640456604841944	0.0	450283	2203.8029666098123	0.75
11641.52995203524	750	56.22512366953681	0.0	398865	2415.3329353051317	0.75
11643.636532072347	750	58.11854363243054	0.0	350812	2106.5800371062815	0.75
11646.039410375453	750	59.57441738539079	0.0	382355	2044.1262470397503	0.75
11648.942645875468	750	59.90267566341768	0.0	411561	2171.741721973103	0.75
11651.433036123693	750	59.718727428325145	0.0	318564	1683.9482350925396	0.75
11653.633713721068	750	59.9696096362038	0.0	352642	1749.1177921213468	0.75
11658.0360794274	750	59.56724392987204	0.0	437162	3902.365706331756	0.75
11661.4195192095	750	59.534486794616285	0.0	374758	3032.7571352557534	0.75
11665.396071022129	750	59.5579349819855	0.0	362795	3976.5518126307843	0.75
11670.284893933467	750	58.66911207064723	0.0	353220	4888.822911338268	0.75
11673.897910426174	750	59.05609557794014	0.0	405134	3613.0164927070873	0.75
11677.565130960662	750	59.38887504345252	0.0	386351	3667.2205344876234	0.75
11681.142387791051	750	59.811618213063554	0.0	434409	3577.2568303889657	0.75
11683.689925441235	750	59.8026250021692	0.0	337059	2508.993210894357	0.75
11687.591154284619	750	59.901396158785346	0.0	366214	3401.2288433838567	0.75
11691.241704121829	750	59.6875078815167	0.0	360831	2713.888277268647	0.75
11694.915623965708	750	59.99337873954712	0.0	372963	3194.129141969582	0.75
11698.792556504479	750	59.73480782111708	0.0	405596	3258.5709184300376	0.75
11713.23041959748	750	49.29694472811634	0.0	350713	14437.86309300074	0.75
11721.181358062842	300	45.3460062627513	0.0	157671	7950.938465365035	-0.15000000000000002
11729.707650448265	300	40.819713877329974	0.0	157812	8526.292385421331	0.3
11738.23990834062	300	36.28745598497421	0.0	163927	8532.25789235577	0.3
11745.248120688371	300	33.279243637222194	0.0	137654	7008.212347752013	0.3
11750.999093277533	300	31.528271048060056	0.0	146754	5750.972589162139	0.3
11757.179358990965	300	29.348005334627782	0.0	153938	6180.2657134322735	0.3
11763.482492303257	300	27.04487202233507	0.0	181901	6303.133312292711	0.3
11768.812642552632	300	25.714721772961113	0.0	111155	5330.15024937396	0.3
11772.693384153381	300	25.83398017221167	0.0	153605	3880.741600749438	0.3
11780.089103909146	300	22.438260416445786	0.0	149029	7395.719755765887	0.3
11786.533313840588	300	19.994050485002834	0.0	157421	6444.209931442951	0.3
11792.979957171308	300	17.54740715428382	0.0	157488	6446.643330719014	0.3
11801.540101660205	300	12.987262665386886	0.0	143881	8560.144488896934	0.3
11807.504944464166	300	11.022419861425345	0.0	163444	5964.842803961544	0.3
11819.08147338893	300	4.0	0.5541090633387467	179328	11576.52892476409	-2.0826689723566107
11826.59250800643	300	4.0	3.511034617500503	159914	7511.034617500503	-14.797448855252162
11834.587288341107	300	4.0	3.9947803346776247	131610	7994.7803346776245	-16.877555439113785
11839.715963530336	300	4.0	1.128675189227879	124011	5128.675189227879	-4.55330331367988
11848.606604258233	300	4.0	4.8906407278973605	144254	8890.64072789736	-20.729755129958647

