139325.17298541102	750	4.0	2.0234241139416103	450283	2023.4241139416101	-7.950723689948923
139327.56863906607	750	5.604346344934138	0.0	398865	2395.653655065862	0.75
139329.34181675452	750	7.8311686564750875	0.0	350812	1773.177688459051	0.75
139332.02806118986	1200	9.144924221131033	0.0	617681	2686.2444353440524	0.75
139334.82802697207	1200	10.344958438898674	0.0	652874	2799.9657822323607	1.2
139337.03439744358	1200	12.138587967394939	0.0	520315	2206.3704715037343	1.2
139339.0000245538	1200	14.172960857193733	0.0	561791	1965.6271102012051	1.2
139343.20993186746	1850	13.96305354356155	0.0	1060487	4209.907313632185	1.2000000000000002
139345.51727574266	1850	15.65570966837226	0.0	852833	2307.3438751892886	1.85
139348.01735761706	1850	17.155627793963422	0.0	913888	2500.0818744088365	1.85
139350.70642686536	1850	18.466558545633195	0.0	939819	2689.0692483302305	1.85
139355.90861239316	2850	17.264373017832796	0.0	1519951	5202.185527800397	1.85
139360.96324238562	2850	16.209743025378263	0.0	1422919	5054.629992454536	2.85
139366.2249754674	2850	14.94800994362725	0.0	1578343	5261.733081751013	2.85
139370.11255231305	2850	15.060433097959354	0.0	1231445	3887.576845667897	2.85
139375.32803289074	2850	13.844952520272603	0.0	1471065	5215.480577686751	2.85
139379.95654307146	2850	13.21644233956725	0.0	1491626	4628.510180705355	2.85
139384.53875257997	2850	12.634232831037341	0.0	1358801	4582.209508529909	2.85
139390.43898899935	2850	10.733996411694225	0.0	1537156	5900.236419343118	2.85
139394.26161160594	2850	10.911373805091149	0.0	1336050	3822.6226066030763	2.85
139398.4525699918	2850	10.720415419228091	0.0	1415116	4190.958385863058	2.85
139403.7408592543	2850	9.432126156736885	0.0	1468126	5288.2892624912065	2.85
139408.8415178032	2850	8.331467607846543	0.0	1505760	5100.658548890342	2.85
139411.71313043352	1850	9.459854977518667	0.0	874175	2871.6126303278756	0.8500000000000001
139414.74767711523	1850	10.425308295810863	0.0	897976	3034.5466817078045	1.85
139418.18754508224	1850	10.985440328814256	0.0	905935	3439.8679669966064	1.85
139421.9569178602	1850	11.216067550847844	0.0	1076599	3769.372777966411	1.85
139425.4247840499	1850	11.748201361152931	0.0	758197	3467.8661896949143	1.85
139429.3140853029	1850	11.858900108164244	0.0	972798	3889.301252988687	1.85
139432.93468611458	1850	12.238299296484206	0.0	975811	3620.600811680038	1.85
139435.90976020982	1850	13.263225201247243	0.0	873429	2975.0740952369615	1.85
139439.49055054324	1850	13.682434867823247	0.0	954453	3580.7903334239963	1.85
139442.60097638922	1850	14.572009021844167	0.0	885062	3110.42584597908	1.85
139447.72485917207	2850	13.448126239002157	0.0	1587293	5123.882782842011	1.85
139453.94845079075	2850	11.22453462035703	0.0	1492672	6223.591618645126	2.85
139459.31066705685	2850	9.862318354217788	0.0	1439896	5362.216266139241	2.85
139461.70285106523	1850	11.47013434584716	0.0	728962	2392.1840083706284	0.8500000000000001
139464.47451529943	1850	12.698470111618139	0.0	938587	2771.6642342290215	1.85
139467.10466923693	1850	14.068316174121264	0.0	908665	2630.1539374968734	1.85
139470.7142785569	1850	14.458706854129423	0.0	930577	3609.609319991841	1.85
139475.39672632547	1850	13.776259085547986	0.0	858450	4682.447768581436	1.85
139479.12851462414	1850	14.044470786879945	0.0	1025005	3731.788298668041	1.85
139482.37852039546	1850	14.794465015579894	0.0	886255	3250.0057713000515	1.85
139487.41148831535	1850	13.761497095704966	0.0	973972	5032.967919874926	1.85
139492.06346287826	1850	13.109522532801654	0.0	958994	4651.974562903312	1.85
139497.06570641906	1850	12.1072789920082	0.0	982064	5002.243540793453	1.85
139502.45815504342	2850	10.714830367641353	0.0	1231456	5392.448624366847	1.85
139508.5954152531	2850	8.577570157949351	0.0	1364537	6137.260209692002	2.85
139510.68589627606	750	10.487089135009882	0.0	450283	2090.4810229394693	0.75
139512.2018259006	750	12.971159510437879	0.0	398865	1515.929624572001	0.75
139513.8001767708	750	15.372808640233917	0.0	350812	1598.3508702039637	0.75
139517.15308859842	1850	16.019896812604795	0.0	933276	3352.9118276291215	0.75
139520.47293870448	1850	16.70004670653632	0.0	996749	3319.850106068476	1.85
139523.30363948538	1850	17.869345925649263	0.0	801058	2830.700780887054	1.85
139526.34619033447	1850	18.82679507655461	0.0	905515	3042.55084909465	1.85
139530.24003338368	1850	18.93295202733892	0.0	1060487	3893.843049215689	1.85
139535.31212919648	1850	17.860856214562975	0.0	852833	5072.095812775946	1.85
139538.76492737664	1850	18.408058034377152	0.0	913888	3452.7981801858245	1.85
139542.64351168642	1850	18.5294737246319	0.0	939819	3878.5843097452503	1.85
139546.13267850183	1850	19.040306909193	0.0	917428	3489.1668154388967	1.85
139550.42118704677	1850	18.751798364270744	0.0	946851	4288.508544922258	1.85
139552.67081799032	1850	20.502167420702186	0.0	1036454	2249.6309435685575	1.85
139555.21450741251	1850	21.958477998509668	0.0	821631	2543.6894221925177	1.85
139559.08829740342	2850	22.084688007598842	0.0	1471065	3873.7899909108273	1.85
139563.4855112134	2850	21.687474197634256	0.0	1491626	4397.213809964587	2.85
139567.31252981973	2850	21.86045559128531	0.0	1358801	3827.0186063489473	2.85
139574.16093434597	2850	19.012051065047135	0.0	1537156	6848.404526238172	2.85
139577.9953540593	2850	19.177631351695346	0.0	1336050	3834.419713351792	2.85
139584.75544782024	2850	16.41753759076193	0.0	1415116	6760.093760933412	2.85
139590.86577245846	2850	14.307212952533911	0.0	1468126	6110.324638228019	2.85
139598.47898945122	2850	10.693995959774176	0.0	1505760	7613.216992759736	2.85
139605.3490981293	1850	7.823887281697463	0.0	874175	6870.108678076714	0.8500000000000001
139607.92552130658	1200	9.247464104428945	0.0	587236	2576.4231772685184	0.5499999999999999
139610.03253572297	1200	11.140449688034149	0.0	590335	2107.0144163947953	1.2
139612.85039747166	1200	12.32258793933471	0.0	696376	2817.86174869944	1.2
139614.74459480573	1200	14.428390605285815	0.0	487160	1894.1973340488948	1.2
139616.58439000841	1200	16.5885954025691	0.0	622896	1839.7952027167128	1.2
139618.85543144713	1200	18.31755396388399	0.0	641447	2271.0414386851116	1.2
139622.60181557553	1850	18.57116983546525	0.0	873429	3746.3841284187447	1.2000000000000002
139627.36287468282	1850	17.8101107281984	0.0	954453	4761.0591072668485	1.85
139632.43843922138	1850	16.734546189641662	0.0	885062	5075.564538556736	1.85
139637.1900962286	1850	15.982889182414379	0.0	1035329	4751.657007227284	1.85
139643.757553807	1850	13.415431604019803	0.0	1026056	6567.457578394577	1.85
139650.46017658	1850	10.712808831005999	0.0	943942	6702.622773013803	1.85
139653.71376611287	1200	11.459219298167689	0.0	487812	3253.5895328383112	0.5499999999999999
139657.01331233227	1200	12.15967307877057	0.0	575591	3299.5462193971175	1.2
139659.98676841886	1200	13.18621699216704	0.0	605884	2973.456086603532	1.2
139665.27295530587	1200	11.900030105181594	0.0	587506	5286.186886985443	1.2
139669.5421772634	1200	11.630808147637257	0.0	566904	4269.221957544337	1.2
139674.64361562944	1200	10.52936978159926	0.0	641452	5101.438366037996	1.2
139680.37527090547	1200	8.797714505581508	0.0	599477	5731.655276017751	1.2
139686.32813246615	1200	6.844852944917329	0.0	634861	5952.861560664181	1.2
139690.60950751722	750	6.563477893834498	0.0	398987	4281.37505108283	0.3
139693.83853085653	750	7.33445455454617	0.0	393804	3229.023339288328	0.75
139696.4944033802	750	8.678582030852851	0.0	331053	2655.872523693319	0.75
139701.01617534625	1850	8.15681006481735	0.0	846370	4521.7719660355015	0.75
139706.68114311658	750	6.491842294487102	0.0	450283	5664.967770330247	0.75
139716.30878476068	750	4.0	3.1357993496072933	398865	9627.641644094396	-12.733937203311362
139717.26728770504	300	7.041497055657216	0.0	139857	958.5029443427838	-0.15000000000000002
139718.41272323695	300	9.896061523744342	0.0	155432	1145.4355319128747	0.3
139719.31566260965	300	12.99312215105952	0.0	163442	902.9393726848214	0.3
139720.26056324964	300	16.048221511043415	0.0	126289	944.9006400161036	0.3
139722.15763313157	750	18.151151629130005	0.0	352642	1897.06988191341	0.3
139724.38369988557	750	19.925084875102872	0.0	437162	2226.0667540271343	0.75
139726.38866409217	750	21.920120668494206	0.0	374758	2004.9642066086642	0.75
139728.6591595414	1200	23.649625219280598	0.0	560821	2270.4954492136108	0.75
139731.93582709428	1850	24.372957666402616	0.0	939819	3276.6675528779797	1.2000000000000002
139734.89951262326	1850	25.40927213743664	0.0	917428	2963.6855289659757	1.85
139738.1471712519	1850	26.16161350875023	0.0	946851	3247.658628686411	1.85
139742.7052510889	2850	25.60353367177665	0.0	1578343	4558.079836973583	1.85
139745.7118861623	2850	26.596898598379017	0.0	1231445	3006.6350733976324	2.85
139750.01639780204	2850	26.29238695860281	0.0	1471065	4304.511639776208	2.85
139755.53663316817	2850	24.77215159250599	0.0	1491626	5520.235366096824	2.85
139760.5256087862	2850	23.783175974482656	0.0	1358801	4988.975618023331	2.85
139769.37390279913	2850	18.934881961547916	0.0	1537156	8848.29401293474	2.85
139775.9489106915	2850	16.359874069189857	0.0	1336050	6575.0078923580595	2.85
139782.6525779543	2850	13.656206806401572	0.0	1415116	6703.667262788284	2.85
139791.00455664314	1850	9.304228117572046	0.0	955231	8351.978688829526	0.8500000000000001
139792.63470788262	1200	11.674076878082982	0.0	656471	1630.151239489064	0.5499999999999999
139795.51252293916	1200	12.796261821536929	0.0	536667	2877.8150565460537	1.2
139798.3748080202	1200	13.933976740468628	0.0	587236	2862.2850810683008	1.2
139802.00248333716	1200	14.306301423502767	0.0	590335	3627.675316965862	1.2
139805.964035191	1200	14.344749569673178	0.0	696376	3961.551853829588	1.2
139808.5693160144	1200	15.739468746287956	0.0	487160	2605.2808233852224	1.2
139811.4216319537	1200	16.887152806962956	0.0	622896	2852.315939324997	1.2
139816.28315840304	1850	16.025626357641418	0.0	975811	4861.52644932154	1.2000000000000002
139820.29919443792	1850	16.00959032275756	0.0	873429	4016.036034883857	1.85
139823.91891853258	1850	16.3898662281031	0.0	954453	3619.7240946544625	1.85
139826.96826350997	1850	17.34052125069329	0.0	885062	3049.3449774098103	1.85
139830.61765219748	1850	17.691132563214378	0.0	1035329	3649.3886874789105	1.85
139835.14797718756	1850	17.160807573114035	0.0	1026056	4530.324990100342	1.85
139838.68053390872	1850	17.628250851971334	0.0	943942	3532.556721142701	1.85
139843.27439001974	1850	17.034394740943938	0.0	728962	4593.856111027396	1.85
139850.73406079196	1850	13.574723968716095	0.0	938587	7459.670772227845	1.85
139855.70307392805	1850	12.605710832633871	0.0	908665	4969.013136082224	1.85
139861.0000664963	1850	11.30871826441817	0.0	930577	5296.992568215702	1.85
139863.86051087256	1200	12.4482738881343	0.0	566904	2860.4443762838687	0.5499999999999999
139867.85752071705	1200	12.451264043649745	0.0	641452	3997.009844484555	1.2
139871.7332136246	1200	12.575571136100846	0.0	599477	3875.6929075488997	1.2
139877.9457107201	1200	10.363074040593432	0.0	634861	6212.497095507415	1.2
139883.98216104938	1200	8.326623711275982	0.0	630203	6036.450329317451	1.2
139892.12296568285	1200	4.185819077814769	0.0	638661	8140.804633461212	1.2
139894.81479063176	750	5.4939941288955065	0.0	331053	2691.8249489192626	0.3
139898.8766015561	1200	5.43218320453683	0.0	550906	4061.8109243586764	0.75
139903.57780661705	750	4.730978143595573	0.0	450283	4701.205060941257	0.75
139906.44188875725	300	5.866896003397736	0.0	155580	2864.082140197837	-0.15000000000000002
139907.94238870504	300	8.366396055607668	0.0	139857	1500.4999477900703	0.3
139909.3086090281	300	11.000175732564301	0.0	155432	1366.2203230433668	0.3
139910.46308682553	300	13.845697935152645	0.0	163442	1154.4777974116564	0.3
139911.28809788078	300	17.020686879888316	0.0	126289	825.0110552643273	0.3
139913.99704516077	750	18.311739599887147	0.0	352642	2708.947280001167	0.3
139916.4637550681	750	19.845029692560455	0.0	437162	2466.709907326691	0.75
139919.94870442152	1200	20.36008033914095	0.0	584846	3484.949353419506	0.75
139928.6518519775	1200	15.656932783147852	0.0	560821	8703.147555993099	1.2
139936.56275151717	1200	11.746033243497086	0.0	607410	7910.899539650765	1.2
139940.446287638	750	11.862497122656151	0.0	405134	3883.536120840934	0.3
139943.22530296468	750	13.08348179598041	0.0	386351	2779.0153266757425	0.75
139945.97788894764	750	14.330895813031084	0.0	434409	2752.585982949325	0.75
139950.4151286674	750	13.893656093261503	0.0	337059	4437.239719769582	0.75
139953.62026232734	750	14.688522433347147	0.0	366214	3205.1336599143565	0.75
139956.32914659026	750	15.979638170429	0.0	360831	2708.8842629181463	0.75
139958.76176337452	750	17.54702138614588	0.0	372963	2432.616784283119	0.75
139961.76412744707	750	18.544657313618696	0.0	405596	3002.364072527184	0.75
139965.9782990128	750	18.33048574790079	0.0	350713	4214.171565717905	0.75
139969.05612204171	750	19.252662718979423	0.0	386472	3077.8230289213684	0.75
139971.6471912912	750	20.661593469474894	0.0	399894	2591.06924950453	0.75
139975.58735049854	1200	20.7214342621726	0.0	656471	3940.159207302295	0.75
139978.88850562615	1200	21.42027913456714	0.0	536667	3301.1551276054583	1.2
139981.87369609872	1200	22.435088662008173	0.0	587236	2985.190472558966	1.2
139985.04500681796	1200	23.263777942752338	0.0	590335	3171.3107192558336	1.2
139988.8938233389	1200	23.41496142181399	0.0	696376	3848.8165209383474	1.2
139993.83782416477	1850	22.47096059593227	0.0	758197	4944.000825881722	1.2000000000000002
139999.14981093013	1850	21.15897383058875	0.0	972798	5311.986765343521	1.85
140004.3788134443	1850	19.929971316428105	0.0	975811	5229.002514160642	1.85
140008.42806318126	1850	19.880721579463856	0.0	873429	4049.2497369642515	1.85
140012.38888076163	1850	19.9199039991048	0.0	954453	3960.8175803590525	1.85
140015.97347700957	1850	20.335307751175904	0.0	885062	3584.5962479288996	1.85
140020.0673583769	1850	20.241426383860862	0.0	1035329	4093.881367315044	1.85
140023.8602580085	1850	20.44852675225232	0.0	1026056	3792.8996316085413	1.85
140027.77937608582	1850	20.52940867493827	0.0	943942	3919.11807731405	1.85
140030.38740612686	1850	21.921378633895213	0.0	728962	2608.0300410430586	1.85
140033.45988462638	1850	22.84890013435862	0.0	938587	3072.4784995365903	1.85
140036.92120775647	1850	23.38757700428983	0.0	908665	3461.3231300687926	1.85
140041.28559169747	1850	23.02319306329188	0.0	930577	4364.383940997947	1.85
140045.21608773744	1850	23.09269702331595	0.0	858450	3930.496039975932	1.85
140051.09783236295	1850	21.210952397808615	0.0	1025005	5881.744625507332	1.85
140055.1722955023	1850	21.136489258450705	0.0	886255	4074.4631393579075	1.85
140060.6176291682	1850	19.69115559253963	0.0	973972	5445.3336659110755	1.85
140064.5128365874	1850	19.795948173366632	0.0	958994	3895.207419173	1.85
140073.8993960218	2850	14.409388738983193	0.0	1483527	9386.55943438344	1.85
140079.74586234835	2850	12.562922412406635	0.0	1231456	5846.4663265765585	2.85
140086.36754652436	2850	9.941238236417677	0.0	1364537	6621.6841759889585	2.85
140089.0018224076	750	11.306962353157642	0.0	450283	2634.2758832600357	0.75
140090.94644551646	750	13.362339244281658	0.0	398865	1944.6231088759832	0.75
140092.90622159094	750	15.402563169804013	0.0	350812	1959.7760744776451	0.75
140094.96737584507	750	17.341408915665184	0.0	382355	2061.154254138828	0.75
140097.08971717724	750	19.219067583499456	0.0	411561	2122.341332165727	0.75
140099.48227775248	1200	20.82650700825007	0.0	520315	2392.5605752493875	0.75
140102.59742344287	1850	21.71136131788229	0.0	905515	3115.1456903677786	1.2000000000000002
140105.67172619666	1850	22.637058564107882	0.0	1060487	3074.3027537744047	1.85
140108.5342230436	1850	23.77456171716929	0.0	852833	2862.4968469385944	1.85
140111.89843333114	1850	24.41035142964243	0.0	913888	3364.2102875268615	1.85
140115.92456745022	2850	24.384217310552	0.0	1354548	4026.1341190904263	1.85
140122.66788739024	2850	21.640897370534734	0.0	1519951	6743.319940017268	2.85
140128.01249511412	2850	20.296289646664157	0.0	1422919	5344.607723870576	2.85
140133.48070844423	2850	18.828076316543083	0.0	1578343	5468.213330121074	2.85
140141.85473781015	2850	14.454046950620624	0.0	1231445	8374.029365922459	2.85
140146.81782570927	1850	13.490959051531902	0.0	923170	4963.087899088722	0.8500000000000001
140151.3135948613	1850	12.995189899474582	0.0	966699	4495.769152057321	1.85
140157.38901143233	1850	10.919773328462455	0.0	885714	6075.416571012126	1.85
140162.59454869054	1200	9.714236070267894	0.0	639204	5205.537258194561	0.5499999999999999
140169.3695140089	1200	6.939270751881488	0.0	586839	6774.965318386406	1.2
140172.1950237531	750	8.11376100768638	0.0	386472	2825.5097441951084	0.3
140175.3456633346	750	8.96312142622228	0.0	399894	3150.6395814641005	0.75
140179.37209006122	750	8.936694699571031	0.0	401853	4026.4267266512484	0.75
140187.52750021114	750	4.781284549649767	0.0	343800	8155.410149921265	0.75
140189.28733589163	300	7.021448869173927	0.0	146754	1759.8356804758398	-0.15000000000000002
140192.04448015202	300	8.264304608783737	0.0	153938	2757.14426039019	0.3
140193.79615715024	300	10.512627610541388	0.0	181901	1751.6769982423493	0.3
140195.06339872687	300	13.2453860339119	0.0	111155	1267.2415766294887	0.3
140197.4219564176	300	14.886828343200682	0.0	153605	2358.557690711219	0.3
140199.81400431733	300	16.494780443452683	0.0	149029	2392.0478997479986	0.3
140201.94526883677	300	18.363515924019396	0.0	157421	2131.264519433286	0.3
140203.80441323709	300	20.504371523698467	0.0	157488	1859.144400320928	0.3
140205.49367038082	300	22.81511437995534	0.0	143881	1689.2571437431284	0.3
140212.1684355576	750	20.140349203185295	0.0	412837	6674.765176770045	0.3
140216.1224717616	750	20.186312999205963	0.0	401088	3954.0362039793304	0.75
140219.69193239213	750	20.616852368667868	0.0	365161	3569.460630538095	0.75
140222.64381193166	750	21.66497282913202	0.0	321064	2951.8795395358507	0.75
140225.81947381207	750	22.489310948715705	0.0	361565	3175.661880416312	0.75
140228.73606174323	750	23.572723017572375	0.0	378327	2916.587931143332	0.75
140231.8192682431	750	24.489516517693364	0.0	390680	3083.2064998790133	0.75
140234.23345548147	750	26.075329279341414	0.0	345516	2414.1872383519485	0.75
140245.44527283157	750	18.863511929251466	0.0	384505	11211.81735008995	0.75
140251.52747377177	750	16.78131098902194	0.0	372093	6082.200940229526	0.75
140258.3252342316	750	13.983550529224852	0.0	438281	6797.760459797088	0.75
140261.48747471345	750	14.821310047375484	0.0	398987	3162.2404818493674	0.75
140263.9685335724	750	16.340251188418254	0.0	393804	2481.05885895723	0.75
140266.1277510425	750	18.18103371831473	0.0	331053	2159.2174701035215	0.75
140277.806674857	2850	10.502109903795471	0.0	1364537	11678.92381451926	0.75
140281.4754044252	750	10.833380335610485	0.0	450283	3668.729568184986	0.75
140284.9874681814	750	11.321316579413637	0.0	398865	3512.063756196849	0.75
140288.7099439944	750	11.598840766402162	0.0	350812	3722.4758130114747	0.75
140290.9145870228	750	13.394197738034377	0.0	382355	2204.6430283677855	0.75
140293.41336989708	750	14.895414863720983	0.0	411561	2498.7828743133914	0.75
140296.58212040467	750	15.726664356157386	0.0	318564	3168.7505075635977	0.75
140299.43058126967	750	16.878203491148	0.0	352642	2848.460865009387	0.75
140302.73156708534	750	17.577217675479673	0.0	437162	3300.985815668328	0.75
140305.46468452795	750	18.844100232870485	0.0	374758	2733.117442609187	0.75
140309.3727493312	750	18.936035429640267	0.0	362795	3908.0648032302197	0.75
140313.7430453621	750	18.56573939876319	0.0	353220	4370.296030877076	0.75
140317.45686139137	750	18.851923369476832	0.0	405134	3713.816029286354	0.75
140323.37441541677	750	16.93436934406854	0.0	386351	5917.5540254082935	0.75
140327.63790004735	750	16.670884713484405	0.0	434409	4263.4846305841365	0.75
140330.010696	750	18.29808876082369	0.0	337059	2372.7959526607137	0.75
140332.4627772556	750	19.84600750522911	0.0	366214	2452.081255594578	0.75
140334.52107434598	750	21.78771041485665	0.0	360831	2058.297090372458	0.75
140336.99826352546	750	23.310521235387256	0.0	372963	2477.1891794693965	0.75
140340.73779077514	1200	23.570993985691565	0.0	639204	3739.5272496956914	0.75
140347.3892285724	1200	20.91955618844436	0.0	586839	6651.437797247206	1.2
140357.4478484839	1200	14.86093627694484	0.0	601738	10058.61991149952	1.2
140362.81191423032	1200	13.496870530531222	0.0	616206	5364.0657464136175	1.2
140367.5003249979	1200	12.808459762946917	0.0	656471	4688.410767584304	1.2
140370.03120220173	750	14.277582559128488	0.0	343800	2530.877203818429	0.3
140371.9255065052	750	16.383278255644463	0.0	359903	1894.304303484025	0.75
140373.69313422884	750	18.615650532021483	0.0	379700	1767.6277236229826	0.75
140376.8197689379	750	19.489015822982374	0.0	425781	3126.634709039107	0.75
140380.5404673114	1200	19.768317449479124	0.0	487160	3720.6983735032536	0.75
140390.06915277196	1200	14.239631988925408	0.0	622896	9528.685460553716	1.2
140398.42412862676	1200	9.88465613410894	0.0	641447	8354.975854816468	1.2
140404.44521964522	750	7.863565115633551	0.0	358218	6021.091018475389	0.3
140410.8375743346	750	5.47121042623796	0.0	400322	6392.354689395591	0.75
140412.30515911707	300	8.003625643775615	0.0	143881	1467.5847824623454	-0.15000000000000002
140416.33448446039	300	7.974300300459066	0.0	163444	4029.325343316548	0.3
140418.89760609344	300	9.411178667418488	0.0	179328	2563.1216330405796	0.3
140420.7500656368	300	11.558719124065284	0.0	159914	1852.4595433532033	0.3
140422.67320049528	300	13.635584265574584	0.0	131610	1923.1348584907016	0.3
140424.02406156692	300	16.284723193937314	0.0	124011	1350.8610716372712	0.3
140425.61150024357	300	18.69728451727332	0.0	144254	1587.4386766639927	0.3
140427.38250730565	300	20.926277455186817	0.0	149991	1771.0070620865051	0.3
140430.58113964033	750	21.72764512049657	0.0	345516	3198.632334690247	0.3
140436.35705607387	750	19.95172868695771	0.0	384505	5775.9164335388605	0.75
140442.0676188087	750	18.24116595211418	0.0	372093	5710.562734843529	0.75
140445.81904442082	750	18.489740340020923	0.0	438281	3751.4256120932596	0.75
140449.70605290437	750	18.602731856462306	0.0	398987	3887.008483558616	0.75
140454.8579552951	1200	17.45082946574385	0.0	638661	5151.902390718452	0.75
140458.67184108065	1200	17.636943680198453	0.0	538612	3813.8857855454007	1.2
140472.40867632968	2850	7.900108431150968	0.0	1364537	13736.835249047484	1.2000000000000002
140476.32646350007	750	7.982321260780054	0.0	450283	3917.7871703709134	0.75
140479.20279590084	750	9.105988859974456	0.0	398865	2876.332400805599	0.75
140481.30550421742	750	11.003280543415142	0.0	350812	2102.708316559312	0.75
140483.50599723132	750	12.80278752951795	0.0	382355	2200.4930138971936	0.75
140486.3580146608	750	13.950770100019888	0.0	411561	2852.017429498061	0.75
140489.8900646786	750	14.418720082253213	0.0	318564	3532.050017766676	0.75
140495.48168316702	750	12.827101593830012	0.0	352642	5591.618488423202	0.75
140501.25370992	750	11.055074840832257	0.0	437162	5772.0267529977555	0.75
140511.34953944804	750	4.959245312802191	0.0	374758	10095.829528030064	0.75
140513.65131075884	300	6.657474002036637	0.0	139105	2301.771310765554	-0.15000000000000002
140516.11944734218	300	8.189337418669863	0.0	141840	2468.1365833667733	0.3
140519.5437110746	300	8.765073686266971	0.0	156148	3424.263732402893	0.3
140523.36799754083	300	8.940787220022587	0.0	160746	3824.2864662443844	0.3
140526.1569090631	300	10.151875697759452	0.0	179801	2788.9115222631344	0.3
140527.8341707479	300	12.474614012966438	0.0	140051	1677.2616847930144	0.3
140529.12957788937	300	15.179206871493829	0.0	138313	1295.4071414726088	0.3
140530.4128093168	300	17.89597544409469	0.0	143509	1283.231427399137	0.3
140531.74064993064	300	20.568134830267123	0.0	150616	1327.8406138275668	0.3
140535.762251115	750	20.546533645893284	0.0	405596	4021.601184373841	0.3
140544.03550879812	750	16.273275962759644	0.0	350713	8273.257683133637	0.75
140551.55327971943	750	12.755505041432974	0.0	386472	7517.770921326672	0.75
140558.48049494124	750	9.828289819631458	0.0	399894	6927.215221801516	0.75
140563.07509434814	750	9.233690412721892	0.0	401853	4594.599406909566	0.75
140566.2887856823	750	10.019999078558117	0.0	343800	3213.691334163774	0.75
140569.0594866772	750	11.249298083639415	0.0	359903	2770.700994918703	0.75
140572.00232908444	750	12.306455676426635	0.0	379700	2942.8424072127805	0.75
140574.22960946162	750	14.079175299258889	0.0	425781	2227.2803771677472	0.75
140575.6376803137	750	16.671104447145705	0.0	277716	1408.070852113184	0.75
140578.6709839913	1200	17.63780076956426	0.0	622896	3033.3036775814444	0.75
140582.13714942118	1200	18.171635339665738	0.0	641447	3466.1654298985254	1.2
140585.26627563598	1200	19.042509124860285	0.0	570392	3129.1262148054543	1.2
140588.03551361544	1200	20.273271145426406	0.0	620283	2769.2379794338776	1.2
140592.8230093691	1850	19.485775391751215	0.0	885062	4787.495753675191	1.2000000000000002
140598.33853085895	1850	17.970253901877825	0.0	1035329	5515.521489873389	1.85
140608.01212470204	1850	12.29666005881793	0.0	1026056	9673.593843059896	1.85
140618.9845851879	1850	5.324199572986374	0.0	943942	10972.460485831556	1.85
140622.01038772883	750	6.298397032018207	0.0	321064	3025.802540968167	-0.3500000000000001
140625.5860247944	750	6.722759966462938	0.0	361565	3575.6370655552687	0.75
140629.38744562847	750	6.921339132401338	0.0	378327	3801.420834061601	0.75
140632.8719871655	750	7.436797595360328	0.0	390680	3484.5415370410096	0.75
140635.2980665287	750	9.010718232199514	0.0	345516	2426.079363160813	0.75
140638.07139122856	750	10.237393532324077	0.0	384505	2773.324699875436	0.75
140642.26918969338	750	10.039595067484392	0.0	372093	4197.798464839685	0.75
140647.4184943787	750	8.890290382155198	0.0	438281	5149.304685329192	0.75
140654.20585042163	750	6.102934339220906	0.0	398987	6787.356042934293	0.75
140662.0403488277	750	4.0	1.7315640668212335	393804	7834.498406042139	-6.695725487331304
140663.14246411665	300	6.897884711041683	0.0	137507	1102.1152889583168	-0.15000000000000002
140665.60402058388	750	8.436328243848525	0.0	314107	2461.556467193156	0.3
140668.75306790686	750	9.287280920849556	0.0	450283	3149.04732299897	0.75
140671.3994234946	750	10.6409253331159	0.0	398865	2646.355587733656	0.75
140673.33420473797	750	12.706144089730087	0.0	350812	1934.7812433858119	0.75
140675.36360858404	750	14.676740243647298	0.0	382355	2029.4038460827896	0.75
140678.6929299394	1200	15.347418888296676	0.0	652874	3329.321355350622	0.75
140680.96033929952	1200	17.080009528151077	0.0	520315	2267.4093601456	1.2
140683.1224183721	1200	18.91793045557636	0.0	561791	2162.079072574719	1.2
140690.19459480024	1850	15.845754027441366	0.0	1060487	7072.176428134994	1.2000000000000002
140700.42598154696	1850	9.614367280721096	0.0	852833	10231.38674672027	1.85
140708.83402586405	1850	5.206322963627597	0.0	913888	8408.044317093498	1.85
140718.22645278004	750	4.0	4.186103952338919	353220	9392.426915966516	-18.35024699505735
140720.49775061937	300	5.728702160645268	0.0	156148	2271.297839354732	-0.15000000000000002
140724.1868006625	300	6.039652117526324	0.0	160746	3689.0500431189434	0.3
140727.4893142756	300	6.737138504425755	0.0	179801	3302.513613100569	0.3
140730.39424539258	300	7.832207387432238	0.0	140051	2904.9311169935177	0.3
140732.97283579587	300	9.25361698414594	0.0	138313	2578.5904032862964	0.3
140735.96919062626	300	10.257262153774132	0.0	143509	2996.3548303718094	0.3
140737.1730076297	300	13.053445150332314	0.0	150616	1203.8170034418174	0.3
140738.24630250887	300	15.980150271175091	0.0	165384	1073.294879157223	0.3
140739.09704411068	300	19.129408669364235	0.0	140881	850.7416018108564	0.3
140740.91328097915	750	21.31317180089235	0.0	386472	1816.2368684718858	0.3
140742.40793317585	750	23.81851960419899	0.0	399894	1494.6521966933567	0.75
140745.16563243727	1850	25.06082034277557	0.0	968026	2757.699261423418	0.75
140747.19725061225	1850	27.02920216779476	0.0	874175	2031.618174980813	1.85
140750.7934020185	2850	27.433050761577864	0.0	1383735	3596.1514062168976	1.85
140756.29934723658	2850	25.927105543494985	0.0	1480464	5505.9452180828785	2.85
140759.83123509915	2850	26.39521768094552	0.0	1547572	3531.887862549466	2.85
140762.5187893643	2850	27.70766341581616	0.0	1141971	2687.5542651293563	2.85
140767.80122186328	4300	26.42523091683248	0.0	2134614	5282.432498983683	2.8499999999999996
140773.83134297788	4300	24.3951098022063	0.0	2164140	6030.12111462618	4.3
140797.70940182428	4300	4.517050955816157	0.0	2113193	23878.05884639014	4.3
140803.24090777285	1200	4.0	1.0144549927435538	620283	5531.505948559711	-6.262156468797281
140807.6200764325	750	4.0	0.37916865965142915	369834	4379.168659651429	-1.3304252365011453
140808.75410203	300	6.865974402484042	0.0	163444	1134.0255975159582	-0.15000000000000002
140811.2997069995	750	8.32036943298292	0.0	401088	2545.6049695011225	0.3
140814.89964593554	750	8.720430496962436	0.0	365161	3599.938936020483	0.75
140817.1857321402	750	10.434344292275135	0.0	321064	2286.0862046873012	0.75
140821.29490798715	750	10.325168445350664	0.0	361565	4109.17584692447	0.75
140824.89243991743	750	10.72763651508591	0.0	378327	3597.531930264753	0.75
140828.49786818388	750	11.122208248620131	0.0	390680	3605.42826646578	0.75
140830.56986346343	750	13.050212969064628	0.0	345516	2071.995279555503	0.75
140833.77447326086	750	13.84560317163458	0.0	384505	3204.6097974300465	0.75
140836.76438139065	750	14.855695041817798	0.0	372093	2989.908129816783	0.75
140841.71158544283	750	13.908490989651387	0.0	438281	4947.204052166411	0.75
140849.49770752812	750	10.122368904371998	0.0	398987	7786.12208527939	0.75
140853.608582743	750	10.011493689466535	0.0	393804	4110.875214905462	0.75
140855.82590725523	750	11.794169177253869	0.0	331053	2217.3245122126655	0.75
140861.68413431064	1850	9.935942121856792	0.0	846370	5858.227055397077	0.75
140865.07795556873	750	10.542120863754732	0.0	450283	3393.8212581020607	0.75
140874.4734771423	750	5.146599290177173	0.0	398865	9395.521573577558	0.75
140877.86823864304	300	5.751837789430194	0.0	139857	3394.7615007469794	-0.15000000000000002
140878.850188955	300	8.769887477478576	0.0	155432	981.9503119516183	0.3
140880.5243067378	300	11.095769694693587	0.0	163442	1674.11778278499	0.3
140881.4711541491	300	14.148922283394588	0.0	126289	946.847411298998	0.3
140882.4723209695	300	17.14775546295815	0.0	153295	1001.1668204364365	0.3
140884.62157926487	750	18.998497167611305	0.0	437162	2149.258295346846	0.3
140887.1597110196	1200	20.460365412896476	0.0	584846	2538.131754714828	0.75
140889.6859999421	1200	21.934076490417183	0.0	560821	2526.2889224792934	1.2
140892.03484016442	1200	23.585236268076326	0.0	607410	2348.84022234086	1.2
140894.08863793098	1200	25.5314385015198	0.0	594078	2053.797766556523	1.2
140896.98095862666	1850	26.639117805838183	0.0	946851	2892.3206956816202	1.2000000000000002
140901.85900394162	2850	25.761072490867498	0.0	1578343	4878.045314970686	1.85
140906.30391663444	2850	25.31615979805016	0.0	1231445	4444.912692817338	2.85
140911.87505143796	2850	23.745024994516903	0.0	1471065	5571.134803533255	2.85
140919.93825231423	2850	19.681824118262973	0.0	1491626	8063.200876253929	2.85
140928.10672585975	2850	15.513350572751333	0.0	1358801	8168.47354551164	2.85
140941.33165812568	1850	6.288418306833267	0.0	987708	13224.932265918065	0.8500000000000001
140944.96776833234	1200	6.652308100167754	0.0	586839	3636.110206665514	0.5499999999999999

