2033.2818119974568	750	4.0	2.5066716477461757	450283	2506.6716477461755	-10.028688085308556
2034.1957047567012	300	7.086107240755475	0.0	155580	913.8927592445244	-0.15000000000000002
2035.1345606077543	300	10.147251389702294	0.0	139857	938.8558510531811	0.3
2036.2122402291463	300	13.069571768310288	0.0	155432	1077.6796213920065	0.3
2037.139566484981	300	16.142245512475732	0.0	163442	927.3262558345583	0.3
2037.8217461859542	300	19.460065811502524	0.0	126289	682.1797009732063	0.3
2038.6508671626207	300	22.630944834836136	0.0	153295	829.1209766663904	0.3
2039.548036352603	300	25.733775644853704	0.0	173849	897.1691899824326	0.3
2040.3440006994094	300	28.937811298047173	0.0	150710	795.9643468065314	0.3
2041.117376005031	300	32.164435992425844	0.0	139105	773.3753056213282	0.3
2041.7647606198702	300	35.51705137758661	0.0	141840	647.3846148392369	0.3
2043.3445226692256	750	37.93728932823116	0.0	405134	1579.7620493554598	0.3
2045.475026473762	750	39.806785523694884	0.0	386351	2130.5038045362735	0.75
2047.5760164036399	750	41.70579559381703	0.0	434409	2100.9899298778514	0.75
2049.073528787609	750	44.208283209848	0.0	337059	1497.5123839690266	0.75
2050.8972632712844	750	46.38454872617261	0.0	366214	1823.7344836753937	0.75
2052.3811522383157	750	48.90065975914094	0.0	360831	1483.888967031663	0.75
2054.107346524027	750	51.174465473429905	0.0	372963	1726.1942857110407	0.75
2055.756088206521	750	53.52572379093605	0.0	405596	1648.7416824938562	0.75
2058.207399988762	1200	55.07441200869484	0.0	586839	2451.3117822412005	0.75
2060.9992234173524	1200	56.28258858010446	0.0	601738	2791.8234285903873	1.2
2064.241422572151	1200	57.04038942530562	0.0	616206	3242.1991547988337	1.2
2066.992425328995	1200	58.28938666846164	0.0	656471	2751.002756843983	1.2
2069.5521104659397	1200	59.72970153151688	0.0	536667	2059.685136944755	1.2
2072.235484764808	1200	59.696499440197535	0.0	587236	2033.2020913193448	1.2
2074.565366169134	1200	59.805644841808814	0.0	590335	1890.8545983887204	1.2
2077.947605556247	1200	59.778038551221066	0.0	696376	3027.606290587748	1.2
2079.8592831597502	1200	59.88201629773199	0.0	487160	1896.0222534890781	1.2
2083.255448201883	1200	59.781761451672416	0.0	622896	2600.254846059572	1.2
2086.6580580494756	1200	59.923411625913204	0.0	641447	2858.3498257592055	1.2
2089.570756485	1200	59.68369241906748	0.0	570392	2239.719206845729	1.2
2092.919174100838	1200	59.79147322548761	0.0	620283	2892.219193579869	1.2
2096.3996113060994	1200	59.72785383398625	0.0	584349	3063.6193915013546	1.2
2099.7602354717374	1200	59.886950658047084	0.0	670129	3340.9031759391655	1.2
2102.322058368918	1200	59.56089970430644	0.0	690253	2326.050953740637	1.2
2105.5972061736497	1200	59.74171177366048	0.0	598727	2319.187930645965	1.2
2108.5077695749706	1200	59.684410010042825	0.0	487812	2057.3017636176533	1.2
2110.9537806888784	1200	59.99303527194029	0.0	575591	2191.374738102528	1.2
2115.047746564799	1200	59.72837052188295	0.0	605884	3764.664750057345	1.2
2121.549906940652	1200	57.22621014602967	0.0	587506	6502.160375853277	1.2
2132.690337279925	1200	50.08577980675644	0.0	566904	11140.430339273225	1.2
2137.8835340162545	1200	48.89258307042733	0.0	641452	5193.1967363291205	1.2
2141.261012173202	1200	49.51510491347981	0.0	599477	3377.4781569475194	1.2
2144.4525112929155	1200	50.323605793766255	0.0	634861	3191.49911971355	1.2
2148.8716020675024	1200	49.90451501917918	0.0	630203	4419.090774587076	1.2
2151.6504374261713	1200	51.125679660510194	0.0	638661	2778.8353586689864	1.2
2154.756714010537	1850	52.01940307614454	0.0	830730	3106.2765843656534	1.2000000000000002
2159.8860655029243	2850	50.89005158375707	0.0	1364537	5129.351492387471	1.85
2161.167889444301	750	53.60822764238015	0.0	450283	1281.82394137692	0.75
2163.0442235843957	1200	55.73189350228585	0.0	611087	1876.3341400943011	0.75
2164.860630417334	1200	57.915486669347814	0.0	571051	1816.4068329380405	1.2
2167.088606657207	1200	59.6875104294747	0.0	617681	2227.9762398731104	1.2
2171.1377566487126	1850	59.52801604285762	0.0	996749	3159.4943866170784	1.2000000000000002
2173.7816328824247	1850	59.70540572844594	0.0	801058	2322.610314411681	1.85
2177.492962100692	1850	59.994076510179134	0.0	905515	3711.3292182668047	1.85
2182.2369633994144	1850	59.2500752114563	0.0	1060487	4744.001298722832	1.85
2186.0444094462046	1850	59.44262916466601	0.0	852833	3807.4460467902877	1.85
2189.854633625599	1850	59.63240498527133	0.0	913888	3310.2241793946787	1.85
2193.795512501816	1850	59.69152610905411	0.0	939819	3940.8788762172203	1.85
2199.4409534765073	1850	58.04608513436332	0.0	917428	5645.44097469079	1.85
2201.5780854962277	1200	59.568812381194455	0.0	624282	1477.272753168863	0.5499999999999999
2205.0885701317425	1200	59.83299969671289	0.0	687371	3235.8126844815606	1.2
2207.308946184337	1200	59.5256476459323	0.0	526950	1807.3520507805915	1.2
2209.723414589026	1200	59.719925444494784	0.0	587876	2305.722201437514	1.2
2212.6355570356495	1200	59.87322732280864	0.0	617242	2346.6981216861423	1.2
2215.303727379074	1200	59.68286431356505	0.0	581493	2190.363009243592	1.2
2219.4973371017536	1200	59.489254590885636	0.0	639204	4193.609722679418	1.2
2222.4870346932953	1200	59.7281143235453	0.0	586839	2761.1402673403327	1.2
2224.6322482368137	1200	59.717286213886354	0.0	601738	2010.828109658938	1.2
2227.669046520255	1200	59.67407978909547	0.0	616206	2043.2064247908834	1.2
2230.844157058628	1200	59.77882044923442	0.0	656471	2395.2593398610493	1.2
2232.768800233189	1200	59.801424461209535	0.0	536667	1477.3959880248842	1.2
2235.21627732815	1200	59.50130950699719	0.0	587236	1800.114954212348	1.2
2240.932693189384	1850	57.78489364576373	0.0	905935	5716.415861233459	1.2000000000000002
2245.9624652808066	1850	56.755121554340946	0.0	1076599	5029.772091422779	1.85
2250.883047133678	1850	55.834539701469744	0.0	758197	4920.581852871203	1.85
2253.336685928007	1200	57.38090090714056	0.0	622896	2453.638794329188	0.5499999999999999
2255.3725609502985	1200	59.345025884849065	0.0	641447	2035.8750222914991	1.2
2257.813792721109	1200	59.786232880892165	0.0	570392	1558.7930039568957	1.2
2260.7567325396253	1200	59.951482355061	0.0	620283	2334.7505258311617	1.2
2263.5162857306464	1200	59.58080040589301	0.0	584349	1870.6819491679928	1.2
2270.062323070347	1200	57.034763066192475	0.0	670129	6546.03733970053	1.2
2277.3165990720886	1200	53.78048706445063	0.0	690253	7254.276001741849	1.2
2280.4519614503743	1200	54.64512468616497	0.0	598727	3135.362378285661	1.2
2282.9363698708594	1200	56.16071626568	0.0	487812	2484.4084204849723	1.2
2286.0254635568567	1200	57.07162257968219	0.0	575591	3089.0936859978124	1.2
2287.7970940327673	750	59.2999921037717	0.0	378327	1771.6304759104892	0.3
2290.42187132119	750	59.73244323154774	0.0	390680	2067.5488722239625	0.75
2292.7439606025378	750	59.830012798972746	0.0	345516	1402.4304325749938	0.75
2295.134970085804	1200	59.543837481726484	0.0	641452	2286.17531724626	0.75
2297.646181180015	1200	59.951149017630584	0.0	599477	2092.6884640959056	1.2
2300.298325391812	1200	59.77883822678996	0.0	634861	2172.310790840625	1.2
2302.879727420687	1850	59.928053922830685	0.0	958994	2350.7843039592667	1.2000000000000002
2307.7080533119115	2850	59.099728031606105	0.0	1483527	4828.325891224583	1.85
2313.0485226008427	4300	57.759258742674994	0.0	1961140	5340.469288931109	2.8499999999999996
2318.774784586439	4300	56.03299675707817	0.0	2155012	5726.261985596821	4.3
2320.8020546508014	750	58.005726692716294	0.0	450283	2027.2700643618782	0.75
2323.08651747782	1850	59.72126386569724	0.0	957685	2284.462827019054	0.75
2326.712136575903	1850	59.56215820768002	0.0	877771	2659.1056580172212	1.85
2330.3456830154773	1850	59.928611768106045	0.0	933276	3633.546439573975	1.85
2333.776272906638	1850	59.904346762345625	0.0	996749	3024.265005760415	1.85
2336.8461696529807	1850	59.761560831874775	0.0	801058	2642.7859304708495	1.85
2340.1323945584954	1850	59.527503787053206	0.0	905515	2734.0570448215703	1.85
2344.7655570454976	1850	58.894341300050996	0.0	1060487	4633.162487002205	1.85
2347.7562894264042	1850	59.903608919144574	0.0	852833	2490.7323809064287	1.85
2351.3422049759793	1850	59.67318250865747	0.0	913888	2730.4264104871045	1.85
2355.2872022313973	1850	59.5539284504927	0.0	939819	3119.2540581647672	1.85
2359.4067250839876	1850	59.43440559790217	0.0	917428	4119.522852590524	1.85
2364.080589447412	1850	58.76054123447766	0.0	946851	4673.864363424517	1.85
2371.980868385322	1850	54.86026229656805	0.0	1036454	7900.278937909605	1.85
2376.9851631351557	1200	53.85596754673442	0.0	526950	5004.2947498336325	0.5499999999999999
2385.3383329822923	1200	49.50279769959774	0.0	587876	8353.169847136678	1.2
2388.9289480119437	1200	49.91218266994674	0.0	617242	3590.6150296510104	1.2
2393.964351950939	1200	48.87677873095096	0.0	581493	5035.4039389957725	1.2
2398.6542607303572	1200	48.18686995153309	0.0	639204	4689.908779417873	1.2
2402.5585588392205	1200	48.28257184267004	0.0	586839	3904.2981088630504	1.2
2406.305745380923	1200	48.5353853009677	0.0	601738	3747.186541702343	1.2
2408.6740172207114	1200	50.167113461179184	0.0	616206	2368.2718397885105	1.2
2411.130694040773	1200	51.71043664111764	0.0	656471	2456.6768200615456	1.2
2413.3999858927914	1200	53.44114478909953	0.0	536667	2269.2918520181047	1.2
2415.753250521189	1200	55.08788016070179	0.0	587236	2353.264628397737	1.2
2417.4097750924975	1200	57.43135558939324	0.0	590335	1656.5245713085549	1.2
2419.789006349972	1200	59.052124331918705	0.0	696376	2379.2312574745374	1.2
2422.261852032524	1200	59.844475148556256	0.0	487160	1707.649183362446	1.2
2424.750309485396	1200	59.68334467171536	0.0	622896	1661.130476840897	1.2
2428.435806331089	1200	59.99784782602219	0.0	641447	3685.4968456931774	1.2
2435.47485968517	1850	56.95879447194127	0.0	873429	7039.053354080922	1.2000000000000002
2444.67146853478	1200	51.76218562233093	0.0	620283	9196.60884961034	0.5499999999999999
2449.6034190310747	750	50.830235126036435	0.0	369834	4931.950496294493	0.3
2454.547974174265	750	49.8856799828457	0.0	412837	4944.555143190741	0.75
2460.6808160218725	750	47.75283813523843	0.0	401088	6132.841847607277	0.75
2464.508646816255	750	47.92500734085615	0.0	365161	3827.8307943822733	0.75
2470.177483745347	750	46.25617041176374	0.0	321064	5668.8369290924065	0.75
2471.1928090358924	300	49.24084512121831	0.0	124011	1015.3252905454375	-0.15000000000000002
2472.3265372016917	300	52.10711695541915	0.0	144254	1133.7281657991575	0.3
2473.6664563784543	300	54.7671977786565	0.0	149991	1339.91917676265	0.3
2475.1059368107467	300	57.32771734636424	0.0	147968	1439.4804322922646	0.3
2476.5835674513346	300	59.850086705776526	0.0	161857	1477.63064058771	0.3
2478.2880218218224	300	59.83865199151742	0.0	145210	1011.4347142591046	0.3
2485.0145005735667	750	57.112173239773114	0.0	438281	6726.478751744308	0.3
2489.5498777495836	750	56.576796063756156	0.0	398987	4535.377176016955	0.75
2493.119648624999	750	57.007025188340705	0.0	393804	3569.7708754154546	0.75
2499.7867389581934	1200	54.33993485514616	0.0	538612	6667.090333194544	0.75
2507.401585918644	2850	50.72508789469569	0.0	1364537	7614.846960450474	1.2000000000000002
2509.339534504296	750	52.787139309043845	0.0	450283	1937.9485856518465	0.75
2511.376999151888	750	54.74967466145173	0.0	398865	2037.464647592121	0.75
2512.9857993017267	750	57.14087451161294	0.0	350812	1608.8001498387837	0.75
2514.2854601009285	750	59.84121371241114	0.0	382355	1299.660799201805	0.75
2517.2914241136673	1200	59.983460673709246	0.0	652874	2357.753038701895	0.75
2520.0045680806606	1200	59.900994177231055	0.0	520315	2082.466496478192	1.2
2523.8996603088294	1200	59.843786798404196	0.0	561791	3557.207378826864	1.2
2527.594110509925	1200	59.600504122527575	0.0	709534	3243.282675876619	1.2
2532.3601377547807	1200	58.83447687767184	0.0	584846	4766.02724485574	1.2
2535.3216210762907	1200	59.87299355616147	0.0	560821	2961.483321510372	1.2
2539.3766570385665	1200	59.73031462081595	0.0	607410	3142.6789353455183	1.2
2543.8150515882635	1200	59.29192007111911	0.0	594078	4438.3945496968445	1.2
2546.4846156417734	1200	59.80701383267783	0.0	624282	2484.906238441274	1.2
2549.725712159901	1200	59.88879448114824	0.0	687371	2418.2193515295958	1.2
2552.957466422064	1200	59.60935593336543	0.0	526950	2279.4385477828137	1.2
2556.979601988383	1200	59.58722036704645	0.0	587876	4022.135566318975	1.2
2560.5000534689443	1200	59.9582202671157	0.0	617242	3129.000099930755	1.2
2565.679464387298	1200	58.77880934876227	0.0	581493	5179.410918353422	1.2
2568.592523808677	1200	59.86574992738292	0.0	639204	2413.0594213793497	1.2
2571.227260716459	1200	59.558342333673515	0.0	586839	2307.407593709407	1.2

