7742.261998069622	750	4.0	2.455865542160218	450283	2455.865542160218	-9.810221831288937
7743.431966254202	300	6.830031815419767	0.0	155580	1169.9681845802327	-0.15000000000000002
7744.664330794496	300	9.597667275125533	0.0	139857	1232.3645402942363	0.3
7745.724684876508	300	12.537313193112777	0.0	155432	1060.354082012755	0.3
7746.695114299227	300	15.566883770393913	0.0	163442	970.4294227188637	0.3
7747.484000834744	300	18.777997234876523	0.0	126289	788.8865355173923	0.3
7748.424274162457	300	21.837723907163962	0.0	153295	940.2733277125587	0.3
7749.463008509835	300	24.79898955978487	0.0	173849	1038.7343473790925	0.3
7750.347478987386	300	27.914519082233678	0.0	150710	884.4704775511939	0.3
7751.118866532239	300	31.143131537381056	0.0	139105	771.3875448526244	0.3
7752.530772379298	750	33.731225690322525	0.0	353220	1411.9058470585267	0.3
7754.423494183842	750	35.838503885777946	0.0	405134	1892.7218045445866	0.75
7756.360174090931	750	37.90182397868897	0.0	386351	1936.6799070889722	0.75
7758.496030646867	750	39.76596742275328	0.0	434409	2135.8565559356935	0.75
7759.910719150052	750	42.35127891956856	0.0	337059	1414.6885031847187	0.75
7762.431150937577	1200	43.83084713204292	0.0	587876	2520.4317875256384	0.75
7765.347808219432	1200	44.91418985018732	0.0	617242	2916.657281855596	1.2
7767.799540493351	1200	46.46245757626944	0.0	581493	2451.732273917881	1.2
7770.535002596529	1200	47.726995473090845	0.0	639204	2735.4621031786005	1.2
7773.095795480057	1200	49.1662025895638	0.0	586839	2560.79288352704	1.2
7775.666973179045	1200	50.59502489057495	0.0	601738	2571.1776989888504	1.2
7778.336412721716	1200	51.925585347903194	0.0	616206	2669.4395426717524	1.2
7781.041955981875	1200	53.22004208774493	0.0	656471	2705.5432601582684	1.2
7783.253418511348	1200	55.008579558271606	0.0	536667	2211.4625294733205	1.2
7786.746907563273	1200	55.51509050634545	0.0	587236	3493.4890519261585	1.2
7788.665640656029	1200	57.59635741359009	0.0	590335	1918.7330927553558	1.2
7791.532859301716	1850	58.72913876790244	0.0	1076599	2867.218645687653	1.2000000000000002
7793.642515747971	1850	59.79667393190421	0.0	758197	1932.4648359982332	1.85
7796.572465972948	1850	59.61579462454396	0.0	972798	2680.87930736025	1.85
7799.367846663668	1850	59.95713973799158	0.0	975811	2158.654886552381	1.85
7802.477532454733	1850	59.8806597445438	0.0	873429	2576.4799934477796	1.85
7806.042054549096	2850	59.779501596170135	0.0	1497683	3101.1581483736654	1.85
7811.816124980563	2850	58.0054311647039	0.0	1358081	5774.070431466235	2.85
7819.8301785378735	2850	53.991377607392444	0.0	1587293	8014.053557311453	2.85
7824.2903632319185	2850	53.53119291334756	0.0	1492672	4460.18469404489	2.85
7829.0942477928975	2850	52.72730835236873	0.0	1439896	4803.884560978825	2.85
7831.294092568915	1850	54.527463576351494	0.0	728962	2199.844776017231	0.8500000000000001
7834.168708461952	1850	55.652847683315024	0.0	938587	2874.6158930364722	1.85
7837.124749015807	1850	56.696807129460005	0.0	908665	2956.04055385502	1.85
7842.511413532753	1850	55.31014261251257	0.0	930577	5386.66451694744	1.85
7848.760733872447	1850	53.06082227281849	0.0	858450	6249.320339694077	1.85
7855.208486777376	1850	50.61306936789014	0.0	1025005	6447.752904928347	1.85
7858.643962188752	1200	51.17759395651347	0.0	599477	3435.4754113766776	0.5499999999999999
7863.16328633174	1200	50.65826981352572	0.0	634861	4519.324142987745	1.2
7865.66282320123	1200	52.1587329440362	0.0	630203	2499.536869489523	1.2
7868.828704541168	1850	52.99285160409828	0.0	982064	3165.8813399379246	1.2000000000000002
7874.9570516787035	2850	50.86450446656285	0.0	1231456	6128.347137535428	1.85
7885.119442963754	2850	44.70211318151125	0.0	1364537	10162.391285051599	2.85
7886.780140610831	750	47.04141553443508	0.0	450283	1660.6976470761729	0.75
7888.828639928191	750	48.992916217074914	0.0	398865	2048.4993173601715	0.75
7891.6263908962665	1200	50.19516524899931	0.0	571051	2797.7509680756034	0.75
7896.126455788157	1200	49.69510035710856	0.0	617681	4500.064891890743	1.2
7899.485520121309	1200	50.33603602395651	0.0	652874	3359.0643331520464	1.2
7903.865402413192	1200	49.956153732072984	0.0	520315	4379.882291883527	1.2
7907.899898074017	1200	49.92165807124822	0.0	561791	4034.495660824764	1.2
7910.252798289077	1200	51.56875785618773	0.0	709534	2352.9002150604874	1.2
7912.424359847609	1200	53.39719629765636	0.0	584846	2171.5615585313744	1.2
7915.628791171781	1200	54.19276497348491	0.0	560821	3204.4313241714485	1.2
7918.7144358835685	1200	55.10712026169715	0.0	607410	3085.644711787764	1.2
7921.074937836008	1200	56.74661830925792	0.0	594078	2360.5019524392324	1.2
7923.224923085578	1200	58.596633059688585	0.0	624282	2149.9852495693367	1.2
7927.294242620348	1850	58.52731352491806	0.0	1036454	4069.3195347705264	1.2000000000000002
7931.623596875902	1850	58.19795926936372	0.0	821631	4329.354255554329	1.85
7934.261836926566	1850	59.559719218700344	0.0	923170	2638.2400506633758	1.85
7938.1529920719395	1850	59.66856407332652	0.0	966699	3891.15514537382	1.85
7941.829512747446	1850	59.992043397819685	0.0	885714	3676.520675506836	1.85
7946.260370241822	1850	59.561185903444105	0.0	987708	4430.857494375581	1.85
7950.9008731351905	1850	58.92068301007507	0.0	923755	4640.502893369043	1.85
7954.627952274872	1850	59.19360387039341	0.0	891604	3727.0791396816553	1.85
7958.54642140382	1850	59.27513474144502	0.0	955231	3918.4691289483885	1.85
7961.864833807466	1850	59.95672233779938	0.0	968026	3318.412403645638	1.85
7965.393483361242	1850	59.764969163092154	0.0	874175	3191.7531747072253	1.85
7970.946022600264	1850	58.21242992406998	0.0	897976	5552.539239022176	1.85
7975.2691257753295	1850	57.88932674900408	0.0	905935	4323.103175065903	1.85
7981.181985786025	1850	55.97646673830926	0.0	1076599	5912.860010694816	1.85
7984.747830917605	1850	56.4106216067285	0.0	758197	3565.84513158076	1.85
7990.512793577675	1850	54.6456589466577	0.0	972798	5764.962660070797	1.85
7992.101931760103	1200	57.05652076422959	0.0	641447	1589.1381824281134	0.5499999999999999
7993.5241205801585	1200	59.63433194417445	0.0	570392	1422.1888200551396	1.2
7996.306569012615	1200	59.61187452693888	0.0	620283	2022.4574172355722	1.2
7998.803635714757	1850	59.92433668347899	0.0	885062	2187.5378434598806	1.2000000000000002
8002.865968552635	1850	59.86200384560024	0.0	1035329	4062.332837878747	1.85
8005.883787686193	1850	59.677525127101966	0.0	1026056	2684.478718498279	1.85
8007.771863972612	1850	59.8461571914212	0.0	943942	1831.3679356807684	1.85
8010.433881268742	1850	59.74900271872587	0.0	728962	1597.1544726953312	1.85
8014.538759585014	2850	59.64412440245243	0.0	1499009	3604.87831627344	1.85
8018.379591003426	2850	59.803292984041065	0.0	1427478	3340.8314184113638	2.85
8021.4881641147995	2850	59.97329270741401	0.0	1402287	2830.0002766270586	2.85
8025.813181714602	2850	59.648275107611234	0.0	1339500	3825.017599802774	2.85
8029.096692618474	2850	59.5238148729498	0.0	1527299	2624.4602346614324	2.85
8032.244808049983	2850	59.98428249180036	0.0	1343002	3039.532381149442	2.85
8036.33292076599	2850	59.519517658976575	0.0	1587250	3964.7648328237838	2.85
8043.818462731456	4300	56.0339756935109	0.0	2124950	7485.541965465677	2.8499999999999996
8056.70822830038	4300	47.14421012458596	0.0	2246506	12889.765568924937	4.3
8066.7340604016445	4300	41.11837802332229	0.0	1961140	10025.832101263666	4.3
8076.65315068125	4300	35.199287743716795	0.0	2155012	9919.0902796055	4.3
8078.6033763067435	750	37.249062118222966	0.0	450283	1950.2256254938259	0.75
8080.5080718689405	750	39.34436655602585	0.0	398865	1904.6955621971188	0.75
8084.727655056193	1200	39.124783368773514	0.0	571051	4219.583187252334	0.75
8088.453234234707	1200	39.39920419025853	0.0	617681	3725.5791785149754	1.2
8099.528986275853	1200	32.32345214911304	0.0	652874	11075.752041145497	1.2
8106.914136213725	1200	28.93830221123989	0.0	520315	7385.149937873146	1.2
8112.078916170863	750	27.77352225410293	0.0	352642	5164.77995713696	0.3
8114.7503393743045	300	29.102099050660588	0.0	173849	2671.423203442342	-0.15000000000000002
8117.459632866447	300	30.39280555851822	0.0	150710	2709.2934921423694	0.3
8119.698375292451	300	32.15406313251385	0.0	139105	2238.74242600437	0.3
8122.164479984908	300	33.687958440056256	0.0	141840	2466.1046924575935	0.3
8125.589115290687	300	34.263323134277094	0.0	156148	3424.635305779163	0.3
8130.901872211237	300	32.950566213728465	0.0	160746	5312.756920548626	0.3
8132.674931549979	300	35.17750687498557	0.0	179801	1773.0593387428958	0.3

