126140.85879589572	750	4.0	2.1297200497694786	450283	2129.7200497694785	-8.407796214008757
126141.81248291487	300	7.046312980852303	0.0	155580	953.6870191476975	-0.15000000000000002
126142.78848707389	300	10.070308821839483	0.0	139857	976.0041590128205	0.3
126143.89618937486	300	12.962606520874271	0.0	155432	1107.7023009652107	0.3
126144.97685399442	300	15.881941901320028	0.0	163442	1080.6646195542435	0.3
126145.8194980351	300	19.03929786063676	0.0	126289	842.6440406832652	0.3
126147.1570783237	300	21.701717572045318	0.0	153295	1337.5802885914434	0.3
126148.83251812668	300	24.026277769056957	0.0	173849	1675.439802988362	0.3
126150.0175848929	300	26.841211002825478	0.0	150710	1185.0667662314777	0.3
126151.24550438418	300	29.61329151156123	0.0	139105	1227.9194912642488	0.3
126152.38703122515	300	32.471764670577706	0.0	141840	1141.526840983523	0.3
126153.79440877766	300	35.064387118081896	0.0	156148	1407.377552495806	0.3
126155.20103306978	300	37.65776282596704	0.0	160746	1406.6242921148591	0.3
126156.86491066677	300	39.99388522895933	0.0	179801	1663.877597007713	0.3
126157.90290884174	300	42.95588705399362	0.0	140051	1037.9981749657054	0.3
126158.91152781484	300	45.94726808089753	0.0	138313	1008.6189730960888	0.3
126162.06680261726	750	46.79199327846045	0.0	360831	3155.2748024370753	0.3
126165.8364184516	750	47.02237744413831	0.0	372963	3769.6158343221473	0.75
126169.57786350838	750	47.28093238734237	0.0	405596	3741.4450567959343	0.75
126179.46431177521	750	41.394484120520616	0.0	350713	9886.448266821752	0.75
126183.13230366111	300	41.72649223462167	0.0	157671	3667.9918858989495	-0.15000000000000002
126186.48678922317	300	42.37200667256804	0.0	157812	3354.4855620536287	0.3
126189.19854719362	300	43.660248702112966	0.0	163927	2711.7579704550812	0.3
126190.83952508171	300	46.01927081401606	0.0	137654	1640.9778880969004	0.3
126192.22438109935	300	48.634414796367025	0.0	146754	1384.8560176490369	0.3
126193.81384241351	300	51.04495348220924	0.0	153938	1589.4613141577831	0.3
126195.94630211583	300	52.912493779898604	0.0	181901	2132.4597023106353	0.3
126197.63961805512	300	55.21917784060175	0.0	111155	1693.3159392968491	0.3
126199.45387154107	300	57.40492435465025	0.0	153605	1814.2534859515085	0.3
126201.41973881856	300	59.43905707716374	0.0	149029	1965.8672774865097	0.3
126203.85641094897	300	59.511552498266695	0.0	157421	2427.50457889704	0.3
126207.59460582654	300	59.7733576206904	0.0	157488	3738.194877576303	0.3
126210.25827043685	300	59.80520653007283	0.0	143881	2468.1510906175663	0.3
126214.11763800963	300	59.945838957308126	0.0	163444	3359.3675727646983	0.3
126218.23153935662	300	59.83193761030749	0.0	179328	4113.901347000643	0.3
126220.99708592835	300	59.92305554417189	0.0	159914	1908.8820661356033	0.3
126224.32014727689	300	59.59535712270388	0.0	131610	2327.6984214680133	0.3
126227.3693107454	300	59.74345685197777	0.0	124011	2351.9002707261106	0.3
126229.24572034086	300	59.66938365314312	0.0	144254	1574.0731988346467	0.3
126231.91963893431	300	59.858092554731385	0.0	149991	1811.2910984117427	0.3
126234.56821169828	300	59.59011992027002	0.0	147968	1767.97263446136	0.3
126236.89703224185	300	59.706009713228944	0.0	161857	1884.110207041075	0.3
126239.02293334057	300	59.52041433213846	0.0	145210	1685.5953810904925	0.3
126240.88444989681	300	59.679808912837395	0.0	172312	1840.6054193010586	0.3
126243.10864346499	300	59.5131676972126	0.0	167025	2166.6412156247957	0.3
126247.04253279709	750	59.579278365132275	0.0	393804	3433.8893320803236	0.3
126255.48176780701	1200	55.140043355207844	0.0	538612	8439.235009924425	0.75
126270.42396588619	1850	44.19784527601686	0.0	846370	14942.198079190985	1.2000000000000002
126276.10127814818	750	42.520533014025574	0.0	450283	5677.312261991281	0.75
126277.4820740091	300	45.13973715313064	0.0	155580	1380.7958608949318	-0.15000000000000002
126278.66735498626	300	47.95445617595512	0.0	139857	1185.2809771755176	0.3
126279.8599967802	300	50.761814382017825	0.0	155432	1192.6417939373016	0.3
126281.30184185007	300	53.31996931214834	0.0	163442	1441.8450698694878	0.3
126282.40341748118	300	56.21839368104214	0.0	126289	1101.5756311061973	0.3
126284.52462713454	300	58.0971840276913	0.0	153295	2121.2096533508384	0.3
126286.9360997812	300	59.68571138102999	0.0	173849	2411.4726466613065	0.3
126290.97671024819	300	59.54891048190589	0.0	150710	3136.8008991241036	0.3
126292.96051299419	300	59.53891389284103	0.0	139105	1509.9965890648577	0.3
126295.52729642032	300	59.541925258234265	0.0	141840	2496.988634606766	0.3
126298.96343554789	300	59.51375309021215	0.0	156148	2528.172168022114	0.3
126302.19695399624	300	59.97597734581337	0.0	160746	3037.7757443987816	0.3
126304.40591838212	300	59.80936650485202	0.0	179801	2166.6108409613516	0.3
126307.53125165594	300	59.50337664040407	0.0	140051	2305.989864447948	0.3
126310.06415924184	300	59.79109455213582	0.0	138313	2212.2820882682577	0.3
126311.22213324619	300	59.696920298778224	0.0	143509	1094.1742533575862	0.3
126313.02694294332	300	59.67691532571358	0.0	150616	1020.004973064649	0.3
126315.2799375258	300	59.52332039649402	0.0	165384	1653.5949292195567	0.3
126316.61345262355	300	59.771262674259354	0.0	140881	1252.0577222346615	0.3
126318.78784030271	300	59.84429752243404	0.0	157671	1426.965151825316	0.3
126320.59314293586	300	59.93585746953235	0.0	157812	1408.4400529016907	0.3
126322.851608775	300	59.655055840082504	0.0	163927	1780.8016294498427	0.3
126324.991804924	300	59.65878987042737	0.0	137654	1996.265969655135	0.3
126327.37824746904	300	59.95703368758109	0.0	146754	1701.75618284628	0.3
126330.7358112367	300	59.53059498484642	0.0	153938	2426.438702734672	0.3
126333.09112797744	300	59.92899914693249	0.0	181901	2101.5958379139292	0.3
126334.90950937691	300	59.53666889861671	0.0	111155	1392.3302483157772	0.3
126336.88934751567	300	59.86977540481814	0.0	153605	1166.893493798569	0.3
126339.09877554065	300	59.60653371480759	0.0	149029	1263.2416900105534	0.3
126341.14607214832	300	59.600978578453486	0.0	157421	1505.5551363541088	0.3
126343.14679435047	300	59.51098821303955	0.0	157488	1589.9903654139237	0.3
126345.10936636402	300	59.82506812463364	0.0	143881	1185.920088405917	0.3
126346.68455440248	300	59.961800067966806	0.0	163444	1363.2680566668341	0.3
126349.38819048952	750	59.900442015344616	0.0	401088	2561.3580526221817	0.3
126353.00983686646	750	59.80575784408972	0.0	365161	3094.684171254898	0.75
126355.5110714814	750	59.91312163945661	0.0	321064	2392.636204633102	0.75
126359.02975249043	750	59.56408034009718	0.0	361565	3349.041299359438	0.75
126362.8692327885	750	59.64416004590743	0.0	378327	2919.9202941897533	0.75
126366.68212341498	750	59.831269419413694	0.0	390680	3812.8906264937336	0.75
126369.95476484689	750	59.887174018637964	0.0	345516	2944.0954007757355	0.75
126374.51257310176	750	59.32936576376556	0.0	384505	4557.808254872404	0.75
126378.15534234526	750	59.508658285017965	0.0	372093	3320.707478747595	0.75
126387.21868685061	750	54.445313779663415	0.0	438281	9063.344505354542	0.75
126391.64813008602	750	54.01587054424973	0.0	398987	4429.443235413686	0.75
126395.08982406487	750	54.5741765654079	0.0	393804	3441.6939788418263	0.75
126398.46557551413	750	55.19842511614696	0.0	331053	3375.7514492609466	0.75
126413.97833011921	1850	43.68567051105505	0.0	846370	15512.7546050919	0.75
126417.9505775174	750	43.713423112851494	0.0	450283	3972.247398203562	0.75
126419.04741810566	300	46.616582524593824	0.0	155580	1096.8405882576699	-0.15000000000000002
126419.95050478705	300	49.713495843211476	0.0	139857	903.0866813823542	0.3
126421.04897775082	300	52.61502287942545	0.0	155432	1098.4729637860241	0.3
126422.27058314491	300	55.39341748533272	0.0	163442	1221.6053940927288	0.3
126423.17037975983	300	58.493620870410275	0.0	126289	899.796614922448	0.3
126425.11576445989	300	59.756978110059585	0.0	153295	1236.6427603506888	0.3
126426.83027203051	300	59.90409529460381	0.0	173849	1352.882815455769	0.3
126428.36982547116	300	59.66063095185437	0.0	150710	1243.464342749445	0.3
126432.03594476495	300	59.994511658061825	0.0	139105	3166.119293792547	0.3
126433.81448418183	300	59.85634614548502	0.0	141840	1138.165512576812	0.3
126436.6243198189	300	59.631615279086645	0.0	156148	2224.7308663983736	0.3
126439.28038670933	300	59.77113421921084	0.0	160746	2360.4810598758013	0.3
126441.88842203026	300	59.789909474031305	0.0	179801	2481.2247451795447	0.3
126446.12470321408	300	59.55362829020056	0.0	140051	3736.2811838307434	0.3
126449.19717019702	300	59.953440678512415	0.0	138313	2600.1876116881404	0.3
126452.53072713799	300	59.84280189366117	0.0	143509	3110.6387848512436	0.3
126454.20561696793	300	59.54231605673833	0.0	150616	1300.4858369228411	0.3
126455.90600271613	300	59.5343251791522	0.0	165384	1507.9908775861347	0.3
126458.14075654456	300	59.58364570024688	0.0	140881	1450.6794789053145	0.3
126460.88585260368	300	59.69313484544423	0.0	157671	2390.510854802658	0.3
126462.31576681114	300	59.84047034387971	0.0	157812	1352.664501564521	0.3
126464.73560830788	300	59.61917444844582	0.0	163927	2221.2958954338874	0.3
126468.38435680178	300	59.56907300216587	0.0	137654	3550.101446279941	0.3
126472.57759347574	300	59.375836328195504	0.0	146754	4193.236673970373	0.3
126479.48677528214	300	56.46665452179268	0.0	153938	6909.1818064028275	0.3
126485.08396940035	300	54.86946040359148	0.0	181901	5597.194118201192	0.3
126488.1447229362	300	55.80870686774396	0.0	111155	3060.7535358475184	0.3
126492.12760717697	300	55.82582262697188	0.0	153605	3982.884240772083	0.3
126498.35924572463	300	53.59418407931015	0.0	149029	6231.638547661728	0.3
126502.89216703668	300	53.06126276725965	0.0	157421	4532.921312050498	0.3
126504.27204186721	300	55.681387936724704	0.0	157488	1379.874830534942	0.3
126505.49915638212	300	58.454273421804636	0.0	143881	1227.1145149200668	0.3
126506.88863087886	300	59.738259487414375	0.0	163444	1216.01393439026	0.3
126509.39521198272	300	59.691699216666365	0.0	179328	1546.5602707480168	0.3
126512.07009116624	300	59.69927004145604	0.0	159914	1992.4291752103252	0.3
126514.59330489014	300	59.64388818366397	0.0	131610	2055.3818577920683	0.3
126516.3155419231	300	59.906685600233295	0.0	124011	737.2025834306742	0.3
126519.41676627522	750	59.81809064894798	0.0	378327	2588.5949512853076	0.3
126522.75738016235	750	59.924598405785034	0.0	390680	2393.4922431629434	0.75
126525.78667263365	750	59.93351299213352	0.0	345516	2491.0854136515113	0.75
126528.80594566443	750	59.522980005563205	0.0	384505	2410.5329865703184	0.75
126531.91438138015	750	59.76813216979414	0.0	372093	2254.847835769065	0.75
126534.82350163498	750	59.57486598236387	0.0	438281	2193.2661874302803	0.75
126537.8657042212	750	59.736691722954774	0.0	398987	2838.1742594090906	0.75
126541.58931867527	750	59.57739865932923	0.0	393804	2659.29306362554	0.75
126546.74345745235	1850	58.42325988223597	0.0	830730	5154.1387770932715	0.75
126555.0342255179	2850	54.13249181668777	0.0	1364537	8290.768065548194	1.85
126557.70451743307	750	55.462199901506466	0.0	450283	2670.291915181301	0.75
126560.32852851026	750	56.83818882432114	0.0	398865	2624.011077185325	0.75
126562.64061018017	750	58.52610715441419	0.0	350812	2312.081669906953	0.75
126565.11436647235	750	59.91653545599809	0.0	382355	2109.5716984161045	0.75
126567.88329654057	750	59.84516271877606	0.0	411561	2571.372737222027	0.75
126569.93791034691	750	59.82663448111004	0.0	318564	2018.5282376660198	0.75
126573.21699346218	750	59.83513570780451	0.0	352642	2491.4987733055314	0.75
126577.31897271318	750	59.73315645679817	0.0	437162	3601.9792510063407	0.75
126580.53734777145	750	59.93275072414819	0.0	374758	2300.4057326499756	0.75
126583.42816681851	750	59.80732586342874	0.0	362795	2125.424860719463	0.75
126587.23598157907	750	59.99951110287441	0.0	353220	3807.8147605543254	0.75
126590.49358987369	750	59.8973114290076	0.0	405134	3102.1996738668045	0.75
126593.97697384257	750	59.5868237549496	0.0	386351	3310.487674058009	0.75
126597.79771322847	750	59.69890220939734	0.0	434409	2887.9215455522585	0.75
126600.61227248161	750	59.923531503015155	0.0	337059	2275.370706382186	0.75
126604.66394068791	750	59.812291673243095	0.0	366214	3611.239829772058	0.75
126610.56511989096	750	57.911112470196365	0.0	360831	5901.179203046734	0.75
126616.1118886241	750	56.364343737048245	0.0	372963	5546.768733148118	0.75
126625.14574807599	750	51.330484285159315	0.0	405596	9033.859451888928	0.75
126626.59727677524	300	53.87895558590477	0.0	140881	1451.5286992545416	-0.15000000000000002
126627.94982261107	300	56.526409750063394	0.0	157671	1352.5458358413757	0.3
126629.55365535445	300	58.92257700668214	0.0	157812	1603.8327433812553	0.3
126631.69721793958	300	59.72636723565915	0.0	163927	1696.209771022992	0.3
126633.08051251253	300	59.56339635623772	0.0	137654	1162.9708794214316	0.3
126634.9068046313	300	59.954912143612354	0.0	146754	1108.4842126253618	0.3
126637.07384662676	300	59.67579509896471	0.0	153938	1279.117044647637	0.3
126640.66310299904	750	59.954629388229804	0.0	425781	3221.1657107349106	0.3
126643.89947009127	750	59.88099117288205	0.0	277716	2073.6382153477543	0.75
126647.78955042586	750	59.990910838290844	0.0	400396	3390.080334591207	0.75
126651.92609822447	750	59.68904154472588	0.0	400508	3301.869293564964	0.75
126655.13239937118	750	59.52823022389074	0.0	358218	2660.8113208351447	0.75
126659.14889830862	750	59.51173128646774	0.0	400322	4016.4989374229885	0.75
126664.08079928723	750	58.57983030786508	0.0	369834	4931.900978602662	0.75
126668.0410795967	750	58.619549998390895	0.0	412837	3960.2803094741853	0.75
126672.8429581185	750	57.81767147659147	0.0	401088	4801.878521799421	0.75
126676.5334390748	750	58.12719052029386	0.0	365161	3690.4809562976184	0.75
126679.09649812117	750	59.56413147391374	0.0	321064	2563.0590463801213	0.75
126682.95432027514	750	59.706309319940296	0.0	361565	3357.8221539734404	0.75
126687.80927233618	750	58.85135725890967	0.0	378327	4854.952061030624	0.75
126691.15433841755	750	59.50629117753905	0.0	390680	3345.06608137063	0.75
126694.64534289857	750	59.895003373147844	0.0	345516	3111.287804391202	0.75
126698.61638076129	750	59.923965510422235	0.0	384505	3971.0378627256127	0.75
126702.54043212993	750	59.99991414178956	0.0	372093	3424.0513686326767	0.75
126707.15366460718	750	59.38668166454481	0.0	438281	4613.232477244743	0.75
126710.82000857829	750	59.72033769344493	0.0	398987	3666.3439710998814	0.75
126714.85338063732	750	59.68696563440794	0.0	393804	3533.3720590369903	0.75
126719.65797439632	1200	58.88237187541431	0.0	538612	4804.593758993636	0.75
126730.68504169535	2850	51.85530457637275	0.0	1364537	11027.067299041555	1.2000000000000002
126736.89417819542	750	49.64616807631742	0.0	450283	6209.1365000553305	0.75
126741.9364117212	750	48.60393455052936	0.0	398865	5042.233525788062	0.75
126745.95728312369	750	48.583063148048915	0.0	350812	4020.871402480441	0.75
126747.99184421664	300	50.54850205509585	0.0	155432	2034.5610929530694	-0.15000000000000002
126749.80299634732	300	52.73734992442131	0.0	163442	1811.1521306745442	0.3
126750.9765526141	300	55.56379365765848	0.0	126289	1173.5562667628337	0.3
126752.85795234323	300	57.68239392853168	0.0	153295	1881.3997291267926	0.3
126755.01645936827	300	59.52388690348852	0.0	173849	1658.5070250431684	0.3
126757.1567068806	300	59.50917972046383	0.0	150710	1514.7071830246841	0.3
126758.36962805802	300	59.85048929641331	0.0	139105	1158.6904240505155	0.3
126759.8638320832	300	59.57600266050137	0.0	141840	1274.4866359119374	0.3
126762.71640778883	300	59.65457350232401	0.0	156148	1921.4291581773568	0.3
126765.4676528221	300	59.58402425940664	0.0	160746	2070.5492429173755	0.3
126770.57694434641	750	58.47473273510092	0.0	434409	5109.291524305716	0.3
126773.86843247394	750	59.18324460756918	0.0	337059	3291.4881275317466	0.75
126777.10429195692	750	59.51105258718514	0.0	366214	3172.192020384038	0.75
126781.00148409301	750	59.61386045109153	0.0	360831	3897.192136093612	0.75
126784.86638289095	750	59.74896165314827	0.0	372963	3864.8987979432645	0.75
126790.00734873478	750	58.60799580931652	0.0	405596	5140.965843831749	0.75
126795.07649819188	750	57.538846352216765	0.0	350713	5069.149457099755	0.75
126798.28342767707	750	58.33191686701833	0.0	386472	3206.9294851984355	0.75
126801.31135177074	750	59.30399277335562	0.0	399894	3027.9240936627107	0.75
126804.57478323186	750	59.99814068100694	0.0	401853	2305.852092348678	0.75
126807.71989699353	750	59.86487348455019	0.0	343800	2633.2671964567494	0.75
126810.83341570209	750	59.699037412882326	0.0	359903	2665.8360716678685	0.75
126814.12420347471	750	59.65248484501807	0.0	379700	3046.5525678642525	0.75
126817.79358386624	750	59.983104453499706	0.0	425781	3169.3803915183653	0.75
126820.76817441908	750	59.93761697522044	0.0	277716	2545.487478279263	0.75
126826.8473488467	750	57.85844254759324	0.0	400396	6079.1744276271975	0.75
126834.18179977572	750	54.52399161858111	0.0	400508	7334.450929012133	0.75
126836.44896109139	300	56.25683030291474	0.0	157421	2267.1613156663657	-0.15000000000000002
126839.08034437614	300	57.62544701814508	0.0	157488	2631.383284769663	0.3
126842.79259033076	300	57.91320106352393	0.0	143881	3712.2459546211567	0.3
126845.76082758917	300	58.9449638051232	0.0	163444	2968.2372584007267	0.3
126848.90246811534	300	59.675021664358724	0.0	179328	2769.9421407644745	0.3
126852.24438251028	300	59.86041365959568	0.0	159914	3314.6080047630485	0.3
126855.10081440957	300	59.82585090503384	0.0	131610	2034.562754561841	0.3
126857.46365509756	300	59.894865133411145	0.0	124011	1930.9857716226966	0.3
126859.79871580127	300	59.878762239734556	0.0	144254	2016.1028936765842	0.3
126864.14554784744	300	59.53193019356216	0.0	149991	3846.8320461723947	0.3
126869.90140756914	300	57.77607047185483	0.0	147968	5755.859721707331	0.3
126876.51236611983	300	55.16511192116382	0.0	161857	6610.958550691011	0.3
126882.35601489303	300	53.321463147976736	0.0	145210	5843.648773187086	0.3
126887.23929931043	300	52.438178730567145	0.0	172312	4883.284417409584	0.3
126890.59958571893	300	53.07789232207149	0.0	167025	3360.286408495649	0.3
126893.55121334763	300	54.126264693369066	0.0	160064	2951.627628702429	0.3
126895.50476547368	300	56.172712567315834	0.0	137507	1953.5521260532282	0.3
126899.0938243439	750	56.58365369708519	0.0	314107	3589.058870230651	0.3
126905.4877885488	750	54.18968949218545	0.0	450283	6393.96420489973	0.75
126908.57518989035	300	55.102288150620566	0.0	155580	3087.40134156489	-0.15000000000000002
126914.26764313481	300	53.409834906167454	0.0	139857	5692.453244453116	0.3
126917.00854808584	300	54.66892995512739	0.0	155432	2740.9049510400673	0.3
126919.83706938771	300	55.84040865325743	0.0	163442	2828.5213018699546	0.3
126921.96902141918	300	57.70845662177958	0.0	126289	2131.95203147785	0.3
126923.93845524653	300	59.73902279442785	0.0	153295	1969.4338273517321	0.3
126926.2774546927	300	59.91437169902235	0.0	173849	1824.6510954054952	0.3
126928.41117537292	300	59.54918553427632	0.0	150710	1365.1861647460287	0.3
126930.16935136085	300	59.939864798066175	0.0	139105	1609.3207362101402	0.3
126932.86537780025	300	59.75627920421392	0.0	141840	1683.58559385226	0.3
126936.49333874164	300	59.81251915629223	0.0	156148	2943.760047921687	0.3
126940.39361226287	300	59.91224563507102	0.0	160746	3900.2735212212147	0.3
126944.03450327207	300	59.618537337811205	0.0	179801	3293.7082972598128	0.3
126947.88007730823	300	59.772963301645106	0.0	140051	3345.574036166103	0.3
126950.66914958949	300	59.680305535074	0.0	138313	2092.6577665711097	0.3
126953.27904856573	300	59.88156330430734	0.0	143509	2298.7422307666575	0.3
126957.28034284675	300	59.88026902328299	0.0	150616	4001.294281024344	0.3
126959.80323722326	300	59.87704734827844	0.0	165384	2503.221675004555	0.3
126962.71784538617	300	59.874579617559576	0.0	140881	2002.4677307188629	0.3
126965.56566584876	300	59.79673960237651	0.0	157671	2077.840015183065	0.3
126967.48855936117	300	59.82578306986183	0.0	157812	1470.95653251468	0.3
126969.28344343737	300	59.82880952171774	0.0	163927	1496.973548144085	0.3
126971.35263571005	300	59.69316864940683	0.0	137654	1135.64087231091	0.3
126973.30586422385	300	59.53833009268769	0.0	146754	1154.8385567191428	0.3
126974.72035815945	300	59.828778103427815	0.0	153938	1209.551989259869	0.3
126977.03317325009	300	59.93684153127883	0.0	181901	1391.936572148992	0.3
126978.91462051979	300	59.59605715567774	0.0	111155	840.7843756010863	0.3
126980.89894750746	300	59.54422510889321	0.0	153605	1051.8320467845344	0.3
126982.94569391671	300	59.91759937470431	0.0	149029	1626.625734188896	0.3
126985.12282332729	300	59.72859500694364	0.0	157421	1689.0043677606632	0.3
126986.68256527223	300	59.82278655588724	0.0	157488	1405.8084510563986	0.3
126989.85411739869	300	59.68397723959646	0.0	143881	2138.8093162907817	0.3
126993.5125878379	750	59.9961134250809	0.0	412837	3187.863814515562	0.3
126997.37447680386	750	59.980972254449185	0.0	401088	3515.141170631712	0.75
127007.52691625246	750	53.828532805836495	0.0	365161	10152.439448612682	0.75
127009.46082195637	300	55.89462710193211	0.0	131610	1933.9057039043926	-0.15000000000000002
127010.63196885737	300	58.72348020092002	0.0	124011	1171.146901012086	0.3
127012.5231551212	300	59.66800699342441	0.0	144254	1555.473207495602	0.3
127014.71673103787	300	59.81007556326072	0.0	149991	1357.9314301637014	0.3
127016.98747222565	300	59.69452721262541	0.0	147968	1615.5483506353046	0.3
127018.39724390989	300	59.94023778908596	0.0	161857	1254.2894235394492	0.3
127020.903276964	300	59.89496239236677	0.0	145210	1545.2753967191923	0.3
127023.73722070924	300	59.638869348454875	0.0	172312	1756.0930439118947	0.3
127025.82923381843	300	59.64628814451244	0.0	167025	1492.5812039424407	0.3
127029.2942382958	750	59.64850185846279	0.0	393804	2997.786286049657	0.3
127033.3629130813	1200	59.57982707294872	0.0	538612	4068.6747855140648	0.75
127044.55096503449	2850	52.39177511976493	0.0	1364537	11188.051953183794	1.2000000000000002
127048.37074301302	750	52.57199714124134	0.0	450283	3819.777978523583	0.75
127050.91907550677	750	54.0236646474936	0.0	398865	2548.332493747747	0.75
127054.26549468987	750	54.677245464383866	0.0	350812	3346.419183109734	0.75
127058.28199243064	750	54.660747723615714	0.0	382355	4016.497740768151	0.75
127062.21895716697	750	54.72378298728702	0.0	411561	3936.9647363287027	0.75
127065.13351863525	750	55.809221518999905	0.0	318564	2914.5614682871087	0.75
127073.35572367228	750	51.58701648196759	0.0	352642	8222.20503703232	0.75
127075.75975773452	300	53.1829824197303	0.0	173849	2404.0340622372814	-0.15000000000000002
127078.19986880319	300	54.742871351066924	0.0	150710	2440.111068663375	0.3
127081.04417086659	300	55.89856928766032	0.0	139105	2844.302063406605	0.3
127083.44830093454	300	57.49443921971234	0.0	141840	2404.1300679479855	0.3
127086.04104670847	300	58.90169344577084	0.0	156148	2592.7457739415004	0.3
127088.96501179477	300	59.977728359468635	0.0	160746	2423.9650863022025	0.3
127091.30299360555	300	59.58823329922994	0.0	179801	1389.4950602386987	0.3
127092.768060565	300	59.92944319478193	0.0	140051	1158.7901044480116	0.3
127094.73991294223	300	59.53715543366006	0.0	138313	1392.2877611218737	0.3
127096.0295128781	300	59.78213777377743	0.0	143509	1255.0176598826304	0.3
127098.78747776456	300	59.55044646854711	0.0	150616	1731.6913052303191	0.3
127101.28297290727	300	59.64583568780814	0.0	165384	1904.6107807389724	0.3
127102.98476768286	300	59.605380480996736	0.0	140881	1540.4552068114035	0.3
127105.45427285416	300	59.90129767974347	0.0	157671	1704.0828012532602	0.3
127107.40088948989	300	59.99570054688512	0.0	157812	1405.5971328583516	0.3
127109.23105833992	300	59.63612587330978	0.0	163927	1359.5746735753414	0.3
127111.29470183293	300	59.79460121503537	0.0	137654	1341.5246582744066	0.3
127114.05248281486	300	59.91677014143755	0.0	146754	1377.831073597813	0.3
127117.06763630892	300	59.81916834858697	0.0	153938	2097.6017928505817	0.3
127120.29743018819	300	59.71354725953748	0.0	181901	2605.621089049494	0.3
127121.99463221458	300	59.51103264145882	0.0	111155	1202.5146180786594	0.3
127123.74183230504	300	59.639276300384296	0.0	153605	1371.7563410745202	0.3

