13130.984168313335	750	4.0	2.4747613827285355	450283	2474.7613827285354	-9.891473945732702
13131.806265948451	300	7.17790236488119	0.0	155580	822.0976351188099	-0.15000000000000002
13132.44977755566	300	10.534390757673423	0.0	139857	643.5116072077666	0.3
13133.148612554394	300	13.835555758939657	0.0	155432	698.8349987337659	0.3
13135.600378756179	750	15.383789557154527	0.0	411561	2451.76620178513	0.3
13137.092307011137	750	17.891861302196805	0.0	318564	1491.9282549577229	0.75
13138.777648238229	750	20.206520075105296	0.0	352642	1685.3412270915112	0.75
13141.870725110486	750	21.113443202848472	0.0	437162	3093.0768722568205	0.75
13144.487245389771	750	22.496922923563435	0.0	374758	2616.52027928504	0.75
13147.18853546856	750	23.795632844774378	0.0	362795	2701.290078789058	0.75
13149.678874812907	750	25.30529350042841	0.0	353220	2490.33934434597	0.75
13152.438493627926	750	26.545674685409423	0.0	405134	2759.618815018985	0.75
13154.739189299808	750	28.244979013528976	0.0	386351	2300.6956718804477	0.75
13157.21726849747	750	29.766899815864654	0.0	434409	2478.079197664323	0.75
13159.315593304538	750	31.66857500879572	0.0	337059	2098.324807068932	0.75
13161.776828587525	750	33.20733972580952	0.0	366214	2461.2352829862	0.75
13163.844822992978	750	35.13934532035479	0.0	360831	2067.9944054547286	0.75
13166.510738149267	750	36.47343016406611	0.0	372963	2665.915156288685	0.75
13169.13334178373	750	37.85082652960184	0.0	405596	2622.603634464271	0.75
13171.315922900007	750	39.668245413325806	0.0	350713	2182.58111627603	0.75
13173.62714995981	750	41.35701835352203	0.0	386472	2311.227059803778	0.75
13175.7959020573	750	43.18826625603194	0.0	399894	2168.7520974900913	0.75
13179.48483754082	1200	43.49933077251018	0.0	656471	3688.9354835217614	0.75
13182.096870186258	1200	44.8872981270727	0.0	536667	2612.0326454374836	1.2
13185.055176409722	1200	45.92899190361022	0.0	587236	2958.3062234624845	1.2
13188.24663663467	1200	46.73753167866072	0.0	590335	3191.4602249494937	1.2
13192.206862324198	1200	46.77730598913455	0.0	696376	3960.2256895261744	1.2
13195.737523150754	1200	47.2466451625778	0.0	487160	3530.6608265567506	1.2
13200.821671728447	1850	46.162496584884344	0.0	972798	5084.148577693456	1.2000000000000002
13206.268794844842	1850	44.71537346848967	0.0	975811	5447.123116394674	1.85
13209.551300965972	1200	45.432867347359505	0.0	570392	3282.5061211301677	0.5499999999999999
13214.156948313395	1200	44.82721999993772	0.0	620283	4605.647347421788	1.2
13222.214091918224	1200	40.770076395107544	0.0	584349	8057.143604830177	1.2
13225.871078035641	1200	41.1130902776902	0.0	670129	3656.986117417344	1.2
13228.987612254075	1200	41.99655605925657	0.0	690253	3116.534218433635	1.2
13231.623503908047	1200	43.36066440528497	0.0	598727	2635.89165397159	1.2
13233.860958500805	1200	45.12320981252815	0.0	487812	2237.4545927568165	1.2
13236.217506215387	1200	46.76666209794412	0.0	575591	2356.547714584031	1.2
13239.113499775453	1200	47.87066853787917	0.0	605884	2895.993560064954	1.2
13243.996708956425	1850	46.98745935690541	0.0	930577	4883.209180973755	1.2000000000000002
13249.764403432377	1850	45.21976488095487	0.0	858450	5767.694475950539	1.85
13258.47552153513	1850	40.50864677820144	0.0	1025005	8711.118102753435	1.85
13262.233088327948	1200	40.75107998538365	0.0	599477	3757.56679281779	0.5499999999999999
13265.93322175606	1200	41.050946557272795	0.0	634861	3700.133428110854	1.2
13269.837127154515	1200	41.14704115881748	0.0	630203	3903.905398455313	1.2
13278.982843164209	1850	36.00132514912295	0.0	982064	9145.716009694539	1.2000000000000002
13285.578966246692	1850	33.405202066639426	0.0	830730	6596.123082483519	1.85
13300.222322830932	2850	22.761845482398957	0.0	1364537	14643.356584240468	1.85
13304.591897393426	750	22.392270919905787	0.0	450283	4369.574562493169	0.75
13308.960076944928	750	22.024091368402882	0.0	398865	4368.179551502905	0.75
13310.737029910155	750	24.247138403175946	0.0	350812	1776.952965226936	0.75
13313.13743729265	750	25.846731020682643	0.0	382355	2400.4073824933	0.75
13316.98160490914	750	26.00256340419038	0.0	411561	3844.167616492266	0.75
13319.75530585461	750	27.2288624587212	0.0	318564	2773.7009454691784	0.75
13322.434351010672	750	28.549817302657054	0.0	352642	2679.045156064145	0.75
13325.115168633214	750	29.86899968011568	0.0	437162	2680.8176225413754	0.75
13327.3073267364	750	31.676841576929213	0.0	374758	2192.1581031864675	0.75
13329.518261361267	750	33.465906952062205	0.0	362795	2210.9346248670067	0.75
13331.463650190997	750	35.52051812233148	0.0	353220	1945.3888297307276	0.75
13333.486532206847	750	37.497636106482474	0.0	405134	2022.8820158490028	0.75
13336.629861063026	1200	38.35430725030221	0.0	624282	3143.328856180263	0.75
13339.742138969295	1200	39.24202934403277	0.0	687371	3112.2779062694376	1.2
13342.279432386978	1200	40.70473592634898	0.0	526950	2537.2934176837953	1.2
13345.436542342362	1200	41.54762597096346	0.0	587876	3157.1099553855183	1.2
13349.331315150004	1200	41.652853163322675	0.0	617242	3894.7728076407843	1.2
13352.294863811798	1200	42.689304501527715	0.0	581493	2963.5486617949573	1.2
13356.634300916925	1200	42.34986739640168	0.0	639204	4339.437105126042	1.2
13360.080016583588	1200	42.904151729739304	0.0	586839	3445.71566666237	1.2
13363.206429634787	1200	43.777738678540715	0.0	601738	3126.413051198596	1.2
13367.468929223363	1200	43.51523908996414	0.0	616206	4262.499588576575	1.2
13376.109607751156	1200	38.87456056217288	0.0	656471	8640.678527791255	1.2
13381.43146604724	1200	37.55270226608955	0.0	536667	5321.858296083339	1.2
13384.153195953986	1200	38.830972359342944	0.0	587236	2721.7299067466024	1.2
13387.025035394736	1200	39.959132918593895	0.0	590335	2871.839440749046	1.2
13390.685287487064	1200	40.298880826265545	0.0	696376	3660.2520923283514	1.2
13393.246252400077	1200	41.737915913253666	0.0	487160	2560.9649130118796	1.2
13396.24131519071	1200	42.74285312261961	0.0	622896	2995.0627906340596	1.2
13399.188140434859	1200	43.796027878470674	0.0	641447	2946.8252441489285	1.2
13401.53876757561	1200	45.44540073771929	0.0	570392	2350.6271407513846	1.2
13404.14159271953	1200	46.842575593799715	0.0	620283	2602.825143919576	1.2
13406.837817538202	1200	48.14635077512841	0.0	584349	2696.224818671306	1.2
13410.929789248046	1850	48.05437906528426	0.0	1035329	4091.9717098441506	1.2000000000000002
13415.570437518661	1850	47.41373079466856	0.0	1026056	4640.6482706156985	1.85
13419.42909339386	1850	47.55507491947109	0.0	943942	3858.655875197475	1.85
13423.09535385927	1850	47.88881445405912	0.0	728962	3666.260465411963	1.85
13429.327438097505	1850	45.656730215824815	0.0	938587	6232.084238234312	1.85
13433.989883458948	1850	44.99428485438117	0.0	908665	4662.445361443646	1.85
13439.011377359504	1850	43.97279095382479	0.0	930577	5021.4939005563765	1.85
13446.147974633292	1850	40.83619368003713	0.0	858450	7136.597273787666	1.85
13453.125312810369	1200	37.858855502958804	0.0	641452	6977.338177078326	0.5499999999999999
13458.880272200038	1200	36.103896113289096	0.0	599477	5754.959389669707	1.2
13465.185933476543	1200	33.79823483678433	0.0	634861	6305.6612765047685	1.2
13473.00855878176	1200	29.975609531567013	0.0	630203	7822.625305217317	1.2
13478.729302418407	1200	28.25486589492005	0.0	638661	5720.743636646963	1.2
13484.68936149095	1200	26.294806822376714	0.0	538612	5960.059072543335	1.2
13490.95001222403	1850	24.034156089296275	0.0	846370	6260.65073308044	1.2000000000000002
13494.330376492648	750	24.653791820679253	0.0	450283	3380.3642686170224	0.75
13497.434907603312	750	25.549260710013527	0.0	398865	3104.531110665726	0.75
13500.375630917857	750	26.60853739546942	0.0	350812	2940.72331454411	0.75
13503.248907572703	750	27.73526074062245	0.0	382355	2873.276654846965	0.75
13506.346972505877	750	28.63719580744836	0.0	411561	3098.064933174093	0.75
13508.48223506855	750	30.501933244775625	0.0	318564	2135.2625626727336	0.75
13510.59266715026	750	32.39150116306566	0.0	352642	2110.4320817099633	0.75
13512.93882772844	750	34.04534058488762	0.0	437162	2346.16057817804	0.75
13514.796878447087	750	36.18728986623842	0.0	374758	1858.050718649191	0.75
13516.440946129089	750	38.54322218423691	0.0	362795	1644.0676820015115	0.75
13519.0307513545	1200	39.953416958827674	0.0	607410	2589.805225409239	0.75
13522.174161214682	1200	40.81000709864601	0.0	594078	3143.4098601816618	1.2
13525.54092308055	1200	41.4432452327774	0.0	624282	3366.761865868612	1.2
13528.894867445815	1200	42.08930086751271	0.0	687371	3353.944365264687	1.2
13531.288215589142	1200	43.69595272418673	0.0	526950	2393.348143325983	1.2
13534.145215684757	1200	44.83895262857215	0.0	587876	2857.0000956145836	1.2
13537.450275159337	1200	45.53389315399171	0.0	617242	3305.059474580444	1.2
13540.582631724836	1200	46.40153658849116	0.0	581493	3132.356565500551	1.2
13543.977610170024	1200	47.006558143302044	0.0	639204	3394.978445189121	1.2
13546.987100497536	1200	47.997067815791	0.0	586839	3009.4903275110437	1.2
13550.66314056512	1200	48.321027748208365	0.0	601738	3676.040067582638	1.2
13560.294414139351	1200	42.68975417397696	0.0	616206	9631.273574231402	1.2
13567.561033974926	1200	39.42313433840197	0.0	656471	7266.619835574986	1.2
13571.436615330202	1200	39.547552983125364	0.0	536667	3875.581355276607	1.2
13574.245160353728	750	40.73900795959961	0.0	359903	2808.5450235257526	0.3
13577.217296941593	750	41.76687137173342	0.0	379700	2972.136587866186	0.75
13580.030063691629	750	42.954104621698015	0.0	425781	2812.7667500354064	0.75
13582.540342702236	750	44.443825611091285	0.0	277716	2510.2790106067328	0.75
13585.431345794937	750	45.55282251839142	0.0	400396	2891.0030926998566	0.75
13588.301671281974	750	46.68249703135534	0.0	400508	2870.325487036084	0.75
13594.857760160741	750	44.12640815258856	0.0	358218	6556.088878766779	0.75
13598.251364664855	750	44.73280364847424	0.0	400322	3393.6045041143193	0.75
13602.435833036838	750	44.548335276491294	0.0	369834	4184.468371982947	0.75
13606.007806468593	750	44.97636184473632	0.0	412837	3571.973431754975	0.75
13609.083728130025	750	45.90044018330534	0.0	401088	3075.9216614309803	0.75
13611.91326822985	750	47.07090008348039	0.0	365161	2829.540099824957	0.75
13614.336871651667	750	48.64729666166413	0.0	321064	2423.6034218162617	0.75
13616.610622973652	750	50.37354533967709	0.0	361565	2273.751321987036	0.75
13618.875072170773	750	52.10909614255525	0.0	378327	2264.4491971218404	0.75
13623.224473157572	1200	51.75969515575708	0.0	587506	4349.400986798174	0.75
13628.778890305848	1200	50.205278007480516	0.0	566904	5554.417148276566	1.2
13651.065242981009	1200	31.918925332319475	0.0	641452	22286.352675161037	1.2
13685.598699502834	1200	4.0	2.61453118950564	599477	34533.456521825115	-10.042484114874252
13695.373893037278	300	4.0	5.775193534443817	172312	9775.193534443817	-25.43333219810841
13703.561414281816	300	4.0	4.187521244536751	167025	8187.5212445367515	-17.70634135150803
13714.10800073868	300	4.0	6.546586456865427	160064	10546.586456865427	-27.850321764521333
13719.057929839986	300	4.0	0.9499291013056572	137507	4949.929101305657	-3.784695135614326
13724.818717995317	300	4.0	1.7607881553311717	118421	5760.788155331172	-7.271389067924038
13746.269845442897	750	4.0	17.451127447581253	450283	21451.127447581253	-74.2898480245994
13749.911866456225	300	4.357978986670542	0.0	155580	3642.021013329459	-0.15000000000000002
13755.711108400501	300	4.0	1.441262957605325	139857	5799.241944275866	-5.897430717702898
13760.902329097416	300	4.0	1.1912206969141097	155432	5191.22069691411	-4.822248996730671
13769.67461837034	300	4.0	4.772289272922668	163442	8772.289272922668	-20.22084387356747
13776.073603631645	300	4.0	2.3989852613057674	126289	6398.985261305767	-10.015636623614798
13784.765294646402	300	4.0	4.69169101475672	153295	8691.69101475672	-19.874271363453893
13793.546559023835	300	4.0	4.781264377431586	173849	8781.264377431586	-20.259436822955816
13801.017142735242	300	4.0	3.470583711405655	150710	7470.583711405655	-14.623509959044314
13809.607375911375	300	4.0	4.590233176135178	139105	8590.233176135178	-19.438002657381265
13815.518608479431	300	4.0	1.9112325680560143	141840	5911.232568056014	-7.918300042640861
13823.679745996615	300	4.0	4.161137517184681	156148	8161.137517184681	-17.592891323894126
13831.217613394343	300	4.0	3.5378673977266	160746	7537.8673977266	-14.912829810224379
13835.738453404478	300	4.0	0.5208400101339985	179801	4520.8400101339985	-1.9396120435761934

