133355.14978302523	750	4.0	2.0056947420318303	450283	2005.6947420318304	-7.874487390736871
133356.5719449587	300	6.577838066527234	0.0	155580	1422.1619334727661	-0.15000000000000002
133357.8451371636	300	9.304645861629531	0.0	139857	1273.192204897704	0.3
133359.14129566346	300	12.008487361760013	0.0	155432	1296.1584998695178	0.3
133360.7645289007	300	14.385254124506286	0.0	163442	1623.2332372537276	0.3
133362.01305137927	300	17.136731645954175	0.0	126289	1248.5224785521095	0.3
133363.47314230734	300	19.67664071787238	0.0	153295	1460.0909280817925	0.3
133364.8617797076	300	22.28800331759957	0.0	173849	1388.6374002728135	0.3
133366.09425655697	300	25.05552646823848	0.0	150710	1232.4768493610895	0.3
133367.45112992058	300	27.698653104618778	0.0	139105	1356.873363619702	0.3
133368.7241309703	300	30.4256520549129	0.0	141840	1273.001049705879	0.3
133370.0597009216	300	33.090082103597055	0.0	156148	1335.5699513158438	0.3
133371.76689852477	300	35.3828845004447	0.0	160746	1707.1976031523513	0.3
133373.2954977552	300	37.854285270004155	0.0	179801	1528.5992304405486	0.3
133374.53750563262	300	40.61227739257981	0.0	140051	1242.007877424343	0.3
133375.66735377762	300	43.48242924758203	0.0	138313	1129.8481449977787	0.3
133376.96024007653	300	46.18954294867817	0.0	143509	1292.886298903866	0.3
133378.35431344755	300	48.7954695776677	0.0	150616	1394.0733710104641	0.3
133379.87867701828	300	51.27110600693881	0.0	165384	1524.363570728895	0.3
133381.16350321978	300	53.9862798054215	0.0	140881	1284.8262015173113	0.3
133382.5962064754	300	56.553576549792034	0.0	157671	1432.7032556294682	0.3
133384.11600773918	300	59.03377528602147	0.0	157812	1519.8012637705604	0.3
133385.78099598392	300	59.888740891649846	0.0	163927	1645.0343943716293	0.3
133387.0525874233	300	59.622922097155225	0.0	137654	1265.8187944946187	0.3
133388.96735313165	300	59.8679255654111	0.0	146754	1254.996531744132	0.3
133390.64112671668	300	59.8054233612069	0.0	153938	1062.5022042041942	0.3
133392.10842473642	300	59.577910041755594	0.0	181901	1227.5133194513055	0.3
133393.87421663932	300	59.54090644044624	0.0	111155	1037.0036013093586	0.3
133396.05669852084	300	59.96855965047263	0.0	153605	1072.346789973612	0.3
133398.33548747053	300	59.69423272140696	0.0	149029	1274.3269290656676	0.3
133400.25448346892	300	59.5914657325182	0.0	157421	1102.7669888887517	0.3
133401.97813825205	300	59.548252845719624	0.0	157488	1043.2128867985787	0.3
133404.14929384398	300	59.888395997905555	0.0	143881	1159.8568478140674	0.3
133406.0609999917	300	59.50769229611159	0.0	163444	1880.7037017939633	0.3
133408.24697808342	300	59.62520447320254	0.0	179328	1382.4878229090534	0.3
133409.84671541734	300	59.85708094065403	0.0	159914	1268.123532548512	0.3
133411.71877738793	300	59.52235685605488	0.0	131610	1334.724084599156	0.3
133414.0038691851	300	59.978479900447425	0.0	124011	1543.876955607447	0.3
133417.09143512748	300	59.90030435005025	0.0	144254	2578.1755503971794	0.3
133419.9141548913	300	59.9226396641379	0.0	149991	2477.664685912347	0.3
133422.14569356976	300	59.83039786385048	0.0	147968	2092.241800287419	0.3
133424.80269139158	300	59.90654739203888	0.0	161857	1923.8504718115935	0.3
133427.63262759818	300	59.67665296372822	0.0	145210	2229.8944283106603	0.3
133429.92180797117	300	59.77358366638893	0.0	172312	1903.0692973392931	0.3
133432.91436860067	300	59.78035888945613	0.0	167025	1993.224776932793	0.3
133434.9366845923	300	59.728868819933844	0.0	160064	1551.4900695222905	0.3
133437.65804918134	750	59.598599486465865	0.0	331053	2630.26933346798	0.3
133444.03533049836	1850	57.221318169440494	0.0	846370	6377.281317025375	0.75
133447.7393903838	750	57.517258284019924	0.0	450283	3704.0598854205646	0.75
133450.6228946642	750	58.63375400360099	0.0	398865	2883.5042804189325	0.75
133453.25000783743	750	59.627667786208754	0.0	350812	2506.0862173922337	0.75
133457.03262303383	750	59.84505258982331	0.0	382355	3282.6151963854395	0.75
133463.1961533802	750	57.68152224342681	0.0	411561	6163.530346396496	0.75
133469.32962208876	750	55.54805353489725	0.0	318564	6133.4687085295645	0.75
133476.0861196126	750	52.79155601103907	0.0	352642	6756.497523858175	0.75
133478.74997265823	300	54.127702965409945	0.0	173849	2663.8530456291255	-0.15000000000000002
133481.9928886499	300	54.88478697374291	0.0	150710	3242.915991667029	0.3
133484.7025297186	300	56.17514590505032	0.0	139105	2709.641068692596	0.3
133487.93335303824	300	56.94432258538705	0.0	141840	3230.823319663275	0.3
133490.85838320106	300	58.01929242257038	0.0	156148	2925.030162816665	0.3
133493.81252048604	300	59.0651551375894	0.0	160746	2954.137284980987	0.3
133497.35862834178	300	59.519047281850476	0.0	179801	3046.1078557389224	0.3
133500.53039425114	300	59.58898805726603	0.0	140051	2930.059224584454	0.3
133504.22121731093	300	59.8981649974617	0.0	138313	3190.8230598043283	0.3
133508.12962864403	300	59.98975366438312	0.0	143509	3408.411333078568	0.3
133511.39449397576	300	59.51779153734386	0.0	150616	2471.9621270392686	0.3
133514.99517179033	300	59.917113722775774	0.0	165384	3100.677814568085	0.3
133518.3474663322	300	59.70325696146918	0.0	140881	2713.8567613065866	0.3
133520.97807010118	300	59.85167396726444	0.0	157671	2351.582994204745	0.3
133523.05880621786	300	59.79081629630138	0.0	157812	2060.857670963061	0.3
133525.52379670073	300	59.86876027774573	0.0	163927	1922.0560185556499	0.3
133527.81137261225	300	59.68093955411096	0.0	137654	1687.82072363477	0.3
133530.51041097942	300	59.72179796449264	0.0	146754	2459.14158961832	0.3
133533.1447199802	300	59.59459185288354	0.0	153938	2627.2061116091004	0.3
133537.0293695145	300	59.70994231858381	0.0	181901	3384.6495342997196	0.3
133540.17115275675	300	59.94592690917869	0.0	111155	2764.0154094051336	0.3
133542.3339031216	300	59.67793564318971	0.0	153605	1767.991265988977	0.3
133543.8873009458	300	59.69411628050948	0.0	149029	1483.8193626802265	0.3
133546.28505687052	300	59.715027548908544	0.0	157421	1479.0887316009357	0.3
133547.8095386392	300	59.936620261123856	0.0	157488	1278.407287784692	0.3
133548.87841201105	300	59.96522081567045	0.0	143881	971.399445453404	0.3
133552.19392558726	750	59.54670099073906	0.0	412837	2918.519824931387	0.3
133556.25161497114	750	59.48901160685768	0.0	401088	4057.689383881378	0.75
133562.0332554692	750	57.70737110882118	0.0	365161	5781.640498036503	0.75
133569.81763970084	750	53.92298687715949	0.0	321064	7784.384231661691	0.75
133573.16964241338	300	54.5709841646262	0.0	124011	3352.002712533276	-0.15000000000000002
133576.04797450866	300	55.69265206935299	0.0	144254	2878.3320952732156	0.3
133581.17866701598	300	54.561959562046525	0.0	149991	5130.692507306464	0.3
133583.91421893978	300	55.82640763821348	0.0	147968	2735.551923833043	0.3
133586.0733481586	300	57.667278419430694	0.0	161857	2159.1292187827835	0.3
133587.75503060227	300	59.60564535887976	0.0	145210	1561.633060550936	0.3
133590.82586996933	300	59.824250366935075	0.0	172312	2281.394991944682	0.3
133594.27936766593	300	59.597723706171514	0.0	167025	2726.5266607635626	0.3
133596.16078795248	300	59.620999080841905	0.0	160064	1476.7246253296098	0.3
133600.1304603472	750	59.651326686118104	0.0	331053	2969.6723947237983	0.3
133615.19866876438	1850	48.58311826894056	0.0	846370	15068.20841717754	0.75
133627.6658010971	750	40.115985936211075	0.0	450283	12467.132332729489	0.75
133631.52972622935	300	40.25206080395116	0.0	155580	3863.9251322599143	-0.15000000000000002
133636.58373517462	300	39.19805185867639	0.0	139857	5054.008945274764	0.3
133640.22459823778	300	39.557188795530166	0.0	155432	3640.8630631462324	0.3
133643.84949356786	300	39.9322934654394	0.0	163442	3624.89533009077	0.3
133645.78015366278	300	42.00163337051883	0.0	126289	1930.660094920565	0.3
133650.54005011794	300	41.24173691535343	0.0	153295	4759.896455165401	0.3
133655.85162409605	300	39.93016293723492	0.0	173849	5311.573978118513	0.3
133660.54941879297	300	39.232368240329805	0.0	150710	4697.794696905109	0.3
133664.99801614517	300	38.783770888127485	0.0	139105	4448.59735220232	0.3
133669.8398654199	300	37.941921613400616	0.0	141840	4841.849274726872	0.3
133674.88617931897	300	36.89560771433135	0.0	156148	5046.313899069267	0.3
133681.8846838557	300	33.89710317761328	0.0	160746	6998.504536718064	0.3
133686.44594300052	300	33.335844032780784	0.0	179801	4561.2591448324965	0.3
133689.15574094906	300	34.62604608424554	0.0	140051	2709.7979485352485	0.3
133693.8216262854	300	33.960160747896225	0.0	138313	4665.885336349306	0.3
133696.15604042282	300	35.625746610471325	0.0	143509	2334.414137424899	0.3
133702.51394417393	300	33.26784285938121	0.0	150616	6357.903751090112	0.3
133708.46686925724	300	31.314917776046798	0.0	165384	5952.925083334417	0.3
133712.227412087	300	31.554374946300932	0.0	140881	3760.5428297458643	0.3
133717.5867718364	300	30.1950151969246	0.0	157671	5359.359749376334	0.3
133724.95626136955	300	26.825525663765593	0.0	157812	7369.48953315901	0.3
133730.64055114478	300	25.141235888515794	0.0	163927	5684.289775249794	0.3
133733.83552900748	300	25.946258025820182	0.0	137654	3194.977862695615	0.3
133740.22608687196	300	23.55570016134775	0.0	146754	6390.557864472429	0.3
133747.99134405615	300	19.790442977159238	0.0	153938	7765.257184188515	0.3
133757.50057198582	300	14.281215047496627	0.0	181901	9509.22792966261	0.3
133760.2880277079	300	15.49375932542427	0.0	111155	2787.4557220723577	0.3
133762.1177312264	300	17.664055806935707	0.0	153605	1829.7035184885638	0.3
133763.39718818906	300	20.384598844254207	0.0	149029	1279.4569626814996	0.3
133765.0923181503	300	22.689468883028805	0.0	157421	1695.1299612253995	0.3
133766.43600680152	300	25.345780231799484	0.0	157488	1343.6886512293236	0.3
133767.75589492114	300	28.025892112212752	0.0	143881	1319.8881195867339	0.3
133769.37746185216	300	30.4043251811813	0.0	163444	1621.5669310314522	0.3
133771.0385881289	300	32.74319890444034	0.0	179328	1661.12627674096	0.3
133772.4071595829	300	35.37462745043436	0.0	159914	1368.5714540059744	0.3
133773.3814197817	300	38.4003672516319	0.0	131610	974.2601988024643	0.3
133774.6057342094	300	41.17605282392123	0.0	124011	1224.3144277106696	0.3
133776.01174571848	300	43.7700413148297	0.0	144254	1406.0115090915328	0.3
133777.4475521056	300	46.3342349277379	0.0	149991	1435.8063870917929	0.3
133779.0164268564	300	48.76536017695159	0.0	147968	1568.8747507863125	0.3
133780.41814238127	300	51.363644652072495	0.0	161857	1401.715524879098	0.3
133781.6429221389	300	54.138864894425424	0.0	145210	1224.7797576470703	0.3
133783.08049915428	300	56.701287879052835	0.0	172312	1437.577015372588	0.3
133784.44802690847	300	59.33376012487152	0.0	167025	1367.5277541813227	0.3
133788.2056089704	750	59.576178062954334	0.0	393804	3257.5820619171777	0.3
133793.39094533215	1200	58.39084170118739	0.0	538612	5185.336361766948	0.75
133805.86033324664	2850	49.92145378670941	0.0	1364537	12469.387914477984	1.2000000000000002
133809.18916691764	750	50.59262011569993	0.0	450283	3328.833671009473	0.75
133812.7668765732	750	51.014910460115246	0.0	398865	3577.709655584685	0.75
133817.09171880962	750	50.69006822369464	0.0	350812	4324.842236420607	0.75
133821.07408198784	750	50.707705045484715	0.0	382355	3982.3631782099233	0.75
133824.38237553844	750	51.3994114948875	0.0	411561	3308.293550597212	0.75
133826.9957525816	750	52.7860344517178	0.0	318564	2613.377043169698	0.75
133829.44766895118	750	54.334118082147185	0.0	352642	2451.916369570619	0.75
133832.9310461551	750	54.850740878219135	0.0	437162	3483.377203928052	0.75
133835.61381276793	750	56.16797426540606	0.0	374758	2682.7666128130763	0.75
133837.96416803487	750	57.817618998459054	0.0	362795	2350.35526694701	0.75
133840.55632252066	750	59.22546451267394	0.0	353220	2592.1544857851195	0.75
133844.20611042556	750	59.57567660777569	0.0	405134	3149.7879048982395	0.75
133847.36258135218	750	59.80445021159701	0.0	386351	2771.226396178685	0.75
133852.40396313035	750	58.76306843341408	0.0	434409	5041.381778182935	0.75
133855.3530464428	750	59.81398512099074	0.0	337059	2949.0833124233322	0.75
133859.4211082211	750	59.57280904234223	0.0	366214	3741.176078648519	0.75
133863.16184928492	750	59.832067978518786	0.0	360831	3240.741063823435	0.75
133866.5381088271	750	59.96175158919326	0.0	372963	2870.3163893255237	0.75
133871.37602342558	750	59.12383699072597	0.0	405596	4837.914598467294	0.75
133874.64521731815	750	59.71216892009101	0.0	350713	2911.66807063496	0.75
133879.03888737643	750	59.31849886178011	0.0	386472	4393.670058310905	0.75
133883.4936455799	750	58.86374065832828	0.0	399894	4454.7582034518255	0.75
133888.55768949757	750	57.799696740660885	0.0	401853	5064.043917667394	0.75
133893.053387641	750	57.303998597226766	0.0	343800	4495.698143434111	0.75
133896.3831577044	750	57.97422853381133	0.0	359903	3329.7700634154407	0.75
133900.13373921753	750	58.22364702068326	0.0	379700	3750.5815131280665	0.75
133909.61137006918	750	52.746016169031556	0.0	425781	9477.630851651706	0.75
133911.42540245215	300	54.93198378606173	0.0	111155	1814.0323829698345	-0.15000000000000002
133913.37692431212	300	56.98046192608364	0.0	153605	1951.521859978087	0.3
133914.70445682184	300	59.65292941638855	0.0	149029	1327.5325096950946	0.3
133916.11035806444	300	59.899361457907816	0.0	157421	1253.567958480735	0.3
133917.3863544815	300	59.817029891429925	0.0	157488	1082.3315664778884	0.3
133918.88741393198	300	59.833832591491394	0.0	143881	1483.1972999385296	0.3
133922.97751740308	300	59.74372912039972	0.0	163444	4090.1034710916715	0.3
133927.20144010376	300	59.5198064197287	0.0	179328	4223.922700671018	0.3
133930.73513180495	300	59.986114718541835	0.0	159914	3533.6917011868663	0.3
133933.2144151633	300	59.64426305111386	0.0	131610	1341.8516674279751	0.3
133935.53082033715	300	59.899776309642384	0.0	124011	1744.4867414714856	0.3
133936.89495946706	300	59.808665960877185	0.0	144254	1091.1103487651908	0.3
133938.3994676261	300	59.63292627194415	0.0	149991	1175.739688933042	0.3
133941.53334969477	300	59.850369472657945	0.0	147968	2282.5567992861966	0.3
133945.2526730555	300	59.82687042696788	0.0	161857	3023.499045690072	0.3
133949.46462343383	300	59.61492004863444	0.0	145210	3711.9503783334367	0.3
133953.28595063428	300	59.77764379511744	0.0	172312	2837.276253516993	0.3
133957.408914609	300	59.65467982042167	0.0	167025	3622.963974695775	0.3
133960.57101170128	300	59.79763873508131	0.0	160064	2857.041085340361	0.3
133964.26126855987	300	59.734538309263876	0.0	137507	3563.100425817434	0.3
133967.15607888976	750	59.54621136070657	0.0	314107	2688.326948557303	0.3
133971.06057523788	750	59.592204877304546	0.0	450283	2954.0064834020263	0.75
133972.97239284142	300	59.70604100789438	0.0	155580	1386.1638694101682	-0.15000000000000002
133974.5479126381	300	59.756607976628594	0.0	139857	1449.4330312657833	0.3
133977.74575842166	300	59.63072846755117	0.0	155432	2125.8795090774192	0.3
133979.7634364178	300	59.652372606720455	0.0	163442	1478.3558608307162	0.3
133982.21654921627	300	59.850977275146626	0.0	126289	1301.3953315738297	0.3
133984.579311884	300	59.81945467472025	0.0	153295	1531.5226004263761	0.3
133986.51060394887	300	59.86542867594241	0.0	173849	1454.025998777836	0.3
133989.68748538106	750	59.640620992892636	0.0	374758	2724.8076830497785	0.3
133993.47153132525	750	59.856575048701906	0.0	362795	3284.0459441907274	0.75
133996.5032187202	750	59.75379119788368	0.0	353220	2602.783850818223	0.75
134000.39467382064	750	59.86233609744516	0.0	405134	3391.455100438523	0.75
134004.02333509765	750	59.79818478124007	0.0	386351	3064.1513162050906	0.75
134007.14017579445	750	59.92151941321826	0.0	434409	2876.6653680217983	0.75
134010.1175888684	750	59.83340054067202	0.0	337059	2088.118872546247	0.75
134012.9219541209	750	59.53036501509158	0.0	366214	2803.0355255804343	0.75
134016.20448286572	750	59.810265506141675	0.0	360831	2720.0995089499115	0.75
134019.496062694	750	59.885190209951276	0.0	372963	2925.075296190399	0.75
134022.94731808058	750	59.9788147827005	0.0	405596	3406.3754272507754	0.75
134026.12052649868	750	59.93465055332659	0.0	350713	2544.164229373915	0.75
134030.40738211744	750	59.6477949345654	0.0	386472	3786.8556187611916	0.75
134035.40025681668	750	58.654920235335844	0.0	399894	4992.874699229553	0.75
134045.16498880455	750	52.890188247435475	0.0	401853	9764.731987900372	0.75
134047.78792891747	300	54.26724813452788	0.0	137654	2622.9401129075886	-0.15000000000000002
134050.2849468677	300	55.77023018430394	0.0	146754	2497.0179502239394	0.3
134051.75171090398	300	58.30346614800377	0.0	153938	1466.7640363001672	0.3
134054.36133569456	300	59.69384135744008	0.0	181901	2109.624790563693	0.3
134056.30418168334	300	59.757345055346356	0.0	111155	1436.4963020937178	0.3
134061.51929406624	300	58.542232672436114	0.0	153605	5215.1123829102435	0.3
134065.55261796873	300	58.508908769955404	0.0	149029	4033.3239024807076	0.3
134068.95604255167	300	59.10548418701739	0.0	157421	3403.424582938015	0.3
134072.14364874415	300	59.917877994531345	0.0	157488	3187.6061924860483	0.3
134077.32804185562	300	58.73348488305659	0.0	143881	5184.393111474752	0.3
134082.70056740835	300	57.36095933032024	0.0	163444	5372.525552736347	0.3
134086.4356951685	300	57.62583157016833	0.0	179328	3735.1277601519096	0.3
134092.35698751124	300	55.70453922743722	0.0	159914	5921.2923427311125	0.3
134098.80027329232	300	53.26125344635327	0.0	131610	6443.285781083949	0.3
134103.968058575	300	52.09346816370008	0.0	124011	5167.785282653186	0.3
134111.20320411725	300	48.85832262144784	0.0	144254	7235.145542252241	0.3
134118.19410221657	300	45.86742452213292	0.0	149991	6990.898099314921	0.3
134120.62733580818	300	47.43419093052295	0.0	147968	2433.233591609967	0.3
134123.0192935707	300	49.0422331680155	0.0	161857	2391.9577625074494	0.3
134124.4549208327	300	51.606605906003	0.0	145210	1435.6272620124994	0.3
134126.80475399745	300	53.256772741235984	0.0	172312	2349.8331647670143	0.3
134130.41381296716	300	53.6477137715362	0.0	167025	3609.05896969978	0.3
134132.5390787619	300	55.52244797679883	0.0	160064	2125.2657947373746	0.3
134134.8837709808	750	57.177755757878835	0.0	331053	2344.692218920001	0.3
134142.41083446075	1850	53.65069227795463	0.0	846370	7527.0634799242025	0.75
134146.3741033572	750	53.68742338150654	0.0	450283	3963.268896448093	0.75
134149.22367328755	750	54.837853451165415	0.0	398865	2849.5699303411216	0.75
134157.9186805716	750	50.14284616710501	0.0	350812	8695.007284060404	0.75
134161.3859136546	300	50.67561308409304	0.0	155432	3467.233083011973	-0.15000000000000002
134164.80025173377	300	51.26127500492135	0.0	163442	3414.338079171683	0.3
134167.86680903213	300	52.194717706554826	0.0	126289	3066.5572983665256	0.3
134170.96963848302	300	53.09188825569046	0.0	153295	3102.829450864356	0.3
134173.05612195525	300	55.00540478345132	0.0	173849	2086.4834722391442	0.3
134174.53822891324	300	57.523297825466805	0.0	150710	1482.1069579845107	0.3
134176.54657045874	300	59.514956279960764	0.0	139105	2008.3415455060401	0.3
134179.17879400883	300	59.69421373595503	0.0	141840	1820.7425440057368	0.3
134182.08209414067	300	59.508804173067794	0.0	156148	2185.4095628872415	0.3
134183.7673474684	300	59.93512279367923	0.0	160746	1573.6813793885642	0.3
134185.30335512475	300	59.55740493968492	0.0	179801	1377.7178539943038	0.3
134187.11056748248	300	59.90644366198477	0.0	140051	1150.9612777001555	0.3
134188.78943551984	300	59.83763518333792	0.0	138313	1068.8084786468485	0.3
134192.91792371802	300	59.61292086358839	0.0	143509	3724.714319749533	0.3
134195.02360870736	300	59.870965308137336	0.0	150616	1241.9555554510612	0.3
134196.72432380487	300	59.82347247634251	0.0	165384	1047.4928317948202	0.3
134198.21044165915	300	59.51752468204631	0.0	140881	805.9477942962027	0.3
134200.5686742858	300	59.66849339870896	0.0	157671	1349.0312833373434	0.3
134202.29170286815	300	59.64657977918728	0.0	157812	1021.9136195216877	0.3
134204.0612770967	300	59.50685014633344	0.0	163927	1139.729632853835	0.3
134206.19792277683	750	59.51894960413644	0.0	343800	1987.9005421970012	0.3
134208.95423243943	750	59.70866734178369	0.0	359903	2310.2822623527527	0.75
134218.1961617039	750	54.46673807728732	0.0	379700	9241.929264496373	0.75
134223.9309741204	750	52.731925660811875	0.0	425781	5734.812416475444	0.75
134225.13280425395	300	55.53009552722519	0.0	111155	1201.8301335866765	-0.15000000000000002
134226.9251523555	300	57.73774742565917	0.0	153605	1792.3481015660195	0.3
134231.03202656945	300	57.63087321171751	0.0	149029	4106.874213941665	0.3
134232.95127128065	300	59.71162850052638	0.0	157421	1919.2447111911329	0.3
134235.70309026807	300	59.96875212757164	0.0	157488	1742.8763729547375	0.3
134237.9964582726	300	59.676539432532884	0.0	143881	1292.2126950387596	0.3
134240.07220127026	300	59.76424558846902	0.0	163444	1412.2938440638645	0.3
134242.09412691175	300	59.63950734449193	0.0	179328	1624.7382439770793	0.3
134244.5289924218	300	59.79166828822984	0.0	159914	2347.8390562620884	0.3
134246.94612017804	300	59.821617637008494	0.0	131610	1470.0506512213456	0.3
134250.09971159784	300	59.84336047961705	0.0	124011	2478.257157391445	0.3
134252.44214730765	300	59.64980975590635	0.0	144254	1693.5507237107022	0.3
134255.32440748208	300	59.84312216176661	0.0	149991	1806.687594139737	0.3
134257.5559877548	300	59.77511831553864	0.0	147968	1568.0038462279733	0.3
134259.56912529675	300	59.72533775782357	0.0	161857	1549.780557715074	0.3
134261.5979245386	300	59.82261662900589	0.0	145210	1902.7211288176763	0.3
134264.12410003142	300	59.682067939102645	0.0	172312	1640.5486899032494	0.3
134266.22111138012	300	59.67187566619927	0.0	167025	1510.1922729033727	0.3
134270.37714142783	750	59.515845618496286	0.0	393804	3656.0300477029814	0.3
134274.9809283137	1200	58.91205873268088	0.0	538612	4603.786885815401	0.75
134293.98198191615	2850	43.91100513018959	0.0	1364537	19001.05360249129	1.2000000000000002
134301.20239206305	750	40.69059498329815	0.0	450283	7220.410146891435	0.75
134303.13846307973	300	42.754523966636796	0.0	155580	1936.0710166613471	-0.15000000000000002
134304.79354063203	300	45.0994464143043	0.0	139857	1655.077552332498	0.3
134306.2758713986	300	47.61711564775142	0.0	155432	1482.3307665528848	0.3
134308.05457622276	300	49.83841082361614	0.0	163442	1778.70482413528	0.3
134309.3709674851	300	52.522019561275904	0.0	126289	1316.3912623402289	0.3
134310.88827329912	300	55.004713747261626	0.0	153295	1517.3058140142793	0.3
134312.6253926719	300	57.2675943744662	0.0	173849	1737.1193727954228	0.3
134314.26458321782	300	59.62840382855333	0.0	150710	1639.1905459128718	0.3
134315.95452612068	300	59.50407783385564	0.0	139105	1624.3259946976877	0.3
134318.30361142324	300	59.55734363667961	0.0	141840	1446.7341971760297	0.3
134319.69863175697	300	59.86050902248418	0.0	156148	1196.8346141954305	0.3
134321.33985105492	300	59.58449223329506	0.0	160746	1276.01678918912	0.3
134323.8411866868	300	59.640925671724105	0.0	179801	1443.5665615709486	0.3
134325.36729375776	300	59.68225667138262	0.0	140051	958.6690003414941	0.3
134327.1718660644	300	59.66868955338717	0.0	138313	1513.5671179954516	0.3
134329.5295550588	300	59.71484765050042	0.0	143509	1453.8419028867486	0.3
134331.15902818943	300	59.95203463096797	0.0	150616	1262.8130195324427	0.3
134332.81988388288	300	59.595436839763956	0.0	165384	1356.59779120402	0.3
134335.06075636312	300	59.662129550777465	0.0	140881	1933.3072889864927	0.3
134338.11125693945	300	59.980661858244495	0.0	157671	2181.4676925329672	0.3
134340.26907636848	300	59.65176858561525	0.0	157812	1328.8932726292371	0.3
134342.27087013397	300	59.53483478108238	0.0	163927	1616.9338045328723	0.3
134343.4006216053	300	59.611889025887365	0.0	137654	922.9457551950197	0.3
134344.519278706	300	59.51646333362466	0.0	146754	1095.425692262707	0.3
134347.26617124813	300	59.82413276675268	0.0	153938	1192.3305668719713	0.3
134350.72712964012	300	59.781434558407575	0.0	181901	2542.698208345106	0.3
134352.5936503856	300	59.91730427747487	0.0	111155	1364.1302809327133	0.3
134355.09960345618	300	59.606022974460075	0.0	153605	1811.281303014796	0.3
134357.27389618987	300	59.790712491400086	0.0	149029	1815.3104830599818	0.3
134359.778741005	300	59.802781209141	0.0	157421	2487.9312822590905	0.3
134363.45519258696	300	59.898512184606204	0.0	157488	2904.2690245347967	0.3
134365.5810130674	300	59.75669322309619	0.0	143881	1641.8189615100096	0.3
134368.04066106104	300	59.94886998575047	0.0	163444	2307.82323734572	0.3
134370.79179590853	300	59.74421494015319	0.0	179328	1704.655045597272	0.3
134373.52233899035	300	59.98718330018248	0.0	159914	2257.0316399707153	0.3
134375.1811619752	300	59.829027528689814	0.0	131610	1158.1557714926712	0.3
134377.42137384805	300	59.57975519894436	0.0	124011	1749.2723297454509	0.3
134379.51101424047	300	59.875404774279886	0.0	144254	1204.350424664474	0.3
134381.56295593525	300	59.9470789107686	0.0	149991	1428.3258635112875	0.3
134383.38715822733	300	59.82728568035549	0.0	147968	1619.7932304131134	0.3
134385.85644095455	300	59.59484884758679	0.0	161857	2232.4368327686975	0.3
134388.28344711257	300	59.944268715801506	0.0	145210	1650.5801317852909	0.3
134390.93603181755	300	59.53118937641493	0.0	172312	1913.0793393865729	0.3
134392.9787423588	300	59.8250867885923	0.0	167025	1706.102587822631	0.3
134397.29628735257	750	59.50754179484349	0.0	393804	4317.544993748811	0.3
134400.5950982653	750	59.94921281207408	0.0	331053	2558.328982769408	0.75
134416.73448874816	2850	47.80982232921101	0.0	1364537	16139.39048286307	0.75
134421.44974095575	750	47.09457012164146	0.0	450283	4715.252207569556	0.75
134428.73620351477	750	43.80810756262043	0.0	398865	7286.462559021037	0.75
134430.24805862515	300	46.29625245221495	0.0	139857	1511.85511040547	-0.15000000000000002
134432.32753241292	300	48.21677866445318	0.0	155432	2079.4737877617745	0.3
134435.07976861767	300	49.464542459713	0.0	163442	2752.2362047401734	0.3
134436.53902733448	300	52.00528374287925	0.0	126289	1459.2587168337589	0.3
134438.40828513016	300	54.136025947173096	0.0	153295	1869.2577957061478	0.3
134439.878428958	300	56.665882119361626	0.0	173849	1470.143827811476	0.3
134441.1768541546	300	59.36745692276172	0.0	150710	1298.4251965999083	0.3
134443.02183554275	300	59.50708513831366	0.0	139105	1360.3717844480577	0.3
134445.23687699984	300	59.76686921161393	0.0	141840	1240.2159266997355	0.3
134447.56227018117	300	59.716585386169	0.0	156148	1550.2838254449273	0.3
134449.03647002685	300	59.942040141275115	0.0	160746	1274.5452448938804	0.3
134456.23486231215	750	56.74364785598245	0.0	434409	7198.392285292664	0.3
134460.28725424822	750	56.69125591987729	0.0	337059	4052.3919361051585	0.75
134464.3930892584	750	56.58542090969333	0.0	366214	4105.835010183962	0.75
134468.4864361983	750	56.49207396981239	0.0	360831	4093.346939880945	0.75
134470.69004462834	300	58.288465539744884	0.0	150616	2203.6084300675043	-0.15000000000000002
134472.29007336823	300	59.815065770952074	0.0	165384	1473.3997687928083	0.3
134473.37211564317	300	59.74735911901718	0.0	140881	1067.7066519348873	0.3
134475.46683264774	300	59.822168428241966	0.0	157671	1425.1906907752227	0.3
134477.28277280656	300	59.934461505730916	0.0	157812	1387.7069225110542	0.3
134479.0582729014	300	59.68482807646276	0.0	163927	1249.6334292681533	0.3
134480.47240047954	300	59.83669762017186	0.0	137654	1348.1304562908888	0.3
134481.9794571792	300	59.88916783127974	0.0	146754	947.5297888921218	0.3

