2904.940109401883	750	4.0	1.7374266910245146	450283	1737.4266910245146	-6.720934771405413
2908.621287063885	1200	4.318822337998285	0.0	611087	3681.1776620017145	0.75
2911.7376331194478	1200	5.202476282435593	0.0	571051	3116.346055562693	1.2
2914.049167895939	1200	6.8909415059442685	0.0	617681	2311.534776491325	1.2
2917.749950712386	1850	7.1901586894969425	0.0	996749	3700.782816447326	1.2000000000000002
2920.5039696673357	1850	8.436139734547451	0.0	801058	2754.018954949491	1.85
2924.7743148820423	1850	8.16579451984076	0.0	905515	4270.345214706689	1.85
2931.814573180886	1850	5.12553622099709	0.0	1060487	7040.258298843672	1.85
2937.193112208784	1850	4.0	0.25300280690107685	852833	5378.539027898167	0.7620879303253696
2939.880715182494	1200	5.312397026290058	0.0	560821	2687.6029737099425	0.5499999999999999
2942.774593541447	1200	6.418518667337112	0.0	607410	2893.878358952945	1.2
2945.384371380577	1200	7.8087408282072825	0.0	594078	2609.7778391298298	1.2
2949.4924987291297	1200	7.700613479654472	0.0	624282	4108.127348552811	1.2
2954.2356609986496	1200	6.957451210134881	0.0	687371	4743.162269519591	1.2
2957.0904183135663	1200	8.102693895218042	0.0	526950	2854.757314916838	1.2
2959.7972083050045	1200	9.395903903779741	0.0	587876	2706.7899914383006	1.2
2961.863113662362	1200	11.329998546422289	0.0	617242	2065.905357357453	1.2
2964.521758733577	1850	12.671353475207198	0.0	885714	2658.645071215091	1.2000000000000002
2968.1538229750677	1850	13.039289233716506	0.0	987708	3632.0642414906906	1.85
2974.465948412332	2850	10.727163796452006	0.0	1336050	6312.125437264502	1.85
2980.4464826914996	2850	8.74662951728495	0.0	1415116	5980.534279167055	2.85
2986.741725610603	2850	6.451386598181187	0.0	1468126	6295.242919103763	2.85
2992.7286934360664	2850	4.464418772718336	0.0	1505760	5986.967825462851	2.85
2995.770086103404	1850	5.423026105380588	0.0	874175	3041.3926673377478	0.8500000000000001
2999.7180151379043	1850	5.475097070879985	0.0	897976	3947.9290345006025	1.85
3003.53516803593	1850	5.657944172854342	0.0	905935	3817.152898025642	1.85
3007.643643300637	1850	5.549468908147261	0.0	1076599	4108.475264707082	1.85
3010.302009631946	1850	6.891102576838046	0.0	758197	2658.366331309215	1.85
3013.8448701982543	1850	7.34824201052999	0.0	972798	3542.8605663080566	1.85
3017.6095783262253	1850	7.583533882559151	0.0	975811	3764.7081279708386	1.85
3021.5438582935276	1850	7.649253915256824	0.0	873429	3934.279967302328	1.85
3026.235246858612	1850	6.957865350172728	0.0	954453	4691.388565084096	1.85
3029.9782317598256	1850	7.214880448958843	0.0	885062	3742.9849012138843	1.85
3034.8924967204302	1850	6.300615488354258	0.0	1035329	4914.264960604586	1.85
3042.968701936344	1850	4.0	1.775589727559227	1026056	8076.205215913485	-5.785035828504675
3051.03390373572	1850	4.0	4.0652017993756395	943942	8065.20179937564	-15.630367737315249
3054.1937387194926	1200	4.840165016226851	0.0	487812	3159.834983773149	0.5499999999999999
3056.5751060746725	1200	6.4587976610469635	0.0	575591	2381.367355179887	1.2
3059.0358740531924	1200	7.998029682527111	0.0	605884	2460.767978519853	1.2
3061.041833745715	1200	9.992069990004724	0.0	587506	2005.9596925223868	1.2
3064.025400041594	1850	11.00850369412591	0.0	858450	2983.566295878815	1.2000000000000002
3068.407331904713	1850	10.626571831006583	0.0	1025005	4381.931863119326	1.85
3071.938823505106	1850	11.095080230613622	0.0	886255	3531.491600392962	1.85
3079.973722063022	2850	7.060181672697791	0.0	1587250	8034.898557915831	1.85
3101.9593705594025	2850	4.0	14.925466823682545	1464921	21985.648496380334	-61.32950734183493
3105.6164161558663	1200	4.342954403536122	0.0	638661	3657.045596463878	-0.44999999999999996
3108.1649258561356	1200	5.794444703266883	0.0	538612	2548.5097002692387	1.2
3112.019910194021	1850	5.939460365381412	0.0	846370	3854.984337885471	1.2000000000000002
3114.2728329225565	750	7.686537636845945	0.0	450283	2252.9227285354664	0.75
3116.2217011160997	750	9.737669443302817	0.0	398865	1948.8681935431284	0.75
3119.7095756420335	1850	10.249794917369021	0.0	877771	3487.8745259337948	0.75
3123.8484140150417	1850	10.110956544360944	0.0	933276	4138.838373008077	1.85
3127.89303707594	1850	10.066333483462728	0.0	996749	4044.6230608982164	1.85
3130.931057324995	1850	11.02831323440786	0.0	801058	3038.0202490548695	1.85
3134.642749474577	1850	11.316621084825718	0.0	905515	3711.69214958214	1.85
3138.4104926002215	1850	11.548877959181251	0.0	1060487	3767.743125644467	1.85
3141.635540297004	1850	12.32383026239883	0.0	852833	3225.0476967824193	1.85
3147.2542563335996	2850	10.7051142258028	0.0	1429765	5618.71603659603	1.85
3152.089818773513	2850	9.86955178588992	0.0	1354548	4835.562439912881	2.85
3158.1649386160652	2850	7.794431943337364	0.0	1519951	6075.119842552556	2.85
3166.2652640311626	2850	4.0	0.305893471759965	1422919	8100.325415097329	1.5346580714321507
3169.602858446134	1850	4.662405585028335	0.0	1036454	3337.594414971665	0.8500000000000001
3172.2862465231537	1850	5.979017508008683	0.0	821631	2683.3880770196524	1.85
3175.9824522108584	1850	6.282811820304388	0.0	923170	3696.205687704295	1.85
3180.7066510065874	1850	5.558613024575603	0.0	966699	4724.198795728785	1.85
3184.7146234706333	1850	5.550640560529712	0.0	885714	4007.972464045891	1.85
3188.857011309916	1850	5.408252721247188	0.0	987708	4142.387839282524	1.85
3192.024705627513	1850	6.240558403649768	0.0	923755	3167.6943175974206	1.85
3195.5812142188	1850	6.6840498123631455	0.0	891604	3556.5085912866216	1.85
3199.277021189379	1850	6.988242841784082	0.0	955231	3695.8069705790635	1.85
3202.632689453823	1850	7.632574577340269	0.0	968026	3355.6682644438133	1.85
3205.642860140031	1850	8.622403891132215	0.0	874175	3010.1706862080537	1.85
3208.2664611414475	1850	9.998802889715762	0.0	897976	2623.6010014164526	1.85
3213.127248175622	2850	9.138015855541365	0.0	1480464	4860.787034174396	1.85
3217.9378781009214	2850	8.327385930241924	0.0	1547572	4810.629925299441	2.85
3221.7120372540367	2850	8.553226777126293	0.0	1141971	3774.1591531156314	2.85
3227.655317608999	2850	6.609946422164035	0.0	1498470	5943.280354962257	2.85
3234.334028139016	2850	4.0	0.06876410785303141	1561263	6678.710530017067	2.554314336231965
3237.4046436717936	1850	4.929384467222611	0.0	873429	3070.6155327773895	0.8500000000000001
3240.539467067505	1850	5.794561071510838	0.0	954453	3134.823395711773	1.85
3243.2700764272968	1850	7.06395171171911	0.0	885062	2730.6093597917284	1.85
3247.0773799141734	1850	7.256648224842636	0.0	1035329	3807.303486876474	1.85
3251.4102932307796	1850	6.9237349082363835	0.0	1026056	4332.913316606253	1.85
3253.9360736270746	1850	8.397954511941213	0.0	943942	2525.780396295169	1.85
3257.8039459561965	2850	8.530082182819385	0.0	1139291	3867.8723291218303	1.85
3263.212111645321	2850	7.12191649369493	0.0	1499009	5408.165689124454	2.85
3268.459007860472	2850	5.875020278543871	0.0	1427478	5246.89621515106	2.85
3271.7114936434714	1850	6.622534495544107	0.0	930577	3252.485782999764	0.8500000000000001
3274.7574770460587	1850	7.576551092957245	0.0	858450	3045.9834025868627	1.85
3278.972636862528	1850	7.3613912764875895	0.0	1025005	4215.159816469655	1.85
3287.038500815072	1850	4.0	0.7044726760566218	886255	8065.863952544211	-1.1792325070434733
3290.3880044373973	1200	4.65049637767473	0.0	634861	3349.5036223252696	0.5499999999999999
3292.983160447897	1200	6.055340367174888	0.0	630203	2595.1560104998416	1.2
3298.9166057977245	1850	4.1218950173472795	0.0	982064	5933.445349827609	1.2000000000000002
3301.064290009467	1200	5.9742108056041765	0.0	538612	2147.684211743104	0.5499999999999999
3306.724498927729	2850	4.314001887342323	0.0	1364537	5660.208918261853	1.2000000000000002
3308.4988793126245	750	6.539621502446742	0.0	450283	1774.3803848955815	0.75
3310.1391561887076	750	8.89934462636361	0.0	398865	1640.2768760831327	0.75
3312.298151755071	1200	10.740349060000183	0.0	571051	2158.9955663634264	0.75
3318.102471874351	1850	8.936028940720258	0.0	933276	5804.320119279923	1.2000000000000002
3335.424580871658	1850	4.0	8.386080056586582	996749	17322.10899730684	-34.210144243322304
3339.7980826197927	1200	4.0	0.3735017481346304	520315	4373.50174813463	-1.0560575169789108
3343.4534668492734	750	4.344615770519194	0.0	352642	3655.384229480806	0.3
3347.664023950127	750	4.13405866966557	0.0	437162	4210.557100853624	0.75
3350.3633450673296	750	5.43473755246288	0.0	374758	2699.3211172026904	0.75
3352.7855867727735	750	7.012495847019296	0.0	362795	2422.241705443583	0.75
3355.6898000055025	750	8.108282614290069	0.0	353220	2904.2132327292275	0.75
3358.5884619002463	750	9.209620719546413	0.0	405134	2898.6618947436555	0.75
3363.0894185445145	1200	8.70866407527804	0.0	624282	4500.956644268371	0.75
3368.6945996414506	1200	7.10348297834197	0.0	687371	5605.18109693607	1.2
3373.300328502859	1200	6.497754116933581	0.0	526950	4605.728861408389	1.2
3377.336137924706	1200	6.461944695086726	0.0	587876	4035.8094218468555	1.2
3381.4906171536963	1200	6.307465466096249	0.0	617242	4154.479228990476	1.2
3386.059793637033	1200	5.738288982759443	0.0	581493	4569.176483336806	1.2
3391.2414182872967	1200	4.556664332495704	0.0	639204	5181.62465026374	1.2
3394.409820240499	750	5.388262379293566	0.0	350713	3168.401953202137	0.3
3397.750653830759	750	6.047428789033635	0.0	386472	3340.8335902599324	0.75
3400.672218434717	750	7.125864185075642	0.0	399894	2921.5646039579924	0.75
3403.0908749798696	750	8.70720763992274	0.0	401853	2418.6565451529027	0.75
3405.8704894507055	1200	9.92759316908711	0.0	536667	2779.614470835628	0.75
3409.0701944614466	1200	10.727888158345774	0.0	587236	3199.7050107413374	1.2
3414.604862338684	1200	9.193220281108596	0.0	590335	5534.667877237178	1.2
3417.1267662328105	1200	10.671316386981964	0.0	696376	2521.9038941266317	1.2
3419.0230962578007	1200	12.77498636199185	0.0	487160	1896.3300249901133	1.2
3422.3936287354522	1850	13.404453884339983	0.0	972798	3370.532477651868	1.2000000000000002
3425.0731765704	1850	14.724906049392127	0.0	975811	2679.5478349478562	1.85
3428.049235458204	1850	15.748847161588117	0.0	873429	2976.058887804008	1.85
3434.4510536179228	2850	13.347029001869624	0.0	1497683	6401.818159718494	1.85
3446.614007831187	2850	5.184074788605441	0.0	1358081	12162.954213264182	2.85
3452.5140515793973	1850	4.0	0.7159689596048338	1035329	5900.043748210275	-2.2286665263007848
3460.30364558965	1200	4.0	3.789594010252751	690253	7789.594010252751	-15.745254244086832
3464.6316226281297	1200	4.0	0.327977038479421	598727	4327.977038479421	-0.2103012654615104
3466.8147700130357	750	5.8168526150940085	0.0	321064	2183.147384905991	0.3
3471.5569193542133	750	5.07470327391641	0.0	361565	4742.149341177599	0.75
3473.32984547602	750	7.301777152109532	0.0	378327	1772.926121806878	0.75
3475.0919031268654	750	9.53971950126404	0.0	390680	1762.0576508454926	0.75
3477.9431434731378	1200	10.688479154992052	0.0	566904	2851.2403462719876	0.75
3480.5803267524675	1200	12.051295875662138	0.0	641452	2637.183279329914	1.2
3484.3691053988687	1200	12.26251722926104	0.0	599477	3788.7786464010987	1.2
3486.926816588497	1200	13.704806039632722	0.0	634861	2557.711189628317	1.2
3492.526759182624	2850	12.104863445505314	0.0	1464921	5599.942594127408	1.2000000000000002
3498.3118259499497	2850	10.319796678179477	0.0	1483527	5785.066767325838	2.85
3502.5257934776705	2850	10.105829150459082	0.0	1231456	4213.967527720396	2.85
3505.811471367353	2850	10.82015126077619	0.0	1364537	3285.6778896828932	2.85
3507.3433699701864	750	13.288252657943366	0.0	450283	1531.8986028328238	0.75
3517.61106712794	2850	7.020555500189965	0.0	1431809	10267.6971577534	0.75
3531.835856269539	2850	4.0	7.204233641409099	1300868	14224.789141599063	-28.128204658059122
3536.656207222915	1200	4.0	0.8203509533759142	617681	4820.350953375914	-3.9775090995164306
3542.623581748366	1200	4.0	1.9673745254515407	652874	5967.374525451541	-7.2597104594416235
3547.9862749620497	750	4.0	1.3626932136834093	318564	5362.693213683409	-5.55958081883866
3549.547384886109	300	6.438890075941149	0.0	153295	1561.1099240588508	-0.15000000000000002
3558.540177317613	750	4.0	2.5539023555634275	437162	8992.792431504577	-10.681780128922737
3560.4267360361814	300	6.11344128143187	0.0	150710	1886.5587185681306	-0.15000000000000002
3562.154026617326	300	8.386150700287617	0.0	139105	1727.290581144252	0.3
3563.7020977693273	300	10.838079548285863	0.0	141840	1548.0711520017535	0.3
3569.2644238264215	750	9.275753491191496	0.0	405134	5562.3260570943685	0.3
3577.9792702548352	750	4.560907062777944	0.0	386351	8714.846428413552	0.75
3581.012695017703	300	5.527482299909549	0.0	179801	3033.4247628683947	-0.15000000000000002
3582.466258192274	300	8.073919125339124	0.0	140051	1453.5631745704243	0.3
3584.2179559176157	300	10.322221399997579	0.0	138313	1751.6977253415462	0.3
3585.7318813192605	300	12.808295998352447	0.0	143509	1513.9254016451316	0.3
3588.898314221953	750	13.641863095660307	0.0	372963	3166.432902692141	0.3
3592.8863525245897	750	13.653824793023487	0.0	405596	3988.03830263682	0.75
3596.7498081026824	750	13.79036921493095	0.0	350713	3863.455578092537	0.75
3602.3613575501126	750	12.17881976750079	0.0	386472	5611.549447430159	0.75
3607.1246120326464	750	11.415565284967121	0.0	399894	4763.254482533669	0.75
3611.4217326893654	750	11.11844462824827	0.0	401853	4297.120656718851	0.75
3614.6541155471696	750	11.886061770444286	0.0	343800	3232.382857803983	0.75
3616.89851348655	750	13.641663831063344	0.0	359903	2244.3979393809427	0.75
3619.0887494851154	750	15.45142783249793	0.0	379700	2190.2359985654134	0.75
3623.51372843847	1200	15.026448879143292	0.0	696376	4424.97895335464	0.75
3628.177730477967	1200	14.36244683964608	0.0	487160	4664.002039497213	1.2
3639.006849430589	1850	7.5333278870241935	0.0	972798	10829.118952621886	1.2000000000000002
3643.4311538198754	1200	7.109023497738021	0.0	641447	4424.304389286172	0.5499999999999999
3646.260904847731	1200	8.279272469882008	0.0	570392	2829.7510278560144	1.2
3648.9955158451044	1200	9.544661472508857	0.0	620283	2734.6109973731513	1.2
3651.324250333847	1200	11.215926983766234	0.0	584349	2328.734488742622	1.2
3653.811849141333	1200	12.728328176280355	0.0	670129	2487.59880748588	1.2
3657.2573475398613	1850	13.282829777752022	0.0	1026056	3445.498398528333	1.2000000000000002
3660.7219229079815	2850	13.81825440963176	0.0	1439896	3464.5753681202623	1.85
3663.6698364095128	2850	14.8703409081005	0.0	1139291	2947.913501531258	2.85
3670.6494181862968	2850	11.890759131316754	0.0	1499009	6979.581776783747	2.85
3680.8267504281725	2850	5.713426889440718	0.0	1427478	10177.332241876036	2.85

