13785.500106463625	750	4.0	2.8154029051600578	450283	2815.402905160058	-11.356232492188248
13786.279113743414	300	7.220992720211582	0.0	155580	779.0072797884184	-0.15000000000000002
13787.023634450166	300	10.476472013461612	0.0	139857	744.5207067499699	0.3
13787.683627948942	300	13.816478514684743	0.0	155432	659.9934987768683	0.3
13788.361411658327	300	17.138694805299856	0.0	163442	677.7837093848859	0.3
13788.8900153699	300	20.610091093725952	0.0	126289	528.603711573905	0.3
13790.467892847479	750	23.03221361614708	0.0	352642	1577.8774775788727	0.3
13792.668117807807	750	24.831988655817636	0.0	437162	2200.2249603294385	0.75
13794.38722379546	750	27.112882668164083	0.0	374758	1719.1059876535548	0.75
13796.111281191686	750	29.388825271939144	0.0	362795	1724.05739622494	0.75
13798.107628212201	750	31.39247825142552	0.0	353220	1996.3470205136236	0.75
13801.567187946312	750	31.932918517313766	0.0	405134	3459.5597341117536	0.75
13803.992879064066	750	33.50722739955905	0.0	386351	2425.6911177547186	0.75
13806.297671874618	750	35.20243458900654	0.0	434409	2304.792810552505	0.75
13807.99791400824	750	37.502192455385824	0.0	337059	1700.242133620721	0.75
13809.850539500298	750	39.649566963327615	0.0	366214	1852.6254920582141	0.75
13813.225743335086	750	40.274363128538866	0.0	360831	3375.203834788739	0.75
13815.907792490303	750	41.59231397332313	0.0	372963	2682.0491552157396	0.75
13818.373816792213	750	43.12628967141426	0.0	405596	2466.024301908864	0.75
13820.324917027525	750	45.17518943610097	0.0	350713	1951.1002353132924	0.75
13822.257539364668	750	47.2425670989596	0.0	386472	1932.6223371413705	0.75
13825.274197939894	1200	48.22590852373291	0.0	616206	3016.658575226681	0.75
13829.137647334566	1200	48.362459129061655	0.0	656471	3863.4493946712637	1.2
13833.024168814516	1200	48.47593764911198	0.0	536667	3886.5214799496766	1.2
13837.400533884322	1200	48.09957257930567	0.0	587236	4376.365069806307	1.2
13842.568833343088	1200	46.93127312054019	0.0	590335	5168.29945876548	1.2
13851.669864325155	1200	41.8302421384745	0.0	696376	9101.030982065686	1.2
13855.43742843013	1200	42.06267803349813	0.0	487160	3767.5641049763694	1.2
13862.319395843151	1200	39.18071062047693	0.0	622896	6881.967413021201	1.2
13871.478480397853	1200	34.021626065777326	0.0	641447	9159.084554699608	1.2
13874.44609957359	750	35.05400689003892	0.0	358218	2967.619175738401	0.3
13877.33146699086	750	36.16863947276948	0.0	400322	2885.3674172694464	0.75
13879.655088410422	750	37.84501805320752	0.0	369834	2323.621419561959	0.75
13883.008114166998	750	38.491992296633015	0.0	412837	3353.025756574505	0.75
13887.654067583037	750	37.84603888059464	0.0	401088	4645.953416038373	0.75
13893.198882604362	750	36.30122385926837	0.0	365161	5544.815021326271	0.75
13896.901155136728	750	36.5989513269046	0.0	321064	3702.272532363773	0.75
13901.251469363668	750	36.24863709996424	0.0	361565	4350.314226940364	0.75
13905.386472429023	750	36.1136340346065	0.0	378327	4135.003065357746	0.75
13908.694721896647	750	36.80538456698461	0.0	390680	3308.249467621893	0.75
13910.908940345324	750	38.59116611830937	0.0	345516	2214.2184486752385	0.75
13912.915658451639	750	40.58444801199264	0.0	384505	2006.7181063167232	0.75
13914.72995300573	750	42.77015345790199	0.0	372093	1814.2945540906478	0.75
13917.136571961928	750	44.363534501702695	0.0	438281	2406.6189561993006	0.75
13920.884781108723	1200	44.615325354906496	0.0	630203	3748.209146796196	0.75
13926.012832984352	1850	43.48727347927883	0.0	982064	5128.051875627671	1.2000000000000002
13929.923974635272	1850	43.57613182835834	0.0	830730	3911.141650920484	1.85
13937.129910339176	2850	40.37019612445724	0.0	1364537	7205.935703901101	1.85
13939.196205061688	750	42.303901401945446	0.0	450283	2066.294722511791	0.75
13941.071656316019	750	44.42845014761544	0.0	398865	1875.451254330011	0.75
13943.767771113413	1200	45.732335350220346	0.0	571051	2696.1147973950947	0.75
13946.270852281516	1200	47.2292541821163	0.0	617681	2503.0811681040464	1.2
13948.749672482834	1200	48.75043398079778	0.0	652874	2478.8202013185205	1.2
13950.852750852304	1200	50.64735561133005	0.0	520315	2103.07836946773	1.2
13953.145267648873	1200	52.354838814759205	0.0	561791	2292.5167965708497	1.2
13956.69857691872	1200	52.80152954491348	0.0	709534	3553.309269845725	1.2
13959.673610498861	1200	53.82649596477143	0.0	584846	2975.033580142044	1.2
13963.214796029668	1200	54.2853104339632	0.0	560821	3541.185530808236	1.2
13967.759547143512	1200	53.74055932011804	0.0	607410	4544.751113845161	1.2
13974.05343731532	1200	51.44666914831002	0.0	594078	6293.890171808014	1.2
13977.36615443559	1200	52.133952028040355	0.0	624282	3312.7171202696727	1.2
13980.911810635549	1200	52.588295828081215	0.0	687371	3545.6561999591363	1.2
13983.104723585835	1200	54.395382877795925	0.0	526950	2192.9129502852884	1.2
13985.872557855377	1200	55.62754860825334	0.0	587876	2767.834269542589	1.2
13988.723455750249	1200	56.776650713380704	0.0	617242	2850.897894872638	1.2
13991.41853150608	1200	58.081574957549755	0.0	581493	2695.0757558309515	1.2
13998.410236374857	1850	55.08987008877254	0.0	987708	6991.704868777215	1.2000000000000002
14004.219724339191	1850	53.280382124438304	0.0	923755	5809.487964334238	1.85
14008.025738024906	1200	53.47436843872298	0.0	601738	3806.0136857153243	0.5499999999999999
14012.741831878751	1200	52.75827458487708	0.0	616206	4716.0938538458995	1.2
14018.05158216457	1200	51.44852429905949	0.0	656471	5309.750285817586	1.2
14021.37445841395	1200	52.125648049678496	0.0	536667	3322.876249380997	1.2
14025.21684303465	1200	52.28326342897838	0.0	587236	3842.3846207001134	1.2
14028.912982620968	1200	52.58712384266059	0.0	590335	3696.1395863178004	1.2
14034.72380251829	1200	50.776303945336444	0.0	696376	5810.8198973241415	1.2
14041.41910507043	1200	48.081001393196225	0.0	487160	6695.302552140224	1.2
14046.052725382204	750	47.44738108142415	0.0	400396	4633.620311772079	0.3
14048.585370178036	750	48.914736285590266	0.0	400508	2532.6447958338767	0.75
14050.011001666164	750	51.48910479746308	0.0	358218	1425.6314881271908	0.75
14051.601178063655	750	53.89892839997095	0.0	400322	1590.1763974921264	0.75
14053.061233509827	750	56.43887295379898	0.0	369834	1460.055446171975	0.75
14061.438323057579	1200	52.06178340604667	0.0	670129	8377.089547752304	0.75
14076.527189309045	1200	40.97291715457906	0.0	690253	15088.866251467613	1.2
14080.337944826208	1200	41.162161637415856	0.0	598727	3810.755517163207	1.2
14082.549553540037	1200	42.95055292358777	0.0	487812	2211.6087138280836	1.2
14085.0119278982	1200	44.4881785654237	0.0	575591	2462.3743581640656	1.2
14087.292998173756	1200	46.20710828986775	0.0	605884	2281.070275555953	1.2
14089.832219573429	1200	47.66788689019567	0.0	587506	2539.2213996720798	1.2
14092.17529553786	1200	49.324810925766094	0.0	566904	2343.0759644295754	1.2
14094.77542344668	1200	50.724683016945086	0.0	641452	2600.127908821008	1.2
14097.361880949227	1200	52.138225514397234	0.0	599477	2586.4575025478503	1.2
14099.819678311971	1200	53.68042815165334	0.0	634861	2457.797362743898	1.2
14102.476076602621	1200	55.02402986100388	0.0	630203	2656.3982906494575	1.2
14108.215443763871	2850	53.28466269975331	0.0	1483527	5739.367161250569	1.2000000000000002
14113.051805523131	2850	52.44830094049287	0.0	1231456	4836.361759260434	2.85
14118.30465317666	2850	51.19545328696481	0.0	1364537	5252.847653528065	2.85
14120.058052429942	750	53.44205403368271	0.0	450283	1753.3992532820967	0.75
14122.762312002516	1200	54.737794461106915	0.0	611087	2704.259572575795	0.75
14125.014761427201	1200	56.48534503642326	0.0	571051	2252.449424683657	1.2
14127.701827388446	1200	57.798279075177426	0.0	617681	2687.06596124584	1.2
14130.897897896248	1200	58.60220856737645	0.0	652874	3196.070507800973	1.2
14133.520790397564	1200	59.97931606605937	0.0	520315	2622.892501317083	1.2
14137.73585188443	1200	59.76425457919389	0.0	561791	3715.0614868654843	1.2
14144.786883053723	1200	56.71322340990261	0.0	709534	7051.031169291284	1.2
14147.91615829805	1200	57.58394816557318	0.0	584846	3129.2752443294326	1.2
14150.590550912391	1200	58.90955555123354	0.0	560821	2674.3926143396357	1.2
14153.67139022758	1200	59.82871623604482	0.0	607410	3080.839315188724	1.2
14157.567422639295	1200	59.93268382433063	0.0	594078	3396.032411714189	1.2
14160.260675289182	1200	59.76341703980148	0.0	624282	2669.2667845291503	1.2
14164.087417071572	1200	59.93667525741156	0.0	687371	3826.741782389926	1.2
14167.487691797605	1200	59.5999017182688	0.0	526950	2836.773539142767	1.2
14171.310710777509	1200	59.77688273836506	0.0	587876	3823.0189799037425	1.2
14175.236130237783	1200	59.85146327809065	0.0	617242	3925.4194602744074	1.2
14178.338647233804	1200	59.50367459361393	0.0	581493	2847.7886844767177	1.2
14181.614413837677	1200	59.899655447451465	0.0	639204	2604.0191461624645	1.2
14184.921901533957	1200	59.517785328165616	0.0	586839	2381.8701192858503	1.2
14188.750807497345	1200	59.6888793647782	0.0	601738	3328.905963387411	1.2
14193.03132099697	1200	59.40836586515332	0.0	616206	4280.513499624885	1.2
14196.51705267083	1200	59.92263419129461	0.0	656471	3485.7316738587015	1.2
14199.4865738479	1200	59.587757959690606	0.0	536667	2834.87623160401	1.2
14202.528325958046	1200	59.57820437735159	0.0	587236	3009.553582339016	1.2
14206.999468516382	1200	59.10706181901705	0.0	590335	4471.142558334541	1.2
14215.222438103385	1200	54.88409223201389	0.0	696376	8222.969587003157	1.2
14219.24992888311	1200	54.856601452289006	0.0	487160	4027.4907797248875	1.2
14222.441338597668	1200	55.665191737730574	0.0	622896	3191.4097145584306	1.2
14226.031917439326	1200	56.07461289607319	0.0	641447	3590.5788416573855	1.2
14230.531071063444	1200	55.57545927195655	0.0	570392	4499.153624116641	1.2
14234.420435741842	1200	55.68609459355863	0.0	620283	3889.3646783979216	1.2
14238.209160580605	1200	55.89736975479604	0.0	584349	3788.724838762588	1.2
14245.335960004568	1200	52.770570330832975	0.0	670129	7126.799423963066	1.2
14250.6566251141	1200	51.44990522130063	0.0	690253	5320.665109532344	1.2
14256.155685840504	1200	49.95084449489653	0.0	598727	5499.060726404102	1.2
14258.689794492811	750	51.41673584258899	0.0	321064	2534.108652307536	0.3
14260.70465044608	750	53.40187988932103	0.0	361565	2014.8559532679603	0.75
14263.628344949313	750	54.47818538608783	0.0	378327	2923.694503233198	0.75
14268.60688913339	750	53.499641202010345	0.0	390680	4978.54418407749	0.75
14274.910478537686	750	51.19605179771475	0.0	345516	6303.589404295591	0.75
14281.76916795819	750	48.33736237721184	0.0	384505	6858.689420502919	0.75
14286.502212396841	750	47.60431793855922	0.0	372093	4733.044438652615	0.75
14291.502105108026	750	46.604425227373575	0.0	438281	4999.892711185647	0.75
14297.583826710952	750	44.52270362444678	0.0	398987	6081.721602926804	0.75
14302.972443366556	750	43.13408696884296	0.0	393804	5388.616655603812	0.75
14307.452096579389	750	42.65443375600919	0.0	331053	4479.6532128337685	0.75
14319.419772803063	1850	34.686757532336976	0.0	846370	11967.676223672215	0.75
14324.56955055583	750	33.53697977956867	0.0	450283	5149.777752768305	0.75
14326.30174731858	300	35.8047830168201	0.0	155580	1732.1967627485637	-0.15000000000000002
14327.944927251763	300	38.16160308363498	0.0	139857	1643.1799331851246	0.3
14329.74465705074	300	40.36187328465847	0.0	155432	1799.7297989765038	0.3
14334.46848982022	750	39.63804051517904	0.0	411561	4723.832769479434	0.3
14338.523505760131	750	39.58302457526747	0.0	318564	4055.0159399115682	0.75
14346.523562920067	750	35.58296741533058	0.0	352642	8000.057159936888	0.75
14349.202618541716	300	36.90391179368273	0.0	173849	2679.055621647854	-0.15000000000000002
14351.791711729318	300	38.31481860608035	0.0	150710	2589.093187602384	0.3
14352.972908262285	300	41.13362207311352	0.0	139105	1181.196532966831	0.3
14354.166514594748	300	43.94001574064969	0.0	141840	1193.6063324638246	0.3
14355.583604836413	300	46.522925498987306	0.0	156148	1417.0902416623892	0.3
14356.906068469672	300	49.200461865727284	0.0	160746	1322.463633260022	0.3
14358.560270268285	300	51.54626006711484	0.0	179801	1654.2017986124476	0.3
14361.238569704825	750	52.867960630574125	0.0	337059	2678.299436540711	0.3
14365.785477569236	750	52.32105276616442	0.0	366214	4546.9078644097	0.75
14368.135108951148	750	53.971421384252	0.0	360831	2349.6313819124284	0.75
14371.733496162511	750	54.37303417288805	0.0	372963	3598.387211363954	0.75
14375.42534054514	750	54.68118979025943	0.0	405596	3691.8443826286166	0.75
14380.2202028989	750	53.88632743650019	0.0	350713	4794.862353759244	0.75
14388.16794430007	750	49.93858603532903	0.0	386472	7947.741401171149	0.75
14391.759892697404	750	50.34663763799405	0.0	399894	3591.948397334983	0.75
14396.617026931035	750	49.48950340436434	0.0	401853	4857.134233629712	0.75
14400.456322928005	750	49.65020740739557	0.0	343800	3839.295996968772	0.75
14404.578716753535	750	49.52781358186403	0.0	359903	4122.393825531539	0.75
14408.242136309898	750	49.864394025501944	0.0	379700	3663.4195563620833	0.75
14411.754399233909	750	50.35213110148978	0.0	425781	3512.2629240121664	0.75
14415.004503952161	750	51.10202638323773	0.0	277716	3250.1047182520474	0.75
14418.675727011301	750	51.43080332409769	0.0	400396	3671.223059140046	0.75
14423.254671289445	750	50.851859045951954	0.0	400508	4578.944278145736	0.75
14429.047865045308	750	49.05866529009004	0.0	358218	5793.193755861918	0.75
14440.858107635706	750	41.24842269969094	0.0	400322	11810.242590399097	0.75

