143320.43040263175	750	4.0	2.498490134264002	450283	2498.490134264002	-9.993507577335208
143323.17517456468	750	5.255228067068664	0.0	398865	2744.771932931336	0.75
143325.40875363216	750	7.021648999612875	0.0	350812	2233.5790674557893	0.75
143327.71231461526	750	8.718088016528837	0.0	382355	2303.5609830840394	0.75
143330.40467332944	750	10.025729302324985	0.0	411561	2692.3587142038527	0.75
143332.4676291243	750	11.962773507490708	0.0	318564	2062.955794834278	0.75
143334.57599424516	750	13.854408386637868	0.0	352642	2108.365120852839	0.75
143339.4977636581	1200	12.932638973705364	0.0	709534	4921.769412932504	0.75
143343.11267430158	1200	13.317728330226025	0.0	584846	3614.910643479339	1.2
143346.281943896	1200	14.148458735793213	0.0	560821	3169.269594432813	1.2
143349.57924748858	1200	14.851155143193314	0.0	607410	3297.303592599899	1.2
143352.5649124848	1200	15.865490146952112	0.0	594078	2985.6649962412007	1.2
143356.39173651082	1200	16.03866612095405	0.0	624282	3826.824025998059	1.2
143360.5416846703	1200	15.888717961469057	0.0	687371	4149.948159484995	1.2
143363.71798811463	1200	16.712414517136494	0.0	526950	3176.3034443325632	1.2
143366.94918715092	1200	17.481215480839758	0.0	587876	3231.1990362967363	1.2
143371.3812008019	1200	17.0492018298475	0.0	617242	4432.013650992257	1.2
143375.10007998443	1200	17.33032264734165	0.0	581493	3718.8791825058524	1.2
143378.6838865047	1200	17.746516127065764	0.0	639204	3583.806520275889	1.2
143381.90619889522	1200	18.52420373657318	0.0	586839	3222.312390492581	1.2
143385.2507349389	1200	19.17966769290415	0.0	601738	3344.5360436690294	1.2
143389.06207409772	1200	19.368328534072244	0.0	616206	3811.3391588319055	1.2
143393.77452815184	1200	18.655874479954917	0.0	656471	4712.4540541173255	1.2
143399.6456284287	1200	16.784774203110956	0.0	536667	5871.100276843962	1.2
143404.70361679766	1200	15.726785834138353	0.0	587236	5057.988368972603	1.2
143410.15282917907	1200	14.277573452715565	0.0	590335	5449.212381422787	1.2
143414.87072950948	1200	13.559673122326949	0.0	696376	4717.900330388616	1.2
143418.3252425378	1200	14.105160093990392	0.0	487160	3454.5130283365565	1.2
143422.657619989	1200	13.772782642773974	0.0	622896	4332.377451216417	1.2
143427.3356105242	1200	13.09479210758895	0.0	641447	4677.990535185025	1.2
143434.3419299088	1200	10.08847272297564	0.0	570392	7006.319384613311	1.2
143438.4236355754	1200	10.006767056416713	0.0	620283	4081.7056665589257	1.2
143442.23718953427	1200	10.19321309752506	0.0	584349	3813.553958891652	1.2
143446.98234781477	1200	9.448054817034365	0.0	670129	4745.158280490697	1.2
143451.19805368962	1200	9.232348942172443	0.0	690253	4215.705874861922	1.2
143454.96833451037	1200	9.462068121447665	0.0	598727	3770.2808207247786	1.2
143458.51418207705	1200	9.916220554768026	0.0	487812	3545.847566679639	1.2
143461.884229718	1200	10.546172913815706	0.0	575591	3370.047640952319	1.2
143466.7248162775	1200	9.705586354297639	0.0	605884	4840.586559518068	1.2
143471.8014564619	1200	8.628946169887213	0.0	587506	5076.640184410426	1.2
143476.16295032686	1200	8.267452304928247	0.0	566904	4361.493864958965	1.2
143479.15350321523	750	9.276899416575315	0.0	384505	2990.552888352931	0.3
143481.54119499936	750	10.889207632423402	0.0	372093	2387.6917841519135	0.75
143484.81446470055	750	11.61593793125138	0.0	438281	3273.269701172022	0.75
143487.58916071124	750	12.841241920572065	0.0	398987	2774.696010679315	0.75
143490.23519377332	750	14.19520885846193	0.0	393804	2646.0330621101343	0.75
143497.20163418172	1850	11.22876845009193	0.0	830730	6966.440408369999	0.75
143513.21362133464	2850	4.0	4.783218702831702	1364537	16011.987152923633	-18.717840422176316
143516.95670945352	750	4.2569118811244975	0.0	450283	3743.0881188755025	0.75
143518.40713251114	300	6.80648882350329	0.0	155580	1450.423057621207	-0.15000000000000002
143519.67819759026	300	9.535423744372308	0.0	139857	1271.065079130983	0.3
143520.77246154935	300	12.441159785303263	0.0	155432	1094.2639590690437	0.3
143523.22464383417	750	13.988977500471297	0.0	411561	2452.182284831966	0.3
143527.9778057252	750	13.235815609417397	0.0	318564	4753.1618910539	0.75
143532.55288931995	750	12.660732014676896	0.0	352642	4575.083594740501	0.75
143535.95765382913	750	13.255967505502067	0.0	437162	3404.7645091748295	0.75
143538.5884640923	750	14.62515724233383	0.0	374758	2630.8102631682386	0.75
143540.8157948046	750	16.39782653000304	0.0	362795	2227.3307123307914	0.75
143543.83200306242	750	17.381618272192245	0.0	353220	3016.2082578107966	0.75
143546.41906136053	750	18.794559974067198	0.0	405134	2587.0582981250477	0.75
143551.08630224512	1200	18.12731908950487	0.0	624282	4667.240884562328	0.75
143556.11530768528	1200	17.098313649316655	0.0	687371	5029.005440188214	1.2
143561.43629973987	1200	15.777321594741766	0.0	526950	5320.9920545748855	1.2
143569.21830724072	1200	11.995314093872121	0.0	587876	7782.007500869646	1.2
143575.50425809217	750	9.709363242432307	0.0	360831	6285.950851439812	0.3
143578.65709180266	750	10.556529531940416	0.0	372963	3152.8337104918915	0.75
143583.01569950042	750	10.197921834170419	0.0	405596	4358.607697769998	0.75
143587.35220067596	750	9.861420658621766	0.0	350713	4336.501175548653	0.75
143594.0348656499	750	7.178755684677181	0.0	386472	6682.664973944585	0.75
143597.34623631914	300	7.867385015451205	0.0	157812	3311.370669225976	-0.15000000000000002
143598.77606883924	300	10.437552495319459	0.0	163927	1429.8325201317468	0.3
143599.80388557597	300	13.409735758599664	0.0	137654	1027.8167367197925	0.3
143600.90148767637	300	16.312133658204335	0.0	146754	1097.6021003953322	0.3
143602.28050859887	300	18.93311273572324	0.0	153938	1379.0209224810942	0.3
143607.1996633566	750	18.01395797802262	0.0	425781	4919.154757700621	0.3
143612.88067974016	750	16.332941594435823	0.0	277716	5681.016383586797	0.75
143616.80970541146	750	16.403915923135187	0.0	400396	3929.0256713006365	0.75
143620.46767161821	750	16.745949716372156	0.0	400508	3657.96620676303	0.75
143624.3432736872	750	16.870347647373006	0.0	358218	3875.6020689991506	0.75
143627.54383956542	750	17.66978176917533	0.0	400322	3200.5658781976767	0.75
143629.9663534707	750	19.24726786391536	0.0	369834	2422.5139052599684	0.75
143632.50615589987	750	20.70746543471395	0.0	412837	2539.802429201412	0.75
143636.66173021263	1200	20.551891121974997	0.0	690253	4155.5743127389505	0.75
143640.55873388666	1200	20.654887447941785	0.0	598727	3897.0036740332102	1.2
143643.4662161273	1200	21.7474052073067	0.0	487812	2907.4822406350863	1.2
143647.17938156574	1200	22.034239768854352	0.0	575591	3713.1654384523454	1.2
143651.18950505808	1200	22.024116276533405	0.0	605884	4010.123492320947	1.2
143654.80183351247	1200	22.411787822169874	0.0	587506	3612.328454363532	1.2
143657.6645036853	1200	23.54911764932379	0.0	566904	2862.6701728460826	1.2
143662.5432633798	1200	22.67035795481572	0.0	641452	4878.759694508069	1.2
143666.33246556928	1200	22.881155765341834	0.0	599477	3789.2021894738878	1.2
143669.74136853122	1200	23.472252803410758	0.0	634861	3408.9029619310772	1.2
143673.07894586524	1200	24.13467546940477	0.0	630203	3337.577334005984	1.2
143681.84242533948	2850	19.371195995170666	0.0	1483527	8763.479474234102	1.2000000000000002
143692.8855668028	2850	12.328054531853619	0.0	1231456	11043.141463317048	2.85
143705.17443884877	2850	4.0391824858863385	0.0	1364537	12288.87204596728	2.85
143708.8969031912	750	4.316718143446604	0.0	450283	3722.464342439734	0.75
143711.31117282386	750	5.902448510807043	0.0	398865	2414.2696326395608	0.75
143713.5576595542	750	7.655961780441064	0.0	350812	2246.486730365978	0.75
143715.66292453144	750	9.550696803211407	0.0	382355	2105.2649772296572	0.75
143718.20551429427	750	11.008107040364127	0.0	411561	2542.5897628472785	0.75
143720.32848210595	750	12.885139228691601	0.0	318564	2122.9678116725263	0.75
143723.56878726173	1200	13.64483407290176	0.0	561791	3240.3051557898416	0.75
143728.3545860736	1200	12.859035261008911	0.0	709534	4785.798811892849	1.2
143732.36070140972	1200	12.85291992490009	0.0	584846	4006.11533610882	1.2
143736.3977208275	1200	12.815900507123214	0.0	560821	4037.0194177768763	1.2
143742.04578179194	1200	11.167839542695837	0.0	607410	5648.060964427375	1.2
143751.03413619305	1200	6.179485141598465	0.0	594078	8988.354401097373	1.2
143755.78870654065	300	5.424914793997658	0.0	160746	4754.570347600807	-0.6000000000000001
143760.34754195513	300	4.86607937953112	0.0	179801	4558.835414466538	0.3
143764.7750773948	300	4.438543939860527	0.0	140051	4427.5354396705925	0.3
143768.71133807153	300	4.502283263105659	0.0	138313	3936.260676754868	0.3
143771.963059551	300	5.25056178362095	0.0	143509	3251.7214794847096	0.3
143774.86030218448	300	6.3533191501586055	0.0	150616	2897.242633462344	0.3
143777.19241424053	300	8.0212070940786	0.0	165384	2332.112056080005	0.3
143779.9180354375	300	9.295585897109735	0.0	140881	2725.6211969688643	0.3
143781.97674732964	300	11.236874004943042	0.0	157671	2058.7118921666925	0.3
143783.79680132197	300	13.416820012648621	0.0	157812	1820.0539922944204	0.3
143785.7742912961	300	15.439330038482398	0.0	163927	1977.489974166223	0.3
143787.45809913153	300	17.755522203087022	0.0	137654	1683.8078353953792	0.3
143789.16664617302	300	20.046975161583713	0.0	146754	1708.5470415033085	0.3
143793.97322627934	750	19.24039505526449	0.0	379700	4806.580106319221	0.3
143801.15010313623	750	16.06351819836422	0.0	425781	7176.87685690027	0.75
143805.66949384368	750	15.544127490929549	0.0	277716	4519.39070743467	0.75
143810.23971654096	750	14.97390479363178	0.0	400396	4570.22269729777	0.75
143821.25651352797	750	7.957107806635393	0.0	400508	11016.796986996387	0.75
143824.21342382077	300	9.000197513817428	0.0	157421	2956.910292817965	-0.15000000000000002
143827.89174178574	300	9.321879548856923	0.0	157488	3678.3179649605045	0.3
143830.30188129668	300	10.911740037936884	0.0	143881	2410.1395109200394	0.3
143832.500552572	300	12.713068762609112	0.0	163444	2198.671275327774	0.3
143835.25785993238	300	13.95576140222178	0.0	179328	2757.307360387331	0.3
143837.79367290786	300	15.419948426719026	0.0	159914	2535.812975502755	0.3
143839.6660661109	300	17.547555223687205	0.0	131610	1872.393203031819	0.3
143841.99807366185	300	19.215547672732555	0.0	124011	2332.0075509546514	0.3
143844.4005504996	300	20.813070834979083	0.0	144254	2402.4768377534706	0.3
143846.5962248514	300	22.617396483179686	0.0	149991	2195.674351799395	0.3
143848.6008746427	300	24.61274669186869	0.0	147968	2004.649791310997	0.3
143850.50639484494	300	26.707226489619053	0.0	161857	1905.5202022496367	0.3
143854.11007718634	750	27.103544148222046	0.0	372093	3603.6823413970083	0.3
143858.95925900034	750	26.254362334227476	0.0	438281	4849.181813994569	0.75
143862.61135892093	750	26.602262413636733	0.0	398987	3652.0999205907437	0.75
143868.44817338118	1200	24.76544795340111	0.0	638661	5836.814460235622	0.75
143876.06598715554	1850	21.147634179066014	0.0	830730	7617.813774335095	1.2000000000000002
143888.06858829872	2850	13.145033035873473	0.0	1364537	12002.601143192542	1.85
143894.01928285745	750	11.194338477136789	0.0	450283	5950.694558736685	0.75
143897.70629625153	750	11.507325083044991	0.0	398865	3687.0133940917995	0.75
143899.90633915376	750	13.30728218081834	0.0	350812	2200.0429022266503	0.75
143902.64169009746	750	14.57193123712494	0.0	382355	2735.3509436933996	0.75
143907.3843542686	750	13.8292670659523	0.0	411561	4742.664171172641	0.75
143910.50535762822	750	14.708263706346157	0.0	318564	3121.0033596061417	0.75
143913.5886693538	750	15.624951980766568	0.0	352642	3083.3117255795887	0.75
143917.50612222782	750	15.707499106773163	0.0	437162	3917.452873993405	0.75
143921.12807186175	750	16.08554947283442	0.0	374758	3621.949633938742	0.75
143924.50960467965	750	16.704016654922665	0.0	362795	3381.532817911757	0.75
143928.17876719302	750	17.034854141532904	0.0	353220	3669.1625133897574	0.75
143931.31439900846	750	17.899222326107214	0.0	405134	3135.6318154256905	0.75
143934.67452545115	750	18.53909588339615	0.0	386351	3360.1264427110614	0.75
143938.15145501084	750	19.0621663237164	0.0	434409	3476.929559679752	0.75
143940.86315518242	750	20.350466152129112	0.0	337059	2711.700171587285	0.75
143944.3682081491	750	20.84541318543258	0.0	366214	3505.0529666965335	0.75
143947.54240365143	750	21.671217683121956	0.0	360831	3174.1955023106234	0.75
143950.72562916632	750	22.48799216819856	0.0	372963	3183.225514923395	0.75
143954.86748825645	750	22.3461330780867	0.0	405596	4141.859090111855	0.75
143965.10086773682	750	16.11275359772423	0.0	350713	10233.379480362473	0.75
143978.42204200217	750	6.791579332355737	0.0	386472	13321.174265368492	0.75
143981.24348864905	300	7.970132685472307	0.0	157812	2821.446646883431	-0.15000000000000002
143983.84845419368	300	9.365167140827127	0.0	163927	2604.9655446451793	0.3
143985.16760809172	300	12.046013242805985	0.0	137654	1319.153898021141	0.3
143987.06488659358	300	14.148734740951863	0.0	146754	1897.2785018541235	0.3
143989.4065101412	300	15.807111193309295	0.0	153938	2341.6235476425672	0.3
143992.80124567487	300	16.412375659653286	0.0	181901	3394.735533656008	0.3
143995.07833288627	300	18.135288448251384	0.0	111155	2277.0872114018985	0.3
144001.9653173187	300	15.248304015816219	0.0	153605	6886.984432435165	0.3
144004.13201559824	300	17.081605736277883	0.0	149029	2166.698279538337	0.3
144006.20778157766	300	19.005839756868166	0.0	157421	2075.7659794097162	0.3
144008.06422836348	300	21.149392971024508	0.0	157488	1856.4467858436599	0.3
144009.72154459887	300	23.492076735618884	0.0	143881	1657.3162354056237	0.3
144016.29822265636	750	20.915398678112687	0.0	412837	6576.678057506196	0.3
144023.6445083404	750	17.569112994095732	0.0	401088	7346.285684016953	0.75
144026.52453033853	750	18.689090995944397	0.0	365161	2880.021998151335	0.75
144029.36582516332	750	19.847796171154872	0.0	321064	2841.294824789528	0.75
144032.5784726785	750	20.63514865597327	0.0	361565	3212.647515181596	0.75
144035.53156429698	750	21.682057037464673	0.0	378327	2953.0916185086	0.75
144039.38230964929	750	21.83131168515918	0.0	390680	3850.7453523054937	0.75
144042.85343492447	750	22.360186409977654	0.0	345516	3471.1252751815273	0.75
144045.70355440106	750	23.510066933379633	0.0	384505	2850.1194765980204	0.75
144051.2050969429	1200	22.00852439155671	0.0	599477	5501.542541822924	0.75
144057.74591695363	1200	19.467704380849398	0.0	634861	6540.82001070731	1.2
144063.46802367226	1200	17.7455976622303	0.0	630203	5722.106718619101	1.2
144070.11734637167	1200	15.096274962797171	0.0	638661	6649.322699433126	1.2
144075.72006157137	1200	13.493559763131792	0.0	538612	5602.715199665379	1.2
144090.04774524123	2850	4.0	0.8341239067279457	1364537	14327.683669859738	-2.386732798930166
144096.9972843207	750	4.0	2.9495390794933964	450283	6949.5390794933965	-11.933018041821605
144099.3335772198	300	5.663707100887261	0.0	155580	2336.292899112739	-0.15000000000000002
144101.43552034194	300	7.561763978762376	0.0	139857	2101.9431221248847	0.3
144103.36341148004	300	9.633872840644564	0.0	155432	1927.8911381178116	0.3
144105.36362804103	300	11.633656279664939	0.0	163442	2000.2165609796261	0.3
144106.91608552518	300	14.081198795513501	0.0	126289	1552.4574841514377	0.3
144108.2298207883	300	16.767463532374975	0.0	153295	1313.7352631385268	0.3
144111.2430850107	300	17.754199310000953	0.0	173849	3013.264222374022	0.3
144113.35851268182	300	19.63877163889529	0.0	150710	2115.4276711056646	0.3
144115.58006855182	300	21.417215768904434	0.0	139105	2221.5558699908597	0.3
144117.9553407738	300	23.041943546916656	0.0	141840	2375.272221987774	0.3
144120.05245633502	300	24.94482798571069	0.0	156148	2097.1155612059647	0.3
144121.48944686522	300	27.507837455501626	0.0	160746	1436.9905302090644	0.3
144126.28177056217	750	26.715513758570893	0.0	434409	4792.323696930734	0.3
144130.9373059475	750	26.059978373236497	0.0	337059	4655.535385334399	0.75
144134.92474556834	750	26.072538752424265	0.0	366214	3987.439620812232	0.75
144140.1717405786	750	24.825543742170826	0.0	360831	5246.9950102534385	0.75
144144.18255028062	750	24.814734040128513	0.0	372963	4010.8097020423133	0.75
144148.43356878066	750	24.563715540112643	0.0	405596	4251.018500015871	0.75
144151.6715517494	750	25.32573257136615	0.0	350713	3237.9829687464944	0.75
144155.968065348	750	25.029218972765353	0.0	386472	4296.513598600796	0.75
144160.79601182375	750	24.20127249702872	0.0	399894	4827.946475736633	0.75
144166.91374128734	750	22.083543033436207	0.0	401853	6117.729463592515	0.75
144171.16672117214	750	21.83056314867153	0.0	343800	4252.979884764676	0.75
144175.92458566048	750	21.072698660297835	0.0	359903	4757.864488373692	0.75
144182.22599396762	750	18.771290353153223	0.0	379700	6301.408307144615	0.75
144188.1445485977	750	16.852735723086447	0.0	425781	5918.554630066774	0.75
144191.45460868298	750	17.54267563778771	0.0	277716	3310.0600852987395	0.75
144196.7279519931	750	16.26933232770986	0.0	400396	5273.343310077848	0.75
144202.15768407893	750	14.83960024186337	0.0	400508	5429.732085846493	0.75
144208.8012908684	750	12.195993452403862	0.0	358218	6643.606789459508	0.75
144215.27090778618	750	9.726376534612402	0.0	400322	6469.616917791459	0.75
144224.05575184984	750	4.941532470975797	0.0	369834	8784.844063636605	0.75
144226.25480586343	300	6.742478457360595	0.0	163444	2199.054013615202	-0.15000000000000002
144230.3496302566	300	6.647654064217332	0.0	179328	4094.8243931432626	0.3
144233.5231108759	300	7.474173444922603	0.0	159914	3173.480619294729	0.3
144235.4297891871	300	9.56749513369628	0.0	131610	1906.678311226324	0.3
144238.23369656794	300	10.763587752842385	0.0	124011	2803.9073808538965	0.3
144241.75928276067	300	11.238001560126568	0.0	144254	3525.5861927158167	0.3
144246.22876011973	300	10.768524201084022	0.0	149991	4469.477359042547	0.3
144250.74684435118	300	10.25043996963806	0.0	147968	4518.0842314459605	0.3
144256.21951334376	300	8.777770977063058	0.0	161857	5472.6689925750015	0.3
144263.69890071056	300	5.298383610264149	0.0	145210	7479.38736679891	0.3
144271.7129070328	300	4.0	2.715622711995239	172312	8014.006322259388	-11.377177661579527
144276.22715113682	300	4.0	0.5142441040021986	167025	4514.244104002199	-1.9112496472094536
144282.84477067384	300	4.0	2.6176195370301767	160064	6617.619537030177	-10.955764009229759
144290.11098170595	300	4.0	3.266211032092292	137507	7266.211032092292	-13.744707437996855
144292.6455267145	300	5.465454991441603	0.0	118421	2534.545008558397	0.3
144297.6254943374	750	4.4854873685324055	0.0	450283	4979.967622909197	0.75
144300.98868733874	300	5.122294367193527	0.0	155580	3363.1930013388783	-0.15000000000000002
144303.64523946287	300	6.465742243047502	0.0	139857	2656.5521241460256	0.3
144306.6390080021	300	7.471973703835419	0.0	155432	2993.768539212083	0.3
144309.92148381873	300	8.189497887212394	0.0	163442	3282.4758166230254	0.3
144312.0317669935	300	10.07921471246505	0.0	126289	2110.283174747342	0.3
144313.81708793252	300	12.29389377342789	0.0	153295	1785.3209390371608	0.3
144315.8121985429	300	14.298783163069206	0.0	173849	1995.110610358683	0.3
144317.2157425302	300	16.89523917572444	0.0	150710	1403.543987344769	0.3
144318.46120256596	300	19.64977913998995	0.0	139105	1245.4600357344923	0.3
144321.66835857372	750	20.442623132263684	0.0	353220	3207.156007726265	0.3
144325.4266236346	750	20.68435807139622	0.0	405134	3758.2650608674658	0.75
144329.27043300742	750	20.840548698545764	0.0	386351	3843.8093728504527	0.75
144334.56795015957	750	19.543031546395245	0.0	434409	5297.517152150523	0.75
144338.40533593876	750	19.70564576721255	0.0	337059	3837.385779182696	0.75
144345.50038674398	750	16.610594961981285	0.0	366214	7095.0508052312625	0.75
144349.45982273426	750	16.65115897169701	0.0	360831	3959.4359902842757	0.75
144353.57102227738	750	16.539959428572924	0.0	372963	4111.199543124087	0.75
144356.5800652929	750	17.530916413055078	0.0	405596	3009.0430155178456	0.75
144359.7847631367	750	18.32621856923052	0.0	350713	3204.6978438245587	0.75
144368.5769600225	750	13.534021683429927	0.0	386472	8792.196885800595	0.75
144372.77853526533	750	13.332446440615964	0.0	399894	4201.575242813962	0.75
144377.69839740638	750	12.41258429958612	0.0	401853	4919.862141029843	0.75
144381.0639647672	750	13.047016938728397	0.0	343800	3365.567360857724	0.75
144384.5129389162	750	13.598042789771018	0.0	359903	3448.9741489573785	0.75
144387.28308832174	750	14.827893384192205	0.0	379700	2770.1494055788144	0.75
144390.04507003588	750	16.065911670064942	0.0	425781	2761.981714127264	0.75
144391.81761317654	750	18.293368529421418	0.0	277716	1772.5431406435227	0.75
144394.89442940665	750	19.216552299302645	0.0	400396	3076.8162301187726	0.75
144399.65704081985	1200	18.453940886102835	0.0	641447	4762.611413199812	0.75
144403.89836788518	1200	18.212613820780213	0.0	570392	4241.327065322622	1.2
144409.15577741765	1200	16.955204288283795	0.0	620283	5257.409532496418	1.2
144414.41203702416	1200	15.69894468176787	0.0	584349	5256.259606515927	1.2
144421.79172227767	1200	12.319259428270724	0.0	670129	7379.685253497145	1.2
144431.75849279962	1200	6.352488906323317	0.0	690253	9966.770521947408	1.2
144435.11931424937	750	6.991667456568499	0.0	365161	3360.821449754818	0.3
144440.69966094973	750	5.41132075621126	0.0	321064	5580.34670035724	0.75
144446.0897176295	300	4.021264076437589	0.0	124011	5390.05667977367	-0.15000000000000002
144450.134074116	300	4.0	0.023092410060888142	144254	4044.3564864984774	0.20070263673818098
144452.77572720405	300	5.358346911960253	0.0	149991	2641.6530880397468	0.3
144456.11333314521	300	6.020740970807248	0.0	147968	3337.6059411530046	0.3
144457.66322083262	300	8.47085328339711	0.0	161857	1549.8876874101384	0.3
144459.20701078858	300	10.927063327422966	0.0	145210	1543.7899559741436	0.3
144460.71369251385	300	13.420381602159722	0.0	172312	1506.681725263244	0.3
144462.08209597494	300	16.051978141073654	0.0	167025	1368.4034610860647	0.3
144465.1803671493	750	16.953706966728344	0.0	393804	3098.271174345314	0.3
144472.89674982114	1850	13.237324294863395	0.0	830730	7716.382671864949	0.75
144486.44548687298	2850	4.0	0.31141275696388765	1364537	13548.737051827282	0.5109251450552832
144489.9798934141	750	4.465593458847761	0.0	450283	3534.4065411522392	0.75
144492.9728317336	750	5.472655139358394	0.0	398865	2992.9383194893676	0.75
144495.5116646167	750	6.933822256281196	0.0	350812	2538.832883077198	0.75
144499.43915501595	750	7.006331857029792	0.0	382355	3927.490399251404	0.75
144502.46166136046	750	7.983825512512038	0.0	411561	3022.506344517755	0.75
144504.9817747992	750	9.46371207379776	0.0	318564	2520.1134387142783	0.75
144508.0162804254	750	10.429206447606663	0.0	352642	3034.5056261910954	0.75
144511.58577760664	750	10.859709266369075	0.0	437162	3569.4971812375907	0.75
144514.90244527895	750	11.543041594050658	0.0	374758	3316.6676723184178	0.75
144517.83808600408	750	12.607400868920568	0.0	362795	2935.6407251300893	0.75
144520.5793523487	750	13.866134524326528	0.0	353220	2741.2663445940398	0.75
144523.8234737284	750	14.622013144593085	0.0	405134	3244.121379733442	0.75
144527.1003654085	750	15.345121464523306	0.0	386351	3276.8916800697784	0.75
144530.87914627828	750	15.566340594710239	0.0	434409	3778.7808698130684	0.75
144534.5047876196	750	15.94069925341488	0.0	337059	3625.641341295358	0.75
144538.01071161474	750	16.43477525826876	0.0	366214	3505.9239951461213	0.75
144541.72098341718	750	16.724503455806765	0.0	360831	3710.2718024619994	0.75
144547.52126418691	750	14.924222686085914	0.0	372963	5800.28076972085	0.75
144551.9681041012	750	14.47738277181243	0.0	405596	4446.8399142734825	0.75
144555.51381637025	750	14.93167050274324	0.0	350713	3545.7122690691904	0.75
144559.37548184115	750	15.070005031831709	0.0	386472	3861.6654709115323	0.75
144565.3025195045	750	13.142967368474347	0.0	399894	5927.0376633573605	0.75
144568.58080447678	750	13.864682396213858	0.0	401853	3278.2849722604883	0.75
144571.42168371385	750	15.023803159143062	0.0	343800	2840.8792370707965	0.75
144574.34663517794	750	16.098851695054915	0.0	359903	2924.9514640881466	0.75
144577.88180209702	750	16.563684775980818	0.0	379700	3535.166919074097	0.75
144581.63554069353	750	16.809946179493487	0.0	425781	3753.7385964873315	0.75
144583.97377691476	750	18.471709958227404	0.0	277716	2338.2362212660846	0.75
144587.64013215512	750	18.805354717874145	0.0	400396	3666.3552403532553	0.75
144591.10384775733	750	19.341639115641044	0.0	400508	3463.715602233104	0.75
144594.1906963638	750	20.254790509168732	0.0	358218	3086.848606472312	0.75
144597.98134555513	750	20.4641413178614	0.0	400322	3790.649191307331	0.75
144601.2461936318	750	21.199293241146275	0.0	369834	3264.8480767151273	0.75
144604.49826099773	750	21.94722587522611	0.0	412837	3252.067365920164	0.75
144610.39078295446	1200	20.054703918526634	0.0	690253	5892.521956699479	0.75
144616.22200068628	1200	18.223486186680073	0.0	598727	5831.217731846558	1.2
144621.29725798705	1200	17.148228885901002	0.0	487812	5075.257300779076	1.2
144629.78460532828	1200	12.660881544657213	0.0	575591	8487.347341243787	1.2
144633.7364626427	1200	12.70902423026391	0.0	605884	3951.8573143933027	1.2

