156018.1906167577	750	4.0	2.905148303948766	450283	2905.148303948766	-11.742137706979694
156019.23390874264	300	6.956708015063269	0.0	155580	1043.291984936731	-0.15000000000000002
156020.38491182047	300	9.805704937221734	0.0	139857	1151.003077841536	0.3
156021.52171384325	300	12.668902914424304	0.0	155432	1136.8020227974282	0.3
156022.39509105834	300	15.795525699346312	0.0	163442	873.3772150779934	0.3
156023.08704689326	300	19.103569864410463	0.0	126289	691.9558349358476	0.3
156024.26487255652	300	21.92574420114428	0.0	153295	1177.8256632661844	0.3
156025.5786085608	300	24.612008196884453	0.0	173849	1313.7360042598268	0.3
156027.85470822337	750	26.33590853429929	0.0	374758	2276.099662585165	0.3
156029.91807440133	750	28.27254235634249	0.0	362795	2063.3661779567938	0.75
156032.4698612092	750	29.720755548480863	0.0	353220	2551.786807861631	0.75
156034.56145213323	750	31.629164624419804	0.0	405134	2091.590924061058	0.75
156036.99000648665	750	33.200610271015286	0.0	386351	2428.554353404522	0.75
156039.24793495072	750	34.94268180696397	0.0	434409	2257.928464051316	0.75
156040.76157116934	750	37.429045588313315	0.0	337059	1513.6362186506515	0.75
156043.34328509145	1200	38.84733166619477	0.0	587876	2581.71392211855	0.75
156046.12155576126	1200	40.06906099642126	0.0	617242	2778.270669773513	1.2
156050.25612373365	1200	39.93449302403308	0.0	581493	4134.567972388177	1.2
156055.6404904373	1850	38.5501263203774	0.0	987708	5384.366703655677	1.2000000000000002
156063.12121643766	1850	35.06940032001935	0.0	923755	7480.726000358053	1.85
156071.14907290982	1200	31.041543847880344	0.0	601738	8027.856472139004	0.5499999999999999
156073.8811993561	750	32.30941740157166	0.0	399894	2732.126446308688	0.3
156076.5813133892	750	33.609303368462655	0.0	401853	2700.1140331090037	0.75
156079.3872348693	750	34.80338188837599	0.0	343800	2805.921480086668	0.75
156081.95888108647	750	36.231735671194734	0.0	359903	2571.6462171812523	0.75
156084.29915874844	750	37.89145800921532	0.0	379700	2340.27766197942	0.75
156087.09124072938	750	39.09937602827813	0.0	425781	2792.08198093719	0.75
156088.7995865815	750	41.39103017618309	0.0	277716	1708.3458520950458	0.75
156090.9674967213	750	43.22312003638825	0.0	400396	2167.9101397948334	0.75
156094.8255476328	1200	43.36506912489496	0.0	641447	3858.05091149329	0.75
156097.9900045787	1200	44.200612178986646	0.0	570392	3164.4569459083177	1.2
156101.43077501078	1200	44.759841746863806	0.0	620283	3440.7704321228375	1.2
156104.5639791318	1200	45.62663762584651	0.0	584349	3133.2041210172956	1.2
156108.29624891098	1200	45.894367846686166	0.0	670129	3732.2697791603446	1.2
156112.57402324755	1200	45.61659351011672	0.0	690253	4277.774336569445	1.2
156116.6684245	1200	45.52219225764309	0.0	598727	4094.4012524736318	1.2
156120.49730364128	1200	45.693313116371876	0.0	487812	3828.879141271206	1.2
156125.29886591056	1200	44.89175084709481	0.0	575591	4801.562269277071	1.2
156130.39273492503	1200	43.79788183261647	0.0	605884	5093.869014478341	1.2
156135.82214189152	1200	42.368474866146	0.0	587506	5429.406966470467	1.2
156140.16217025992	1200	42.02844649772185	0.0	566904	4340.028368424154	1.2
156145.53720822078	1200	40.65340853687488	0.0	641452	5375.0379608469775	1.2
156150.5469398485	1200	39.643676909161655	0.0	599477	5009.731627713216	1.2
156156.76479030744	1200	37.42582645020915	0.0	634861	6217.850458952512	1.2
156161.29461615384	1200	36.896000603806264	0.0	630203	4529.825846402882	1.2
156166.66170956404	1200	35.5289071936249	0.0	638661	5367.09341018136	1.2
156177.02452304497	1850	29.16609371267427	0.0	830730	10362.81348095063	1.2000000000000002
156185.56626913283	2850	24.624347624828847	0.0	1364537	8541.746087845426	1.85
156188.1911137714	750	25.9995029862534	0.0	450283	2624.844638575446	0.75
156190.1676654705	750	28.022951287138905	0.0	398865	1976.5516991144934	0.75
156191.82368782395	750	30.36692893369593	0.0	350812	1656.022353442974	0.75
156194.02545807522	750	32.165158682411395	0.0	382355	2201.7702512845367	0.75
156196.37925249527	750	33.811364262376905	0.0	411561	2353.794420034491	0.75
156200.0941619166	1200	34.09645484100946	0.0	520315	3714.90942136745	0.75
156205.72229173724	1200	32.46832502039945	0.0	561791	5628.129820610006	1.2
156216.335113023	1200	25.855503734611744	0.0	709534	10612.821285787706	1.2
156225.43895953952	1200	20.751657218080908	0.0	584846	9103.846516530835	1.2
156228.68030673885	750	21.510310018750694	0.0	362795	3241.3471993302164	0.3
156233.12049379793	750	21.070122959676606	0.0	353220	4440.187059074086	0.75
156238.35967290396	750	19.83094385365122	0.0	405134	5239.1791060253845	0.75
156241.20100041662	300	20.989616340981886	0.0	160746	2841.3275126693334	-0.15000000000000002
156244.26877978642	300	21.921836971199646	0.0	179801	3067.779369782241	0.3
156246.16854110843	300	24.022075649188597	0.0	140051	1899.7613220110466	0.3
156248.6317615632	300	25.558855194400383	0.0	138313	2463.220454788213	0.3
156253.437706315	300	24.752910442642847	0.0	143509	4805.944751757541	0.3
156256.25201348503	300	25.938603272579435	0.0	150616	2814.307170063409	0.3
156262.74842000805	300	23.442196749563664	0.0	165384	6496.40652301577	0.3
156265.0467017347	300	25.143915022912413	0.0	140881	2298.281726651251	0.3
156267.54615756145	300	26.644459196169695	0.0	157671	2499.455826742719	0.3
156270.04667680679	300	28.14393995085357	0.0	157812	2500.5192453161203	0.3
156272.82995341023	300	29.360663347393064	0.0	163927	2783.276603460508	0.3
156276.4744352984	300	29.716181459224945	0.0	137654	3644.481888168117	0.3
156279.46290246747	300	30.727714290171125	0.0	146754	2988.467169053819	0.3
156283.07675771095	300	31.11385904667722	0.0	153938	3613.855243493909	0.3
156290.25522469025	300	27.93539206739628	0.0	181901	7178.466979280938	0.3
156294.62196444048	300	27.568652317187855	0.0	111155	4366.739750208424	0.3
156298.89908762308	300	27.291529134553894	0.0	153605	4277.12318263396	0.3
156303.01352336086	300	27.17709339679107	0.0	149029	4114.435737762826	0.3
156306.4855745688	300	27.705042188821086	0.0	157421	3472.0512079699847	0.3
156309.76498294348	300	28.425633814142223	0.0	157488	3279.4083746788615	0.3
156314.9320601264	300	27.258556631233922	0.0	143881	5167.077182908302	0.3
156318.05468054747	300	28.135936210146372	0.0	163444	3122.6204210875467	0.3
156321.22571554114	300	28.964901216494436	0.0	179328	3171.0349936519365	0.3
156324.3327261486	300	29.8578906090103	0.0	159914	3107.0106074841356	0.3
156326.7856087122	300	31.405008045419358	0.0	131610	2452.882563590943	0.3
156328.4923706856	300	33.69824607204164	0.0	124011	1706.7619733777167	0.3
156330.4151269302	300	35.77548982740598	0.0	144254	1922.7562446356685	0.3
156332.31005938211	300	37.88055737549746	0.0	149991	1894.9324519085105	0.3
156334.66752351937	300	39.52309323823791	0.0	147968	2357.464137259553	0.3
156337.19495569105	300	40.99566106652228	0.0	161857	2527.432171715624	0.3
156338.61300031218	300	43.577616445419984	0.0	145210	1418.0446211023034	0.3
156342.81456115513	300	43.37605560245729	0.0	172312	4201.5608429626855	0.3
156347.6224665399	300	42.568150217682	0.0	167025	4807.905384775284	0.3
156352.36198975443	300	41.82862700316503	0.0	160064	4739.523214516973	0.3
156363.60297767216	750	34.58763908544772	0.0	331053	11240.987917717317	0.3
156384.06208313696	1200	18.128533620650817	0.0	550906	20459.105464796903	0.75
156397.1703001773	750	9.020316580296443	0.0	450283	13108.217040354375	0.75
156401.5499086443	300	8.640708113306417	0.0	155580	4379.6084669900265	-0.15000000000000002
156404.40222705176	300	9.78838970583335	0.0	139857	2852.318407473068	0.3
156406.45766854755	300	11.732948210051894	0.0	155432	2055.4414957814543	0.3
156408.08567850926	300	14.104938248322828	0.0	163442	1628.0099617290678	0.3
156409.19314453978	300	16.997472217818306	0.0	126289	1107.4660305045213	0.3
156410.4120934802	300	19.778523277389233	0.0	153295	1218.9489404290723	0.3
156411.6101303549	300	22.580486402686443	0.0	173849	1198.036874702794	0.3
156412.81046070854	300	25.380156049068017	0.0	150710	1200.3303536184253	0.3
156413.96297908676	300	28.22763767082778	0.0	139105	1152.5183782402376	0.3
156414.98651957253	300	31.20409718505262	0.0	141840	1023.5404857751578	0.3
156417.48704041756	750	32.703576340018806	0.0	405134	2500.5208450338127	0.3
156420.01377016166	750	34.176846595912416	0.0	386351	2526.729744106392	0.75
156422.663385917	750	35.5272308405535	0.0	434409	2649.6157553589182	0.75
156424.46283425688	750	37.727782500660254	0.0	337059	1799.448339893252	0.75
156426.19401502394	750	39.99660173358977	0.0	366214	1731.1807670704789	0.75
156429.97170375485	1200	40.21891300270685	0.0	617242	3777.688730882921	0.75
156433.4928376941	1200	40.69777906343158	0.0	581493	3521.1339392752666	1.2
156437.23438655422	1200	40.9562302033235	0.0	639204	3741.548860108078	1.2
156440.60024328635	1200	41.590373471199996	0.0	586839	3365.8567321235096	1.2
156443.72622658024	1200	42.46439017730524	0.0	601738	3125.9832938947525	1.2
156446.4192678609	1200	43.77134889661269	0.0	616206	2693.041280692556	1.2
156449.71119211937	1200	44.47942463817185	0.0	656471	3291.9242584408416	1.2
156452.81031773175	1200	45.380299025752095	0.0	536667	3099.1256124197566	1.2
156456.4754142689	1200	45.7152024886087	0.0	587236	3665.096537143393	1.2
156462.31284433077	1200	43.87777242676102	0.0	590335	5837.430061847681	1.2
156467.74264697652	1200	42.447969780983186	0.0	696376	5429.802645777831	1.2
156470.82007101265	1200	43.37054574486637	0.0	487160	3077.424036116814	1.2
156474.80648577661	1200	43.384130980922464	0.0	622896	3986.414763943908	1.2
156478.82063688632	1200	43.3699798711989	0.0	641447	4014.1511097235607	1.2
156484.93026046755	1200	41.260356289980635	0.0	570392	6109.623581218263	1.2
156489.01027620808	1200	41.18034054946523	0.0	620283	4080.015740515409	1.2
156492.30242966558	1200	41.88818709196532	0.0	584349	3292.1534574999023	1.2
156495.35345063705	1200	42.837166120485996	0.0	670129	3051.0209714793245	1.2
156498.73092907484	1200	43.45968768271422	0.0	690253	3377.47843777178	1.2
156501.30372112055	1200	44.886895636965995	0.0	598727	2572.792045748225	1.2
156503.59356189397	1200	46.59705486356363	0.0	487812	2289.840773402362	1.2
156506.52455457952	1200	47.66606217801616	0.0	575591	2930.9926855474732	1.2
156509.73052344527	1200	48.46009331225768	0.0	605884	3205.968865758479	1.2
156512.48587407253	1200	49.704742685020925	0.0	587506	2755.3506272367604	1.2
156515.43963571294	1200	50.75098104460495	0.0	566904	2953.7616404159794	1.2
156518.9271054157	1200	51.26351134185403	0.0	641452	3487.4697027509164	1.2
156522.35745960302	1200	51.833157154540444	0.0	599477	3430.3541873135805	1.2
156532.77052831123	1850	45.420088446343364	0.0	973972	10413.068708197086	1.2000000000000002
156547.2894249892	1850	34.9011917683752	0.0	958994	14518.896677968167	1.85
156551.8349166807	1200	34.35570007686318	0.0	638661	4545.491691512019	0.5499999999999999
156559.46716684755	1850	30.72344990999251	0.0	830730	7632.25016687067	1.2000000000000002
156586.4408918669	2850	7.749724890660262	0.0	1364537	26973.725019332247	1.85
156595.2416318587	750	4.0	1.0510151011243487	450283	8800.73999178461	-3.769364934834699
156598.75400481906	300	4.487627039615872	0.0	155580	3512.372960384128	-0.15000000000000002
156600.43049247275	300	6.811139385954593	0.0	139857	1676.4876536612799	0.3
156601.7809469133	300	9.460684945385216	0.0	155432	1350.4544405693775	0.3
156603.0335066235	300	12.20812523519512	0.0	163442	1252.5597101900976	0.3
156603.84768546093	300	15.393946397765596	0.0	126289	814.1788374295222	0.3
156605.22227557795	300	18.01935628072032	0.0	153295	1374.5901170452755	0.3
156606.98722526655	300	20.25440659212262	0.0	173849	1764.9496885976978	0.3
156614.2028925489	300	17.038739309783058	0.0	150710	7215.667282339563	0.3
156619.94097157483	300	15.300660283820005	0.0	139105	5738.079025963052	0.3
156621.626035187	300	17.615596671682276	0.0	141840	1685.0636121377283	0.3
156622.84020662794	300	20.401425230732034	0.0	156148	1214.1714409502429	0.3
156623.8377979291	300	23.403833929562612	0.0	160746	997.5913011694228	0.3
156624.7042177816	300	26.537414077060518	0.0	179801	866.419852502096	0.3
156625.2516949708	300	29.989936887882564	0.0	140051	547.4771891779556	0.3
156626.69287033528	750	32.54876152339718	0.0	366214	1441.175364485381	0.3
156629.71707775886	1200	33.52455409982051	0.0	617242	3024.207423576666	0.75
156632.4883103027	1200	34.7533215559688	0.0	581493	2771.232543851708	1.2
156634.53576367008	1200	36.705868188589946	0.0	639204	2047.4533673788528	1.2
156636.27678128288	1200	38.96485057581107	0.0	586839	1741.0176127788827	1.2
156638.9309345912	1850	40.31069726749383	0.0	891604	2654.1533083172385	1.2000000000000002
156641.49367550522	1850	41.74795635348421	0.0	955231	2562.7409140096156	1.85
156644.23870234741	1850	43.00292951127705	0.0	968026	2745.0268422071595	1.85
156647.3254305486	1850	43.916201310102565	0.0	874175	3086.7282011744883	1.85
156650.73916487873	1850	44.502466979976425	0.0	897976	3413.734330126146	1.85
156653.39171650982	1850	45.849915348878675	0.0	905935	2652.551631097746	1.85
156657.8196775064	2850	45.421954352307935	0.0	1547572	4427.960996570743	1.85
156660.29034201772	2850	46.95128984099004	0.0	1141971	2470.6645113178884	2.85
156663.4921799655	2850	47.74945189316932	0.0	1498470	3201.8379478207207	2.85
156666.69855838164	2850	48.543073477044935	0.0	1561263	3206.3784161243875	2.85
156670.6737724394	2850	48.567859419297996	0.0	1341201	3975.214057746939	2.85
156674.49986981574	2850	48.74176204296062	0.0	1497683	3826.097376337372	2.85
156678.65274982594	2850	48.588882032769014	0.0	1358081	4152.880010191616	2.85
156684.6824246182	2850	46.559207240507924	0.0	1587293	6029.674792261085	2.85
156696.42290162505	2850	38.818730233665406	0.0	1492672	11740.477006842522	2.85
156701.86346187245	1850	37.378169986239605	0.0	943942	5440.560247425796	0.8500000000000001
156706.0062711793	1850	37.23536067940666	0.0	728962	4142.809306832945	1.85
156718.2848704964	1850	28.956761362294177	0.0	938587	12278.599317112483	1.85
156726.6508710571	750	24.59076080159347	0.0	378327	8366.000560700708	-0.3500000000000001
156737.74887752035	750	17.492754338339484	0.0	390680	11098.006463253983	0.75
156739.49451669952	300	19.747115159159403	0.0	147968	1745.6391791800838	-0.15000000000000002
156743.529941975	300	19.711689883671117	0.0	161857	4035.4252754882864	0.3
156745.67067509075	300	21.57095676789667	0.0	145210	2140.733115774444	0.3
156747.53048119874	300	23.7111506599119	0.0	172312	1859.8061079847673	0.3
156749.4157730307	300	25.82585882796747	0.0	167025	1885.2918319444327	0.3
156751.0382406781	300	28.20339118056168	0.0	160064	1622.467647405788	0.3
156757.31604538127	750	25.925586477396628	0.0	331053	6277.804703165053	0.3
156782.62683297103	1850	4.614798887628672	0.0	846370	25310.787589767955	0.75
156787.0299012109	750	4.2117306477760845	0.0	450283	4403.068239852588	0.75
156788.00536436948	300	7.236267489169032	0.0	155580	975.4631586070527	-0.15000000000000002
156788.8890150186	300	10.352616840068126	0.0	139857	883.650649100905	0.3
156789.97323211792	300	13.268399740715736	0.0	155432	1084.2170993523898	0.3
156791.02728428433	300	16.21434757431508	0.0	163442	1054.0521664006574	0.3
156791.68129252782	300	19.560339330804204	0.0	126289	654.008243510877	0.3
156792.47835216206	300	22.763279696578184	0.0	153295	797.0596342260162	0.3
156795.17023755767	750	24.071394300966485	0.0	437162	2691.885395611702	0.3
156796.80484015713	750	26.436791701522562	0.0	374758	1634.6025994439235	0.75
156798.2746617678	750	28.96697009085588	0.0	362795	1469.8216106666807	0.75
156799.50461800178	750	31.737013856855853	0.0	353220	1229.9562340000273	0.75
156801.5281550622	1200	33.71347679646036	0.0	594078	2023.5370603954946	0.75
156803.93914274042	1200	35.30248911821686	0.0	624282	2410.9876782434912	1.2
156806.94795835033	1200	36.293673508301126	0.0	687371	3008.8156099157427	1.2
156808.71856941454	1200	38.52306244408743	0.0	526950	1770.6110642136887	1.2
156812.6790284719	1850	38.562603386724824	0.0	923170	3960.4590573626015	1.2000000000000002
156818.5192087782	1850	36.722423080431575	0.0	966699	5840.180306293256	1.85
156825.20288175924	1850	34.038750099394534	0.0	885714	6683.672981037036	1.85
156830.40222004696	1200	32.839411811666935	0.0	639204	5199.338287727603	0.5499999999999999
156834.5579356299	1200	32.68369622871999	0.0	586839	4155.715582946944	1.2
156839.89208815983	1200	31.34954369878456	0.0	601738	5334.152529935427	1.2
156842.51205949302	750	32.729572365617216	0.0	399894	2619.971333167345	0.3
156844.00566439496	750	35.2359674636579	0.0	401853	1493.6049019593208	0.75
156845.26407911073	750	37.977552747917194	0.0	343800	1258.4147157407058	0.75
156846.74231142757	750	40.499320431058564	0.0	359903	1478.2323168586329	0.75
156848.3105922875	750	42.93103957109665	0.0	379700	1568.2808599619182	0.75
156851.18981490406	1200	44.051816954532676	0.0	696376	2879.2226165639704	0.75
156854.1647829243	1850	45.07684893429991	0.0	758197	2974.968020232767	1.2000000000000002
156859.46511058326	1850	43.77652127533582	0.0	972798	5300.327658964096	1.85
156862.9753185642	1850	44.26631329441363	0.0	975811	3510.2079809221814	1.85
156865.2772518535	1850	45.96438000510779	0.0	873429	2301.933289305835	1.85
156867.9629358431	1850	47.27869601549995	0.0	954453	2685.6839896078395	1.85
156870.53485818027	1850	48.70677367836222	0.0	885062	2571.9223371377407	1.85
156873.28441254204	1850	49.95721931656371	0.0	1035329	2749.5543617985068	1.85
156877.0967238435	2850	50.14490801509038	0.0	1492672	3812.3113014733244	1.85
156881.3046408875	2850	49.93699097110748	0.0	1439896	4207.917043982905	2.85
156886.378946985	2850	48.8626848735956	0.0	1139291	5074.306097511875	2.85
156896.74969523243	2850	42.49193662617122	0.0	1499009	10370.748247424379	2.85
156907.71413728286	1850	35.52749457575151	0.0	908665	10964.442050419708	0.8500000000000001
156913.7166046048	1850	33.525027253812915	0.0	930577	6002.467321938593	1.85
156917.24531071336	1200	33.996321145253496	0.0	566904	3528.7061085594173	0.5499999999999999
156921.08212903162	1200	34.15950282699046	0.0	641452	3836.8183182630296	1.2
156928.58033614256	1200	30.661295716034576	0.0	599477	7498.207110955889	1.2
156935.1727528288	750	28.068879029810525	0.0	438281	6592.416686224052	0.3
156940.42929713946	750	26.812334719146804	0.0	398987	5256.544310663717	0.75
156944.51206577045	750	26.72956608815908	0.0	393804	4082.7686309877295	0.75
156948.88713173397	750	26.35450012466137	0.0	331053	4375.065963497705	0.75
156961.0700303825	1850	18.17160147610999	0.0	846370	12182.898648551381	0.75
156971.83956002066	750	11.40207183797315	0.0	450283	10769.52963813684	0.75
156976.96783232337	300	10.273799535262013	0.0	155580	5128.272302711137	-0.15000000000000002
156980.81467537655	300	10.426956482092423	0.0	139857	3846.8430531695876	0.3
156982.927968438	300	12.313663420639934	0.0	155432	2113.2930614524907	0.3
156984.59610717976	300	14.645524678870094	0.0	163442	1668.1387417698386	0.3
156985.77514406908	300	17.46648778955504	0.0	126289	1179.0368893150587	0.3
156987.0599209017	300	20.1817109569569	0.0	153295	1284.7768325981378	0.3
156988.36578902425	300	22.87584283441304	0.0	173849	1305.8681225438631	0.3
156989.5655253236	300	25.676106535047623	0.0	150710	1199.736299365413	0.3
156991.34150511457	300	27.900126744053672	0.0	139105	1775.9797909939516	0.3
156993.03437173643	300	30.20726012221408	0.0	141840	1692.8666218395902	0.3
156994.8041764732	300	32.43745538546419	0.0	156148	1769.8047367498891	0.3
156995.96145330297	300	35.280178555679996	0.0	160746	1157.276829784196	0.3
156996.9433277524	300	38.298304106244785	0.0	179801	981.8744494352031	0.3
156998.5018684553	750	40.7397634033609	0.0	337059	1558.5407028838897	0.3
157000.2053976304	750	43.03623422824599	0.0	366214	1703.52917511491	0.75
157001.6495345296	750	45.592097329033756	0.0	360831	1444.1368992122332	0.75
157003.28450876303	750	47.957123095621164	0.0	372963	1634.9742334125897	0.75
157007.53131332493	1850	47.71031853371409	0.0	987708	4246.804561907076	0.75
157011.36841393853	1850	47.87321792012644	0.0	923755	3837.1006135876446	1.85
157015.67859977737	1850	47.5630320812923	0.0	891604	4310.1858388341425	1.85
157022.3039412976	1850	44.93769056105642	0.0	955231	6625.34152023588	1.85
157027.4408994603	1850	43.80073239836542	0.0	968026	5136.958162691	1.85
157032.096028827	1850	43.14560303166038	0.0	874175	4655.1293667050395	1.85
157037.20910547653	1850	42.03252638213285	0.0	897976	5113.076649527532	1.85
157046.5091502768	1850	36.73248158184628	0.0	905935	9300.044800286567	1.85
157060.17177848855	1850	27.06985337011678	0.0	1076599	13662.628211729501	1.85
157063.84094484916	1200	27.400687009497595	0.0	487160	3669.1663606191814	0.5499999999999999
157068.76611126628	1200	26.47552059236986	0.0	622896	4925.166417127737	1.2
157075.31370711664	1200	23.92792474202545	0.0	641447	6547.595850344409	1.2
157080.90565271754	1200	22.33597914112658	0.0	570392	5591.945600898871	1.2
157084.9617554795	1200	22.279876379132208	0.0	620283	4056.102761994371	1.2
157087.90546871646	750	23.336163142159577	0.0	369834	2943.713236972633	0.3
157090.52565363396	750	24.715978224691536	0.0	412837	2620.184917468041	0.75
157093.27580222004	750	25.965829638596734	0.0	401088	2750.1485860948032	0.75
157095.70064114995	750	27.54099070870554	0.0	365161	2424.8389298911934	0.75
157098.00444414557	750	29.237187713073972	0.0	321064	2303.802995631569	0.75
157100.5673954328	750	30.674236425819696	0.0	361565	2562.951287254273	0.75
157102.80403116264	750	32.437600695969245	0.0	378327	2236.6357298504527	0.75
157105.50270383543	750	33.73892802319684	0.0	390680	2698.672672772404	0.75
157107.7146619727	750	35.52696988591512	0.0	345516	2211.9581372817192	0.75
157110.14162866576	750	37.100003192839594	0.0	384505	2426.96669307553	0.75
157112.38403397563	750	38.8575978829831	0.0	372093	2242.4053098564923	0.75
157116.0553683267	1200	39.186263531933434	0.0	634861	3671.3343510496647	0.75
157120.1573718361	1200	39.084260022542004	0.0	630203	4102.003509391431	1.2
157126.29051487817	1850	36.9511169804626	0.0	982064	6133.143042079398	1.2000000000000002
157130.49759233696	1850	36.744039521686666	0.0	830730	4207.077458775938	1.85
157136.54233246399	2850	34.69929939466103	0.0	1364537	6044.740127025637	1.85
157139.2735021544	750	35.968129704255986	0.0	450283	2731.169690405044	0.75
157142.57263673516	1200	36.66899512345304	0.0	611087	3299.134580802952	0.75
157145.67127923135	1200	37.57035262727781	0.0	571051	3098.642496175229	1.2
157149.3019110319	1200	37.939720826740796	0.0	617681	3630.6318005370085	1.2
157153.9298955797	1200	37.3117362789025	0.0	652874	4627.984547838299	1.2
157157.1349579906	1200	38.10667386799276	0.0	520315	3205.0624109097434	1.2
157160.42845178943	1200	38.81318006917137	0.0	561791	3293.4937988213856	1.2
157165.15902780957	1200	38.08260404906419	0.0	709534	4730.57602010718	1.2
157168.71282428337	1200	38.528807575249694	0.0	584846	3553.796473814494	1.2
157171.99713100833	1200	39.24450085029717	0.0	560821	3284.306724952526	1.2
157175.4146286483	1200	39.827003210351194	0.0	607410	3417.497639945978	1.2
157178.3301177167	1200	40.911514141939506	0.0	594078	2915.4890684116845	1.2
157180.9685762074	1200	42.2730556512416	0.0	624282	2638.458490697908	1.2
157184.6613266998	1200	42.580305158861655	0.0	687371	3692.7504923799443	1.2
157187.9409989068	1200	43.30063295184918	0.0	526950	3279.672207012478	1.2
157191.31255148895	1200	43.92908036968668	0.0	587876	3371.552582162504	1.2
157194.53583746494	1200	44.705794393730585	0.0	617242	3223.285975956098	1.2
157198.19086032338	1200	45.05077153528654	0.0	581493	3655.022858444044	1.2
157202.02241551958	1200	45.21921633910505	0.0	639204	3831.5551961814845	1.2
157205.39081664218	1200	45.8508152164945	0.0	586839	3368.4011226105513	1.2
157208.6437907555	1200	46.59784110315305	0.0	601738	3252.974113341458	1.2
157211.410064008	1200	47.8315678506775	0.0	616206	2766.273252475545	1.2
157214.56899513415	1200	48.67263672452337	0.0	656471	3158.9311261541316	1.2
157217.14931859876	1200	50.092313259878566	0.0	536667	2580.323464644802	1.2
157222.0082570375	1850	49.23337482117053	0.0	897976	4858.938438708037	1.2000000000000002
157227.12538000502	1850	48.11625185363773	0.0	905935	5117.122967532807	1.85
157234.29549808218	1850	44.9461337764918	0.0	1076599	7170.118077145927	1.85
157237.81147813637	1850	45.430153722324114	0.0	758197	3515.9800541676836	1.85
157244.69075385944	1850	42.550877999242005	0.0	972798	6879.275723082112	1.85
157249.24957247288	1200	41.9920593858084	0.0	641447	4558.818613433598	0.5499999999999999
157257.2360145261	1200	38.00561733259006	0.0	570392	7986.442053218346	1.2
157267.47635619302	1200	31.76527566569334	0.0	620283	10240.341666896717	1.2

