147028.8944392588	750	4.0	3.894172653669693	450283	3894.172653669693	-15.994942410779679
147033.25295721286	750	4.0	0.35851795407135706	398865	4358.517954071357	-0.7916272025068354
147036.47321929375	750	4.779737919129931	0.0	350812	3220.2620808700685	0.75
147039.5335007578	750	5.719456455095266	0.0	382355	3060.2814640346664	0.75
147042.4890691096	750	6.7638881032608005	0.0	411561	2955.568351834465	0.75
147044.96413486477	750	8.288822348092065	0.0	318564	2475.0657551687354	0.75
147047.38607542485	750	9.866881788027541	0.0	352642	2421.940560064522	0.75
147052.4418960251	1200	8.8110611877823	0.0	709534	5055.820600245241	0.75
147056.95550974342	1200	8.297447469460115	0.0	584846	4513.613718322186	1.2
147061.09654346076	1200	8.156413752111186	0.0	560821	4141.033717348929	1.2
147065.11583349266	1200	8.137123720204723	0.0	607410	4019.290031906464	1.2
147068.95623768115	1200	8.296719531722532	0.0	594078	3840.4041884821904	1.2
147073.40224086132	1200	7.850716351558311	0.0	624282	4446.003180164222	1.2
147079.39913191384	1200	5.853825299049759	0.0	687371	5996.891052508552	1.2
147084.0462290852	1200	5.20672812770657	0.0	526950	4647.097171343189	1.2
147089.25502059938	1200	4.0	0.0020633864933906807	587876	5208.79151419996	1.19112743807842
147093.07671661925	750	4.178303980117845	0.0	360831	3821.6960198821544	0.3
147098.2194736415	750	4.0	0.9644530421423114	372963	5142.757022260157	-3.397148081211939
147101.89031387406	750	4.32915976744518	0.0	405596	3670.8402325548195	0.75
147104.7870536329	750	5.432420008637873	0.0	350713	2896.739758807307	0.75
147108.0886248803	750	6.130848761197715	0.0	386472	3301.571247440158	0.75
147111.43519852482	750	6.78427511668077	0.0	399894	3346.573644516945	0.75
147114.50234963113	750	7.717124010378007	0.0	401853	3067.1511063027633	0.75
147117.45343811644	750	8.766035525084572	0.0	343800	2951.0884852934364	0.75
147120.4463509852	750	9.773122656308066	0.0	359903	2992.912868776504	0.75
147125.0744441166	1200	9.145029524927246	0.0	590335	4628.0931313808205	0.75
147130.02348971053	1200	8.195983930982955	0.0	696376	4949.045593944291	1.2
147134.00684235813	1200	8.212631283408303	0.0	487160	3983.3526475746503	1.2
147140.05798907287	1200	6.1614845686679685	0.0	622896	6051.1467147403355	1.2
147144.74224123143	1200	5.477232410099876	0.0	641447	4684.252158568092	1.2
147148.77672757045	1200	5.44274607110925	0.0	570392	4034.4863389906254	1.2
147154.32800821422	1200	4.0	0.10853457264909776	620283	5551.280643758348	0.7333013376088796
147157.827088871	750	4.50091934319607	0.0	369834	3499.0806568039297	0.3
147161.61905378132	750	4.708954432859694	0.0	412837	3791.9649103363763	0.75
147166.01236729417	750	4.315640920024762	0.0	401088	4393.313512834931	0.75
147169.45924250665	750	4.8687657075482855	0.0	365161	3446.875212476477	0.75
147172.60079325837	750	5.727214955838185	0.0	321064	3141.550751710102	0.75
147176.1537464113	750	6.174261802914462	0.0	361565	3552.9531529237233	0.75
147179.8651262384	750	6.462881975805536	0.0	378327	3711.379827108926	0.75
147183.3435800483	750	6.984428165917427	0.0	390680	3478.453809888109	0.75
147186.59880870438	750	7.729199509838216	0.0	345516	3255.2286560792113	0.75
147189.75385667183	750	8.574151542388943	0.0	384505	3155.0479674492726	0.75
147192.98037807003	750	9.347630144192426	0.0	372093	3226.5213981965176	0.75
147198.45258673222	1200	7.875421482015326	0.0	634861	5472.2086621771	0.75
147203.8142989593	1200	6.513709254907249	0.0	630203	5361.712227108077	1.2
147210.73487460418	1200	4.0	0.40686638998535635	638661	6920.575644892605	-0.5495254769370324
147216.67045475554	750	4.0	1.9355801513624047	331053	5935.580151362405	-8.022994650858339
147221.76750350933	750	4.0	1.097048753765378	314107	5097.048753765378	-3.9673096411911253
147225.79292276606	750	4.0	0.0254192567542068	450283	4025.419256754207	0.6406971959569108
147227.0169183987	300	6.7760043673414625	0.0	155580	1223.9956326585375	-0.15000000000000002
147228.18010120397	300	9.612821562081088	0.0	139857	1163.1828052603748	0.3
147231.43775757926	750	10.3551651867862	0.0	382355	3257.6563752948873	0.3
147234.6181150447	750	11.174807721384798	0.0	411561	3180.357465401401	0.75
147238.7949711736	1200	10.997951592444737	0.0	520315	4176.856128940061	0.75
147243.63210219308	1200	10.160820572961153	0.0	561791	4837.131019483584	1.2
147252.94885200664	1200	4.844070759409149	0.0	709534	9316.749813552004	1.2
147259.3268766454	750	4.0	1.5339538793722995	374758	6378.024638781449	-6.296001681300888
147264.6765572729	750	4.0	1.3496806274979427	362795	5349.680627497943	-5.053626698241153
147266.12997037885	300	6.546586894074144	0.0	141840	1453.4131059258564	-0.15000000000000002
147268.1156826929	300	8.560874580016618	0.0	156148	1985.7123140575256	0.3
147270.91956768712	300	9.756989585810102	0.0	160746	2803.884994206518	0.3
147272.91634092503	300	11.76021634788843	0.0	179801	1996.7732379216704	0.3
147276.2850124745	750	12.391544798453852	0.0	337059	3368.671549434579	0.3
147279.73186200237	750	12.944695270555528	0.0	366214	3446.849527898325	0.75
147284.71067446808	750	11.965882804852557	0.0	360831	4978.81246570297	0.75
147293.96190408285	750	6.714653190068296	0.0	372963	9251.22961478426	0.75
147301.15207043313	750	4.0	0.4755131602058427	405596	7190.166350274139	-1.2947065888851235
147303.03740944288	300	6.114660990276148	0.0	140881	1885.3390097238512	-0.15000000000000002
147305.42799641663	300	7.72407401652774	0.0	157671	2390.5869737484086	0.3
147309.4322913167	300	7.719779116441419	0.0	157812	4004.2949000863214	0.3
147314.04575683814	300	7.106313595011256	0.0	163927	4613.465521430163	0.3
147317.44376425142	300	7.708306181756625	0.0	137654	3398.0074132546315	0.3
147321.19054890788	300	7.9615215252796805	0.0	146754	3746.7846564769443	0.3
147327.612479384	300	5.539591049164025	0.0	153938	6421.930476115656	0.3
147333.37170184136	300	4.0	0.2196314081817045	181901	5759.222457345729	-0.6444150551813295
147337.52376117554	300	4.0	0.15205933419648499	111155	4152.059334196485	-0.3538551370448854
147345.25835811914	300	4.0	3.734596943591625	153605	7734.596943591625	-15.758766857443987
147349.28068696187	300	4.0	0.022328842733385954	149029	4022.328842733386	0.20398597624644038
147356.2972735779	300	4.0	3.0165866160287176	157421	7016.586616028718	-12.671322448923485
147360.9811200687	300	4.0	0.6838464908032547	157488	4683.846490803255	-2.6405399104539953
147366.0117854025	300	4.0	1.030665333784811	143881	5030.665333784811	-4.131860935274688
147370.84402758983	300	4.0	0.8322421873617486	163444	4832.242187361749	-3.278641405655519
147376.78941169428	300	4.0	1.9453841044489546	179328	5945.3841044489545	-8.065151649130504
147382.21492714217	300	4.0	1.4255154478898393	159914	5425.515447889839	-5.829716425926309
147387.2077189502	300	4.0	0.9927918080519367	131610	4992.791808051937	-3.969004774623328
147390.0669604865	300	5.140758463713865	0.0	124011	2859.241536286136	0.3
147394.55060002528	300	4.657118924936254	0.0	144254	4483.63953877761	0.3
147398.36443940157	300	4.843279548633416	0.0	149991	3813.8393763028384	0.3
147401.8597091127	300	5.348009837509977	0.0	147968	3495.269711123439	0.3
147404.64258196845	300	6.565136981762497	0.0	161857	2782.8728557474797	0.3
147409.16271956498	300	6.0449993852453785	0.0	145210	4520.137596517119	0.3
147415.70171672208	300	4.0	0.49399777184010235	172312	6538.9971570854805	-1.8241904189124398
147422.35244879243	300	4.0	2.650732070344131	167025	6650.732070344131	-11.098147902479763
147428.57853359336	300	4.0	2.2260848009292804	160064	6226.08480092928	-9.272164643995904
147433.05394505677	300	4.0	0.4754114633952986	137507	4475.411463395299	-1.7442692925997838
147435.9159386197	300	5.1380064370749245	0.0	118421	2861.9935629250754	0.3
147444.51590964172	750	4.0	3.4619645849242606	450283	8599.971021999185	-14.13644771517432
147446.95602434728	300	5.55988529444991	0.0	155580	2440.114705550089	-0.15000000000000002
147448.7662846729	300	7.749624968836187	0.0	139857	1810.2603256137238	0.3
147450.8356585553	300	9.680251086428783	0.0	155432	2069.3738824074044	0.3
147452.65992838063	300	11.8559812610917	0.0	163442	1824.269825337084	0.3
147455.98695408486	750	12.528955556849178	0.0	318564	3327.025704242521	0.3
147459.57666395023	750	12.939245691480208	0.0	352642	3589.70986536897	0.75
147463.5985478638	750	12.917361777896636	0.0	437162	4021.883913583571	0.75
147468.04553839937	750	12.470371242326037	0.0	374758	4446.990535570599	0.75
147472.17271424443	750	12.343195397257421	0.0	362795	4127.175845068616	0.75
147477.2615387025	750	11.254370939183755	0.0	353220	5088.8244580736655	0.75
147481.63381934547	750	10.882090296203845	0.0	405134	4372.280642979908	0.75
147485.59113041815	750	10.924779223537138	0.0	386351	3957.3110726667082	0.75
147490.3222755522	750	10.193634089488944	0.0	434409	4731.145134048195	0.75
147495.47367141375	750	9.042238227946985	0.0	337059	5151.395861541957	0.75
147499.2446180913	750	9.271291550417487	0.0	366214	3770.946677529499	0.75
147501.5193992141	750	10.996510427616007	0.0	360831	2274.78112280148	0.75
147504.2485678415	750	12.267341800200118	0.0	372963	2729.1686274158897	0.75
147507.25492581262	750	13.260983829070264	0.0	405596	3006.3579711298535	0.75
147511.03416694206	1200	13.481742699630205	0.0	586839	3779.24112944006	0.75
147515.43608006558	1200	13.079829576125922	0.0	601738	4401.913123504284	1.2
147519.20281599238	1200	13.313093649331583	0.0	616206	3766.7359267943384	1.2
147523.562980274	1200	12.952929367739092	0.0	656471	4360.164281592489	1.2
147529.7543100943	1850	10.761599547435369	0.0	874175	6191.329820303725	1.2000000000000002
147534.94581107667	1850	9.570098565063674	0.0	897976	5191.500982371694	1.85
147540.29884723152	1850	8.217062410239672	0.0	905935	5353.036154824001	1.85
147547.3265965086	1850	5.18931313316099	0.0	1076599	7027.749277078682	1.85
147550.35899626033	1200	6.156913381452085	0.0	487160	3032.3997517089047	0.5499999999999999
147555.38330257876	1200	5.132607063034695	0.0	622896	5024.306318417391	1.2
147560.0691653824	1200	4.446744259393949	0.0	641447	4685.862803640746	1.2
147566.64035994763	1200	4.0	2.124450305841946	570392	6571.1945652358945	-7.935136315120366
147571.3224849848	750	4.0	0.682125037151789	400322	4682.125037151789	-2.6331376597526925
147573.53351619374	750	5.788968791050889	0.0	369834	2211.0312089491104	0.75
147575.82337982624	750	7.499105158549975	0.0	412837	2289.8636325009143	0.75
147578.2395274735	750	9.082957511304224	0.0	401088	2416.1476472457502	0.75
147581.39148431455	1200	9.93100067022972	0.0	598727	3151.9568410745046	0.75
147585.0893871064	1200	10.233097878406031	0.0	487812	3697.9027918236875	1.2
147595.02901436886	1200	4.293470615936664	0.0	575591	9939.627262469368	1.2
147601.95637895828	750	4.0	2.6338939734846836	378327	6927.364589421347	-11.025744085984138
147606.78874550745	750	4.0	0.8323665491558777	390680	4832.366549155878	-2.829176161370274
147607.84370231628	300	6.94504319117215	0.0	147968	1054.9568088278497	-0.15000000000000002
147609.18535884738	300	9.603386660086082	0.0	161857	1341.656531086067	0.3
147614.4791417389	750	8.30960376858895	0.0	372093	5293.7828914971315	0.3
147620.5062663392	750	6.282479168287026	0.0	438281	6027.124600301924	0.75
147622.83972275432	750	7.949022753133889	0.0	398987	2333.4564151531367	0.75
147626.65721994842	1200	8.131525559039117	0.0	638661	3817.4971940947707	0.75
147631.64113935851	1200	7.147606148943206	0.0	538612	4983.919410095912	1.2
147640.0436135115	1850	4.0	1.2548680040213849	846370	8402.47415296459	-4.195932417291955
147642.7400761272	750	5.303537384265972	0.0	450283	2696.4626157340276	0.75
147644.7232705669	750	7.3203429445671215	0.0	398865	1983.1944396988504	0.75
147648.4668912119	1200	7.576722299591905	0.0	571051	3743.6206449752162	0.75
147652.5767238504	1200	7.4668896610915985	0.0	617681	4109.832638500307	1.2
147656.55002337735	1200	7.4935901341237825	0.0	652874	3973.2995269678154	1.2
147660.0258995662	1200	8.017713945300228	0.0	520315	3475.8761888235554	1.2
147663.75586556512	1200	8.287747946341737	0.0	561791	3729.96599895849	1.2
147668.37521355395	1200	7.668399957497069	0.0	709534	4619.347988844667	1.2
147672.05538358557	1200	7.988229925892428	0.0	584846	3680.1700316046417	1.2
147675.7883121031	1200	8.255301408377068	0.0	560821	3732.9285175153586	1.2
147679.4179784886	1200	8.625635022877104	0.0	607410	3629.6663854999647	1.2
147682.83838153814	1200	9.205231973332674	0.0	594078	3420.403049544429	1.2
147686.06756334376	1200	9.976050167728951	0.0	624282	3229.1818056037223	1.2
147690.33558860628	1200	9.708024905237172	0.0	687371	4268.025262491779	1.2
147693.61716142792	1200	10.426452083594345	0.0	526950	3281.5728216428274	1.2
147696.5790508053	1200	11.464562706197482	0.0	587876	2961.8893773968643	1.2
147702.42866253696	1850	9.614950974535336	0.0	966699	5849.611731662144	1.2000000000000002
147707.51710785704	1850	8.526505654428648	0.0	885714	5088.445320106689	1.85
147717.03387926615	1850	4.0	0.9902657546599476	987708	9516.771409088597	-2.408142745037775
147721.0924084324	1200	4.0	0.058529166239187365	586839	4058.5291662391874	0.2983245851714943
147724.0064613201	750	5.085947112288566	0.0	386472	2914.0528877114334	0.3
147727.10636436625	750	5.986044066140128	0.0	399894	3099.9030461484376	0.75
147731.05378856408	750	6.038619868323627	0.0	401853	3947.4241978165005	0.75
147734.691870065	750	6.4005383674164715	0.0	343800	3638.0815009071557	0.75
147739.83139618006	750	5.261012252341912	0.0	359903	5139.526115074559	0.75
147743.1674752025	750	5.924933229905458	0.0	379700	3336.0790224364546	0.75
147746.34800101226	750	6.744407420141099	0.0	425781	3180.5258097643587	0.75
147748.6392574232	750	8.453151009216134	0.0	277716	2291.2564109249647	0.75
147752.44738656955	750	8.645021862842373	0.0	400396	3808.1291463737593	0.75
147756.6798136448	750	8.412594787608622	0.0	400508	4232.427075233751	0.75
147759.63920755827	750	9.45320087411844	0.0	358218	2959.393913490183	0.75
147763.00582626575	750	10.086582166636093	0.0	400322	3366.6187074823474	0.75
147767.3529802956	750	9.739428136802282	0.0	369834	4347.154029833811	0.75
147776.74341524593	750	4.348993186477783	0.0	412837	9390.4349503245	0.75
147782.96123424932	300	4.0	1.8688258169276168	179328	6217.8190034054	-8.185951012788752
147786.84336688518	300	4.117867364126305	0.0	159914	3882.132635873695	0.3
147790.2114921888	300	4.749742060496932	0.0	131610	3368.125303629373	0.3
147792.1710382594	300	6.790195989881902	0.0	124011	1959.5460706150302	0.3
147794.3684910554	300	8.592743193898594	0.0	144254	2197.4527959833085	0.3
147797.4003454273	300	9.56088882199715	0.0	149991	3031.854371901443	0.3
147799.2302286813	300	11.731005567999702	0.0	147968	1829.8832539974471	0.3
147800.7965614672	300	14.164672782101428	0.0	161857	1566.332785898274	0.3
147802.42767061904	300	16.533563630271377	0.0	145210	1631.1091518300507	0.3
147806.12913981875	750	16.832094430565483	0.0	438281	3701.4691997058912	0.3
147810.57035628604	1200	16.390877963278975	0.0	630203	4441.216467286513	0.75
147816.48547513774	1850	14.475759111592705	0.0	982064	5915.118851686269	1.2000000000000002
147821.20722946696	1850	13.754004782370751	0.0	830730	4721.7543292219525	1.85
147828.56039654213	2850	10.400837707215782	0.0	1364537	7353.167075154969	1.85
147831.62455743295	750	11.336676816402116	0.0	450283	3064.1608908136654	0.75
147836.59263332252	1200	10.368600926832572	0.0	611087	4968.075889569543	0.75
147841.81593179138	1200	9.145302457949864	0.0	571051	5223.298468882709	1.2
147847.0750718125	1200	7.886162436858906	0.0	617681	5259.140021090957	1.2
147852.6877951216	1200	6.273439127714569	0.0	652874	5612.723309144337	1.2
147857.2452034852	1200	5.7160307641468036	0.0	520315	4557.408363567766	1.2
147860.28890313057	750	6.672331118773432	0.0	352642	3043.699645373372	0.3
147865.2284439564	750	5.732790292933047	0.0	437162	4939.540825840384	0.75
147867.1837388469	750	7.777495402396898	0.0	374758	1955.294890536149	0.75
147868.9614185889	750	9.999815660432436	0.0	362795	1777.6797419644633	0.75
147871.97331144	1200	10.987922809338867	0.0	607410	3011.892851093569	0.75
147875.10742673438	1200	11.853807514940184	0.0	594078	3134.115294398681	1.2
147879.21805566017	1200	11.743178589173858	0.0	624282	4110.628925766327	1.2
147887.02228061174	1850	7.938953637598703	0.0	1036454	7804.224951575155	1.2000000000000002
147893.07726163647	1850	5.883972612847815	0.0	821631	6054.9810247508885	1.85
147896.78973832846	1200	6.171495920871029	0.0	587876	3712.476691976785	0.5499999999999999
147900.78317330452	1200	6.178060944805536	0.0	617242	3993.4349760654936	1.2
147905.07519681987	1200	5.886037429450317	0.0	581493	4292.023515355219	1.2
147909.38488409552	1200	5.576350153799331	0.0	639204	4309.687275650986	1.2
147913.79652610654	1200	5.1647081427716515	0.0	586839	4411.64201102768	1.2
147917.23200215786	1200	5.729232091434753	0.0	601738	3435.476051336898	1.2
147921.518051479	1200	5.443182770304767	0.0	616206	4286.049321129986	1.2
147927.12472341285	1200	4.0	0.1634891635284057	656471	5606.671933833172	0.49699659682785546
147930.26329409395	750	4.861429318905646	0.0	343800	3138.570681094354	0.3
147934.02482933874	750	5.099894074125566	0.0	359903	3761.535244780079	0.75
147937.7539806924	750	5.370742720455915	0.0	379700	3729.1513536696516	0.75
147942.20580128115	750	4.918922131691677	0.0	425781	4451.820588764238	0.75
147944.25412684007	750	6.870596572798328	0.0	277716	2048.32555889335	0.75
147946.64215659673	750	8.482566816127518	0.0	400396	2388.0297566708095	0.75
147949.80610848963	750	9.31861492322231	0.0	400508	3163.9518929052083	0.75
147956.30304306556	750	6.8216803472747225	0.0	358218	6496.934575947586	0.75
147960.9231459563	750	6.2015774565384785	0.0	400322	4620.102890736244	0.75
147965.0547616459	750	6.0699617669239325	0.0	369834	4131.615689614546	0.75
147969.18071137022	750	5.9440120426151655	0.0	412837	4125.949724308767	0.75
147972.8510599203	750	6.273663492531426	0.0	401088	3670.348550083739	0.75
147976.85999794817	750	6.264725464668293	0.0	365161	4008.938027863134	0.75
147980.4702718104	750	6.654451602456133	0.0	321064	3610.2738622121597	0.75
147986.050858478	750	5.07386493483217	0.0	361565	5580.586667623962	0.75
147988.78592623214	750	6.338797180708117	0.0	378327	2735.0677541240525	0.75
147991.1740135652	750	7.950709847634749	0.0	390680	2388.0873330733684	0.75
147998.42306951093	750	4.701653901901885	0.0	345516	7249.0559457328645	0.75
148004.38275599433	750	4.0	1.2580325814759772	384505	5959.686483377862	-4.659540100346701
148007.71563329376	300	4.667122700584637	0.0	145210	3332.8772994153624	-0.15000000000000002
148011.69503065172	300	4.687725342614395	0.0	172312	3979.3973579702424	0.3
148013.6440110123	300	6.738744982023113	0.0	167025	1948.9803605912823	0.3
148015.098376874	300	9.284379120325687	0.0	160064	1454.3658616974276	0.3
148017.88017282906	750	10.502583165259228	0.0	331053	2781.795955066459	0.3
148024.19838560675	1850	8.184370387564888	0.0	846370	6318.21277769434	0.75
148027.61837879283	750	8.764377201515911	0.0	450283	3419.993186048976	0.75
148030.4642576838	750	9.918498310512682	0.0	398865	2845.8788910032313	0.75
148035.24514267588	1200	9.137613318444927	0.0	571051	4780.884992067752	0.75
148040.09565500545	1200	8.287100988880288	0.0	617681	4850.512329564639	1.2
148043.7063022017	1200	8.676453792632397	0.0	652874	3610.6471962478927	1.2
148046.84876235825	1200	9.533993636086443	0.0	520315	3142.4601565459548	1.2
148049.79491266535	1200	10.587843328963295	0.0	561791	2946.150307123148	1.2
148053.48968603084	1200	10.893069963484583	0.0	709534	3694.7733654787125	1.2
148057.1040151983	1200	11.278740796039314	0.0	584846	3614.3291674452703	1.2
148062.83443970018	1850	9.548316294137702	0.0	913888	5730.424501901611	1.2000000000000002
148067.89916418746	1850	8.483591806856563	0.0	939819	5064.724487281141	1.85
148072.82586378197	1850	7.556892212350149	0.0	917428	4926.699594506413	1.85
148082.45564403877	1850	4.0	2.0728880444563775	946851	9629.780256806527	-7.0634185911624225
148092.45886064522	1200	4.0	6.003216606434998	687371	10003.216606434999	-25.26383140767049
148095.86170170378	750	4.597158941412285	0.0	337059	3402.8410585877145	0.3
148101.58038384086	750	4.0	1.1215231956604321	366214	5718.6821370727175	-4.072549741339858
148103.3104396844	300	6.26994415646708	0.0	143509	1730.0558435329208	-0.15000000000000002
148105.3008529242	300	8.27953091665162	0.0	150616	1990.4132398154609	0.3
148107.56952368096	300	10.010860159900115	0.0	165384	2268.670756751505	0.3
148111.24508354437	750	10.33530029649055	0.0	350713	3675.5598634095663	0.3
148115.40279820698	750	10.177585633877126	0.0	386472	4157.714662613424	0.75
148119.43304890426	750	10.147334936589164	0.0	399894	4030.2506972879614	0.75
148123.72898690347	750	9.851396937399086	0.0	401853	4295.937999190079	0.75
148126.6438258368	750	10.93655800405357	0.0	343800	2914.838933345516	0.75
148131.6382551795	750	9.942128661337541	0.0	359903	4994.429342716029	0.75
148135.81996685793	750	9.760416982933716	0.0	379700	4181.711678403825	0.75
148142.34119707864	750	7.23918676221688	0.0	425781	6521.230220716835	0.75
148145.7320754296	750	7.848308411241082	0.0	277716	3390.8783509757977	0.75
148151.12677802733	750	6.453605813540327	0.0	400396	5394.702597700755	0.75
148154.95933260597	750	6.621051234921324	0.0	400508	3832.554578619003	0.75
148158.53206771813	750	7.048316122772856	0.0	358218	3572.7351121484676	0.75
148162.2416417148	750	7.338742126097863	0.0	400322	3709.573996674993	0.75
148165.8468722243	750	7.73351161658276	0.0	369834	3605.2305095151023	0.75
148169.93408701709	750	7.646296823803909	0.0	412837	4087.214792778851	0.75
148174.2138678555	750	7.366515985391442	0.0	401088	4279.780838412467	0.75
148177.72979674028	750	7.85058710058975	0.0	365161	3515.9288848016927	0.75
148182.50637297897	750	7.074010861913196	0.0	321064	4776.576238676554	0.75
148185.87086837506	750	7.709515465801391	0.0	361565	3364.495396111805	0.75
148189.1995113446	750	8.380872496239347	0.0	378327	3328.642969562045	0.75
148192.2549710366	750	9.325412804235558	0.0	390680	3055.459692003787	0.75
148195.16818593277	750	10.412197908083275	0.0	345516	2913.2148961522835	0.75
148198.46287701867	750	11.117506822167678	0.0	384505	3294.6910859155955	0.75
148203.72045045093	1200	9.859933389892674	0.0	599477	5257.573432275004	0.75
148209.28648896166	1200	8.293894879165615	0.0	634861	5566.038510727059	1.2
148215.37870948232	1200	6.201674358529722	0.0	630203	6092.220520635893	1.2
148221.62760906984	1200	4.0	0.047225228993304884	638661	6248.899587523027	0.996931515328789
148224.35385819376	750	5.273750876071494	0.0	331053	2726.2491239285055	0.3
148228.7736594863	1200	4.853949583544028	0.0	550906	4419.801292527466	0.75
148233.85674902244	750	4.0	0.22913995260026604	450283	5083.0895361442945	-0.23530179618114389
148236.70256378932	750	5.154185233078507	0.0	398865	2845.814766921493	0.75
148238.67299329262	750	7.183755729800549	0.0	350812	1970.4295032779576	0.75
148241.04433149187	750	8.812417530585249	0.0	382355	2371.338199215302	0.75
148245.19747005345	1200	8.65927896900475	0.0	652874	4153.1385615804975	0.75
148248.6032584327	1200	9.253490589731483	0.0	520315	3405.7883792732678	1.2
148252.93934576423	1200	8.91740325823643	0.0	561791	4336.087331495053	1.2
148259.16148995873	1200	6.695259063714806	0.0	709534	6222.144194521623	1.2
148263.5231143657	1200	6.3336346567587745	0.0	584846	4361.624406956032	1.2
148268.09492705154	1200	5.761821970901372	0.0	560821	4571.812685857402	1.2
148276.22549014294	1200	4.0	2.3687411205105127	607410	8130.563091411885	-8.985586818195205
148283.59070543118	750	4.0	3.3652152882548125	405134	7365.215288254813	-14.170425739495693

